Finished importing molecules
WARNING: LAPACK DSYEV() RETURNED NON-ZERO ERROR CODE 3
WARNING: LAPACK DSYEV() RETURNED NON-ZERO ERROR CODE 3
WARNING: LAPACK DSYEV() RETURNED NON-ZERO ERROR CODE 2
WARNING: LAPACK DSYEV() RETURNED NON-ZERO ERROR CODE 3
WARNING: LAPACK DSYEV() RETURNED NON-ZERO ERROR CODE 3
WARNING: LAPACK DSYEV() RETURNED NON-ZERO ERROR CODE 3
WARNING: LAPACK DSYEV() RETURNED NON-ZERO ERROR CODE 3
WARNING: LAPACK DSYEV() RETURNED NON-ZERO ERROR CODE 3
WARNING: LAPACK DSYEV() RETURNED NON-ZERO ERROR CODE 3
WARNING: LAPACK DSYEV() RETURNED NON-ZERO ERROR CODE 3
WARNING: LAPACK DSYEV() RETURNED NON-ZERO ERROR CODE 3
WARNING: LAPACK DSYEV() RETURNED NON-ZERO ERROR CODE 3
WARNING: LAPACK DSYEV() RETURNED NON-ZERO ERROR CODE 3
WARNING: LAPACK DSYEV() RETURNED NON-ZERO ERROR CODE 2
WARNING: LAPACK DSYEV() RETURNED NON-ZERO ERROR CODE 3
WARNING: LAPACK DSYEV() RETURNED NON-ZERO ERROR CODE 2
WARNING: LAPACK DSYEV() RETURNED NON-ZERO ERROR CODE 2
WARNING: LAPACK DSYEV() RETURNED NON-ZERO ERROR CODE 2
WARNING: LAPACK DSYEV() RETURNED NON-ZERO ERROR CODE 2
WARNING: LAPACK DSYEV() RETURNED NON-ZERO ERROR CODE 3
WARNING: LAPACK DSYEV() RETURNED NON-ZERO ERROR CODE 3
WARNING: LAPACK DSYEV() RETURNED NON-ZERO ERROR CODE 2
WARNING: LAPACK DSYEV() RETURNED NON-ZERO ERROR CODE 3
WARNING: LAPACK DSYEV() RETURNED NON-ZERO ERROR CODE 2
WARNING: LAPACK DSYEV() RETURNED NON-ZERO ERROR CODE 2
WARNING: LAPACK DSYEV() RETURNED NON-ZERO ERROR CODE 3
WARNING: LAPACK DSYEV() RETURNED NON-ZERO ERROR CODE 3
WARNING: LAPACK DSYEV() RETURNED NON-ZERO ERROR CODE 2
WARNING: LAPACK DSYEV() RETURNED NON-ZERO ERROR CODE 2
WARNING: LAPACK DSYEV() RETURNED NON-ZERO ERROR CODE 3
WARNING: LAPACK DSYEV() RETURNED NON-ZERO ERROR CODE 3
WARNING: LAPACK DSYEV() RETURNED NON-ZERO ERROR CODE 3
WARNING: LAPACK DSYEV() RETURNED NON-ZERO ERROR CODE 3
WARNING: LAPACK DSYEV() RETURNED NON-ZERO ERROR CODE 3
WARNING: LAPACK DSYEV() RETURNED NON-ZERO ERROR CODE 3
WARNING: LAPACK DSYEV() RETURNED NON-ZERO ERROR CODE 3
WARNING: LAPACK DSYEV() RETURNED NON-ZERO ERROR CODE 3
WARNING: LAPACK DSYEV() RETURNED NON-ZERO ERROR CODE 3
WARNING: LAPACK DSYEV() RETURNED NON-ZERO ERROR CODE 3
WARNING: LAPACK DSYEV() RETURNED NON-ZERO ERROR CODE 3
WARNING: LAPACK DSYEV() RETURNED NON-ZERO ERROR CODE 3
WARNING: LAPACK DSYEV() RETURNED NON-ZERO ERROR CODE 3
WARNING: LAPACK DSYEV() RETURNED NON-ZERO ERROR CODE 3
WARNING: LAPACK DSYEV() RETURNED NON-ZERO ERROR CODE 2
WARNING: LAPACK DSYEV() RETURNED NON-ZERO ERROR CODE 3
WARNING: LAPACK DSYEV() RETURNED NON-ZERO ERROR CODE 3
WARNING: LAPACK DSYEV() RETURNED NON-ZERO ERROR CODE 3
WARNING: LAPACK DSYEV() RETURNED NON-ZERO ERROR CODE 3
WARNING: LAPACK DSYEV() RETURNED NON-ZERO ERROR CODE 3
WARNING: LAPACK DSYEV() RETURNED NON-ZERO ERROR CODE 3
WARNING: LAPACK DSYEV() RETURNED NON-ZERO ERROR CODE 2
WARNING: LAPACK DSYEV() RETURNED NON-ZERO ERROR CODE 3
WARNING: LAPACK DSYEV() RETURNED NON-ZERO ERROR CODE 3
WARNING: LAPACK DSYEV() RETURNED NON-ZERO ERROR CODE 2
WARNING: LAPACK DSYEV() RETURNED NON-ZERO ERROR CODE 3
WARNING: LAPACK DSYEV() RETURNED NON-ZERO ERROR CODE 2
WARNING: LAPACK DSYEV() RETURNED NON-ZERO ERROR CODE 2
WARNING: LAPACK DSYEV() RETURNED NON-ZERO ERROR CODE 3
WARNING: LAPACK DSYEV() RETURNED NON-ZERO ERROR CODE 3
WARNING: LAPACK DSYEV() RETURNED NON-ZERO ERROR CODE 3
WARNING: LAPACK DSYEV() RETURNED NON-ZERO ERROR CODE 2
WARNING: LAPACK DSYEV() RETURNED NON-ZERO ERROR CODE 3
WARNING: LAPACK DSYEV() RETURNED NON-ZERO ERROR CODE 2
WARNING: LAPACK DSYEV() RETURNED NON-ZERO ERROR CODE 3
WARNING: LAPACK DSYEV() RETURNED NON-ZERO ERROR CODE 2
WARNING: LAPACK DSYEV() RETURNED NON-ZERO ERROR CODE 2
WARNING: LAPACK DSYEV() RETURNED NON-ZERO ERROR CODE 3
WARNING: LAPACK DSYEV() RETURNED NON-ZERO ERROR CODE 2
WARNING: LAPACK DSYEV() RETURNED NON-ZERO ERROR CODE 2
WARNING: LAPACK DSYEV() RETURNED NON-ZERO ERROR CODE 2
WARNING: LAPACK DSYEV() RETURNED NON-ZERO ERROR CODE 2
WARNING: LAPACK DSYEV() RETURNED NON-ZERO ERROR CODE 3
WARNING: LAPACK DSYEV() RETURNED NON-ZERO ERROR CODE 3
WARNING: LAPACK DSYEV() RETURNED NON-ZERO ERROR CODE 3
WARNING: LAPACK DSYEV() RETURNED NON-ZERO ERROR CODE 3
WARNING: LAPACK DSYEV() RETURNED NON-ZERO ERROR CODE 3
WARNING: LAPACK DSYEV() RETURNED NON-ZERO ERROR CODE 2
WARNING: LAPACK DSYEV() RETURNED NON-ZERO ERROR CODE 2
WARNING: LAPACK DSYEV() RETURNED NON-ZERO ERROR CODE 3
WARNING: LAPACK DSYEV() RETURNED NON-ZERO ERROR CODE 3
WARNING: LAPACK DSYEV() RETURNED NON-ZERO ERROR CODE 2
WARNING: LAPACK DSYEV() RETURNED NON-ZERO ERROR CODE 3
WARNING: LAPACK DSYEV() RETURNED NON-ZERO ERROR CODE 2
WARNING: LAPACK DSYEV() RETURNED NON-ZERO ERROR CODE 3
WARNING: LAPACK DSYEV() RETURNED NON-ZERO ERROR CODE 2
WARNING: LAPACK DSYEV() RETURNED NON-ZERO ERROR CODE 3
WARNING: LAPACK DSYEV() RETURNED NON-ZERO ERROR CODE 3
WARNING: LAPACK DSYEV() RETURNED NON-ZERO ERROR CODE 2
WARNING: LAPACK DSYEV() RETURNED NON-ZERO ERROR CODE 2
WARNING: LAPACK DSYEV() RETURNED NON-ZERO ERROR CODE 3
WARNING: LAPACK DSYEV() RETURNED NON-ZERO ERROR CODE 3
WARNING: LAPACK DSYEV() RETURNED NON-ZERO ERROR CODE 3
WARNING: LAPACK DSYEV() RETURNED NON-ZERO ERROR CODE 3
WARNING: LAPACK DSYEV() RETURNED NON-ZERO ERROR CODE 3
WARNING: LAPACK DSYEV() RETURNED NON-ZERO ERROR CODE 2
WARNING: LAPACK DSYEV() RETURNED NON-ZERO ERROR CODE 2
WARNING: LAPACK DSYEV() RETURNED NON-ZERO ERROR CODE 2
WARNING: LAPACK DSYEV() RETURNED NON-ZERO ERROR CODE 2
WARNING: LAPACK DSYEV() RETURNED NON-ZERO ERROR CODE 2
WARNING: LAPACK DSYEV() RETURNED NON-ZERO ERROR CODE 3
Finished setting up data; running search...
ROUND 1 A#0 and B#0 = 408.397
ROUND 2 A#1 and B#0 = 457.404
ROUND 3 A#2 and B#0 = 411.763
ROUND 4 A#3 and B#0 = 407.507
ROUND 5 A#4 and B#0 = 409.141
ROUND 6 A#5 and B#0 = 415.145
ROUND 7 A#6 and B#0 = 403.812
ROUND 8 A#7 and B#0 = 412.375
ROUND 9 A#8 and B#0 = 412.324
ROUND 10 A#9 and B#0 = 412.454
ROUND 11 A#10 and B#0 = 459.473
ROUND 12 A#11 and B#0 = 452.537
ROUND 13 A#12 and B#0 = 415.86
ROUND 14 A#13 and B#0 = 473.821
ROUND 15 A#14 and B#0 = 370.085
ROUND 16 A#15 and B#0 = 425.26
ROUND 17 A#16 and B#0 = 468.334
ROUND 18 A#17 and B#0 = 427.14
ROUND 19 A#18 and B#0 = 427.084
ROUND 20 A#19 and B#0 = 398.043
ROUND 21 A#20 and B#0 = 466.888
ROUND 22 A#21 and B#0 = 391.363
ROUND 23 A#22 and B#0 = 463.827
ROUND 24 A#23 and B#0 = 449.78
ROUND 25 A#24 and B#0 = 486.702
ROUND 26 A#25 and B#0 = 396.721
ROUND 27 A#26 and B#0 = 396.621
ROUND 28 A#27 and B#0 = 411.859
ROUND 29 A#28 and B#0 = 393.64
ROUND 30 A#29 and B#0 = 396.774
ROUND 31 A#30 and B#0 = 422.126
ROUND 32 A#31 and B#0 = 467.47
ROUND 33 A#32 and B#0 = 395.033
ROUND 34 A#33 and B#0 = 398.073
ROUND 35 A#34 and B#0 = 505.103
ROUND 36 A#35 and B#0 = 395.969
ROUND 37 A#36 and B#0 = 416.654
ROUND 38 A#37 and B#0 = 437.061
ROUND 39 A#38 and B#0 = 450.152
ROUND 40 A#39 and B#0 = 406.132
ROUND 41 A#40 and B#0 = 435.163
ROUND 42 A#41 and B#0 = 466.507
ROUND 43 A#42 and B#0 = 417.63
ROUND 44 A#43 and B#0 = 484.915
ROUND 45 A#44 and B#0 = 402.081
ROUND 46 A#45 and B#0 = 479.863
ROUND 47 A#46 and B#0 = 415.853
ROUND 48 A#47 and B#0 = 409.657
ROUND 49 A#48 and B#0 = 429.884
ROUND 50 A#49 and B#0 = 488.022
ROUND 51 A#0 and B#1 = 494.631
ROUND 52 A#1 and B#1 = 495.543
ROUND 53 A#2 and B#1 = 403.411
ROUND 54 A#3 and B#1 = 525.672
ROUND 55 A#4 and B#1 = 516.338
ROUND 56 A#5 and B#1 = 501.601
ROUND 57 A#6 and B#1 = 454.831
ROUND 58 A#7 and B#1 = 501.528
ROUND 59 A#8 and B#1 = 501.32
ROUND 60 A#9 and B#1 = 500.909
ROUND 61 A#10 and B#1 = 467.611
ROUND 62 A#11 and B#1 = 397.508
ROUND 63 A#12 and B#1 = 507.599
ROUND 64 A#13 and B#1 = 485.728
ROUND 65 A#14 and B#1 = 465.816
ROUND 66 A#15 and B#1 = 412.955
ROUND 67 A#16 and B#1 = 499.333
ROUND 68 A#17 and B#1 = 460.865
ROUND 69 A#18 and B#1 = 462.386
ROUND 70 A#19 and B#1 = 494.421
ROUND 71 A#20 and B#1 = 500.147
ROUND 72 A#21 and B#1 = 413.798
ROUND 73 A#22 and B#1 = 490.03
ROUND 74 A#23 and B#1 = 473.492
ROUND 75 A#24 and B#1 = 471.352
ROUND 76 A#25 and B#1 = 438.154
ROUND 77 A#26 and B#1 = 437.842
ROUND 78 A#27 and B#1 = 434.1
ROUND 79 A#28 and B#1 = 414.579
ROUND 80 A#29 and B#1 = 439.03
ROUND 81 A#30 and B#1 = 457.792
ROUND 82 A#31 and B#1 = 449.06
ROUND 83 A#32 and B#1 = 400.601
ROUND 84 A#33 and B#1 = 487.796
ROUND 85 A#34 and B#1 = 494.138
ROUND 86 A#35 and B#1 = 421.873
ROUND 87 A#36 and B#1 = 446.894
ROUND 88 A#37 and B#1 = 444.491
ROUND 89 A#38 and B#1 = 418.976
ROUND 90 A#39 and B#1 = 513.217
ROUND 91 A#40 and B#1 = 462.2
ROUND 92 A#41 and B#1 = 483.773
ROUND 93 A#42 and B#1 = 428.982
ROUND 94 A#43 and B#1 = 462.237
ROUND 95 A#44 and B#1 = 442.22
ROUND 96 A#45 and B#1 = 490.257
ROUND 97 A#46 and B#1 = 445.738
ROUND 98 A#47 and B#1 = 420.513
ROUND 99 A#48 and B#1 = 465.912
ROUND 100 A#49 and B#1 = 437.293
ROUND 101 A#0 and B#2 = 500.253
ROUND 102 A#1 and B#2 = 497.789
ROUND 103 A#2 and B#2 = 405.061
ROUND 104 A#3 and B#2 = 533.47
ROUND 105 A#4 and B#2 = 520.976
ROUND 106 A#5 and B#2 = 505.812
ROUND 107 A#6 and B#2 = 463.329
ROUND 108 A#7 and B#2 = 507.287
ROUND 109 A#8 and B#2 = 507.086
ROUND 110 A#9 and B#2 = 506.519
ROUND 111 A#10 and B#2 = 475.579
ROUND 112 A#11 and B#2 = 395.452
ROUND 113 A#12 and B#2 = 512.34
ROUND 114 A#13 and B#2 = 488.198
ROUND 115 A#14 and B#2 = 470.298
ROUND 116 A#15 and B#2 = 409.508
ROUND 117 A#16 and B#2 = 498.341
ROUND 118 A#17 and B#2 = 457.555
ROUND 119 A#18 and B#2 = 459.284
ROUND 120 A#19 and B#2 = 495.332
ROUND 121 A#20 and B#2 = 505.052
ROUND 122 A#21 and B#2 = 415.007
ROUND 123 A#22 and B#2 = 487.543
ROUND 124 A#23 and B#2 = 469.508
ROUND 125 A#24 and B#2 = 469.583
ROUND 126 A#25 and B#2 = 439.978
ROUND 127 A#26 and B#2 = 439.701
ROUND 128 A#27 and B#2 = 433.368
ROUND 129 A#28 and B#2 = 414.29
ROUND 130 A#29 and B#2 = 441.427
ROUND 131 A#30 and B#2 = 458.237
ROUND 132 A#31 and B#2 = 446.575
ROUND 133 A#32 and B#2 = 394.504
ROUND 134 A#33 and B#2 = 488.514
ROUND 135 A#34 and B#2 = 491.681
ROUND 136 A#35 and B#2 = 414.072
ROUND 137 A#36 and B#2 = 445.596
ROUND 138 A#37 and B#2 = 434.696
ROUND 139 A#38 and B#2 = 420.152
ROUND 140 A#39 and B#2 = 521.502
ROUND 141 A#40 and B#2 = 460.83
ROUND 142 A#41 and B#2 = 483.597
ROUND 143 A#42 and B#2 = 429.393
ROUND 144 A#43 and B#2 = 462.196
ROUND 145 A#44 and B#2 = 454.965
ROUND 146 A#45 and B#2 = 478.047
ROUND 147 A#46 and B#2 = 448.56
ROUND 148 A#47 and B#2 = 431.155
ROUND 149 A#48 and B#2 = 440.469
ROUND 150 A#49 and B#2 = 440.764
ROUND 151 A#0 and B#3 = 394.359
ROUND 152 A#1 and B#3 = 455.124
ROUND 153 A#2 and B#3 = 438.65
ROUND 154 A#3 and B#3 = 414.834
ROUND 155 A#4 and B#3 = 408.045
ROUND 156 A#5 and B#3 = 395.83
ROUND 157 A#6 and B#3 = 410.375
ROUND 158 A#7 and B#3 = 394.42
ROUND 159 A#8 and B#3 = 394.506
ROUND 160 A#9 and B#3 = 394.495
ROUND 161 A#10 and B#3 = 399.862
ROUND 162 A#11 and B#3 = 474.004
ROUND 163 A#12 and B#3 = 396.286
ROUND 164 A#13 and B#3 = 497.089
ROUND 165 A#14 and B#3 = 443.748
ROUND 166 A#15 and B#3 = 373.604
ROUND 167 A#16 and B#3 = 429.328
ROUND 168 A#17 and B#3 = 435.658
ROUND 169 A#18 and B#3 = 435.642
ROUND 170 A#19 and B#3 = 467.254
ROUND 171 A#20 and B#3 = 422.976
ROUND 172 A#21 and B#3 = 486.316
ROUND 173 A#22 and B#3 = 479.847
ROUND 174 A#23 and B#3 = 413.052
ROUND 175 A#24 and B#3 = 392.283
ROUND 176 A#25 and B#3 = 447.189
ROUND 177 A#26 and B#3 = 446.609
ROUND 178 A#27 and B#3 = 446.923
ROUND 179 A#28 and B#3 = 472.278
ROUND 180 A#29 and B#3 = 448.22
ROUND 181 A#30 and B#3 = 409.751
ROUND 182 A#31 and B#3 = 459.481
ROUND 183 A#32 and B#3 = 432.032
ROUND 184 A#33 and B#3 = 500.904
ROUND 185 A#34 and B#3 = 506.795
ROUND 186 A#35 and B#3 = 449.104
ROUND 187 A#36 and B#3 = 435.785
ROUND 188 A#37 and B#3 = 490.169
ROUND 189 A#38 and B#3 = 464.617
ROUND 190 A#39 and B#3 = 410.045
ROUND 191 A#40 and B#3 = 460.609
ROUND 192 A#41 and B#3 = 464.397
ROUND 193 A#42 and B#3 = 471.923
ROUND 194 A#43 and B#3 = 484.822
ROUND 195 A#44 and B#3 = 376.672
ROUND 196 A#45 and B#3 = 503.06
ROUND 197 A#46 and B#3 = 442.843
ROUND 198 A#47 and B#3 = 437.738
ROUND 199 A#48 and B#3 = 471.935
ROUND 200 A#49 and B#3 = 442.262
ROUND 201 A#0 and B#4 = 489.605
ROUND 202 A#1 and B#4 = 489.573
ROUND 203 A#2 and B#4 = 403.507
ROUND 204 A#3 and B#4 = 488.419
ROUND 205 A#4 and B#4 = 486.365
ROUND 206 A#5 and B#4 = 492.874
ROUND 207 A#6 and B#4 = 490.08
ROUND 208 A#7 and B#4 = 489.075
ROUND 209 A#8 and B#4 = 489.033
ROUND 210 A#9 and B#4 = 489.107
ROUND 211 A#10 and B#4 = 409.76
ROUND 212 A#11 and B#4 = 421.226
ROUND 213 A#12 and B#4 = 490.698
ROUND 214 A#13 and B#4 = 480.609
ROUND 215 A#14 and B#4 = 455.599
ROUND 216 A#15 and B#4 = 467.256
ROUND 217 A#16 and B#4 = 455.204
ROUND 218 A#17 and B#4 = 400.673
ROUND 219 A#18 and B#4 = 400.682
ROUND 220 A#19 and B#4 = 509.749
ROUND 221 A#20 and B#4 = 355.482
ROUND 222 A#21 and B#4 = 362.254
ROUND 223 A#22 and B#4 = 467.299
ROUND 224 A#23 and B#4 = 434.755
ROUND 225 A#24 and B#4 = 414.991
ROUND 226 A#25 and B#4 = 458.928
ROUND 227 A#26 and B#4 = 458.862
ROUND 228 A#27 and B#4 = 398.539
ROUND 229 A#28 and B#4 = 363.657
ROUND 230 A#29 and B#4 = 456.449
ROUND 231 A#30 and B#4 = 404.377
ROUND 232 A#31 and B#4 = 458.426
ROUND 233 A#32 and B#4 = 483.217
ROUND 234 A#33 and B#4 = 508.12
ROUND 235 A#34 and B#4 = 493.641
ROUND 236 A#35 and B#4 = 478.29
ROUND 237 A#36 and B#4 = 470.42
ROUND 238 A#37 and B#4 = 475.875
ROUND 239 A#38 and B#4 = 428.317
ROUND 240 A#39 and B#4 = 487.496
ROUND 241 A#40 and B#4 = 462.454
ROUND 242 A#41 and B#4 = 399.839
ROUND 243 A#42 and B#4 = 471.544
ROUND 244 A#43 and B#4 = 510.764
ROUND 245 A#44 and B#4 = 424.531
ROUND 246 A#45 and B#4 = 462.959
ROUND 247 A#46 and B#4 = 408.067
ROUND 248 A#47 and B#4 = 480.269
ROUND 249 A#48 and B#4 = 462.64
ROUND 250 A#49 and B#4 = 476.461
ROUND 251 A#0 and B#5 = 398.057
ROUND 252 A#1 and B#5 = 485.775
ROUND 253 A#2 and B#5 = 387.803
ROUND 254 A#3 and B#5 = 421.266
ROUND 255 A#4 and B#5 = 391.499
ROUND 256 A#5 and B#5 = 399.428
ROUND 257 A#6 and B#5 = 391.248
ROUND 258 A#7 and B#5 = 398.103
ROUND 259 A#8 and B#5 = 398.155
ROUND 260 A#9 and B#5 = 398.183
ROUND 261 A#10 and B#5 = 402.363
ROUND 262 A#11 and B#5 = 413.962
ROUND 263 A#12 and B#5 = 399.879
ROUND 264 A#13 and B#5 = 372.099
ROUND 265 A#14 and B#5 = 419.97
ROUND 266 A#15 and B#5 = 368.545
ROUND 267 A#16 and B#5 = 408.177
ROUND 268 A#17 and B#5 = 412.487
ROUND 269 A#18 and B#5 = 413.408
ROUND 270 A#19 and B#5 = 411.177
ROUND 271 A#20 and B#5 = 416.421
ROUND 272 A#21 and B#5 = 469.592
ROUND 273 A#22 and B#5 = 466.619
ROUND 274 A#23 and B#5 = 472.522
ROUND 275 A#24 and B#5 = 479.747
ROUND 276 A#25 and B#5 = 417.175
ROUND 277 A#26 and B#5 = 417.244
ROUND 278 A#27 and B#5 = 363.858
ROUND 279 A#28 and B#5 = 455.742
ROUND 280 A#29 and B#5 = 413.151
ROUND 281 A#30 and B#5 = 419.45
ROUND 282 A#31 and B#5 = 395.499
ROUND 283 A#32 and B#5 = 368.983
ROUND 284 A#33 and B#5 = 420.553
ROUND 285 A#34 and B#5 = 376.137
ROUND 286 A#35 and B#5 = 418.552
ROUND 287 A#36 and B#5 = 412.724
ROUND 288 A#37 and B#5 = 441.31
ROUND 289 A#38 and B#5 = 385.973
ROUND 290 A#39 and B#5 = 390.983
ROUND 291 A#40 and B#5 = 383.71
ROUND 292 A#41 and B#5 = 479.302
ROUND 293 A#42 and B#5 = 429.937
ROUND 294 A#43 and B#5 = 366.625
ROUND 295 A#44 and B#5 = 379.819
ROUND 296 A#45 and B#5 = 464.175
ROUND 297 A#46 and B#5 = 421.88
ROUND 298 A#47 and B#5 = 437.609
ROUND 299 A#48 and B#5 = 429.322
ROUND 300 A#49 and B#5 = 438.937
ROUND 301 A#0 and B#6 = 437.711
ROUND 302 A#1 and B#6 = 403.668
ROUND 303 A#2 and B#6 = 403.7
ROUND 304 A#3 and B#6 = 406.311
ROUND 305 A#4 and B#6 = 391.305
ROUND 306 A#5 and B#6 = 436.21
ROUND 307 A#6 and B#6 = 422.773
ROUND 308 A#7 and B#6 = 434.05
ROUND 309 A#8 and B#6 = 434.297
ROUND 310 A#9 and B#6 = 434.738
ROUND 311 A#10 and B#6 = 394.676
ROUND 312 A#11 and B#6 = 494.935
ROUND 313 A#12 and B#6 = 433.145
ROUND 314 A#13 and B#6 = 406.299
ROUND 315 A#14 and B#6 = 453.892
ROUND 316 A#15 and B#6 = 437.928
ROUND 317 A#16 and B#6 = 415.508
ROUND 318 A#17 and B#6 = 497.154
ROUND 319 A#18 and B#6 = 497.205
ROUND 320 A#19 and B#6 = 424.29
ROUND 321 A#20 and B#6 = 382.317
ROUND 322 A#21 and B#6 = 415.033
ROUND 323 A#22 and B#6 = 494.678
ROUND 324 A#23 and B#6 = 475.23
ROUND 325 A#24 and B#6 = 412.634
ROUND 326 A#25 and B#6 = 503.812
ROUND 327 A#26 and B#6 = 504.025
ROUND 328 A#27 and B#6 = 462.299
ROUND 329 A#28 and B#6 = 402.357
ROUND 330 A#29 and B#6 = 503.274
ROUND 331 A#30 and B#6 = 415.312
ROUND 332 A#31 and B#6 = 431.682
ROUND 333 A#32 and B#6 = 470.756
ROUND 334 A#33 and B#6 = 438.916
ROUND 335 A#34 and B#6 = 429.21
ROUND 336 A#35 and B#6 = 487.442
ROUND 337 A#36 and B#6 = 473.579
ROUND 338 A#37 and B#6 = 475.746
ROUND 339 A#38 and B#6 = 420.577
ROUND 340 A#39 and B#6 = 455.882
ROUND 341 A#40 and B#6 = 473.889
ROUND 342 A#41 and B#6 = 495.746
ROUND 343 A#42 and B#6 = 492.966
ROUND 344 A#43 and B#6 = 473.221
ROUND 345 A#44 and B#6 = 433.28
ROUND 346 A#45 and B#6 = 478.651
ROUND 347 A#46 and B#6 = 372.574
ROUND 348 A#47 and B#6 = 482.173
ROUND 349 A#48 and B#6 = 481.882
ROUND 350 A#49 and B#6 = 367.095
ROUND 351 A#0 and B#7 = 493.374
ROUND 352 A#1 and B#7 = 496.534
ROUND 353 A#2 and B#7 = 404.409
ROUND 354 A#3 and B#7 = 526.995
ROUND 355 A#4 and B#7 = 519.76
ROUND 356 A#5 and B#7 = 500.892
ROUND 357 A#6 and B#7 = 454.498
ROUND 358 A#7 and B#7 = 500.966
ROUND 359 A#8 and B#7 = 500.784
ROUND 360 A#9 and B#7 = 500.295
ROUND 361 A#10 and B#7 = 472.381
ROUND 362 A#11 and B#7 = 397.534
ROUND 363 A#12 and B#7 = 507.831
ROUND 364 A#13 and B#7 = 487.789
ROUND 365 A#14 and B#7 = 471.763
ROUND 366 A#15 and B#7 = 413.833
ROUND 367 A#16 and B#7 = 504.084
ROUND 368 A#17 and B#7 = 459.477
ROUND 369 A#18 and B#7 = 460.901
ROUND 370 A#19 and B#7 = 494.502
ROUND 371 A#20 and B#7 = 501.26
ROUND 372 A#21 and B#7 = 417.217
ROUND 373 A#22 and B#7 = 489.219
ROUND 374 A#23 and B#7 = 473.491
ROUND 375 A#24 and B#7 = 476.831
ROUND 376 A#25 and B#7 = 437.941
ROUND 377 A#26 and B#7 = 437.66
ROUND 378 A#27 and B#7 = 433.72
ROUND 379 A#28 and B#7 = 412.24
ROUND 380 A#29 and B#7 = 438.968
ROUND 381 A#30 and B#7 = 458.079
ROUND 382 A#31 and B#7 = 452.993
ROUND 383 A#32 and B#7 = 400.99
ROUND 384 A#33 and B#7 = 487.402
ROUND 385 A#34 and B#7 = 494.268
ROUND 386 A#35 and B#7 = 422.81
ROUND 387 A#36 and B#7 = 448.103
ROUND 388 A#37 and B#7 = 445.423
ROUND 389 A#38 and B#7 = 419.542
ROUND 390 A#39 and B#7 = 403.813
ROUND 391 A#40 and B#7 = 463.62
ROUND 392 A#41 and B#7 = 482.946
ROUND 393 A#42 and B#7 = 428.677
ROUND 394 A#43 and B#7 = 461.729
ROUND 395 A#44 and B#7 = 443.178
ROUND 396 A#45 and B#7 = 490.772
ROUND 397 A#46 and B#7 = 447.52
ROUND 398 A#47 and B#7 = 422.135
ROUND 399 A#48 and B#7 = 467.738
ROUND 400 A#49 and B#7 = 438.961
ROUND 401 A#0 and B#8 = 452.996
ROUND 402 A#1 and B#8 = 462.579
ROUND 403 A#2 and B#8 = 495.755
ROUND 404 A#3 and B#8 = 374.329
ROUND 405 A#4 and B#8 = 432.16
ROUND 406 A#5 and B#8 = 371.971
ROUND 407 A#6 and B#8 = 474.916
ROUND 408 A#7 and B#8 = 458.133
ROUND 409 A#8 and B#8 = 457.874
ROUND 410 A#9 and B#8 = 459.014
ROUND 411 A#10 and B#8 = 479.575
ROUND 412 A#11 and B#8 = 423.824
ROUND 413 A#12 and B#8 = 372.186
ROUND 414 A#13 and B#8 = 412.343
ROUND 415 A#14 and B#8 = 449.978
ROUND 416 A#15 and B#8 = 357.927
ROUND 417 A#16 and B#8 = 468.861
ROUND 418 A#17 and B#8 = 497.52
ROUND 419 A#18 and B#8 = 497.544
ROUND 420 A#19 and B#8 = 484.911
ROUND 421 A#20 and B#8 = 475.473
ROUND 422 A#21 and B#8 = 494.066
ROUND 423 A#22 and B#8 = 467.912
ROUND 424 A#23 and B#8 = 426.022
ROUND 425 A#24 and B#8 = 445.579
ROUND 426 A#25 and B#8 = 425.576
ROUND 427 A#26 and B#8 = 425.734
ROUND 428 A#27 and B#8 = 379.59
ROUND 429 A#28 and B#8 = 497.685
ROUND 430 A#29 and B#8 = 430.162
ROUND 431 A#30 and B#8 = 416.225
ROUND 432 A#31 and B#8 = 458.049
ROUND 433 A#32 and B#8 = 440.565
ROUND 434 A#33 and B#8 = 459.192
ROUND 435 A#34 and B#8 = 431.909
ROUND 436 A#35 and B#8 = 449.702
ROUND 437 A#36 and B#8 = 461.51
ROUND 438 A#37 and B#8 = 428.302
ROUND 439 A#38 and B#8 = 484.189
ROUND 440 A#39 and B#8 = 375.738
ROUND 441 A#40 and B#8 = 460.991
ROUND 442 A#41 and B#8 = 464.868
ROUND 443 A#42 and B#8 = 400.607
ROUND 444 A#43 and B#8 = 410.973
ROUND 445 A#44 and B#8 = 496.615
ROUND 446 A#45 and B#8 = 422.323
ROUND 447 A#46 and B#8 = 444.532
ROUND 448 A#47 and B#8 = 438.465
ROUND 449 A#48 and B#8 = 463.753
ROUND 450 A#49 and B#8 = 445.43
ROUND 451 A#0 and B#9 = 455.39
ROUND 452 A#1 and B#9 = 486.319
ROUND 453 A#2 and B#9 = 499.117
ROUND 454 A#3 and B#9 = 421.144
ROUND 455 A#4 and B#9 = 428.332
ROUND 456 A#5 and B#9 = 458.339
ROUND 457 A#6 and B#9 = 476.11
ROUND 458 A#7 and B#9 = 460.681
ROUND 459 A#8 and B#9 = 460.478
ROUND 460 A#9 and B#9 = 461.603
ROUND 461 A#10 and B#9 = 477.287
ROUND 462 A#11 and B#9 = 434.412
ROUND 463 A#12 and B#9 = 455.403
ROUND 464 A#13 and B#9 = 434.759
ROUND 465 A#14 and B#9 = 449.757
ROUND 466 A#15 and B#9 = 367.316
ROUND 467 A#16 and B#9 = 466.277
ROUND 468 A#17 and B#9 = 492.413
ROUND 469 A#18 and B#9 = 492.346
ROUND 470 A#19 and B#9 = 503.453
ROUND 471 A#20 and B#9 = 477.79
ROUND 472 A#21 and B#9 = 496.636
ROUND 473 A#22 and B#9 = 476.673
ROUND 474 A#23 and B#9 = 428.366
ROUND 475 A#24 and B#9 = 451.914
ROUND 476 A#25 and B#9 = 472.419
ROUND 477 A#26 and B#9 = 472.625
ROUND 478 A#27 and B#9 = 380.437
ROUND 479 A#28 and B#9 = 500.314
ROUND 480 A#29 and B#9 = 469.607
ROUND 481 A#30 and B#9 = 443.298
ROUND 482 A#31 and B#9 = 464.476
ROUND 483 A#32 and B#9 = 451.036
ROUND 484 A#33 and B#9 = 458.262
ROUND 485 A#34 and B#9 = 447.386
ROUND 486 A#35 and B#9 = 454.869
ROUND 487 A#36 and B#9 = 466.882
ROUND 488 A#37 and B#9 = 415.386
ROUND 489 A#38 and B#9 = 491.487
ROUND 490 A#39 and B#9 = 374.839
ROUND 491 A#40 and B#9 = 468.955
ROUND 492 A#41 and B#9 = 462.009
ROUND 493 A#42 and B#9 = 409.795
ROUND 494 A#43 and B#9 = 412.693
ROUND 495 A#44 and B#9 = 495.909
ROUND 496 A#45 and B#9 = 432.335
ROUND 497 A#46 and B#9 = 459.627
ROUND 498 A#47 and B#9 = 435.85
ROUND 499 A#48 and B#9 = 440.388
ROUND 500 A#49 and B#9 = 450.764
ROUND 501 A#0 and B#10 = 394.174
ROUND 502 A#1 and B#10 = 455.593
ROUND 503 A#2 and B#10 = 445.538
ROUND 504 A#3 and B#10 = 445.097
ROUND 505 A#4 and B#10 = 409.799
ROUND 506 A#5 and B#10 = 395.693
ROUND 507 A#6 and B#10 = 397.183
ROUND 508 A#7 and B#10 = 394.249
ROUND 509 A#8 and B#10 = 394.355
ROUND 510 A#9 and B#10 = 394.349
ROUND 511 A#10 and B#10 = 399.833
ROUND 512 A#11 and B#10 = 480.522
ROUND 513 A#12 and B#10 = 396.087
ROUND 514 A#13 and B#10 = 497.731
ROUND 515 A#14 and B#10 = 444.181
ROUND 516 A#15 and B#10 = 374.43
ROUND 517 A#16 and B#10 = 430.596
ROUND 518 A#17 and B#10 = 436.575
ROUND 519 A#18 and B#10 = 436.477
ROUND 520 A#19 and B#10 = 467.421
ROUND 521 A#20 and B#10 = 430.619
ROUND 522 A#21 and B#10 = 478.137
ROUND 523 A#22 and B#10 = 481.744
ROUND 524 A#23 and B#10 = 413.222
ROUND 525 A#24 and B#10 = 393.356
ROUND 526 A#25 and B#10 = 448.074
ROUND 527 A#26 and B#10 = 447.461
ROUND 528 A#27 and B#10 = 446.428
ROUND 529 A#28 and B#10 = 464.063
ROUND 530 A#29 and B#10 = 449.049
ROUND 531 A#30 and B#10 = 410.864
ROUND 532 A#31 and B#10 = 461.951
ROUND 533 A#32 and B#10 = 434.819
ROUND 534 A#33 and B#10 = 502.369
ROUND 535 A#34 and B#10 = 507.498
ROUND 536 A#35 and B#10 = 455.419
ROUND 537 A#36 and B#10 = 439.575
ROUND 538 A#37 and B#10 = 494.644
ROUND 539 A#38 and B#10 = 465.511
ROUND 540 A#39 and B#10 = 411.77
ROUND 541 A#40 and B#10 = 465.356
ROUND 542 A#41 and B#10 = 465.377
ROUND 543 A#42 and B#10 = 479.357
ROUND 544 A#43 and B#10 = 484.116
ROUND 545 A#44 and B#10 = 410.592
ROUND 546 A#45 and B#10 = 503.511
ROUND 547 A#46 and B#10 = 440.224
ROUND 548 A#47 and B#10 = 439.134
ROUND 549 A#48 and B#10 = 472.485
ROUND 550 A#49 and B#10 = 443.715
ROUND 551 A#0 and B#11 = 499.253
ROUND 552 A#1 and B#11 = 496.513
ROUND 553 A#2 and B#11 = 404.021
ROUND 554 A#3 and B#11 = 531.685
ROUND 555 A#4 and B#11 = 520.459
ROUND 556 A#5 and B#11 = 504.945
ROUND 557 A#6 and B#11 = 461.676
ROUND 558 A#7 and B#11 = 506.248
ROUND 559 A#8 and B#11 = 506.061
ROUND 560 A#9 and B#11 = 505.493
ROUND 561 A#10 and B#11 = 473.295
ROUND 562 A#11 and B#11 = 397.674
ROUND 563 A#12 and B#11 = 511.397
ROUND 564 A#13 and B#11 = 487.345
ROUND 565 A#14 and B#11 = 469.237
ROUND 566 A#15 and B#11 = 409.697
ROUND 567 A#16 and B#11 = 497.913
ROUND 568 A#17 and B#11 = 458.733
ROUND 569 A#18 and B#11 = 460.529
ROUND 570 A#19 and B#11 = 495.205
ROUND 571 A#20 and B#11 = 503.473
ROUND 572 A#21 and B#11 = 413.638
ROUND 573 A#22 and B#11 = 487.913
ROUND 574 A#23 and B#11 = 469.647
ROUND 575 A#24 and B#11 = 468.377
ROUND 576 A#25 and B#11 = 439.769
ROUND 577 A#26 and B#11 = 439.484
ROUND 578 A#27 and B#11 = 433.736
ROUND 579 A#28 and B#11 = 413.054
ROUND 580 A#29 and B#11 = 440.888
ROUND 581 A#30 and B#11 = 457.876
ROUND 582 A#31 and B#11 = 446.413
ROUND 583 A#32 and B#11 = 393.872
ROUND 584 A#33 and B#11 = 488.937
ROUND 585 A#34 and B#11 = 492.603
ROUND 586 A#35 and B#11 = 412.626
ROUND 587 A#36 and B#11 = 443.071
ROUND 588 A#37 and B#11 = 434.018
ROUND 589 A#38 and B#11 = 419.637
ROUND 590 A#39 and B#11 = 520.185
ROUND 591 A#40 and B#11 = 458.24
ROUND 592 A#41 and B#11 = 482.468
ROUND 593 A#42 and B#11 = 431.518
ROUND 594 A#43 and B#11 = 462.449
ROUND 595 A#44 and B#11 = 453.881
ROUND 596 A#45 and B#11 = 478.414
ROUND 597 A#46 and B#11 = 447.709
ROUND 598 A#47 and B#11 = 431.607
ROUND 599 A#48 and B#11 = 456.465
ROUND 600 A#49 and B#11 = 440.274
ROUND 601 A#0 and B#12 = 405.144
ROUND 602 A#1 and B#12 = 461.758
ROUND 603 A#2 and B#12 = 475.868
ROUND 604 A#3 and B#12 = 413.985
ROUND 605 A#4 and B#12 = 408.208
ROUND 606 A#5 and B#12 = 405.286
ROUND 607 A#6 and B#12 = 412.232
ROUND 608 A#7 and B#12 = 404.575
ROUND 609 A#8 and B#12 = 404.47
ROUND 610 A#9 and B#12 = 404.639
ROUND 611 A#10 and B#12 = 480.172
ROUND 612 A#11 and B#12 = 438.311
ROUND 613 A#12 and B#12 = 404.543
ROUND 614 A#13 and B#12 = 405.197
ROUND 615 A#14 and B#12 = 383.151
ROUND 616 A#15 and B#12 = 392.758
ROUND 617 A#16 and B#12 = 439.543
ROUND 618 A#17 and B#12 = 441.716
ROUND 619 A#18 and B#12 = 442.439
ROUND 620 A#19 and B#12 = 415.276
ROUND 621 A#20 and B#12 = 522.794
ROUND 622 A#21 and B#12 = 468.908
ROUND 623 A#22 and B#12 = 448.965
ROUND 624 A#23 and B#12 = 436.507
ROUND 625 A#24 and B#12 = 473.477
ROUND 626 A#25 and B#12 = 431.859
ROUND 627 A#26 and B#12 = 431.373
ROUND 628 A#27 and B#12 = 385.739
ROUND 629 A#28 and B#12 = 466.681
ROUND 630 A#29 and B#12 = 432.875
ROUND 631 A#30 and B#12 = 490.933
ROUND 632 A#31 and B#12 = 494.007
ROUND 633 A#32 and B#12 = 443.347
ROUND 634 A#33 and B#12 = 421.69
ROUND 635 A#34 and B#12 = 445.557
ROUND 636 A#35 and B#12 = 480.668
ROUND 637 A#36 and B#12 = 492.277
ROUND 638 A#37 and B#12 = 446.598
ROUND 639 A#38 and B#12 = 470.284
ROUND 640 A#39 and B#12 = 408.9
ROUND 641 A#40 and B#12 = 504.554
ROUND 642 A#41 and B#12 = 435.225
ROUND 643 A#42 and B#12 = 435.589
ROUND 644 A#43 and B#12 = 405.245
ROUND 645 A#44 and B#12 = 463.503
ROUND 646 A#45 and B#12 = 486.764
ROUND 647 A#46 and B#12 = 499.38
ROUND 648 A#47 and B#12 = 447.766
ROUND 649 A#48 and B#12 = 481.667
ROUND 650 A#49 and B#12 = 449.821
ROUND 651 A#0 and B#13 = 423.389
ROUND 652 A#1 and B#13 = 453.652
ROUND 653 A#2 and B#13 = 461.952
ROUND 654 A#3 and B#13 = 411.991
ROUND 655 A#4 and B#13 = 461.128
ROUND 656 A#5 and B#13 = 423.843
ROUND 657 A#6 and B#13 = 433.2
ROUND 658 A#7 and B#13 = 428.778
ROUND 659 A#8 and B#13 = 428.747
ROUND 660 A#9 and B#13 = 428.847
ROUND 661 A#10 and B#13 = 447.059
ROUND 662 A#11 and B#13 = 497.67
ROUND 663 A#12 and B#13 = 423.643
ROUND 664 A#13 and B#13 = 430.93
ROUND 665 A#14 and B#13 = 447.618
ROUND 666 A#15 and B#13 = 458.75
ROUND 667 A#16 and B#13 = 434.312
ROUND 668 A#17 and B#13 = 440.11
ROUND 669 A#18 and B#13 = 439.03
ROUND 670 A#19 and B#13 = 460.556
ROUND 671 A#20 and B#13 = 453.665
ROUND 672 A#21 and B#13 = 382.084
ROUND 673 A#22 and B#13 = 495.784
ROUND 674 A#23 and B#13 = 395.644
ROUND 675 A#24 and B#13 = 414.726
ROUND 676 A#25 and B#13 = 439.083
ROUND 677 A#26 and B#13 = 438.942
ROUND 678 A#27 and B#13 = 490.761
ROUND 679 A#28 and B#13 = 398.256
ROUND 680 A#29 and B#13 = 436.328
ROUND 681 A#30 and B#13 = 412.958
ROUND 682 A#31 and B#13 = 427.782
ROUND 683 A#32 and B#13 = 463.396
ROUND 684 A#33 and B#13 = 412.165
ROUND 685 A#34 and B#13 = 383.54
ROUND 686 A#35 and B#13 = 489.335
ROUND 687 A#36 and B#13 = 437.743
ROUND 688 A#37 and B#13 = 476.924
ROUND 689 A#38 and B#13 = 379.03
ROUND 690 A#39 and B#13 = 455.033
ROUND 691 A#40 and B#13 = 430.769
ROUND 692 A#41 and B#13 = 476.179
ROUND 693 A#42 and B#13 = 471.36
ROUND 694 A#43 and B#13 = 483.306
ROUND 695 A#44 and B#13 = 466.738
ROUND 696 A#45 and B#13 = 453.626
ROUND 697 A#46 and B#13 = 413.093
ROUND 698 A#47 and B#13 = 483.331
ROUND 699 A#48 and B#13 = 442.426
ROUND 700 A#49 and B#13 = 440.306
ROUND 701 A#0 and B#14 = 442.023
ROUND 702 A#1 and B#14 = 452.656
ROUND 703 A#2 and B#14 = 442.739
ROUND 704 A#3 and B#14 = 444.393
ROUND 705 A#4 and B#14 = 442.71
ROUND 706 A#5 and B#14 = 429.392
ROUND 707 A#6 and B#14 = 397.112
ROUND 708 A#7 and B#14 = 444.212
ROUND 709 A#8 and B#14 = 443.89
ROUND 710 A#9 and B#14 = 443.667
ROUND 711 A#10 and B#14 = 401.42
ROUND 712 A#11 and B#14 = 459.237
ROUND 713 A#12 and B#14 = 425.808
ROUND 714 A#13 and B#14 = 495.596
ROUND 715 A#14 and B#14 = 441.544
ROUND 716 A#15 and B#14 = 367.269
ROUND 717 A#16 and B#14 = 430.676
ROUND 718 A#17 and B#14 = 448.661
ROUND 719 A#18 and B#14 = 447.953
ROUND 720 A#19 and B#14 = 472.51
ROUND 721 A#20 and B#14 = 426.187
ROUND 722 A#21 and B#14 = 483.751
ROUND 723 A#22 and B#14 = 485.636
ROUND 724 A#23 and B#14 = 416.044
ROUND 725 A#24 and B#14 = 423.013
ROUND 726 A#25 and B#14 = 445.738
ROUND 727 A#26 and B#14 = 445.114
ROUND 728 A#27 and B#14 = 451.398
ROUND 729 A#28 and B#14 = 470.404
ROUND 730 A#29 and B#14 = 446.997
ROUND 731 A#30 and B#14 = 439.916
ROUND 732 A#31 and B#14 = 479.912
ROUND 733 A#32 and B#14 = 440.462
ROUND 734 A#33 and B#14 = 500.026
ROUND 735 A#34 and B#14 = 507.534
ROUND 736 A#35 and B#14 = 436.843
ROUND 737 A#36 and B#14 = 435.832
ROUND 738 A#37 and B#14 = 477.93
ROUND 739 A#38 and B#14 = 465.016
ROUND 740 A#39 and B#14 = 406.458
ROUND 741 A#40 and B#14 = 460.821
ROUND 742 A#41 and B#14 = 471.366
ROUND 743 A#42 and B#14 = 471.274
ROUND 744 A#43 and B#14 = 486.662
ROUND 745 A#44 and B#14 = 409.832
ROUND 746 A#45 and B#14 = 501.543
ROUND 747 A#46 and B#14 = 442.411
ROUND 748 A#47 and B#14 = 468.58
ROUND 749 A#48 and B#14 = 471.393
ROUND 750 A#49 and B#14 = 432.056
ROUND 751 A#0 and B#15 = 440.563
ROUND 752 A#1 and B#15 = 403.828
ROUND 753 A#2 and B#15 = 406.786
ROUND 754 A#3 and B#15 = 390.465
ROUND 755 A#4 and B#15 = 392.544
ROUND 756 A#5 and B#15 = 438.217
ROUND 757 A#6 and B#15 = 424.241
ROUND 758 A#7 and B#15 = 436.831
ROUND 759 A#8 and B#15 = 437.094
ROUND 760 A#9 and B#15 = 437.534
ROUND 761 A#10 and B#15 = 396.459
ROUND 762 A#11 and B#15 = 495.979
ROUND 763 A#12 and B#15 = 434.924
ROUND 764 A#13 and B#15 = 460.84
ROUND 765 A#14 and B#15 = 454.679
ROUND 766 A#15 and B#15 = 435.876
ROUND 767 A#16 and B#15 = 415.666
ROUND 768 A#17 and B#15 = 498.523
ROUND 769 A#18 and B#15 = 498.615
ROUND 770 A#19 and B#15 = 423.762
ROUND 771 A#20 and B#15 = 385.987
ROUND 772 A#21 and B#15 = 416.831
ROUND 773 A#22 and B#15 = 496.627
ROUND 774 A#23 and B#15 = 477.265
ROUND 775 A#24 and B#15 = 412.554
ROUND 776 A#25 and B#15 = 503.528
ROUND 777 A#26 and B#15 = 503.635
ROUND 778 A#27 and B#15 = 459.566
ROUND 779 A#28 and B#15 = 404.05
ROUND 780 A#29 and B#15 = 502.878
ROUND 781 A#30 and B#15 = 416.918
ROUND 782 A#31 and B#15 = 432.208
ROUND 783 A#32 and B#15 = 372.593
ROUND 784 A#33 and B#15 = 440.75
ROUND 785 A#34 and B#15 = 433.724
ROUND 786 A#35 and B#15 = 487.992
ROUND 787 A#36 and B#15 = 474.068
ROUND 788 A#37 and B#15 = 476.243
ROUND 789 A#38 and B#15 = 419.058
ROUND 790 A#39 and B#15 = 458.032
ROUND 791 A#40 and B#15 = 474.225
ROUND 792 A#41 and B#15 = 497.043
ROUND 793 A#42 and B#15 = 494.055
ROUND 794 A#43 and B#15 = 471.512
ROUND 795 A#44 and B#15 = 434.08
ROUND 796 A#45 and B#15 = 478.327
ROUND 797 A#46 and B#15 = 425.133
ROUND 798 A#47 and B#15 = 482.658
ROUND 799 A#48 and B#15 = 481.673
ROUND 800 A#49 and B#15 = 366.083
ROUND 801 A#0 and B#16 = 482.135
ROUND 802 A#1 and B#16 = 479.995
ROUND 803 A#2 and B#16 = 379.705
ROUND 804 A#3 and B#16 = 483.548
ROUND 805 A#4 and B#16 = 484.904
ROUND 806 A#5 and B#16 = 481.961
ROUND 807 A#6 and B#16 = 481.803
ROUND 808 A#7 and B#16 = 481.52
ROUND 809 A#8 and B#16 = 481.456
ROUND 810 A#9 and B#16 = 481.569
ROUND 811 A#10 and B#16 = 404.398
ROUND 812 A#11 and B#16 = 428.382
ROUND 813 A#12 and B#16 = 479.394
ROUND 814 A#13 and B#16 = 483.39
ROUND 815 A#14 and B#16 = 449.593
ROUND 816 A#15 and B#16 = 452.991
ROUND 817 A#16 and B#16 = 445.873
ROUND 818 A#17 and B#16 = 400.65
ROUND 819 A#18 and B#16 = 400.738
ROUND 820 A#19 and B#16 = 507.859
ROUND 821 A#20 and B#16 = 445.693
ROUND 822 A#21 and B#16 = 355.98
ROUND 823 A#22 and B#16 = 413.206
ROUND 824 A#23 and B#16 = 443.318
ROUND 825 A#24 and B#16 = 403.563
ROUND 826 A#25 and B#16 = 453.18
ROUND 827 A#26 and B#16 = 453.315
ROUND 828 A#27 and B#16 = 404.51
ROUND 829 A#28 and B#16 = 358.415
ROUND 830 A#29 and B#16 = 401.229
ROUND 831 A#30 and B#16 = 421.222
ROUND 832 A#31 and B#16 = 436.286
ROUND 833 A#32 and B#16 = 439.76
ROUND 834 A#33 and B#16 = 505.077
ROUND 835 A#34 and B#16 = 487.234
ROUND 836 A#35 and B#16 = 397.31
ROUND 837 A#36 and B#16 = 376.519
ROUND 838 A#37 and B#16 = 407.727
ROUND 839 A#38 and B#16 = 436.567
ROUND 840 A#39 and B#16 = 479.06
ROUND 841 A#40 and B#16 = 444.042
ROUND 842 A#41 and B#16 = 404.414
ROUND 843 A#42 and B#16 = 464.191
ROUND 844 A#43 and B#16 = 469.405
ROUND 845 A#44 and B#16 = 424.978
ROUND 846 A#45 and B#16 = 448.144
ROUND 847 A#46 and B#16 = 405.023
ROUND 848 A#47 and B#16 = 468.229
ROUND 849 A#48 and B#16 = 440.402
ROUND 850 A#49 and B#16 = 464.736
ROUND 851 A#0 and B#17 = 404.704
ROUND 852 A#1 and B#17 = 462.553
ROUND 853 A#2 and B#17 = 476.992
ROUND 854 A#3 and B#17 = 414.076
ROUND 855 A#4 and B#17 = 408.825
ROUND 856 A#5 and B#17 = 405.338
ROUND 857 A#6 and B#17 = 411.783
ROUND 858 A#7 and B#17 = 404.706
ROUND 859 A#8 and B#17 = 404.633
ROUND 860 A#9 and B#17 = 404.826
ROUND 861 A#10 and B#17 = 479.41
ROUND 862 A#11 and B#17 = 442.353
ROUND 863 A#12 and B#17 = 404.863
ROUND 864 A#13 and B#17 = 412.207
ROUND 865 A#14 and B#17 = 377.253
ROUND 866 A#15 and B#17 = 388.211
ROUND 867 A#16 and B#17 = 464.684
ROUND 868 A#17 and B#17 = 387.882
ROUND 869 A#18 and B#17 = 388.218
ROUND 870 A#19 and B#17 = 429.395
ROUND 871 A#20 and B#17 = 433.617
ROUND 872 A#21 and B#17 = 465.391
ROUND 873 A#22 and B#17 = 447.105
ROUND 874 A#23 and B#17 = 432.564
ROUND 875 A#24 and B#17 = 472.822
ROUND 876 A#25 and B#17 = 436.357
ROUND 877 A#26 and B#17 = 435.896
ROUND 878 A#27 and B#17 = 380.304
ROUND 879 A#28 and B#17 = 465.204
ROUND 880 A#29 and B#17 = 437.288
ROUND 881 A#30 and B#17 = 498.188
ROUND 882 A#31 and B#17 = 495.327
ROUND 883 A#32 and B#17 = 431.176
ROUND 884 A#33 and B#17 = 423.91
ROUND 885 A#34 and B#17 = 427.058
ROUND 886 A#35 and B#17 = 485.868
ROUND 887 A#36 and B#17 = 500.666
ROUND 888 A#37 and B#17 = 451.23
ROUND 889 A#38 and B#17 = 431.316
ROUND 890 A#39 and B#17 = 408.417
ROUND 891 A#40 and B#17 = 504.911
ROUND 892 A#41 and B#17 = 432.682
ROUND 893 A#42 and B#17 = 438.211
ROUND 894 A#43 and B#17 = 405.152
ROUND 895 A#44 and B#17 = 463.581
ROUND 896 A#45 and B#17 = 494.445
ROUND 897 A#46 and B#17 = 498.099
ROUND 898 A#47 and B#17 = 454.636
ROUND 899 A#48 and B#17 = 499.241
ROUND 900 A#49 and B#17 = 446.768
ROUND 901 A#0 and B#18 = 416.906
ROUND 902 A#1 and B#18 = 421.235
ROUND 903 A#2 and B#18 = 399.404
ROUND 904 A#3 and B#18 = 413.985
ROUND 905 A#4 and B#18 = 414.541
ROUND 906 A#5 and B#18 = 422.881
ROUND 907 A#6 and B#18 = 408.67
ROUND 908 A#7 and B#18 = 420.072
ROUND 909 A#8 and B#18 = 420.039
ROUND 910 A#9 and B#18 = 420.162
ROUND 911 A#10 and B#18 = 483.862
ROUND 912 A#11 and B#18 = 451.148
ROUND 913 A#12 and B#18 = 423.546
ROUND 914 A#13 and B#18 = 475.023
ROUND 915 A#14 and B#18 = 472.101
ROUND 916 A#15 and B#18 = 423.293
ROUND 917 A#16 and B#18 = 461.023
ROUND 918 A#17 and B#18 = 457.009
ROUND 919 A#18 and B#18 = 456.933
ROUND 920 A#19 and B#18 = 498.908
ROUND 921 A#20 and B#18 = 453.062
ROUND 922 A#21 and B#18 = 480.008
ROUND 923 A#22 and B#18 = 449.577
ROUND 924 A#23 and B#18 = 434.865
ROUND 925 A#24 and B#18 = 486.348
ROUND 926 A#25 and B#18 = 460.279
ROUND 927 A#26 and B#18 = 460.655
ROUND 928 A#27 and B#18 = 403.4
ROUND 929 A#28 and B#18 = 464.955
ROUND 930 A#29 and B#18 = 451.445
ROUND 931 A#30 and B#18 = 417.867
ROUND 932 A#31 and B#18 = 455.891
ROUND 933 A#32 and B#18 = 378.657
ROUND 934 A#33 and B#18 = 498.73
ROUND 935 A#34 and B#18 = 516.871
ROUND 936 A#35 and B#18 = 385.396
ROUND 937 A#36 and B#18 = 403.399
ROUND 938 A#37 and B#18 = 417.988
ROUND 939 A#38 and B#18 = 462.795
ROUND 940 A#39 and B#18 = 412.67
ROUND 941 A#40 and B#18 = 417.373
ROUND 942 A#41 and B#18 = 452.69
ROUND 943 A#42 and B#18 = 383.245
ROUND 944 A#43 and B#18 = 484.645
ROUND 945 A#44 and B#18 = 402.854
ROUND 946 A#45 and B#18 = 463.572
ROUND 947 A#46 and B#18 = 406.442
ROUND 948 A#47 and B#18 = 397.867
ROUND 949 A#48 and B#18 = 409.653
ROUND 950 A#49 and B#18 = 451.965
ROUND 951 A#0 and B#19 = 439.423
ROUND 952 A#1 and B#19 = 472.227
ROUND 953 A#2 and B#19 = 413.571
ROUND 954 A#3 and B#19 = 433.036
ROUND 955 A#4 and B#19 = 427.135
ROUND 956 A#5 and B#19 = 435.027
ROUND 957 A#6 and B#19 = 438.314
ROUND 958 A#7 and B#19 = 436.618
ROUND 959 A#8 and B#19 = 436.53
ROUND 960 A#9 and B#19 = 436.603
ROUND 961 A#10 and B#19 = 416.011
ROUND 962 A#11 and B#19 = 485.074
ROUND 963 A#12 and B#19 = 436.951
ROUND 964 A#13 and B#19 = 454.589
ROUND 965 A#14 and B#19 = 454.181
ROUND 966 A#15 and B#19 = 441.519
ROUND 967 A#16 and B#19 = 406.19
ROUND 968 A#17 and B#19 = 477.561
ROUND 969 A#18 and B#19 = 477.417
ROUND 970 A#19 and B#19 = 426.768
ROUND 971 A#20 and B#19 = 372.691
ROUND 972 A#21 and B#19 = 431.04
ROUND 973 A#22 and B#19 = 496.624
ROUND 974 A#23 and B#19 = 451.143
ROUND 975 A#24 and B#19 = 411.894
ROUND 976 A#25 and B#19 = 433.569
ROUND 977 A#26 and B#19 = 435.193
ROUND 978 A#27 and B#19 = 463.096
ROUND 979 A#28 and B#19 = 433.006
ROUND 980 A#29 and B#19 = 432.686
ROUND 981 A#30 and B#19 = 397.485
ROUND 982 A#31 and B#19 = 370.025
ROUND 983 A#32 and B#19 = 385.37
ROUND 984 A#33 and B#19 = 450.642
ROUND 985 A#34 and B#19 = 452.118
ROUND 986 A#35 and B#19 = 476.83
ROUND 987 A#36 and B#19 = 462.543
ROUND 988 A#37 and B#19 = 465.047
ROUND 989 A#38 and B#19 = 444.949
ROUND 990 A#39 and B#19 = 427.707
ROUND 991 A#40 and B#19 = 463.033
ROUND 992 A#41 and B#19 = 491.259
ROUND 993 A#42 and B#19 = 484.259
ROUND 994 A#43 and B#19 = 464.633
ROUND 995 A#44 and B#19 = 432.096
ROUND 996 A#45 and B#19 = 466.852
ROUND 997 A#46 and B#19 = 397.188
ROUND 998 A#47 and B#19 = 470.909
ROUND 999 A#48 and B#19 = 472.919
ROUND 1000 A#49 and B#19 = 456.946
ROUND 1001 A#0 and B#20 = 394.562
ROUND 1002 A#1 and B#20 = 455.459
ROUND 1003 A#2 and B#20 = 447.216
ROUND 1004 A#3 and B#20 = 417.446
ROUND 1005 A#4 and B#20 = 382.89
ROUND 1006 A#5 and B#20 = 396.087
ROUND 1007 A#6 and B#20 = 388.53
ROUND 1008 A#7 and B#20 = 394.673
ROUND 1009 A#8 and B#20 = 394.76
ROUND 1010 A#9 and B#20 = 394.759
ROUND 1011 A#10 and B#20 = 399.648
ROUND 1012 A#11 and B#20 = 479.7
ROUND 1013 A#12 and B#20 = 396.465
ROUND 1014 A#13 and B#20 = 497.703
ROUND 1015 A#14 and B#20 = 444.415
ROUND 1016 A#15 and B#20 = 375.068
ROUND 1017 A#16 and B#20 = 429.95
ROUND 1018 A#17 and B#20 = 436.981
ROUND 1019 A#18 and B#20 = 436.903
ROUND 1020 A#19 and B#20 = 466.883
ROUND 1021 A#20 and B#20 = 429.979
ROUND 1022 A#21 and B#20 = 479.324
ROUND 1023 A#22 and B#20 = 482.381
ROUND 1024 A#23 and B#20 = 413.084
ROUND 1025 A#24 and B#20 = 392.831
ROUND 1026 A#25 and B#20 = 448.106
ROUND 1027 A#26 and B#20 = 447.555
ROUND 1028 A#27 and B#20 = 446.053
ROUND 1029 A#28 and B#20 = 464.947
ROUND 1030 A#29 and B#20 = 449.128
ROUND 1031 A#30 and B#20 = 414.023
ROUND 1032 A#31 and B#20 = 462.447
ROUND 1033 A#32 and B#20 = 434.63
ROUND 1034 A#33 and B#20 = 502.017
ROUND 1035 A#34 and B#20 = 507.43
ROUND 1036 A#35 and B#20 = 453.851
ROUND 1037 A#36 and B#20 = 433.471
ROUND 1038 A#37 and B#20 = 493.422
ROUND 1039 A#38 and B#20 = 465.927
ROUND 1040 A#39 and B#20 = 412.79
ROUND 1041 A#40 and B#20 = 458.85
ROUND 1042 A#41 and B#20 = 465.762
ROUND 1043 A#42 and B#20 = 480.795
ROUND 1044 A#43 and B#20 = 484.014
ROUND 1045 A#44 and B#20 = 410.282
ROUND 1046 A#45 and B#20 = 501.261
ROUND 1047 A#46 and B#20 = 441.753
ROUND 1048 A#47 and B#20 = 440.664
ROUND 1049 A#48 and B#20 = 470.356
ROUND 1050 A#49 and B#20 = 444.574
ROUND 1051 A#0 and B#21 = 412.229
ROUND 1052 A#1 and B#21 = 425.307
ROUND 1053 A#2 and B#21 = 463.486
ROUND 1054 A#3 and B#21 = 411.857
ROUND 1055 A#4 and B#21 = 420.313
ROUND 1056 A#5 and B#21 = 411.439
ROUND 1057 A#6 and B#21 = 415.722
ROUND 1058 A#7 and B#21 = 413.529
ROUND 1059 A#8 and B#21 = 413.901
ROUND 1060 A#9 and B#21 = 413.834
ROUND 1061 A#10 and B#21 = 491.766
ROUND 1062 A#11 and B#21 = 443.968
ROUND 1063 A#12 and B#21 = 411.313
ROUND 1064 A#13 and B#21 = 394.152
ROUND 1065 A#14 and B#21 = 449.957
ROUND 1066 A#15 and B#21 = 420.199
ROUND 1067 A#16 and B#21 = 454.94
ROUND 1068 A#17 and B#21 = 394.773
ROUND 1069 A#18 and B#21 = 395.166
ROUND 1070 A#19 and B#21 = 462.93
ROUND 1071 A#20 and B#21 = 459.646
ROUND 1072 A#21 and B#21 = 474.727
ROUND 1073 A#22 and B#21 = 429.352
ROUND 1074 A#23 and B#21 = 419.399
ROUND 1075 A#24 and B#21 = 475.353
ROUND 1076 A#25 and B#21 = 414.031
ROUND 1077 A#26 and B#21 = 414.044
ROUND 1078 A#27 and B#21 = 425.776
ROUND 1079 A#28 and B#21 = 470.1
ROUND 1080 A#29 and B#21 = 475.231
ROUND 1081 A#30 and B#21 = 489.349
ROUND 1082 A#31 and B#21 = 456.398
ROUND 1083 A#32 and B#21 = 428.152
ROUND 1084 A#33 and B#21 = 443.254
ROUND 1085 A#34 and B#21 = 414.794
ROUND 1086 A#35 and B#21 = 470.727
ROUND 1087 A#36 and B#21 = 498.362
ROUND 1088 A#37 and B#21 = 442.875
ROUND 1089 A#38 and B#21 = 413.574
ROUND 1090 A#39 and B#21 = 415.271
ROUND 1091 A#40 and B#21 = 493.472
ROUND 1092 A#41 and B#21 = 431.433
ROUND 1093 A#42 and B#21 = 433.376
ROUND 1094 A#43 and B#21 = 418.818
ROUND 1095 A#44 and B#21 = 409.822
ROUND 1096 A#45 and B#21 = 482.04
ROUND 1097 A#46 and B#21 = 457.157
ROUND 1098 A#47 and B#21 = 450.09
ROUND 1099 A#48 and B#21 = 490.098
ROUND 1100 A#49 and B#21 = 448.884
ROUND 1101 A#0 and B#22 = 370.305
ROUND 1102 A#1 and B#22 = 481.206
ROUND 1103 A#2 and B#22 = 382.879
ROUND 1104 A#3 and B#22 = 371.693
ROUND 1105 A#4 and B#22 = 375.844
ROUND 1106 A#5 and B#22 = 376.799
ROUND 1107 A#6 and B#22 = 370.766
ROUND 1108 A#7 and B#22 = 371.794
ROUND 1109 A#8 and B#22 = 372.186
ROUND 1110 A#9 and B#22 = 372.233
ROUND 1111 A#10 and B#22 = 416.274
ROUND 1112 A#11 and B#22 = 383.144
ROUND 1113 A#12 and B#22 = 376.59
ROUND 1114 A#13 and B#22 = 493.687
ROUND 1115 A#14 and B#22 = 454.792
ROUND 1116 A#15 and B#22 = 399.423
ROUND 1117 A#16 and B#22 = 462.03
ROUND 1118 A#17 and B#22 = 395.961
ROUND 1119 A#18 and B#22 = 396.074
ROUND 1120 A#19 and B#22 = 489.115
ROUND 1121 A#20 and B#22 = 434.619
ROUND 1122 A#21 and B#22 = 444.263
ROUND 1123 A#22 and B#22 = 435.224
ROUND 1124 A#23 and B#22 = 404.866
ROUND 1125 A#24 and B#22 = 435.682
ROUND 1126 A#25 and B#22 = 412.208
ROUND 1127 A#26 and B#22 = 412.346
ROUND 1128 A#27 and B#22 = 395.989
ROUND 1129 A#28 and B#22 = 437.653
ROUND 1130 A#29 and B#22 = 412.497
ROUND 1131 A#30 and B#22 = 440.753
ROUND 1132 A#31 and B#22 = 420.578
ROUND 1133 A#32 and B#22 = 483.774
ROUND 1134 A#33 and B#22 = 486.704
ROUND 1135 A#34 and B#22 = 497.908
ROUND 1136 A#35 and B#22 = 394.552
ROUND 1137 A#36 and B#22 = 411.301
ROUND 1138 A#37 and B#22 = 411.301
ROUND 1139 A#38 and B#22 = 426.416
ROUND 1140 A#39 and B#22 = 370.896
ROUND 1141 A#40 and B#22 = 424.748
ROUND 1142 A#41 and B#22 = 482.636
ROUND 1143 A#42 and B#22 = 384.925
ROUND 1144 A#43 and B#22 = 474.294
ROUND 1145 A#44 and B#22 = 415.973
ROUND 1146 A#45 and B#22 = 456.056
ROUND 1147 A#46 and B#22 = 375.449
ROUND 1148 A#47 and B#22 = 470.077
ROUND 1149 A#48 and B#22 = 462.729
ROUND 1150 A#49 and B#22 = 468.957
ROUND 1151 A#0 and B#23 = 490.128
ROUND 1152 A#1 and B#23 = 485.796
ROUND 1153 A#2 and B#23 = 377.342
ROUND 1154 A#3 and B#23 = 516.692
ROUND 1155 A#4 and B#23 = 479.496
ROUND 1156 A#5 and B#23 = 495.009
ROUND 1157 A#6 and B#23 = 455.241
ROUND 1158 A#7 and B#23 = 496.856
ROUND 1159 A#8 and B#23 = 496.607
ROUND 1160 A#9 and B#23 = 496.923
ROUND 1161 A#10 and B#23 = 404.446
ROUND 1162 A#11 and B#23 = 417.532
ROUND 1163 A#12 and B#23 = 502.042
ROUND 1164 A#13 and B#23 = 482.373
ROUND 1165 A#14 and B#23 = 469.725
ROUND 1166 A#15 and B#23 = 440.223
ROUND 1167 A#16 and B#23 = 482.551
ROUND 1168 A#17 and B#23 = 471.646
ROUND 1169 A#18 and B#23 = 472.776
ROUND 1170 A#19 and B#23 = 507.851
ROUND 1171 A#20 and B#23 = 435.605
ROUND 1172 A#21 and B#23 = 372.338
ROUND 1173 A#22 and B#23 = 482.568
ROUND 1174 A#23 and B#23 = 458.439
ROUND 1175 A#24 and B#23 = 444.594
ROUND 1176 A#25 and B#23 = 466.745
ROUND 1177 A#26 and B#23 = 466.758
ROUND 1178 A#27 and B#23 = 449.348
ROUND 1179 A#28 and B#23 = 392.41
ROUND 1180 A#29 and B#23 = 465.012
ROUND 1181 A#30 and B#23 = 441.592
ROUND 1182 A#31 and B#23 = 432.875
ROUND 1183 A#32 and B#23 = 384.169
ROUND 1184 A#33 and B#23 = 507.089
ROUND 1185 A#34 and B#23 = 491.578
ROUND 1186 A#35 and B#23 = 470.094
ROUND 1187 A#36 and B#23 = 464.205
ROUND 1188 A#37 and B#23 = 466.763
ROUND 1189 A#38 and B#23 = 420.274
ROUND 1190 A#39 and B#23 = 481.606
ROUND 1191 A#40 and B#23 = 465.053
ROUND 1192 A#41 and B#23 = 460.82
ROUND 1193 A#42 and B#23 = 462.876
ROUND 1194 A#43 and B#23 = 484.869
ROUND 1195 A#44 and B#23 = 435.588
ROUND 1196 A#45 and B#23 = 468.568
ROUND 1197 A#46 and B#23 = 416.152
ROUND 1198 A#47 and B#23 = 470.411
ROUND 1199 A#48 and B#23 = 472.771
ROUND 1200 A#49 and B#23 = 481.914
ROUND 1201 A#0 and B#24 = 497.59
ROUND 1202 A#1 and B#24 = 498.314
ROUND 1203 A#2 and B#24 = 405.511
ROUND 1204 A#3 and B#24 = 531.132
ROUND 1205 A#4 and B#24 = 522.883
ROUND 1206 A#5 and B#24 = 502.983
ROUND 1207 A#6 and B#24 = 461.24
ROUND 1208 A#7 and B#24 = 504.577
ROUND 1209 A#8 and B#24 = 504.409
ROUND 1210 A#9 and B#24 = 503.783
ROUND 1211 A#10 and B#24 = 475.454
ROUND 1212 A#11 and B#24 = 401.794
ROUND 1213 A#12 and B#24 = 509.667
ROUND 1214 A#13 and B#24 = 488.329
ROUND 1215 A#14 and B#24 = 469.096
ROUND 1216 A#15 and B#24 = 417.255
ROUND 1217 A#16 and B#24 = 488.639
ROUND 1218 A#17 and B#24 = 453.859
ROUND 1219 A#18 and B#24 = 455.024
ROUND 1220 A#19 and B#24 = 492.335
ROUND 1221 A#20 and B#24 = 506.042
ROUND 1222 A#21 and B#24 = 414.012
ROUND 1223 A#22 and B#24 = 484.646
ROUND 1224 A#23 and B#24 = 461.585
ROUND 1225 A#24 and B#24 = 456.922
ROUND 1226 A#25 and B#24 = 442.268
ROUND 1227 A#26 and B#24 = 441.996
ROUND 1228 A#27 and B#24 = 434.315
ROUND 1229 A#28 and B#24 = 409.386
ROUND 1230 A#29 and B#24 = 443.343
ROUND 1231 A#30 and B#24 = 457.736
ROUND 1232 A#31 and B#24 = 452.157
ROUND 1233 A#32 and B#24 = 399.091
ROUND 1234 A#33 and B#24 = 486.692
ROUND 1235 A#34 and B#24 = 490.537
ROUND 1236 A#35 and B#24 = 421.167
ROUND 1237 A#36 and B#24 = 448.613
ROUND 1238 A#37 and B#24 = 444.432
ROUND 1239 A#38 and B#24 = 418.381
ROUND 1240 A#39 and B#24 = 519.694
ROUND 1241 A#40 and B#24 = 464.615
ROUND 1242 A#41 and B#24 = 480.716
ROUND 1243 A#42 and B#24 = 430.097
ROUND 1244 A#43 and B#24 = 458.769
ROUND 1245 A#44 and B#24 = 453.364
ROUND 1246 A#45 and B#24 = 491.472
ROUND 1247 A#46 and B#24 = 460.41
ROUND 1248 A#47 and B#24 = 423.184
ROUND 1249 A#48 and B#24 = 470.82
ROUND 1250 A#49 and B#24 = 439.843
ROUND 1251 A#0 and B#25 = 497.683
ROUND 1252 A#1 and B#25 = 498.212
ROUND 1253 A#2 and B#25 = 405.199
ROUND 1254 A#3 and B#25 = 530.916
ROUND 1255 A#4 and B#25 = 522.378
ROUND 1256 A#5 and B#25 = 502.957
ROUND 1257 A#6 and B#25 = 460.859
ROUND 1258 A#7 and B#25 = 504.495
ROUND 1259 A#8 and B#25 = 504.296
ROUND 1260 A#9 and B#25 = 503.696
ROUND 1261 A#10 and B#25 = 474.809
ROUND 1262 A#11 and B#25 = 401.536
ROUND 1263 A#12 and B#25 = 509.581
ROUND 1264 A#13 and B#25 = 488.372
ROUND 1265 A#14 and B#25 = 468.606
ROUND 1266 A#15 and B#25 = 417.141
ROUND 1267 A#16 and B#25 = 488.654
ROUND 1268 A#17 and B#25 = 456.005
ROUND 1269 A#18 and B#25 = 457.136
ROUND 1270 A#19 and B#25 = 492.448
ROUND 1271 A#20 and B#25 = 505.877
ROUND 1272 A#21 and B#25 = 413.645
ROUND 1273 A#22 and B#25 = 484.996
ROUND 1274 A#23 and B#25 = 462.893
ROUND 1275 A#24 and B#25 = 456.877
ROUND 1276 A#25 and B#25 = 442.388
ROUND 1277 A#26 and B#25 = 442.11
ROUND 1278 A#27 and B#25 = 434.572
ROUND 1279 A#28 and B#25 = 409.228
ROUND 1280 A#29 and B#25 = 443.465
ROUND 1281 A#30 and B#25 = 456.463
ROUND 1282 A#31 and B#25 = 451.795
ROUND 1283 A#32 and B#25 = 398.976
ROUND 1284 A#33 and B#25 = 486.731
ROUND 1285 A#34 and B#25 = 490.508
ROUND 1286 A#35 and B#25 = 420.881
ROUND 1287 A#36 and B#25 = 448.332
ROUND 1288 A#37 and B#25 = 444.092
ROUND 1289 A#38 and B#25 = 418.559
ROUND 1290 A#39 and B#25 = 519.741
ROUND 1291 A#40 and B#25 = 464.238
ROUND 1292 A#41 and B#25 = 481.147
ROUND 1293 A#42 and B#25 = 430.08
ROUND 1294 A#43 and B#25 = 459.286
ROUND 1295 A#44 and B#25 = 453.108
ROUND 1296 A#45 and B#25 = 491.215
ROUND 1297 A#46 and B#25 = 460.261
ROUND 1298 A#47 and B#25 = 422.608
ROUND 1299 A#48 and B#25 = 470.187
ROUND 1300 A#49 and B#25 = 439.94
ROUND 1301 A#0 and B#26 = 400.127
ROUND 1302 A#1 and B#26 = 491.834
ROUND 1303 A#2 and B#26 = 469.881
ROUND 1304 A#3 and B#26 = 390.263
ROUND 1305 A#4 and B#26 = 398.483
ROUND 1306 A#5 and B#26 = 400.165
ROUND 1307 A#6 and B#26 = 395.86
ROUND 1308 A#7 and B#26 = 400.709
ROUND 1309 A#8 and B#26 = 400.809
ROUND 1310 A#9 and B#26 = 400.877
ROUND 1311 A#10 and B#26 = 435.277
ROUND 1312 A#11 and B#26 = 433.89
ROUND 1313 A#12 and B#26 = 400.195
ROUND 1314 A#13 and B#26 = 517.228
ROUND 1315 A#14 and B#26 = 453.643
ROUND 1316 A#15 and B#26 = 397.169
ROUND 1317 A#16 and B#26 = 430.607
ROUND 1318 A#17 and B#26 = 466.964
ROUND 1319 A#18 and B#26 = 466.88
ROUND 1320 A#19 and B#26 = 408.21
ROUND 1321 A#20 and B#26 = 418.082
ROUND 1322 A#21 and B#26 = 475.81
ROUND 1323 A#22 and B#26 = 451.942
ROUND 1324 A#23 and B#26 = 444.758
ROUND 1325 A#24 and B#26 = 450.979
ROUND 1326 A#25 and B#26 = 406.738
ROUND 1327 A#26 and B#26 = 406.41
ROUND 1328 A#27 and B#26 = 389.927
ROUND 1329 A#28 and B#26 = 469.205
ROUND 1330 A#29 and B#26 = 404.545
ROUND 1331 A#30 and B#26 = 407.511
ROUND 1332 A#31 and B#26 = 458.605
ROUND 1333 A#32 and B#26 = 422.631
ROUND 1334 A#33 and B#26 = 429.737
ROUND 1335 A#34 and B#26 = 532.005
ROUND 1336 A#35 and B#26 = 453.882
ROUND 1337 A#36 and B#26 = 459.165
ROUND 1338 A#37 and B#26 = 464.334
ROUND 1339 A#38 and B#26 = 439.554
ROUND 1340 A#39 and B#26 = 393.061
ROUND 1341 A#40 and B#26 = 470.603
ROUND 1342 A#41 and B#26 = 457.13
ROUND 1343 A#42 and B#26 = 477.679
ROUND 1344 A#43 and B#26 = 504.459
ROUND 1345 A#44 and B#26 = 383.963
ROUND 1346 A#45 and B#26 = 492.059
ROUND 1347 A#46 and B#26 = 470.477
ROUND 1348 A#47 and B#26 = 447.371
ROUND 1349 A#48 and B#26 = 479.44
ROUND 1350 A#49 and B#26 = 464.291
ROUND 1351 A#0 and B#27 = 442.355
ROUND 1352 A#1 and B#27 = 404.669
ROUND 1353 A#2 and B#27 = 407.614
ROUND 1354 A#3 and B#27 = 391.272
ROUND 1355 A#4 and B#27 = 393.691
ROUND 1356 A#5 and B#27 = 439.844
ROUND 1357 A#6 and B#27 = 424.439
ROUND 1358 A#7 and B#27 = 438.603
ROUND 1359 A#8 and B#27 = 438.86
ROUND 1360 A#9 and B#27 = 439.276
ROUND 1361 A#10 and B#27 = 395.704
ROUND 1362 A#11 and B#27 = 496.214
ROUND 1363 A#12 and B#27 = 436.418
ROUND 1364 A#13 and B#27 = 460.315
ROUND 1365 A#14 and B#27 = 453.899
ROUND 1366 A#15 and B#27 = 434.497
ROUND 1367 A#16 and B#27 = 415.991
ROUND 1368 A#17 and B#27 = 498.764
ROUND 1369 A#18 and B#27 = 498.844
ROUND 1370 A#19 and B#27 = 423.488
ROUND 1371 A#20 and B#27 = 386.606
ROUND 1372 A#21 and B#27 = 417.069
ROUND 1373 A#22 and B#27 = 496.588
ROUND 1374 A#23 and B#27 = 478.456
ROUND 1375 A#24 and B#27 = 412.844
ROUND 1376 A#25 and B#27 = 503.953
ROUND 1377 A#26 and B#27 = 504.029
ROUND 1378 A#27 and B#27 = 458.341
ROUND 1379 A#28 and B#27 = 404.401
ROUND 1380 A#29 and B#27 = 503.146
ROUND 1381 A#30 and B#27 = 418.622
ROUND 1382 A#31 and B#27 = 431.696
ROUND 1383 A#32 and B#27 = 372.581
ROUND 1384 A#33 and B#27 = 441.794
ROUND 1385 A#34 and B#27 = 436.035
ROUND 1386 A#35 and B#27 = 488.186
ROUND 1387 A#36 and B#27 = 474.301
ROUND 1388 A#37 and B#27 = 476.373
ROUND 1389 A#38 and B#27 = 420.027
ROUND 1390 A#39 and B#27 = 458.134
ROUND 1391 A#40 and B#27 = 474.375
ROUND 1392 A#41 and B#27 = 497.178
ROUND 1393 A#42 and B#27 = 494.28
ROUND 1394 A#43 and B#27 = 471.066
ROUND 1395 A#44 and B#27 = 433.732
ROUND 1396 A#45 and B#27 = 478.31
ROUND 1397 A#46 and B#27 = 425.768
ROUND 1398 A#47 and B#27 = 482.858
ROUND 1399 A#48 and B#27 = 481.601
ROUND 1400 A#49 and B#27 = 366.62
ROUND 1401 A#0 and B#28 = 398.475
ROUND 1402 A#1 and B#28 = 454.979
ROUND 1403 A#2 and B#28 = 475.723
ROUND 1404 A#3 and B#28 = 409.594
ROUND 1405 A#4 and B#28 = 404.701
ROUND 1406 A#5 and B#28 = 400.072
ROUND 1407 A#6 and B#28 = 398.577
ROUND 1408 A#7 and B#28 = 400.151
ROUND 1409 A#8 and B#28 = 400.471
ROUND 1410 A#9 and B#28 = 400.444
ROUND 1411 A#10 and B#28 = 455.632
ROUND 1412 A#11 and B#28 = 516.37
ROUND 1413 A#12 and B#28 = 398.778
ROUND 1414 A#13 and B#28 = 386.206
ROUND 1415 A#14 and B#28 = 446.513
ROUND 1416 A#15 and B#28 = 429.654
ROUND 1417 A#16 and B#28 = 438.131
ROUND 1418 A#17 and B#28 = 422.128
ROUND 1419 A#18 and B#28 = 422.282
ROUND 1420 A#19 and B#28 = 429.125
ROUND 1421 A#20 and B#28 = 443.568
ROUND 1422 A#21 and B#28 = 437.394
ROUND 1423 A#22 and B#28 = 489.966
ROUND 1424 A#23 and B#28 = 408.722
ROUND 1425 A#24 and B#28 = 435.299
ROUND 1426 A#25 and B#28 = 452.389
ROUND 1427 A#26 and B#28 = 474.643
ROUND 1428 A#27 and B#28 = 411.934
ROUND 1429 A#28 and B#28 = 439.575
ROUND 1430 A#29 and B#28 = 475.166
ROUND 1431 A#30 and B#28 = 395.198
ROUND 1432 A#31 and B#28 = 450.182
ROUND 1433 A#32 and B#28 = 508.933
ROUND 1434 A#33 and B#28 = 439.733
ROUND 1435 A#34 and B#28 = 400.185
ROUND 1436 A#35 and B#28 = 529.103
ROUND 1437 A#36 and B#28 = 490.981
ROUND 1438 A#37 and B#28 = 483.53
ROUND 1439 A#38 and B#28 = 402.296
ROUND 1440 A#39 and B#28 = 399.427
ROUND 1441 A#40 and B#28 = 460.808
ROUND 1442 A#41 and B#28 = 459.779
ROUND 1443 A#42 and B#28 = 478.557
ROUND 1444 A#43 and B#28 = 406.404
ROUND 1445 A#44 and B#28 = 351.577
ROUND 1446 A#45 and B#28 = 469.498
ROUND 1447 A#46 and B#28 = 443.983
ROUND 1448 A#47 and B#28 = 486.44
ROUND 1449 A#48 and B#28 = 442.309
ROUND 1450 A#49 and B#28 = 411.516
ROUND 1451 A#0 and B#29 = 395.812
ROUND 1452 A#1 and B#29 = 459.257
ROUND 1453 A#2 and B#29 = 493.974
ROUND 1454 A#3 and B#29 = 369.211
ROUND 1455 A#4 and B#29 = 431.318
ROUND 1456 A#5 and B#29 = 371.406
ROUND 1457 A#6 and B#29 = 475.797
ROUND 1458 A#7 and B#29 = 392.919
ROUND 1459 A#8 and B#29 = 393.097
ROUND 1460 A#9 and B#29 = 393.697
ROUND 1461 A#10 and B#29 = 480.351
ROUND 1462 A#11 and B#29 = 426.345
ROUND 1463 A#12 and B#29 = 371.632
ROUND 1464 A#13 and B#29 = 434.409
ROUND 1465 A#14 and B#29 = 454.202
ROUND 1466 A#15 and B#29 = 357.952
ROUND 1467 A#16 and B#29 = 468.434
ROUND 1468 A#17 and B#29 = 494.916
ROUND 1469 A#18 and B#29 = 494.942
ROUND 1470 A#19 and B#29 = 484.802
ROUND 1471 A#20 and B#29 = 476.264
ROUND 1472 A#21 and B#29 = 495.072
ROUND 1473 A#22 and B#29 = 468.597
ROUND 1474 A#23 and B#29 = 426.643
ROUND 1475 A#24 and B#29 = 447.964
ROUND 1476 A#25 and B#29 = 426.887
ROUND 1477 A#26 and B#29 = 426.81
ROUND 1478 A#27 and B#29 = 381.516
ROUND 1479 A#28 and B#29 = 497.773
ROUND 1480 A#29 and B#29 = 430.226
ROUND 1481 A#30 and B#29 = 414.404
ROUND 1482 A#31 and B#29 = 457.771
ROUND 1483 A#32 and B#29 = 443
ROUND 1484 A#33 and B#29 = 459.837
ROUND 1485 A#34 and B#29 = 432.954
ROUND 1486 A#35 and B#29 = 447.398
ROUND 1487 A#36 and B#29 = 462.477
ROUND 1488 A#37 and B#29 = 430.767
ROUND 1489 A#38 and B#29 = 486.99
ROUND 1490 A#39 and B#29 = 374.909
ROUND 1491 A#40 and B#29 = 464.47
ROUND 1492 A#41 and B#29 = 463.729
ROUND 1493 A#42 and B#29 = 407.442
ROUND 1494 A#43 and B#29 = 410.526
ROUND 1495 A#44 and B#29 = 497.673
ROUND 1496 A#45 and B#29 = 426.939
ROUND 1497 A#46 and B#29 = 448.125
ROUND 1498 A#47 and B#29 = 441.443
ROUND 1499 A#48 and B#29 = 466.255
ROUND 1500 A#49 and B#29 = 450.571
ROUND 1501 A#0 and B#30 = 405.303
ROUND 1502 A#1 and B#30 = 432.066
ROUND 1503 A#2 and B#30 = 477.556
ROUND 1504 A#3 and B#30 = 415.487
ROUND 1505 A#4 and B#30 = 409.022
ROUND 1506 A#5 and B#30 = 406.053
ROUND 1507 A#6 and B#30 = 411.38
ROUND 1508 A#7 and B#30 = 405.5
ROUND 1509 A#8 and B#30 = 405.368
ROUND 1510 A#9 and B#30 = 405.592
ROUND 1511 A#10 and B#30 = 479.145
ROUND 1512 A#11 and B#30 = 441.309
ROUND 1513 A#12 and B#30 = 405.294
ROUND 1514 A#13 and B#30 = 415.684
ROUND 1515 A#14 and B#30 = 380.386
ROUND 1516 A#15 and B#30 = 390.629
ROUND 1517 A#16 and B#30 = 463.814
ROUND 1518 A#17 and B#30 = 438.675
ROUND 1519 A#18 and B#30 = 438.818
ROUND 1520 A#19 and B#30 = 432.501
ROUND 1521 A#20 and B#30 = 435.368
ROUND 1522 A#21 and B#30 = 465.331
ROUND 1523 A#22 and B#30 = 448.588
ROUND 1524 A#23 and B#30 = 433.428
ROUND 1525 A#24 and B#30 = 471.46
ROUND 1526 A#25 and B#30 = 437.467
ROUND 1527 A#26 and B#30 = 437.044
ROUND 1528 A#27 and B#30 = 381.696
ROUND 1529 A#28 and B#30 = 464.362
ROUND 1530 A#29 and B#30 = 438.333
ROUND 1531 A#30 and B#30 = 498.971
ROUND 1532 A#31 and B#30 = 496.141
ROUND 1533 A#32 and B#30 = 430.045
ROUND 1534 A#33 and B#30 = 425.948
ROUND 1535 A#34 and B#30 = 428.341
ROUND 1536 A#35 and B#30 = 484.386
ROUND 1537 A#36 and B#30 = 500.289
ROUND 1538 A#37 and B#30 = 452.214
ROUND 1539 A#38 and B#30 = 432.312
ROUND 1540 A#39 and B#30 = 409.388
ROUND 1541 A#40 and B#30 = 506.013
ROUND 1542 A#41 and B#30 = 435.779
ROUND 1543 A#42 and B#30 = 438.067
ROUND 1544 A#43 and B#30 = 406.93
ROUND 1545 A#44 and B#30 = 461.221
ROUND 1546 A#45 and B#30 = 495.385
ROUND 1547 A#46 and B#30 = 498.107
ROUND 1548 A#47 and B#30 = 453.994
ROUND 1549 A#48 and B#30 = 493.686
ROUND 1550 A#49 and B#30 = 447.913
ROUND 1551 A#0 and B#31 = 497.791
ROUND 1552 A#1 and B#31 = 479.179
ROUND 1553 A#2 and B#31 = 379.735
ROUND 1554 A#3 and B#31 = 519.228
ROUND 1555 A#4 and B#31 = 479.06
ROUND 1556 A#5 and B#31 = 502.552
ROUND 1557 A#6 and B#31 = 459.384
ROUND 1558 A#7 and B#31 = 504.3
ROUND 1559 A#8 and B#31 = 504.071
ROUND 1560 A#9 and B#31 = 504.239
ROUND 1561 A#10 and B#31 = 420.367
ROUND 1562 A#11 and B#31 = 425.519
ROUND 1563 A#12 and B#31 = 509.033
ROUND 1564 A#13 and B#31 = 487.62
ROUND 1565 A#14 and B#31 = 471.701
ROUND 1566 A#15 and B#31 = 444.436
ROUND 1567 A#16 and B#31 = 473.882
ROUND 1568 A#17 and B#31 = 468.508
ROUND 1569 A#18 and B#31 = 470.01
ROUND 1570 A#19 and B#31 = 513.121
ROUND 1571 A#20 and B#31 = 439.243
ROUND 1572 A#21 and B#31 = 401.086
ROUND 1573 A#22 and B#31 = 483.061
ROUND 1574 A#23 and B#31 = 452.802
ROUND 1575 A#24 and B#31 = 436.621
ROUND 1576 A#25 and B#31 = 466.652
ROUND 1577 A#26 and B#31 = 466.494
ROUND 1578 A#27 and B#31 = 451.199
ROUND 1579 A#28 and B#31 = 405.428
ROUND 1580 A#29 and B#31 = 464.436
ROUND 1581 A#30 and B#31 = 439.55
ROUND 1582 A#31 and B#31 = 440.925
ROUND 1583 A#32 and B#31 = 388.268
ROUND 1584 A#33 and B#31 = 511.929
ROUND 1585 A#34 and B#31 = 489.672
ROUND 1586 A#35 and B#31 = 470.809
ROUND 1587 A#36 and B#31 = 464.609
ROUND 1588 A#37 and B#31 = 467.463
ROUND 1589 A#38 and B#31 = 423.649
ROUND 1590 A#39 and B#31 = 488.782
ROUND 1591 A#40 and B#31 = 465.156
ROUND 1592 A#41 and B#31 = 460.326
ROUND 1593 A#42 and B#31 = 463.866
ROUND 1594 A#43 and B#31 = 485.433
ROUND 1595 A#44 and B#31 = 435.107
ROUND 1596 A#45 and B#31 = 467.847
ROUND 1597 A#46 and B#31 = 436.698
ROUND 1598 A#47 and B#31 = 471.308
ROUND 1599 A#48 and B#31 = 473.976
ROUND 1600 A#49 and B#31 = 482.106
ROUND 1601 A#0 and B#32 = 405.768
ROUND 1602 A#1 and B#32 = 432.648
ROUND 1603 A#2 and B#32 = 477.178
ROUND 1604 A#3 and B#32 = 416.255
ROUND 1605 A#4 and B#32 = 409.822
ROUND 1606 A#5 and B#32 = 406.363
ROUND 1607 A#6 and B#32 = 411.674
ROUND 1608 A#7 and B#32 = 405.771
ROUND 1609 A#8 and B#32 = 405.657
ROUND 1610 A#9 and B#32 = 405.842
ROUND 1611 A#10 and B#32 = 478.995
ROUND 1612 A#11 and B#32 = 442.104
ROUND 1613 A#12 and B#32 = 405.544
ROUND 1614 A#13 and B#32 = 415.891
ROUND 1615 A#14 and B#32 = 380.96
ROUND 1616 A#15 and B#32 = 391.278
ROUND 1617 A#16 and B#32 = 463.118
ROUND 1618 A#17 and B#32 = 438.681
ROUND 1619 A#18 and B#32 = 438.935
ROUND 1620 A#19 and B#32 = 432.539
ROUND 1621 A#20 and B#32 = 437.131
ROUND 1622 A#21 and B#32 = 466.047
ROUND 1623 A#22 and B#32 = 448.392
ROUND 1624 A#23 and B#32 = 432.9
ROUND 1625 A#24 and B#32 = 469.735
ROUND 1626 A#25 and B#32 = 436.413
ROUND 1627 A#26 and B#32 = 435.981
ROUND 1628 A#27 and B#32 = 382.541
ROUND 1629 A#28 and B#32 = 465.097
ROUND 1630 A#29 and B#32 = 437.295
ROUND 1631 A#30 and B#32 = 497.556
ROUND 1632 A#31 and B#32 = 495.762
ROUND 1633 A#32 and B#32 = 430.348
ROUND 1634 A#33 and B#32 = 432.763
ROUND 1635 A#34 and B#32 = 429.154
ROUND 1636 A#35 and B#32 = 485.163
ROUND 1637 A#36 and B#32 = 500.137
ROUND 1638 A#37 and B#32 = 451.705
ROUND 1639 A#38 and B#32 = 432.843
ROUND 1640 A#39 and B#32 = 410.201
ROUND 1641 A#40 and B#32 = 505.389
ROUND 1642 A#41 and B#32 = 435.339
ROUND 1643 A#42 and B#32 = 438.229
ROUND 1644 A#43 and B#32 = 406.647
ROUND 1645 A#44 and B#32 = 461.922
ROUND 1646 A#45 and B#32 = 494.212
ROUND 1647 A#46 and B#32 = 498.328
ROUND 1648 A#47 and B#32 = 454.015
ROUND 1649 A#48 and B#32 = 492.518
ROUND 1650 A#49 and B#32 = 446.536
ROUND 1651 A#0 and B#33 = 488.241
ROUND 1652 A#1 and B#33 = 485.894
ROUND 1653 A#2 and B#33 = 377.837
ROUND 1654 A#3 and B#33 = 512.114
ROUND 1655 A#4 and B#33 = 441.174
ROUND 1656 A#5 and B#33 = 492.306
ROUND 1657 A#6 and B#33 = 454.402
ROUND 1658 A#7 and B#33 = 494.195
ROUND 1659 A#8 and B#33 = 493.971
ROUND 1660 A#9 and B#33 = 494.329
ROUND 1661 A#10 and B#33 = 405.023
ROUND 1662 A#11 and B#33 = 417.258
ROUND 1663 A#12 and B#33 = 498.799
ROUND 1664 A#13 and B#33 = 487.06
ROUND 1665 A#14 and B#33 = 464.19
ROUND 1666 A#15 and B#33 = 439.932
ROUND 1667 A#16 and B#33 = 479.858
ROUND 1668 A#17 and B#33 = 475.724
ROUND 1669 A#18 and B#33 = 476.669
ROUND 1670 A#19 and B#33 = 507.843
ROUND 1671 A#20 and B#33 = 435.752
ROUND 1672 A#21 and B#33 = 389.344
ROUND 1673 A#22 and B#33 = 482.261
ROUND 1674 A#23 and B#33 = 460.962
ROUND 1675 A#24 and B#33 = 441.424
ROUND 1676 A#25 and B#33 = 467.186
ROUND 1677 A#26 and B#33 = 467.09
ROUND 1678 A#27 and B#33 = 449.334
ROUND 1679 A#28 and B#33 = 387.781
ROUND 1680 A#29 and B#33 = 465.25
ROUND 1681 A#30 and B#33 = 447.373
ROUND 1682 A#31 and B#33 = 451.56
ROUND 1683 A#32 and B#33 = 384.494
ROUND 1684 A#33 and B#33 = 507.072
ROUND 1685 A#34 and B#33 = 491.442
ROUND 1686 A#35 and B#33 = 470.274
ROUND 1687 A#36 and B#33 = 464.088
ROUND 1688 A#37 and B#33 = 467.255
ROUND 1689 A#38 and B#33 = 420.19
ROUND 1690 A#39 and B#33 = 483.225
ROUND 1691 A#40 and B#33 = 464.944
ROUND 1692 A#41 and B#33 = 460.583
ROUND 1693 A#42 and B#33 = 463.34
ROUND 1694 A#43 and B#33 = 485.163
ROUND 1695 A#44 and B#33 = 435.733
ROUND 1696 A#45 and B#33 = 469.445
ROUND 1697 A#46 and B#33 = 416.325
ROUND 1698 A#47 and B#33 = 470.892
ROUND 1699 A#48 and B#33 = 473.591
ROUND 1700 A#49 and B#33 = 482.186
ROUND 1701 A#0 and B#34 = 402.032
ROUND 1702 A#1 and B#34 = 519.962
ROUND 1703 A#2 and B#34 = 439.288
ROUND 1704 A#3 and B#34 = 389.009
ROUND 1705 A#4 and B#34 = 398.824
ROUND 1706 A#5 and B#34 = 400.59
ROUND 1707 A#6 and B#34 = 397.886
ROUND 1708 A#7 and B#34 = 402.325
ROUND 1709 A#8 and B#34 = 402.406
ROUND 1710 A#9 and B#34 = 402.46
ROUND 1711 A#10 and B#34 = 386.541
ROUND 1712 A#11 and B#34 = 451.952
ROUND 1713 A#12 and B#34 = 400.98
ROUND 1714 A#13 and B#34 = 496.294
ROUND 1715 A#14 and B#34 = 442.051
ROUND 1716 A#15 and B#34 = 374.423
ROUND 1717 A#16 and B#34 = 405.967
ROUND 1718 A#17 and B#34 = 417.761
ROUND 1719 A#18 and B#34 = 418.37
ROUND 1720 A#19 and B#34 = 391.573
ROUND 1721 A#20 and B#34 = 402.655
ROUND 1722 A#21 and B#34 = 477.079
ROUND 1723 A#22 and B#34 = 504.754
ROUND 1724 A#23 and B#34 = 433.401
ROUND 1725 A#24 and B#34 = 408.017
ROUND 1726 A#25 and B#34 = 512.734
ROUND 1727 A#26 and B#34 = 512.763
ROUND 1728 A#27 and B#34 = 368.47
ROUND 1729 A#28 and B#34 = 463.791
ROUND 1730 A#29 and B#34 = 511.29
ROUND 1731 A#30 and B#34 = 390.007
ROUND 1732 A#31 and B#34 = 383.618
ROUND 1733 A#32 and B#34 = 439.59
ROUND 1734 A#33 and B#34 = 411.107
ROUND 1735 A#34 and B#34 = 505.406
ROUND 1736 A#35 and B#34 = 430.447
ROUND 1737 A#36 and B#34 = 485.836
ROUND 1738 A#37 and B#34 = 484.526
ROUND 1739 A#38 and B#34 = 404.345
ROUND 1740 A#39 and B#34 = 394.587
ROUND 1741 A#40 and B#34 = 485.674
ROUND 1742 A#41 and B#34 = 512.83
ROUND 1743 A#42 and B#34 = 466.124
ROUND 1744 A#43 and B#34 = 515.063
ROUND 1745 A#44 and B#34 = 389.322
ROUND 1746 A#45 and B#34 = 494.059
ROUND 1747 A#46 and B#34 = 425.918
ROUND 1748 A#47 and B#34 = 485.034
ROUND 1749 A#48 and B#34 = 487.371
ROUND 1750 A#49 and B#34 = 467.543
ROUND 1751 A#0 and B#35 = 407.427
ROUND 1752 A#1 and B#35 = 441.907
ROUND 1753 A#2 and B#35 = 450.522
ROUND 1754 A#3 and B#35 = 451.785
ROUND 1755 A#4 and B#35 = 415.721
ROUND 1756 A#5 and B#35 = 409.556
ROUND 1757 A#6 and B#35 = 393.482
ROUND 1758 A#7 and B#35 = 403.332
ROUND 1759 A#8 and B#35 = 403.475
ROUND 1760 A#9 and B#35 = 403.127
ROUND 1761 A#10 and B#35 = 411.213
ROUND 1762 A#11 and B#35 = 436.533
ROUND 1763 A#12 and B#35 = 408.934
ROUND 1764 A#13 and B#35 = 476.536
ROUND 1765 A#14 and B#35 = 423.19
ROUND 1766 A#15 and B#35 = 472.366
ROUND 1767 A#16 and B#35 = 423.717
ROUND 1768 A#17 and B#35 = 414.14
ROUND 1769 A#18 and B#35 = 414.862
ROUND 1770 A#19 and B#35 = 393.001
ROUND 1771 A#20 and B#35 = 383.64
ROUND 1772 A#21 and B#35 = 418.731
ROUND 1773 A#22 and B#35 = 480.077
ROUND 1774 A#23 and B#35 = 433.055
ROUND 1775 A#24 and B#35 = 409.384
ROUND 1776 A#25 and B#35 = 431.088
ROUND 1777 A#26 and B#35 = 431.544
ROUND 1778 A#27 and B#35 = 473.711
ROUND 1779 A#28 and B#35 = 418.492
ROUND 1780 A#29 and B#35 = 430.723
ROUND 1781 A#30 and B#35 = 420.726
ROUND 1782 A#31 and B#35 = 463.223
ROUND 1783 A#32 and B#35 = 410.991
ROUND 1784 A#33 and B#35 = 469.768
ROUND 1785 A#34 and B#35 = 454.233
ROUND 1786 A#35 and B#35 = 418.876
ROUND 1787 A#36 and B#35 = 420.866
ROUND 1788 A#37 and B#35 = 416.842
ROUND 1789 A#38 and B#35 = 371.799
ROUND 1790 A#39 and B#35 = 417.147
ROUND 1791 A#40 and B#35 = 420.797
ROUND 1792 A#41 and B#35 = 459.955
ROUND 1793 A#42 and B#35 = 456.697
ROUND 1794 A#43 and B#35 = 541.703
ROUND 1795 A#44 and B#35 = 375.118
ROUND 1796 A#45 and B#35 = 484.979
ROUND 1797 A#46 and B#35 = 446.599
ROUND 1798 A#47 and B#35 = 487.258
ROUND 1799 A#48 and B#35 = 485.307
ROUND 1800 A#49 and B#35 = 493.459
ROUND 1801 A#0 and B#36 = 446.632
ROUND 1802 A#1 and B#36 = 486.78
ROUND 1803 A#2 and B#36 = 463.928
ROUND 1804 A#3 and B#36 = 459.546
ROUND 1805 A#4 and B#36 = 451.421
ROUND 1806 A#5 and B#36 = 446.74
ROUND 1807 A#6 and B#36 = 447.421
ROUND 1808 A#7 and B#36 = 447.091
ROUND 1809 A#8 and B#36 = 447.388
ROUND 1810 A#9 and B#36 = 447.416
ROUND 1811 A#10 and B#36 = 431.642
ROUND 1812 A#11 and B#36 = 498.169
ROUND 1813 A#12 and B#36 = 444.256
ROUND 1814 A#13 and B#36 = 396.491
ROUND 1815 A#14 and B#36 = 421.93
ROUND 1816 A#15 and B#36 = 427.706
ROUND 1817 A#16 and B#36 = 438.899
ROUND 1818 A#17 and B#36 = 409.545
ROUND 1819 A#18 and B#36 = 410.146
ROUND 1820 A#19 and B#36 = 422.769
ROUND 1821 A#20 and B#36 = 414.076
ROUND 1822 A#21 and B#36 = 381.341
ROUND 1823 A#22 and B#36 = 484.499
ROUND 1824 A#23 and B#36 = 400.249
ROUND 1825 A#24 and B#36 = 417.899
ROUND 1826 A#25 and B#36 = 457.811
ROUND 1827 A#26 and B#36 = 457.666
ROUND 1828 A#27 and B#36 = 416.667
ROUND 1829 A#28 and B#36 = 398.792
ROUND 1830 A#29 and B#36 = 458.67
ROUND 1831 A#30 and B#36 = 391.981
ROUND 1832 A#31 and B#36 = 363.606
ROUND 1833 A#32 and B#36 = 462.362
ROUND 1834 A#33 and B#36 = 417.576
ROUND 1835 A#34 and B#36 = 385.479
ROUND 1836 A#35 and B#36 = 486.602
ROUND 1837 A#36 and B#36 = 437.219
ROUND 1838 A#37 and B#36 = 473.174
ROUND 1839 A#38 and B#36 = 381.356
ROUND 1840 A#39 and B#36 = 447.406
ROUND 1841 A#40 and B#36 = 424.542
ROUND 1842 A#41 and B#36 = 475.229
ROUND 1843 A#42 and B#36 = 473.42
ROUND 1844 A#43 and B#36 = 406.928
ROUND 1845 A#44 and B#36 = 383.373
ROUND 1846 A#45 and B#36 = 452.227
ROUND 1847 A#46 and B#36 = 433.532
ROUND 1848 A#47 and B#36 = 482.129
ROUND 1849 A#48 and B#36 = 408.204
ROUND 1850 A#49 and B#36 = 402.392
ROUND 1851 A#0 and B#37 = 394.224
ROUND 1852 A#1 and B#37 = 455.072
ROUND 1853 A#2 and B#37 = 438.978
ROUND 1854 A#3 and B#37 = 414.487
ROUND 1855 A#4 and B#37 = 407.877
ROUND 1856 A#5 and B#37 = 395.628
ROUND 1857 A#6 and B#37 = 410.285
ROUND 1858 A#7 and B#37 = 394.262
ROUND 1859 A#8 and B#37 = 394.342
ROUND 1860 A#9 and B#37 = 394.34
ROUND 1861 A#10 and B#37 = 400.388
ROUND 1862 A#11 and B#37 = 472.08
ROUND 1863 A#12 and B#37 = 396.111
ROUND 1864 A#13 and B#37 = 496.927
ROUND 1865 A#14 and B#37 = 443.483
ROUND 1866 A#15 and B#37 = 372.569
ROUND 1867 A#16 and B#37 = 429.567
ROUND 1868 A#17 and B#37 = 435.674
ROUND 1869 A#18 and B#37 = 435.664
ROUND 1870 A#19 and B#37 = 467.898
ROUND 1871 A#20 and B#37 = 423.297
ROUND 1872 A#21 and B#37 = 484.384
ROUND 1873 A#22 and B#37 = 480.136
ROUND 1874 A#23 and B#37 = 413.411
ROUND 1875 A#24 and B#37 = 392.417
ROUND 1876 A#25 and B#37 = 447.172
ROUND 1877 A#26 and B#37 = 446.592
ROUND 1878 A#27 and B#37 = 447.411
ROUND 1879 A#28 and B#37 = 470.511
ROUND 1880 A#29 and B#37 = 448.162
ROUND 1881 A#30 and B#37 = 409.729
ROUND 1882 A#31 and B#37 = 450.966
ROUND 1883 A#32 and B#37 = 431.301
ROUND 1884 A#33 and B#37 = 500.528
ROUND 1885 A#34 and B#37 = 506.793
ROUND 1886 A#35 and B#37 = 447.086
ROUND 1887 A#36 and B#37 = 435.73
ROUND 1888 A#37 and B#37 = 489.164
ROUND 1889 A#38 and B#37 = 464.17
ROUND 1890 A#39 and B#37 = 409.752
ROUND 1891 A#40 and B#37 = 460.725
ROUND 1892 A#41 and B#37 = 464.337
ROUND 1893 A#42 and B#37 = 472.056
ROUND 1894 A#43 and B#37 = 485.27
ROUND 1895 A#44 and B#37 = 376.422
ROUND 1896 A#45 and B#37 = 500.928
ROUND 1897 A#46 and B#37 = 441.736
ROUND 1898 A#47 and B#37 = 437.372
ROUND 1899 A#48 and B#37 = 471.45
ROUND 1900 A#49 and B#37 = 441.937
ROUND 1901 A#0 and B#38 = 405.54
ROUND 1902 A#1 and B#38 = 432.677
ROUND 1903 A#2 and B#38 = 477.483
ROUND 1904 A#3 and B#38 = 415.459
ROUND 1905 A#4 and B#38 = 409.144
ROUND 1906 A#5 and B#38 = 406.198
ROUND 1907 A#6 and B#38 = 411.742
ROUND 1908 A#7 and B#38 = 405.677
ROUND 1909 A#8 and B#38 = 405.527
ROUND 1910 A#9 and B#38 = 405.741
ROUND 1911 A#10 and B#38 = 479.167
ROUND 1912 A#11 and B#38 = 441.457
ROUND 1913 A#12 and B#38 = 405.471
ROUND 1914 A#13 and B#38 = 415.984
ROUND 1915 A#14 and B#38 = 380.688
ROUND 1916 A#15 and B#38 = 390.902
ROUND 1917 A#16 and B#38 = 464.006
ROUND 1918 A#17 and B#38 = 438.533
ROUND 1919 A#18 and B#38 = 438.668
ROUND 1920 A#19 and B#38 = 432.376
ROUND 1921 A#20 and B#38 = 435.614
ROUND 1922 A#21 and B#38 = 465.106
ROUND 1923 A#22 and B#38 = 449.242
ROUND 1924 A#23 and B#38 = 433.284
ROUND 1925 A#24 and B#38 = 471.225
ROUND 1926 A#25 and B#38 = 437.16
ROUND 1927 A#26 and B#38 = 436.73
ROUND 1928 A#27 and B#38 = 381.911
ROUND 1929 A#28 and B#38 = 464.235
ROUND 1930 A#29 and B#38 = 438.024
ROUND 1931 A#30 and B#38 = 498.959
ROUND 1932 A#31 and B#38 = 495.562
ROUND 1933 A#32 and B#38 = 430.453
ROUND 1934 A#33 and B#38 = 425.939
ROUND 1935 A#34 and B#38 = 428.355
ROUND 1936 A#35 and B#38 = 484.739
ROUND 1937 A#36 and B#38 = 500.362
ROUND 1938 A#37 and B#38 = 451.648
ROUND 1939 A#38 and B#38 = 432.461
ROUND 1940 A#39 and B#38 = 409.427
ROUND 1941 A#40 and B#38 = 505.896
ROUND 1942 A#41 and B#38 = 436.188
ROUND 1943 A#42 and B#38 = 437.866
ROUND 1944 A#43 and B#38 = 406.881
ROUND 1945 A#44 and B#38 = 461.788
ROUND 1946 A#45 and B#38 = 494.761
ROUND 1947 A#46 and B#38 = 498.063
ROUND 1948 A#47 and B#38 = 454.067
ROUND 1949 A#48 and B#38 = 493.122
ROUND 1950 A#49 and B#38 = 447.743
ROUND 1951 A#0 and B#39 = 495.105
ROUND 1952 A#1 and B#39 = 518.854
ROUND 1953 A#2 and B#39 = 416.887
ROUND 1954 A#3 and B#39 = 531.813
ROUND 1955 A#4 and B#39 = 528.2
ROUND 1956 A#5 and B#39 = 504.279
ROUND 1957 A#6 and B#39 = 470.041
ROUND 1958 A#7 and B#39 = 502.677
ROUND 1959 A#8 and B#39 = 502.511
ROUND 1960 A#9 and B#39 = 501.948
ROUND 1961 A#10 and B#39 = 488.002
ROUND 1962 A#11 and B#39 = 397.299
ROUND 1963 A#12 and B#39 = 511.455
ROUND 1964 A#13 and B#39 = 498.674
ROUND 1965 A#14 and B#39 = 471.306
ROUND 1966 A#15 and B#39 = 409.713
ROUND 1967 A#16 and B#39 = 500.873
ROUND 1968 A#17 and B#39 = 460.748
ROUND 1969 A#18 and B#39 = 462.261
ROUND 1970 A#19 and B#39 = 493.941
ROUND 1971 A#20 and B#39 = 508.06
ROUND 1972 A#21 and B#39 = 413.7
ROUND 1973 A#22 and B#39 = 481.821
ROUND 1974 A#23 and B#39 = 471
ROUND 1975 A#24 and B#39 = 470.987
ROUND 1976 A#25 and B#39 = 425.418
ROUND 1977 A#26 and B#39 = 425.276
ROUND 1978 A#27 and B#39 = 424.004
ROUND 1979 A#28 and B#39 = 410.384
ROUND 1980 A#29 and B#39 = 426.617
ROUND 1981 A#30 and B#39 = 459.129
ROUND 1982 A#31 and B#39 = 450.956
ROUND 1983 A#32 and B#39 = 489.144
ROUND 1984 A#33 and B#39 = 488.674
ROUND 1985 A#34 and B#39 = 495.113
ROUND 1986 A#35 and B#39 = 427.161
ROUND 1987 A#36 and B#39 = 454.896
ROUND 1988 A#37 and B#39 = 421.445
ROUND 1989 A#38 and B#39 = 419.569
ROUND 1990 A#39 and B#39 = 516.65
ROUND 1991 A#40 and B#39 = 461.858
ROUND 1992 A#41 and B#39 = 491.86
ROUND 1993 A#42 and B#39 = 431.267
ROUND 1994 A#43 and B#39 = 462.94
ROUND 1995 A#44 and B#39 = 442.301
ROUND 1996 A#45 and B#39 = 459.291
ROUND 1997 A#46 and B#39 = 448.447
ROUND 1998 A#47 and B#39 = 430.237
ROUND 1999 A#48 and B#39 = 430.225
ROUND 2000 A#49 and B#39 = 440.292
ROUND 2001 A#0 and B#40 = 408.215
ROUND 2002 A#1 and B#40 = 444.16
ROUND 2003 A#2 and B#40 = 450.428
ROUND 2004 A#3 and B#40 = 451.901
ROUND 2005 A#4 and B#40 = 415.208
ROUND 2006 A#5 and B#40 = 409.316
ROUND 2007 A#6 and B#40 = 392.863
ROUND 2008 A#7 and B#40 = 404.051
ROUND 2009 A#8 and B#40 = 404.185
ROUND 2010 A#9 and B#40 = 403.841
ROUND 2011 A#10 and B#40 = 411.084
ROUND 2012 A#11 and B#40 = 437.772
ROUND 2013 A#12 and B#40 = 408.69
ROUND 2014 A#13 and B#40 = 477.564
ROUND 2015 A#14 and B#40 = 424.363
ROUND 2016 A#15 and B#40 = 472.464
ROUND 2017 A#16 and B#40 = 424.635
ROUND 2018 A#17 and B#40 = 414.633
ROUND 2019 A#18 and B#40 = 415.377
ROUND 2020 A#19 and B#40 = 394.851
ROUND 2021 A#20 and B#40 = 384.447
ROUND 2022 A#21 and B#40 = 420.406
ROUND 2023 A#22 and B#40 = 480.694
ROUND 2024 A#23 and B#40 = 433.554
ROUND 2025 A#24 and B#40 = 409.922
ROUND 2026 A#25 and B#40 = 431.898
ROUND 2027 A#26 and B#40 = 432.347
ROUND 2028 A#27 and B#40 = 474.162
ROUND 2029 A#28 and B#40 = 420.001
ROUND 2030 A#29 and B#40 = 431.324
ROUND 2031 A#30 and B#40 = 420.479
ROUND 2032 A#31 and B#40 = 463.005
ROUND 2033 A#32 and B#40 = 411.28
ROUND 2034 A#33 and B#40 = 469.579
ROUND 2035 A#34 and B#40 = 453.395
ROUND 2036 A#35 and B#40 = 419.289
ROUND 2037 A#36 and B#40 = 486.74
ROUND 2038 A#37 and B#40 = 416.991
ROUND 2039 A#38 and B#40 = 372.161
ROUND 2040 A#39 and B#40 = 417.51
ROUND 2041 A#40 and B#40 = 421.281
ROUND 2042 A#41 and B#40 = 459.134
ROUND 2043 A#42 and B#40 = 457.883
ROUND 2044 A#43 and B#40 = 542.753
ROUND 2045 A#44 and B#40 = 375.081
ROUND 2046 A#45 and B#40 = 485.147
ROUND 2047 A#46 and B#40 = 446.503
ROUND 2048 A#47 and B#40 = 487.207
ROUND 2049 A#48 and B#40 = 486.092
ROUND 2050 A#49 and B#40 = 493.273
ROUND 2051 A#0 and B#41 = 370.374
ROUND 2052 A#1 and B#41 = 483.704
ROUND 2053 A#2 and B#41 = 385.707
ROUND 2054 A#3 and B#41 = 499.08
ROUND 2055 A#4 and B#41 = 372.642
ROUND 2056 A#5 and B#41 = 376.297
ROUND 2057 A#6 and B#41 = 370.253
ROUND 2058 A#7 and B#41 = 371.579
ROUND 2059 A#8 and B#41 = 371.982
ROUND 2060 A#9 and B#41 = 372.052
ROUND 2061 A#10 and B#41 = 421.602
ROUND 2062 A#11 and B#41 = 397.088
ROUND 2063 A#12 and B#41 = 376.031
ROUND 2064 A#13 and B#41 = 491.869
ROUND 2065 A#14 and B#41 = 458.924
ROUND 2066 A#15 and B#41 = 409.975
ROUND 2067 A#16 and B#41 = 470.523
ROUND 2068 A#17 and B#41 = 400.12
ROUND 2069 A#18 and B#41 = 400.434
ROUND 2070 A#19 and B#41 = 495.289
ROUND 2071 A#20 and B#41 = 358.349
ROUND 2072 A#21 and B#41 = 447.336
ROUND 2073 A#22 and B#41 = 477.751
ROUND 2074 A#23 and B#41 = 410.901
ROUND 2075 A#24 and B#41 = 443.197
ROUND 2076 A#25 and B#41 = 443.503
ROUND 2077 A#26 and B#41 = 443.495
ROUND 2078 A#27 and B#41 = 405.583
ROUND 2079 A#28 and B#41 = 441.427
ROUND 2080 A#29 and B#41 = 405.595
ROUND 2081 A#30 and B#41 = 444.364
ROUND 2082 A#31 and B#41 = 423.095
ROUND 2083 A#32 and B#41 = 477.68
ROUND 2084 A#33 and B#41 = 490.475
ROUND 2085 A#34 and B#41 = 497.541
ROUND 2086 A#35 and B#41 = 477.827
ROUND 2087 A#36 and B#41 = 478.034
ROUND 2088 A#37 and B#41 = 412.202
ROUND 2089 A#38 and B#41 = 423.741
ROUND 2090 A#39 and B#41 = 496.301
ROUND 2091 A#40 and B#41 = 478.409
ROUND 2092 A#41 and B#41 = 485.649
ROUND 2093 A#42 and B#41 = 469.644
ROUND 2094 A#43 and B#41 = 475.05
ROUND 2095 A#44 and B#41 = 372.082
ROUND 2096 A#45 and B#41 = 444.578
ROUND 2097 A#46 and B#41 = 423.414
ROUND 2098 A#47 and B#41 = 482.584
ROUND 2099 A#48 and B#41 = 479.027
ROUND 2100 A#49 and B#41 = 488.978
ROUND 2101 A#0 and B#42 = 496.268
ROUND 2102 A#1 and B#42 = 518.97
ROUND 2103 A#2 and B#42 = 416.368
ROUND 2104 A#3 and B#42 = 532.016
ROUND 2105 A#4 and B#42 = 527.277
ROUND 2106 A#5 and B#42 = 504.798
ROUND 2107 A#6 and B#42 = 468.919
ROUND 2108 A#7 and B#42 = 503.23
ROUND 2109 A#8 and B#42 = 503.044
ROUND 2110 A#9 and B#42 = 502.529
ROUND 2111 A#10 and B#42 = 486.894
ROUND 2112 A#11 and B#42 = 397.695
ROUND 2113 A#12 and B#42 = 511.496
ROUND 2114 A#13 and B#42 = 498.834
ROUND 2115 A#14 and B#42 = 469.752
ROUND 2116 A#15 and B#42 = 410.184
ROUND 2117 A#16 and B#42 = 498.033
ROUND 2118 A#17 and B#42 = 459.735
ROUND 2119 A#18 and B#42 = 461.506
ROUND 2120 A#19 and B#42 = 493.364
ROUND 2121 A#20 and B#42 = 507.739
ROUND 2122 A#21 and B#42 = 413.31
ROUND 2123 A#22 and B#42 = 481.866
ROUND 2124 A#23 and B#42 = 469.682
ROUND 2125 A#24 and B#42 = 467.969
ROUND 2126 A#25 and B#42 = 426.133
ROUND 2127 A#26 and B#42 = 425.959
ROUND 2128 A#27 and B#42 = 423.662
ROUND 2129 A#28 and B#42 = 412.177
ROUND 2130 A#29 and B#42 = 427.147
ROUND 2131 A#30 and B#42 = 463.834
ROUND 2132 A#31 and B#42 = 448.157
ROUND 2133 A#32 and B#42 = 492.589
ROUND 2134 A#33 and B#42 = 488.319
ROUND 2135 A#34 and B#42 = 494.418
ROUND 2136 A#35 and B#42 = 425.635
ROUND 2137 A#36 and B#42 = 454.164
ROUND 2138 A#37 and B#42 = 419.644
ROUND 2139 A#38 and B#42 = 419.002
ROUND 2140 A#39 and B#42 = 516.951
ROUND 2141 A#40 and B#42 = 461.199
ROUND 2142 A#41 and B#42 = 492.911
ROUND 2143 A#42 and B#42 = 431.754
ROUND 2144 A#43 and B#42 = 463.536
ROUND 2145 A#44 and B#42 = 441.603
ROUND 2146 A#45 and B#42 = 458.974
ROUND 2147 A#46 and B#42 = 447.871
ROUND 2148 A#47 and B#42 = 429.629
ROUND 2149 A#48 and B#42 = 430.533
ROUND 2150 A#49 and B#42 = 440.201
ROUND 2151 A#0 and B#43 = 493.974
ROUND 2152 A#1 and B#43 = 514.325
ROUND 2153 A#2 and B#43 = 433.388
ROUND 2154 A#3 and B#43 = 530.217
ROUND 2155 A#4 and B#43 = 509.576
ROUND 2156 A#5 and B#43 = 497.435
ROUND 2157 A#6 and B#43 = 451.393
ROUND 2158 A#7 and B#43 = 498.825
ROUND 2159 A#8 and B#43 = 498.596
ROUND 2160 A#9 and B#43 = 498.168
ROUND 2161 A#10 and B#43 = 455.298
ROUND 2162 A#11 and B#43 = 399.698
ROUND 2163 A#12 and B#43 = 503.937
ROUND 2164 A#13 and B#43 = 497.785
ROUND 2165 A#14 and B#43 = 468.644
ROUND 2166 A#15 and B#43 = 412.039
ROUND 2167 A#16 and B#43 = 498.109
ROUND 2168 A#17 and B#43 = 461.046
ROUND 2169 A#18 and B#43 = 462.756
ROUND 2170 A#19 and B#43 = 497.772
ROUND 2171 A#20 and B#43 = 484.742
ROUND 2172 A#21 and B#43 = 413.515
ROUND 2173 A#22 and B#43 = 472.879
ROUND 2174 A#23 and B#43 = 469.566
ROUND 2175 A#24 and B#43 = 467.209
ROUND 2176 A#25 and B#43 = 458.66
ROUND 2177 A#26 and B#43 = 458.629
ROUND 2178 A#27 and B#43 = 427.554
ROUND 2179 A#28 and B#43 = 412.468
ROUND 2180 A#29 and B#43 = 455.374
ROUND 2181 A#30 and B#43 = 457.551
ROUND 2182 A#31 and B#43 = 439.661
ROUND 2183 A#32 and B#43 = 386.164
ROUND 2184 A#33 and B#43 = 493.43
ROUND 2185 A#34 and B#43 = 496.32
ROUND 2186 A#35 and B#43 = 466.093
ROUND 2187 A#36 and B#43 = 463.901
ROUND 2188 A#37 and B#43 = 465.314
ROUND 2189 A#38 and B#43 = 419.148
ROUND 2190 A#39 and B#43 = 510.402
ROUND 2191 A#40 and B#43 = 464.056
ROUND 2192 A#41 and B#43 = 476.682
ROUND 2193 A#42 and B#43 = 433.786
ROUND 2194 A#43 and B#43 = 474.55
ROUND 2195 A#44 and B#43 = 434.71
ROUND 2196 A#45 and B#43 = 467.228
ROUND 2197 A#46 and B#43 = 445.486
ROUND 2198 A#47 and B#43 = 467.22
ROUND 2199 A#48 and B#43 = 466.554
ROUND 2200 A#49 and B#43 = 473.121
ROUND 2201 A#0 and B#44 = 401.103
ROUND 2202 A#1 and B#44 = 514.054
ROUND 2203 A#2 and B#44 = 436.971
ROUND 2204 A#3 and B#44 = 441.324
ROUND 2205 A#4 and B#44 = 397.108
ROUND 2206 A#5 and B#44 = 402.63
ROUND 2207 A#6 and B#44 = 395.141
ROUND 2208 A#7 and B#44 = 401.396
ROUND 2209 A#8 and B#44 = 401.479
ROUND 2210 A#9 and B#44 = 401.508
ROUND 2211 A#10 and B#44 = 393.854
ROUND 2212 A#11 and B#44 = 471.555
ROUND 2213 A#12 and B#44 = 403.075
ROUND 2214 A#13 and B#44 = 499.176
ROUND 2215 A#14 and B#44 = 453.632
ROUND 2216 A#15 and B#44 = 373.74
ROUND 2217 A#16 and B#44 = 432.326
ROUND 2218 A#17 and B#44 = 434.998
ROUND 2219 A#18 and B#44 = 434.963
ROUND 2220 A#19 and B#44 = 461.168
ROUND 2221 A#20 and B#44 = 408.271
ROUND 2222 A#21 and B#44 = 488.251
ROUND 2223 A#22 and B#44 = 471.212
ROUND 2224 A#23 and B#44 = 414.254
ROUND 2225 A#24 and B#44 = 421.534
ROUND 2226 A#25 and B#44 = 509.693
ROUND 2227 A#26 and B#44 = 509.722
ROUND 2228 A#27 and B#44 = 461.422
ROUND 2229 A#28 and B#44 = 474.07
ROUND 2230 A#29 and B#44 = 507.964
ROUND 2231 A#30 and B#44 = 374.735
ROUND 2232 A#31 and B#44 = 471.742
ROUND 2233 A#32 and B#44 = 429.018
ROUND 2234 A#33 and B#44 = 490.337
ROUND 2235 A#34 and B#44 = 507.798
ROUND 2236 A#35 and B#44 = 448.715
ROUND 2237 A#36 and B#44 = 470.359
ROUND 2238 A#37 and B#44 = 488.056
ROUND 2239 A#38 and B#44 = 463.261
ROUND 2240 A#39 and B#44 = 394.86
ROUND 2241 A#40 and B#44 = 470.884
ROUND 2242 A#41 and B#44 = 472.412
ROUND 2243 A#42 and B#44 = 469.489
ROUND 2244 A#43 and B#44 = 510.931
ROUND 2245 A#44 and B#44 = 385.056
ROUND 2246 A#45 and B#44 = 492.95
ROUND 2247 A#46 and B#44 = 444.169
ROUND 2248 A#47 and B#44 = 476.931
ROUND 2249 A#48 and B#44 = 472.751
ROUND 2250 A#49 and B#44 = 463.325
ROUND 2251 A#0 and B#45 = 403.993
ROUND 2252 A#1 and B#45 = 509.187
ROUND 2253 A#2 and B#45 = 382.979
ROUND 2254 A#3 and B#45 = 391.71
ROUND 2255 A#4 and B#45 = 398.482
ROUND 2256 A#5 and B#45 = 404.958
ROUND 2257 A#6 and B#45 = 398.407
ROUND 2258 A#7 and B#45 = 404.267
ROUND 2259 A#8 and B#45 = 404.33
ROUND 2260 A#9 and B#45 = 404.37
ROUND 2261 A#10 and B#45 = 385.68
ROUND 2262 A#11 and B#45 = 451.099
ROUND 2263 A#12 and B#45 = 405.347
ROUND 2264 A#13 and B#45 = 494.672
ROUND 2265 A#14 and B#45 = 436.31
ROUND 2266 A#15 and B#45 = 375.889
ROUND 2267 A#16 and B#45 = 409.013
ROUND 2268 A#17 and B#45 = 414.793
ROUND 2269 A#18 and B#45 = 415.647
ROUND 2270 A#19 and B#45 = 387.819
ROUND 2271 A#20 and B#45 = 395.813
ROUND 2272 A#21 and B#45 = 472.004
ROUND 2273 A#22 and B#45 = 482.166
ROUND 2274 A#23 and B#45 = 471.328
ROUND 2275 A#24 and B#45 = 408.124
ROUND 2276 A#25 and B#45 = 508.237
ROUND 2277 A#26 and B#45 = 508.307
ROUND 2278 A#27 and B#45 = 369.942
ROUND 2279 A#28 and B#45 = 457.694
ROUND 2280 A#29 and B#45 = 506.558
ROUND 2281 A#30 and B#45 = 379.287
ROUND 2282 A#31 and B#45 = 384.227
ROUND 2283 A#32 and B#45 = 370.973
ROUND 2284 A#33 and B#45 = 407.368
ROUND 2285 A#34 and B#45 = 414.951
ROUND 2286 A#35 and B#45 = 444.805
ROUND 2287 A#36 and B#45 = 379.158
ROUND 2288 A#37 and B#45 = 475.146
ROUND 2289 A#38 and B#45 = 386.198
ROUND 2290 A#39 and B#45 = 396.825
ROUND 2291 A#40 and B#45 = 395.147
ROUND 2292 A#41 and B#45 = 487.595
ROUND 2293 A#42 and B#45 = 464.844
ROUND 2294 A#43 and B#45 = 508.23
ROUND 2295 A#44 and B#45 = 387.948
ROUND 2296 A#45 and B#45 = 495.379
ROUND 2297 A#46 and B#45 = 369.096
ROUND 2298 A#47 and B#45 = 492.095
ROUND 2299 A#48 and B#45 = 486.892
ROUND 2300 A#49 and B#45 = 463.18
ROUND 2301 A#0 and B#46 = 405.345
ROUND 2302 A#1 and B#46 = 509.894
ROUND 2303 A#2 and B#46 = 479.909
ROUND 2304 A#3 and B#46 = 410.531
ROUND 2305 A#4 and B#46 = 407.522
ROUND 2306 A#5 and B#46 = 405.533
ROUND 2307 A#6 and B#46 = 411.183
ROUND 2308 A#7 and B#46 = 404.858
ROUND 2309 A#8 and B#46 = 404.869
ROUND 2310 A#9 and B#46 = 405.109
ROUND 2311 A#10 and B#46 = 478.943
ROUND 2312 A#11 and B#46 = 448.756
ROUND 2313 A#12 and B#46 = 405.628
ROUND 2314 A#13 and B#46 = 505.494
ROUND 2315 A#14 and B#46 = 427.183
ROUND 2316 A#15 and B#46 = 385.667
ROUND 2317 A#16 and B#46 = 476.636
ROUND 2318 A#17 and B#46 = 430.413
ROUND 2319 A#18 and B#46 = 430.841
ROUND 2320 A#19 and B#46 = 443.582
ROUND 2321 A#20 and B#46 = 526.104
ROUND 2322 A#21 and B#46 = 414.411
ROUND 2323 A#22 and B#46 = 449.494
ROUND 2324 A#23 and B#46 = 447.054
ROUND 2325 A#24 and B#46 = 470.446
ROUND 2326 A#25 and B#46 = 438.708
ROUND 2327 A#26 and B#46 = 438.227
ROUND 2328 A#27 and B#46 = 382.497
ROUND 2329 A#28 and B#46 = 464.875
ROUND 2330 A#29 and B#46 = 439.728
ROUND 2331 A#30 and B#46 = 500.388
ROUND 2332 A#31 and B#46 = 494.756
ROUND 2333 A#32 and B#46 = 454.01
ROUND 2334 A#33 and B#46 = 426.877
ROUND 2335 A#34 and B#46 = 509.091
ROUND 2336 A#35 and B#46 = 487.564
ROUND 2337 A#36 and B#46 = 503.56
ROUND 2338 A#37 and B#46 = 452.936
ROUND 2339 A#38 and B#46 = 475.887
ROUND 2340 A#39 and B#46 = 405.361
ROUND 2341 A#40 and B#46 = 524.449
ROUND 2342 A#41 and B#46 = 437.227
ROUND 2343 A#42 and B#46 = 439
ROUND 2344 A#43 and B#46 = 387.149
ROUND 2345 A#44 and B#46 = 465.512
ROUND 2346 A#45 and B#46 = 501.32
ROUND 2347 A#46 and B#46 = 502.29
ROUND 2348 A#47 and B#46 = 457.485
ROUND 2349 A#48 and B#46 = 502.979
ROUND 2350 A#49 and B#46 = 529.814
ROUND 2351 A#0 and B#47 = 404.744
ROUND 2352 A#1 and B#47 = 456.667
ROUND 2353 A#2 and B#47 = 441.691
ROUND 2354 A#3 and B#47 = 461.21
ROUND 2355 A#4 and B#47 = 412.068
ROUND 2356 A#5 and B#47 = 407.291
ROUND 2357 A#6 and B#47 = 412.492
ROUND 2358 A#7 and B#47 = 407.615
ROUND 2359 A#8 and B#47 = 407.578
ROUND 2360 A#9 and B#47 = 407.782
ROUND 2361 A#10 and B#47 = 395.524
ROUND 2362 A#11 and B#47 = 476.512
ROUND 2363 A#12 and B#47 = 406.602
ROUND 2364 A#13 and B#47 = 495.756
ROUND 2365 A#14 and B#47 = 451.855
ROUND 2366 A#15 and B#47 = 373.372
ROUND 2367 A#16 and B#47 = 429.159
ROUND 2368 A#17 and B#47 = 434.448
ROUND 2369 A#18 and B#47 = 434.376
ROUND 2370 A#19 and B#47 = 489.435
ROUND 2371 A#20 and B#47 = 429.643
ROUND 2372 A#21 and B#47 = 478.078
ROUND 2373 A#22 and B#47 = 482.148
ROUND 2374 A#23 and B#47 = 411.654
ROUND 2375 A#24 and B#47 = 392.163
ROUND 2376 A#25 and B#47 = 484.011
ROUND 2377 A#26 and B#47 = 484.211
ROUND 2378 A#27 and B#47 = 450.527
ROUND 2379 A#28 and B#47 = 463.287
ROUND 2380 A#29 and B#47 = 482.862
ROUND 2381 A#30 and B#47 = 438.242
ROUND 2382 A#31 and B#47 = 474.822
ROUND 2383 A#32 and B#47 = 430.56
ROUND 2384 A#33 and B#47 = 508.881
ROUND 2385 A#34 and B#47 = 522.583
ROUND 2386 A#35 and B#47 = 451.813
ROUND 2387 A#36 and B#47 = 441.266
ROUND 2388 A#37 and B#47 = 490.239
ROUND 2389 A#38 and B#47 = 478.85
ROUND 2390 A#39 and B#47 = 413.044
ROUND 2391 A#40 and B#47 = 454.989
ROUND 2392 A#41 and B#47 = 462.532
ROUND 2393 A#42 and B#47 = 476.821
ROUND 2394 A#43 and B#47 = 491.702
ROUND 2395 A#44 and B#47 = 409.141
ROUND 2396 A#45 and B#47 = 492.441
ROUND 2397 A#46 and B#47 = 438.575
ROUND 2398 A#47 and B#47 = 468.939
ROUND 2399 A#48 and B#47 = 467.121
ROUND 2400 A#49 and B#47 = 444.56
ROUND 2401 A#0 and B#48 = 401.289
ROUND 2402 A#1 and B#48 = 516.842
ROUND 2403 A#2 and B#48 = 443.203
ROUND 2404 A#3 and B#48 = 440.693
ROUND 2405 A#4 and B#48 = 398.481
ROUND 2406 A#5 and B#48 = 402.782
ROUND 2407 A#6 and B#48 = 450.451
ROUND 2408 A#7 and B#48 = 401.62
ROUND 2409 A#8 and B#48 = 401.713
ROUND 2410 A#9 and B#48 = 401.733
ROUND 2411 A#10 and B#48 = 394.085
ROUND 2412 A#11 and B#48 = 476.83
ROUND 2413 A#12 and B#48 = 403.201
ROUND 2414 A#13 and B#48 = 498.711
ROUND 2415 A#14 and B#48 = 454.955
ROUND 2416 A#15 and B#48 = 374.848
ROUND 2417 A#16 and B#48 = 431.071
ROUND 2418 A#17 and B#48 = 435.724
ROUND 2419 A#18 and B#48 = 435.704
ROUND 2420 A#19 and B#48 = 460.073
ROUND 2421 A#20 and B#48 = 415.974
ROUND 2422 A#21 and B#48 = 479.572
ROUND 2423 A#22 and B#48 = 472.201
ROUND 2424 A#23 and B#48 = 413.081
ROUND 2425 A#24 and B#48 = 415.905
ROUND 2426 A#25 and B#48 = 510.178
ROUND 2427 A#26 and B#48 = 510.23
ROUND 2428 A#27 and B#48 = 460.149
ROUND 2429 A#28 and B#48 = 465.205
ROUND 2430 A#29 and B#48 = 508.467
ROUND 2431 A#30 and B#48 = 374.604
ROUND 2432 A#31 and B#48 = 474.025
ROUND 2433 A#32 and B#48 = 431.457
ROUND 2434 A#33 and B#48 = 491.04
ROUND 2435 A#34 and B#48 = 507.485
ROUND 2436 A#35 and B#48 = 453.008
ROUND 2437 A#36 and B#48 = 471.592
ROUND 2438 A#37 and B#48 = 490.843
ROUND 2439 A#38 and B#48 = 465.045
ROUND 2440 A#39 and B#48 = 395.238
ROUND 2441 A#40 and B#48 = 472.192
ROUND 2442 A#41 and B#48 = 472.852
ROUND 2443 A#42 and B#48 = 477.719
ROUND 2444 A#43 and B#48 = 509.993
ROUND 2445 A#44 and B#48 = 386.33
ROUND 2446 A#45 and B#48 = 493.223
ROUND 2447 A#46 and B#48 = 440.869
ROUND 2448 A#47 and B#48 = 479.202
ROUND 2449 A#48 and B#48 = 473.921
ROUND 2450 A#49 and B#48 = 464.947
ROUND 2451 A#0 and B#49 = 493.01
ROUND 2452 A#1 and B#49 = 436.943
ROUND 2453 A#2 and B#49 = 411.549
ROUND 2454 A#3 and B#49 = 491.676
ROUND 2455 A#4 and B#49 = 490.333
ROUND 2456 A#5 and B#49 = 493.577
ROUND 2457 A#6 and B#49 = 489.605
ROUND 2458 A#7 and B#49 = 497.102
ROUND 2459 A#8 and B#49 = 496.945
ROUND 2460 A#9 and B#49 = 497.104
ROUND 2461 A#10 and B#49 = 462.434
ROUND 2462 A#11 and B#49 = 413.645
ROUND 2463 A#12 and B#49 = 500.463
ROUND 2464 A#13 and B#49 = 413.467
ROUND 2465 A#14 and B#49 = 362.954
ROUND 2466 A#15 and B#49 = 433.008
ROUND 2467 A#16 and B#49 = 409.697
ROUND 2468 A#17 and B#49 = 378.823
ROUND 2469 A#18 and B#49 = 378.731
ROUND 2470 A#19 and B#49 = 377.357
ROUND 2471 A#20 and B#49 = 357.778
ROUND 2472 A#21 and B#49 = 417.786
ROUND 2473 A#22 and B#49 = 384.557
ROUND 2474 A#23 and B#49 = 386.667
ROUND 2475 A#24 and B#49 = 411.126
ROUND 2476 A#25 and B#49 = 444.23
ROUND 2477 A#26 and B#49 = 444.381
ROUND 2478 A#27 and B#49 = 417.822
ROUND 2479 A#28 and B#49 = 416.319
ROUND 2480 A#29 and B#49 = 444.949
ROUND 2481 A#30 and B#49 = 378.831
ROUND 2482 A#31 and B#49 = 354.005
ROUND 2483 A#32 and B#49 = 448.09
ROUND 2484 A#33 and B#49 = 397.285
ROUND 2485 A#34 and B#49 = 475.088
ROUND 2486 A#35 and B#49 = 421.537
ROUND 2487 A#36 and B#49 = 432.966
ROUND 2488 A#37 and B#49 = 427.868
ROUND 2489 A#38 and B#49 = 394.074
ROUND 2490 A#39 and B#49 = 491.991
ROUND 2491 A#40 and B#49 = 434.716
ROUND 2492 A#41 and B#49 = 452.338
ROUND 2493 A#42 and B#49 = 430.903
ROUND 2494 A#43 and B#49 = 450.076
ROUND 2495 A#44 and B#49 = 464.586
ROUND 2496 A#45 and B#49 = 432.861
ROUND 2497 A#46 and B#49 = 439.412
ROUND 2498 A#47 and B#49 = 429.543
ROUND 2499 A#48 and B#49 = 433.795
ROUND 2500 A#49 and B#49 = 446.026

The best overlap is between conformer A#43 and B#40, which, after PCA followed by Steepest Descent, produces a volume overlap of 542.753
Tanimoto (Hodgkin) similarity index: 0.420925

Saving those best conformers to file...
WRITING MOLECULE TO FILE '../ALL_PAIRS_BQ123_AS_REFERENCE/ROKS2/BQ123-Nebentan.mol2' (WILL OVERWRITE EXISTING FILE IF ANY)...
WRITING MOLECULE TO FILE '../ALL_PAIRS_BQ123_AS_REFERENCE/ROKS2/BQ123-Nebentan.mol2'...
