Finished importing molecules
WARNING: LAPACK DSYEV() RETURNED NON-ZERO ERROR CODE 3
WARNING: LAPACK DSYEV() RETURNED NON-ZERO ERROR CODE 3
WARNING: LAPACK DSYEV() RETURNED NON-ZERO ERROR CODE 3
WARNING: LAPACK DSYEV() RETURNED NON-ZERO ERROR CODE 3
WARNING: LAPACK DSYEV() RETURNED NON-ZERO ERROR CODE 2
WARNING: LAPACK DSYEV() RETURNED NON-ZERO ERROR CODE 2
WARNING: LAPACK DSYEV() RETURNED NON-ZERO ERROR CODE 3
WARNING: LAPACK DSYEV() RETURNED NON-ZERO ERROR CODE 2
WARNING: LAPACK DSYEV() RETURNED NON-ZERO ERROR CODE 3
WARNING: LAPACK DSYEV() RETURNED NON-ZERO ERROR CODE 2
WARNING: LAPACK DSYEV() RETURNED NON-ZERO ERROR CODE 2
WARNING: LAPACK DSYEV() RETURNED NON-ZERO ERROR CODE 3
WARNING: LAPACK DSYEV() RETURNED NON-ZERO ERROR CODE 2
WARNING: LAPACK DSYEV() RETURNED NON-ZERO ERROR CODE 2
WARNING: LAPACK DSYEV() RETURNED NON-ZERO ERROR CODE 2
WARNING: LAPACK DSYEV() RETURNED NON-ZERO ERROR CODE 3
WARNING: LAPACK DSYEV() RETURNED NON-ZERO ERROR CODE 2
WARNING: LAPACK DSYEV() RETURNED NON-ZERO ERROR CODE 2
WARNING: LAPACK DSYEV() RETURNED NON-ZERO ERROR CODE 2
WARNING: LAPACK DSYEV() RETURNED NON-ZERO ERROR CODE 2
WARNING: LAPACK DSYEV() RETURNED NON-ZERO ERROR CODE 2
WARNING: LAPACK DSYEV() RETURNED NON-ZERO ERROR CODE 3
WARNING: LAPACK DSYEV() RETURNED NON-ZERO ERROR CODE 2
WARNING: LAPACK DSYEV() RETURNED NON-ZERO ERROR CODE 2
WARNING: LAPACK DSYEV() RETURNED NON-ZERO ERROR CODE 3
WARNING: LAPACK DSYEV() RETURNED NON-ZERO ERROR CODE 3
WARNING: LAPACK DSYEV() RETURNED NON-ZERO ERROR CODE 3
WARNING: LAPACK DSYEV() RETURNED NON-ZERO ERROR CODE 3
WARNING: LAPACK DSYEV() RETURNED NON-ZERO ERROR CODE 3
WARNING: LAPACK DSYEV() RETURNED NON-ZERO ERROR CODE 2
WARNING: LAPACK DSYEV() RETURNED NON-ZERO ERROR CODE 2
WARNING: LAPACK DSYEV() RETURNED NON-ZERO ERROR CODE 3
WARNING: LAPACK DSYEV() RETURNED NON-ZERO ERROR CODE 2
WARNING: LAPACK DSYEV() RETURNED NON-ZERO ERROR CODE 2
WARNING: LAPACK DSYEV() RETURNED NON-ZERO ERROR CODE 2
WARNING: LAPACK DSYEV() RETURNED NON-ZERO ERROR CODE 3
WARNING: LAPACK DSYEV() RETURNED NON-ZERO ERROR CODE 2
WARNING: LAPACK DSYEV() RETURNED NON-ZERO ERROR CODE 2
WARNING: LAPACK DSYEV() RETURNED NON-ZERO ERROR CODE 2
WARNING: LAPACK DSYEV() RETURNED NON-ZERO ERROR CODE 2
WARNING: LAPACK DSYEV() RETURNED NON-ZERO ERROR CODE 2
WARNING: LAPACK DSYEV() RETURNED NON-ZERO ERROR CODE 2
WARNING: LAPACK DSYEV() RETURNED NON-ZERO ERROR CODE 3
WARNING: LAPACK DSYEV() RETURNED NON-ZERO ERROR CODE 3
WARNING: LAPACK DSYEV() RETURNED NON-ZERO ERROR CODE 2
WARNING: LAPACK DSYEV() RETURNED NON-ZERO ERROR CODE 2
WARNING: LAPACK DSYEV() RETURNED NON-ZERO ERROR CODE 2
WARNING: LAPACK DSYEV() RETURNED NON-ZERO ERROR CODE 2
WARNING: LAPACK DSYEV() RETURNED NON-ZERO ERROR CODE 2
WARNING: LAPACK DSYEV() RETURNED NON-ZERO ERROR CODE 3
WARNING: LAPACK DSYEV() RETURNED NON-ZERO ERROR CODE 2
WARNING: LAPACK DSYEV() RETURNED NON-ZERO ERROR CODE 3
WARNING: LAPACK DSYEV() RETURNED NON-ZERO ERROR CODE 3
WARNING: LAPACK DSYEV() RETURNED NON-ZERO ERROR CODE 2
WARNING: LAPACK DSYEV() RETURNED NON-ZERO ERROR CODE 3
WARNING: LAPACK DSYEV() RETURNED NON-ZERO ERROR CODE 2
WARNING: LAPACK DSYEV() RETURNED NON-ZERO ERROR CODE 2
WARNING: LAPACK DSYEV() RETURNED NON-ZERO ERROR CODE 3
WARNING: LAPACK DSYEV() RETURNED NON-ZERO ERROR CODE 3
WARNING: LAPACK DSYEV() RETURNED NON-ZERO ERROR CODE 3
WARNING: LAPACK DSYEV() RETURNED NON-ZERO ERROR CODE 2
WARNING: LAPACK DSYEV() RETURNED NON-ZERO ERROR CODE 3
WARNING: LAPACK DSYEV() RETURNED NON-ZERO ERROR CODE 2
WARNING: LAPACK DSYEV() RETURNED NON-ZERO ERROR CODE 3
WARNING: LAPACK DSYEV() RETURNED NON-ZERO ERROR CODE 2
WARNING: LAPACK DSYEV() RETURNED NON-ZERO ERROR CODE 2
WARNING: LAPACK DSYEV() RETURNED NON-ZERO ERROR CODE 3
WARNING: LAPACK DSYEV() RETURNED NON-ZERO ERROR CODE 2
WARNING: LAPACK DSYEV() RETURNED NON-ZERO ERROR CODE 2
WARNING: LAPACK DSYEV() RETURNED NON-ZERO ERROR CODE 2
WARNING: LAPACK DSYEV() RETURNED NON-ZERO ERROR CODE 2
WARNING: LAPACK DSYEV() RETURNED NON-ZERO ERROR CODE 3
WARNING: LAPACK DSYEV() RETURNED NON-ZERO ERROR CODE 3
WARNING: LAPACK DSYEV() RETURNED NON-ZERO ERROR CODE 3
WARNING: LAPACK DSYEV() RETURNED NON-ZERO ERROR CODE 3
WARNING: LAPACK DSYEV() RETURNED NON-ZERO ERROR CODE 3
WARNING: LAPACK DSYEV() RETURNED NON-ZERO ERROR CODE 2
WARNING: LAPACK DSYEV() RETURNED NON-ZERO ERROR CODE 2
WARNING: LAPACK DSYEV() RETURNED NON-ZERO ERROR CODE 3
WARNING: LAPACK DSYEV() RETURNED NON-ZERO ERROR CODE 3
WARNING: LAPACK DSYEV() RETURNED NON-ZERO ERROR CODE 2
WARNING: LAPACK DSYEV() RETURNED NON-ZERO ERROR CODE 3
WARNING: LAPACK DSYEV() RETURNED NON-ZERO ERROR CODE 2
WARNING: LAPACK DSYEV() RETURNED NON-ZERO ERROR CODE 3
WARNING: LAPACK DSYEV() RETURNED NON-ZERO ERROR CODE 2
WARNING: LAPACK DSYEV() RETURNED NON-ZERO ERROR CODE 3
WARNING: LAPACK DSYEV() RETURNED NON-ZERO ERROR CODE 3
WARNING: LAPACK DSYEV() RETURNED NON-ZERO ERROR CODE 2
WARNING: LAPACK DSYEV() RETURNED NON-ZERO ERROR CODE 2
WARNING: LAPACK DSYEV() RETURNED NON-ZERO ERROR CODE 3
WARNING: LAPACK DSYEV() RETURNED NON-ZERO ERROR CODE 3
WARNING: LAPACK DSYEV() RETURNED NON-ZERO ERROR CODE 3
WARNING: LAPACK DSYEV() RETURNED NON-ZERO ERROR CODE 3
WARNING: LAPACK DSYEV() RETURNED NON-ZERO ERROR CODE 3
WARNING: LAPACK DSYEV() RETURNED NON-ZERO ERROR CODE 2
WARNING: LAPACK DSYEV() RETURNED NON-ZERO ERROR CODE 2
WARNING: LAPACK DSYEV() RETURNED NON-ZERO ERROR CODE 2
WARNING: LAPACK DSYEV() RETURNED NON-ZERO ERROR CODE 2
WARNING: LAPACK DSYEV() RETURNED NON-ZERO ERROR CODE 2
WARNING: LAPACK DSYEV() RETURNED NON-ZERO ERROR CODE 3
Finished setting up data; running search...
ROUND 1 A#0 and B#0 = 436.876
ROUND 2 A#1 and B#0 = 505.109
ROUND 3 A#2 and B#0 = 774.276
ROUND 4 A#3 and B#0 = 641.789
ROUND 5 A#4 and B#0 = 789.388
ROUND 6 A#5 and B#0 = 746.457
ROUND 7 A#6 and B#0 = 378.115
ROUND 8 A#7 and B#0 = 838.275
ROUND 9 A#8 and B#0 = 745.68
ROUND 10 A#9 and B#0 = 649.906
ROUND 11 A#10 and B#0 = 1031.12
ROUND 12 A#11 and B#0 = 574.302
ROUND 13 A#12 and B#0 = 612.948
ROUND 14 A#13 and B#0 = 674.206
ROUND 15 A#14 and B#0 = 591.259
ROUND 16 A#15 and B#0 = 742.145
ROUND 17 A#16 and B#0 = 692.772
ROUND 18 A#17 and B#0 = 789.206
ROUND 19 A#18 and B#0 = 684.077
ROUND 20 A#19 and B#0 = 556.942
ROUND 21 A#20 and B#0 = 650.457
ROUND 22 A#21 and B#0 = 565.48
ROUND 23 A#22 and B#0 = 655.863
ROUND 24 A#23 and B#0 = 721.902
ROUND 25 A#24 and B#0 = 802.143
ROUND 26 A#25 and B#0 = 560.459
ROUND 27 A#26 and B#0 = 705.163
ROUND 28 A#27 and B#0 = 669.253
ROUND 29 A#28 and B#0 = 561.073
ROUND 30 A#29 and B#0 = 608.488
ROUND 31 A#30 and B#0 = 749.786
ROUND 32 A#31 and B#0 = 696.381
ROUND 33 A#32 and B#0 = 381.05
ROUND 34 A#33 and B#0 = 687.73
ROUND 35 A#34 and B#0 = 670.678
ROUND 36 A#35 and B#0 = 686.741
ROUND 37 A#36 and B#0 = 557.065
ROUND 38 A#37 and B#0 = 532.768
ROUND 39 A#38 and B#0 = 667.22
ROUND 40 A#39 and B#0 = 601.206
ROUND 41 A#40 and B#0 = 665.322
ROUND 42 A#41 and B#0 = 705.075
ROUND 43 A#42 and B#0 = 677.483
ROUND 44 A#43 and B#0 = 585.013
ROUND 45 A#44 and B#0 = 641.913
ROUND 46 A#45 and B#0 = 660.728
ROUND 47 A#46 and B#0 = 704.329
ROUND 48 A#47 and B#0 = 555.957
ROUND 49 A#48 and B#0 = 594.44
ROUND 50 A#49 and B#0 = 741.935
ROUND 51 A#0 and B#1 = 618.267
ROUND 52 A#1 and B#1 = 576.638
ROUND 53 A#2 and B#1 = 623.549
ROUND 54 A#3 and B#1 = 747.084
ROUND 55 A#4 and B#1 = 746.999
ROUND 56 A#5 and B#1 = 702.283
ROUND 57 A#6 and B#1 = 548.916
ROUND 58 A#7 and B#1 = 677.349
ROUND 59 A#8 and B#1 = 765.986
ROUND 60 A#9 and B#1 = 720.673
ROUND 61 A#10 and B#1 = 713.178
ROUND 62 A#11 and B#1 = 596.891
ROUND 63 A#12 and B#1 = 707.755
ROUND 64 A#13 and B#1 = 746.145
ROUND 65 A#14 and B#1 = 599.707
ROUND 66 A#15 and B#1 = 670.739
ROUND 67 A#16 and B#1 = 733.588
ROUND 68 A#17 and B#1 = 666.534
ROUND 69 A#18 and B#1 = 704.155
ROUND 70 A#19 and B#1 = 621.2
ROUND 71 A#20 and B#1 = 618.701
ROUND 72 A#21 and B#1 = 586.606
ROUND 73 A#22 and B#1 = 758.004
ROUND 74 A#23 and B#1 = 714.937
ROUND 75 A#24 and B#1 = 821.269
ROUND 76 A#25 and B#1 = 670.52
ROUND 77 A#26 and B#1 = 703.07
ROUND 78 A#27 and B#1 = 685.589
ROUND 79 A#28 and B#1 = 621.77
ROUND 80 A#29 and B#1 = 662.201
ROUND 81 A#30 and B#1 = 559.751
ROUND 82 A#31 and B#1 = 731.541
ROUND 83 A#32 and B#1 = 567.54
ROUND 84 A#33 and B#1 = 781.821
ROUND 85 A#34 and B#1 = 462.187
ROUND 86 A#35 and B#1 = 670.355
ROUND 87 A#36 and B#1 = 655.432
ROUND 88 A#37 and B#1 = 631.218
ROUND 89 A#38 and B#1 = 468.536
ROUND 90 A#39 and B#1 = 603.341
ROUND 91 A#40 and B#1 = 707.143
ROUND 92 A#41 and B#1 = 669.923
ROUND 93 A#42 and B#1 = 704.844
ROUND 94 A#43 and B#1 = 618.572
ROUND 95 A#44 and B#1 = 706.3
ROUND 96 A#45 and B#1 = 751.632
ROUND 97 A#46 and B#1 = 676.93
ROUND 98 A#47 and B#1 = 487.275
ROUND 99 A#48 and B#1 = 608.83
ROUND 100 A#49 and B#1 = 653.953
ROUND 101 A#0 and B#2 = 624.324
ROUND 102 A#1 and B#2 = 575.763
ROUND 103 A#2 and B#2 = 620.732
ROUND 104 A#3 and B#2 = 751.329
ROUND 105 A#4 and B#2 = 752.7
ROUND 106 A#5 and B#2 = 700.142
ROUND 107 A#6 and B#2 = 552.392
ROUND 108 A#7 and B#2 = 678.357
ROUND 109 A#8 and B#2 = 619.168
ROUND 110 A#9 and B#2 = 722.183
ROUND 111 A#10 and B#2 = 716.041
ROUND 112 A#11 and B#2 = 580.724
ROUND 113 A#12 and B#2 = 701.833
ROUND 114 A#13 and B#2 = 740.72
ROUND 115 A#14 and B#2 = 606.061
ROUND 116 A#15 and B#2 = 664.122
ROUND 117 A#16 and B#2 = 738.216
ROUND 118 A#17 and B#2 = 663.441
ROUND 119 A#18 and B#2 = 668.02
ROUND 120 A#19 and B#2 = 528.358
ROUND 121 A#20 and B#2 = 662.338
ROUND 122 A#21 and B#2 = 576.162
ROUND 123 A#22 and B#2 = 765.678
ROUND 124 A#23 and B#2 = 718.065
ROUND 125 A#24 and B#2 = 821.598
ROUND 126 A#25 and B#2 = 730.263
ROUND 127 A#26 and B#2 = 700.057
ROUND 128 A#27 and B#2 = 685.426
ROUND 129 A#28 and B#2 = 620.836
ROUND 130 A#29 and B#2 = 635.816
ROUND 131 A#30 and B#2 = 561.315
ROUND 132 A#31 and B#2 = 732.242
ROUND 133 A#32 and B#2 = 565.888
ROUND 134 A#33 and B#2 = 779.248
ROUND 135 A#34 and B#2 = 475.707
ROUND 136 A#35 and B#2 = 671.08
ROUND 137 A#36 and B#2 = 668.862
ROUND 138 A#37 and B#2 = 601.467
ROUND 139 A#38 and B#2 = 484.64
ROUND 140 A#39 and B#2 = 763.858
ROUND 141 A#40 and B#2 = 711.13
ROUND 142 A#41 and B#2 = 612.698
ROUND 143 A#42 and B#2 = 679.783
ROUND 144 A#43 and B#2 = 624.015
ROUND 145 A#44 and B#2 = 699.6
ROUND 146 A#45 and B#2 = 819.994
ROUND 147 A#46 and B#2 = 676.627
ROUND 148 A#47 and B#2 = 483.604
ROUND 149 A#48 and B#2 = 659.816
ROUND 150 A#49 and B#2 = 651.255
ROUND 151 A#0 and B#3 = 613.484
ROUND 152 A#1 and B#3 = 709.426
ROUND 153 A#2 and B#3 = 798.702
ROUND 154 A#3 and B#3 = 712.601
ROUND 155 A#4 and B#3 = 770.809
ROUND 156 A#5 and B#3 = 699.152
ROUND 157 A#6 and B#3 = 601.56
ROUND 158 A#7 and B#3 = 703.398
ROUND 159 A#8 and B#3 = 652.796
ROUND 160 A#9 and B#3 = 656.401
ROUND 161 A#10 and B#3 = 746.626
ROUND 162 A#11 and B#3 = 569.057
ROUND 163 A#12 and B#3 = 650.491
ROUND 164 A#13 and B#3 = 727.873
ROUND 165 A#14 and B#3 = 549.975
ROUND 166 A#15 and B#3 = 671.328
ROUND 167 A#16 and B#3 = 718.114
ROUND 168 A#17 and B#3 = 684.984
ROUND 169 A#18 and B#3 = 770.097
ROUND 170 A#19 and B#3 = 578.76
ROUND 171 A#20 and B#3 = 737.002
ROUND 172 A#21 and B#3 = 550.12
ROUND 173 A#22 and B#3 = 646.205
ROUND 174 A#23 and B#3 = 746.51
ROUND 175 A#24 and B#3 = 775.632
ROUND 176 A#25 and B#3 = 576.789
ROUND 177 A#26 and B#3 = 743.884
ROUND 178 A#27 and B#3 = 678.639
ROUND 179 A#28 and B#3 = 633.894
ROUND 180 A#29 and B#3 = 648.975
ROUND 181 A#30 and B#3 = 661.819
ROUND 182 A#31 and B#3 = 737.353
ROUND 183 A#32 and B#3 = 656.785
ROUND 184 A#33 and B#3 = 803.696
ROUND 185 A#34 and B#3 = 588.562
ROUND 186 A#35 and B#3 = 731.625
ROUND 187 A#36 and B#3 = 794.476
ROUND 188 A#37 and B#3 = 652.878
ROUND 189 A#38 and B#3 = 690.5
ROUND 190 A#39 and B#3 = 669.5
ROUND 191 A#40 and B#3 = 734.019
ROUND 192 A#41 and B#3 = 662.25
ROUND 193 A#42 and B#3 = 752.021
ROUND 194 A#43 and B#3 = 633.508
ROUND 195 A#44 and B#3 = 821.326
ROUND 196 A#45 and B#3 = 682.306
ROUND 197 A#46 and B#3 = 709.554
ROUND 198 A#47 and B#3 = 582.346
ROUND 199 A#48 and B#3 = 557.874
ROUND 200 A#49 and B#3 = 792.208
ROUND 201 A#0 and B#4 = 620.865
ROUND 202 A#1 and B#4 = 612.001
ROUND 203 A#2 and B#4 = 583.205
ROUND 204 A#3 and B#4 = 751.173
ROUND 205 A#4 and B#4 = 798.295
ROUND 206 A#5 and B#4 = 751.668
ROUND 207 A#6 and B#4 = 531.248
ROUND 208 A#7 and B#4 = 717.159
ROUND 209 A#8 and B#4 = 726.739
ROUND 210 A#9 and B#4 = 741.933
ROUND 211 A#10 and B#4 = 719.113
ROUND 212 A#11 and B#4 = 561.394
ROUND 213 A#12 and B#4 = 637.258
ROUND 214 A#13 and B#4 = 758.832
ROUND 215 A#14 and B#4 = 557.98
ROUND 216 A#15 and B#4 = 651.324
ROUND 217 A#16 and B#4 = 679.949
ROUND 218 A#17 and B#4 = 764.021
ROUND 219 A#18 and B#4 = 628.505
ROUND 220 A#19 and B#4 = 587.194
ROUND 221 A#20 and B#4 = 599.348
ROUND 222 A#21 and B#4 = 618.369
ROUND 223 A#22 and B#4 = 693.865
ROUND 224 A#23 and B#4 = 785.074
ROUND 225 A#24 and B#4 = 788.309
ROUND 226 A#25 and B#4 = 637.515
ROUND 227 A#26 and B#4 = 667.819
ROUND 228 A#27 and B#4 = 678.255
ROUND 229 A#28 and B#4 = 602.005
ROUND 230 A#29 and B#4 = 564.62
ROUND 231 A#30 and B#4 = 553.634
ROUND 232 A#31 and B#4 = 693.567
ROUND 233 A#32 and B#4 = 562.877
ROUND 234 A#33 and B#4 = 766.146
ROUND 235 A#34 and B#4 = 538.834
ROUND 236 A#35 and B#4 = 695.026
ROUND 237 A#36 and B#4 = 676.319
ROUND 238 A#37 and B#4 = 510.317
ROUND 239 A#38 and B#4 = 544.422
ROUND 240 A#39 and B#4 = 608.901
ROUND 241 A#40 and B#4 = 661.958
ROUND 242 A#41 and B#4 = 624.697
ROUND 243 A#42 and B#4 = 674.256
ROUND 244 A#43 and B#4 = 639.98
ROUND 245 A#44 and B#4 = 721.965
ROUND 246 A#45 and B#4 = 766.954
ROUND 247 A#46 and B#4 = 705.605
ROUND 248 A#47 and B#4 = 512.873
ROUND 249 A#48 and B#4 = 673.259
ROUND 250 A#49 and B#4 = 729.629
ROUND 251 A#0 and B#5 = 569.67
ROUND 252 A#1 and B#5 = 569.618
ROUND 253 A#2 and B#5 = 792.528
ROUND 254 A#3 and B#5 = 502.809
ROUND 255 A#4 and B#5 = 774.931
ROUND 256 A#5 and B#5 = 691.762
ROUND 257 A#6 and B#5 = 610.082
ROUND 258 A#7 and B#5 = 708.623
ROUND 259 A#8 and B#5 = 713.66
ROUND 260 A#9 and B#5 = 665.348
ROUND 261 A#10 and B#5 = 912.159
ROUND 262 A#11 and B#5 = 572.617
ROUND 263 A#12 and B#5 = 639.785
ROUND 264 A#13 and B#5 = 704.303
ROUND 265 A#14 and B#5 = 614.09
ROUND 266 A#15 and B#5 = 586.763
ROUND 267 A#16 and B#5 = 623.227
ROUND 268 A#17 and B#5 = 705.89
ROUND 269 A#18 and B#5 = 663.271
ROUND 270 A#19 and B#5 = 641.315
ROUND 271 A#20 and B#5 = 630.032
ROUND 272 A#21 and B#5 = 557.598
ROUND 273 A#22 and B#5 = 643.743
ROUND 274 A#23 and B#5 = 770.223
ROUND 275 A#24 and B#5 = 782.291
ROUND 276 A#25 and B#5 = 568.291
ROUND 277 A#26 and B#5 = 751.944
ROUND 278 A#27 and B#5 = 681.174
ROUND 279 A#28 and B#5 = 636.414
ROUND 280 A#29 and B#5 = 644.113
ROUND 281 A#30 and B#5 = 406.362
ROUND 282 A#31 and B#5 = 595.104
ROUND 283 A#32 and B#5 = 386.269
ROUND 284 A#33 and B#5 = 800.912
ROUND 285 A#34 and B#5 = 596.961
ROUND 286 A#35 and B#5 = 472.429
ROUND 287 A#36 and B#5 = 605.32
ROUND 288 A#37 and B#5 = 652.404
ROUND 289 A#38 and B#5 = 577.314
ROUND 290 A#39 and B#5 = 672.004
ROUND 291 A#40 and B#5 = 744.682
ROUND 292 A#41 and B#5 = 746.245
ROUND 293 A#42 and B#5 = 787.084
ROUND 294 A#43 and B#5 = 459.52
ROUND 295 A#44 and B#5 = 704.241
ROUND 296 A#45 and B#5 = 679.452
ROUND 297 A#46 and B#5 = 688.832
ROUND 298 A#47 and B#5 = 588.976
ROUND 299 A#48 and B#5 = 439.616
ROUND 300 A#49 and B#5 = 788.059
ROUND 301 A#0 and B#6 = 599.269
ROUND 302 A#1 and B#6 = 703.314
ROUND 303 A#2 and B#6 = 734.116
ROUND 304 A#3 and B#6 = 787.887
ROUND 305 A#4 and B#6 = 843.038
ROUND 306 A#5 and B#6 = 648.655
ROUND 307 A#6 and B#6 = 630.855
ROUND 308 A#7 and B#6 = 627.177
ROUND 309 A#8 and B#6 = 701.497
ROUND 310 A#9 and B#6 = 633.177
ROUND 311 A#10 and B#6 = 613.729
ROUND 312 A#11 and B#6 = 704.759
ROUND 313 A#12 and B#6 = 774.627
ROUND 314 A#13 and B#6 = 716.565
ROUND 315 A#14 and B#6 = 561.571
ROUND 316 A#15 and B#6 = 591.521
ROUND 317 A#16 and B#6 = 712.03
ROUND 318 A#17 and B#6 = 696.097
ROUND 319 A#18 and B#6 = 658.181
ROUND 320 A#19 and B#6 = 528.416
ROUND 321 A#20 and B#6 = 659.161
ROUND 322 A#21 and B#6 = 622.453
ROUND 323 A#22 and B#6 = 644.603
ROUND 324 A#23 and B#6 = 745.333
ROUND 325 A#24 and B#6 = 758.182
ROUND 326 A#25 and B#6 = 551.544
ROUND 327 A#26 and B#6 = 707.166
ROUND 328 A#27 and B#6 = 685.47
ROUND 329 A#28 and B#6 = 655.29
ROUND 330 A#29 and B#6 = 612.985
ROUND 331 A#30 and B#6 = 761.7
ROUND 332 A#31 and B#6 = 620.741
ROUND 333 A#32 and B#6 = 736.345
ROUND 334 A#33 and B#6 = 664.987
ROUND 335 A#34 and B#6 = 678.291
ROUND 336 A#35 and B#6 = 557.927
ROUND 337 A#36 and B#6 = 648.804
ROUND 338 A#37 and B#6 = 565.474
ROUND 339 A#38 and B#6 = 580.295
ROUND 340 A#39 and B#6 = 744.31
ROUND 341 A#40 and B#6 = 557.785
ROUND 342 A#41 and B#6 = 759.62
ROUND 343 A#42 and B#6 = 704.069
ROUND 344 A#43 and B#6 = 705.963
ROUND 345 A#44 and B#6 = 766.244
ROUND 346 A#45 and B#6 = 639.425
ROUND 347 A#46 and B#6 = 558.706
ROUND 348 A#47 and B#6 = 514.762
ROUND 349 A#48 and B#6 = 665.787
ROUND 350 A#49 and B#6 = 645.546
ROUND 351 A#0 and B#7 = 618.764
ROUND 352 A#1 and B#7 = 573.898
ROUND 353 A#2 and B#7 = 622.804
ROUND 354 A#3 and B#7 = 749.064
ROUND 355 A#4 and B#7 = 741.079
ROUND 356 A#5 and B#7 = 687.176
ROUND 357 A#6 and B#7 = 550.663
ROUND 358 A#7 and B#7 = 676.845
ROUND 359 A#8 and B#7 = 767.475
ROUND 360 A#9 and B#7 = 722.26
ROUND 361 A#10 and B#7 = 719.858
ROUND 362 A#11 and B#7 = 595.371
ROUND 363 A#12 and B#7 = 706.3
ROUND 364 A#13 and B#7 = 746.625
ROUND 365 A#14 and B#7 = 599.903
ROUND 366 A#15 and B#7 = 671.569
ROUND 367 A#16 and B#7 = 667.359
ROUND 368 A#17 and B#7 = 665.093
ROUND 369 A#18 and B#7 = 669.641
ROUND 370 A#19 and B#7 = 621.581
ROUND 371 A#20 and B#7 = 620.421
ROUND 372 A#21 and B#7 = 588.754
ROUND 373 A#22 and B#7 = 760.598
ROUND 374 A#23 and B#7 = 714.01
ROUND 375 A#24 and B#7 = 825.054
ROUND 376 A#25 and B#7 = 667.39
ROUND 377 A#26 and B#7 = 702.961
ROUND 378 A#27 and B#7 = 687.419
ROUND 379 A#28 and B#7 = 463.144
ROUND 380 A#29 and B#7 = 661.746
ROUND 381 A#30 and B#7 = 559.401
ROUND 382 A#31 and B#7 = 731.491
ROUND 383 A#32 and B#7 = 567.545
ROUND 384 A#33 and B#7 = 777.442
ROUND 385 A#34 and B#7 = 467.429
ROUND 386 A#35 and B#7 = 671.723
ROUND 387 A#36 and B#7 = 669.422
ROUND 388 A#37 and B#7 = 629.733
ROUND 389 A#38 and B#7 = 470.136
ROUND 390 A#39 and B#7 = 581.223
ROUND 391 A#40 and B#7 = 708.487
ROUND 392 A#41 and B#7 = 670.858
ROUND 393 A#42 and B#7 = 706.489
ROUND 394 A#43 and B#7 = 620.123
ROUND 395 A#44 and B#7 = 705.865
ROUND 396 A#45 and B#7 = 750.008
ROUND 397 A#46 and B#7 = 680.706
ROUND 398 A#47 and B#7 = 489.702
ROUND 399 A#48 and B#7 = 609.719
ROUND 400 A#49 and B#7 = 653.462
ROUND 401 A#0 and B#8 = 561.896
ROUND 402 A#1 and B#8 = 465.816
ROUND 403 A#2 and B#8 = 645.216
ROUND 404 A#3 and B#8 = 641.177
ROUND 405 A#4 and B#8 = 845.825
ROUND 406 A#5 and B#8 = 703.531
ROUND 407 A#6 and B#8 = 589.679
ROUND 408 A#7 and B#8 = 635.75
ROUND 409 A#8 and B#8 = 875.043
ROUND 410 A#9 and B#8 = 700.896
ROUND 411 A#10 and B#8 = 679.935
ROUND 412 A#11 and B#8 = 691.384
ROUND 413 A#12 and B#8 = 670.557
ROUND 414 A#13 and B#8 = 674.296
ROUND 415 A#14 and B#8 = 624.896
ROUND 416 A#15 and B#8 = 721.589
ROUND 417 A#16 and B#8 = 833.849
ROUND 418 A#17 and B#8 = 678.224
ROUND 419 A#18 and B#8 = 930.404
ROUND 420 A#19 and B#8 = 639.884
ROUND 421 A#20 and B#8 = 943.491
ROUND 422 A#21 and B#8 = 741.56
ROUND 423 A#22 and B#8 = 782.113
ROUND 424 A#23 and B#8 = 670.019
ROUND 425 A#24 and B#8 = 751.755
ROUND 426 A#25 and B#8 = 539.928
ROUND 427 A#26 and B#8 = 615.579
ROUND 428 A#27 and B#8 = 744.582
ROUND 429 A#28 and B#8 = 709.118
ROUND 430 A#29 and B#8 = 624.503
ROUND 431 A#30 and B#8 = 506.14
ROUND 432 A#31 and B#8 = 574.873
ROUND 433 A#32 and B#8 = 466.262
ROUND 434 A#33 and B#8 = 739.105
ROUND 435 A#34 and B#8 = 592.034
ROUND 436 A#35 and B#8 = 657.197
ROUND 437 A#36 and B#8 = 660.793
ROUND 438 A#37 and B#8 = 580.885
ROUND 439 A#38 and B#8 = 591.878
ROUND 440 A#39 and B#8 = 500.881
ROUND 441 A#40 and B#8 = 580.072
ROUND 442 A#41 and B#8 = 692.782
ROUND 443 A#42 and B#8 = 667.032
ROUND 444 A#43 and B#8 = 595.235
ROUND 445 A#44 and B#8 = 734.837
ROUND 446 A#45 and B#8 = 656.439
ROUND 447 A#46 and B#8 = 625.746
ROUND 448 A#47 and B#8 = 610.489
ROUND 449 A#48 and B#8 = 652.914
ROUND 450 A#49 and B#8 = 630.112
ROUND 451 A#0 and B#9 = 543.967
ROUND 452 A#1 and B#9 = 462.57
ROUND 453 A#2 and B#9 = 641.592
ROUND 454 A#3 and B#9 = 651.657
ROUND 455 A#4 and B#9 = 856.162
ROUND 456 A#5 and B#9 = 705.914
ROUND 457 A#6 and B#9 = 600.907
ROUND 458 A#7 and B#9 = 662.894
ROUND 459 A#8 and B#9 = 875.638
ROUND 460 A#9 and B#9 = 698.813
ROUND 461 A#10 and B#9 = 683.059
ROUND 462 A#11 and B#9 = 677.704
ROUND 463 A#12 and B#9 = 665.703
ROUND 464 A#13 and B#9 = 675.317
ROUND 465 A#14 and B#9 = 628.17
ROUND 466 A#15 and B#9 = 722.76
ROUND 467 A#16 and B#9 = 820.612
ROUND 468 A#17 and B#9 = 682.966
ROUND 469 A#18 and B#9 = 958.733
ROUND 470 A#19 and B#9 = 614.972
ROUND 471 A#20 and B#9 = 954.337
ROUND 472 A#21 and B#9 = 727.826
ROUND 473 A#22 and B#9 = 784.706
ROUND 474 A#23 and B#9 = 682.171
ROUND 475 A#24 and B#9 = 766.668
ROUND 476 A#25 and B#9 = 546.593
ROUND 477 A#26 and B#9 = 632.518
ROUND 478 A#27 and B#9 = 756.628
ROUND 479 A#28 and B#9 = 701.957
ROUND 480 A#29 and B#9 = 633.47
ROUND 481 A#30 and B#9 = 527.919
ROUND 482 A#31 and B#9 = 576.765
ROUND 483 A#32 and B#9 = 481.826
ROUND 484 A#33 and B#9 = 791.8
ROUND 485 A#34 and B#9 = 602.66
ROUND 486 A#35 and B#9 = 659.032
ROUND 487 A#36 and B#9 = 647.524
ROUND 488 A#37 and B#9 = 574.289
ROUND 489 A#38 and B#9 = 602.795
ROUND 490 A#39 and B#9 = 487.152
ROUND 491 A#40 and B#9 = 619.449
ROUND 492 A#41 and B#9 = 663.461
ROUND 493 A#42 and B#9 = 660.615
ROUND 494 A#43 and B#9 = 603.546
ROUND 495 A#44 and B#9 = 737.133
ROUND 496 A#45 and B#9 = 667.151
ROUND 497 A#46 and B#9 = 631.135
ROUND 498 A#47 and B#9 = 616.898
ROUND 499 A#48 and B#9 = 640.002
ROUND 500 A#49 and B#9 = 633.201
ROUND 501 A#0 and B#10 = 570.934
ROUND 502 A#1 and B#10 = 708.855
ROUND 503 A#2 and B#10 = 798.194
ROUND 504 A#3 and B#10 = 715.044
ROUND 505 A#4 and B#10 = 766.132
ROUND 506 A#5 and B#10 = 698.903
ROUND 507 A#6 and B#10 = 601.657
ROUND 508 A#7 and B#10 = 705.543
ROUND 509 A#8 and B#10 = 649.75
ROUND 510 A#9 and B#10 = 660.031
ROUND 511 A#10 and B#10 = 750.175
ROUND 512 A#11 and B#10 = 566.717
ROUND 513 A#12 and B#10 = 651.901
ROUND 514 A#13 and B#10 = 723.051
ROUND 515 A#14 and B#10 = 550.235
ROUND 516 A#15 and B#10 = 674.427
ROUND 517 A#16 and B#10 = 720.504
ROUND 518 A#17 and B#10 = 681.343
ROUND 519 A#18 and B#10 = 772.069
ROUND 520 A#19 and B#10 = 588.607
ROUND 521 A#20 and B#10 = 740.453
ROUND 522 A#21 and B#10 = 550.612
ROUND 523 A#22 and B#10 = 649.885
ROUND 524 A#23 and B#10 = 743.411
ROUND 525 A#24 and B#10 = 778.688
ROUND 526 A#25 and B#10 = 578.606
ROUND 527 A#26 and B#10 = 743.613
ROUND 528 A#27 and B#10 = 679.945
ROUND 529 A#28 and B#10 = 634.487
ROUND 530 A#29 and B#10 = 652.175
ROUND 531 A#30 and B#10 = 658.967
ROUND 532 A#31 and B#10 = 740.08
ROUND 533 A#32 and B#10 = 653.548
ROUND 534 A#33 and B#10 = 802.656
ROUND 535 A#34 and B#10 = 591.079
ROUND 536 A#35 and B#10 = 732.642
ROUND 537 A#36 and B#10 = 793.668
ROUND 538 A#37 and B#10 = 655.297
ROUND 539 A#38 and B#10 = 691.754
ROUND 540 A#39 and B#10 = 667.331
ROUND 541 A#40 and B#10 = 735.878
ROUND 542 A#41 and B#10 = 662.163
ROUND 543 A#42 and B#10 = 752.592
ROUND 544 A#43 and B#10 = 632.035
ROUND 545 A#44 and B#10 = 821.431
ROUND 546 A#45 and B#10 = 681.854
ROUND 547 A#46 and B#10 = 708.661
ROUND 548 A#47 and B#10 = 585.558
ROUND 549 A#48 and B#10 = 560.983
ROUND 550 A#49 and B#10 = 792.046
ROUND 551 A#0 and B#11 = 625.187
ROUND 552 A#1 and B#11 = 575.806
ROUND 553 A#2 and B#11 = 620.82
ROUND 554 A#3 and B#11 = 751.549
ROUND 555 A#4 and B#11 = 754.02
ROUND 556 A#5 and B#11 = 677.93
ROUND 557 A#6 and B#11 = 552.718
ROUND 558 A#7 and B#11 = 680.878
ROUND 559 A#8 and B#11 = 617.712
ROUND 560 A#9 and B#11 = 722.855
ROUND 561 A#10 and B#11 = 716.022
ROUND 562 A#11 and B#11 = 580.621
ROUND 563 A#12 and B#11 = 703.537
ROUND 564 A#13 and B#11 = 738.224
ROUND 565 A#14 and B#11 = 604.577
ROUND 566 A#15 and B#11 = 666.325
ROUND 567 A#16 and B#11 = 735.888
ROUND 568 A#17 and B#11 = 665.791
ROUND 569 A#18 and B#11 = 666.816
ROUND 570 A#19 and B#11 = 526.357
ROUND 571 A#20 and B#11 = 659.382
ROUND 572 A#21 and B#11 = 577.327
ROUND 573 A#22 and B#11 = 764.1
ROUND 574 A#23 and B#11 = 717.553
ROUND 575 A#24 and B#11 = 823.327
ROUND 576 A#25 and B#11 = 731.61
ROUND 577 A#26 and B#11 = 699.739
ROUND 578 A#27 and B#11 = 686.516
ROUND 579 A#28 and B#11 = 620.26
ROUND 580 A#29 and B#11 = 638.346
ROUND 581 A#30 and B#11 = 561.939
ROUND 582 A#31 and B#11 = 733.094
ROUND 583 A#32 and B#11 = 567.411
ROUND 584 A#33 and B#11 = 777.925
ROUND 585 A#34 and B#11 = 485.947
ROUND 586 A#35 and B#11 = 672.893
ROUND 587 A#36 and B#11 = 668.181
ROUND 588 A#37 and B#11 = 605.34
ROUND 589 A#38 and B#11 = 659.019
ROUND 590 A#39 and B#11 = 764.593
ROUND 591 A#40 and B#11 = 709.259
ROUND 592 A#41 and B#11 = 611.883
ROUND 593 A#42 and B#11 = 678.345
ROUND 594 A#43 and B#11 = 623.391
ROUND 595 A#44 and B#11 = 701.079
ROUND 596 A#45 and B#11 = 751.527
ROUND 597 A#46 and B#11 = 676.136
ROUND 598 A#47 and B#11 = 483.714
ROUND 599 A#48 and B#11 = 660.03
ROUND 600 A#49 and B#11 = 653.247
ROUND 601 A#0 and B#12 = 621.973
ROUND 602 A#1 and B#12 = 481.507
ROUND 603 A#2 and B#12 = 769.299
ROUND 604 A#3 and B#12 = 422.028
ROUND 605 A#4 and B#12 = 694.531
ROUND 606 A#5 and B#12 = 762.326
ROUND 607 A#6 and B#12 = 387.704
ROUND 608 A#7 and B#12 = 675.293
ROUND 609 A#8 and B#12 = 810.453
ROUND 610 A#9 and B#12 = 740.809
ROUND 611 A#10 and B#12 = 815.287
ROUND 612 A#11 and B#12 = 603.354
ROUND 613 A#12 and B#12 = 656.749
ROUND 614 A#13 and B#12 = 598.855
ROUND 615 A#14 and B#12 = 616.985
ROUND 616 A#15 and B#12 = 566.919
ROUND 617 A#16 and B#12 = 844.678
ROUND 618 A#17 and B#12 = 684.31
ROUND 619 A#18 and B#12 = 852.168
ROUND 620 A#19 and B#12 = 614.579
ROUND 621 A#20 and B#12 = 714.497
ROUND 622 A#21 and B#12 = 597.66
ROUND 623 A#22 and B#12 = 739.771
ROUND 624 A#23 and B#12 = 864.358
ROUND 625 A#24 and B#12 = 758.242
ROUND 626 A#25 and B#12 = 633.679
ROUND 627 A#26 and B#12 = 617.709
ROUND 628 A#27 and B#12 = 765.738
ROUND 629 A#28 and B#12 = 708.438
ROUND 630 A#29 and B#12 = 615.277
ROUND 631 A#30 and B#12 = 374.483
ROUND 632 A#31 and B#12 = 699.339
ROUND 633 A#32 and B#12 = 359.891
ROUND 634 A#33 and B#12 = 767.945
ROUND 635 A#34 and B#12 = 599.095
ROUND 636 A#35 and B#12 = 465.351
ROUND 637 A#36 and B#12 = 667.18
ROUND 638 A#37 and B#12 = 603.87
ROUND 639 A#38 and B#12 = 578.075
ROUND 640 A#39 and B#12 = 646.369
ROUND 641 A#40 and B#12 = 726.661
ROUND 642 A#41 and B#12 = 818.79
ROUND 643 A#42 and B#12 = 717.024
ROUND 644 A#43 and B#12 = 607.006
ROUND 645 A#44 and B#12 = 690.198
ROUND 646 A#45 and B#12 = 319.313
ROUND 647 A#46 and B#12 = 655.381
ROUND 648 A#47 and B#12 = 661.807
ROUND 649 A#48 and B#12 = 769.442
ROUND 650 A#49 and B#12 = 773.82
ROUND 651 A#0 and B#13 = 514.203
ROUND 652 A#1 and B#13 = 684.631
ROUND 653 A#2 and B#13 = 724.85
ROUND 654 A#3 and B#13 = 646.353
ROUND 655 A#4 and B#13 = 782.263
ROUND 656 A#5 and B#13 = 771.876
ROUND 657 A#6 and B#13 = 603.924
ROUND 658 A#7 and B#13 = 783.073
ROUND 659 A#8 and B#13 = 828.317
ROUND 660 A#9 and B#13 = 708.936
ROUND 661 A#10 and B#13 = 691.313
ROUND 662 A#11 and B#13 = 644.323
ROUND 663 A#12 and B#13 = 698.004
ROUND 664 A#13 and B#13 = 723.425
ROUND 665 A#14 and B#13 = 635.179
ROUND 666 A#15 and B#13 = 685.481
ROUND 667 A#16 and B#13 = 781.148
ROUND 668 A#17 and B#13 = 748.398
ROUND 669 A#18 and B#13 = 806.076
ROUND 670 A#19 and B#13 = 535.208
ROUND 671 A#20 and B#13 = 808.943
ROUND 672 A#21 and B#13 = 628.032
ROUND 673 A#22 and B#13 = 739.412
ROUND 674 A#23 and B#13 = 743.567
ROUND 675 A#24 and B#13 = 844.159
ROUND 676 A#25 and B#13 = 707.091
ROUND 677 A#26 and B#13 = 640.724
ROUND 678 A#27 and B#13 = 698.516
ROUND 679 A#28 and B#13 = 643.25
ROUND 680 A#29 and B#13 = 656.911
ROUND 681 A#30 and B#13 = 524.316
ROUND 682 A#31 and B#13 = 606.324
ROUND 683 A#32 and B#13 = 484.345
ROUND 684 A#33 and B#13 = 708.509
ROUND 685 A#34 and B#13 = 653.906
ROUND 686 A#35 and B#13 = 664.695
ROUND 687 A#36 and B#13 = 601.934
ROUND 688 A#37 and B#13 = 571.424
ROUND 689 A#38 and B#13 = 652.72
ROUND 690 A#39 and B#13 = 558.365
ROUND 691 A#40 and B#13 = 726.541
ROUND 692 A#41 and B#13 = 736.703
ROUND 693 A#42 and B#13 = 764.436
ROUND 694 A#43 and B#13 = 600.042
ROUND 695 A#44 and B#13 = 742.616
ROUND 696 A#45 and B#13 = 614.726
ROUND 697 A#46 and B#13 = 666.226
ROUND 698 A#47 and B#13 = 611.115
ROUND 699 A#48 and B#13 = 720.237
ROUND 700 A#49 and B#13 = 637.226
ROUND 701 A#0 and B#14 = 611.202
ROUND 702 A#1 and B#14 = 702.298
ROUND 703 A#2 and B#14 = 786.66
ROUND 704 A#3 and B#14 = 747.06
ROUND 705 A#4 and B#14 = 781.977
ROUND 706 A#5 and B#14 = 713.449
ROUND 707 A#6 and B#14 = 602.623
ROUND 708 A#7 and B#14 = 684.003
ROUND 709 A#8 and B#14 = 643.645
ROUND 710 A#9 and B#14 = 661.333
ROUND 711 A#10 and B#14 = 745.923
ROUND 712 A#11 and B#14 = 559.19
ROUND 713 A#12 and B#14 = 644.552
ROUND 714 A#13 and B#14 = 726.985
ROUND 715 A#14 and B#14 = 552.784
ROUND 716 A#15 and B#14 = 659.162
ROUND 717 A#16 and B#14 = 722.862
ROUND 718 A#17 and B#14 = 685.1
ROUND 719 A#18 and B#14 = 770.689
ROUND 720 A#19 and B#14 = 581.425
ROUND 721 A#20 and B#14 = 764.079
ROUND 722 A#21 and B#14 = 538.947
ROUND 723 A#22 and B#14 = 648.196
ROUND 724 A#23 and B#14 = 745.337
ROUND 725 A#24 and B#14 = 763.535
ROUND 726 A#25 and B#14 = 800.48
ROUND 727 A#26 and B#14 = 742.199
ROUND 728 A#27 and B#14 = 682.519
ROUND 729 A#28 and B#14 = 650.369
ROUND 730 A#29 and B#14 = 641.512
ROUND 731 A#30 and B#14 = 667.985
ROUND 732 A#31 and B#14 = 731.801
ROUND 733 A#32 and B#14 = 646.764
ROUND 734 A#33 and B#14 = 814.719
ROUND 735 A#34 and B#14 = 688.573
ROUND 736 A#35 and B#14 = 742.218
ROUND 737 A#36 and B#14 = 795.755
ROUND 738 A#37 and B#14 = 650.4
ROUND 739 A#38 and B#14 = 697.852
ROUND 740 A#39 and B#14 = 685.672
ROUND 741 A#40 and B#14 = 706.999
ROUND 742 A#41 and B#14 = 657.755
ROUND 743 A#42 and B#14 = 758.896
ROUND 744 A#43 and B#14 = 640.904
ROUND 745 A#44 and B#14 = 820.081
ROUND 746 A#45 and B#14 = 698.988
ROUND 747 A#46 and B#14 = 709.382
ROUND 748 A#47 and B#14 = 578.066
ROUND 749 A#48 and B#14 = 562.669
ROUND 750 A#49 and B#14 = 818.145
ROUND 751 A#0 and B#15 = 593.749
ROUND 752 A#1 and B#15 = 699.176
ROUND 753 A#2 and B#15 = 739.67
ROUND 754 A#3 and B#15 = 793.669
ROUND 755 A#4 and B#15 = 843.948
ROUND 756 A#5 and B#15 = 650.589
ROUND 757 A#6 and B#15 = 636.039
ROUND 758 A#7 and B#15 = 625.242
ROUND 759 A#8 and B#15 = 699.462
ROUND 760 A#9 and B#15 = 636.841
ROUND 761 A#10 and B#15 = 613.325
ROUND 762 A#11 and B#15 = 706.444
ROUND 763 A#12 and B#15 = 772.264
ROUND 764 A#13 and B#15 = 722.972
ROUND 765 A#14 and B#15 = 560.539
ROUND 766 A#15 and B#15 = 591.534
ROUND 767 A#16 and B#15 = 712.905
ROUND 768 A#17 and B#15 = 695.318
ROUND 769 A#18 and B#15 = 660.616
ROUND 770 A#19 and B#15 = 530.701
ROUND 771 A#20 and B#15 = 661.929
ROUND 772 A#21 and B#15 = 623.357
ROUND 773 A#22 and B#15 = 648.299
ROUND 774 A#23 and B#15 = 735.721
ROUND 775 A#24 and B#15 = 764.378
ROUND 776 A#25 and B#15 = 552.918
ROUND 777 A#26 and B#15 = 700.467
ROUND 778 A#27 and B#15 = 685.94
ROUND 779 A#28 and B#15 = 660.994
ROUND 780 A#29 and B#15 = 673.892
ROUND 781 A#30 and B#15 = 759.517
ROUND 782 A#31 and B#15 = 620.978
ROUND 783 A#32 and B#15 = 733.912
ROUND 784 A#33 and B#15 = 667.737
ROUND 785 A#34 and B#15 = 675.257
ROUND 786 A#35 and B#15 = 557.099
ROUND 787 A#36 and B#15 = 648.784
ROUND 788 A#37 and B#15 = 570.038
ROUND 789 A#38 and B#15 = 585.44
ROUND 790 A#39 and B#15 = 749.674
ROUND 791 A#40 and B#15 = 554.409
ROUND 792 A#41 and B#15 = 754.614
ROUND 793 A#42 and B#15 = 700.498
ROUND 794 A#43 and B#15 = 706.31
ROUND 795 A#44 and B#15 = 764.011
ROUND 796 A#45 and B#15 = 642.274
ROUND 797 A#46 and B#15 = 563.169
ROUND 798 A#47 and B#15 = 516.948
ROUND 799 A#48 and B#15 = 662.16
ROUND 800 A#49 and B#15 = 644.684
ROUND 801 A#0 and B#16 = 603.197
ROUND 802 A#1 and B#16 = 636.62
ROUND 803 A#2 and B#16 = 620
ROUND 804 A#3 and B#16 = 748.813
ROUND 805 A#4 and B#16 = 806.003
ROUND 806 A#5 and B#16 = 682.242
ROUND 807 A#6 and B#16 = 557.615
ROUND 808 A#7 and B#16 = 692.032
ROUND 809 A#8 and B#16 = 729.723
ROUND 810 A#9 and B#16 = 737.179
ROUND 811 A#10 and B#16 = 714.255
ROUND 812 A#11 and B#16 = 568.983
ROUND 813 A#12 and B#16 = 651.583
ROUND 814 A#13 and B#16 = 711.76
ROUND 815 A#14 and B#16 = 534.399
ROUND 816 A#15 and B#16 = 641.727
ROUND 817 A#16 and B#16 = 668.524
ROUND 818 A#17 and B#16 = 759.299
ROUND 819 A#18 and B#16 = 627.412
ROUND 820 A#19 and B#16 = 545.285
ROUND 821 A#20 and B#16 = 632.89
ROUND 822 A#21 and B#16 = 612.908
ROUND 823 A#22 and B#16 = 664.485
ROUND 824 A#23 and B#16 = 767.996
ROUND 825 A#24 and B#16 = 791.696
ROUND 826 A#25 and B#16 = 622.415
ROUND 827 A#26 and B#16 = 683.46
ROUND 828 A#27 and B#16 = 620.857
ROUND 829 A#28 and B#16 = 459.261
ROUND 830 A#29 and B#16 = 660.613
ROUND 831 A#30 and B#16 = 601.592
ROUND 832 A#31 and B#16 = 678.458
ROUND 833 A#32 and B#16 = 602.234
ROUND 834 A#33 and B#16 = 781.325
ROUND 835 A#34 and B#16 = 613.106
ROUND 836 A#35 and B#16 = 678.658
ROUND 837 A#36 and B#16 = 619.229
ROUND 838 A#37 and B#16 = 626.423
ROUND 839 A#38 and B#16 = 686.717
ROUND 840 A#39 and B#16 = 589.903
ROUND 841 A#40 and B#16 = 687.481
ROUND 842 A#41 and B#16 = 606.648
ROUND 843 A#42 and B#16 = 649.25
ROUND 844 A#43 and B#16 = 594.404
ROUND 845 A#44 and B#16 = 710.923
ROUND 846 A#45 and B#16 = 721.48
ROUND 847 A#46 and B#16 = 738.274
ROUND 848 A#47 and B#16 = 494.839
ROUND 849 A#48 and B#16 = 698.029
ROUND 850 A#49 and B#16 = 691.989
ROUND 851 A#0 and B#17 = 362.931
ROUND 852 A#1 and B#17 = 490.137
ROUND 853 A#2 and B#17 = 745.985
ROUND 854 A#3 and B#17 = 517.247
ROUND 855 A#4 and B#17 = 764.135
ROUND 856 A#5 and B#17 = 749.274
ROUND 857 A#6 and B#17 = 398.044
ROUND 858 A#7 and B#17 = 694.708
ROUND 859 A#8 and B#17 = 800.074
ROUND 860 A#9 and B#17 = 735.601
ROUND 861 A#10 and B#17 = 823.832
ROUND 862 A#11 and B#17 = 626.918
ROUND 863 A#12 and B#17 = 660.115
ROUND 864 A#13 and B#17 = 586.916
ROUND 865 A#14 and B#17 = 603.819
ROUND 866 A#15 and B#17 = 576.167
ROUND 867 A#16 and B#17 = 848.231
ROUND 868 A#17 and B#17 = 688.724
ROUND 869 A#18 and B#17 = 836.322
ROUND 870 A#19 and B#17 = 614.971
ROUND 871 A#20 and B#17 = 719.346
ROUND 872 A#21 and B#17 = 602.875
ROUND 873 A#22 and B#17 = 737.571
ROUND 874 A#23 and B#17 = 861.919
ROUND 875 A#24 and B#17 = 756.948
ROUND 876 A#25 and B#17 = 632.162
ROUND 877 A#26 and B#17 = 678.901
ROUND 878 A#27 and B#17 = 765.392
ROUND 879 A#28 and B#17 = 710.898
ROUND 880 A#29 and B#17 = 638.63
ROUND 881 A#30 and B#17 = 392.159
ROUND 882 A#31 and B#17 = 641.162
ROUND 883 A#32 and B#17 = 366.29
ROUND 884 A#33 and B#17 = 766.082
ROUND 885 A#34 and B#17 = 592.255
ROUND 886 A#35 and B#17 = 581.722
ROUND 887 A#36 and B#17 = 675.836
ROUND 888 A#37 and B#17 = 602.641
ROUND 889 A#38 and B#17 = 570.389
ROUND 890 A#39 and B#17 = 656.468
ROUND 891 A#40 and B#17 = 702.037
ROUND 892 A#41 and B#17 = 813.107
ROUND 893 A#42 and B#17 = 710.916
ROUND 894 A#43 and B#17 = 539.805
ROUND 895 A#44 and B#17 = 699.966
ROUND 896 A#45 and B#17 = 321.313
ROUND 897 A#46 and B#17 = 647.633
ROUND 898 A#47 and B#17 = 674.283
ROUND 899 A#48 and B#17 = 762.481
ROUND 900 A#49 and B#17 = 714.806
ROUND 901 A#0 and B#18 = 572.523
ROUND 902 A#1 and B#18 = 486.203
ROUND 903 A#2 and B#18 = 757.872
ROUND 904 A#3 and B#18 = 640.908
ROUND 905 A#4 and B#18 = 786.192
ROUND 906 A#5 and B#18 = 752.287
ROUND 907 A#6 and B#18 = 408.937
ROUND 908 A#7 and B#18 = 830.689
ROUND 909 A#8 and B#18 = 715.338
ROUND 910 A#9 and B#18 = 630.853
ROUND 911 A#10 and B#18 = 1004.27
ROUND 912 A#11 and B#18 = 576.494
ROUND 913 A#12 and B#18 = 588.666
ROUND 914 A#13 and B#18 = 673.209
ROUND 915 A#14 and B#18 = 590.116
ROUND 916 A#15 and B#18 = 745.431
ROUND 917 A#16 and B#18 = 697.29
ROUND 918 A#17 and B#18 = 793.724
ROUND 919 A#18 and B#18 = 660.735
ROUND 920 A#19 and B#18 = 547.83
ROUND 921 A#20 and B#18 = 637.992
ROUND 922 A#21 and B#18 = 579.719
ROUND 923 A#22 and B#18 = 661.3
ROUND 924 A#23 and B#18 = 689.291
ROUND 925 A#24 and B#18 = 756.191
ROUND 926 A#25 and B#18 = 548.461
ROUND 927 A#26 and B#18 = 677.51
ROUND 928 A#27 and B#18 = 682.314
ROUND 929 A#28 and B#18 = 702.755
ROUND 930 A#29 and B#18 = 608.604
ROUND 931 A#30 and B#18 = 715.509
ROUND 932 A#31 and B#18 = 690.069
ROUND 933 A#32 and B#18 = 696.607
ROUND 934 A#33 and B#18 = 659.522
ROUND 935 A#34 and B#18 = 709.365
ROUND 936 A#35 and B#18 = 678.22
ROUND 937 A#36 and B#18 = 678.527
ROUND 938 A#37 and B#18 = 519.994
ROUND 939 A#38 and B#18 = 698.928
ROUND 940 A#39 and B#18 = 612.426
ROUND 941 A#40 and B#18 = 656.151
ROUND 942 A#41 and B#18 = 698.347
ROUND 943 A#42 and B#18 = 653.874
ROUND 944 A#43 and B#18 = 602.487
ROUND 945 A#44 and B#18 = 632.152
ROUND 946 A#45 and B#18 = 671.68
ROUND 947 A#46 and B#18 = 698.913
ROUND 948 A#47 and B#18 = 560.66
ROUND 949 A#48 and B#18 = 663.63
ROUND 950 A#49 and B#18 = 733.698
ROUND 951 A#0 and B#19 = 599.081
ROUND 952 A#1 and B#19 = 673.924
ROUND 953 A#2 and B#19 = 568.654
ROUND 954 A#3 and B#19 = 785.362
ROUND 955 A#4 and B#19 = 835.746
ROUND 956 A#5 and B#19 = 676.39
ROUND 957 A#6 and B#19 = 602.502
ROUND 958 A#7 and B#19 = 783.258
ROUND 959 A#8 and B#19 = 718.053
ROUND 960 A#9 and B#19 = 623.943
ROUND 961 A#10 and B#19 = 614.884
ROUND 962 A#11 and B#19 = 569.428
ROUND 963 A#12 and B#19 = 770.484
ROUND 964 A#13 and B#19 = 728.751
ROUND 965 A#14 and B#19 = 666.326
ROUND 966 A#15 and B#19 = 618.622
ROUND 967 A#16 and B#19 = 698.226
ROUND 968 A#17 and B#19 = 711.883
ROUND 969 A#18 and B#19 = 660.873
ROUND 970 A#19 and B#19 = 533.04
ROUND 971 A#20 and B#19 = 657.094
ROUND 972 A#21 and B#19 = 614.434
ROUND 973 A#22 and B#19 = 633.879
ROUND 974 A#23 and B#19 = 759.523
ROUND 975 A#24 and B#19 = 735.366
ROUND 976 A#25 and B#19 = 510.008
ROUND 977 A#26 and B#19 = 711.345
ROUND 978 A#27 and B#19 = 691.326
ROUND 979 A#28 and B#19 = 696.96
ROUND 980 A#29 and B#19 = 633.887
ROUND 981 A#30 and B#19 = 761.699
ROUND 982 A#31 and B#19 = 655.228
ROUND 983 A#32 and B#19 = 730.075
ROUND 984 A#33 and B#19 = 664.785
ROUND 985 A#34 and B#19 = 586.885
ROUND 986 A#35 and B#19 = 608.521
ROUND 987 A#36 and B#19 = 640.175
ROUND 988 A#37 and B#19 = 578.184
ROUND 989 A#38 and B#19 = 596.38
ROUND 990 A#39 and B#19 = 728.836
ROUND 991 A#40 and B#19 = 547.31
ROUND 992 A#41 and B#19 = 801.961
ROUND 993 A#42 and B#19 = 738.298
ROUND 994 A#43 and B#19 = 704.592
ROUND 995 A#44 and B#19 = 743.047
ROUND 996 A#45 and B#19 = 673.156
ROUND 997 A#46 and B#19 = 565.608
ROUND 998 A#47 and B#19 = 505.84
ROUND 999 A#48 and B#19 = 663.793
ROUND 1000 A#49 and B#19 = 653.633
ROUND 1001 A#0 and B#20 = 571.463
ROUND 1002 A#1 and B#20 = 708.645
ROUND 1003 A#2 and B#20 = 798.805
ROUND 1004 A#3 and B#20 = 714.827
ROUND 1005 A#4 and B#20 = 767.581
ROUND 1006 A#5 and B#20 = 696.571
ROUND 1007 A#6 and B#20 = 601.658
ROUND 1008 A#7 and B#20 = 706.055
ROUND 1009 A#8 and B#20 = 649.846
ROUND 1010 A#9 and B#20 = 660.345
ROUND 1011 A#10 and B#20 = 750.252
ROUND 1012 A#11 and B#20 = 568.308
ROUND 1013 A#12 and B#20 = 651.819
ROUND 1014 A#13 and B#20 = 726.158
ROUND 1015 A#14 and B#20 = 549.581
ROUND 1016 A#15 and B#20 = 673.985
ROUND 1017 A#16 and B#20 = 716.292
ROUND 1018 A#17 and B#20 = 683.11
ROUND 1019 A#18 and B#20 = 772.396
ROUND 1020 A#19 and B#20 = 586.459
ROUND 1021 A#20 and B#20 = 740.263
ROUND 1022 A#21 and B#20 = 552.864
ROUND 1023 A#22 and B#20 = 646.691
ROUND 1024 A#23 and B#20 = 742.374
ROUND 1025 A#24 and B#20 = 778.169
ROUND 1026 A#25 and B#20 = 576.962
ROUND 1027 A#26 and B#20 = 745.383
ROUND 1028 A#27 and B#20 = 679.598
ROUND 1029 A#28 and B#20 = 633.517
ROUND 1030 A#29 and B#20 = 652.831
ROUND 1031 A#30 and B#20 = 658.781
ROUND 1032 A#31 and B#20 = 739.286
ROUND 1033 A#32 and B#20 = 654.143
ROUND 1034 A#33 and B#20 = 802.18
ROUND 1035 A#34 and B#20 = 590.123
ROUND 1036 A#35 and B#20 = 732.007
ROUND 1037 A#36 and B#20 = 793.25
ROUND 1038 A#37 and B#20 = 656.556
ROUND 1039 A#38 and B#20 = 691.447
ROUND 1040 A#39 and B#20 = 665.343
ROUND 1041 A#40 and B#20 = 736.171
ROUND 1042 A#41 and B#20 = 662.805
ROUND 1043 A#42 and B#20 = 750.466
ROUND 1044 A#43 and B#20 = 634.475
ROUND 1045 A#44 and B#20 = 822.731
ROUND 1046 A#45 and B#20 = 681.596
ROUND 1047 A#46 and B#20 = 709.108
ROUND 1048 A#47 and B#20 = 585.004
ROUND 1049 A#48 and B#20 = 561.172
ROUND 1050 A#49 and B#20 = 791.702
ROUND 1051 A#0 and B#21 = 394.359
ROUND 1052 A#1 and B#21 = 611.77
ROUND 1053 A#2 and B#21 = 629.551
ROUND 1054 A#3 and B#21 = 612.217
ROUND 1055 A#4 and B#21 = 729.615
ROUND 1056 A#5 and B#21 = 733.337
ROUND 1057 A#6 and B#21 = 625.755
ROUND 1058 A#7 and B#21 = 736.727
ROUND 1059 A#8 and B#21 = 817.985
ROUND 1060 A#9 and B#21 = 782.672
ROUND 1061 A#10 and B#21 = 786.424
ROUND 1062 A#11 and B#21 = 597.378
ROUND 1063 A#12 and B#21 = 675.146
ROUND 1064 A#13 and B#21 = 719.076
ROUND 1065 A#14 and B#21 = 583.398
ROUND 1066 A#15 and B#21 = 671.319
ROUND 1067 A#16 and B#21 = 837.218
ROUND 1068 A#17 and B#21 = 714.316
ROUND 1069 A#18 and B#21 = 769.986
ROUND 1070 A#19 and B#21 = 531.167
ROUND 1071 A#20 and B#21 = 724.523
ROUND 1072 A#21 and B#21 = 541.68
ROUND 1073 A#22 and B#21 = 805.871
ROUND 1074 A#23 and B#21 = 738.68
ROUND 1075 A#24 and B#21 = 837.807
ROUND 1076 A#25 and B#21 = 716.408
ROUND 1077 A#26 and B#21 = 733.162
ROUND 1078 A#27 and B#21 = 720.341
ROUND 1079 A#28 and B#21 = 747.967
ROUND 1080 A#29 and B#21 = 628.985
ROUND 1081 A#30 and B#21 = 500.87
ROUND 1082 A#31 and B#21 = 679.863
ROUND 1083 A#32 and B#21 = 470.331
ROUND 1084 A#33 and B#21 = 894.247
ROUND 1085 A#34 and B#21 = 647.428
ROUND 1086 A#35 and B#21 = 595.935
ROUND 1087 A#36 and B#21 = 646.785
ROUND 1088 A#37 and B#21 = 568.08
ROUND 1089 A#38 and B#21 = 690.107
ROUND 1090 A#39 and B#21 = 614.211
ROUND 1091 A#40 and B#21 = 818.908
ROUND 1092 A#41 and B#21 = 599.894
ROUND 1093 A#42 and B#21 = 676.113
ROUND 1094 A#43 and B#21 = 612.759
ROUND 1095 A#44 and B#21 = 671.211
ROUND 1096 A#45 and B#21 = 798.304
ROUND 1097 A#46 and B#21 = 627.176
ROUND 1098 A#47 and B#21 = 652.363
ROUND 1099 A#48 and B#21 = 674.094
ROUND 1100 A#49 and B#21 = 629.764
ROUND 1101 A#0 and B#22 = 438.68
ROUND 1102 A#1 and B#22 = 589.618
ROUND 1103 A#2 and B#22 = 581.132
ROUND 1104 A#3 and B#22 = 762.351
ROUND 1105 A#4 and B#22 = 739.021
ROUND 1106 A#5 and B#22 = 801.483
ROUND 1107 A#6 and B#22 = 528.013
ROUND 1108 A#7 and B#22 = 800.386
ROUND 1109 A#8 and B#22 = 719.464
ROUND 1110 A#9 and B#22 = 748.958
ROUND 1111 A#10 and B#22 = 713.568
ROUND 1112 A#11 and B#22 = 554.689
ROUND 1113 A#12 and B#22 = 667.835
ROUND 1114 A#13 and B#22 = 788.659
ROUND 1115 A#14 and B#22 = 582.949
ROUND 1116 A#15 and B#22 = 645.27
ROUND 1117 A#16 and B#22 = 653.507
ROUND 1118 A#17 and B#22 = 786.353
ROUND 1119 A#18 and B#22 = 664.791
ROUND 1120 A#19 and B#22 = 563.897
ROUND 1121 A#20 and B#22 = 648.437
ROUND 1122 A#21 and B#22 = 599.806
ROUND 1123 A#22 and B#22 = 742.981
ROUND 1124 A#23 and B#22 = 735.13
ROUND 1125 A#24 and B#22 = 789.453
ROUND 1126 A#25 and B#22 = 668.439
ROUND 1127 A#26 and B#22 = 710.654
ROUND 1128 A#27 and B#22 = 651.642
ROUND 1129 A#28 and B#22 = 439.857
ROUND 1130 A#29 and B#22 = 624.51
ROUND 1131 A#30 and B#22 = 519.825
ROUND 1132 A#31 and B#22 = 656.006
ROUND 1133 A#32 and B#22 = 489.842
ROUND 1134 A#33 and B#22 = 783.804
ROUND 1135 A#34 and B#22 = 551.196
ROUND 1136 A#35 and B#22 = 676.137
ROUND 1137 A#36 and B#22 = 684.709
ROUND 1138 A#37 and B#22 = 639.117
ROUND 1139 A#38 and B#22 = 719.305
ROUND 1140 A#39 and B#22 = 622.678
ROUND 1141 A#40 and B#22 = 703.656
ROUND 1142 A#41 and B#22 = 685.92
ROUND 1143 A#42 and B#22 = 744.147
ROUND 1144 A#43 and B#22 = 647.719
ROUND 1145 A#44 and B#22 = 740.318
ROUND 1146 A#45 and B#22 = 797.945
ROUND 1147 A#46 and B#22 = 701.141
ROUND 1148 A#47 and B#22 = 558.121
ROUND 1149 A#48 and B#22 = 663.485
ROUND 1150 A#49 and B#22 = 704.333
ROUND 1151 A#0 and B#23 = 624.13
ROUND 1152 A#1 and B#23 = 568.368
ROUND 1153 A#2 and B#23 = 597.581
ROUND 1154 A#3 and B#23 = 747.455
ROUND 1155 A#4 and B#23 = 783.102
ROUND 1156 A#5 and B#23 = 755.434
ROUND 1157 A#6 and B#23 = 542.944
ROUND 1158 A#7 and B#23 = 715.948
ROUND 1159 A#8 and B#23 = 710.587
ROUND 1160 A#9 and B#23 = 715.901
ROUND 1161 A#10 and B#23 = 720.624
ROUND 1162 A#11 and B#23 = 559.129
ROUND 1163 A#12 and B#23 = 632.731
ROUND 1164 A#13 and B#23 = 754.221
ROUND 1165 A#14 and B#23 = 574.617
ROUND 1166 A#15 and B#23 = 650.95
ROUND 1167 A#16 and B#23 = 684.107
ROUND 1168 A#17 and B#23 = 699.175
ROUND 1169 A#18 and B#23 = 637.804
ROUND 1170 A#19 and B#23 = 569.956
ROUND 1171 A#20 and B#23 = 580.791
ROUND 1172 A#21 and B#23 = 614.07
ROUND 1173 A#22 and B#23 = 691.233
ROUND 1174 A#23 and B#23 = 725.491
ROUND 1175 A#24 and B#23 = 798.383
ROUND 1176 A#25 and B#23 = 621.496
ROUND 1177 A#26 and B#23 = 689.181
ROUND 1178 A#27 and B#23 = 679.421
ROUND 1179 A#28 and B#23 = 663.726
ROUND 1180 A#29 and B#23 = 617.369
ROUND 1181 A#30 and B#23 = 538.255
ROUND 1182 A#31 and B#23 = 716.323
ROUND 1183 A#32 and B#23 = 543.68
ROUND 1184 A#33 and B#23 = 737.883
ROUND 1185 A#34 and B#23 = 625.953
ROUND 1186 A#35 and B#23 = 661.083
ROUND 1187 A#36 and B#23 = 646.223
ROUND 1188 A#37 and B#23 = 615.255
ROUND 1189 A#38 and B#23 = 618.256
ROUND 1190 A#39 and B#23 = 608.568
ROUND 1191 A#40 and B#23 = 629.699
ROUND 1192 A#41 and B#23 = 614.625
ROUND 1193 A#42 and B#23 = 667.723
ROUND 1194 A#43 and B#23 = 614.528
ROUND 1195 A#44 and B#23 = 729.573
ROUND 1196 A#45 and B#23 = 766.622
ROUND 1197 A#46 and B#23 = 714.422
ROUND 1198 A#47 and B#23 = 660.611
ROUND 1199 A#48 and B#23 = 559.009
ROUND 1200 A#49 and B#23 = 729.283
ROUND 1201 A#0 and B#24 = 623.843
ROUND 1202 A#1 and B#24 = 573.06
ROUND 1203 A#2 and B#24 = 500.688
ROUND 1204 A#3 and B#24 = 744.579
ROUND 1205 A#4 and B#24 = 765.981
ROUND 1206 A#5 and B#24 = 675.825
ROUND 1207 A#6 and B#24 = 550.22
ROUND 1208 A#7 and B#24 = 669.319
ROUND 1209 A#8 and B#24 = 619.109
ROUND 1210 A#9 and B#24 = 734.774
ROUND 1211 A#10 and B#24 = 715.374
ROUND 1212 A#11 and B#24 = 564.484
ROUND 1213 A#12 and B#24 = 708.85
ROUND 1214 A#13 and B#24 = 736.511
ROUND 1215 A#14 and B#24 = 612.884
ROUND 1216 A#15 and B#24 = 647.996
ROUND 1217 A#16 and B#24 = 737.862
ROUND 1218 A#17 and B#24 = 661.253
ROUND 1219 A#18 and B#24 = 673.273
ROUND 1220 A#19 and B#24 = 532.463
ROUND 1221 A#20 and B#24 = 683.334
ROUND 1222 A#21 and B#24 = 591.052
ROUND 1223 A#22 and B#24 = 759.165
ROUND 1224 A#23 and B#24 = 718.667
ROUND 1225 A#24 and B#24 = 819.349
ROUND 1226 A#25 and B#24 = 681.129
ROUND 1227 A#26 and B#24 = 693.84
ROUND 1228 A#27 and B#24 = 689.71
ROUND 1229 A#28 and B#24 = 618.338
ROUND 1230 A#29 and B#24 = 659.528
ROUND 1231 A#30 and B#24 = 552.906
ROUND 1232 A#31 and B#24 = 716.882
ROUND 1233 A#32 and B#24 = 547.307
ROUND 1234 A#33 and B#24 = 779.543
ROUND 1235 A#34 and B#24 = 460.542
ROUND 1236 A#35 and B#24 = 675.919
ROUND 1237 A#36 and B#24 = 655.744
ROUND 1238 A#37 and B#24 = 617.903
ROUND 1239 A#38 and B#24 = 466.698
ROUND 1240 A#39 and B#24 = 765.349
ROUND 1241 A#40 and B#24 = 713.384
ROUND 1242 A#41 and B#24 = 613.198
ROUND 1243 A#42 and B#24 = 681.611
ROUND 1244 A#43 and B#24 = 614.417
ROUND 1245 A#44 and B#24 = 695.198
ROUND 1246 A#45 and B#24 = 816.835
ROUND 1247 A#46 and B#24 = 672.552
ROUND 1248 A#47 and B#24 = 641.695
ROUND 1249 A#48 and B#24 = 658.334
ROUND 1250 A#49 and B#24 = 649.745
ROUND 1251 A#0 and B#25 = 623.617
ROUND 1252 A#1 and B#25 = 573.81
ROUND 1253 A#2 and B#25 = 500.768
ROUND 1254 A#3 and B#25 = 744.167
ROUND 1255 A#4 and B#25 = 765.825
ROUND 1256 A#5 and B#25 = 674.882
ROUND 1257 A#6 and B#25 = 550.076
ROUND 1258 A#7 and B#25 = 668.929
ROUND 1259 A#8 and B#25 = 618.103
ROUND 1260 A#9 and B#25 = 734.778
ROUND 1261 A#10 and B#25 = 714.078
ROUND 1262 A#11 and B#25 = 565.011
ROUND 1263 A#12 and B#25 = 708.82
ROUND 1264 A#13 and B#25 = 736.694
ROUND 1265 A#14 and B#25 = 613.23
ROUND 1266 A#15 and B#25 = 647.701
ROUND 1267 A#16 and B#25 = 737.835
ROUND 1268 A#17 and B#25 = 661.481
ROUND 1269 A#18 and B#25 = 672.734
ROUND 1270 A#19 and B#25 = 532.9
ROUND 1271 A#20 and B#25 = 683.48
ROUND 1272 A#21 and B#25 = 590.52
ROUND 1273 A#22 and B#25 = 758.49
ROUND 1274 A#23 and B#25 = 719.247
ROUND 1275 A#24 and B#25 = 818.718
ROUND 1276 A#25 and B#25 = 681.957
ROUND 1277 A#26 and B#25 = 693.907
ROUND 1278 A#27 and B#25 = 689.522
ROUND 1279 A#28 and B#25 = 618.188
ROUND 1280 A#29 and B#25 = 658.903
ROUND 1281 A#30 and B#25 = 553.182
ROUND 1282 A#31 and B#25 = 716.772
ROUND 1283 A#32 and B#25 = 547.629
ROUND 1284 A#33 and B#25 = 780.384
ROUND 1285 A#34 and B#25 = 460.5
ROUND 1286 A#35 and B#25 = 675.85
ROUND 1287 A#36 and B#25 = 655.747
ROUND 1288 A#37 and B#25 = 617.561
ROUND 1289 A#38 and B#25 = 466.694
ROUND 1290 A#39 and B#25 = 764.778
ROUND 1291 A#40 and B#25 = 713.216
ROUND 1292 A#41 and B#25 = 613.465
ROUND 1293 A#42 and B#25 = 681.614
ROUND 1294 A#43 and B#25 = 614.855
ROUND 1295 A#44 and B#25 = 695.072
ROUND 1296 A#45 and B#25 = 816.112
ROUND 1297 A#46 and B#25 = 672.304
ROUND 1298 A#47 and B#25 = 640.535
ROUND 1299 A#48 and B#25 = 658.656
ROUND 1300 A#49 and B#25 = 649.481
ROUND 1301 A#0 and B#26 = 619.909
ROUND 1302 A#1 and B#26 = 755.625
ROUND 1303 A#2 and B#26 = 795.97
ROUND 1304 A#3 and B#26 = 758.282
ROUND 1305 A#4 and B#26 = 778.987
ROUND 1306 A#5 and B#26 = 744.375
ROUND 1307 A#6 and B#26 = 597.311
ROUND 1308 A#7 and B#26 = 691.008
ROUND 1309 A#8 and B#26 = 740.038
ROUND 1310 A#9 and B#26 = 681.472
ROUND 1311 A#10 and B#26 = 735.46
ROUND 1312 A#11 and B#26 = 599.816
ROUND 1313 A#12 and B#26 = 626.237
ROUND 1314 A#13 and B#26 = 773.37
ROUND 1315 A#14 and B#26 = 643.069
ROUND 1316 A#15 and B#26 = 616.355
ROUND 1317 A#16 and B#26 = 781.529
ROUND 1318 A#17 and B#26 = 694.519
ROUND 1319 A#18 and B#26 = 836.975
ROUND 1320 A#19 and B#26 = 552.999
ROUND 1321 A#20 and B#26 = 728.211
ROUND 1322 A#21 and B#26 = 558.486
ROUND 1323 A#22 and B#26 = 703.586
ROUND 1324 A#23 and B#26 = 805.329
ROUND 1325 A#24 and B#26 = 800.287
ROUND 1326 A#25 and B#26 = 595.681
ROUND 1327 A#26 and B#26 = 736.871
ROUND 1328 A#27 and B#26 = 675.35
ROUND 1329 A#28 and B#26 = 642.629
ROUND 1330 A#29 and B#26 = 599.291
ROUND 1331 A#30 and B#26 = 662.263
ROUND 1332 A#31 and B#26 = 760.544
ROUND 1333 A#32 and B#26 = 388.366
ROUND 1334 A#33 and B#26 = 796.612
ROUND 1335 A#34 and B#26 = 674.339
ROUND 1336 A#35 and B#26 = 681.705
ROUND 1337 A#36 and B#26 = 805.907
ROUND 1338 A#37 and B#26 = 610.758
ROUND 1339 A#38 and B#26 = 678.703
ROUND 1340 A#39 and B#26 = 661.541
ROUND 1341 A#40 and B#26 = 745.347
ROUND 1342 A#41 and B#26 = 840.09
ROUND 1343 A#42 and B#26 = 804.576
ROUND 1344 A#43 and B#26 = 486.377
ROUND 1345 A#44 and B#26 = 701.247
ROUND 1346 A#45 and B#26 = 703.621
ROUND 1347 A#46 and B#26 = 679.154
ROUND 1348 A#47 and B#26 = 608.788
ROUND 1349 A#48 and B#26 = 551.734
ROUND 1350 A#49 and B#26 = 822.964
ROUND 1351 A#0 and B#27 = 593.663
ROUND 1352 A#1 and B#27 = 699.515
ROUND 1353 A#2 and B#27 = 742.407
ROUND 1354 A#3 and B#27 = 793.649
ROUND 1355 A#4 and B#27 = 844.852
ROUND 1356 A#5 and B#27 = 650.109
ROUND 1357 A#6 and B#27 = 635.885
ROUND 1358 A#7 and B#27 = 624.215
ROUND 1359 A#8 and B#27 = 701.488
ROUND 1360 A#9 and B#27 = 638.788
ROUND 1361 A#10 and B#27 = 613.312
ROUND 1362 A#11 and B#27 = 707.55
ROUND 1363 A#12 and B#27 = 773.909
ROUND 1364 A#13 and B#27 = 725.337
ROUND 1365 A#14 and B#27 = 560.794
ROUND 1366 A#15 and B#27 = 591.322
ROUND 1367 A#16 and B#27 = 715.557
ROUND 1368 A#17 and B#27 = 694.544
ROUND 1369 A#18 and B#27 = 661.721
ROUND 1370 A#19 and B#27 = 532.504
ROUND 1371 A#20 and B#27 = 662.817
ROUND 1372 A#21 and B#27 = 624.175
ROUND 1373 A#22 and B#27 = 648.52
ROUND 1374 A#23 and B#27 = 734.122
ROUND 1375 A#24 and B#27 = 767.051
ROUND 1376 A#25 and B#27 = 552.967
ROUND 1377 A#26 and B#27 = 699.411
ROUND 1378 A#27 and B#27 = 685.071
ROUND 1379 A#28 and B#27 = 661.789
ROUND 1380 A#29 and B#27 = 608.509
ROUND 1381 A#30 and B#27 = 759.029
ROUND 1382 A#31 and B#27 = 621.907
ROUND 1383 A#32 and B#27 = 733.654
ROUND 1384 A#33 and B#27 = 668.791
ROUND 1385 A#34 and B#27 = 675.664
ROUND 1386 A#35 and B#27 = 557.775
ROUND 1387 A#36 and B#27 = 650.024
ROUND 1388 A#37 and B#27 = 571.417
ROUND 1389 A#38 and B#27 = 586.662
ROUND 1390 A#39 and B#27 = 752.461
ROUND 1391 A#40 and B#27 = 555.509
ROUND 1392 A#41 and B#27 = 752.556
ROUND 1393 A#42 and B#27 = 699.996
ROUND 1394 A#43 and B#27 = 705.334
ROUND 1395 A#44 and B#27 = 763.41
ROUND 1396 A#45 and B#27 = 643.191
ROUND 1397 A#46 and B#27 = 566.183
ROUND 1398 A#47 and B#27 = 516.992
ROUND 1399 A#48 and B#27 = 660.482
ROUND 1400 A#49 and B#27 = 644.89
ROUND 1401 A#0 and B#28 = 544.889
ROUND 1402 A#1 and B#28 = 494.57
ROUND 1403 A#2 and B#28 = 667.658
ROUND 1404 A#3 and B#28 = 634.331
ROUND 1405 A#4 and B#28 = 777.75
ROUND 1406 A#5 and B#28 = 778.228
ROUND 1407 A#6 and B#28 = 596.374
ROUND 1408 A#7 and B#28 = 790.942
ROUND 1409 A#8 and B#28 = 912.163
ROUND 1410 A#9 and B#28 = 807.634
ROUND 1411 A#10 and B#28 = 709.029
ROUND 1412 A#11 and B#28 = 657.85
ROUND 1413 A#12 and B#28 = 673.724
ROUND 1414 A#13 and B#28 = 706.453
ROUND 1415 A#14 and B#28 = 636.346
ROUND 1416 A#15 and B#28 = 688.802
ROUND 1417 A#16 and B#28 = 798.002
ROUND 1418 A#17 and B#28 = 693.015
ROUND 1419 A#18 and B#28 = 826.753
ROUND 1420 A#19 and B#28 = 596.018
ROUND 1421 A#20 and B#28 = 774.603
ROUND 1422 A#21 and B#28 = 653.126
ROUND 1423 A#22 and B#28 = 658.466
ROUND 1424 A#23 and B#28 = 738.985
ROUND 1425 A#24 and B#28 = 800.231
ROUND 1426 A#25 and B#28 = 702.362
ROUND 1427 A#26 and B#28 = 599.613
ROUND 1428 A#27 and B#28 = 737.227
ROUND 1429 A#28 and B#28 = 702.423
ROUND 1430 A#29 and B#28 = 657.434
ROUND 1431 A#30 and B#28 = 516.46
ROUND 1432 A#31 and B#28 = 655.653
ROUND 1433 A#32 and B#28 = 483.597
ROUND 1434 A#33 and B#28 = 851.95
ROUND 1435 A#34 and B#28 = 623.033
ROUND 1436 A#35 and B#28 = 680.578
ROUND 1437 A#36 and B#28 = 648.008
ROUND 1438 A#37 and B#28 = 583.024
ROUND 1439 A#38 and B#28 = 621.824
ROUND 1440 A#39 and B#28 = 576.14
ROUND 1441 A#40 and B#28 = 690.596
ROUND 1442 A#41 and B#28 = 749.633
ROUND 1443 A#42 and B#28 = 714.892
ROUND 1444 A#43 and B#28 = 637.78
ROUND 1445 A#44 and B#28 = 713.683
ROUND 1446 A#45 and B#28 = 565.336
ROUND 1447 A#46 and B#28 = 635.521
ROUND 1448 A#47 and B#28 = 612.511
ROUND 1449 A#48 and B#28 = 680.118
ROUND 1450 A#49 and B#28 = 643.795
ROUND 1451 A#0 and B#29 = 562.04
ROUND 1452 A#1 and B#29 = 466.304
ROUND 1453 A#2 and B#29 = 630.487
ROUND 1454 A#3 and B#29 = 643.428
ROUND 1455 A#4 and B#29 = 848.517
ROUND 1456 A#5 and B#29 = 702.658
ROUND 1457 A#6 and B#29 = 586.288
ROUND 1458 A#7 and B#29 = 639.343
ROUND 1459 A#8 and B#29 = 876.195
ROUND 1460 A#9 and B#29 = 695.302
ROUND 1461 A#10 and B#29 = 681.681
ROUND 1462 A#11 and B#29 = 690.576
ROUND 1463 A#12 and B#29 = 669.694
ROUND 1464 A#13 and B#29 = 674.411
ROUND 1465 A#14 and B#29 = 623.2
ROUND 1466 A#15 and B#29 = 720.403
ROUND 1467 A#16 and B#29 = 836.243
ROUND 1468 A#17 and B#29 = 680.324
ROUND 1469 A#18 and B#29 = 932.501
ROUND 1470 A#19 and B#29 = 638.082
ROUND 1471 A#20 and B#29 = 945.518
ROUND 1472 A#21 and B#29 = 738.804
ROUND 1473 A#22 and B#29 = 772.018
ROUND 1474 A#23 and B#29 = 670.837
ROUND 1475 A#24 and B#29 = 749.869
ROUND 1476 A#25 and B#29 = 541.077
ROUND 1477 A#26 and B#29 = 616.422
ROUND 1478 A#27 and B#29 = 748.571
ROUND 1479 A#28 and B#29 = 713.809
ROUND 1480 A#29 and B#29 = 623.592
ROUND 1481 A#30 and B#29 = 509.783
ROUND 1482 A#31 and B#29 = 579.122
ROUND 1483 A#32 and B#29 = 469.535
ROUND 1484 A#33 and B#29 = 740.951
ROUND 1485 A#34 and B#29 = 590.366
ROUND 1486 A#35 and B#29 = 663.313
ROUND 1487 A#36 and B#29 = 659.831
ROUND 1488 A#37 and B#29 = 578.136
ROUND 1489 A#38 and B#29 = 590.127
ROUND 1490 A#39 and B#29 = 498.546
ROUND 1491 A#40 and B#29 = 581.021
ROUND 1492 A#41 and B#29 = 687.519
ROUND 1493 A#42 and B#29 = 661.147
ROUND 1494 A#43 and B#29 = 594.201
ROUND 1495 A#44 and B#29 = 733.723
ROUND 1496 A#45 and B#29 = 658.515
ROUND 1497 A#46 and B#29 = 628.448
ROUND 1498 A#47 and B#29 = 611.757
ROUND 1499 A#48 and B#29 = 653.542
ROUND 1500 A#49 and B#29 = 628.472
ROUND 1501 A#0 and B#30 = 365.014
ROUND 1502 A#1 and B#30 = 491.781
ROUND 1503 A#2 and B#30 = 745.421
ROUND 1504 A#3 and B#30 = 517.361
ROUND 1505 A#4 and B#30 = 763.541
ROUND 1506 A#5 and B#30 = 634.351
ROUND 1507 A#6 and B#30 = 400.76
ROUND 1508 A#7 and B#30 = 690.286
ROUND 1509 A#8 and B#30 = 799.478
ROUND 1510 A#9 and B#30 = 734.813
ROUND 1511 A#10 and B#30 = 823.79
ROUND 1512 A#11 and B#30 = 627.278
ROUND 1513 A#12 and B#30 = 658.436
ROUND 1514 A#13 and B#30 = 585.885
ROUND 1515 A#14 and B#30 = 605.742
ROUND 1516 A#15 and B#30 = 574.859
ROUND 1517 A#16 and B#30 = 847.158
ROUND 1518 A#17 and B#30 = 689.308
ROUND 1519 A#18 and B#30 = 837.303
ROUND 1520 A#19 and B#30 = 614.89
ROUND 1521 A#20 and B#30 = 719.237
ROUND 1522 A#21 and B#30 = 603.92
ROUND 1523 A#22 and B#30 = 736.687
ROUND 1524 A#23 and B#30 = 868.843
ROUND 1525 A#24 and B#30 = 759.274
ROUND 1526 A#25 and B#30 = 630.683
ROUND 1527 A#26 and B#30 = 684.149
ROUND 1528 A#27 and B#30 = 764.754
ROUND 1529 A#28 and B#30 = 712.168
ROUND 1530 A#29 and B#30 = 638.617
ROUND 1531 A#30 and B#30 = 390.977
ROUND 1532 A#31 and B#30 = 639.551
ROUND 1533 A#32 and B#30 = 364.998
ROUND 1534 A#33 and B#30 = 761.811
ROUND 1535 A#34 and B#30 = 592.65
ROUND 1536 A#35 and B#30 = 724.381
ROUND 1537 A#36 and B#30 = 673.979
ROUND 1538 A#37 and B#30 = 601.802
ROUND 1539 A#38 and B#30 = 570.853
ROUND 1540 A#39 and B#30 = 654.38
ROUND 1541 A#40 and B#30 = 704.232
ROUND 1542 A#41 and B#30 = 816.45
ROUND 1543 A#42 and B#30 = 714.265
ROUND 1544 A#43 and B#30 = 541.718
ROUND 1545 A#44 and B#30 = 699.002
ROUND 1546 A#45 and B#30 = 318.897
ROUND 1547 A#46 and B#30 = 647.533
ROUND 1548 A#47 and B#30 = 674.18
ROUND 1549 A#48 and B#30 = 763.542
ROUND 1550 A#49 and B#30 = 717.434
ROUND 1551 A#0 and B#31 = 599.054
ROUND 1552 A#1 and B#31 = 583.093
ROUND 1553 A#2 and B#31 = 622.895
ROUND 1554 A#3 and B#31 = 755.622
ROUND 1555 A#4 and B#31 = 806.879
ROUND 1556 A#5 and B#31 = 666.072
ROUND 1557 A#6 and B#31 = 547.667
ROUND 1558 A#7 and B#31 = 714.311
ROUND 1559 A#8 and B#31 = 716.282
ROUND 1560 A#9 and B#31 = 738.492
ROUND 1561 A#10 and B#31 = 714.372
ROUND 1562 A#11 and B#31 = 549.17
ROUND 1563 A#12 and B#31 = 639.024
ROUND 1564 A#13 and B#31 = 753.642
ROUND 1565 A#14 and B#31 = 584.343
ROUND 1566 A#15 and B#31 = 673.051
ROUND 1567 A#16 and B#31 = 695.207
ROUND 1568 A#17 and B#31 = 740.003
ROUND 1569 A#18 and B#31 = 632.825
ROUND 1570 A#19 and B#31 = 578.305
ROUND 1571 A#20 and B#31 = 576.426
ROUND 1572 A#21 and B#31 = 598.245
ROUND 1573 A#22 and B#31 = 700.023
ROUND 1574 A#23 and B#31 = 728.305
ROUND 1575 A#24 and B#31 = 791.904
ROUND 1576 A#25 and B#31 = 616.029
ROUND 1577 A#26 and B#31 = 684.559
ROUND 1578 A#27 and B#31 = 680.335
ROUND 1579 A#28 and B#31 = 658.247
ROUND 1580 A#29 and B#31 = 601.32
ROUND 1581 A#30 and B#31 = 547.438
ROUND 1582 A#31 and B#31 = 711.838
ROUND 1583 A#32 and B#31 = 555.728
ROUND 1584 A#33 and B#31 = 739.614
ROUND 1585 A#34 and B#31 = 645.398
ROUND 1586 A#35 and B#31 = 659.209
ROUND 1587 A#36 and B#31 = 638.294
ROUND 1588 A#37 and B#31 = 592.42
ROUND 1589 A#38 and B#31 = 639.543
ROUND 1590 A#39 and B#31 = 743.317
ROUND 1591 A#40 and B#31 = 628.819
ROUND 1592 A#41 and B#31 = 609.881
ROUND 1593 A#42 and B#31 = 666.819
ROUND 1594 A#43 and B#31 = 657.062
ROUND 1595 A#44 and B#31 = 732.735
ROUND 1596 A#45 and B#31 = 769.373
ROUND 1597 A#46 and B#31 = 715.969
ROUND 1598 A#47 and B#31 = 503.51
ROUND 1599 A#48 and B#31 = 661.839
ROUND 1600 A#49 and B#31 = 730.328
ROUND 1601 A#0 and B#32 = 365.066
ROUND 1602 A#1 and B#32 = 490.489
ROUND 1603 A#2 and B#32 = 745.696
ROUND 1604 A#3 and B#32 = 518.339
ROUND 1605 A#4 and B#32 = 761.206
ROUND 1606 A#5 and B#32 = 634.215
ROUND 1607 A#6 and B#32 = 401.317
ROUND 1608 A#7 and B#32 = 688.915
ROUND 1609 A#8 and B#32 = 798.363
ROUND 1610 A#9 and B#32 = 734.962
ROUND 1611 A#10 and B#32 = 822.622
ROUND 1612 A#11 and B#32 = 625.898
ROUND 1613 A#12 and B#32 = 656.936
ROUND 1614 A#13 and B#32 = 586.942
ROUND 1615 A#14 and B#32 = 604.374
ROUND 1616 A#15 and B#32 = 573.995
ROUND 1617 A#16 and B#32 = 844.136
ROUND 1618 A#17 and B#32 = 687.64
ROUND 1619 A#18 and B#32 = 834.654
ROUND 1620 A#19 and B#32 = 613.502
ROUND 1621 A#20 and B#32 = 717.952
ROUND 1622 A#21 and B#32 = 601.52
ROUND 1623 A#22 and B#32 = 737.931
ROUND 1624 A#23 and B#32 = 869.147
ROUND 1625 A#24 and B#32 = 757.729
ROUND 1626 A#25 and B#32 = 631.702
ROUND 1627 A#26 and B#32 = 683.199
ROUND 1628 A#27 and B#32 = 764.005
ROUND 1629 A#28 and B#32 = 710.433
ROUND 1630 A#29 and B#32 = 638.379
ROUND 1631 A#30 and B#32 = 390.809
ROUND 1632 A#31 and B#32 = 639.465
ROUND 1633 A#32 and B#32 = 364.743
ROUND 1634 A#33 and B#32 = 760.013
ROUND 1635 A#34 and B#32 = 592.485
ROUND 1636 A#35 and B#32 = 722.649
ROUND 1637 A#36 and B#32 = 675.356
ROUND 1638 A#37 and B#32 = 604.367
ROUND 1639 A#38 and B#32 = 570.791
ROUND 1640 A#39 and B#32 = 487.666
ROUND 1641 A#40 and B#32 = 703.355
ROUND 1642 A#41 and B#32 = 817.585
ROUND 1643 A#42 and B#32 = 715.359
ROUND 1644 A#43 and B#32 = 541.202
ROUND 1645 A#44 and B#32 = 699.926
ROUND 1646 A#45 and B#32 = 318.356
ROUND 1647 A#46 and B#32 = 649.117
ROUND 1648 A#47 and B#32 = 673.337
ROUND 1649 A#48 and B#32 = 763.589
ROUND 1650 A#49 and B#32 = 715.965
ROUND 1651 A#0 and B#33 = 624.087
ROUND 1652 A#1 and B#33 = 568.812
ROUND 1653 A#2 and B#33 = 597.658
ROUND 1654 A#3 and B#33 = 746.921
ROUND 1655 A#4 and B#33 = 781.12
ROUND 1656 A#5 and B#33 = 755.224
ROUND 1657 A#6 and B#33 = 543.282
ROUND 1658 A#7 and B#33 = 715.745
ROUND 1659 A#8 and B#33 = 711.801
ROUND 1660 A#9 and B#33 = 715.354
ROUND 1661 A#10 and B#33 = 719.503
ROUND 1662 A#11 and B#33 = 559.267
ROUND 1663 A#12 and B#33 = 632.243
ROUND 1664 A#13 and B#33 = 754.688
ROUND 1665 A#14 and B#33 = 574.224
ROUND 1666 A#15 and B#33 = 650.787
ROUND 1667 A#16 and B#33 = 683.712
ROUND 1668 A#17 and B#33 = 702.955
ROUND 1669 A#18 and B#33 = 638.399
ROUND 1670 A#19 and B#33 = 572.108
ROUND 1671 A#20 and B#33 = 580.636
ROUND 1672 A#21 and B#33 = 613.985
ROUND 1673 A#22 and B#33 = 690.774
ROUND 1674 A#23 and B#33 = 725.218
ROUND 1675 A#24 and B#33 = 800.726
ROUND 1676 A#25 and B#33 = 621.801
ROUND 1677 A#26 and B#33 = 688.936
ROUND 1678 A#27 and B#33 = 680.439
ROUND 1679 A#28 and B#33 = 661.271
ROUND 1680 A#29 and B#33 = 616.774
ROUND 1681 A#30 and B#33 = 539.27
ROUND 1682 A#31 and B#33 = 715.881
ROUND 1683 A#32 and B#33 = 546.504
ROUND 1684 A#33 and B#33 = 742.318
ROUND 1685 A#34 and B#33 = 625.299
ROUND 1686 A#35 and B#33 = 660.645
ROUND 1687 A#36 and B#33 = 646.977
ROUND 1688 A#37 and B#33 = 614.494
ROUND 1689 A#38 and B#33 = 617.585
ROUND 1690 A#39 and B#33 = 605.703
ROUND 1691 A#40 and B#33 = 631.746
ROUND 1692 A#41 and B#33 = 615.064
ROUND 1693 A#42 and B#33 = 667.505
ROUND 1694 A#43 and B#33 = 614.053
ROUND 1695 A#44 and B#33 = 728.869
ROUND 1696 A#45 and B#33 = 763.626
ROUND 1697 A#46 and B#33 = 714.283
ROUND 1698 A#47 and B#33 = 661.073
ROUND 1699 A#48 and B#33 = 651.766
ROUND 1700 A#49 and B#33 = 728.858
ROUND 1701 A#0 and B#34 = 608.457
ROUND 1702 A#1 and B#34 = 743.747
ROUND 1703 A#2 and B#34 = 796.97
ROUND 1704 A#3 and B#34 = 734.598
ROUND 1705 A#4 and B#34 = 795.37
ROUND 1706 A#5 and B#34 = 732.8
ROUND 1707 A#6 and B#34 = 581.86
ROUND 1708 A#7 and B#34 = 715.663
ROUND 1709 A#8 and B#34 = 689.677
ROUND 1710 A#9 and B#34 = 675.503
ROUND 1711 A#10 and B#34 = 737.112
ROUND 1712 A#11 and B#34 = 611.208
ROUND 1713 A#12 and B#34 = 627.397
ROUND 1714 A#13 and B#34 = 809.687
ROUND 1715 A#14 and B#34 = 664.678
ROUND 1716 A#15 and B#34 = 681.372
ROUND 1717 A#16 and B#34 = 644.232
ROUND 1718 A#17 and B#34 = 708.002
ROUND 1719 A#18 and B#34 = 680.059
ROUND 1720 A#19 and B#34 = 612.557
ROUND 1721 A#20 and B#34 = 701.398
ROUND 1722 A#21 and B#34 = 563.812
ROUND 1723 A#22 and B#34 = 645.219
ROUND 1724 A#23 and B#34 = 737.029
ROUND 1725 A#24 and B#34 = 780.458
ROUND 1726 A#25 and B#34 = 555.385
ROUND 1727 A#26 and B#34 = 591.895
ROUND 1728 A#27 and B#34 = 750.939
ROUND 1729 A#28 and B#34 = 678.97
ROUND 1730 A#29 and B#34 = 579.628
ROUND 1731 A#30 and B#34 = 660.7
ROUND 1732 A#31 and B#34 = 766.007
ROUND 1733 A#32 and B#34 = 637.6
ROUND 1734 A#33 and B#34 = 802.981
ROUND 1735 A#34 and B#34 = 681.075
ROUND 1736 A#35 and B#34 = 702.576
ROUND 1737 A#36 and B#34 = 803.785
ROUND 1738 A#37 and B#34 = 639.041
ROUND 1739 A#38 and B#34 = 676.305
ROUND 1740 A#39 and B#34 = 665.381
ROUND 1741 A#40 and B#34 = 726.482
ROUND 1742 A#41 and B#34 = 617.316
ROUND 1743 A#42 and B#34 = 811.159
ROUND 1744 A#43 and B#34 = 483.566
ROUND 1745 A#44 and B#34 = 844.084
ROUND 1746 A#45 and B#34 = 702.867
ROUND 1747 A#46 and B#34 = 700.714
ROUND 1748 A#47 and B#34 = 564.694
ROUND 1749 A#48 and B#34 = 532.592
ROUND 1750 A#49 and B#34 = 820.985
ROUND 1751 A#0 and B#35 = 579.126
ROUND 1752 A#1 and B#35 = 607.398
ROUND 1753 A#2 and B#35 = 646.335
ROUND 1754 A#3 and B#35 = 767.219
ROUND 1755 A#4 and B#35 = 732.817
ROUND 1756 A#5 and B#35 = 742.899
ROUND 1757 A#6 and B#35 = 655.977
ROUND 1758 A#7 and B#35 = 707.674
ROUND 1759 A#8 and B#35 = 856.073
ROUND 1760 A#9 and B#35 = 676.931
ROUND 1761 A#10 and B#35 = 639.525
ROUND 1762 A#11 and B#35 = 599.059
ROUND 1763 A#12 and B#35 = 582.286
ROUND 1764 A#13 and B#35 = 724.687
ROUND 1765 A#14 and B#35 = 669.897
ROUND 1766 A#15 and B#35 = 674.141
ROUND 1767 A#16 and B#35 = 783.573
ROUND 1768 A#17 and B#35 = 753.567
ROUND 1769 A#18 and B#35 = 648.482
ROUND 1770 A#19 and B#35 = 528.076
ROUND 1771 A#20 and B#35 = 636.934
ROUND 1772 A#21 and B#35 = 593.874
ROUND 1773 A#22 and B#35 = 698.045
ROUND 1774 A#23 and B#35 = 751.846
ROUND 1775 A#24 and B#35 = 776.014
ROUND 1776 A#25 and B#35 = 524.369
ROUND 1777 A#26 and B#35 = 841.401
ROUND 1778 A#27 and B#35 = 670.958
ROUND 1779 A#28 and B#35 = 662.952
ROUND 1780 A#29 and B#35 = 653.031
ROUND 1781 A#30 and B#35 = 583.386
ROUND 1782 A#31 and B#35 = 816.804
ROUND 1783 A#32 and B#35 = 463.67
ROUND 1784 A#33 and B#35 = 838.88
ROUND 1785 A#34 and B#35 = 570.721
ROUND 1786 A#35 and B#35 = 534.409
ROUND 1787 A#36 and B#35 = 585.22
ROUND 1788 A#37 and B#35 = 559.869
ROUND 1789 A#38 and B#35 = 573.619
ROUND 1790 A#39 and B#35 = 550.584
ROUND 1791 A#40 and B#35 = 700.543
ROUND 1792 A#41 and B#35 = 727.76
ROUND 1793 A#42 and B#35 = 770.605
ROUND 1794 A#43 and B#35 = 672.243
ROUND 1795 A#44 and B#35 = 819.637
ROUND 1796 A#45 and B#35 = 673.048
ROUND 1797 A#46 and B#35 = 644.32
ROUND 1798 A#47 and B#35 = 569.336
ROUND 1799 A#48 and B#35 = 611.463
ROUND 1800 A#49 and B#35 = 638.275
ROUND 1801 A#0 and B#36 = 521.674
ROUND 1802 A#1 and B#36 = 625.743
ROUND 1803 A#2 and B#36 = 708.481
ROUND 1804 A#3 and B#36 = 650.416
ROUND 1805 A#4 and B#36 = 805.194
ROUND 1806 A#5 and B#36 = 764.772
ROUND 1807 A#6 and B#36 = 575.049
ROUND 1808 A#7 and B#36 = 776.487
ROUND 1809 A#8 and B#36 = 815.224
ROUND 1810 A#9 and B#36 = 674.123
ROUND 1811 A#10 and B#36 = 699.598
ROUND 1812 A#11 and B#36 = 639.222
ROUND 1813 A#12 and B#36 = 651.998
ROUND 1814 A#13 and B#36 = 719.281
ROUND 1815 A#14 and B#36 = 639.732
ROUND 1816 A#15 and B#36 = 686.783
ROUND 1817 A#16 and B#36 = 773.553
ROUND 1818 A#17 and B#36 = 733.823
ROUND 1819 A#18 and B#36 = 813.85
ROUND 1820 A#19 and B#36 = 532.637
ROUND 1821 A#20 and B#36 = 767.693
ROUND 1822 A#21 and B#36 = 621.644
ROUND 1823 A#22 and B#36 = 697.226
ROUND 1824 A#23 and B#36 = 742.72
ROUND 1825 A#24 and B#36 = 849.374
ROUND 1826 A#25 and B#36 = 385.708
ROUND 1827 A#26 and B#36 = 638.813
ROUND 1828 A#27 and B#36 = 684.69
ROUND 1829 A#28 and B#36 = 635.25
ROUND 1830 A#29 and B#36 = 633.438
ROUND 1831 A#30 and B#36 = 534.582
ROUND 1832 A#31 and B#36 = 653.905
ROUND 1833 A#32 and B#36 = 494.731
ROUND 1834 A#33 and B#36 = 797.994
ROUND 1835 A#34 and B#36 = 647.031
ROUND 1836 A#35 and B#36 = 708.825
ROUND 1837 A#36 and B#36 = 605.667
ROUND 1838 A#37 and B#36 = 581.509
ROUND 1839 A#38 and B#36 = 646.652
ROUND 1840 A#39 and B#36 = 564.808
ROUND 1841 A#40 and B#36 = 706.075
ROUND 1842 A#41 and B#36 = 738.659
ROUND 1843 A#42 and B#36 = 740.235
ROUND 1844 A#43 and B#36 = 597.311
ROUND 1845 A#44 and B#36 = 747.979
ROUND 1846 A#45 and B#36 = 612.744
ROUND 1847 A#46 and B#36 = 708.631
ROUND 1848 A#47 and B#36 = 612.175
ROUND 1849 A#48 and B#36 = 707.266
ROUND 1850 A#49 and B#36 = 648.589
ROUND 1851 A#0 and B#37 = 613.226
ROUND 1852 A#1 and B#37 = 710.552
ROUND 1853 A#2 and B#37 = 799.089
ROUND 1854 A#3 and B#37 = 750.084
ROUND 1855 A#4 and B#37 = 770.88
ROUND 1856 A#5 and B#37 = 698.697
ROUND 1857 A#6 and B#37 = 602.208
ROUND 1858 A#7 and B#37 = 703.183
ROUND 1859 A#8 and B#37 = 653.25
ROUND 1860 A#9 and B#37 = 656.935
ROUND 1861 A#10 and B#37 = 745.948
ROUND 1862 A#11 and B#37 = 567.312
ROUND 1863 A#12 and B#37 = 650.204
ROUND 1864 A#13 and B#37 = 726.373
ROUND 1865 A#14 and B#37 = 548.86
ROUND 1866 A#15 and B#37 = 672.172
ROUND 1867 A#16 and B#37 = 721.212
ROUND 1868 A#17 and B#37 = 684.025
ROUND 1869 A#18 and B#37 = 769.508
ROUND 1870 A#19 and B#37 = 579.556
ROUND 1871 A#20 and B#37 = 737.84
ROUND 1872 A#21 and B#37 = 548.014
ROUND 1873 A#22 and B#37 = 645.441
ROUND 1874 A#23 and B#37 = 747.673
ROUND 1875 A#24 and B#37 = 774.93
ROUND 1876 A#25 and B#37 = 795.273
ROUND 1877 A#26 and B#37 = 743.206
ROUND 1878 A#27 and B#37 = 679.055
ROUND 1879 A#28 and B#37 = 635.1
ROUND 1880 A#29 and B#37 = 648.649
ROUND 1881 A#30 and B#37 = 664.255
ROUND 1882 A#31 and B#37 = 737.727
ROUND 1883 A#32 and B#37 = 658.811
ROUND 1884 A#33 and B#37 = 804.374
ROUND 1885 A#34 and B#37 = 588.954
ROUND 1886 A#35 and B#37 = 732.117
ROUND 1887 A#36 and B#37 = 794.518
ROUND 1888 A#37 and B#37 = 653.314
ROUND 1889 A#38 and B#37 = 690.528
ROUND 1890 A#39 and B#37 = 671.711
ROUND 1891 A#40 and B#37 = 735.067
ROUND 1892 A#41 and B#37 = 660.812
ROUND 1893 A#42 and B#37 = 752.531
ROUND 1894 A#43 and B#37 = 633.6
ROUND 1895 A#44 and B#37 = 820.293
ROUND 1896 A#45 and B#37 = 682.131
ROUND 1897 A#46 and B#37 = 708.234
ROUND 1898 A#47 and B#37 = 581.139
ROUND 1899 A#48 and B#37 = 557.844
ROUND 1900 A#49 and B#37 = 792.778
ROUND 1901 A#0 and B#38 = 364.473
ROUND 1902 A#1 and B#38 = 491.83
ROUND 1903 A#2 and B#38 = 745.292
ROUND 1904 A#3 and B#38 = 517.367
ROUND 1905 A#4 and B#38 = 764.04
ROUND 1906 A#5 and B#38 = 633.814
ROUND 1907 A#6 and B#38 = 400.457
ROUND 1908 A#7 and B#38 = 690.417
ROUND 1909 A#8 and B#38 = 800.033
ROUND 1910 A#9 and B#38 = 735.21
ROUND 1911 A#10 and B#38 = 823.567
ROUND 1912 A#11 and B#38 = 627.258
ROUND 1913 A#12 and B#38 = 658.482
ROUND 1914 A#13 and B#38 = 586.499
ROUND 1915 A#14 and B#38 = 605.742
ROUND 1916 A#15 and B#38 = 575.107
ROUND 1917 A#16 and B#38 = 847.878
ROUND 1918 A#17 and B#38 = 689.463
ROUND 1919 A#18 and B#38 = 837.825
ROUND 1920 A#19 and B#38 = 615.094
ROUND 1921 A#20 and B#38 = 719.352
ROUND 1922 A#21 and B#38 = 604.159
ROUND 1923 A#22 and B#38 = 736.922
ROUND 1924 A#23 and B#38 = 868.579
ROUND 1925 A#24 and B#38 = 759.06
ROUND 1926 A#25 and B#38 = 630.919
ROUND 1927 A#26 and B#38 = 683.554
ROUND 1928 A#27 and B#38 = 765.294
ROUND 1929 A#28 and B#38 = 711.986
ROUND 1930 A#29 and B#38 = 638.012
ROUND 1931 A#30 and B#38 = 391.361
ROUND 1932 A#31 and B#38 = 639.778
ROUND 1933 A#32 and B#38 = 365.373
ROUND 1934 A#33 and B#38 = 762.034
ROUND 1935 A#34 and B#38 = 592.845
ROUND 1936 A#35 and B#38 = 724.328
ROUND 1937 A#36 and B#38 = 674.086
ROUND 1938 A#37 and B#38 = 601.754
ROUND 1939 A#38 and B#38 = 571.035
ROUND 1940 A#39 and B#38 = 654.556
ROUND 1941 A#40 and B#38 = 703.199
ROUND 1942 A#41 and B#38 = 816.221
ROUND 1943 A#42 and B#38 = 713.451
ROUND 1944 A#43 and B#38 = 541.503
ROUND 1945 A#44 and B#38 = 698.973
ROUND 1946 A#45 and B#38 = 318.913
ROUND 1947 A#46 and B#38 = 648.115
ROUND 1948 A#47 and B#38 = 674.43
ROUND 1949 A#48 and B#38 = 762.488
ROUND 1950 A#49 and B#38 = 717.251
ROUND 1951 A#0 and B#39 = 650.921
ROUND 1952 A#1 and B#39 = 565.394
ROUND 1953 A#2 and B#39 = 643.412
ROUND 1954 A#3 and B#39 = 756.845
ROUND 1955 A#4 and B#39 = 755.661
ROUND 1956 A#5 and B#39 = 701.477
ROUND 1957 A#6 and B#39 = 549.225
ROUND 1958 A#7 and B#39 = 689.788
ROUND 1959 A#8 and B#39 = 631.174
ROUND 1960 A#9 and B#39 = 751.938
ROUND 1961 A#10 and B#39 = 724.138
ROUND 1962 A#11 and B#39 = 579.947
ROUND 1963 A#12 and B#39 = 685.559
ROUND 1964 A#13 and B#39 = 739.007
ROUND 1965 A#14 and B#39 = 596.512
ROUND 1966 A#15 and B#39 = 669.629
ROUND 1967 A#16 and B#39 = 755.172
ROUND 1968 A#17 and B#39 = 668.721
ROUND 1969 A#18 and B#39 = 688.735
ROUND 1970 A#19 and B#39 = 523.15
ROUND 1971 A#20 and B#39 = 665.584
ROUND 1972 A#21 and B#39 = 579.661
ROUND 1973 A#22 and B#39 = 768.221
ROUND 1974 A#23 and B#39 = 718.209
ROUND 1975 A#24 and B#39 = 835.159
ROUND 1976 A#25 and B#39 = 729.24
ROUND 1977 A#26 and B#39 = 709.574
ROUND 1978 A#27 and B#39 = 675.859
ROUND 1979 A#28 and B#39 = 618.734
ROUND 1980 A#29 and B#39 = 659.423
ROUND 1981 A#30 and B#39 = 545.339
ROUND 1982 A#31 and B#39 = 746.298
ROUND 1983 A#32 and B#39 = 542.502
ROUND 1984 A#33 and B#39 = 790.81
ROUND 1985 A#34 and B#39 = 663.06
ROUND 1986 A#35 and B#39 = 680.848
ROUND 1987 A#36 and B#39 = 667.259
ROUND 1988 A#37 and B#39 = 608.564
ROUND 1989 A#38 and B#39 = 655.724
ROUND 1990 A#39 and B#39 = 771.796
ROUND 1991 A#40 and B#39 = 731.748
ROUND 1992 A#41 and B#39 = 610.426
ROUND 1993 A#42 and B#39 = 685.213
ROUND 1994 A#43 and B#39 = 625.379
ROUND 1995 A#44 and B#39 = 704.225
ROUND 1996 A#45 and B#39 = 766.513
ROUND 1997 A#46 and B#39 = 687.384
ROUND 1998 A#47 and B#39 = 486.559
ROUND 1999 A#48 and B#39 = 656.129
ROUND 2000 A#49 and B#39 = 661.579
ROUND 2001 A#0 and B#40 = 579.943
ROUND 2002 A#1 and B#40 = 606.701
ROUND 2003 A#2 and B#40 = 648.976
ROUND 2004 A#3 and B#40 = 769.554
ROUND 2005 A#4 and B#40 = 734.281
ROUND 2006 A#5 and B#40 = 742.208
ROUND 2007 A#6 and B#40 = 657.109
ROUND 2008 A#7 and B#40 = 706.503
ROUND 2009 A#8 and B#40 = 855.879
ROUND 2010 A#9 and B#40 = 677.802
ROUND 2011 A#10 and B#40 = 640.063
ROUND 2012 A#11 and B#40 = 599.71
ROUND 2013 A#12 and B#40 = 584.519
ROUND 2014 A#13 and B#40 = 726.592
ROUND 2015 A#14 and B#40 = 670.572
ROUND 2016 A#15 and B#40 = 673.621
ROUND 2017 A#16 and B#40 = 784.711
ROUND 2018 A#17 and B#40 = 752.005
ROUND 2019 A#18 and B#40 = 651.02
ROUND 2020 A#19 and B#40 = 529.468
ROUND 2021 A#20 and B#40 = 639.27
ROUND 2022 A#21 and B#40 = 595.516
ROUND 2023 A#22 and B#40 = 698.805
ROUND 2024 A#23 and B#40 = 752.277
ROUND 2025 A#24 and B#40 = 777.782
ROUND 2026 A#25 and B#40 = 525.361
ROUND 2027 A#26 and B#40 = 841.546
ROUND 2028 A#27 and B#40 = 671.245
ROUND 2029 A#28 and B#40 = 662.665
ROUND 2030 A#29 and B#40 = 652.332
ROUND 2031 A#30 and B#40 = 583.213
ROUND 2032 A#31 and B#40 = 815.235
ROUND 2033 A#32 and B#40 = 465.145
ROUND 2034 A#33 and B#40 = 839.125
ROUND 2035 A#34 and B#40 = 570.251
ROUND 2036 A#35 and B#40 = 533.034
ROUND 2037 A#36 and B#40 = 586.956
ROUND 2038 A#37 and B#40 = 559.283
ROUND 2039 A#38 and B#40 = 572.372
ROUND 2040 A#39 and B#40 = 550.52
ROUND 2041 A#40 and B#40 = 700.111
ROUND 2042 A#41 and B#40 = 727.426
ROUND 2043 A#42 and B#40 = 768.936
ROUND 2044 A#43 and B#40 = 671.857
ROUND 2045 A#44 and B#40 = 820.947
ROUND 2046 A#45 and B#40 = 672.392
ROUND 2047 A#46 and B#40 = 645.64
ROUND 2048 A#47 and B#40 = 569.516
ROUND 2049 A#48 and B#40 = 613.816
ROUND 2050 A#49 and B#40 = 638.424
ROUND 2051 A#0 and B#41 = 404.858
ROUND 2052 A#1 and B#41 = 599.711
ROUND 2053 A#2 and B#41 = 589.48
ROUND 2054 A#3 and B#41 = 778.918
ROUND 2055 A#4 and B#41 = 760.248
ROUND 2056 A#5 and B#41 = 791.309
ROUND 2057 A#6 and B#41 = 535.865
ROUND 2058 A#7 and B#41 = 703.146
ROUND 2059 A#8 and B#41 = 751.279
ROUND 2060 A#9 and B#41 = 760.182
ROUND 2061 A#10 and B#41 = 712.327
ROUND 2062 A#11 and B#41 = 559.373
ROUND 2063 A#12 and B#41 = 666.561
ROUND 2064 A#13 and B#41 = 791.352
ROUND 2065 A#14 and B#41 = 537.071
ROUND 2066 A#15 and B#41 = 654.934
ROUND 2067 A#16 and B#41 = 660.99
ROUND 2068 A#17 and B#41 = 769.237
ROUND 2069 A#18 and B#41 = 634.219
ROUND 2070 A#19 and B#41 = 580.224
ROUND 2071 A#20 and B#41 = 614.241
ROUND 2072 A#21 and B#41 = 607.38
ROUND 2073 A#22 and B#41 = 754.338
ROUND 2074 A#23 and B#41 = 762.302
ROUND 2075 A#24 and B#41 = 815.361
ROUND 2076 A#25 and B#41 = 676.559
ROUND 2077 A#26 and B#41 = 695.275
ROUND 2078 A#27 and B#41 = 661.227
ROUND 2079 A#28 and B#41 = 602.036
ROUND 2080 A#29 and B#41 = 580.684
ROUND 2081 A#30 and B#41 = 673.041
ROUND 2082 A#31 and B#41 = 738.739
ROUND 2083 A#32 and B#41 = 492.557
ROUND 2084 A#33 and B#41 = 798.48
ROUND 2085 A#34 and B#41 = 545.964
ROUND 2086 A#35 and B#41 = 678.767
ROUND 2087 A#36 and B#41 = 680.68
ROUND 2088 A#37 and B#41 = 633.496
ROUND 2089 A#38 and B#41 = 545.877
ROUND 2090 A#39 and B#41 = 603.272
ROUND 2091 A#40 and B#41 = 731.513
ROUND 2092 A#41 and B#41 = 614.169
ROUND 2093 A#42 and B#41 = 743.888
ROUND 2094 A#43 and B#41 = 637.664
ROUND 2095 A#44 and B#41 = 731.968
ROUND 2096 A#45 and B#41 = 811.838
ROUND 2097 A#46 and B#41 = 692.371
ROUND 2098 A#47 and B#41 = 555.588
ROUND 2099 A#48 and B#41 = 651.251
ROUND 2100 A#49 and B#41 = 709.41
ROUND 2101 A#0 and B#42 = 652.511
ROUND 2102 A#1 and B#42 = 567.919
ROUND 2103 A#2 and B#42 = 642.503
ROUND 2104 A#3 and B#42 = 758.051
ROUND 2105 A#4 and B#42 = 763.334
ROUND 2106 A#5 and B#42 = 697.784
ROUND 2107 A#6 and B#42 = 542.911
ROUND 2108 A#7 and B#42 = 690.449
ROUND 2109 A#8 and B#42 = 631.543
ROUND 2110 A#9 and B#42 = 753.663
ROUND 2111 A#10 and B#42 = 720.1
ROUND 2112 A#11 and B#42 = 583.326
ROUND 2113 A#12 and B#42 = 685.091
ROUND 2114 A#13 and B#42 = 739.145
ROUND 2115 A#14 and B#42 = 599.233
ROUND 2116 A#15 and B#42 = 669.007
ROUND 2117 A#16 and B#42 = 756.169
ROUND 2118 A#17 and B#42 = 666.11
ROUND 2119 A#18 and B#42 = 687.078
ROUND 2120 A#19 and B#42 = 524.9
ROUND 2121 A#20 and B#42 = 663.939
ROUND 2122 A#21 and B#42 = 576.863
ROUND 2123 A#22 and B#42 = 769.883
ROUND 2124 A#23 and B#42 = 719.39
ROUND 2125 A#24 and B#42 = 831.502
ROUND 2126 A#25 and B#42 = 730.2
ROUND 2127 A#26 and B#42 = 708.12
ROUND 2128 A#27 and B#42 = 675.287
ROUND 2129 A#28 and B#42 = 618.606
ROUND 2130 A#29 and B#42 = 657.627
ROUND 2131 A#30 and B#42 = 546.248
ROUND 2132 A#31 and B#42 = 747.323
ROUND 2133 A#32 and B#42 = 542.672
ROUND 2134 A#33 and B#42 = 791.848
ROUND 2135 A#34 and B#42 = 665.397
ROUND 2136 A#35 and B#42 = 680.386
ROUND 2137 A#36 and B#42 = 667.748
ROUND 2138 A#37 and B#42 = 609.679
ROUND 2139 A#38 and B#42 = 658.496
ROUND 2140 A#39 and B#42 = 772.439
ROUND 2141 A#40 and B#42 = 732.493
ROUND 2142 A#41 and B#42 = 610.062
ROUND 2143 A#42 and B#42 = 686.352
ROUND 2144 A#43 and B#42 = 628.539
ROUND 2145 A#44 and B#42 = 701.623
ROUND 2146 A#45 and B#42 = 826.897
ROUND 2147 A#46 and B#42 = 685.613
ROUND 2148 A#47 and B#42 = 483.938
ROUND 2149 A#48 and B#42 = 655.723
ROUND 2150 A#49 and B#42 = 662.743
ROUND 2151 A#0 and B#43 = 614.319
ROUND 2152 A#1 and B#43 = 572.879
ROUND 2153 A#2 and B#43 = 591.629
ROUND 2154 A#3 and B#43 = 785.453
ROUND 2155 A#4 and B#43 = 765.601
ROUND 2156 A#5 and B#43 = 816.811
ROUND 2157 A#6 and B#43 = 535.983
ROUND 2158 A#7 and B#43 = 704.458
ROUND 2159 A#8 and B#43 = 623.631
ROUND 2160 A#9 and B#43 = 749.355
ROUND 2161 A#10 and B#43 = 698.839
ROUND 2162 A#11 and B#43 = 545.173
ROUND 2163 A#12 and B#43 = 657.961
ROUND 2164 A#13 and B#43 = 787.939
ROUND 2165 A#14 and B#43 = 595.397
ROUND 2166 A#15 and B#43 = 675.777
ROUND 2167 A#16 and B#43 = 732.853
ROUND 2168 A#17 and B#43 = 697.106
ROUND 2169 A#18 and B#43 = 674.726
ROUND 2170 A#19 and B#43 = 573.558
ROUND 2171 A#20 and B#43 = 653.007
ROUND 2172 A#21 and B#43 = 587.97
ROUND 2173 A#22 and B#43 = 765.003
ROUND 2174 A#23 and B#43 = 728.365
ROUND 2175 A#24 and B#43 = 822.676
ROUND 2176 A#25 and B#43 = 654.833
ROUND 2177 A#26 and B#43 = 698.848
ROUND 2178 A#27 and B#43 = 662.23
ROUND 2179 A#28 and B#43 = 644.249
ROUND 2180 A#29 and B#43 = 567.257
ROUND 2181 A#30 and B#43 = 505.378
ROUND 2182 A#31 and B#43 = 773.037
ROUND 2183 A#32 and B#43 = 515.402
ROUND 2184 A#33 and B#43 = 772.909
ROUND 2185 A#34 and B#43 = 705.725
ROUND 2186 A#35 and B#43 = 641.542
ROUND 2187 A#36 and B#43 = 648.484
ROUND 2188 A#37 and B#43 = 607.87
ROUND 2189 A#38 and B#43 = 663.042
ROUND 2190 A#39 and B#43 = 748.213
ROUND 2191 A#40 and B#43 = 704.722
ROUND 2192 A#41 and B#43 = 617.959
ROUND 2193 A#42 and B#43 = 702.197
ROUND 2194 A#43 and B#43 = 656.002
ROUND 2195 A#44 and B#43 = 731.104
ROUND 2196 A#45 and B#43 = 808.068
ROUND 2197 A#46 and B#43 = 700.054
ROUND 2198 A#47 and B#43 = 486.707
ROUND 2199 A#48 and B#43 = 637.62
ROUND 2200 A#49 and B#43 = 710.64
ROUND 2201 A#0 and B#44 = 605.241
ROUND 2202 A#1 and B#44 = 730.471
ROUND 2203 A#2 and B#44 = 793.145
ROUND 2204 A#3 and B#44 = 726.68
ROUND 2205 A#4 and B#44 = 769.787
ROUND 2206 A#5 and B#44 = 708.002
ROUND 2207 A#6 and B#44 = 568.81
ROUND 2208 A#7 and B#44 = 713.808
ROUND 2209 A#8 and B#44 = 676.255
ROUND 2210 A#9 and B#44 = 668.621
ROUND 2211 A#10 and B#44 = 741.569
ROUND 2212 A#11 and B#44 = 603.701
ROUND 2213 A#12 and B#44 = 641.177
ROUND 2214 A#13 and B#44 = 804.218
ROUND 2215 A#14 and B#44 = 657.975
ROUND 2216 A#15 and B#44 = 712.423
ROUND 2217 A#16 and B#44 = 719.181
ROUND 2218 A#17 and B#44 = 726.401
ROUND 2219 A#18 and B#44 = 772.715
ROUND 2220 A#19 and B#44 = 552.857
ROUND 2221 A#20 and B#44 = 708.576
ROUND 2222 A#21 and B#44 = 554.366
ROUND 2223 A#22 and B#44 = 669.885
ROUND 2224 A#23 and B#44 = 727.959
ROUND 2225 A#24 and B#44 = 772.946
ROUND 2226 A#25 and B#44 = 575.535
ROUND 2227 A#26 and B#44 = 768.751
ROUND 2228 A#27 and B#44 = 671.225
ROUND 2229 A#28 and B#44 = 666.178
ROUND 2230 A#29 and B#44 = 614.377
ROUND 2231 A#30 and B#44 = 623.29
ROUND 2232 A#31 and B#44 = 759.101
ROUND 2233 A#32 and B#44 = 614.768
ROUND 2234 A#33 and B#44 = 803.902
ROUND 2235 A#34 and B#44 = 684.266
ROUND 2236 A#35 and B#44 = 700.772
ROUND 2237 A#36 and B#44 = 764.357
ROUND 2238 A#37 and B#44 = 635.417
ROUND 2239 A#38 and B#44 = 661.055
ROUND 2240 A#39 and B#44 = 656.994
ROUND 2241 A#40 and B#44 = 703.352
ROUND 2242 A#41 and B#44 = 611.001
ROUND 2243 A#42 and B#44 = 773.973
ROUND 2244 A#43 and B#44 = 472.748
ROUND 2245 A#44 and B#44 = 841.484
ROUND 2246 A#45 and B#44 = 683.319
ROUND 2247 A#46 and B#44 = 713
ROUND 2248 A#47 and B#44 = 581.917
ROUND 2249 A#48 and B#44 = 544.381
ROUND 2250 A#49 and B#44 = 801.851
ROUND 2251 A#0 and B#45 = 609.588
ROUND 2252 A#1 and B#45 = 740.461
ROUND 2253 A#2 and B#45 = 788.238
ROUND 2254 A#3 and B#45 = 610.101
ROUND 2255 A#4 and B#45 = 777.981
ROUND 2256 A#5 and B#45 = 706.657
ROUND 2257 A#6 and B#45 = 578.3
ROUND 2258 A#7 and B#45 = 744.671
ROUND 2259 A#8 and B#45 = 685.092
ROUND 2260 A#9 and B#45 = 674.108
ROUND 2261 A#10 and B#45 = 739.728
ROUND 2262 A#11 and B#45 = 612.301
ROUND 2263 A#12 and B#45 = 630.925
ROUND 2264 A#13 and B#45 = 737.642
ROUND 2265 A#14 and B#45 = 663.974
ROUND 2266 A#15 and B#45 = 596.329
ROUND 2267 A#16 and B#45 = 646.426
ROUND 2268 A#17 and B#45 = 700.318
ROUND 2269 A#18 and B#45 = 673.409
ROUND 2270 A#19 and B#45 = 619.921
ROUND 2271 A#20 and B#45 = 639.584
ROUND 2272 A#21 and B#45 = 562.685
ROUND 2273 A#22 and B#45 = 643.773
ROUND 2274 A#23 and B#45 = 734.759
ROUND 2275 A#24 and B#45 = 781.831
ROUND 2276 A#25 and B#45 = 567.395
ROUND 2277 A#26 and B#45 = 671.682
ROUND 2278 A#27 and B#45 = 747.22
ROUND 2279 A#28 and B#45 = 669.346
ROUND 2280 A#29 and B#45 = 606.522
ROUND 2281 A#30 and B#45 = 655.694
ROUND 2282 A#31 and B#45 = 755.051
ROUND 2283 A#32 and B#45 = 633.298
ROUND 2284 A#33 and B#45 = 803.756
ROUND 2285 A#34 and B#45 = 589.027
ROUND 2286 A#35 and B#45 = 663.7
ROUND 2287 A#36 and B#45 = 656.474
ROUND 2288 A#37 and B#45 = 632.789
ROUND 2289 A#38 and B#45 = 661.051
ROUND 2290 A#39 and B#45 = 666.996
ROUND 2291 A#40 and B#45 = 738.166
ROUND 2292 A#41 and B#45 = 618.484
ROUND 2293 A#42 and B#45 = 807.569
ROUND 2294 A#43 and B#45 = 478.286
ROUND 2295 A#44 and B#45 = 712.149
ROUND 2296 A#45 and B#45 = 682.935
ROUND 2297 A#46 and B#45 = 693.519
ROUND 2298 A#47 and B#45 = 588.917
ROUND 2299 A#48 and B#45 = 529.646
ROUND 2300 A#49 and B#45 = 800.965
ROUND 2301 A#0 and B#46 = 608.462
ROUND 2302 A#1 and B#46 = 486.256
ROUND 2303 A#2 and B#46 = 745.833
ROUND 2304 A#3 and B#46 = 514.044
ROUND 2305 A#4 and B#46 = 756.223
ROUND 2306 A#5 and B#46 = 758.2
ROUND 2307 A#6 and B#46 = 366.893
ROUND 2308 A#7 and B#46 = 683.481
ROUND 2309 A#8 and B#46 = 783.731
ROUND 2310 A#9 and B#46 = 730.615
ROUND 2311 A#10 and B#46 = 827.987
ROUND 2312 A#11 and B#46 = 625.168
ROUND 2313 A#12 and B#46 = 631.493
ROUND 2314 A#13 and B#46 = 581.945
ROUND 2315 A#14 and B#46 = 620.858
ROUND 2316 A#15 and B#46 = 663.012
ROUND 2317 A#16 and B#46 = 865.249
ROUND 2318 A#17 and B#46 = 698.987
ROUND 2319 A#18 and B#46 = 864.667
ROUND 2320 A#19 and B#46 = 654.931
ROUND 2321 A#20 and B#46 = 851.885
ROUND 2322 A#21 and B#46 = 607.216
ROUND 2323 A#22 and B#46 = 733.975
ROUND 2324 A#23 and B#46 = 840.618
ROUND 2325 A#24 and B#46 = 751.858
ROUND 2326 A#25 and B#46 = 542.407
ROUND 2327 A#26 and B#46 = 598.895
ROUND 2328 A#27 and B#46 = 767.461
ROUND 2329 A#28 and B#46 = 711.565
ROUND 2330 A#29 and B#46 = 641.913
ROUND 2331 A#30 and B#46 = 625.817
ROUND 2332 A#31 and B#46 = 687.43
ROUND 2333 A#32 and B#46 = 361.752
ROUND 2334 A#33 and B#46 = 759.973
ROUND 2335 A#34 and B#46 = 588.823
ROUND 2336 A#35 and B#46 = 507.364
ROUND 2337 A#36 and B#46 = 724.361
ROUND 2338 A#37 and B#46 = 578.84
ROUND 2339 A#38 and B#46 = 565.803
ROUND 2340 A#39 and B#46 = 656.322
ROUND 2341 A#40 and B#46 = 694.345
ROUND 2342 A#41 and B#46 = 785.242
ROUND 2343 A#42 and B#46 = 685.017
ROUND 2344 A#43 and B#46 = 472.652
ROUND 2345 A#44 and B#46 = 709.37
ROUND 2346 A#45 and B#46 = 664.328
ROUND 2347 A#46 and B#46 = 639.323
ROUND 2348 A#47 and B#46 = 674.867
ROUND 2349 A#48 and B#46 = 547.121
ROUND 2350 A#49 and B#46 = 739.896
ROUND 2351 A#0 and B#47 = 574.674
ROUND 2352 A#1 and B#47 = 715.766
ROUND 2353 A#2 and B#47 = 787.971
ROUND 2354 A#3 and B#47 = 724.691
ROUND 2355 A#4 and B#47 = 765
ROUND 2356 A#5 and B#47 = 725.992
ROUND 2357 A#6 and B#47 = 609.073
ROUND 2358 A#7 and B#47 = 701.622
ROUND 2359 A#8 and B#47 = 654.375
ROUND 2360 A#9 and B#47 = 647.65
ROUND 2361 A#10 and B#47 = 747.321
ROUND 2362 A#11 and B#47 = 571.765
ROUND 2363 A#12 and B#47 = 647.35
ROUND 2364 A#13 and B#47 = 730.987
ROUND 2365 A#14 and B#47 = 554.523
ROUND 2366 A#15 and B#47 = 681.405
ROUND 2367 A#16 and B#47 = 715.016
ROUND 2368 A#17 and B#47 = 685.581
ROUND 2369 A#18 and B#47 = 765.362
ROUND 2370 A#19 and B#47 = 572.61
ROUND 2371 A#20 and B#47 = 739.585
ROUND 2372 A#21 and B#47 = 553.748
ROUND 2373 A#22 and B#47 = 623.126
ROUND 2374 A#23 and B#47 = 727.279
ROUND 2375 A#24 and B#47 = 777.995
ROUND 2376 A#25 and B#47 = 786.906
ROUND 2377 A#26 and B#47 = 736.767
ROUND 2378 A#27 and B#47 = 664.279
ROUND 2379 A#28 and B#47 = 631.143
ROUND 2380 A#29 and B#47 = 639.011
ROUND 2381 A#30 and B#47 = 648.052
ROUND 2382 A#31 and B#47 = 756.884
ROUND 2383 A#32 and B#47 = 636.114
ROUND 2384 A#33 and B#47 = 785.931
ROUND 2385 A#34 and B#47 = 624.725
ROUND 2386 A#35 and B#47 = 732.767
ROUND 2387 A#36 and B#47 = 779.603
ROUND 2388 A#37 and B#47 = 645.743
ROUND 2389 A#38 and B#47 = 605.491
ROUND 2390 A#39 and B#47 = 649.133
ROUND 2391 A#40 and B#47 = 707.431
ROUND 2392 A#41 and B#47 = 692.209
ROUND 2393 A#42 and B#47 = 760.084
ROUND 2394 A#43 and B#47 = 473.874
ROUND 2395 A#44 and B#47 = 833.828
ROUND 2396 A#45 and B#47 = 675.519
ROUND 2397 A#46 and B#47 = 736.456
ROUND 2398 A#47 and B#47 = 581.331
ROUND 2399 A#48 and B#47 = 552.273
ROUND 2400 A#49 and B#47 = 790.081
ROUND 2401 A#0 and B#48 = 604.816
ROUND 2402 A#1 and B#48 = 728.887
ROUND 2403 A#2 and B#48 = 793.937
ROUND 2404 A#3 and B#48 = 727.421
ROUND 2405 A#4 and B#48 = 767.156
ROUND 2406 A#5 and B#48 = 707.065
ROUND 2407 A#6 and B#48 = 568.252
ROUND 2408 A#7 and B#48 = 715.758
ROUND 2409 A#8 and B#48 = 672.053
ROUND 2410 A#9 and B#48 = 669.341
ROUND 2411 A#10 and B#48 = 742.633
ROUND 2412 A#11 and B#48 = 600.192
ROUND 2413 A#12 and B#48 = 640.693
ROUND 2414 A#13 and B#48 = 799.408
ROUND 2415 A#14 and B#48 = 656.261
ROUND 2416 A#15 and B#48 = 715.84
ROUND 2417 A#16 and B#48 = 716.206
ROUND 2418 A#17 and B#48 = 722.53
ROUND 2419 A#18 and B#48 = 771.783
ROUND 2420 A#19 and B#48 = 559.299
ROUND 2421 A#20 and B#48 = 710.159
ROUND 2422 A#21 and B#48 = 553.963
ROUND 2423 A#22 and B#48 = 662.978
ROUND 2424 A#23 and B#48 = 724.69
ROUND 2425 A#24 and B#48 = 773.516
ROUND 2426 A#25 and B#48 = 575.02
ROUND 2427 A#26 and B#48 = 772.008
ROUND 2428 A#27 and B#48 = 676.151
ROUND 2429 A#28 and B#48 = 664.255
ROUND 2430 A#29 and B#48 = 619.329
ROUND 2431 A#30 and B#48 = 622.138
ROUND 2432 A#31 and B#48 = 757.81
ROUND 2433 A#32 and B#48 = 612.355
ROUND 2434 A#33 and B#48 = 804.384
ROUND 2435 A#34 and B#48 = 685.245
ROUND 2436 A#35 and B#48 = 699.878
ROUND 2437 A#36 and B#48 = 763.319
ROUND 2438 A#37 and B#48 = 639.515
ROUND 2439 A#38 and B#48 = 660.517
ROUND 2440 A#39 and B#48 = 654.453
ROUND 2441 A#40 and B#48 = 708.627
ROUND 2442 A#41 and B#48 = 612.123
ROUND 2443 A#42 and B#48 = 773.339
ROUND 2444 A#43 and B#48 = 471.586
ROUND 2445 A#44 and B#48 = 844.65
ROUND 2446 A#45 and B#48 = 683.599
ROUND 2447 A#46 and B#48 = 715.664
ROUND 2448 A#47 and B#48 = 583.382
ROUND 2449 A#48 and B#48 = 546.634
ROUND 2450 A#49 and B#48 = 802.447
ROUND 2451 A#0 and B#49 = 554.383
ROUND 2452 A#1 and B#49 = 461.295
ROUND 2453 A#2 and B#49 = 665.757
ROUND 2454 A#3 and B#49 = 660.946
ROUND 2455 A#4 and B#49 = 626.409
ROUND 2456 A#5 and B#49 = 732.443
ROUND 2457 A#6 and B#49 = 596.697
ROUND 2458 A#7 and B#49 = 814.674
ROUND 2459 A#8 and B#49 = 703.63
ROUND 2460 A#9 and B#49 = 602.838
ROUND 2461 A#10 and B#49 = 675.112
ROUND 2462 A#11 and B#49 = 499.009
ROUND 2463 A#12 and B#49 = 502.151
ROUND 2464 A#13 and B#49 = 753.807
ROUND 2465 A#14 and B#49 = 621.37
ROUND 2466 A#15 and B#49 = 618.831
ROUND 2467 A#16 and B#49 = 784.075
ROUND 2468 A#17 and B#49 = 772.522
ROUND 2469 A#18 and B#49 = 734.598
ROUND 2470 A#19 and B#49 = 490.241
ROUND 2471 A#20 and B#49 = 704.375
ROUND 2472 A#21 and B#49 = 398.719
ROUND 2473 A#22 and B#49 = 602.003
ROUND 2474 A#23 and B#49 = 771.076
ROUND 2475 A#24 and B#49 = 607.903
ROUND 2476 A#25 and B#49 = 623.088
ROUND 2477 A#26 and B#49 = 944.766
ROUND 2478 A#27 and B#49 = 647.543
ROUND 2479 A#28 and B#49 = 619.514
ROUND 2480 A#29 and B#49 = 556.303
ROUND 2481 A#30 and B#49 = 725.881
ROUND 2482 A#31 and B#49 = 928.254
ROUND 2483 A#32 and B#49 = 729.45
ROUND 2484 A#33 and B#49 = 763.909
ROUND 2485 A#34 and B#49 = 550.049
ROUND 2486 A#35 and B#49 = 591.293
ROUND 2487 A#36 and B#49 = 659.663
ROUND 2488 A#37 and B#49 = 642.694
ROUND 2489 A#38 and B#49 = 680.617
ROUND 2490 A#39 and B#49 = 717.864
ROUND 2491 A#40 and B#49 = 686.316
ROUND 2492 A#41 and B#49 = 704.775
ROUND 2493 A#42 and B#49 = 793.531
ROUND 2494 A#43 and B#49 = 575.2
ROUND 2495 A#44 and B#49 = 716.462
ROUND 2496 A#45 and B#49 = 732.175
ROUND 2497 A#46 and B#49 = 656.624
ROUND 2498 A#47 and B#49 = 475.331
ROUND 2499 A#48 and B#49 = 573.312
ROUND 2500 A#49 and B#49 = 711.133

The best overlap is between conformer A#10 and B#0, which, after PCA followed by Steepest Descent, produces a volume overlap of 1031.12
Tanimoto (Hodgkin) similarity index: 0.680918

Saving those best conformers to file...
WRITING MOLECULE TO FILE '../ALL_PAIRS_BQ123_AS_REFERENCE/ROKS2/BQ123-FR139317.mol2' (WILL OVERWRITE EXISTING FILE IF ANY)...
WRITING MOLECULE TO FILE '../ALL_PAIRS_BQ123_AS_REFERENCE/ROKS2/BQ123-FR139317.mol2'...
