Finished importing molecules
WARNING: LAPACK DSYEV() RETURNED NON-ZERO ERROR CODE 2
WARNING: LAPACK DSYEV() RETURNED NON-ZERO ERROR CODE 2
WARNING: LAPACK DSYEV() RETURNED NON-ZERO ERROR CODE 2
WARNING: LAPACK DSYEV() RETURNED NON-ZERO ERROR CODE 3
WARNING: LAPACK DSYEV() RETURNED NON-ZERO ERROR CODE 2
WARNING: LAPACK DSYEV() RETURNED NON-ZERO ERROR CODE 3
WARNING: LAPACK DSYEV() RETURNED NON-ZERO ERROR CODE 2
WARNING: LAPACK DSYEV() RETURNED NON-ZERO ERROR CODE 2
WARNING: LAPACK DSYEV() RETURNED NON-ZERO ERROR CODE 2
WARNING: LAPACK DSYEV() RETURNED NON-ZERO ERROR CODE 2
WARNING: LAPACK DSYEV() RETURNED NON-ZERO ERROR CODE 2
WARNING: LAPACK DSYEV() RETURNED NON-ZERO ERROR CODE 2
WARNING: LAPACK DSYEV() RETURNED NON-ZERO ERROR CODE 3
WARNING: LAPACK DSYEV() RETURNED NON-ZERO ERROR CODE 2
WARNING: LAPACK DSYEV() RETURNED NON-ZERO ERROR CODE 2
WARNING: LAPACK DSYEV() RETURNED NON-ZERO ERROR CODE 2
WARNING: LAPACK DSYEV() RETURNED NON-ZERO ERROR CODE 2
WARNING: LAPACK DSYEV() RETURNED NON-ZERO ERROR CODE 2
WARNING: LAPACK DSYEV() RETURNED NON-ZERO ERROR CODE 2
WARNING: LAPACK DSYEV() RETURNED NON-ZERO ERROR CODE 2
WARNING: LAPACK DSYEV() RETURNED NON-ZERO ERROR CODE 2
WARNING: LAPACK DSYEV() RETURNED NON-ZERO ERROR CODE 2
WARNING: LAPACK DSYEV() RETURNED NON-ZERO ERROR CODE 2
WARNING: LAPACK DSYEV() RETURNED NON-ZERO ERROR CODE 2
WARNING: LAPACK DSYEV() RETURNED NON-ZERO ERROR CODE 2
WARNING: LAPACK DSYEV() RETURNED NON-ZERO ERROR CODE 2
WARNING: LAPACK DSYEV() RETURNED NON-ZERO ERROR CODE 3
WARNING: LAPACK DSYEV() RETURNED NON-ZERO ERROR CODE 3
WARNING: LAPACK DSYEV() RETURNED NON-ZERO ERROR CODE 3
WARNING: LAPACK DSYEV() RETURNED NON-ZERO ERROR CODE 3
WARNING: LAPACK DSYEV() RETURNED NON-ZERO ERROR CODE 3
WARNING: LAPACK DSYEV() RETURNED NON-ZERO ERROR CODE 3
WARNING: LAPACK DSYEV() RETURNED NON-ZERO ERROR CODE 2
WARNING: LAPACK DSYEV() RETURNED NON-ZERO ERROR CODE 3
WARNING: LAPACK DSYEV() RETURNED NON-ZERO ERROR CODE 2
WARNING: LAPACK DSYEV() RETURNED NON-ZERO ERROR CODE 2
WARNING: LAPACK DSYEV() RETURNED NON-ZERO ERROR CODE 2
WARNING: LAPACK DSYEV() RETURNED NON-ZERO ERROR CODE 3
WARNING: LAPACK DSYEV() RETURNED NON-ZERO ERROR CODE 2
WARNING: LAPACK DSYEV() RETURNED NON-ZERO ERROR CODE 2
WARNING: LAPACK DSYEV() RETURNED NON-ZERO ERROR CODE 2
WARNING: LAPACK DSYEV() RETURNED NON-ZERO ERROR CODE 2
WARNING: LAPACK DSYEV() RETURNED NON-ZERO ERROR CODE 2
WARNING: LAPACK DSYEV() RETURNED NON-ZERO ERROR CODE 2
WARNING: LAPACK DSYEV() RETURNED NON-ZERO ERROR CODE 2
WARNING: LAPACK DSYEV() RETURNED NON-ZERO ERROR CODE 2
WARNING: LAPACK DSYEV() RETURNED NON-ZERO ERROR CODE 2
WARNING: LAPACK DSYEV() RETURNED NON-ZERO ERROR CODE 2
WARNING: LAPACK DSYEV() RETURNED NON-ZERO ERROR CODE 3
WARNING: LAPACK DSYEV() RETURNED NON-ZERO ERROR CODE 2
WARNING: LAPACK DSYEV() RETURNED NON-ZERO ERROR CODE 2
WARNING: LAPACK DSYEV() RETURNED NON-ZERO ERROR CODE 3
WARNING: LAPACK DSYEV() RETURNED NON-ZERO ERROR CODE 3
WARNING: LAPACK DSYEV() RETURNED NON-ZERO ERROR CODE 2
WARNING: LAPACK DSYEV() RETURNED NON-ZERO ERROR CODE 3
WARNING: LAPACK DSYEV() RETURNED NON-ZERO ERROR CODE 2
WARNING: LAPACK DSYEV() RETURNED NON-ZERO ERROR CODE 2
WARNING: LAPACK DSYEV() RETURNED NON-ZERO ERROR CODE 3
WARNING: LAPACK DSYEV() RETURNED NON-ZERO ERROR CODE 3
WARNING: LAPACK DSYEV() RETURNED NON-ZERO ERROR CODE 3
WARNING: LAPACK DSYEV() RETURNED NON-ZERO ERROR CODE 2
WARNING: LAPACK DSYEV() RETURNED NON-ZERO ERROR CODE 3
WARNING: LAPACK DSYEV() RETURNED NON-ZERO ERROR CODE 2
WARNING: LAPACK DSYEV() RETURNED NON-ZERO ERROR CODE 3
WARNING: LAPACK DSYEV() RETURNED NON-ZERO ERROR CODE 2
WARNING: LAPACK DSYEV() RETURNED NON-ZERO ERROR CODE 2
WARNING: LAPACK DSYEV() RETURNED NON-ZERO ERROR CODE 3
WARNING: LAPACK DSYEV() RETURNED NON-ZERO ERROR CODE 2
WARNING: LAPACK DSYEV() RETURNED NON-ZERO ERROR CODE 2
WARNING: LAPACK DSYEV() RETURNED NON-ZERO ERROR CODE 2
WARNING: LAPACK DSYEV() RETURNED NON-ZERO ERROR CODE 2
WARNING: LAPACK DSYEV() RETURNED NON-ZERO ERROR CODE 3
WARNING: LAPACK DSYEV() RETURNED NON-ZERO ERROR CODE 3
WARNING: LAPACK DSYEV() RETURNED NON-ZERO ERROR CODE 3
WARNING: LAPACK DSYEV() RETURNED NON-ZERO ERROR CODE 3
WARNING: LAPACK DSYEV() RETURNED NON-ZERO ERROR CODE 3
WARNING: LAPACK DSYEV() RETURNED NON-ZERO ERROR CODE 2
WARNING: LAPACK DSYEV() RETURNED NON-ZERO ERROR CODE 2
WARNING: LAPACK DSYEV() RETURNED NON-ZERO ERROR CODE 3
WARNING: LAPACK DSYEV() RETURNED NON-ZERO ERROR CODE 3
WARNING: LAPACK DSYEV() RETURNED NON-ZERO ERROR CODE 2
WARNING: LAPACK DSYEV() RETURNED NON-ZERO ERROR CODE 3
WARNING: LAPACK DSYEV() RETURNED NON-ZERO ERROR CODE 2
WARNING: LAPACK DSYEV() RETURNED NON-ZERO ERROR CODE 3
WARNING: LAPACK DSYEV() RETURNED NON-ZERO ERROR CODE 2
WARNING: LAPACK DSYEV() RETURNED NON-ZERO ERROR CODE 3
WARNING: LAPACK DSYEV() RETURNED NON-ZERO ERROR CODE 3
WARNING: LAPACK DSYEV() RETURNED NON-ZERO ERROR CODE 2
WARNING: LAPACK DSYEV() RETURNED NON-ZERO ERROR CODE 2
WARNING: LAPACK DSYEV() RETURNED NON-ZERO ERROR CODE 3
WARNING: LAPACK DSYEV() RETURNED NON-ZERO ERROR CODE 3
WARNING: LAPACK DSYEV() RETURNED NON-ZERO ERROR CODE 3
WARNING: LAPACK DSYEV() RETURNED NON-ZERO ERROR CODE 3
WARNING: LAPACK DSYEV() RETURNED NON-ZERO ERROR CODE 3
WARNING: LAPACK DSYEV() RETURNED NON-ZERO ERROR CODE 2
WARNING: LAPACK DSYEV() RETURNED NON-ZERO ERROR CODE 2
WARNING: LAPACK DSYEV() RETURNED NON-ZERO ERROR CODE 2
WARNING: LAPACK DSYEV() RETURNED NON-ZERO ERROR CODE 2
WARNING: LAPACK DSYEV() RETURNED NON-ZERO ERROR CODE 2
WARNING: LAPACK DSYEV() RETURNED NON-ZERO ERROR CODE 3
Finished setting up data; running search...
ROUND 1 A#0 and B#0 = 658.582
ROUND 2 A#1 and B#0 = 771.779
ROUND 3 A#2 and B#0 = 713.654
ROUND 4 A#3 and B#0 = 681.407
ROUND 5 A#4 and B#0 = 612.176
ROUND 6 A#5 and B#0 = 658.355
ROUND 7 A#6 and B#0 = 684.122
ROUND 8 A#7 and B#0 = 737.392
ROUND 9 A#8 and B#0 = 694.648
ROUND 10 A#9 and B#0 = 652.372
ROUND 11 A#10 and B#0 = 635.823
ROUND 12 A#11 and B#0 = 620.775
ROUND 13 A#12 and B#0 = 529.684
ROUND 14 A#13 and B#0 = 722.839
ROUND 15 A#14 and B#0 = 614.213
ROUND 16 A#15 and B#0 = 629.44
ROUND 17 A#16 and B#0 = 621.769
ROUND 18 A#17 and B#0 = 634.667
ROUND 19 A#18 and B#0 = 557.183
ROUND 20 A#19 and B#0 = 631.688
ROUND 21 A#20 and B#0 = 620.613
ROUND 22 A#21 and B#0 = 620.522
ROUND 23 A#22 and B#0 = 627.289
ROUND 24 A#23 and B#0 = 633.517
ROUND 25 A#24 and B#0 = 589.134
ROUND 26 A#25 and B#0 = 578.783
ROUND 27 A#26 and B#0 = 629.007
ROUND 28 A#27 and B#0 = 634.453
ROUND 29 A#28 and B#0 = 636.243
ROUND 30 A#29 and B#0 = 646.432
ROUND 31 A#30 and B#0 = 618.272
ROUND 32 A#31 and B#0 = 621.049
ROUND 33 A#32 and B#0 = 680.795
ROUND 34 A#33 and B#0 = 638.081
ROUND 35 A#34 and B#0 = 617.106
ROUND 36 A#35 and B#0 = 588.116
ROUND 37 A#36 and B#0 = 768.571
ROUND 38 A#37 and B#0 = 625.656
ROUND 39 A#38 and B#0 = 614.291
ROUND 40 A#39 and B#0 = 666.699
ROUND 41 A#40 and B#0 = 606.414
ROUND 42 A#41 and B#0 = 677.113
ROUND 43 A#42 and B#0 = 607.891
ROUND 44 A#43 and B#0 = 617.875
ROUND 45 A#44 and B#0 = 579.488
ROUND 46 A#45 and B#0 = 662.998
ROUND 47 A#46 and B#0 = 591.061
ROUND 48 A#47 and B#0 = 611.226
ROUND 49 A#48 and B#0 = 626.021
ROUND 50 A#49 and B#0 = 595.881
ROUND 51 A#0 and B#1 = 658.369
ROUND 52 A#1 and B#1 = 710.45
ROUND 53 A#2 and B#1 = 645.611
ROUND 54 A#3 and B#1 = 644.366
ROUND 55 A#4 and B#1 = 524.594
ROUND 56 A#5 and B#1 = 427.165
ROUND 57 A#6 and B#1 = 717.837
ROUND 58 A#7 and B#1 = 702.688
ROUND 59 A#8 and B#1 = 681.865
ROUND 60 A#9 and B#1 = 634.219
ROUND 61 A#10 and B#1 = 682.695
ROUND 62 A#11 and B#1 = 588.915
ROUND 63 A#12 and B#1 = 685.859
ROUND 64 A#13 and B#1 = 655.389
ROUND 65 A#14 and B#1 = 523.762
ROUND 66 A#15 and B#1 = 551.976
ROUND 67 A#16 and B#1 = 543.491
ROUND 68 A#17 and B#1 = 706.282
ROUND 69 A#18 and B#1 = 632.082
ROUND 70 A#19 and B#1 = 727.688
ROUND 71 A#20 and B#1 = 757.559
ROUND 72 A#21 and B#1 = 548.483
ROUND 73 A#22 and B#1 = 730.577
ROUND 74 A#23 and B#1 = 644.512
ROUND 75 A#24 and B#1 = 652.372
ROUND 76 A#25 and B#1 = 689.867
ROUND 77 A#26 and B#1 = 635.285
ROUND 78 A#27 and B#1 = 663.227
ROUND 79 A#28 and B#1 = 621.484
ROUND 80 A#29 and B#1 = 465.469
ROUND 81 A#30 and B#1 = 487.752
ROUND 82 A#31 and B#1 = 481.536
ROUND 83 A#32 and B#1 = 697.103
ROUND 84 A#33 and B#1 = 625.669
ROUND 85 A#34 and B#1 = 615.724
ROUND 86 A#35 and B#1 = 616.299
ROUND 87 A#36 and B#1 = 673.972
ROUND 88 A#37 and B#1 = 540.001
ROUND 89 A#38 and B#1 = 546.367
ROUND 90 A#39 and B#1 = 681.29
ROUND 91 A#40 and B#1 = 693.823
ROUND 92 A#41 and B#1 = 591.995
ROUND 93 A#42 and B#1 = 621.042
ROUND 94 A#43 and B#1 = 598.439
ROUND 95 A#44 and B#1 = 685.94
ROUND 96 A#45 and B#1 = 707.395
ROUND 97 A#46 and B#1 = 477.832
ROUND 98 A#47 and B#1 = 676.762
ROUND 99 A#48 and B#1 = 579.037
ROUND 100 A#49 and B#1 = 514.896
ROUND 101 A#0 and B#2 = 678.385
ROUND 102 A#1 and B#2 = 735.986
ROUND 103 A#2 and B#2 = 665.66
ROUND 104 A#3 and B#2 = 643.805
ROUND 105 A#4 and B#2 = 728.771
ROUND 106 A#5 and B#2 = 425.807
ROUND 107 A#6 and B#2 = 719.437
ROUND 108 A#7 and B#2 = 707.573
ROUND 109 A#8 and B#2 = 682.52
ROUND 110 A#9 and B#2 = 647.061
ROUND 111 A#10 and B#2 = 687.674
ROUND 112 A#11 and B#2 = 589.991
ROUND 113 A#12 and B#2 = 684.278
ROUND 114 A#13 and B#2 = 665.704
ROUND 115 A#14 and B#2 = 728.384
ROUND 116 A#15 and B#2 = 712.78
ROUND 117 A#16 and B#2 = 729.767
ROUND 118 A#17 and B#2 = 721.165
ROUND 119 A#18 and B#2 = 635.74
ROUND 120 A#19 and B#2 = 723.682
ROUND 121 A#20 and B#2 = 755.046
ROUND 122 A#21 and B#2 = 729.268
ROUND 123 A#22 and B#2 = 730.028
ROUND 124 A#23 and B#2 = 644.926
ROUND 125 A#24 and B#2 = 656.079
ROUND 126 A#25 and B#2 = 691.772
ROUND 127 A#26 and B#2 = 651.955
ROUND 128 A#27 and B#2 = 500.008
ROUND 129 A#28 and B#2 = 615.631
ROUND 130 A#29 and B#2 = 594.283
ROUND 131 A#30 and B#2 = 685.264
ROUND 132 A#31 and B#2 = 516.606
ROUND 133 A#32 and B#2 = 712.803
ROUND 134 A#33 and B#2 = 633.65
ROUND 135 A#34 and B#2 = 643.731
ROUND 136 A#35 and B#2 = 617.656
ROUND 137 A#36 and B#2 = 682.843
ROUND 138 A#37 and B#2 = 576.908
ROUND 139 A#38 and B#2 = 692.543
ROUND 140 A#39 and B#2 = 672.255
ROUND 141 A#40 and B#2 = 685.372
ROUND 142 A#41 and B#2 = 523.273
ROUND 143 A#42 and B#2 = 644.89
ROUND 144 A#43 and B#2 = 581.423
ROUND 145 A#44 and B#2 = 687.825
ROUND 146 A#45 and B#2 = 709.104
ROUND 147 A#46 and B#2 = 479.518
ROUND 148 A#47 and B#2 = 676.72
ROUND 149 A#48 and B#2 = 579.918
ROUND 150 A#49 and B#2 = 516.232
ROUND 151 A#0 and B#3 = 723.144
ROUND 152 A#1 and B#3 = 720.588
ROUND 153 A#2 and B#3 = 706.678
ROUND 154 A#3 and B#3 = 552.267
ROUND 155 A#4 and B#3 = 645.151
ROUND 156 A#5 and B#3 = 641.622
ROUND 157 A#6 and B#3 = 645.337
ROUND 158 A#7 and B#3 = 546.648
ROUND 159 A#8 and B#3 = 588.596
ROUND 160 A#9 and B#3 = 667.143
ROUND 161 A#10 and B#3 = 757.019
ROUND 162 A#11 and B#3 = 680.365
ROUND 163 A#12 and B#3 = 485.407
ROUND 164 A#13 and B#3 = 667.986
ROUND 165 A#14 and B#3 = 646.465
ROUND 166 A#15 and B#3 = 664.18
ROUND 167 A#16 and B#3 = 658.076
ROUND 168 A#17 and B#3 = 663.806
ROUND 169 A#18 and B#3 = 579.011
ROUND 170 A#19 and B#3 = 730.295
ROUND 171 A#20 and B#3 = 678.222
ROUND 172 A#21 and B#3 = 626.023
ROUND 173 A#22 and B#3 = 632.749
ROUND 174 A#23 and B#3 = 579.188
ROUND 175 A#24 and B#3 = 640.87
ROUND 176 A#25 and B#3 = 618.958
ROUND 177 A#26 and B#3 = 649.46
ROUND 178 A#27 and B#3 = 663.633
ROUND 179 A#28 and B#3 = 603.496
ROUND 180 A#29 and B#3 = 624.297
ROUND 181 A#30 and B#3 = 602.087
ROUND 182 A#31 and B#3 = 603.037
ROUND 183 A#32 and B#3 = 717.417
ROUND 184 A#33 and B#3 = 604.586
ROUND 185 A#34 and B#3 = 637.102
ROUND 186 A#35 and B#3 = 494.898
ROUND 187 A#36 and B#3 = 685.194
ROUND 188 A#37 and B#3 = 591.605
ROUND 189 A#38 and B#3 = 641.891
ROUND 190 A#39 and B#3 = 694.906
ROUND 191 A#40 and B#3 = 640.038
ROUND 192 A#41 and B#3 = 617.299
ROUND 193 A#42 and B#3 = 672.675
ROUND 194 A#43 and B#3 = 531.4
ROUND 195 A#44 and B#3 = 610.665
ROUND 196 A#45 and B#3 = 465.434
ROUND 197 A#46 and B#3 = 471.457
ROUND 198 A#47 and B#3 = 465.453
ROUND 199 A#48 and B#3 = 531.954
ROUND 200 A#49 and B#3 = 454.141
ROUND 201 A#0 and B#4 = 631.646
ROUND 202 A#1 and B#4 = 712.408
ROUND 203 A#2 and B#4 = 644.24
ROUND 204 A#3 and B#4 = 670.246
ROUND 205 A#4 and B#4 = 684.311
ROUND 206 A#5 and B#4 = 507.662
ROUND 207 A#6 and B#4 = 607.508
ROUND 208 A#7 and B#4 = 730.368
ROUND 209 A#8 and B#4 = 735.767
ROUND 210 A#9 and B#4 = 651.645
ROUND 211 A#10 and B#4 = 678.939
ROUND 212 A#11 and B#4 = 683.378
ROUND 213 A#12 and B#4 = 681.704
ROUND 214 A#13 and B#4 = 658.993
ROUND 215 A#14 and B#4 = 665.69
ROUND 216 A#15 and B#4 = 669.677
ROUND 217 A#16 and B#4 = 676.126
ROUND 218 A#17 and B#4 = 699.495
ROUND 219 A#18 and B#4 = 632.561
ROUND 220 A#19 and B#4 = 698.887
ROUND 221 A#20 and B#4 = 681.125
ROUND 222 A#21 and B#4 = 574.458
ROUND 223 A#22 and B#4 = 694.257
ROUND 224 A#23 and B#4 = 661.536
ROUND 225 A#24 and B#4 = 676.271
ROUND 226 A#25 and B#4 = 697.568
ROUND 227 A#26 and B#4 = 648.156
ROUND 228 A#27 and B#4 = 601.101
ROUND 229 A#28 and B#4 = 619.199
ROUND 230 A#29 and B#4 = 480.51
ROUND 231 A#30 and B#4 = 497.218
ROUND 232 A#31 and B#4 = 496.035
ROUND 233 A#32 and B#4 = 729.484
ROUND 234 A#33 and B#4 = 627.073
ROUND 235 A#34 and B#4 = 681.158
ROUND 236 A#35 and B#4 = 633.034
ROUND 237 A#36 and B#4 = 682.863
ROUND 238 A#37 and B#4 = 557.842
ROUND 239 A#38 and B#4 = 635.473
ROUND 240 A#39 and B#4 = 647.999
ROUND 241 A#40 and B#4 = 728.724
ROUND 242 A#41 and B#4 = 668.428
ROUND 243 A#42 and B#4 = 642.137
ROUND 244 A#43 and B#4 = 634.127
ROUND 245 A#44 and B#4 = 690.389
ROUND 246 A#45 and B#4 = 497.113
ROUND 247 A#46 and B#4 = 632.949
ROUND 248 A#47 and B#4 = 670.428
ROUND 249 A#48 and B#4 = 676.977
ROUND 250 A#49 and B#4 = 636.83
ROUND 251 A#0 and B#5 = 703.193
ROUND 252 A#1 and B#5 = 704.758
ROUND 253 A#2 and B#5 = 695.127
ROUND 254 A#3 and B#5 = 551.841
ROUND 255 A#4 and B#5 = 639.983
ROUND 256 A#5 and B#5 = 651.747
ROUND 257 A#6 and B#5 = 661.995
ROUND 258 A#7 and B#5 = 687.44
ROUND 259 A#8 and B#5 = 612.778
ROUND 260 A#9 and B#5 = 684.383
ROUND 261 A#10 and B#5 = 761.746
ROUND 262 A#11 and B#5 = 674.771
ROUND 263 A#12 and B#5 = 553.809
ROUND 264 A#13 and B#5 = 662.567
ROUND 265 A#14 and B#5 = 639.305
ROUND 266 A#15 and B#5 = 659.042
ROUND 267 A#16 and B#5 = 649.939
ROUND 268 A#17 and B#5 = 666.361
ROUND 269 A#18 and B#5 = 518.497
ROUND 270 A#19 and B#5 = 708.48
ROUND 271 A#20 and B#5 = 673.046
ROUND 272 A#21 and B#5 = 624.516
ROUND 273 A#22 and B#5 = 630.321
ROUND 274 A#23 and B#5 = 573.073
ROUND 275 A#24 and B#5 = 628.546
ROUND 276 A#25 and B#5 = 621.917
ROUND 277 A#26 and B#5 = 671.253
ROUND 278 A#27 and B#5 = 482.044
ROUND 279 A#28 and B#5 = 548.561
ROUND 280 A#29 and B#5 = 634.359
ROUND 281 A#30 and B#5 = 600.643
ROUND 282 A#31 and B#5 = 606.945
ROUND 283 A#32 and B#5 = 675.764
ROUND 284 A#33 and B#5 = 605.888
ROUND 285 A#34 and B#5 = 632.834
ROUND 286 A#35 and B#5 = 647.852
ROUND 287 A#36 and B#5 = 570.564
ROUND 288 A#37 and B#5 = 606.066
ROUND 289 A#38 and B#5 = 682.514
ROUND 290 A#39 and B#5 = 690.347
ROUND 291 A#40 and B#5 = 639.745
ROUND 292 A#41 and B#5 = 613.34
ROUND 293 A#42 and B#5 = 670.64
ROUND 294 A#43 and B#5 = 680.735
ROUND 295 A#44 and B#5 = 609.866
ROUND 296 A#45 and B#5 = 571.633
ROUND 297 A#46 and B#5 = 625.475
ROUND 298 A#47 and B#5 = 635.754
ROUND 299 A#48 and B#5 = 532.351
ROUND 300 A#49 and B#5 = 536.448
ROUND 301 A#0 and B#6 = 686.886
ROUND 302 A#1 and B#6 = 705.447
ROUND 303 A#2 and B#6 = 780.677
ROUND 304 A#3 and B#6 = 641.492
ROUND 305 A#4 and B#6 = 538.154
ROUND 306 A#5 and B#6 = 634.181
ROUND 307 A#6 and B#6 = 732.39
ROUND 308 A#7 and B#6 = 507.85
ROUND 309 A#8 and B#6 = 657.541
ROUND 310 A#9 and B#6 = 716.733
ROUND 311 A#10 and B#6 = 646.998
ROUND 312 A#11 and B#6 = 521.435
ROUND 313 A#12 and B#6 = 568.389
ROUND 314 A#13 and B#6 = 522.185
ROUND 315 A#14 and B#6 = 513.979
ROUND 316 A#15 and B#6 = 513.963
ROUND 317 A#16 and B#6 = 514.32
ROUND 318 A#17 and B#6 = 829.771
ROUND 319 A#18 and B#6 = 497.616
ROUND 320 A#19 and B#6 = 753.054
ROUND 321 A#20 and B#6 = 647.613
ROUND 322 A#21 and B#6 = 717.098
ROUND 323 A#22 and B#6 = 718.175
ROUND 324 A#23 and B#6 = 661.725
ROUND 325 A#24 and B#6 = 534.114
ROUND 326 A#25 and B#6 = 669.9
ROUND 327 A#26 and B#6 = 699.63
ROUND 328 A#27 and B#6 = 773.821
ROUND 329 A#28 and B#6 = 618.721
ROUND 330 A#29 and B#6 = 634.366
ROUND 331 A#30 and B#6 = 616.107
ROUND 332 A#31 and B#6 = 618.538
ROUND 333 A#32 and B#6 = 742.148
ROUND 334 A#33 and B#6 = 692.266
ROUND 335 A#34 and B#6 = 716.899
ROUND 336 A#35 and B#6 = 509.102
ROUND 337 A#36 and B#6 = 549.827
ROUND 338 A#37 and B#6 = 624.372
ROUND 339 A#38 and B#6 = 505.93
ROUND 340 A#39 and B#6 = 428.689
ROUND 341 A#40 and B#6 = 572.528
ROUND 342 A#41 and B#6 = 570.247
ROUND 343 A#42 and B#6 = 488.542
ROUND 344 A#43 and B#6 = 495.235
ROUND 345 A#44 and B#6 = 682.269
ROUND 346 A#45 and B#6 = 404.933
ROUND 347 A#46 and B#6 = 467.747
ROUND 348 A#47 and B#6 = 406.427
ROUND 349 A#48 and B#6 = 580.04
ROUND 350 A#49 and B#6 = 453.836
ROUND 351 A#0 and B#7 = 656.946
ROUND 352 A#1 and B#7 = 709.822
ROUND 353 A#2 and B#7 = 650.038
ROUND 354 A#3 and B#7 = 645.117
ROUND 355 A#4 and B#7 = 526.625
ROUND 356 A#5 and B#7 = 428.64
ROUND 357 A#6 and B#7 = 716.276
ROUND 358 A#7 and B#7 = 701.085
ROUND 359 A#8 and B#7 = 681.191
ROUND 360 A#9 and B#7 = 635.995
ROUND 361 A#10 and B#7 = 687.231
ROUND 362 A#11 and B#7 = 589.024
ROUND 363 A#12 and B#7 = 687.772
ROUND 364 A#13 and B#7 = 656.242
ROUND 365 A#14 and B#7 = 525.562
ROUND 366 A#15 and B#7 = 551.624
ROUND 367 A#16 and B#7 = 543.05
ROUND 368 A#17 and B#7 = 708.003
ROUND 369 A#18 and B#7 = 632.676
ROUND 370 A#19 and B#7 = 729.664
ROUND 371 A#20 and B#7 = 751.191
ROUND 372 A#21 and B#7 = 724.045
ROUND 373 A#22 and B#7 = 724.764
ROUND 374 A#23 and B#7 = 433.965
ROUND 375 A#24 and B#7 = 653.671
ROUND 376 A#25 and B#7 = 687.895
ROUND 377 A#26 and B#7 = 634.891
ROUND 378 A#27 and B#7 = 658.119
ROUND 379 A#28 and B#7 = 624.93
ROUND 380 A#29 and B#7 = 463.763
ROUND 381 A#30 and B#7 = 488.226
ROUND 382 A#31 and B#7 = 480.063
ROUND 383 A#32 and B#7 = 698.514
ROUND 384 A#33 and B#7 = 627.045
ROUND 385 A#34 and B#7 = 616.512
ROUND 386 A#35 and B#7 = 616.788
ROUND 387 A#36 and B#7 = 672.229
ROUND 388 A#37 and B#7 = 539.182
ROUND 389 A#38 and B#7 = 546.342
ROUND 390 A#39 and B#7 = 679.728
ROUND 391 A#40 and B#7 = 694.466
ROUND 392 A#41 and B#7 = 591.989
ROUND 393 A#42 and B#7 = 622.563
ROUND 394 A#43 and B#7 = 599.741
ROUND 395 A#44 and B#7 = 683.486
ROUND 396 A#45 and B#7 = 702.483
ROUND 397 A#46 and B#7 = 479.665
ROUND 398 A#47 and B#7 = 673.841
ROUND 399 A#48 and B#7 = 575.61
ROUND 400 A#49 and B#7 = 515.328
ROUND 401 A#0 and B#8 = 572.944
ROUND 402 A#1 and B#8 = 673.393
ROUND 403 A#2 and B#8 = 591.313
ROUND 404 A#3 and B#8 = 513.151
ROUND 405 A#4 and B#8 = 708.146
ROUND 406 A#5 and B#8 = 628.658
ROUND 407 A#6 and B#8 = 473.785
ROUND 408 A#7 and B#8 = 567.141
ROUND 409 A#8 and B#8 = 663.386
ROUND 410 A#9 and B#8 = 710.811
ROUND 411 A#10 and B#8 = 656.467
ROUND 412 A#11 and B#8 = 646.585
ROUND 413 A#12 and B#8 = 634.124
ROUND 414 A#13 and B#8 = 616.338
ROUND 415 A#14 and B#8 = 669.57
ROUND 416 A#15 and B#8 = 669.415
ROUND 417 A#16 and B#8 = 709.104
ROUND 418 A#17 and B#8 = 667.97
ROUND 419 A#18 and B#8 = 660.271
ROUND 420 A#19 and B#8 = 565.991
ROUND 421 A#20 and B#8 = 671.652
ROUND 422 A#21 and B#8 = 704.936
ROUND 423 A#22 and B#8 = 704.911
ROUND 424 A#23 and B#8 = 663.772
ROUND 425 A#24 and B#8 = 706.376
ROUND 426 A#25 and B#8 = 682.688
ROUND 427 A#26 and B#8 = 583.344
ROUND 428 A#27 and B#8 = 563.639
ROUND 429 A#28 and B#8 = 644.123
ROUND 430 A#29 and B#8 = 651.319
ROUND 431 A#30 and B#8 = 620.213
ROUND 432 A#31 and B#8 = 641.713
ROUND 433 A#32 and B#8 = 565.923
ROUND 434 A#33 and B#8 = 647.321
ROUND 435 A#34 and B#8 = 710.889
ROUND 436 A#35 and B#8 = 638.36
ROUND 437 A#36 and B#8 = 521.222
ROUND 438 A#37 and B#8 = 567.614
ROUND 439 A#38 and B#8 = 705.482
ROUND 440 A#39 and B#8 = 710.86
ROUND 441 A#40 and B#8 = 618.989
ROUND 442 A#41 and B#8 = 730.125
ROUND 443 A#42 and B#8 = 545.488
ROUND 444 A#43 and B#8 = 502.41
ROUND 445 A#44 and B#8 = 693.107
ROUND 446 A#45 and B#8 = 476.521
ROUND 447 A#46 and B#8 = 478.912
ROUND 448 A#47 and B#8 = 472.272
ROUND 449 A#48 and B#8 = 634.64
ROUND 450 A#49 and B#8 = 458.384
ROUND 451 A#0 and B#9 = 565.219
ROUND 452 A#1 and B#9 = 697.16
ROUND 453 A#2 and B#9 = 604.985
ROUND 454 A#3 and B#9 = 525.704
ROUND 455 A#4 and B#9 = 669.87
ROUND 456 A#5 and B#9 = 650.921
ROUND 457 A#6 and B#9 = 488.915
ROUND 458 A#7 and B#9 = 583.106
ROUND 459 A#8 and B#9 = 439.314
ROUND 460 A#9 and B#9 = 711.639
ROUND 461 A#10 and B#9 = 522.303
ROUND 462 A#11 and B#9 = 648.39
ROUND 463 A#12 and B#9 = 655.577
ROUND 464 A#13 and B#9 = 609.818
ROUND 465 A#14 and B#9 = 712.583
ROUND 466 A#15 and B#9 = 425.092
ROUND 467 A#16 and B#9 = 714.287
ROUND 468 A#17 and B#9 = 674.31
ROUND 469 A#18 and B#9 = 680.228
ROUND 470 A#19 and B#9 = 580.796
ROUND 471 A#20 and B#9 = 672.788
ROUND 472 A#21 and B#9 = 707.765
ROUND 473 A#22 and B#9 = 707.102
ROUND 474 A#23 and B#9 = 665.074
ROUND 475 A#24 and B#9 = 467.906
ROUND 476 A#25 and B#9 = 601.279
ROUND 477 A#26 and B#9 = 601.214
ROUND 478 A#27 and B#9 = 553.026
ROUND 479 A#28 and B#9 = 657.249
ROUND 480 A#29 and B#9 = 666.667
ROUND 481 A#30 and B#9 = 627.565
ROUND 482 A#31 and B#9 = 654.588
ROUND 483 A#32 and B#9 = 585.822
ROUND 484 A#33 and B#9 = 660.71
ROUND 485 A#34 and B#9 = 713.25
ROUND 486 A#35 and B#9 = 653.166
ROUND 487 A#36 and B#9 = 545.472
ROUND 488 A#37 and B#9 = 614.494
ROUND 489 A#38 and B#9 = 707.966
ROUND 490 A#39 and B#9 = 710.795
ROUND 491 A#40 and B#9 = 562.657
ROUND 492 A#41 and B#9 = 569.171
ROUND 493 A#42 and B#9 = 470.973
ROUND 494 A#43 and B#9 = 503.759
ROUND 495 A#44 and B#9 = 659.629
ROUND 496 A#45 and B#9 = 551.844
ROUND 497 A#46 and B#9 = 471.787
ROUND 498 A#47 and B#9 = 464.146
ROUND 499 A#48 and B#9 = 445.175
ROUND 500 A#49 and B#9 = 449.35
ROUND 501 A#0 and B#10 = 721.479
ROUND 502 A#1 and B#10 = 717.155
ROUND 503 A#2 and B#10 = 703.942
ROUND 504 A#3 and B#10 = 553.045
ROUND 505 A#4 and B#10 = 644.262
ROUND 506 A#5 and B#10 = 640.455
ROUND 507 A#6 and B#10 = 646.392
ROUND 508 A#7 and B#10 = 543.705
ROUND 509 A#8 and B#10 = 585.156
ROUND 510 A#9 and B#10 = 669.231
ROUND 511 A#10 and B#10 = 756.089
ROUND 512 A#11 and B#10 = 678.901
ROUND 513 A#12 and B#10 = 485.136
ROUND 514 A#13 and B#10 = 667.639
ROUND 515 A#14 and B#10 = 645.25
ROUND 516 A#15 and B#10 = 663.076
ROUND 517 A#16 and B#10 = 656.685
ROUND 518 A#17 and B#10 = 666.976
ROUND 519 A#18 and B#10 = 517.262
ROUND 520 A#19 and B#10 = 736.081
ROUND 521 A#20 and B#10 = 677.225
ROUND 522 A#21 and B#10 = 625.641
ROUND 523 A#22 and B#10 = 632.216
ROUND 524 A#23 and B#10 = 579.226
ROUND 525 A#24 and B#10 = 639.846
ROUND 526 A#25 and B#10 = 617.351
ROUND 527 A#26 and B#10 = 649.462
ROUND 528 A#27 and B#10 = 664.493
ROUND 529 A#28 and B#10 = 603.846
ROUND 530 A#29 and B#10 = 624.151
ROUND 531 A#30 and B#10 = 602.616
ROUND 532 A#31 and B#10 = 603.23
ROUND 533 A#32 and B#10 = 712.618
ROUND 534 A#33 and B#10 = 605.019
ROUND 535 A#34 and B#10 = 636.129
ROUND 536 A#35 and B#10 = 497.034
ROUND 537 A#36 and B#10 = 682.426
ROUND 538 A#37 and B#10 = 513.97
ROUND 539 A#38 and B#10 = 641.157
ROUND 540 A#39 and B#10 = 694.392
ROUND 541 A#40 and B#10 = 641.774
ROUND 542 A#41 and B#10 = 616.166
ROUND 543 A#42 and B#10 = 674.159
ROUND 544 A#43 and B#10 = 533.566
ROUND 545 A#44 and B#10 = 608.951
ROUND 546 A#45 and B#10 = 479.658
ROUND 547 A#46 and B#10 = 471.298
ROUND 548 A#47 and B#10 = 464.949
ROUND 549 A#48 and B#10 = 533.207
ROUND 550 A#49 and B#10 = 453.764
ROUND 551 A#0 and B#11 = 675.424
ROUND 552 A#1 and B#11 = 735.72
ROUND 553 A#2 and B#11 = 663.691
ROUND 554 A#3 and B#11 = 644.864
ROUND 555 A#4 and B#11 = 727.414
ROUND 556 A#5 and B#11 = 426.271
ROUND 557 A#6 and B#11 = 719.044
ROUND 558 A#7 and B#11 = 709.319
ROUND 559 A#8 and B#11 = 683.321
ROUND 560 A#9 and B#11 = 646.399
ROUND 561 A#10 and B#11 = 687.809
ROUND 562 A#11 and B#11 = 587.729
ROUND 563 A#12 and B#11 = 683.469
ROUND 564 A#13 and B#11 = 665.818
ROUND 565 A#14 and B#11 = 727.03
ROUND 566 A#15 and B#11 = 711.205
ROUND 567 A#16 and B#11 = 728.492
ROUND 568 A#17 and B#11 = 718.682
ROUND 569 A#18 and B#11 = 635.899
ROUND 570 A#19 and B#11 = 722.397
ROUND 571 A#20 and B#11 = 754.178
ROUND 572 A#21 and B#11 = 726.548
ROUND 573 A#22 and B#11 = 727.29
ROUND 574 A#23 and B#11 = 645.033
ROUND 575 A#24 and B#11 = 654.941
ROUND 576 A#25 and B#11 = 692.419
ROUND 577 A#26 and B#11 = 652.285
ROUND 578 A#27 and B#11 = 499.58
ROUND 579 A#28 and B#11 = 614.458
ROUND 580 A#29 and B#11 = 522.446
ROUND 581 A#30 and B#11 = 682.942
ROUND 582 A#31 and B#11 = 516.511
ROUND 583 A#32 and B#11 = 710.44
ROUND 584 A#33 and B#11 = 632.139
ROUND 585 A#34 and B#11 = 642.64
ROUND 586 A#35 and B#11 = 618.308
ROUND 587 A#36 and B#11 = 682.225
ROUND 588 A#37 and B#11 = 577.51
ROUND 589 A#38 and B#11 = 691.329
ROUND 590 A#39 and B#11 = 670.878
ROUND 591 A#40 and B#11 = 684.545
ROUND 592 A#41 and B#11 = 593.781
ROUND 593 A#42 and B#11 = 640.711
ROUND 594 A#43 and B#11 = 581.438
ROUND 595 A#44 and B#11 = 688.479
ROUND 596 A#45 and B#11 = 707.634
ROUND 597 A#46 and B#11 = 477.11
ROUND 598 A#47 and B#11 = 676.176
ROUND 599 A#48 and B#11 = 578.965
ROUND 600 A#49 and B#11 = 513.785
ROUND 601 A#0 and B#12 = 691.073
ROUND 602 A#1 and B#12 = 676.978
ROUND 603 A#2 and B#12 = 712.538
ROUND 604 A#3 and B#12 = 640.515
ROUND 605 A#4 and B#12 = 619.006
ROUND 606 A#5 and B#12 = 649.978
ROUND 607 A#6 and B#12 = 632.581
ROUND 608 A#7 and B#12 = 638.076
ROUND 609 A#8 and B#12 = 576.692
ROUND 610 A#9 and B#12 = 646.46
ROUND 611 A#10 and B#12 = 734.514
ROUND 612 A#11 and B#12 = 642.851
ROUND 613 A#12 and B#12 = 526.339
ROUND 614 A#13 and B#12 = 676.488
ROUND 615 A#14 and B#12 = 643.798
ROUND 616 A#15 and B#12 = 689.282
ROUND 617 A#16 and B#12 = 653.998
ROUND 618 A#17 and B#12 = 769.103
ROUND 619 A#18 and B#12 = 672.181
ROUND 620 A#19 and B#12 = 604.338
ROUND 621 A#20 and B#12 = 630.73
ROUND 622 A#21 and B#12 = 605.644
ROUND 623 A#22 and B#12 = 619.241
ROUND 624 A#23 and B#12 = 609.319
ROUND 625 A#24 and B#12 = 649.951
ROUND 626 A#25 and B#12 = 674.296
ROUND 627 A#26 and B#12 = 658.873
ROUND 628 A#27 and B#12 = 451.686
ROUND 629 A#28 and B#12 = 639.216
ROUND 630 A#29 and B#12 = 639.291
ROUND 631 A#30 and B#12 = 528.838
ROUND 632 A#31 and B#12 = 580.466
ROUND 633 A#32 and B#12 = 622.703
ROUND 634 A#33 and B#12 = 639.301
ROUND 635 A#34 and B#12 = 612.122
ROUND 636 A#35 and B#12 = 615.414
ROUND 637 A#36 and B#12 = 532.723
ROUND 638 A#37 and B#12 = 603.689
ROUND 639 A#38 and B#12 = 645.246
ROUND 640 A#39 and B#12 = 692
ROUND 641 A#40 and B#12 = 681.92
ROUND 642 A#41 and B#12 = 560.478
ROUND 643 A#42 and B#12 = 683.476
ROUND 644 A#43 and B#12 = 488.009
ROUND 645 A#44 and B#12 = 667.406
ROUND 646 A#45 and B#12 = 583.531
ROUND 647 A#46 and B#12 = 638.387
ROUND 648 A#47 and B#12 = 627.396
ROUND 649 A#48 and B#12 = 583.315
ROUND 650 A#49 and B#12 = 589.119
ROUND 651 A#0 and B#13 = 468.634
ROUND 652 A#1 and B#13 = 673.33
ROUND 653 A#2 and B#13 = 526.548
ROUND 654 A#3 and B#13 = 659.211
ROUND 655 A#4 and B#13 = 498.527
ROUND 656 A#5 and B#13 = 621.208
ROUND 657 A#6 and B#13 = 577.506
ROUND 658 A#7 and B#13 = 609.581
ROUND 659 A#8 and B#13 = 520.749
ROUND 660 A#9 and B#13 = 662.87
ROUND 661 A#10 and B#13 = 705.227
ROUND 662 A#11 and B#13 = 475.816
ROUND 663 A#12 and B#13 = 588.734
ROUND 664 A#13 and B#13 = 614.231
ROUND 665 A#14 and B#13 = 622.057
ROUND 666 A#15 and B#13 = 599.19
ROUND 667 A#16 and B#13 = 609.005
ROUND 668 A#17 and B#13 = 602.297
ROUND 669 A#18 and B#13 = 571.893
ROUND 670 A#19 and B#13 = 593.42
ROUND 671 A#20 and B#13 = 520.739
ROUND 672 A#21 and B#13 = 629.55
ROUND 673 A#22 and B#13 = 613.926
ROUND 674 A#23 and B#13 = 626.54
ROUND 675 A#24 and B#13 = 626.72
ROUND 676 A#25 and B#13 = 551.812
ROUND 677 A#26 and B#13 = 598.471
ROUND 678 A#27 and B#13 = 603.834
ROUND 679 A#28 and B#13 = 655.891
ROUND 680 A#29 and B#13 = 659.081
ROUND 681 A#30 and B#13 = 579.64
ROUND 682 A#31 and B#13 = 657.445
ROUND 683 A#32 and B#13 = 581.586
ROUND 684 A#33 and B#13 = 574.298
ROUND 685 A#34 and B#13 = 625.259
ROUND 686 A#35 and B#13 = 690.373
ROUND 687 A#36 and B#13 = 570.657
ROUND 688 A#37 and B#13 = 583.249
ROUND 689 A#38 and B#13 = 618.843
ROUND 690 A#39 and B#13 = 636.545
ROUND 691 A#40 and B#13 = 544.106
ROUND 692 A#41 and B#13 = 570.545
ROUND 693 A#42 and B#13 = 594.387
ROUND 694 A#43 and B#13 = 600.745
ROUND 695 A#44 and B#13 = 571.457
ROUND 696 A#45 and B#13 = 604.65
ROUND 697 A#46 and B#13 = 447.015
ROUND 698 A#47 and B#13 = 444.488
ROUND 699 A#48 and B#13 = 644.649
ROUND 700 A#49 and B#13 = 608.085
ROUND 701 A#0 and B#14 = 721.484
ROUND 702 A#1 and B#14 = 717.875
ROUND 703 A#2 and B#14 = 721.417
ROUND 704 A#3 and B#14 = 698.559
ROUND 705 A#4 and B#14 = 666.589
ROUND 706 A#5 and B#14 = 633.005
ROUND 707 A#6 and B#14 = 665.312
ROUND 708 A#7 and B#14 = 546.14
ROUND 709 A#8 and B#14 = 592.913
ROUND 710 A#9 and B#14 = 678.371
ROUND 711 A#10 and B#14 = 673.992
ROUND 712 A#11 and B#14 = 700.565
ROUND 713 A#12 and B#14 = 511.91
ROUND 714 A#13 and B#14 = 691.827
ROUND 715 A#14 and B#14 = 669.537
ROUND 716 A#15 and B#14 = 685.935
ROUND 717 A#16 and B#14 = 680.817
ROUND 718 A#17 and B#14 = 673.695
ROUND 719 A#18 and B#14 = 573.909
ROUND 720 A#19 and B#14 = 731.644
ROUND 721 A#20 and B#14 = 700.28
ROUND 722 A#21 and B#14 = 641.089
ROUND 723 A#22 and B#14 = 648.452
ROUND 724 A#23 and B#14 = 597.776
ROUND 725 A#24 and B#14 = 655.683
ROUND 726 A#25 and B#14 = 633.656
ROUND 727 A#26 and B#14 = 652.254
ROUND 728 A#27 and B#14 = 665.471
ROUND 729 A#28 and B#14 = 595.602
ROUND 730 A#29 and B#14 = 615.571
ROUND 731 A#30 and B#14 = 602.032
ROUND 732 A#31 and B#14 = 608.379
ROUND 733 A#32 and B#14 = 712.686
ROUND 734 A#33 and B#14 = 596.828
ROUND 735 A#34 and B#14 = 651.685
ROUND 736 A#35 and B#14 = 703.617
ROUND 737 A#36 and B#14 = 687.861
ROUND 738 A#37 and B#14 = 519.199
ROUND 739 A#38 and B#14 = 657.528
ROUND 740 A#39 and B#14 = 687.929
ROUND 741 A#40 and B#14 = 707.448
ROUND 742 A#41 and B#14 = 636.288
ROUND 743 A#42 and B#14 = 687.904
ROUND 744 A#43 and B#14 = 531.307
ROUND 745 A#44 and B#14 = 625.871
ROUND 746 A#45 and B#14 = 469.42
ROUND 747 A#46 and B#14 = 463.756
ROUND 748 A#47 and B#14 = 459.324
ROUND 749 A#48 and B#14 = 546.194
ROUND 750 A#49 and B#14 = 543.938
ROUND 751 A#0 and B#15 = 686.612
ROUND 752 A#1 and B#15 = 483.155
ROUND 753 A#2 and B#15 = 782.318
ROUND 754 A#3 and B#15 = 646.927
ROUND 755 A#4 and B#15 = 540.596
ROUND 756 A#5 and B#15 = 426.564
ROUND 757 A#6 and B#15 = 732.868
ROUND 758 A#7 and B#15 = 506.657
ROUND 759 A#8 and B#15 = 654.617
ROUND 760 A#9 and B#15 = 717.881
ROUND 761 A#10 and B#15 = 647.985
ROUND 762 A#11 and B#15 = 721.202
ROUND 763 A#12 and B#15 = 606.613
ROUND 764 A#13 and B#15 = 523.023
ROUND 765 A#14 and B#15 = 514.717
ROUND 766 A#15 and B#15 = 513.944
ROUND 767 A#16 and B#15 = 514.936
ROUND 768 A#17 and B#15 = 833.222
ROUND 769 A#18 and B#15 = 497.566
ROUND 770 A#19 and B#15 = 753.349
ROUND 771 A#20 and B#15 = 652.031
ROUND 772 A#21 and B#15 = 718.525
ROUND 773 A#22 and B#15 = 719.608
ROUND 774 A#23 and B#15 = 664.319
ROUND 775 A#24 and B#15 = 534.534
ROUND 776 A#25 and B#15 = 675.589
ROUND 777 A#26 and B#15 = 700.702
ROUND 778 A#27 and B#15 = 774.304
ROUND 779 A#28 and B#15 = 620.672
ROUND 780 A#29 and B#15 = 636.479
ROUND 781 A#30 and B#15 = 617.824
ROUND 782 A#31 and B#15 = 620.168
ROUND 783 A#32 and B#15 = 744.486
ROUND 784 A#33 and B#15 = 691.158
ROUND 785 A#34 and B#15 = 718.387
ROUND 786 A#35 and B#15 = 510.156
ROUND 787 A#36 and B#15 = 549.498
ROUND 788 A#37 and B#15 = 621.953
ROUND 789 A#38 and B#15 = 508.766
ROUND 790 A#39 and B#15 = 427.492
ROUND 791 A#40 and B#15 = 572.499
ROUND 792 A#41 and B#15 = 573.414
ROUND 793 A#42 and B#15 = 489.469
ROUND 794 A#43 and B#15 = 497.846
ROUND 795 A#44 and B#15 = 688.441
ROUND 796 A#45 and B#15 = 405.648
ROUND 797 A#46 and B#15 = 469.882
ROUND 798 A#47 and B#15 = 409.489
ROUND 799 A#48 and B#15 = 581.958
ROUND 800 A#49 and B#15 = 407.519
ROUND 801 A#0 and B#16 = 626.601
ROUND 802 A#1 and B#16 = 717.472
ROUND 803 A#2 and B#16 = 650.352
ROUND 804 A#3 and B#16 = 563.689
ROUND 805 A#4 and B#16 = 663.648
ROUND 806 A#5 and B#16 = 502.986
ROUND 807 A#6 and B#16 = 574.655
ROUND 808 A#7 and B#16 = 733.211
ROUND 809 A#8 and B#16 = 729.051
ROUND 810 A#9 and B#16 = 667.192
ROUND 811 A#10 and B#16 = 696.292
ROUND 812 A#11 and B#16 = 564.168
ROUND 813 A#12 and B#16 = 680.221
ROUND 814 A#13 and B#16 = 649.992
ROUND 815 A#14 and B#16 = 661.449
ROUND 816 A#15 and B#16 = 537.673
ROUND 817 A#16 and B#16 = 667.797
ROUND 818 A#17 and B#16 = 684.999
ROUND 819 A#18 and B#16 = 627.143
ROUND 820 A#19 and B#16 = 699.185
ROUND 821 A#20 and B#16 = 555.171
ROUND 822 A#21 and B#16 = 601.981
ROUND 823 A#22 and B#16 = 603.508
ROUND 824 A#23 and B#16 = 649.39
ROUND 825 A#24 and B#16 = 666.684
ROUND 826 A#25 and B#16 = 721.639
ROUND 827 A#26 and B#16 = 646.907
ROUND 828 A#27 and B#16 = 601.536
ROUND 829 A#28 and B#16 = 615.803
ROUND 830 A#29 and B#16 = 479.238
ROUND 831 A#30 and B#16 = 502.204
ROUND 832 A#31 and B#16 = 508.259
ROUND 833 A#32 and B#16 = 688.92
ROUND 834 A#33 and B#16 = 603.185
ROUND 835 A#34 and B#16 = 667.809
ROUND 836 A#35 and B#16 = 634.483
ROUND 837 A#36 and B#16 = 674.321
ROUND 838 A#37 and B#16 = 556.412
ROUND 839 A#38 and B#16 = 650.29
ROUND 840 A#39 and B#16 = 647.714
ROUND 841 A#40 and B#16 = 707.153
ROUND 842 A#41 and B#16 = 641.926
ROUND 843 A#42 and B#16 = 497.444
ROUND 844 A#43 and B#16 = 649.849
ROUND 845 A#44 and B#16 = 717.123
ROUND 846 A#45 and B#16 = 596.556
ROUND 847 A#46 and B#16 = 617.736
ROUND 848 A#47 and B#16 = 442.123
ROUND 849 A#48 and B#16 = 549.963
ROUND 850 A#49 and B#16 = 474.538
ROUND 851 A#0 and B#17 = 579.97
ROUND 852 A#1 and B#17 = 675.447
ROUND 853 A#2 and B#17 = 713.906
ROUND 854 A#3 and B#17 = 633.339
ROUND 855 A#4 and B#17 = 625.674
ROUND 856 A#5 and B#17 = 643.48
ROUND 857 A#6 and B#17 = 649.055
ROUND 858 A#7 and B#17 = 641.815
ROUND 859 A#8 and B#17 = 571.959
ROUND 860 A#9 and B#17 = 630.406
ROUND 861 A#10 and B#17 = 550.038
ROUND 862 A#11 and B#17 = 663.311
ROUND 863 A#12 and B#17 = 545.786
ROUND 864 A#13 and B#17 = 689.489
ROUND 865 A#14 and B#17 = 659.285
ROUND 866 A#15 and B#17 = 704.145
ROUND 867 A#16 and B#17 = 661.022
ROUND 868 A#17 and B#17 = 751.837
ROUND 869 A#18 and B#17 = 669.427
ROUND 870 A#19 and B#17 = 644.194
ROUND 871 A#20 and B#17 = 627.687
ROUND 872 A#21 and B#17 = 616.388
ROUND 873 A#22 and B#17 = 617.538
ROUND 874 A#23 and B#17 = 606.509
ROUND 875 A#24 and B#17 = 666.18
ROUND 876 A#25 and B#17 = 725.698
ROUND 877 A#26 and B#17 = 642.749
ROUND 878 A#27 and B#17 = 662.133
ROUND 879 A#28 and B#17 = 646.117
ROUND 880 A#29 and B#17 = 574.042
ROUND 881 A#30 and B#17 = 521.369
ROUND 882 A#31 and B#17 = 568.955
ROUND 883 A#32 and B#17 = 628.671
ROUND 884 A#33 and B#17 = 646.349
ROUND 885 A#34 and B#17 = 625.55
ROUND 886 A#35 and B#17 = 640.067
ROUND 887 A#36 and B#17 = 529.267
ROUND 888 A#37 and B#17 = 605.424
ROUND 889 A#38 and B#17 = 659.129
ROUND 890 A#39 and B#17 = 679.956
ROUND 891 A#40 and B#17 = 670.17
ROUND 892 A#41 and B#17 = 563.182
ROUND 893 A#42 and B#17 = 691.006
ROUND 894 A#43 and B#17 = 493.02
ROUND 895 A#44 and B#17 = 653.923
ROUND 896 A#45 and B#17 = 607.319
ROUND 897 A#46 and B#17 = 651.014
ROUND 898 A#47 and B#17 = 652.673
ROUND 899 A#48 and B#17 = 583.1
ROUND 900 A#49 and B#17 = 646.723
ROUND 901 A#0 and B#18 = 654.733
ROUND 902 A#1 and B#18 = 756.804
ROUND 903 A#2 and B#18 = 705.722
ROUND 904 A#3 and B#18 = 687.85
ROUND 905 A#4 and B#18 = 608.001
ROUND 906 A#5 and B#18 = 652.834
ROUND 907 A#6 and B#18 = 683.582
ROUND 908 A#7 and B#18 = 708.179
ROUND 909 A#8 and B#18 = 704.051
ROUND 910 A#9 and B#18 = 648.387
ROUND 911 A#10 and B#18 = 635.333
ROUND 912 A#11 and B#18 = 616.555
ROUND 913 A#12 and B#18 = 523.436
ROUND 914 A#13 and B#18 = 602.493
ROUND 915 A#14 and B#18 = 610.509
ROUND 916 A#15 and B#18 = 624.916
ROUND 917 A#16 and B#18 = 618.081
ROUND 918 A#17 and B#18 = 631.417
ROUND 919 A#18 and B#18 = 561.853
ROUND 920 A#19 and B#18 = 610.46
ROUND 921 A#20 and B#18 = 616.538
ROUND 922 A#21 and B#18 = 616.895
ROUND 923 A#22 and B#18 = 623.946
ROUND 924 A#23 and B#18 = 630.719
ROUND 925 A#24 and B#18 = 610.946
ROUND 926 A#25 and B#18 = 565.767
ROUND 927 A#26 and B#18 = 626.156
ROUND 928 A#27 and B#18 = 609.862
ROUND 929 A#28 and B#18 = 632.641
ROUND 930 A#29 and B#18 = 643.033
ROUND 931 A#30 and B#18 = 615.046
ROUND 932 A#31 and B#18 = 617.678
ROUND 933 A#32 and B#18 = 692.088
ROUND 934 A#33 and B#18 = 639.366
ROUND 935 A#34 and B#18 = 612.567
ROUND 936 A#35 and B#18 = 610.998
ROUND 937 A#36 and B#18 = 743.554
ROUND 938 A#37 and B#18 = 628.795
ROUND 939 A#38 and B#18 = 610.468
ROUND 940 A#39 and B#18 = 664.444
ROUND 941 A#40 and B#18 = 600.913
ROUND 942 A#41 and B#18 = 671.749
ROUND 943 A#42 and B#18 = 606.043
ROUND 944 A#43 and B#18 = 613.859
ROUND 945 A#44 and B#18 = 557.002
ROUND 946 A#45 and B#18 = 641.046
ROUND 947 A#46 and B#18 = 609.449
ROUND 948 A#47 and B#18 = 606.702
ROUND 949 A#48 and B#18 = 614.757
ROUND 950 A#49 and B#18 = 604.244
ROUND 951 A#0 and B#19 = 660.894
ROUND 952 A#1 and B#19 = 760.061
ROUND 953 A#2 and B#19 = 736.773
ROUND 954 A#3 and B#19 = 771.892
ROUND 955 A#4 and B#19 = 603.633
ROUND 956 A#5 and B#19 = 610.464
ROUND 957 A#6 and B#19 = 567.539
ROUND 958 A#7 and B#19 = 698.768
ROUND 959 A#8 and B#19 = 622.166
ROUND 960 A#9 and B#19 = 686.115
ROUND 961 A#10 and B#19 = 628.247
ROUND 962 A#11 and B#19 = 683.936
ROUND 963 A#12 and B#19 = 575.423
ROUND 964 A#13 and B#19 = 442.307
ROUND 965 A#14 and B#19 = 608.157
ROUND 966 A#15 and B#19 = 617.143
ROUND 967 A#16 and B#19 = 609.764
ROUND 968 A#17 and B#19 = 789.612
ROUND 969 A#18 and B#19 = 528.143
ROUND 970 A#19 and B#19 = 717.086
ROUND 971 A#20 and B#19 = 622.797
ROUND 972 A#21 and B#19 = 681.509
ROUND 973 A#22 and B#19 = 681.896
ROUND 974 A#23 and B#19 = 570.925
ROUND 975 A#24 and B#19 = 676.981
ROUND 976 A#25 and B#19 = 663.956
ROUND 977 A#26 and B#19 = 683.074
ROUND 978 A#27 and B#19 = 744.779
ROUND 979 A#28 and B#19 = 595.942
ROUND 980 A#29 and B#19 = 605.32
ROUND 981 A#30 and B#19 = 597.653
ROUND 982 A#31 and B#19 = 602.652
ROUND 983 A#32 and B#19 = 713.13
ROUND 984 A#33 and B#19 = 676.389
ROUND 985 A#34 and B#19 = 680.784
ROUND 986 A#35 and B#19 = 516.63
ROUND 987 A#36 and B#19 = 531.967
ROUND 988 A#37 and B#19 = 597.369
ROUND 989 A#38 and B#19 = 495.019
ROUND 990 A#39 and B#19 = 610.362
ROUND 991 A#40 and B#19 = 776.122
ROUND 992 A#41 and B#19 = 559.081
ROUND 993 A#42 and B#19 = 696.726
ROUND 994 A#43 and B#19 = 493.075
ROUND 995 A#44 and B#19 = 682.998
ROUND 996 A#45 and B#19 = 661.128
ROUND 997 A#46 and B#19 = 548.926
ROUND 998 A#47 and B#19 = 419.896
ROUND 999 A#48 and B#19 = 560.471
ROUND 1000 A#49 and B#19 = 425.768
ROUND 1001 A#0 and B#20 = 720.279
ROUND 1002 A#1 and B#20 = 716.205
ROUND 1003 A#2 and B#20 = 703.594
ROUND 1004 A#3 and B#20 = 553.642
ROUND 1005 A#4 and B#20 = 644.247
ROUND 1006 A#5 and B#20 = 640.424
ROUND 1007 A#6 and B#20 = 646.528
ROUND 1008 A#7 and B#20 = 543.554
ROUND 1009 A#8 and B#20 = 585.498
ROUND 1010 A#9 and B#20 = 669.207
ROUND 1011 A#10 and B#20 = 755.237
ROUND 1012 A#11 and B#20 = 678.765
ROUND 1013 A#12 and B#20 = 484.661
ROUND 1014 A#13 and B#20 = 667.661
ROUND 1015 A#14 and B#20 = 645.055
ROUND 1016 A#15 and B#20 = 662.763
ROUND 1017 A#16 and B#20 = 656.543
ROUND 1018 A#17 and B#20 = 667.671
ROUND 1019 A#18 and B#20 = 518.496
ROUND 1020 A#19 and B#20 = 736.578
ROUND 1021 A#20 and B#20 = 676.979
ROUND 1022 A#21 and B#20 = 625.516
ROUND 1023 A#22 and B#20 = 631.924
ROUND 1024 A#23 and B#20 = 578.67
ROUND 1025 A#24 and B#20 = 639.811
ROUND 1026 A#25 and B#20 = 618.077
ROUND 1027 A#26 and B#20 = 650.215
ROUND 1028 A#27 and B#20 = 660.109
ROUND 1029 A#28 and B#20 = 604.617
ROUND 1030 A#29 and B#20 = 624.535
ROUND 1031 A#30 and B#20 = 603.493
ROUND 1032 A#31 and B#20 = 604.051
ROUND 1033 A#32 and B#20 = 715.609
ROUND 1034 A#33 and B#20 = 605.81
ROUND 1035 A#34 and B#20 = 635.948
ROUND 1036 A#35 and B#20 = 497.951
ROUND 1037 A#36 and B#20 = 682.01
ROUND 1038 A#37 and B#20 = 513.876
ROUND 1039 A#38 and B#20 = 641.137
ROUND 1040 A#39 and B#20 = 694.272
ROUND 1041 A#40 and B#20 = 641.845
ROUND 1042 A#41 and B#20 = 616.247
ROUND 1043 A#42 and B#20 = 674.352
ROUND 1044 A#43 and B#20 = 530.8
ROUND 1045 A#44 and B#20 = 609.556
ROUND 1046 A#45 and B#20 = 475.835
ROUND 1047 A#46 and B#20 = 471.309
ROUND 1048 A#47 and B#20 = 465.013
ROUND 1049 A#48 and B#20 = 533.946
ROUND 1050 A#49 and B#20 = 453.931
ROUND 1051 A#0 and B#21 = 703.284
ROUND 1052 A#1 and B#21 = 707.899
ROUND 1053 A#2 and B#21 = 675.372
ROUND 1054 A#3 and B#21 = 634.219
ROUND 1055 A#4 and B#21 = 643.686
ROUND 1056 A#5 and B#21 = 513.804
ROUND 1057 A#6 and B#21 = 624.161
ROUND 1058 A#7 and B#21 = 675.561
ROUND 1059 A#8 and B#21 = 574.967
ROUND 1060 A#9 and B#21 = 491.949
ROUND 1061 A#10 and B#21 = 469.677
ROUND 1062 A#11 and B#21 = 599.652
ROUND 1063 A#12 and B#21 = 560.542
ROUND 1064 A#13 and B#21 = 659.94
ROUND 1065 A#14 and B#21 = 643.244
ROUND 1066 A#15 and B#21 = 578.715
ROUND 1067 A#16 and B#21 = 662.306
ROUND 1068 A#17 and B#21 = 717.765
ROUND 1069 A#18 and B#21 = 504.854
ROUND 1070 A#19 and B#21 = 780.959
ROUND 1071 A#20 and B#21 = 599.534
ROUND 1072 A#21 and B#21 = 480.7
ROUND 1073 A#22 and B#21 = 628.154
ROUND 1074 A#23 and B#21 = 662.81
ROUND 1075 A#24 and B#21 = 624.905
ROUND 1076 A#25 and B#21 = 642.806
ROUND 1077 A#26 and B#21 = 662.728
ROUND 1078 A#27 and B#21 = 673.186
ROUND 1079 A#28 and B#21 = 533.87
ROUND 1080 A#29 and B#21 = 532.682
ROUND 1081 A#30 and B#21 = 658.476
ROUND 1082 A#31 and B#21 = 532.226
ROUND 1083 A#32 and B#21 = 709.674
ROUND 1084 A#33 and B#21 = 663.424
ROUND 1085 A#34 and B#21 = 622.933
ROUND 1086 A#35 and B#21 = 614.448
ROUND 1087 A#36 and B#21 = 652.773
ROUND 1088 A#37 and B#21 = 481.063
ROUND 1089 A#38 and B#21 = 655.339
ROUND 1090 A#39 and B#21 = 682.146
ROUND 1091 A#40 and B#21 = 674.661
ROUND 1092 A#41 and B#21 = 639.474
ROUND 1093 A#42 and B#21 = 647.822
ROUND 1094 A#43 and B#21 = 582.01
ROUND 1095 A#44 and B#21 = 645.524
ROUND 1096 A#45 and B#21 = 551.784
ROUND 1097 A#46 and B#21 = 571.96
ROUND 1098 A#47 and B#21 = 559.672
ROUND 1099 A#48 and B#21 = 595.436
ROUND 1100 A#49 and B#21 = 653.179
ROUND 1101 A#0 and B#22 = 657.465
ROUND 1102 A#1 and B#22 = 661.74
ROUND 1103 A#2 and B#22 = 653.869
ROUND 1104 A#3 and B#22 = 641.157
ROUND 1105 A#4 and B#22 = 567.48
ROUND 1106 A#5 and B#22 = 603.494
ROUND 1107 A#6 and B#22 = 618.514
ROUND 1108 A#7 and B#22 = 697.474
ROUND 1109 A#8 and B#22 = 714.03
ROUND 1110 A#9 and B#22 = 651.878
ROUND 1111 A#10 and B#22 = 639.872
ROUND 1112 A#11 and B#22 = 604.802
ROUND 1113 A#12 and B#22 = 523.665
ROUND 1114 A#13 and B#22 = 651.563
ROUND 1115 A#14 and B#22 = 566.394
ROUND 1116 A#15 and B#22 = 573.018
ROUND 1117 A#16 and B#22 = 576.989
ROUND 1118 A#17 and B#22 = 714.975
ROUND 1119 A#18 and B#22 = 621.809
ROUND 1120 A#19 and B#22 = 727.901
ROUND 1121 A#20 and B#22 = 727.121
ROUND 1122 A#21 and B#22 = 582.883
ROUND 1123 A#22 and B#22 = 587.549
ROUND 1124 A#23 and B#22 = 422.49
ROUND 1125 A#24 and B#22 = 583.543
ROUND 1126 A#25 and B#22 = 675.419
ROUND 1127 A#26 and B#22 = 634.687
ROUND 1128 A#27 and B#22 = 661.016
ROUND 1129 A#28 and B#22 = 590.1
ROUND 1130 A#29 and B#22 = 469.526
ROUND 1131 A#30 and B#22 = 490.744
ROUND 1132 A#31 and B#22 = 484.951
ROUND 1133 A#32 and B#22 = 729.616
ROUND 1134 A#33 and B#22 = 609.594
ROUND 1135 A#34 and B#22 = 591.977
ROUND 1136 A#35 and B#22 = 612.362
ROUND 1137 A#36 and B#22 = 668.964
ROUND 1138 A#37 and B#22 = 546.723
ROUND 1139 A#38 and B#22 = 646.043
ROUND 1140 A#39 and B#22 = 640.566
ROUND 1141 A#40 and B#22 = 720.718
ROUND 1142 A#41 and B#22 = 651.29
ROUND 1143 A#42 and B#22 = 655.931
ROUND 1144 A#43 and B#22 = 620.889
ROUND 1145 A#44 and B#22 = 668.081
ROUND 1146 A#45 and B#22 = 701.166
ROUND 1147 A#46 and B#22 = 643.853
ROUND 1148 A#47 and B#22 = 661.683
ROUND 1149 A#48 and B#22 = 613.566
ROUND 1150 A#49 and B#22 = 649.649
ROUND 1151 A#0 and B#23 = 631.478
ROUND 1152 A#1 and B#23 = 714.411
ROUND 1153 A#2 and B#23 = 671.222
ROUND 1154 A#3 and B#23 = 672.298
ROUND 1155 A#4 and B#23 = 694.643
ROUND 1156 A#5 and B#23 = 774.721
ROUND 1157 A#6 and B#23 = 741.914
ROUND 1158 A#7 and B#23 = 726.331
ROUND 1159 A#8 and B#23 = 725.065
ROUND 1160 A#9 and B#23 = 639.176
ROUND 1161 A#10 and B#23 = 674.865
ROUND 1162 A#11 and B#23 = 593.335
ROUND 1163 A#12 and B#23 = 687.673
ROUND 1164 A#13 and B#23 = 656.499
ROUND 1165 A#14 and B#23 = 694.293
ROUND 1166 A#15 and B#23 = 683.783
ROUND 1167 A#16 and B#23 = 693.943
ROUND 1168 A#17 and B#23 = 686.314
ROUND 1169 A#18 and B#23 = 635.399
ROUND 1170 A#19 and B#23 = 693.063
ROUND 1171 A#20 and B#23 = 712.808
ROUND 1172 A#21 and B#23 = 535.828
ROUND 1173 A#22 and B#23 = 541.554
ROUND 1174 A#23 and B#23 = 530.688
ROUND 1175 A#24 and B#23 = 536.001
ROUND 1176 A#25 and B#23 = 709.119
ROUND 1177 A#26 and B#23 = 644.374
ROUND 1178 A#27 and B#23 = 672.178
ROUND 1179 A#28 and B#23 = 622.036
ROUND 1180 A#29 and B#23 = 516.622
ROUND 1181 A#30 and B#23 = 498.864
ROUND 1182 A#31 and B#23 = 516.777
ROUND 1183 A#32 and B#23 = 718.261
ROUND 1184 A#33 and B#23 = 632.054
ROUND 1185 A#34 and B#23 = 581.985
ROUND 1186 A#35 and B#23 = 637.853
ROUND 1187 A#36 and B#23 = 675.681
ROUND 1188 A#37 and B#23 = 621.696
ROUND 1189 A#38 and B#23 = 659.088
ROUND 1190 A#39 and B#23 = 578.44
ROUND 1191 A#40 and B#23 = 728.698
ROUND 1192 A#41 and B#23 = 657.711
ROUND 1193 A#42 and B#23 = 474.62
ROUND 1194 A#43 and B#23 = 636.785
ROUND 1195 A#44 and B#23 = 697.151
ROUND 1196 A#45 and B#23 = 714.238
ROUND 1197 A#46 and B#23 = 671.219
ROUND 1198 A#47 and B#23 = 687.409
ROUND 1199 A#48 and B#23 = 669.304
ROUND 1200 A#49 and B#23 = 665.638
ROUND 1201 A#0 and B#24 = 672.027
ROUND 1202 A#1 and B#24 = 722.634
ROUND 1203 A#2 and B#24 = 672.202
ROUND 1204 A#3 and B#24 = 638.984
ROUND 1205 A#4 and B#24 = 727.944
ROUND 1206 A#5 and B#24 = 421.682
ROUND 1207 A#6 and B#24 = 720.228
ROUND 1208 A#7 and B#24 = 706.231
ROUND 1209 A#8 and B#24 = 683.321
ROUND 1210 A#9 and B#24 = 650.64
ROUND 1211 A#10 and B#24 = 689.427
ROUND 1212 A#11 and B#24 = 599.304
ROUND 1213 A#12 and B#24 = 681.947
ROUND 1214 A#13 and B#24 = 668.915
ROUND 1215 A#14 and B#24 = 727.558
ROUND 1216 A#15 and B#24 = 624.075
ROUND 1217 A#16 and B#24 = 545.789
ROUND 1218 A#17 and B#24 = 726.373
ROUND 1219 A#18 and B#24 = 629.823
ROUND 1220 A#19 and B#24 = 733.23
ROUND 1221 A#20 and B#24 = 754.206
ROUND 1222 A#21 and B#24 = 726.274
ROUND 1223 A#22 and B#24 = 726.914
ROUND 1224 A#23 and B#24 = 646.41
ROUND 1225 A#24 and B#24 = 670.352
ROUND 1226 A#25 and B#24 = 690.774
ROUND 1227 A#26 and B#24 = 642.951
ROUND 1228 A#27 and B#24 = 504.022
ROUND 1229 A#28 and B#24 = 625.678
ROUND 1230 A#29 and B#24 = 511.788
ROUND 1231 A#30 and B#24 = 682.609
ROUND 1232 A#31 and B#24 = 483.778
ROUND 1233 A#32 and B#24 = 714.699
ROUND 1234 A#33 and B#24 = 634.195
ROUND 1235 A#34 and B#24 = 625.631
ROUND 1236 A#35 and B#24 = 614.211
ROUND 1237 A#36 and B#24 = 681.814
ROUND 1238 A#37 and B#24 = 528.89
ROUND 1239 A#38 and B#24 = 692.521
ROUND 1240 A#39 and B#24 = 678.98
ROUND 1241 A#40 and B#24 = 692.304
ROUND 1242 A#41 and B#24 = 598.087
ROUND 1243 A#42 and B#24 = 646.677
ROUND 1244 A#43 and B#24 = 579.129
ROUND 1245 A#44 and B#24 = 686.11
ROUND 1246 A#45 and B#24 = 709.673
ROUND 1247 A#46 and B#24 = 477.205
ROUND 1248 A#47 and B#24 = 676.739
ROUND 1249 A#48 and B#24 = 578.501
ROUND 1250 A#49 and B#24 = 514.011
ROUND 1251 A#0 and B#25 = 672.805
ROUND 1252 A#1 and B#25 = 723.119
ROUND 1253 A#2 and B#25 = 671.261
ROUND 1254 A#3 and B#25 = 639.1
ROUND 1255 A#4 and B#25 = 728.061
ROUND 1256 A#5 and B#25 = 421.738
ROUND 1257 A#6 and B#25 = 720.267
ROUND 1258 A#7 and B#25 = 705.956
ROUND 1259 A#8 and B#25 = 683.59
ROUND 1260 A#9 and B#25 = 650.261
ROUND 1261 A#10 and B#25 = 688.199
ROUND 1262 A#11 and B#25 = 599.024
ROUND 1263 A#12 and B#25 = 682.074
ROUND 1264 A#13 and B#25 = 668.574
ROUND 1265 A#14 and B#25 = 727.649
ROUND 1266 A#15 and B#25 = 623.348
ROUND 1267 A#16 and B#25 = 545.438
ROUND 1268 A#17 and B#25 = 726.431
ROUND 1269 A#18 and B#25 = 629.602
ROUND 1270 A#19 and B#25 = 732.69
ROUND 1271 A#20 and B#25 = 754.886
ROUND 1272 A#21 and B#25 = 727.248
ROUND 1273 A#22 and B#25 = 727.933
ROUND 1274 A#23 and B#25 = 646.264
ROUND 1275 A#24 and B#25 = 669.915
ROUND 1276 A#25 and B#25 = 690.613
ROUND 1277 A#26 and B#25 = 643.068
ROUND 1278 A#27 and B#25 = 502.435
ROUND 1279 A#28 and B#25 = 625.411
ROUND 1280 A#29 and B#25 = 512.07
ROUND 1281 A#30 and B#25 = 682.446
ROUND 1282 A#31 and B#25 = 483.994
ROUND 1283 A#32 and B#25 = 714.598
ROUND 1284 A#33 and B#25 = 634.252
ROUND 1285 A#34 and B#25 = 625.969
ROUND 1286 A#35 and B#25 = 614.27
ROUND 1287 A#36 and B#25 = 682.295
ROUND 1288 A#37 and B#25 = 528.825
ROUND 1289 A#38 and B#25 = 695.616
ROUND 1290 A#39 and B#25 = 678.796
ROUND 1291 A#40 and B#25 = 692.266
ROUND 1292 A#41 and B#25 = 597.994
ROUND 1293 A#42 and B#25 = 646.414
ROUND 1294 A#43 and B#25 = 579.106
ROUND 1295 A#44 and B#25 = 686.092
ROUND 1296 A#45 and B#25 = 710.626
ROUND 1297 A#46 and B#25 = 476.501
ROUND 1298 A#47 and B#25 = 677.389
ROUND 1299 A#48 and B#25 = 579.575
ROUND 1300 A#49 and B#25 = 513.47
ROUND 1301 A#0 and B#26 = 689.707
ROUND 1302 A#1 and B#26 = 690.125
ROUND 1303 A#2 and B#26 = 740.045
ROUND 1304 A#3 and B#26 = 565.503
ROUND 1305 A#4 and B#26 = 688.855
ROUND 1306 A#5 and B#26 = 651.792
ROUND 1307 A#6 and B#26 = 701.61
ROUND 1308 A#7 and B#26 = 658.052
ROUND 1309 A#8 and B#26 = 620.596
ROUND 1310 A#9 and B#26 = 679.75
ROUND 1311 A#10 and B#26 = 774.176
ROUND 1312 A#11 and B#26 = 726.401
ROUND 1313 A#12 and B#26 = 533.304
ROUND 1314 A#13 and B#26 = 712.501
ROUND 1315 A#14 and B#26 = 687.593
ROUND 1316 A#15 and B#26 = 696.707
ROUND 1317 A#16 and B#26 = 697.168
ROUND 1318 A#17 and B#26 = 748.155
ROUND 1319 A#18 and B#26 = 629.009
ROUND 1320 A#19 and B#26 = 756.898
ROUND 1321 A#20 and B#26 = 713.383
ROUND 1322 A#21 and B#26 = 680.036
ROUND 1323 A#22 and B#26 = 682.992
ROUND 1324 A#23 and B#26 = 564.995
ROUND 1325 A#24 and B#26 = 679.311
ROUND 1326 A#25 and B#26 = 654.311
ROUND 1327 A#26 and B#26 = 648.641
ROUND 1328 A#27 and B#26 = 500.295
ROUND 1329 A#28 and B#26 = 595.592
ROUND 1330 A#29 and B#26 = 607.447
ROUND 1331 A#30 and B#26 = 539.543
ROUND 1332 A#31 and B#26 = 599.329
ROUND 1333 A#32 and B#26 = 687.441
ROUND 1334 A#33 and B#26 = 596.017
ROUND 1335 A#34 and B#26 = 685.079
ROUND 1336 A#35 and B#26 = 641.818
ROUND 1337 A#36 and B#26 = 654.875
ROUND 1338 A#37 and B#26 = 595.719
ROUND 1339 A#38 and B#26 = 670.967
ROUND 1340 A#39 and B#26 = 724.679
ROUND 1341 A#40 and B#26 = 675.272
ROUND 1342 A#41 and B#26 = 648.734
ROUND 1343 A#42 and B#26 = 718.689
ROUND 1344 A#43 and B#26 = 535.568
ROUND 1345 A#44 and B#26 = 647.632
ROUND 1346 A#45 and B#26 = 494.759
ROUND 1347 A#46 and B#26 = 481.28
ROUND 1348 A#47 and B#26 = 474.399
ROUND 1349 A#48 and B#26 = 558.573
ROUND 1350 A#49 and B#26 = 482.193
ROUND 1351 A#0 and B#27 = 688.561
ROUND 1352 A#1 and B#27 = 482.381
ROUND 1353 A#2 and B#27 = 784.171
ROUND 1354 A#3 and B#27 = 649.514
ROUND 1355 A#4 and B#27 = 540.362
ROUND 1356 A#5 and B#27 = 428.333
ROUND 1357 A#6 and B#27 = 732.74
ROUND 1358 A#7 and B#27 = 507.216
ROUND 1359 A#8 and B#27 = 654.144
ROUND 1360 A#9 and B#27 = 719.562
ROUND 1361 A#10 and B#27 = 650.223
ROUND 1362 A#11 and B#27 = 722.124
ROUND 1363 A#12 and B#27 = 610.079
ROUND 1364 A#13 and B#27 = 523.817
ROUND 1365 A#14 and B#27 = 515.278
ROUND 1366 A#15 and B#27 = 514.36
ROUND 1367 A#16 and B#27 = 515.426
ROUND 1368 A#17 and B#27 = 835.474
ROUND 1369 A#18 and B#27 = 497.418
ROUND 1370 A#19 and B#27 = 755.476
ROUND 1371 A#20 and B#27 = 654.209
ROUND 1372 A#21 and B#27 = 719.593
ROUND 1373 A#22 and B#27 = 720.709
ROUND 1374 A#23 and B#27 = 665.139
ROUND 1375 A#24 and B#27 = 534.339
ROUND 1376 A#25 and B#27 = 677.707
ROUND 1377 A#26 and B#27 = 703.043
ROUND 1378 A#27 and B#27 = 773.984
ROUND 1379 A#28 and B#27 = 620.369
ROUND 1380 A#29 and B#27 = 636.178
ROUND 1381 A#30 and B#27 = 617.588
ROUND 1382 A#31 and B#27 = 619.796
ROUND 1383 A#32 and B#27 = 747.726
ROUND 1384 A#33 and B#27 = 692.784
ROUND 1385 A#34 and B#27 = 719.612
ROUND 1386 A#35 and B#27 = 511.109
ROUND 1387 A#36 and B#27 = 549.329
ROUND 1388 A#37 and B#27 = 622.246
ROUND 1389 A#38 and B#27 = 509.549
ROUND 1390 A#39 and B#27 = 417.286
ROUND 1391 A#40 and B#27 = 572.834
ROUND 1392 A#41 and B#27 = 575.374
ROUND 1393 A#42 and B#27 = 489.439
ROUND 1394 A#43 and B#27 = 499.336
ROUND 1395 A#44 and B#27 = 690.283
ROUND 1396 A#45 and B#27 = 406.969
ROUND 1397 A#46 and B#27 = 470.903
ROUND 1398 A#47 and B#27 = 411.352
ROUND 1399 A#48 and B#27 = 581.826
ROUND 1400 A#49 and B#27 = 407.133
ROUND 1401 A#0 and B#28 = 575.297
ROUND 1402 A#1 and B#28 = 652.169
ROUND 1403 A#2 and B#28 = 740.394
ROUND 1404 A#3 and B#28 = 677.491
ROUND 1405 A#4 and B#28 = 520.711
ROUND 1406 A#5 and B#28 = 655.353
ROUND 1407 A#6 and B#28 = 661.036
ROUND 1408 A#7 and B#28 = 573.219
ROUND 1409 A#8 and B#28 = 484.81
ROUND 1410 A#9 and B#28 = 675.686
ROUND 1411 A#10 and B#28 = 525.327
ROUND 1412 A#11 and B#28 = 545.34
ROUND 1413 A#12 and B#28 = 612.544
ROUND 1414 A#13 and B#28 = 607.069
ROUND 1415 A#14 and B#28 = 542.108
ROUND 1416 A#15 and B#28 = 553.835
ROUND 1417 A#16 and B#28 = 599.244
ROUND 1418 A#17 and B#28 = 625.357
ROUND 1419 A#18 and B#28 = 574.409
ROUND 1420 A#19 and B#28 = 559.565
ROUND 1421 A#20 and B#28 = 482.786
ROUND 1422 A#21 and B#28 = 598.862
ROUND 1423 A#22 and B#28 = 466.911
ROUND 1424 A#23 and B#28 = 626.822
ROUND 1425 A#24 and B#28 = 611.563
ROUND 1426 A#25 and B#28 = 628.945
ROUND 1427 A#26 and B#28 = 580.155
ROUND 1428 A#27 and B#28 = 575.625
ROUND 1429 A#28 and B#28 = 678.656
ROUND 1430 A#29 and B#28 = 517.657
ROUND 1431 A#30 and B#28 = 590.182
ROUND 1432 A#31 and B#28 = 516.106
ROUND 1433 A#32 and B#28 = 544.709
ROUND 1434 A#33 and B#28 = 592.688
ROUND 1435 A#34 and B#28 = 567.078
ROUND 1436 A#35 and B#28 = 673.189
ROUND 1437 A#36 and B#28 = 531.458
ROUND 1438 A#37 and B#28 = 560.948
ROUND 1439 A#38 and B#28 = 537.953
ROUND 1440 A#39 and B#28 = 690.785
ROUND 1441 A#40 and B#28 = 697.717
ROUND 1442 A#41 and B#28 = 533.203
ROUND 1443 A#42 and B#28 = 520.132
ROUND 1444 A#43 and B#28 = 515.989
ROUND 1445 A#44 and B#28 = 634.016
ROUND 1446 A#45 and B#28 = 586.975
ROUND 1447 A#46 and B#28 = 471.976
ROUND 1448 A#47 and B#28 = 453.178
ROUND 1449 A#48 and B#28 = 593.572
ROUND 1450 A#49 and B#28 = 493.686
ROUND 1451 A#0 and B#29 = 573.226
ROUND 1452 A#1 and B#29 = 677.447
ROUND 1453 A#2 and B#29 = 594.154
ROUND 1454 A#3 and B#29 = 647.72
ROUND 1455 A#4 and B#29 = 672.657
ROUND 1456 A#5 and B#29 = 633.67
ROUND 1457 A#6 and B#29 = 476.276
ROUND 1458 A#7 and B#29 = 568.127
ROUND 1459 A#8 and B#29 = 425.21
ROUND 1460 A#9 and B#29 = 711.734
ROUND 1461 A#10 and B#29 = 517.552
ROUND 1462 A#11 and B#29 = 652.876
ROUND 1463 A#12 and B#29 = 635.231
ROUND 1464 A#13 and B#29 = 608.832
ROUND 1465 A#14 and B#29 = 673.722
ROUND 1466 A#15 and B#29 = 673.937
ROUND 1467 A#16 and B#29 = 714.065
ROUND 1468 A#17 and B#29 = 674.069
ROUND 1469 A#18 and B#29 = 666.275
ROUND 1470 A#19 and B#29 = 570.498
ROUND 1471 A#20 and B#29 = 676.157
ROUND 1472 A#21 and B#29 = 707.852
ROUND 1473 A#22 and B#29 = 707.273
ROUND 1474 A#23 and B#29 = 664.745
ROUND 1475 A#24 and B#29 = 709.133
ROUND 1476 A#25 and B#29 = 681.253
ROUND 1477 A#26 and B#29 = 585.348
ROUND 1478 A#27 and B#29 = 563.081
ROUND 1479 A#28 and B#29 = 648.591
ROUND 1480 A#29 and B#29 = 652.722
ROUND 1481 A#30 and B#29 = 624.302
ROUND 1482 A#31 and B#29 = 643.021
ROUND 1483 A#32 and B#29 = 569.258
ROUND 1484 A#33 and B#29 = 651.823
ROUND 1485 A#34 and B#29 = 713.623
ROUND 1486 A#35 and B#29 = 640.011
ROUND 1487 A#36 and B#29 = 520.752
ROUND 1488 A#37 and B#29 = 570.956
ROUND 1489 A#38 and B#29 = 709.264
ROUND 1490 A#39 and B#29 = 710.582
ROUND 1491 A#40 and B#29 = 552.133
ROUND 1492 A#41 and B#29 = 730.445
ROUND 1493 A#42 and B#29 = 458.17
ROUND 1494 A#43 and B#29 = 501.53
ROUND 1495 A#44 and B#29 = 691.022
ROUND 1496 A#45 and B#29 = 476.136
ROUND 1497 A#46 and B#29 = 477.205
ROUND 1498 A#47 and B#29 = 471.244
ROUND 1499 A#48 and B#29 = 638.515
ROUND 1500 A#49 and B#29 = 456.575
ROUND 1501 A#0 and B#30 = 579.226
ROUND 1502 A#1 and B#30 = 673.064
ROUND 1503 A#2 and B#30 = 713.134
ROUND 1504 A#3 and B#30 = 630.706
ROUND 1505 A#4 and B#30 = 626.449
ROUND 1506 A#5 and B#30 = 647.26
ROUND 1507 A#6 and B#30 = 649.849
ROUND 1508 A#7 and B#30 = 635.177
ROUND 1509 A#8 and B#30 = 572.076
ROUND 1510 A#9 and B#30 = 632.09
ROUND 1511 A#10 and B#30 = 551.636
ROUND 1512 A#11 and B#30 = 663.748
ROUND 1513 A#12 and B#30 = 545.389
ROUND 1514 A#13 and B#30 = 690.493
ROUND 1515 A#14 and B#30 = 660.06
ROUND 1516 A#15 and B#30 = 703.981
ROUND 1517 A#16 and B#30 = 661.69
ROUND 1518 A#17 and B#30 = 753.55
ROUND 1519 A#18 and B#30 = 670.353
ROUND 1520 A#19 and B#30 = 643.215
ROUND 1521 A#20 and B#30 = 627.682
ROUND 1522 A#21 and B#30 = 616.707
ROUND 1523 A#22 and B#30 = 618.422
ROUND 1524 A#23 and B#30 = 605.494
ROUND 1525 A#24 and B#30 = 666.239
ROUND 1526 A#25 and B#30 = 724.87
ROUND 1527 A#26 and B#30 = 643.117
ROUND 1528 A#27 and B#30 = 661.036
ROUND 1529 A#28 and B#30 = 645.042
ROUND 1530 A#29 and B#30 = 574.893
ROUND 1531 A#30 and B#30 = 522.917
ROUND 1532 A#31 and B#30 = 570.112
ROUND 1533 A#32 and B#30 = 628.945
ROUND 1534 A#33 and B#30 = 645.192
ROUND 1535 A#34 and B#30 = 625.651
ROUND 1536 A#35 and B#30 = 639.471
ROUND 1537 A#36 and B#30 = 653.347
ROUND 1538 A#37 and B#30 = 605.643
ROUND 1539 A#38 and B#30 = 660.508
ROUND 1540 A#39 and B#30 = 679.696
ROUND 1541 A#40 and B#30 = 672.421
ROUND 1542 A#41 and B#30 = 564.943
ROUND 1543 A#42 and B#30 = 691.994
ROUND 1544 A#43 and B#30 = 493.841
ROUND 1545 A#44 and B#30 = 654.145
ROUND 1546 A#45 and B#30 = 607.5
ROUND 1547 A#46 and B#30 = 652.366
ROUND 1548 A#47 and B#30 = 653.441
ROUND 1549 A#48 and B#30 = 584.06
ROUND 1550 A#49 and B#30 = 648.05
ROUND 1551 A#0 and B#31 = 637.083
ROUND 1552 A#1 and B#31 = 718.453
ROUND 1553 A#2 and B#31 = 678.073
ROUND 1554 A#3 and B#31 = 674.825
ROUND 1555 A#4 and B#31 = 695.95
ROUND 1556 A#5 and B#31 = 780.599
ROUND 1557 A#6 and B#31 = 602.725
ROUND 1558 A#7 and B#31 = 742.579
ROUND 1559 A#8 and B#31 = 731.147
ROUND 1560 A#9 and B#31 = 640.316
ROUND 1561 A#10 and B#31 = 682.719
ROUND 1562 A#11 and B#31 = 742.753
ROUND 1563 A#12 and B#31 = 684.434
ROUND 1564 A#13 and B#31 = 674.635
ROUND 1565 A#14 and B#31 = 695.582
ROUND 1566 A#15 and B#31 = 685.224
ROUND 1567 A#16 and B#31 = 695.231
ROUND 1568 A#17 and B#31 = 707.725
ROUND 1569 A#18 and B#31 = 643.685
ROUND 1570 A#19 and B#31 = 686.329
ROUND 1571 A#20 and B#31 = 714.249
ROUND 1572 A#21 and B#31 = 537.021
ROUND 1573 A#22 and B#31 = 544.841
ROUND 1574 A#23 and B#31 = 659.378
ROUND 1575 A#24 and B#31 = 537.49
ROUND 1576 A#25 and B#31 = 713.304
ROUND 1577 A#26 and B#31 = 657.011
ROUND 1578 A#27 and B#31 = 680.543
ROUND 1579 A#28 and B#31 = 610.356
ROUND 1580 A#29 and B#31 = 516.885
ROUND 1581 A#30 and B#31 = 747.34
ROUND 1582 A#31 and B#31 = 517.217
ROUND 1583 A#32 and B#31 = 734.23
ROUND 1584 A#33 and B#31 = 622.251
ROUND 1585 A#34 and B#31 = 687.806
ROUND 1586 A#35 and B#31 = 645.931
ROUND 1587 A#36 and B#31 = 689.116
ROUND 1588 A#37 and B#31 = 623.221
ROUND 1589 A#38 and B#31 = 533.812
ROUND 1590 A#39 and B#31 = 574.617
ROUND 1591 A#40 and B#31 = 717.85
ROUND 1592 A#41 and B#31 = 663.287
ROUND 1593 A#42 and B#31 = 473.997
ROUND 1594 A#43 and B#31 = 646.024
ROUND 1595 A#44 and B#31 = 701.91
ROUND 1596 A#45 and B#31 = 718.958
ROUND 1597 A#46 and B#31 = 672.36
ROUND 1598 A#47 and B#31 = 688.587
ROUND 1599 A#48 and B#31 = 676.068
ROUND 1600 A#49 and B#31 = 667.198
ROUND 1601 A#0 and B#32 = 579.86
ROUND 1602 A#1 and B#32 = 671.646
ROUND 1603 A#2 and B#32 = 714.196
ROUND 1604 A#3 and B#32 = 631.69
ROUND 1605 A#4 and B#32 = 625.862
ROUND 1606 A#5 and B#32 = 646.873
ROUND 1607 A#6 and B#32 = 650.028
ROUND 1608 A#7 and B#32 = 635.277
ROUND 1609 A#8 and B#32 = 571.996
ROUND 1610 A#9 and B#32 = 632.531
ROUND 1611 A#10 and B#32 = 550.655
ROUND 1612 A#11 and B#32 = 662.627
ROUND 1613 A#12 and B#32 = 545.331
ROUND 1614 A#13 and B#32 = 690.351
ROUND 1615 A#14 and B#32 = 659.596
ROUND 1616 A#15 and B#32 = 703.694
ROUND 1617 A#16 and B#32 = 661.318
ROUND 1618 A#17 and B#32 = 753.975
ROUND 1619 A#18 and B#32 = 671.855
ROUND 1620 A#19 and B#32 = 642.916
ROUND 1621 A#20 and B#32 = 627.607
ROUND 1622 A#21 and B#32 = 616.553
ROUND 1623 A#22 and B#32 = 618.126
ROUND 1624 A#23 and B#32 = 605.976
ROUND 1625 A#24 and B#32 = 666.532
ROUND 1626 A#25 and B#32 = 724.569
ROUND 1627 A#26 and B#32 = 643.657
ROUND 1628 A#27 and B#32 = 661.425
ROUND 1629 A#28 and B#32 = 646.008
ROUND 1630 A#29 and B#32 = 645.413
ROUND 1631 A#30 and B#32 = 521.609
ROUND 1632 A#31 and B#32 = 570.876
ROUND 1633 A#32 and B#32 = 628.677
ROUND 1634 A#33 and B#32 = 646.082
ROUND 1635 A#34 and B#32 = 625.705
ROUND 1636 A#35 and B#32 = 640.635
ROUND 1637 A#36 and B#32 = 530.306
ROUND 1638 A#37 and B#32 = 605.149
ROUND 1639 A#38 and B#32 = 659.55
ROUND 1640 A#39 and B#32 = 678.789
ROUND 1641 A#40 and B#32 = 672.313
ROUND 1642 A#41 and B#32 = 563.751
ROUND 1643 A#42 and B#32 = 691.788
ROUND 1644 A#43 and B#32 = 494.35
ROUND 1645 A#44 and B#32 = 655.002
ROUND 1646 A#45 and B#32 = 606.228
ROUND 1647 A#46 and B#32 = 651.719
ROUND 1648 A#47 and B#32 = 652.788
ROUND 1649 A#48 and B#32 = 583.877
ROUND 1650 A#49 and B#32 = 647.5
ROUND 1651 A#0 and B#33 = 631.634
ROUND 1652 A#1 and B#33 = 714.744
ROUND 1653 A#2 and B#33 = 672.211
ROUND 1654 A#3 and B#33 = 671.76
ROUND 1655 A#4 and B#33 = 699.486
ROUND 1656 A#5 and B#33 = 777.164
ROUND 1657 A#6 and B#33 = 742.106
ROUND 1658 A#7 and B#33 = 725.998
ROUND 1659 A#8 and B#33 = 725.613
ROUND 1660 A#9 and B#33 = 638.669
ROUND 1661 A#10 and B#33 = 674.891
ROUND 1662 A#11 and B#33 = 593.231
ROUND 1663 A#12 and B#33 = 688.107
ROUND 1664 A#13 and B#33 = 656.818
ROUND 1665 A#14 and B#33 = 699.098
ROUND 1666 A#15 and B#33 = 687.905
ROUND 1667 A#16 and B#33 = 698.917
ROUND 1668 A#17 and B#33 = 686.277
ROUND 1669 A#18 and B#33 = 635.101
ROUND 1670 A#19 and B#33 = 693.323
ROUND 1671 A#20 and B#33 = 671.846
ROUND 1672 A#21 and B#33 = 537.67
ROUND 1673 A#22 and B#33 = 543.228
ROUND 1674 A#23 and B#33 = 628.712
ROUND 1675 A#24 and B#33 = 666.219
ROUND 1676 A#25 and B#33 = 707.706
ROUND 1677 A#26 and B#33 = 644.722
ROUND 1678 A#27 and B#33 = 672.014
ROUND 1679 A#28 and B#33 = 624.298
ROUND 1680 A#29 and B#33 = 517.107
ROUND 1681 A#30 and B#33 = 498.875
ROUND 1682 A#31 and B#33 = 517.077
ROUND 1683 A#32 and B#33 = 718.395
ROUND 1684 A#33 and B#33 = 634.58
ROUND 1685 A#34 and B#33 = 581.846
ROUND 1686 A#35 and B#33 = 637.586
ROUND 1687 A#36 and B#33 = 675.87
ROUND 1688 A#37 and B#33 = 620.615
ROUND 1689 A#38 and B#33 = 662.566
ROUND 1690 A#39 and B#33 = 581.781
ROUND 1691 A#40 and B#33 = 728.763
ROUND 1692 A#41 and B#33 = 657.709
ROUND 1693 A#42 and B#33 = 477.329
ROUND 1694 A#43 and B#33 = 636.767
ROUND 1695 A#44 and B#33 = 696.035
ROUND 1696 A#45 and B#33 = 717.076
ROUND 1697 A#46 and B#33 = 674.714
ROUND 1698 A#47 and B#33 = 691.747
ROUND 1699 A#48 and B#33 = 669.611
ROUND 1700 A#49 and B#33 = 668.74
ROUND 1701 A#0 and B#34 = 667.685
ROUND 1702 A#1 and B#34 = 717.328
ROUND 1703 A#2 and B#34 = 732.733
ROUND 1704 A#3 and B#34 = 525.155
ROUND 1705 A#4 and B#34 = 689.572
ROUND 1706 A#5 and B#34 = 652.114
ROUND 1707 A#6 and B#34 = 676.453
ROUND 1708 A#7 and B#34 = 679.338
ROUND 1709 A#8 and B#34 = 596.362
ROUND 1710 A#9 and B#34 = 687.003
ROUND 1711 A#10 and B#34 = 767.965
ROUND 1712 A#11 and B#34 = 708.727
ROUND 1713 A#12 and B#34 = 507.971
ROUND 1714 A#13 and B#34 = 696.796
ROUND 1715 A#14 and B#34 = 689.677
ROUND 1716 A#15 and B#34 = 710.242
ROUND 1717 A#16 and B#34 = 697.78
ROUND 1718 A#17 and B#34 = 689.246
ROUND 1719 A#18 and B#34 = 617.888
ROUND 1720 A#19 and B#34 = 696.323
ROUND 1721 A#20 and B#34 = 707.211
ROUND 1722 A#21 and B#34 = 664.267
ROUND 1723 A#22 and B#34 = 669.131
ROUND 1724 A#23 and B#34 = 556.115
ROUND 1725 A#24 and B#34 = 670.765
ROUND 1726 A#25 and B#34 = 652.204
ROUND 1727 A#26 and B#34 = 629.889
ROUND 1728 A#27 and B#34 = 636.895
ROUND 1729 A#28 and B#34 = 591.748
ROUND 1730 A#29 and B#34 = 619.178
ROUND 1731 A#30 and B#34 = 598.088
ROUND 1732 A#31 and B#34 = 605.217
ROUND 1733 A#32 and B#34 = 709.424
ROUND 1734 A#33 and B#34 = 593.137
ROUND 1735 A#34 and B#34 = 669.973
ROUND 1736 A#35 and B#34 = 648.154
ROUND 1737 A#36 and B#34 = 673.461
ROUND 1738 A#37 and B#34 = 585.899
ROUND 1739 A#38 and B#34 = 675.127
ROUND 1740 A#39 and B#34 = 724.239
ROUND 1741 A#40 and B#34 = 643.667
ROUND 1742 A#41 and B#34 = 659.724
ROUND 1743 A#42 and B#34 = 691.308
ROUND 1744 A#43 and B#34 = 503.698
ROUND 1745 A#44 and B#34 = 647
ROUND 1746 A#45 and B#34 = 470.064
ROUND 1747 A#46 and B#34 = 473.498
ROUND 1748 A#47 and B#34 = 464.941
ROUND 1749 A#48 and B#34 = 546.654
ROUND 1750 A#49 and B#34 = 447.184
ROUND 1751 A#0 and B#35 = 695.358
ROUND 1752 A#1 and B#35 = 711.625
ROUND 1753 A#2 and B#35 = 806.291
ROUND 1754 A#3 and B#35 = 653.718
ROUND 1755 A#4 and B#35 = 734.058
ROUND 1756 A#5 and B#35 = 506.764
ROUND 1757 A#6 and B#35 = 702.764
ROUND 1758 A#7 and B#35 = 662.828
ROUND 1759 A#8 and B#35 = 634.272
ROUND 1760 A#9 and B#35 = 572.619
ROUND 1761 A#10 and B#35 = 625.581
ROUND 1762 A#11 and B#35 = 762.779
ROUND 1763 A#12 and B#35 = 656.539
ROUND 1764 A#13 and B#35 = 741.573
ROUND 1765 A#14 and B#35 = 731.523
ROUND 1766 A#15 and B#35 = 729.318
ROUND 1767 A#16 and B#35 = 738.912
ROUND 1768 A#17 and B#35 = 749.08
ROUND 1769 A#18 and B#35 = 667.002
ROUND 1770 A#19 and B#35 = 651.316
ROUND 1771 A#20 and B#35 = 751.315
ROUND 1772 A#21 and B#35 = 738.153
ROUND 1773 A#22 and B#35 = 745.048
ROUND 1774 A#23 and B#35 = 655.609
ROUND 1775 A#24 and B#35 = 543.449
ROUND 1776 A#25 and B#35 = 659.953
ROUND 1777 A#26 and B#35 = 735.692
ROUND 1778 A#27 and B#35 = 751.848
ROUND 1779 A#28 and B#35 = 491.252
ROUND 1780 A#29 and B#35 = 488.34
ROUND 1781 A#30 and B#35 = 464.881
ROUND 1782 A#31 and B#35 = 483.258
ROUND 1783 A#32 and B#35 = 632.002
ROUND 1784 A#33 and B#35 = 701.853
ROUND 1785 A#34 and B#35 = 509.304
ROUND 1786 A#35 and B#35 = 662.527
ROUND 1787 A#36 and B#35 = 632.124
ROUND 1788 A#37 and B#35 = 509.164
ROUND 1789 A#38 and B#35 = 733.483
ROUND 1790 A#39 and B#35 = 597.228
ROUND 1791 A#40 and B#35 = 634.124
ROUND 1792 A#41 and B#35 = 485.886
ROUND 1793 A#42 and B#35 = 744.615
ROUND 1794 A#43 and B#35 = 605.177
ROUND 1795 A#44 and B#35 = 654.922
ROUND 1796 A#45 and B#35 = 614.481
ROUND 1797 A#46 and B#35 = 717.206
ROUND 1798 A#47 and B#35 = 707.755
ROUND 1799 A#48 and B#35 = 633.709
ROUND 1800 A#49 and B#35 = 717.104
ROUND 1801 A#0 and B#36 = 476.89
ROUND 1802 A#1 and B#36 = 678.758
ROUND 1803 A#2 and B#36 = 697.955
ROUND 1804 A#3 and B#36 = 651.99
ROUND 1805 A#4 and B#36 = 609.371
ROUND 1806 A#5 and B#36 = 488.613
ROUND 1807 A#6 and B#36 = 554.309
ROUND 1808 A#7 and B#36 = 609.994
ROUND 1809 A#8 and B#36 = 528.747
ROUND 1810 A#9 and B#36 = 560.921
ROUND 1811 A#10 and B#36 = 700.635
ROUND 1812 A#11 and B#36 = 571.81
ROUND 1813 A#12 and B#36 = 580.406
ROUND 1814 A#13 and B#36 = 686.288
ROUND 1815 A#14 and B#36 = 480.17
ROUND 1816 A#15 and B#36 = 560.194
ROUND 1817 A#16 and B#36 = 480.631
ROUND 1818 A#17 and B#36 = 613.144
ROUND 1819 A#18 and B#36 = 571.89
ROUND 1820 A#19 and B#36 = 600.453
ROUND 1821 A#20 and B#36 = 500.341
ROUND 1822 A#21 and B#36 = 544.499
ROUND 1823 A#22 and B#36 = 551.296
ROUND 1824 A#23 and B#36 = 622.486
ROUND 1825 A#24 and B#36 = 630.419
ROUND 1826 A#25 and B#36 = 542.366
ROUND 1827 A#26 and B#36 = 620.661
ROUND 1828 A#27 and B#36 = 602.522
ROUND 1829 A#28 and B#36 = 587.398
ROUND 1830 A#29 and B#36 = 664.203
ROUND 1831 A#30 and B#36 = 652.137
ROUND 1832 A#31 and B#36 = 664.239
ROUND 1833 A#32 and B#36 = 588.4
ROUND 1834 A#33 and B#36 = 591.359
ROUND 1835 A#34 and B#36 = 623.366
ROUND 1836 A#35 and B#36 = 692.14
ROUND 1837 A#36 and B#36 = 574.343
ROUND 1838 A#37 and B#36 = 587.136
ROUND 1839 A#38 and B#36 = 671.672
ROUND 1840 A#39 and B#36 = 625.875
ROUND 1841 A#40 and B#36 = 545.956
ROUND 1842 A#41 and B#36 = 589
ROUND 1843 A#42 and B#36 = 598.912
ROUND 1844 A#43 and B#36 = 597.053
ROUND 1845 A#44 and B#36 = 553.332
ROUND 1846 A#45 and B#36 = 438.361
ROUND 1847 A#46 and B#36 = 433.032
ROUND 1848 A#47 and B#36 = 642.614
ROUND 1849 A#48 and B#36 = 557.172
ROUND 1850 A#49 and B#36 = 425.485
ROUND 1851 A#0 and B#37 = 724.205
ROUND 1852 A#1 and B#37 = 721.433
ROUND 1853 A#2 and B#37 = 707.17
ROUND 1854 A#3 and B#37 = 551.38
ROUND 1855 A#4 and B#37 = 644.906
ROUND 1856 A#5 and B#37 = 641.436
ROUND 1857 A#6 and B#37 = 646.534
ROUND 1858 A#7 and B#37 = 548.384
ROUND 1859 A#8 and B#37 = 589.488
ROUND 1860 A#9 and B#37 = 669.265
ROUND 1861 A#10 and B#37 = 758.474
ROUND 1862 A#11 and B#37 = 680.418
ROUND 1863 A#12 and B#37 = 485.678
ROUND 1864 A#13 and B#37 = 667.789
ROUND 1865 A#14 and B#37 = 646.087
ROUND 1866 A#15 and B#37 = 663.898
ROUND 1867 A#16 and B#37 = 657.914
ROUND 1868 A#17 and B#37 = 664.593
ROUND 1869 A#18 and B#37 = 577.964
ROUND 1870 A#19 and B#37 = 731.114
ROUND 1871 A#20 and B#37 = 678.417
ROUND 1872 A#21 and B#37 = 626.339
ROUND 1873 A#22 and B#37 = 633.181
ROUND 1874 A#23 and B#37 = 580.53
ROUND 1875 A#24 and B#37 = 640.47
ROUND 1876 A#25 and B#37 = 619.395
ROUND 1877 A#26 and B#37 = 649.604
ROUND 1878 A#27 and B#37 = 664.334
ROUND 1879 A#28 and B#37 = 602.879
ROUND 1880 A#29 and B#37 = 623.581
ROUND 1881 A#30 and B#37 = 601.315
ROUND 1882 A#31 and B#37 = 602.236
ROUND 1883 A#32 and B#37 = 713.89
ROUND 1884 A#33 and B#37 = 604.02
ROUND 1885 A#34 and B#37 = 637.026
ROUND 1886 A#35 and B#37 = 493.911
ROUND 1887 A#36 and B#37 = 687.2
ROUND 1888 A#37 and B#37 = 592.044
ROUND 1889 A#38 and B#37 = 641.654
ROUND 1890 A#39 and B#37 = 694.979
ROUND 1891 A#40 and B#37 = 640.147
ROUND 1892 A#41 and B#37 = 617.515
ROUND 1893 A#42 and B#37 = 673.048
ROUND 1894 A#43 and B#37 = 532.414
ROUND 1895 A#44 and B#37 = 611.014
ROUND 1896 A#45 and B#37 = 466.534
ROUND 1897 A#46 and B#37 = 471.989
ROUND 1898 A#47 and B#37 = 465.909
ROUND 1899 A#48 and B#37 = 533.411
ROUND 1900 A#49 and B#37 = 454.662
ROUND 1901 A#0 and B#38 = 580.101
ROUND 1902 A#1 and B#38 = 673.246
ROUND 1903 A#2 and B#38 = 713.437
ROUND 1904 A#3 and B#38 = 631.939
ROUND 1905 A#4 and B#38 = 626.168
ROUND 1906 A#5 and B#38 = 647.654
ROUND 1907 A#6 and B#38 = 649.442
ROUND 1908 A#7 and B#38 = 635.715
ROUND 1909 A#8 and B#38 = 572.316
ROUND 1910 A#9 and B#38 = 632.143
ROUND 1911 A#10 and B#38 = 551.536
ROUND 1912 A#11 and B#38 = 663.763
ROUND 1913 A#12 and B#38 = 545.427
ROUND 1914 A#13 and B#38 = 690.437
ROUND 1915 A#14 and B#38 = 659.882
ROUND 1916 A#15 and B#38 = 703.71
ROUND 1917 A#16 and B#38 = 661.555
ROUND 1918 A#17 and B#38 = 753.891
ROUND 1919 A#18 and B#38 = 670.353
ROUND 1920 A#19 and B#38 = 643.774
ROUND 1921 A#20 and B#38 = 627.674
ROUND 1922 A#21 and B#38 = 616.635
ROUND 1923 A#22 and B#38 = 618.168
ROUND 1924 A#23 and B#38 = 605.966
ROUND 1925 A#24 and B#38 = 666.214
ROUND 1926 A#25 and B#38 = 725.04
ROUND 1927 A#26 and B#38 = 643.992
ROUND 1928 A#27 and B#38 = 661.338
ROUND 1929 A#28 and B#38 = 645.842
ROUND 1930 A#29 and B#38 = 645.189
ROUND 1931 A#30 and B#38 = 523.429
ROUND 1932 A#31 and B#38 = 570.444
ROUND 1933 A#32 and B#38 = 629.043
ROUND 1934 A#33 and B#38 = 645.982
ROUND 1935 A#34 and B#38 = 625.647
ROUND 1936 A#35 and B#38 = 639.894
ROUND 1937 A#36 and B#38 = 653.482
ROUND 1938 A#37 and B#38 = 605.672
ROUND 1939 A#38 and B#38 = 660.356
ROUND 1940 A#39 and B#38 = 680.131
ROUND 1941 A#40 and B#38 = 671.923
ROUND 1942 A#41 and B#38 = 564.49
ROUND 1943 A#42 and B#38 = 691.891
ROUND 1944 A#43 and B#38 = 493.619
ROUND 1945 A#44 and B#38 = 654.629
ROUND 1946 A#45 and B#38 = 607.796
ROUND 1947 A#46 and B#38 = 652.139
ROUND 1948 A#47 and B#38 = 653.233
ROUND 1949 A#48 and B#38 = 584.138
ROUND 1950 A#49 and B#38 = 647.863
ROUND 1951 A#0 and B#39 = 669.61
ROUND 1952 A#1 and B#39 = 723.855
ROUND 1953 A#2 and B#39 = 675.911
ROUND 1954 A#3 and B#39 = 644.926
ROUND 1955 A#4 and B#39 = 733.462
ROUND 1956 A#5 and B#39 = 424.944
ROUND 1957 A#6 and B#39 = 717.113
ROUND 1958 A#7 and B#39 = 713.165
ROUND 1959 A#8 and B#39 = 684.416
ROUND 1960 A#9 and B#39 = 649.782
ROUND 1961 A#10 and B#39 = 633.384
ROUND 1962 A#11 and B#39 = 760.181
ROUND 1963 A#12 and B#39 = 684.124
ROUND 1964 A#13 and B#39 = 667.936
ROUND 1965 A#14 and B#39 = 732.719
ROUND 1966 A#15 and B#39 = 721.23
ROUND 1967 A#16 and B#39 = 732.962
ROUND 1968 A#17 and B#39 = 714
ROUND 1969 A#18 and B#39 = 634.778
ROUND 1970 A#19 and B#39 = 742.206
ROUND 1971 A#20 and B#39 = 751.733
ROUND 1972 A#21 and B#39 = 654.778
ROUND 1973 A#22 and B#39 = 674.631
ROUND 1974 A#23 and B#39 = 659.831
ROUND 1975 A#24 and B#39 = 647.738
ROUND 1976 A#25 and B#39 = 688.622
ROUND 1977 A#26 and B#39 = 655.251
ROUND 1978 A#27 and B#39 = 519.95
ROUND 1979 A#28 and B#39 = 589.628
ROUND 1980 A#29 and B#39 = 608.681
ROUND 1981 A#30 and B#39 = 677.44
ROUND 1982 A#31 and B#39 = 714.562
ROUND 1983 A#32 and B#39 = 709.943
ROUND 1984 A#33 and B#39 = 623.713
ROUND 1985 A#34 and B#39 = 639.536
ROUND 1986 A#35 and B#39 = 617.737
ROUND 1987 A#36 and B#39 = 675.49
ROUND 1988 A#37 and B#39 = 496.381
ROUND 1989 A#38 and B#39 = 709.203
ROUND 1990 A#39 and B#39 = 664.692
ROUND 1991 A#40 and B#39 = 679.055
ROUND 1992 A#41 and B#39 = 636.216
ROUND 1993 A#42 and B#39 = 451.44
ROUND 1994 A#43 and B#39 = 589.69
ROUND 1995 A#44 and B#39 = 677.829
ROUND 1996 A#45 and B#39 = 700.577
ROUND 1997 A#46 and B#39 = 479.941
ROUND 1998 A#47 and B#39 = 670.449
ROUND 1999 A#48 and B#39 = 575.353
ROUND 2000 A#49 and B#39 = 521.763
ROUND 2001 A#0 and B#40 = 696.831
ROUND 2002 A#1 and B#40 = 712.57
ROUND 2003 A#2 and B#40 = 806.051
ROUND 2004 A#3 and B#40 = 654.977
ROUND 2005 A#4 and B#40 = 735.105
ROUND 2006 A#5 and B#40 = 508.134
ROUND 2007 A#6 and B#40 = 704.709
ROUND 2008 A#7 and B#40 = 663.862
ROUND 2009 A#8 and B#40 = 634.149
ROUND 2010 A#9 and B#40 = 573.04
ROUND 2011 A#10 and B#40 = 625.951
ROUND 2012 A#11 and B#40 = 763.026
ROUND 2013 A#12 and B#40 = 656.348
ROUND 2014 A#13 and B#40 = 741.952
ROUND 2015 A#14 and B#40 = 732.56
ROUND 2016 A#15 and B#40 = 730.988
ROUND 2017 A#16 and B#40 = 740.031
ROUND 2018 A#17 and B#40 = 749.958
ROUND 2019 A#18 and B#40 = 667.923
ROUND 2020 A#19 and B#40 = 652.144
ROUND 2021 A#20 and B#40 = 751.832
ROUND 2022 A#21 and B#40 = 738.684
ROUND 2023 A#22 and B#40 = 745.662
ROUND 2024 A#23 and B#40 = 656.512
ROUND 2025 A#24 and B#40 = 544.018
ROUND 2026 A#25 and B#40 = 660.091
ROUND 2027 A#26 and B#40 = 736.948
ROUND 2028 A#27 and B#40 = 751.48
ROUND 2029 A#28 and B#40 = 492.07
ROUND 2030 A#29 and B#40 = 489.817
ROUND 2031 A#30 and B#40 = 465.426
ROUND 2032 A#31 and B#40 = 484.028
ROUND 2033 A#32 and B#40 = 634.577
ROUND 2034 A#33 and B#40 = 561.654
ROUND 2035 A#34 and B#40 = 510.217
ROUND 2036 A#35 and B#40 = 663.211
ROUND 2037 A#36 and B#40 = 631.619
ROUND 2038 A#37 and B#40 = 509.238
ROUND 2039 A#38 and B#40 = 734.648
ROUND 2040 A#39 and B#40 = 598.296
ROUND 2041 A#40 and B#40 = 633.82
ROUND 2042 A#41 and B#40 = 484.256
ROUND 2043 A#42 and B#40 = 744.896
ROUND 2044 A#43 and B#40 = 605.663
ROUND 2045 A#44 and B#40 = 655.403
ROUND 2046 A#45 and B#40 = 614.587
ROUND 2047 A#46 and B#40 = 718.536
ROUND 2048 A#47 and B#40 = 708.967
ROUND 2049 A#48 and B#40 = 635.519
ROUND 2050 A#49 and B#40 = 718.418
ROUND 2051 A#0 and B#41 = 659.606
ROUND 2052 A#1 and B#41 = 664.454
ROUND 2053 A#2 and B#41 = 665.976
ROUND 2054 A#3 and B#41 = 647.264
ROUND 2055 A#4 and B#41 = 660.667
ROUND 2056 A#5 and B#41 = 502.789
ROUND 2057 A#6 and B#41 = 619.133
ROUND 2058 A#7 and B#41 = 708.524
ROUND 2059 A#8 and B#41 = 698.521
ROUND 2060 A#9 and B#41 = 664.389
ROUND 2061 A#10 and B#41 = 648.799
ROUND 2062 A#11 and B#41 = 613.015
ROUND 2063 A#12 and B#41 = 683.396
ROUND 2064 A#13 and B#41 = 664.672
ROUND 2065 A#14 and B#41 = 570.05
ROUND 2066 A#15 and B#41 = 575.901
ROUND 2067 A#16 and B#41 = 674.69
ROUND 2068 A#17 and B#41 = 734.977
ROUND 2069 A#18 and B#41 = 629.406
ROUND 2070 A#19 and B#41 = 737.319
ROUND 2071 A#20 and B#41 = 679.514
ROUND 2072 A#21 and B#41 = 590.558
ROUND 2073 A#22 and B#41 = 597.584
ROUND 2074 A#23 and B#41 = 660.994
ROUND 2075 A#24 and B#41 = 590.038
ROUND 2076 A#25 and B#41 = 673.963
ROUND 2077 A#26 and B#41 = 646.002
ROUND 2078 A#27 and B#41 = 674.536
ROUND 2079 A#28 and B#41 = 593.077
ROUND 2080 A#29 and B#41 = 480.914
ROUND 2081 A#30 and B#41 = 495.945
ROUND 2082 A#31 and B#41 = 502.02
ROUND 2083 A#32 and B#41 = 751.544
ROUND 2084 A#33 and B#41 = 626.887
ROUND 2085 A#34 and B#41 = 754.304
ROUND 2086 A#35 and B#41 = 618.283
ROUND 2087 A#36 and B#41 = 675.338
ROUND 2088 A#37 and B#41 = 547.559
ROUND 2089 A#38 and B#41 = 638.91
ROUND 2090 A#39 and B#41 = 652.994
ROUND 2091 A#40 and B#41 = 722.515
ROUND 2092 A#41 and B#41 = 658.392
ROUND 2093 A#42 and B#41 = 626.6
ROUND 2094 A#43 and B#41 = 622.589
ROUND 2095 A#44 and B#41 = 665.903
ROUND 2096 A#45 and B#41 = 708.335
ROUND 2097 A#46 and B#41 = 636.503
ROUND 2098 A#47 and B#41 = 667.907
ROUND 2099 A#48 and B#41 = 594.592
ROUND 2100 A#49 and B#41 = 641.603
ROUND 2101 A#0 and B#42 = 672.241
ROUND 2102 A#1 and B#42 = 725.329
ROUND 2103 A#2 and B#42 = 678.197
ROUND 2104 A#3 and B#42 = 643.065
ROUND 2105 A#4 and B#42 = 737.087
ROUND 2106 A#5 and B#42 = 422.586
ROUND 2107 A#6 and B#42 = 719.096
ROUND 2108 A#7 and B#42 = 715.988
ROUND 2109 A#8 and B#42 = 684.742
ROUND 2110 A#9 and B#42 = 650.851
ROUND 2111 A#10 and B#42 = 633.286
ROUND 2112 A#11 and B#42 = 585.921
ROUND 2113 A#12 and B#42 = 682.438
ROUND 2114 A#13 and B#42 = 668.442
ROUND 2115 A#14 and B#42 = 736.369
ROUND 2116 A#15 and B#42 = 725.178
ROUND 2117 A#16 and B#42 = 736.619
ROUND 2118 A#17 and B#42 = 715.916
ROUND 2119 A#18 and B#42 = 636.294
ROUND 2120 A#19 and B#42 = 742.345
ROUND 2121 A#20 and B#42 = 755.297
ROUND 2122 A#21 and B#42 = 675.609
ROUND 2123 A#22 and B#42 = 678.206
ROUND 2124 A#23 and B#42 = 661.597
ROUND 2125 A#24 and B#42 = 648.007
ROUND 2126 A#25 and B#42 = 690.221
ROUND 2127 A#26 and B#42 = 656.818
ROUND 2128 A#27 and B#42 = 517.928
ROUND 2129 A#28 and B#42 = 615.097
ROUND 2130 A#29 and B#42 = 522.363
ROUND 2131 A#30 and B#42 = 679.291
ROUND 2132 A#31 and B#42 = 716.782
ROUND 2133 A#32 and B#42 = 711.883
ROUND 2134 A#33 and B#42 = 623.829
ROUND 2135 A#34 and B#42 = 643.204
ROUND 2136 A#35 and B#42 = 617.713
ROUND 2137 A#36 and B#42 = 678.188
ROUND 2138 A#37 and B#42 = 577.539
ROUND 2139 A#38 and B#42 = 712.778
ROUND 2140 A#39 and B#42 = 664.614
ROUND 2141 A#40 and B#42 = 677.593
ROUND 2142 A#41 and B#42 = 636.657
ROUND 2143 A#42 and B#42 = 447.648
ROUND 2144 A#43 and B#42 = 586.774
ROUND 2145 A#44 and B#42 = 679.813
ROUND 2146 A#45 and B#42 = 703.791
ROUND 2147 A#46 and B#42 = 479.49
ROUND 2148 A#47 and B#42 = 670.989
ROUND 2149 A#48 and B#42 = 576.893
ROUND 2150 A#49 and B#42 = 522.692
ROUND 2151 A#0 and B#43 = 668.454
ROUND 2152 A#1 and B#43 = 727.399
ROUND 2153 A#2 and B#43 = 698.167
ROUND 2154 A#3 and B#43 = 651.284
ROUND 2155 A#4 and B#43 = 731.537
ROUND 2156 A#5 and B#43 = 772.541
ROUND 2157 A#6 and B#43 = 722.982
ROUND 2158 A#7 and B#43 = 716.093
ROUND 2159 A#8 and B#43 = 686.011
ROUND 2160 A#9 and B#43 = 660.61
ROUND 2161 A#10 and B#43 = 648.479
ROUND 2162 A#11 and B#43 = 776.68
ROUND 2163 A#12 and B#43 = 684.151
ROUND 2164 A#13 and B#43 = 670.134
ROUND 2165 A#14 and B#43 = 730.592
ROUND 2166 A#15 and B#43 = 722.053
ROUND 2167 A#16 and B#43 = 730.301
ROUND 2168 A#17 and B#43 = 744.448
ROUND 2169 A#18 and B#43 = 637.35
ROUND 2170 A#19 and B#43 = 732.461
ROUND 2171 A#20 and B#43 = 755.089
ROUND 2172 A#21 and B#43 = 590.281
ROUND 2173 A#22 and B#43 = 772.192
ROUND 2174 A#23 and B#43 = 660.504
ROUND 2175 A#24 and B#43 = 676.1
ROUND 2176 A#25 and B#43 = 682.357
ROUND 2177 A#26 and B#43 = 659.021
ROUND 2178 A#27 and B#43 = 675.233
ROUND 2179 A#28 and B#43 = 617.758
ROUND 2180 A#29 and B#43 = 521.778
ROUND 2181 A#30 and B#43 = 408.436
ROUND 2182 A#31 and B#43 = 609.607
ROUND 2183 A#32 and B#43 = 758.69
ROUND 2184 A#33 and B#43 = 627.347
ROUND 2185 A#34 and B#43 = 681.658
ROUND 2186 A#35 and B#43 = 626.583
ROUND 2187 A#36 and B#43 = 676.722
ROUND 2188 A#37 and B#43 = 575.923
ROUND 2189 A#38 and B#43 = 559.5
ROUND 2190 A#39 and B#43 = 594.853
ROUND 2191 A#40 and B#43 = 713.992
ROUND 2192 A#41 and B#43 = 625.449
ROUND 2193 A#42 and B#43 = 479.459
ROUND 2194 A#43 and B#43 = 630.799
ROUND 2195 A#44 and B#43 = 669.73
ROUND 2196 A#45 and B#43 = 719.246
ROUND 2197 A#46 and B#43 = 510.742
ROUND 2198 A#47 and B#43 = 518.283
ROUND 2199 A#48 and B#43 = 586.499
ROUND 2200 A#49 and B#43 = 547.75
ROUND 2201 A#0 and B#44 = 686.356
ROUND 2202 A#1 and B#44 = 729.133
ROUND 2203 A#2 and B#44 = 718.109
ROUND 2204 A#3 and B#44 = 713.081
ROUND 2205 A#4 and B#44 = 664.291
ROUND 2206 A#5 and B#44 = 646.403
ROUND 2207 A#6 and B#44 = 646.764
ROUND 2208 A#7 and B#44 = 554.37
ROUND 2209 A#8 and B#44 = 640.896
ROUND 2210 A#9 and B#44 = 669.626
ROUND 2211 A#10 and B#44 = 759.783
ROUND 2212 A#11 and B#44 = 687.096
ROUND 2213 A#12 and B#44 = 491.094
ROUND 2214 A#13 and B#44 = 682.484
ROUND 2215 A#14 and B#44 = 664.316
ROUND 2216 A#15 and B#44 = 682.232
ROUND 2217 A#16 and B#44 = 674.48
ROUND 2218 A#17 and B#44 = 675.115
ROUND 2219 A#18 and B#44 = 602.683
ROUND 2220 A#19 and B#44 = 712.002
ROUND 2221 A#20 and B#44 = 683.937
ROUND 2222 A#21 and B#44 = 645.533
ROUND 2223 A#22 and B#44 = 649.587
ROUND 2224 A#23 and B#44 = 534.658
ROUND 2225 A#24 and B#44 = 652.661
ROUND 2226 A#25 and B#44 = 633.72
ROUND 2227 A#26 and B#44 = 651.998
ROUND 2228 A#27 and B#44 = 673.196
ROUND 2229 A#28 and B#44 = 608.276
ROUND 2230 A#29 and B#44 = 621.525
ROUND 2231 A#30 and B#44 = 608.005
ROUND 2232 A#31 and B#44 = 607.53
ROUND 2233 A#32 and B#44 = 743.069
ROUND 2234 A#33 and B#44 = 609.269
ROUND 2235 A#34 and B#44 = 653.871
ROUND 2236 A#35 and B#44 = 619.868
ROUND 2237 A#36 and B#44 = 693.577
ROUND 2238 A#37 and B#44 = 588.399
ROUND 2239 A#38 and B#44 = 651.725
ROUND 2240 A#39 and B#44 = 722.561
ROUND 2241 A#40 and B#44 = 651.438
ROUND 2242 A#41 and B#44 = 638.982
ROUND 2243 A#42 and B#44 = 678.35
ROUND 2244 A#43 and B#44 = 528.702
ROUND 2245 A#44 and B#44 = 626.362
ROUND 2246 A#45 and B#44 = 489.404
ROUND 2247 A#46 and B#44 = 468.889
ROUND 2248 A#47 and B#44 = 461.322
ROUND 2249 A#48 and B#44 = 535.364
ROUND 2250 A#49 and B#44 = 446.377
ROUND 2251 A#0 and B#45 = 646.507
ROUND 2252 A#1 and B#45 = 687.1
ROUND 2253 A#2 and B#45 = 737.464
ROUND 2254 A#3 and B#45 = 539.621
ROUND 2255 A#4 and B#45 = 663.178
ROUND 2256 A#5 and B#45 = 657.736
ROUND 2257 A#6 and B#45 = 662.81
ROUND 2258 A#7 and B#45 = 675.787
ROUND 2259 A#8 and B#45 = 623.525
ROUND 2260 A#9 and B#45 = 670.147
ROUND 2261 A#10 and B#45 = 766.431
ROUND 2262 A#11 and B#45 = 691.79
ROUND 2263 A#12 and B#45 = 555.194
ROUND 2264 A#13 and B#45 = 680.891
ROUND 2265 A#14 and B#45 = 662.566
ROUND 2266 A#15 and B#45 = 682.242
ROUND 2267 A#16 and B#45 = 671.382
ROUND 2268 A#17 and B#45 = 680.417
ROUND 2269 A#18 and B#45 = 507.895
ROUND 2270 A#19 and B#45 = 694.732
ROUND 2271 A#20 and B#45 = 683.637
ROUND 2272 A#21 and B#45 = 651.001
ROUND 2273 A#22 and B#45 = 654.778
ROUND 2274 A#23 and B#45 = 551.445
ROUND 2275 A#24 and B#45 = 658.872
ROUND 2276 A#25 and B#45 = 639.277
ROUND 2277 A#26 and B#45 = 672.741
ROUND 2278 A#27 and B#45 = 635.007
ROUND 2279 A#28 and B#45 = 609.954
ROUND 2280 A#29 and B#45 = 631.881
ROUND 2281 A#30 and B#45 = 607.004
ROUND 2282 A#31 and B#45 = 605.828
ROUND 2283 A#32 and B#45 = 709.458
ROUND 2284 A#33 and B#45 = 610.468
ROUND 2285 A#34 and B#45 = 657.525
ROUND 2286 A#35 and B#45 = 645.041
ROUND 2287 A#36 and B#45 = 668.671
ROUND 2288 A#37 and B#45 = 602.58
ROUND 2289 A#38 and B#45 = 649.652
ROUND 2290 A#39 and B#45 = 721.808
ROUND 2291 A#40 and B#45 = 652.731
ROUND 2292 A#41 and B#45 = 642.272
ROUND 2293 A#42 and B#45 = 680.167
ROUND 2294 A#43 and B#45 = 677.302
ROUND 2295 A#44 and B#45 = 632.019
ROUND 2296 A#45 and B#45 = 574.948
ROUND 2297 A#46 and B#45 = 468.036
ROUND 2298 A#47 and B#45 = 459.932
ROUND 2299 A#48 and B#45 = 537.792
ROUND 2300 A#49 and B#45 = 445.647
ROUND 2301 A#0 and B#46 = 720.428
ROUND 2302 A#1 and B#46 = 676.915
ROUND 2303 A#2 and B#46 = 704.821
ROUND 2304 A#3 and B#46 = 498.263
ROUND 2305 A#4 and B#46 = 618.311
ROUND 2306 A#5 and B#46 = 639.912
ROUND 2307 A#6 and B#46 = 646.877
ROUND 2308 A#7 and B#46 = 648.879
ROUND 2309 A#8 and B#46 = 577.887
ROUND 2310 A#9 and B#46 = 636.107
ROUND 2311 A#10 and B#46 = 480.013
ROUND 2312 A#11 and B#46 = 642.851
ROUND 2313 A#12 and B#46 = 536.124
ROUND 2314 A#13 and B#46 = 679.724
ROUND 2315 A#14 and B#46 = 647.711
ROUND 2316 A#15 and B#46 = 657.59
ROUND 2317 A#16 and B#46 = 649.05
ROUND 2318 A#17 and B#46 = 745.277
ROUND 2319 A#18 and B#46 = 537.303
ROUND 2320 A#19 and B#46 = 796.03
ROUND 2321 A#20 and B#46 = 617.095
ROUND 2322 A#21 and B#46 = 668.317
ROUND 2323 A#22 and B#46 = 615.026
ROUND 2324 A#23 and B#46 = 641.34
ROUND 2325 A#24 and B#46 = 666.776
ROUND 2326 A#25 and B#46 = 736.36
ROUND 2327 A#26 and B#46 = 699.108
ROUND 2328 A#27 and B#46 = 458.833
ROUND 2329 A#28 and B#46 = 644.688
ROUND 2330 A#29 and B#46 = 642.106
ROUND 2331 A#30 and B#46 = 657.659
ROUND 2332 A#31 and B#46 = 645.724
ROUND 2333 A#32 and B#46 = 625.875
ROUND 2334 A#33 and B#46 = 645.177
ROUND 2335 A#34 and B#46 = 623.95
ROUND 2336 A#35 and B#46 = 637.684
ROUND 2337 A#36 and B#46 = 630.953
ROUND 2338 A#37 and B#46 = 594.758
ROUND 2339 A#38 and B#46 = 564.616
ROUND 2340 A#39 and B#46 = 683.999
ROUND 2341 A#40 and B#46 = 700.918
ROUND 2342 A#41 and B#46 = 560.859
ROUND 2343 A#42 and B#46 = 686.939
ROUND 2344 A#43 and B#46 = 485.961
ROUND 2345 A#44 and B#46 = 736.822
ROUND 2346 A#45 and B#46 = 572.715
ROUND 2347 A#46 and B#46 = 648.011
ROUND 2348 A#47 and B#46 = 651.152
ROUND 2349 A#48 and B#46 = 579.392
ROUND 2350 A#49 and B#46 = 589.712
ROUND 2351 A#0 and B#47 = 710.765
ROUND 2352 A#1 and B#47 = 719.358
ROUND 2353 A#2 and B#47 = 693.707
ROUND 2354 A#3 and B#47 = 703.516
ROUND 2355 A#4 and B#47 = 638.473
ROUND 2356 A#5 and B#47 = 638.88
ROUND 2357 A#6 and B#47 = 645.075
ROUND 2358 A#7 and B#47 = 699.546
ROUND 2359 A#8 and B#47 = 654.002
ROUND 2360 A#9 and B#47 = 665.424
ROUND 2361 A#10 and B#47 = 766.541
ROUND 2362 A#11 and B#47 = 664.608
ROUND 2363 A#12 and B#47 = 490.001
ROUND 2364 A#13 and B#47 = 658.256
ROUND 2365 A#14 and B#47 = 637.295
ROUND 2366 A#15 and B#47 = 655.696
ROUND 2367 A#16 and B#47 = 647.027
ROUND 2368 A#17 and B#47 = 670.916
ROUND 2369 A#18 and B#47 = 577.793
ROUND 2370 A#19 and B#47 = 680.278
ROUND 2371 A#20 and B#47 = 664.383
ROUND 2372 A#21 and B#47 = 618.243
ROUND 2373 A#22 and B#47 = 623.861
ROUND 2374 A#23 and B#47 = 563.96
ROUND 2375 A#24 and B#47 = 632.941
ROUND 2376 A#25 and B#47 = 611.243
ROUND 2377 A#26 and B#47 = 648.302
ROUND 2378 A#27 and B#47 = 673.423
ROUND 2379 A#28 and B#47 = 605.517
ROUND 2380 A#29 and B#47 = 622.792
ROUND 2381 A#30 and B#47 = 604.444
ROUND 2382 A#31 and B#47 = 604.957
ROUND 2383 A#32 and B#47 = 707.127
ROUND 2384 A#33 and B#47 = 607.582
ROUND 2385 A#34 and B#47 = 628.429
ROUND 2386 A#35 and B#47 = 647.849
ROUND 2387 A#36 and B#47 = 710.149
ROUND 2388 A#37 and B#47 = 517.096
ROUND 2389 A#38 and B#47 = 636.394
ROUND 2390 A#39 and B#47 = 691.616
ROUND 2391 A#40 and B#47 = 639.087
ROUND 2392 A#41 and B#47 = 611.759
ROUND 2393 A#42 and B#47 = 668.962
ROUND 2394 A#43 and B#47 = 527.727
ROUND 2395 A#44 and B#47 = 603.891
ROUND 2396 A#45 and B#47 = 490.953
ROUND 2397 A#46 and B#47 = 469.332
ROUND 2398 A#47 and B#47 = 460.511
ROUND 2399 A#48 and B#47 = 529.626
ROUND 2400 A#49 and B#47 = 447.318
ROUND 2401 A#0 and B#48 = 683.835
ROUND 2402 A#1 and B#48 = 725.148
ROUND 2403 A#2 and B#48 = 715.666
ROUND 2404 A#3 and B#48 = 713.213
ROUND 2405 A#4 and B#48 = 664.117
ROUND 2406 A#5 and B#48 = 645.222
ROUND 2407 A#6 and B#48 = 646.537
ROUND 2408 A#7 and B#48 = 551.72
ROUND 2409 A#8 and B#48 = 645.785
ROUND 2410 A#9 and B#48 = 669.857
ROUND 2411 A#10 and B#48 = 756.459
ROUND 2412 A#11 and B#48 = 685.931
ROUND 2413 A#12 and B#48 = 491.83
ROUND 2414 A#13 and B#48 = 682.829
ROUND 2415 A#14 and B#48 = 663.988
ROUND 2416 A#15 and B#48 = 681.299
ROUND 2417 A#16 and B#48 = 674.102
ROUND 2418 A#17 and B#48 = 675.565
ROUND 2419 A#18 and B#48 = 600.904
ROUND 2420 A#19 and B#48 = 715.681
ROUND 2421 A#20 and B#48 = 683.139
ROUND 2422 A#21 and B#48 = 644.742
ROUND 2423 A#22 and B#48 = 648.214
ROUND 2424 A#23 and B#48 = 534.007
ROUND 2425 A#24 and B#48 = 651.759
ROUND 2426 A#25 and B#48 = 633.591
ROUND 2427 A#26 and B#48 = 650.424
ROUND 2428 A#27 and B#48 = 670.709
ROUND 2429 A#28 and B#48 = 609.074
ROUND 2430 A#29 and B#48 = 622.441
ROUND 2431 A#30 and B#48 = 609.095
ROUND 2432 A#31 and B#48 = 608.652
ROUND 2433 A#32 and B#48 = 740.756
ROUND 2434 A#33 and B#48 = 610.092
ROUND 2435 A#34 and B#48 = 652.915
ROUND 2436 A#35 and B#48 = 500.611
ROUND 2437 A#36 and B#48 = 690.692
ROUND 2438 A#37 and B#48 = 586.829
ROUND 2439 A#38 and B#48 = 651.167
ROUND 2440 A#39 and B#48 = 720.9
ROUND 2441 A#40 and B#48 = 651.472
ROUND 2442 A#41 and B#48 = 638.236
ROUND 2443 A#42 and B#48 = 677.996
ROUND 2444 A#43 and B#48 = 527.716
ROUND 2445 A#44 and B#48 = 626.214
ROUND 2446 A#45 and B#48 = 490.873
ROUND 2447 A#46 and B#48 = 468.445
ROUND 2448 A#47 and B#48 = 460.972
ROUND 2449 A#48 and B#48 = 534.826
ROUND 2450 A#49 and B#48 = 446.032
ROUND 2451 A#0 and B#49 = 628.054
ROUND 2452 A#1 and B#49 = 658.395
ROUND 2453 A#2 and B#49 = 628.006
ROUND 2454 A#3 and B#49 = 576.248
ROUND 2455 A#4 and B#49 = 552.812
ROUND 2456 A#5 and B#49 = 618.345
ROUND 2457 A#6 and B#49 = 498.332
ROUND 2458 A#7 and B#49 = 628.592
ROUND 2459 A#8 and B#49 = 578.476
ROUND 2460 A#9 and B#49 = 631.197
ROUND 2461 A#10 and B#49 = 583.789
ROUND 2462 A#11 and B#49 = 577.87
ROUND 2463 A#12 and B#49 = 532.467
ROUND 2464 A#13 and B#49 = 611.995
ROUND 2465 A#14 and B#49 = 547.316
ROUND 2466 A#15 and B#49 = 545.687
ROUND 2467 A#16 and B#49 = 679.466
ROUND 2468 A#17 and B#49 = 634.623
ROUND 2469 A#18 and B#49 = 658.397
ROUND 2470 A#19 and B#49 = 653.169
ROUND 2471 A#20 and B#49 = 646.615
ROUND 2472 A#21 and B#49 = 558.346
ROUND 2473 A#22 and B#49 = 555.006
ROUND 2474 A#23 and B#49 = 559.411
ROUND 2475 A#24 and B#49 = 552.753
ROUND 2476 A#25 and B#49 = 580.458
ROUND 2477 A#26 and B#49 = 632.232
ROUND 2478 A#27 and B#49 = 562.383
ROUND 2479 A#28 and B#49 = 590.475
ROUND 2480 A#29 and B#49 = 546.904
ROUND 2481 A#30 and B#49 = 542.578
ROUND 2482 A#31 and B#49 = 588.136
ROUND 2483 A#32 and B#49 = 645.943
ROUND 2484 A#33 and B#49 = 608.547
ROUND 2485 A#34 and B#49 = 525.263
ROUND 2486 A#35 and B#49 = 645.843
ROUND 2487 A#36 and B#49 = 665.002
ROUND 2488 A#37 and B#49 = 611.018
ROUND 2489 A#38 and B#49 = 666.681
ROUND 2490 A#39 and B#49 = 622.547
ROUND 2491 A#40 and B#49 = 657.968
ROUND 2492 A#41 and B#49 = 660.702
ROUND 2493 A#42 and B#49 = 676.722
ROUND 2494 A#43 and B#49 = 587.92
ROUND 2495 A#44 and B#49 = 547.388
ROUND 2496 A#45 and B#49 = 648.802
ROUND 2497 A#46 and B#49 = 658.798
ROUND 2498 A#47 and B#49 = 648.719
ROUND 2499 A#48 and B#49 = 579.836
ROUND 2500 A#49 and B#49 = 671.213

The best overlap is between conformer A#17 and B#27, which, after PCA followed by Steepest Descent, produces a volume overlap of 835.474
Tanimoto (Hodgkin) similarity index: 0.560923

Saving those best conformers to file...
WRITING MOLECULE TO FILE '../ALL_PAIRS_BQ123_AS_REFERENCE/ROKS2/BQ123-PS433540.mol2' (WILL OVERWRITE EXISTING FILE IF ANY)...
WRITING MOLECULE TO FILE '../ALL_PAIRS_BQ123_AS_REFERENCE/ROKS2/BQ123-PS433540.mol2'...
