Finished importing molecules
WARNING: LAPACK DSYEV() RETURNED NON-ZERO ERROR CODE 2
WARNING: LAPACK DSYEV() RETURNED NON-ZERO ERROR CODE 2
WARNING: LAPACK DSYEV() RETURNED NON-ZERO ERROR CODE 3
WARNING: LAPACK DSYEV() RETURNED NON-ZERO ERROR CODE 2
WARNING: LAPACK DSYEV() RETURNED NON-ZERO ERROR CODE 2
WARNING: LAPACK DSYEV() RETURNED NON-ZERO ERROR CODE 2
WARNING: LAPACK DSYEV() RETURNED NON-ZERO ERROR CODE 2
WARNING: LAPACK DSYEV() RETURNED NON-ZERO ERROR CODE 2
WARNING: LAPACK DSYEV() RETURNED NON-ZERO ERROR CODE 3
WARNING: LAPACK DSYEV() RETURNED NON-ZERO ERROR CODE 2
WARNING: LAPACK DSYEV() RETURNED NON-ZERO ERROR CODE 2
WARNING: LAPACK DSYEV() RETURNED NON-ZERO ERROR CODE 2
WARNING: LAPACK DSYEV() RETURNED NON-ZERO ERROR CODE 3
WARNING: LAPACK DSYEV() RETURNED NON-ZERO ERROR CODE 3
WARNING: LAPACK DSYEV() RETURNED NON-ZERO ERROR CODE 2
WARNING: LAPACK DSYEV() RETURNED NON-ZERO ERROR CODE 3
WARNING: LAPACK DSYEV() RETURNED NON-ZERO ERROR CODE 3
WARNING: LAPACK DSYEV() RETURNED NON-ZERO ERROR CODE 2
WARNING: LAPACK DSYEV() RETURNED NON-ZERO ERROR CODE 2
WARNING: LAPACK DSYEV() RETURNED NON-ZERO ERROR CODE 2
WARNING: LAPACK DSYEV() RETURNED NON-ZERO ERROR CODE 3
WARNING: LAPACK DSYEV() RETURNED NON-ZERO ERROR CODE 2
WARNING: LAPACK DSYEV() RETURNED NON-ZERO ERROR CODE 3
WARNING: LAPACK DSYEV() RETURNED NON-ZERO ERROR CODE 2
WARNING: LAPACK DSYEV() RETURNED NON-ZERO ERROR CODE 3
WARNING: LAPACK DSYEV() RETURNED NON-ZERO ERROR CODE 2
WARNING: LAPACK DSYEV() RETURNED NON-ZERO ERROR CODE 3
WARNING: LAPACK DSYEV() RETURNED NON-ZERO ERROR CODE 2
WARNING: LAPACK DSYEV() RETURNED NON-ZERO ERROR CODE 2
WARNING: LAPACK DSYEV() RETURNED NON-ZERO ERROR CODE 3
WARNING: LAPACK DSYEV() RETURNED NON-ZERO ERROR CODE 2
WARNING: LAPACK DSYEV() RETURNED NON-ZERO ERROR CODE 2
WARNING: LAPACK DSYEV() RETURNED NON-ZERO ERROR CODE 2
WARNING: LAPACK DSYEV() RETURNED NON-ZERO ERROR CODE 2
WARNING: LAPACK DSYEV() RETURNED NON-ZERO ERROR CODE 3
WARNING: LAPACK DSYEV() RETURNED NON-ZERO ERROR CODE 2
WARNING: LAPACK DSYEV() RETURNED NON-ZERO ERROR CODE 2
WARNING: LAPACK DSYEV() RETURNED NON-ZERO ERROR CODE 2
WARNING: LAPACK DSYEV() RETURNED NON-ZERO ERROR CODE 3
WARNING: LAPACK DSYEV() RETURNED NON-ZERO ERROR CODE 2
WARNING: LAPACK DSYEV() RETURNED NON-ZERO ERROR CODE 2
WARNING: LAPACK DSYEV() RETURNED NON-ZERO ERROR CODE 3
WARNING: LAPACK DSYEV() RETURNED NON-ZERO ERROR CODE 2
WARNING: LAPACK DSYEV() RETURNED NON-ZERO ERROR CODE 2
WARNING: LAPACK DSYEV() RETURNED NON-ZERO ERROR CODE 2
WARNING: LAPACK DSYEV() RETURNED NON-ZERO ERROR CODE 3
WARNING: LAPACK DSYEV() RETURNED NON-ZERO ERROR CODE 2
WARNING: LAPACK DSYEV() RETURNED NON-ZERO ERROR CODE 2
WARNING: LAPACK DSYEV() RETURNED NON-ZERO ERROR CODE 2
WARNING: LAPACK DSYEV() RETURNED NON-ZERO ERROR CODE 2
WARNING: LAPACK DSYEV() RETURNED NON-ZERO ERROR CODE 2
WARNING: LAPACK DSYEV() RETURNED NON-ZERO ERROR CODE 3
WARNING: LAPACK DSYEV() RETURNED NON-ZERO ERROR CODE 3
WARNING: LAPACK DSYEV() RETURNED NON-ZERO ERROR CODE 2
WARNING: LAPACK DSYEV() RETURNED NON-ZERO ERROR CODE 3
WARNING: LAPACK DSYEV() RETURNED NON-ZERO ERROR CODE 2
WARNING: LAPACK DSYEV() RETURNED NON-ZERO ERROR CODE 2
WARNING: LAPACK DSYEV() RETURNED NON-ZERO ERROR CODE 3
WARNING: LAPACK DSYEV() RETURNED NON-ZERO ERROR CODE 3
WARNING: LAPACK DSYEV() RETURNED NON-ZERO ERROR CODE 3
WARNING: LAPACK DSYEV() RETURNED NON-ZERO ERROR CODE 2
WARNING: LAPACK DSYEV() RETURNED NON-ZERO ERROR CODE 3
WARNING: LAPACK DSYEV() RETURNED NON-ZERO ERROR CODE 2
WARNING: LAPACK DSYEV() RETURNED NON-ZERO ERROR CODE 3
WARNING: LAPACK DSYEV() RETURNED NON-ZERO ERROR CODE 2
WARNING: LAPACK DSYEV() RETURNED NON-ZERO ERROR CODE 2
WARNING: LAPACK DSYEV() RETURNED NON-ZERO ERROR CODE 3
WARNING: LAPACK DSYEV() RETURNED NON-ZERO ERROR CODE 2
WARNING: LAPACK DSYEV() RETURNED NON-ZERO ERROR CODE 2
WARNING: LAPACK DSYEV() RETURNED NON-ZERO ERROR CODE 2
WARNING: LAPACK DSYEV() RETURNED NON-ZERO ERROR CODE 2
WARNING: LAPACK DSYEV() RETURNED NON-ZERO ERROR CODE 3
WARNING: LAPACK DSYEV() RETURNED NON-ZERO ERROR CODE 3
WARNING: LAPACK DSYEV() RETURNED NON-ZERO ERROR CODE 3
WARNING: LAPACK DSYEV() RETURNED NON-ZERO ERROR CODE 3
WARNING: LAPACK DSYEV() RETURNED NON-ZERO ERROR CODE 3
WARNING: LAPACK DSYEV() RETURNED NON-ZERO ERROR CODE 2
WARNING: LAPACK DSYEV() RETURNED NON-ZERO ERROR CODE 2
WARNING: LAPACK DSYEV() RETURNED NON-ZERO ERROR CODE 3
WARNING: LAPACK DSYEV() RETURNED NON-ZERO ERROR CODE 3
WARNING: LAPACK DSYEV() RETURNED NON-ZERO ERROR CODE 2
WARNING: LAPACK DSYEV() RETURNED NON-ZERO ERROR CODE 3
WARNING: LAPACK DSYEV() RETURNED NON-ZERO ERROR CODE 2
WARNING: LAPACK DSYEV() RETURNED NON-ZERO ERROR CODE 3
WARNING: LAPACK DSYEV() RETURNED NON-ZERO ERROR CODE 2
WARNING: LAPACK DSYEV() RETURNED NON-ZERO ERROR CODE 3
WARNING: LAPACK DSYEV() RETURNED NON-ZERO ERROR CODE 3
WARNING: LAPACK DSYEV() RETURNED NON-ZERO ERROR CODE 2
WARNING: LAPACK DSYEV() RETURNED NON-ZERO ERROR CODE 2
WARNING: LAPACK DSYEV() RETURNED NON-ZERO ERROR CODE 3
WARNING: LAPACK DSYEV() RETURNED NON-ZERO ERROR CODE 3
WARNING: LAPACK DSYEV() RETURNED NON-ZERO ERROR CODE 3
WARNING: LAPACK DSYEV() RETURNED NON-ZERO ERROR CODE 3
WARNING: LAPACK DSYEV() RETURNED NON-ZERO ERROR CODE 3
WARNING: LAPACK DSYEV() RETURNED NON-ZERO ERROR CODE 2
WARNING: LAPACK DSYEV() RETURNED NON-ZERO ERROR CODE 2
WARNING: LAPACK DSYEV() RETURNED NON-ZERO ERROR CODE 2
WARNING: LAPACK DSYEV() RETURNED NON-ZERO ERROR CODE 2
WARNING: LAPACK DSYEV() RETURNED NON-ZERO ERROR CODE 2
WARNING: LAPACK DSYEV() RETURNED NON-ZERO ERROR CODE 3
Finished setting up data; running search...
ROUND 1 A#0 and B#0 = 487.187
ROUND 2 A#1 and B#0 = 503.622
ROUND 3 A#2 and B#0 = 495.606
ROUND 4 A#3 and B#0 = 516.123
ROUND 5 A#4 and B#0 = 518.294
ROUND 6 A#5 and B#0 = 516.45
ROUND 7 A#6 and B#0 = 428.493
ROUND 8 A#7 and B#0 = 436.909
ROUND 9 A#8 and B#0 = 489.475
ROUND 10 A#9 and B#0 = 490.865
ROUND 11 A#10 and B#0 = 458.326
ROUND 12 A#11 and B#0 = 526.997
ROUND 13 A#12 and B#0 = 503.723
ROUND 14 A#13 and B#0 = 506.85
ROUND 15 A#14 and B#0 = 391.53
ROUND 16 A#15 and B#0 = 506.428
ROUND 17 A#16 and B#0 = 500.774
ROUND 18 A#17 and B#0 = 400.734
ROUND 19 A#18 and B#0 = 428.168
ROUND 20 A#19 and B#0 = 406.588
ROUND 21 A#20 and B#0 = 512.733
ROUND 22 A#21 and B#0 = 387.381
ROUND 23 A#22 and B#0 = 424.391
ROUND 24 A#23 and B#0 = 435.585
ROUND 25 A#24 and B#0 = 511.315
ROUND 26 A#25 and B#0 = 434.064
ROUND 27 A#26 and B#0 = 473.818
ROUND 28 A#27 and B#0 = 398.872
ROUND 29 A#28 and B#0 = 359.608
ROUND 30 A#29 and B#0 = 464.288
ROUND 31 A#30 and B#0 = 409.159
ROUND 32 A#31 and B#0 = 471.916
ROUND 33 A#32 and B#0 = 398.076
ROUND 34 A#33 and B#0 = 432.153
ROUND 35 A#34 and B#0 = 535.418
ROUND 36 A#35 and B#0 = 420.454
ROUND 37 A#36 and B#0 = 423.632
ROUND 38 A#37 and B#0 = 408.728
ROUND 39 A#38 and B#0 = 423.208
ROUND 40 A#39 and B#0 = 370.935
ROUND 41 A#40 and B#0 = 383.887
ROUND 42 A#41 and B#0 = 500.734
ROUND 43 A#42 and B#0 = 396.009
ROUND 44 A#43 and B#0 = 440.922
ROUND 45 A#44 and B#0 = 439.163
ROUND 46 A#45 and B#0 = 517.751
ROUND 47 A#46 and B#0 = 431.477
ROUND 48 A#47 and B#0 = 426.049
ROUND 49 A#48 and B#0 = 403.534
ROUND 50 A#49 and B#0 = 418.64
ROUND 51 A#0 and B#1 = 437.782
ROUND 52 A#1 and B#1 = 487.485
ROUND 53 A#2 and B#1 = 460.486
ROUND 54 A#3 and B#1 = 356.132
ROUND 55 A#4 and B#1 = 501.383
ROUND 56 A#5 and B#1 = 443.962
ROUND 57 A#6 and B#1 = 426.64
ROUND 58 A#7 and B#1 = 397.966
ROUND 59 A#8 and B#1 = 422.758
ROUND 60 A#9 and B#1 = 509.634
ROUND 61 A#10 and B#1 = 478.829
ROUND 62 A#11 and B#1 = 504.943
ROUND 63 A#12 and B#1 = 429.431
ROUND 64 A#13 and B#1 = 427.397
ROUND 65 A#14 and B#1 = 432.586
ROUND 66 A#15 and B#1 = 478.831
ROUND 67 A#16 and B#1 = 465.026
ROUND 68 A#17 and B#1 = 417.004
ROUND 69 A#18 and B#1 = 449.261
ROUND 70 A#19 and B#1 = 407.441
ROUND 71 A#20 and B#1 = 412.926
ROUND 72 A#21 and B#1 = 446.005
ROUND 73 A#22 and B#1 = 423.921
ROUND 74 A#23 and B#1 = 520.103
ROUND 75 A#24 and B#1 = 408.744
ROUND 76 A#25 and B#1 = 411.973
ROUND 77 A#26 and B#1 = 474.808
ROUND 78 A#27 and B#1 = 420.643
ROUND 79 A#28 and B#1 = 405.913
ROUND 80 A#29 and B#1 = 418.057
ROUND 81 A#30 and B#1 = 448.559
ROUND 82 A#31 and B#1 = 466.742
ROUND 83 A#32 and B#1 = 343.497
ROUND 84 A#33 and B#1 = 396.946
ROUND 85 A#34 and B#1 = 399.502
ROUND 86 A#35 and B#1 = 411.175
ROUND 87 A#36 and B#1 = 522.13
ROUND 88 A#37 and B#1 = 454.396
ROUND 89 A#38 and B#1 = 418.47
ROUND 90 A#39 and B#1 = 427.721
ROUND 91 A#40 and B#1 = 425.485
ROUND 92 A#41 and B#1 = 484.746
ROUND 93 A#42 and B#1 = 379.982
ROUND 94 A#43 and B#1 = 493.16
ROUND 95 A#44 and B#1 = 419.228
ROUND 96 A#45 and B#1 = 415.287
ROUND 97 A#46 and B#1 = 426.178
ROUND 98 A#47 and B#1 = 390.326
ROUND 99 A#48 and B#1 = 348.093
ROUND 100 A#49 and B#1 = 456.317
ROUND 101 A#0 and B#2 = 437.572
ROUND 102 A#1 and B#2 = 487.727
ROUND 103 A#2 and B#2 = 459.898
ROUND 104 A#3 and B#2 = 408.401
ROUND 105 A#4 and B#2 = 507.376
ROUND 106 A#5 and B#2 = 453.366
ROUND 107 A#6 and B#2 = 442.274
ROUND 108 A#7 and B#2 = 408.398
ROUND 109 A#8 and B#2 = 425.185
ROUND 110 A#9 and B#2 = 461.118
ROUND 111 A#10 and B#2 = 472.3
ROUND 112 A#11 and B#2 = 458.525
ROUND 113 A#12 and B#2 = 430.404
ROUND 114 A#13 and B#2 = 428.398
ROUND 115 A#14 and B#2 = 436.662
ROUND 116 A#15 and B#2 = 479.251
ROUND 117 A#16 and B#2 = 426.146
ROUND 118 A#17 and B#2 = 428.45
ROUND 119 A#18 and B#2 = 456.569
ROUND 120 A#19 and B#2 = 421.661
ROUND 121 A#20 and B#2 = 412.387
ROUND 122 A#21 and B#2 = 450.219
ROUND 123 A#22 and B#2 = 386.945
ROUND 124 A#23 and B#2 = 418.473
ROUND 125 A#24 and B#2 = 412.734
ROUND 126 A#25 and B#2 = 415.196
ROUND 127 A#26 and B#2 = 477.967
ROUND 128 A#27 and B#2 = 423.247
ROUND 129 A#28 and B#2 = 416.381
ROUND 130 A#29 and B#2 = 417.754
ROUND 131 A#30 and B#2 = 453.345
ROUND 132 A#31 and B#2 = 468.579
ROUND 133 A#32 and B#2 = 343.182
ROUND 134 A#33 and B#2 = 404.211
ROUND 135 A#34 and B#2 = 404.457
ROUND 136 A#35 and B#2 = 412.825
ROUND 137 A#36 and B#2 = 370.22
ROUND 138 A#37 and B#2 = 463.371
ROUND 139 A#38 and B#2 = 418.868
ROUND 140 A#39 and B#2 = 424.9
ROUND 141 A#40 and B#2 = 423.928
ROUND 142 A#41 and B#2 = 487.923
ROUND 143 A#42 and B#2 = 404.66
ROUND 144 A#43 and B#2 = 499.995
ROUND 145 A#44 and B#2 = 417.473
ROUND 146 A#45 and B#2 = 393.425
ROUND 147 A#46 and B#2 = 440.367
ROUND 148 A#47 and B#2 = 388.334
ROUND 149 A#48 and B#2 = 347.217
ROUND 150 A#49 and B#2 = 456.993
ROUND 151 A#0 and B#3 = 456.889
ROUND 152 A#1 and B#3 = 471.679
ROUND 153 A#2 and B#3 = 470.403
ROUND 154 A#3 and B#3 = 499.845
ROUND 155 A#4 and B#3 = 524.541
ROUND 156 A#5 and B#3 = 500.748
ROUND 157 A#6 and B#3 = 424.635
ROUND 158 A#7 and B#3 = 415.355
ROUND 159 A#8 and B#3 = 400.864
ROUND 160 A#9 and B#3 = 511.991
ROUND 161 A#10 and B#3 = 452.118
ROUND 162 A#11 and B#3 = 503.401
ROUND 163 A#12 and B#3 = 371.711
ROUND 164 A#13 and B#3 = 377.084
ROUND 165 A#14 and B#3 = 412.666
ROUND 166 A#15 and B#3 = 456.796
ROUND 167 A#16 and B#3 = 469.266
ROUND 168 A#17 and B#3 = 414.566
ROUND 169 A#18 and B#3 = 412.264
ROUND 170 A#19 and B#3 = 406.762
ROUND 171 A#20 and B#3 = 431.145
ROUND 172 A#21 and B#3 = 390.007
ROUND 173 A#22 and B#3 = 400.752
ROUND 174 A#23 and B#3 = 476.04
ROUND 175 A#24 and B#3 = 438.488
ROUND 176 A#25 and B#3 = 412.873
ROUND 177 A#26 and B#3 = 472.064
ROUND 178 A#27 and B#3 = 409.606
ROUND 179 A#28 and B#3 = 373.275
ROUND 180 A#29 and B#3 = 471.004
ROUND 181 A#30 and B#3 = 485.449
ROUND 182 A#31 and B#3 = 428.531
ROUND 183 A#32 and B#3 = 410.004
ROUND 184 A#33 and B#3 = 317.405
ROUND 185 A#34 and B#3 = 413.57
ROUND 186 A#35 and B#3 = 406.151
ROUND 187 A#36 and B#3 = 488.374
ROUND 188 A#37 and B#3 = 448.99
ROUND 189 A#38 and B#3 = 391.907
ROUND 190 A#39 and B#3 = 371.697
ROUND 191 A#40 and B#3 = 379.377
ROUND 192 A#41 and B#3 = 492.885
ROUND 193 A#42 and B#3 = 409.608
ROUND 194 A#43 and B#3 = 499.957
ROUND 195 A#44 and B#3 = 440.847
ROUND 196 A#45 and B#3 = 433.797
ROUND 197 A#46 and B#3 = 460.685
ROUND 198 A#47 and B#3 = 432.34
ROUND 199 A#48 and B#3 = 407.245
ROUND 200 A#49 and B#3 = 425.473
ROUND 201 A#0 and B#4 = 401.115
ROUND 202 A#1 and B#4 = 490.664
ROUND 203 A#2 and B#4 = 504.532
ROUND 204 A#3 and B#4 = 434.422
ROUND 205 A#4 and B#4 = 375.726
ROUND 206 A#5 and B#4 = 432.003
ROUND 207 A#6 and B#4 = 415.321
ROUND 208 A#7 and B#4 = 411.885
ROUND 209 A#8 and B#4 = 460.628
ROUND 210 A#9 and B#4 = 426.901
ROUND 211 A#10 and B#4 = 451.132
ROUND 212 A#11 and B#4 = 429.57
ROUND 213 A#12 and B#4 = 432.427
ROUND 214 A#13 and B#4 = 433.186
ROUND 215 A#14 and B#4 = 445.675
ROUND 216 A#15 and B#4 = 431.733
ROUND 217 A#16 and B#4 = 508.446
ROUND 218 A#17 and B#4 = 441.135
ROUND 219 A#18 and B#4 = 390.647
ROUND 220 A#19 and B#4 = 407.479
ROUND 221 A#20 and B#4 = 446.794
ROUND 222 A#21 and B#4 = 479.407
ROUND 223 A#22 and B#4 = 405.222
ROUND 224 A#23 and B#4 = 463.03
ROUND 225 A#24 and B#4 = 446.029
ROUND 226 A#25 and B#4 = 494.634
ROUND 227 A#26 and B#4 = 530.564
ROUND 228 A#27 and B#4 = 407.755
ROUND 229 A#28 and B#4 = 400.236
ROUND 230 A#29 and B#4 = 498.943
ROUND 231 A#30 and B#4 = 398.301
ROUND 232 A#31 and B#4 = 413.156
ROUND 233 A#32 and B#4 = 383.376
ROUND 234 A#33 and B#4 = 481.388
ROUND 235 A#34 and B#4 = 517.758
ROUND 236 A#35 and B#4 = 383.164
ROUND 237 A#36 and B#4 = 468.928
ROUND 238 A#37 and B#4 = 401.179
ROUND 239 A#38 and B#4 = 405.14
ROUND 240 A#39 and B#4 = 248.923
ROUND 241 A#40 and B#4 = 360.467
ROUND 242 A#41 and B#4 = 495.379
ROUND 243 A#42 and B#4 = 455.527
ROUND 244 A#43 and B#4 = 552.658
ROUND 245 A#44 and B#4 = 383.212
ROUND 246 A#45 and B#4 = 441.388
ROUND 247 A#46 and B#4 = 418.029
ROUND 248 A#47 and B#4 = 403.26
ROUND 249 A#48 and B#4 = 355.086
ROUND 250 A#49 and B#4 = 400.705
ROUND 251 A#0 and B#5 = 452.901
ROUND 252 A#1 and B#5 = 430.413
ROUND 253 A#2 and B#5 = 444.721
ROUND 254 A#3 and B#5 = 501.757
ROUND 255 A#4 and B#5 = 523.883
ROUND 256 A#5 and B#5 = 502.33
ROUND 257 A#6 and B#5 = 423.879
ROUND 258 A#7 and B#5 = 414.985
ROUND 259 A#8 and B#5 = 395.54
ROUND 260 A#9 and B#5 = 515.839
ROUND 261 A#10 and B#5 = 454.313
ROUND 262 A#11 and B#5 = 504.045
ROUND 263 A#12 and B#5 = 401.115
ROUND 264 A#13 and B#5 = 402.963
ROUND 265 A#14 and B#5 = 439.24
ROUND 266 A#15 and B#5 = 456.007
ROUND 267 A#16 and B#5 = 441.966
ROUND 268 A#17 and B#5 = 417.39
ROUND 269 A#18 and B#5 = 411.438
ROUND 270 A#19 and B#5 = 404.618
ROUND 271 A#20 and B#5 = 456.213
ROUND 272 A#21 and B#5 = 445.826
ROUND 273 A#22 and B#5 = 396.097
ROUND 274 A#23 and B#5 = 481.958
ROUND 275 A#24 and B#5 = 458.809
ROUND 276 A#25 and B#5 = 468.291
ROUND 277 A#26 and B#5 = 459.545
ROUND 278 A#27 and B#5 = 402.629
ROUND 279 A#28 and B#5 = 367.307
ROUND 280 A#29 and B#5 = 470.117
ROUND 281 A#30 and B#5 = 441.843
ROUND 282 A#31 and B#5 = 459.659
ROUND 283 A#32 and B#5 = 409.626
ROUND 284 A#33 and B#5 = 405.452
ROUND 285 A#34 and B#5 = 540.129
ROUND 286 A#35 and B#5 = 423.68
ROUND 287 A#36 and B#5 = 463.136
ROUND 288 A#37 and B#5 = 417.953
ROUND 289 A#38 and B#5 = 385.117
ROUND 290 A#39 and B#5 = 368.462
ROUND 291 A#40 and B#5 = 375.767
ROUND 292 A#41 and B#5 = 472.475
ROUND 293 A#42 and B#5 = 449.12
ROUND 294 A#43 and B#5 = 458.697
ROUND 295 A#44 and B#5 = 423.88
ROUND 296 A#45 and B#5 = 460.903
ROUND 297 A#46 and B#5 = 433.042
ROUND 298 A#47 and B#5 = 415.082
ROUND 299 A#48 and B#5 = 455.608
ROUND 300 A#49 and B#5 = 418.425
ROUND 301 A#0 and B#6 = 378.479
ROUND 302 A#1 and B#6 = 460.605
ROUND 303 A#2 and B#6 = 453.522
ROUND 304 A#3 and B#6 = 461.526
ROUND 305 A#4 and B#6 = 479.286
ROUND 306 A#5 and B#6 = 461.906
ROUND 307 A#6 and B#6 = 480.776
ROUND 308 A#7 and B#6 = 486.012
ROUND 309 A#8 and B#6 = 400.116
ROUND 310 A#9 and B#6 = 510.468
ROUND 311 A#10 and B#6 = 470.722
ROUND 312 A#11 and B#6 = 469.955
ROUND 313 A#12 and B#6 = 466.572
ROUND 314 A#13 and B#6 = 477.567
ROUND 315 A#14 and B#6 = 505.247
ROUND 316 A#15 and B#6 = 477.158
ROUND 317 A#16 and B#6 = 445.508
ROUND 318 A#17 and B#6 = 521.605
ROUND 319 A#18 and B#6 = 481.541
ROUND 320 A#19 and B#6 = 472.291
ROUND 321 A#20 and B#6 = 419.513
ROUND 322 A#21 and B#6 = 532.335
ROUND 323 A#22 and B#6 = 422.923
ROUND 324 A#23 and B#6 = 469.713
ROUND 325 A#24 and B#6 = 416.602
ROUND 326 A#25 and B#6 = 502.522
ROUND 327 A#26 and B#6 = 465.262
ROUND 328 A#27 and B#6 = 448.227
ROUND 329 A#28 and B#6 = 471.91
ROUND 330 A#29 and B#6 = 432.238
ROUND 331 A#30 and B#6 = 456.154
ROUND 332 A#31 and B#6 = 454.67
ROUND 333 A#32 and B#6 = 450.475
ROUND 334 A#33 and B#6 = 467.901
ROUND 335 A#34 and B#6 = 482.725
ROUND 336 A#35 and B#6 = 471.73
ROUND 337 A#36 and B#6 = 416.781
ROUND 338 A#37 and B#6 = 492.921
ROUND 339 A#38 and B#6 = 434.926
ROUND 340 A#39 and B#6 = 486.223
ROUND 341 A#40 and B#6 = 479.901
ROUND 342 A#41 and B#6 = 484.289
ROUND 343 A#42 and B#6 = 467.892
ROUND 344 A#43 and B#6 = 543.954
ROUND 345 A#44 and B#6 = 503.144
ROUND 346 A#45 and B#6 = 419.477
ROUND 347 A#46 and B#6 = 462.311
ROUND 348 A#47 and B#6 = 442.546
ROUND 349 A#48 and B#6 = 438.097
ROUND 350 A#49 and B#6 = 496.93
ROUND 351 A#0 and B#7 = 438.612
ROUND 352 A#1 and B#7 = 483.857
ROUND 353 A#2 and B#7 = 461.348
ROUND 354 A#3 and B#7 = 511.066
ROUND 355 A#4 and B#7 = 510.978
ROUND 356 A#5 and B#7 = 511.408
ROUND 357 A#6 and B#7 = 432.554
ROUND 358 A#7 and B#7 = 406.265
ROUND 359 A#8 and B#7 = 420.794
ROUND 360 A#9 and B#7 = 512.369
ROUND 361 A#10 and B#7 = 477.669
ROUND 362 A#11 and B#7 = 505.732
ROUND 363 A#12 and B#7 = 427.349
ROUND 364 A#13 and B#7 = 425.583
ROUND 365 A#14 and B#7 = 449.924
ROUND 366 A#15 and B#7 = 478.595
ROUND 367 A#16 and B#7 = 465.761
ROUND 368 A#17 and B#7 = 419.06
ROUND 369 A#18 and B#7 = 447.546
ROUND 370 A#19 and B#7 = 420.307
ROUND 371 A#20 and B#7 = 415.045
ROUND 372 A#21 and B#7 = 445.169
ROUND 373 A#22 and B#7 = 396.132
ROUND 374 A#23 and B#7 = 500.08
ROUND 375 A#24 and B#7 = 416.187
ROUND 376 A#25 and B#7 = 413.069
ROUND 377 A#26 and B#7 = 474.681
ROUND 378 A#27 and B#7 = 428.895
ROUND 379 A#28 and B#7 = 409.107
ROUND 380 A#29 and B#7 = 440.852
ROUND 381 A#30 and B#7 = 411.562
ROUND 382 A#31 and B#7 = 468.185
ROUND 383 A#32 and B#7 = 343.009
ROUND 384 A#33 and B#7 = 400.047
ROUND 385 A#34 and B#7 = 398.863
ROUND 386 A#35 and B#7 = 412.641
ROUND 387 A#36 and B#7 = 531.042
ROUND 388 A#37 and B#7 = 456.674
ROUND 389 A#38 and B#7 = 414.542
ROUND 390 A#39 and B#7 = 424.519
ROUND 391 A#40 and B#7 = 422.571
ROUND 392 A#41 and B#7 = 483.479
ROUND 393 A#42 and B#7 = 380.187
ROUND 394 A#43 and B#7 = 540.308
ROUND 395 A#44 and B#7 = 417.655
ROUND 396 A#45 and B#7 = 416.503
ROUND 397 A#46 and B#7 = 388.761
ROUND 398 A#47 and B#7 = 390.945
ROUND 399 A#48 and B#7 = 347.426
ROUND 400 A#49 and B#7 = 458.714
ROUND 401 A#0 and B#8 = 418.032
ROUND 402 A#1 and B#8 = 487.127
ROUND 403 A#2 and B#8 = 451.724
ROUND 404 A#3 and B#8 = 527.486
ROUND 405 A#4 and B#8 = 552.121
ROUND 406 A#5 and B#8 = 537.559
ROUND 407 A#6 and B#8 = 506.653
ROUND 408 A#7 and B#8 = 435.867
ROUND 409 A#8 and B#8 = 413.075
ROUND 410 A#9 and B#8 = 548.737
ROUND 411 A#10 and B#8 = 536.954
ROUND 412 A#11 and B#8 = 538.15
ROUND 413 A#12 and B#8 = 434.3
ROUND 414 A#13 and B#8 = 437.471
ROUND 415 A#14 and B#8 = 540.816
ROUND 416 A#15 and B#8 = 445.119
ROUND 417 A#16 and B#8 = 446.779
ROUND 418 A#17 and B#8 = 489.666
ROUND 419 A#18 and B#8 = 348.443
ROUND 420 A#19 and B#8 = 437.895
ROUND 421 A#20 and B#8 = 461.115
ROUND 422 A#21 and B#8 = 564.206
ROUND 423 A#22 and B#8 = 546.428
ROUND 424 A#23 and B#8 = 495.216
ROUND 425 A#24 and B#8 = 455.934
ROUND 426 A#25 and B#8 = 485.687
ROUND 427 A#26 and B#8 = 447.718
ROUND 428 A#27 and B#8 = 362.149
ROUND 429 A#28 and B#8 = 386.02
ROUND 430 A#29 and B#8 = 503.327
ROUND 431 A#30 and B#8 = 521.329
ROUND 432 A#31 and B#8 = 514.471
ROUND 433 A#32 and B#8 = 374.76
ROUND 434 A#33 and B#8 = 483.32
ROUND 435 A#34 and B#8 = 418.482
ROUND 436 A#35 and B#8 = 447.206
ROUND 437 A#36 and B#8 = 469.464
ROUND 438 A#37 and B#8 = 524.041
ROUND 439 A#38 and B#8 = 472.649
ROUND 440 A#39 and B#8 = 389.257
ROUND 441 A#40 and B#8 = 384.008
ROUND 442 A#41 and B#8 = 440.564
ROUND 443 A#42 and B#8 = 514.851
ROUND 444 A#43 and B#8 = 544.987
ROUND 445 A#44 and B#8 = 391.253
ROUND 446 A#45 and B#8 = 469.439
ROUND 447 A#46 and B#8 = 516.09
ROUND 448 A#47 and B#8 = 542.298
ROUND 449 A#48 and B#8 = 530.976
ROUND 450 A#49 and B#8 = 365.041
ROUND 451 A#0 and B#9 = 420.49
ROUND 452 A#1 and B#9 = 435.637
ROUND 453 A#2 and B#9 = 449.603
ROUND 454 A#3 and B#9 = 525.612
ROUND 455 A#4 and B#9 = 550.892
ROUND 456 A#5 and B#9 = 535.998
ROUND 457 A#6 and B#9 = 503.786
ROUND 458 A#7 and B#9 = 442.77
ROUND 459 A#8 and B#9 = 447.536
ROUND 460 A#9 and B#9 = 548.196
ROUND 461 A#10 and B#9 = 543.481
ROUND 462 A#11 and B#9 = 539.193
ROUND 463 A#12 and B#9 = 428.842
ROUND 464 A#13 and B#9 = 431.864
ROUND 465 A#14 and B#9 = 541.489
ROUND 466 A#15 and B#9 = 452.797
ROUND 467 A#16 and B#9 = 442.392
ROUND 468 A#17 and B#9 = 490.635
ROUND 469 A#18 and B#9 = 344.476
ROUND 470 A#19 and B#9 = 441.633
ROUND 471 A#20 and B#9 = 464.303
ROUND 472 A#21 and B#9 = 568.809
ROUND 473 A#22 and B#9 = 545.699
ROUND 474 A#23 and B#9 = 495.853
ROUND 475 A#24 and B#9 = 460.437
ROUND 476 A#25 and B#9 = 488.432
ROUND 477 A#26 and B#9 = 456.203
ROUND 478 A#27 and B#9 = 362.085
ROUND 479 A#28 and B#9 = 390.272
ROUND 480 A#29 and B#9 = 516.605
ROUND 481 A#30 and B#9 = 518.809
ROUND 482 A#31 and B#9 = 516.71
ROUND 483 A#32 and B#9 = 376.586
ROUND 484 A#33 and B#9 = 484.804
ROUND 485 A#34 and B#9 = 431.09
ROUND 486 A#35 and B#9 = 451.354
ROUND 487 A#36 and B#9 = 466.657
ROUND 488 A#37 and B#9 = 524.411
ROUND 489 A#38 and B#9 = 475.275
ROUND 490 A#39 and B#9 = 393.109
ROUND 491 A#40 and B#9 = 386.905
ROUND 492 A#41 and B#9 = 447.468
ROUND 493 A#42 and B#9 = 521.085
ROUND 494 A#43 and B#9 = 542.288
ROUND 495 A#44 and B#9 = 393.729
ROUND 496 A#45 and B#9 = 472.748
ROUND 497 A#46 and B#9 = 513.167
ROUND 498 A#47 and B#9 = 529.965
ROUND 499 A#48 and B#9 = 534.72
ROUND 500 A#49 and B#9 = 362.998
ROUND 501 A#0 and B#10 = 456.79
ROUND 502 A#1 and B#10 = 468.669
ROUND 503 A#2 and B#10 = 467.028
ROUND 504 A#3 and B#10 = 501.261
ROUND 505 A#4 and B#10 = 524.126
ROUND 506 A#5 and B#10 = 501.761
ROUND 507 A#6 and B#10 = 425
ROUND 508 A#7 and B#10 = 414.555
ROUND 509 A#8 and B#10 = 403.111
ROUND 510 A#9 and B#10 = 513.672
ROUND 511 A#10 and B#10 = 450.11
ROUND 512 A#11 and B#10 = 510.868
ROUND 513 A#12 and B#10 = 370.796
ROUND 514 A#13 and B#10 = 376.904
ROUND 515 A#14 and B#10 = 411.846
ROUND 516 A#15 and B#10 = 457.376
ROUND 517 A#16 and B#10 = 468.081
ROUND 518 A#17 and B#10 = 416.181
ROUND 519 A#18 and B#10 = 432.362
ROUND 520 A#19 and B#10 = 410.135
ROUND 521 A#20 and B#10 = 431.504
ROUND 522 A#21 and B#10 = 389.413
ROUND 523 A#22 and B#10 = 396.739
ROUND 524 A#23 and B#10 = 493.05
ROUND 525 A#24 and B#10 = 439.116
ROUND 526 A#25 and B#10 = 412.462
ROUND 527 A#26 and B#10 = 471.221
ROUND 528 A#27 and B#10 = 408.146
ROUND 529 A#28 and B#10 = 374.28
ROUND 530 A#29 and B#10 = 471.8
ROUND 531 A#30 and B#10 = 487.14
ROUND 532 A#31 and B#10 = 428.184
ROUND 533 A#32 and B#10 = 414.105
ROUND 534 A#33 and B#10 = 314.38
ROUND 535 A#34 and B#10 = 412.928
ROUND 536 A#35 and B#10 = 406.11
ROUND 537 A#36 and B#10 = 465.746
ROUND 538 A#37 and B#10 = 444.391
ROUND 539 A#38 and B#10 = 391.488
ROUND 540 A#39 and B#10 = 372.811
ROUND 541 A#40 and B#10 = 380.112
ROUND 542 A#41 and B#10 = 495.515
ROUND 543 A#42 and B#10 = 410.154
ROUND 544 A#43 and B#10 = 482.144
ROUND 545 A#44 and B#10 = 442.368
ROUND 546 A#45 and B#10 = 434.879
ROUND 547 A#46 and B#10 = 460.301
ROUND 548 A#47 and B#10 = 433.598
ROUND 549 A#48 and B#10 = 405.692
ROUND 550 A#49 and B#10 = 438.516
ROUND 551 A#0 and B#11 = 437.611
ROUND 552 A#1 and B#11 = 486.548
ROUND 553 A#2 and B#11 = 457.556
ROUND 554 A#3 and B#11 = 407.603
ROUND 555 A#4 and B#11 = 509.027
ROUND 556 A#5 and B#11 = 452.659
ROUND 557 A#6 and B#11 = 440.961
ROUND 558 A#7 and B#11 = 406.794
ROUND 559 A#8 and B#11 = 424.575
ROUND 560 A#9 and B#11 = 461.068
ROUND 561 A#10 and B#11 = 471.043
ROUND 562 A#11 and B#11 = 458.75
ROUND 563 A#12 and B#11 = 429.527
ROUND 564 A#13 and B#11 = 428.706
ROUND 565 A#14 and B#11 = 436.432
ROUND 566 A#15 and B#11 = 479.266
ROUND 567 A#16 and B#11 = 423.454
ROUND 568 A#17 and B#11 = 426.092
ROUND 569 A#18 and B#11 = 456.465
ROUND 570 A#19 and B#11 = 419.27
ROUND 571 A#20 and B#11 = 411.383
ROUND 572 A#21 and B#11 = 449.755
ROUND 573 A#22 and B#11 = 386.891
ROUND 574 A#23 and B#11 = 417.862
ROUND 575 A#24 and B#11 = 411.901
ROUND 576 A#25 and B#11 = 415.073
ROUND 577 A#26 and B#11 = 475.637
ROUND 578 A#27 and B#11 = 420.637
ROUND 579 A#28 and B#11 = 416.363
ROUND 580 A#29 and B#11 = 417.56
ROUND 581 A#30 and B#11 = 452.488
ROUND 582 A#31 and B#11 = 467.568
ROUND 583 A#32 and B#11 = 344.904
ROUND 584 A#33 and B#11 = 398.633
ROUND 585 A#34 and B#11 = 403.663
ROUND 586 A#35 and B#11 = 412.454
ROUND 587 A#36 and B#11 = 520.478
ROUND 588 A#37 and B#11 = 462.632
ROUND 589 A#38 and B#11 = 420.757
ROUND 590 A#39 and B#11 = 425.05
ROUND 591 A#40 and B#11 = 423.423
ROUND 592 A#41 and B#11 = 486.706
ROUND 593 A#42 and B#11 = 402.34
ROUND 594 A#43 and B#11 = 498.511
ROUND 595 A#44 and B#11 = 459.131
ROUND 596 A#45 and B#11 = 411.737
ROUND 597 A#46 and B#11 = 438.418
ROUND 598 A#47 and B#11 = 387.271
ROUND 599 A#48 and B#11 = 348.528
ROUND 600 A#49 and B#11 = 456.839
ROUND 601 A#0 and B#12 = 445.273
ROUND 602 A#1 and B#12 = 482.944
ROUND 603 A#2 and B#12 = 480.847
ROUND 604 A#3 and B#12 = 383.65
ROUND 605 A#4 and B#12 = 392.63
ROUND 606 A#5 and B#12 = 420.159
ROUND 607 A#6 and B#12 = 448.863
ROUND 608 A#7 and B#12 = 394.597
ROUND 609 A#8 and B#12 = 437.534
ROUND 610 A#9 and B#12 = 462.751
ROUND 611 A#10 and B#12 = 507.274
ROUND 612 A#11 and B#12 = 387.769
ROUND 613 A#12 and B#12 = 457.286
ROUND 614 A#13 and B#12 = 424.927
ROUND 615 A#14 and B#12 = 450.671
ROUND 616 A#15 and B#12 = 449.431
ROUND 617 A#16 and B#12 = 485.023
ROUND 618 A#17 and B#12 = 497.086
ROUND 619 A#18 and B#12 = 412.654
ROUND 620 A#19 and B#12 = 440.344
ROUND 621 A#20 and B#12 = 465.653
ROUND 622 A#21 and B#12 = 434.936
ROUND 623 A#22 and B#12 = 447.691
ROUND 624 A#23 and B#12 = 479.842
ROUND 625 A#24 and B#12 = 466.743
ROUND 626 A#25 and B#12 = 467.1
ROUND 627 A#26 and B#12 = 467.979
ROUND 628 A#27 and B#12 = 432.994
ROUND 629 A#28 and B#12 = 386.424
ROUND 630 A#29 and B#12 = 462.398
ROUND 631 A#30 and B#12 = 514.868
ROUND 632 A#31 and B#12 = 538.886
ROUND 633 A#32 and B#12 = 362.391
ROUND 634 A#33 and B#12 = 445.428
ROUND 635 A#34 and B#12 = 442.206
ROUND 636 A#35 and B#12 = 500.518
ROUND 637 A#36 and B#12 = 449.954
ROUND 638 A#37 and B#12 = 506.827
ROUND 639 A#38 and B#12 = 455.104
ROUND 640 A#39 and B#12 = 463.765
ROUND 641 A#40 and B#12 = 463.833
ROUND 642 A#41 and B#12 = 506.471
ROUND 643 A#42 and B#12 = 496.18
ROUND 644 A#43 and B#12 = 409.959
ROUND 645 A#44 and B#12 = 492.568
ROUND 646 A#45 and B#12 = 465.953
ROUND 647 A#46 and B#12 = 412.596
ROUND 648 A#47 and B#12 = 486.035
ROUND 649 A#48 and B#12 = 510.242
ROUND 650 A#49 and B#12 = 497.721
ROUND 651 A#0 and B#13 = 488.392
ROUND 652 A#1 and B#13 = 456.296
ROUND 653 A#2 and B#13 = 523.499
ROUND 654 A#3 and B#13 = 400.741
ROUND 655 A#4 and B#13 = 498.791
ROUND 656 A#5 and B#13 = 399.835
ROUND 657 A#6 and B#13 = 409.007
ROUND 658 A#7 and B#13 = 412.192
ROUND 659 A#8 and B#13 = 524.959
ROUND 660 A#9 and B#13 = 417.166
ROUND 661 A#10 and B#13 = 555.428
ROUND 662 A#11 and B#13 = 396.545
ROUND 663 A#12 and B#13 = 394.268
ROUND 664 A#13 and B#13 = 394.639
ROUND 665 A#14 and B#13 = 404.535
ROUND 666 A#15 and B#13 = 413.226
ROUND 667 A#16 and B#13 = 529.259
ROUND 668 A#17 and B#13 = 400.943
ROUND 669 A#18 and B#13 = 378.222
ROUND 670 A#19 and B#13 = 437.271
ROUND 671 A#20 and B#13 = 511.242
ROUND 672 A#21 and B#13 = 425.09
ROUND 673 A#22 and B#13 = 498.566
ROUND 674 A#23 and B#13 = 417.94
ROUND 675 A#24 and B#13 = 531.225
ROUND 676 A#25 and B#13 = 421.048
ROUND 677 A#26 and B#13 = 526.389
ROUND 678 A#27 and B#13 = 453.17
ROUND 679 A#28 and B#13 = 387.781
ROUND 680 A#29 and B#13 = 482.535
ROUND 681 A#30 and B#13 = 418.509
ROUND 682 A#31 and B#13 = 431.521
ROUND 683 A#32 and B#13 = 389.186
ROUND 684 A#33 and B#13 = 429.019
ROUND 685 A#34 and B#13 = 446.722
ROUND 686 A#35 and B#13 = 434.322
ROUND 687 A#36 and B#13 = 405.473
ROUND 688 A#37 and B#13 = 429.287
ROUND 689 A#38 and B#13 = 500.306
ROUND 690 A#39 and B#13 = 386.848
ROUND 691 A#40 and B#13 = 385.494
ROUND 692 A#41 and B#13 = 544.341
ROUND 693 A#42 and B#13 = 376.197
ROUND 694 A#43 and B#13 = 500.245
ROUND 695 A#44 and B#13 = 374.862
ROUND 696 A#45 and B#13 = 514.231
ROUND 697 A#46 and B#13 = 412.952
ROUND 698 A#47 and B#13 = 494.5
ROUND 699 A#48 and B#13 = 504.8
ROUND 700 A#49 and B#13 = 382.724
ROUND 701 A#0 and B#14 = 418.031
ROUND 702 A#1 and B#14 = 477.038
ROUND 703 A#2 and B#14 = 469.739
ROUND 704 A#3 and B#14 = 360.939
ROUND 705 A#4 and B#14 = 526.916
ROUND 706 A#5 and B#14 = 497.104
ROUND 707 A#6 and B#14 = 423.062
ROUND 708 A#7 and B#14 = 417.29
ROUND 709 A#8 and B#14 = 398.251
ROUND 710 A#9 and B#14 = 514.175
ROUND 711 A#10 and B#14 = 452.488
ROUND 712 A#11 and B#14 = 506.731
ROUND 713 A#12 and B#14 = 370.741
ROUND 714 A#13 and B#14 = 376.982
ROUND 715 A#14 and B#14 = 407.44
ROUND 716 A#15 and B#14 = 465.197
ROUND 717 A#16 and B#14 = 466.613
ROUND 718 A#17 and B#14 = 419.437
ROUND 719 A#18 and B#14 = 442.628
ROUND 720 A#19 and B#14 = 414.07
ROUND 721 A#20 and B#14 = 433.353
ROUND 722 A#21 and B#14 = 405.673
ROUND 723 A#22 and B#14 = 404.95
ROUND 724 A#23 and B#14 = 479.783
ROUND 725 A#24 and B#14 = 435.379
ROUND 726 A#25 and B#14 = 415.894
ROUND 727 A#26 and B#14 = 469.601
ROUND 728 A#27 and B#14 = 416.872
ROUND 729 A#28 and B#14 = 383.798
ROUND 730 A#29 and B#14 = 391.742
ROUND 731 A#30 and B#14 = 495.502
ROUND 732 A#31 and B#14 = 415.614
ROUND 733 A#32 and B#14 = 413.47
ROUND 734 A#33 and B#14 = 407.201
ROUND 735 A#34 and B#14 = 420.918
ROUND 736 A#35 and B#14 = 409.811
ROUND 737 A#36 and B#14 = 493.156
ROUND 738 A#37 and B#14 = 454.048
ROUND 739 A#38 and B#14 = 393.951
ROUND 740 A#39 and B#14 = 380.814
ROUND 741 A#40 and B#14 = 382.512
ROUND 742 A#41 and B#14 = 489.782
ROUND 743 A#42 and B#14 = 410.856
ROUND 744 A#43 and B#14 = 504.054
ROUND 745 A#44 and B#14 = 385.821
ROUND 746 A#45 and B#14 = 427.725
ROUND 747 A#46 and B#14 = 440.206
ROUND 748 A#47 and B#14 = 409.833
ROUND 749 A#48 and B#14 = 410.99
ROUND 750 A#49 and B#14 = 403.362
ROUND 751 A#0 and B#15 = 381.772
ROUND 752 A#1 and B#15 = 461.504
ROUND 753 A#2 and B#15 = 454.676
ROUND 754 A#3 and B#15 = 460.455
ROUND 755 A#4 and B#15 = 506.287
ROUND 756 A#5 and B#15 = 460.391
ROUND 757 A#6 and B#15 = 488.323
ROUND 758 A#7 and B#15 = 482.145
ROUND 759 A#8 and B#15 = 401.209
ROUND 760 A#9 and B#15 = 509.459
ROUND 761 A#10 and B#15 = 458.808
ROUND 762 A#11 and B#15 = 468.304
ROUND 763 A#12 and B#15 = 476.538
ROUND 764 A#13 and B#15 = 476.998
ROUND 765 A#14 and B#15 = 504.318
ROUND 766 A#15 and B#15 = 478.086
ROUND 767 A#16 and B#15 = 448.092
ROUND 768 A#17 and B#15 = 522.862
ROUND 769 A#18 and B#15 = 478.135
ROUND 770 A#19 and B#15 = 478.925
ROUND 771 A#20 and B#15 = 423.324
ROUND 772 A#21 and B#15 = 531.752
ROUND 773 A#22 and B#15 = 423.329
ROUND 774 A#23 and B#15 = 470.116
ROUND 775 A#24 and B#15 = 420.548
ROUND 776 A#25 and B#15 = 503.87
ROUND 777 A#26 and B#15 = 464.52
ROUND 778 A#27 and B#15 = 448.037
ROUND 779 A#28 and B#15 = 465.399
ROUND 780 A#29 and B#15 = 434.729
ROUND 781 A#30 and B#15 = 455.169
ROUND 782 A#31 and B#15 = 459.79
ROUND 783 A#32 and B#15 = 372.73
ROUND 784 A#33 and B#15 = 466.994
ROUND 785 A#34 and B#15 = 480.726
ROUND 786 A#35 and B#15 = 472.732
ROUND 787 A#36 and B#15 = 418.112
ROUND 788 A#37 and B#15 = 494.075
ROUND 789 A#38 and B#15 = 435.469
ROUND 790 A#39 and B#15 = 478.122
ROUND 791 A#40 and B#15 = 472.843
ROUND 792 A#41 and B#15 = 484.345
ROUND 793 A#42 and B#15 = 473.527
ROUND 794 A#43 and B#15 = 547.243
ROUND 795 A#44 and B#15 = 493.414
ROUND 796 A#45 and B#15 = 423.507
ROUND 797 A#46 and B#15 = 465.34
ROUND 798 A#47 and B#15 = 445.604
ROUND 799 A#48 and B#15 = 441.481
ROUND 800 A#49 and B#15 = 489.397
ROUND 801 A#0 and B#16 = 424.454
ROUND 802 A#1 and B#16 = 480.308
ROUND 803 A#2 and B#16 = 473.842
ROUND 804 A#3 and B#16 = 418.012
ROUND 805 A#4 and B#16 = 411.959
ROUND 806 A#5 and B#16 = 414.797
ROUND 807 A#6 and B#16 = 416.448
ROUND 808 A#7 and B#16 = 399.142
ROUND 809 A#8 and B#16 = 465.904
ROUND 810 A#9 and B#16 = 405.452
ROUND 811 A#10 and B#16 = 437.632
ROUND 812 A#11 and B#16 = 409.316
ROUND 813 A#12 and B#16 = 461.185
ROUND 814 A#13 and B#16 = 461.757
ROUND 815 A#14 and B#16 = 445.01
ROUND 816 A#15 and B#16 = 468.828
ROUND 817 A#16 and B#16 = 477.983
ROUND 818 A#17 and B#16 = 426.241
ROUND 819 A#18 and B#16 = 434.785
ROUND 820 A#19 and B#16 = 391.073
ROUND 821 A#20 and B#16 = 408.061
ROUND 822 A#21 and B#16 = 495.913
ROUND 823 A#22 and B#16 = 435.617
ROUND 824 A#23 and B#16 = 429.048
ROUND 825 A#24 and B#16 = 420.422
ROUND 826 A#25 and B#16 = 462.948
ROUND 827 A#26 and B#16 = 492.133
ROUND 828 A#27 and B#16 = 432.762
ROUND 829 A#28 and B#16 = 324.362
ROUND 830 A#29 and B#16 = 475.711
ROUND 831 A#30 and B#16 = 418.88
ROUND 832 A#31 and B#16 = 413.647
ROUND 833 A#32 and B#16 = 342.275
ROUND 834 A#33 and B#16 = 462.488
ROUND 835 A#34 and B#16 = 455.628
ROUND 836 A#35 and B#16 = 421.738
ROUND 837 A#36 and B#16 = 444.333
ROUND 838 A#37 and B#16 = 447.238
ROUND 839 A#38 and B#16 = 431.948
ROUND 840 A#39 and B#16 = 430.532
ROUND 841 A#40 and B#16 = 436.748
ROUND 842 A#41 and B#16 = 522.596
ROUND 843 A#42 and B#16 = 438.281
ROUND 844 A#43 and B#16 = 515.228
ROUND 845 A#44 and B#16 = 438.716
ROUND 846 A#45 and B#16 = 409.879
ROUND 847 A#46 and B#16 = 429.26
ROUND 848 A#47 and B#16 = 399.264
ROUND 849 A#48 and B#16 = 368.788
ROUND 850 A#49 and B#16 = 451.495
ROUND 851 A#0 and B#17 = 445.586
ROUND 852 A#1 and B#17 = 521.473
ROUND 853 A#2 and B#17 = 473.655
ROUND 854 A#3 and B#17 = 387.699
ROUND 855 A#4 and B#17 = 386.03
ROUND 856 A#5 and B#17 = 387.681
ROUND 857 A#6 and B#17 = 446.716
ROUND 858 A#7 and B#17 = 392.417
ROUND 859 A#8 and B#17 = 377.936
ROUND 860 A#9 and B#17 = 390.608
ROUND 861 A#10 and B#17 = 520.84
ROUND 862 A#11 and B#17 = 389.187
ROUND 863 A#12 and B#17 = 456.225
ROUND 864 A#13 and B#17 = 454.838
ROUND 865 A#14 and B#17 = 446.297
ROUND 866 A#15 and B#17 = 436.698
ROUND 867 A#16 and B#17 = 478.727
ROUND 868 A#17 and B#17 = 504.627
ROUND 869 A#18 and B#17 = 412.723
ROUND 870 A#19 and B#17 = 432.288
ROUND 871 A#20 and B#17 = 464.728
ROUND 872 A#21 and B#17 = 430.078
ROUND 873 A#22 and B#17 = 449.502
ROUND 874 A#23 and B#17 = 479.757
ROUND 875 A#24 and B#17 = 455.712
ROUND 876 A#25 and B#17 = 465.893
ROUND 877 A#26 and B#17 = 496.747
ROUND 878 A#27 and B#17 = 425.196
ROUND 879 A#28 and B#17 = 385.401
ROUND 880 A#29 and B#17 = 458.745
ROUND 881 A#30 and B#17 = 486.184
ROUND 882 A#31 and B#17 = 537.957
ROUND 883 A#32 and B#17 = 358.056
ROUND 884 A#33 and B#17 = 443.487
ROUND 885 A#34 and B#17 = 437.648
ROUND 886 A#35 and B#17 = 498.645
ROUND 887 A#36 and B#17 = 450.348
ROUND 888 A#37 and B#17 = 529.716
ROUND 889 A#38 and B#17 = 453.047
ROUND 890 A#39 and B#17 = 397.923
ROUND 891 A#40 and B#17 = 458.628
ROUND 892 A#41 and B#17 = 505.472
ROUND 893 A#42 and B#17 = 495.409
ROUND 894 A#43 and B#17 = 448.59
ROUND 895 A#44 and B#17 = 433.119
ROUND 896 A#45 and B#17 = 453.833
ROUND 897 A#46 and B#17 = 438.462
ROUND 898 A#47 and B#17 = 504.386
ROUND 899 A#48 and B#17 = 499.018
ROUND 900 A#49 and B#17 = 410.601
ROUND 901 A#0 and B#18 = 378.343
ROUND 902 A#1 and B#18 = 430.019
ROUND 903 A#2 and B#18 = 484.06
ROUND 904 A#3 and B#18 = 490.803
ROUND 905 A#4 and B#18 = 498.891
ROUND 906 A#5 and B#18 = 484.651
ROUND 907 A#6 and B#18 = 421.373
ROUND 908 A#7 and B#18 = 413.799
ROUND 909 A#8 and B#18 = 488.094
ROUND 910 A#9 and B#18 = 499.342
ROUND 911 A#10 and B#18 = 477.279
ROUND 912 A#11 and B#18 = 350.61
ROUND 913 A#12 and B#18 = 499.238
ROUND 914 A#13 and B#18 = 502.749
ROUND 915 A#14 and B#18 = 397.209
ROUND 916 A#15 and B#18 = 504.269
ROUND 917 A#16 and B#18 = 505.003
ROUND 918 A#17 and B#18 = 395.69
ROUND 919 A#18 and B#18 = 421.743
ROUND 920 A#19 and B#18 = 399.166
ROUND 921 A#20 and B#18 = 512.781
ROUND 922 A#21 and B#18 = 372.578
ROUND 923 A#22 and B#18 = 439.416
ROUND 924 A#23 and B#18 = 431.682
ROUND 925 A#24 and B#18 = 507.837
ROUND 926 A#25 and B#18 = 438.872
ROUND 927 A#26 and B#18 = 472.542
ROUND 928 A#27 and B#18 = 378.084
ROUND 929 A#28 and B#18 = 350.597
ROUND 930 A#29 and B#18 = 436.484
ROUND 931 A#30 and B#18 = 473.434
ROUND 932 A#31 and B#18 = 464.305
ROUND 933 A#32 and B#18 = 445.606
ROUND 934 A#33 and B#18 = 443.599
ROUND 935 A#34 and B#18 = 513.126
ROUND 936 A#35 and B#18 = 409.175
ROUND 937 A#36 and B#18 = 415.587
ROUND 938 A#37 and B#18 = 408.876
ROUND 939 A#38 and B#18 = 436.084
ROUND 940 A#39 and B#18 = 311.072
ROUND 941 A#40 and B#18 = 341.068
ROUND 942 A#41 and B#18 = 507.861
ROUND 943 A#42 and B#18 = 390.248
ROUND 944 A#43 and B#18 = 384.118
ROUND 945 A#44 and B#18 = 305.568
ROUND 946 A#45 and B#18 = 515.915
ROUND 947 A#46 and B#18 = 397.49
ROUND 948 A#47 and B#18 = 415.451
ROUND 949 A#48 and B#18 = 383.392
ROUND 950 A#49 and B#18 = 376.267
ROUND 951 A#0 and B#19 = 370.457
ROUND 952 A#1 and B#19 = 451.547
ROUND 953 A#2 and B#19 = 447.651
ROUND 954 A#3 and B#19 = 403.576
ROUND 955 A#4 and B#19 = 421.636
ROUND 956 A#5 and B#19 = 404.255
ROUND 957 A#6 and B#19 = 472.55
ROUND 958 A#7 and B#19 = 465.199
ROUND 959 A#8 and B#19 = 398.68
ROUND 960 A#9 and B#19 = 406.234
ROUND 961 A#10 and B#19 = 483.323
ROUND 962 A#11 and B#19 = 403.737
ROUND 963 A#12 and B#19 = 471.141
ROUND 964 A#13 and B#19 = 474.159
ROUND 965 A#14 and B#19 = 498.789
ROUND 966 A#15 and B#19 = 494.246
ROUND 967 A#16 and B#19 = 438.544
ROUND 968 A#17 and B#19 = 489.749
ROUND 969 A#18 and B#19 = 464.301
ROUND 970 A#19 and B#19 = 461.236
ROUND 971 A#20 and B#19 = 414.255
ROUND 972 A#21 and B#19 = 521.402
ROUND 973 A#22 and B#19 = 435.398
ROUND 974 A#23 and B#19 = 470.801
ROUND 975 A#24 and B#19 = 412.126
ROUND 976 A#25 and B#19 = 468.032
ROUND 977 A#26 and B#19 = 448.231
ROUND 978 A#27 and B#19 = 440.936
ROUND 979 A#28 and B#19 = 448.009
ROUND 980 A#29 and B#19 = 431.677
ROUND 981 A#30 and B#19 = 437.054
ROUND 982 A#31 and B#19 = 454.185
ROUND 983 A#32 and B#19 = 360.737
ROUND 984 A#33 and B#19 = 429.637
ROUND 985 A#34 and B#19 = 374.46
ROUND 986 A#35 and B#19 = 454.766
ROUND 987 A#36 and B#19 = 464.142
ROUND 988 A#37 and B#19 = 470.433
ROUND 989 A#38 and B#19 = 438.9
ROUND 990 A#39 and B#19 = 458.739
ROUND 991 A#40 and B#19 = 454.162
ROUND 992 A#41 and B#19 = 473.559
ROUND 993 A#42 and B#19 = 459.196
ROUND 994 A#43 and B#19 = 524.826
ROUND 995 A#44 and B#19 = 478.162
ROUND 996 A#45 and B#19 = 413.688
ROUND 997 A#46 and B#19 = 452.049
ROUND 998 A#47 and B#19 = 444.158
ROUND 999 A#48 and B#19 = 426.631
ROUND 1000 A#49 and B#19 = 472.563
ROUND 1001 A#0 and B#20 = 456.467
ROUND 1002 A#1 and B#20 = 468.183
ROUND 1003 A#2 and B#20 = 467.62
ROUND 1004 A#3 and B#20 = 500.333
ROUND 1005 A#4 and B#20 = 524.082
ROUND 1006 A#5 and B#20 = 500.901
ROUND 1007 A#6 and B#20 = 425.694
ROUND 1008 A#7 and B#20 = 415.668
ROUND 1009 A#8 and B#20 = 406.678
ROUND 1010 A#9 and B#20 = 512.384
ROUND 1011 A#10 and B#20 = 450.281
ROUND 1012 A#11 and B#20 = 510.633
ROUND 1013 A#12 and B#20 = 372.553
ROUND 1014 A#13 and B#20 = 382.366
ROUND 1015 A#14 and B#20 = 411.594
ROUND 1016 A#15 and B#20 = 458.476
ROUND 1017 A#16 and B#20 = 469.767
ROUND 1018 A#17 and B#20 = 416.247
ROUND 1019 A#18 and B#20 = 414.787
ROUND 1020 A#19 and B#20 = 407.462
ROUND 1021 A#20 and B#20 = 431.43
ROUND 1022 A#21 and B#20 = 389.178
ROUND 1023 A#22 and B#20 = 398.302
ROUND 1024 A#23 and B#20 = 490.989
ROUND 1025 A#24 and B#20 = 439.033
ROUND 1026 A#25 and B#20 = 412.188
ROUND 1027 A#26 and B#20 = 471.086
ROUND 1028 A#27 and B#20 = 407.769
ROUND 1029 A#28 and B#20 = 373.732
ROUND 1030 A#29 and B#20 = 471.958
ROUND 1031 A#30 and B#20 = 486.852
ROUND 1032 A#31 and B#20 = 428.77
ROUND 1033 A#32 and B#20 = 413.869
ROUND 1034 A#33 and B#20 = 310.792
ROUND 1035 A#34 and B#20 = 412.942
ROUND 1036 A#35 and B#20 = 406.161
ROUND 1037 A#36 and B#20 = 471.352
ROUND 1038 A#37 and B#20 = 441.607
ROUND 1039 A#38 and B#20 = 392.197
ROUND 1040 A#39 and B#20 = 372.044
ROUND 1041 A#40 and B#20 = 379.929
ROUND 1042 A#41 and B#20 = 497.839
ROUND 1043 A#42 and B#20 = 409.051
ROUND 1044 A#43 and B#20 = 500.608
ROUND 1045 A#44 and B#20 = 442.959
ROUND 1046 A#45 and B#20 = 434.871
ROUND 1047 A#46 and B#20 = 460.094
ROUND 1048 A#47 and B#20 = 433.212
ROUND 1049 A#48 and B#20 = 405.709
ROUND 1050 A#49 and B#20 = 439.122
ROUND 1051 A#0 and B#21 = 462.812
ROUND 1052 A#1 and B#21 = 509.825
ROUND 1053 A#2 and B#21 = 448.539
ROUND 1054 A#3 and B#21 = 431.888
ROUND 1055 A#4 and B#21 = 441.771
ROUND 1056 A#5 and B#21 = 432.502
ROUND 1057 A#6 and B#21 = 458.974
ROUND 1058 A#7 and B#21 = 400.561
ROUND 1059 A#8 and B#21 = 425.727
ROUND 1060 A#9 and B#21 = 426.944
ROUND 1061 A#10 and B#21 = 519.34
ROUND 1062 A#11 and B#21 = 433.866
ROUND 1063 A#12 and B#21 = 435.819
ROUND 1064 A#13 and B#21 = 433.358
ROUND 1065 A#14 and B#21 = 551.311
ROUND 1066 A#15 and B#21 = 469.718
ROUND 1067 A#16 and B#21 = 456.595
ROUND 1068 A#17 and B#21 = 486.38
ROUND 1069 A#18 and B#21 = 342.991
ROUND 1070 A#19 and B#21 = 436.65
ROUND 1071 A#20 and B#21 = 455.324
ROUND 1072 A#21 and B#21 = 546.252
ROUND 1073 A#22 and B#21 = 464.137
ROUND 1074 A#23 and B#21 = 524.469
ROUND 1075 A#24 and B#21 = 411.995
ROUND 1076 A#25 and B#21 = 511.788
ROUND 1077 A#26 and B#21 = 466.106
ROUND 1078 A#27 and B#21 = 422.073
ROUND 1079 A#28 and B#21 = 339.389
ROUND 1080 A#29 and B#21 = 439.616
ROUND 1081 A#30 and B#21 = 442.48
ROUND 1082 A#31 and B#21 = 464.834
ROUND 1083 A#32 and B#21 = 343.927
ROUND 1084 A#33 and B#21 = 494.654
ROUND 1085 A#34 and B#21 = 479.644
ROUND 1086 A#35 and B#21 = 432.216
ROUND 1087 A#36 and B#21 = 525.438
ROUND 1088 A#37 and B#21 = 424.377
ROUND 1089 A#38 and B#21 = 460.137
ROUND 1090 A#39 and B#21 = 460.614
ROUND 1091 A#40 and B#21 = 457.266
ROUND 1092 A#41 and B#21 = 474.457
ROUND 1093 A#42 and B#21 = 487.07
ROUND 1094 A#43 and B#21 = 518.579
ROUND 1095 A#44 and B#21 = 442.643
ROUND 1096 A#45 and B#21 = 407.878
ROUND 1097 A#46 and B#21 = 499.359
ROUND 1098 A#47 and B#21 = 455.96
ROUND 1099 A#48 and B#21 = 380.658
ROUND 1100 A#49 and B#21 = 471.987
ROUND 1101 A#0 and B#22 = 393.853
ROUND 1102 A#1 and B#22 = 496.975
ROUND 1103 A#2 and B#22 = 496.525
ROUND 1104 A#3 and B#22 = 431.129
ROUND 1105 A#4 and B#22 = 545.59
ROUND 1106 A#5 and B#22 = 561.773
ROUND 1107 A#6 and B#22 = 440.559
ROUND 1108 A#7 and B#22 = 380.221
ROUND 1109 A#8 and B#22 = 471.23
ROUND 1110 A#9 and B#22 = 557.283
ROUND 1111 A#10 and B#22 = 472.99
ROUND 1112 A#11 and B#22 = 396.699
ROUND 1113 A#12 and B#22 = 440.293
ROUND 1114 A#13 and B#22 = 441.647
ROUND 1115 A#14 and B#22 = 563.894
ROUND 1116 A#15 and B#22 = 421.881
ROUND 1117 A#16 and B#22 = 502.097
ROUND 1118 A#17 and B#22 = 459.96
ROUND 1119 A#18 and B#22 = 399.72
ROUND 1120 A#19 and B#22 = 418.746
ROUND 1121 A#20 and B#22 = 426.319
ROUND 1122 A#21 and B#22 = 552.315
ROUND 1123 A#22 and B#22 = 368.784
ROUND 1124 A#23 and B#22 = 491.699
ROUND 1125 A#24 and B#22 = 428.993
ROUND 1126 A#25 and B#22 = 510.81
ROUND 1127 A#26 and B#22 = 525.087
ROUND 1128 A#27 and B#22 = 409.862
ROUND 1129 A#28 and B#22 = 427.327
ROUND 1130 A#29 and B#22 = 469.465
ROUND 1131 A#30 and B#22 = 404.033
ROUND 1132 A#31 and B#22 = 433.136
ROUND 1133 A#32 and B#22 = 304.754
ROUND 1134 A#33 and B#22 = 510.555
ROUND 1135 A#34 and B#22 = 535.498
ROUND 1136 A#35 and B#22 = 372.489
ROUND 1137 A#36 and B#22 = 507.476
ROUND 1138 A#37 and B#22 = 423.222
ROUND 1139 A#38 and B#22 = 371.844
ROUND 1140 A#39 and B#22 = 254.293
ROUND 1141 A#40 and B#22 = 253.924
ROUND 1142 A#41 and B#22 = 484.389
ROUND 1143 A#42 and B#22 = 485.498
ROUND 1144 A#43 and B#22 = 457.417
ROUND 1145 A#44 and B#22 = 359.212
ROUND 1146 A#45 and B#22 = 426.41
ROUND 1147 A#46 and B#22 = 402.546
ROUND 1148 A#47 and B#22 = 408.373
ROUND 1149 A#48 and B#22 = 367.814
ROUND 1150 A#49 and B#22 = 422.542
ROUND 1151 A#0 and B#23 = 393.255
ROUND 1152 A#1 and B#23 = 479.661
ROUND 1153 A#2 and B#23 = 486.372
ROUND 1154 A#3 and B#23 = 498.418
ROUND 1155 A#4 and B#23 = 541.364
ROUND 1156 A#5 and B#23 = 502.861
ROUND 1157 A#6 and B#23 = 412.108
ROUND 1158 A#7 and B#23 = 396.377
ROUND 1159 A#8 and B#23 = 460.721
ROUND 1160 A#9 and B#23 = 511.114
ROUND 1161 A#10 and B#23 = 449.722
ROUND 1162 A#11 and B#23 = 488.724
ROUND 1163 A#12 and B#23 = 433.245
ROUND 1164 A#13 and B#23 = 434.337
ROUND 1165 A#14 and B#23 = 439.698
ROUND 1166 A#15 and B#23 = 426.032
ROUND 1167 A#16 and B#23 = 492.06
ROUND 1168 A#17 and B#23 = 450.99
ROUND 1169 A#18 and B#23 = 403.971
ROUND 1170 A#19 and B#23 = 407.904
ROUND 1171 A#20 and B#23 = 437.72
ROUND 1172 A#21 and B#23 = 452.626
ROUND 1173 A#22 and B#23 = 406.886
ROUND 1174 A#23 and B#23 = 463.645
ROUND 1175 A#24 and B#23 = 437.449
ROUND 1176 A#25 and B#23 = 483.134
ROUND 1177 A#26 and B#23 = 506.818
ROUND 1178 A#27 and B#23 = 434.554
ROUND 1179 A#28 and B#23 = 387.012
ROUND 1180 A#29 and B#23 = 491.737
ROUND 1181 A#30 and B#23 = 384.341
ROUND 1182 A#31 and B#23 = 438.928
ROUND 1183 A#32 and B#23 = 330.671
ROUND 1184 A#33 and B#23 = 395.961
ROUND 1185 A#34 and B#23 = 436.777
ROUND 1186 A#35 and B#23 = 385.465
ROUND 1187 A#36 and B#23 = 477.322
ROUND 1188 A#37 and B#23 = 443.148
ROUND 1189 A#38 and B#23 = 387.18
ROUND 1190 A#39 and B#23 = 381.19
ROUND 1191 A#40 and B#23 = 380.764
ROUND 1192 A#41 and B#23 = 470.556
ROUND 1193 A#42 and B#23 = 493.916
ROUND 1194 A#43 and B#23 = 560.757
ROUND 1195 A#44 and B#23 = 381.36
ROUND 1196 A#45 and B#23 = 432.251
ROUND 1197 A#46 and B#23 = 401.56
ROUND 1198 A#47 and B#23 = 401.919
ROUND 1199 A#48 and B#23 = 428.51
ROUND 1200 A#49 and B#23 = 404.824
ROUND 1201 A#0 and B#24 = 440.039
ROUND 1202 A#1 and B#24 = 481.955
ROUND 1203 A#2 and B#24 = 462.136
ROUND 1204 A#3 and B#24 = 460.267
ROUND 1205 A#4 and B#24 = 507.87
ROUND 1206 A#5 and B#24 = 460.633
ROUND 1207 A#6 and B#24 = 445.743
ROUND 1208 A#7 and B#24 = 414.481
ROUND 1209 A#8 and B#24 = 424.926
ROUND 1210 A#9 and B#24 = 513.356
ROUND 1211 A#10 and B#24 = 482.314
ROUND 1212 A#11 and B#24 = 454.368
ROUND 1213 A#12 and B#24 = 430.776
ROUND 1214 A#13 and B#24 = 428.71
ROUND 1215 A#14 and B#24 = 437.806
ROUND 1216 A#15 and B#24 = 479.791
ROUND 1217 A#16 and B#24 = 423.272
ROUND 1218 A#17 and B#24 = 410.063
ROUND 1219 A#18 and B#24 = 455.639
ROUND 1220 A#19 and B#24 = 424.701
ROUND 1221 A#20 and B#24 = 386.965
ROUND 1222 A#21 and B#24 = 450.881
ROUND 1223 A#22 and B#24 = 385.577
ROUND 1224 A#23 and B#24 = 532.923
ROUND 1225 A#24 and B#24 = 407.585
ROUND 1226 A#25 and B#24 = 414.717
ROUND 1227 A#26 and B#24 = 477.603
ROUND 1228 A#27 and B#24 = 421.587
ROUND 1229 A#28 and B#24 = 420.802
ROUND 1230 A#29 and B#24 = 417.892
ROUND 1231 A#30 and B#24 = 450.33
ROUND 1232 A#31 and B#24 = 460.921
ROUND 1233 A#32 and B#24 = 338.511
ROUND 1234 A#33 and B#24 = 397.453
ROUND 1235 A#34 and B#24 = 396.037
ROUND 1236 A#35 and B#24 = 416.216
ROUND 1237 A#36 and B#24 = 521.623
ROUND 1238 A#37 and B#24 = 461.892
ROUND 1239 A#38 and B#24 = 415.422
ROUND 1240 A#39 and B#24 = 424.483
ROUND 1241 A#40 and B#24 = 422.958
ROUND 1242 A#41 and B#24 = 488.041
ROUND 1243 A#42 and B#24 = 406.513
ROUND 1244 A#43 and B#24 = 500.999
ROUND 1245 A#44 and B#24 = 415.378
ROUND 1246 A#45 and B#24 = 391.826
ROUND 1247 A#46 and B#24 = 440.436
ROUND 1248 A#47 and B#24 = 387.085
ROUND 1249 A#48 and B#24 = 349.431
ROUND 1250 A#49 and B#24 = 412.985
ROUND 1251 A#0 and B#25 = 439.661
ROUND 1252 A#1 and B#25 = 482.568
ROUND 1253 A#2 and B#25 = 462.116
ROUND 1254 A#3 and B#25 = 459.056
ROUND 1255 A#4 and B#25 = 503.665
ROUND 1256 A#5 and B#25 = 459.415
ROUND 1257 A#6 and B#25 = 445.072
ROUND 1258 A#7 and B#25 = 413.34
ROUND 1259 A#8 and B#25 = 471.45
ROUND 1260 A#9 and B#25 = 513.193
ROUND 1261 A#10 and B#25 = 482.443
ROUND 1262 A#11 and B#25 = 453.139
ROUND 1263 A#12 and B#25 = 431.188
ROUND 1264 A#13 and B#25 = 429.117
ROUND 1265 A#14 and B#25 = 438.012
ROUND 1266 A#15 and B#25 = 479.694
ROUND 1267 A#16 and B#25 = 423.245
ROUND 1268 A#17 and B#25 = 409.593
ROUND 1269 A#18 and B#25 = 455.73
ROUND 1270 A#19 and B#25 = 423.657
ROUND 1271 A#20 and B#25 = 386.381
ROUND 1272 A#21 and B#25 = 451.113
ROUND 1273 A#22 and B#25 = 385.738
ROUND 1274 A#23 and B#25 = 533.219
ROUND 1275 A#24 and B#25 = 407.154
ROUND 1276 A#25 and B#25 = 414.236
ROUND 1277 A#26 and B#25 = 477.872
ROUND 1278 A#27 and B#25 = 421.393
ROUND 1279 A#28 and B#25 = 419.484
ROUND 1280 A#29 and B#25 = 418.008
ROUND 1281 A#30 and B#25 = 449.715
ROUND 1282 A#31 and B#25 = 460.386
ROUND 1283 A#32 and B#25 = 338.768
ROUND 1284 A#33 and B#25 = 396.846
ROUND 1285 A#34 and B#25 = 404.045
ROUND 1286 A#35 and B#25 = 416.224
ROUND 1287 A#36 and B#25 = 521.394
ROUND 1288 A#37 and B#25 = 461.911
ROUND 1289 A#38 and B#25 = 415.675
ROUND 1290 A#39 and B#25 = 424.548
ROUND 1291 A#40 and B#25 = 422.784
ROUND 1292 A#41 and B#25 = 488.362
ROUND 1293 A#42 and B#25 = 406.762
ROUND 1294 A#43 and B#25 = 499.272
ROUND 1295 A#44 and B#25 = 416.293
ROUND 1296 A#45 and B#25 = 390.864
ROUND 1297 A#46 and B#25 = 440.773
ROUND 1298 A#47 and B#25 = 386.578
ROUND 1299 A#48 and B#25 = 349.375
ROUND 1300 A#49 and B#25 = 451.364
ROUND 1301 A#0 and B#26 = 474.399
ROUND 1302 A#1 and B#26 = 481.229
ROUND 1303 A#2 and B#26 = 492.173
ROUND 1304 A#3 and B#26 = 477.112
ROUND 1305 A#4 and B#26 = 509.926
ROUND 1306 A#5 and B#26 = 475.324
ROUND 1307 A#6 and B#26 = 427.576
ROUND 1308 A#7 and B#26 = 397.602
ROUND 1309 A#8 and B#26 = 420.181
ROUND 1310 A#9 and B#26 = 430.721
ROUND 1311 A#10 and B#26 = 447.989
ROUND 1312 A#11 and B#26 = 467.06
ROUND 1313 A#12 and B#26 = 407.286
ROUND 1314 A#13 and B#26 = 407.146
ROUND 1315 A#14 and B#26 = 463.726
ROUND 1316 A#15 and B#26 = 410.266
ROUND 1317 A#16 and B#26 = 490.363
ROUND 1318 A#17 and B#26 = 457.168
ROUND 1319 A#18 and B#26 = 391.495
ROUND 1320 A#19 and B#26 = 402.914
ROUND 1321 A#20 and B#26 = 449.571
ROUND 1322 A#21 and B#26 = 467.214
ROUND 1323 A#22 and B#26 = 364.771
ROUND 1324 A#23 and B#26 = 467.107
ROUND 1325 A#24 and B#26 = 475.425
ROUND 1326 A#25 and B#26 = 451.807
ROUND 1327 A#26 and B#26 = 506.036
ROUND 1328 A#27 and B#26 = 402.191
ROUND 1329 A#28 and B#26 = 375.804
ROUND 1330 A#29 and B#26 = 472.55
ROUND 1331 A#30 and B#26 = 475.355
ROUND 1332 A#31 and B#26 = 462.273
ROUND 1333 A#32 and B#26 = 398.821
ROUND 1334 A#33 and B#26 = 397.304
ROUND 1335 A#34 and B#26 = 487.397
ROUND 1336 A#35 and B#26 = 447.787
ROUND 1337 A#36 and B#26 = 461.532
ROUND 1338 A#37 and B#26 = 452.834
ROUND 1339 A#38 and B#26 = 422.963
ROUND 1340 A#39 and B#26 = 360.79
ROUND 1341 A#40 and B#26 = 368.635
ROUND 1342 A#41 and B#26 = 489.459
ROUND 1343 A#42 and B#26 = 457.196
ROUND 1344 A#43 and B#26 = 521.127
ROUND 1345 A#44 and B#26 = 448.235
ROUND 1346 A#45 and B#26 = 467.901
ROUND 1347 A#46 and B#26 = 472.265
ROUND 1348 A#47 and B#26 = 490.596
ROUND 1349 A#48 and B#26 = 392.45
ROUND 1350 A#49 and B#26 = 430.488
ROUND 1351 A#0 and B#27 = 382.119
ROUND 1352 A#1 and B#27 = 462.08
ROUND 1353 A#2 and B#27 = 455.987
ROUND 1354 A#3 and B#27 = 422.202
ROUND 1355 A#4 and B#27 = 507.412
ROUND 1356 A#5 and B#27 = 460.781
ROUND 1357 A#6 and B#27 = 490.249
ROUND 1358 A#7 and B#27 = 482.756
ROUND 1359 A#8 and B#27 = 402.872
ROUND 1360 A#9 and B#27 = 510.79
ROUND 1361 A#10 and B#27 = 460.219
ROUND 1362 A#11 and B#27 = 528.876
ROUND 1363 A#12 and B#27 = 475.343
ROUND 1364 A#13 and B#27 = 481.527
ROUND 1365 A#14 and B#27 = 505.52
ROUND 1366 A#15 and B#27 = 479.558
ROUND 1367 A#16 and B#27 = 450.284
ROUND 1368 A#17 and B#27 = 522.906
ROUND 1369 A#18 and B#27 = 476.79
ROUND 1370 A#19 and B#27 = 479.279
ROUND 1371 A#20 and B#27 = 422.992
ROUND 1372 A#21 and B#27 = 532.933
ROUND 1373 A#22 and B#27 = 423.499
ROUND 1374 A#23 and B#27 = 470.429
ROUND 1375 A#24 and B#27 = 420.259
ROUND 1376 A#25 and B#27 = 504.23
ROUND 1377 A#26 and B#27 = 465.192
ROUND 1378 A#27 and B#27 = 448.312
ROUND 1379 A#28 and B#27 = 463.829
ROUND 1380 A#29 and B#27 = 435.455
ROUND 1381 A#30 and B#27 = 454.31
ROUND 1382 A#31 and B#27 = 460.634
ROUND 1383 A#32 and B#27 = 373.19
ROUND 1384 A#33 and B#27 = 465.862
ROUND 1385 A#34 and B#27 = 480.106
ROUND 1386 A#35 and B#27 = 472.197
ROUND 1387 A#36 and B#27 = 418.314
ROUND 1388 A#37 and B#27 = 494.259
ROUND 1389 A#38 and B#27 = 435.92
ROUND 1390 A#39 and B#27 = 475.712
ROUND 1391 A#40 and B#27 = 471.242
ROUND 1392 A#41 and B#27 = 485.592
ROUND 1393 A#42 and B#27 = 475.366
ROUND 1394 A#43 and B#27 = 549.004
ROUND 1395 A#44 and B#27 = 490.364
ROUND 1396 A#45 and B#27 = 423.506
ROUND 1397 A#46 and B#27 = 464.793
ROUND 1398 A#47 and B#27 = 446.096
ROUND 1399 A#48 and B#27 = 441.985
ROUND 1400 A#49 and B#27 = 487.189
ROUND 1401 A#0 and B#28 = 511.383
ROUND 1402 A#1 and B#28 = 413.007
ROUND 1403 A#2 and B#28 = 486.62
ROUND 1404 A#3 and B#28 = 521.601
ROUND 1405 A#4 and B#28 = 472.193
ROUND 1406 A#5 and B#28 = 522.852
ROUND 1407 A#6 and B#28 = 438.825
ROUND 1408 A#7 and B#28 = 409.788
ROUND 1409 A#8 and B#28 = 514.202
ROUND 1410 A#9 and B#28 = 500.703
ROUND 1411 A#10 and B#28 = 497.12
ROUND 1412 A#11 and B#28 = 544.39
ROUND 1413 A#12 and B#28 = 511.941
ROUND 1414 A#13 and B#28 = 512.262
ROUND 1415 A#14 and B#28 = 548.314
ROUND 1416 A#15 and B#28 = 514.221
ROUND 1417 A#16 and B#28 = 482.951
ROUND 1418 A#17 and B#28 = 507.023
ROUND 1419 A#18 and B#28 = 430.685
ROUND 1420 A#19 and B#28 = 446.428
ROUND 1421 A#20 and B#28 = 499.924
ROUND 1422 A#21 and B#28 = 536.828
ROUND 1423 A#22 and B#28 = 509.828
ROUND 1424 A#23 and B#28 = 425.768
ROUND 1425 A#24 and B#28 = 529.389
ROUND 1426 A#25 and B#28 = 522.287
ROUND 1427 A#26 and B#28 = 496.156
ROUND 1428 A#27 and B#28 = 440.511
ROUND 1429 A#28 and B#28 = 404.118
ROUND 1430 A#29 and B#28 = 506.251
ROUND 1431 A#30 and B#28 = 474.771
ROUND 1432 A#31 and B#28 = 445.073
ROUND 1433 A#32 and B#28 = 404.894
ROUND 1434 A#33 and B#28 = 404.105
ROUND 1435 A#34 and B#28 = 465.568
ROUND 1436 A#35 and B#28 = 437.269
ROUND 1437 A#36 and B#28 = 409.198
ROUND 1438 A#37 and B#28 = 412.922
ROUND 1439 A#38 and B#28 = 509.895
ROUND 1440 A#39 and B#28 = 420.391
ROUND 1441 A#40 and B#28 = 409.737
ROUND 1442 A#41 and B#28 = 519.578
ROUND 1443 A#42 and B#28 = 426.902
ROUND 1444 A#43 and B#28 = 526.491
ROUND 1445 A#44 and B#28 = 318.702
ROUND 1446 A#45 and B#28 = 525.005
ROUND 1447 A#46 and B#28 = 355.777
ROUND 1448 A#47 and B#28 = 514.632
ROUND 1449 A#48 and B#28 = 517.035
ROUND 1450 A#49 and B#28 = 344.89
ROUND 1451 A#0 and B#29 = 423.855
ROUND 1452 A#1 and B#29 = 528.199
ROUND 1453 A#2 and B#29 = 451.626
ROUND 1454 A#3 and B#29 = 537.317
ROUND 1455 A#4 and B#29 = 553.261
ROUND 1456 A#5 and B#29 = 537.72
ROUND 1457 A#6 and B#29 = 508.614
ROUND 1458 A#7 and B#29 = 436.537
ROUND 1459 A#8 and B#29 = 384.706
ROUND 1460 A#9 and B#29 = 548.744
ROUND 1461 A#10 and B#29 = 535.237
ROUND 1462 A#11 and B#29 = 541.885
ROUND 1463 A#12 and B#29 = 432.564
ROUND 1464 A#13 and B#29 = 434.737
ROUND 1465 A#14 and B#29 = 544.059
ROUND 1466 A#15 and B#29 = 450.674
ROUND 1467 A#16 and B#29 = 445.944
ROUND 1468 A#17 and B#29 = 492.317
ROUND 1469 A#18 and B#29 = 350.204
ROUND 1470 A#19 and B#29 = 433.546
ROUND 1471 A#20 and B#29 = 464.755
ROUND 1472 A#21 and B#29 = 568.401
ROUND 1473 A#22 and B#29 = 540.2
ROUND 1474 A#23 and B#29 = 495.82
ROUND 1475 A#24 and B#29 = 463.098
ROUND 1476 A#25 and B#29 = 487.239
ROUND 1477 A#26 and B#29 = 456.86
ROUND 1478 A#27 and B#29 = 363.653
ROUND 1479 A#28 and B#29 = 390.513
ROUND 1480 A#29 and B#29 = 507.704
ROUND 1481 A#30 and B#29 = 523.28
ROUND 1482 A#31 and B#29 = 520.872
ROUND 1483 A#32 and B#29 = 375.018
ROUND 1484 A#33 and B#29 = 484.21
ROUND 1485 A#34 and B#29 = 422.081
ROUND 1486 A#35 and B#29 = 448.859
ROUND 1487 A#36 and B#29 = 469.561
ROUND 1488 A#37 and B#29 = 524.381
ROUND 1489 A#38 and B#29 = 472.778
ROUND 1490 A#39 and B#29 = 393.279
ROUND 1491 A#40 and B#29 = 386.95
ROUND 1492 A#41 and B#29 = 440.767
ROUND 1493 A#42 and B#29 = 519.115
ROUND 1494 A#43 and B#29 = 543.965
ROUND 1495 A#44 and B#29 = 395.404
ROUND 1496 A#45 and B#29 = 476.225
ROUND 1497 A#46 and B#29 = 517.941
ROUND 1498 A#47 and B#29 = 541.35
ROUND 1499 A#48 and B#29 = 534.128
ROUND 1500 A#49 and B#29 = 362.567
ROUND 1501 A#0 and B#30 = 444.442
ROUND 1502 A#1 and B#30 = 470.237
ROUND 1503 A#2 and B#30 = 474.426
ROUND 1504 A#3 and B#30 = 389.472
ROUND 1505 A#4 and B#30 = 386.003
ROUND 1506 A#5 and B#30 = 389.556
ROUND 1507 A#6 and B#30 = 448.882
ROUND 1508 A#7 and B#30 = 393.06
ROUND 1509 A#8 and B#30 = 379.456
ROUND 1510 A#9 and B#30 = 392.394
ROUND 1511 A#10 and B#30 = 525.311
ROUND 1512 A#11 and B#30 = 390.953
ROUND 1513 A#12 and B#30 = 457.329
ROUND 1514 A#13 and B#30 = 455.653
ROUND 1515 A#14 and B#30 = 448.907
ROUND 1516 A#15 and B#30 = 438.51
ROUND 1517 A#16 and B#30 = 478.577
ROUND 1518 A#17 and B#30 = 502.874
ROUND 1519 A#18 and B#30 = 412.499
ROUND 1520 A#19 and B#30 = 433.071
ROUND 1521 A#20 and B#30 = 467.283
ROUND 1522 A#21 and B#30 = 422.913
ROUND 1523 A#22 and B#30 = 447.707
ROUND 1524 A#23 and B#30 = 481.205
ROUND 1525 A#24 and B#30 = 457.815
ROUND 1526 A#25 and B#30 = 467.445
ROUND 1527 A#26 and B#30 = 470.041
ROUND 1528 A#27 and B#30 = 425.12
ROUND 1529 A#28 and B#30 = 385.399
ROUND 1530 A#29 and B#30 = 460.118
ROUND 1531 A#30 and B#30 = 450.975
ROUND 1532 A#31 and B#30 = 537.637
ROUND 1533 A#32 and B#30 = 358.454
ROUND 1534 A#33 and B#30 = 445.135
ROUND 1535 A#34 and B#30 = 437.822
ROUND 1536 A#35 and B#30 = 497.508
ROUND 1537 A#36 and B#30 = 451.965
ROUND 1538 A#37 and B#30 = 528.266
ROUND 1539 A#38 and B#30 = 453.323
ROUND 1540 A#39 and B#30 = 395.107
ROUND 1541 A#40 and B#30 = 456.683
ROUND 1542 A#41 and B#30 = 507.125
ROUND 1543 A#42 and B#30 = 495.456
ROUND 1544 A#43 and B#30 = 471.055
ROUND 1545 A#44 and B#30 = 430.929
ROUND 1546 A#45 and B#30 = 455.363
ROUND 1547 A#46 and B#30 = 437.436
ROUND 1548 A#47 and B#30 = 506.642
ROUND 1549 A#48 and B#30 = 498.021
ROUND 1550 A#49 and B#30 = 428.899
ROUND 1551 A#0 and B#31 = 398.859
ROUND 1552 A#1 and B#31 = 473.717
ROUND 1553 A#2 and B#31 = 495.962
ROUND 1554 A#3 and B#31 = 493.142
ROUND 1555 A#4 and B#31 = 546.452
ROUND 1556 A#5 and B#31 = 497.13
ROUND 1557 A#6 and B#31 = 413.813
ROUND 1558 A#7 and B#31 = 440.036
ROUND 1559 A#8 and B#31 = 460.167
ROUND 1560 A#9 and B#31 = 486.372
ROUND 1561 A#10 and B#31 = 427.256
ROUND 1562 A#11 and B#31 = 493.628
ROUND 1563 A#12 and B#31 = 433.11
ROUND 1564 A#13 and B#31 = 433.88
ROUND 1565 A#14 and B#31 = 447.37
ROUND 1566 A#15 and B#31 = 426.004
ROUND 1567 A#16 and B#31 = 508.022
ROUND 1568 A#17 and B#31 = 424.441
ROUND 1569 A#18 and B#31 = 414.656
ROUND 1570 A#19 and B#31 = 418.004
ROUND 1571 A#20 and B#31 = 450.968
ROUND 1572 A#21 and B#31 = 459.955
ROUND 1573 A#22 and B#31 = 408.514
ROUND 1574 A#23 and B#31 = 479.22
ROUND 1575 A#24 and B#31 = 429.521
ROUND 1576 A#25 and B#31 = 386.408
ROUND 1577 A#26 and B#31 = 513.702
ROUND 1578 A#27 and B#31 = 439.256
ROUND 1579 A#28 and B#31 = 401.992
ROUND 1580 A#29 and B#31 = 495.681
ROUND 1581 A#30 and B#31 = 409.811
ROUND 1582 A#31 and B#31 = 423.696
ROUND 1583 A#32 and B#31 = 398.29
ROUND 1584 A#33 and B#31 = 404.916
ROUND 1585 A#34 and B#31 = 460.957
ROUND 1586 A#35 and B#31 = 396.377
ROUND 1587 A#36 and B#31 = 462.423
ROUND 1588 A#37 and B#31 = 422.757
ROUND 1589 A#38 and B#31 = 402.517
ROUND 1590 A#39 and B#31 = 389.539
ROUND 1591 A#40 and B#31 = 382.873
ROUND 1592 A#41 and B#31 = 476.054
ROUND 1593 A#42 and B#31 = 485.128
ROUND 1594 A#43 and B#31 = 555.25
ROUND 1595 A#44 and B#31 = 386.844
ROUND 1596 A#45 and B#31 = 436.395
ROUND 1597 A#46 and B#31 = 409.248
ROUND 1598 A#47 and B#31 = 429.61
ROUND 1599 A#48 and B#31 = 427.334
ROUND 1600 A#49 and B#31 = 403.458
ROUND 1601 A#0 and B#32 = 445.574
ROUND 1602 A#1 and B#32 = 469.972
ROUND 1603 A#2 and B#32 = 474.352
ROUND 1604 A#3 and B#32 = 378.728
ROUND 1605 A#4 and B#32 = 386.467
ROUND 1606 A#5 and B#32 = 390.026
ROUND 1607 A#6 and B#32 = 447.9
ROUND 1608 A#7 and B#32 = 393.117
ROUND 1609 A#8 and B#32 = 379.286
ROUND 1610 A#9 and B#32 = 392.742
ROUND 1611 A#10 and B#32 = 526.584
ROUND 1612 A#11 and B#32 = 391.346
ROUND 1613 A#12 and B#32 = 455.97
ROUND 1614 A#13 and B#32 = 453.816
ROUND 1615 A#14 and B#32 = 450.221
ROUND 1616 A#15 and B#32 = 438.579
ROUND 1617 A#16 and B#32 = 478.703
ROUND 1618 A#17 and B#32 = 502.676
ROUND 1619 A#18 and B#32 = 412.294
ROUND 1620 A#19 and B#32 = 432.834
ROUND 1621 A#20 and B#32 = 465.893
ROUND 1622 A#21 and B#32 = 430.121
ROUND 1623 A#22 and B#32 = 446.983
ROUND 1624 A#23 and B#32 = 479.579
ROUND 1625 A#24 and B#32 = 456.883
ROUND 1626 A#25 and B#32 = 465.997
ROUND 1627 A#26 and B#32 = 468.398
ROUND 1628 A#27 and B#32 = 426.554
ROUND 1629 A#28 and B#32 = 385.093
ROUND 1630 A#29 and B#32 = 459.581
ROUND 1631 A#30 and B#32 = 452.72
ROUND 1632 A#31 and B#32 = 537.536
ROUND 1633 A#32 and B#32 = 359.699
ROUND 1634 A#33 and B#32 = 443.882
ROUND 1635 A#34 and B#32 = 438.518
ROUND 1636 A#35 and B#32 = 498.103
ROUND 1637 A#36 and B#32 = 449.935
ROUND 1638 A#37 and B#32 = 505.578
ROUND 1639 A#38 and B#32 = 451.667
ROUND 1640 A#39 and B#32 = 394.358
ROUND 1641 A#40 and B#32 = 458.163
ROUND 1642 A#41 and B#32 = 506.012
ROUND 1643 A#42 and B#32 = 494.934
ROUND 1644 A#43 and B#32 = 472.304
ROUND 1645 A#44 and B#32 = 432.231
ROUND 1646 A#45 and B#32 = 454.445
ROUND 1647 A#46 and B#32 = 437.062
ROUND 1648 A#47 and B#32 = 506.293
ROUND 1649 A#48 and B#32 = 498.419
ROUND 1650 A#49 and B#32 = 428.727
ROUND 1651 A#0 and B#33 = 393.827
ROUND 1652 A#1 and B#33 = 480.166
ROUND 1653 A#2 and B#33 = 486.174
ROUND 1654 A#3 and B#33 = 461.537
ROUND 1655 A#4 and B#33 = 539.117
ROUND 1656 A#5 and B#33 = 463.567
ROUND 1657 A#6 and B#33 = 411.916
ROUND 1658 A#7 and B#33 = 394.299
ROUND 1659 A#8 and B#33 = 461.767
ROUND 1660 A#9 and B#33 = 510.199
ROUND 1661 A#10 and B#33 = 451.444
ROUND 1662 A#11 and B#33 = 473.33
ROUND 1663 A#12 and B#33 = 434.518
ROUND 1664 A#13 and B#33 = 435.34
ROUND 1665 A#14 and B#33 = 439.204
ROUND 1666 A#15 and B#33 = 426.665
ROUND 1667 A#16 and B#33 = 491.971
ROUND 1668 A#17 and B#33 = 458.554
ROUND 1669 A#18 and B#33 = 404.842
ROUND 1670 A#19 and B#33 = 409.635
ROUND 1671 A#20 and B#33 = 437.727
ROUND 1672 A#21 and B#33 = 452.148
ROUND 1673 A#22 and B#33 = 410.657
ROUND 1674 A#23 and B#33 = 490.226
ROUND 1675 A#24 and B#33 = 437.257
ROUND 1676 A#25 and B#33 = 499.336
ROUND 1677 A#26 and B#33 = 507.448
ROUND 1678 A#27 and B#33 = 435.722
ROUND 1679 A#28 and B#33 = 383.328
ROUND 1680 A#29 and B#33 = 491.454
ROUND 1681 A#30 and B#33 = 384.267
ROUND 1682 A#31 and B#33 = 438.788
ROUND 1683 A#32 and B#33 = 329.771
ROUND 1684 A#33 and B#33 = 394.236
ROUND 1685 A#34 and B#33 = 436.449
ROUND 1686 A#35 and B#33 = 383.48
ROUND 1687 A#36 and B#33 = 480.852
ROUND 1688 A#37 and B#33 = 443.046
ROUND 1689 A#38 and B#33 = 387.881
ROUND 1690 A#39 and B#33 = 382.122
ROUND 1691 A#40 and B#33 = 381.644
ROUND 1692 A#41 and B#33 = 471.863
ROUND 1693 A#42 and B#33 = 495.947
ROUND 1694 A#43 and B#33 = 557.177
ROUND 1695 A#44 and B#33 = 382.21
ROUND 1696 A#45 and B#33 = 432.261
ROUND 1697 A#46 and B#33 = 401.775
ROUND 1698 A#47 and B#33 = 402.185
ROUND 1699 A#48 and B#33 = 424.403
ROUND 1700 A#49 and B#33 = 404.219
ROUND 1701 A#0 and B#34 = 435.168
ROUND 1702 A#1 and B#34 = 483.678
ROUND 1703 A#2 and B#34 = 502.246
ROUND 1704 A#3 and B#34 = 473.814
ROUND 1705 A#4 and B#34 = 497.538
ROUND 1706 A#5 and B#34 = 472.802
ROUND 1707 A#6 and B#34 = 396.469
ROUND 1708 A#7 and B#34 = 391.025
ROUND 1709 A#8 and B#34 = 405.721
ROUND 1710 A#9 and B#34 = 437.756
ROUND 1711 A#10 and B#34 = 439.454
ROUND 1712 A#11 and B#34 = 472.271
ROUND 1713 A#12 and B#34 = 453.801
ROUND 1714 A#13 and B#34 = 387.647
ROUND 1715 A#14 and B#34 = 450.082
ROUND 1716 A#15 and B#34 = 392.117
ROUND 1717 A#16 and B#34 = 494.792
ROUND 1718 A#17 and B#34 = 407.494
ROUND 1719 A#18 and B#34 = 369.236
ROUND 1720 A#19 and B#34 = 369.545
ROUND 1721 A#20 and B#34 = 463.303
ROUND 1722 A#21 and B#34 = 457.099
ROUND 1723 A#22 and B#34 = 375.99
ROUND 1724 A#23 and B#34 = 461.008
ROUND 1725 A#24 and B#34 = 458.964
ROUND 1726 A#25 and B#34 = 386.541
ROUND 1727 A#26 and B#34 = 513.766
ROUND 1728 A#27 and B#34 = 438.606
ROUND 1729 A#28 and B#34 = 373.326
ROUND 1730 A#29 and B#34 = 480.431
ROUND 1731 A#30 and B#34 = 459.224
ROUND 1732 A#31 and B#34 = 436.639
ROUND 1733 A#32 and B#34 = 379.948
ROUND 1734 A#33 and B#34 = 380.8
ROUND 1735 A#34 and B#34 = 498.531
ROUND 1736 A#35 and B#34 = 407.884
ROUND 1737 A#36 and B#34 = 466.598
ROUND 1738 A#37 and B#34 = 426.515
ROUND 1739 A#38 and B#34 = 375.25
ROUND 1740 A#39 and B#34 = 391.256
ROUND 1741 A#40 and B#34 = 358.13
ROUND 1742 A#41 and B#34 = 497.001
ROUND 1743 A#42 and B#34 = 433.503
ROUND 1744 A#43 and B#34 = 530.195
ROUND 1745 A#44 and B#34 = 415.05
ROUND 1746 A#45 and B#34 = 440.351
ROUND 1747 A#46 and B#34 = 451.757
ROUND 1748 A#47 and B#34 = 474.89
ROUND 1749 A#48 and B#34 = 416.52
ROUND 1750 A#49 and B#34 = 407.379
ROUND 1751 A#0 and B#35 = 440.022
ROUND 1752 A#1 and B#35 = 523.886
ROUND 1753 A#2 and B#35 = 451.269
ROUND 1754 A#3 and B#35 = 444.703
ROUND 1755 A#4 and B#35 = 438.858
ROUND 1756 A#5 and B#35 = 445.394
ROUND 1757 A#6 and B#35 = 475.906
ROUND 1758 A#7 and B#35 = 457.213
ROUND 1759 A#8 and B#35 = 432.249
ROUND 1760 A#9 and B#35 = 548.757
ROUND 1761 A#10 and B#35 = 479.105
ROUND 1762 A#11 and B#35 = 453.203
ROUND 1763 A#12 and B#35 = 471.708
ROUND 1764 A#13 and B#35 = 409.801
ROUND 1765 A#14 and B#35 = 480.641
ROUND 1766 A#15 and B#35 = 418.989
ROUND 1767 A#16 and B#35 = 523.813
ROUND 1768 A#17 and B#35 = 488.836
ROUND 1769 A#18 and B#35 = 425.068
ROUND 1770 A#19 and B#35 = 440.269
ROUND 1771 A#20 and B#35 = 476.881
ROUND 1772 A#21 and B#35 = 491.753
ROUND 1773 A#22 and B#35 = 459.17
ROUND 1774 A#23 and B#35 = 411.13
ROUND 1775 A#24 and B#35 = 473.307
ROUND 1776 A#25 and B#35 = 422.682
ROUND 1777 A#26 and B#35 = 464.743
ROUND 1778 A#27 and B#35 = 480.489
ROUND 1779 A#28 and B#35 = 398.551
ROUND 1780 A#29 and B#35 = 424.448
ROUND 1781 A#30 and B#35 = 478.271
ROUND 1782 A#31 and B#35 = 473.067
ROUND 1783 A#32 and B#35 = 409.694
ROUND 1784 A#33 and B#35 = 447.081
ROUND 1785 A#34 and B#35 = 451.026
ROUND 1786 A#35 and B#35 = 462.942
ROUND 1787 A#36 and B#35 = 402.081
ROUND 1788 A#37 and B#35 = 479.714
ROUND 1789 A#38 and B#35 = 450.981
ROUND 1790 A#39 and B#35 = 444.624
ROUND 1791 A#40 and B#35 = 444.417
ROUND 1792 A#41 and B#35 = 453.446
ROUND 1793 A#42 and B#35 = 443.433
ROUND 1794 A#43 and B#35 = 556.455
ROUND 1795 A#44 and B#35 = 439.539
ROUND 1796 A#45 and B#35 = 461.05
ROUND 1797 A#46 and B#35 = 482.323
ROUND 1798 A#47 and B#35 = 439.757
ROUND 1799 A#48 and B#35 = 468.029
ROUND 1800 A#49 and B#35 = 450.143
ROUND 1801 A#0 and B#36 = 465.673
ROUND 1802 A#1 and B#36 = 420.75
ROUND 1803 A#2 and B#36 = 523.021
ROUND 1804 A#3 and B#36 = 515.589
ROUND 1805 A#4 and B#36 = 460.097
ROUND 1806 A#5 and B#36 = 515.632
ROUND 1807 A#6 and B#36 = 411.117
ROUND 1808 A#7 and B#36 = 420.645
ROUND 1809 A#8 and B#36 = 499.099
ROUND 1810 A#9 and B#36 = 488.829
ROUND 1811 A#10 and B#36 = 478.165
ROUND 1812 A#11 and B#36 = 504.103
ROUND 1813 A#12 and B#36 = 392.843
ROUND 1814 A#13 and B#36 = 371.739
ROUND 1815 A#14 and B#36 = 506.809
ROUND 1816 A#15 and B#36 = 369.823
ROUND 1817 A#16 and B#36 = 517.255
ROUND 1818 A#17 and B#36 = 495.447
ROUND 1819 A#18 and B#36 = 385.419
ROUND 1820 A#19 and B#36 = 450.562
ROUND 1821 A#20 and B#36 = 508.665
ROUND 1822 A#21 and B#36 = 472.406
ROUND 1823 A#22 and B#36 = 476.46
ROUND 1824 A#23 and B#36 = 413.183
ROUND 1825 A#24 and B#36 = 499.102
ROUND 1826 A#25 and B#36 = 418.281
ROUND 1827 A#26 and B#36 = 527.803
ROUND 1828 A#27 and B#36 = 458.55
ROUND 1829 A#28 and B#36 = 404.728
ROUND 1830 A#29 and B#36 = 479.922
ROUND 1831 A#30 and B#36 = 471.806
ROUND 1832 A#31 and B#36 = 433.675
ROUND 1833 A#32 and B#36 = 397.175
ROUND 1834 A#33 and B#36 = 499.773
ROUND 1835 A#34 and B#36 = 433.035
ROUND 1836 A#35 and B#36 = 426.698
ROUND 1837 A#36 and B#36 = 429.068
ROUND 1838 A#37 and B#36 = 421.52
ROUND 1839 A#38 and B#36 = 491.826
ROUND 1840 A#39 and B#36 = 401.704
ROUND 1841 A#40 and B#36 = 392.815
ROUND 1842 A#41 and B#36 = 541.664
ROUND 1843 A#42 and B#36 = 412.077
ROUND 1844 A#43 and B#36 = 482.754
ROUND 1845 A#44 and B#36 = 313.34
ROUND 1846 A#45 and B#36 = 499.231
ROUND 1847 A#46 and B#36 = 373.83
ROUND 1848 A#47 and B#36 = 458.267
ROUND 1849 A#48 and B#36 = 360.859
ROUND 1850 A#49 and B#36 = 395.59
ROUND 1851 A#0 and B#37 = 457.777
ROUND 1852 A#1 and B#37 = 474.537
ROUND 1853 A#2 and B#37 = 469.655
ROUND 1854 A#3 and B#37 = 500.578
ROUND 1855 A#4 and B#37 = 525.553
ROUND 1856 A#5 and B#37 = 500.907
ROUND 1857 A#6 and B#37 = 424.473
ROUND 1858 A#7 and B#37 = 414.806
ROUND 1859 A#8 and B#37 = 400.448
ROUND 1860 A#9 and B#37 = 513.037
ROUND 1861 A#10 and B#37 = 452.498
ROUND 1862 A#11 and B#37 = 510.448
ROUND 1863 A#12 and B#37 = 371.396
ROUND 1864 A#13 and B#37 = 376.169
ROUND 1865 A#14 and B#37 = 413.025
ROUND 1866 A#15 and B#37 = 456.984
ROUND 1867 A#16 and B#37 = 467.888
ROUND 1868 A#17 and B#37 = 414.502
ROUND 1869 A#18 and B#37 = 411.475
ROUND 1870 A#19 and B#37 = 407.46
ROUND 1871 A#20 and B#37 = 431.368
ROUND 1872 A#21 and B#37 = 390.095
ROUND 1873 A#22 and B#37 = 399.219
ROUND 1874 A#23 and B#37 = 474.979
ROUND 1875 A#24 and B#37 = 438.778
ROUND 1876 A#25 and B#37 = 413.348
ROUND 1877 A#26 and B#37 = 471.689
ROUND 1878 A#27 and B#37 = 411.151
ROUND 1879 A#28 and B#37 = 373.897
ROUND 1880 A#29 and B#37 = 470.748
ROUND 1881 A#30 and B#37 = 486.316
ROUND 1882 A#31 and B#37 = 428.645
ROUND 1883 A#32 and B#37 = 410.472
ROUND 1884 A#33 and B#37 = 319.546
ROUND 1885 A#34 and B#37 = 413.621
ROUND 1886 A#35 and B#37 = 406.984
ROUND 1887 A#36 and B#37 = 487.333
ROUND 1888 A#37 and B#37 = 449.424
ROUND 1889 A#38 and B#37 = 390.908
ROUND 1890 A#39 and B#37 = 372.175
ROUND 1891 A#40 and B#37 = 379.509
ROUND 1892 A#41 and B#37 = 491.288
ROUND 1893 A#42 and B#37 = 409.602
ROUND 1894 A#43 and B#37 = 502.507
ROUND 1895 A#44 and B#37 = 441.046
ROUND 1896 A#45 and B#37 = 433.985
ROUND 1897 A#46 and B#37 = 460.654
ROUND 1898 A#47 and B#37 = 442.359
ROUND 1899 A#48 and B#37 = 407.46
ROUND 1900 A#49 and B#37 = 437.377
ROUND 1901 A#0 and B#38 = 445.094
ROUND 1902 A#1 and B#38 = 470.107
ROUND 1903 A#2 and B#38 = 474.458
ROUND 1904 A#3 and B#38 = 388.598
ROUND 1905 A#4 and B#38 = 386.141
ROUND 1906 A#5 and B#38 = 380.125
ROUND 1907 A#6 and B#38 = 448.389
ROUND 1908 A#7 and B#38 = 392.864
ROUND 1909 A#8 and B#38 = 379.55
ROUND 1910 A#9 and B#38 = 392.226
ROUND 1911 A#10 and B#38 = 525.393
ROUND 1912 A#11 and B#38 = 390.81
ROUND 1913 A#12 and B#38 = 457.71
ROUND 1914 A#13 and B#38 = 456.024
ROUND 1915 A#14 and B#38 = 448.923
ROUND 1916 A#15 and B#38 = 437.795
ROUND 1917 A#16 and B#38 = 478.706
ROUND 1918 A#17 and B#38 = 503.301
ROUND 1919 A#18 and B#38 = 412.492
ROUND 1920 A#19 and B#38 = 432.808
ROUND 1921 A#20 and B#38 = 466.712
ROUND 1922 A#21 and B#38 = 423.159
ROUND 1923 A#22 and B#38 = 448.044
ROUND 1924 A#23 and B#38 = 481.048
ROUND 1925 A#24 and B#38 = 457.377
ROUND 1926 A#25 and B#38 = 467.335
ROUND 1927 A#26 and B#38 = 469.812
ROUND 1928 A#27 and B#38 = 424.982
ROUND 1929 A#28 and B#38 = 385.434
ROUND 1930 A#29 and B#38 = 459.884
ROUND 1931 A#30 and B#38 = 452.122
ROUND 1932 A#31 and B#38 = 537.972
ROUND 1933 A#32 and B#38 = 358.333
ROUND 1934 A#33 and B#38 = 444.935
ROUND 1935 A#34 and B#38 = 437.55
ROUND 1936 A#35 and B#38 = 498.325
ROUND 1937 A#36 and B#38 = 451.88
ROUND 1938 A#37 and B#38 = 528.814
ROUND 1939 A#38 and B#38 = 453.624
ROUND 1940 A#39 and B#38 = 395.658
ROUND 1941 A#40 and B#38 = 457.549
ROUND 1942 A#41 and B#38 = 506.854
ROUND 1943 A#42 and B#38 = 495.589
ROUND 1944 A#43 and B#38 = 471.249
ROUND 1945 A#44 and B#38 = 431.255
ROUND 1946 A#45 and B#38 = 454.855
ROUND 1947 A#46 and B#38 = 438.113
ROUND 1948 A#47 and B#38 = 507.13
ROUND 1949 A#48 and B#38 = 498.786
ROUND 1950 A#49 and B#38 = 429.347
ROUND 1951 A#0 and B#39 = 445.389
ROUND 1952 A#1 and B#39 = 481.118
ROUND 1953 A#2 and B#39 = 453.714
ROUND 1954 A#3 and B#39 = 450.734
ROUND 1955 A#4 and B#39 = 507.091
ROUND 1956 A#5 and B#39 = 577.443
ROUND 1957 A#6 and B#39 = 465.36
ROUND 1958 A#7 and B#39 = 411.607
ROUND 1959 A#8 and B#39 = 421.938
ROUND 1960 A#9 and B#39 = 511.43
ROUND 1961 A#10 and B#39 = 466.699
ROUND 1962 A#11 and B#39 = 462.573
ROUND 1963 A#12 and B#39 = 424.191
ROUND 1964 A#13 and B#39 = 422.059
ROUND 1965 A#14 and B#39 = 435.712
ROUND 1966 A#15 and B#39 = 474.11
ROUND 1967 A#16 and B#39 = 518.046
ROUND 1968 A#17 and B#39 = 425.317
ROUND 1969 A#18 and B#39 = 457.454
ROUND 1970 A#19 and B#39 = 439.197
ROUND 1971 A#20 and B#39 = 414.601
ROUND 1972 A#21 and B#39 = 447.331
ROUND 1973 A#22 and B#39 = 415.138
ROUND 1974 A#23 and B#39 = 418.177
ROUND 1975 A#24 and B#39 = 395.984
ROUND 1976 A#25 and B#39 = 402.305
ROUND 1977 A#26 and B#39 = 474.996
ROUND 1978 A#27 and B#39 = 433.526
ROUND 1979 A#28 and B#39 = 438.261
ROUND 1980 A#29 and B#39 = 415.437
ROUND 1981 A#30 and B#39 = 426.409
ROUND 1982 A#31 and B#39 = 478.993
ROUND 1983 A#32 and B#39 = 399.801
ROUND 1984 A#33 and B#39 = 356.991
ROUND 1985 A#34 and B#39 = 416.183
ROUND 1986 A#35 and B#39 = 413.877
ROUND 1987 A#36 and B#39 = 390.222
ROUND 1988 A#37 and B#39 = 442.455
ROUND 1989 A#38 and B#39 = 372.057
ROUND 1990 A#39 and B#39 = 461.312
ROUND 1991 A#40 and B#39 = 462.602
ROUND 1992 A#41 and B#39 = 484.893
ROUND 1993 A#42 and B#39 = 401.677
ROUND 1994 A#43 and B#39 = 502.042
ROUND 1995 A#44 and B#39 = 441.52
ROUND 1996 A#45 and B#39 = 412.939
ROUND 1997 A#46 and B#39 = 436.68
ROUND 1998 A#47 and B#39 = 403.829
ROUND 1999 A#48 and B#39 = 407.985
ROUND 2000 A#49 and B#39 = 467.644
ROUND 2001 A#0 and B#40 = 440.155
ROUND 2002 A#1 and B#40 = 523.822
ROUND 2003 A#2 and B#40 = 452.782
ROUND 2004 A#3 and B#40 = 443.89
ROUND 2005 A#4 and B#40 = 437.579
ROUND 2006 A#5 and B#40 = 444.741
ROUND 2007 A#6 and B#40 = 477.1
ROUND 2008 A#7 and B#40 = 457.85
ROUND 2009 A#8 and B#40 = 432.596
ROUND 2010 A#9 and B#40 = 548.927
ROUND 2011 A#10 and B#40 = 479.392
ROUND 2012 A#11 and B#40 = 452.975
ROUND 2013 A#12 and B#40 = 470.329
ROUND 2014 A#13 and B#40 = 409.892
ROUND 2015 A#14 and B#40 = 480.55
ROUND 2016 A#15 and B#40 = 419.726
ROUND 2017 A#16 and B#40 = 522.839
ROUND 2018 A#17 and B#40 = 487.899
ROUND 2019 A#18 and B#40 = 425.754
ROUND 2020 A#19 and B#40 = 440.973
ROUND 2021 A#20 and B#40 = 477.005
ROUND 2022 A#21 and B#40 = 492.317
ROUND 2023 A#22 and B#40 = 458.9
ROUND 2024 A#23 and B#40 = 411.35
ROUND 2025 A#24 and B#40 = 473.212
ROUND 2026 A#25 and B#40 = 423.522
ROUND 2027 A#26 and B#40 = 466.831
ROUND 2028 A#27 and B#40 = 480.751
ROUND 2029 A#28 and B#40 = 399.224
ROUND 2030 A#29 and B#40 = 425.51
ROUND 2031 A#30 and B#40 = 479.048
ROUND 2032 A#31 and B#40 = 472.421
ROUND 2033 A#32 and B#40 = 410.107
ROUND 2034 A#33 and B#40 = 447.996
ROUND 2035 A#34 and B#40 = 450.793
ROUND 2036 A#35 and B#40 = 461.543
ROUND 2037 A#36 and B#40 = 403.347
ROUND 2038 A#37 and B#40 = 478.96
ROUND 2039 A#38 and B#40 = 450.282
ROUND 2040 A#39 and B#40 = 444.2
ROUND 2041 A#40 and B#40 = 444.021
ROUND 2042 A#41 and B#40 = 453.525
ROUND 2043 A#42 and B#40 = 445.472
ROUND 2044 A#43 and B#40 = 558.764
ROUND 2045 A#44 and B#40 = 439.465
ROUND 2046 A#45 and B#40 = 460.742
ROUND 2047 A#46 and B#40 = 482.849
ROUND 2048 A#47 and B#40 = 439.416
ROUND 2049 A#48 and B#40 = 467.55
ROUND 2050 A#49 and B#40 = 450.512
ROUND 2051 A#0 and B#41 = 499.702
ROUND 2052 A#1 and B#41 = 490.058
ROUND 2053 A#2 and B#41 = 514.001
ROUND 2054 A#3 and B#41 = 420.418
ROUND 2055 A#4 and B#41 = 558.575
ROUND 2056 A#5 and B#41 = 562.73
ROUND 2057 A#6 and B#41 = 444.246
ROUND 2058 A#7 and B#41 = 391.449
ROUND 2059 A#8 and B#41 = 475.739
ROUND 2060 A#9 and B#41 = 557.788
ROUND 2061 A#10 and B#41 = 467.709
ROUND 2062 A#11 and B#41 = 418.161
ROUND 2063 A#12 and B#41 = 444.644
ROUND 2064 A#13 and B#41 = 445.95
ROUND 2065 A#14 and B#41 = 564.989
ROUND 2066 A#15 and B#41 = 443.642
ROUND 2067 A#16 and B#41 = 517.434
ROUND 2068 A#17 and B#41 = 454.931
ROUND 2069 A#18 and B#41 = 397.109
ROUND 2070 A#19 and B#41 = 424.668
ROUND 2071 A#20 and B#41 = 437.13
ROUND 2072 A#21 and B#41 = 545.612
ROUND 2073 A#22 and B#41 = 388.698
ROUND 2074 A#23 and B#41 = 496.382
ROUND 2075 A#24 and B#41 = 436.532
ROUND 2076 A#25 and B#41 = 511.723
ROUND 2077 A#26 and B#41 = 544.407
ROUND 2078 A#27 and B#41 = 412.962
ROUND 2079 A#28 and B#41 = 407.84
ROUND 2080 A#29 and B#41 = 476.359
ROUND 2081 A#30 and B#41 = 410.873
ROUND 2082 A#31 and B#41 = 470.596
ROUND 2083 A#32 and B#41 = 322.235
ROUND 2084 A#33 and B#41 = 505.717
ROUND 2085 A#34 and B#41 = 397.447
ROUND 2086 A#35 and B#41 = 387.474
ROUND 2087 A#36 and B#41 = 514.529
ROUND 2088 A#37 and B#41 = 412.758
ROUND 2089 A#38 and B#41 = 392.265
ROUND 2090 A#39 and B#41 = 248.153
ROUND 2091 A#40 and B#41 = 242.499
ROUND 2092 A#41 and B#41 = 497.529
ROUND 2093 A#42 and B#41 = 486.178
ROUND 2094 A#43 and B#41 = 533.888
ROUND 2095 A#44 and B#41 = 397.151
ROUND 2096 A#45 and B#41 = 433.977
ROUND 2097 A#46 and B#41 = 433.406
ROUND 2098 A#47 and B#41 = 418.546
ROUND 2099 A#48 and B#41 = 411.004
ROUND 2100 A#49 and B#41 = 418.966
ROUND 2101 A#0 and B#42 = 444.706
ROUND 2102 A#1 and B#42 = 483.398
ROUND 2103 A#2 and B#42 = 455.085
ROUND 2104 A#3 and B#42 = 452.258
ROUND 2105 A#4 and B#42 = 506.72
ROUND 2106 A#5 and B#42 = 454.788
ROUND 2107 A#6 and B#42 = 464.445
ROUND 2108 A#7 and B#42 = 411.331
ROUND 2109 A#8 and B#42 = 425.046
ROUND 2110 A#9 and B#42 = 462.192
ROUND 2111 A#10 and B#42 = 464.884
ROUND 2112 A#11 and B#42 = 462.822
ROUND 2113 A#12 and B#42 = 426.234
ROUND 2114 A#13 and B#42 = 424.211
ROUND 2115 A#14 and B#42 = 436.941
ROUND 2116 A#15 and B#42 = 474.164
ROUND 2117 A#16 and B#42 = 515.136
ROUND 2118 A#17 and B#42 = 426.545
ROUND 2119 A#18 and B#42 = 459.617
ROUND 2120 A#19 and B#42 = 444.455
ROUND 2121 A#20 and B#42 = 412.736
ROUND 2122 A#21 and B#42 = 448.933
ROUND 2123 A#22 and B#42 = 415.519
ROUND 2124 A#23 and B#42 = 420.171
ROUND 2125 A#24 and B#42 = 395.872
ROUND 2126 A#25 and B#42 = 403.557
ROUND 2127 A#26 and B#42 = 477.37
ROUND 2128 A#27 and B#42 = 433.032
ROUND 2129 A#28 and B#42 = 441.856
ROUND 2130 A#29 and B#42 = 414.414
ROUND 2131 A#30 and B#42 = 426.473
ROUND 2132 A#31 and B#42 = 479.683
ROUND 2133 A#32 and B#42 = 402.857
ROUND 2134 A#33 and B#42 = 358.621
ROUND 2135 A#34 and B#42 = 423.488
ROUND 2136 A#35 and B#42 = 413.8
ROUND 2137 A#36 and B#42 = 389.193
ROUND 2138 A#37 and B#42 = 441.182
ROUND 2139 A#38 and B#42 = 372.128
ROUND 2140 A#39 and B#42 = 458.864
ROUND 2141 A#40 and B#42 = 460.482
ROUND 2142 A#41 and B#42 = 487.3
ROUND 2143 A#42 and B#42 = 405.055
ROUND 2144 A#43 and B#42 = 488.986
ROUND 2145 A#44 and B#42 = 442.687
ROUND 2146 A#45 and B#42 = 409.579
ROUND 2147 A#46 and B#42 = 438.125
ROUND 2148 A#47 and B#42 = 389.732
ROUND 2149 A#48 and B#42 = 414.665
ROUND 2150 A#49 and B#42 = 466.424
ROUND 2151 A#0 and B#43 = 406.211
ROUND 2152 A#1 and B#43 = 483.675
ROUND 2153 A#2 and B#43 = 501.582
ROUND 2154 A#3 and B#43 = 449.883
ROUND 2155 A#4 and B#43 = 501.722
ROUND 2156 A#5 and B#43 = 513.438
ROUND 2157 A#6 and B#43 = 445.442
ROUND 2158 A#7 and B#43 = 407.191
ROUND 2159 A#8 and B#43 = 431.508
ROUND 2160 A#9 and B#43 = 495.946
ROUND 2161 A#10 and B#43 = 461.774
ROUND 2162 A#11 and B#43 = 490.053
ROUND 2163 A#12 and B#43 = 400.479
ROUND 2164 A#13 and B#43 = 398.233
ROUND 2165 A#14 and B#43 = 438.432
ROUND 2166 A#15 and B#43 = 438.593
ROUND 2167 A#16 and B#43 = 437.63
ROUND 2168 A#17 and B#43 = 453.086
ROUND 2169 A#18 and B#43 = 408.842
ROUND 2170 A#19 and B#43 = 426.064
ROUND 2171 A#20 and B#43 = 433.354
ROUND 2172 A#21 and B#43 = 450.614
ROUND 2173 A#22 and B#43 = 396.176
ROUND 2174 A#23 and B#43 = 516.172
ROUND 2175 A#24 and B#43 = 432.138
ROUND 2176 A#25 and B#43 = 387.939
ROUND 2177 A#26 and B#43 = 525.25
ROUND 2178 A#27 and B#43 = 437.074
ROUND 2179 A#28 and B#43 = 307.906
ROUND 2180 A#29 and B#43 = 471.948
ROUND 2181 A#30 and B#43 = 389.388
ROUND 2182 A#31 and B#43 = 467.3
ROUND 2183 A#32 and B#43 = 328.412
ROUND 2184 A#33 and B#43 = 363.351
ROUND 2185 A#34 and B#43 = 396.997
ROUND 2186 A#35 and B#43 = 401.047
ROUND 2187 A#36 and B#43 = 517.068
ROUND 2188 A#37 and B#43 = 448.596
ROUND 2189 A#38 and B#43 = 391.072
ROUND 2190 A#39 and B#43 = 420.813
ROUND 2191 A#40 and B#43 = 421.196
ROUND 2192 A#41 and B#43 = 475.527
ROUND 2193 A#42 and B#43 = 403.238
ROUND 2194 A#43 and B#43 = 543.199
ROUND 2195 A#44 and B#43 = 401.779
ROUND 2196 A#45 and B#43 = 429.396
ROUND 2197 A#46 and B#43 = 433.764
ROUND 2198 A#47 and B#43 = 417.691
ROUND 2199 A#48 and B#43 = 415.659
ROUND 2200 A#49 and B#43 = 420.625
ROUND 2201 A#0 and B#44 = 424.939
ROUND 2202 A#1 and B#44 = 467.682
ROUND 2203 A#2 and B#44 = 529.212
ROUND 2204 A#3 and B#44 = 463.194
ROUND 2205 A#4 and B#44 = 483.47
ROUND 2206 A#5 and B#44 = 462.904
ROUND 2207 A#6 and B#44 = 406.055
ROUND 2208 A#7 and B#44 = 392.932
ROUND 2209 A#8 and B#44 = 433.246
ROUND 2210 A#9 and B#44 = 435.429
ROUND 2211 A#10 and B#44 = 449.145
ROUND 2212 A#11 and B#44 = 462.797
ROUND 2213 A#12 and B#44 = 425.576
ROUND 2214 A#13 and B#44 = 419.162
ROUND 2215 A#14 and B#44 = 416.373
ROUND 2216 A#15 and B#44 = 412.596
ROUND 2217 A#16 and B#44 = 520.774
ROUND 2218 A#17 and B#44 = 441.405
ROUND 2219 A#18 and B#44 = 375.08
ROUND 2220 A#19 and B#44 = 374.747
ROUND 2221 A#20 and B#44 = 442.917
ROUND 2222 A#21 and B#44 = 401.095
ROUND 2223 A#22 and B#44 = 386.349
ROUND 2224 A#23 and B#44 = 494.274
ROUND 2225 A#24 and B#44 = 440.498
ROUND 2226 A#25 and B#44 = 411.815
ROUND 2227 A#26 and B#44 = 534.039
ROUND 2228 A#27 and B#44 = 366.207
ROUND 2229 A#28 and B#44 = 393.511
ROUND 2230 A#29 and B#44 = 477.108
ROUND 2231 A#30 and B#44 = 427.845
ROUND 2232 A#31 and B#44 = 436.241
ROUND 2233 A#32 and B#44 = 393.971
ROUND 2234 A#33 and B#44 = 368.53
ROUND 2235 A#34 and B#44 = 412.737
ROUND 2236 A#35 and B#44 = 407.701
ROUND 2237 A#36 and B#44 = 484.904
ROUND 2238 A#37 and B#44 = 417.813
ROUND 2239 A#38 and B#44 = 375.75
ROUND 2240 A#39 and B#44 = 381.694
ROUND 2241 A#40 and B#44 = 358.979
ROUND 2242 A#41 and B#44 = 504.638
ROUND 2243 A#42 and B#44 = 443.942
ROUND 2244 A#43 and B#44 = 530.162
ROUND 2245 A#44 and B#44 = 400.688
ROUND 2246 A#45 and B#44 = 438.629
ROUND 2247 A#46 and B#44 = 444.061
ROUND 2248 A#47 and B#44 = 459.045
ROUND 2249 A#48 and B#44 = 405.991
ROUND 2250 A#49 and B#44 = 394.677
ROUND 2251 A#0 and B#45 = 450.171
ROUND 2252 A#1 and B#45 = 431.437
ROUND 2253 A#2 and B#45 = 501.845
ROUND 2254 A#3 and B#45 = 471.771
ROUND 2255 A#4 and B#45 = 492.122
ROUND 2256 A#5 and B#45 = 470.783
ROUND 2257 A#6 and B#45 = 404.185
ROUND 2258 A#7 and B#45 = 392.582
ROUND 2259 A#8 and B#45 = 402.64
ROUND 2260 A#9 and B#45 = 442.399
ROUND 2261 A#10 and B#45 = 450.258
ROUND 2262 A#11 and B#45 = 470.227
ROUND 2263 A#12 and B#45 = 431.978
ROUND 2264 A#13 and B#45 = 386.523
ROUND 2265 A#14 and B#45 = 447.936
ROUND 2266 A#15 and B#45 = 389.972
ROUND 2267 A#16 and B#45 = 493.645
ROUND 2268 A#17 and B#45 = 428.67
ROUND 2269 A#18 and B#45 = 373.19
ROUND 2270 A#19 and B#45 = 365.56
ROUND 2271 A#20 and B#45 = 462.089
ROUND 2272 A#21 and B#45 = 456.521
ROUND 2273 A#22 and B#45 = 361.776
ROUND 2274 A#23 and B#45 = 486.291
ROUND 2275 A#24 and B#45 = 455.074
ROUND 2276 A#25 and B#45 = 470.796
ROUND 2277 A#26 and B#45 = 511.856
ROUND 2278 A#27 and B#45 = 361.34
ROUND 2279 A#28 and B#45 = 380.864
ROUND 2280 A#29 and B#45 = 481.258
ROUND 2281 A#30 and B#45 = 449.618
ROUND 2282 A#31 and B#45 = 436.116
ROUND 2283 A#32 and B#45 = 382.083
ROUND 2284 A#33 and B#45 = 344.838
ROUND 2285 A#34 and B#45 = 495.57
ROUND 2286 A#35 and B#45 = 468.124
ROUND 2287 A#36 and B#45 = 464.159
ROUND 2288 A#37 and B#45 = 424.5
ROUND 2289 A#38 and B#45 = 370.775
ROUND 2290 A#39 and B#45 = 368.466
ROUND 2291 A#40 and B#45 = 353.15
ROUND 2292 A#41 and B#45 = 495.916
ROUND 2293 A#42 and B#45 = 433.9
ROUND 2294 A#43 and B#45 = 540.932
ROUND 2295 A#44 and B#45 = 408.162
ROUND 2296 A#45 and B#45 = 437.174
ROUND 2297 A#46 and B#45 = 451.903
ROUND 2298 A#47 and B#45 = 459.66
ROUND 2299 A#48 and B#45 = 408.089
ROUND 2300 A#49 and B#45 = 407.907
ROUND 2301 A#0 and B#46 = 414.629
ROUND 2302 A#1 and B#46 = 499.033
ROUND 2303 A#2 and B#46 = 475.162
ROUND 2304 A#3 and B#46 = 413.174
ROUND 2305 A#4 and B#46 = 461.092
ROUND 2306 A#5 and B#46 = 413.115
ROUND 2307 A#6 and B#46 = 445.78
ROUND 2308 A#7 and B#46 = 392.468
ROUND 2309 A#8 and B#46 = 373.424
ROUND 2310 A#9 and B#46 = 464.585
ROUND 2311 A#10 and B#46 = 496.943
ROUND 2312 A#11 and B#46 = 414.394
ROUND 2313 A#12 and B#46 = 467.101
ROUND 2314 A#13 and B#46 = 459.398
ROUND 2315 A#14 and B#46 = 418.383
ROUND 2316 A#15 and B#46 = 433.38
ROUND 2317 A#16 and B#46 = 487.044
ROUND 2318 A#17 and B#46 = 499.313
ROUND 2319 A#18 and B#46 = 413.102
ROUND 2320 A#19 and B#46 = 429.032
ROUND 2321 A#20 and B#46 = 463.744
ROUND 2322 A#21 and B#46 = 470.56
ROUND 2323 A#22 and B#46 = 457.685
ROUND 2324 A#23 and B#46 = 479.112
ROUND 2325 A#24 and B#46 = 451.052
ROUND 2326 A#25 and B#46 = 464.188
ROUND 2327 A#26 and B#46 = 499.707
ROUND 2328 A#27 and B#46 = 433.44
ROUND 2329 A#28 and B#46 = 386.673
ROUND 2330 A#29 and B#46 = 455.612
ROUND 2331 A#30 and B#46 = 507.593
ROUND 2332 A#31 and B#46 = 536.789
ROUND 2333 A#32 and B#46 = 404.326
ROUND 2334 A#33 and B#46 = 441.031
ROUND 2335 A#34 and B#46 = 425.44
ROUND 2336 A#35 and B#46 = 437.911
ROUND 2337 A#36 and B#46 = 452.042
ROUND 2338 A#37 and B#46 = 425.848
ROUND 2339 A#38 and B#46 = 454.083
ROUND 2340 A#39 and B#46 = 386.033
ROUND 2341 A#40 and B#46 = 357.814
ROUND 2342 A#41 and B#46 = 440.757
ROUND 2343 A#42 and B#46 = 383.421
ROUND 2344 A#43 and B#46 = 414.607
ROUND 2345 A#44 and B#46 = 486.9
ROUND 2346 A#45 and B#46 = 451.437
ROUND 2347 A#46 and B#46 = 534.569
ROUND 2348 A#47 and B#46 = 537.877
ROUND 2349 A#48 and B#46 = 514.809
ROUND 2350 A#49 and B#46 = 491.067
ROUND 2351 A#0 and B#47 = 446.872
ROUND 2352 A#1 and B#47 = 465.974
ROUND 2353 A#2 and B#47 = 465.967
ROUND 2354 A#3 and B#47 = 512.185
ROUND 2355 A#4 and B#47 = 512.293
ROUND 2356 A#5 and B#47 = 512.64
ROUND 2357 A#6 and B#47 = 425.268
ROUND 2358 A#7 and B#47 = 397.802
ROUND 2359 A#8 and B#47 = 407.855
ROUND 2360 A#9 and B#47 = 505.919
ROUND 2361 A#10 and B#47 = 447.758
ROUND 2362 A#11 and B#47 = 498.735
ROUND 2363 A#12 and B#47 = 375.167
ROUND 2364 A#13 and B#47 = 386.773
ROUND 2365 A#14 and B#47 = 410.771
ROUND 2366 A#15 and B#47 = 385.753
ROUND 2367 A#16 and B#47 = 463.709
ROUND 2368 A#17 and B#47 = 421.419
ROUND 2369 A#18 and B#47 = 413.075
ROUND 2370 A#19 and B#47 = 399.066
ROUND 2371 A#20 and B#47 = 421.176
ROUND 2372 A#21 and B#47 = 390.754
ROUND 2373 A#22 and B#47 = 396.777
ROUND 2374 A#23 and B#47 = 485.87
ROUND 2375 A#24 and B#47 = 427.569
ROUND 2376 A#25 and B#47 = 403.501
ROUND 2377 A#26 and B#47 = 470.415
ROUND 2378 A#27 and B#47 = 387.152
ROUND 2379 A#28 and B#47 = 389.891
ROUND 2380 A#29 and B#47 = 473.375
ROUND 2381 A#30 and B#47 = 487.623
ROUND 2382 A#31 and B#47 = 424.698
ROUND 2383 A#32 and B#47 = 401.975
ROUND 2384 A#33 and B#47 = 317.054
ROUND 2385 A#34 and B#47 = 417.188
ROUND 2386 A#35 and B#47 = 424.219
ROUND 2387 A#36 and B#47 = 468.264
ROUND 2388 A#37 and B#47 = 448.198
ROUND 2389 A#38 and B#47 = 392.803
ROUND 2390 A#39 and B#47 = 422.714
ROUND 2391 A#40 and B#47 = 432.685
ROUND 2392 A#41 and B#47 = 497.198
ROUND 2393 A#42 and B#47 = 422.923
ROUND 2394 A#43 and B#47 = 505.755
ROUND 2395 A#44 and B#47 = 451.931
ROUND 2396 A#45 and B#47 = 425.552
ROUND 2397 A#46 and B#47 = 471.477
ROUND 2398 A#47 and B#47 = 414.261
ROUND 2399 A#48 and B#47 = 400.027
ROUND 2400 A#49 and B#47 = 448.156
ROUND 2401 A#0 and B#48 = 424.521
ROUND 2402 A#1 and B#48 = 465.42
ROUND 2403 A#2 and B#48 = 530.66
ROUND 2404 A#3 and B#48 = 464.071
ROUND 2405 A#4 and B#48 = 484.267
ROUND 2406 A#5 and B#48 = 464.407
ROUND 2407 A#6 and B#48 = 407.847
ROUND 2408 A#7 and B#48 = 395.264
ROUND 2409 A#8 and B#48 = 435.443
ROUND 2410 A#9 and B#48 = 436.37
ROUND 2411 A#10 and B#48 = 448.129
ROUND 2412 A#11 and B#48 = 464.154
ROUND 2413 A#12 and B#48 = 427.069
ROUND 2414 A#13 and B#48 = 423.62
ROUND 2415 A#14 and B#48 = 414.886
ROUND 2416 A#15 and B#48 = 417.364
ROUND 2417 A#16 and B#48 = 524.23
ROUND 2418 A#17 and B#48 = 442.033
ROUND 2419 A#18 and B#48 = 377.004
ROUND 2420 A#19 and B#48 = 373.726
ROUND 2421 A#20 and B#48 = 445.964
ROUND 2422 A#21 and B#48 = 400.249
ROUND 2423 A#22 and B#48 = 382.595
ROUND 2424 A#23 and B#48 = 492.732
ROUND 2425 A#24 and B#48 = 441.459
ROUND 2426 A#25 and B#48 = 414.73
ROUND 2427 A#26 and B#48 = 535.817
ROUND 2428 A#27 and B#48 = 403.931
ROUND 2429 A#28 and B#48 = 391.932
ROUND 2430 A#29 and B#48 = 480.086
ROUND 2431 A#30 and B#48 = 428.753
ROUND 2432 A#31 and B#48 = 435.793
ROUND 2433 A#32 and B#48 = 400.357
ROUND 2434 A#33 and B#48 = 369.053
ROUND 2435 A#34 and B#48 = 411.447
ROUND 2436 A#35 and B#48 = 406.742
ROUND 2437 A#36 and B#48 = 469.78
ROUND 2438 A#37 and B#48 = 422.591
ROUND 2439 A#38 and B#48 = 374.888
ROUND 2440 A#39 and B#48 = 382.83
ROUND 2441 A#40 and B#48 = 397.186
ROUND 2442 A#41 and B#48 = 506.808
ROUND 2443 A#42 and B#48 = 445.471
ROUND 2444 A#43 and B#48 = 528.04
ROUND 2445 A#44 and B#48 = 406.435
ROUND 2446 A#45 and B#48 = 439.883
ROUND 2447 A#46 and B#48 = 445.705
ROUND 2448 A#47 and B#48 = 438.598
ROUND 2449 A#48 and B#48 = 406.472
ROUND 2450 A#49 and B#48 = 394.322
ROUND 2451 A#0 and B#49 = 334.804
ROUND 2452 A#1 and B#49 = 512.173
ROUND 2453 A#2 and B#49 = 448.343
ROUND 2454 A#3 and B#49 = 456.771
ROUND 2455 A#4 and B#49 = 486.144
ROUND 2456 A#5 and B#49 = 459.637
ROUND 2457 A#6 and B#49 = 408.137
ROUND 2458 A#7 and B#49 = 345.896
ROUND 2459 A#8 and B#49 = 439.539
ROUND 2460 A#9 and B#49 = 477.477
ROUND 2461 A#10 and B#49 = 443.659
ROUND 2462 A#11 and B#49 = 461.346
ROUND 2463 A#12 and B#49 = 398.749
ROUND 2464 A#13 and B#49 = 403.126
ROUND 2465 A#14 and B#49 = 478.407
ROUND 2466 A#15 and B#49 = 443.611
ROUND 2467 A#16 and B#49 = 452.218
ROUND 2468 A#17 and B#49 = 458.132
ROUND 2469 A#18 and B#49 = 412.709
ROUND 2470 A#19 and B#49 = 418.175
ROUND 2471 A#20 and B#49 = 441.784
ROUND 2472 A#21 and B#49 = 488.748
ROUND 2473 A#22 and B#49 = 458.357
ROUND 2474 A#23 and B#49 = 412.628
ROUND 2475 A#24 and B#49 = 441.885
ROUND 2476 A#25 and B#49 = 419.469
ROUND 2477 A#26 and B#49 = 472.026
ROUND 2478 A#27 and B#49 = 444.35
ROUND 2479 A#28 and B#49 = 321.602
ROUND 2480 A#29 and B#49 = 424.365
ROUND 2481 A#30 and B#49 = 411.818
ROUND 2482 A#31 and B#49 = 373.017
ROUND 2483 A#32 and B#49 = 340.727
ROUND 2484 A#33 and B#49 = 422.771
ROUND 2485 A#34 and B#49 = 411.834
ROUND 2486 A#35 and B#49 = 417.013
ROUND 2487 A#36 and B#49 = 424.477
ROUND 2488 A#37 and B#49 = 412.109
ROUND 2489 A#38 and B#49 = 457.511
ROUND 2490 A#39 and B#49 = 304.467
ROUND 2491 A#40 and B#49 = 313.851
ROUND 2492 A#41 and B#49 = 461.284
ROUND 2493 A#42 and B#49 = 407.3
ROUND 2494 A#43 and B#49 = 469.841
ROUND 2495 A#44 and B#49 = 442.803
ROUND 2496 A#45 and B#49 = 439.146
ROUND 2497 A#46 and B#49 = 405.396
ROUND 2498 A#47 and B#49 = 339.028
ROUND 2499 A#48 and B#49 = 426.231
ROUND 2500 A#49 and B#49 = 422.413

The best overlap is between conformer A#5 and B#39, which, after PCA followed by Steepest Descent, produces a volume overlap of 577.443
Tanimoto (Hodgkin) similarity index: 0.414101

Saving those best conformers to file...
WRITING MOLECULE TO FILE '../ALL_PAIRS_BQ123_AS_REFERENCE/ROKS2/BQ123-Tezosentan.mol2' (WILL OVERWRITE EXISTING FILE IF ANY)...
WRITING MOLECULE TO FILE '../ALL_PAIRS_BQ123_AS_REFERENCE/ROKS2/BQ123-Tezosentan.mol2'...
