Finished importing molecules
WARNING: LAPACK DSYEV() RETURNED NON-ZERO ERROR CODE 2
WARNING: LAPACK DSYEV() RETURNED NON-ZERO ERROR CODE 2
WARNING: LAPACK DSYEV() RETURNED NON-ZERO ERROR CODE 3
WARNING: LAPACK DSYEV() RETURNED NON-ZERO ERROR CODE 2
WARNING: LAPACK DSYEV() RETURNED NON-ZERO ERROR CODE 2
WARNING: LAPACK DSYEV() RETURNED NON-ZERO ERROR CODE 2
WARNING: LAPACK DSYEV() RETURNED NON-ZERO ERROR CODE 3
WARNING: LAPACK DSYEV() RETURNED NON-ZERO ERROR CODE 2
WARNING: LAPACK DSYEV() RETURNED NON-ZERO ERROR CODE 3
WARNING: LAPACK DSYEV() RETURNED NON-ZERO ERROR CODE 2
WARNING: LAPACK DSYEV() RETURNED NON-ZERO ERROR CODE 3
WARNING: LAPACK DSYEV() RETURNED NON-ZERO ERROR CODE 2
WARNING: LAPACK DSYEV() RETURNED NON-ZERO ERROR CODE 2
WARNING: LAPACK DSYEV() RETURNED NON-ZERO ERROR CODE 3
WARNING: LAPACK DSYEV() RETURNED NON-ZERO ERROR CODE 2
WARNING: LAPACK DSYEV() RETURNED NON-ZERO ERROR CODE 2
WARNING: LAPACK DSYEV() RETURNED NON-ZERO ERROR CODE 2
WARNING: LAPACK DSYEV() RETURNED NON-ZERO ERROR CODE 3
WARNING: LAPACK DSYEV() RETURNED NON-ZERO ERROR CODE 3
WARNING: LAPACK DSYEV() RETURNED NON-ZERO ERROR CODE 3
WARNING: LAPACK DSYEV() RETURNED NON-ZERO ERROR CODE 3
WARNING: LAPACK DSYEV() RETURNED NON-ZERO ERROR CODE 3
WARNING: LAPACK DSYEV() RETURNED NON-ZERO ERROR CODE 3
WARNING: LAPACK DSYEV() RETURNED NON-ZERO ERROR CODE 2
WARNING: LAPACK DSYEV() RETURNED NON-ZERO ERROR CODE 2
WARNING: LAPACK DSYEV() RETURNED NON-ZERO ERROR CODE 2
WARNING: LAPACK DSYEV() RETURNED NON-ZERO ERROR CODE 3
WARNING: LAPACK DSYEV() RETURNED NON-ZERO ERROR CODE 2
WARNING: LAPACK DSYEV() RETURNED NON-ZERO ERROR CODE 2
WARNING: LAPACK DSYEV() RETURNED NON-ZERO ERROR CODE 3
WARNING: LAPACK DSYEV() RETURNED NON-ZERO ERROR CODE 2
WARNING: LAPACK DSYEV() RETURNED NON-ZERO ERROR CODE 2
WARNING: LAPACK DSYEV() RETURNED NON-ZERO ERROR CODE 2
WARNING: LAPACK DSYEV() RETURNED NON-ZERO ERROR CODE 2
WARNING: LAPACK DSYEV() RETURNED NON-ZERO ERROR CODE 2
WARNING: LAPACK DSYEV() RETURNED NON-ZERO ERROR CODE 2
WARNING: LAPACK DSYEV() RETURNED NON-ZERO ERROR CODE 2
WARNING: LAPACK DSYEV() RETURNED NON-ZERO ERROR CODE 3
WARNING: LAPACK DSYEV() RETURNED NON-ZERO ERROR CODE 2
WARNING: LAPACK DSYEV() RETURNED NON-ZERO ERROR CODE 2
WARNING: LAPACK DSYEV() RETURNED NON-ZERO ERROR CODE 3
WARNING: LAPACK DSYEV() RETURNED NON-ZERO ERROR CODE 3
WARNING: LAPACK DSYEV() RETURNED NON-ZERO ERROR CODE 2
WARNING: LAPACK DSYEV() RETURNED NON-ZERO ERROR CODE 3
WARNING: LAPACK DSYEV() RETURNED NON-ZERO ERROR CODE 2
WARNING: LAPACK DSYEV() RETURNED NON-ZERO ERROR CODE 3
WARNING: LAPACK DSYEV() RETURNED NON-ZERO ERROR CODE 2
WARNING: LAPACK DSYEV() RETURNED NON-ZERO ERROR CODE 3
WARNING: LAPACK DSYEV() RETURNED NON-ZERO ERROR CODE 3
WARNING: LAPACK DSYEV() RETURNED NON-ZERO ERROR CODE 2
WARNING: LAPACK DSYEV() RETURNED NON-ZERO ERROR CODE 2
WARNING: LAPACK DSYEV() RETURNED NON-ZERO ERROR CODE 3
WARNING: LAPACK DSYEV() RETURNED NON-ZERO ERROR CODE 3
WARNING: LAPACK DSYEV() RETURNED NON-ZERO ERROR CODE 2
WARNING: LAPACK DSYEV() RETURNED NON-ZERO ERROR CODE 3
WARNING: LAPACK DSYEV() RETURNED NON-ZERO ERROR CODE 2
WARNING: LAPACK DSYEV() RETURNED NON-ZERO ERROR CODE 2
WARNING: LAPACK DSYEV() RETURNED NON-ZERO ERROR CODE 3
WARNING: LAPACK DSYEV() RETURNED NON-ZERO ERROR CODE 3
WARNING: LAPACK DSYEV() RETURNED NON-ZERO ERROR CODE 3
WARNING: LAPACK DSYEV() RETURNED NON-ZERO ERROR CODE 2
WARNING: LAPACK DSYEV() RETURNED NON-ZERO ERROR CODE 3
WARNING: LAPACK DSYEV() RETURNED NON-ZERO ERROR CODE 2
WARNING: LAPACK DSYEV() RETURNED NON-ZERO ERROR CODE 3
WARNING: LAPACK DSYEV() RETURNED NON-ZERO ERROR CODE 2
WARNING: LAPACK DSYEV() RETURNED NON-ZERO ERROR CODE 2
WARNING: LAPACK DSYEV() RETURNED NON-ZERO ERROR CODE 3
WARNING: LAPACK DSYEV() RETURNED NON-ZERO ERROR CODE 2
WARNING: LAPACK DSYEV() RETURNED NON-ZERO ERROR CODE 2
WARNING: LAPACK DSYEV() RETURNED NON-ZERO ERROR CODE 2
WARNING: LAPACK DSYEV() RETURNED NON-ZERO ERROR CODE 2
WARNING: LAPACK DSYEV() RETURNED NON-ZERO ERROR CODE 3
WARNING: LAPACK DSYEV() RETURNED NON-ZERO ERROR CODE 3
WARNING: LAPACK DSYEV() RETURNED NON-ZERO ERROR CODE 3
WARNING: LAPACK DSYEV() RETURNED NON-ZERO ERROR CODE 3
WARNING: LAPACK DSYEV() RETURNED NON-ZERO ERROR CODE 3
WARNING: LAPACK DSYEV() RETURNED NON-ZERO ERROR CODE 2
WARNING: LAPACK DSYEV() RETURNED NON-ZERO ERROR CODE 2
WARNING: LAPACK DSYEV() RETURNED NON-ZERO ERROR CODE 3
WARNING: LAPACK DSYEV() RETURNED NON-ZERO ERROR CODE 3
WARNING: LAPACK DSYEV() RETURNED NON-ZERO ERROR CODE 2
WARNING: LAPACK DSYEV() RETURNED NON-ZERO ERROR CODE 3
WARNING: LAPACK DSYEV() RETURNED NON-ZERO ERROR CODE 2
WARNING: LAPACK DSYEV() RETURNED NON-ZERO ERROR CODE 3
WARNING: LAPACK DSYEV() RETURNED NON-ZERO ERROR CODE 2
WARNING: LAPACK DSYEV() RETURNED NON-ZERO ERROR CODE 3
WARNING: LAPACK DSYEV() RETURNED NON-ZERO ERROR CODE 3
WARNING: LAPACK DSYEV() RETURNED NON-ZERO ERROR CODE 2
WARNING: LAPACK DSYEV() RETURNED NON-ZERO ERROR CODE 2
WARNING: LAPACK DSYEV() RETURNED NON-ZERO ERROR CODE 3
WARNING: LAPACK DSYEV() RETURNED NON-ZERO ERROR CODE 3
WARNING: LAPACK DSYEV() RETURNED NON-ZERO ERROR CODE 3
WARNING: LAPACK DSYEV() RETURNED NON-ZERO ERROR CODE 3
WARNING: LAPACK DSYEV() RETURNED NON-ZERO ERROR CODE 3
WARNING: LAPACK DSYEV() RETURNED NON-ZERO ERROR CODE 2
WARNING: LAPACK DSYEV() RETURNED NON-ZERO ERROR CODE 2
WARNING: LAPACK DSYEV() RETURNED NON-ZERO ERROR CODE 2
WARNING: LAPACK DSYEV() RETURNED NON-ZERO ERROR CODE 2
WARNING: LAPACK DSYEV() RETURNED NON-ZERO ERROR CODE 2
WARNING: LAPACK DSYEV() RETURNED NON-ZERO ERROR CODE 3
Finished setting up data; running search...
ROUND 1 A#0 and B#0 = 836.689
ROUND 2 A#1 and B#0 = 496.704
ROUND 3 A#2 and B#0 = 712.467
ROUND 4 A#3 and B#0 = 850.969
ROUND 5 A#4 and B#0 = 682.993
ROUND 6 A#5 and B#0 = 666.849
ROUND 7 A#6 and B#0 = 679.916
ROUND 8 A#7 and B#0 = 827.76
ROUND 9 A#8 and B#0 = 717.247
ROUND 10 A#9 and B#0 = 830.839
ROUND 11 A#10 and B#0 = 770.766
ROUND 12 A#11 and B#0 = 754.878
ROUND 13 A#12 and B#0 = 708.594
ROUND 14 A#13 and B#0 = 680.035
ROUND 15 A#14 and B#0 = 876.927
ROUND 16 A#15 and B#0 = 825.638
ROUND 17 A#16 and B#0 = 800.347
ROUND 18 A#17 and B#0 = 866.492
ROUND 19 A#18 and B#0 = 705.91
ROUND 20 A#19 and B#0 = 748.386
ROUND 21 A#20 and B#0 = 700.234
ROUND 22 A#21 and B#0 = 742.027
ROUND 23 A#22 and B#0 = 698.765
ROUND 24 A#23 and B#0 = 650.551
ROUND 25 A#24 and B#0 = 814.965
ROUND 26 A#25 and B#0 = 841.141
ROUND 27 A#26 and B#0 = 692.485
ROUND 28 A#27 and B#0 = 771.314
ROUND 29 A#28 and B#0 = 729.49
ROUND 30 A#29 and B#0 = 780.424
ROUND 31 A#30 and B#0 = 701.516
ROUND 32 A#31 and B#0 = 749.408
ROUND 33 A#32 and B#0 = 701.738
ROUND 34 A#33 and B#0 = 795.44
ROUND 35 A#34 and B#0 = 724.191
ROUND 36 A#35 and B#0 = 661.225
ROUND 37 A#36 and B#0 = 715.152
ROUND 38 A#37 and B#0 = 689.309
ROUND 39 A#38 and B#0 = 803.526
ROUND 40 A#39 and B#0 = 629.33
ROUND 41 A#40 and B#0 = 864.756
ROUND 42 A#41 and B#0 = 865.979
ROUND 43 A#42 and B#0 = 725.939
ROUND 44 A#43 and B#0 = 688.408
ROUND 45 A#44 and B#0 = 852.972
ROUND 46 A#45 and B#0 = 869.081
ROUND 47 A#46 and B#0 = 810.647
ROUND 48 A#47 and B#0 = 750.771
ROUND 49 A#48 and B#0 = 688.029
ROUND 50 A#49 and B#0 = 699.771
ROUND 51 A#0 and B#1 = 817.53
ROUND 52 A#1 and B#1 = 505.993
ROUND 53 A#2 and B#1 = 746.012
ROUND 54 A#3 and B#1 = 892.151
ROUND 55 A#4 and B#1 = 675.8
ROUND 56 A#5 and B#1 = 696.864
ROUND 57 A#6 and B#1 = 748.625
ROUND 58 A#7 and B#1 = 819.935
ROUND 59 A#8 and B#1 = 770.247
ROUND 60 A#9 and B#1 = 769.463
ROUND 61 A#10 and B#1 = 673.427
ROUND 62 A#11 and B#1 = 804.533
ROUND 63 A#12 and B#1 = 716.394
ROUND 64 A#13 and B#1 = 770.608
ROUND 65 A#14 and B#1 = 911.84
ROUND 66 A#15 and B#1 = 805.252
ROUND 67 A#16 and B#1 = 732.232
ROUND 68 A#17 and B#1 = 736.721
ROUND 69 A#18 and B#1 = 756.096
ROUND 70 A#19 and B#1 = 664.484
ROUND 71 A#20 and B#1 = 769.777
ROUND 72 A#21 and B#1 = 751.145
ROUND 73 A#22 and B#1 = 768.461
ROUND 74 A#23 and B#1 = 731.027
ROUND 75 A#24 and B#1 = 782.432
ROUND 76 A#25 and B#1 = 743.042
ROUND 77 A#26 and B#1 = 622.625
ROUND 78 A#27 and B#1 = 716.442
ROUND 79 A#28 and B#1 = 795.227
ROUND 80 A#29 and B#1 = 817.004
ROUND 81 A#30 and B#1 = 693.671
ROUND 82 A#31 and B#1 = 701.901
ROUND 83 A#32 and B#1 = 713.687
ROUND 84 A#33 and B#1 = 736.825
ROUND 85 A#34 and B#1 = 732.808
ROUND 86 A#35 and B#1 = 672.472
ROUND 87 A#36 and B#1 = 724.806
ROUND 88 A#37 and B#1 = 763.061
ROUND 89 A#38 and B#1 = 809.384
ROUND 90 A#39 and B#1 = 593.789
ROUND 91 A#40 and B#1 = 749.593
ROUND 92 A#41 and B#1 = 728.474
ROUND 93 A#42 and B#1 = 874.208
ROUND 94 A#43 and B#1 = 761.575
ROUND 95 A#44 and B#1 = 764.595
ROUND 96 A#45 and B#1 = 727.834
ROUND 97 A#46 and B#1 = 708.76
ROUND 98 A#47 and B#1 = 814.947
ROUND 99 A#48 and B#1 = 763.849
ROUND 100 A#49 and B#1 = 700.431
ROUND 101 A#0 and B#2 = 758.783
ROUND 102 A#1 and B#2 = 522.168
ROUND 103 A#2 and B#2 = 750.465
ROUND 104 A#3 and B#2 = 886.404
ROUND 105 A#4 and B#2 = 675.403
ROUND 106 A#5 and B#2 = 699.337
ROUND 107 A#6 and B#2 = 755.642
ROUND 108 A#7 and B#2 = 694.334
ROUND 109 A#8 and B#2 = 775.22
ROUND 110 A#9 and B#2 = 689.964
ROUND 111 A#10 and B#2 = 673.82
ROUND 112 A#11 and B#2 = 801.958
ROUND 113 A#12 and B#2 = 715.91
ROUND 114 A#13 and B#2 = 770.027
ROUND 115 A#14 and B#2 = 913.382
ROUND 116 A#15 and B#2 = 840.649
ROUND 117 A#16 and B#2 = 709.073
ROUND 118 A#17 and B#2 = 741.086
ROUND 119 A#18 and B#2 = 753.972
ROUND 120 A#19 and B#2 = 657.256
ROUND 121 A#20 and B#2 = 767.032
ROUND 122 A#21 and B#2 = 757.252
ROUND 123 A#22 and B#2 = 766.031
ROUND 124 A#23 and B#2 = 737.22
ROUND 125 A#24 and B#2 = 787.078
ROUND 126 A#25 and B#2 = 737.606
ROUND 127 A#26 and B#2 = 630.941
ROUND 128 A#27 and B#2 = 718.872
ROUND 129 A#28 and B#2 = 794.048
ROUND 130 A#29 and B#2 = 821.77
ROUND 131 A#30 and B#2 = 707.477
ROUND 132 A#31 and B#2 = 702.456
ROUND 133 A#32 and B#2 = 710.457
ROUND 134 A#33 and B#2 = 737.385
ROUND 135 A#34 and B#2 = 729.076
ROUND 136 A#35 and B#2 = 713.458
ROUND 137 A#36 and B#2 = 720.672
ROUND 138 A#37 and B#2 = 766.476
ROUND 139 A#38 and B#2 = 641.055
ROUND 140 A#39 and B#2 = 614
ROUND 141 A#40 and B#2 = 753.531
ROUND 142 A#41 and B#2 = 728.654
ROUND 143 A#42 and B#2 = 878.121
ROUND 144 A#43 and B#2 = 764.94
ROUND 145 A#44 and B#2 = 759.674
ROUND 146 A#45 and B#2 = 729.342
ROUND 147 A#46 and B#2 = 739.523
ROUND 148 A#47 and B#2 = 848.611
ROUND 149 A#48 and B#2 = 767.331
ROUND 150 A#49 and B#2 = 713.229
ROUND 151 A#0 and B#3 = 757.903
ROUND 152 A#1 and B#3 = 556.516
ROUND 153 A#2 and B#3 = 710.539
ROUND 154 A#3 and B#3 = 775.015
ROUND 155 A#4 and B#3 = 684.251
ROUND 156 A#5 and B#3 = 714.667
ROUND 157 A#6 and B#3 = 690.222
ROUND 158 A#7 and B#3 = 771.149
ROUND 159 A#8 and B#3 = 820.37
ROUND 160 A#9 and B#3 = 804.325
ROUND 161 A#10 and B#3 = 690.262
ROUND 162 A#11 and B#3 = 717.889
ROUND 163 A#12 and B#3 = 666.628
ROUND 164 A#13 and B#3 = 669.765
ROUND 165 A#14 and B#3 = 782.826
ROUND 166 A#15 and B#3 = 644.988
ROUND 167 A#16 and B#3 = 674.328
ROUND 168 A#17 and B#3 = 782.609
ROUND 169 A#18 and B#3 = 761.692
ROUND 170 A#19 and B#3 = 682.901
ROUND 171 A#20 and B#3 = 738.582
ROUND 172 A#21 and B#3 = 734.918
ROUND 173 A#22 and B#3 = 729.266
ROUND 174 A#23 and B#3 = 745.858
ROUND 175 A#24 and B#3 = 842.492
ROUND 176 A#25 and B#3 = 777.294
ROUND 177 A#26 and B#3 = 823.531
ROUND 178 A#27 and B#3 = 705.726
ROUND 179 A#28 and B#3 = 788.749
ROUND 180 A#29 and B#3 = 753.552
ROUND 181 A#30 and B#3 = 694.81
ROUND 182 A#31 and B#3 = 678.576
ROUND 183 A#32 and B#3 = 660.68
ROUND 184 A#33 and B#3 = 713.533
ROUND 185 A#34 and B#3 = 687.751
ROUND 186 A#35 and B#3 = 663.366
ROUND 187 A#36 and B#3 = 683.112
ROUND 188 A#37 and B#3 = 702.216
ROUND 189 A#38 and B#3 = 886.337
ROUND 190 A#39 and B#3 = 666.844
ROUND 191 A#40 and B#3 = 764.322
ROUND 192 A#41 and B#3 = 731.193
ROUND 193 A#42 and B#3 = 746.829
ROUND 194 A#43 and B#3 = 707.409
ROUND 195 A#44 and B#3 = 858.763
ROUND 196 A#45 and B#3 = 732.427
ROUND 197 A#46 and B#3 = 691.337
ROUND 198 A#47 and B#3 = 723.559
ROUND 199 A#48 and B#3 = 704.543
ROUND 200 A#49 and B#3 = 687.724
ROUND 201 A#0 and B#4 = 818.829
ROUND 202 A#1 and B#4 = 467.489
ROUND 203 A#2 and B#4 = 821.851
ROUND 204 A#3 and B#4 = 906.983
ROUND 205 A#4 and B#4 = 708.627
ROUND 206 A#5 and B#4 = 673.81
ROUND 207 A#6 and B#4 = 794.565
ROUND 208 A#7 and B#4 = 861.011
ROUND 209 A#8 and B#4 = 688.38
ROUND 210 A#9 and B#4 = 790.687
ROUND 211 A#10 and B#4 = 621.093
ROUND 212 A#11 and B#4 = 814.156
ROUND 213 A#12 and B#4 = 666.613
ROUND 214 A#13 and B#4 = 771.349
ROUND 215 A#14 and B#4 = 850.824
ROUND 216 A#15 and B#4 = 755.236
ROUND 217 A#16 and B#4 = 737.903
ROUND 218 A#17 and B#4 = 787.926
ROUND 219 A#18 and B#4 = 785.681
ROUND 220 A#19 and B#4 = 669.894
ROUND 221 A#20 and B#4 = 787.612
ROUND 222 A#21 and B#4 = 837.326
ROUND 223 A#22 and B#4 = 885.131
ROUND 224 A#23 and B#4 = 770.502
ROUND 225 A#24 and B#4 = 717.082
ROUND 226 A#25 and B#4 = 716.425
ROUND 227 A#26 and B#4 = 676.865
ROUND 228 A#27 and B#4 = 757.335
ROUND 229 A#28 and B#4 = 714.67
ROUND 230 A#29 and B#4 = 875.029
ROUND 231 A#30 and B#4 = 745.624
ROUND 232 A#31 and B#4 = 755.531
ROUND 233 A#32 and B#4 = 682.081
ROUND 234 A#33 and B#4 = 709.118
ROUND 235 A#34 and B#4 = 768.779
ROUND 236 A#35 and B#4 = 725.696
ROUND 237 A#36 and B#4 = 767.269
ROUND 238 A#37 and B#4 = 840.588
ROUND 239 A#38 and B#4 = 707.626
ROUND 240 A#39 and B#4 = 631.487
ROUND 241 A#40 and B#4 = 770.284
ROUND 242 A#41 and B#4 = 770.256
ROUND 243 A#42 and B#4 = 782.177
ROUND 244 A#43 and B#4 = 745.393
ROUND 245 A#44 and B#4 = 749.745
ROUND 246 A#45 and B#4 = 773.464
ROUND 247 A#46 and B#4 = 783.622
ROUND 248 A#47 and B#4 = 837.499
ROUND 249 A#48 and B#4 = 841.17
ROUND 250 A#49 and B#4 = 752.605
ROUND 251 A#0 and B#5 = 785.733
ROUND 252 A#1 and B#5 = 568.657
ROUND 253 A#2 and B#5 = 705.756
ROUND 254 A#3 and B#5 = 793.346
ROUND 255 A#4 and B#5 = 647.612
ROUND 256 A#5 and B#5 = 714.457
ROUND 257 A#6 and B#5 = 687.894
ROUND 258 A#7 and B#5 = 778.385
ROUND 259 A#8 and B#5 = 823.15
ROUND 260 A#9 and B#5 = 836.143
ROUND 261 A#10 and B#5 = 682.236
ROUND 262 A#11 and B#5 = 719.228
ROUND 263 A#12 and B#5 = 732.52
ROUND 264 A#13 and B#5 = 801.063
ROUND 265 A#14 and B#5 = 805.458
ROUND 266 A#15 and B#5 = 766.916
ROUND 267 A#16 and B#5 = 695.603
ROUND 268 A#17 and B#5 = 781.308
ROUND 269 A#18 and B#5 = 789.613
ROUND 270 A#19 and B#5 = 670.365
ROUND 271 A#20 and B#5 = 744.936
ROUND 272 A#21 and B#5 = 741.129
ROUND 273 A#22 and B#5 = 736.109
ROUND 274 A#23 and B#5 = 748.711
ROUND 275 A#24 and B#5 = 867.393
ROUND 276 A#25 and B#5 = 775.209
ROUND 277 A#26 and B#5 = 803.935
ROUND 278 A#27 and B#5 = 687.979
ROUND 279 A#28 and B#5 = 786.116
ROUND 280 A#29 and B#5 = 750.961
ROUND 281 A#30 and B#5 = 709.883
ROUND 282 A#31 and B#5 = 656.46
ROUND 283 A#32 and B#5 = 731.808
ROUND 284 A#33 and B#5 = 694.883
ROUND 285 A#34 and B#5 = 760.42
ROUND 286 A#35 and B#5 = 659.991
ROUND 287 A#36 and B#5 = 757.17
ROUND 288 A#37 and B#5 = 702.079
ROUND 289 A#38 and B#5 = 882.523
ROUND 290 A#39 and B#5 = 613.82
ROUND 291 A#40 and B#5 = 770.623
ROUND 292 A#41 and B#5 = 738.444
ROUND 293 A#42 and B#5 = 721.053
ROUND 294 A#43 and B#5 = 728.361
ROUND 295 A#44 and B#5 = 851.895
ROUND 296 A#45 and B#5 = 739.547
ROUND 297 A#46 and B#5 = 715.284
ROUND 298 A#47 and B#5 = 729.113
ROUND 299 A#48 and B#5 = 699.172
ROUND 300 A#49 and B#5 = 711.418
ROUND 301 A#0 and B#6 = 879.002
ROUND 302 A#1 and B#6 = 772.843
ROUND 303 A#2 and B#6 = 787.791
ROUND 304 A#3 and B#6 = 885.397
ROUND 305 A#4 and B#6 = 635.024
ROUND 306 A#5 and B#6 = 680.784
ROUND 307 A#6 and B#6 = 814.994
ROUND 308 A#7 and B#6 = 871.603
ROUND 309 A#8 and B#6 = 758.207
ROUND 310 A#9 and B#6 = 844.42
ROUND 311 A#10 and B#6 = 746.355
ROUND 312 A#11 and B#6 = 781.091
ROUND 313 A#12 and B#6 = 648.237
ROUND 314 A#13 and B#6 = 809.216
ROUND 315 A#14 and B#6 = 684.163
ROUND 316 A#15 and B#6 = 704.629
ROUND 317 A#16 and B#6 = 795.186
ROUND 318 A#17 and B#6 = 715.006
ROUND 319 A#18 and B#6 = 773.601
ROUND 320 A#19 and B#6 = 698.264
ROUND 321 A#20 and B#6 = 744.247
ROUND 322 A#21 and B#6 = 786.81
ROUND 323 A#22 and B#6 = 751.465
ROUND 324 A#23 and B#6 = 710.989
ROUND 325 A#24 and B#6 = 843.723
ROUND 326 A#25 and B#6 = 690.475
ROUND 327 A#26 and B#6 = 699.427
ROUND 328 A#27 and B#6 = 732.569
ROUND 329 A#28 and B#6 = 638.705
ROUND 330 A#29 and B#6 = 765.706
ROUND 331 A#30 and B#6 = 758.144
ROUND 332 A#31 and B#6 = 708.144
ROUND 333 A#32 and B#6 = 735.742
ROUND 334 A#33 and B#6 = 615.973
ROUND 335 A#34 and B#6 = 772.923
ROUND 336 A#35 and B#6 = 676.875
ROUND 337 A#36 and B#6 = 780.217
ROUND 338 A#37 and B#6 = 813.105
ROUND 339 A#38 and B#6 = 755.831
ROUND 340 A#39 and B#6 = 746.525
ROUND 341 A#40 and B#6 = 701.011
ROUND 342 A#41 and B#6 = 701.576
ROUND 343 A#42 and B#6 = 663.71
ROUND 344 A#43 and B#6 = 811.827
ROUND 345 A#44 and B#6 = 676.472
ROUND 346 A#45 and B#6 = 702.884
ROUND 347 A#46 and B#6 = 752.506
ROUND 348 A#47 and B#6 = 788.675
ROUND 349 A#48 and B#6 = 812.192
ROUND 350 A#49 and B#6 = 756.861
ROUND 351 A#0 and B#7 = 815.657
ROUND 352 A#1 and B#7 = 509.827
ROUND 353 A#2 and B#7 = 746.838
ROUND 354 A#3 and B#7 = 889.856
ROUND 355 A#4 and B#7 = 677.328
ROUND 356 A#5 and B#7 = 699.125
ROUND 357 A#6 and B#7 = 750.141
ROUND 358 A#7 and B#7 = 826.91
ROUND 359 A#8 and B#7 = 770.76
ROUND 360 A#9 and B#7 = 769.367
ROUND 361 A#10 and B#7 = 679.259
ROUND 362 A#11 and B#7 = 804.485
ROUND 363 A#12 and B#7 = 718.432
ROUND 364 A#13 and B#7 = 771.612
ROUND 365 A#14 and B#7 = 914.057
ROUND 366 A#15 and B#7 = 804.327
ROUND 367 A#16 and B#7 = 732.589
ROUND 368 A#17 and B#7 = 736.65
ROUND 369 A#18 and B#7 = 757.71
ROUND 370 A#19 and B#7 = 664.453
ROUND 371 A#20 and B#7 = 771.493
ROUND 372 A#21 and B#7 = 751.862
ROUND 373 A#22 and B#7 = 770.069
ROUND 374 A#23 and B#7 = 731.597
ROUND 375 A#24 and B#7 = 789.117
ROUND 376 A#25 and B#7 = 745.029
ROUND 377 A#26 and B#7 = 627.555
ROUND 378 A#27 and B#7 = 716.505
ROUND 379 A#28 and B#7 = 797.612
ROUND 380 A#29 and B#7 = 817.966
ROUND 381 A#30 and B#7 = 697.379
ROUND 382 A#31 and B#7 = 702.264
ROUND 383 A#32 and B#7 = 717.355
ROUND 384 A#33 and B#7 = 737.238
ROUND 385 A#34 and B#7 = 732.475
ROUND 386 A#35 and B#7 = 668.785
ROUND 387 A#36 and B#7 = 724.897
ROUND 388 A#37 and B#7 = 764.203
ROUND 389 A#38 and B#7 = 815.757
ROUND 390 A#39 and B#7 = 589.589
ROUND 391 A#40 and B#7 = 746.713
ROUND 392 A#41 and B#7 = 729.381
ROUND 393 A#42 and B#7 = 874.748
ROUND 394 A#43 and B#7 = 762.61
ROUND 395 A#44 and B#7 = 771.267
ROUND 396 A#45 and B#7 = 728.866
ROUND 397 A#46 and B#7 = 712.284
ROUND 398 A#47 and B#7 = 816.45
ROUND 399 A#48 and B#7 = 764.987
ROUND 400 A#49 and B#7 = 704.064
ROUND 401 A#0 and B#8 = 731.028
ROUND 402 A#1 and B#8 = 424.874
ROUND 403 A#2 and B#8 = 837.003
ROUND 404 A#3 and B#8 = 699.741
ROUND 405 A#4 and B#8 = 644.059
ROUND 406 A#5 and B#8 = 792.093
ROUND 407 A#6 and B#8 = 691.234
ROUND 408 A#7 and B#8 = 732.2
ROUND 409 A#8 and B#8 = 639.57
ROUND 410 A#9 and B#8 = 646.552
ROUND 411 A#10 and B#8 = 747.802
ROUND 412 A#11 and B#8 = 799.305
ROUND 413 A#12 and B#8 = 701.485
ROUND 414 A#13 and B#8 = 685.393
ROUND 415 A#14 and B#8 = 658.812
ROUND 416 A#15 and B#8 = 744.341
ROUND 417 A#16 and B#8 = 815.316
ROUND 418 A#17 and B#8 = 860.93
ROUND 419 A#18 and B#8 = 788.098
ROUND 420 A#19 and B#8 = 761.449
ROUND 421 A#20 and B#8 = 735.699
ROUND 422 A#21 and B#8 = 894.223
ROUND 423 A#22 and B#8 = 718.257
ROUND 424 A#23 and B#8 = 853.405
ROUND 425 A#24 and B#8 = 742.924
ROUND 426 A#25 and B#8 = 677.608
ROUND 427 A#26 and B#8 = 776.424
ROUND 428 A#27 and B#8 = 780.258
ROUND 429 A#28 and B#8 = 732.031
ROUND 430 A#29 and B#8 = 769.604
ROUND 431 A#30 and B#8 = 806.327
ROUND 432 A#31 and B#8 = 810.208
ROUND 433 A#32 and B#8 = 856.28
ROUND 434 A#33 and B#8 = 722.04
ROUND 435 A#34 and B#8 = 858.197
ROUND 436 A#35 and B#8 = 702.633
ROUND 437 A#36 and B#8 = 860.414
ROUND 438 A#37 and B#8 = 849.949
ROUND 439 A#38 and B#8 = 797.916
ROUND 440 A#39 and B#8 = 675.214
ROUND 441 A#40 and B#8 = 852.097
ROUND 442 A#41 and B#8 = 851.453
ROUND 443 A#42 and B#8 = 807.126
ROUND 444 A#43 and B#8 = 855.969
ROUND 445 A#44 and B#8 = 764.741
ROUND 446 A#45 and B#8 = 850.712
ROUND 447 A#46 and B#8 = 810.531
ROUND 448 A#47 and B#8 = 714.383
ROUND 449 A#48 and B#8 = 851.995
ROUND 450 A#49 and B#8 = 807.895
ROUND 451 A#0 and B#9 = 755.439
ROUND 452 A#1 and B#9 = 485.361
ROUND 453 A#2 and B#9 = 833.317
ROUND 454 A#3 and B#9 = 705.189
ROUND 455 A#4 and B#9 = 582.995
ROUND 456 A#5 and B#9 = 775.411
ROUND 457 A#6 and B#9 = 794.776
ROUND 458 A#7 and B#9 = 760.085
ROUND 459 A#8 and B#9 = 636.777
ROUND 460 A#9 and B#9 = 653.896
ROUND 461 A#10 and B#9 = 759.572
ROUND 462 A#11 and B#9 = 780.63
ROUND 463 A#12 and B#9 = 701.523
ROUND 464 A#13 and B#9 = 685.849
ROUND 465 A#14 and B#9 = 685.904
ROUND 466 A#15 and B#9 = 736.297
ROUND 467 A#16 and B#9 = 804.979
ROUND 468 A#17 and B#9 = 856.411
ROUND 469 A#18 and B#9 = 788.01
ROUND 470 A#19 and B#9 = 764.751
ROUND 471 A#20 and B#9 = 749.976
ROUND 472 A#21 and B#9 = 890.779
ROUND 473 A#22 and B#9 = 731.297
ROUND 474 A#23 and B#9 = 867.079
ROUND 475 A#24 and B#9 = 799.942
ROUND 476 A#25 and B#9 = 729.099
ROUND 477 A#26 and B#9 = 781.736
ROUND 478 A#27 and B#9 = 776.403
ROUND 479 A#28 and B#9 = 716.645
ROUND 480 A#29 and B#9 = 803.223
ROUND 481 A#30 and B#9 = 801.595
ROUND 482 A#31 and B#9 = 801.014
ROUND 483 A#32 and B#9 = 874.524
ROUND 484 A#33 and B#9 = 745.927
ROUND 485 A#34 and B#9 = 876.098
ROUND 486 A#35 and B#9 = 718.845
ROUND 487 A#36 and B#9 = 877.371
ROUND 488 A#37 and B#9 = 846.062
ROUND 489 A#38 and B#9 = 790.997
ROUND 490 A#39 and B#9 = 676.148
ROUND 491 A#40 and B#9 = 847.288
ROUND 492 A#41 and B#9 = 846.209
ROUND 493 A#42 and B#9 = 732.887
ROUND 494 A#43 and B#9 = 852.083
ROUND 495 A#44 and B#9 = 769.021
ROUND 496 A#45 and B#9 = 845.384
ROUND 497 A#46 and B#9 = 806.347
ROUND 498 A#47 and B#9 = 728.504
ROUND 499 A#48 and B#9 = 848.076
ROUND 500 A#49 and B#9 = 803.31
ROUND 501 A#0 and B#10 = 751.675
ROUND 502 A#1 and B#10 = 556.401
ROUND 503 A#2 and B#10 = 710.449
ROUND 504 A#3 and B#10 = 771.006
ROUND 505 A#4 and B#10 = 682.824
ROUND 506 A#5 and B#10 = 715.272
ROUND 507 A#6 and B#10 = 688.925
ROUND 508 A#7 and B#10 = 765.047
ROUND 509 A#8 and B#10 = 823.107
ROUND 510 A#9 and B#10 = 801.954
ROUND 511 A#10 and B#10 = 691.54
ROUND 512 A#11 and B#10 = 722.647
ROUND 513 A#12 and B#10 = 661.592
ROUND 514 A#13 and B#10 = 672.231
ROUND 515 A#14 and B#10 = 781.953
ROUND 516 A#15 and B#10 = 647.378
ROUND 517 A#16 and B#10 = 675.809
ROUND 518 A#17 and B#10 = 781.857
ROUND 519 A#18 and B#10 = 761.004
ROUND 520 A#19 and B#10 = 685.334
ROUND 521 A#20 and B#10 = 738.956
ROUND 522 A#21 and B#10 = 733.25
ROUND 523 A#22 and B#10 = 729.706
ROUND 524 A#23 and B#10 = 748.599
ROUND 525 A#24 and B#10 = 838.255
ROUND 526 A#25 and B#10 = 774.619
ROUND 527 A#26 and B#10 = 827.615
ROUND 528 A#27 and B#10 = 707.487
ROUND 529 A#28 and B#10 = 789.833
ROUND 530 A#29 and B#10 = 749.723
ROUND 531 A#30 and B#10 = 700.891
ROUND 532 A#31 and B#10 = 678.952
ROUND 533 A#32 and B#10 = 659.246
ROUND 534 A#33 and B#10 = 717.858
ROUND 535 A#34 and B#10 = 686.768
ROUND 536 A#35 and B#10 = 664.113
ROUND 537 A#36 and B#10 = 681.958
ROUND 538 A#37 and B#10 = 705.609
ROUND 539 A#38 and B#10 = 887.837
ROUND 540 A#39 and B#10 = 668.122
ROUND 541 A#40 and B#10 = 762.174
ROUND 542 A#41 and B#10 = 732.383
ROUND 543 A#42 and B#10 = 750.588
ROUND 544 A#43 and B#10 = 710.559
ROUND 545 A#44 and B#10 = 863.665
ROUND 546 A#45 and B#10 = 733.535
ROUND 547 A#46 and B#10 = 697.667
ROUND 548 A#47 and B#10 = 722.566
ROUND 549 A#48 and B#10 = 707.713
ROUND 550 A#49 and B#10 = 694.043
ROUND 551 A#0 and B#11 = 758.339
ROUND 552 A#1 and B#11 = 522.612
ROUND 553 A#2 and B#11 = 753.048
ROUND 554 A#3 and B#11 = 888.728
ROUND 555 A#4 and B#11 = 674.66
ROUND 556 A#5 and B#11 = 696.767
ROUND 557 A#6 and B#11 = 757.194
ROUND 558 A#7 and B#11 = 694.681
ROUND 559 A#8 and B#11 = 772.596
ROUND 560 A#9 and B#11 = 689.923
ROUND 561 A#10 and B#11 = 674.495
ROUND 562 A#11 and B#11 = 804.279
ROUND 563 A#12 and B#11 = 716.247
ROUND 564 A#13 and B#11 = 770.499
ROUND 565 A#14 and B#11 = 912.23
ROUND 566 A#15 and B#11 = 836.568
ROUND 567 A#16 and B#11 = 711.012
ROUND 568 A#17 and B#11 = 743.567
ROUND 569 A#18 and B#11 = 754.622
ROUND 570 A#19 and B#11 = 661.8
ROUND 571 A#20 and B#11 = 767.03
ROUND 572 A#21 and B#11 = 757.826
ROUND 573 A#22 and B#11 = 766.231
ROUND 574 A#23 and B#11 = 736.79
ROUND 575 A#24 and B#11 = 786.061
ROUND 576 A#25 and B#11 = 738.559
ROUND 577 A#26 and B#11 = 628.024
ROUND 578 A#27 and B#11 = 718.394
ROUND 579 A#28 and B#11 = 792.325
ROUND 580 A#29 and B#11 = 821.908
ROUND 581 A#30 and B#11 = 706.078
ROUND 582 A#31 and B#11 = 701.848
ROUND 583 A#32 and B#11 = 711.605
ROUND 584 A#33 and B#11 = 736.53
ROUND 585 A#34 and B#11 = 731.843
ROUND 586 A#35 and B#11 = 711.866
ROUND 587 A#36 and B#11 = 723.384
ROUND 588 A#37 and B#11 = 769.343
ROUND 589 A#38 and B#11 = 791.513
ROUND 590 A#39 and B#11 = 612.254
ROUND 591 A#40 and B#11 = 731.092
ROUND 592 A#41 and B#11 = 731.546
ROUND 593 A#42 and B#11 = 873.992
ROUND 594 A#43 and B#11 = 767.807
ROUND 595 A#44 and B#11 = 759.057
ROUND 596 A#45 and B#11 = 732.378
ROUND 597 A#46 and B#11 = 738.705
ROUND 598 A#47 and B#11 = 848.047
ROUND 599 A#48 and B#11 = 770.149
ROUND 600 A#49 and B#11 = 712.011
ROUND 601 A#0 and B#12 = 757.968
ROUND 602 A#1 and B#12 = 567.016
ROUND 603 A#2 and B#12 = 714.552
ROUND 604 A#3 and B#12 = 717.802
ROUND 605 A#4 and B#12 = 665.824
ROUND 606 A#5 and B#12 = 807.22
ROUND 607 A#6 and B#12 = 711.677
ROUND 608 A#7 and B#12 = 743.481
ROUND 609 A#8 and B#12 = 757.159
ROUND 610 A#9 and B#12 = 717.709
ROUND 611 A#10 and B#12 = 706.757
ROUND 612 A#11 and B#12 = 600.554
ROUND 613 A#12 and B#12 = 619.573
ROUND 614 A#13 and B#12 = 673.138
ROUND 615 A#14 and B#12 = 773.309
ROUND 616 A#15 and B#12 = 746.226
ROUND 617 A#16 and B#12 = 619.066
ROUND 618 A#17 and B#12 = 800.502
ROUND 619 A#18 and B#12 = 908.898
ROUND 620 A#19 and B#12 = 830
ROUND 621 A#20 and B#12 = 835.346
ROUND 622 A#21 and B#12 = 731.196
ROUND 623 A#22 and B#12 = 820.058
ROUND 624 A#23 and B#12 = 717.748
ROUND 625 A#24 and B#12 = 891.6
ROUND 626 A#25 and B#12 = 883.058
ROUND 627 A#26 and B#12 = 676.013
ROUND 628 A#27 and B#12 = 779.098
ROUND 629 A#28 and B#12 = 774.343
ROUND 630 A#29 and B#12 = 723.034
ROUND 631 A#30 and B#12 = 711.49
ROUND 632 A#31 and B#12 = 783.007
ROUND 633 A#32 and B#12 = 735.216
ROUND 634 A#33 and B#12 = 712.994
ROUND 635 A#34 and B#12 = 714.635
ROUND 636 A#35 and B#12 = 699.352
ROUND 637 A#36 and B#12 = 722.203
ROUND 638 A#37 and B#12 = 709.565
ROUND 639 A#38 and B#12 = 773.73
ROUND 640 A#39 and B#12 = 631.663
ROUND 641 A#40 and B#12 = 783.111
ROUND 642 A#41 and B#12 = 761.837
ROUND 643 A#42 and B#12 = 848.297
ROUND 644 A#43 and B#12 = 708.672
ROUND 645 A#44 and B#12 = 897.295
ROUND 646 A#45 and B#12 = 766.591
ROUND 647 A#46 and B#12 = 718.532
ROUND 648 A#47 and B#12 = 784.083
ROUND 649 A#48 and B#12 = 707.704
ROUND 650 A#49 and B#12 = 701.393
ROUND 651 A#0 and B#13 = 855.591
ROUND 652 A#1 and B#13 = 475.685
ROUND 653 A#2 and B#13 = 703.886
ROUND 654 A#3 and B#13 = 841.436
ROUND 655 A#4 and B#13 = 601.728
ROUND 656 A#5 and B#13 = 827.01
ROUND 657 A#6 and B#13 = 690.511
ROUND 658 A#7 and B#13 = 851.614
ROUND 659 A#8 and B#13 = 691.22
ROUND 660 A#9 and B#13 = 701.801
ROUND 661 A#10 and B#13 = 803.477
ROUND 662 A#11 and B#13 = 866.567
ROUND 663 A#12 and B#13 = 686.79
ROUND 664 A#13 and B#13 = 791.979
ROUND 665 A#14 and B#13 = 824.472
ROUND 666 A#15 and B#13 = 786.609
ROUND 667 A#16 and B#13 = 932.626
ROUND 668 A#17 and B#13 = 764.812
ROUND 669 A#18 and B#13 = 765.418
ROUND 670 A#19 and B#13 = 835.434
ROUND 671 A#20 and B#13 = 721.703
ROUND 672 A#21 and B#13 = 754.589
ROUND 673 A#22 and B#13 = 714.68
ROUND 674 A#23 and B#13 = 730.676
ROUND 675 A#24 and B#13 = 846.831
ROUND 676 A#25 and B#13 = 695.514
ROUND 677 A#26 and B#13 = 702.933
ROUND 678 A#27 and B#13 = 751.532
ROUND 679 A#28 and B#13 = 750.035
ROUND 680 A#29 and B#13 = 707.677
ROUND 681 A#30 and B#13 = 644.507
ROUND 682 A#31 and B#13 = 674.291
ROUND 683 A#32 and B#13 = 763.314
ROUND 684 A#33 and B#13 = 662.131
ROUND 685 A#34 and B#13 = 885.743
ROUND 686 A#35 and B#13 = 715.303
ROUND 687 A#36 and B#13 = 882.02
ROUND 688 A#37 and B#13 = 693.292
ROUND 689 A#38 and B#13 = 745.111
ROUND 690 A#39 and B#13 = 677.979
ROUND 691 A#40 and B#13 = 771.422
ROUND 692 A#41 and B#13 = 770.63
ROUND 693 A#42 and B#13 = 767.602
ROUND 694 A#43 and B#13 = 681.754
ROUND 695 A#44 and B#13 = 733.558
ROUND 696 A#45 and B#13 = 766.281
ROUND 697 A#46 and B#13 = 694.001
ROUND 698 A#47 and B#13 = 692.59
ROUND 699 A#48 and B#13 = 715.52
ROUND 700 A#49 and B#13 = 715.895
ROUND 701 A#0 and B#14 = 753.09
ROUND 702 A#1 and B#14 = 577.743
ROUND 703 A#2 and B#14 = 695.15
ROUND 704 A#3 and B#14 = 768.473
ROUND 705 A#4 and B#14 = 676.605
ROUND 706 A#5 and B#14 = 727.732
ROUND 707 A#6 and B#14 = 672.531
ROUND 708 A#7 and B#14 = 765.816
ROUND 709 A#8 and B#14 = 828.674
ROUND 710 A#9 and B#14 = 798.304
ROUND 711 A#10 and B#14 = 700.482
ROUND 712 A#11 and B#14 = 709.568
ROUND 713 A#12 and B#14 = 671.239
ROUND 714 A#13 and B#14 = 655.871
ROUND 715 A#14 and B#14 = 784.241
ROUND 716 A#15 and B#14 = 661.929
ROUND 717 A#16 and B#14 = 675.336
ROUND 718 A#17 and B#14 = 787.158
ROUND 719 A#18 and B#14 = 763.595
ROUND 720 A#19 and B#14 = 743.982
ROUND 721 A#20 and B#14 = 740.426
ROUND 722 A#21 and B#14 = 753.889
ROUND 723 A#22 and B#14 = 730.515
ROUND 724 A#23 and B#14 = 742.924
ROUND 725 A#24 and B#14 = 832.976
ROUND 726 A#25 and B#14 = 817.215
ROUND 727 A#26 and B#14 = 752.244
ROUND 728 A#27 and B#14 = 705.028
ROUND 729 A#28 and B#14 = 783.893
ROUND 730 A#29 and B#14 = 752.356
ROUND 731 A#30 and B#14 = 679.632
ROUND 732 A#31 and B#14 = 675.767
ROUND 733 A#32 and B#14 = 622.321
ROUND 734 A#33 and B#14 = 693.565
ROUND 735 A#34 and B#14 = 685.274
ROUND 736 A#35 and B#14 = 657.743
ROUND 737 A#36 and B#14 = 680.354
ROUND 738 A#37 and B#14 = 686.638
ROUND 739 A#38 and B#14 = 871.047
ROUND 740 A#39 and B#14 = 633.036
ROUND 741 A#40 and B#14 = 776.09
ROUND 742 A#41 and B#14 = 771.735
ROUND 743 A#42 and B#14 = 737.891
ROUND 744 A#43 and B#14 = 691.905
ROUND 745 A#44 and B#14 = 877.01
ROUND 746 A#45 and B#14 = 778.275
ROUND 747 A#46 and B#14 = 673.61
ROUND 748 A#47 and B#14 = 718.165
ROUND 749 A#48 and B#14 = 689.173
ROUND 750 A#49 and B#14 = 671.717
ROUND 751 A#0 and B#15 = 879.468
ROUND 752 A#1 and B#15 = 765.563
ROUND 753 A#2 and B#15 = 790.571
ROUND 754 A#3 and B#15 = 886.824
ROUND 755 A#4 and B#15 = 615.045
ROUND 756 A#5 and B#15 = 679.78
ROUND 757 A#6 and B#15 = 818.792
ROUND 758 A#7 and B#15 = 872.095
ROUND 759 A#8 and B#15 = 763.913
ROUND 760 A#9 and B#15 = 842.776
ROUND 761 A#10 and B#15 = 746.846
ROUND 762 A#11 and B#15 = 780.652
ROUND 763 A#12 and B#15 = 648.729
ROUND 764 A#13 and B#15 = 809.477
ROUND 765 A#14 and B#15 = 688.274
ROUND 766 A#15 and B#15 = 705.069
ROUND 767 A#16 and B#15 = 796.426
ROUND 768 A#17 and B#15 = 761.912
ROUND 769 A#18 and B#15 = 777.768
ROUND 770 A#19 and B#15 = 696.11
ROUND 771 A#20 and B#15 = 747.579
ROUND 772 A#21 and B#15 = 785.33
ROUND 773 A#22 and B#15 = 755.893
ROUND 774 A#23 and B#15 = 711.353
ROUND 775 A#24 and B#15 = 844.949
ROUND 776 A#25 and B#15 = 691.468
ROUND 777 A#26 and B#15 = 699.605
ROUND 778 A#27 and B#15 = 733.023
ROUND 779 A#28 and B#15 = 640.535
ROUND 780 A#29 and B#15 = 767.311
ROUND 781 A#30 and B#15 = 754.899
ROUND 782 A#31 and B#15 = 704.978
ROUND 783 A#32 and B#15 = 735.493
ROUND 784 A#33 and B#15 = 612.918
ROUND 785 A#34 and B#15 = 772.919
ROUND 786 A#35 and B#15 = 679.481
ROUND 787 A#36 and B#15 = 779.351
ROUND 788 A#37 and B#15 = 813.373
ROUND 789 A#38 and B#15 = 759.466
ROUND 790 A#39 and B#15 = 749.029
ROUND 791 A#40 and B#15 = 698.567
ROUND 792 A#41 and B#15 = 699.105
ROUND 793 A#42 and B#15 = 665.701
ROUND 794 A#43 and B#15 = 812.055
ROUND 795 A#44 and B#15 = 679.274
ROUND 796 A#45 and B#15 = 700.288
ROUND 797 A#46 and B#15 = 748.886
ROUND 798 A#47 and B#15 = 791.152
ROUND 799 A#48 and B#15 = 812.483
ROUND 800 A#49 and B#15 = 753.56
ROUND 801 A#0 and B#16 = 834.009
ROUND 802 A#1 and B#16 = 469.144
ROUND 803 A#2 and B#16 = 777.542
ROUND 804 A#3 and B#16 = 905.828
ROUND 805 A#4 and B#16 = 708.455
ROUND 806 A#5 and B#16 = 667.333
ROUND 807 A#6 and B#16 = 757.645
ROUND 808 A#7 and B#16 = 878.799
ROUND 809 A#8 and B#16 = 679.237
ROUND 810 A#9 and B#16 = 796.275
ROUND 811 A#10 and B#16 = 676.697
ROUND 812 A#11 and B#16 = 810.837
ROUND 813 A#12 and B#16 = 719.671
ROUND 814 A#13 and B#16 = 742.66
ROUND 815 A#14 and B#16 = 831.178
ROUND 816 A#15 and B#16 = 727.953
ROUND 817 A#16 and B#16 = 727.062
ROUND 818 A#17 and B#16 = 748.808
ROUND 819 A#18 and B#16 = 807.698
ROUND 820 A#19 and B#16 = 688.793
ROUND 821 A#20 and B#16 = 812.734
ROUND 822 A#21 and B#16 = 805.836
ROUND 823 A#22 and B#16 = 889.635
ROUND 824 A#23 and B#16 = 739.914
ROUND 825 A#24 and B#16 = 726.737
ROUND 826 A#25 and B#16 = 728.444
ROUND 827 A#26 and B#16 = 701.305
ROUND 828 A#27 and B#16 = 707.444
ROUND 829 A#28 and B#16 = 715.309
ROUND 830 A#29 and B#16 = 815.968
ROUND 831 A#30 and B#16 = 741.715
ROUND 832 A#31 and B#16 = 734.834
ROUND 833 A#32 and B#16 = 737.244
ROUND 834 A#33 and B#16 = 707.025
ROUND 835 A#34 and B#16 = 786.682
ROUND 836 A#35 and B#16 = 687.708
ROUND 837 A#36 and B#16 = 785.597
ROUND 838 A#37 and B#16 = 742.866
ROUND 839 A#38 and B#16 = 721.498
ROUND 840 A#39 and B#16 = 615.257
ROUND 841 A#40 and B#16 = 837.86
ROUND 842 A#41 and B#16 = 731.522
ROUND 843 A#42 and B#16 = 702.557
ROUND 844 A#43 and B#16 = 747.463
ROUND 845 A#44 and B#16 = 733.242
ROUND 846 A#45 and B#16 = 734.338
ROUND 847 A#46 and B#16 = 749.541
ROUND 848 A#47 and B#16 = 780.78
ROUND 849 A#48 and B#16 = 797.621
ROUND 850 A#49 and B#16 = 748.807
ROUND 851 A#0 and B#17 = 731.722
ROUND 852 A#1 and B#17 = 566.441
ROUND 853 A#2 and B#17 = 741.497
ROUND 854 A#3 and B#17 = 723.492
ROUND 855 A#4 and B#17 = 614.622
ROUND 856 A#5 and B#17 = 803.792
ROUND 857 A#6 and B#17 = 698.118
ROUND 858 A#7 and B#17 = 738.728
ROUND 859 A#8 and B#17 = 750.971
ROUND 860 A#9 and B#17 = 721.685
ROUND 861 A#10 and B#17 = 723.206
ROUND 862 A#11 and B#17 = 611.413
ROUND 863 A#12 and B#17 = 621.792
ROUND 864 A#13 and B#17 = 671.866
ROUND 865 A#14 and B#17 = 773.435
ROUND 866 A#15 and B#17 = 717.656
ROUND 867 A#16 and B#17 = 659.416
ROUND 868 A#17 and B#17 = 770.298
ROUND 869 A#18 and B#17 = 906.442
ROUND 870 A#19 and B#17 = 826.983
ROUND 871 A#20 and B#17 = 834.754
ROUND 872 A#21 and B#17 = 704.925
ROUND 873 A#22 and B#17 = 814.999
ROUND 874 A#23 and B#17 = 787.919
ROUND 875 A#24 and B#17 = 882.825
ROUND 876 A#25 and B#17 = 844.905
ROUND 877 A#26 and B#17 = 688.359
ROUND 878 A#27 and B#17 = 780.585
ROUND 879 A#28 and B#17 = 767.456
ROUND 880 A#29 and B#17 = 744.201
ROUND 881 A#30 and B#17 = 715.599
ROUND 882 A#31 and B#17 = 778.381
ROUND 883 A#32 and B#17 = 733.021
ROUND 884 A#33 and B#17 = 749.814
ROUND 885 A#34 and B#17 = 714.114
ROUND 886 A#35 and B#17 = 697.834
ROUND 887 A#36 and B#17 = 721.28
ROUND 888 A#37 and B#17 = 695.648
ROUND 889 A#38 and B#17 = 777.789
ROUND 890 A#39 and B#17 = 619.677
ROUND 891 A#40 and B#17 = 752.809
ROUND 892 A#41 and B#17 = 720.349
ROUND 893 A#42 and B#17 = 845.844
ROUND 894 A#43 and B#17 = 692.365
ROUND 895 A#44 and B#17 = 871.479
ROUND 896 A#45 and B#17 = 722.331
ROUND 897 A#46 and B#17 = 731.289
ROUND 898 A#47 and B#17 = 780.203
ROUND 899 A#48 and B#17 = 693.739
ROUND 900 A#49 and B#17 = 706.961
ROUND 901 A#0 and B#18 = 841.613
ROUND 902 A#1 and B#18 = 571.734
ROUND 903 A#2 and B#18 = 703.589
ROUND 904 A#3 and B#18 = 814.458
ROUND 905 A#4 and B#18 = 677.842
ROUND 906 A#5 and B#18 = 654.453
ROUND 907 A#6 and B#18 = 673.903
ROUND 908 A#7 and B#18 = 808.263
ROUND 909 A#8 and B#18 = 699.648
ROUND 910 A#9 and B#18 = 841.473
ROUND 911 A#10 and B#18 = 727.102
ROUND 912 A#11 and B#18 = 767.868
ROUND 913 A#12 and B#18 = 700.726
ROUND 914 A#13 and B#18 = 772.368
ROUND 915 A#14 and B#18 = 832.008
ROUND 916 A#15 and B#18 = 813.744
ROUND 917 A#16 and B#18 = 812.51
ROUND 918 A#17 and B#18 = 860.641
ROUND 919 A#18 and B#18 = 706.227
ROUND 920 A#19 and B#18 = 754.185
ROUND 921 A#20 and B#18 = 716.825
ROUND 922 A#21 and B#18 = 746.79
ROUND 923 A#22 and B#18 = 718.856
ROUND 924 A#23 and B#18 = 649.574
ROUND 925 A#24 and B#18 = 803.869
ROUND 926 A#25 and B#18 = 835.737
ROUND 927 A#26 and B#18 = 688.149
ROUND 928 A#27 and B#18 = 756.209
ROUND 929 A#28 and B#18 = 719.103
ROUND 930 A#29 and B#18 = 788.436
ROUND 931 A#30 and B#18 = 844.478
ROUND 932 A#31 and B#18 = 790.561
ROUND 933 A#32 and B#18 = 687.437
ROUND 934 A#33 and B#18 = 836.011
ROUND 935 A#34 and B#18 = 704.903
ROUND 936 A#35 and B#18 = 671.753
ROUND 937 A#36 and B#18 = 700.902
ROUND 938 A#37 and B#18 = 678.375
ROUND 939 A#38 and B#18 = 794.003
ROUND 940 A#39 and B#18 = 640.969
ROUND 941 A#40 and B#18 = 859.935
ROUND 942 A#41 and B#18 = 861.153
ROUND 943 A#42 and B#18 = 719.538
ROUND 944 A#43 and B#18 = 703.751
ROUND 945 A#44 and B#18 = 836.017
ROUND 946 A#45 and B#18 = 863.997
ROUND 947 A#46 and B#18 = 797.347
ROUND 948 A#47 and B#18 = 754.345
ROUND 949 A#48 and B#18 = 677.58
ROUND 950 A#49 and B#18 = 837.851
ROUND 951 A#0 and B#19 = 867.162
ROUND 952 A#1 and B#19 = 782.566
ROUND 953 A#2 and B#19 = 799.811
ROUND 954 A#3 and B#19 = 847.534
ROUND 955 A#4 and B#19 = 646.233
ROUND 956 A#5 and B#19 = 680.058
ROUND 957 A#6 and B#19 = 825.494
ROUND 958 A#7 and B#19 = 854.05
ROUND 959 A#8 and B#19 = 715.987
ROUND 960 A#9 and B#19 = 823.066
ROUND 961 A#10 and B#19 = 716.165
ROUND 962 A#11 and B#19 = 787.806
ROUND 963 A#12 and B#19 = 660.64
ROUND 964 A#13 and B#19 = 808.989
ROUND 965 A#14 and B#19 = 659.127
ROUND 966 A#15 and B#19 = 704.227
ROUND 967 A#16 and B#19 = 778.436
ROUND 968 A#17 and B#19 = 724.739
ROUND 969 A#18 and B#19 = 829.443
ROUND 970 A#19 and B#19 = 715.56
ROUND 971 A#20 and B#19 = 792.97
ROUND 972 A#21 and B#19 = 788.21
ROUND 973 A#22 and B#19 = 795.792
ROUND 974 A#23 and B#19 = 767.107
ROUND 975 A#24 and B#19 = 836.962
ROUND 976 A#25 and B#19 = 698.999
ROUND 977 A#26 and B#19 = 693.776
ROUND 978 A#27 and B#19 = 760.999
ROUND 979 A#28 and B#19 = 613.484
ROUND 980 A#29 and B#19 = 764.44
ROUND 981 A#30 and B#19 = 774.983
ROUND 982 A#31 and B#19 = 752.853
ROUND 983 A#32 and B#19 = 734.414
ROUND 984 A#33 and B#19 = 593.869
ROUND 985 A#34 and B#19 = 754.83
ROUND 986 A#35 and B#19 = 702.387
ROUND 987 A#36 and B#19 = 768.242
ROUND 988 A#37 and B#19 = 826.68
ROUND 989 A#38 and B#19 = 743.349
ROUND 990 A#39 and B#19 = 773.096
ROUND 991 A#40 and B#19 = 735.379
ROUND 992 A#41 and B#19 = 736.424
ROUND 993 A#42 and B#19 = 652.761
ROUND 994 A#43 and B#19 = 822.983
ROUND 995 A#44 and B#19 = 686.233
ROUND 996 A#45 and B#19 = 736.336
ROUND 997 A#46 and B#19 = 765.013
ROUND 998 A#47 and B#19 = 774.702
ROUND 999 A#48 and B#19 = 823.809
ROUND 1000 A#49 and B#19 = 769.319
ROUND 1001 A#0 and B#20 = 755.821
ROUND 1002 A#1 and B#20 = 732.859
ROUND 1003 A#2 and B#20 = 710.262
ROUND 1004 A#3 and B#20 = 779.43
ROUND 1005 A#4 and B#20 = 682.676
ROUND 1006 A#5 and B#20 = 715.199
ROUND 1007 A#6 and B#20 = 688.741
ROUND 1008 A#7 and B#20 = 770.881
ROUND 1009 A#8 and B#20 = 823.885
ROUND 1010 A#9 and B#20 = 802.554
ROUND 1011 A#10 and B#20 = 691.524
ROUND 1012 A#11 and B#20 = 721.336
ROUND 1013 A#12 and B#20 = 661.064
ROUND 1014 A#13 and B#20 = 662.889
ROUND 1015 A#14 and B#20 = 786.61
ROUND 1016 A#15 and B#20 = 647.696
ROUND 1017 A#16 and B#20 = 679.608
ROUND 1018 A#17 and B#20 = 782.302
ROUND 1019 A#18 and B#20 = 759.926
ROUND 1020 A#19 and B#20 = 686.612
ROUND 1021 A#20 and B#20 = 738.677
ROUND 1022 A#21 and B#20 = 733.15
ROUND 1023 A#22 and B#20 = 729.457
ROUND 1024 A#23 and B#20 = 748.315
ROUND 1025 A#24 and B#20 = 840.886
ROUND 1026 A#25 and B#20 = 780.26
ROUND 1027 A#26 and B#20 = 827.522
ROUND 1028 A#27 and B#20 = 702.33
ROUND 1029 A#28 and B#20 = 790.112
ROUND 1030 A#29 and B#20 = 748.694
ROUND 1031 A#30 and B#20 = 702.04
ROUND 1032 A#31 and B#20 = 674.898
ROUND 1033 A#32 and B#20 = 660.014
ROUND 1034 A#33 and B#20 = 717.547
ROUND 1035 A#34 and B#20 = 687.761
ROUND 1036 A#35 and B#20 = 664.459
ROUND 1037 A#36 and B#20 = 682.939
ROUND 1038 A#37 and B#20 = 706.802
ROUND 1039 A#38 and B#20 = 887.883
ROUND 1040 A#39 and B#20 = 667.682
ROUND 1041 A#40 and B#20 = 762.084
ROUND 1042 A#41 and B#20 = 732.442
ROUND 1043 A#42 and B#20 = 750.83
ROUND 1044 A#43 and B#20 = 711.557
ROUND 1045 A#44 and B#20 = 863.601
ROUND 1046 A#45 and B#20 = 733.533
ROUND 1047 A#46 and B#20 = 698.888
ROUND 1048 A#47 and B#20 = 722.526
ROUND 1049 A#48 and B#20 = 708.751
ROUND 1050 A#49 and B#20 = 695.372
ROUND 1051 A#0 and B#21 = 710.67
ROUND 1052 A#1 and B#21 = 405.176
ROUND 1053 A#2 and B#21 = 740.36
ROUND 1054 A#3 and B#21 = 787.106
ROUND 1055 A#4 and B#21 = 633.905
ROUND 1056 A#5 and B#21 = 811.3
ROUND 1057 A#6 and B#21 = 745.265
ROUND 1058 A#7 and B#21 = 796.37
ROUND 1059 A#8 and B#21 = 674.881
ROUND 1060 A#9 and B#21 = 695.663
ROUND 1061 A#10 and B#21 = 674.647
ROUND 1062 A#11 and B#21 = 760.874
ROUND 1063 A#12 and B#21 = 678.918
ROUND 1064 A#13 and B#21 = 798.607
ROUND 1065 A#14 and B#21 = 751.203
ROUND 1066 A#15 and B#21 = 912.695
ROUND 1067 A#16 and B#21 = 707.977
ROUND 1068 A#17 and B#21 = 752.23
ROUND 1069 A#18 and B#21 = 861.88
ROUND 1070 A#19 and B#21 = 768.348
ROUND 1071 A#20 and B#21 = 840.891
ROUND 1072 A#21 and B#21 = 707.229
ROUND 1073 A#22 and B#21 = 837.786
ROUND 1074 A#23 and B#21 = 795.648
ROUND 1075 A#24 and B#21 = 816.56
ROUND 1076 A#25 and B#21 = 767.79
ROUND 1077 A#26 and B#21 = 677.514
ROUND 1078 A#27 and B#21 = 792.081
ROUND 1079 A#28 and B#21 = 864.394
ROUND 1080 A#29 and B#21 = 827.75
ROUND 1081 A#30 and B#21 = 758.158
ROUND 1082 A#31 and B#21 = 736.052
ROUND 1083 A#32 and B#21 = 715.837
ROUND 1084 A#33 and B#21 = 830.074
ROUND 1085 A#34 and B#21 = 712.571
ROUND 1086 A#35 and B#21 = 665.304
ROUND 1087 A#36 and B#21 = 708.445
ROUND 1088 A#37 and B#21 = 687.874
ROUND 1089 A#38 and B#21 = 776.075
ROUND 1090 A#39 and B#21 = 610.398
ROUND 1091 A#40 and B#21 = 759.673
ROUND 1092 A#41 and B#21 = 759.439
ROUND 1093 A#42 and B#21 = 906.785
ROUND 1094 A#43 and B#21 = 678.146
ROUND 1095 A#44 and B#21 = 776.74
ROUND 1096 A#45 and B#21 = 754.661
ROUND 1097 A#46 and B#21 = 828.475
ROUND 1098 A#47 and B#21 = 816.573
ROUND 1099 A#48 and B#21 = 680.053
ROUND 1100 A#49 and B#21 = 752.558
ROUND 1101 A#0 and B#22 = 792.942
ROUND 1102 A#1 and B#22 = 475.628
ROUND 1103 A#2 and B#22 = 801.43
ROUND 1104 A#3 and B#22 = 866.263
ROUND 1105 A#4 and B#22 = 713.418
ROUND 1106 A#5 and B#22 = 712.767
ROUND 1107 A#6 and B#22 = 774.96
ROUND 1108 A#7 and B#22 = 761.184
ROUND 1109 A#8 and B#22 = 655.673
ROUND 1110 A#9 and B#22 = 774.125
ROUND 1111 A#10 and B#22 = 646.152
ROUND 1112 A#11 and B#22 = 836.679
ROUND 1113 A#12 and B#22 = 674.143
ROUND 1114 A#13 and B#22 = 787.9
ROUND 1115 A#14 and B#22 = 884.545
ROUND 1116 A#15 and B#22 = 829.859
ROUND 1117 A#16 and B#22 = 759.528
ROUND 1118 A#17 and B#22 = 756.689
ROUND 1119 A#18 and B#22 = 779.291
ROUND 1120 A#19 and B#22 = 702.761
ROUND 1121 A#20 and B#22 = 782.865
ROUND 1122 A#21 and B#22 = 756.246
ROUND 1123 A#22 and B#22 = 808.582
ROUND 1124 A#23 and B#22 = 781.843
ROUND 1125 A#24 and B#22 = 782.522
ROUND 1126 A#25 and B#22 = 707.683
ROUND 1127 A#26 and B#22 = 627.736
ROUND 1128 A#27 and B#22 = 764.744
ROUND 1129 A#28 and B#22 = 753.731
ROUND 1130 A#29 and B#22 = 878.489
ROUND 1131 A#30 and B#22 = 754.445
ROUND 1132 A#31 and B#22 = 747.068
ROUND 1133 A#32 and B#22 = 618.249
ROUND 1134 A#33 and B#22 = 858.425
ROUND 1135 A#34 and B#22 = 698.585
ROUND 1136 A#35 and B#22 = 746.703
ROUND 1137 A#36 and B#22 = 691.893
ROUND 1138 A#37 and B#22 = 816.107
ROUND 1139 A#38 and B#22 = 775.597
ROUND 1140 A#39 and B#22 = 603.168
ROUND 1141 A#40 and B#22 = 729.583
ROUND 1142 A#41 and B#22 = 730.066
ROUND 1143 A#42 and B#22 = 861.361
ROUND 1144 A#43 and B#22 = 816.747
ROUND 1145 A#44 and B#22 = 791.94
ROUND 1146 A#45 and B#22 = 733.314
ROUND 1147 A#46 and B#22 = 767.996
ROUND 1148 A#47 and B#22 = 849.181
ROUND 1149 A#48 and B#22 = 817.435
ROUND 1150 A#49 and B#22 = 757.189
ROUND 1151 A#0 and B#23 = 809.879
ROUND 1152 A#1 and B#23 = 497.276
ROUND 1153 A#2 and B#23 = 829.507
ROUND 1154 A#3 and B#23 = 898.973
ROUND 1155 A#4 and B#23 = 686.16
ROUND 1156 A#5 and B#23 = 649.25
ROUND 1157 A#6 and B#23 = 809.414
ROUND 1158 A#7 and B#23 = 852.008
ROUND 1159 A#8 and B#23 = 767.863
ROUND 1160 A#9 and B#23 = 781.433
ROUND 1161 A#10 and B#23 = 624.431
ROUND 1162 A#11 and B#23 = 816.652
ROUND 1163 A#12 and B#23 = 564.591
ROUND 1164 A#13 and B#23 = 752.37
ROUND 1165 A#14 and B#23 = 842.365
ROUND 1166 A#15 and B#23 = 741.467
ROUND 1167 A#16 and B#23 = 732.348
ROUND 1168 A#17 and B#23 = 783.377
ROUND 1169 A#18 and B#23 = 695.402
ROUND 1170 A#19 and B#23 = 674.032
ROUND 1171 A#20 and B#23 = 666.832
ROUND 1172 A#21 and B#23 = 834.08
ROUND 1173 A#22 and B#23 = 673.528
ROUND 1174 A#23 and B#23 = 756.129
ROUND 1175 A#24 and B#23 = 700.759
ROUND 1176 A#25 and B#23 = 792.279
ROUND 1177 A#26 and B#23 = 615.789
ROUND 1178 A#27 and B#23 = 744.139
ROUND 1179 A#28 and B#23 = 718.615
ROUND 1180 A#29 and B#23 = 885.928
ROUND 1181 A#30 and B#23 = 762.552
ROUND 1182 A#31 and B#23 = 744.685
ROUND 1183 A#32 and B#23 = 697.932
ROUND 1184 A#33 and B#23 = 709.86
ROUND 1185 A#34 and B#23 = 776.009
ROUND 1186 A#35 and B#23 = 726.078
ROUND 1187 A#36 and B#23 = 775.542
ROUND 1188 A#37 and B#23 = 846.549
ROUND 1189 A#38 and B#23 = 760.934
ROUND 1190 A#39 and B#23 = 620.482
ROUND 1191 A#40 and B#23 = 765.888
ROUND 1192 A#41 and B#23 = 766.274
ROUND 1193 A#42 and B#23 = 791.862
ROUND 1194 A#43 and B#23 = 848.042
ROUND 1195 A#44 and B#23 = 765.249
ROUND 1196 A#45 and B#23 = 769.963
ROUND 1197 A#46 and B#23 = 776.395
ROUND 1198 A#47 and B#23 = 852.827
ROUND 1199 A#48 and B#23 = 847.843
ROUND 1200 A#49 and B#23 = 770.081
ROUND 1201 A#0 and B#24 = 816.343
ROUND 1202 A#1 and B#24 = 526.552
ROUND 1203 A#2 and B#24 = 727.936
ROUND 1204 A#3 and B#24 = 891.892
ROUND 1205 A#4 and B#24 = 672.129
ROUND 1206 A#5 and B#24 = 706.034
ROUND 1207 A#6 and B#24 = 728.93
ROUND 1208 A#7 and B#24 = 819.568
ROUND 1209 A#8 and B#24 = 772.08
ROUND 1210 A#9 and B#24 = 683.48
ROUND 1211 A#10 and B#24 = 678.143
ROUND 1212 A#11 and B#24 = 804.541
ROUND 1213 A#12 and B#24 = 714.509
ROUND 1214 A#13 and B#24 = 773.578
ROUND 1215 A#14 and B#24 = 913.991
ROUND 1216 A#15 and B#24 = 828.028
ROUND 1217 A#16 and B#24 = 723.396
ROUND 1218 A#17 and B#24 = 726.553
ROUND 1219 A#18 and B#24 = 758.232
ROUND 1220 A#19 and B#24 = 660.42
ROUND 1221 A#20 and B#24 = 768.359
ROUND 1222 A#21 and B#24 = 737.551
ROUND 1223 A#22 and B#24 = 767.811
ROUND 1224 A#23 and B#24 = 736.524
ROUND 1225 A#24 and B#24 = 784.323
ROUND 1226 A#25 and B#24 = 742.026
ROUND 1227 A#26 and B#24 = 627.556
ROUND 1228 A#27 and B#24 = 721.62
ROUND 1229 A#28 and B#24 = 797.079
ROUND 1230 A#29 and B#24 = 813.501
ROUND 1231 A#30 and B#24 = 689.869
ROUND 1232 A#31 and B#24 = 704.536
ROUND 1233 A#32 and B#24 = 713.754
ROUND 1234 A#33 and B#24 = 737.762
ROUND 1235 A#34 and B#24 = 719.878
ROUND 1236 A#35 and B#24 = 715.575
ROUND 1237 A#36 and B#24 = 711.88
ROUND 1238 A#37 and B#24 = 743.943
ROUND 1239 A#38 and B#24 = 807.019
ROUND 1240 A#39 and B#24 = 603.376
ROUND 1241 A#40 and B#24 = 747.521
ROUND 1242 A#41 and B#24 = 746.683
ROUND 1243 A#42 and B#24 = 872.677
ROUND 1244 A#43 and B#24 = 741.455
ROUND 1245 A#44 and B#24 = 769.19
ROUND 1246 A#45 and B#24 = 750.013
ROUND 1247 A#46 and B#24 = 708.075
ROUND 1248 A#47 and B#24 = 846.834
ROUND 1249 A#48 and B#24 = 743.943
ROUND 1250 A#49 and B#24 = 695.423
ROUND 1251 A#0 and B#25 = 816.624
ROUND 1252 A#1 and B#25 = 525.381
ROUND 1253 A#2 and B#25 = 727.655
ROUND 1254 A#3 and B#25 = 891.712
ROUND 1255 A#4 and B#25 = 672.182
ROUND 1256 A#5 and B#25 = 705.673
ROUND 1257 A#6 and B#25 = 728.669
ROUND 1258 A#7 and B#25 = 818.049
ROUND 1259 A#8 and B#25 = 772.04
ROUND 1260 A#9 and B#25 = 684.272
ROUND 1261 A#10 and B#25 = 677.498
ROUND 1262 A#11 and B#25 = 804.666
ROUND 1263 A#12 and B#25 = 714.437
ROUND 1264 A#13 and B#25 = 773.281
ROUND 1265 A#14 and B#25 = 913.731
ROUND 1266 A#15 and B#25 = 828.656
ROUND 1267 A#16 and B#25 = 723.52
ROUND 1268 A#17 and B#25 = 726.215
ROUND 1269 A#18 and B#25 = 757.533
ROUND 1270 A#19 and B#25 = 660.581
ROUND 1271 A#20 and B#25 = 767.856
ROUND 1272 A#21 and B#25 = 737.331
ROUND 1273 A#22 and B#25 = 767.281
ROUND 1274 A#23 and B#25 = 736.71
ROUND 1275 A#24 and B#25 = 783.013
ROUND 1276 A#25 and B#25 = 741.021
ROUND 1277 A#26 and B#25 = 627.473
ROUND 1278 A#27 and B#25 = 722.011
ROUND 1279 A#28 and B#25 = 796.668
ROUND 1280 A#29 and B#25 = 813.437
ROUND 1281 A#30 and B#25 = 690.099
ROUND 1282 A#31 and B#25 = 705
ROUND 1283 A#32 and B#25 = 713.39
ROUND 1284 A#33 and B#25 = 737.896
ROUND 1285 A#34 and B#25 = 720.419
ROUND 1286 A#35 and B#25 = 715.566
ROUND 1287 A#36 and B#25 = 712.239
ROUND 1288 A#37 and B#25 = 743.625
ROUND 1289 A#38 and B#25 = 805.2
ROUND 1290 A#39 and B#25 = 604.433
ROUND 1291 A#40 and B#25 = 748.465
ROUND 1292 A#41 and B#25 = 747.598
ROUND 1293 A#42 and B#25 = 873.475
ROUND 1294 A#43 and B#25 = 741.14
ROUND 1295 A#44 and B#25 = 767.498
ROUND 1296 A#45 and B#25 = 750.91
ROUND 1297 A#46 and B#25 = 708.699
ROUND 1298 A#47 and B#25 = 847.336
ROUND 1299 A#48 and B#25 = 743.59
ROUND 1300 A#49 and B#25 = 695.538
ROUND 1301 A#0 and B#26 = 729.215
ROUND 1302 A#1 and B#26 = 608.953
ROUND 1303 A#2 and B#26 = 768.302
ROUND 1304 A#3 and B#26 = 745.158
ROUND 1305 A#4 and B#26 = 645.115
ROUND 1306 A#5 and B#26 = 752.177
ROUND 1307 A#6 and B#26 = 743.773
ROUND 1308 A#7 and B#26 = 756.641
ROUND 1309 A#8 and B#26 = 842.467
ROUND 1310 A#9 and B#26 = 735.918
ROUND 1311 A#10 and B#26 = 766.284
ROUND 1312 A#11 and B#26 = 751.298
ROUND 1313 A#12 and B#26 = 728.605
ROUND 1314 A#13 and B#26 = 675.491
ROUND 1315 A#14 and B#26 = 799.871
ROUND 1316 A#15 and B#26 = 787.292
ROUND 1317 A#16 and B#26 = 632.681
ROUND 1318 A#17 and B#26 = 848.996
ROUND 1319 A#18 and B#26 = 828.19
ROUND 1320 A#19 and B#26 = 780.029
ROUND 1321 A#20 and B#26 = 781.78
ROUND 1322 A#21 and B#26 = 787.381
ROUND 1323 A#22 and B#26 = 768.294
ROUND 1324 A#23 and B#26 = 736.727
ROUND 1325 A#24 and B#26 = 909.724
ROUND 1326 A#25 and B#26 = 822.211
ROUND 1327 A#26 and B#26 = 715.421
ROUND 1328 A#27 and B#26 = 735.85
ROUND 1329 A#28 and B#26 = 776.152
ROUND 1330 A#29 and B#26 = 785.951
ROUND 1331 A#30 and B#26 = 690.446
ROUND 1332 A#31 and B#26 = 709.384
ROUND 1333 A#32 and B#26 = 725.063
ROUND 1334 A#33 and B#26 = 718.124
ROUND 1335 A#34 and B#26 = 732.924
ROUND 1336 A#35 and B#26 = 662.05
ROUND 1337 A#36 and B#26 = 735.422
ROUND 1338 A#37 and B#26 = 753.504
ROUND 1339 A#38 and B#26 = 756.518
ROUND 1340 A#39 and B#26 = 660.186
ROUND 1341 A#40 and B#26 = 835.272
ROUND 1342 A#41 and B#26 = 808.243
ROUND 1343 A#42 and B#26 = 789.476
ROUND 1344 A#43 and B#26 = 783.368
ROUND 1345 A#44 and B#26 = 861.344
ROUND 1346 A#45 and B#26 = 811.828
ROUND 1347 A#46 and B#26 = 725.168
ROUND 1348 A#47 and B#26 = 785.281
ROUND 1349 A#48 and B#26 = 751.502
ROUND 1350 A#49 and B#26 = 722.013
ROUND 1351 A#0 and B#27 = 879.754
ROUND 1352 A#1 and B#27 = 762.116
ROUND 1353 A#2 and B#27 = 791.767
ROUND 1354 A#3 and B#27 = 885.701
ROUND 1355 A#4 and B#27 = 655.311
ROUND 1356 A#5 and B#27 = 679.401
ROUND 1357 A#6 and B#27 = 820.699
ROUND 1358 A#7 and B#27 = 871.32
ROUND 1359 A#8 and B#27 = 766.605
ROUND 1360 A#9 and B#27 = 842.933
ROUND 1361 A#10 and B#27 = 748.469
ROUND 1362 A#11 and B#27 = 782.557
ROUND 1363 A#12 and B#27 = 649.449
ROUND 1364 A#13 and B#27 = 811.999
ROUND 1365 A#14 and B#27 = 691.429
ROUND 1366 A#15 and B#27 = 704.725
ROUND 1367 A#16 and B#27 = 798.318
ROUND 1368 A#17 and B#27 = 761.366
ROUND 1369 A#18 and B#27 = 779.481
ROUND 1370 A#19 and B#27 = 694.91
ROUND 1371 A#20 and B#27 = 748.93
ROUND 1372 A#21 and B#27 = 785.041
ROUND 1373 A#22 and B#27 = 757.367
ROUND 1374 A#23 and B#27 = 712.467
ROUND 1375 A#24 and B#27 = 846.403
ROUND 1376 A#25 and B#27 = 692.128
ROUND 1377 A#26 and B#27 = 702.361
ROUND 1378 A#27 and B#27 = 735.441
ROUND 1379 A#28 and B#27 = 643.202
ROUND 1380 A#29 and B#27 = 767.343
ROUND 1381 A#30 and B#27 = 753.193
ROUND 1382 A#31 and B#27 = 704.893
ROUND 1383 A#32 and B#27 = 735.272
ROUND 1384 A#33 and B#27 = 610.998
ROUND 1385 A#34 and B#27 = 773.621
ROUND 1386 A#35 and B#27 = 679.89
ROUND 1387 A#36 and B#27 = 779.454
ROUND 1388 A#37 and B#27 = 813.928
ROUND 1389 A#38 and B#27 = 760.814
ROUND 1390 A#39 and B#27 = 751.084
ROUND 1391 A#40 and B#27 = 697.966
ROUND 1392 A#41 and B#27 = 698.473
ROUND 1393 A#42 and B#27 = 666.987
ROUND 1394 A#43 and B#27 = 812.597
ROUND 1395 A#44 and B#27 = 680.387
ROUND 1396 A#45 and B#27 = 699.625
ROUND 1397 A#46 and B#27 = 747.322
ROUND 1398 A#47 and B#27 = 793.188
ROUND 1399 A#48 and B#27 = 813.034
ROUND 1400 A#49 and B#27 = 752.037
ROUND 1401 A#0 and B#28 = 812.975
ROUND 1402 A#1 and B#28 = 523.087
ROUND 1403 A#2 and B#28 = 665.124
ROUND 1404 A#3 and B#28 = 849.977
ROUND 1405 A#4 and B#28 = 571.622
ROUND 1406 A#5 and B#28 = 834.927
ROUND 1407 A#6 and B#28 = 672.195
ROUND 1408 A#7 and B#28 = 870.24
ROUND 1409 A#8 and B#28 = 648.184
ROUND 1410 A#9 and B#28 = 620.446
ROUND 1411 A#10 and B#28 = 694.492
ROUND 1412 A#11 and B#28 = 836.919
ROUND 1413 A#12 and B#28 = 659.723
ROUND 1414 A#13 and B#28 = 782.693
ROUND 1415 A#14 and B#28 = 795.34
ROUND 1416 A#15 and B#28 = 840.189
ROUND 1417 A#16 and B#28 = 913.691
ROUND 1418 A#17 and B#28 = 801.793
ROUND 1419 A#18 and B#28 = 751.98
ROUND 1420 A#19 and B#28 = 830.618
ROUND 1421 A#20 and B#28 = 753.619
ROUND 1422 A#21 and B#28 = 746.329
ROUND 1423 A#22 and B#28 = 762.522
ROUND 1424 A#23 and B#28 = 753.366
ROUND 1425 A#24 and B#28 = 779.008
ROUND 1426 A#25 and B#28 = 753.703
ROUND 1427 A#26 and B#28 = 765.608
ROUND 1428 A#27 and B#28 = 789.805
ROUND 1429 A#28 and B#28 = 715.816
ROUND 1430 A#29 and B#28 = 728.026
ROUND 1431 A#30 and B#28 = 755.547
ROUND 1432 A#31 and B#28 = 853.396
ROUND 1433 A#32 and B#28 = 772.417
ROUND 1434 A#33 and B#28 = 685.935
ROUND 1435 A#34 and B#28 = 890.751
ROUND 1436 A#35 and B#28 = 778.002
ROUND 1437 A#36 and B#28 = 893.89
ROUND 1438 A#37 and B#28 = 660.846
ROUND 1439 A#38 and B#28 = 781.485
ROUND 1440 A#39 and B#28 = 702.23
ROUND 1441 A#40 and B#28 = 801.442
ROUND 1442 A#41 and B#28 = 800.735
ROUND 1443 A#42 and B#28 = 779.06
ROUND 1444 A#43 and B#28 = 663.735
ROUND 1445 A#44 and B#28 = 749.921
ROUND 1446 A#45 and B#28 = 796.793
ROUND 1447 A#46 and B#28 = 719.684
ROUND 1448 A#47 and B#28 = 686.001
ROUND 1449 A#48 and B#28 = 662.549
ROUND 1450 A#49 and B#28 = 760.484
ROUND 1451 A#0 and B#29 = 733.36
ROUND 1452 A#1 and B#29 = 426.261
ROUND 1453 A#2 and B#29 = 839.673
ROUND 1454 A#3 and B#29 = 700.532
ROUND 1455 A#4 and B#29 = 643.212
ROUND 1456 A#5 and B#29 = 785.935
ROUND 1457 A#6 and B#29 = 693.745
ROUND 1458 A#7 and B#29 = 736.025
ROUND 1459 A#8 and B#29 = 639.142
ROUND 1460 A#9 and B#29 = 642.845
ROUND 1461 A#10 and B#29 = 744.205
ROUND 1462 A#11 and B#29 = 795.716
ROUND 1463 A#12 and B#29 = 700.611
ROUND 1464 A#13 and B#29 = 686.895
ROUND 1465 A#14 and B#29 = 667.993
ROUND 1466 A#15 and B#29 = 747.305
ROUND 1467 A#16 and B#29 = 814.032
ROUND 1468 A#17 and B#29 = 859.742
ROUND 1469 A#18 and B#29 = 788.152
ROUND 1470 A#19 and B#29 = 761.872
ROUND 1471 A#20 and B#29 = 723.47
ROUND 1472 A#21 and B#29 = 893.482
ROUND 1473 A#22 and B#29 = 704.005
ROUND 1474 A#23 and B#29 = 852.633
ROUND 1475 A#24 and B#29 = 746.636
ROUND 1476 A#25 and B#29 = 682.919
ROUND 1477 A#26 and B#29 = 778.957
ROUND 1478 A#27 and B#29 = 781.555
ROUND 1479 A#28 and B#29 = 731.937
ROUND 1480 A#29 and B#29 = 770.828
ROUND 1481 A#30 and B#29 = 805.612
ROUND 1482 A#31 and B#29 = 808.959
ROUND 1483 A#32 and B#29 = 857.709
ROUND 1484 A#33 and B#29 = 725.503
ROUND 1485 A#34 and B#29 = 857.379
ROUND 1486 A#35 and B#29 = 702.48
ROUND 1487 A#36 and B#29 = 859.315
ROUND 1488 A#37 and B#29 = 851.287
ROUND 1489 A#38 and B#29 = 796.168
ROUND 1490 A#39 and B#29 = 677.945
ROUND 1491 A#40 and B#29 = 850.373
ROUND 1492 A#41 and B#29 = 849.588
ROUND 1493 A#42 and B#29 = 808.751
ROUND 1494 A#43 and B#29 = 856.991
ROUND 1495 A#44 and B#29 = 770.513
ROUND 1496 A#45 and B#29 = 849.032
ROUND 1497 A#46 and B#29 = 810.411
ROUND 1498 A#47 and B#29 = 716.749
ROUND 1499 A#48 and B#29 = 853.289
ROUND 1500 A#49 and B#29 = 807.298
ROUND 1501 A#0 and B#30 = 734.808
ROUND 1502 A#1 and B#30 = 571.307
ROUND 1503 A#2 and B#30 = 742.585
ROUND 1504 A#3 and B#30 = 723.519
ROUND 1505 A#4 and B#30 = 651.865
ROUND 1506 A#5 and B#30 = 804.248
ROUND 1507 A#6 and B#30 = 695.746
ROUND 1508 A#7 and B#30 = 736.606
ROUND 1509 A#8 and B#30 = 751.268
ROUND 1510 A#9 and B#30 = 721.784
ROUND 1511 A#10 and B#30 = 723.699
ROUND 1512 A#11 and B#30 = 612.149
ROUND 1513 A#12 and B#30 = 620.993
ROUND 1514 A#13 and B#30 = 674.65
ROUND 1515 A#14 and B#30 = 776.122
ROUND 1516 A#15 and B#30 = 717.764
ROUND 1517 A#16 and B#30 = 661.646
ROUND 1518 A#17 and B#30 = 770.844
ROUND 1519 A#18 and B#30 = 908.059
ROUND 1520 A#19 and B#30 = 829.857
ROUND 1521 A#20 and B#30 = 835.276
ROUND 1522 A#21 and B#30 = 707.145
ROUND 1523 A#22 and B#30 = 814.482
ROUND 1524 A#23 and B#30 = 786.455
ROUND 1525 A#24 and B#30 = 887.174
ROUND 1526 A#25 and B#30 = 843.414
ROUND 1527 A#26 and B#30 = 694.297
ROUND 1528 A#27 and B#30 = 785.729
ROUND 1529 A#28 and B#30 = 769.436
ROUND 1530 A#29 and B#30 = 738.988
ROUND 1531 A#30 and B#30 = 711.901
ROUND 1532 A#31 and B#30 = 778.75
ROUND 1533 A#32 and B#30 = 733.013
ROUND 1534 A#33 and B#30 = 751.447
ROUND 1535 A#34 and B#30 = 713.495
ROUND 1536 A#35 and B#30 = 700.213
ROUND 1537 A#36 and B#30 = 721.086
ROUND 1538 A#37 and B#30 = 693.617
ROUND 1539 A#38 and B#30 = 779.256
ROUND 1540 A#39 and B#30 = 621.578
ROUND 1541 A#40 and B#30 = 754.449
ROUND 1542 A#41 and B#30 = 721.605
ROUND 1543 A#42 and B#30 = 844.662
ROUND 1544 A#43 and B#30 = 690.541
ROUND 1545 A#44 and B#30 = 869.118
ROUND 1546 A#45 and B#30 = 724.248
ROUND 1547 A#46 and B#30 = 730.757
ROUND 1548 A#47 and B#30 = 779.49
ROUND 1549 A#48 and B#30 = 691.671
ROUND 1550 A#49 and B#30 = 703.047
ROUND 1551 A#0 and B#31 = 811.757
ROUND 1552 A#1 and B#31 = 504.463
ROUND 1553 A#2 and B#31 = 831.534
ROUND 1554 A#3 and B#31 = 892.606
ROUND 1555 A#4 and B#31 = 686.868
ROUND 1556 A#5 and B#31 = 650.504
ROUND 1557 A#6 and B#31 = 810.142
ROUND 1558 A#7 and B#31 = 857.495
ROUND 1559 A#8 and B#31 = 664.459
ROUND 1560 A#9 and B#31 = 693.518
ROUND 1561 A#10 and B#31 = 620.567
ROUND 1562 A#11 and B#31 = 820.255
ROUND 1563 A#12 and B#31 = 568.697
ROUND 1564 A#13 and B#31 = 758.875
ROUND 1565 A#14 and B#31 = 830.836
ROUND 1566 A#15 and B#31 = 764.683
ROUND 1567 A#16 and B#31 = 735.886
ROUND 1568 A#17 and B#31 = 794.671
ROUND 1569 A#18 and B#31 = 704.745
ROUND 1570 A#19 and B#31 = 680.785
ROUND 1571 A#20 and B#31 = 674.656
ROUND 1572 A#21 and B#31 = 842.096
ROUND 1573 A#22 and B#31 = 681.282
ROUND 1574 A#23 and B#31 = 729.373
ROUND 1575 A#24 and B#31 = 706.164
ROUND 1576 A#25 and B#31 = 768.558
ROUND 1577 A#26 and B#31 = 673.506
ROUND 1578 A#27 and B#31 = 744.959
ROUND 1579 A#28 and B#31 = 714.461
ROUND 1580 A#29 and B#31 = 875.875
ROUND 1581 A#30 and B#31 = 777.414
ROUND 1582 A#31 and B#31 = 747.279
ROUND 1583 A#32 and B#31 = 696.497
ROUND 1584 A#33 and B#31 = 712.017
ROUND 1585 A#34 and B#31 = 781.04
ROUND 1586 A#35 and B#31 = 730.932
ROUND 1587 A#36 and B#31 = 781.046
ROUND 1588 A#37 and B#31 = 852.44
ROUND 1589 A#38 and B#31 = 742.338
ROUND 1590 A#39 and B#31 = 646.821
ROUND 1591 A#40 and B#31 = 779.59
ROUND 1592 A#41 and B#31 = 779.666
ROUND 1593 A#42 and B#31 = 781.524
ROUND 1594 A#43 and B#31 = 853.157
ROUND 1595 A#44 and B#31 = 747.692
ROUND 1596 A#45 and B#31 = 783.306
ROUND 1597 A#46 and B#31 = 793.355
ROUND 1598 A#47 and B#31 = 846.231
ROUND 1599 A#48 and B#31 = 853.073
ROUND 1600 A#49 and B#31 = 784.444
ROUND 1601 A#0 and B#32 = 734.93
ROUND 1602 A#1 and B#32 = 570.886
ROUND 1603 A#2 and B#32 = 743.797
ROUND 1604 A#3 and B#32 = 722.51
ROUND 1605 A#4 and B#32 = 653.62
ROUND 1606 A#5 and B#32 = 804.088
ROUND 1607 A#6 and B#32 = 697.645
ROUND 1608 A#7 and B#32 = 736.406
ROUND 1609 A#8 and B#32 = 752.151
ROUND 1610 A#9 and B#32 = 720.66
ROUND 1611 A#10 and B#32 = 725.506
ROUND 1612 A#11 and B#32 = 610.412
ROUND 1613 A#12 and B#32 = 621.217
ROUND 1614 A#13 and B#32 = 672.964
ROUND 1615 A#14 and B#32 = 774.962
ROUND 1616 A#15 and B#32 = 716.831
ROUND 1617 A#16 and B#32 = 660.348
ROUND 1618 A#17 and B#32 = 772.029
ROUND 1619 A#18 and B#32 = 910.12
ROUND 1620 A#19 and B#32 = 830.264
ROUND 1621 A#20 and B#32 = 837.237
ROUND 1622 A#21 and B#32 = 709.209
ROUND 1623 A#22 and B#32 = 817.054
ROUND 1624 A#23 and B#32 = 787.604
ROUND 1625 A#24 and B#32 = 884.957
ROUND 1626 A#25 and B#32 = 843.203
ROUND 1627 A#26 and B#32 = 692.294
ROUND 1628 A#27 and B#32 = 781.235
ROUND 1629 A#28 and B#32 = 767.724
ROUND 1630 A#29 and B#32 = 738.848
ROUND 1631 A#30 and B#32 = 711.763
ROUND 1632 A#31 and B#32 = 778.416
ROUND 1633 A#32 and B#32 = 732.809
ROUND 1634 A#33 and B#32 = 750.969
ROUND 1635 A#34 and B#32 = 713.216
ROUND 1636 A#35 and B#32 = 700.846
ROUND 1637 A#36 and B#32 = 721.068
ROUND 1638 A#37 and B#32 = 695.528
ROUND 1639 A#38 and B#32 = 778.006
ROUND 1640 A#39 and B#32 = 621.464
ROUND 1641 A#40 and B#32 = 756.381
ROUND 1642 A#41 and B#32 = 723.987
ROUND 1643 A#42 and B#32 = 844.07
ROUND 1644 A#43 and B#32 = 692.415
ROUND 1645 A#44 and B#32 = 870.414
ROUND 1646 A#45 and B#32 = 736.001
ROUND 1647 A#46 and B#32 = 729.546
ROUND 1648 A#47 and B#32 = 780.658
ROUND 1649 A#48 and B#32 = 693.495
ROUND 1650 A#49 and B#32 = 702.601
ROUND 1651 A#0 and B#33 = 813.404
ROUND 1652 A#1 and B#33 = 492.393
ROUND 1653 A#2 and B#33 = 830.233
ROUND 1654 A#3 and B#33 = 895.341
ROUND 1655 A#4 and B#33 = 687.544
ROUND 1656 A#5 and B#33 = 651.058
ROUND 1657 A#6 and B#33 = 811.415
ROUND 1658 A#7 and B#33 = 849.91
ROUND 1659 A#8 and B#33 = 767.635
ROUND 1660 A#9 and B#33 = 781.634
ROUND 1661 A#10 and B#33 = 624.363
ROUND 1662 A#11 and B#33 = 815.744
ROUND 1663 A#12 and B#33 = 565.253
ROUND 1664 A#13 and B#33 = 753.239
ROUND 1665 A#14 and B#33 = 839.085
ROUND 1666 A#15 and B#33 = 741.718
ROUND 1667 A#16 and B#33 = 731.617
ROUND 1668 A#17 and B#33 = 783.086
ROUND 1669 A#18 and B#33 = 695.51
ROUND 1670 A#19 and B#33 = 674.389
ROUND 1671 A#20 and B#33 = 666.903
ROUND 1672 A#21 and B#33 = 834.716
ROUND 1673 A#22 and B#33 = 673.37
ROUND 1674 A#23 and B#33 = 756.442
ROUND 1675 A#24 and B#33 = 708.41
ROUND 1676 A#25 and B#33 = 795.576
ROUND 1677 A#26 and B#33 = 678.213
ROUND 1678 A#27 and B#33 = 744.391
ROUND 1679 A#28 and B#33 = 723.244
ROUND 1680 A#29 and B#33 = 886.186
ROUND 1681 A#30 and B#33 = 763.082
ROUND 1682 A#31 and B#33 = 745.113
ROUND 1683 A#32 and B#33 = 699.958
ROUND 1684 A#33 and B#33 = 709.02
ROUND 1685 A#34 and B#33 = 780.46
ROUND 1686 A#35 and B#33 = 728.37
ROUND 1687 A#36 and B#33 = 779.61
ROUND 1688 A#37 and B#33 = 846.172
ROUND 1689 A#38 and B#33 = 760.972
ROUND 1690 A#39 and B#33 = 622.889
ROUND 1691 A#40 and B#33 = 765.569
ROUND 1692 A#41 and B#33 = 765.96
ROUND 1693 A#42 and B#33 = 792.329
ROUND 1694 A#43 and B#33 = 847.741
ROUND 1695 A#44 and B#33 = 774.018
ROUND 1696 A#45 and B#33 = 769.64
ROUND 1697 A#46 and B#33 = 776.773
ROUND 1698 A#47 and B#33 = 853.606
ROUND 1699 A#48 and B#33 = 847.526
ROUND 1700 A#49 and B#33 = 770.593
ROUND 1701 A#0 and B#34 = 766.591
ROUND 1702 A#1 and B#34 = 607.961
ROUND 1703 A#2 and B#34 = 786.095
ROUND 1704 A#3 and B#34 = 789.11
ROUND 1705 A#4 and B#34 = 664.324
ROUND 1706 A#5 and B#34 = 632.423
ROUND 1707 A#6 and B#34 = 759.578
ROUND 1708 A#7 and B#34 = 796.504
ROUND 1709 A#8 and B#34 = 819.39
ROUND 1710 A#9 and B#34 = 806.292
ROUND 1711 A#10 and B#34 = 665.034
ROUND 1712 A#11 and B#34 = 735.871
ROUND 1713 A#12 and B#34 = 702.717
ROUND 1714 A#13 and B#34 = 730.723
ROUND 1715 A#14 and B#34 = 797.253
ROUND 1716 A#15 and B#34 = 611.333
ROUND 1717 A#16 and B#34 = 650.74
ROUND 1718 A#17 and B#34 = 847.845
ROUND 1719 A#18 and B#34 = 820.863
ROUND 1720 A#19 and B#34 = 671.592
ROUND 1721 A#20 and B#34 = 762.643
ROUND 1722 A#21 and B#34 = 811.744
ROUND 1723 A#22 and B#34 = 701.116
ROUND 1724 A#23 and B#34 = 773.337
ROUND 1725 A#24 and B#34 = 857.689
ROUND 1726 A#25 and B#34 = 757.63
ROUND 1727 A#26 and B#34 = 730.132
ROUND 1728 A#27 and B#34 = 690.43
ROUND 1729 A#28 and B#34 = 742.932
ROUND 1730 A#29 and B#34 = 795.581
ROUND 1731 A#30 and B#34 = 751.895
ROUND 1732 A#31 and B#34 = 663.033
ROUND 1733 A#32 and B#34 = 749.095
ROUND 1734 A#33 and B#34 = 688.586
ROUND 1735 A#34 and B#34 = 768.974
ROUND 1736 A#35 and B#34 = 684.992
ROUND 1737 A#36 and B#34 = 766.225
ROUND 1738 A#37 and B#34 = 783.054
ROUND 1739 A#38 and B#34 = 818.384
ROUND 1740 A#39 and B#34 = 694.018
ROUND 1741 A#40 and B#34 = 840.785
ROUND 1742 A#41 and B#34 = 805.396
ROUND 1743 A#42 and B#34 = 715.483
ROUND 1744 A#43 and B#34 = 808.594
ROUND 1745 A#44 and B#34 = 778.851
ROUND 1746 A#45 and B#34 = 807.275
ROUND 1747 A#46 and B#34 = 759.503
ROUND 1748 A#47 and B#34 = 778.519
ROUND 1749 A#48 and B#34 = 779.752
ROUND 1750 A#49 and B#34 = 763.436
ROUND 1751 A#0 and B#35 = 639.724
ROUND 1752 A#1 and B#35 = 776.457
ROUND 1753 A#2 and B#35 = 725.445
ROUND 1754 A#3 and B#35 = 827.983
ROUND 1755 A#4 and B#35 = 673.409
ROUND 1756 A#5 and B#35 = 802.676
ROUND 1757 A#6 and B#35 = 792.349
ROUND 1758 A#7 and B#35 = 828.699
ROUND 1759 A#8 and B#35 = 787.393
ROUND 1760 A#9 and B#35 = 824.988
ROUND 1761 A#10 and B#35 = 736.048
ROUND 1762 A#11 and B#35 = 847.754
ROUND 1763 A#12 and B#35 = 659.359
ROUND 1764 A#13 and B#35 = 844.306
ROUND 1765 A#14 and B#35 = 861.525
ROUND 1766 A#15 and B#35 = 698.544
ROUND 1767 A#16 and B#35 = 692.552
ROUND 1768 A#17 and B#35 = 690.037
ROUND 1769 A#18 and B#35 = 791.398
ROUND 1770 A#19 and B#35 = 667.988
ROUND 1771 A#20 and B#35 = 776.958
ROUND 1772 A#21 and B#35 = 681.05
ROUND 1773 A#22 and B#35 = 782.155
ROUND 1774 A#23 and B#35 = 695.33
ROUND 1775 A#24 and B#35 = 817.791
ROUND 1776 A#25 and B#35 = 777.157
ROUND 1777 A#26 and B#35 = 644.454
ROUND 1778 A#27 and B#35 = 788.546
ROUND 1779 A#28 and B#35 = 786.915
ROUND 1780 A#29 and B#35 = 726.095
ROUND 1781 A#30 and B#35 = 812.197
ROUND 1782 A#31 and B#35 = 785.94
ROUND 1783 A#32 and B#35 = 700.835
ROUND 1784 A#33 and B#35 = 738.643
ROUND 1785 A#34 and B#35 = 748.374
ROUND 1786 A#35 and B#35 = 731.224
ROUND 1787 A#36 and B#35 = 739.529
ROUND 1788 A#37 and B#35 = 753.631
ROUND 1789 A#38 and B#35 = 847.792
ROUND 1790 A#39 and B#35 = 675.183
ROUND 1791 A#40 and B#35 = 663.38
ROUND 1792 A#41 and B#35 = 665.316
ROUND 1793 A#42 and B#35 = 737.033
ROUND 1794 A#43 and B#35 = 760.038
ROUND 1795 A#44 and B#35 = 867.513
ROUND 1796 A#45 and B#35 = 665.521
ROUND 1797 A#46 and B#35 = 832.807
ROUND 1798 A#47 and B#35 = 785.682
ROUND 1799 A#48 and B#35 = 759.268
ROUND 1800 A#49 and B#35 = 813.022
ROUND 1801 A#0 and B#36 = 854.479
ROUND 1802 A#1 and B#36 = 611.993
ROUND 1803 A#2 and B#36 = 723.112
ROUND 1804 A#3 and B#36 = 747.792
ROUND 1805 A#4 and B#36 = 578.386
ROUND 1806 A#5 and B#36 = 715.824
ROUND 1807 A#6 and B#36 = 706.798
ROUND 1808 A#7 and B#36 = 852.647
ROUND 1809 A#8 and B#36 = 706.529
ROUND 1810 A#9 and B#36 = 696.26
ROUND 1811 A#10 and B#36 = 812.38
ROUND 1812 A#11 and B#36 = 871.81
ROUND 1813 A#12 and B#36 = 651.804
ROUND 1814 A#13 and B#36 = 808.072
ROUND 1815 A#14 and B#36 = 719.379
ROUND 1816 A#15 and B#36 = 795.592
ROUND 1817 A#16 and B#36 = 925.929
ROUND 1818 A#17 and B#36 = 753.731
ROUND 1819 A#18 and B#36 = 756.751
ROUND 1820 A#19 and B#36 = 796.275
ROUND 1821 A#20 and B#36 = 721.021
ROUND 1822 A#21 and B#36 = 751.708
ROUND 1823 A#22 and B#36 = 712.809
ROUND 1824 A#23 and B#36 = 756.358
ROUND 1825 A#24 and B#36 = 846.028
ROUND 1826 A#25 and B#36 = 721.997
ROUND 1827 A#26 and B#36 = 729.389
ROUND 1828 A#27 and B#36 = 737.754
ROUND 1829 A#28 and B#36 = 718.055
ROUND 1830 A#29 and B#36 = 686.65
ROUND 1831 A#30 and B#36 = 644.364
ROUND 1832 A#31 and B#36 = 766.571
ROUND 1833 A#32 and B#36 = 764.373
ROUND 1834 A#33 and B#36 = 688.02
ROUND 1835 A#34 and B#36 = 886.13
ROUND 1836 A#35 and B#36 = 821.365
ROUND 1837 A#36 and B#36 = 770.206
ROUND 1838 A#37 and B#36 = 716.017
ROUND 1839 A#38 and B#36 = 745.7
ROUND 1840 A#39 and B#36 = 670.204
ROUND 1841 A#40 and B#36 = 756.748
ROUND 1842 A#41 and B#36 = 755.918
ROUND 1843 A#42 and B#36 = 764.338
ROUND 1844 A#43 and B#36 = 705.407
ROUND 1845 A#44 and B#36 = 745.871
ROUND 1846 A#45 and B#36 = 751.431
ROUND 1847 A#46 and B#36 = 699.448
ROUND 1848 A#47 and B#36 = 712.296
ROUND 1849 A#48 and B#36 = 682.09
ROUND 1850 A#49 and B#36 = 706.761
ROUND 1851 A#0 and B#37 = 756.524
ROUND 1852 A#1 and B#37 = 557.957
ROUND 1853 A#2 and B#37 = 710.619
ROUND 1854 A#3 and B#37 = 772.602
ROUND 1855 A#4 and B#37 = 683.506
ROUND 1856 A#5 and B#37 = 714.682
ROUND 1857 A#6 and B#37 = 690.265
ROUND 1858 A#7 and B#37 = 769.785
ROUND 1859 A#8 and B#37 = 821.743
ROUND 1860 A#9 and B#37 = 806.407
ROUND 1861 A#10 and B#37 = 690.717
ROUND 1862 A#11 and B#37 = 718.363
ROUND 1863 A#12 and B#37 = 669.151
ROUND 1864 A#13 and B#37 = 672.36
ROUND 1865 A#14 and B#37 = 780.632
ROUND 1866 A#15 and B#37 = 645.582
ROUND 1867 A#16 and B#37 = 670.917
ROUND 1868 A#17 and B#37 = 784.201
ROUND 1869 A#18 and B#37 = 763.834
ROUND 1870 A#19 and B#37 = 682.458
ROUND 1871 A#20 and B#37 = 738.913
ROUND 1872 A#21 and B#37 = 737.346
ROUND 1873 A#22 and B#37 = 729.53
ROUND 1874 A#23 and B#37 = 745.576
ROUND 1875 A#24 and B#37 = 841.44
ROUND 1876 A#25 and B#37 = 775.007
ROUND 1877 A#26 and B#37 = 824.302
ROUND 1878 A#27 and B#37 = 709.381
ROUND 1879 A#28 and B#37 = 788.415
ROUND 1880 A#29 and B#37 = 755.793
ROUND 1881 A#30 and B#37 = 693.305
ROUND 1882 A#31 and B#37 = 680.704
ROUND 1883 A#32 and B#37 = 659.576
ROUND 1884 A#33 and B#37 = 713.087
ROUND 1885 A#34 and B#37 = 686.891
ROUND 1886 A#35 and B#37 = 663.509
ROUND 1887 A#36 and B#37 = 682.133
ROUND 1888 A#37 and B#37 = 700.728
ROUND 1889 A#38 and B#37 = 886.798
ROUND 1890 A#39 and B#37 = 669.37
ROUND 1891 A#40 and B#37 = 766.152
ROUND 1892 A#41 and B#37 = 732.053
ROUND 1893 A#42 and B#37 = 745.649
ROUND 1894 A#43 and B#37 = 706.016
ROUND 1895 A#44 and B#37 = 859.414
ROUND 1896 A#45 and B#37 = 733.268
ROUND 1897 A#46 and B#37 = 689.717
ROUND 1898 A#47 and B#37 = 722.835
ROUND 1899 A#48 and B#37 = 703.126
ROUND 1900 A#49 and B#37 = 686.061
ROUND 1901 A#0 and B#38 = 733.978
ROUND 1902 A#1 and B#38 = 571.15
ROUND 1903 A#2 and B#38 = 742.518
ROUND 1904 A#3 and B#38 = 723.486
ROUND 1905 A#4 and B#38 = 651.425
ROUND 1906 A#5 and B#38 = 803.602
ROUND 1907 A#6 and B#38 = 696.732
ROUND 1908 A#7 and B#38 = 736.598
ROUND 1909 A#8 and B#38 = 751.721
ROUND 1910 A#9 and B#38 = 721.86
ROUND 1911 A#10 and B#38 = 723.583
ROUND 1912 A#11 and B#38 = 611.744
ROUND 1913 A#12 and B#38 = 620.955
ROUND 1914 A#13 and B#38 = 674.472
ROUND 1915 A#14 and B#38 = 775.849
ROUND 1916 A#15 and B#38 = 718.402
ROUND 1917 A#16 and B#38 = 660.906
ROUND 1918 A#17 and B#38 = 770.662
ROUND 1919 A#18 and B#38 = 907.683
ROUND 1920 A#19 and B#38 = 829.216
ROUND 1921 A#20 and B#38 = 835.284
ROUND 1922 A#21 and B#38 = 706.87
ROUND 1923 A#22 and B#38 = 814.709
ROUND 1924 A#23 and B#38 = 786.86
ROUND 1925 A#24 and B#38 = 885.931
ROUND 1926 A#25 and B#38 = 843.824
ROUND 1927 A#26 and B#38 = 693.917
ROUND 1928 A#27 and B#38 = 785.262
ROUND 1929 A#28 and B#38 = 768.654
ROUND 1930 A#29 and B#38 = 739.851
ROUND 1931 A#30 and B#38 = 712.721
ROUND 1932 A#31 and B#38 = 778.849
ROUND 1933 A#32 and B#38 = 733.481
ROUND 1934 A#33 and B#38 = 751.077
ROUND 1935 A#34 and B#38 = 713.648
ROUND 1936 A#35 and B#38 = 699.121
ROUND 1937 A#36 and B#38 = 721.283
ROUND 1938 A#37 and B#38 = 694.389
ROUND 1939 A#38 and B#38 = 779.06
ROUND 1940 A#39 and B#38 = 621.396
ROUND 1941 A#40 and B#38 = 754.107
ROUND 1942 A#41 and B#38 = 721.393
ROUND 1943 A#42 and B#38 = 844.561
ROUND 1944 A#43 and B#38 = 691.273
ROUND 1945 A#44 and B#38 = 869.293
ROUND 1946 A#45 and B#38 = 723.854
ROUND 1947 A#46 and B#38 = 731.036
ROUND 1948 A#47 and B#38 = 779.99
ROUND 1949 A#48 and B#38 = 692.484
ROUND 1950 A#49 and B#38 = 703.99
ROUND 1951 A#0 and B#39 = 814.521
ROUND 1952 A#1 and B#39 = 524.814
ROUND 1953 A#2 and B#39 = 759.451
ROUND 1954 A#3 and B#39 = 891.615
ROUND 1955 A#4 and B#39 = 673.341
ROUND 1956 A#5 and B#39 = 723.457
ROUND 1957 A#6 and B#39 = 762.835
ROUND 1958 A#7 and B#39 = 695.561
ROUND 1959 A#8 and B#39 = 768.515
ROUND 1960 A#9 and B#39 = 764.051
ROUND 1961 A#10 and B#39 = 683.052
ROUND 1962 A#11 and B#39 = 809.633
ROUND 1963 A#12 and B#39 = 712.64
ROUND 1964 A#13 and B#39 = 774.986
ROUND 1965 A#14 and B#39 = 913.082
ROUND 1966 A#15 and B#39 = 827.086
ROUND 1967 A#16 and B#39 = 708.405
ROUND 1968 A#17 and B#39 = 750.49
ROUND 1969 A#18 and B#39 = 751.476
ROUND 1970 A#19 and B#39 = 640.468
ROUND 1971 A#20 and B#39 = 772.768
ROUND 1972 A#21 and B#39 = 767.244
ROUND 1973 A#22 and B#39 = 772.974
ROUND 1974 A#23 and B#39 = 743.697
ROUND 1975 A#24 and B#39 = 789.721
ROUND 1976 A#25 and B#39 = 771.858
ROUND 1977 A#26 and B#39 = 625.929
ROUND 1978 A#27 and B#39 = 719.196
ROUND 1979 A#28 and B#39 = 819.595
ROUND 1980 A#29 and B#39 = 823.439
ROUND 1981 A#30 and B#39 = 706.227
ROUND 1982 A#31 and B#39 = 703.233
ROUND 1983 A#32 and B#39 = 714.574
ROUND 1984 A#33 and B#39 = 747.003
ROUND 1985 A#34 and B#39 = 736.94
ROUND 1986 A#35 and B#39 = 711.085
ROUND 1987 A#36 and B#39 = 728.205
ROUND 1988 A#37 and B#39 = 774.039
ROUND 1989 A#38 and B#39 = 816.668
ROUND 1990 A#39 and B#39 = 615.899
ROUND 1991 A#40 and B#39 = 736.325
ROUND 1992 A#41 and B#39 = 736.768
ROUND 1993 A#42 and B#39 = 861.936
ROUND 1994 A#43 and B#39 = 772.967
ROUND 1995 A#44 and B#39 = 787.733
ROUND 1996 A#45 and B#39 = 739.292
ROUND 1997 A#46 and B#39 = 719.656
ROUND 1998 A#47 and B#39 = 826.208
ROUND 1999 A#48 and B#39 = 775.038
ROUND 2000 A#49 and B#39 = 712.694
ROUND 2001 A#0 and B#40 = 640.375
ROUND 2002 A#1 and B#40 = 775.965
ROUND 2003 A#2 and B#40 = 723.806
ROUND 2004 A#3 and B#40 = 828.775
ROUND 2005 A#4 and B#40 = 673.935
ROUND 2006 A#5 and B#40 = 803.856
ROUND 2007 A#6 and B#40 = 792.482
ROUND 2008 A#7 and B#40 = 829.549
ROUND 2009 A#8 and B#40 = 783.983
ROUND 2010 A#9 and B#40 = 826.442
ROUND 2011 A#10 and B#40 = 736.231
ROUND 2012 A#11 and B#40 = 849.505
ROUND 2013 A#12 and B#40 = 660.481
ROUND 2014 A#13 and B#40 = 846.113
ROUND 2015 A#14 and B#40 = 861.646
ROUND 2016 A#15 and B#40 = 698.656
ROUND 2017 A#16 and B#40 = 694.741
ROUND 2018 A#17 and B#40 = 690.657
ROUND 2019 A#18 and B#40 = 791.137
ROUND 2020 A#19 and B#40 = 668.992
ROUND 2021 A#20 and B#40 = 776.368
ROUND 2022 A#21 and B#40 = 679.828
ROUND 2023 A#22 and B#40 = 781.302
ROUND 2024 A#23 and B#40 = 696.554
ROUND 2025 A#24 and B#40 = 818.905
ROUND 2026 A#25 and B#40 = 775.93
ROUND 2027 A#26 and B#40 = 643.479
ROUND 2028 A#27 and B#40 = 787.657
ROUND 2029 A#28 and B#40 = 789.309
ROUND 2030 A#29 and B#40 = 726.172
ROUND 2031 A#30 and B#40 = 812.915
ROUND 2032 A#31 and B#40 = 784.908
ROUND 2033 A#32 and B#40 = 703.573
ROUND 2034 A#33 and B#40 = 739.057
ROUND 2035 A#34 and B#40 = 751.447
ROUND 2036 A#35 and B#40 = 730.426
ROUND 2037 A#36 and B#40 = 742.465
ROUND 2038 A#37 and B#40 = 752.669
ROUND 2039 A#38 and B#40 = 847.239
ROUND 2040 A#39 and B#40 = 674.894
ROUND 2041 A#40 and B#40 = 663.723
ROUND 2042 A#41 and B#40 = 665.646
ROUND 2043 A#42 and B#40 = 735.62
ROUND 2044 A#43 and B#40 = 758.959
ROUND 2045 A#44 and B#40 = 866.109
ROUND 2046 A#45 and B#40 = 665.863
ROUND 2047 A#46 and B#40 = 832.863
ROUND 2048 A#47 and B#40 = 784.777
ROUND 2049 A#48 and B#40 = 758.301
ROUND 2050 A#49 and B#40 = 813.594
ROUND 2051 A#0 and B#41 = 828.827
ROUND 2052 A#1 and B#41 = 465.878
ROUND 2053 A#2 and B#41 = 806.991
ROUND 2054 A#3 and B#41 = 897.424
ROUND 2055 A#4 and B#41 = 700.113
ROUND 2056 A#5 and B#41 = 731.46
ROUND 2057 A#6 and B#41 = 779.6
ROUND 2058 A#7 and B#41 = 825.911
ROUND 2059 A#8 and B#41 = 675.376
ROUND 2060 A#9 and B#41 = 785.895
ROUND 2061 A#10 and B#41 = 648.778
ROUND 2062 A#11 and B#41 = 823.264
ROUND 2063 A#12 and B#41 = 677.222
ROUND 2064 A#13 and B#41 = 782.533
ROUND 2065 A#14 and B#41 = 915.606
ROUND 2066 A#15 and B#41 = 812.88
ROUND 2067 A#16 and B#41 = 742.221
ROUND 2068 A#17 and B#41 = 769.364
ROUND 2069 A#18 and B#41 = 790.207
ROUND 2070 A#19 and B#41 = 676.977
ROUND 2071 A#20 and B#41 = 756.349
ROUND 2072 A#21 and B#41 = 757.173
ROUND 2073 A#22 and B#41 = 776.947
ROUND 2074 A#23 and B#41 = 763.787
ROUND 2075 A#24 and B#41 = 779.253
ROUND 2076 A#25 and B#41 = 722.351
ROUND 2077 A#26 and B#41 = 670.176
ROUND 2078 A#27 and B#41 = 759.994
ROUND 2079 A#28 and B#41 = 780.578
ROUND 2080 A#29 and B#41 = 872.869
ROUND 2081 A#30 and B#41 = 723.129
ROUND 2082 A#31 and B#41 = 744.34
ROUND 2083 A#32 and B#41 = 682.811
ROUND 2084 A#33 and B#41 = 710.725
ROUND 2085 A#34 and B#41 = 740.715
ROUND 2086 A#35 and B#41 = 730.252
ROUND 2087 A#36 and B#41 = 730.51
ROUND 2088 A#37 and B#41 = 823.37
ROUND 2089 A#38 and B#41 = 773.88
ROUND 2090 A#39 and B#41 = 619.442
ROUND 2091 A#40 and B#41 = 745.218
ROUND 2092 A#41 and B#41 = 745.303
ROUND 2093 A#42 and B#41 = 852.086
ROUND 2094 A#43 and B#41 = 822.967
ROUND 2095 A#44 and B#41 = 794.599
ROUND 2096 A#45 and B#41 = 748.675
ROUND 2097 A#46 and B#41 = 779.673
ROUND 2098 A#47 and B#41 = 843.672
ROUND 2099 A#48 and B#41 = 823.855
ROUND 2100 A#49 and B#41 = 729.43
ROUND 2101 A#0 and B#42 = 815.383
ROUND 2102 A#1 and B#42 = 525.552
ROUND 2103 A#2 and B#42 = 759.249
ROUND 2104 A#3 and B#42 = 891.418
ROUND 2105 A#4 and B#42 = 672.314
ROUND 2106 A#5 and B#42 = 724.952
ROUND 2107 A#6 and B#42 = 762.907
ROUND 2108 A#7 and B#42 = 698.414
ROUND 2109 A#8 and B#42 = 770.045
ROUND 2110 A#9 and B#42 = 690.684
ROUND 2111 A#10 and B#42 = 679.212
ROUND 2112 A#11 and B#42 = 809.698
ROUND 2113 A#12 and B#42 = 710.338
ROUND 2114 A#13 and B#42 = 774.202
ROUND 2115 A#14 and B#42 = 911.255
ROUND 2116 A#15 and B#42 = 830.694
ROUND 2117 A#16 and B#42 = 713.489
ROUND 2118 A#17 and B#42 = 753.217
ROUND 2119 A#18 and B#42 = 751.439
ROUND 2120 A#19 and B#42 = 638.088
ROUND 2121 A#20 and B#42 = 772.229
ROUND 2122 A#21 and B#42 = 768.052
ROUND 2123 A#22 and B#42 = 772.564
ROUND 2124 A#23 and B#42 = 746.318
ROUND 2125 A#24 and B#42 = 786.403
ROUND 2126 A#25 and B#42 = 770.037
ROUND 2127 A#26 and B#42 = 623.868
ROUND 2128 A#27 and B#42 = 719.602
ROUND 2129 A#28 and B#42 = 817.72
ROUND 2130 A#29 and B#42 = 822.381
ROUND 2131 A#30 and B#42 = 703.817
ROUND 2132 A#31 and B#42 = 702.595
ROUND 2133 A#32 and B#42 = 712.245
ROUND 2134 A#33 and B#42 = 747.21
ROUND 2135 A#34 and B#42 = 734.074
ROUND 2136 A#35 and B#42 = 714.217
ROUND 2137 A#36 and B#42 = 725.239
ROUND 2138 A#37 and B#42 = 774.294
ROUND 2139 A#38 and B#42 = 812.845
ROUND 2140 A#39 and B#42 = 618.92
ROUND 2141 A#40 and B#42 = 737.774
ROUND 2142 A#41 and B#42 = 738.181
ROUND 2143 A#42 and B#42 = 861.229
ROUND 2144 A#43 and B#42 = 773.02
ROUND 2145 A#44 and B#42 = 786.394
ROUND 2146 A#45 and B#42 = 740.839
ROUND 2147 A#46 and B#42 = 739.215
ROUND 2148 A#47 and B#42 = 824.449
ROUND 2149 A#48 and B#42 = 775.137
ROUND 2150 A#49 and B#42 = 710.111
ROUND 2151 A#0 and B#43 = 816.576
ROUND 2152 A#1 and B#43 = 500.165
ROUND 2153 A#2 and B#43 = 820.994
ROUND 2154 A#3 and B#43 = 894.709
ROUND 2155 A#4 and B#43 = 683.122
ROUND 2156 A#5 and B#43 = 712.011
ROUND 2157 A#6 and B#43 = 799.147
ROUND 2158 A#7 and B#43 = 702.983
ROUND 2159 A#8 and B#43 = 723.636
ROUND 2160 A#9 and B#43 = 698.086
ROUND 2161 A#10 and B#43 = 651.879
ROUND 2162 A#11 and B#43 = 813.636
ROUND 2163 A#12 and B#43 = 680.195
ROUND 2164 A#13 and B#43 = 774.375
ROUND 2165 A#14 and B#43 = 908.753
ROUND 2166 A#15 and B#43 = 826.758
ROUND 2167 A#16 and B#43 = 716.574
ROUND 2168 A#17 and B#43 = 776.331
ROUND 2169 A#18 and B#43 = 730.143
ROUND 2170 A#19 and B#43 = 670.545
ROUND 2171 A#20 and B#43 = 739.345
ROUND 2172 A#21 and B#43 = 834.885
ROUND 2173 A#22 and B#43 = 739.416
ROUND 2174 A#23 and B#43 = 758.168
ROUND 2175 A#24 and B#43 = 786.268
ROUND 2176 A#25 and B#43 = 783.427
ROUND 2177 A#26 and B#43 = 622.265
ROUND 2178 A#27 and B#43 = 749.081
ROUND 2179 A#28 and B#43 = 789.841
ROUND 2180 A#29 and B#43 = 883.004
ROUND 2181 A#30 and B#43 = 750.941
ROUND 2182 A#31 and B#43 = 742.298
ROUND 2183 A#32 and B#43 = 667.929
ROUND 2184 A#33 and B#43 = 717.094
ROUND 2185 A#34 and B#43 = 740.162
ROUND 2186 A#35 and B#43 = 723.045
ROUND 2187 A#36 and B#43 = 731.45
ROUND 2188 A#37 and B#43 = 839.285
ROUND 2189 A#38 and B#43 = 800.28
ROUND 2190 A#39 and B#43 = 645.494
ROUND 2191 A#40 and B#43 = 754.409
ROUND 2192 A#41 and B#43 = 754.653
ROUND 2193 A#42 and B#43 = 859.218
ROUND 2194 A#43 and B#43 = 839.001
ROUND 2195 A#44 and B#43 = 783.834
ROUND 2196 A#45 and B#43 = 758.697
ROUND 2197 A#46 and B#43 = 795.954
ROUND 2198 A#47 and B#43 = 863.24
ROUND 2199 A#48 and B#43 = 839.988
ROUND 2200 A#49 and B#43 = 758.182
ROUND 2201 A#0 and B#44 = 737.152
ROUND 2202 A#1 and B#44 = 605.099
ROUND 2203 A#2 and B#44 = 774.021
ROUND 2204 A#3 and B#44 = 778.989
ROUND 2205 A#4 and B#44 = 489.476
ROUND 2206 A#5 and B#44 = 620.947
ROUND 2207 A#6 and B#44 = 744.62
ROUND 2208 A#7 and B#44 = 775.47
ROUND 2209 A#8 and B#44 = 810.575
ROUND 2210 A#9 and B#44 = 791.769
ROUND 2211 A#10 and B#44 = 642.618
ROUND 2212 A#11 and B#44 = 728.961
ROUND 2213 A#12 and B#44 = 672.659
ROUND 2214 A#13 and B#44 = 668.351
ROUND 2215 A#14 and B#44 = 785.248
ROUND 2216 A#15 and B#44 = 653.078
ROUND 2217 A#16 and B#44 = 670.59
ROUND 2218 A#17 and B#44 = 822.702
ROUND 2219 A#18 and B#44 = 780.726
ROUND 2220 A#19 and B#44 = 685.628
ROUND 2221 A#20 and B#44 = 703.801
ROUND 2222 A#21 and B#44 = 793.306
ROUND 2223 A#22 and B#44 = 693.931
ROUND 2224 A#23 and B#44 = 759.152
ROUND 2225 A#24 and B#44 = 840.978
ROUND 2226 A#25 and B#44 = 784.322
ROUND 2227 A#26 and B#44 = 704.815
ROUND 2228 A#27 and B#44 = 705.079
ROUND 2229 A#28 and B#44 = 759.234
ROUND 2230 A#29 and B#44 = 796.912
ROUND 2231 A#30 and B#44 = 715.456
ROUND 2232 A#31 and B#44 = 684.974
ROUND 2233 A#32 and B#44 = 720.972
ROUND 2234 A#33 and B#44 = 743.014
ROUND 2235 A#34 and B#44 = 769.708
ROUND 2236 A#35 and B#44 = 688.48
ROUND 2237 A#36 and B#44 = 767.299
ROUND 2238 A#37 and B#44 = 758.747
ROUND 2239 A#38 and B#44 = 842.009
ROUND 2240 A#39 and B#44 = 695.021
ROUND 2241 A#40 and B#44 = 803.668
ROUND 2242 A#41 and B#44 = 775.808
ROUND 2243 A#42 and B#44 = 754.651
ROUND 2244 A#43 and B#44 = 763.656
ROUND 2245 A#44 and B#44 = 757.253
ROUND 2246 A#45 and B#44 = 777.978
ROUND 2247 A#46 and B#44 = 713.056
ROUND 2248 A#47 and B#44 = 788.675
ROUND 2249 A#48 and B#44 = 761.194
ROUND 2250 A#49 and B#44 = 709.109
ROUND 2251 A#0 and B#45 = 749.885
ROUND 2252 A#1 and B#45 = 603.631
ROUND 2253 A#2 and B#45 = 774.973
ROUND 2254 A#3 and B#45 = 793.789
ROUND 2255 A#4 and B#45 = 661.482
ROUND 2256 A#5 and B#45 = 625.006
ROUND 2257 A#6 and B#45 = 747.838
ROUND 2258 A#7 and B#45 = 779.643
ROUND 2259 A#8 and B#45 = 816.757
ROUND 2260 A#9 and B#45 = 807.149
ROUND 2261 A#10 and B#45 = 666.215
ROUND 2262 A#11 and B#45 = 731.939
ROUND 2263 A#12 and B#45 = 700.799
ROUND 2264 A#13 and B#45 = 757.516
ROUND 2265 A#14 and B#45 = 807.728
ROUND 2266 A#15 and B#45 = 604.514
ROUND 2267 A#16 and B#45 = 701.023
ROUND 2268 A#17 and B#45 = 825.15
ROUND 2269 A#18 and B#45 = 802.072
ROUND 2270 A#19 and B#45 = 662.313
ROUND 2271 A#20 and B#45 = 709.736
ROUND 2272 A#21 and B#45 = 797.905
ROUND 2273 A#22 and B#45 = 700.312
ROUND 2274 A#23 and B#45 = 764.181
ROUND 2275 A#24 and B#45 = 864.572
ROUND 2276 A#25 and B#45 = 776.716
ROUND 2277 A#26 and B#45 = 701.949
ROUND 2278 A#27 and B#45 = 689.352
ROUND 2279 A#28 and B#45 = 759.233
ROUND 2280 A#29 and B#45 = 796.803
ROUND 2281 A#30 and B#45 = 722.196
ROUND 2282 A#31 and B#45 = 662.766
ROUND 2283 A#32 and B#45 = 738.105
ROUND 2284 A#33 and B#45 = 726.531
ROUND 2285 A#34 and B#45 = 763.059
ROUND 2286 A#35 and B#45 = 686.938
ROUND 2287 A#36 and B#45 = 760.55
ROUND 2288 A#37 and B#45 = 767.434
ROUND 2289 A#38 and B#45 = 843.005
ROUND 2290 A#39 and B#45 = 685.036
ROUND 2291 A#40 and B#45 = 813.553
ROUND 2292 A#41 and B#45 = 780.665
ROUND 2293 A#42 and B#45 = 729.349
ROUND 2294 A#43 and B#45 = 785.702
ROUND 2295 A#44 and B#45 = 779.785
ROUND 2296 A#45 and B#45 = 782.792
ROUND 2297 A#46 and B#45 = 757.984
ROUND 2298 A#47 and B#45 = 738.708
ROUND 2299 A#48 and B#45 = 765.968
ROUND 2300 A#49 and B#45 = 759.607
ROUND 2301 A#0 and B#46 = 731.396
ROUND 2302 A#1 and B#46 = 538.426
ROUND 2303 A#2 and B#46 = 706.484
ROUND 2304 A#3 and B#46 = 703.972
ROUND 2305 A#4 and B#46 = 620.333
ROUND 2306 A#5 and B#46 = 803.949
ROUND 2307 A#6 and B#46 = 696.459
ROUND 2308 A#7 and B#46 = 731.434
ROUND 2309 A#8 and B#46 = 749.838
ROUND 2310 A#9 and B#46 = 709.079
ROUND 2311 A#10 and B#46 = 699.039
ROUND 2312 A#11 and B#46 = 631.02
ROUND 2313 A#12 and B#46 = 620.945
ROUND 2314 A#13 and B#46 = 654.535
ROUND 2315 A#14 and B#46 = 736.498
ROUND 2316 A#15 and B#46 = 806.757
ROUND 2317 A#16 and B#46 = 662.963
ROUND 2318 A#17 and B#46 = 713.513
ROUND 2319 A#18 and B#46 = 869.578
ROUND 2320 A#19 and B#46 = 804.64
ROUND 2321 A#20 and B#46 = 825.443
ROUND 2322 A#21 and B#46 = 754.438
ROUND 2323 A#22 and B#46 = 809.481
ROUND 2324 A#23 and B#46 = 787.862
ROUND 2325 A#24 and B#46 = 847.469
ROUND 2326 A#25 and B#46 = 834.529
ROUND 2327 A#26 and B#46 = 646.137
ROUND 2328 A#27 and B#46 = 805.349
ROUND 2329 A#28 and B#46 = 765.856
ROUND 2330 A#29 and B#46 = 770.478
ROUND 2331 A#30 and B#46 = 742.819
ROUND 2332 A#31 and B#46 = 775.639
ROUND 2333 A#32 and B#46 = 710.382
ROUND 2334 A#33 and B#46 = 756.771
ROUND 2335 A#34 and B#46 = 711.695
ROUND 2336 A#35 and B#46 = 674.687
ROUND 2337 A#36 and B#46 = 715.484
ROUND 2338 A#37 and B#46 = 742.418
ROUND 2339 A#38 and B#46 = 759.584
ROUND 2340 A#39 and B#46 = 636.479
ROUND 2341 A#40 and B#46 = 717.272
ROUND 2342 A#41 and B#46 = 714.614
ROUND 2343 A#42 and B#46 = 867.612
ROUND 2344 A#43 and B#46 = 742.086
ROUND 2345 A#44 and B#46 = 874.019
ROUND 2346 A#45 and B#46 = 714.984
ROUND 2347 A#46 and B#46 = 759.522
ROUND 2348 A#47 and B#46 = 780.11
ROUND 2349 A#48 and B#46 = 740.726
ROUND 2350 A#49 and B#46 = 735.125
ROUND 2351 A#0 and B#47 = 744.885
ROUND 2352 A#1 and B#47 = 733.981
ROUND 2353 A#2 and B#47 = 716.728
ROUND 2354 A#3 and B#47 = 781.657
ROUND 2355 A#4 and B#47 = 679.466
ROUND 2356 A#5 and B#47 = 699.658
ROUND 2357 A#6 and B#47 = 690.93
ROUND 2358 A#7 and B#47 = 771.637
ROUND 2359 A#8 and B#47 = 818.263
ROUND 2360 A#9 and B#47 = 836.082
ROUND 2361 A#10 and B#47 = 694.082
ROUND 2362 A#11 and B#47 = 722.131
ROUND 2363 A#12 and B#47 = 665.057
ROUND 2364 A#13 and B#47 = 664.891
ROUND 2365 A#14 and B#47 = 785.803
ROUND 2366 A#15 and B#47 = 644.375
ROUND 2367 A#16 and B#47 = 675.391
ROUND 2368 A#17 and B#47 = 783.729
ROUND 2369 A#18 and B#47 = 743.539
ROUND 2370 A#19 and B#47 = 667.103
ROUND 2371 A#20 and B#47 = 718.048
ROUND 2372 A#21 and B#47 = 742.286
ROUND 2373 A#22 and B#47 = 708.511
ROUND 2374 A#23 and B#47 = 752.018
ROUND 2375 A#24 and B#47 = 832.489
ROUND 2376 A#25 and B#47 = 778.487
ROUND 2377 A#26 and B#47 = 752.386
ROUND 2378 A#27 and B#47 = 699.075
ROUND 2379 A#28 and B#47 = 783.247
ROUND 2380 A#29 and B#47 = 750.489
ROUND 2381 A#30 and B#47 = 726.105
ROUND 2382 A#31 and B#47 = 672.277
ROUND 2383 A#32 and B#47 = 666.969
ROUND 2384 A#33 and B#47 = 748.926
ROUND 2385 A#34 and B#47 = 695.724
ROUND 2386 A#35 and B#47 = 669.959
ROUND 2387 A#36 and B#47 = 693.148
ROUND 2388 A#37 and B#47 = 707.045
ROUND 2389 A#38 and B#47 = 866
ROUND 2390 A#39 and B#47 = 645.567
ROUND 2391 A#40 and B#47 = 762.848
ROUND 2392 A#41 and B#47 = 734.677
ROUND 2393 A#42 and B#47 = 748.701
ROUND 2394 A#43 and B#47 = 711.857
ROUND 2395 A#44 and B#47 = 751.397
ROUND 2396 A#45 and B#47 = 735.95
ROUND 2397 A#46 and B#47 = 706.71
ROUND 2398 A#47 and B#47 = 727.149
ROUND 2399 A#48 and B#47 = 709.085
ROUND 2400 A#49 and B#47 = 735.945
ROUND 2401 A#0 and B#48 = 735.423
ROUND 2402 A#1 and B#48 = 608.284
ROUND 2403 A#2 and B#48 = 771.946
ROUND 2404 A#3 and B#48 = 780.553
ROUND 2405 A#4 and B#48 = 491.33
ROUND 2406 A#5 and B#48 = 619.236
ROUND 2407 A#6 and B#48 = 741.262
ROUND 2408 A#7 and B#48 = 775.567
ROUND 2409 A#8 and B#48 = 812.25
ROUND 2410 A#9 and B#48 = 788.608
ROUND 2411 A#10 and B#48 = 644.833
ROUND 2412 A#11 and B#48 = 728.763
ROUND 2413 A#12 and B#48 = 665.797
ROUND 2414 A#13 and B#48 = 671.594
ROUND 2415 A#14 and B#48 = 785.143
ROUND 2416 A#15 and B#48 = 652.306
ROUND 2417 A#16 and B#48 = 671.897
ROUND 2418 A#17 and B#48 = 819.997
ROUND 2419 A#18 and B#48 = 780.783
ROUND 2420 A#19 and B#48 = 688.438
ROUND 2421 A#20 and B#48 = 716.142
ROUND 2422 A#21 and B#48 = 792.106
ROUND 2423 A#22 and B#48 = 709.282
ROUND 2424 A#23 and B#48 = 760.308
ROUND 2425 A#24 and B#48 = 834.877
ROUND 2426 A#25 and B#48 = 783.867
ROUND 2427 A#26 and B#48 = 705.434
ROUND 2428 A#27 and B#48 = 701.592
ROUND 2429 A#28 and B#48 = 760.328
ROUND 2430 A#29 and B#48 = 774.219
ROUND 2431 A#30 and B#48 = 746.023
ROUND 2432 A#31 and B#48 = 681.721
ROUND 2433 A#32 and B#48 = 718.909
ROUND 2434 A#33 and B#48 = 744.098
ROUND 2435 A#34 and B#48 = 766.054
ROUND 2436 A#35 and B#48 = 688.82
ROUND 2437 A#36 and B#48 = 763.685
ROUND 2438 A#37 and B#48 = 760.674
ROUND 2439 A#38 and B#48 = 842.86
ROUND 2440 A#39 and B#48 = 696.914
ROUND 2441 A#40 and B#48 = 799.779
ROUND 2442 A#41 and B#48 = 774.12
ROUND 2443 A#42 and B#48 = 756.7
ROUND 2444 A#43 and B#48 = 765.423
ROUND 2445 A#44 and B#48 = 755.826
ROUND 2446 A#45 and B#48 = 776.244
ROUND 2447 A#46 and B#48 = 758.397
ROUND 2448 A#47 and B#48 = 787.466
ROUND 2449 A#48 and B#48 = 762.826
ROUND 2450 A#49 and B#48 = 757.882
ROUND 2451 A#0 and B#49 = 740.884
ROUND 2452 A#1 and B#49 = 458.589
ROUND 2453 A#2 and B#49 = 788.4
ROUND 2454 A#3 and B#49 = 708.127
ROUND 2455 A#4 and B#49 = 757.579
ROUND 2456 A#5 and B#49 = 584.495
ROUND 2457 A#6 and B#49 = 820.081
ROUND 2458 A#7 and B#49 = 709.468
ROUND 2459 A#8 and B#49 = 687.645
ROUND 2460 A#9 and B#49 = 776.108
ROUND 2461 A#10 and B#49 = 651.276
ROUND 2462 A#11 and B#49 = 748.247
ROUND 2463 A#12 and B#49 = 796.071
ROUND 2464 A#13 and B#49 = 688.849
ROUND 2465 A#14 and B#49 = 757.897
ROUND 2466 A#15 and B#49 = 776.102
ROUND 2467 A#16 and B#49 = 687.804
ROUND 2468 A#17 and B#49 = 724.863
ROUND 2469 A#18 and B#49 = 813.257
ROUND 2470 A#19 and B#49 = 841.668
ROUND 2471 A#20 and B#49 = 763.337
ROUND 2472 A#21 and B#49 = 746.939
ROUND 2473 A#22 and B#49 = 781.386
ROUND 2474 A#23 and B#49 = 695.638
ROUND 2475 A#24 and B#49 = 735.697
ROUND 2476 A#25 and B#49 = 721.162
ROUND 2477 A#26 and B#49 = 563.359
ROUND 2478 A#27 and B#49 = 733.269
ROUND 2479 A#28 and B#49 = 611.309
ROUND 2480 A#29 and B#49 = 751.122
ROUND 2481 A#30 and B#49 = 821.705
ROUND 2482 A#31 and B#49 = 730.621
ROUND 2483 A#32 and B#49 = 643.889
ROUND 2484 A#33 and B#49 = 847.611
ROUND 2485 A#34 and B#49 = 631.734
ROUND 2486 A#35 and B#49 = 659.829
ROUND 2487 A#36 and B#49 = 636.346
ROUND 2488 A#37 and B#49 = 784.024
ROUND 2489 A#38 and B#49 = 782.333
ROUND 2490 A#39 and B#49 = 798.592
ROUND 2491 A#40 and B#49 = 680.094
ROUND 2492 A#41 and B#49 = 708.619
ROUND 2493 A#42 and B#49 = 729.055
ROUND 2494 A#43 and B#49 = 788.926
ROUND 2495 A#44 and B#49 = 725.236
ROUND 2496 A#45 and B#49 = 707.627
ROUND 2497 A#46 and B#49 = 868.999
ROUND 2498 A#47 and B#49 = 820.676
ROUND 2499 A#48 and B#49 = 786.554
ROUND 2500 A#49 and B#49 = 815.902

The best overlap is between conformer A#16 and B#13, which, after PCA followed by Steepest Descent, produces a volume overlap of 932.626
Tanimoto (Hodgkin) similarity index: 0.594379

Saving those best conformers to file...
WRITING MOLECULE TO FILE '../ALL_PAIRS_BQ123_AS_REFERENCE/ROKS2/BQ123-BQ788.mol2' (WILL OVERWRITE EXISTING FILE IF ANY)...
WRITING MOLECULE TO FILE '../ALL_PAIRS_BQ123_AS_REFERENCE/ROKS2/BQ123-BQ788.mol2'...
