Finished importing molecules
WARNING: LAPACK DSYEV() RETURNED NON-ZERO ERROR CODE 2
WARNING: LAPACK DSYEV() RETURNED NON-ZERO ERROR CODE 2
WARNING: LAPACK DSYEV() RETURNED NON-ZERO ERROR CODE 2
WARNING: LAPACK DSYEV() RETURNED NON-ZERO ERROR CODE 3
WARNING: LAPACK DSYEV() RETURNED NON-ZERO ERROR CODE 3
WARNING: LAPACK DSYEV() RETURNED NON-ZERO ERROR CODE 2
WARNING: LAPACK DSYEV() RETURNED NON-ZERO ERROR CODE 2
WARNING: LAPACK DSYEV() RETURNED NON-ZERO ERROR CODE 2
WARNING: LAPACK DSYEV() RETURNED NON-ZERO ERROR CODE 2
WARNING: LAPACK DSYEV() RETURNED NON-ZERO ERROR CODE 3
WARNING: LAPACK DSYEV() RETURNED NON-ZERO ERROR CODE 2
WARNING: LAPACK DSYEV() RETURNED NON-ZERO ERROR CODE 3
WARNING: LAPACK DSYEV() RETURNED NON-ZERO ERROR CODE 3
WARNING: LAPACK DSYEV() RETURNED NON-ZERO ERROR CODE 3
WARNING: LAPACK DSYEV() RETURNED NON-ZERO ERROR CODE 2
WARNING: LAPACK DSYEV() RETURNED NON-ZERO ERROR CODE 3
WARNING: LAPACK DSYEV() RETURNED NON-ZERO ERROR CODE 2
WARNING: LAPACK DSYEV() RETURNED NON-ZERO ERROR CODE 2
WARNING: LAPACK DSYEV() RETURNED NON-ZERO ERROR CODE 2
WARNING: LAPACK DSYEV() RETURNED NON-ZERO ERROR CODE 2
WARNING: LAPACK DSYEV() RETURNED NON-ZERO ERROR CODE 3
WARNING: LAPACK DSYEV() RETURNED NON-ZERO ERROR CODE 2
WARNING: LAPACK DSYEV() RETURNED NON-ZERO ERROR CODE 2
WARNING: LAPACK DSYEV() RETURNED NON-ZERO ERROR CODE 2
WARNING: LAPACK DSYEV() RETURNED NON-ZERO ERROR CODE 2
WARNING: LAPACK DSYEV() RETURNED NON-ZERO ERROR CODE 2
WARNING: LAPACK DSYEV() RETURNED NON-ZERO ERROR CODE 2
WARNING: LAPACK DSYEV() RETURNED NON-ZERO ERROR CODE 2
WARNING: LAPACK DSYEV() RETURNED NON-ZERO ERROR CODE 3
WARNING: LAPACK DSYEV() RETURNED NON-ZERO ERROR CODE 2
WARNING: LAPACK DSYEV() RETURNED NON-ZERO ERROR CODE 3
WARNING: LAPACK DSYEV() RETURNED NON-ZERO ERROR CODE 2
WARNING: LAPACK DSYEV() RETURNED NON-ZERO ERROR CODE 2
WARNING: LAPACK DSYEV() RETURNED NON-ZERO ERROR CODE 3
WARNING: LAPACK DSYEV() RETURNED NON-ZERO ERROR CODE 2
WARNING: LAPACK DSYEV() RETURNED NON-ZERO ERROR CODE 2
WARNING: LAPACK DSYEV() RETURNED NON-ZERO ERROR CODE 3
WARNING: LAPACK DSYEV() RETURNED NON-ZERO ERROR CODE 2
WARNING: LAPACK DSYEV() RETURNED NON-ZERO ERROR CODE 2
WARNING: LAPACK DSYEV() RETURNED NON-ZERO ERROR CODE 2
WARNING: LAPACK DSYEV() RETURNED NON-ZERO ERROR CODE 2
WARNING: LAPACK DSYEV() RETURNED NON-ZERO ERROR CODE 2
WARNING: LAPACK DSYEV() RETURNED NON-ZERO ERROR CODE 2
WARNING: LAPACK DSYEV() RETURNED NON-ZERO ERROR CODE 2
WARNING: LAPACK DSYEV() RETURNED NON-ZERO ERROR CODE 2
WARNING: LAPACK DSYEV() RETURNED NON-ZERO ERROR CODE 2
WARNING: LAPACK DSYEV() RETURNED NON-ZERO ERROR CODE 2
WARNING: LAPACK DSYEV() RETURNED NON-ZERO ERROR CODE 2
WARNING: LAPACK DSYEV() RETURNED NON-ZERO ERROR CODE 2
WARNING: LAPACK DSYEV() RETURNED NON-ZERO ERROR CODE 2
WARNING: LAPACK DSYEV() RETURNED NON-ZERO ERROR CODE 2
WARNING: LAPACK DSYEV() RETURNED NON-ZERO ERROR CODE 3
WARNING: LAPACK DSYEV() RETURNED NON-ZERO ERROR CODE 3
WARNING: LAPACK DSYEV() RETURNED NON-ZERO ERROR CODE 2
WARNING: LAPACK DSYEV() RETURNED NON-ZERO ERROR CODE 3
WARNING: LAPACK DSYEV() RETURNED NON-ZERO ERROR CODE 2
WARNING: LAPACK DSYEV() RETURNED NON-ZERO ERROR CODE 2
WARNING: LAPACK DSYEV() RETURNED NON-ZERO ERROR CODE 3
WARNING: LAPACK DSYEV() RETURNED NON-ZERO ERROR CODE 3
WARNING: LAPACK DSYEV() RETURNED NON-ZERO ERROR CODE 3
WARNING: LAPACK DSYEV() RETURNED NON-ZERO ERROR CODE 2
WARNING: LAPACK DSYEV() RETURNED NON-ZERO ERROR CODE 3
WARNING: LAPACK DSYEV() RETURNED NON-ZERO ERROR CODE 2
WARNING: LAPACK DSYEV() RETURNED NON-ZERO ERROR CODE 3
WARNING: LAPACK DSYEV() RETURNED NON-ZERO ERROR CODE 2
WARNING: LAPACK DSYEV() RETURNED NON-ZERO ERROR CODE 2
WARNING: LAPACK DSYEV() RETURNED NON-ZERO ERROR CODE 3
WARNING: LAPACK DSYEV() RETURNED NON-ZERO ERROR CODE 2
WARNING: LAPACK DSYEV() RETURNED NON-ZERO ERROR CODE 2
WARNING: LAPACK DSYEV() RETURNED NON-ZERO ERROR CODE 2
WARNING: LAPACK DSYEV() RETURNED NON-ZERO ERROR CODE 2
WARNING: LAPACK DSYEV() RETURNED NON-ZERO ERROR CODE 3
WARNING: LAPACK DSYEV() RETURNED NON-ZERO ERROR CODE 3
WARNING: LAPACK DSYEV() RETURNED NON-ZERO ERROR CODE 3
WARNING: LAPACK DSYEV() RETURNED NON-ZERO ERROR CODE 3
WARNING: LAPACK DSYEV() RETURNED NON-ZERO ERROR CODE 3
WARNING: LAPACK DSYEV() RETURNED NON-ZERO ERROR CODE 2
WARNING: LAPACK DSYEV() RETURNED NON-ZERO ERROR CODE 2
WARNING: LAPACK DSYEV() RETURNED NON-ZERO ERROR CODE 3
WARNING: LAPACK DSYEV() RETURNED NON-ZERO ERROR CODE 3
WARNING: LAPACK DSYEV() RETURNED NON-ZERO ERROR CODE 2
WARNING: LAPACK DSYEV() RETURNED NON-ZERO ERROR CODE 3
WARNING: LAPACK DSYEV() RETURNED NON-ZERO ERROR CODE 2
WARNING: LAPACK DSYEV() RETURNED NON-ZERO ERROR CODE 3
WARNING: LAPACK DSYEV() RETURNED NON-ZERO ERROR CODE 2
WARNING: LAPACK DSYEV() RETURNED NON-ZERO ERROR CODE 3
WARNING: LAPACK DSYEV() RETURNED NON-ZERO ERROR CODE 3
WARNING: LAPACK DSYEV() RETURNED NON-ZERO ERROR CODE 2
WARNING: LAPACK DSYEV() RETURNED NON-ZERO ERROR CODE 2
WARNING: LAPACK DSYEV() RETURNED NON-ZERO ERROR CODE 3
WARNING: LAPACK DSYEV() RETURNED NON-ZERO ERROR CODE 3
WARNING: LAPACK DSYEV() RETURNED NON-ZERO ERROR CODE 3
WARNING: LAPACK DSYEV() RETURNED NON-ZERO ERROR CODE 3
WARNING: LAPACK DSYEV() RETURNED NON-ZERO ERROR CODE 3
WARNING: LAPACK DSYEV() RETURNED NON-ZERO ERROR CODE 2
WARNING: LAPACK DSYEV() RETURNED NON-ZERO ERROR CODE 2
WARNING: LAPACK DSYEV() RETURNED NON-ZERO ERROR CODE 2
WARNING: LAPACK DSYEV() RETURNED NON-ZERO ERROR CODE 2
WARNING: LAPACK DSYEV() RETURNED NON-ZERO ERROR CODE 2
WARNING: LAPACK DSYEV() RETURNED NON-ZERO ERROR CODE 3
Finished setting up data; running search...
ROUND 1 A#0 and B#0 = 385.155
ROUND 2 A#1 and B#0 = 353.953
ROUND 3 A#2 and B#0 = 440.918
ROUND 4 A#3 and B#0 = 495.562
ROUND 5 A#4 and B#0 = 461.98
ROUND 6 A#5 and B#0 = 444.108
ROUND 7 A#6 and B#0 = 348.56
ROUND 8 A#7 and B#0 = 389.818
ROUND 9 A#8 and B#0 = 447.548
ROUND 10 A#9 and B#0 = 476.934
ROUND 11 A#10 and B#0 = 443.302
ROUND 12 A#11 and B#0 = 437.22
ROUND 13 A#12 and B#0 = 435.595
ROUND 14 A#13 and B#0 = 379.432
ROUND 15 A#14 and B#0 = 377.239
ROUND 16 A#15 and B#0 = 373.754
ROUND 17 A#16 and B#0 = 332.442
ROUND 18 A#17 and B#0 = 374.257
ROUND 19 A#18 and B#0 = 459.045
ROUND 20 A#19 and B#0 = 422.29
ROUND 21 A#20 and B#0 = 464.412
ROUND 22 A#21 and B#0 = 355.934
ROUND 23 A#22 and B#0 = 339.051
ROUND 24 A#23 and B#0 = 440.031
ROUND 25 A#24 and B#0 = 434.896
ROUND 26 A#25 and B#0 = 398.395
ROUND 27 A#26 and B#0 = 444.081
ROUND 28 A#27 and B#0 = 430.608
ROUND 29 A#28 and B#0 = 410.202
ROUND 30 A#29 and B#0 = 419.927
ROUND 31 A#30 and B#0 = 467.616
ROUND 32 A#31 and B#0 = 452.69
ROUND 33 A#32 and B#0 = 417.893
ROUND 34 A#33 and B#0 = 433.465
ROUND 35 A#34 and B#0 = 418.627
ROUND 36 A#35 and B#0 = 350.934
ROUND 37 A#36 and B#0 = 468.699
ROUND 38 A#37 and B#0 = 413.027
ROUND 39 A#38 and B#0 = 374.839
ROUND 40 A#39 and B#0 = 474.889
ROUND 41 A#40 and B#0 = 487.119
ROUND 42 A#41 and B#0 = 468.764
ROUND 43 A#42 and B#0 = 348.465
ROUND 44 A#43 and B#0 = 368.887
ROUND 45 A#44 and B#0 = 429.488
ROUND 46 A#45 and B#0 = 401.788
ROUND 47 A#46 and B#0 = 418.159
ROUND 48 A#47 and B#0 = 410.171
ROUND 49 A#48 and B#0 = 442.799
ROUND 50 A#49 and B#0 = 407.426
ROUND 51 A#0 and B#1 = 393.122
ROUND 52 A#1 and B#1 = 384.074
ROUND 53 A#2 and B#1 = 435.338
ROUND 54 A#3 and B#1 = 417.917
ROUND 55 A#4 and B#1 = 441.682
ROUND 56 A#5 and B#1 = 434.673
ROUND 57 A#6 and B#1 = 396.712
ROUND 58 A#7 and B#1 = 418.834
ROUND 59 A#8 and B#1 = 415.588
ROUND 60 A#9 and B#1 = 413.17
ROUND 61 A#10 and B#1 = 431.941
ROUND 62 A#11 and B#1 = 407.552
ROUND 63 A#12 and B#1 = 430.312
ROUND 64 A#13 and B#1 = 385.632
ROUND 65 A#14 and B#1 = 412.739
ROUND 66 A#15 and B#1 = 407.367
ROUND 67 A#16 and B#1 = 412.007
ROUND 68 A#17 and B#1 = 409.726
ROUND 69 A#18 and B#1 = 435.079
ROUND 70 A#19 and B#1 = 452.379
ROUND 71 A#20 and B#1 = 418.928
ROUND 72 A#21 and B#1 = 430.385
ROUND 73 A#22 and B#1 = 408.922
ROUND 74 A#23 and B#1 = 433.256
ROUND 75 A#24 and B#1 = 392.27
ROUND 76 A#25 and B#1 = 393.492
ROUND 77 A#26 and B#1 = 480.177
ROUND 78 A#27 and B#1 = 394.082
ROUND 79 A#28 and B#1 = 395.119
ROUND 80 A#29 and B#1 = 373.223
ROUND 81 A#30 and B#1 = 438.658
ROUND 82 A#31 and B#1 = 422.929
ROUND 83 A#32 and B#1 = 406.218
ROUND 84 A#33 and B#1 = 396.495
ROUND 85 A#34 and B#1 = 391.5
ROUND 86 A#35 and B#1 = 411.275
ROUND 87 A#36 and B#1 = 438.205
ROUND 88 A#37 and B#1 = 416.157
ROUND 89 A#38 and B#1 = 393.271
ROUND 90 A#39 and B#1 = 408.384
ROUND 91 A#40 and B#1 = 440.502
ROUND 92 A#41 and B#1 = 437.389
ROUND 93 A#42 and B#1 = 329.608
ROUND 94 A#43 and B#1 = 426.196
ROUND 95 A#44 and B#1 = 411.048
ROUND 96 A#45 and B#1 = 429.772
ROUND 97 A#46 and B#1 = 381.74
ROUND 98 A#47 and B#1 = 422.627
ROUND 99 A#48 and B#1 = 435.4
ROUND 100 A#49 and B#1 = 421.77
ROUND 101 A#0 and B#2 = 394.989
ROUND 102 A#1 and B#2 = 380.979
ROUND 103 A#2 and B#2 = 444.139
ROUND 104 A#3 and B#2 = 421.627
ROUND 105 A#4 and B#2 = 444.464
ROUND 106 A#5 and B#2 = 436.663
ROUND 107 A#6 and B#2 = 398.697
ROUND 108 A#7 and B#2 = 407.131
ROUND 109 A#8 and B#2 = 414.138
ROUND 110 A#9 and B#2 = 411.297
ROUND 111 A#10 and B#2 = 442.137
ROUND 112 A#11 and B#2 = 427.821
ROUND 113 A#12 and B#2 = 433.948
ROUND 114 A#13 and B#2 = 385.916
ROUND 115 A#14 and B#2 = 413.433
ROUND 116 A#15 and B#2 = 411.328
ROUND 117 A#16 and B#2 = 412.856
ROUND 118 A#17 and B#2 = 408.748
ROUND 119 A#18 and B#2 = 435.398
ROUND 120 A#19 and B#2 = 434.739
ROUND 121 A#20 and B#2 = 421.734
ROUND 122 A#21 and B#2 = 433.406
ROUND 123 A#22 and B#2 = 412.321
ROUND 124 A#23 and B#2 = 431.316
ROUND 125 A#24 and B#2 = 392.564
ROUND 126 A#25 and B#2 = 393.155
ROUND 127 A#26 and B#2 = 484.705
ROUND 128 A#27 and B#2 = 394.719
ROUND 129 A#28 and B#2 = 396.998
ROUND 130 A#29 and B#2 = 370.707
ROUND 131 A#30 and B#2 = 439.869
ROUND 132 A#31 and B#2 = 424.317
ROUND 133 A#32 and B#2 = 409.551
ROUND 134 A#33 and B#2 = 396.337
ROUND 135 A#34 and B#2 = 390.47
ROUND 136 A#35 and B#2 = 412.594
ROUND 137 A#36 and B#2 = 437.226
ROUND 138 A#37 and B#2 = 421.972
ROUND 139 A#38 and B#2 = 391.036
ROUND 140 A#39 and B#2 = 410.898
ROUND 141 A#40 and B#2 = 439.578
ROUND 142 A#41 and B#2 = 439.387
ROUND 143 A#42 and B#2 = 420.282
ROUND 144 A#43 and B#2 = 427.42
ROUND 145 A#44 and B#2 = 410.514
ROUND 146 A#45 and B#2 = 431.067
ROUND 147 A#46 and B#2 = 379.826
ROUND 148 A#47 and B#2 = 430.908
ROUND 149 A#48 and B#2 = 437.63
ROUND 150 A#49 and B#2 = 430.295
ROUND 151 A#0 and B#3 = 383.847
ROUND 152 A#1 and B#3 = 379.569
ROUND 153 A#2 and B#3 = 420.342
ROUND 154 A#3 and B#3 = 365.761
ROUND 155 A#4 and B#3 = 491.113
ROUND 156 A#5 and B#3 = 419.814
ROUND 157 A#6 and B#3 = 368.906
ROUND 158 A#7 and B#3 = 371.138
ROUND 159 A#8 and B#3 = 384.532
ROUND 160 A#9 and B#3 = 413.089
ROUND 161 A#10 and B#3 = 418.175
ROUND 162 A#11 and B#3 = 387.514
ROUND 163 A#12 and B#3 = 396.511
ROUND 164 A#13 and B#3 = 389.225
ROUND 165 A#14 and B#3 = 360.47
ROUND 166 A#15 and B#3 = 370.117
ROUND 167 A#16 and B#3 = 415.217
ROUND 168 A#17 and B#3 = 383.907
ROUND 169 A#18 and B#3 = 474.215
ROUND 170 A#19 and B#3 = 424.518
ROUND 171 A#20 and B#3 = 375.552
ROUND 172 A#21 and B#3 = 373.305
ROUND 173 A#22 and B#3 = 360.446
ROUND 174 A#23 and B#3 = 462.738
ROUND 175 A#24 and B#3 = 377.123
ROUND 176 A#25 and B#3 = 375.578
ROUND 177 A#26 and B#3 = 482.743
ROUND 178 A#27 and B#3 = 384.684
ROUND 179 A#28 and B#3 = 382.762
ROUND 180 A#29 and B#3 = 376.26
ROUND 181 A#30 and B#3 = 398.952
ROUND 182 A#31 and B#3 = 429.411
ROUND 183 A#32 and B#3 = 434.843
ROUND 184 A#33 and B#3 = 407.797
ROUND 185 A#34 and B#3 = 381.255
ROUND 186 A#35 and B#3 = 406.971
ROUND 187 A#36 and B#3 = 404.29
ROUND 188 A#37 and B#3 = 357.745
ROUND 189 A#38 and B#3 = 412.476
ROUND 190 A#39 and B#3 = 426.124
ROUND 191 A#40 and B#3 = 399.058
ROUND 192 A#41 and B#3 = 430.42
ROUND 193 A#42 and B#3 = 407.249
ROUND 194 A#43 and B#3 = 390.81
ROUND 195 A#44 and B#3 = 376.278
ROUND 196 A#45 and B#3 = 424.878
ROUND 197 A#46 and B#3 = 414.31
ROUND 198 A#47 and B#3 = 426.86
ROUND 199 A#48 and B#3 = 428.847
ROUND 200 A#49 and B#3 = 426.869
ROUND 201 A#0 and B#4 = 363.868
ROUND 202 A#1 and B#4 = 405.089
ROUND 203 A#2 and B#4 = 459.375
ROUND 204 A#3 and B#4 = 408.784
ROUND 205 A#4 and B#4 = 421.834
ROUND 206 A#5 and B#4 = 458.598
ROUND 207 A#6 and B#4 = 354.442
ROUND 208 A#7 and B#4 = 391.332
ROUND 209 A#8 and B#4 = 412.651
ROUND 210 A#9 and B#4 = 464.025
ROUND 211 A#10 and B#4 = 456.903
ROUND 212 A#11 and B#4 = 434.739
ROUND 213 A#12 and B#4 = 456.698
ROUND 214 A#13 and B#4 = 449.798
ROUND 215 A#14 and B#4 = 425.135
ROUND 216 A#15 and B#4 = 380.461
ROUND 217 A#16 and B#4 = 375.766
ROUND 218 A#17 and B#4 = 381.149
ROUND 219 A#18 and B#4 = 393.158
ROUND 220 A#19 and B#4 = 393.081
ROUND 221 A#20 and B#4 = 443.489
ROUND 222 A#21 and B#4 = 391.032
ROUND 223 A#22 and B#4 = 371.305
ROUND 224 A#23 and B#4 = 404.766
ROUND 225 A#24 and B#4 = 495.472
ROUND 226 A#25 and B#4 = 469.737
ROUND 227 A#26 and B#4 = 485.913
ROUND 228 A#27 and B#4 = 469.42
ROUND 229 A#28 and B#4 = 464.888
ROUND 230 A#29 and B#4 = 468.905
ROUND 231 A#30 and B#4 = 427.091
ROUND 232 A#31 and B#4 = 420.574
ROUND 233 A#32 and B#4 = 392.959
ROUND 234 A#33 and B#4 = 373.066
ROUND 235 A#34 and B#4 = 468.402
ROUND 236 A#35 and B#4 = 369.35
ROUND 237 A#36 and B#4 = 379.783
ROUND 238 A#37 and B#4 = 412.7
ROUND 239 A#38 and B#4 = 430.726
ROUND 240 A#39 and B#4 = 411.77
ROUND 241 A#40 and B#4 = 418.52
ROUND 242 A#41 and B#4 = 458.888
ROUND 243 A#42 and B#4 = 385.022
ROUND 244 A#43 and B#4 = 387.073
ROUND 245 A#44 and B#4 = 473.809
ROUND 246 A#45 and B#4 = 416.331
ROUND 247 A#46 and B#4 = 449.533
ROUND 248 A#47 and B#4 = 485.064
ROUND 249 A#48 and B#4 = 476.826
ROUND 250 A#49 and B#4 = 428.411
ROUND 251 A#0 and B#5 = 374.286
ROUND 252 A#1 and B#5 = 382.031
ROUND 253 A#2 and B#5 = 349.44
ROUND 254 A#3 and B#5 = 500.784
ROUND 255 A#4 and B#5 = 489.686
ROUND 256 A#5 and B#5 = 450.404
ROUND 257 A#6 and B#5 = 370.037
ROUND 258 A#7 and B#5 = 370.004
ROUND 259 A#8 and B#5 = 440.056
ROUND 260 A#9 and B#5 = 414.367
ROUND 261 A#10 and B#5 = 348.795
ROUND 262 A#11 and B#5 = 386.223
ROUND 263 A#12 and B#5 = 408.648
ROUND 264 A#13 and B#5 = 368.626
ROUND 265 A#14 and B#5 = 367.712
ROUND 266 A#15 and B#5 = 353.468
ROUND 267 A#16 and B#5 = 358.383
ROUND 268 A#17 and B#5 = 406.696
ROUND 269 A#18 and B#5 = 474.094
ROUND 270 A#19 and B#5 = 413.959
ROUND 271 A#20 and B#5 = 391.507
ROUND 272 A#21 and B#5 = 373.532
ROUND 273 A#22 and B#5 = 363.398
ROUND 274 A#23 and B#5 = 466.131
ROUND 275 A#24 and B#5 = 377.442
ROUND 276 A#25 and B#5 = 439.469
ROUND 277 A#26 and B#5 = 475.899
ROUND 278 A#27 and B#5 = 440.627
ROUND 279 A#28 and B#5 = 405.718
ROUND 280 A#29 and B#5 = 411.484
ROUND 281 A#30 and B#5 = 482.356
ROUND 282 A#31 and B#5 = 473.906
ROUND 283 A#32 and B#5 = 431.292
ROUND 284 A#33 and B#5 = 411.937
ROUND 285 A#34 and B#5 = 417.246
ROUND 286 A#35 and B#5 = 411.094
ROUND 287 A#36 and B#5 = 483.294
ROUND 288 A#37 and B#5 = 358.261
ROUND 289 A#38 and B#5 = 394.639
ROUND 290 A#39 and B#5 = 461.792
ROUND 291 A#40 and B#5 = 461.252
ROUND 292 A#41 and B#5 = 482.23
ROUND 293 A#42 and B#5 = 351.466
ROUND 294 A#43 and B#5 = 365.536
ROUND 295 A#44 and B#5 = 402.058
ROUND 296 A#45 and B#5 = 478.784
ROUND 297 A#46 and B#5 = 404.665
ROUND 298 A#47 and B#5 = 427.877
ROUND 299 A#48 and B#5 = 468.193
ROUND 300 A#49 and B#5 = 479.427
ROUND 301 A#0 and B#6 = 405.667
ROUND 302 A#1 and B#6 = 427.611
ROUND 303 A#2 and B#6 = 443.256
ROUND 304 A#3 and B#6 = 465.832
ROUND 305 A#4 and B#6 = 400.45
ROUND 306 A#5 and B#6 = 444.838
ROUND 307 A#6 and B#6 = 391.116
ROUND 308 A#7 and B#6 = 390.318
ROUND 309 A#8 and B#6 = 393.326
ROUND 310 A#9 and B#6 = 484.259
ROUND 311 A#10 and B#6 = 441.292
ROUND 312 A#11 and B#6 = 403.41
ROUND 313 A#12 and B#6 = 492.026
ROUND 314 A#13 and B#6 = 371.703
ROUND 315 A#14 and B#6 = 389.764
ROUND 316 A#15 and B#6 = 413.268
ROUND 317 A#16 and B#6 = 374.126
ROUND 318 A#17 and B#6 = 403.072
ROUND 319 A#18 and B#6 = 413.698
ROUND 320 A#19 and B#6 = 411.364
ROUND 321 A#20 and B#6 = 496.612
ROUND 322 A#21 and B#6 = 421.441
ROUND 323 A#22 and B#6 = 393.954
ROUND 324 A#23 and B#6 = 379.302
ROUND 325 A#24 and B#6 = 407.869
ROUND 326 A#25 and B#6 = 425.175
ROUND 327 A#26 and B#6 = 507.479
ROUND 328 A#27 and B#6 = 450.487
ROUND 329 A#28 and B#6 = 404.231
ROUND 330 A#29 and B#6 = 437.563
ROUND 331 A#30 and B#6 = 327.181
ROUND 332 A#31 and B#6 = 491.676
ROUND 333 A#32 and B#6 = 394.186
ROUND 334 A#33 and B#6 = 422.209
ROUND 335 A#34 and B#6 = 423.596
ROUND 336 A#35 and B#6 = 443.071
ROUND 337 A#36 and B#6 = 313.36
ROUND 338 A#37 and B#6 = 420.719
ROUND 339 A#38 and B#6 = 403.189
ROUND 340 A#39 and B#6 = 367.765
ROUND 341 A#40 and B#6 = 400.037
ROUND 342 A#41 and B#6 = 481.585
ROUND 343 A#42 and B#6 = 392.74
ROUND 344 A#43 and B#6 = 386.935
ROUND 345 A#44 and B#6 = 428.861
ROUND 346 A#45 and B#6 = 394.977
ROUND 347 A#46 and B#6 = 398.564
ROUND 348 A#47 and B#6 = 385.625
ROUND 349 A#48 and B#6 = 487.75
ROUND 350 A#49 and B#6 = 384.758
ROUND 351 A#0 and B#7 = 393.089
ROUND 352 A#1 and B#7 = 406.768
ROUND 353 A#2 and B#7 = 438.022
ROUND 354 A#3 and B#7 = 418.428
ROUND 355 A#4 and B#7 = 442.792
ROUND 356 A#5 and B#7 = 435.843
ROUND 357 A#6 and B#7 = 396.644
ROUND 358 A#7 and B#7 = 418.419
ROUND 359 A#8 and B#7 = 416.622
ROUND 360 A#9 and B#7 = 413.174
ROUND 361 A#10 and B#7 = 438.972
ROUND 362 A#11 and B#7 = 408.34
ROUND 363 A#12 and B#7 = 430.103
ROUND 364 A#13 and B#7 = 385.903
ROUND 365 A#14 and B#7 = 407.812
ROUND 366 A#15 and B#7 = 407.424
ROUND 367 A#16 and B#7 = 412.056
ROUND 368 A#17 and B#7 = 406.704
ROUND 369 A#18 and B#7 = 436.608
ROUND 370 A#19 and B#7 = 453.391
ROUND 371 A#20 and B#7 = 417.772
ROUND 372 A#21 and B#7 = 430.031
ROUND 373 A#22 and B#7 = 409.812
ROUND 374 A#23 and B#7 = 434.29
ROUND 375 A#24 and B#7 = 405.874
ROUND 376 A#25 and B#7 = 393.619
ROUND 377 A#26 and B#7 = 478.732
ROUND 378 A#27 and B#7 = 393.575
ROUND 379 A#28 and B#7 = 396.828
ROUND 380 A#29 and B#7 = 372.952
ROUND 381 A#30 and B#7 = 438.517
ROUND 382 A#31 and B#7 = 423.533
ROUND 383 A#32 and B#7 = 409.971
ROUND 384 A#33 and B#7 = 396.866
ROUND 385 A#34 and B#7 = 390.921
ROUND 386 A#35 and B#7 = 409.864
ROUND 387 A#36 and B#7 = 438.161
ROUND 388 A#37 and B#7 = 415.783
ROUND 389 A#38 and B#7 = 389.736
ROUND 390 A#39 and B#7 = 410.053
ROUND 391 A#40 and B#7 = 442.79
ROUND 392 A#41 and B#7 = 437.864
ROUND 393 A#42 and B#7 = 329.929
ROUND 394 A#43 and B#7 = 425.757
ROUND 395 A#44 and B#7 = 411.16
ROUND 396 A#45 and B#7 = 430.872
ROUND 397 A#46 and B#7 = 381.932
ROUND 398 A#47 and B#7 = 422.993
ROUND 399 A#48 and B#7 = 435.382
ROUND 400 A#49 and B#7 = 422.501
ROUND 401 A#0 and B#8 = 424.576
ROUND 402 A#1 and B#8 = 413.882
ROUND 403 A#2 and B#8 = 397.62
ROUND 404 A#3 and B#8 = 449.392
ROUND 405 A#4 and B#8 = 453.309
ROUND 406 A#5 and B#8 = 395.615
ROUND 407 A#6 and B#8 = 472.961
ROUND 408 A#7 and B#8 = 413.977
ROUND 409 A#8 and B#8 = 401.967
ROUND 410 A#9 and B#8 = 458.749
ROUND 411 A#10 and B#8 = 398.711
ROUND 412 A#11 and B#8 = 399.857
ROUND 413 A#12 and B#8 = 385.311
ROUND 414 A#13 and B#8 = 353.19
ROUND 415 A#14 and B#8 = 522.695
ROUND 416 A#15 and B#8 = 443.786
ROUND 417 A#16 and B#8 = 428.952
ROUND 418 A#17 and B#8 = 489.396
ROUND 419 A#18 and B#8 = 362.473
ROUND 420 A#19 and B#8 = 505.364
ROUND 421 A#20 and B#8 = 339.729
ROUND 422 A#21 and B#8 = 378.668
ROUND 423 A#22 and B#8 = 411.13
ROUND 424 A#23 and B#8 = 432.94
ROUND 425 A#24 and B#8 = 439.777
ROUND 426 A#25 and B#8 = 458.366
ROUND 427 A#26 and B#8 = 398.972
ROUND 428 A#27 and B#8 = 454.394
ROUND 429 A#28 and B#8 = 438.047
ROUND 430 A#29 and B#8 = 465.737
ROUND 431 A#30 and B#8 = 398.532
ROUND 432 A#31 and B#8 = 479.808
ROUND 433 A#32 and B#8 = 444.25
ROUND 434 A#33 and B#8 = 384.884
ROUND 435 A#34 and B#8 = 476.823
ROUND 436 A#35 and B#8 = 384.777
ROUND 437 A#36 and B#8 = 376.635
ROUND 438 A#37 and B#8 = 444.795
ROUND 439 A#38 and B#8 = 523.444
ROUND 440 A#39 and B#8 = 400.073
ROUND 441 A#40 and B#8 = 371.834
ROUND 442 A#41 and B#8 = 472.431
ROUND 443 A#42 and B#8 = 392.599
ROUND 444 A#43 and B#8 = 386.183
ROUND 445 A#44 and B#8 = 451.451
ROUND 446 A#45 and B#8 = 468.923
ROUND 447 A#46 and B#8 = 461.821
ROUND 448 A#47 and B#8 = 485.649
ROUND 449 A#48 and B#8 = 482.598
ROUND 450 A#49 and B#8 = 479.829
ROUND 451 A#0 and B#9 = 407.063
ROUND 452 A#1 and B#9 = 435.532
ROUND 453 A#2 and B#9 = 393.456
ROUND 454 A#3 and B#9 = 446.858
ROUND 455 A#4 and B#9 = 458.262
ROUND 456 A#5 and B#9 = 391.265
ROUND 457 A#6 and B#9 = 472.84
ROUND 458 A#7 and B#9 = 414.46
ROUND 459 A#8 and B#9 = 375.975
ROUND 460 A#9 and B#9 = 456.88
ROUND 461 A#10 and B#9 = 394.659
ROUND 462 A#11 and B#9 = 364.379
ROUND 463 A#12 and B#9 = 411.466
ROUND 464 A#13 and B#9 = 391.563
ROUND 465 A#14 and B#9 = 456.648
ROUND 466 A#15 and B#9 = 449.416
ROUND 467 A#16 and B#9 = 428.811
ROUND 468 A#17 and B#9 = 465.64
ROUND 469 A#18 and B#9 = 397.846
ROUND 470 A#19 and B#9 = 494.956
ROUND 471 A#20 and B#9 = 425.988
ROUND 472 A#21 and B#9 = 425.524
ROUND 473 A#22 and B#9 = 411.999
ROUND 474 A#23 and B#9 = 412.716
ROUND 475 A#24 and B#9 = 439.773
ROUND 476 A#25 and B#9 = 456.448
ROUND 477 A#26 and B#9 = 400.89
ROUND 478 A#27 and B#9 = 455.653
ROUND 479 A#28 and B#9 = 417.848
ROUND 480 A#29 and B#9 = 470.214
ROUND 481 A#30 and B#9 = 411.083
ROUND 482 A#31 and B#9 = 483.554
ROUND 483 A#32 and B#9 = 432.76
ROUND 484 A#33 and B#9 = 391.276
ROUND 485 A#34 and B#9 = 482.561
ROUND 486 A#35 and B#9 = 382.057
ROUND 487 A#36 and B#9 = 372.179
ROUND 488 A#37 and B#9 = 448.728
ROUND 489 A#38 and B#9 = 499.58
ROUND 490 A#39 and B#9 = 392.19
ROUND 491 A#40 and B#9 = 403.381
ROUND 492 A#41 and B#9 = 476.551
ROUND 493 A#42 and B#9 = 392.871
ROUND 494 A#43 and B#9 = 391.488
ROUND 495 A#44 and B#9 = 460.089
ROUND 496 A#45 and B#9 = 470.244
ROUND 497 A#46 and B#9 = 424.35
ROUND 498 A#47 and B#9 = 487.476
ROUND 499 A#48 and B#9 = 485.148
ROUND 500 A#49 and B#9 = 481.816
ROUND 501 A#0 and B#10 = 384.506
ROUND 502 A#1 and B#10 = 379.888
ROUND 503 A#2 and B#10 = 420.91
ROUND 504 A#3 and B#10 = 365.829
ROUND 505 A#4 and B#10 = 491.62
ROUND 506 A#5 and B#10 = 420.378
ROUND 507 A#6 and B#10 = 369.526
ROUND 508 A#7 and B#10 = 371.385
ROUND 509 A#8 and B#10 = 383.179
ROUND 510 A#9 and B#10 = 411.582
ROUND 511 A#10 and B#10 = 418.758
ROUND 512 A#11 and B#10 = 326.408
ROUND 513 A#12 and B#10 = 395.754
ROUND 514 A#13 and B#10 = 388.303
ROUND 515 A#14 and B#10 = 358.686
ROUND 516 A#15 and B#10 = 369.022
ROUND 517 A#16 and B#10 = 415.35
ROUND 518 A#17 and B#10 = 385.431
ROUND 519 A#18 and B#10 = 474.067
ROUND 520 A#19 and B#10 = 422.804
ROUND 521 A#20 and B#10 = 375.397
ROUND 522 A#21 and B#10 = 373.499
ROUND 523 A#22 and B#10 = 359.397
ROUND 524 A#23 and B#10 = 463.436
ROUND 525 A#24 and B#10 = 377.428
ROUND 526 A#25 and B#10 = 376.727
ROUND 527 A#26 and B#10 = 480.502
ROUND 528 A#27 and B#10 = 385.886
ROUND 529 A#28 and B#10 = 381.907
ROUND 530 A#29 and B#10 = 377.976
ROUND 531 A#30 and B#10 = 398.656
ROUND 532 A#31 and B#10 = 429.017
ROUND 533 A#32 and B#10 = 435.523
ROUND 534 A#33 and B#10 = 408.784
ROUND 535 A#34 and B#10 = 382.945
ROUND 536 A#35 and B#10 = 406.435
ROUND 537 A#36 and B#10 = 403.753
ROUND 538 A#37 and B#10 = 357.945
ROUND 539 A#38 and B#10 = 410.651
ROUND 540 A#39 and B#10 = 426.315
ROUND 541 A#40 and B#10 = 399.071
ROUND 542 A#41 and B#10 = 429.992
ROUND 543 A#42 and B#10 = 406.255
ROUND 544 A#43 and B#10 = 390.635
ROUND 545 A#44 and B#10 = 377.099
ROUND 546 A#45 and B#10 = 424.695
ROUND 547 A#46 and B#10 = 414.998
ROUND 548 A#47 and B#10 = 426.79
ROUND 549 A#48 and B#10 = 429.898
ROUND 550 A#49 and B#10 = 426.885
ROUND 551 A#0 and B#11 = 394.534
ROUND 552 A#1 and B#11 = 382.795
ROUND 553 A#2 and B#11 = 440.062
ROUND 554 A#3 and B#11 = 420.307
ROUND 555 A#4 and B#11 = 445.669
ROUND 556 A#5 and B#11 = 438.167
ROUND 557 A#6 and B#11 = 395.679
ROUND 558 A#7 and B#11 = 406.948
ROUND 559 A#8 and B#11 = 415.172
ROUND 560 A#9 and B#11 = 411.03
ROUND 561 A#10 and B#11 = 441.069
ROUND 562 A#11 and B#11 = 411.155
ROUND 563 A#12 and B#11 = 434.262
ROUND 564 A#13 and B#11 = 384.751
ROUND 565 A#14 and B#11 = 415.316
ROUND 566 A#15 and B#11 = 429.226
ROUND 567 A#16 and B#11 = 413.73
ROUND 568 A#17 and B#11 = 408.671
ROUND 569 A#18 and B#11 = 435.226
ROUND 570 A#19 and B#11 = 434.67
ROUND 571 A#20 and B#11 = 422.62
ROUND 572 A#21 and B#11 = 433.551
ROUND 573 A#22 and B#11 = 411.677
ROUND 574 A#23 and B#11 = 429.956
ROUND 575 A#24 and B#11 = 393.991
ROUND 576 A#25 and B#11 = 394.663
ROUND 577 A#26 and B#11 = 483.998
ROUND 578 A#27 and B#11 = 395.075
ROUND 579 A#28 and B#11 = 396.038
ROUND 580 A#29 and B#11 = 372.459
ROUND 581 A#30 and B#11 = 438.134
ROUND 582 A#31 and B#11 = 422.823
ROUND 583 A#32 and B#11 = 408.816
ROUND 584 A#33 and B#11 = 400.321
ROUND 585 A#34 and B#11 = 391.482
ROUND 586 A#35 and B#11 = 416.033
ROUND 587 A#36 and B#11 = 436.429
ROUND 588 A#37 and B#11 = 420.529
ROUND 589 A#38 and B#11 = 391.502
ROUND 590 A#39 and B#11 = 409.537
ROUND 591 A#40 and B#11 = 440.255
ROUND 592 A#41 and B#11 = 438.314
ROUND 593 A#42 and B#11 = 419.723
ROUND 594 A#43 and B#11 = 428.031
ROUND 595 A#44 and B#11 = 410.893
ROUND 596 A#45 and B#11 = 429.966
ROUND 597 A#46 and B#11 = 380.305
ROUND 598 A#47 and B#11 = 429.436
ROUND 599 A#48 and B#11 = 436.158
ROUND 600 A#49 and B#11 = 428.765
ROUND 601 A#0 and B#12 = 384.726
ROUND 602 A#1 and B#12 = 427.789
ROUND 603 A#2 and B#12 = 377.178
ROUND 604 A#3 and B#12 = 445.021
ROUND 605 A#4 and B#12 = 481.172
ROUND 606 A#5 and B#12 = 377.112
ROUND 607 A#6 and B#12 = 408.681
ROUND 608 A#7 and B#12 = 429.742
ROUND 609 A#8 and B#12 = 396
ROUND 610 A#9 and B#12 = 389.903
ROUND 611 A#10 and B#12 = 377.182
ROUND 612 A#11 and B#12 = 490.226
ROUND 613 A#12 and B#12 = 371.026
ROUND 614 A#13 and B#12 = 354.523
ROUND 615 A#14 and B#12 = 416.135
ROUND 616 A#15 and B#12 = 428.223
ROUND 617 A#16 and B#12 = 353.452
ROUND 618 A#17 and B#12 = 460.286
ROUND 619 A#18 and B#12 = 454.122
ROUND 620 A#19 and B#12 = 450.817
ROUND 621 A#20 and B#12 = 473.777
ROUND 622 A#21 and B#12 = 457.258
ROUND 623 A#22 and B#12 = 393.271
ROUND 624 A#23 and B#12 = 512.775
ROUND 625 A#24 and B#12 = 465.299
ROUND 626 A#25 and B#12 = 413.508
ROUND 627 A#26 and B#12 = 443.724
ROUND 628 A#27 and B#12 = 425.276
ROUND 629 A#28 and B#12 = 431.513
ROUND 630 A#29 and B#12 = 418.11
ROUND 631 A#30 and B#12 = 394.303
ROUND 632 A#31 and B#12 = 472.026
ROUND 633 A#32 and B#12 = 494.842
ROUND 634 A#33 and B#12 = 414.746
ROUND 635 A#34 and B#12 = 438.105
ROUND 636 A#35 and B#12 = 372.16
ROUND 637 A#36 and B#12 = 378.574
ROUND 638 A#37 and B#12 = 425.125
ROUND 639 A#38 and B#12 = 451.08
ROUND 640 A#39 and B#12 = 463.711
ROUND 641 A#40 and B#12 = 406.648
ROUND 642 A#41 and B#12 = 437.61
ROUND 643 A#42 and B#12 = 388.294
ROUND 644 A#43 and B#12 = 468.917
ROUND 645 A#44 and B#12 = 429.328
ROUND 646 A#45 and B#12 = 419.792
ROUND 647 A#46 and B#12 = 488.01
ROUND 648 A#47 and B#12 = 441.55
ROUND 649 A#48 and B#12 = 420.076
ROUND 650 A#49 and B#12 = 434.742
ROUND 651 A#0 and B#13 = 476.811
ROUND 652 A#1 and B#13 = 439.346
ROUND 653 A#2 and B#13 = 353.759
ROUND 654 A#3 and B#13 = 417.283
ROUND 655 A#4 and B#13 = 448.989
ROUND 656 A#5 and B#13 = 370.437
ROUND 657 A#6 and B#13 = 446.915
ROUND 658 A#7 and B#13 = 422.064
ROUND 659 A#8 and B#13 = 461.474
ROUND 660 A#9 and B#13 = 268.092
ROUND 661 A#10 and B#13 = 353.587
ROUND 662 A#11 and B#13 = 438.158
ROUND 663 A#12 and B#13 = 431.736
ROUND 664 A#13 and B#13 = 410.728
ROUND 665 A#14 and B#13 = 474.332
ROUND 666 A#15 and B#13 = 402.7
ROUND 667 A#16 and B#13 = 383.484
ROUND 668 A#17 and B#13 = 418.195
ROUND 669 A#18 and B#13 = 431.08
ROUND 670 A#19 and B#13 = 439.512
ROUND 671 A#20 and B#13 = 426.274
ROUND 672 A#21 and B#13 = 403.398
ROUND 673 A#22 and B#13 = 359.416
ROUND 674 A#23 and B#13 = 409.351
ROUND 675 A#24 and B#13 = 393.662
ROUND 676 A#25 and B#13 = 432.978
ROUND 677 A#26 and B#13 = 447.709
ROUND 678 A#27 and B#13 = 419.214
ROUND 679 A#28 and B#13 = 453.402
ROUND 680 A#29 and B#13 = 417.562
ROUND 681 A#30 and B#13 = 395.45
ROUND 682 A#31 and B#13 = 400.394
ROUND 683 A#32 and B#13 = 391.621
ROUND 684 A#33 and B#13 = 439.3
ROUND 685 A#34 and B#13 = 416.168
ROUND 686 A#35 and B#13 = 383.647
ROUND 687 A#36 and B#13 = 410.613
ROUND 688 A#37 and B#13 = 452.115
ROUND 689 A#38 and B#13 = 445.867
ROUND 690 A#39 and B#13 = 413.857
ROUND 691 A#40 and B#13 = 460.822
ROUND 692 A#41 and B#13 = 404.733
ROUND 693 A#42 and B#13 = 353.721
ROUND 694 A#43 and B#13 = 393.389
ROUND 695 A#44 and B#13 = 422.822
ROUND 696 A#45 and B#13 = 433.78
ROUND 697 A#46 and B#13 = 380.107
ROUND 698 A#47 and B#13 = 396.325
ROUND 699 A#48 and B#13 = 483.659
ROUND 700 A#49 and B#13 = 412.863
ROUND 701 A#0 and B#14 = 373.787
ROUND 702 A#1 and B#14 = 378.174
ROUND 703 A#2 and B#14 = 424.117
ROUND 704 A#3 and B#14 = 372.463
ROUND 705 A#4 and B#14 = 495.96
ROUND 706 A#5 and B#14 = 424.609
ROUND 707 A#6 and B#14 = 367.98
ROUND 708 A#7 and B#14 = 369.609
ROUND 709 A#8 and B#14 = 381.74
ROUND 710 A#9 and B#14 = 405.933
ROUND 711 A#10 and B#14 = 422.265
ROUND 712 A#11 and B#14 = 325.943
ROUND 713 A#12 and B#14 = 379.395
ROUND 714 A#13 and B#14 = 389.183
ROUND 715 A#14 and B#14 = 365.325
ROUND 716 A#15 and B#14 = 361.153
ROUND 717 A#16 and B#14 = 420.372
ROUND 718 A#17 and B#14 = 390.287
ROUND 719 A#18 and B#14 = 475.341
ROUND 720 A#19 and B#14 = 426.415
ROUND 721 A#20 and B#14 = 378.961
ROUND 722 A#21 and B#14 = 411.523
ROUND 723 A#22 and B#14 = 405.972
ROUND 724 A#23 and B#14 = 460.308
ROUND 725 A#24 and B#14 = 453.704
ROUND 726 A#25 and B#14 = 375.663
ROUND 727 A#26 and B#14 = 485.669
ROUND 728 A#27 and B#14 = 382.294
ROUND 729 A#28 and B#14 = 379.595
ROUND 730 A#29 and B#14 = 375.677
ROUND 731 A#30 and B#14 = 392.554
ROUND 732 A#31 and B#14 = 430.004
ROUND 733 A#32 and B#14 = 422.567
ROUND 734 A#33 and B#14 = 411.799
ROUND 735 A#34 and B#14 = 378.152
ROUND 736 A#35 and B#14 = 412.123
ROUND 737 A#36 and B#14 = 411.259
ROUND 738 A#37 and B#14 = 357.453
ROUND 739 A#38 and B#14 = 412.397
ROUND 740 A#39 and B#14 = 394.917
ROUND 741 A#40 and B#14 = 393.487
ROUND 742 A#41 and B#14 = 435.718
ROUND 743 A#42 and B#14 = 412.459
ROUND 744 A#43 and B#14 = 396.766
ROUND 745 A#44 and B#14 = 376.235
ROUND 746 A#45 and B#14 = 424.802
ROUND 747 A#46 and B#14 = 413.263
ROUND 748 A#47 and B#14 = 429.36
ROUND 749 A#48 and B#14 = 434.638
ROUND 750 A#49 and B#14 = 429.141
ROUND 751 A#0 and B#15 = 410.055
ROUND 752 A#1 and B#15 = 430.215
ROUND 753 A#2 and B#15 = 444.343
ROUND 754 A#3 and B#15 = 466.678
ROUND 755 A#4 and B#15 = 399.075
ROUND 756 A#5 and B#15 = 445.985
ROUND 757 A#6 and B#15 = 394.226
ROUND 758 A#7 and B#15 = 393.328
ROUND 759 A#8 and B#15 = 395.201
ROUND 760 A#9 and B#15 = 414.951
ROUND 761 A#10 and B#15 = 442.262
ROUND 762 A#11 and B#15 = 403.809
ROUND 763 A#12 and B#15 = 492.455
ROUND 764 A#13 and B#15 = 359.654
ROUND 765 A#14 and B#15 = 370.212
ROUND 766 A#15 and B#15 = 414.485
ROUND 767 A#16 and B#15 = 374.999
ROUND 768 A#17 and B#15 = 404.226
ROUND 769 A#18 and B#15 = 417.818
ROUND 770 A#19 and B#15 = 411.395
ROUND 771 A#20 and B#15 = 497.485
ROUND 772 A#21 and B#15 = 423.038
ROUND 773 A#22 and B#15 = 395.229
ROUND 774 A#23 and B#15 = 383.435
ROUND 775 A#24 and B#15 = 408.622
ROUND 776 A#25 and B#15 = 426.273
ROUND 777 A#26 and B#15 = 506.894
ROUND 778 A#27 and B#15 = 450.284
ROUND 779 A#28 and B#15 = 405.617
ROUND 780 A#29 and B#15 = 437.879
ROUND 781 A#30 and B#15 = 326.688
ROUND 782 A#31 and B#15 = 491.18
ROUND 783 A#32 and B#15 = 397.2
ROUND 784 A#33 and B#15 = 423.508
ROUND 785 A#34 and B#15 = 450.095
ROUND 786 A#35 and B#15 = 445.434
ROUND 787 A#36 and B#15 = 311.778
ROUND 788 A#37 and B#15 = 423.026
ROUND 789 A#38 and B#15 = 403.934
ROUND 790 A#39 and B#15 = 369.304
ROUND 791 A#40 and B#15 = 402.703
ROUND 792 A#41 and B#15 = 481.719
ROUND 793 A#42 and B#15 = 394.415
ROUND 794 A#43 and B#15 = 385.308
ROUND 795 A#44 and B#15 = 430.67
ROUND 796 A#45 and B#15 = 398.241
ROUND 797 A#46 and B#15 = 400.755
ROUND 798 A#47 and B#15 = 386.795
ROUND 799 A#48 and B#15 = 490.156
ROUND 800 A#49 and B#15 = 385.867
ROUND 801 A#0 and B#16 = 434.879
ROUND 802 A#1 and B#16 = 419.797
ROUND 803 A#2 and B#16 = 475.495
ROUND 804 A#3 and B#16 = 403.314
ROUND 805 A#4 and B#16 = 425.171
ROUND 806 A#5 and B#16 = 476.695
ROUND 807 A#6 and B#16 = 360.466
ROUND 808 A#7 and B#16 = 412.888
ROUND 809 A#8 and B#16 = 406.972
ROUND 810 A#9 and B#16 = 453.194
ROUND 811 A#10 and B#16 = 472.144
ROUND 812 A#11 and B#16 = 424.813
ROUND 813 A#12 and B#16 = 450.816
ROUND 814 A#13 and B#16 = 441.824
ROUND 815 A#14 and B#16 = 411.227
ROUND 816 A#15 and B#16 = 396.042
ROUND 817 A#16 and B#16 = 401.778
ROUND 818 A#17 and B#16 = 373.76
ROUND 819 A#18 and B#16 = 404.719
ROUND 820 A#19 and B#16 = 387.059
ROUND 821 A#20 and B#16 = 438.853
ROUND 822 A#21 and B#16 = 401.481
ROUND 823 A#22 and B#16 = 355.826
ROUND 824 A#23 and B#16 = 375.841
ROUND 825 A#24 and B#16 = 468.973
ROUND 826 A#25 and B#16 = 466.458
ROUND 827 A#26 and B#16 = 521.981
ROUND 828 A#27 and B#16 = 466.109
ROUND 829 A#28 and B#16 = 467.842
ROUND 830 A#29 and B#16 = 449.144
ROUND 831 A#30 and B#16 = 409.236
ROUND 832 A#31 and B#16 = 420.256
ROUND 833 A#32 and B#16 = 378.204
ROUND 834 A#33 and B#16 = 401.837
ROUND 835 A#34 and B#16 = 468.844
ROUND 836 A#35 and B#16 = 407.49
ROUND 837 A#36 and B#16 = 366.351
ROUND 838 A#37 and B#16 = 413.667
ROUND 839 A#38 and B#16 = 433.619
ROUND 840 A#39 and B#16 = 416.411
ROUND 841 A#40 and B#16 = 404.554
ROUND 842 A#41 and B#16 = 464.263
ROUND 843 A#42 and B#16 = 364.036
ROUND 844 A#43 and B#16 = 412.279
ROUND 845 A#44 and B#16 = 479.944
ROUND 846 A#45 and B#16 = 417.501
ROUND 847 A#46 and B#16 = 354.003
ROUND 848 A#47 and B#16 = 433.681
ROUND 849 A#48 and B#16 = 469.028
ROUND 850 A#49 and B#16 = 431.993
ROUND 851 A#0 and B#17 = 369.902
ROUND 852 A#1 and B#17 = 372.375
ROUND 853 A#2 and B#17 = 365.311
ROUND 854 A#3 and B#17 = 448.883
ROUND 855 A#4 and B#17 = 452.673
ROUND 856 A#5 and B#17 = 366.05
ROUND 857 A#6 and B#17 = 403.304
ROUND 858 A#7 and B#17 = 445.659
ROUND 859 A#8 and B#17 = 398.474
ROUND 860 A#9 and B#17 = 383.991
ROUND 861 A#10 and B#17 = 365.293
ROUND 862 A#11 and B#17 = 370.503
ROUND 863 A#12 and B#17 = 373.178
ROUND 864 A#13 and B#17 = 342.47
ROUND 865 A#14 and B#17 = 418.368
ROUND 866 A#15 and B#17 = 430.961
ROUND 867 A#16 and B#17 = 310.438
ROUND 868 A#17 and B#17 = 457.654
ROUND 869 A#18 and B#17 = 453.867
ROUND 870 A#19 and B#17 = 478.063
ROUND 871 A#20 and B#17 = 472.243
ROUND 872 A#21 and B#17 = 358.972
ROUND 873 A#22 and B#17 = 389.934
ROUND 874 A#23 and B#17 = 528.73
ROUND 875 A#24 and B#17 = 433.329
ROUND 876 A#25 and B#17 = 411.554
ROUND 877 A#26 and B#17 = 441.033
ROUND 878 A#27 and B#17 = 425.455
ROUND 879 A#28 and B#17 = 429.947
ROUND 880 A#29 and B#17 = 420.655
ROUND 881 A#30 and B#17 = 416.651
ROUND 882 A#31 and B#17 = 488.167
ROUND 883 A#32 and B#17 = 433.509
ROUND 884 A#33 and B#17 = 411.879
ROUND 885 A#34 and B#17 = 440.06
ROUND 886 A#35 and B#17 = 375.366
ROUND 887 A#36 and B#17 = 433.248
ROUND 888 A#37 and B#17 = 434.585
ROUND 889 A#38 and B#17 = 452.357
ROUND 890 A#39 and B#17 = 442.582
ROUND 891 A#40 and B#17 = 414.118
ROUND 892 A#41 and B#17 = 434.881
ROUND 893 A#42 and B#17 = 383.286
ROUND 894 A#43 and B#17 = 465.301
ROUND 895 A#44 and B#17 = 431.067
ROUND 896 A#45 and B#17 = 420.828
ROUND 897 A#46 and B#17 = 427.553
ROUND 898 A#47 and B#17 = 443.019
ROUND 899 A#48 and B#17 = 416.853
ROUND 900 A#49 and B#17 = 435.044
ROUND 901 A#0 and B#18 = 398.541
ROUND 902 A#1 and B#18 = 433.663
ROUND 903 A#2 and B#18 = 431.875
ROUND 904 A#3 and B#18 = 507.086
ROUND 905 A#4 and B#18 = 474.438
ROUND 906 A#5 and B#18 = 430.607
ROUND 907 A#6 and B#18 = 378.759
ROUND 908 A#7 and B#18 = 377.142
ROUND 909 A#8 and B#18 = 446.154
ROUND 910 A#9 and B#18 = 398.251
ROUND 911 A#10 and B#18 = 428.229
ROUND 912 A#11 and B#18 = 480.292
ROUND 913 A#12 and B#18 = 416.056
ROUND 914 A#13 and B#18 = 392.85
ROUND 915 A#14 and B#18 = 403.898
ROUND 916 A#15 and B#18 = 374.106
ROUND 917 A#16 and B#18 = 363.129
ROUND 918 A#17 and B#18 = 381.268
ROUND 919 A#18 and B#18 = 449.111
ROUND 920 A#19 and B#18 = 411.447
ROUND 921 A#20 and B#18 = 463.53
ROUND 922 A#21 and B#18 = 375.927
ROUND 923 A#22 and B#18 = 346.422
ROUND 924 A#23 and B#18 = 432.016
ROUND 925 A#24 and B#18 = 465.298
ROUND 926 A#25 and B#18 = 414.25
ROUND 927 A#26 and B#18 = 420.949
ROUND 928 A#27 and B#18 = 444.846
ROUND 929 A#28 and B#18 = 406.35
ROUND 930 A#29 and B#18 = 435.632
ROUND 931 A#30 and B#18 = 481.948
ROUND 932 A#31 and B#18 = 401.473
ROUND 933 A#32 and B#18 = 412.282
ROUND 934 A#33 and B#18 = 433.544
ROUND 935 A#34 and B#18 = 433.123
ROUND 936 A#35 and B#18 = 368.217
ROUND 937 A#36 and B#18 = 483.824
ROUND 938 A#37 and B#18 = 443.085
ROUND 939 A#38 and B#18 = 407.73
ROUND 940 A#39 and B#18 = 476.526
ROUND 941 A#40 and B#18 = 473.847
ROUND 942 A#41 and B#18 = 392.708
ROUND 943 A#42 and B#18 = 351.078
ROUND 944 A#43 and B#18 = 375.072
ROUND 945 A#44 and B#18 = 436.428
ROUND 946 A#45 and B#18 = 400.98
ROUND 947 A#46 and B#18 = 417.61
ROUND 948 A#47 and B#18 = 413.615
ROUND 949 A#48 and B#18 = 443.036
ROUND 950 A#49 and B#18 = 411.013
ROUND 951 A#0 and B#19 = 394.051
ROUND 952 A#1 and B#19 = 416.861
ROUND 953 A#2 and B#19 = 429.162
ROUND 954 A#3 and B#19 = 459.68
ROUND 955 A#4 and B#19 = 416.559
ROUND 956 A#5 and B#19 = 430.294
ROUND 957 A#6 and B#19 = 380.778
ROUND 958 A#7 and B#19 = 373.156
ROUND 959 A#8 and B#19 = 388.096
ROUND 960 A#9 and B#19 = 421.616
ROUND 961 A#10 and B#19 = 477.796
ROUND 962 A#11 and B#19 = 481.82
ROUND 963 A#12 and B#19 = 495.718
ROUND 964 A#13 and B#19 = 376.489
ROUND 965 A#14 and B#19 = 388.404
ROUND 966 A#15 and B#19 = 406.57
ROUND 967 A#16 and B#19 = 412.481
ROUND 968 A#17 and B#19 = 395.091
ROUND 969 A#18 and B#19 = 392.206
ROUND 970 A#19 and B#19 = 426.46
ROUND 971 A#20 and B#19 = 492.909
ROUND 972 A#21 and B#19 = 409.402
ROUND 973 A#22 and B#19 = 395.595
ROUND 974 A#23 and B#19 = 378.106
ROUND 975 A#24 and B#19 = 417.264
ROUND 976 A#25 and B#19 = 403.99
ROUND 977 A#26 and B#19 = 514.577
ROUND 978 A#27 and B#19 = 446.75
ROUND 979 A#28 and B#19 = 394.303
ROUND 980 A#29 and B#19 = 423.57
ROUND 981 A#30 and B#19 = 406.516
ROUND 982 A#31 and B#19 = 434.959
ROUND 983 A#32 and B#19 = 393.961
ROUND 984 A#33 and B#19 = 422.247
ROUND 985 A#34 and B#19 = 413.017
ROUND 986 A#35 and B#19 = 440.493
ROUND 987 A#36 and B#19 = 416.746
ROUND 988 A#37 and B#19 = 420.78
ROUND 989 A#38 and B#19 = 398.032
ROUND 990 A#39 and B#19 = 529.857
ROUND 991 A#40 and B#19 = 400.529
ROUND 992 A#41 and B#19 = 431.886
ROUND 993 A#42 and B#19 = 446.22
ROUND 994 A#43 and B#19 = 387.312
ROUND 995 A#44 and B#19 = 465.161
ROUND 996 A#45 and B#19 = 480.757
ROUND 997 A#46 and B#19 = 377.892
ROUND 998 A#47 and B#19 = 468.068
ROUND 999 A#48 and B#19 = 476.519
ROUND 1000 A#49 and B#19 = 448.605
ROUND 1001 A#0 and B#20 = 386.097
ROUND 1002 A#1 and B#20 = 373.793
ROUND 1003 A#2 and B#20 = 420.878
ROUND 1004 A#3 and B#20 = 365.754
ROUND 1005 A#4 and B#20 = 491.841
ROUND 1006 A#5 and B#20 = 420.344
ROUND 1007 A#6 and B#20 = 369.108
ROUND 1008 A#7 and B#20 = 371.338
ROUND 1009 A#8 and B#20 = 384.005
ROUND 1010 A#9 and B#20 = 412.839
ROUND 1011 A#10 and B#20 = 418.751
ROUND 1012 A#11 and B#20 = 327.497
ROUND 1013 A#12 and B#20 = 396.631
ROUND 1014 A#13 and B#20 = 388.025
ROUND 1015 A#14 and B#20 = 359.3
ROUND 1016 A#15 and B#20 = 369.024
ROUND 1017 A#16 and B#20 = 415.314
ROUND 1018 A#17 and B#20 = 384.657
ROUND 1019 A#18 and B#20 = 474.049
ROUND 1020 A#19 and B#20 = 423.337
ROUND 1021 A#20 and B#20 = 374.955
ROUND 1022 A#21 and B#20 = 373.305
ROUND 1023 A#22 and B#20 = 358.712
ROUND 1024 A#23 and B#20 = 463.232
ROUND 1025 A#24 and B#20 = 376.631
ROUND 1026 A#25 and B#20 = 377.074
ROUND 1027 A#26 and B#20 = 479.689
ROUND 1028 A#27 and B#20 = 386.621
ROUND 1029 A#28 and B#20 = 381.967
ROUND 1030 A#29 and B#20 = 378.702
ROUND 1031 A#30 and B#20 = 398.8
ROUND 1032 A#31 and B#20 = 429.374
ROUND 1033 A#32 and B#20 = 435.768
ROUND 1034 A#33 and B#20 = 407.951
ROUND 1035 A#34 and B#20 = 383.868
ROUND 1036 A#35 and B#20 = 406.154
ROUND 1037 A#36 and B#20 = 403.578
ROUND 1038 A#37 and B#20 = 357.873
ROUND 1039 A#38 and B#20 = 412.367
ROUND 1040 A#39 and B#20 = 426.728
ROUND 1041 A#40 and B#20 = 399.373
ROUND 1042 A#41 and B#20 = 429.823
ROUND 1043 A#42 and B#20 = 407.488
ROUND 1044 A#43 and B#20 = 390.484
ROUND 1045 A#44 and B#20 = 378.105
ROUND 1046 A#45 and B#20 = 424.783
ROUND 1047 A#46 and B#20 = 414.651
ROUND 1048 A#47 and B#20 = 426.703
ROUND 1049 A#48 and B#20 = 430.23
ROUND 1050 A#49 and B#20 = 426.79
ROUND 1051 A#0 and B#21 = 400
ROUND 1052 A#1 and B#21 = 419.679
ROUND 1053 A#2 and B#21 = 380.838
ROUND 1054 A#3 and B#21 = 441.9
ROUND 1055 A#4 and B#21 = 449.117
ROUND 1056 A#5 and B#21 = 380.92
ROUND 1057 A#6 and B#21 = 387.116
ROUND 1058 A#7 and B#21 = 409.14
ROUND 1059 A#8 and B#21 = 420.765
ROUND 1060 A#9 and B#21 = 444.59
ROUND 1061 A#10 and B#21 = 380.511
ROUND 1062 A#11 and B#21 = 422.332
ROUND 1063 A#12 and B#21 = 440.977
ROUND 1064 A#13 and B#21 = 408.43
ROUND 1065 A#14 and B#21 = 454.704
ROUND 1066 A#15 and B#21 = 446.253
ROUND 1067 A#16 and B#21 = 314.591
ROUND 1068 A#17 and B#21 = 441.366
ROUND 1069 A#18 and B#21 = 439.634
ROUND 1070 A#19 and B#21 = 492.958
ROUND 1071 A#20 and B#21 = 371.843
ROUND 1072 A#21 and B#21 = 447.289
ROUND 1073 A#22 and B#21 = 380.492
ROUND 1074 A#23 and B#21 = 481.169
ROUND 1075 A#24 and B#21 = 472.372
ROUND 1076 A#25 and B#21 = 421.383
ROUND 1077 A#26 and B#21 = 461.462
ROUND 1078 A#27 and B#21 = 422.411
ROUND 1079 A#28 and B#21 = 458.183
ROUND 1080 A#29 and B#21 = 395.009
ROUND 1081 A#30 and B#21 = 487.433
ROUND 1082 A#31 and B#21 = 492.998
ROUND 1083 A#32 and B#21 = 475.675
ROUND 1084 A#33 and B#21 = 383.234
ROUND 1085 A#34 and B#21 = 415.307
ROUND 1086 A#35 and B#21 = 354.481
ROUND 1087 A#36 and B#21 = 472.84
ROUND 1088 A#37 and B#21 = 445.402
ROUND 1089 A#38 and B#21 = 407.228
ROUND 1090 A#39 and B#21 = 414.841
ROUND 1091 A#40 and B#21 = 449.546
ROUND 1092 A#41 and B#21 = 457.936
ROUND 1093 A#42 and B#21 = 363.413
ROUND 1094 A#43 and B#21 = 474.404
ROUND 1095 A#44 and B#21 = 423.279
ROUND 1096 A#45 and B#21 = 440.582
ROUND 1097 A#46 and B#21 = 369.368
ROUND 1098 A#47 and B#21 = 445.996
ROUND 1099 A#48 and B#21 = 395.05
ROUND 1100 A#49 and B#21 = 454.198
ROUND 1101 A#0 and B#22 = 361.189
ROUND 1102 A#1 and B#22 = 382.924
ROUND 1103 A#2 and B#22 = 456.923
ROUND 1104 A#3 and B#22 = 413.873
ROUND 1105 A#4 and B#22 = 422.404
ROUND 1106 A#5 and B#22 = 441.361
ROUND 1107 A#6 and B#22 = 406.356
ROUND 1108 A#7 and B#22 = 414.033
ROUND 1109 A#8 and B#22 = 459.763
ROUND 1110 A#9 and B#22 = 464.319
ROUND 1111 A#10 and B#22 = 455.179
ROUND 1112 A#11 and B#22 = 400.994
ROUND 1113 A#12 and B#22 = 424.957
ROUND 1114 A#13 and B#22 = 418.327
ROUND 1115 A#14 and B#22 = 412.2
ROUND 1116 A#15 and B#22 = 392.19
ROUND 1117 A#16 and B#22 = 370.602
ROUND 1118 A#17 and B#22 = 402.681
ROUND 1119 A#18 and B#22 = 405.617
ROUND 1120 A#19 and B#22 = 449.291
ROUND 1121 A#20 and B#22 = 413.963
ROUND 1122 A#21 and B#22 = 393.46
ROUND 1123 A#22 and B#22 = 371.833
ROUND 1124 A#23 and B#22 = 422.422
ROUND 1125 A#24 and B#22 = 477.84
ROUND 1126 A#25 and B#22 = 436.085
ROUND 1127 A#26 and B#22 = 410.327
ROUND 1128 A#27 and B#22 = 438.968
ROUND 1129 A#28 and B#22 = 461.006
ROUND 1130 A#29 and B#22 = 438.006
ROUND 1131 A#30 and B#22 = 441.488
ROUND 1132 A#31 and B#22 = 461.547
ROUND 1133 A#32 and B#22 = 420.998
ROUND 1134 A#33 and B#22 = 385.614
ROUND 1135 A#34 and B#22 = 428.409
ROUND 1136 A#35 and B#22 = 365.179
ROUND 1137 A#36 and B#22 = 431.211
ROUND 1138 A#37 and B#22 = 395.243
ROUND 1139 A#38 and B#22 = 400.682
ROUND 1140 A#39 and B#22 = 448.012
ROUND 1141 A#40 and B#22 = 443.717
ROUND 1142 A#41 and B#22 = 479.849
ROUND 1143 A#42 and B#22 = 379.838
ROUND 1144 A#43 and B#22 = 402.809
ROUND 1145 A#44 and B#22 = 432.709
ROUND 1146 A#45 and B#22 = 424.803
ROUND 1147 A#46 and B#22 = 353.622
ROUND 1148 A#47 and B#22 = 432.999
ROUND 1149 A#48 and B#22 = 369.511
ROUND 1150 A#49 and B#22 = 440.872
ROUND 1151 A#0 and B#23 = 421.677
ROUND 1152 A#1 and B#23 = 409.608
ROUND 1153 A#2 and B#23 = 459.908
ROUND 1154 A#3 and B#23 = 403.122
ROUND 1155 A#4 and B#23 = 433.718
ROUND 1156 A#5 and B#23 = 458.733
ROUND 1157 A#6 and B#23 = 353.689
ROUND 1158 A#7 and B#23 = 395.485
ROUND 1159 A#8 and B#23 = 431.303
ROUND 1160 A#9 and B#23 = 442.84
ROUND 1161 A#10 and B#23 = 457.49
ROUND 1162 A#11 and B#23 = 393.536
ROUND 1163 A#12 and B#23 = 452.152
ROUND 1164 A#13 and B#23 = 445.299
ROUND 1165 A#14 and B#23 = 436.844
ROUND 1166 A#15 and B#23 = 403.657
ROUND 1167 A#16 and B#23 = 375.98
ROUND 1168 A#17 and B#23 = 405.95
ROUND 1169 A#18 and B#23 = 422.462
ROUND 1170 A#19 and B#23 = 393.129
ROUND 1171 A#20 and B#23 = 447.424
ROUND 1172 A#21 and B#23 = 390.223
ROUND 1173 A#22 and B#23 = 368.41
ROUND 1174 A#23 and B#23 = 431.702
ROUND 1175 A#24 and B#23 = 502.613
ROUND 1176 A#25 and B#23 = 478.175
ROUND 1177 A#26 and B#23 = 500.118
ROUND 1178 A#27 and B#23 = 481.266
ROUND 1179 A#28 and B#23 = 393.51
ROUND 1180 A#29 and B#23 = 477.039
ROUND 1181 A#30 and B#23 = 409.425
ROUND 1182 A#31 and B#23 = 410.864
ROUND 1183 A#32 and B#23 = 405.499
ROUND 1184 A#33 and B#23 = 363.87
ROUND 1185 A#34 and B#23 = 475.883
ROUND 1186 A#35 and B#23 = 369.621
ROUND 1187 A#36 and B#23 = 376.736
ROUND 1188 A#37 and B#23 = 409.391
ROUND 1189 A#38 and B#23 = 410.487
ROUND 1190 A#39 and B#23 = 414.087
ROUND 1191 A#40 and B#23 = 449.1
ROUND 1192 A#41 and B#23 = 475.33
ROUND 1193 A#42 and B#23 = 382.405
ROUND 1194 A#43 and B#23 = 392.652
ROUND 1195 A#44 and B#23 = 486.469
ROUND 1196 A#45 and B#23 = 414.122
ROUND 1197 A#46 and B#23 = 354.443
ROUND 1198 A#47 and B#23 = 383.438
ROUND 1199 A#48 and B#23 = 466.011
ROUND 1200 A#49 and B#23 = 424.302
ROUND 1201 A#0 and B#24 = 398.285
ROUND 1202 A#1 and B#24 = 375.882
ROUND 1203 A#2 and B#24 = 445.013
ROUND 1204 A#3 and B#24 = 422.245
ROUND 1205 A#4 and B#24 = 439.549
ROUND 1206 A#5 and B#24 = 444.198
ROUND 1207 A#6 and B#24 = 402.034
ROUND 1208 A#7 and B#24 = 415.172
ROUND 1209 A#8 and B#24 = 412.473
ROUND 1210 A#9 and B#24 = 410.853
ROUND 1211 A#10 and B#24 = 443.019
ROUND 1212 A#11 and B#24 = 414.396
ROUND 1213 A#12 and B#24 = 436.649
ROUND 1214 A#13 and B#24 = 382.915
ROUND 1215 A#14 and B#24 = 406.343
ROUND 1216 A#15 and B#24 = 432.526
ROUND 1217 A#16 and B#24 = 414.229
ROUND 1218 A#17 and B#24 = 403.789
ROUND 1219 A#18 and B#24 = 437.263
ROUND 1220 A#19 and B#24 = 446.421
ROUND 1221 A#20 and B#24 = 422.764
ROUND 1222 A#21 and B#24 = 434.674
ROUND 1223 A#22 and B#24 = 416.484
ROUND 1224 A#23 and B#24 = 432.228
ROUND 1225 A#24 and B#24 = 390.276
ROUND 1226 A#25 and B#24 = 395.212
ROUND 1227 A#26 and B#24 = 489.893
ROUND 1228 A#27 and B#24 = 394.345
ROUND 1229 A#28 and B#24 = 386.783
ROUND 1230 A#29 and B#24 = 370.234
ROUND 1231 A#30 and B#24 = 435.125
ROUND 1232 A#31 and B#24 = 423.762
ROUND 1233 A#32 and B#24 = 410.408
ROUND 1234 A#33 and B#24 = 397.203
ROUND 1235 A#34 and B#24 = 389.445
ROUND 1236 A#35 and B#24 = 423.346
ROUND 1237 A#36 and B#24 = 439.764
ROUND 1238 A#37 and B#24 = 424.284
ROUND 1239 A#38 and B#24 = 387.036
ROUND 1240 A#39 and B#24 = 413.208
ROUND 1241 A#40 and B#24 = 440.128
ROUND 1242 A#41 and B#24 = 441.313
ROUND 1243 A#42 and B#24 = 425.724
ROUND 1244 A#43 and B#24 = 429.094
ROUND 1245 A#44 and B#24 = 410.397
ROUND 1246 A#45 and B#24 = 431.88
ROUND 1247 A#46 and B#24 = 380.002
ROUND 1248 A#47 and B#24 = 433.314
ROUND 1249 A#48 and B#24 = 432.373
ROUND 1250 A#49 and B#24 = 432.767
ROUND 1251 A#0 and B#25 = 398.308
ROUND 1252 A#1 and B#25 = 376.19
ROUND 1253 A#2 and B#25 = 445.226
ROUND 1254 A#3 and B#25 = 422.273
ROUND 1255 A#4 and B#25 = 439.257
ROUND 1256 A#5 and B#25 = 444.421
ROUND 1257 A#6 and B#25 = 401.895
ROUND 1258 A#7 and B#25 = 414.974
ROUND 1259 A#8 and B#25 = 412.66
ROUND 1260 A#9 and B#25 = 410.966
ROUND 1261 A#10 and B#25 = 443.202
ROUND 1262 A#11 and B#25 = 414.554
ROUND 1263 A#12 and B#25 = 436.42
ROUND 1264 A#13 and B#25 = 399.464
ROUND 1265 A#14 and B#25 = 405.922
ROUND 1266 A#15 and B#25 = 432.229
ROUND 1267 A#16 and B#25 = 413.955
ROUND 1268 A#17 and B#25 = 404.175
ROUND 1269 A#18 and B#25 = 437.148
ROUND 1270 A#19 and B#25 = 446.329
ROUND 1271 A#20 and B#25 = 423.188
ROUND 1272 A#21 and B#25 = 434.741
ROUND 1273 A#22 and B#25 = 416.407
ROUND 1274 A#23 and B#25 = 432.026
ROUND 1275 A#24 and B#25 = 388.673
ROUND 1276 A#25 and B#25 = 395.082
ROUND 1277 A#26 and B#25 = 490.14
ROUND 1278 A#27 and B#25 = 394.572
ROUND 1279 A#28 and B#25 = 395.001
ROUND 1280 A#29 and B#25 = 370.441
ROUND 1281 A#30 and B#25 = 435.514
ROUND 1282 A#31 and B#25 = 423.716
ROUND 1283 A#32 and B#25 = 409.977
ROUND 1284 A#33 and B#25 = 396.921
ROUND 1285 A#34 and B#25 = 389.674
ROUND 1286 A#35 and B#25 = 423.224
ROUND 1287 A#36 and B#25 = 439.973
ROUND 1288 A#37 and B#25 = 424.362
ROUND 1289 A#38 and B#25 = 386.964
ROUND 1290 A#39 and B#25 = 412.941
ROUND 1291 A#40 and B#25 = 439.901
ROUND 1292 A#41 and B#25 = 441.326
ROUND 1293 A#42 and B#25 = 425.513
ROUND 1294 A#43 and B#25 = 429.093
ROUND 1295 A#44 and B#25 = 410.481
ROUND 1296 A#45 and B#25 = 431.69
ROUND 1297 A#46 and B#25 = 379.992
ROUND 1298 A#47 and B#25 = 433.477
ROUND 1299 A#48 and B#25 = 436.544
ROUND 1300 A#49 and B#25 = 432.943
ROUND 1301 A#0 and B#26 = 348.647
ROUND 1302 A#1 and B#26 = 362.669
ROUND 1303 A#2 and B#26 = 431.78
ROUND 1304 A#3 and B#26 = 480.711
ROUND 1305 A#4 and B#26 = 495.631
ROUND 1306 A#5 and B#26 = 432.907
ROUND 1307 A#6 and B#26 = 377.641
ROUND 1308 A#7 and B#26 = 359.184
ROUND 1309 A#8 and B#26 = 381.396
ROUND 1310 A#9 and B#26 = 401.859
ROUND 1311 A#10 and B#26 = 428.864
ROUND 1312 A#11 and B#26 = 445.982
ROUND 1313 A#12 and B#26 = 388.724
ROUND 1314 A#13 and B#26 = 399.846
ROUND 1315 A#14 and B#26 = 436.15
ROUND 1316 A#15 and B#26 = 405.896
ROUND 1317 A#16 and B#26 = 395.513
ROUND 1318 A#17 and B#26 = 437.426
ROUND 1319 A#18 and B#26 = 449.077
ROUND 1320 A#19 and B#26 = 431.429
ROUND 1321 A#20 and B#26 = 379.836
ROUND 1322 A#21 and B#26 = 372.286
ROUND 1323 A#22 and B#26 = 334.612
ROUND 1324 A#23 and B#26 = 480.103
ROUND 1325 A#24 and B#26 = 389.298
ROUND 1326 A#25 and B#26 = 382.491
ROUND 1327 A#26 and B#26 = 435.003
ROUND 1328 A#27 and B#26 = 418.86
ROUND 1329 A#28 and B#26 = 378.893
ROUND 1330 A#29 and B#26 = 391.901
ROUND 1331 A#30 and B#26 = 396.343
ROUND 1332 A#31 and B#26 = 457.371
ROUND 1333 A#32 and B#26 = 434.528
ROUND 1334 A#33 and B#26 = 383.324
ROUND 1335 A#34 and B#26 = 387.684
ROUND 1336 A#35 and B#26 = 385.224
ROUND 1337 A#36 and B#26 = 412.044
ROUND 1338 A#37 and B#26 = 349.197
ROUND 1339 A#38 and B#26 = 407.771
ROUND 1340 A#39 and B#26 = 471.083
ROUND 1341 A#40 and B#26 = 410.257
ROUND 1342 A#41 and B#26 = 493.72
ROUND 1343 A#42 and B#26 = 358.002
ROUND 1344 A#43 and B#26 = 422.058
ROUND 1345 A#44 and B#26 = 401.954
ROUND 1346 A#45 and B#26 = 465.206
ROUND 1347 A#46 and B#26 = 450.997
ROUND 1348 A#47 and B#26 = 456.753
ROUND 1349 A#48 and B#26 = 471.293
ROUND 1350 A#49 and B#26 = 453.082
ROUND 1351 A#0 and B#27 = 411.476
ROUND 1352 A#1 and B#27 = 430.241
ROUND 1353 A#2 and B#27 = 444.118
ROUND 1354 A#3 and B#27 = 468.025
ROUND 1355 A#4 and B#27 = 397.752
ROUND 1356 A#5 and B#27 = 445.749
ROUND 1357 A#6 and B#27 = 394.539
ROUND 1358 A#7 and B#27 = 392.517
ROUND 1359 A#8 and B#27 = 395.218
ROUND 1360 A#9 and B#27 = 413.851
ROUND 1361 A#10 and B#27 = 442.054
ROUND 1362 A#11 and B#27 = 405.263
ROUND 1363 A#12 and B#27 = 492.518
ROUND 1364 A#13 and B#27 = 359.385
ROUND 1365 A#14 and B#27 = 371.132
ROUND 1366 A#15 and B#27 = 414.25
ROUND 1367 A#16 and B#27 = 375.131
ROUND 1368 A#17 and B#27 = 405.421
ROUND 1369 A#18 and B#27 = 419.259
ROUND 1370 A#19 and B#27 = 412.219
ROUND 1371 A#20 and B#27 = 497.078
ROUND 1372 A#21 and B#27 = 423.34
ROUND 1373 A#22 and B#27 = 395.599
ROUND 1374 A#23 and B#27 = 385.147
ROUND 1375 A#24 and B#27 = 408.87
ROUND 1376 A#25 and B#27 = 427.628
ROUND 1377 A#26 and B#27 = 506.439
ROUND 1378 A#27 and B#27 = 449.817
ROUND 1379 A#28 and B#27 = 405.43
ROUND 1380 A#29 and B#27 = 438.918
ROUND 1381 A#30 and B#27 = 326.889
ROUND 1382 A#31 and B#27 = 489.79
ROUND 1383 A#32 and B#27 = 398.174
ROUND 1384 A#33 and B#27 = 423.188
ROUND 1385 A#34 and B#27 = 450.185
ROUND 1386 A#35 and B#27 = 444.663
ROUND 1387 A#36 and B#27 = 311.803
ROUND 1388 A#37 and B#27 = 422.175
ROUND 1389 A#38 and B#27 = 404.356
ROUND 1390 A#39 and B#27 = 368.766
ROUND 1391 A#40 and B#27 = 403.008
ROUND 1392 A#41 and B#27 = 483.687
ROUND 1393 A#42 and B#27 = 394.751
ROUND 1394 A#43 and B#27 = 383.858
ROUND 1395 A#44 and B#27 = 431.494
ROUND 1396 A#45 and B#27 = 398.09
ROUND 1397 A#46 and B#27 = 402.367
ROUND 1398 A#47 and B#27 = 387.063
ROUND 1399 A#48 and B#27 = 490.97
ROUND 1400 A#49 and B#27 = 386.136
ROUND 1401 A#0 and B#28 = 459.207
ROUND 1402 A#1 and B#28 = 455.31
ROUND 1403 A#2 and B#28 = 401.123
ROUND 1404 A#3 and B#28 = 378.866
ROUND 1405 A#4 and B#28 = 426.133
ROUND 1406 A#5 and B#28 = 398.889
ROUND 1407 A#6 and B#28 = 454.739
ROUND 1408 A#7 and B#28 = 395.031
ROUND 1409 A#8 and B#28 = 448.803
ROUND 1410 A#9 and B#28 = 403.797
ROUND 1411 A#10 and B#28 = 399.196
ROUND 1412 A#11 and B#28 = 408.197
ROUND 1413 A#12 and B#28 = 431.14
ROUND 1414 A#13 and B#28 = 344.969
ROUND 1415 A#14 and B#28 = 493.814
ROUND 1416 A#15 and B#28 = 430.559
ROUND 1417 A#16 and B#28 = 418.786
ROUND 1418 A#17 and B#28 = 433.935
ROUND 1419 A#18 and B#28 = 403.868
ROUND 1420 A#19 and B#28 = 470.635
ROUND 1421 A#20 and B#28 = 416.832
ROUND 1422 A#21 and B#28 = 449.298
ROUND 1423 A#22 and B#28 = 361.624
ROUND 1424 A#23 and B#28 = 436.719
ROUND 1425 A#24 and B#28 = 459.979
ROUND 1426 A#25 and B#28 = 423.906
ROUND 1427 A#26 and B#28 = 441.189
ROUND 1428 A#27 and B#28 = 447.891
ROUND 1429 A#28 and B#28 = 470.05
ROUND 1430 A#29 and B#28 = 442.739
ROUND 1431 A#30 and B#28 = 466.521
ROUND 1432 A#31 and B#28 = 430.524
ROUND 1433 A#32 and B#28 = 431.091
ROUND 1434 A#33 and B#28 = 375.945
ROUND 1435 A#34 and B#28 = 444.335
ROUND 1436 A#35 and B#28 = 406.673
ROUND 1437 A#36 and B#28 = 461.422
ROUND 1438 A#37 and B#28 = 407.35
ROUND 1439 A#38 and B#28 = 479.895
ROUND 1440 A#39 and B#28 = 400.767
ROUND 1441 A#40 and B#28 = 429.777
ROUND 1442 A#41 and B#28 = 402.984
ROUND 1443 A#42 and B#28 = 393.145
ROUND 1444 A#43 and B#28 = 419.978
ROUND 1445 A#44 and B#28 = 446.865
ROUND 1446 A#45 and B#28 = 398.478
ROUND 1447 A#46 and B#28 = 439.381
ROUND 1448 A#47 and B#28 = 396.519
ROUND 1449 A#48 and B#28 = 490.62
ROUND 1450 A#49 and B#28 = 408.46
ROUND 1451 A#0 and B#29 = 427.49
ROUND 1452 A#1 and B#29 = 415.315
ROUND 1453 A#2 and B#29 = 399.55
ROUND 1454 A#3 and B#29 = 451.532
ROUND 1455 A#4 and B#29 = 452.842
ROUND 1456 A#5 and B#29 = 397.6
ROUND 1457 A#6 and B#29 = 474.748
ROUND 1458 A#7 and B#29 = 415.704
ROUND 1459 A#8 and B#29 = 403.994
ROUND 1460 A#9 and B#29 = 457.757
ROUND 1461 A#10 and B#29 = 400.64
ROUND 1462 A#11 and B#29 = 398.162
ROUND 1463 A#12 and B#29 = 384.809
ROUND 1464 A#13 and B#29 = 348.334
ROUND 1465 A#14 and B#29 = 521.159
ROUND 1466 A#15 and B#29 = 457.588
ROUND 1467 A#16 and B#29 = 429.03
ROUND 1468 A#17 and B#29 = 489.435
ROUND 1469 A#18 and B#29 = 361.839
ROUND 1470 A#19 and B#29 = 504.624
ROUND 1471 A#20 and B#29 = 345.753
ROUND 1472 A#21 and B#29 = 380.549
ROUND 1473 A#22 and B#29 = 411.458
ROUND 1474 A#23 and B#29 = 433.59
ROUND 1475 A#24 and B#29 = 441.002
ROUND 1476 A#25 and B#29 = 457.971
ROUND 1477 A#26 and B#29 = 403.681
ROUND 1478 A#27 and B#29 = 453.78
ROUND 1479 A#28 and B#29 = 439.113
ROUND 1480 A#29 and B#29 = 464.859
ROUND 1481 A#30 and B#29 = 400.861
ROUND 1482 A#31 and B#29 = 482.508
ROUND 1483 A#32 and B#29 = 445.345
ROUND 1484 A#33 and B#29 = 387.572
ROUND 1485 A#34 and B#29 = 476.371
ROUND 1486 A#35 and B#29 = 385.44
ROUND 1487 A#36 and B#29 = 375.993
ROUND 1488 A#37 and B#29 = 448.892
ROUND 1489 A#38 and B#29 = 522.301
ROUND 1490 A#39 and B#29 = 401.564
ROUND 1491 A#40 and B#29 = 371.745
ROUND 1492 A#41 and B#29 = 474.347
ROUND 1493 A#42 and B#29 = 393.228
ROUND 1494 A#43 and B#29 = 388.879
ROUND 1495 A#44 and B#29 = 441.84
ROUND 1496 A#45 and B#29 = 468.734
ROUND 1497 A#46 and B#29 = 462.717
ROUND 1498 A#47 and B#29 = 486.308
ROUND 1499 A#48 and B#29 = 481.762
ROUND 1500 A#49 and B#29 = 480.594
ROUND 1501 A#0 and B#30 = 371.147
ROUND 1502 A#1 and B#30 = 372.339
ROUND 1503 A#2 and B#30 = 365.067
ROUND 1504 A#3 and B#30 = 449.79
ROUND 1505 A#4 and B#30 = 453.483
ROUND 1506 A#5 and B#30 = 365.798
ROUND 1507 A#6 and B#30 = 402.838
ROUND 1508 A#7 and B#30 = 442.78
ROUND 1509 A#8 and B#30 = 396.768
ROUND 1510 A#9 and B#30 = 383.179
ROUND 1511 A#10 and B#30 = 364.965
ROUND 1512 A#11 and B#30 = 370.847
ROUND 1513 A#12 and B#30 = 372.121
ROUND 1514 A#13 and B#30 = 343.79
ROUND 1515 A#14 and B#30 = 416.924
ROUND 1516 A#15 and B#30 = 430.108
ROUND 1517 A#16 and B#30 = 312.366
ROUND 1518 A#17 and B#30 = 462.266
ROUND 1519 A#18 and B#30 = 456.315
ROUND 1520 A#19 and B#30 = 477.318
ROUND 1521 A#20 and B#30 = 472.837
ROUND 1522 A#21 and B#30 = 358.908
ROUND 1523 A#22 and B#30 = 391.444
ROUND 1524 A#23 and B#30 = 529.837
ROUND 1525 A#24 and B#30 = 465.874
ROUND 1526 A#25 and B#30 = 412.085
ROUND 1527 A#26 and B#30 = 441.995
ROUND 1528 A#27 and B#30 = 424.531
ROUND 1529 A#28 and B#30 = 431.508
ROUND 1530 A#29 and B#30 = 420.652
ROUND 1531 A#30 and B#30 = 420.055
ROUND 1532 A#31 and B#30 = 487.185
ROUND 1533 A#32 and B#30 = 436.085
ROUND 1534 A#33 and B#30 = 411.321
ROUND 1535 A#34 and B#30 = 439.224
ROUND 1536 A#35 and B#30 = 375.522
ROUND 1537 A#36 and B#30 = 435.83
ROUND 1538 A#37 and B#30 = 432.04
ROUND 1539 A#38 and B#30 = 453.182
ROUND 1540 A#39 and B#30 = 442.314
ROUND 1541 A#40 and B#30 = 417.262
ROUND 1542 A#41 and B#30 = 435.154
ROUND 1543 A#42 and B#30 = 385.815
ROUND 1544 A#43 and B#30 = 465.15
ROUND 1545 A#44 and B#30 = 430.351
ROUND 1546 A#45 and B#30 = 421.153
ROUND 1547 A#46 and B#30 = 424.759
ROUND 1548 A#47 and B#30 = 442.317
ROUND 1549 A#48 and B#30 = 416.367
ROUND 1550 A#49 and B#30 = 434.545
ROUND 1551 A#0 and B#31 = 363.575
ROUND 1552 A#1 and B#31 = 409.605
ROUND 1553 A#2 and B#31 = 464.101
ROUND 1554 A#3 and B#31 = 405.147
ROUND 1555 A#4 and B#31 = 523.105
ROUND 1556 A#5 and B#31 = 464.012
ROUND 1557 A#6 and B#31 = 356.03
ROUND 1558 A#7 and B#31 = 373.928
ROUND 1559 A#8 and B#31 = 427.577
ROUND 1560 A#9 and B#31 = 435.013
ROUND 1561 A#10 and B#31 = 461.583
ROUND 1562 A#11 and B#31 = 394.955
ROUND 1563 A#12 and B#31 = 456.811
ROUND 1564 A#13 and B#31 = 453.834
ROUND 1565 A#14 and B#31 = 433.664
ROUND 1566 A#15 and B#31 = 405.892
ROUND 1567 A#16 and B#31 = 376.29
ROUND 1568 A#17 and B#31 = 405.239
ROUND 1569 A#18 and B#31 = 414.65
ROUND 1570 A#19 and B#31 = 392.375
ROUND 1571 A#20 and B#31 = 450.932
ROUND 1572 A#21 and B#31 = 391.071
ROUND 1573 A#22 and B#31 = 377.368
ROUND 1574 A#23 and B#31 = 423.321
ROUND 1575 A#24 and B#31 = 502.476
ROUND 1576 A#25 and B#31 = 397.503
ROUND 1577 A#26 and B#31 = 501.053
ROUND 1578 A#27 and B#31 = 486.512
ROUND 1579 A#28 and B#31 = 385.255
ROUND 1580 A#29 and B#31 = 478.396
ROUND 1581 A#30 and B#31 = 406.256
ROUND 1582 A#31 and B#31 = 411.873
ROUND 1583 A#32 and B#31 = 399.918
ROUND 1584 A#33 and B#31 = 378.723
ROUND 1585 A#34 and B#31 = 483.05
ROUND 1586 A#35 and B#31 = 371.55
ROUND 1587 A#36 and B#31 = 374.955
ROUND 1588 A#37 and B#31 = 404.66
ROUND 1589 A#38 and B#31 = 410.372
ROUND 1590 A#39 and B#31 = 414.04
ROUND 1591 A#40 and B#31 = 445.114
ROUND 1592 A#41 and B#31 = 475.089
ROUND 1593 A#42 and B#31 = 384.447
ROUND 1594 A#43 and B#31 = 397.391
ROUND 1595 A#44 and B#31 = 391.079
ROUND 1596 A#45 and B#31 = 418.768
ROUND 1597 A#46 and B#31 = 357.178
ROUND 1598 A#47 and B#31 = 377.463
ROUND 1599 A#48 and B#31 = 467.017
ROUND 1600 A#49 and B#31 = 428.593
ROUND 1601 A#0 and B#32 = 371.113
ROUND 1602 A#1 and B#32 = 371.43
ROUND 1603 A#2 and B#32 = 365.463
ROUND 1604 A#3 and B#32 = 450.038
ROUND 1605 A#4 and B#32 = 453.237
ROUND 1606 A#5 and B#32 = 366.314
ROUND 1607 A#6 and B#32 = 404.037
ROUND 1608 A#7 and B#32 = 445.435
ROUND 1609 A#8 and B#32 = 396.939
ROUND 1610 A#9 and B#32 = 383.769
ROUND 1611 A#10 and B#32 = 365.54
ROUND 1612 A#11 and B#32 = 370.084
ROUND 1613 A#12 and B#32 = 372.086
ROUND 1614 A#13 and B#32 = 344.823
ROUND 1615 A#14 and B#32 = 416.884
ROUND 1616 A#15 and B#32 = 430.217
ROUND 1617 A#16 and B#32 = 313.81
ROUND 1618 A#17 and B#32 = 461.572
ROUND 1619 A#18 and B#32 = 455.388
ROUND 1620 A#19 and B#32 = 478.253
ROUND 1621 A#20 and B#32 = 473.287
ROUND 1622 A#21 and B#32 = 358.713
ROUND 1623 A#22 and B#32 = 391.766
ROUND 1624 A#23 and B#32 = 530.645
ROUND 1625 A#24 and B#32 = 465.56
ROUND 1626 A#25 and B#32 = 411.967
ROUND 1627 A#26 and B#32 = 442.405
ROUND 1628 A#27 and B#32 = 425.425
ROUND 1629 A#28 and B#32 = 431.881
ROUND 1630 A#29 and B#32 = 420.485
ROUND 1631 A#30 and B#32 = 418.777
ROUND 1632 A#31 and B#32 = 487.868
ROUND 1633 A#32 and B#32 = 435.958
ROUND 1634 A#33 and B#32 = 412.155
ROUND 1635 A#34 and B#32 = 439.653
ROUND 1636 A#35 and B#32 = 375.267
ROUND 1637 A#36 and B#32 = 435.331
ROUND 1638 A#37 and B#32 = 432.408
ROUND 1639 A#38 and B#32 = 453.235
ROUND 1640 A#39 and B#32 = 442.762
ROUND 1641 A#40 and B#32 = 415.733
ROUND 1642 A#41 and B#32 = 435.317
ROUND 1643 A#42 and B#32 = 385.812
ROUND 1644 A#43 and B#32 = 465.744
ROUND 1645 A#44 and B#32 = 431.245
ROUND 1646 A#45 and B#32 = 420.542
ROUND 1647 A#46 and B#32 = 424.808
ROUND 1648 A#47 and B#32 = 441.811
ROUND 1649 A#48 and B#32 = 416.985
ROUND 1650 A#49 and B#32 = 434.288
ROUND 1651 A#0 and B#33 = 422.055
ROUND 1652 A#1 and B#33 = 409.94
ROUND 1653 A#2 and B#33 = 460.685
ROUND 1654 A#3 and B#33 = 403.338
ROUND 1655 A#4 and B#33 = 434.477
ROUND 1656 A#5 and B#33 = 459.47
ROUND 1657 A#6 and B#33 = 353.804
ROUND 1658 A#7 and B#33 = 395.964
ROUND 1659 A#8 and B#33 = 428.847
ROUND 1660 A#9 and B#33 = 442.685
ROUND 1661 A#10 and B#33 = 458.2
ROUND 1662 A#11 and B#33 = 435.532
ROUND 1663 A#12 and B#33 = 452.115
ROUND 1664 A#13 and B#33 = 445.194
ROUND 1665 A#14 and B#33 = 433.91
ROUND 1666 A#15 and B#33 = 408.244
ROUND 1667 A#16 and B#33 = 375.898
ROUND 1668 A#17 and B#33 = 408.183
ROUND 1669 A#18 and B#33 = 426.087
ROUND 1670 A#19 and B#33 = 395.564
ROUND 1671 A#20 and B#33 = 448.109
ROUND 1672 A#21 and B#33 = 390.133
ROUND 1673 A#22 and B#33 = 369.286
ROUND 1674 A#23 and B#33 = 424.067
ROUND 1675 A#24 and B#33 = 502.688
ROUND 1676 A#25 and B#33 = 478.528
ROUND 1677 A#26 and B#33 = 499.963
ROUND 1678 A#27 and B#33 = 481.062
ROUND 1679 A#28 and B#33 = 376.308
ROUND 1680 A#29 and B#33 = 477.58
ROUND 1681 A#30 and B#33 = 409.499
ROUND 1682 A#31 and B#33 = 410.466
ROUND 1683 A#32 and B#33 = 408.676
ROUND 1684 A#33 and B#33 = 371.677
ROUND 1685 A#34 and B#33 = 475.858
ROUND 1686 A#35 and B#33 = 370.243
ROUND 1687 A#36 and B#33 = 376.647
ROUND 1688 A#37 and B#33 = 409.445
ROUND 1689 A#38 and B#33 = 412.112
ROUND 1690 A#39 and B#33 = 414.207
ROUND 1691 A#40 and B#33 = 451.072
ROUND 1692 A#41 and B#33 = 475.429
ROUND 1693 A#42 and B#33 = 382.75
ROUND 1694 A#43 and B#33 = 392.798
ROUND 1695 A#44 and B#33 = 486.148
ROUND 1696 A#45 and B#33 = 414.082
ROUND 1697 A#46 and B#33 = 354.836
ROUND 1698 A#47 and B#33 = 425.811
ROUND 1699 A#48 and B#33 = 465.681
ROUND 1700 A#49 and B#33 = 424.486
ROUND 1701 A#0 and B#34 = 419.254
ROUND 1702 A#1 and B#34 = 378.458
ROUND 1703 A#2 and B#34 = 442.342
ROUND 1704 A#3 and B#34 = 373.057
ROUND 1705 A#4 and B#34 = 492.367
ROUND 1706 A#5 and B#34 = 443.577
ROUND 1707 A#6 and B#34 = 364.175
ROUND 1708 A#7 and B#34 = 358.057
ROUND 1709 A#8 and B#34 = 386.799
ROUND 1710 A#9 and B#34 = 415.597
ROUND 1711 A#10 and B#34 = 440.481
ROUND 1712 A#11 and B#34 = 393.092
ROUND 1713 A#12 and B#34 = 411.16
ROUND 1714 A#13 and B#34 = 428.181
ROUND 1715 A#14 and B#34 = 364.996
ROUND 1716 A#15 and B#34 = 380.279
ROUND 1717 A#16 and B#34 = 395.69
ROUND 1718 A#17 and B#34 = 412.53
ROUND 1719 A#18 and B#34 = 451.63
ROUND 1720 A#19 and B#34 = 420.236
ROUND 1721 A#20 and B#34 = 380.486
ROUND 1722 A#21 and B#34 = 340.91
ROUND 1723 A#22 and B#34 = 335.197
ROUND 1724 A#23 and B#34 = 446.606
ROUND 1725 A#24 and B#34 = 368.698
ROUND 1726 A#25 and B#34 = 407.017
ROUND 1727 A#26 and B#34 = 412.194
ROUND 1728 A#27 and B#34 = 429.584
ROUND 1729 A#28 and B#34 = 390.954
ROUND 1730 A#29 and B#34 = 418.364
ROUND 1731 A#30 and B#34 = 391.428
ROUND 1732 A#31 and B#34 = 429.648
ROUND 1733 A#32 and B#34 = 416.066
ROUND 1734 A#33 and B#34 = 378.195
ROUND 1735 A#34 and B#34 = 423.911
ROUND 1736 A#35 and B#34 = 389.758
ROUND 1737 A#36 and B#34 = 398.472
ROUND 1738 A#37 and B#34 = 328.695
ROUND 1739 A#38 and B#34 = 398.012
ROUND 1740 A#39 and B#34 = 483.351
ROUND 1741 A#40 and B#34 = 403.844
ROUND 1742 A#41 and B#34 = 493.93
ROUND 1743 A#42 and B#34 = 358.787
ROUND 1744 A#43 and B#34 = 337.628
ROUND 1745 A#44 and B#34 = 425.794
ROUND 1746 A#45 and B#34 = 428.94
ROUND 1747 A#46 and B#34 = 405.025
ROUND 1748 A#47 and B#34 = 434.883
ROUND 1749 A#48 and B#34 = 462.715
ROUND 1750 A#49 and B#34 = 434.122
ROUND 1751 A#0 and B#35 = 409.33
ROUND 1752 A#1 and B#35 = 380.439
ROUND 1753 A#2 and B#35 = 418.825
ROUND 1754 A#3 and B#35 = 406.926
ROUND 1755 A#4 and B#35 = 463.387
ROUND 1756 A#5 and B#35 = 420.8
ROUND 1757 A#6 and B#35 = 424.714
ROUND 1758 A#7 and B#35 = 419.522
ROUND 1759 A#8 and B#35 = 421.168
ROUND 1760 A#9 and B#35 = 416.444
ROUND 1761 A#10 and B#35 = 416.997
ROUND 1762 A#11 and B#35 = 426.471
ROUND 1763 A#12 and B#35 = 366.055
ROUND 1764 A#13 and B#35 = 396.048
ROUND 1765 A#14 and B#35 = 428.16
ROUND 1766 A#15 and B#35 = 447.094
ROUND 1767 A#16 and B#35 = 414.362
ROUND 1768 A#17 and B#35 = 436.956
ROUND 1769 A#18 and B#35 = 421.027
ROUND 1770 A#19 and B#35 = 450.831
ROUND 1771 A#20 and B#35 = 369.762
ROUND 1772 A#21 and B#35 = 374.1
ROUND 1773 A#22 and B#35 = 382.492
ROUND 1774 A#23 and B#35 = 391.844
ROUND 1775 A#24 and B#35 = 445.376
ROUND 1776 A#25 and B#35 = 345.045
ROUND 1777 A#26 and B#35 = 465.008
ROUND 1778 A#27 and B#35 = 476.162
ROUND 1779 A#28 and B#35 = 441.918
ROUND 1780 A#29 and B#35 = 443.546
ROUND 1781 A#30 and B#35 = 421.48
ROUND 1782 A#31 and B#35 = 456.978
ROUND 1783 A#32 and B#35 = 436.689
ROUND 1784 A#33 and B#35 = 379.682
ROUND 1785 A#34 and B#35 = 462.092
ROUND 1786 A#35 and B#35 = 418.628
ROUND 1787 A#36 and B#35 = 418.636
ROUND 1788 A#37 and B#35 = 369.89
ROUND 1789 A#38 and B#35 = 416.352
ROUND 1790 A#39 and B#35 = 489.302
ROUND 1791 A#40 and B#35 = 419.86
ROUND 1792 A#41 and B#35 = 485.841
ROUND 1793 A#42 and B#35 = 412.349
ROUND 1794 A#43 and B#35 = 416.861
ROUND 1795 A#44 and B#35 = 356.104
ROUND 1796 A#45 and B#35 = 398.997
ROUND 1797 A#46 and B#35 = 410.347
ROUND 1798 A#47 and B#35 = 477.764
ROUND 1799 A#48 and B#35 = 456.536
ROUND 1800 A#49 and B#35 = 424.985
ROUND 1801 A#0 and B#36 = 478.128
ROUND 1802 A#1 and B#36 = 442.752
ROUND 1803 A#2 and B#36 = 351.673
ROUND 1804 A#3 and B#36 = 391.35
ROUND 1805 A#4 and B#36 = 413.558
ROUND 1806 A#5 and B#36 = 357.274
ROUND 1807 A#6 and B#36 = 443.529
ROUND 1808 A#7 and B#36 = 422.785
ROUND 1809 A#8 and B#36 = 461.623
ROUND 1810 A#9 and B#36 = 363.091
ROUND 1811 A#10 and B#36 = 351.15
ROUND 1812 A#11 and B#36 = 430.712
ROUND 1813 A#12 and B#36 = 433.126
ROUND 1814 A#13 and B#36 = 410.374
ROUND 1815 A#14 and B#36 = 453.58
ROUND 1816 A#15 and B#36 = 396.159
ROUND 1817 A#16 and B#36 = 381.063
ROUND 1818 A#17 and B#36 = 441.94
ROUND 1819 A#18 and B#36 = 436.685
ROUND 1820 A#19 and B#36 = 440.183
ROUND 1821 A#20 and B#36 = 415.98
ROUND 1822 A#21 and B#36 = 394.675
ROUND 1823 A#22 and B#36 = 353.829
ROUND 1824 A#23 and B#36 = 409.813
ROUND 1825 A#24 and B#36 = 390.137
ROUND 1826 A#25 and B#36 = 437.188
ROUND 1827 A#26 and B#36 = 449.628
ROUND 1828 A#27 and B#36 = 420.058
ROUND 1829 A#28 and B#36 = 448.88
ROUND 1830 A#29 and B#36 = 415.356
ROUND 1831 A#30 and B#36 = 440.035
ROUND 1832 A#31 and B#36 = 407.701
ROUND 1833 A#32 and B#36 = 390.369
ROUND 1834 A#33 and B#36 = 429.873
ROUND 1835 A#34 and B#36 = 448.382
ROUND 1836 A#35 and B#36 = 382.483
ROUND 1837 A#36 and B#36 = 428.449
ROUND 1838 A#37 and B#36 = 449.455
ROUND 1839 A#38 and B#36 = 437.152
ROUND 1840 A#39 and B#36 = 408.943
ROUND 1841 A#40 and B#36 = 463.226
ROUND 1842 A#41 and B#36 = 407.836
ROUND 1843 A#42 and B#36 = 392.35
ROUND 1844 A#43 and B#36 = 392.03
ROUND 1845 A#44 and B#36 = 440.575
ROUND 1846 A#45 and B#36 = 404.985
ROUND 1847 A#46 and B#36 = 418.979
ROUND 1848 A#47 and B#36 = 394.987
ROUND 1849 A#48 and B#36 = 473.236
ROUND 1850 A#49 and B#36 = 413.158
ROUND 1851 A#0 and B#37 = 423.796
ROUND 1852 A#1 and B#37 = 379.671
ROUND 1853 A#2 and B#37 = 420.829
ROUND 1854 A#3 and B#37 = 365.809
ROUND 1855 A#4 and B#37 = 491.697
ROUND 1856 A#5 and B#37 = 420.388
ROUND 1857 A#6 and B#37 = 360.285
ROUND 1858 A#7 and B#37 = 371.191
ROUND 1859 A#8 and B#37 = 384.868
ROUND 1860 A#9 and B#37 = 411.532
ROUND 1861 A#10 and B#37 = 418.673
ROUND 1862 A#11 and B#37 = 387.103
ROUND 1863 A#12 and B#37 = 423.097
ROUND 1864 A#13 and B#37 = 389.145
ROUND 1865 A#14 and B#37 = 360.679
ROUND 1866 A#15 and B#37 = 370.77
ROUND 1867 A#16 and B#37 = 415.686
ROUND 1868 A#17 and B#37 = 384.82
ROUND 1869 A#18 and B#37 = 474.444
ROUND 1870 A#19 and B#37 = 423.957
ROUND 1871 A#20 and B#37 = 375.988
ROUND 1872 A#21 and B#37 = 373.337
ROUND 1873 A#22 and B#37 = 361.307
ROUND 1874 A#23 and B#37 = 462.856
ROUND 1875 A#24 and B#37 = 376.272
ROUND 1876 A#25 and B#37 = 375.239
ROUND 1877 A#26 and B#37 = 483.257
ROUND 1878 A#27 and B#37 = 383.957
ROUND 1879 A#28 and B#37 = 383.355
ROUND 1880 A#29 and B#37 = 375.608
ROUND 1881 A#30 and B#37 = 398.662
ROUND 1882 A#31 and B#37 = 429.264
ROUND 1883 A#32 and B#37 = 435.03
ROUND 1884 A#33 and B#37 = 409.231
ROUND 1885 A#34 and B#37 = 380.374
ROUND 1886 A#35 and B#37 = 407.698
ROUND 1887 A#36 and B#37 = 404.434
ROUND 1888 A#37 and B#37 = 357.937
ROUND 1889 A#38 and B#37 = 411.179
ROUND 1890 A#39 and B#37 = 425.748
ROUND 1891 A#40 and B#37 = 399.707
ROUND 1892 A#41 and B#37 = 430.84
ROUND 1893 A#42 and B#37 = 407.284
ROUND 1894 A#43 and B#37 = 391.457
ROUND 1895 A#44 and B#37 = 375.857
ROUND 1896 A#45 and B#37 = 424.985
ROUND 1897 A#46 and B#37 = 414.355
ROUND 1898 A#47 and B#37 = 427.061
ROUND 1899 A#48 and B#37 = 429.296
ROUND 1900 A#49 and B#37 = 427.041
ROUND 1901 A#0 and B#38 = 370.505
ROUND 1902 A#1 and B#38 = 371.976
ROUND 1903 A#2 and B#38 = 365.074
ROUND 1904 A#3 and B#38 = 449.803
ROUND 1905 A#4 and B#38 = 453.03
ROUND 1906 A#5 and B#38 = 365.674
ROUND 1907 A#6 and B#38 = 402.919
ROUND 1908 A#7 and B#38 = 442.813
ROUND 1909 A#8 and B#38 = 397.234
ROUND 1910 A#9 and B#38 = 383.522
ROUND 1911 A#10 and B#38 = 365.131
ROUND 1912 A#11 and B#38 = 370.744
ROUND 1913 A#12 and B#38 = 372.548
ROUND 1914 A#13 and B#38 = 343.363
ROUND 1915 A#14 and B#38 = 416.626
ROUND 1916 A#15 and B#38 = 430.509
ROUND 1917 A#16 and B#38 = 312.547
ROUND 1918 A#17 and B#38 = 462.259
ROUND 1919 A#18 and B#38 = 455.305
ROUND 1920 A#19 and B#38 = 477.089
ROUND 1921 A#20 and B#38 = 472.864
ROUND 1922 A#21 and B#38 = 358.859
ROUND 1923 A#22 and B#38 = 391.113
ROUND 1924 A#23 and B#38 = 529.906
ROUND 1925 A#24 and B#38 = 465.85
ROUND 1926 A#25 and B#38 = 412.546
ROUND 1927 A#26 and B#38 = 441.508
ROUND 1928 A#27 and B#38 = 424.733
ROUND 1929 A#28 and B#38 = 431.925
ROUND 1930 A#29 and B#38 = 421.028
ROUND 1931 A#30 and B#38 = 419.312
ROUND 1932 A#31 and B#38 = 487.552
ROUND 1933 A#32 and B#38 = 435.841
ROUND 1934 A#33 and B#38 = 411.575
ROUND 1935 A#34 and B#38 = 439.53
ROUND 1936 A#35 and B#38 = 375.896
ROUND 1937 A#36 and B#38 = 434.938
ROUND 1938 A#37 and B#38 = 433.007
ROUND 1939 A#38 and B#38 = 453.299
ROUND 1940 A#39 and B#38 = 442.552
ROUND 1941 A#40 and B#38 = 416.035
ROUND 1942 A#41 and B#38 = 434.75
ROUND 1943 A#42 and B#38 = 385.605
ROUND 1944 A#43 and B#38 = 465.472
ROUND 1945 A#44 and B#38 = 430.562
ROUND 1946 A#45 and B#38 = 421.137
ROUND 1947 A#46 and B#38 = 424.995
ROUND 1948 A#47 and B#38 = 442.502
ROUND 1949 A#48 and B#38 = 415.386
ROUND 1950 A#49 and B#38 = 434.677
ROUND 1951 A#0 and B#39 = 380.517
ROUND 1952 A#1 and B#39 = 379.455
ROUND 1953 A#2 and B#39 = 442.347
ROUND 1954 A#3 and B#39 = 420.146
ROUND 1955 A#4 and B#39 = 448.437
ROUND 1956 A#5 and B#39 = 441.96
ROUND 1957 A#6 and B#39 = 417.137
ROUND 1958 A#7 and B#39 = 415.53
ROUND 1959 A#8 and B#39 = 418.377
ROUND 1960 A#9 and B#39 = 417.745
ROUND 1961 A#10 and B#39 = 439.257
ROUND 1962 A#11 and B#39 = 410.868
ROUND 1963 A#12 and B#39 = 435.066
ROUND 1964 A#13 and B#39 = 388.277
ROUND 1965 A#14 and B#39 = 420.119
ROUND 1966 A#15 and B#39 = 409.377
ROUND 1967 A#16 and B#39 = 425.057
ROUND 1968 A#17 and B#39 = 407.917
ROUND 1969 A#18 and B#39 = 435.925
ROUND 1970 A#19 and B#39 = 436.227
ROUND 1971 A#20 and B#39 = 366.98
ROUND 1972 A#21 and B#39 = 424.661
ROUND 1973 A#22 and B#39 = 403.133
ROUND 1974 A#23 and B#39 = 442.07
ROUND 1975 A#24 and B#39 = 402.224
ROUND 1976 A#25 and B#39 = 382.635
ROUND 1977 A#26 and B#39 = 479.089
ROUND 1978 A#27 and B#39 = 392.202
ROUND 1979 A#28 and B#39 = 388.227
ROUND 1980 A#29 and B#39 = 367.362
ROUND 1981 A#30 and B#39 = 437.891
ROUND 1982 A#31 and B#39 = 418.628
ROUND 1983 A#32 and B#39 = 414.578
ROUND 1984 A#33 and B#39 = 411.1
ROUND 1985 A#34 and B#39 = 389.158
ROUND 1986 A#35 and B#39 = 432.978
ROUND 1987 A#36 and B#39 = 385.753
ROUND 1988 A#37 and B#39 = 415.992
ROUND 1989 A#38 and B#39 = 390.469
ROUND 1990 A#39 and B#39 = 415.071
ROUND 1991 A#40 and B#39 = 441.514
ROUND 1992 A#41 and B#39 = 442.089
ROUND 1993 A#42 and B#39 = 413.846
ROUND 1994 A#43 and B#39 = 449.474
ROUND 1995 A#44 and B#39 = 410.578
ROUND 1996 A#45 and B#39 = 430.919
ROUND 1997 A#46 and B#39 = 384.442
ROUND 1998 A#47 and B#39 = 427.057
ROUND 1999 A#48 and B#39 = 432.825
ROUND 2000 A#49 and B#39 = 426.307
ROUND 2001 A#0 and B#40 = 409.826
ROUND 2002 A#1 and B#40 = 381.904
ROUND 2003 A#2 and B#40 = 420.127
ROUND 2004 A#3 and B#40 = 407.841
ROUND 2005 A#4 and B#40 = 464.436
ROUND 2006 A#5 and B#40 = 422.183
ROUND 2007 A#6 and B#40 = 424.526
ROUND 2008 A#7 and B#40 = 420.189
ROUND 2009 A#8 and B#40 = 421.425
ROUND 2010 A#9 and B#40 = 416.008
ROUND 2011 A#10 and B#40 = 418.144
ROUND 2012 A#11 and B#40 = 425.996
ROUND 2013 A#12 and B#40 = 366.898
ROUND 2014 A#13 and B#40 = 395.894
ROUND 2015 A#14 and B#40 = 428.142
ROUND 2016 A#15 and B#40 = 447.753
ROUND 2017 A#16 and B#40 = 413.396
ROUND 2018 A#17 and B#40 = 437.413
ROUND 2019 A#18 and B#40 = 422.61
ROUND 2020 A#19 and B#40 = 451.323
ROUND 2021 A#20 and B#40 = 369.937
ROUND 2022 A#21 and B#40 = 374.992
ROUND 2023 A#22 and B#40 = 382.219
ROUND 2024 A#23 and B#40 = 392.554
ROUND 2025 A#24 and B#40 = 445.248
ROUND 2026 A#25 and B#40 = 346.06
ROUND 2027 A#26 and B#40 = 464.688
ROUND 2028 A#27 and B#40 = 476.713
ROUND 2029 A#28 and B#40 = 442.455
ROUND 2030 A#29 and B#40 = 445.065
ROUND 2031 A#30 and B#40 = 421.547
ROUND 2032 A#31 and B#40 = 456.828
ROUND 2033 A#32 and B#40 = 437.549
ROUND 2034 A#33 and B#40 = 379.44
ROUND 2035 A#34 and B#40 = 462.784
ROUND 2036 A#35 and B#40 = 417.777
ROUND 2037 A#36 and B#40 = 418.723
ROUND 2038 A#37 and B#40 = 370.159
ROUND 2039 A#38 and B#40 = 416.919
ROUND 2040 A#39 and B#40 = 490.373
ROUND 2041 A#40 and B#40 = 420.397
ROUND 2042 A#41 and B#40 = 486.104
ROUND 2043 A#42 and B#40 = 412.234
ROUND 2044 A#43 and B#40 = 416.671
ROUND 2045 A#44 and B#40 = 357.29
ROUND 2046 A#45 and B#40 = 399.425
ROUND 2047 A#46 and B#40 = 410.652
ROUND 2048 A#47 and B#40 = 477.787
ROUND 2049 A#48 and B#40 = 457.12
ROUND 2050 A#49 and B#40 = 425.426
ROUND 2051 A#0 and B#41 = 364.736
ROUND 2052 A#1 and B#41 = 386.142
ROUND 2053 A#2 and B#41 = 442.289
ROUND 2054 A#3 and B#41 = 420.668
ROUND 2055 A#4 and B#41 = 419.953
ROUND 2056 A#5 and B#41 = 442.664
ROUND 2057 A#6 and B#41 = 408.722
ROUND 2058 A#7 and B#41 = 402.31
ROUND 2059 A#8 and B#41 = 393.89
ROUND 2060 A#9 and B#41 = 472.746
ROUND 2061 A#10 and B#41 = 439.228
ROUND 2062 A#11 and B#41 = 408.681
ROUND 2063 A#12 and B#41 = 427.212
ROUND 2064 A#13 and B#41 = 444.53
ROUND 2065 A#14 and B#41 = 412.924
ROUND 2066 A#15 and B#41 = 427.266
ROUND 2067 A#16 and B#41 = 369.669
ROUND 2068 A#17 and B#41 = 416.07
ROUND 2069 A#18 and B#41 = 404.704
ROUND 2070 A#19 and B#41 = 448.395
ROUND 2071 A#20 and B#41 = 413.813
ROUND 2072 A#21 and B#41 = 391.801
ROUND 2073 A#22 and B#41 = 372.084
ROUND 2074 A#23 and B#41 = 417.27
ROUND 2075 A#24 and B#41 = 470.165
ROUND 2076 A#25 and B#41 = 453.855
ROUND 2077 A#26 and B#41 = 411.839
ROUND 2078 A#27 and B#41 = 457.057
ROUND 2079 A#28 and B#41 = 461.705
ROUND 2080 A#29 and B#41 = 457.03
ROUND 2081 A#30 and B#41 = 444.726
ROUND 2082 A#31 and B#41 = 466.151
ROUND 2083 A#32 and B#41 = 419.328
ROUND 2084 A#33 and B#41 = 377.615
ROUND 2085 A#34 and B#41 = 448.302
ROUND 2086 A#35 and B#41 = 368.282
ROUND 2087 A#36 and B#41 = 431.386
ROUND 2088 A#37 and B#41 = 395.526
ROUND 2089 A#38 and B#41 = 411.103
ROUND 2090 A#39 and B#41 = 445.224
ROUND 2091 A#40 and B#41 = 419.677
ROUND 2092 A#41 and B#41 = 479.431
ROUND 2093 A#42 and B#41 = 381.584
ROUND 2094 A#43 and B#41 = 402.641
ROUND 2095 A#44 and B#41 = 449.287
ROUND 2096 A#45 and B#41 = 431.813
ROUND 2097 A#46 and B#41 = 332.242
ROUND 2098 A#47 and B#41 = 495.424
ROUND 2099 A#48 and B#41 = 386.981
ROUND 2100 A#49 and B#41 = 442.724
ROUND 2101 A#0 and B#42 = 381.356
ROUND 2102 A#1 and B#42 = 378.841
ROUND 2103 A#2 and B#42 = 442.79
ROUND 2104 A#3 and B#42 = 420.427
ROUND 2105 A#4 and B#42 = 447.601
ROUND 2106 A#5 and B#42 = 442.221
ROUND 2107 A#6 and B#42 = 418.195
ROUND 2108 A#7 and B#42 = 417.333
ROUND 2109 A#8 and B#42 = 416.669
ROUND 2110 A#9 and B#42 = 416.863
ROUND 2111 A#10 and B#42 = 441.899
ROUND 2112 A#11 and B#42 = 411.504
ROUND 2113 A#12 and B#42 = 436.084
ROUND 2114 A#13 and B#42 = 388.936
ROUND 2115 A#14 and B#42 = 419.227
ROUND 2116 A#15 and B#42 = 412.553
ROUND 2117 A#16 and B#42 = 425.436
ROUND 2118 A#17 and B#42 = 409.722
ROUND 2119 A#18 and B#42 = 436.336
ROUND 2120 A#19 and B#42 = 436.463
ROUND 2121 A#20 and B#42 = 366.549
ROUND 2122 A#21 and B#42 = 425.238
ROUND 2123 A#22 and B#42 = 405.02
ROUND 2124 A#23 and B#42 = 441.62
ROUND 2125 A#24 and B#42 = 385.829
ROUND 2126 A#25 and B#42 = 381.992
ROUND 2127 A#26 and B#42 = 482.496
ROUND 2128 A#27 and B#42 = 392.452
ROUND 2129 A#28 and B#42 = 391.698
ROUND 2130 A#29 and B#42 = 366.496
ROUND 2131 A#30 and B#42 = 437.616
ROUND 2132 A#31 and B#42 = 419.53
ROUND 2133 A#32 and B#42 = 413.418
ROUND 2134 A#33 and B#42 = 411.332
ROUND 2135 A#34 and B#42 = 388.6
ROUND 2136 A#35 and B#42 = 433.17
ROUND 2137 A#36 and B#42 = 435.452
ROUND 2138 A#37 and B#42 = 416.986
ROUND 2139 A#38 and B#42 = 392.229
ROUND 2140 A#39 and B#42 = 414.99
ROUND 2141 A#40 and B#42 = 440.404
ROUND 2142 A#41 and B#42 = 443.127
ROUND 2143 A#42 and B#42 = 414.597
ROUND 2144 A#43 and B#42 = 450.311
ROUND 2145 A#44 and B#42 = 409.978
ROUND 2146 A#45 and B#42 = 431.549
ROUND 2147 A#46 and B#42 = 383.48
ROUND 2148 A#47 and B#42 = 427.862
ROUND 2149 A#48 and B#42 = 434.307
ROUND 2150 A#49 and B#42 = 426.883
ROUND 2151 A#0 and B#43 = 366.004
ROUND 2152 A#1 and B#43 = 383.713
ROUND 2153 A#2 and B#43 = 451.234
ROUND 2154 A#3 and B#43 = 417.199
ROUND 2155 A#4 and B#43 = 435.701
ROUND 2156 A#5 and B#43 = 452.887
ROUND 2157 A#6 and B#43 = 404.07
ROUND 2158 A#7 and B#43 = 425.762
ROUND 2159 A#8 and B#43 = 419.13
ROUND 2160 A#9 and B#43 = 450.555
ROUND 2161 A#10 and B#43 = 449.851
ROUND 2162 A#11 and B#43 = 412.015
ROUND 2163 A#12 and B#43 = 427.77
ROUND 2164 A#13 and B#43 = 448.07
ROUND 2165 A#14 and B#43 = 421.927
ROUND 2166 A#15 and B#43 = 411.701
ROUND 2167 A#16 and B#43 = 369.079
ROUND 2168 A#17 and B#43 = 409.531
ROUND 2169 A#18 and B#43 = 408.425
ROUND 2170 A#19 and B#43 = 432.08
ROUND 2171 A#20 and B#43 = 415.372
ROUND 2172 A#21 and B#43 = 394.267
ROUND 2173 A#22 and B#43 = 373.736
ROUND 2174 A#23 and B#43 = 412.303
ROUND 2175 A#24 and B#43 = 389.083
ROUND 2176 A#25 and B#43 = 363.429
ROUND 2177 A#26 and B#43 = 406.488
ROUND 2178 A#27 and B#43 = 375.164
ROUND 2179 A#28 and B#43 = 393.167
ROUND 2180 A#29 and B#43 = 461.524
ROUND 2181 A#30 and B#43 = 432.202
ROUND 2182 A#31 and B#43 = 428.013
ROUND 2183 A#32 and B#43 = 418.552
ROUND 2184 A#33 and B#43 = 362.205
ROUND 2185 A#34 and B#43 = 368.681
ROUND 2186 A#35 and B#43 = 371.959
ROUND 2187 A#36 and B#43 = 383.409
ROUND 2188 A#37 and B#43 = 394.218
ROUND 2189 A#38 and B#43 = 394.101
ROUND 2190 A#39 and B#43 = 412.875
ROUND 2191 A#40 and B#43 = 441.281
ROUND 2192 A#41 and B#43 = 448.353
ROUND 2193 A#42 and B#43 = 382.605
ROUND 2194 A#43 and B#43 = 388.744
ROUND 2195 A#44 and B#43 = 383.698
ROUND 2196 A#45 and B#43 = 436.079
ROUND 2197 A#46 and B#43 = 420.93
ROUND 2198 A#47 and B#43 = 383.169
ROUND 2199 A#48 and B#43 = 464.861
ROUND 2200 A#49 and B#43 = 440.253
ROUND 2201 A#0 and B#44 = 422.49
ROUND 2202 A#1 and B#44 = 419.29
ROUND 2203 A#2 and B#44 = 436.801
ROUND 2204 A#3 and B#44 = 369.242
ROUND 2205 A#4 and B#44 = 491.794
ROUND 2206 A#5 and B#44 = 437.597
ROUND 2207 A#6 and B#44 = 365.232
ROUND 2208 A#7 and B#44 = 355.493
ROUND 2209 A#8 and B#44 = 386.553
ROUND 2210 A#9 and B#44 = 413.229
ROUND 2211 A#10 and B#44 = 434.712
ROUND 2212 A#11 and B#44 = 394.563
ROUND 2213 A#12 and B#44 = 341.054
ROUND 2214 A#13 and B#44 = 360.293
ROUND 2215 A#14 and B#44 = 363.466
ROUND 2216 A#15 and B#44 = 375.896
ROUND 2217 A#16 and B#44 = 395.823
ROUND 2218 A#17 and B#44 = 382.805
ROUND 2219 A#18 and B#44 = 449.07
ROUND 2220 A#19 and B#44 = 427.231
ROUND 2221 A#20 and B#44 = 380.987
ROUND 2222 A#21 and B#44 = 368.686
ROUND 2223 A#22 and B#44 = 349.862
ROUND 2224 A#23 and B#44 = 449.686
ROUND 2225 A#24 and B#44 = 376.469
ROUND 2226 A#25 and B#44 = 405.995
ROUND 2227 A#26 and B#44 = 404.677
ROUND 2228 A#27 and B#44 = 352.62
ROUND 2229 A#28 and B#44 = 386.702
ROUND 2230 A#29 and B#44 = 343.496
ROUND 2231 A#30 and B#44 = 398.106
ROUND 2232 A#31 and B#44 = 424.19
ROUND 2233 A#32 and B#44 = 430.419
ROUND 2234 A#33 and B#44 = 374.341
ROUND 2235 A#34 and B#44 = 348.695
ROUND 2236 A#35 and B#44 = 398.08
ROUND 2237 A#36 and B#44 = 400.822
ROUND 2238 A#37 and B#44 = 408.549
ROUND 2239 A#38 and B#44 = 415.407
ROUND 2240 A#39 and B#44 = 420.724
ROUND 2241 A#40 and B#44 = 401.368
ROUND 2242 A#41 and B#44 = 438.631
ROUND 2243 A#42 and B#44 = 364.487
ROUND 2244 A#43 and B#44 = 338.91
ROUND 2245 A#44 and B#44 = 423.876
ROUND 2246 A#45 and B#44 = 428.673
ROUND 2247 A#46 and B#44 = 417.397
ROUND 2248 A#47 and B#44 = 429.863
ROUND 2249 A#48 and B#44 = 459.292
ROUND 2250 A#49 and B#44 = 429.38
ROUND 2251 A#0 and B#45 = 418.894
ROUND 2252 A#1 and B#45 = 375.621
ROUND 2253 A#2 and B#45 = 437.875
ROUND 2254 A#3 and B#45 = 370.377
ROUND 2255 A#4 and B#45 = 492.002
ROUND 2256 A#5 and B#45 = 438.828
ROUND 2257 A#6 and B#45 = 364.035
ROUND 2258 A#7 and B#45 = 357.725
ROUND 2259 A#8 and B#45 = 386.542
ROUND 2260 A#9 and B#45 = 414.155
ROUND 2261 A#10 and B#45 = 435.725
ROUND 2262 A#11 and B#45 = 393.748
ROUND 2263 A#12 and B#45 = 392.286
ROUND 2264 A#13 and B#45 = 421.808
ROUND 2265 A#14 and B#45 = 365.119
ROUND 2266 A#15 and B#45 = 378.811
ROUND 2267 A#16 and B#45 = 395.499
ROUND 2268 A#17 and B#45 = 410.926
ROUND 2269 A#18 and B#45 = 449.741
ROUND 2270 A#19 and B#45 = 419.18
ROUND 2271 A#20 and B#45 = 380.776
ROUND 2272 A#21 and B#45 = 375.731
ROUND 2273 A#22 and B#45 = 336.038
ROUND 2274 A#23 and B#45 = 450.29
ROUND 2275 A#24 and B#45 = 378.904
ROUND 2276 A#25 and B#45 = 404.923
ROUND 2277 A#26 and B#45 = 412.111
ROUND 2278 A#27 and B#45 = 427.135
ROUND 2279 A#28 and B#45 = 388.506
ROUND 2280 A#29 and B#45 = 413.951
ROUND 2281 A#30 and B#45 = 394.521
ROUND 2282 A#31 and B#45 = 477.632
ROUND 2283 A#32 and B#45 = 426.534
ROUND 2284 A#33 and B#45 = 374.981
ROUND 2285 A#34 and B#45 = 420.66
ROUND 2286 A#35 and B#45 = 391.629
ROUND 2287 A#36 and B#45 = 398.673
ROUND 2288 A#37 and B#45 = 329.471
ROUND 2289 A#38 and B#45 = 397.045
ROUND 2290 A#39 and B#45 = 481.893
ROUND 2291 A#40 and B#45 = 462.691
ROUND 2292 A#41 and B#45 = 501.741
ROUND 2293 A#42 and B#45 = 359.611
ROUND 2294 A#43 and B#45 = 378.586
ROUND 2295 A#44 and B#45 = 425.818
ROUND 2296 A#45 and B#45 = 483.571
ROUND 2297 A#46 and B#45 = 405.145
ROUND 2298 A#47 and B#45 = 432.578
ROUND 2299 A#48 and B#45 = 462.167
ROUND 2300 A#49 and B#45 = 432.092
ROUND 2301 A#0 and B#46 = 386.946
ROUND 2302 A#1 and B#46 = 433.111
ROUND 2303 A#2 and B#46 = 376.078
ROUND 2304 A#3 and B#46 = 447.561
ROUND 2305 A#4 and B#46 = 480.979
ROUND 2306 A#5 and B#46 = 375.627
ROUND 2307 A#6 and B#46 = 410.595
ROUND 2308 A#7 and B#46 = 450.862
ROUND 2309 A#8 and B#46 = 399.68
ROUND 2310 A#9 and B#46 = 383.271
ROUND 2311 A#10 and B#46 = 375.602
ROUND 2312 A#11 and B#46 = 484.106
ROUND 2313 A#12 and B#46 = 458.945
ROUND 2314 A#13 and B#46 = 334.185
ROUND 2315 A#14 and B#46 = 463.766
ROUND 2316 A#15 and B#46 = 431.025
ROUND 2317 A#16 and B#46 = 355.606
ROUND 2318 A#17 and B#46 = 461.951
ROUND 2319 A#18 and B#46 = 456.399
ROUND 2320 A#19 and B#46 = 460.547
ROUND 2321 A#20 and B#46 = 468.058
ROUND 2322 A#21 and B#46 = 448.884
ROUND 2323 A#22 and B#46 = 390.02
ROUND 2324 A#23 and B#46 = 529.208
ROUND 2325 A#24 and B#46 = 465.793
ROUND 2326 A#25 and B#46 = 420.421
ROUND 2327 A#26 and B#46 = 438.879
ROUND 2328 A#27 and B#46 = 428.972
ROUND 2329 A#28 and B#46 = 430.167
ROUND 2330 A#29 and B#46 = 425.951
ROUND 2331 A#30 and B#46 = 392.976
ROUND 2332 A#31 and B#46 = 491.529
ROUND 2333 A#32 and B#46 = 482.377
ROUND 2334 A#33 and B#46 = 409.772
ROUND 2335 A#34 and B#46 = 445.67
ROUND 2336 A#35 and B#46 = 452.375
ROUND 2337 A#36 and B#46 = 374.418
ROUND 2338 A#37 and B#46 = 437.139
ROUND 2339 A#38 and B#46 = 454.23
ROUND 2340 A#39 and B#46 = 437.584
ROUND 2341 A#40 and B#46 = 411.055
ROUND 2342 A#41 and B#46 = 429.241
ROUND 2343 A#42 and B#46 = 357.818
ROUND 2344 A#43 and B#46 = 463.373
ROUND 2345 A#44 and B#46 = 432.909
ROUND 2346 A#45 and B#46 = 461.787
ROUND 2347 A#46 and B#46 = 484.185
ROUND 2348 A#47 and B#46 = 471.959
ROUND 2349 A#48 and B#46 = 415.889
ROUND 2350 A#49 and B#46 = 467.349
ROUND 2351 A#0 and B#47 = 420.301
ROUND 2352 A#1 and B#47 = 389.309
ROUND 2353 A#2 and B#47 = 441.331
ROUND 2354 A#3 and B#47 = 375.631
ROUND 2355 A#4 and B#47 = 490.44
ROUND 2356 A#5 and B#47 = 442.28
ROUND 2357 A#6 and B#47 = 349.128
ROUND 2358 A#7 and B#47 = 412.691
ROUND 2359 A#8 and B#47 = 384.167
ROUND 2360 A#9 and B#47 = 412.167
ROUND 2361 A#10 and B#47 = 438.809
ROUND 2362 A#11 and B#47 = 326.243
ROUND 2363 A#12 and B#47 = 404.356
ROUND 2364 A#13 and B#47 = 393.929
ROUND 2365 A#14 and B#47 = 359.505
ROUND 2366 A#15 and B#47 = 371.397
ROUND 2367 A#16 and B#47 = 373.146
ROUND 2368 A#17 and B#47 = 378.242
ROUND 2369 A#18 and B#47 = 462.186
ROUND 2370 A#19 and B#47 = 425.603
ROUND 2371 A#20 and B#47 = 387.89
ROUND 2372 A#21 and B#47 = 379.801
ROUND 2373 A#22 and B#47 = 323.241
ROUND 2374 A#23 and B#47 = 455.91
ROUND 2375 A#24 and B#47 = 439.469
ROUND 2376 A#25 and B#47 = 357.819
ROUND 2377 A#26 and B#47 = 475.793
ROUND 2378 A#27 and B#47 = 386.271
ROUND 2379 A#28 and B#47 = 383.355
ROUND 2380 A#29 and B#47 = 373.689
ROUND 2381 A#30 and B#47 = 395.815
ROUND 2382 A#31 and B#47 = 431.645
ROUND 2383 A#32 and B#47 = 431.065
ROUND 2384 A#33 and B#47 = 400.361
ROUND 2385 A#34 and B#47 = 384.68
ROUND 2386 A#35 and B#47 = 416.91
ROUND 2387 A#36 and B#47 = 410.878
ROUND 2388 A#37 and B#47 = 410.796
ROUND 2389 A#38 and B#47 = 413.587
ROUND 2390 A#39 and B#47 = 425.748
ROUND 2391 A#40 and B#47 = 399.626
ROUND 2392 A#41 and B#47 = 437.081
ROUND 2393 A#42 and B#47 = 402.003
ROUND 2394 A#43 and B#47 = 404.967
ROUND 2395 A#44 and B#47 = 379.447
ROUND 2396 A#45 and B#47 = 439.629
ROUND 2397 A#46 and B#47 = 415.956
ROUND 2398 A#47 and B#47 = 439.161
ROUND 2399 A#48 and B#47 = 446.779
ROUND 2400 A#49 and B#47 = 438.632
ROUND 2401 A#0 and B#48 = 420.67
ROUND 2402 A#1 and B#48 = 417.135
ROUND 2403 A#2 and B#48 = 437.54
ROUND 2404 A#3 and B#48 = 368.78
ROUND 2405 A#4 and B#48 = 491.86
ROUND 2406 A#5 and B#48 = 438.233
ROUND 2407 A#6 and B#48 = 364.135
ROUND 2408 A#7 and B#48 = 355.43
ROUND 2409 A#8 and B#48 = 385.788
ROUND 2410 A#9 and B#48 = 412.343
ROUND 2411 A#10 and B#48 = 435.478
ROUND 2412 A#11 and B#48 = 394.049
ROUND 2413 A#12 and B#48 = 340.607
ROUND 2414 A#13 and B#48 = 363.521
ROUND 2415 A#14 and B#48 = 361.8
ROUND 2416 A#15 and B#48 = 374.084
ROUND 2417 A#16 and B#48 = 396.011
ROUND 2418 A#17 and B#48 = 389.09
ROUND 2419 A#18 and B#48 = 449.761
ROUND 2420 A#19 and B#48 = 424.94
ROUND 2421 A#20 and B#48 = 380.711
ROUND 2422 A#21 and B#48 = 369.09
ROUND 2423 A#22 and B#48 = 347.815
ROUND 2424 A#23 and B#48 = 449.083
ROUND 2425 A#24 and B#48 = 375.632
ROUND 2426 A#25 and B#48 = 401.071
ROUND 2427 A#26 and B#48 = 404.094
ROUND 2428 A#27 and B#48 = 355.102
ROUND 2429 A#28 and B#48 = 385.639
ROUND 2430 A#29 and B#48 = 346.083
ROUND 2431 A#30 and B#48 = 398.696
ROUND 2432 A#31 and B#48 = 427.921
ROUND 2433 A#32 and B#48 = 431.153
ROUND 2434 A#33 and B#48 = 375.963
ROUND 2435 A#34 and B#48 = 351.822
ROUND 2436 A#35 and B#48 = 399.795
ROUND 2437 A#36 and B#48 = 400.84
ROUND 2438 A#37 and B#48 = 409.809
ROUND 2439 A#38 and B#48 = 414.823
ROUND 2440 A#39 and B#48 = 421.652
ROUND 2441 A#40 and B#48 = 400.919
ROUND 2442 A#41 and B#48 = 436.689
ROUND 2443 A#42 and B#48 = 366.173
ROUND 2444 A#43 and B#48 = 337.748
ROUND 2445 A#44 and B#48 = 425.452
ROUND 2446 A#45 and B#48 = 429.134
ROUND 2447 A#46 and B#48 = 415.764
ROUND 2448 A#47 and B#48 = 428.963
ROUND 2449 A#48 and B#48 = 459.21
ROUND 2450 A#49 and B#48 = 428.485
ROUND 2451 A#0 and B#49 = 405.697
ROUND 2452 A#1 and B#49 = 377.953
ROUND 2453 A#2 and B#49 = 424.585
ROUND 2454 A#3 and B#49 = 434.73
ROUND 2455 A#4 and B#49 = 476.24
ROUND 2456 A#5 and B#49 = 427.451
ROUND 2457 A#6 and B#49 = 403.799
ROUND 2458 A#7 and B#49 = 459.695
ROUND 2459 A#8 and B#49 = 426.29
ROUND 2460 A#9 and B#49 = 473.441
ROUND 2461 A#10 and B#49 = 426.612
ROUND 2462 A#11 and B#49 = 413.811
ROUND 2463 A#12 and B#49 = 438.138
ROUND 2464 A#13 and B#49 = 472.801
ROUND 2465 A#14 and B#49 = 398.178
ROUND 2466 A#15 and B#49 = 384.424
ROUND 2467 A#16 and B#49 = 447.932
ROUND 2468 A#17 and B#49 = 386.955
ROUND 2469 A#18 and B#49 = 403.171
ROUND 2470 A#19 and B#49 = 407.702
ROUND 2471 A#20 and B#49 = 437.921
ROUND 2472 A#21 and B#49 = 419.549
ROUND 2473 A#22 and B#49 = 355.323
ROUND 2474 A#23 and B#49 = 397.023
ROUND 2475 A#24 and B#49 = 431.579
ROUND 2476 A#25 and B#49 = 377.116
ROUND 2477 A#26 and B#49 = 453.756
ROUND 2478 A#27 and B#49 = 381.406
ROUND 2479 A#28 and B#49 = 382.828
ROUND 2480 A#29 and B#49 = 378.442
ROUND 2481 A#30 and B#49 = 392.528
ROUND 2482 A#31 and B#49 = 426.914
ROUND 2483 A#32 and B#49 = 375.01
ROUND 2484 A#33 and B#49 = 448.151
ROUND 2485 A#34 and B#49 = 386.682
ROUND 2486 A#35 and B#49 = 402.786
ROUND 2487 A#36 and B#49 = 392.402
ROUND 2488 A#37 and B#49 = 408.112
ROUND 2489 A#38 and B#49 = 379.271
ROUND 2490 A#39 and B#49 = 504.001
ROUND 2491 A#40 and B#49 = 425.461
ROUND 2492 A#41 and B#49 = 456.902
ROUND 2493 A#42 and B#49 = 353.049
ROUND 2494 A#43 and B#49 = 414.595
ROUND 2495 A#44 and B#49 = 373.682
ROUND 2496 A#45 and B#49 = 488.944
ROUND 2497 A#46 and B#49 = 390.871
ROUND 2498 A#47 and B#49 = 468.687
ROUND 2499 A#48 and B#49 = 411.956
ROUND 2500 A#49 and B#49 = 474.463

The best overlap is between conformer A#23 and B#32, which, after PCA followed by Steepest Descent, produces a volume overlap of 530.645
Tanimoto (Hodgkin) similarity index: 0.400345

Saving those best conformers to file...
WRITING MOLECULE TO FILE '../ALL_PAIRS_BQ123_AS_REFERENCE/ROKS2/BQ123-TA0201.mol2' (WILL OVERWRITE EXISTING FILE IF ANY)...
WRITING MOLECULE TO FILE '../ALL_PAIRS_BQ123_AS_REFERENCE/ROKS2/BQ123-TA0201.mol2'...
