Finished importing molecules
WARNING: LAPACK DSYEV() RETURNED NON-ZERO ERROR CODE 3
WARNING: LAPACK DSYEV() RETURNED NON-ZERO ERROR CODE 3
WARNING: LAPACK DSYEV() RETURNED NON-ZERO ERROR CODE 3
WARNING: LAPACK DSYEV() RETURNED NON-ZERO ERROR CODE 2
WARNING: LAPACK DSYEV() RETURNED NON-ZERO ERROR CODE 3
WARNING: LAPACK DSYEV() RETURNED NON-ZERO ERROR CODE 3
WARNING: LAPACK DSYEV() RETURNED NON-ZERO ERROR CODE 3
WARNING: LAPACK DSYEV() RETURNED NON-ZERO ERROR CODE 2
WARNING: LAPACK DSYEV() RETURNED NON-ZERO ERROR CODE 3
WARNING: LAPACK DSYEV() RETURNED NON-ZERO ERROR CODE 3
WARNING: LAPACK DSYEV() RETURNED NON-ZERO ERROR CODE 2
WARNING: LAPACK DSYEV() RETURNED NON-ZERO ERROR CODE 3
WARNING: LAPACK DSYEV() RETURNED NON-ZERO ERROR CODE 3
WARNING: LAPACK DSYEV() RETURNED NON-ZERO ERROR CODE 3
WARNING: LAPACK DSYEV() RETURNED NON-ZERO ERROR CODE 3
WARNING: LAPACK DSYEV() RETURNED NON-ZERO ERROR CODE 3
WARNING: LAPACK DSYEV() RETURNED NON-ZERO ERROR CODE 3
WARNING: LAPACK DSYEV() RETURNED NON-ZERO ERROR CODE 3
WARNING: LAPACK DSYEV() RETURNED NON-ZERO ERROR CODE 3
WARNING: LAPACK DSYEV() RETURNED NON-ZERO ERROR CODE 3
WARNING: LAPACK DSYEV() RETURNED NON-ZERO ERROR CODE 3
WARNING: LAPACK DSYEV() RETURNED NON-ZERO ERROR CODE 3
WARNING: LAPACK DSYEV() RETURNED NON-ZERO ERROR CODE 3
WARNING: LAPACK DSYEV() RETURNED NON-ZERO ERROR CODE 3
WARNING: LAPACK DSYEV() RETURNED NON-ZERO ERROR CODE 3
WARNING: LAPACK DSYEV() RETURNED NON-ZERO ERROR CODE 3
WARNING: LAPACK DSYEV() RETURNED NON-ZERO ERROR CODE 2
WARNING: LAPACK DSYEV() RETURNED NON-ZERO ERROR CODE 3
WARNING: LAPACK DSYEV() RETURNED NON-ZERO ERROR CODE 3
WARNING: LAPACK DSYEV() RETURNED NON-ZERO ERROR CODE 3
WARNING: LAPACK DSYEV() RETURNED NON-ZERO ERROR CODE 3
WARNING: LAPACK DSYEV() RETURNED NON-ZERO ERROR CODE 2
WARNING: LAPACK DSYEV() RETURNED NON-ZERO ERROR CODE 2
WARNING: LAPACK DSYEV() RETURNED NON-ZERO ERROR CODE 3
WARNING: LAPACK DSYEV() RETURNED NON-ZERO ERROR CODE 2
WARNING: LAPACK DSYEV() RETURNED NON-ZERO ERROR CODE 3
WARNING: LAPACK DSYEV() RETURNED NON-ZERO ERROR CODE 2
WARNING: LAPACK DSYEV() RETURNED NON-ZERO ERROR CODE 3
WARNING: LAPACK DSYEV() RETURNED NON-ZERO ERROR CODE 3
WARNING: LAPACK DSYEV() RETURNED NON-ZERO ERROR CODE 3
WARNING: LAPACK DSYEV() RETURNED NON-ZERO ERROR CODE 3
WARNING: LAPACK DSYEV() RETURNED NON-ZERO ERROR CODE 3
WARNING: LAPACK DSYEV() RETURNED NON-ZERO ERROR CODE 3
WARNING: LAPACK DSYEV() RETURNED NON-ZERO ERROR CODE 3
WARNING: LAPACK DSYEV() RETURNED NON-ZERO ERROR CODE 3
WARNING: LAPACK DSYEV() RETURNED NON-ZERO ERROR CODE 3
WARNING: LAPACK DSYEV() RETURNED NON-ZERO ERROR CODE 3
WARNING: LAPACK DSYEV() RETURNED NON-ZERO ERROR CODE 3
WARNING: LAPACK DSYEV() RETURNED NON-ZERO ERROR CODE 3
WARNING: LAPACK DSYEV() RETURNED NON-ZERO ERROR CODE 3
WARNING: LAPACK DSYEV() RETURNED NON-ZERO ERROR CODE 2
WARNING: LAPACK DSYEV() RETURNED NON-ZERO ERROR CODE 3
WARNING: LAPACK DSYEV() RETURNED NON-ZERO ERROR CODE 3
WARNING: LAPACK DSYEV() RETURNED NON-ZERO ERROR CODE 2
WARNING: LAPACK DSYEV() RETURNED NON-ZERO ERROR CODE 3
WARNING: LAPACK DSYEV() RETURNED NON-ZERO ERROR CODE 2
WARNING: LAPACK DSYEV() RETURNED NON-ZERO ERROR CODE 2
WARNING: LAPACK DSYEV() RETURNED NON-ZERO ERROR CODE 3
WARNING: LAPACK DSYEV() RETURNED NON-ZERO ERROR CODE 3
WARNING: LAPACK DSYEV() RETURNED NON-ZERO ERROR CODE 3
WARNING: LAPACK DSYEV() RETURNED NON-ZERO ERROR CODE 2
WARNING: LAPACK DSYEV() RETURNED NON-ZERO ERROR CODE 3
WARNING: LAPACK DSYEV() RETURNED NON-ZERO ERROR CODE 2
WARNING: LAPACK DSYEV() RETURNED NON-ZERO ERROR CODE 3
WARNING: LAPACK DSYEV() RETURNED NON-ZERO ERROR CODE 2
WARNING: LAPACK DSYEV() RETURNED NON-ZERO ERROR CODE 2
WARNING: LAPACK DSYEV() RETURNED NON-ZERO ERROR CODE 3
WARNING: LAPACK DSYEV() RETURNED NON-ZERO ERROR CODE 2
WARNING: LAPACK DSYEV() RETURNED NON-ZERO ERROR CODE 2
WARNING: LAPACK DSYEV() RETURNED NON-ZERO ERROR CODE 2
WARNING: LAPACK DSYEV() RETURNED NON-ZERO ERROR CODE 2
WARNING: LAPACK DSYEV() RETURNED NON-ZERO ERROR CODE 3
WARNING: LAPACK DSYEV() RETURNED NON-ZERO ERROR CODE 3
WARNING: LAPACK DSYEV() RETURNED NON-ZERO ERROR CODE 3
WARNING: LAPACK DSYEV() RETURNED NON-ZERO ERROR CODE 3
WARNING: LAPACK DSYEV() RETURNED NON-ZERO ERROR CODE 3
WARNING: LAPACK DSYEV() RETURNED NON-ZERO ERROR CODE 2
WARNING: LAPACK DSYEV() RETURNED NON-ZERO ERROR CODE 2
WARNING: LAPACK DSYEV() RETURNED NON-ZERO ERROR CODE 3
WARNING: LAPACK DSYEV() RETURNED NON-ZERO ERROR CODE 3
WARNING: LAPACK DSYEV() RETURNED NON-ZERO ERROR CODE 2
WARNING: LAPACK DSYEV() RETURNED NON-ZERO ERROR CODE 3
WARNING: LAPACK DSYEV() RETURNED NON-ZERO ERROR CODE 2
WARNING: LAPACK DSYEV() RETURNED NON-ZERO ERROR CODE 3
WARNING: LAPACK DSYEV() RETURNED NON-ZERO ERROR CODE 2
WARNING: LAPACK DSYEV() RETURNED NON-ZERO ERROR CODE 3
WARNING: LAPACK DSYEV() RETURNED NON-ZERO ERROR CODE 3
WARNING: LAPACK DSYEV() RETURNED NON-ZERO ERROR CODE 2
WARNING: LAPACK DSYEV() RETURNED NON-ZERO ERROR CODE 2
WARNING: LAPACK DSYEV() RETURNED NON-ZERO ERROR CODE 3
WARNING: LAPACK DSYEV() RETURNED NON-ZERO ERROR CODE 3
WARNING: LAPACK DSYEV() RETURNED NON-ZERO ERROR CODE 3
WARNING: LAPACK DSYEV() RETURNED NON-ZERO ERROR CODE 3
WARNING: LAPACK DSYEV() RETURNED NON-ZERO ERROR CODE 3
WARNING: LAPACK DSYEV() RETURNED NON-ZERO ERROR CODE 2
WARNING: LAPACK DSYEV() RETURNED NON-ZERO ERROR CODE 2
WARNING: LAPACK DSYEV() RETURNED NON-ZERO ERROR CODE 2
WARNING: LAPACK DSYEV() RETURNED NON-ZERO ERROR CODE 2
WARNING: LAPACK DSYEV() RETURNED NON-ZERO ERROR CODE 2
WARNING: LAPACK DSYEV() RETURNED NON-ZERO ERROR CODE 3
Finished setting up data; running search...
ROUND 1 A#0 and B#0 = 482.717
ROUND 2 A#1 and B#0 = 455.511
ROUND 3 A#2 and B#0 = 366.049
ROUND 4 A#3 and B#0 = 456.16
ROUND 5 A#4 and B#0 = 444.5
ROUND 6 A#5 and B#0 = 454.989
ROUND 7 A#6 and B#0 = 444.498
ROUND 8 A#7 and B#0 = 440.4
ROUND 9 A#8 and B#0 = 453.401
ROUND 10 A#9 and B#0 = 443.373
ROUND 11 A#10 and B#0 = 440.521
ROUND 12 A#11 and B#0 = 454.339
ROUND 13 A#12 and B#0 = 343.92
ROUND 14 A#13 and B#0 = 445.929
ROUND 15 A#14 and B#0 = 351.49
ROUND 16 A#15 and B#0 = 390.006
ROUND 17 A#16 and B#0 = 386.77
ROUND 18 A#17 and B#0 = 344.338
ROUND 19 A#18 and B#0 = 441.406
ROUND 20 A#19 and B#0 = 389.082
ROUND 21 A#20 and B#0 = 388.737
ROUND 22 A#21 and B#0 = 440.747
ROUND 23 A#22 and B#0 = 386.973
ROUND 24 A#23 and B#0 = 447.312
ROUND 25 A#24 and B#0 = 442.216
ROUND 26 A#25 and B#0 = 482.976
ROUND 27 A#26 and B#0 = 453.398
ROUND 28 A#27 and B#0 = 445.473
ROUND 29 A#28 and B#0 = 387.932
ROUND 30 A#29 and B#0 = 388.804
ROUND 31 A#30 and B#0 = 455.016
ROUND 32 A#31 and B#0 = 433.649
ROUND 33 A#32 and B#0 = 463.843
ROUND 34 A#33 and B#0 = 455.364
ROUND 35 A#34 and B#0 = 434.612
ROUND 36 A#35 and B#0 = 386.029
ROUND 37 A#36 and B#0 = 451.407
ROUND 38 A#37 and B#0 = 430.744
ROUND 39 A#38 and B#0 = 444.06
ROUND 40 A#39 and B#0 = 387.606
ROUND 41 A#40 and B#0 = 445.307
ROUND 42 A#41 and B#0 = 465.625
ROUND 43 A#42 and B#0 = 443.705
ROUND 44 A#43 and B#0 = 484.043
ROUND 45 A#44 and B#0 = 445.235
ROUND 46 A#45 and B#0 = 445.556
ROUND 47 A#46 and B#0 = 447.929
ROUND 48 A#47 and B#0 = 443.456
ROUND 49 A#48 and B#0 = 444.66
ROUND 50 A#49 and B#0 = 445.199
ROUND 51 A#0 and B#1 = 470.289
ROUND 52 A#1 and B#1 = 483.155
ROUND 53 A#2 and B#1 = 424.783
ROUND 54 A#3 and B#1 = 401.752
ROUND 55 A#4 and B#1 = 435.282
ROUND 56 A#5 and B#1 = 437.289
ROUND 57 A#6 and B#1 = 420.08
ROUND 58 A#7 and B#1 = 456.092
ROUND 59 A#8 and B#1 = 436.921
ROUND 60 A#9 and B#1 = 458.549
ROUND 61 A#10 and B#1 = 456.809
ROUND 62 A#11 and B#1 = 434.854
ROUND 63 A#12 and B#1 = 420.091
ROUND 64 A#13 and B#1 = 487.937
ROUND 65 A#14 and B#1 = 422.693
ROUND 66 A#15 and B#1 = 452.477
ROUND 67 A#16 and B#1 = 447.912
ROUND 68 A#17 and B#1 = 420.345
ROUND 69 A#18 and B#1 = 467.997
ROUND 70 A#19 and B#1 = 458.127
ROUND 71 A#20 and B#1 = 449.914
ROUND 72 A#21 and B#1 = 460.466
ROUND 73 A#22 and B#1 = 447.965
ROUND 74 A#23 and B#1 = 461.706
ROUND 75 A#24 and B#1 = 442.523
ROUND 76 A#25 and B#1 = 470.96
ROUND 77 A#26 and B#1 = 426.99
ROUND 78 A#27 and B#1 = 484.039
ROUND 79 A#28 and B#1 = 455.318
ROUND 80 A#29 and B#1 = 457.562
ROUND 81 A#30 and B#1 = 483.053
ROUND 82 A#31 and B#1 = 449.525
ROUND 83 A#32 and B#1 = 411.005
ROUND 84 A#33 and B#1 = 438.149
ROUND 85 A#34 and B#1 = 388.195
ROUND 86 A#35 and B#1 = 453.622
ROUND 87 A#36 and B#1 = 399.843
ROUND 88 A#37 and B#1 = 488.764
ROUND 89 A#38 and B#1 = 432.394
ROUND 90 A#39 and B#1 = 455.708
ROUND 91 A#40 and B#1 = 435.79
ROUND 92 A#41 and B#1 = 465.951
ROUND 93 A#42 and B#1 = 417.298
ROUND 94 A#43 and B#1 = 451.379
ROUND 95 A#44 and B#1 = 477.614
ROUND 96 A#45 and B#1 = 480.036
ROUND 97 A#46 and B#1 = 479.985
ROUND 98 A#47 and B#1 = 474.239
ROUND 99 A#48 and B#1 = 422.86
ROUND 100 A#49 and B#1 = 478.033
ROUND 101 A#0 and B#2 = 471.241
ROUND 102 A#1 and B#2 = 439.545
ROUND 103 A#2 and B#2 = 427.544
ROUND 104 A#3 and B#2 = 405.643
ROUND 105 A#4 and B#2 = 434.183
ROUND 106 A#5 and B#2 = 437.586
ROUND 107 A#6 and B#2 = 418.917
ROUND 108 A#7 and B#2 = 456.754
ROUND 109 A#8 and B#2 = 438.473
ROUND 110 A#9 and B#2 = 457.614
ROUND 111 A#10 and B#2 = 457.435
ROUND 112 A#11 and B#2 = 433.313
ROUND 113 A#12 and B#2 = 433.025
ROUND 114 A#13 and B#2 = 421.828
ROUND 115 A#14 and B#2 = 426.379
ROUND 116 A#15 and B#2 = 452.179
ROUND 117 A#16 and B#2 = 447.508
ROUND 118 A#17 and B#2 = 433.519
ROUND 119 A#18 and B#2 = 469.402
ROUND 120 A#19 and B#2 = 457.808
ROUND 121 A#20 and B#2 = 449.28
ROUND 122 A#21 and B#2 = 461.709
ROUND 123 A#22 and B#2 = 444.484
ROUND 124 A#23 and B#2 = 461.137
ROUND 125 A#24 and B#2 = 441.606
ROUND 126 A#25 and B#2 = 484.868
ROUND 127 A#26 and B#2 = 428.768
ROUND 128 A#27 and B#2 = 432.631
ROUND 129 A#28 and B#2 = 454.551
ROUND 130 A#29 and B#2 = 457.117
ROUND 131 A#30 and B#2 = 439.282
ROUND 132 A#31 and B#2 = 449.698
ROUND 133 A#32 and B#2 = 410.845
ROUND 134 A#33 and B#2 = 438.576
ROUND 135 A#34 and B#2 = 393.259
ROUND 136 A#35 and B#2 = 453.04
ROUND 137 A#36 and B#2 = 402.764
ROUND 138 A#37 and B#2 = 490.754
ROUND 139 A#38 and B#2 = 431.51
ROUND 140 A#39 and B#2 = 455.231
ROUND 141 A#40 and B#2 = 434.301
ROUND 142 A#41 and B#2 = 465.091
ROUND 143 A#42 and B#2 = 415.889
ROUND 144 A#43 and B#2 = 451.349
ROUND 145 A#44 and B#2 = 479.21
ROUND 146 A#45 and B#2 = 481.799
ROUND 147 A#46 and B#2 = 460.719
ROUND 148 A#47 and B#2 = 475.876
ROUND 149 A#48 and B#2 = 421.707
ROUND 150 A#49 and B#2 = 422.338
ROUND 151 A#0 and B#3 = 482.323
ROUND 152 A#1 and B#3 = 413.7
ROUND 153 A#2 and B#3 = 412.332
ROUND 154 A#3 and B#3 = 495.898
ROUND 155 A#4 and B#3 = 438.606
ROUND 156 A#5 and B#3 = 413.305
ROUND 157 A#6 and B#3 = 429.69
ROUND 158 A#7 and B#3 = 496.826
ROUND 159 A#8 and B#3 = 413.164
ROUND 160 A#9 and B#3 = 430.932
ROUND 161 A#10 and B#3 = 497.37
ROUND 162 A#11 and B#3 = 452.22
ROUND 163 A#12 and B#3 = 419.098
ROUND 164 A#13 and B#3 = 421.081
ROUND 165 A#14 and B#3 = 410.5
ROUND 166 A#15 and B#3 = 430.052
ROUND 167 A#16 and B#3 = 435.436
ROUND 168 A#17 and B#3 = 420.321
ROUND 169 A#18 and B#3 = 436.776
ROUND 170 A#19 and B#3 = 438.58
ROUND 171 A#20 and B#3 = 438.878
ROUND 172 A#21 and B#3 = 483.784
ROUND 173 A#22 and B#3 = 434.759
ROUND 174 A#23 and B#3 = 433.676
ROUND 175 A#24 and B#3 = 414.232
ROUND 176 A#25 and B#3 = 482.246
ROUND 177 A#26 and B#3 = 477.976
ROUND 178 A#27 and B#3 = 437.6
ROUND 179 A#28 and B#3 = 442.745
ROUND 180 A#29 and B#3 = 438.085
ROUND 181 A#30 and B#3 = 413.166
ROUND 182 A#31 and B#3 = 471.566
ROUND 183 A#32 and B#3 = 462.968
ROUND 184 A#33 and B#3 = 473.6
ROUND 185 A#34 and B#3 = 383.101
ROUND 186 A#35 and B#3 = 438.541
ROUND 187 A#36 and B#3 = 497.621
ROUND 188 A#37 and B#3 = 474.591
ROUND 189 A#38 and B#3 = 434.996
ROUND 190 A#39 and B#3 = 439.113
ROUND 191 A#40 and B#3 = 439.742
ROUND 192 A#41 and B#3 = 402.419
ROUND 193 A#42 and B#3 = 429.263
ROUND 194 A#43 and B#3 = 477.73
ROUND 195 A#44 and B#3 = 434.696
ROUND 196 A#45 and B#3 = 465.317
ROUND 197 A#46 and B#3 = 467.393
ROUND 198 A#47 and B#3 = 434.159
ROUND 199 A#48 and B#3 = 433.005
ROUND 200 A#49 and B#3 = 434.817
ROUND 201 A#0 and B#4 = 494.417
ROUND 202 A#1 and B#4 = 497.273
ROUND 203 A#2 and B#4 = 465.092
ROUND 204 A#3 and B#4 = 457.489
ROUND 205 A#4 and B#4 = 503.986
ROUND 206 A#5 and B#4 = 508.698
ROUND 207 A#6 and B#4 = 516.232
ROUND 208 A#7 and B#4 = 466.83
ROUND 209 A#8 and B#4 = 507.602
ROUND 210 A#9 and B#4 = 454.096
ROUND 211 A#10 and B#4 = 467.274
ROUND 212 A#11 and B#4 = 461.004
ROUND 213 A#12 and B#4 = 456.325
ROUND 214 A#13 and B#4 = 513.346
ROUND 215 A#14 and B#4 = 459.008
ROUND 216 A#15 and B#4 = 446.808
ROUND 217 A#16 and B#4 = 447.699
ROUND 218 A#17 and B#4 = 457.694
ROUND 219 A#18 and B#4 = 497.403
ROUND 220 A#19 and B#4 = 446.179
ROUND 221 A#20 and B#4 = 448.383
ROUND 222 A#21 and B#4 = 477.954
ROUND 223 A#22 and B#4 = 447.207
ROUND 224 A#23 and B#4 = 455.697
ROUND 225 A#24 and B#4 = 433.001
ROUND 226 A#25 and B#4 = 494.98
ROUND 227 A#26 and B#4 = 462.15
ROUND 228 A#27 and B#4 = 508.673
ROUND 229 A#28 and B#4 = 445.591
ROUND 230 A#29 and B#4 = 445.926
ROUND 231 A#30 and B#4 = 498.389
ROUND 232 A#31 and B#4 = 467.195
ROUND 233 A#32 and B#4 = 446.211
ROUND 234 A#33 and B#4 = 507.118
ROUND 235 A#34 and B#4 = 392.283
ROUND 236 A#35 and B#4 = 445.797
ROUND 237 A#36 and B#4 = 465.372
ROUND 238 A#37 and B#4 = 472.585
ROUND 239 A#38 and B#4 = 511.969
ROUND 240 A#39 and B#4 = 445.99
ROUND 241 A#40 and B#4 = 503.989
ROUND 242 A#41 and B#4 = 474.782
ROUND 243 A#42 and B#4 = 508.901
ROUND 244 A#43 and B#4 = 479.534
ROUND 245 A#44 and B#4 = 500.503
ROUND 246 A#45 and B#4 = 507.416
ROUND 247 A#46 and B#4 = 505.612
ROUND 248 A#47 and B#4 = 505.798
ROUND 249 A#48 and B#4 = 503.279
ROUND 250 A#49 and B#4 = 501.396
ROUND 251 A#0 and B#5 = 485.613
ROUND 252 A#1 and B#5 = 408.424
ROUND 253 A#2 and B#5 = 363.247
ROUND 254 A#3 and B#5 = 491.1
ROUND 255 A#4 and B#5 = 438.066
ROUND 256 A#5 and B#5 = 474.284
ROUND 257 A#6 and B#5 = 417.785
ROUND 258 A#7 and B#5 = 493.834
ROUND 259 A#8 and B#5 = 473.808
ROUND 260 A#9 and B#5 = 426.381
ROUND 261 A#10 and B#5 = 494.215
ROUND 262 A#11 and B#5 = 436.938
ROUND 263 A#12 and B#5 = 355.568
ROUND 264 A#13 and B#5 = 419.544
ROUND 265 A#14 and B#5 = 363.874
ROUND 266 A#15 and B#5 = 426.738
ROUND 267 A#16 and B#5 = 430.815
ROUND 268 A#17 and B#5 = 356.312
ROUND 269 A#18 and B#5 = 438.254
ROUND 270 A#19 and B#5 = 436.509
ROUND 271 A#20 and B#5 = 434.297
ROUND 272 A#21 and B#5 = 488.53
ROUND 273 A#22 and B#5 = 430.124
ROUND 274 A#23 and B#5 = 430.691
ROUND 275 A#24 and B#5 = 422.489
ROUND 276 A#25 and B#5 = 485.812
ROUND 277 A#26 and B#5 = 439.099
ROUND 278 A#27 and B#5 = 437.378
ROUND 279 A#28 and B#5 = 439.521
ROUND 280 A#29 and B#5 = 435.996
ROUND 281 A#30 and B#5 = 407.997
ROUND 282 A#31 and B#5 = 462.639
ROUND 283 A#32 and B#5 = 475.55
ROUND 284 A#33 and B#5 = 474.194
ROUND 285 A#34 and B#5 = 392.725
ROUND 286 A#35 and B#5 = 435.857
ROUND 287 A#36 and B#5 = 494.275
ROUND 288 A#37 and B#5 = 478.623
ROUND 289 A#38 and B#5 = 433.625
ROUND 290 A#39 and B#5 = 436.701
ROUND 291 A#40 and B#5 = 439.678
ROUND 292 A#41 and B#5 = 398.848
ROUND 293 A#42 and B#5 = 428.271
ROUND 294 A#43 and B#5 = 480.554
ROUND 295 A#44 and B#5 = 436.053
ROUND 296 A#45 and B#5 = 467.436
ROUND 297 A#46 and B#5 = 467.874
ROUND 298 A#47 and B#5 = 434.294
ROUND 299 A#48 and B#5 = 433.279
ROUND 300 A#49 and B#5 = 435.997
ROUND 301 A#0 and B#6 = 493.329
ROUND 302 A#1 and B#6 = 479.167
ROUND 303 A#2 and B#6 = 419.321
ROUND 304 A#3 and B#6 = 512.971
ROUND 305 A#4 and B#6 = 495.638
ROUND 306 A#5 and B#6 = 480.373
ROUND 307 A#6 and B#6 = 497.738
ROUND 308 A#7 and B#6 = 531.684
ROUND 309 A#8 and B#6 = 480.467
ROUND 310 A#9 and B#6 = 405.864
ROUND 311 A#10 and B#6 = 531.23
ROUND 312 A#11 and B#6 = 471.187
ROUND 313 A#12 and B#6 = 448.622
ROUND 314 A#13 and B#6 = 479.635
ROUND 315 A#14 and B#6 = 414.804
ROUND 316 A#15 and B#6 = 508.092
ROUND 317 A#16 and B#6 = 407.885
ROUND 318 A#17 and B#6 = 448.091
ROUND 319 A#18 and B#6 = 468.385
ROUND 320 A#19 and B#6 = 378.64
ROUND 321 A#20 and B#6 = 407.624
ROUND 322 A#21 and B#6 = 493.378
ROUND 323 A#22 and B#6 = 407.613
ROUND 324 A#23 and B#6 = 407.673
ROUND 325 A#24 and B#6 = 428.975
ROUND 326 A#25 and B#6 = 493.304
ROUND 327 A#26 and B#6 = 560.982
ROUND 328 A#27 and B#6 = 480.346
ROUND 329 A#28 and B#6 = 504.819
ROUND 330 A#29 and B#6 = 511.463
ROUND 331 A#30 and B#6 = 478.854
ROUND 332 A#31 and B#6 = 489.847
ROUND 333 A#32 and B#6 = 513.06
ROUND 334 A#33 and B#6 = 481.008
ROUND 335 A#34 and B#6 = 438.823
ROUND 336 A#35 and B#6 = 508.174
ROUND 337 A#36 and B#6 = 512.107
ROUND 338 A#37 and B#6 = 490.433
ROUND 339 A#38 and B#6 = 477.067
ROUND 340 A#39 and B#6 = 509.734
ROUND 341 A#40 and B#6 = 497.854
ROUND 342 A#41 and B#6 = 477.17
ROUND 343 A#42 and B#6 = 473.262
ROUND 344 A#43 and B#6 = 488.585
ROUND 345 A#44 and B#6 = 474.078
ROUND 346 A#45 and B#6 = 477.317
ROUND 347 A#46 and B#6 = 477.942
ROUND 348 A#47 and B#6 = 475.986
ROUND 349 A#48 and B#6 = 499.636
ROUND 350 A#49 and B#6 = 502.124
ROUND 351 A#0 and B#7 = 473.585
ROUND 352 A#1 and B#7 = 439.021
ROUND 353 A#2 and B#7 = 424.856
ROUND 354 A#3 and B#7 = 402.107
ROUND 355 A#4 and B#7 = 435.063
ROUND 356 A#5 and B#7 = 437.304
ROUND 357 A#6 and B#7 = 419.43
ROUND 358 A#7 and B#7 = 456.31
ROUND 359 A#8 and B#7 = 437.006
ROUND 360 A#9 and B#7 = 459.529
ROUND 361 A#10 and B#7 = 456.926
ROUND 362 A#11 and B#7 = 434.42
ROUND 363 A#12 and B#7 = 419.892
ROUND 364 A#13 and B#7 = 422.117
ROUND 365 A#14 and B#7 = 422.805
ROUND 366 A#15 and B#7 = 452.312
ROUND 367 A#16 and B#7 = 448.008
ROUND 368 A#17 and B#7 = 420.195
ROUND 369 A#18 and B#7 = 467.122
ROUND 370 A#19 and B#7 = 457.271
ROUND 371 A#20 and B#7 = 449.646
ROUND 372 A#21 and B#7 = 461.106
ROUND 373 A#22 and B#7 = 446.271
ROUND 374 A#23 and B#7 = 462.391
ROUND 375 A#24 and B#7 = 442.67
ROUND 376 A#25 and B#7 = 474.109
ROUND 377 A#26 and B#7 = 426.819
ROUND 378 A#27 and B#7 = 482.524
ROUND 379 A#28 and B#7 = 454.642
ROUND 380 A#29 and B#7 = 456.742
ROUND 381 A#30 and B#7 = 438.708
ROUND 382 A#31 and B#7 = 448.657
ROUND 383 A#32 and B#7 = 410.461
ROUND 384 A#33 and B#7 = 438.353
ROUND 385 A#34 and B#7 = 388.758
ROUND 386 A#35 and B#7 = 453.088
ROUND 387 A#36 and B#7 = 399.849
ROUND 388 A#37 and B#7 = 488.062
ROUND 389 A#38 and B#7 = 431.756
ROUND 390 A#39 and B#7 = 455.038
ROUND 391 A#40 and B#7 = 434.42
ROUND 392 A#41 and B#7 = 465.998
ROUND 393 A#42 and B#7 = 416.887
ROUND 394 A#43 and B#7 = 451.622
ROUND 395 A#44 and B#7 = 476.401
ROUND 396 A#45 and B#7 = 480.747
ROUND 397 A#46 and B#7 = 459.944
ROUND 398 A#47 and B#7 = 472.8
ROUND 399 A#48 and B#7 = 422.274
ROUND 400 A#49 and B#7 = 476.821
ROUND 401 A#0 and B#8 = 422.2
ROUND 402 A#1 and B#8 = 461.451
ROUND 403 A#2 and B#8 = 386.005
ROUND 404 A#3 and B#8 = 450.684
ROUND 405 A#4 and B#8 = 472.987
ROUND 406 A#5 and B#8 = 462.525
ROUND 407 A#6 and B#8 = 467.645
ROUND 408 A#7 and B#8 = 439.586
ROUND 409 A#8 and B#8 = 462.169
ROUND 410 A#9 and B#8 = 460.461
ROUND 411 A#10 and B#8 = 399.009
ROUND 412 A#11 and B#8 = 482.079
ROUND 413 A#12 and B#8 = 372.927
ROUND 414 A#13 and B#8 = 471.518
ROUND 415 A#14 and B#8 = 385.936
ROUND 416 A#15 and B#8 = 414.137
ROUND 417 A#16 and B#8 = 411.253
ROUND 418 A#17 and B#8 = 372.767
ROUND 419 A#18 and B#8 = 452.191
ROUND 420 A#19 and B#8 = 417.791
ROUND 421 A#20 and B#8 = 412.629
ROUND 422 A#21 and B#8 = 420.105
ROUND 423 A#22 and B#8 = 411.018
ROUND 424 A#23 and B#8 = 469.394
ROUND 425 A#24 and B#8 = 449.29
ROUND 426 A#25 and B#8 = 456.667
ROUND 427 A#26 and B#8 = 386.608
ROUND 428 A#27 and B#8 = 472.895
ROUND 429 A#28 and B#8 = 414.847
ROUND 430 A#29 and B#8 = 417.471
ROUND 431 A#30 and B#8 = 461.323
ROUND 432 A#31 and B#8 = 450.343
ROUND 433 A#32 and B#8 = 410.025
ROUND 434 A#33 and B#8 = 462.065
ROUND 435 A#34 and B#8 = 343.969
ROUND 436 A#35 and B#8 = 415.143
ROUND 437 A#36 and B#8 = 449.914
ROUND 438 A#37 and B#8 = 444.474
ROUND 439 A#38 and B#8 = 473.803
ROUND 440 A#39 and B#8 = 416.065
ROUND 441 A#40 and B#8 = 472.414
ROUND 442 A#41 and B#8 = 467.778
ROUND 443 A#42 and B#8 = 464.794
ROUND 444 A#43 and B#8 = 467.45
ROUND 445 A#44 and B#8 = 464.464
ROUND 446 A#45 and B#8 = 449.42
ROUND 447 A#46 and B#8 = 451.556
ROUND 448 A#47 and B#8 = 461.583
ROUND 449 A#48 and B#8 = 466.262
ROUND 450 A#49 and B#8 = 465.01
ROUND 451 A#0 and B#9 = 431.386
ROUND 452 A#1 and B#9 = 460.53
ROUND 453 A#2 and B#9 = 386.902
ROUND 454 A#3 and B#9 = 455.745
ROUND 455 A#4 and B#9 = 472.821
ROUND 456 A#5 and B#9 = 462
ROUND 457 A#6 and B#9 = 468.209
ROUND 458 A#7 and B#9 = 445.25
ROUND 459 A#8 and B#9 = 461.47
ROUND 460 A#9 and B#9 = 464.463
ROUND 461 A#10 and B#9 = 445.613
ROUND 462 A#11 and B#9 = 480.754
ROUND 463 A#12 and B#9 = 372.233
ROUND 464 A#13 and B#9 = 471.539
ROUND 465 A#14 and B#9 = 385.397
ROUND 466 A#15 and B#9 = 413.349
ROUND 467 A#16 and B#9 = 410.888
ROUND 468 A#17 and B#9 = 372.211
ROUND 469 A#18 and B#9 = 452.601
ROUND 470 A#19 and B#9 = 417.012
ROUND 471 A#20 and B#9 = 411.737
ROUND 472 A#21 and B#9 = 429.128
ROUND 473 A#22 and B#9 = 410.359
ROUND 474 A#23 and B#9 = 474.3
ROUND 475 A#24 and B#9 = 449.878
ROUND 476 A#25 and B#9 = 429.975
ROUND 477 A#26 and B#9 = 391.551
ROUND 478 A#27 and B#9 = 472.381
ROUND 479 A#28 and B#9 = 414.607
ROUND 480 A#29 and B#9 = 416.166
ROUND 481 A#30 and B#9 = 460.322
ROUND 482 A#31 and B#9 = 455.013
ROUND 483 A#32 and B#9 = 417.235
ROUND 484 A#33 and B#9 = 461.298
ROUND 485 A#34 and B#9 = 379.873
ROUND 486 A#35 and B#9 = 414.282
ROUND 487 A#36 and B#9 = 456.182
ROUND 488 A#37 and B#9 = 430.976
ROUND 489 A#38 and B#9 = 473.828
ROUND 490 A#39 and B#9 = 416.004
ROUND 491 A#40 and B#9 = 472.539
ROUND 492 A#41 and B#9 = 474.658
ROUND 493 A#42 and B#9 = 464.586
ROUND 494 A#43 and B#9 = 434.202
ROUND 495 A#44 and B#9 = 464.599
ROUND 496 A#45 and B#9 = 448.132
ROUND 497 A#46 and B#9 = 450.724
ROUND 498 A#47 and B#9 = 462.179
ROUND 499 A#48 and B#9 = 465.973
ROUND 500 A#49 and B#9 = 464.99
ROUND 501 A#0 and B#10 = 480.606
ROUND 502 A#1 and B#10 = 472.679
ROUND 503 A#2 and B#10 = 411.775
ROUND 504 A#3 and B#10 = 492.868
ROUND 505 A#4 and B#10 = 438.8
ROUND 506 A#5 and B#10 = 472.085
ROUND 507 A#6 and B#10 = 418.821
ROUND 508 A#7 and B#10 = 493.557
ROUND 509 A#8 and B#10 = 470.853
ROUND 510 A#9 and B#10 = 431.118
ROUND 511 A#10 and B#10 = 494.049
ROUND 512 A#11 and B#10 = 451.116
ROUND 513 A#12 and B#10 = 419.173
ROUND 514 A#13 and B#10 = 420.99
ROUND 515 A#14 and B#10 = 409.953
ROUND 516 A#15 and B#10 = 429.86
ROUND 517 A#16 and B#10 = 435.055
ROUND 518 A#17 and B#10 = 420.415
ROUND 519 A#18 and B#10 = 437.182
ROUND 520 A#19 and B#10 = 438.764
ROUND 521 A#20 and B#10 = 438.491
ROUND 522 A#21 and B#10 = 482.173
ROUND 523 A#22 and B#10 = 434.359
ROUND 524 A#23 and B#10 = 434.102
ROUND 525 A#24 and B#10 = 414.031
ROUND 526 A#25 and B#10 = 480.61
ROUND 527 A#26 and B#10 = 475.682
ROUND 528 A#27 and B#10 = 437.804
ROUND 529 A#28 and B#10 = 442.942
ROUND 530 A#29 and B#10 = 438.276
ROUND 531 A#30 and B#10 = 413.757
ROUND 532 A#31 and B#10 = 470.489
ROUND 533 A#32 and B#10 = 461.835
ROUND 534 A#33 and B#10 = 472.509
ROUND 535 A#34 and B#10 = 380.613
ROUND 536 A#35 and B#10 = 438.73
ROUND 537 A#36 and B#10 = 494.83
ROUND 538 A#37 and B#10 = 472.828
ROUND 539 A#38 and B#10 = 435.222
ROUND 540 A#39 and B#10 = 439.307
ROUND 541 A#40 and B#10 = 439.928
ROUND 542 A#41 and B#10 = 402.634
ROUND 543 A#42 and B#10 = 429.509
ROUND 544 A#43 and B#10 = 476.154
ROUND 545 A#44 and B#10 = 435.015
ROUND 546 A#45 and B#10 = 463.921
ROUND 547 A#46 and B#10 = 465.88
ROUND 548 A#47 and B#10 = 434.368
ROUND 549 A#48 and B#10 = 433.333
ROUND 550 A#49 and B#10 = 435.155
ROUND 551 A#0 and B#11 = 472.093
ROUND 552 A#1 and B#11 = 485.434
ROUND 553 A#2 and B#11 = 426.229
ROUND 554 A#3 and B#11 = 404.852
ROUND 555 A#4 and B#11 = 435.143
ROUND 556 A#5 and B#11 = 436.223
ROUND 557 A#6 and B#11 = 419.298
ROUND 558 A#7 and B#11 = 456.248
ROUND 559 A#8 and B#11 = 437.704
ROUND 560 A#9 and B#11 = 457.67
ROUND 561 A#10 and B#11 = 457.01
ROUND 562 A#11 and B#11 = 433.508
ROUND 563 A#12 and B#11 = 430.812
ROUND 564 A#13 and B#11 = 422.277
ROUND 565 A#14 and B#11 = 424.935
ROUND 566 A#15 and B#11 = 451.609
ROUND 567 A#16 and B#11 = 447.003
ROUND 568 A#17 and B#11 = 431.259
ROUND 569 A#18 and B#11 = 470.816
ROUND 570 A#19 and B#11 = 457.138
ROUND 571 A#20 and B#11 = 448.726
ROUND 572 A#21 and B#11 = 472.645
ROUND 573 A#22 and B#11 = 444.754
ROUND 574 A#23 and B#11 = 460.741
ROUND 575 A#24 and B#11 = 441.198
ROUND 576 A#25 and B#11 = 472.953
ROUND 577 A#26 and B#11 = 428.674
ROUND 578 A#27 and B#11 = 433.214
ROUND 579 A#28 and B#11 = 453.926
ROUND 580 A#29 and B#11 = 456.494
ROUND 581 A#30 and B#11 = 438.006
ROUND 582 A#31 and B#11 = 449.777
ROUND 583 A#32 and B#11 = 410.331
ROUND 584 A#33 and B#11 = 437.815
ROUND 585 A#34 and B#11 = 391.897
ROUND 586 A#35 and B#11 = 452.439
ROUND 587 A#36 and B#11 = 402.095
ROUND 588 A#37 and B#11 = 491.485
ROUND 589 A#38 and B#11 = 431.826
ROUND 590 A#39 and B#11 = 454.614
ROUND 591 A#40 and B#11 = 435.212
ROUND 592 A#41 and B#11 = 464.718
ROUND 593 A#42 and B#11 = 417.136
ROUND 594 A#43 and B#11 = 450.754
ROUND 595 A#44 and B#11 = 480.613
ROUND 596 A#45 and B#11 = 482.731
ROUND 597 A#46 and B#11 = 460.847
ROUND 598 A#47 and B#11 = 477.248
ROUND 599 A#48 and B#11 = 422.205
ROUND 600 A#49 and B#11 = 481.079
ROUND 601 A#0 and B#12 = 432.682
ROUND 602 A#1 and B#12 = 462.805
ROUND 603 A#2 and B#12 = 344.329
ROUND 604 A#3 and B#12 = 465.854
ROUND 605 A#4 and B#12 = 441.623
ROUND 606 A#5 and B#12 = 460.204
ROUND 607 A#6 and B#12 = 447.543
ROUND 608 A#7 and B#12 = 443.037
ROUND 609 A#8 and B#12 = 460.76
ROUND 610 A#9 and B#12 = 450.734
ROUND 611 A#10 and B#12 = 444.129
ROUND 612 A#11 and B#12 = 426.979
ROUND 613 A#12 and B#12 = 357.716
ROUND 614 A#13 and B#12 = 444.897
ROUND 615 A#14 and B#12 = 320.199
ROUND 616 A#15 and B#12 = 394.158
ROUND 617 A#16 and B#12 = 396.361
ROUND 618 A#17 and B#12 = 356.963
ROUND 619 A#18 and B#12 = 453.421
ROUND 620 A#19 and B#12 = 402.53
ROUND 621 A#20 and B#12 = 399.347
ROUND 622 A#21 and B#12 = 431.314
ROUND 623 A#22 and B#12 = 395.469
ROUND 624 A#23 and B#12 = 394.828
ROUND 625 A#24 and B#12 = 452.008
ROUND 626 A#25 and B#12 = 432.719
ROUND 627 A#26 and B#12 = 426.202
ROUND 628 A#27 and B#12 = 442.339
ROUND 629 A#28 and B#12 = 400.411
ROUND 630 A#29 and B#12 = 401.523
ROUND 631 A#30 and B#12 = 462.624
ROUND 632 A#31 and B#12 = 502.597
ROUND 633 A#32 and B#12 = 428.949
ROUND 634 A#33 and B#12 = 461.212
ROUND 635 A#34 and B#12 = 361.88
ROUND 636 A#35 and B#12 = 398.133
ROUND 637 A#36 and B#12 = 406.436
ROUND 638 A#37 and B#12 = 434.328
ROUND 639 A#38 and B#12 = 441.635
ROUND 640 A#39 and B#12 = 400.328
ROUND 641 A#40 and B#12 = 442.332
ROUND 642 A#41 and B#12 = 422.848
ROUND 643 A#42 and B#12 = 448.505
ROUND 644 A#43 and B#12 = 399.278
ROUND 645 A#44 and B#12 = 449.071
ROUND 646 A#45 and B#12 = 461.383
ROUND 647 A#46 and B#12 = 463.611
ROUND 648 A#47 and B#12 = 450.832
ROUND 649 A#48 and B#12 = 448.111
ROUND 650 A#49 and B#12 = 448.741
ROUND 651 A#0 and B#13 = 481.319
ROUND 652 A#1 and B#13 = 469.992
ROUND 653 A#2 and B#13 = 382.748
ROUND 654 A#3 and B#13 = 439.496
ROUND 655 A#4 and B#13 = 430.493
ROUND 656 A#5 and B#13 = 473.942
ROUND 657 A#6 and B#13 = 422.898
ROUND 658 A#7 and B#13 = 436.958
ROUND 659 A#8 and B#13 = 472.052
ROUND 660 A#9 and B#13 = 368.517
ROUND 661 A#10 and B#13 = 437.436
ROUND 662 A#11 and B#13 = 483.554
ROUND 663 A#12 and B#13 = 397.897
ROUND 664 A#13 and B#13 = 440.45
ROUND 665 A#14 and B#13 = 384.041
ROUND 666 A#15 and B#13 = 500.179
ROUND 667 A#16 and B#13 = 418.287
ROUND 668 A#17 and B#13 = 398.242
ROUND 669 A#18 and B#13 = 460.087
ROUND 670 A#19 and B#13 = 419.332
ROUND 671 A#20 and B#13 = 420.645
ROUND 672 A#21 and B#13 = 477.376
ROUND 673 A#22 and B#13 = 418.857
ROUND 674 A#23 and B#13 = 372.456
ROUND 675 A#24 and B#13 = 421.508
ROUND 676 A#25 and B#13 = 480.572
ROUND 677 A#26 and B#13 = 473.845
ROUND 678 A#27 and B#13 = 429.614
ROUND 679 A#28 and B#13 = 423.871
ROUND 680 A#29 and B#13 = 419.645
ROUND 681 A#30 and B#13 = 470.596
ROUND 682 A#31 and B#13 = 446.119
ROUND 683 A#32 and B#13 = 487.636
ROUND 684 A#33 and B#13 = 473.067
ROUND 685 A#34 and B#13 = 482.472
ROUND 686 A#35 and B#13 = 421.124
ROUND 687 A#36 and B#13 = 443.511
ROUND 688 A#37 and B#13 = 489.53
ROUND 689 A#38 and B#13 = 441.261
ROUND 690 A#39 and B#13 = 420.959
ROUND 691 A#40 and B#13 = 471.01
ROUND 692 A#41 and B#13 = 494.014
ROUND 693 A#42 and B#13 = 424.618
ROUND 694 A#43 and B#13 = 490.224
ROUND 695 A#44 and B#13 = 458.021
ROUND 696 A#45 and B#13 = 470.689
ROUND 697 A#46 and B#13 = 470.821
ROUND 698 A#47 and B#13 = 461.403
ROUND 699 A#48 and B#13 = 428.179
ROUND 700 A#49 and B#13 = 430.571
ROUND 701 A#0 and B#14 = 484.389
ROUND 702 A#1 and B#14 = 424.277
ROUND 703 A#2 and B#14 = 412.412
ROUND 704 A#3 and B#14 = 493.427
ROUND 705 A#4 and B#14 = 442.957
ROUND 706 A#5 and B#14 = 422.744
ROUND 707 A#6 and B#14 = 432.578
ROUND 708 A#7 and B#14 = 494.973
ROUND 709 A#8 and B#14 = 420.614
ROUND 710 A#9 and B#14 = 429.884
ROUND 711 A#10 and B#14 = 495.29
ROUND 712 A#11 and B#14 = 451.074
ROUND 713 A#12 and B#14 = 419.64
ROUND 714 A#13 and B#14 = 433.567
ROUND 715 A#14 and B#14 = 410.195
ROUND 716 A#15 and B#14 = 436.332
ROUND 717 A#16 and B#14 = 439.866
ROUND 718 A#17 and B#14 = 420.833
ROUND 719 A#18 and B#14 = 437.557
ROUND 720 A#19 and B#14 = 450.274
ROUND 721 A#20 and B#14 = 444.151
ROUND 722 A#21 and B#14 = 486.178
ROUND 723 A#22 and B#14 = 439.048
ROUND 724 A#23 and B#14 = 434.045
ROUND 725 A#24 and B#14 = 413.364
ROUND 726 A#25 and B#14 = 484.399
ROUND 727 A#26 and B#14 = 478.084
ROUND 728 A#27 and B#14 = 442.172
ROUND 729 A#28 and B#14 = 451.962
ROUND 730 A#29 and B#14 = 449.054
ROUND 731 A#30 and B#14 = 424.089
ROUND 732 A#31 and B#14 = 468.788
ROUND 733 A#32 and B#14 = 464.974
ROUND 734 A#33 and B#14 = 415.186
ROUND 735 A#34 and B#14 = 386.384
ROUND 736 A#35 and B#14 = 447.902
ROUND 737 A#36 and B#14 = 494.551
ROUND 738 A#37 and B#14 = 476.698
ROUND 739 A#38 and B#14 = 439.333
ROUND 740 A#39 and B#14 = 449.507
ROUND 741 A#40 and B#14 = 444.079
ROUND 742 A#41 and B#14 = 460.403
ROUND 743 A#42 and B#14 = 431.617
ROUND 744 A#43 and B#14 = 480.272
ROUND 745 A#44 and B#14 = 437.914
ROUND 746 A#45 and B#14 = 406.009
ROUND 747 A#46 and B#14 = 468.336
ROUND 748 A#47 and B#14 = 436.37
ROUND 749 A#48 and B#14 = 436.216
ROUND 750 A#49 and B#14 = 438.118
ROUND 751 A#0 and B#15 = 496.2
ROUND 752 A#1 and B#15 = 481.838
ROUND 753 A#2 and B#15 = 418.192
ROUND 754 A#3 and B#15 = 514.08
ROUND 755 A#4 and B#15 = 497.962
ROUND 756 A#5 and B#15 = 482.564
ROUND 757 A#6 and B#15 = 500.627
ROUND 758 A#7 and B#15 = 533.38
ROUND 759 A#8 and B#15 = 484.556
ROUND 760 A#9 and B#15 = 406.116
ROUND 761 A#10 and B#15 = 532.832
ROUND 762 A#11 and B#15 = 469.873
ROUND 763 A#12 and B#15 = 448.811
ROUND 764 A#13 and B#15 = 480.161
ROUND 765 A#14 and B#15 = 413.484
ROUND 766 A#15 and B#15 = 509.643
ROUND 767 A#16 and B#15 = 408.203
ROUND 768 A#17 and B#15 = 448.426
ROUND 769 A#18 and B#15 = 467.156
ROUND 770 A#19 and B#15 = 511.888
ROUND 771 A#20 and B#15 = 407.96
ROUND 772 A#21 and B#15 = 496.531
ROUND 773 A#22 and B#15 = 507.342
ROUND 774 A#23 and B#15 = 407.134
ROUND 775 A#24 and B#15 = 431.174
ROUND 776 A#25 and B#15 = 496.109
ROUND 777 A#26 and B#15 = 561.358
ROUND 778 A#27 and B#15 = 500.525
ROUND 779 A#28 and B#15 = 504.401
ROUND 780 A#29 and B#15 = 510.918
ROUND 781 A#30 and B#15 = 481.419
ROUND 782 A#31 and B#15 = 489.701
ROUND 783 A#32 and B#15 = 511.461
ROUND 784 A#33 and B#15 = 483.264
ROUND 785 A#34 and B#15 = 440.785
ROUND 786 A#35 and B#15 = 507.71
ROUND 787 A#36 and B#15 = 512.684
ROUND 788 A#37 and B#15 = 493.192
ROUND 789 A#38 and B#15 = 498.353
ROUND 790 A#39 and B#15 = 509.225
ROUND 791 A#40 and B#15 = 500.182
ROUND 792 A#41 and B#15 = 477.092
ROUND 793 A#42 and B#15 = 501.215
ROUND 794 A#43 and B#15 = 490.99
ROUND 795 A#44 and B#15 = 504.702
ROUND 796 A#45 and B#15 = 479.335
ROUND 797 A#46 and B#15 = 479.944
ROUND 798 A#47 and B#15 = 474.928
ROUND 799 A#48 and B#15 = 502.011
ROUND 800 A#49 and B#15 = 472.82
ROUND 801 A#0 and B#16 = 486.536
ROUND 802 A#1 and B#16 = 452.71
ROUND 803 A#2 and B#16 = 444.693
ROUND 804 A#3 and B#16 = 461.513
ROUND 805 A#4 and B#16 = 445.231
ROUND 806 A#5 and B#16 = 455.199
ROUND 807 A#6 and B#16 = 444.177
ROUND 808 A#7 and B#16 = 468.019
ROUND 809 A#8 and B#16 = 499.683
ROUND 810 A#9 and B#16 = 450.597
ROUND 811 A#10 and B#16 = 467.383
ROUND 812 A#11 and B#16 = 463.982
ROUND 813 A#12 and B#16 = 440.895
ROUND 814 A#13 and B#16 = 447.088
ROUND 815 A#14 and B#16 = 441.312
ROUND 816 A#15 and B#16 = 449.614
ROUND 817 A#16 and B#16 = 450.551
ROUND 818 A#17 and B#16 = 440.876
ROUND 819 A#18 and B#16 = 427.289
ROUND 820 A#19 and B#16 = 448.005
ROUND 821 A#20 and B#16 = 450.803
ROUND 822 A#21 and B#16 = 479.469
ROUND 823 A#22 and B#16 = 449.886
ROUND 824 A#23 and B#16 = 448.709
ROUND 825 A#24 and B#16 = 440.037
ROUND 826 A#25 and B#16 = 486.576
ROUND 827 A#26 and B#16 = 469.242
ROUND 828 A#27 and B#16 = 445.845
ROUND 829 A#28 and B#16 = 454.639
ROUND 830 A#29 and B#16 = 447.569
ROUND 831 A#30 and B#16 = 452.045
ROUND 832 A#31 and B#16 = 468.291
ROUND 833 A#32 and B#16 = 450.464
ROUND 834 A#33 and B#16 = 454.838
ROUND 835 A#34 and B#16 = 396.178
ROUND 836 A#35 and B#16 = 446.683
ROUND 837 A#36 and B#16 = 465.594
ROUND 838 A#37 and B#16 = 488.882
ROUND 839 A#38 and B#16 = 445.952
ROUND 840 A#39 and B#16 = 447.336
ROUND 841 A#40 and B#16 = 444.52
ROUND 842 A#41 and B#16 = 480.235
ROUND 843 A#42 and B#16 = 438.716
ROUND 844 A#43 and B#16 = 482.072
ROUND 845 A#44 and B#16 = 437.648
ROUND 846 A#45 and B#16 = 499.112
ROUND 847 A#46 and B#16 = 498.244
ROUND 848 A#47 and B#16 = 435.259
ROUND 849 A#48 and B#16 = 438.273
ROUND 850 A#49 and B#16 = 437.856
ROUND 851 A#0 and B#17 = 424.25
ROUND 852 A#1 and B#17 = 465.222
ROUND 853 A#2 and B#17 = 342.62
ROUND 854 A#3 and B#17 = 463.158
ROUND 855 A#4 and B#17 = 478.901
ROUND 856 A#5 and B#17 = 463.702
ROUND 857 A#6 and B#17 = 450.019
ROUND 858 A#7 and B#17 = 439.972
ROUND 859 A#8 and B#17 = 463.505
ROUND 860 A#9 and B#17 = 447.682
ROUND 861 A#10 and B#17 = 440.985
ROUND 862 A#11 and B#17 = 443.603
ROUND 863 A#12 and B#17 = 356.634
ROUND 864 A#13 and B#17 = 447.344
ROUND 865 A#14 and B#17 = 322.789
ROUND 866 A#15 and B#17 = 391.627
ROUND 867 A#16 and B#17 = 435.733
ROUND 868 A#17 and B#17 = 355.807
ROUND 869 A#18 and B#17 = 453.202
ROUND 870 A#19 and B#17 = 398.201
ROUND 871 A#20 and B#17 = 437.26
ROUND 872 A#21 and B#17 = 422.189
ROUND 873 A#22 and B#17 = 435.852
ROUND 874 A#23 and B#17 = 446.049
ROUND 875 A#24 and B#17 = 427.546
ROUND 876 A#25 and B#17 = 425.556
ROUND 877 A#26 and B#17 = 423.533
ROUND 878 A#27 and B#17 = 445.408
ROUND 879 A#28 and B#17 = 398.147
ROUND 880 A#29 and B#17 = 397.456
ROUND 881 A#30 and B#17 = 465.314
ROUND 882 A#31 and B#17 = 502.452
ROUND 883 A#32 and B#17 = 367.351
ROUND 884 A#33 and B#17 = 464.053
ROUND 885 A#34 and B#17 = 339.372
ROUND 886 A#35 and B#17 = 395.309
ROUND 887 A#36 and B#17 = 467.527
ROUND 888 A#37 and B#17 = 432.887
ROUND 889 A#38 and B#17 = 444.419
ROUND 890 A#39 and B#17 = 396.85
ROUND 891 A#40 and B#17 = 478.09
ROUND 892 A#41 and B#17 = 418.34
ROUND 893 A#42 and B#17 = 450.813
ROUND 894 A#43 and B#17 = 432.015
ROUND 895 A#44 and B#17 = 450.891
ROUND 896 A#45 and B#17 = 463.17
ROUND 897 A#46 and B#17 = 464.412
ROUND 898 A#47 and B#17 = 451.268
ROUND 899 A#48 and B#17 = 450.201
ROUND 900 A#49 and B#17 = 450.858
ROUND 901 A#0 and B#18 = 429.734
ROUND 902 A#1 and B#18 = 446.572
ROUND 903 A#2 and B#18 = 385.771
ROUND 904 A#3 and B#18 = 434.499
ROUND 905 A#4 and B#18 = 441.615
ROUND 906 A#5 and B#18 = 445.998
ROUND 907 A#6 and B#18 = 440.287
ROUND 908 A#7 and B#18 = 440.609
ROUND 909 A#8 and B#18 = 444.56
ROUND 910 A#9 and B#18 = 446.354
ROUND 911 A#10 and B#18 = 440.163
ROUND 912 A#11 and B#18 = 448.481
ROUND 913 A#12 and B#18 = 389.188
ROUND 914 A#13 and B#18 = 442.373
ROUND 915 A#14 and B#18 = 382.948
ROUND 916 A#15 and B#18 = 444.931
ROUND 917 A#16 and B#18 = 448.631
ROUND 918 A#17 and B#18 = 388.493
ROUND 919 A#18 and B#18 = 436.037
ROUND 920 A#19 and B#18 = 453.468
ROUND 921 A#20 and B#18 = 450.078
ROUND 922 A#21 and B#18 = 399.75
ROUND 923 A#22 and B#18 = 447.534
ROUND 924 A#23 and B#18 = 452.286
ROUND 925 A#24 and B#18 = 434.504
ROUND 926 A#25 and B#18 = 429.463
ROUND 927 A#26 and B#18 = 450.837
ROUND 928 A#27 and B#18 = 442.306
ROUND 929 A#28 and B#18 = 454.024
ROUND 930 A#29 and B#18 = 452.422
ROUND 931 A#30 and B#18 = 446.192
ROUND 932 A#31 and B#18 = 487.271
ROUND 933 A#32 and B#18 = 393.594
ROUND 934 A#33 and B#18 = 446.149
ROUND 935 A#34 and B#18 = 431.29
ROUND 936 A#35 and B#18 = 452.875
ROUND 937 A#36 and B#18 = 419.546
ROUND 938 A#37 and B#18 = 396.012
ROUND 939 A#38 and B#18 = 440.996
ROUND 940 A#39 and B#18 = 452.818
ROUND 941 A#40 and B#18 = 442.253
ROUND 942 A#41 and B#18 = 456.424
ROUND 943 A#42 and B#18 = 439.194
ROUND 944 A#43 and B#18 = 480.795
ROUND 945 A#44 and B#18 = 441.003
ROUND 946 A#45 and B#18 = 436.147
ROUND 947 A#46 and B#18 = 438.228
ROUND 948 A#47 and B#18 = 439.141
ROUND 949 A#48 and B#18 = 440.111
ROUND 950 A#49 and B#18 = 441.044
ROUND 951 A#0 and B#19 = 496.659
ROUND 952 A#1 and B#19 = 479.008
ROUND 953 A#2 and B#19 = 420.749
ROUND 954 A#3 and B#19 = 509.191
ROUND 955 A#4 and B#19 = 484.497
ROUND 956 A#5 and B#19 = 480.066
ROUND 957 A#6 and B#19 = 487.512
ROUND 958 A#7 and B#19 = 527.692
ROUND 959 A#8 and B#19 = 484.407
ROUND 960 A#9 and B#19 = 512.686
ROUND 961 A#10 and B#19 = 527.158
ROUND 962 A#11 and B#19 = 479.047
ROUND 963 A#12 and B#19 = 449.971
ROUND 964 A#13 and B#19 = 494.555
ROUND 965 A#14 and B#19 = 416.096
ROUND 966 A#15 and B#19 = 509.697
ROUND 967 A#16 and B#19 = 504.298
ROUND 968 A#17 and B#19 = 449.781
ROUND 969 A#18 and B#19 = 481.317
ROUND 970 A#19 and B#19 = 504.822
ROUND 971 A#20 and B#19 = 502.485
ROUND 972 A#21 and B#19 = 496.72
ROUND 973 A#22 and B#19 = 504.707
ROUND 974 A#23 and B#19 = 487.536
ROUND 975 A#24 and B#19 = 421.264
ROUND 976 A#25 and B#19 = 496.353
ROUND 977 A#26 and B#19 = 559.795
ROUND 978 A#27 and B#19 = 491.558
ROUND 979 A#28 and B#19 = 500.608
ROUND 980 A#29 and B#19 = 505.252
ROUND 981 A#30 and B#19 = 478.548
ROUND 982 A#31 and B#19 = 506.385
ROUND 983 A#32 and B#19 = 522.01
ROUND 984 A#33 and B#19 = 480.872
ROUND 985 A#34 and B#19 = 426.497
ROUND 986 A#35 and B#19 = 504.129
ROUND 987 A#36 and B#19 = 512.068
ROUND 988 A#37 and B#19 = 494.792
ROUND 989 A#38 and B#19 = 488.476
ROUND 990 A#39 and B#19 = 504.322
ROUND 991 A#40 and B#19 = 485.404
ROUND 992 A#41 and B#19 = 476.131
ROUND 993 A#42 and B#19 = 484.992
ROUND 994 A#43 and B#19 = 493.902
ROUND 995 A#44 and B#19 = 486.051
ROUND 996 A#45 and B#19 = 478.179
ROUND 997 A#46 and B#19 = 478.68
ROUND 998 A#47 and B#19 = 488.47
ROUND 999 A#48 and B#19 = 483.828
ROUND 1000 A#49 and B#19 = 485.855
ROUND 1001 A#0 and B#20 = 481.816
ROUND 1002 A#1 and B#20 = 473.219
ROUND 1003 A#2 and B#20 = 412.536
ROUND 1004 A#3 and B#20 = 492.521
ROUND 1005 A#4 and B#20 = 438.453
ROUND 1006 A#5 and B#20 = 472.597
ROUND 1007 A#6 and B#20 = 418.948
ROUND 1008 A#7 and B#20 = 494.061
ROUND 1009 A#8 and B#20 = 471.631
ROUND 1010 A#9 and B#20 = 432.739
ROUND 1011 A#10 and B#20 = 494.46
ROUND 1012 A#11 and B#20 = 451.688
ROUND 1013 A#12 and B#20 = 420.966
ROUND 1014 A#13 and B#20 = 421.192
ROUND 1015 A#14 and B#20 = 410.702
ROUND 1016 A#15 and B#20 = 430.498
ROUND 1017 A#16 and B#20 = 435.739
ROUND 1018 A#17 and B#20 = 422.217
ROUND 1019 A#18 and B#20 = 436.63
ROUND 1020 A#19 and B#20 = 439.498
ROUND 1021 A#20 and B#20 = 439.162
ROUND 1022 A#21 and B#20 = 483.377
ROUND 1023 A#22 and B#20 = 435.02
ROUND 1024 A#23 and B#20 = 434.916
ROUND 1025 A#24 and B#20 = 414.027
ROUND 1026 A#25 and B#20 = 481.833
ROUND 1027 A#26 and B#20 = 476.987
ROUND 1028 A#27 and B#20 = 437.331
ROUND 1029 A#28 and B#20 = 443.718
ROUND 1030 A#29 and B#20 = 439.012
ROUND 1031 A#30 and B#20 = 472.848
ROUND 1032 A#31 and B#20 = 470.195
ROUND 1033 A#32 and B#20 = 462.125
ROUND 1034 A#33 and B#20 = 472.856
ROUND 1035 A#34 and B#20 = 380.531
ROUND 1036 A#35 and B#20 = 439.563
ROUND 1037 A#36 and B#20 = 494.477
ROUND 1038 A#37 and B#20 = 474.116
ROUND 1039 A#38 and B#20 = 434.811
ROUND 1040 A#39 and B#20 = 440.04
ROUND 1041 A#40 and B#20 = 439.534
ROUND 1042 A#41 and B#20 = 459.228
ROUND 1043 A#42 and B#20 = 429.074
ROUND 1044 A#43 and B#20 = 477.559
ROUND 1045 A#44 and B#20 = 434.539
ROUND 1046 A#45 and B#20 = 464.579
ROUND 1047 A#46 and B#20 = 466.585
ROUND 1048 A#47 and B#20 = 433.863
ROUND 1049 A#48 and B#20 = 432.891
ROUND 1050 A#49 and B#20 = 434.659
ROUND 1051 A#0 and B#21 = 440.65
ROUND 1052 A#1 and B#21 = 457.154
ROUND 1053 A#2 and B#21 = 409.011
ROUND 1054 A#3 and B#21 = 411.488
ROUND 1055 A#4 and B#21 = 421.083
ROUND 1056 A#5 and B#21 = 458.501
ROUND 1057 A#6 and B#21 = 418.77
ROUND 1058 A#7 and B#21 = 426.921
ROUND 1059 A#8 and B#21 = 455
ROUND 1060 A#9 and B#21 = 429.409
ROUND 1061 A#10 and B#21 = 425.509
ROUND 1062 A#11 and B#21 = 418.332
ROUND 1063 A#12 and B#21 = 411.45
ROUND 1064 A#13 and B#21 = 416.681
ROUND 1065 A#14 and B#21 = 409.621
ROUND 1066 A#15 and B#21 = 516.613
ROUND 1067 A#16 and B#21 = 517.544
ROUND 1068 A#17 and B#21 = 411.89
ROUND 1069 A#18 and B#21 = 412.389
ROUND 1070 A#19 and B#21 = 520.375
ROUND 1071 A#20 and B#21 = 516.536
ROUND 1072 A#21 and B#21 = 440.038
ROUND 1073 A#22 and B#21 = 516.998
ROUND 1074 A#23 and B#21 = 428.06
ROUND 1075 A#24 and B#21 = 459.741
ROUND 1076 A#25 and B#21 = 441.774
ROUND 1077 A#26 and B#21 = 463.471
ROUND 1078 A#27 and B#21 = 420.971
ROUND 1079 A#28 and B#21 = 521.669
ROUND 1080 A#29 and B#21 = 520.349
ROUND 1081 A#30 and B#21 = 457.595
ROUND 1082 A#31 and B#21 = 454.898
ROUND 1083 A#32 and B#21 = 502.954
ROUND 1084 A#33 and B#21 = 458.423
ROUND 1085 A#34 and B#21 = 392.673
ROUND 1086 A#35 and B#21 = 522.695
ROUND 1087 A#36 and B#21 = 404.87
ROUND 1088 A#37 and B#21 = 439.316
ROUND 1089 A#38 and B#21 = 421.85
ROUND 1090 A#39 and B#21 = 521.512
ROUND 1091 A#40 and B#21 = 420.189
ROUND 1092 A#41 and B#21 = 435.686
ROUND 1093 A#42 and B#21 = 417.98
ROUND 1094 A#43 and B#21 = 436.993
ROUND 1095 A#44 and B#21 = 416.372
ROUND 1096 A#45 and B#21 = 417.715
ROUND 1097 A#46 and B#21 = 457.47
ROUND 1098 A#47 and B#21 = 414.17
ROUND 1099 A#48 and B#21 = 417.713
ROUND 1100 A#49 and B#21 = 416.689
ROUND 1101 A#0 and B#22 = 448.402
ROUND 1102 A#1 and B#22 = 450.883
ROUND 1103 A#2 and B#22 = 456.771
ROUND 1104 A#3 and B#22 = 409.647
ROUND 1105 A#4 and B#22 = 453.908
ROUND 1106 A#5 and B#22 = 505.856
ROUND 1107 A#6 and B#22 = 436.251
ROUND 1108 A#7 and B#22 = 418.337
ROUND 1109 A#8 and B#22 = 501.861
ROUND 1110 A#9 and B#22 = 453.894
ROUND 1111 A#10 and B#22 = 417.607
ROUND 1112 A#11 and B#22 = 441.834
ROUND 1113 A#12 and B#22 = 445.625
ROUND 1114 A#13 and B#22 = 511.441
ROUND 1115 A#14 and B#22 = 450.51
ROUND 1116 A#15 and B#22 = 444.684
ROUND 1117 A#16 and B#22 = 438.323
ROUND 1118 A#17 and B#22 = 446.011
ROUND 1119 A#18 and B#22 = 443.862
ROUND 1120 A#19 and B#22 = 449.287
ROUND 1121 A#20 and B#22 = 444.065
ROUND 1122 A#21 and B#22 = 448.435
ROUND 1123 A#22 and B#22 = 438.534
ROUND 1124 A#23 and B#22 = 456.339
ROUND 1125 A#24 and B#22 = 435.254
ROUND 1126 A#25 and B#22 = 448.751
ROUND 1127 A#26 and B#22 = 425.949
ROUND 1128 A#27 and B#22 = 413.179
ROUND 1129 A#28 and B#22 = 444.993
ROUND 1130 A#29 and B#22 = 448.598
ROUND 1131 A#30 and B#22 = 451.186
ROUND 1132 A#31 and B#22 = 454.207
ROUND 1133 A#32 and B#22 = 416.846
ROUND 1134 A#33 and B#22 = 504.937
ROUND 1135 A#34 and B#22 = 389.535
ROUND 1136 A#35 and B#22 = 443.897
ROUND 1137 A#36 and B#22 = 445.172
ROUND 1138 A#37 and B#22 = 448.618
ROUND 1139 A#38 and B#22 = 451.765
ROUND 1140 A#39 and B#22 = 446.275
ROUND 1141 A#40 and B#22 = 412.279
ROUND 1142 A#41 and B#22 = 459.465
ROUND 1143 A#42 and B#22 = 408.381
ROUND 1144 A#43 and B#22 = 450.223
ROUND 1145 A#44 and B#22 = 402.554
ROUND 1146 A#45 and B#22 = 453.095
ROUND 1147 A#46 and B#22 = 452.272
ROUND 1148 A#47 and B#22 = 405.553
ROUND 1149 A#48 and B#22 = 403.52
ROUND 1150 A#49 and B#22 = 402.642
ROUND 1151 A#0 and B#23 = 503.152
ROUND 1152 A#1 and B#23 = 504.701
ROUND 1153 A#2 and B#23 = 467.144
ROUND 1154 A#3 and B#23 = 482.496
ROUND 1155 A#4 and B#23 = 500.662
ROUND 1156 A#5 and B#23 = 511.402
ROUND 1157 A#6 and B#23 = 504.204
ROUND 1158 A#7 and B#23 = 467.484
ROUND 1159 A#8 and B#23 = 510.657
ROUND 1160 A#9 and B#23 = 461.316
ROUND 1161 A#10 and B#23 = 468.211
ROUND 1162 A#11 and B#23 = 459.716
ROUND 1163 A#12 and B#23 = 460.659
ROUND 1164 A#13 and B#23 = 501.619
ROUND 1165 A#14 and B#23 = 460.084
ROUND 1166 A#15 and B#23 = 445.588
ROUND 1167 A#16 and B#23 = 440.736
ROUND 1168 A#17 and B#23 = 462.237
ROUND 1169 A#18 and B#23 = 490.646
ROUND 1170 A#19 and B#23 = 447.611
ROUND 1171 A#20 and B#23 = 441.609
ROUND 1172 A#21 and B#23 = 500.899
ROUND 1173 A#22 and B#23 = 440.925
ROUND 1174 A#23 and B#23 = 463.064
ROUND 1175 A#24 and B#23 = 426.263
ROUND 1176 A#25 and B#23 = 503.239
ROUND 1177 A#26 and B#23 = 460.634
ROUND 1178 A#27 and B#23 = 500.301
ROUND 1179 A#28 and B#23 = 444.886
ROUND 1180 A#29 and B#23 = 447.107
ROUND 1181 A#30 and B#23 = 505.241
ROUND 1182 A#31 and B#23 = 458.774
ROUND 1183 A#32 and B#23 = 442.594
ROUND 1184 A#33 and B#23 = 510.213
ROUND 1185 A#34 and B#23 = 392.418
ROUND 1186 A#35 and B#23 = 443.808
ROUND 1187 A#36 and B#23 = 464.434
ROUND 1188 A#37 and B#23 = 507.328
ROUND 1189 A#38 and B#23 = 501.804
ROUND 1190 A#39 and B#23 = 445.166
ROUND 1191 A#40 and B#23 = 501.053
ROUND 1192 A#41 and B#23 = 475.611
ROUND 1193 A#42 and B#23 = 498.205
ROUND 1194 A#43 and B#23 = 513.395
ROUND 1195 A#44 and B#23 = 496.216
ROUND 1196 A#45 and B#23 = 508.979
ROUND 1197 A#46 and B#23 = 508.407
ROUND 1198 A#47 and B#23 = 495.169
ROUND 1199 A#48 and B#23 = 497.123
ROUND 1200 A#49 and B#23 = 496.553
ROUND 1201 A#0 and B#24 = 472.484
ROUND 1202 A#1 and B#24 = 486.188
ROUND 1203 A#2 and B#24 = 429.839
ROUND 1204 A#3 and B#24 = 408.939
ROUND 1205 A#4 and B#24 = 433.115
ROUND 1206 A#5 and B#24 = 435.673
ROUND 1207 A#6 and B#24 = 419.229
ROUND 1208 A#7 and B#24 = 455.701
ROUND 1209 A#8 and B#24 = 451.849
ROUND 1210 A#9 and B#24 = 456.602
ROUND 1211 A#10 and B#24 = 456.406
ROUND 1212 A#11 and B#24 = 431.125
ROUND 1213 A#12 and B#24 = 430.977
ROUND 1214 A#13 and B#24 = 421.066
ROUND 1215 A#14 and B#24 = 428.089
ROUND 1216 A#15 and B#24 = 450.511
ROUND 1217 A#16 and B#24 = 446.183
ROUND 1218 A#17 and B#24 = 431.423
ROUND 1219 A#18 and B#24 = 473.022
ROUND 1220 A#19 and B#24 = 456.18
ROUND 1221 A#20 and B#24 = 447.859
ROUND 1222 A#21 and B#24 = 466.994
ROUND 1223 A#22 and B#24 = 442.762
ROUND 1224 A#23 and B#24 = 459.679
ROUND 1225 A#24 and B#24 = 441.703
ROUND 1226 A#25 and B#24 = 472.801
ROUND 1227 A#26 and B#24 = 428.485
ROUND 1228 A#27 and B#24 = 489.814
ROUND 1229 A#28 and B#24 = 452.95
ROUND 1230 A#29 and B#24 = 455.425
ROUND 1231 A#30 and B#24 = 486.31
ROUND 1232 A#31 and B#24 = 451.138
ROUND 1233 A#32 and B#24 = 410.257
ROUND 1234 A#33 and B#24 = 436.973
ROUND 1235 A#34 and B#24 = 394.955
ROUND 1236 A#35 and B#24 = 451.512
ROUND 1237 A#36 and B#24 = 406.001
ROUND 1238 A#37 and B#24 = 492.736
ROUND 1239 A#38 and B#24 = 430.269
ROUND 1240 A#39 and B#24 = 453.66
ROUND 1241 A#40 and B#24 = 433.231
ROUND 1242 A#41 and B#24 = 462.786
ROUND 1243 A#42 and B#24 = 415.35
ROUND 1244 A#43 and B#24 = 448.755
ROUND 1245 A#44 and B#24 = 482.887
ROUND 1246 A#45 and B#24 = 483.987
ROUND 1247 A#46 and B#24 = 461.582
ROUND 1248 A#47 and B#24 = 479.712
ROUND 1249 A#48 and B#24 = 420.682
ROUND 1250 A#49 and B#24 = 483.336
ROUND 1251 A#0 and B#25 = 471.934
ROUND 1252 A#1 and B#25 = 485.615
ROUND 1253 A#2 and B#25 = 430.011
ROUND 1254 A#3 and B#25 = 408.967
ROUND 1255 A#4 and B#25 = 433.763
ROUND 1256 A#5 and B#25 = 436.147
ROUND 1257 A#6 and B#25 = 418.733
ROUND 1258 A#7 and B#25 = 455.758
ROUND 1259 A#8 and B#25 = 452.072
ROUND 1260 A#9 and B#25 = 456.524
ROUND 1261 A#10 and B#25 = 456.339
ROUND 1262 A#11 and B#25 = 431.701
ROUND 1263 A#12 and B#25 = 431.376
ROUND 1264 A#13 and B#25 = 421.617
ROUND 1265 A#14 and B#25 = 428.286
ROUND 1266 A#15 and B#25 = 450.584
ROUND 1267 A#16 and B#25 = 446.26
ROUND 1268 A#17 and B#25 = 431.812
ROUND 1269 A#18 and B#25 = 472.894
ROUND 1270 A#19 and B#25 = 456.422
ROUND 1271 A#20 and B#25 = 448.042
ROUND 1272 A#21 and B#25 = 466.739
ROUND 1273 A#22 and B#25 = 442.995
ROUND 1274 A#23 and B#25 = 459.748
ROUND 1275 A#24 and B#25 = 441.986
ROUND 1276 A#25 and B#25 = 472.375
ROUND 1277 A#26 and B#25 = 429.076
ROUND 1278 A#27 and B#25 = 489.689
ROUND 1279 A#28 and B#25 = 453.192
ROUND 1280 A#29 and B#25 = 455.63
ROUND 1281 A#30 and B#25 = 485.532
ROUND 1282 A#31 and B#25 = 451.552
ROUND 1283 A#32 and B#25 = 410.688
ROUND 1284 A#33 and B#25 = 437.782
ROUND 1285 A#34 and B#25 = 395.316
ROUND 1286 A#35 and B#25 = 451.7
ROUND 1287 A#36 and B#25 = 406.132
ROUND 1288 A#37 and B#25 = 492.792
ROUND 1289 A#38 and B#25 = 430.941
ROUND 1290 A#39 and B#25 = 453.853
ROUND 1291 A#40 and B#25 = 433.729
ROUND 1292 A#41 and B#25 = 463.278
ROUND 1293 A#42 and B#25 = 415.925
ROUND 1294 A#43 and B#25 = 448.875
ROUND 1295 A#44 and B#25 = 482.777
ROUND 1296 A#45 and B#25 = 484.834
ROUND 1297 A#46 and B#25 = 461.96
ROUND 1298 A#47 and B#25 = 479.686
ROUND 1299 A#48 and B#25 = 421.315
ROUND 1300 A#49 and B#25 = 483.181
ROUND 1301 A#0 and B#26 = 459.698
ROUND 1302 A#1 and B#26 = 451.8
ROUND 1303 A#2 and B#26 = 355.998
ROUND 1304 A#3 and B#26 = 415.179
ROUND 1305 A#4 and B#26 = 422.329
ROUND 1306 A#5 and B#26 = 454.275
ROUND 1307 A#6 and B#26 = 412.022
ROUND 1308 A#7 and B#26 = 487.396
ROUND 1309 A#8 and B#26 = 454.254
ROUND 1310 A#9 and B#26 = 472.047
ROUND 1311 A#10 and B#26 = 487.92
ROUND 1312 A#11 and B#26 = 425.27
ROUND 1313 A#12 and B#26 = 410.976
ROUND 1314 A#13 and B#26 = 411.957
ROUND 1315 A#14 and B#26 = 358.734
ROUND 1316 A#15 and B#26 = 420.603
ROUND 1317 A#16 and B#26 = 424.851
ROUND 1318 A#17 and B#26 = 411.922
ROUND 1319 A#18 and B#26 = 454.943
ROUND 1320 A#19 and B#26 = 433.593
ROUND 1321 A#20 and B#26 = 428.418
ROUND 1322 A#21 and B#26 = 461.816
ROUND 1323 A#22 and B#26 = 423.774
ROUND 1324 A#23 and B#26 = 470.443
ROUND 1325 A#24 and B#26 = 442.193
ROUND 1326 A#25 and B#26 = 460.147
ROUND 1327 A#26 and B#26 = 457.8
ROUND 1328 A#27 and B#26 = 422.777
ROUND 1329 A#28 and B#26 = 431.844
ROUND 1330 A#29 and B#26 = 431.853
ROUND 1331 A#30 and B#26 = 451.435
ROUND 1332 A#31 and B#26 = 428.011
ROUND 1333 A#32 and B#26 = 472.777
ROUND 1334 A#33 and B#26 = 454.754
ROUND 1335 A#34 and B#26 = 403.069
ROUND 1336 A#35 and B#26 = 428.372
ROUND 1337 A#36 and B#26 = 415.831
ROUND 1338 A#37 and B#26 = 455.206
ROUND 1339 A#38 and B#26 = 415.177
ROUND 1340 A#39 and B#26 = 431.072
ROUND 1341 A#40 and B#26 = 424.959
ROUND 1342 A#41 and B#26 = 410.05
ROUND 1343 A#42 and B#26 = 410.69
ROUND 1344 A#43 and B#26 = 456.548
ROUND 1345 A#44 and B#26 = 447.778
ROUND 1346 A#45 and B#26 = 461.436
ROUND 1347 A#46 and B#26 = 462.203
ROUND 1348 A#47 and B#26 = 448.221
ROUND 1349 A#48 and B#26 = 447.356
ROUND 1350 A#49 and B#26 = 447.433
ROUND 1351 A#0 and B#27 = 496.727
ROUND 1352 A#1 and B#27 = 482.632
ROUND 1353 A#2 and B#27 = 418.269
ROUND 1354 A#3 and B#27 = 514.394
ROUND 1355 A#4 and B#27 = 498.899
ROUND 1356 A#5 and B#27 = 483.261
ROUND 1357 A#6 and B#27 = 502.043
ROUND 1358 A#7 and B#27 = 533.681
ROUND 1359 A#8 and B#27 = 485.594
ROUND 1360 A#9 and B#27 = 406.504
ROUND 1361 A#10 and B#27 = 533.125
ROUND 1362 A#11 and B#27 = 469.077
ROUND 1363 A#12 and B#27 = 448.976
ROUND 1364 A#13 and B#27 = 479.82
ROUND 1365 A#14 and B#27 = 413.388
ROUND 1366 A#15 and B#27 = 506.668
ROUND 1367 A#16 and B#27 = 408.578
ROUND 1368 A#17 and B#27 = 448.664
ROUND 1369 A#18 and B#27 = 466.498
ROUND 1370 A#19 and B#27 = 513.114
ROUND 1371 A#20 and B#27 = 408.338
ROUND 1372 A#21 and B#27 = 497.103
ROUND 1373 A#22 and B#27 = 507.617
ROUND 1374 A#23 and B#27 = 407.573
ROUND 1375 A#24 and B#27 = 432.427
ROUND 1376 A#25 and B#27 = 496.682
ROUND 1377 A#26 and B#27 = 560.941
ROUND 1378 A#27 and B#27 = 501.66
ROUND 1379 A#28 and B#27 = 505.712
ROUND 1380 A#29 and B#27 = 512.17
ROUND 1381 A#30 and B#27 = 482.204
ROUND 1382 A#31 and B#27 = 489.443
ROUND 1383 A#32 and B#27 = 509.139
ROUND 1384 A#33 and B#27 = 483.946
ROUND 1385 A#34 and B#27 = 441.505
ROUND 1386 A#35 and B#27 = 508.989
ROUND 1387 A#36 and B#27 = 512.524
ROUND 1388 A#37 and B#27 = 493.683
ROUND 1389 A#38 and B#27 = 475.638
ROUND 1390 A#39 and B#27 = 510.508
ROUND 1391 A#40 and B#27 = 500.977
ROUND 1392 A#41 and B#27 = 476.982
ROUND 1393 A#42 and B#27 = 502.392
ROUND 1394 A#43 and B#27 = 491.257
ROUND 1395 A#44 and B#27 = 505.766
ROUND 1396 A#45 and B#27 = 480.03
ROUND 1397 A#46 and B#27 = 480.505
ROUND 1398 A#47 and B#27 = 473.926
ROUND 1399 A#48 and B#27 = 503.113
ROUND 1400 A#49 and B#27 = 505.511
ROUND 1401 A#0 and B#28 = 451.884
ROUND 1402 A#1 and B#28 = 460.122
ROUND 1403 A#2 and B#28 = 384.556
ROUND 1404 A#3 and B#28 = 417.049
ROUND 1405 A#4 and B#28 = 457.627
ROUND 1406 A#5 and B#28 = 458.542
ROUND 1407 A#6 and B#28 = 445.717
ROUND 1408 A#7 and B#28 = 403.362
ROUND 1409 A#8 and B#28 = 457.98
ROUND 1410 A#9 and B#28 = 480.659
ROUND 1411 A#10 and B#28 = 403.728
ROUND 1412 A#11 and B#28 = 427.933
ROUND 1413 A#12 and B#28 = 388.768
ROUND 1414 A#13 and B#28 = 449.622
ROUND 1415 A#14 and B#28 = 382.296
ROUND 1416 A#15 and B#28 = 383.699
ROUND 1417 A#16 and B#28 = 381.649
ROUND 1418 A#17 and B#28 = 390.212
ROUND 1419 A#18 and B#28 = 442.572
ROUND 1420 A#19 and B#28 = 381.829
ROUND 1421 A#20 and B#28 = 381.662
ROUND 1422 A#21 and B#28 = 435.645
ROUND 1423 A#22 and B#28 = 382.056
ROUND 1424 A#23 and B#28 = 481.274
ROUND 1425 A#24 and B#28 = 472.287
ROUND 1426 A#25 and B#28 = 451.922
ROUND 1427 A#26 and B#28 = 474.203
ROUND 1428 A#27 and B#28 = 454.994
ROUND 1429 A#28 and B#28 = 425.728
ROUND 1430 A#29 and B#28 = 382.152
ROUND 1431 A#30 and B#28 = 459.728
ROUND 1432 A#31 and B#28 = 446.725
ROUND 1433 A#32 and B#28 = 443.528
ROUND 1434 A#33 and B#28 = 459.549
ROUND 1435 A#34 and B#28 = 362.591
ROUND 1436 A#35 and B#28 = 382.756
ROUND 1437 A#36 and B#28 = 420.005
ROUND 1438 A#37 and B#28 = 440.313
ROUND 1439 A#38 and B#28 = 454.214
ROUND 1440 A#39 and B#28 = 381.967
ROUND 1441 A#40 and B#28 = 456.747
ROUND 1442 A#41 and B#28 = 452.727
ROUND 1443 A#42 and B#28 = 446.253
ROUND 1444 A#43 and B#28 = 451.745
ROUND 1445 A#44 and B#28 = 450.548
ROUND 1446 A#45 and B#28 = 459.836
ROUND 1447 A#46 and B#28 = 460.763
ROUND 1448 A#47 and B#28 = 446.334
ROUND 1449 A#48 and B#28 = 450.577
ROUND 1450 A#49 and B#28 = 450.67
ROUND 1451 A#0 and B#29 = 425.793
ROUND 1452 A#1 and B#29 = 460.647
ROUND 1453 A#2 and B#29 = 387.517
ROUND 1454 A#3 and B#29 = 451.729
ROUND 1455 A#4 and B#29 = 474.384
ROUND 1456 A#5 and B#29 = 461.952
ROUND 1457 A#6 and B#29 = 468.195
ROUND 1458 A#7 and B#29 = 400.823
ROUND 1459 A#8 and B#29 = 461.566
ROUND 1460 A#9 and B#29 = 459.507
ROUND 1461 A#10 and B#29 = 442.386
ROUND 1462 A#11 and B#29 = 480.693
ROUND 1463 A#12 and B#29 = 373.119
ROUND 1464 A#13 and B#29 = 471.597
ROUND 1465 A#14 and B#29 = 386.981
ROUND 1466 A#15 and B#29 = 413.51
ROUND 1467 A#16 and B#29 = 410.419
ROUND 1468 A#17 and B#29 = 372.707
ROUND 1469 A#18 and B#29 = 453.793
ROUND 1470 A#19 and B#29 = 353.706
ROUND 1471 A#20 and B#29 = 411.243
ROUND 1472 A#21 and B#29 = 423.766
ROUND 1473 A#22 and B#29 = 410.326
ROUND 1474 A#23 and B#29 = 469.198
ROUND 1475 A#24 and B#29 = 453.621
ROUND 1476 A#25 and B#29 = 424.575
ROUND 1477 A#26 and B#29 = 387.08
ROUND 1478 A#27 and B#29 = 473.013
ROUND 1479 A#28 and B#29 = 414.165
ROUND 1480 A#29 and B#29 = 416.557
ROUND 1481 A#30 and B#29 = 460.265
ROUND 1482 A#31 and B#29 = 433.717
ROUND 1483 A#32 and B#29 = 411.07
ROUND 1484 A#33 and B#29 = 461.473
ROUND 1485 A#34 and B#29 = 343.318
ROUND 1486 A#35 and B#29 = 414.595
ROUND 1487 A#36 and B#29 = 451.053
ROUND 1488 A#37 and B#29 = 465.55
ROUND 1489 A#38 and B#29 = 474.536
ROUND 1490 A#39 and B#29 = 415.287
ROUND 1491 A#40 and B#29 = 472.196
ROUND 1492 A#41 and B#29 = 468.475
ROUND 1493 A#42 and B#29 = 465.337
ROUND 1494 A#43 and B#29 = 427.597
ROUND 1495 A#44 and B#29 = 465.438
ROUND 1496 A#45 and B#29 = 448.944
ROUND 1497 A#46 and B#29 = 450.709
ROUND 1498 A#47 and B#29 = 462.52
ROUND 1499 A#48 and B#29 = 466.749
ROUND 1500 A#49 and B#29 = 465.66
ROUND 1501 A#0 and B#30 = 424.166
ROUND 1502 A#1 and B#30 = 465.144
ROUND 1503 A#2 and B#30 = 344.421
ROUND 1504 A#3 and B#30 = 463.753
ROUND 1505 A#4 and B#30 = 478.104
ROUND 1506 A#5 and B#30 = 462.936
ROUND 1507 A#6 and B#30 = 448.971
ROUND 1508 A#7 and B#30 = 441.629
ROUND 1509 A#8 and B#30 = 462.844
ROUND 1510 A#9 and B#30 = 451.182
ROUND 1511 A#10 and B#30 = 442.453
ROUND 1512 A#11 and B#30 = 445.048
ROUND 1513 A#12 and B#30 = 358.394
ROUND 1514 A#13 and B#30 = 446.364
ROUND 1515 A#14 and B#30 = 347.448
ROUND 1516 A#15 and B#30 = 391.951
ROUND 1517 A#16 and B#30 = 439.307
ROUND 1518 A#17 and B#30 = 357.524
ROUND 1519 A#18 and B#30 = 452.933
ROUND 1520 A#19 and B#30 = 397.984
ROUND 1521 A#20 and B#30 = 441.233
ROUND 1522 A#21 and B#30 = 421.495
ROUND 1523 A#22 and B#30 = 439.398
ROUND 1524 A#23 and B#30 = 448.849
ROUND 1525 A#24 and B#30 = 374.357
ROUND 1526 A#25 and B#30 = 425.011
ROUND 1527 A#26 and B#30 = 423.383
ROUND 1528 A#27 and B#30 = 444.399
ROUND 1529 A#28 and B#30 = 452.492
ROUND 1530 A#29 and B#30 = 397.233
ROUND 1531 A#30 and B#30 = 464.544
ROUND 1532 A#31 and B#30 = 502.871
ROUND 1533 A#32 and B#30 = 367.869
ROUND 1534 A#33 and B#30 = 462.989
ROUND 1535 A#34 and B#30 = 337.962
ROUND 1536 A#35 and B#30 = 395.007
ROUND 1537 A#36 and B#30 = 468.314
ROUND 1538 A#37 and B#30 = 432.222
ROUND 1539 A#38 and B#30 = 443.23
ROUND 1540 A#39 and B#30 = 396.52
ROUND 1541 A#40 and B#30 = 477.205
ROUND 1542 A#41 and B#30 = 417.442
ROUND 1543 A#42 and B#30 = 450.292
ROUND 1544 A#43 and B#30 = 402.898
ROUND 1545 A#44 and B#30 = 450.071
ROUND 1546 A#45 and B#30 = 462.742
ROUND 1547 A#46 and B#30 = 463.482
ROUND 1548 A#47 and B#30 = 451.211
ROUND 1549 A#48 and B#30 = 448.88
ROUND 1550 A#49 and B#30 = 449.839
ROUND 1551 A#0 and B#31 = 504.624
ROUND 1552 A#1 and B#31 = 506.487
ROUND 1553 A#2 and B#31 = 467.435
ROUND 1554 A#3 and B#31 = 481.467
ROUND 1555 A#4 and B#31 = 506.863
ROUND 1556 A#5 and B#31 = 514.283
ROUND 1557 A#6 and B#31 = 510.618
ROUND 1558 A#7 and B#31 = 471.432
ROUND 1559 A#8 and B#31 = 512.848
ROUND 1560 A#9 and B#31 = 462.945
ROUND 1561 A#10 and B#31 = 471.732
ROUND 1562 A#11 and B#31 = 458.578
ROUND 1563 A#12 and B#31 = 466.833
ROUND 1564 A#13 and B#31 = 506.045
ROUND 1565 A#14 and B#31 = 459.642
ROUND 1566 A#15 and B#31 = 447.992
ROUND 1567 A#16 and B#31 = 442.111
ROUND 1568 A#17 and B#31 = 468.637
ROUND 1569 A#18 and B#31 = 496.767
ROUND 1570 A#19 and B#31 = 450.114
ROUND 1571 A#20 and B#31 = 442.488
ROUND 1572 A#21 and B#31 = 502.908
ROUND 1573 A#22 and B#31 = 442.016
ROUND 1574 A#23 and B#31 = 464.951
ROUND 1575 A#24 and B#31 = 424.401
ROUND 1576 A#25 and B#31 = 505.264
ROUND 1577 A#26 and B#31 = 461.387
ROUND 1578 A#27 and B#31 = 506.889
ROUND 1579 A#28 and B#31 = 446.137
ROUND 1580 A#29 and B#31 = 449.418
ROUND 1581 A#30 and B#31 = 506.987
ROUND 1582 A#31 and B#31 = 468.084
ROUND 1583 A#32 and B#31 = 446.99
ROUND 1584 A#33 and B#31 = 513.192
ROUND 1585 A#34 and B#31 = 395.428
ROUND 1586 A#35 and B#31 = 445.717
ROUND 1587 A#36 and B#31 = 464.792
ROUND 1588 A#37 and B#31 = 509.378
ROUND 1589 A#38 and B#31 = 508.279
ROUND 1590 A#39 and B#31 = 447.424
ROUND 1591 A#40 and B#31 = 507.457
ROUND 1592 A#41 and B#31 = 474.556
ROUND 1593 A#42 and B#31 = 504.257
ROUND 1594 A#43 and B#31 = 514.272
ROUND 1595 A#44 and B#31 = 502.498
ROUND 1596 A#45 and B#31 = 512.67
ROUND 1597 A#46 and B#31 = 511.629
ROUND 1598 A#47 and B#31 = 501.904
ROUND 1599 A#48 and B#31 = 503.202
ROUND 1600 A#49 and B#31 = 502.942
ROUND 1601 A#0 and B#32 = 424.962
ROUND 1602 A#1 and B#32 = 464.767
ROUND 1603 A#2 and B#32 = 343.808
ROUND 1604 A#3 and B#32 = 463.88
ROUND 1605 A#4 and B#32 = 479.215
ROUND 1606 A#5 and B#32 = 463.015
ROUND 1607 A#6 and B#32 = 449.602
ROUND 1608 A#7 and B#32 = 441.664
ROUND 1609 A#8 and B#32 = 463.152
ROUND 1610 A#9 and B#32 = 450.986
ROUND 1611 A#10 and B#32 = 442.313
ROUND 1612 A#11 and B#32 = 463.15
ROUND 1613 A#12 and B#32 = 357.686
ROUND 1614 A#13 and B#32 = 446.588
ROUND 1615 A#14 and B#32 = 346.854
ROUND 1616 A#15 and B#32 = 392.228
ROUND 1617 A#16 and B#32 = 439.295
ROUND 1618 A#17 and B#32 = 356.941
ROUND 1619 A#18 and B#32 = 453.131
ROUND 1620 A#19 and B#32 = 398.772
ROUND 1621 A#20 and B#32 = 440.787
ROUND 1622 A#21 and B#32 = 422.414
ROUND 1623 A#22 and B#32 = 439.988
ROUND 1624 A#23 and B#32 = 449.03
ROUND 1625 A#24 and B#32 = 373.681
ROUND 1626 A#25 and B#32 = 425.659
ROUND 1627 A#26 and B#32 = 423.678
ROUND 1628 A#27 and B#32 = 444.731
ROUND 1629 A#28 and B#32 = 398.357
ROUND 1630 A#29 and B#32 = 397.961
ROUND 1631 A#30 and B#32 = 465.207
ROUND 1632 A#31 and B#32 = 503.812
ROUND 1633 A#32 and B#32 = 368.055
ROUND 1634 A#33 and B#32 = 463.474
ROUND 1635 A#34 and B#32 = 338.892
ROUND 1636 A#35 and B#32 = 395.625
ROUND 1637 A#36 and B#32 = 468.685
ROUND 1638 A#37 and B#32 = 433.397
ROUND 1639 A#38 and B#32 = 443.564
ROUND 1640 A#39 and B#32 = 397.259
ROUND 1641 A#40 and B#32 = 478.34
ROUND 1642 A#41 and B#32 = 418.702
ROUND 1643 A#42 and B#32 = 450.406
ROUND 1644 A#43 and B#32 = 457.946
ROUND 1645 A#44 and B#32 = 451.077
ROUND 1646 A#45 and B#32 = 463.327
ROUND 1647 A#46 and B#32 = 464.036
ROUND 1648 A#47 and B#32 = 451.003
ROUND 1649 A#48 and B#32 = 449.664
ROUND 1650 A#49 and B#32 = 450.63
ROUND 1651 A#0 and B#33 = 501.56
ROUND 1652 A#1 and B#33 = 504.702
ROUND 1653 A#2 and B#33 = 467.687
ROUND 1654 A#3 and B#33 = 481.703
ROUND 1655 A#4 and B#33 = 501.524
ROUND 1656 A#5 and B#33 = 511.123
ROUND 1657 A#6 and B#33 = 504.854
ROUND 1658 A#7 and B#33 = 467.269
ROUND 1659 A#8 and B#33 = 510.429
ROUND 1660 A#9 and B#33 = 461.904
ROUND 1661 A#10 and B#33 = 468.08
ROUND 1662 A#11 and B#33 = 460.011
ROUND 1663 A#12 and B#33 = 461.008
ROUND 1664 A#13 and B#33 = 502.174
ROUND 1665 A#14 and B#33 = 460.638
ROUND 1666 A#15 and B#33 = 446.91
ROUND 1667 A#16 and B#33 = 441.61
ROUND 1668 A#17 and B#33 = 462.591
ROUND 1669 A#18 and B#33 = 491.197
ROUND 1670 A#19 and B#33 = 449.196
ROUND 1671 A#20 and B#33 = 442.451
ROUND 1672 A#21 and B#33 = 499.902
ROUND 1673 A#22 and B#33 = 441.79
ROUND 1674 A#23 and B#33 = 463.535
ROUND 1675 A#24 and B#33 = 427.296
ROUND 1676 A#25 and B#33 = 502.314
ROUND 1677 A#26 and B#33 = 460.825
ROUND 1678 A#27 and B#33 = 501.055
ROUND 1679 A#28 and B#33 = 446.023
ROUND 1680 A#29 and B#33 = 448.499
ROUND 1681 A#30 and B#33 = 504.95
ROUND 1682 A#31 and B#33 = 459.432
ROUND 1683 A#32 and B#33 = 442.453
ROUND 1684 A#33 and B#33 = 509.971
ROUND 1685 A#34 and B#33 = 392.819
ROUND 1686 A#35 and B#33 = 445.032
ROUND 1687 A#36 and B#33 = 464.773
ROUND 1688 A#37 and B#33 = 506.526
ROUND 1689 A#38 and B#33 = 502.506
ROUND 1690 A#39 and B#33 = 446.52
ROUND 1691 A#40 and B#33 = 501.91
ROUND 1692 A#41 and B#33 = 476.447
ROUND 1693 A#42 and B#33 = 498.792
ROUND 1694 A#43 and B#33 = 512.525
ROUND 1695 A#44 and B#33 = 496.904
ROUND 1696 A#45 and B#33 = 508.987
ROUND 1697 A#46 and B#33 = 508.119
ROUND 1698 A#47 and B#33 = 495.848
ROUND 1699 A#48 and B#33 = 497.783
ROUND 1700 A#49 and B#33 = 497.328
ROUND 1701 A#0 and B#34 = 489.305
ROUND 1702 A#1 and B#34 = 428.547
ROUND 1703 A#2 and B#34 = 362.451
ROUND 1704 A#3 and B#34 = 492.352
ROUND 1705 A#4 and B#34 = 452.146
ROUND 1706 A#5 and B#34 = 423.896
ROUND 1707 A#6 and B#34 = 439.464
ROUND 1708 A#7 and B#34 = 497.541
ROUND 1709 A#8 and B#34 = 422.808
ROUND 1710 A#9 and B#34 = 431.48
ROUND 1711 A#10 and B#34 = 497.772
ROUND 1712 A#11 and B#34 = 450.534
ROUND 1713 A#12 and B#34 = 313.396
ROUND 1714 A#13 and B#34 = 440.307
ROUND 1715 A#14 and B#34 = 289.988
ROUND 1716 A#15 and B#34 = 437.61
ROUND 1717 A#16 and B#34 = 439.56
ROUND 1718 A#17 and B#34 = 312.263
ROUND 1719 A#18 and B#34 = 446.869
ROUND 1720 A#19 and B#34 = 452.597
ROUND 1721 A#20 and B#34 = 443.626
ROUND 1722 A#21 and B#34 = 492.292
ROUND 1723 A#22 and B#34 = 438.418
ROUND 1724 A#23 and B#34 = 435.762
ROUND 1725 A#24 and B#34 = 418.834
ROUND 1726 A#25 and B#34 = 489.62
ROUND 1727 A#26 and B#34 = 481.777
ROUND 1728 A#27 and B#34 = 452.411
ROUND 1729 A#28 and B#34 = 452.786
ROUND 1730 A#29 and B#34 = 450.768
ROUND 1731 A#30 and B#34 = 436.221
ROUND 1732 A#31 and B#34 = 474.065
ROUND 1733 A#32 and B#34 = 472.368
ROUND 1734 A#33 and B#34 = 424.207
ROUND 1735 A#34 and B#34 = 393.021
ROUND 1736 A#35 and B#34 = 448.881
ROUND 1737 A#36 and B#34 = 495.333
ROUND 1738 A#37 and B#34 = 482.79
ROUND 1739 A#38 and B#34 = 447.759
ROUND 1740 A#39 and B#34 = 451.009
ROUND 1741 A#40 and B#34 = 454.031
ROUND 1742 A#41 and B#34 = 424.491
ROUND 1743 A#42 and B#34 = 439.513
ROUND 1744 A#43 and B#34 = 484.674
ROUND 1745 A#44 and B#34 = 449.36
ROUND 1746 A#45 and B#34 = 443.901
ROUND 1747 A#46 and B#34 = 443.706
ROUND 1748 A#47 and B#34 = 447.48
ROUND 1749 A#48 and B#34 = 446.048
ROUND 1750 A#49 and B#34 = 449.36
ROUND 1751 A#0 and B#35 = 463.282
ROUND 1752 A#1 and B#35 = 485.753
ROUND 1753 A#2 and B#35 = 398.501
ROUND 1754 A#3 and B#35 = 486.647
ROUND 1755 A#4 and B#35 = 506.522
ROUND 1756 A#5 and B#35 = 482.43
ROUND 1757 A#6 and B#35 = 502.01
ROUND 1758 A#7 and B#35 = 488.114
ROUND 1759 A#8 and B#35 = 484.489
ROUND 1760 A#9 and B#35 = 413.191
ROUND 1761 A#10 and B#35 = 488.134
ROUND 1762 A#11 and B#35 = 494.944
ROUND 1763 A#12 and B#35 = 382.74
ROUND 1764 A#13 and B#35 = 503.169
ROUND 1765 A#14 and B#35 = 395.579
ROUND 1766 A#15 and B#35 = 424.22
ROUND 1767 A#16 and B#35 = 418.66
ROUND 1768 A#17 and B#35 = 382.497
ROUND 1769 A#18 and B#35 = 512.766
ROUND 1770 A#19 and B#35 = 430.453
ROUND 1771 A#20 and B#35 = 421.54
ROUND 1772 A#21 and B#35 = 487.501
ROUND 1773 A#22 and B#35 = 418.702
ROUND 1774 A#23 and B#35 = 416.778
ROUND 1775 A#24 and B#35 = 410.624
ROUND 1776 A#25 and B#35 = 463.107
ROUND 1777 A#26 and B#35 = 479.912
ROUND 1778 A#27 and B#35 = 505.216
ROUND 1779 A#28 and B#35 = 429.064
ROUND 1780 A#29 and B#35 = 430.17
ROUND 1781 A#30 and B#35 = 486.105
ROUND 1782 A#31 and B#35 = 482.131
ROUND 1783 A#32 and B#35 = 459.333
ROUND 1784 A#33 and B#35 = 482.223
ROUND 1785 A#34 and B#35 = 412.299
ROUND 1786 A#35 and B#35 = 427.026
ROUND 1787 A#36 and B#35 = 484.028
ROUND 1788 A#37 and B#35 = 462.792
ROUND 1789 A#38 and B#35 = 504.716
ROUND 1790 A#39 and B#35 = 429.161
ROUND 1791 A#40 and B#35 = 507.429
ROUND 1792 A#41 and B#35 = 405.297
ROUND 1793 A#42 and B#35 = 504.519
ROUND 1794 A#43 and B#35 = 468.835
ROUND 1795 A#44 and B#35 = 507.758
ROUND 1796 A#45 and B#35 = 486.603
ROUND 1797 A#46 and B#35 = 486.653
ROUND 1798 A#47 and B#35 = 506.494
ROUND 1799 A#48 and B#35 = 506.935
ROUND 1800 A#49 and B#35 = 507.854
ROUND 1801 A#0 and B#36 = 482.166
ROUND 1802 A#1 and B#36 = 468.765
ROUND 1803 A#2 and B#36 = 372.195
ROUND 1804 A#3 and B#36 = 428.232
ROUND 1805 A#4 and B#36 = 430.448
ROUND 1806 A#5 and B#36 = 471.864
ROUND 1807 A#6 and B#36 = 422.215
ROUND 1808 A#7 and B#36 = 432.749
ROUND 1809 A#8 and B#36 = 470.813
ROUND 1810 A#9 and B#36 = 369.6
ROUND 1811 A#10 and B#36 = 432.705
ROUND 1812 A#11 and B#36 = 457.286
ROUND 1813 A#12 and B#36 = 386.419
ROUND 1814 A#13 and B#36 = 429.691
ROUND 1815 A#14 and B#36 = 372.786
ROUND 1816 A#15 and B#36 = 401.645
ROUND 1817 A#16 and B#36 = 400.68
ROUND 1818 A#17 and B#36 = 387.22
ROUND 1819 A#18 and B#36 = 456.261
ROUND 1820 A#19 and B#36 = 405.243
ROUND 1821 A#20 and B#36 = 403.917
ROUND 1822 A#21 and B#36 = 477.275
ROUND 1823 A#22 and B#36 = 401.379
ROUND 1824 A#23 and B#36 = 373.743
ROUND 1825 A#24 and B#36 = 475.383
ROUND 1826 A#25 and B#36 = 480.978
ROUND 1827 A#26 and B#36 = 468.633
ROUND 1828 A#27 and B#36 = 429.166
ROUND 1829 A#28 and B#36 = 409.224
ROUND 1830 A#29 and B#36 = 404.919
ROUND 1831 A#30 and B#36 = 469.435
ROUND 1832 A#31 and B#36 = 462.505
ROUND 1833 A#32 and B#36 = 477.196
ROUND 1834 A#33 and B#36 = 471.215
ROUND 1835 A#34 and B#36 = 475.335
ROUND 1836 A#35 and B#36 = 405.812
ROUND 1837 A#36 and B#36 = 429.306
ROUND 1838 A#37 and B#36 = 490.449
ROUND 1839 A#38 and B#36 = 427.528
ROUND 1840 A#39 and B#36 = 406.138
ROUND 1841 A#40 and B#36 = 431.089
ROUND 1842 A#41 and B#36 = 442.481
ROUND 1843 A#42 and B#36 = 423.822
ROUND 1844 A#43 and B#36 = 495.75
ROUND 1845 A#44 and B#36 = 429.631
ROUND 1846 A#45 and B#36 = 466.885
ROUND 1847 A#46 and B#36 = 467.157
ROUND 1848 A#47 and B#36 = 426.86
ROUND 1849 A#48 and B#36 = 427.346
ROUND 1850 A#49 and B#36 = 429.267
ROUND 1851 A#0 and B#37 = 482.122
ROUND 1852 A#1 and B#37 = 413.199
ROUND 1853 A#2 and B#37 = 412.575
ROUND 1854 A#3 and B#37 = 496.899
ROUND 1855 A#4 and B#37 = 438.941
ROUND 1856 A#5 and B#37 = 412.833
ROUND 1857 A#6 and B#37 = 430.135
ROUND 1858 A#7 and B#37 = 497.244
ROUND 1859 A#8 and B#37 = 412.579
ROUND 1860 A#9 and B#37 = 431.007
ROUND 1861 A#10 and B#37 = 497.598
ROUND 1862 A#11 and B#37 = 452.775
ROUND 1863 A#12 and B#37 = 418.174
ROUND 1864 A#13 and B#37 = 431.282
ROUND 1865 A#14 and B#37 = 410.73
ROUND 1866 A#15 and B#37 = 430.349
ROUND 1867 A#16 and B#37 = 435.707
ROUND 1868 A#17 and B#37 = 419.382
ROUND 1869 A#18 and B#37 = 437.339
ROUND 1870 A#19 and B#37 = 438.814
ROUND 1871 A#20 and B#37 = 439.167
ROUND 1872 A#21 and B#37 = 483.65
ROUND 1873 A#22 and B#37 = 435.018
ROUND 1874 A#23 and B#37 = 433.587
ROUND 1875 A#24 and B#37 = 414.433
ROUND 1876 A#25 and B#37 = 482.139
ROUND 1877 A#26 and B#37 = 477.434
ROUND 1878 A#27 and B#37 = 438.068
ROUND 1879 A#28 and B#37 = 442.907
ROUND 1880 A#29 and B#37 = 438.324
ROUND 1881 A#30 and B#37 = 412.684
ROUND 1882 A#31 and B#37 = 473.444
ROUND 1883 A#32 and B#37 = 463.28
ROUND 1884 A#33 and B#37 = 412.834
ROUND 1885 A#34 and B#37 = 383.379
ROUND 1886 A#35 and B#37 = 438.725
ROUND 1887 A#36 and B#37 = 498.683
ROUND 1888 A#37 and B#37 = 474.369
ROUND 1889 A#38 and B#37 = 435.412
ROUND 1890 A#39 and B#37 = 439.324
ROUND 1891 A#40 and B#37 = 440.117
ROUND 1892 A#41 and B#37 = 402.317
ROUND 1893 A#42 and B#37 = 429.709
ROUND 1894 A#43 and B#37 = 477.638
ROUND 1895 A#44 and B#37 = 435.194
ROUND 1896 A#45 and B#37 = 465.956
ROUND 1897 A#46 and B#37 = 467.995
ROUND 1898 A#47 and B#37 = 434.674
ROUND 1899 A#48 and B#37 = 433.441
ROUND 1900 A#49 and B#37 = 435.306
ROUND 1901 A#0 and B#38 = 424.408
ROUND 1902 A#1 and B#38 = 464.093
ROUND 1903 A#2 and B#38 = 344.17
ROUND 1904 A#3 and B#38 = 463.566
ROUND 1905 A#4 and B#38 = 478.534
ROUND 1906 A#5 and B#38 = 462.96
ROUND 1907 A#6 and B#38 = 449.123
ROUND 1908 A#7 and B#38 = 440.872
ROUND 1909 A#8 and B#38 = 462.887
ROUND 1910 A#9 and B#38 = 450.875
ROUND 1911 A#10 and B#38 = 441.929
ROUND 1912 A#11 and B#38 = 358.916
ROUND 1913 A#12 and B#38 = 358.128
ROUND 1914 A#13 and B#38 = 446.331
ROUND 1915 A#14 and B#38 = 347.157
ROUND 1916 A#15 and B#38 = 391.747
ROUND 1917 A#16 and B#38 = 439.211
ROUND 1918 A#17 and B#38 = 357.358
ROUND 1919 A#18 and B#38 = 453.082
ROUND 1920 A#19 and B#38 = 397.983
ROUND 1921 A#20 and B#38 = 440.742
ROUND 1922 A#21 and B#38 = 421.719
ROUND 1923 A#22 and B#38 = 438.94
ROUND 1924 A#23 and B#38 = 448.705
ROUND 1925 A#24 and B#38 = 374.37
ROUND 1926 A#25 and B#38 = 426.167
ROUND 1927 A#26 and B#38 = 423.149
ROUND 1928 A#27 and B#38 = 443.885
ROUND 1929 A#28 and B#38 = 452.384
ROUND 1930 A#29 and B#38 = 397.214
ROUND 1931 A#30 and B#38 = 464.277
ROUND 1932 A#31 and B#38 = 502.615
ROUND 1933 A#32 and B#38 = 367.874
ROUND 1934 A#33 and B#38 = 463.155
ROUND 1935 A#34 and B#38 = 339.142
ROUND 1936 A#35 and B#38 = 394.983
ROUND 1937 A#36 and B#38 = 468.078
ROUND 1938 A#37 and B#38 = 433.081
ROUND 1939 A#38 and B#38 = 443.313
ROUND 1940 A#39 and B#38 = 396.59
ROUND 1941 A#40 and B#38 = 477.553
ROUND 1942 A#41 and B#38 = 417.45
ROUND 1943 A#42 and B#38 = 450.026
ROUND 1944 A#43 and B#38 = 458.029
ROUND 1945 A#44 and B#38 = 449.949
ROUND 1946 A#45 and B#38 = 462.511
ROUND 1947 A#46 and B#38 = 463.292
ROUND 1948 A#47 and B#38 = 451.012
ROUND 1949 A#48 and B#38 = 449.047
ROUND 1950 A#49 and B#38 = 449.378
ROUND 1951 A#0 and B#39 = 449.068
ROUND 1952 A#1 and B#39 = 436.443
ROUND 1953 A#2 and B#39 = 424.316
ROUND 1954 A#3 and B#39 = 405.548
ROUND 1955 A#4 and B#39 = 434.968
ROUND 1956 A#5 and B#39 = 451.057
ROUND 1957 A#6 and B#39 = 419.552
ROUND 1958 A#7 and B#39 = 455.53
ROUND 1959 A#8 and B#39 = 449.89
ROUND 1960 A#9 and B#39 = 457.698
ROUND 1961 A#10 and B#39 = 456.108
ROUND 1962 A#11 and B#39 = 430.941
ROUND 1963 A#12 and B#39 = 427.293
ROUND 1964 A#13 and B#39 = 422.556
ROUND 1965 A#14 and B#39 = 423.054
ROUND 1966 A#15 and B#39 = 448.859
ROUND 1967 A#16 and B#39 = 445.173
ROUND 1968 A#17 and B#39 = 427.801
ROUND 1969 A#18 and B#39 = 456.66
ROUND 1970 A#19 and B#39 = 453.54
ROUND 1971 A#20 and B#39 = 445.737
ROUND 1972 A#21 and B#39 = 473.905
ROUND 1973 A#22 and B#39 = 445.963
ROUND 1974 A#23 and B#39 = 460.567
ROUND 1975 A#24 and B#39 = 446.105
ROUND 1976 A#25 and B#39 = 448.391
ROUND 1977 A#26 and B#39 = 427.759
ROUND 1978 A#27 and B#39 = 433.106
ROUND 1979 A#28 and B#39 = 445.425
ROUND 1980 A#29 and B#39 = 453.108
ROUND 1981 A#30 and B#39 = 436.384
ROUND 1982 A#31 and B#39 = 449.481
ROUND 1983 A#32 and B#39 = 409.748
ROUND 1984 A#33 and B#39 = 451.703
ROUND 1985 A#34 and B#39 = 389.649
ROUND 1986 A#35 and B#39 = 449.176
ROUND 1987 A#36 and B#39 = 402.042
ROUND 1988 A#37 and B#39 = 449.547
ROUND 1989 A#38 and B#39 = 431.845
ROUND 1990 A#39 and B#39 = 451.25
ROUND 1991 A#40 and B#39 = 434.954
ROUND 1992 A#41 and B#39 = 461.124
ROUND 1993 A#42 and B#39 = 417.13
ROUND 1994 A#43 and B#39 = 448.822
ROUND 1995 A#44 and B#39 = 422.223
ROUND 1996 A#45 and B#39 = 460.428
ROUND 1997 A#46 and B#39 = 460.438
ROUND 1998 A#47 and B#39 = 419.33
ROUND 1999 A#48 and B#39 = 424.002
ROUND 2000 A#49 and B#39 = 423.385
ROUND 2001 A#0 and B#40 = 463.716
ROUND 2002 A#1 and B#40 = 485.004
ROUND 2003 A#2 and B#40 = 399.908
ROUND 2004 A#3 and B#40 = 486.776
ROUND 2005 A#4 and B#40 = 506.213
ROUND 2006 A#5 and B#40 = 481.433
ROUND 2007 A#6 and B#40 = 501.535
ROUND 2008 A#7 and B#40 = 491.57
ROUND 2009 A#8 and B#40 = 483.988
ROUND 2010 A#9 and B#40 = 413.664
ROUND 2011 A#10 and B#40 = 491.557
ROUND 2012 A#11 and B#40 = 494.379
ROUND 2013 A#12 and B#40 = 383.755
ROUND 2014 A#13 and B#40 = 503.06
ROUND 2015 A#14 and B#40 = 397.111
ROUND 2016 A#15 and B#40 = 424.778
ROUND 2017 A#16 and B#40 = 419.18
ROUND 2018 A#17 and B#40 = 383.526
ROUND 2019 A#18 and B#40 = 512.032
ROUND 2020 A#19 and B#40 = 431.023
ROUND 2021 A#20 and B#40 = 422.07
ROUND 2022 A#21 and B#40 = 488.85
ROUND 2023 A#22 and B#40 = 419.23
ROUND 2024 A#23 and B#40 = 417.26
ROUND 2025 A#24 and B#40 = 413.07
ROUND 2026 A#25 and B#40 = 455.532
ROUND 2027 A#26 and B#40 = 483.996
ROUND 2028 A#27 and B#40 = 505.115
ROUND 2029 A#28 and B#40 = 429.594
ROUND 2030 A#29 and B#40 = 430.739
ROUND 2031 A#30 and B#40 = 485.334
ROUND 2032 A#31 and B#40 = 483.368
ROUND 2033 A#32 and B#40 = 460.318
ROUND 2034 A#33 and B#40 = 481.508
ROUND 2035 A#34 and B#40 = 411.23
ROUND 2036 A#35 and B#40 = 427.581
ROUND 2037 A#36 and B#40 = 484.41
ROUND 2038 A#37 and B#40 = 462.023
ROUND 2039 A#38 and B#40 = 504.513
ROUND 2040 A#39 and B#40 = 429.723
ROUND 2041 A#40 and B#40 = 507.135
ROUND 2042 A#41 and B#40 = 407.097
ROUND 2043 A#42 and B#40 = 503.974
ROUND 2044 A#43 and B#40 = 468.183
ROUND 2045 A#44 and B#40 = 507.345
ROUND 2046 A#45 and B#40 = 485.615
ROUND 2047 A#46 and B#40 = 485.686
ROUND 2048 A#47 and B#40 = 506.018
ROUND 2049 A#48 and B#40 = 506.433
ROUND 2050 A#49 and B#40 = 507.441
ROUND 2051 A#0 and B#41 = 464.371
ROUND 2052 A#1 and B#41 = 472.64
ROUND 2053 A#2 and B#41 = 453.43
ROUND 2054 A#3 and B#41 = 415.325
ROUND 2055 A#4 and B#41 = 446.392
ROUND 2056 A#5 and B#41 = 452.695
ROUND 2057 A#6 and B#41 = 431.631
ROUND 2058 A#7 and B#41 = 422.919
ROUND 2059 A#8 and B#41 = 452.654
ROUND 2060 A#9 and B#41 = 455.475
ROUND 2061 A#10 and B#41 = 428.282
ROUND 2062 A#11 and B#41 = 441.133
ROUND 2063 A#12 and B#41 = 448.274
ROUND 2064 A#13 and B#41 = 495.044
ROUND 2065 A#14 and B#41 = 447.941
ROUND 2066 A#15 and B#41 = 450.334
ROUND 2067 A#16 and B#41 = 445.799
ROUND 2068 A#17 and B#41 = 450.095
ROUND 2069 A#18 and B#41 = 402.008
ROUND 2070 A#19 and B#41 = 455.675
ROUND 2071 A#20 and B#41 = 447.561
ROUND 2072 A#21 and B#41 = 466.867
ROUND 2073 A#22 and B#41 = 445.552
ROUND 2074 A#23 and B#41 = 458.858
ROUND 2075 A#24 and B#41 = 443.127
ROUND 2076 A#25 and B#41 = 463.791
ROUND 2077 A#26 and B#41 = 411.981
ROUND 2078 A#27 and B#41 = 485.228
ROUND 2079 A#28 and B#41 = 441.999
ROUND 2080 A#29 and B#41 = 454.921
ROUND 2081 A#30 and B#41 = 473.891
ROUND 2082 A#31 and B#41 = 461.51
ROUND 2083 A#32 and B#41 = 420.834
ROUND 2084 A#33 and B#41 = 453.199
ROUND 2085 A#34 and B#41 = 394.319
ROUND 2086 A#35 and B#41 = 450.605
ROUND 2087 A#36 and B#41 = 413.713
ROUND 2088 A#37 and B#41 = 458.978
ROUND 2089 A#38 and B#41 = 443.837
ROUND 2090 A#39 and B#41 = 452.931
ROUND 2091 A#40 and B#41 = 447.113
ROUND 2092 A#41 and B#41 = 463.179
ROUND 2093 A#42 and B#41 = 489.441
ROUND 2094 A#43 and B#41 = 453.604
ROUND 2095 A#44 and B#41 = 407.635
ROUND 2096 A#45 and B#41 = 485.297
ROUND 2097 A#46 and B#41 = 463.293
ROUND 2098 A#47 and B#41 = 485.368
ROUND 2099 A#48 and B#41 = 483.883
ROUND 2100 A#49 and B#41 = 481.63
ROUND 2101 A#0 and B#42 = 471.18
ROUND 2102 A#1 and B#42 = 437.536
ROUND 2103 A#2 and B#42 = 425.097
ROUND 2104 A#3 and B#42 = 406.758
ROUND 2105 A#4 and B#42 = 434.994
ROUND 2106 A#5 and B#42 = 451.528
ROUND 2107 A#6 and B#42 = 420.412
ROUND 2108 A#7 and B#42 = 455.203
ROUND 2109 A#8 and B#42 = 451.264
ROUND 2110 A#9 and B#42 = 456.597
ROUND 2111 A#10 and B#42 = 455.935
ROUND 2112 A#11 and B#42 = 430.674
ROUND 2113 A#12 and B#42 = 428.168
ROUND 2114 A#13 and B#42 = 423.038
ROUND 2115 A#14 and B#42 = 423.94
ROUND 2116 A#15 and B#42 = 449.155
ROUND 2117 A#16 and B#42 = 444.047
ROUND 2118 A#17 and B#42 = 428.667
ROUND 2119 A#18 and B#42 = 458.346
ROUND 2120 A#19 and B#42 = 454.243
ROUND 2121 A#20 and B#42 = 444.652
ROUND 2122 A#21 and B#42 = 463.718
ROUND 2123 A#22 and B#42 = 445.061
ROUND 2124 A#23 and B#42 = 459.857
ROUND 2125 A#24 and B#42 = 445.534
ROUND 2126 A#25 and B#42 = 471.895
ROUND 2127 A#26 and B#42 = 428.034
ROUND 2128 A#27 and B#42 = 433.564
ROUND 2129 A#28 and B#42 = 444.747
ROUND 2130 A#29 and B#42 = 453.685
ROUND 2131 A#30 and B#42 = 453.388
ROUND 2132 A#31 and B#42 = 450.004
ROUND 2133 A#32 and B#42 = 410.075
ROUND 2134 A#33 and B#42 = 451.95
ROUND 2135 A#34 and B#42 = 390.75
ROUND 2136 A#35 and B#42 = 449.598
ROUND 2137 A#36 and B#42 = 403.873
ROUND 2138 A#37 and B#42 = 492.432
ROUND 2139 A#38 and B#42 = 432.719
ROUND 2140 A#39 and B#42 = 451.746
ROUND 2141 A#40 and B#42 = 435.144
ROUND 2142 A#41 and B#42 = 460.614
ROUND 2143 A#42 and B#42 = 417.728
ROUND 2144 A#43 and B#42 = 448.459
ROUND 2145 A#44 and B#42 = 422.671
ROUND 2146 A#45 and B#42 = 484.539
ROUND 2147 A#46 and B#42 = 461.005
ROUND 2148 A#47 and B#42 = 440.148
ROUND 2149 A#48 and B#42 = 423.167
ROUND 2150 A#49 and B#42 = 423.718
ROUND 2151 A#0 and B#43 = 495.263
ROUND 2152 A#1 and B#43 = 488.671
ROUND 2153 A#2 and B#43 = 453.022
ROUND 2154 A#3 and B#43 = 417.69
ROUND 2155 A#4 and B#43 = 436.509
ROUND 2156 A#5 and B#43 = 437.81
ROUND 2157 A#6 and B#43 = 421.249
ROUND 2158 A#7 and B#43 = 456.097
ROUND 2159 A#8 and B#43 = 450.27
ROUND 2160 A#9 and B#43 = 460.719
ROUND 2161 A#10 and B#43 = 456.792
ROUND 2162 A#11 and B#43 = 435.133
ROUND 2163 A#12 and B#43 = 455.957
ROUND 2164 A#13 and B#43 = 424.457
ROUND 2165 A#14 and B#43 = 446.882
ROUND 2166 A#15 and B#43 = 451.749
ROUND 2167 A#16 and B#43 = 445.688
ROUND 2168 A#17 and B#43 = 458.206
ROUND 2169 A#18 and B#43 = 456.806
ROUND 2170 A#19 and B#43 = 457.156
ROUND 2171 A#20 and B#43 = 446.129
ROUND 2172 A#21 and B#43 = 475.998
ROUND 2173 A#22 and B#43 = 446.249
ROUND 2174 A#23 and B#43 = 463.826
ROUND 2175 A#24 and B#43 = 437.476
ROUND 2176 A#25 and B#43 = 495.203
ROUND 2177 A#26 and B#43 = 428.719
ROUND 2178 A#27 and B#43 = 434.794
ROUND 2179 A#28 and B#43 = 446.08
ROUND 2180 A#29 and B#43 = 456.505
ROUND 2181 A#30 and B#43 = 438.938
ROUND 2182 A#31 and B#43 = 452.229
ROUND 2183 A#32 and B#43 = 414.376
ROUND 2184 A#33 and B#43 = 451.645
ROUND 2185 A#34 and B#43 = 397.302
ROUND 2186 A#35 and B#43 = 452.477
ROUND 2187 A#36 and B#43 = 414.748
ROUND 2188 A#37 and B#43 = 500.834
ROUND 2189 A#38 and B#43 = 433.271
ROUND 2190 A#39 and B#43 = 454.62
ROUND 2191 A#40 and B#43 = 436.491
ROUND 2192 A#41 and B#43 = 463.002
ROUND 2193 A#42 and B#43 = 418.887
ROUND 2194 A#43 and B#43 = 451.139
ROUND 2195 A#44 and B#43 = 424.323
ROUND 2196 A#45 and B#43 = 493.017
ROUND 2197 A#46 and B#43 = 461.344
ROUND 2198 A#47 and B#43 = 421.472
ROUND 2199 A#48 and B#43 = 424.647
ROUND 2200 A#49 and B#43 = 425.844
ROUND 2201 A#0 and B#44 = 484.294
ROUND 2202 A#1 and B#44 = 419.474
ROUND 2203 A#2 and B#44 = 439.999
ROUND 2204 A#3 and B#44 = 496.348
ROUND 2205 A#4 and B#44 = 445.622
ROUND 2206 A#5 and B#44 = 419.381
ROUND 2207 A#6 and B#44 = 431.172
ROUND 2208 A#7 and B#44 = 496.475
ROUND 2209 A#8 and B#44 = 419.008
ROUND 2210 A#9 and B#44 = 433.935
ROUND 2211 A#10 and B#44 = 496.637
ROUND 2212 A#11 and B#44 = 452.782
ROUND 2213 A#12 and B#44 = 424.835
ROUND 2214 A#13 and B#44 = 431.981
ROUND 2215 A#14 and B#44 = 438.534
ROUND 2216 A#15 and B#44 = 431.811
ROUND 2217 A#16 and B#44 = 438.302
ROUND 2218 A#17 and B#44 = 423.787
ROUND 2219 A#18 and B#44 = 441.846
ROUND 2220 A#19 and B#44 = 440.825
ROUND 2221 A#20 and B#44 = 441.636
ROUND 2222 A#21 and B#44 = 485.871
ROUND 2223 A#22 and B#44 = 437.364
ROUND 2224 A#23 and B#44 = 432.378
ROUND 2225 A#24 and B#44 = 412.513
ROUND 2226 A#25 and B#44 = 484.373
ROUND 2227 A#26 and B#44 = 478.52
ROUND 2228 A#27 and B#44 = 444.684
ROUND 2229 A#28 and B#44 = 444.356
ROUND 2230 A#29 and B#44 = 439.644
ROUND 2231 A#30 and B#44 = 419.036
ROUND 2232 A#31 and B#44 = 473.354
ROUND 2233 A#32 and B#44 = 420.571
ROUND 2234 A#33 and B#44 = 419.171
ROUND 2235 A#34 and B#44 = 399.059
ROUND 2236 A#35 and B#44 = 439.648
ROUND 2237 A#36 and B#44 = 498.243
ROUND 2238 A#37 and B#44 = 477.034
ROUND 2239 A#38 and B#44 = 441.793
ROUND 2240 A#39 and B#44 = 440.635
ROUND 2241 A#40 and B#44 = 446.94
ROUND 2242 A#41 and B#44 = 462.038
ROUND 2243 A#42 and B#44 = 428.605
ROUND 2244 A#43 and B#44 = 480.249
ROUND 2245 A#44 and B#44 = 441.525
ROUND 2246 A#45 and B#44 = 412.593
ROUND 2247 A#46 and B#44 = 469.47
ROUND 2248 A#47 and B#44 = 440.609
ROUND 2249 A#48 and B#44 = 439.644
ROUND 2250 A#49 and B#44 = 441.693
ROUND 2251 A#0 and B#45 = 487.349
ROUND 2252 A#1 and B#45 = 419.94
ROUND 2253 A#2 and B#45 = 362.274
ROUND 2254 A#3 and B#45 = 491.405
ROUND 2255 A#4 and B#45 = 446.568
ROUND 2256 A#5 and B#45 = 417.563
ROUND 2257 A#6 and B#45 = 432.463
ROUND 2258 A#7 and B#45 = 494.116
ROUND 2259 A#8 and B#45 = 417.591
ROUND 2260 A#9 and B#45 = 429.826
ROUND 2261 A#10 and B#45 = 494.193
ROUND 2262 A#11 and B#45 = 443.352
ROUND 2263 A#12 and B#45 = 288.085
ROUND 2264 A#13 and B#45 = 433.002
ROUND 2265 A#14 and B#45 = 288.907
ROUND 2266 A#15 and B#45 = 428.917
ROUND 2267 A#16 and B#45 = 434.43
ROUND 2268 A#17 and B#45 = 357.436
ROUND 2269 A#18 and B#45 = 443.416
ROUND 2270 A#19 and B#45 = 440.687
ROUND 2271 A#20 and B#45 = 437.914
ROUND 2272 A#21 and B#45 = 490.351
ROUND 2273 A#22 and B#45 = 433.386
ROUND 2274 A#23 and B#45 = 461.107
ROUND 2275 A#24 and B#45 = 423.447
ROUND 2276 A#25 and B#45 = 487.738
ROUND 2277 A#26 and B#45 = 478.056
ROUND 2278 A#27 and B#45 = 445.715
ROUND 2279 A#28 and B#45 = 442.759
ROUND 2280 A#29 and B#45 = 439.431
ROUND 2281 A#30 and B#45 = 419.249
ROUND 2282 A#31 and B#45 = 475.759
ROUND 2283 A#32 and B#45 = 476.626
ROUND 2284 A#33 and B#45 = 416.973
ROUND 2285 A#34 and B#45 = 363.335
ROUND 2286 A#35 and B#45 = 438.574
ROUND 2287 A#36 and B#45 = 494.413
ROUND 2288 A#37 and B#45 = 481.142
ROUND 2289 A#38 and B#45 = 435.877
ROUND 2290 A#39 and B#45 = 439.954
ROUND 2291 A#40 and B#45 = 448.325
ROUND 2292 A#41 and B#45 = 424.435
ROUND 2293 A#42 and B#45 = 429.654
ROUND 2294 A#43 and B#45 = 482.381
ROUND 2295 A#44 and B#45 = 443.702
ROUND 2296 A#45 and B#45 = 412.929
ROUND 2297 A#46 and B#45 = 412.538
ROUND 2298 A#47 and B#45 = 434.712
ROUND 2299 A#48 and B#45 = 431.821
ROUND 2300 A#49 and B#45 = 443.745
ROUND 2301 A#0 and B#46 = 426.548
ROUND 2302 A#1 and B#46 = 462.681
ROUND 2303 A#2 and B#46 = 325.614
ROUND 2304 A#3 and B#46 = 404.966
ROUND 2305 A#4 and B#46 = 446.567
ROUND 2306 A#5 and B#46 = 463.672
ROUND 2307 A#6 and B#46 = 451.508
ROUND 2308 A#7 and B#46 = 463.68
ROUND 2309 A#8 and B#46 = 463.184
ROUND 2310 A#9 and B#46 = 435.677
ROUND 2311 A#10 and B#46 = 464.479
ROUND 2312 A#11 and B#46 = 445.671
ROUND 2313 A#12 and B#46 = 348.559
ROUND 2314 A#13 and B#46 = 449.19
ROUND 2315 A#14 and B#46 = 321.419
ROUND 2316 A#15 and B#46 = 393.786
ROUND 2317 A#16 and B#46 = 397.332
ROUND 2318 A#17 and B#46 = 347.265
ROUND 2319 A#18 and B#46 = 454.358
ROUND 2320 A#19 and B#46 = 399.168
ROUND 2321 A#20 and B#46 = 400.19
ROUND 2322 A#21 and B#46 = 423.838
ROUND 2323 A#22 and B#46 = 396.29
ROUND 2324 A#23 and B#46 = 432.616
ROUND 2325 A#24 and B#46 = 444.732
ROUND 2326 A#25 and B#46 = 426.234
ROUND 2327 A#26 and B#46 = 423.549
ROUND 2328 A#27 and B#46 = 446.7
ROUND 2329 A#28 and B#46 = 432.234
ROUND 2330 A#29 and B#46 = 398.397
ROUND 2331 A#30 and B#46 = 462.691
ROUND 2332 A#31 and B#46 = 417.974
ROUND 2333 A#32 and B#46 = 425.087
ROUND 2334 A#33 and B#46 = 463.267
ROUND 2335 A#34 and B#46 = 399.316
ROUND 2336 A#35 and B#46 = 396.519
ROUND 2337 A#36 and B#46 = 401.681
ROUND 2338 A#37 and B#46 = 427.175
ROUND 2339 A#38 and B#46 = 446.292
ROUND 2340 A#39 and B#46 = 397.908
ROUND 2341 A#40 and B#46 = 446.794
ROUND 2342 A#41 and B#46 = 380.782
ROUND 2343 A#42 and B#46 = 452.367
ROUND 2344 A#43 and B#46 = 431.672
ROUND 2345 A#44 and B#46 = 452.827
ROUND 2346 A#45 and B#46 = 462.163
ROUND 2347 A#46 and B#46 = 462.378
ROUND 2348 A#47 and B#46 = 452.849
ROUND 2349 A#48 and B#46 = 451.74
ROUND 2350 A#49 and B#46 = 452.427
ROUND 2351 A#0 and B#47 = 483.405
ROUND 2352 A#1 and B#47 = 474.283
ROUND 2353 A#2 and B#47 = 410.804
ROUND 2354 A#3 and B#47 = 492.587
ROUND 2355 A#4 and B#47 = 438.852
ROUND 2356 A#5 and B#47 = 473.603
ROUND 2357 A#6 and B#47 = 420.158
ROUND 2358 A#7 and B#47 = 493.168
ROUND 2359 A#8 and B#47 = 472.213
ROUND 2360 A#9 and B#47 = 432.614
ROUND 2361 A#10 and B#47 = 493.558
ROUND 2362 A#11 and B#47 = 452.44
ROUND 2363 A#12 and B#47 = 428.425
ROUND 2364 A#13 and B#47 = 422.129
ROUND 2365 A#14 and B#47 = 412.49
ROUND 2366 A#15 and B#47 = 430.692
ROUND 2367 A#16 and B#47 = 435.931
ROUND 2368 A#17 and B#47 = 429.054
ROUND 2369 A#18 and B#47 = 438.215
ROUND 2370 A#19 and B#47 = 437.021
ROUND 2371 A#20 and B#47 = 438.875
ROUND 2372 A#21 and B#47 = 485.033
ROUND 2373 A#22 and B#47 = 435.354
ROUND 2374 A#23 and B#47 = 433.897
ROUND 2375 A#24 and B#47 = 409.837
ROUND 2376 A#25 and B#47 = 483.124
ROUND 2377 A#26 and B#47 = 477.609
ROUND 2378 A#27 and B#47 = 437.723
ROUND 2379 A#28 and B#47 = 441.132
ROUND 2380 A#29 and B#47 = 436.706
ROUND 2381 A#30 and B#47 = 473.744
ROUND 2382 A#31 and B#47 = 470.615
ROUND 2383 A#32 and B#47 = 411.207
ROUND 2384 A#33 and B#47 = 473.845
ROUND 2385 A#34 and B#47 = 388.251
ROUND 2386 A#35 and B#47 = 437.332
ROUND 2387 A#36 and B#47 = 494.72
ROUND 2388 A#37 and B#47 = 475.584
ROUND 2389 A#38 and B#47 = 435.464
ROUND 2390 A#39 and B#47 = 437.654
ROUND 2391 A#40 and B#47 = 439.889
ROUND 2392 A#41 and B#47 = 416.416
ROUND 2393 A#42 and B#47 = 417.464
ROUND 2394 A#43 and B#47 = 479.164
ROUND 2395 A#44 and B#47 = 435.466
ROUND 2396 A#45 and B#47 = 465.486
ROUND 2397 A#46 and B#47 = 467.463
ROUND 2398 A#47 and B#47 = 421.646
ROUND 2399 A#48 and B#47 = 433.946
ROUND 2400 A#49 and B#47 = 435.561
ROUND 2401 A#0 and B#48 = 484.024
ROUND 2402 A#1 and B#48 = 474.959
ROUND 2403 A#2 and B#48 = 440.614
ROUND 2404 A#3 and B#48 = 493.324
ROUND 2405 A#4 and B#48 = 445.821
ROUND 2406 A#5 and B#48 = 474.465
ROUND 2407 A#6 and B#48 = 431.213
ROUND 2408 A#7 and B#48 = 493.318
ROUND 2409 A#8 and B#48 = 473.164
ROUND 2410 A#9 and B#48 = 434.417
ROUND 2411 A#10 and B#48 = 493.793
ROUND 2412 A#11 and B#48 = 452.349
ROUND 2413 A#12 and B#48 = 425.211
ROUND 2414 A#13 and B#48 = 431.984
ROUND 2415 A#14 and B#48 = 439.288
ROUND 2416 A#15 and B#48 = 432.515
ROUND 2417 A#16 and B#48 = 439.058
ROUND 2418 A#17 and B#48 = 426.04
ROUND 2419 A#18 and B#48 = 441.912
ROUND 2420 A#19 and B#48 = 441.675
ROUND 2421 A#20 and B#48 = 442.375
ROUND 2422 A#21 and B#48 = 485.641
ROUND 2423 A#22 and B#48 = 438.093
ROUND 2424 A#23 and B#48 = 433.412
ROUND 2425 A#24 and B#48 = 411.752
ROUND 2426 A#25 and B#48 = 483.975
ROUND 2427 A#26 and B#48 = 477.449
ROUND 2428 A#27 and B#48 = 444.796
ROUND 2429 A#28 and B#48 = 445.556
ROUND 2430 A#29 and B#48 = 440.62
ROUND 2431 A#30 and B#48 = 474.669
ROUND 2432 A#31 and B#48 = 471.93
ROUND 2433 A#32 and B#48 = 420.286
ROUND 2434 A#33 and B#48 = 474.804
ROUND 2435 A#34 and B#48 = 399.034
ROUND 2436 A#35 and B#48 = 440.899
ROUND 2437 A#36 and B#48 = 495.562
ROUND 2438 A#37 and B#48 = 476.608
ROUND 2439 A#38 and B#48 = 441.981
ROUND 2440 A#39 and B#48 = 441.67
ROUND 2441 A#40 and B#48 = 447.062
ROUND 2442 A#41 and B#48 = 462.405
ROUND 2443 A#42 and B#48 = 428.514
ROUND 2444 A#43 and B#48 = 479.983
ROUND 2445 A#44 and B#48 = 441.656
ROUND 2446 A#45 and B#48 = 466.695
ROUND 2447 A#46 and B#48 = 468.608
ROUND 2448 A#47 and B#48 = 440.585
ROUND 2449 A#48 and B#48 = 439.826
ROUND 2450 A#49 and B#48 = 441.824
ROUND 2451 A#0 and B#49 = 448.598
ROUND 2452 A#1 and B#49 = 439.541
ROUND 2453 A#2 and B#49 = 330.528
ROUND 2454 A#3 and B#49 = 478.241
ROUND 2455 A#4 and B#49 = 451.145
ROUND 2456 A#5 and B#49 = 441.597
ROUND 2457 A#6 and B#49 = 458.624
ROUND 2458 A#7 and B#49 = 472.023
ROUND 2459 A#8 and B#49 = 442.375
ROUND 2460 A#9 and B#49 = 437.12
ROUND 2461 A#10 and B#49 = 472.763
ROUND 2462 A#11 and B#49 = 460.614
ROUND 2463 A#12 and B#49 = 501.418
ROUND 2464 A#13 and B#49 = 459.479
ROUND 2465 A#14 and B#49 = 518.82
ROUND 2466 A#15 and B#49 = 428.64
ROUND 2467 A#16 and B#49 = 515.279
ROUND 2468 A#17 and B#49 = 499.959
ROUND 2469 A#18 and B#49 = 467.908
ROUND 2470 A#19 and B#49 = 433.677
ROUND 2471 A#20 and B#49 = 516.76
ROUND 2472 A#21 and B#49 = 447.69
ROUND 2473 A#22 and B#49 = 514.47
ROUND 2474 A#23 and B#49 = 439.346
ROUND 2475 A#24 and B#49 = 442.919
ROUND 2476 A#25 and B#49 = 448.342
ROUND 2477 A#26 and B#49 = 484.638
ROUND 2478 A#27 and B#49 = 451.382
ROUND 2479 A#28 and B#49 = 515.613
ROUND 2480 A#29 and B#49 = 432.907
ROUND 2481 A#30 and B#49 = 439.92
ROUND 2482 A#31 and B#49 = 453.384
ROUND 2483 A#32 and B#49 = 468.464
ROUND 2484 A#33 and B#49 = 442.69
ROUND 2485 A#34 and B#49 = 485.154
ROUND 2486 A#35 and B#49 = 430.791
ROUND 2487 A#36 and B#49 = 482.34
ROUND 2488 A#37 and B#49 = 455.415
ROUND 2489 A#38 and B#49 = 453.555
ROUND 2490 A#39 and B#49 = 432.037
ROUND 2491 A#40 and B#49 = 452.212
ROUND 2492 A#41 and B#49 = 448.561
ROUND 2493 A#42 and B#49 = 461.566
ROUND 2494 A#43 and B#49 = 458.866
ROUND 2495 A#44 and B#49 = 458.401
ROUND 2496 A#45 and B#49 = 457.169
ROUND 2497 A#46 and B#49 = 455.231
ROUND 2498 A#47 and B#49 = 460.191
ROUND 2499 A#48 and B#49 = 459.612
ROUND 2500 A#49 and B#49 = 458.642

The best overlap is between conformer A#26 and B#15, which, after PCA followed by Steepest Descent, produces a volume overlap of 561.358
Tanimoto (Hodgkin) similarity index: 0.47314

Saving those best conformers to file...
WRITING MOLECULE TO FILE '../ALL_PAIRS_BQ123_AS_REFERENCE/ROKS2/BQ123-BSF302146.mol2' (WILL OVERWRITE EXISTING FILE IF ANY)...
WRITING MOLECULE TO FILE '../ALL_PAIRS_BQ123_AS_REFERENCE/ROKS2/BQ123-BSF302146.mol2'...
