Finished importing molecules
WARNING: LAPACK DSYEV() RETURNED NON-ZERO ERROR CODE 2
WARNING: LAPACK DSYEV() RETURNED NON-ZERO ERROR CODE 3
WARNING: LAPACK DSYEV() RETURNED NON-ZERO ERROR CODE 2
WARNING: LAPACK DSYEV() RETURNED NON-ZERO ERROR CODE 2
WARNING: LAPACK DSYEV() RETURNED NON-ZERO ERROR CODE 2
WARNING: LAPACK DSYEV() RETURNED NON-ZERO ERROR CODE 2
WARNING: LAPACK DSYEV() RETURNED NON-ZERO ERROR CODE 3
WARNING: LAPACK DSYEV() RETURNED NON-ZERO ERROR CODE 2
WARNING: LAPACK DSYEV() RETURNED NON-ZERO ERROR CODE 2
WARNING: LAPACK DSYEV() RETURNED NON-ZERO ERROR CODE 2
WARNING: LAPACK DSYEV() RETURNED NON-ZERO ERROR CODE 3
WARNING: LAPACK DSYEV() RETURNED NON-ZERO ERROR CODE 2
WARNING: LAPACK DSYEV() RETURNED NON-ZERO ERROR CODE 2
WARNING: LAPACK DSYEV() RETURNED NON-ZERO ERROR CODE 2
WARNING: LAPACK DSYEV() RETURNED NON-ZERO ERROR CODE 2
WARNING: LAPACK DSYEV() RETURNED NON-ZERO ERROR CODE 2
WARNING: LAPACK DSYEV() RETURNED NON-ZERO ERROR CODE 2
WARNING: LAPACK DSYEV() RETURNED NON-ZERO ERROR CODE 2
WARNING: LAPACK DSYEV() RETURNED NON-ZERO ERROR CODE 3
WARNING: LAPACK DSYEV() RETURNED NON-ZERO ERROR CODE 2
WARNING: LAPACK DSYEV() RETURNED NON-ZERO ERROR CODE 2
WARNING: LAPACK DSYEV() RETURNED NON-ZERO ERROR CODE 3
WARNING: LAPACK DSYEV() RETURNED NON-ZERO ERROR CODE 2
WARNING: LAPACK DSYEV() RETURNED NON-ZERO ERROR CODE 2
WARNING: LAPACK DSYEV() RETURNED NON-ZERO ERROR CODE 2
WARNING: LAPACK DSYEV() RETURNED NON-ZERO ERROR CODE 2
WARNING: LAPACK DSYEV() RETURNED NON-ZERO ERROR CODE 3
WARNING: LAPACK DSYEV() RETURNED NON-ZERO ERROR CODE 2
WARNING: LAPACK DSYEV() RETURNED NON-ZERO ERROR CODE 2
WARNING: LAPACK DSYEV() RETURNED NON-ZERO ERROR CODE 3
WARNING: LAPACK DSYEV() RETURNED NON-ZERO ERROR CODE 2
WARNING: LAPACK DSYEV() RETURNED NON-ZERO ERROR CODE 2
WARNING: LAPACK DSYEV() RETURNED NON-ZERO ERROR CODE 2
WARNING: LAPACK DSYEV() RETURNED NON-ZERO ERROR CODE 2
WARNING: LAPACK DSYEV() RETURNED NON-ZERO ERROR CODE 2
WARNING: LAPACK DSYEV() RETURNED NON-ZERO ERROR CODE 2
WARNING: LAPACK DSYEV() RETURNED NON-ZERO ERROR CODE 2
WARNING: LAPACK DSYEV() RETURNED NON-ZERO ERROR CODE 2
WARNING: LAPACK DSYEV() RETURNED NON-ZERO ERROR CODE 2
WARNING: LAPACK DSYEV() RETURNED NON-ZERO ERROR CODE 3
WARNING: LAPACK DSYEV() RETURNED NON-ZERO ERROR CODE 2
WARNING: LAPACK DSYEV() RETURNED NON-ZERO ERROR CODE 2
WARNING: LAPACK DSYEV() RETURNED NON-ZERO ERROR CODE 2
WARNING: LAPACK DSYEV() RETURNED NON-ZERO ERROR CODE 3
WARNING: LAPACK DSYEV() RETURNED NON-ZERO ERROR CODE 2
WARNING: LAPACK DSYEV() RETURNED NON-ZERO ERROR CODE 2
WARNING: LAPACK DSYEV() RETURNED NON-ZERO ERROR CODE 2
WARNING: LAPACK DSYEV() RETURNED NON-ZERO ERROR CODE 3
WARNING: LAPACK DSYEV() RETURNED NON-ZERO ERROR CODE 2
WARNING: LAPACK DSYEV() RETURNED NON-ZERO ERROR CODE 3
WARNING: LAPACK DSYEV() RETURNED NON-ZERO ERROR CODE 2
WARNING: LAPACK DSYEV() RETURNED NON-ZERO ERROR CODE 3
WARNING: LAPACK DSYEV() RETURNED NON-ZERO ERROR CODE 3
WARNING: LAPACK DSYEV() RETURNED NON-ZERO ERROR CODE 2
WARNING: LAPACK DSYEV() RETURNED NON-ZERO ERROR CODE 3
WARNING: LAPACK DSYEV() RETURNED NON-ZERO ERROR CODE 2
WARNING: LAPACK DSYEV() RETURNED NON-ZERO ERROR CODE 2
WARNING: LAPACK DSYEV() RETURNED NON-ZERO ERROR CODE 3
WARNING: LAPACK DSYEV() RETURNED NON-ZERO ERROR CODE 3
WARNING: LAPACK DSYEV() RETURNED NON-ZERO ERROR CODE 3
WARNING: LAPACK DSYEV() RETURNED NON-ZERO ERROR CODE 2
WARNING: LAPACK DSYEV() RETURNED NON-ZERO ERROR CODE 3
WARNING: LAPACK DSYEV() RETURNED NON-ZERO ERROR CODE 2
WARNING: LAPACK DSYEV() RETURNED NON-ZERO ERROR CODE 3
WARNING: LAPACK DSYEV() RETURNED NON-ZERO ERROR CODE 2
WARNING: LAPACK DSYEV() RETURNED NON-ZERO ERROR CODE 2
WARNING: LAPACK DSYEV() RETURNED NON-ZERO ERROR CODE 3
WARNING: LAPACK DSYEV() RETURNED NON-ZERO ERROR CODE 2
WARNING: LAPACK DSYEV() RETURNED NON-ZERO ERROR CODE 2
WARNING: LAPACK DSYEV() RETURNED NON-ZERO ERROR CODE 2
WARNING: LAPACK DSYEV() RETURNED NON-ZERO ERROR CODE 2
WARNING: LAPACK DSYEV() RETURNED NON-ZERO ERROR CODE 3
WARNING: LAPACK DSYEV() RETURNED NON-ZERO ERROR CODE 3
WARNING: LAPACK DSYEV() RETURNED NON-ZERO ERROR CODE 3
WARNING: LAPACK DSYEV() RETURNED NON-ZERO ERROR CODE 3
WARNING: LAPACK DSYEV() RETURNED NON-ZERO ERROR CODE 3
WARNING: LAPACK DSYEV() RETURNED NON-ZERO ERROR CODE 2
WARNING: LAPACK DSYEV() RETURNED NON-ZERO ERROR CODE 2
WARNING: LAPACK DSYEV() RETURNED NON-ZERO ERROR CODE 3
WARNING: LAPACK DSYEV() RETURNED NON-ZERO ERROR CODE 3
WARNING: LAPACK DSYEV() RETURNED NON-ZERO ERROR CODE 2
WARNING: LAPACK DSYEV() RETURNED NON-ZERO ERROR CODE 3
WARNING: LAPACK DSYEV() RETURNED NON-ZERO ERROR CODE 2
WARNING: LAPACK DSYEV() RETURNED NON-ZERO ERROR CODE 3
WARNING: LAPACK DSYEV() RETURNED NON-ZERO ERROR CODE 2
WARNING: LAPACK DSYEV() RETURNED NON-ZERO ERROR CODE 3
WARNING: LAPACK DSYEV() RETURNED NON-ZERO ERROR CODE 3
WARNING: LAPACK DSYEV() RETURNED NON-ZERO ERROR CODE 2
WARNING: LAPACK DSYEV() RETURNED NON-ZERO ERROR CODE 2
WARNING: LAPACK DSYEV() RETURNED NON-ZERO ERROR CODE 3
WARNING: LAPACK DSYEV() RETURNED NON-ZERO ERROR CODE 3
WARNING: LAPACK DSYEV() RETURNED NON-ZERO ERROR CODE 3
WARNING: LAPACK DSYEV() RETURNED NON-ZERO ERROR CODE 3
WARNING: LAPACK DSYEV() RETURNED NON-ZERO ERROR CODE 3
WARNING: LAPACK DSYEV() RETURNED NON-ZERO ERROR CODE 2
WARNING: LAPACK DSYEV() RETURNED NON-ZERO ERROR CODE 2
WARNING: LAPACK DSYEV() RETURNED NON-ZERO ERROR CODE 2
WARNING: LAPACK DSYEV() RETURNED NON-ZERO ERROR CODE 2
WARNING: LAPACK DSYEV() RETURNED NON-ZERO ERROR CODE 2
WARNING: LAPACK DSYEV() RETURNED NON-ZERO ERROR CODE 3
Finished setting up data; running search...
ROUND 1 A#0 and B#0 = 401.831
ROUND 2 A#1 and B#0 = 447.467
ROUND 3 A#2 and B#0 = 393.563
ROUND 4 A#3 and B#0 = 378.014
ROUND 5 A#4 and B#0 = 412.278
ROUND 6 A#5 and B#0 = 441.674
ROUND 7 A#6 and B#0 = 398.869
ROUND 8 A#7 and B#0 = 392.682
ROUND 9 A#8 and B#0 = 348.774
ROUND 10 A#9 and B#0 = 434.811
ROUND 11 A#10 and B#0 = 376.515
ROUND 12 A#11 and B#0 = 405.939
ROUND 13 A#12 and B#0 = 406.639
ROUND 14 A#13 and B#0 = 382.397
ROUND 15 A#14 and B#0 = 370.054
ROUND 16 A#15 and B#0 = 439.176
ROUND 17 A#16 and B#0 = 371.642
ROUND 18 A#17 and B#0 = 346.723
ROUND 19 A#18 and B#0 = 383.142
ROUND 20 A#19 and B#0 = 437.518
ROUND 21 A#20 and B#0 = 370.858
ROUND 22 A#21 and B#0 = 352.184
ROUND 23 A#22 and B#0 = 423.163
ROUND 24 A#23 and B#0 = 387.979
ROUND 25 A#24 and B#0 = 441.031
ROUND 26 A#25 and B#0 = 377.525
ROUND 27 A#26 and B#0 = 389.831
ROUND 28 A#27 and B#0 = 458.736
ROUND 29 A#28 and B#0 = 402.114
ROUND 30 A#29 and B#0 = 438.575
ROUND 31 A#30 and B#0 = 409.819
ROUND 32 A#31 and B#0 = 399.158
ROUND 33 A#32 and B#0 = 340.956
ROUND 34 A#33 and B#0 = 420.459
ROUND 35 A#34 and B#0 = 379.05
ROUND 36 A#35 and B#0 = 394.255
ROUND 37 A#36 and B#0 = 388.658
ROUND 38 A#37 and B#0 = 418.029
ROUND 39 A#38 and B#0 = 380.265
ROUND 40 A#39 and B#0 = 375.459
ROUND 41 A#40 and B#0 = 371.652
ROUND 42 A#41 and B#0 = 347.137
ROUND 43 A#42 and B#0 = 413.949
ROUND 44 A#43 and B#0 = 386.353
ROUND 45 A#44 and B#0 = 389.888
ROUND 46 A#45 and B#0 = 401.83
ROUND 47 A#46 and B#0 = 413.93
ROUND 48 A#47 and B#0 = 393.64
ROUND 49 A#48 and B#0 = 400.248
ROUND 50 A#49 and B#0 = 384.253
ROUND 51 A#0 and B#1 = 403.568
ROUND 52 A#1 and B#1 = 377.075
ROUND 53 A#2 and B#1 = 376.902
ROUND 54 A#3 and B#1 = 398.793
ROUND 55 A#4 and B#1 = 342.627
ROUND 56 A#5 and B#1 = 443.506
ROUND 57 A#6 and B#1 = 389.05
ROUND 58 A#7 and B#1 = 410.219
ROUND 59 A#8 and B#1 = 402.244
ROUND 60 A#9 and B#1 = 364.673
ROUND 61 A#10 and B#1 = 358.944
ROUND 62 A#11 and B#1 = 413.575
ROUND 63 A#12 and B#1 = 365.955
ROUND 64 A#13 and B#1 = 368.23
ROUND 65 A#14 and B#1 = 372.657
ROUND 66 A#15 and B#1 = 373.576
ROUND 67 A#16 and B#1 = 370.631
ROUND 68 A#17 and B#1 = 410.969
ROUND 69 A#18 and B#1 = 381.23
ROUND 70 A#19 and B#1 = 363.017
ROUND 71 A#20 and B#1 = 409.7
ROUND 72 A#21 and B#1 = 408.089
ROUND 73 A#22 and B#1 = 397.436
ROUND 74 A#23 and B#1 = 385.55
ROUND 75 A#24 and B#1 = 372.889
ROUND 76 A#25 and B#1 = 397.409
ROUND 77 A#26 and B#1 = 388.061
ROUND 78 A#27 and B#1 = 455.057
ROUND 79 A#28 and B#1 = 380.972
ROUND 80 A#29 and B#1 = 452.455
ROUND 81 A#30 and B#1 = 433.923
ROUND 82 A#31 and B#1 = 440.388
ROUND 83 A#32 and B#1 = 365.514
ROUND 84 A#33 and B#1 = 388.789
ROUND 85 A#34 and B#1 = 388.017
ROUND 86 A#35 and B#1 = 399.517
ROUND 87 A#36 and B#1 = 375.794
ROUND 88 A#37 and B#1 = 370.675
ROUND 89 A#38 and B#1 = 361.948
ROUND 90 A#39 and B#1 = 371.937
ROUND 91 A#40 and B#1 = 399.114
ROUND 92 A#41 and B#1 = 383.809
ROUND 93 A#42 and B#1 = 390.145
ROUND 94 A#43 and B#1 = 372.543
ROUND 95 A#44 and B#1 = 383.064
ROUND 96 A#45 and B#1 = 401.03
ROUND 97 A#46 and B#1 = 460.116
ROUND 98 A#47 and B#1 = 337.232
ROUND 99 A#48 and B#1 = 401.06
ROUND 100 A#49 and B#1 = 330.06
ROUND 101 A#0 and B#2 = 404.629
ROUND 102 A#1 and B#2 = 377.14
ROUND 103 A#2 and B#2 = 377.221
ROUND 104 A#3 and B#2 = 395.981
ROUND 105 A#4 and B#2 = 371.576
ROUND 106 A#5 and B#2 = 441.679
ROUND 107 A#6 and B#2 = 381.432
ROUND 108 A#7 and B#2 = 430.552
ROUND 109 A#8 and B#2 = 404.179
ROUND 110 A#9 and B#2 = 366.382
ROUND 111 A#10 and B#2 = 359.598
ROUND 112 A#11 and B#2 = 414.644
ROUND 113 A#12 and B#2 = 367.168
ROUND 114 A#13 and B#2 = 370.367
ROUND 115 A#14 and B#2 = 367.968
ROUND 116 A#15 and B#2 = 376.916
ROUND 117 A#16 and B#2 = 370.793
ROUND 118 A#17 and B#2 = 411.374
ROUND 119 A#18 and B#2 = 393.75
ROUND 120 A#19 and B#2 = 364.939
ROUND 121 A#20 and B#2 = 409.867
ROUND 122 A#21 and B#2 = 406.294
ROUND 123 A#22 and B#2 = 398.023
ROUND 124 A#23 and B#2 = 385.542
ROUND 125 A#24 and B#2 = 372.468
ROUND 126 A#25 and B#2 = 395.927
ROUND 127 A#26 and B#2 = 386.156
ROUND 128 A#27 and B#2 = 398.573
ROUND 129 A#28 and B#2 = 437.239
ROUND 130 A#29 and B#2 = 454.803
ROUND 131 A#30 and B#2 = 436.781
ROUND 132 A#31 and B#2 = 438.322
ROUND 133 A#32 and B#2 = 383.314
ROUND 134 A#33 and B#2 = 457.79
ROUND 135 A#34 and B#2 = 387.448
ROUND 136 A#35 and B#2 = 398.95
ROUND 137 A#36 and B#2 = 376.424
ROUND 138 A#37 and B#2 = 372.15
ROUND 139 A#38 and B#2 = 368.616
ROUND 140 A#39 and B#2 = 371.463
ROUND 141 A#40 and B#2 = 399.456
ROUND 142 A#41 and B#2 = 385.169
ROUND 143 A#42 and B#2 = 417.326
ROUND 144 A#43 and B#2 = 373.786
ROUND 145 A#44 and B#2 = 383.307
ROUND 146 A#45 and B#2 = 401.202
ROUND 147 A#46 and B#2 = 460.172
ROUND 148 A#47 and B#2 = 333.569
ROUND 149 A#48 and B#2 = 400.709
ROUND 150 A#49 and B#2 = 343.631
ROUND 151 A#0 and B#3 = 400.374
ROUND 152 A#1 and B#3 = 379.162
ROUND 153 A#2 and B#3 = 374.843
ROUND 154 A#3 and B#3 = 398.113
ROUND 155 A#4 and B#3 = 461.08
ROUND 156 A#5 and B#3 = 464.092
ROUND 157 A#6 and B#3 = 383.496
ROUND 158 A#7 and B#3 = 370.727
ROUND 159 A#8 and B#3 = 361.77
ROUND 160 A#9 and B#3 = 381.771
ROUND 161 A#10 and B#3 = 376.546
ROUND 162 A#11 and B#3 = 378.051
ROUND 163 A#12 and B#3 = 365.415
ROUND 164 A#13 and B#3 = 369.178
ROUND 165 A#14 and B#3 = 374.984
ROUND 166 A#15 and B#3 = 372.512
ROUND 167 A#16 and B#3 = 379.495
ROUND 168 A#17 and B#3 = 386.729
ROUND 169 A#18 and B#3 = 370.956
ROUND 170 A#19 and B#3 = 381.452
ROUND 171 A#20 and B#3 = 384.139
ROUND 172 A#21 and B#3 = 399.57
ROUND 173 A#22 and B#3 = 395.052
ROUND 174 A#23 and B#3 = 366.9
ROUND 175 A#24 and B#3 = 459.985
ROUND 176 A#25 and B#3 = 390.565
ROUND 177 A#26 and B#3 = 378.916
ROUND 178 A#27 and B#3 = 442.611
ROUND 179 A#28 and B#3 = 391.87
ROUND 180 A#29 and B#3 = 357.088
ROUND 181 A#30 and B#3 = 410.698
ROUND 182 A#31 and B#3 = 415.22
ROUND 183 A#32 and B#3 = 366.886
ROUND 184 A#33 and B#3 = 421.534
ROUND 185 A#34 and B#3 = 375.098
ROUND 186 A#35 and B#3 = 373.726
ROUND 187 A#36 and B#3 = 393.138
ROUND 188 A#37 and B#3 = 363.59
ROUND 189 A#38 and B#3 = 375.886
ROUND 190 A#39 and B#3 = 377.541
ROUND 191 A#40 and B#3 = 395.205
ROUND 192 A#41 and B#3 = 354.312
ROUND 193 A#42 and B#3 = 354.203
ROUND 194 A#43 and B#3 = 369.897
ROUND 195 A#44 and B#3 = 368.267
ROUND 196 A#45 and B#3 = 372.706
ROUND 197 A#46 and B#3 = 396.38
ROUND 198 A#47 and B#3 = 364.661
ROUND 199 A#48 and B#3 = 366.476
ROUND 200 A#49 and B#3 = 367.112
ROUND 201 A#0 and B#4 = 429.945
ROUND 202 A#1 and B#4 = 403.225
ROUND 203 A#2 and B#4 = 397.431
ROUND 204 A#3 and B#4 = 442.117
ROUND 205 A#4 and B#4 = 447.623
ROUND 206 A#5 and B#4 = 438.675
ROUND 207 A#6 and B#4 = 402.291
ROUND 208 A#7 and B#4 = 427.086
ROUND 209 A#8 and B#4 = 420.461
ROUND 210 A#9 and B#4 = 380.303
ROUND 211 A#10 and B#4 = 372.569
ROUND 212 A#11 and B#4 = 456.858
ROUND 213 A#12 and B#4 = 406.194
ROUND 214 A#13 and B#4 = 406.737
ROUND 215 A#14 and B#4 = 399.409
ROUND 216 A#15 and B#4 = 408.537
ROUND 217 A#16 and B#4 = 387.215
ROUND 218 A#17 and B#4 = 435.904
ROUND 219 A#18 and B#4 = 415.137
ROUND 220 A#19 and B#4 = 379.23
ROUND 221 A#20 and B#4 = 444.244
ROUND 222 A#21 and B#4 = 439.95
ROUND 223 A#22 and B#4 = 407.019
ROUND 224 A#23 and B#4 = 392.871
ROUND 225 A#24 and B#4 = 387.848
ROUND 226 A#25 and B#4 = 455.918
ROUND 227 A#26 and B#4 = 421.151
ROUND 228 A#27 and B#4 = 387.845
ROUND 229 A#28 and B#4 = 446.548
ROUND 230 A#29 and B#4 = 399.427
ROUND 231 A#30 and B#4 = 436.035
ROUND 232 A#31 and B#4 = 423.611
ROUND 233 A#32 and B#4 = 373.447
ROUND 234 A#33 and B#4 = 434.221
ROUND 235 A#34 and B#4 = 398.736
ROUND 236 A#35 and B#4 = 393.75
ROUND 237 A#36 and B#4 = 382.597
ROUND 238 A#37 and B#4 = 399.214
ROUND 239 A#38 and B#4 = 340.326
ROUND 240 A#39 and B#4 = 406.672
ROUND 241 A#40 and B#4 = 421.252
ROUND 242 A#41 and B#4 = 371.322
ROUND 243 A#42 and B#4 = 440.063
ROUND 244 A#43 and B#4 = 392.158
ROUND 245 A#44 and B#4 = 394.783
ROUND 246 A#45 and B#4 = 391.057
ROUND 247 A#46 and B#4 = 463.444
ROUND 248 A#47 and B#4 = 428.948
ROUND 249 A#48 and B#4 = 396.196
ROUND 250 A#49 and B#4 = 384.466
ROUND 251 A#0 and B#5 = 398.133
ROUND 252 A#1 and B#5 = 380.01
ROUND 253 A#2 and B#5 = 378.313
ROUND 254 A#3 and B#5 = 394.28
ROUND 255 A#4 and B#5 = 419.058
ROUND 256 A#5 and B#5 = 399.585
ROUND 257 A#6 and B#5 = 360.049
ROUND 258 A#7 and B#5 = 385.508
ROUND 259 A#8 and B#5 = 345.562
ROUND 260 A#9 and B#5 = 378.807
ROUND 261 A#10 and B#5 = 356.528
ROUND 262 A#11 and B#5 = 380.691
ROUND 263 A#12 and B#5 = 424.412
ROUND 264 A#13 and B#5 = 369.236
ROUND 265 A#14 and B#5 = 358.07
ROUND 266 A#15 and B#5 = 371.52
ROUND 267 A#16 and B#5 = 379.472
ROUND 268 A#17 and B#5 = 381.187
ROUND 269 A#18 and B#5 = 373.261
ROUND 270 A#19 and B#5 = 378.473
ROUND 271 A#20 and B#5 = 427.497
ROUND 272 A#21 and B#5 = 400.828
ROUND 273 A#22 and B#5 = 392.864
ROUND 274 A#23 and B#5 = 365.506
ROUND 275 A#24 and B#5 = 454.431
ROUND 276 A#25 and B#5 = 389.772
ROUND 277 A#26 and B#5 = 364.839
ROUND 278 A#27 and B#5 = 432.916
ROUND 279 A#28 and B#5 = 390.316
ROUND 280 A#29 and B#5 = 438.581
ROUND 281 A#30 and B#5 = 410.215
ROUND 282 A#31 and B#5 = 387.028
ROUND 283 A#32 and B#5 = 365.188
ROUND 284 A#33 and B#5 = 419.884
ROUND 285 A#34 and B#5 = 385.926
ROUND 286 A#35 and B#5 = 389.371
ROUND 287 A#36 and B#5 = 393.719
ROUND 288 A#37 and B#5 = 349.94
ROUND 289 A#38 and B#5 = 351.794
ROUND 290 A#39 and B#5 = 379.27
ROUND 291 A#40 and B#5 = 397.846
ROUND 292 A#41 and B#5 = 357.288
ROUND 293 A#42 and B#5 = 415.118
ROUND 294 A#43 and B#5 = 391.317
ROUND 295 A#44 and B#5 = 384.438
ROUND 296 A#45 and B#5 = 360.315
ROUND 297 A#46 and B#5 = 379.889
ROUND 298 A#47 and B#5 = 365.579
ROUND 299 A#48 and B#5 = 367.417
ROUND 300 A#49 and B#5 = 368.186
ROUND 301 A#0 and B#6 = 355.636
ROUND 302 A#1 and B#6 = 361.111
ROUND 303 A#2 and B#6 = 370.879
ROUND 304 A#3 and B#6 = 389.721
ROUND 305 A#4 and B#6 = 428.774
ROUND 306 A#5 and B#6 = 444.711
ROUND 307 A#6 and B#6 = 402.857
ROUND 308 A#7 and B#6 = 356.051
ROUND 309 A#8 and B#6 = 421.535
ROUND 310 A#9 and B#6 = 392.223
ROUND 311 A#10 and B#6 = 433.033
ROUND 312 A#11 and B#6 = 379.573
ROUND 313 A#12 and B#6 = 443.555
ROUND 314 A#13 and B#6 = 367.095
ROUND 315 A#14 and B#6 = 385.946
ROUND 316 A#15 and B#6 = 363.882
ROUND 317 A#16 and B#6 = 385.909
ROUND 318 A#17 and B#6 = 340.749
ROUND 319 A#18 and B#6 = 392.059
ROUND 320 A#19 and B#6 = 392.044
ROUND 321 A#20 and B#6 = 369.777
ROUND 322 A#21 and B#6 = 363.116
ROUND 323 A#22 and B#6 = 433.777
ROUND 324 A#23 and B#6 = 389.689
ROUND 325 A#24 and B#6 = 409.347
ROUND 326 A#25 and B#6 = 344.467
ROUND 327 A#26 and B#6 = 433.137
ROUND 328 A#27 and B#6 = 411.377
ROUND 329 A#28 and B#6 = 398.63
ROUND 330 A#29 and B#6 = 360.458
ROUND 331 A#30 and B#6 = 362.519
ROUND 332 A#31 and B#6 = 366.04
ROUND 333 A#32 and B#6 = 388.117
ROUND 334 A#33 and B#6 = 331.936
ROUND 335 A#34 and B#6 = 378.135
ROUND 336 A#35 and B#6 = 377.673
ROUND 337 A#36 and B#6 = 359.639
ROUND 338 A#37 and B#6 = 399.846
ROUND 339 A#38 and B#6 = 405.363
ROUND 340 A#39 and B#6 = 392.349
ROUND 341 A#40 and B#6 = 380.816
ROUND 342 A#41 and B#6 = 386.309
ROUND 343 A#42 and B#6 = 424.896
ROUND 344 A#43 and B#6 = 411.44
ROUND 345 A#44 and B#6 = 450.012
ROUND 346 A#45 and B#6 = 402.613
ROUND 347 A#46 and B#6 = 357.75
ROUND 348 A#47 and B#6 = 431.502
ROUND 349 A#48 and B#6 = 377.795
ROUND 350 A#49 and B#6 = 381.386
ROUND 351 A#0 and B#7 = 403.83
ROUND 352 A#1 and B#7 = 376.771
ROUND 353 A#2 and B#7 = 378.066
ROUND 354 A#3 and B#7 = 398.611
ROUND 355 A#4 and B#7 = 342.936
ROUND 356 A#5 and B#7 = 444.802
ROUND 357 A#6 and B#7 = 389.524
ROUND 358 A#7 and B#7 = 410.422
ROUND 359 A#8 and B#7 = 402.835
ROUND 360 A#9 and B#7 = 363.922
ROUND 361 A#10 and B#7 = 359.064
ROUND 362 A#11 and B#7 = 412.614
ROUND 363 A#12 and B#7 = 353.206
ROUND 364 A#13 and B#7 = 367.816
ROUND 365 A#14 and B#7 = 372.545
ROUND 366 A#15 and B#7 = 378.67
ROUND 367 A#16 and B#7 = 370.919
ROUND 368 A#17 and B#7 = 411.344
ROUND 369 A#18 and B#7 = 380.629
ROUND 370 A#19 and B#7 = 362.166
ROUND 371 A#20 and B#7 = 409.834
ROUND 372 A#21 and B#7 = 407.446
ROUND 373 A#22 and B#7 = 399.302
ROUND 374 A#23 and B#7 = 394.096
ROUND 375 A#24 and B#7 = 372.555
ROUND 376 A#25 and B#7 = 396.871
ROUND 377 A#26 and B#7 = 387.941
ROUND 378 A#27 and B#7 = 454.917
ROUND 379 A#28 and B#7 = 381.634
ROUND 380 A#29 and B#7 = 452.778
ROUND 381 A#30 and B#7 = 433.987
ROUND 382 A#31 and B#7 = 440.769
ROUND 383 A#32 and B#7 = 381.466
ROUND 384 A#33 and B#7 = 387.92
ROUND 385 A#34 and B#7 = 387.207
ROUND 386 A#35 and B#7 = 400.745
ROUND 387 A#36 and B#7 = 374.451
ROUND 388 A#37 and B#7 = 369.905
ROUND 389 A#38 and B#7 = 362.271
ROUND 390 A#39 and B#7 = 371.96
ROUND 391 A#40 and B#7 = 398.46
ROUND 392 A#41 and B#7 = 383.859
ROUND 393 A#42 and B#7 = 390.198
ROUND 394 A#43 and B#7 = 371.884
ROUND 395 A#44 and B#7 = 383.091
ROUND 396 A#45 and B#7 = 402.108
ROUND 397 A#46 and B#7 = 378.405
ROUND 398 A#47 and B#7 = 339.108
ROUND 399 A#48 and B#7 = 402.21
ROUND 400 A#49 and B#7 = 374.373
ROUND 401 A#0 and B#8 = 402.151
ROUND 402 A#1 and B#8 = 391.434
ROUND 403 A#2 and B#8 = 413.594
ROUND 404 A#3 and B#8 = 405.816
ROUND 405 A#4 and B#8 = 421.452
ROUND 406 A#5 and B#8 = 425.597
ROUND 407 A#6 and B#8 = 419.575
ROUND 408 A#7 and B#8 = 392.182
ROUND 409 A#8 and B#8 = 417.554
ROUND 410 A#9 and B#8 = 403.43
ROUND 411 A#10 and B#8 = 400.291
ROUND 412 A#11 and B#8 = 438.156
ROUND 413 A#12 and B#8 = 440.549
ROUND 414 A#13 and B#8 = 409.186
ROUND 415 A#14 and B#8 = 362.968
ROUND 416 A#15 and B#8 = 366.562
ROUND 417 A#16 and B#8 = 396.416
ROUND 418 A#17 and B#8 = 440.052
ROUND 419 A#18 and B#8 = 381.066
ROUND 420 A#19 and B#8 = 400.058
ROUND 421 A#20 and B#8 = 363.418
ROUND 422 A#21 and B#8 = 418.197
ROUND 423 A#22 and B#8 = 429.665
ROUND 424 A#23 and B#8 = 403.2
ROUND 425 A#24 and B#8 = 368.325
ROUND 426 A#25 and B#8 = 415.294
ROUND 427 A#26 and B#8 = 423.343
ROUND 428 A#27 and B#8 = 380.263
ROUND 429 A#28 and B#8 = 416.96
ROUND 430 A#29 and B#8 = 361.874
ROUND 431 A#30 and B#8 = 405.861
ROUND 432 A#31 and B#8 = 449.067
ROUND 433 A#32 and B#8 = 389.761
ROUND 434 A#33 and B#8 = 377.56
ROUND 435 A#34 and B#8 = 361.103
ROUND 436 A#35 and B#8 = 382.851
ROUND 437 A#36 and B#8 = 375.74
ROUND 438 A#37 and B#8 = 454.005
ROUND 439 A#38 and B#8 = 438.797
ROUND 440 A#39 and B#8 = 412.363
ROUND 441 A#40 and B#8 = 390.216
ROUND 442 A#41 and B#8 = 386.744
ROUND 443 A#42 and B#8 = 461.789
ROUND 444 A#43 and B#8 = 426.289
ROUND 445 A#44 and B#8 = 407.075
ROUND 446 A#45 and B#8 = 380.973
ROUND 447 A#46 and B#8 = 374.669
ROUND 448 A#47 and B#8 = 446.568
ROUND 449 A#48 and B#8 = 382.366
ROUND 450 A#49 and B#8 = 424.405
ROUND 451 A#0 and B#9 = 382.917
ROUND 452 A#1 and B#9 = 379.994
ROUND 453 A#2 and B#9 = 413.579
ROUND 454 A#3 and B#9 = 406.015
ROUND 455 A#4 and B#9 = 418.433
ROUND 456 A#5 and B#9 = 432.68
ROUND 457 A#6 and B#9 = 429.219
ROUND 458 A#7 and B#9 = 395.757
ROUND 459 A#8 and B#9 = 420.821
ROUND 460 A#9 and B#9 = 401.407
ROUND 461 A#10 and B#9 = 393.81
ROUND 462 A#11 and B#9 = 435.796
ROUND 463 A#12 and B#9 = 441.76
ROUND 464 A#13 and B#9 = 410.959
ROUND 465 A#14 and B#9 = 362.605
ROUND 466 A#15 and B#9 = 354.538
ROUND 467 A#16 and B#9 = 387.539
ROUND 468 A#17 and B#9 = 444.039
ROUND 469 A#18 and B#9 = 378.595
ROUND 470 A#19 and B#9 = 398.003
ROUND 471 A#20 and B#9 = 371.42
ROUND 472 A#21 and B#9 = 417.869
ROUND 473 A#22 and B#9 = 427.579
ROUND 474 A#23 and B#9 = 400.262
ROUND 475 A#24 and B#9 = 374.478
ROUND 476 A#25 and B#9 = 415.049
ROUND 477 A#26 and B#9 = 404.027
ROUND 478 A#27 and B#9 = 377.968
ROUND 479 A#28 and B#9 = 419.051
ROUND 480 A#29 and B#9 = 364.975
ROUND 481 A#30 and B#9 = 407.139
ROUND 482 A#31 and B#9 = 451.92
ROUND 483 A#32 and B#9 = 387.249
ROUND 484 A#33 and B#9 = 372.641
ROUND 485 A#34 and B#9 = 400.219
ROUND 486 A#35 and B#9 = 391.054
ROUND 487 A#36 and B#9 = 372.943
ROUND 488 A#37 and B#9 = 454.421
ROUND 489 A#38 and B#9 = 431.899
ROUND 490 A#39 and B#9 = 409.003
ROUND 491 A#40 and B#9 = 393.668
ROUND 492 A#41 and B#9 = 387.612
ROUND 493 A#42 and B#9 = 456.837
ROUND 494 A#43 and B#9 = 375.366
ROUND 495 A#44 and B#9 = 408.282
ROUND 496 A#45 and B#9 = 392.643
ROUND 497 A#46 and B#9 = 373.868
ROUND 498 A#47 and B#9 = 450.359
ROUND 499 A#48 and B#9 = 379.02
ROUND 500 A#49 and B#9 = 427.236
ROUND 501 A#0 and B#10 = 400.07
ROUND 502 A#1 and B#10 = 380.035
ROUND 503 A#2 and B#10 = 375.555
ROUND 504 A#3 and B#10 = 398.404
ROUND 505 A#4 and B#10 = 463.036
ROUND 506 A#5 and B#10 = 464.192
ROUND 507 A#6 and B#10 = 383.331
ROUND 508 A#7 and B#10 = 372.436
ROUND 509 A#8 and B#10 = 360.477
ROUND 510 A#9 and B#10 = 381.286
ROUND 511 A#10 and B#10 = 378.294
ROUND 512 A#11 and B#10 = 376.964
ROUND 513 A#12 and B#10 = 365.452
ROUND 514 A#13 and B#10 = 370.073
ROUND 515 A#14 and B#10 = 375.109
ROUND 516 A#15 and B#10 = 372.522
ROUND 517 A#16 and B#10 = 379.846
ROUND 518 A#17 and B#10 = 388.192
ROUND 519 A#18 and B#10 = 370.733
ROUND 520 A#19 and B#10 = 380.962
ROUND 521 A#20 and B#10 = 386.2
ROUND 522 A#21 and B#10 = 398.447
ROUND 523 A#22 and B#10 = 395.624
ROUND 524 A#23 and B#10 = 367.225
ROUND 525 A#24 and B#10 = 461.288
ROUND 526 A#25 and B#10 = 394.607
ROUND 527 A#26 and B#10 = 385.171
ROUND 528 A#27 and B#10 = 442.891
ROUND 529 A#28 and B#10 = 392.046
ROUND 530 A#29 and B#10 = 357.499
ROUND 531 A#30 and B#10 = 410.983
ROUND 532 A#31 and B#10 = 415.013
ROUND 533 A#32 and B#10 = 366.471
ROUND 534 A#33 and B#10 = 422.203
ROUND 535 A#34 and B#10 = 378.248
ROUND 536 A#35 and B#10 = 373.722
ROUND 537 A#36 and B#10 = 393.853
ROUND 538 A#37 and B#10 = 363.798
ROUND 539 A#38 and B#10 = 352.316
ROUND 540 A#39 and B#10 = 378.23
ROUND 541 A#40 and B#10 = 396.595
ROUND 542 A#41 and B#10 = 353.895
ROUND 543 A#42 and B#10 = 354.306
ROUND 544 A#43 and B#10 = 370.193
ROUND 545 A#44 and B#10 = 370.476
ROUND 546 A#45 and B#10 = 372.739
ROUND 547 A#46 and B#10 = 396.752
ROUND 548 A#47 and B#10 = 363.683
ROUND 549 A#48 and B#10 = 378.716
ROUND 550 A#49 and B#10 = 366.123
ROUND 551 A#0 and B#11 = 404.004
ROUND 552 A#1 and B#11 = 378
ROUND 553 A#2 and B#11 = 377.331
ROUND 554 A#3 and B#11 = 394.4
ROUND 555 A#4 and B#11 = 371.185
ROUND 556 A#5 and B#11 = 441.497
ROUND 557 A#6 and B#11 = 382.167
ROUND 558 A#7 and B#11 = 430.576
ROUND 559 A#8 and B#11 = 402.876
ROUND 560 A#9 and B#11 = 366.466
ROUND 561 A#10 and B#11 = 358.634
ROUND 562 A#11 and B#11 = 413.811
ROUND 563 A#12 and B#11 = 366.691
ROUND 564 A#13 and B#11 = 370.746
ROUND 565 A#14 and B#11 = 367.829
ROUND 566 A#15 and B#11 = 377.921
ROUND 567 A#16 and B#11 = 371.105
ROUND 568 A#17 and B#11 = 412.05
ROUND 569 A#18 and B#11 = 382.132
ROUND 570 A#19 and B#11 = 365.081
ROUND 571 A#20 and B#11 = 409.725
ROUND 572 A#21 and B#11 = 407.433
ROUND 573 A#22 and B#11 = 397.278
ROUND 574 A#23 and B#11 = 385.113
ROUND 575 A#24 and B#11 = 372.707
ROUND 576 A#25 and B#11 = 396.969
ROUND 577 A#26 and B#11 = 387.689
ROUND 578 A#27 and B#11 = 399.896
ROUND 579 A#28 and B#11 = 436.407
ROUND 580 A#29 and B#11 = 454.215
ROUND 581 A#30 and B#11 = 434.556
ROUND 582 A#31 and B#11 = 437.793
ROUND 583 A#32 and B#11 = 384.505
ROUND 584 A#33 and B#11 = 389.236
ROUND 585 A#34 and B#11 = 388.763
ROUND 586 A#35 and B#11 = 398.603
ROUND 587 A#36 and B#11 = 376.644
ROUND 588 A#37 and B#11 = 371.436
ROUND 589 A#38 and B#11 = 366.315
ROUND 590 A#39 and B#11 = 371.917
ROUND 591 A#40 and B#11 = 398.728
ROUND 592 A#41 and B#11 = 386.272
ROUND 593 A#42 and B#11 = 416.568
ROUND 594 A#43 and B#11 = 373.313
ROUND 595 A#44 and B#11 = 384.137
ROUND 596 A#45 and B#11 = 400.906
ROUND 597 A#46 and B#11 = 460.428
ROUND 598 A#47 and B#11 = 333.084
ROUND 599 A#48 and B#11 = 400.349
ROUND 600 A#49 and B#11 = 342.617
ROUND 601 A#0 and B#12 = 436.214
ROUND 602 A#1 and B#12 = 387.019
ROUND 603 A#2 and B#12 = 431.86
ROUND 604 A#3 and B#12 = 383.754
ROUND 605 A#4 and B#12 = 405.267
ROUND 606 A#5 and B#12 = 441.373
ROUND 607 A#6 and B#12 = 405.517
ROUND 608 A#7 and B#12 = 444.494
ROUND 609 A#8 and B#12 = 342.451
ROUND 610 A#9 and B#12 = 382.678
ROUND 611 A#10 and B#12 = 354.931
ROUND 612 A#11 and B#12 = 417.825
ROUND 613 A#12 and B#12 = 381.687
ROUND 614 A#13 and B#12 = 385.922
ROUND 615 A#14 and B#12 = 352.054
ROUND 616 A#15 and B#12 = 361.455
ROUND 617 A#16 and B#12 = 361.725
ROUND 618 A#17 and B#12 = 415.824
ROUND 619 A#18 and B#12 = 362.879
ROUND 620 A#19 and B#12 = 379.574
ROUND 621 A#20 and B#12 = 448.54
ROUND 622 A#21 and B#12 = 411.918
ROUND 623 A#22 and B#12 = 398.06
ROUND 624 A#23 and B#12 = 381.496
ROUND 625 A#24 and B#12 = 414.263
ROUND 626 A#25 and B#12 = 397.811
ROUND 627 A#26 and B#12 = 392.088
ROUND 628 A#27 and B#12 = 388.936
ROUND 629 A#28 and B#12 = 419.451
ROUND 630 A#29 and B#12 = 396.054
ROUND 631 A#30 and B#12 = 404.805
ROUND 632 A#31 and B#12 = 440.568
ROUND 633 A#32 and B#12 = 388.937
ROUND 634 A#33 and B#12 = 365.787
ROUND 635 A#34 and B#12 = 403.15
ROUND 636 A#35 and B#12 = 386.603
ROUND 637 A#36 and B#12 = 391.294
ROUND 638 A#37 and B#12 = 321.125
ROUND 639 A#38 and B#12 = 377.306
ROUND 640 A#39 and B#12 = 421.512
ROUND 641 A#40 and B#12 = 457.159
ROUND 642 A#41 and B#12 = 345.555
ROUND 643 A#42 and B#12 = 391.652
ROUND 644 A#43 and B#12 = 438.76
ROUND 645 A#44 and B#12 = 373.921
ROUND 646 A#45 and B#12 = 371.165
ROUND 647 A#46 and B#12 = 412.754
ROUND 648 A#47 and B#12 = 384.47
ROUND 649 A#48 and B#12 = 385.336
ROUND 650 A#49 and B#12 = 411.431
ROUND 651 A#0 and B#13 = 441.152
ROUND 652 A#1 and B#13 = 472.008
ROUND 653 A#2 and B#13 = 437.509
ROUND 654 A#3 and B#13 = 449.05
ROUND 655 A#4 and B#13 = 449.436
ROUND 656 A#5 and B#13 = 420.819
ROUND 657 A#6 and B#13 = 376.287
ROUND 658 A#7 and B#13 = 434.549
ROUND 659 A#8 and B#13 = 383.947
ROUND 660 A#9 and B#13 = 459.168
ROUND 661 A#10 and B#13 = 407.271
ROUND 662 A#11 and B#13 = 421.216
ROUND 663 A#12 and B#13 = 431.736
ROUND 664 A#13 and B#13 = 395.32
ROUND 665 A#14 and B#13 = 410.819
ROUND 666 A#15 and B#13 = 444.438
ROUND 667 A#16 and B#13 = 379.804
ROUND 668 A#17 and B#13 = 419.133
ROUND 669 A#18 and B#13 = 371.608
ROUND 670 A#19 and B#13 = 458.083
ROUND 671 A#20 and B#13 = 432.89
ROUND 672 A#21 and B#13 = 478
ROUND 673 A#22 and B#13 = 411.242
ROUND 674 A#23 and B#13 = 397.388
ROUND 675 A#24 and B#13 = 378.809
ROUND 676 A#25 and B#13 = 405.017
ROUND 677 A#26 and B#13 = 388.876
ROUND 678 A#27 and B#13 = 392.275
ROUND 679 A#28 and B#13 = 461.209
ROUND 680 A#29 and B#13 = 373.277
ROUND 681 A#30 and B#13 = 436.435
ROUND 682 A#31 and B#13 = 439.196
ROUND 683 A#32 and B#13 = 450.26
ROUND 684 A#33 and B#13 = 430.846
ROUND 685 A#34 and B#13 = 346.52
ROUND 686 A#35 and B#13 = 389.526
ROUND 687 A#36 and B#13 = 385.616
ROUND 688 A#37 and B#13 = 455.959
ROUND 689 A#38 and B#13 = 420.019
ROUND 690 A#39 and B#13 = 382.273
ROUND 691 A#40 and B#13 = 376.87
ROUND 692 A#41 and B#13 = 432.167
ROUND 693 A#42 and B#13 = 443.014
ROUND 694 A#43 and B#13 = 364.388
ROUND 695 A#44 and B#13 = 384.725
ROUND 696 A#45 and B#13 = 376.502
ROUND 697 A#46 and B#13 = 433.817
ROUND 698 A#47 and B#13 = 477.398
ROUND 699 A#48 and B#13 = 388.212
ROUND 700 A#49 and B#13 = 454.484
ROUND 701 A#0 and B#14 = 397.254
ROUND 702 A#1 and B#14 = 383.783
ROUND 703 A#2 and B#14 = 378.103
ROUND 704 A#3 and B#14 = 395.031
ROUND 705 A#4 and B#14 = 463.213
ROUND 706 A#5 and B#14 = 463.029
ROUND 707 A#6 and B#14 = 383.378
ROUND 708 A#7 and B#14 = 369.93
ROUND 709 A#8 and B#14 = 361.783
ROUND 710 A#9 and B#14 = 373.414
ROUND 711 A#10 and B#14 = 376.081
ROUND 712 A#11 and B#14 = 379.602
ROUND 713 A#12 and B#14 = 367.412
ROUND 714 A#13 and B#14 = 389.635
ROUND 715 A#14 and B#14 = 378.626
ROUND 716 A#15 and B#14 = 370.894
ROUND 717 A#16 and B#14 = 382.736
ROUND 718 A#17 and B#14 = 383.85
ROUND 719 A#18 and B#14 = 375.021
ROUND 720 A#19 and B#14 = 372.908
ROUND 721 A#20 and B#14 = 427.089
ROUND 722 A#21 and B#14 = 396.26
ROUND 723 A#22 and B#14 = 388.287
ROUND 724 A#23 and B#14 = 369.218
ROUND 725 A#24 and B#14 = 454.312
ROUND 726 A#25 and B#14 = 390.016
ROUND 727 A#26 and B#14 = 378.604
ROUND 728 A#27 and B#14 = 437.931
ROUND 729 A#28 and B#14 = 387.458
ROUND 730 A#29 and B#14 = 348.455
ROUND 731 A#30 and B#14 = 410.198
ROUND 732 A#31 and B#14 = 417.125
ROUND 733 A#32 and B#14 = 363.001
ROUND 734 A#33 and B#14 = 421.716
ROUND 735 A#34 and B#14 = 375.477
ROUND 736 A#35 and B#14 = 372.113
ROUND 737 A#36 and B#14 = 395.685
ROUND 738 A#37 and B#14 = 365.697
ROUND 739 A#38 and B#14 = 380.673
ROUND 740 A#39 and B#14 = 381.965
ROUND 741 A#40 and B#14 = 401.428
ROUND 742 A#41 and B#14 = 354.374
ROUND 743 A#42 and B#14 = 356.158
ROUND 744 A#43 and B#14 = 370.582
ROUND 745 A#44 and B#14 = 369.258
ROUND 746 A#45 and B#14 = 373.98
ROUND 747 A#46 and B#14 = 380.524
ROUND 748 A#47 and B#14 = 366.179
ROUND 749 A#48 and B#14 = 380.869
ROUND 750 A#49 and B#14 = 367.311
ROUND 751 A#0 and B#15 = 358.654
ROUND 752 A#1 and B#15 = 362.26
ROUND 753 A#2 and B#15 = 375.663
ROUND 754 A#3 and B#15 = 391.222
ROUND 755 A#4 and B#15 = 429.656
ROUND 756 A#5 and B#15 = 445.894
ROUND 757 A#6 and B#15 = 405.059
ROUND 758 A#7 and B#15 = 358.128
ROUND 759 A#8 and B#15 = 419.428
ROUND 760 A#9 and B#15 = 392.521
ROUND 761 A#10 and B#15 = 430.853
ROUND 762 A#11 and B#15 = 397.914
ROUND 763 A#12 and B#15 = 442.998
ROUND 764 A#13 and B#15 = 372.063
ROUND 765 A#14 and B#15 = 387.157
ROUND 766 A#15 and B#15 = 367.35
ROUND 767 A#16 and B#15 = 393.025
ROUND 768 A#17 and B#15 = 341.026
ROUND 769 A#18 and B#15 = 395.135
ROUND 770 A#19 and B#15 = 391.551
ROUND 771 A#20 and B#15 = 368.981
ROUND 772 A#21 and B#15 = 364.741
ROUND 773 A#22 and B#15 = 433.186
ROUND 774 A#23 and B#15 = 391.647
ROUND 775 A#24 and B#15 = 409.693
ROUND 776 A#25 and B#15 = 343.997
ROUND 777 A#26 and B#15 = 430.665
ROUND 778 A#27 and B#15 = 411.495
ROUND 779 A#28 and B#15 = 397.119
ROUND 780 A#29 and B#15 = 359.461
ROUND 781 A#30 and B#15 = 362.872
ROUND 782 A#31 and B#15 = 364.367
ROUND 783 A#32 and B#15 = 387.137
ROUND 784 A#33 and B#15 = 330.299
ROUND 785 A#34 and B#15 = 380.381
ROUND 786 A#35 and B#15 = 378.915
ROUND 787 A#36 and B#15 = 360.44
ROUND 788 A#37 and B#15 = 400.008
ROUND 789 A#38 and B#15 = 405.486
ROUND 790 A#39 and B#15 = 394.495
ROUND 791 A#40 and B#15 = 381.038
ROUND 792 A#41 and B#15 = 384.01
ROUND 793 A#42 and B#15 = 426.57
ROUND 794 A#43 and B#15 = 411.424
ROUND 795 A#44 and B#15 = 447.787
ROUND 796 A#45 and B#15 = 404.141
ROUND 797 A#46 and B#15 = 359.418
ROUND 798 A#47 and B#15 = 431.27
ROUND 799 A#48 and B#15 = 378.284
ROUND 800 A#49 and B#15 = 383.821
ROUND 801 A#0 and B#16 = 417.626
ROUND 802 A#1 and B#16 = 393.343
ROUND 803 A#2 and B#16 = 377.936
ROUND 804 A#3 and B#16 = 401.369
ROUND 805 A#4 and B#16 = 443.257
ROUND 806 A#5 and B#16 = 395.056
ROUND 807 A#6 and B#16 = 385.79
ROUND 808 A#7 and B#16 = 371.826
ROUND 809 A#8 and B#16 = 395.346
ROUND 810 A#9 and B#16 = 373.598
ROUND 811 A#10 and B#16 = 356.904
ROUND 812 A#11 and B#16 = 409.649
ROUND 813 A#12 and B#16 = 370.647
ROUND 814 A#13 and B#16 = 374
ROUND 815 A#14 and B#16 = 396.045
ROUND 816 A#15 and B#16 = 400.652
ROUND 817 A#16 and B#16 = 385.53
ROUND 818 A#17 and B#16 = 430.405
ROUND 819 A#18 and B#16 = 398.311
ROUND 820 A#19 and B#16 = 372.494
ROUND 821 A#20 and B#16 = 428.529
ROUND 822 A#21 and B#16 = 421.497
ROUND 823 A#22 and B#16 = 380.069
ROUND 824 A#23 and B#16 = 366.284
ROUND 825 A#24 and B#16 = 382.554
ROUND 826 A#25 and B#16 = 417.937
ROUND 827 A#26 and B#16 = 403.832
ROUND 828 A#27 and B#16 = 393.139
ROUND 829 A#28 and B#16 = 390.025
ROUND 830 A#29 and B#16 = 352.6
ROUND 831 A#30 and B#16 = 419.259
ROUND 832 A#31 and B#16 = 447.332
ROUND 833 A#32 and B#16 = 375.242
ROUND 834 A#33 and B#16 = 414.573
ROUND 835 A#34 and B#16 = 405.918
ROUND 836 A#35 and B#16 = 390.556
ROUND 837 A#36 and B#16 = 381.301
ROUND 838 A#37 and B#16 = 408.393
ROUND 839 A#38 and B#16 = 383.568
ROUND 840 A#39 and B#16 = 390.082
ROUND 841 A#40 and B#16 = 405.998
ROUND 842 A#41 and B#16 = 423.754
ROUND 843 A#42 and B#16 = 410.923
ROUND 844 A#43 and B#16 = 373.419
ROUND 845 A#44 and B#16 = 396.921
ROUND 846 A#45 and B#16 = 392.103
ROUND 847 A#46 and B#16 = 398.162
ROUND 848 A#47 and B#16 = 443.063
ROUND 849 A#48 and B#16 = 391.185
ROUND 850 A#49 and B#16 = 411.862
ROUND 851 A#0 and B#17 = 434.785
ROUND 852 A#1 and B#17 = 385.15
ROUND 853 A#2 and B#17 = 428.763
ROUND 854 A#3 and B#17 = 384.027
ROUND 855 A#4 and B#17 = 418.001
ROUND 856 A#5 and B#17 = 452.624
ROUND 857 A#6 and B#17 = 405.579
ROUND 858 A#7 and B#17 = 433.46
ROUND 859 A#8 and B#17 = 336.962
ROUND 860 A#9 and B#17 = 382.024
ROUND 861 A#10 and B#17 = 407.474
ROUND 862 A#11 and B#17 = 417.425
ROUND 863 A#12 and B#17 = 380.317
ROUND 864 A#13 and B#17 = 414.807
ROUND 865 A#14 and B#17 = 350.571
ROUND 866 A#15 and B#17 = 414.667
ROUND 867 A#16 and B#17 = 434.879
ROUND 868 A#17 and B#17 = 335.353
ROUND 869 A#18 and B#17 = 401.672
ROUND 870 A#19 and B#17 = 379.074
ROUND 871 A#20 and B#17 = 358.052
ROUND 872 A#21 and B#17 = 412.165
ROUND 873 A#22 and B#17 = 398.016
ROUND 874 A#23 and B#17 = 377.507
ROUND 875 A#24 and B#17 = 416.337
ROUND 876 A#25 and B#17 = 397.98
ROUND 877 A#26 and B#17 = 402.588
ROUND 878 A#27 and B#17 = 391.438
ROUND 879 A#28 and B#17 = 422.458
ROUND 880 A#29 and B#17 = 394.636
ROUND 881 A#30 and B#17 = 402.187
ROUND 882 A#31 and B#17 = 426.094
ROUND 883 A#32 and B#17 = 360.079
ROUND 884 A#33 and B#17 = 362.783
ROUND 885 A#34 and B#17 = 410.065
ROUND 886 A#35 and B#17 = 387.419
ROUND 887 A#36 and B#17 = 391.071
ROUND 888 A#37 and B#17 = 335.614
ROUND 889 A#38 and B#17 = 436.941
ROUND 890 A#39 and B#17 = 415.33
ROUND 891 A#40 and B#17 = 455.177
ROUND 892 A#41 and B#17 = 342.867
ROUND 893 A#42 and B#17 = 392.29
ROUND 894 A#43 and B#17 = 427.281
ROUND 895 A#44 and B#17 = 370.439
ROUND 896 A#45 and B#17 = 367.623
ROUND 897 A#46 and B#17 = 362.238
ROUND 898 A#47 and B#17 = 383.018
ROUND 899 A#48 and B#17 = 380.595
ROUND 900 A#49 and B#17 = 409.613
ROUND 901 A#0 and B#18 = 401.999
ROUND 902 A#1 and B#18 = 384.954
ROUND 903 A#2 and B#18 = 393.893
ROUND 904 A#3 and B#18 = 383.013
ROUND 905 A#4 and B#18 = 403.778
ROUND 906 A#5 and B#18 = 442.403
ROUND 907 A#6 and B#18 = 411.397
ROUND 908 A#7 and B#18 = 390.395
ROUND 909 A#8 and B#18 = 419.495
ROUND 910 A#9 and B#18 = 336.762
ROUND 911 A#10 and B#18 = 370.161
ROUND 912 A#11 and B#18 = 404.89
ROUND 913 A#12 and B#18 = 416.637
ROUND 914 A#13 and B#18 = 394.138
ROUND 915 A#14 and B#18 = 364.795
ROUND 916 A#15 and B#18 = 444.491
ROUND 917 A#16 and B#18 = 379.397
ROUND 918 A#17 and B#18 = 363.426
ROUND 919 A#18 and B#18 = 402.921
ROUND 920 A#19 and B#18 = 334.551
ROUND 921 A#20 and B#18 = 366.673
ROUND 922 A#21 and B#18 = 379.972
ROUND 923 A#22 and B#18 = 443.165
ROUND 924 A#23 and B#18 = 382.489
ROUND 925 A#24 and B#18 = 437.157
ROUND 926 A#25 and B#18 = 380.702
ROUND 927 A#26 and B#18 = 456.235
ROUND 928 A#27 and B#18 = 461.548
ROUND 929 A#28 and B#18 = 355.257
ROUND 930 A#29 and B#18 = 365.298
ROUND 931 A#30 and B#18 = 376.178
ROUND 932 A#31 and B#18 = 409.238
ROUND 933 A#32 and B#18 = 333.281
ROUND 934 A#33 and B#18 = 415.419
ROUND 935 A#34 and B#18 = 395.823
ROUND 936 A#35 and B#18 = 391.384
ROUND 937 A#36 and B#18 = 388.018
ROUND 938 A#37 and B#18 = 424.901
ROUND 939 A#38 and B#18 = 393.363
ROUND 940 A#39 and B#18 = 369.126
ROUND 941 A#40 and B#18 = 373.402
ROUND 942 A#41 and B#18 = 338.43
ROUND 943 A#42 and B#18 = 431.541
ROUND 944 A#43 and B#18 = 381.546
ROUND 945 A#44 and B#18 = 418.901
ROUND 946 A#45 and B#18 = 398.477
ROUND 947 A#46 and B#18 = 415.845
ROUND 948 A#47 and B#18 = 392.339
ROUND 949 A#48 and B#18 = 396.497
ROUND 950 A#49 and B#18 = 381.611
ROUND 951 A#0 and B#19 = 349.45
ROUND 952 A#1 and B#19 = 393.773
ROUND 953 A#2 and B#19 = 446.242
ROUND 954 A#3 and B#19 = 407.797
ROUND 955 A#4 and B#19 = 448.482
ROUND 956 A#5 and B#19 = 395.004
ROUND 957 A#6 and B#19 = 441.862
ROUND 958 A#7 and B#19 = 359.623
ROUND 959 A#8 and B#19 = 413.327
ROUND 960 A#9 and B#19 = 354.473
ROUND 961 A#10 and B#19 = 445.608
ROUND 962 A#11 and B#19 = 390.792
ROUND 963 A#12 and B#19 = 465.915
ROUND 964 A#13 and B#19 = 446.746
ROUND 965 A#14 and B#19 = 387.281
ROUND 966 A#15 and B#19 = 361.533
ROUND 967 A#16 and B#19 = 417.065
ROUND 968 A#17 and B#19 = 410.185
ROUND 969 A#18 and B#19 = 410.575
ROUND 970 A#19 and B#19 = 353.341
ROUND 971 A#20 and B#19 = 361.377
ROUND 972 A#21 and B#19 = 351.928
ROUND 973 A#22 and B#19 = 455.283
ROUND 974 A#23 and B#19 = 406.569
ROUND 975 A#24 and B#19 = 419.093
ROUND 976 A#25 and B#19 = 350.321
ROUND 977 A#26 and B#19 = 467.694
ROUND 978 A#27 and B#19 = 426.423
ROUND 979 A#28 and B#19 = 401.181
ROUND 980 A#29 and B#19 = 437.943
ROUND 981 A#30 and B#19 = 364.5
ROUND 982 A#31 and B#19 = 398.499
ROUND 983 A#32 and B#19 = 346.906
ROUND 984 A#33 and B#19 = 453.328
ROUND 985 A#34 and B#19 = 439.149
ROUND 986 A#35 and B#19 = 394.622
ROUND 987 A#36 and B#19 = 348.42
ROUND 988 A#37 and B#19 = 421.266
ROUND 989 A#38 and B#19 = 423.386
ROUND 990 A#39 and B#19 = 417.901
ROUND 991 A#40 and B#19 = 327.513
ROUND 992 A#41 and B#19 = 343.267
ROUND 993 A#42 and B#19 = 431.899
ROUND 994 A#43 and B#19 = 425.79
ROUND 995 A#44 and B#19 = 486.497
ROUND 996 A#45 and B#19 = 426.955
ROUND 997 A#46 and B#19 = 347.568
ROUND 998 A#47 and B#19 = 454.314
ROUND 999 A#48 and B#19 = 391.081
ROUND 1000 A#49 and B#19 = 421.119
ROUND 1001 A#0 and B#20 = 400.205
ROUND 1002 A#1 and B#20 = 379.424
ROUND 1003 A#2 and B#20 = 375.643
ROUND 1004 A#3 and B#20 = 399.15
ROUND 1005 A#4 and B#20 = 451.495
ROUND 1006 A#5 and B#20 = 464.369
ROUND 1007 A#6 and B#20 = 384.457
ROUND 1008 A#7 and B#20 = 372.598
ROUND 1009 A#8 and B#20 = 360.286
ROUND 1010 A#9 and B#20 = 381.852
ROUND 1011 A#10 and B#20 = 380.166
ROUND 1012 A#11 and B#20 = 376.699
ROUND 1013 A#12 and B#20 = 365.289
ROUND 1014 A#13 and B#20 = 370.029
ROUND 1015 A#14 and B#20 = 374.404
ROUND 1016 A#15 and B#20 = 372.396
ROUND 1017 A#16 and B#20 = 380.281
ROUND 1018 A#17 and B#20 = 384.459
ROUND 1019 A#18 and B#20 = 371.572
ROUND 1020 A#19 and B#20 = 381.526
ROUND 1021 A#20 and B#20 = 385.582
ROUND 1022 A#21 and B#20 = 385.12
ROUND 1023 A#22 and B#20 = 396.306
ROUND 1024 A#23 and B#20 = 367.145
ROUND 1025 A#24 and B#20 = 461.252
ROUND 1026 A#25 and B#20 = 388.485
ROUND 1027 A#26 and B#20 = 382.503
ROUND 1028 A#27 and B#20 = 443.39
ROUND 1029 A#28 and B#20 = 392.712
ROUND 1030 A#29 and B#20 = 357.317
ROUND 1031 A#30 and B#20 = 411.315
ROUND 1032 A#31 and B#20 = 414.781
ROUND 1033 A#32 and B#20 = 367.017
ROUND 1034 A#33 and B#20 = 423.079
ROUND 1035 A#34 and B#20 = 377.078
ROUND 1036 A#35 and B#20 = 373.625
ROUND 1037 A#36 and B#20 = 393.357
ROUND 1038 A#37 and B#20 = 363.626
ROUND 1039 A#38 and B#20 = 352.194
ROUND 1040 A#39 and B#20 = 378.266
ROUND 1041 A#40 and B#20 = 396.113
ROUND 1042 A#41 and B#20 = 354.163
ROUND 1043 A#42 and B#20 = 354.194
ROUND 1044 A#43 and B#20 = 370.305
ROUND 1045 A#44 and B#20 = 370.031
ROUND 1046 A#45 and B#20 = 372.743
ROUND 1047 A#46 and B#20 = 397.461
ROUND 1048 A#47 and B#20 = 363.732
ROUND 1049 A#48 and B#20 = 378.592
ROUND 1050 A#49 and B#20 = 365.983
ROUND 1051 A#0 and B#21 = 473.773
ROUND 1052 A#1 and B#21 = 408.165
ROUND 1053 A#2 and B#21 = 364.731
ROUND 1054 A#3 and B#21 = 412.065
ROUND 1055 A#4 and B#21 = 349.001
ROUND 1056 A#5 and B#21 = 332.515
ROUND 1057 A#6 and B#21 = 388.893
ROUND 1058 A#7 and B#21 = 386.572
ROUND 1059 A#8 and B#21 = 419.842
ROUND 1060 A#9 and B#21 = 394.909
ROUND 1061 A#10 and B#21 = 366.835
ROUND 1062 A#11 and B#21 = 435.545
ROUND 1063 A#12 and B#21 = 365.508
ROUND 1064 A#13 and B#21 = 367.901
ROUND 1065 A#14 and B#21 = 368.956
ROUND 1066 A#15 and B#21 = 412.044
ROUND 1067 A#16 and B#21 = 433.562
ROUND 1068 A#17 and B#21 = 428
ROUND 1069 A#18 and B#21 = 393.266
ROUND 1070 A#19 and B#21 = 392.237
ROUND 1071 A#20 and B#21 = 428.075
ROUND 1072 A#21 and B#21 = 462.214
ROUND 1073 A#22 and B#21 = 409.644
ROUND 1074 A#23 and B#21 = 401.019
ROUND 1075 A#24 and B#21 = 423.629
ROUND 1076 A#25 and B#21 = 334.919
ROUND 1077 A#26 and B#21 = 372.776
ROUND 1078 A#27 and B#21 = 408.404
ROUND 1079 A#28 and B#21 = 410.689
ROUND 1080 A#29 and B#21 = 440.104
ROUND 1081 A#30 and B#21 = 452.041
ROUND 1082 A#31 and B#21 = 443.657
ROUND 1083 A#32 and B#21 = 372.418
ROUND 1084 A#33 and B#21 = 345.134
ROUND 1085 A#34 and B#21 = 416.151
ROUND 1086 A#35 and B#21 = 383.296
ROUND 1087 A#36 and B#21 = 403.911
ROUND 1088 A#37 and B#21 = 383.788
ROUND 1089 A#38 and B#21 = 373.866
ROUND 1090 A#39 and B#21 = 353.962
ROUND 1091 A#40 and B#21 = 441.443
ROUND 1092 A#41 and B#21 = 405.183
ROUND 1093 A#42 and B#21 = 448.684
ROUND 1094 A#43 and B#21 = 364.849
ROUND 1095 A#44 and B#21 = 390.51
ROUND 1096 A#45 and B#21 = 390.978
ROUND 1097 A#46 and B#21 = 461.019
ROUND 1098 A#47 and B#21 = 389.148
ROUND 1099 A#48 and B#21 = 386.774
ROUND 1100 A#49 and B#21 = 379.833
ROUND 1101 A#0 and B#22 = 418.414
ROUND 1102 A#1 and B#22 = 379.084
ROUND 1103 A#2 and B#22 = 364.017
ROUND 1104 A#3 and B#22 = 414.956
ROUND 1105 A#4 and B#22 = 425.792
ROUND 1106 A#5 and B#22 = 425.571
ROUND 1107 A#6 and B#22 = 397.395
ROUND 1108 A#7 and B#22 = 439.966
ROUND 1109 A#8 and B#22 = 403.683
ROUND 1110 A#9 and B#22 = 371.453
ROUND 1111 A#10 and B#22 = 362.217
ROUND 1112 A#11 and B#22 = 434.031
ROUND 1113 A#12 and B#22 = 395.97
ROUND 1114 A#13 and B#22 = 376.128
ROUND 1115 A#14 and B#22 = 397.276
ROUND 1116 A#15 and B#22 = 395.102
ROUND 1117 A#16 and B#22 = 372.844
ROUND 1118 A#17 and B#22 = 450.235
ROUND 1119 A#18 and B#22 = 410
ROUND 1120 A#19 and B#22 = 370.726
ROUND 1121 A#20 and B#22 = 457.751
ROUND 1122 A#21 and B#22 = 430.179
ROUND 1123 A#22 and B#22 = 370.891
ROUND 1124 A#23 and B#22 = 358.568
ROUND 1125 A#24 and B#22 = 367.819
ROUND 1126 A#25 and B#22 = 448.573
ROUND 1127 A#26 and B#22 = 389.679
ROUND 1128 A#27 and B#22 = 440.264
ROUND 1129 A#28 and B#22 = 428.237
ROUND 1130 A#29 and B#22 = 386.411
ROUND 1131 A#30 and B#22 = 439.858
ROUND 1132 A#31 and B#22 = 440.694
ROUND 1133 A#32 and B#22 = 368.313
ROUND 1134 A#33 and B#22 = 417.785
ROUND 1135 A#34 and B#22 = 388.117
ROUND 1136 A#35 and B#22 = 393.901
ROUND 1137 A#36 and B#22 = 372.27
ROUND 1138 A#37 and B#22 = 369.378
ROUND 1139 A#38 and B#22 = 385.525
ROUND 1140 A#39 and B#22 = 393.101
ROUND 1141 A#40 and B#22 = 419.437
ROUND 1142 A#41 and B#22 = 364.27
ROUND 1143 A#42 and B#22 = 445.476
ROUND 1144 A#43 and B#22 = 383.63
ROUND 1145 A#44 and B#22 = 382.938
ROUND 1146 A#45 and B#22 = 398.85
ROUND 1147 A#46 and B#22 = 447.084
ROUND 1148 A#47 and B#22 = 444.956
ROUND 1149 A#48 and B#22 = 396.157
ROUND 1150 A#49 and B#22 = 378.034
ROUND 1151 A#0 and B#23 = 434.302
ROUND 1152 A#1 and B#23 = 403.696
ROUND 1153 A#2 and B#23 = 398.953
ROUND 1154 A#3 and B#23 = 443.99
ROUND 1155 A#4 and B#23 = 442.563
ROUND 1156 A#5 and B#23 = 437.514
ROUND 1157 A#6 and B#23 = 403.941
ROUND 1158 A#7 and B#23 = 430.165
ROUND 1159 A#8 and B#23 = 432.796
ROUND 1160 A#9 and B#23 = 366.616
ROUND 1161 A#10 and B#23 = 373.784
ROUND 1162 A#11 and B#23 = 446.352
ROUND 1163 A#12 and B#23 = 403.972
ROUND 1164 A#13 and B#23 = 400.974
ROUND 1165 A#14 and B#23 = 385.925
ROUND 1166 A#15 and B#23 = 413.047
ROUND 1167 A#16 and B#23 = 382.777
ROUND 1168 A#17 and B#23 = 408.2
ROUND 1169 A#18 and B#23 = 411.934
ROUND 1170 A#19 and B#23 = 364.806
ROUND 1171 A#20 and B#23 = 443.108
ROUND 1172 A#21 and B#23 = 445.302
ROUND 1173 A#22 and B#23 = 393.24
ROUND 1174 A#23 and B#23 = 394.953
ROUND 1175 A#24 and B#23 = 382.384
ROUND 1176 A#25 and B#23 = 458.89
ROUND 1177 A#26 and B#23 = 397.659
ROUND 1178 A#27 and B#23 = 441.748
ROUND 1179 A#28 and B#23 = 439.103
ROUND 1180 A#29 and B#23 = 440.412
ROUND 1181 A#30 and B#23 = 436.484
ROUND 1182 A#31 and B#23 = 420.779
ROUND 1183 A#32 and B#23 = 368.997
ROUND 1184 A#33 and B#23 = 432.93
ROUND 1185 A#34 and B#23 = 399.17
ROUND 1186 A#35 and B#23 = 395.535
ROUND 1187 A#36 and B#23 = 378.825
ROUND 1188 A#37 and B#23 = 396.222
ROUND 1189 A#38 and B#23 = 342.295
ROUND 1190 A#39 and B#23 = 408.902
ROUND 1191 A#40 and B#23 = 417.883
ROUND 1192 A#41 and B#23 = 366.004
ROUND 1193 A#42 and B#23 = 413.217
ROUND 1194 A#43 and B#23 = 388.402
ROUND 1195 A#44 and B#23 = 393.6
ROUND 1196 A#45 and B#23 = 406.066
ROUND 1197 A#46 and B#23 = 455.344
ROUND 1198 A#47 and B#23 = 381.512
ROUND 1199 A#48 and B#23 = 405.081
ROUND 1200 A#49 and B#23 = 379.757
ROUND 1201 A#0 and B#24 = 405.545
ROUND 1202 A#1 and B#24 = 378.323
ROUND 1203 A#2 and B#24 = 378.053
ROUND 1204 A#3 and B#24 = 398.287
ROUND 1205 A#4 and B#24 = 378.425
ROUND 1206 A#5 and B#24 = 440.479
ROUND 1207 A#6 and B#24 = 383.311
ROUND 1208 A#7 and B#24 = 387.458
ROUND 1209 A#8 and B#24 = 405.263
ROUND 1210 A#9 and B#24 = 371.076
ROUND 1211 A#10 and B#24 = 358.03
ROUND 1212 A#11 and B#24 = 414.086
ROUND 1213 A#12 and B#24 = 369.171
ROUND 1214 A#13 and B#24 = 374.487
ROUND 1215 A#14 and B#24 = 371.231
ROUND 1216 A#15 and B#24 = 378.502
ROUND 1217 A#16 and B#24 = 371.57
ROUND 1218 A#17 and B#24 = 413.175
ROUND 1219 A#18 and B#24 = 390.062
ROUND 1220 A#19 and B#24 = 369.833
ROUND 1221 A#20 and B#24 = 409.841
ROUND 1222 A#21 and B#24 = 405.096
ROUND 1223 A#22 and B#24 = 397.217
ROUND 1224 A#23 and B#24 = 384.961
ROUND 1225 A#24 and B#24 = 374.271
ROUND 1226 A#25 and B#24 = 394.895
ROUND 1227 A#26 and B#24 = 386.221
ROUND 1228 A#27 and B#24 = 451.214
ROUND 1229 A#28 and B#24 = 439.572
ROUND 1230 A#29 and B#24 = 454.229
ROUND 1231 A#30 and B#24 = 435.234
ROUND 1232 A#31 and B#24 = 439.163
ROUND 1233 A#32 and B#24 = 368.029
ROUND 1234 A#33 and B#24 = 458.726
ROUND 1235 A#34 and B#24 = 388.67
ROUND 1236 A#35 and B#24 = 398.307
ROUND 1237 A#36 and B#24 = 376
ROUND 1238 A#37 and B#24 = 374.917
ROUND 1239 A#38 and B#24 = 370.563
ROUND 1240 A#39 and B#24 = 372.628
ROUND 1241 A#40 and B#24 = 398.449
ROUND 1242 A#41 and B#24 = 388.232
ROUND 1243 A#42 and B#24 = 398.028
ROUND 1244 A#43 and B#24 = 376.445
ROUND 1245 A#44 and B#24 = 384.523
ROUND 1246 A#45 and B#24 = 401.721
ROUND 1247 A#46 and B#24 = 462.236
ROUND 1248 A#47 and B#24 = 331.59
ROUND 1249 A#48 and B#24 = 400.314
ROUND 1250 A#49 and B#24 = 345.208
ROUND 1251 A#0 and B#25 = 405.571
ROUND 1252 A#1 and B#25 = 378.439
ROUND 1253 A#2 and B#25 = 377.944
ROUND 1254 A#3 and B#25 = 398.128
ROUND 1255 A#4 and B#25 = 378.329
ROUND 1256 A#5 and B#25 = 440.3
ROUND 1257 A#6 and B#25 = 383.11
ROUND 1258 A#7 and B#25 = 387.363
ROUND 1259 A#8 and B#25 = 405.021
ROUND 1260 A#9 and B#25 = 371.326
ROUND 1261 A#10 and B#25 = 358.122
ROUND 1262 A#11 and B#25 = 414.173
ROUND 1263 A#12 and B#25 = 369.13
ROUND 1264 A#13 and B#25 = 374.464
ROUND 1265 A#14 and B#25 = 371.237
ROUND 1266 A#15 and B#25 = 378.175
ROUND 1267 A#16 and B#25 = 371.545
ROUND 1268 A#17 and B#25 = 413.037
ROUND 1269 A#18 and B#25 = 390.447
ROUND 1270 A#19 and B#25 = 370.089
ROUND 1271 A#20 and B#25 = 409.896
ROUND 1272 A#21 and B#25 = 405.348
ROUND 1273 A#22 and B#25 = 396.838
ROUND 1274 A#23 and B#25 = 384.829
ROUND 1275 A#24 and B#25 = 374.606
ROUND 1276 A#25 and B#25 = 395.134
ROUND 1277 A#26 and B#25 = 386.351
ROUND 1278 A#27 and B#25 = 451.107
ROUND 1279 A#28 and B#25 = 439.351
ROUND 1280 A#29 and B#25 = 454.37
ROUND 1281 A#30 and B#25 = 435.353
ROUND 1282 A#31 and B#25 = 439.181
ROUND 1283 A#32 and B#25 = 368.272
ROUND 1284 A#33 and B#25 = 458.871
ROUND 1285 A#34 and B#25 = 388.677
ROUND 1286 A#35 and B#25 = 398.093
ROUND 1287 A#36 and B#25 = 376.223
ROUND 1288 A#37 and B#25 = 374.836
ROUND 1289 A#38 and B#25 = 370.639
ROUND 1290 A#39 and B#25 = 372.408
ROUND 1291 A#40 and B#25 = 398.536
ROUND 1292 A#41 and B#25 = 387.972
ROUND 1293 A#42 and B#25 = 420.658
ROUND 1294 A#43 and B#25 = 376.377
ROUND 1295 A#44 and B#25 = 384.496
ROUND 1296 A#45 and B#25 = 401.512
ROUND 1297 A#46 and B#25 = 462.453
ROUND 1298 A#47 and B#25 = 331.623
ROUND 1299 A#48 and B#25 = 400.107
ROUND 1300 A#49 and B#25 = 345.635
ROUND 1301 A#0 and B#26 = 397.318
ROUND 1302 A#1 and B#26 = 386.78
ROUND 1303 A#2 and B#26 = 386.161
ROUND 1304 A#3 and B#26 = 440.803
ROUND 1305 A#4 and B#26 = 436.269
ROUND 1306 A#5 and B#26 = 443.028
ROUND 1307 A#6 and B#26 = 370.901
ROUND 1308 A#7 and B#26 = 428.915
ROUND 1309 A#8 and B#26 = 383.831
ROUND 1310 A#9 and B#26 = 380.406
ROUND 1311 A#10 and B#26 = 373.303
ROUND 1312 A#11 and B#26 = 407.528
ROUND 1313 A#12 and B#26 = 371.25
ROUND 1314 A#13 and B#26 = 397.669
ROUND 1315 A#14 and B#26 = 378.192
ROUND 1316 A#15 and B#26 = 366.748
ROUND 1317 A#16 and B#26 = 375.118
ROUND 1318 A#17 and B#26 = 421.55
ROUND 1319 A#18 and B#26 = 373.212
ROUND 1320 A#19 and B#26 = 379.832
ROUND 1321 A#20 and B#26 = 478.278
ROUND 1322 A#21 and B#26 = 406.935
ROUND 1323 A#22 and B#26 = 391.323
ROUND 1324 A#23 and B#26 = 372.276
ROUND 1325 A#24 and B#26 = 414.701
ROUND 1326 A#25 and B#26 = 429.677
ROUND 1327 A#26 and B#26 = 376.334
ROUND 1328 A#27 and B#26 = 406.291
ROUND 1329 A#28 and B#26 = 429.587
ROUND 1330 A#29 and B#26 = 358.766
ROUND 1331 A#30 and B#26 = 427.741
ROUND 1332 A#31 and B#26 = 412.967
ROUND 1333 A#32 and B#26 = 363.58
ROUND 1334 A#33 and B#26 = 453.096
ROUND 1335 A#34 and B#26 = 369.573
ROUND 1336 A#35 and B#26 = 377.429
ROUND 1337 A#36 and B#26 = 388.644
ROUND 1338 A#37 and B#26 = 375.793
ROUND 1339 A#38 and B#26 = 366.254
ROUND 1340 A#39 and B#26 = 381.655
ROUND 1341 A#40 and B#26 = 406.581
ROUND 1342 A#41 and B#26 = 386.568
ROUND 1343 A#42 and B#26 = 380.547
ROUND 1344 A#43 and B#26 = 371.656
ROUND 1345 A#44 and B#26 = 370.038
ROUND 1346 A#45 and B#26 = 371.367
ROUND 1347 A#46 and B#26 = 416.447
ROUND 1348 A#47 and B#26 = 375.761
ROUND 1349 A#48 and B#26 = 378.566
ROUND 1350 A#49 and B#26 = 371.114
ROUND 1351 A#0 and B#27 = 359.569
ROUND 1352 A#1 and B#27 = 363.458
ROUND 1353 A#2 and B#27 = 376.977
ROUND 1354 A#3 and B#27 = 392.782
ROUND 1355 A#4 and B#27 = 429.839
ROUND 1356 A#5 and B#27 = 446.745
ROUND 1357 A#6 and B#27 = 406.757
ROUND 1358 A#7 and B#27 = 358.712
ROUND 1359 A#8 and B#27 = 402.329
ROUND 1360 A#9 and B#27 = 392.927
ROUND 1361 A#10 and B#27 = 430.543
ROUND 1362 A#11 and B#27 = 400.201
ROUND 1363 A#12 and B#27 = 443.036
ROUND 1364 A#13 and B#27 = 373.216
ROUND 1365 A#14 and B#27 = 388.023
ROUND 1366 A#15 and B#27 = 368.187
ROUND 1367 A#16 and B#27 = 394.318
ROUND 1368 A#17 and B#27 = 341.507
ROUND 1369 A#18 and B#27 = 396.946
ROUND 1370 A#19 and B#27 = 391.958
ROUND 1371 A#20 and B#27 = 368.762
ROUND 1372 A#21 and B#27 = 366.133
ROUND 1373 A#22 and B#27 = 433.155
ROUND 1374 A#23 and B#27 = 392.561
ROUND 1375 A#24 and B#27 = 409.512
ROUND 1376 A#25 and B#27 = 344.245
ROUND 1377 A#26 and B#27 = 430.698
ROUND 1378 A#27 and B#27 = 410.704
ROUND 1379 A#28 and B#27 = 397.147
ROUND 1380 A#29 and B#27 = 359.001
ROUND 1381 A#30 and B#27 = 363.3
ROUND 1382 A#31 and B#27 = 363.853
ROUND 1383 A#32 and B#27 = 387.599
ROUND 1384 A#33 and B#27 = 330.961
ROUND 1385 A#34 and B#27 = 381.464
ROUND 1386 A#35 and B#27 = 379.985
ROUND 1387 A#36 and B#27 = 360.698
ROUND 1388 A#37 and B#27 = 399.627
ROUND 1389 A#38 and B#27 = 405.481
ROUND 1390 A#39 and B#27 = 395.706
ROUND 1391 A#40 and B#27 = 381.734
ROUND 1392 A#41 and B#27 = 384.648
ROUND 1393 A#42 and B#27 = 427.146
ROUND 1394 A#43 and B#27 = 411.536
ROUND 1395 A#44 and B#27 = 448.296
ROUND 1396 A#45 and B#27 = 405.822
ROUND 1397 A#46 and B#27 = 360.056
ROUND 1398 A#47 and B#27 = 431.808
ROUND 1399 A#48 and B#27 = 379.232
ROUND 1400 A#49 and B#27 = 384.654
ROUND 1401 A#0 and B#28 = 465.056
ROUND 1402 A#1 and B#28 = 473.768
ROUND 1403 A#2 and B#28 = 390.08
ROUND 1404 A#3 and B#28 = 457.581
ROUND 1405 A#4 and B#28 = 438.099
ROUND 1406 A#5 and B#28 = 415.608
ROUND 1407 A#6 and B#28 = 361.658
ROUND 1408 A#7 and B#28 = 439.533
ROUND 1409 A#8 and B#28 = 364.554
ROUND 1410 A#9 and B#28 = 451.236
ROUND 1411 A#10 and B#28 = 454.942
ROUND 1412 A#11 and B#28 = 435.977
ROUND 1413 A#12 and B#28 = 441.901
ROUND 1414 A#13 and B#28 = 400.163
ROUND 1415 A#14 and B#28 = 401.237
ROUND 1416 A#15 and B#28 = 453.479
ROUND 1417 A#16 and B#28 = 399.756
ROUND 1418 A#17 and B#28 = 431.426
ROUND 1419 A#18 and B#28 = 476.534
ROUND 1420 A#19 and B#28 = 448.813
ROUND 1421 A#20 and B#28 = 358.692
ROUND 1422 A#21 and B#28 = 427.443
ROUND 1423 A#22 and B#28 = 380.8
ROUND 1424 A#23 and B#28 = 433.009
ROUND 1425 A#24 and B#28 = 377.204
ROUND 1426 A#25 and B#28 = 423.011
ROUND 1427 A#26 and B#28 = 410.605
ROUND 1428 A#27 and B#28 = 394.325
ROUND 1429 A#28 and B#28 = 460.325
ROUND 1430 A#29 and B#28 = 371.265
ROUND 1431 A#30 and B#28 = 451.558
ROUND 1432 A#31 and B#28 = 450.652
ROUND 1433 A#32 and B#28 = 437.936
ROUND 1434 A#33 and B#28 = 460.711
ROUND 1435 A#34 and B#28 = 371.402
ROUND 1436 A#35 and B#28 = 436.638
ROUND 1437 A#36 and B#28 = 474.54
ROUND 1438 A#37 and B#28 = 447.728
ROUND 1439 A#38 and B#28 = 441.93
ROUND 1440 A#39 and B#28 = 365.51
ROUND 1441 A#40 and B#28 = 461.939
ROUND 1442 A#41 and B#28 = 417.542
ROUND 1443 A#42 and B#28 = 469.085
ROUND 1444 A#43 and B#28 = 369.337
ROUND 1445 A#44 and B#28 = 384.296
ROUND 1446 A#45 and B#28 = 406.979
ROUND 1447 A#46 and B#28 = 455.498
ROUND 1448 A#47 and B#28 = 460.025
ROUND 1449 A#48 and B#28 = 419.01
ROUND 1450 A#49 and B#28 = 443.622
ROUND 1451 A#0 and B#29 = 401.815
ROUND 1452 A#1 and B#29 = 391.061
ROUND 1453 A#2 and B#29 = 414.093
ROUND 1454 A#3 and B#29 = 405.813
ROUND 1455 A#4 and B#29 = 421.846
ROUND 1456 A#5 and B#29 = 426.46
ROUND 1457 A#6 and B#29 = 418.292
ROUND 1458 A#7 and B#29 = 392.948
ROUND 1459 A#8 and B#29 = 421.039
ROUND 1460 A#9 and B#29 = 400.71
ROUND 1461 A#10 and B#29 = 398.645
ROUND 1462 A#11 and B#29 = 439.298
ROUND 1463 A#12 and B#29 = 439.344
ROUND 1464 A#13 and B#29 = 407.828
ROUND 1465 A#14 and B#29 = 362.013
ROUND 1466 A#15 and B#29 = 365.387
ROUND 1467 A#16 and B#29 = 395.886
ROUND 1468 A#17 and B#29 = 444.667
ROUND 1469 A#18 and B#29 = 380.258
ROUND 1470 A#19 and B#29 = 397.435
ROUND 1471 A#20 and B#29 = 364.114
ROUND 1472 A#21 and B#29 = 418.848
ROUND 1473 A#22 and B#29 = 430.029
ROUND 1474 A#23 and B#29 = 402.614
ROUND 1475 A#24 and B#29 = 369.513
ROUND 1476 A#25 and B#29 = 415.606
ROUND 1477 A#26 and B#29 = 446.28
ROUND 1478 A#27 and B#29 = 379.161
ROUND 1479 A#28 and B#29 = 416.714
ROUND 1480 A#29 and B#29 = 359.895
ROUND 1481 A#30 and B#29 = 407.491
ROUND 1482 A#31 and B#29 = 450.646
ROUND 1483 A#32 and B#29 = 386.572
ROUND 1484 A#33 and B#29 = 366.942
ROUND 1485 A#34 and B#29 = 361.981
ROUND 1486 A#35 and B#29 = 381.548
ROUND 1487 A#36 and B#29 = 376.26
ROUND 1488 A#37 and B#29 = 453.594
ROUND 1489 A#38 and B#29 = 438.36
ROUND 1490 A#39 and B#29 = 412.412
ROUND 1491 A#40 and B#29 = 390.139
ROUND 1492 A#41 and B#29 = 386.158
ROUND 1493 A#42 and B#29 = 462.878
ROUND 1494 A#43 and B#29 = 427.31
ROUND 1495 A#44 and B#29 = 408.601
ROUND 1496 A#45 and B#29 = 380.28
ROUND 1497 A#46 and B#29 = 374.287
ROUND 1498 A#47 and B#29 = 445.691
ROUND 1499 A#48 and B#29 = 380.947
ROUND 1500 A#49 and B#29 = 424.818
ROUND 1501 A#0 and B#30 = 435.482
ROUND 1502 A#1 and B#30 = 384.132
ROUND 1503 A#2 and B#30 = 429.118
ROUND 1504 A#3 and B#30 = 382.941
ROUND 1505 A#4 and B#30 = 417.488
ROUND 1506 A#5 and B#30 = 451.83
ROUND 1507 A#6 and B#30 = 406.611
ROUND 1508 A#7 and B#30 = 432.037
ROUND 1509 A#8 and B#30 = 338.324
ROUND 1510 A#9 and B#30 = 382.873
ROUND 1511 A#10 and B#30 = 409.292
ROUND 1512 A#11 and B#30 = 416.871
ROUND 1513 A#12 and B#30 = 380.023
ROUND 1514 A#13 and B#30 = 415.715
ROUND 1515 A#14 and B#30 = 350.174
ROUND 1516 A#15 and B#30 = 414.998
ROUND 1517 A#16 and B#30 = 435.68
ROUND 1518 A#17 and B#30 = 335.076
ROUND 1519 A#18 and B#30 = 403.259
ROUND 1520 A#19 and B#30 = 379.952
ROUND 1521 A#20 and B#30 = 358.171
ROUND 1522 A#21 and B#30 = 411.016
ROUND 1523 A#22 and B#30 = 396.917
ROUND 1524 A#23 and B#30 = 379.321
ROUND 1525 A#24 and B#30 = 416.697
ROUND 1526 A#25 and B#30 = 396.635
ROUND 1527 A#26 and B#30 = 402.981
ROUND 1528 A#27 and B#30 = 392.466
ROUND 1529 A#28 and B#30 = 420.934
ROUND 1530 A#29 and B#30 = 396.445
ROUND 1531 A#30 and B#30 = 400.94
ROUND 1532 A#31 and B#30 = 424.585
ROUND 1533 A#32 and B#30 = 361.002
ROUND 1534 A#33 and B#30 = 362.4
ROUND 1535 A#34 and B#30 = 411.201
ROUND 1536 A#35 and B#30 = 389.045
ROUND 1537 A#36 and B#30 = 390.728
ROUND 1538 A#37 and B#30 = 335.146
ROUND 1539 A#38 and B#30 = 438.031
ROUND 1540 A#39 and B#30 = 416.164
ROUND 1541 A#40 and B#30 = 454.307
ROUND 1542 A#41 and B#30 = 344.712
ROUND 1543 A#42 and B#30 = 391.95
ROUND 1544 A#43 and B#30 = 428.038
ROUND 1545 A#44 and B#30 = 370.225
ROUND 1546 A#45 and B#30 = 369.414
ROUND 1547 A#46 and B#30 = 361.656
ROUND 1548 A#47 and B#30 = 383.835
ROUND 1549 A#48 and B#30 = 382.791
ROUND 1550 A#49 and B#30 = 410.718
ROUND 1551 A#0 and B#31 = 434.476
ROUND 1552 A#1 and B#31 = 397.258
ROUND 1553 A#2 and B#31 = 402.744
ROUND 1554 A#3 and B#31 = 443.412
ROUND 1555 A#4 and B#31 = 408.879
ROUND 1556 A#5 and B#31 = 440.917
ROUND 1557 A#6 and B#31 = 404.687
ROUND 1558 A#7 and B#31 = 430.177
ROUND 1559 A#8 and B#31 = 410.573
ROUND 1560 A#9 and B#31 = 398.315
ROUND 1561 A#10 and B#31 = 382.358
ROUND 1562 A#11 and B#31 = 454.494
ROUND 1563 A#12 and B#31 = 408.914
ROUND 1564 A#13 and B#31 = 411.814
ROUND 1565 A#14 and B#31 = 387.839
ROUND 1566 A#15 and B#31 = 413.645
ROUND 1567 A#16 and B#31 = 393.962
ROUND 1568 A#17 and B#31 = 439.644
ROUND 1569 A#18 and B#31 = 414.808
ROUND 1570 A#19 and B#31 = 399.647
ROUND 1571 A#20 and B#31 = 445.719
ROUND 1572 A#21 and B#31 = 444.05
ROUND 1573 A#22 and B#31 = 400.671
ROUND 1574 A#23 and B#31 = 404.903
ROUND 1575 A#24 and B#31 = 384.878
ROUND 1576 A#25 and B#31 = 458.495
ROUND 1577 A#26 and B#31 = 397.841
ROUND 1578 A#27 and B#31 = 443.402
ROUND 1579 A#28 and B#31 = 437.93
ROUND 1580 A#29 and B#31 = 436.448
ROUND 1581 A#30 and B#31 = 435.296
ROUND 1582 A#31 and B#31 = 426.864
ROUND 1583 A#32 and B#31 = 370.355
ROUND 1584 A#33 and B#31 = 434.717
ROUND 1585 A#34 and B#31 = 402.433
ROUND 1586 A#35 and B#31 = 405.607
ROUND 1587 A#36 and B#31 = 384.3
ROUND 1588 A#37 and B#31 = 402.953
ROUND 1589 A#38 and B#31 = 346.199
ROUND 1590 A#39 and B#31 = 409.562
ROUND 1591 A#40 and B#31 = 424.081
ROUND 1592 A#41 and B#31 = 402.402
ROUND 1593 A#42 and B#31 = 430.894
ROUND 1594 A#43 and B#31 = 395.595
ROUND 1595 A#44 and B#31 = 396.673
ROUND 1596 A#45 and B#31 = 401.001
ROUND 1597 A#46 and B#31 = 457.551
ROUND 1598 A#47 and B#31 = 380.441
ROUND 1599 A#48 and B#31 = 400.88
ROUND 1600 A#49 and B#31 = 378.501
ROUND 1601 A#0 and B#32 = 435.837
ROUND 1602 A#1 and B#32 = 384.779
ROUND 1603 A#2 and B#32 = 429.147
ROUND 1604 A#3 and B#32 = 383.837
ROUND 1605 A#4 and B#32 = 417.191
ROUND 1606 A#5 and B#32 = 452.169
ROUND 1607 A#6 and B#32 = 406.783
ROUND 1608 A#7 and B#32 = 432.743
ROUND 1609 A#8 and B#32 = 338.359
ROUND 1610 A#9 and B#32 = 383.985
ROUND 1611 A#10 and B#32 = 408.971
ROUND 1612 A#11 and B#32 = 416.972
ROUND 1613 A#12 and B#32 = 379.413
ROUND 1614 A#13 and B#32 = 415.953
ROUND 1615 A#14 and B#32 = 350.564
ROUND 1616 A#15 and B#32 = 414.934
ROUND 1617 A#16 and B#32 = 436.21
ROUND 1618 A#17 and B#32 = 335.167
ROUND 1619 A#18 and B#32 = 402.77
ROUND 1620 A#19 and B#32 = 381.01
ROUND 1621 A#20 and B#32 = 423.115
ROUND 1622 A#21 and B#32 = 412.243
ROUND 1623 A#22 and B#32 = 397.159
ROUND 1624 A#23 and B#32 = 379.142
ROUND 1625 A#24 and B#32 = 416.138
ROUND 1626 A#25 and B#32 = 397.92
ROUND 1627 A#26 and B#32 = 402.432
ROUND 1628 A#27 and B#32 = 391.735
ROUND 1629 A#28 and B#32 = 421.369
ROUND 1630 A#29 and B#32 = 395.738
ROUND 1631 A#30 and B#32 = 401.952
ROUND 1632 A#31 and B#32 = 425.002
ROUND 1633 A#32 and B#32 = 362.053
ROUND 1634 A#33 and B#32 = 362.676
ROUND 1635 A#34 and B#32 = 412.147
ROUND 1636 A#35 and B#32 = 388.489
ROUND 1637 A#36 and B#32 = 390.69
ROUND 1638 A#37 and B#32 = 335.366
ROUND 1639 A#38 and B#32 = 438.327
ROUND 1640 A#39 and B#32 = 416.624
ROUND 1641 A#40 and B#32 = 454.393
ROUND 1642 A#41 and B#32 = 345.398
ROUND 1643 A#42 and B#32 = 391.324
ROUND 1644 A#43 and B#32 = 427.795
ROUND 1645 A#44 and B#32 = 370.601
ROUND 1646 A#45 and B#32 = 369.591
ROUND 1647 A#46 and B#32 = 410.988
ROUND 1648 A#47 and B#32 = 383.487
ROUND 1649 A#48 and B#32 = 383.637
ROUND 1650 A#49 and B#32 = 410.828
ROUND 1651 A#0 and B#33 = 434.536
ROUND 1652 A#1 and B#33 = 403.717
ROUND 1653 A#2 and B#33 = 398.448
ROUND 1654 A#3 and B#33 = 444.006
ROUND 1655 A#4 and B#33 = 442.452
ROUND 1656 A#5 and B#33 = 437.557
ROUND 1657 A#6 and B#33 = 404.318
ROUND 1658 A#7 and B#33 = 430.408
ROUND 1659 A#8 and B#33 = 417.317
ROUND 1660 A#9 and B#33 = 367.923
ROUND 1661 A#10 and B#33 = 374.648
ROUND 1662 A#11 and B#33 = 446.706
ROUND 1663 A#12 and B#33 = 404.735
ROUND 1664 A#13 and B#33 = 401.138
ROUND 1665 A#14 and B#33 = 385.827
ROUND 1666 A#15 and B#33 = 412.859
ROUND 1667 A#16 and B#33 = 382.771
ROUND 1668 A#17 and B#33 = 408.061
ROUND 1669 A#18 and B#33 = 411.307
ROUND 1670 A#19 and B#33 = 366.101
ROUND 1671 A#20 and B#33 = 443.05
ROUND 1672 A#21 and B#33 = 445.259
ROUND 1673 A#22 and B#33 = 394.834
ROUND 1674 A#23 and B#33 = 398.023
ROUND 1675 A#24 and B#33 = 382.789
ROUND 1676 A#25 and B#33 = 458.881
ROUND 1677 A#26 and B#33 = 397.359
ROUND 1678 A#27 and B#33 = 441.638
ROUND 1679 A#28 and B#33 = 440.338
ROUND 1680 A#29 and B#33 = 440.764
ROUND 1681 A#30 and B#33 = 436.619
ROUND 1682 A#31 and B#33 = 415.057
ROUND 1683 A#32 and B#33 = 370.237
ROUND 1684 A#33 and B#33 = 432.796
ROUND 1685 A#34 and B#33 = 398.955
ROUND 1686 A#35 and B#33 = 397.705
ROUND 1687 A#36 and B#33 = 378.719
ROUND 1688 A#37 and B#33 = 396.805
ROUND 1689 A#38 and B#33 = 343.211
ROUND 1690 A#39 and B#33 = 408.644
ROUND 1691 A#40 and B#33 = 419.797
ROUND 1692 A#41 and B#33 = 366.696
ROUND 1693 A#42 and B#33 = 440.422
ROUND 1694 A#43 and B#33 = 388.858
ROUND 1695 A#44 and B#33 = 393.701
ROUND 1696 A#45 and B#33 = 406.678
ROUND 1697 A#46 and B#33 = 455.281
ROUND 1698 A#47 and B#33 = 383.029
ROUND 1699 A#48 and B#33 = 405.674
ROUND 1700 A#49 and B#33 = 381.007
ROUND 1701 A#0 and B#34 = 412.835
ROUND 1702 A#1 and B#34 = 390.074
ROUND 1703 A#2 and B#34 = 385.164
ROUND 1704 A#3 and B#34 = 452.854
ROUND 1705 A#4 and B#34 = 439.563
ROUND 1706 A#5 and B#34 = 457.254
ROUND 1707 A#6 and B#34 = 380.679
ROUND 1708 A#7 and B#34 = 382.266
ROUND 1709 A#8 and B#34 = 394.594
ROUND 1710 A#9 and B#34 = 393.51
ROUND 1711 A#10 and B#34 = 374.262
ROUND 1712 A#11 and B#34 = 409.344
ROUND 1713 A#12 and B#34 = 379.401
ROUND 1714 A#13 and B#34 = 377.027
ROUND 1715 A#14 and B#34 = 391.1
ROUND 1716 A#15 and B#34 = 380.593
ROUND 1717 A#16 and B#34 = 391.595
ROUND 1718 A#17 and B#34 = 392.114
ROUND 1719 A#18 and B#34 = 380.653
ROUND 1720 A#19 and B#34 = 393.065
ROUND 1721 A#20 and B#34 = 406.067
ROUND 1722 A#21 and B#34 = 422.492
ROUND 1723 A#22 and B#34 = 387.832
ROUND 1724 A#23 and B#34 = 370.797
ROUND 1725 A#24 and B#34 = 420.915
ROUND 1726 A#25 and B#34 = 438.693
ROUND 1727 A#26 and B#34 = 376.118
ROUND 1728 A#27 and B#34 = 414.614
ROUND 1729 A#28 and B#34 = 443.175
ROUND 1730 A#29 and B#34 = 385.349
ROUND 1731 A#30 and B#34 = 445.82
ROUND 1732 A#31 and B#34 = 408.244
ROUND 1733 A#32 and B#34 = 376.678
ROUND 1734 A#33 and B#34 = 439.122
ROUND 1735 A#34 and B#34 = 379.047
ROUND 1736 A#35 and B#34 = 378.73
ROUND 1737 A#36 and B#34 = 399.746
ROUND 1738 A#37 and B#34 = 347.218
ROUND 1739 A#38 and B#34 = 385.016
ROUND 1740 A#39 and B#34 = 393.554
ROUND 1741 A#40 and B#34 = 417.185
ROUND 1742 A#41 and B#34 = 398.504
ROUND 1743 A#42 and B#34 = 381.542
ROUND 1744 A#43 and B#34 = 378.064
ROUND 1745 A#44 and B#34 = 372.309
ROUND 1746 A#45 and B#34 = 365.757
ROUND 1747 A#46 and B#34 = 424.178
ROUND 1748 A#47 and B#34 = 370.028
ROUND 1749 A#48 and B#34 = 381.816
ROUND 1750 A#49 and B#34 = 371.386
ROUND 1751 A#0 and B#35 = 428.719
ROUND 1752 A#1 and B#35 = 375.41
ROUND 1753 A#2 and B#35 = 415.473
ROUND 1754 A#3 and B#35 = 406.157
ROUND 1755 A#4 and B#35 = 420.045
ROUND 1756 A#5 and B#35 = 428.458
ROUND 1757 A#6 and B#35 = 396.468
ROUND 1758 A#7 and B#35 = 398.653
ROUND 1759 A#8 and B#35 = 409.35
ROUND 1760 A#9 and B#35 = 444.566
ROUND 1761 A#10 and B#35 = 401.348
ROUND 1762 A#11 and B#35 = 423.668
ROUND 1763 A#12 and B#35 = 424.569
ROUND 1764 A#13 and B#35 = 388.319
ROUND 1765 A#14 and B#35 = 423.872
ROUND 1766 A#15 and B#35 = 450.045
ROUND 1767 A#16 and B#35 = 422.962
ROUND 1768 A#17 and B#35 = 440.542
ROUND 1769 A#18 and B#35 = 383.598
ROUND 1770 A#19 and B#35 = 442.323
ROUND 1771 A#20 and B#35 = 466.658
ROUND 1772 A#21 and B#35 = 448.993
ROUND 1773 A#22 and B#35 = 394.612
ROUND 1774 A#23 and B#35 = 395.664
ROUND 1775 A#24 and B#35 = 381.949
ROUND 1776 A#25 and B#35 = 425.178
ROUND 1777 A#26 and B#35 = 369.064
ROUND 1778 A#27 and B#35 = 377.962
ROUND 1779 A#28 and B#35 = 407.642
ROUND 1780 A#29 and B#35 = 392.303
ROUND 1781 A#30 and B#35 = 429.853
ROUND 1782 A#31 and B#35 = 405.551
ROUND 1783 A#32 and B#35 = 434.367
ROUND 1784 A#33 and B#35 = 453.203
ROUND 1785 A#34 and B#35 = 368.16
ROUND 1786 A#35 and B#35 = 390.545
ROUND 1787 A#36 and B#35 = 418.81
ROUND 1788 A#37 and B#35 = 383.054
ROUND 1789 A#38 and B#35 = 358.751
ROUND 1790 A#39 and B#35 = 440.068
ROUND 1791 A#40 and B#35 = 434.389
ROUND 1792 A#41 and B#35 = 417.42
ROUND 1793 A#42 and B#35 = 335.452
ROUND 1794 A#43 and B#35 = 404.849
ROUND 1795 A#44 and B#35 = 379.217
ROUND 1796 A#45 and B#35 = 383.125
ROUND 1797 A#46 and B#35 = 392.374
ROUND 1798 A#47 and B#35 = 345.155
ROUND 1799 A#48 and B#35 = 394.989
ROUND 1800 A#49 and B#35 = 378.077
ROUND 1801 A#0 and B#36 = 412.595
ROUND 1802 A#1 and B#36 = 469.818
ROUND 1803 A#2 and B#36 = 393.518
ROUND 1804 A#3 and B#36 = 449.573
ROUND 1805 A#4 and B#36 = 449.638
ROUND 1806 A#5 and B#36 = 432.393
ROUND 1807 A#6 and B#36 = 353.078
ROUND 1808 A#7 and B#36 = 433.636
ROUND 1809 A#8 and B#36 = 381.993
ROUND 1810 A#9 and B#36 = 446.513
ROUND 1811 A#10 and B#36 = 407.606
ROUND 1812 A#11 and B#36 = 392.068
ROUND 1813 A#12 and B#36 = 433.66
ROUND 1814 A#13 and B#36 = 398.561
ROUND 1815 A#14 and B#36 = 422.539
ROUND 1816 A#15 and B#36 = 441.282
ROUND 1817 A#16 and B#36 = 384.195
ROUND 1818 A#17 and B#36 = 420.726
ROUND 1819 A#18 and B#36 = 366.068
ROUND 1820 A#19 and B#36 = 446.507
ROUND 1821 A#20 and B#36 = 345.874
ROUND 1822 A#21 and B#36 = 402.934
ROUND 1823 A#22 and B#36 = 448.077
ROUND 1824 A#23 and B#36 = 396.137
ROUND 1825 A#24 and B#36 = 382.795
ROUND 1826 A#25 and B#36 = 403.125
ROUND 1827 A#26 and B#36 = 385.404
ROUND 1828 A#27 and B#36 = 398.173
ROUND 1829 A#28 and B#36 = 452.317
ROUND 1830 A#29 and B#36 = 371.427
ROUND 1831 A#30 and B#36 = 438.711
ROUND 1832 A#31 and B#36 = 440.703
ROUND 1833 A#32 and B#36 = 453.192
ROUND 1834 A#33 and B#36 = 437.264
ROUND 1835 A#34 and B#36 = 361.911
ROUND 1836 A#35 and B#36 = 362.475
ROUND 1837 A#36 and B#36 = 479.704
ROUND 1838 A#37 and B#36 = 450.213
ROUND 1839 A#38 and B#36 = 417.717
ROUND 1840 A#39 and B#36 = 384.384
ROUND 1841 A#40 and B#36 = 333.544
ROUND 1842 A#41 and B#36 = 440.999
ROUND 1843 A#42 and B#36 = 445.849
ROUND 1844 A#43 and B#36 = 412.205
ROUND 1845 A#44 and B#36 = 390.278
ROUND 1846 A#45 and B#36 = 373.941
ROUND 1847 A#46 and B#36 = 357.747
ROUND 1848 A#47 and B#36 = 467.897
ROUND 1849 A#48 and B#36 = 364.067
ROUND 1850 A#49 and B#36 = 376.213
ROUND 1851 A#0 and B#37 = 399.754
ROUND 1852 A#1 and B#37 = 379.424
ROUND 1853 A#2 and B#37 = 375.454
ROUND 1854 A#3 and B#37 = 397.562
ROUND 1855 A#4 and B#37 = 461.236
ROUND 1856 A#5 and B#37 = 463.785
ROUND 1857 A#6 and B#37 = 382.762
ROUND 1858 A#7 and B#37 = 370.169
ROUND 1859 A#8 and B#37 = 361.725
ROUND 1860 A#9 and B#37 = 381.12
ROUND 1861 A#10 and B#37 = 376.378
ROUND 1862 A#11 and B#37 = 378.896
ROUND 1863 A#12 and B#37 = 365.454
ROUND 1864 A#13 and B#37 = 369.214
ROUND 1865 A#14 and B#37 = 375.186
ROUND 1866 A#15 and B#37 = 372.583
ROUND 1867 A#16 and B#37 = 379.586
ROUND 1868 A#17 and B#37 = 385.927
ROUND 1869 A#18 and B#37 = 371.398
ROUND 1870 A#19 and B#37 = 380.807
ROUND 1871 A#20 and B#37 = 384.015
ROUND 1872 A#21 and B#37 = 399.551
ROUND 1873 A#22 and B#37 = 394.381
ROUND 1874 A#23 and B#37 = 367.833
ROUND 1875 A#24 and B#37 = 459.186
ROUND 1876 A#25 and B#37 = 390.924
ROUND 1877 A#26 and B#37 = 379.033
ROUND 1878 A#27 and B#37 = 441.948
ROUND 1879 A#28 and B#37 = 391.471
ROUND 1880 A#29 and B#37 = 345.736
ROUND 1881 A#30 and B#37 = 410.721
ROUND 1882 A#31 and B#37 = 415.237
ROUND 1883 A#32 and B#37 = 366.258
ROUND 1884 A#33 and B#37 = 421.001
ROUND 1885 A#34 and B#37 = 375.18
ROUND 1886 A#35 and B#37 = 374.459
ROUND 1887 A#36 and B#37 = 393.4
ROUND 1888 A#37 and B#37 = 363.626
ROUND 1889 A#38 and B#37 = 376.358
ROUND 1890 A#39 and B#37 = 378.084
ROUND 1891 A#40 and B#37 = 395.562
ROUND 1892 A#41 and B#37 = 354.653
ROUND 1893 A#42 and B#37 = 354.158
ROUND 1894 A#43 and B#37 = 369.774
ROUND 1895 A#44 and B#37 = 368.566
ROUND 1896 A#45 and B#37 = 373.344
ROUND 1897 A#46 and B#37 = 395.764
ROUND 1898 A#47 and B#37 = 365.155
ROUND 1899 A#48 and B#37 = 379.577
ROUND 1900 A#49 and B#37 = 367.513
ROUND 1901 A#0 and B#38 = 435.291
ROUND 1902 A#1 and B#38 = 384.656
ROUND 1903 A#2 and B#38 = 428.693
ROUND 1904 A#3 and B#38 = 383.281
ROUND 1905 A#4 and B#38 = 418.485
ROUND 1906 A#5 and B#38 = 451.872
ROUND 1907 A#6 and B#38 = 406.668
ROUND 1908 A#7 and B#38 = 432.367
ROUND 1909 A#8 and B#38 = 338.001
ROUND 1910 A#9 and B#38 = 382.982
ROUND 1911 A#10 and B#38 = 408.615
ROUND 1912 A#11 and B#38 = 417.129
ROUND 1913 A#12 and B#38 = 380.333
ROUND 1914 A#13 and B#38 = 415.297
ROUND 1915 A#14 and B#38 = 350.15
ROUND 1916 A#15 and B#38 = 414.601
ROUND 1917 A#16 and B#38 = 435.163
ROUND 1918 A#17 and B#38 = 335.204
ROUND 1919 A#18 and B#38 = 402.626
ROUND 1920 A#19 and B#38 = 380.042
ROUND 1921 A#20 and B#38 = 358.168
ROUND 1922 A#21 and B#38 = 411.371
ROUND 1923 A#22 and B#38 = 397.486
ROUND 1924 A#23 and B#38 = 378.799
ROUND 1925 A#24 and B#38 = 416.141
ROUND 1926 A#25 and B#38 = 396.956
ROUND 1927 A#26 and B#38 = 403.086
ROUND 1928 A#27 and B#38 = 392.009
ROUND 1929 A#28 and B#38 = 421.249
ROUND 1930 A#29 and B#38 = 395.91
ROUND 1931 A#30 and B#38 = 403.609
ROUND 1932 A#31 and B#38 = 425.064
ROUND 1933 A#32 and B#38 = 361.006
ROUND 1934 A#33 and B#38 = 362.609
ROUND 1935 A#34 and B#38 = 410.636
ROUND 1936 A#35 and B#38 = 388.426
ROUND 1937 A#36 and B#38 = 390.911
ROUND 1938 A#37 and B#38 = 335.127
ROUND 1939 A#38 and B#38 = 437.647
ROUND 1940 A#39 and B#38 = 415.835
ROUND 1941 A#40 and B#38 = 454.529
ROUND 1942 A#41 and B#38 = 344.574
ROUND 1943 A#42 and B#38 = 392.288
ROUND 1944 A#43 and B#38 = 427.578
ROUND 1945 A#44 and B#38 = 370.331
ROUND 1946 A#45 and B#38 = 369.298
ROUND 1947 A#46 and B#38 = 361.875
ROUND 1948 A#47 and B#38 = 383.76
ROUND 1949 A#48 and B#38 = 382.752
ROUND 1950 A#49 and B#38 = 410.181
ROUND 1951 A#0 and B#39 = 402.686
ROUND 1952 A#1 and B#39 = 373.98
ROUND 1953 A#2 and B#39 = 377.118
ROUND 1954 A#3 and B#39 = 404.559
ROUND 1955 A#4 and B#39 = 388.8
ROUND 1956 A#5 and B#39 = 442.22
ROUND 1957 A#6 and B#39 = 383.791
ROUND 1958 A#7 and B#39 = 430.005
ROUND 1959 A#8 and B#39 = 412.043
ROUND 1960 A#9 and B#39 = 377.398
ROUND 1961 A#10 and B#39 = 352.559
ROUND 1962 A#11 and B#39 = 418.094
ROUND 1963 A#12 and B#39 = 357.484
ROUND 1964 A#13 and B#39 = 368.65
ROUND 1965 A#14 and B#39 = 364.836
ROUND 1966 A#15 and B#39 = 385.44
ROUND 1967 A#16 and B#39 = 369.922
ROUND 1968 A#17 and B#39 = 429.088
ROUND 1969 A#18 and B#39 = 378.411
ROUND 1970 A#19 and B#39 = 375.594
ROUND 1971 A#20 and B#39 = 416.998
ROUND 1972 A#21 and B#39 = 406.863
ROUND 1973 A#22 and B#39 = 404.355
ROUND 1974 A#23 and B#39 = 389.1
ROUND 1975 A#24 and B#39 = 378.297
ROUND 1976 A#25 and B#39 = 395.82
ROUND 1977 A#26 and B#39 = 386.34
ROUND 1978 A#27 and B#39 = 445.652
ROUND 1979 A#28 and B#39 = 438.392
ROUND 1980 A#29 and B#39 = 456.005
ROUND 1981 A#30 and B#39 = 434.21
ROUND 1982 A#31 and B#39 = 436.228
ROUND 1983 A#32 and B#39 = 384.731
ROUND 1984 A#33 and B#39 = 456.966
ROUND 1985 A#34 and B#39 = 384.447
ROUND 1986 A#35 and B#39 = 400.386
ROUND 1987 A#36 and B#39 = 369.944
ROUND 1988 A#37 and B#39 = 377.856
ROUND 1989 A#38 and B#39 = 364.908
ROUND 1990 A#39 and B#39 = 377.997
ROUND 1991 A#40 and B#39 = 408.729
ROUND 1992 A#41 and B#39 = 390.214
ROUND 1993 A#42 and B#39 = 413.923
ROUND 1994 A#43 and B#39 = 380.684
ROUND 1995 A#44 and B#39 = 380.142
ROUND 1996 A#45 and B#39 = 402.473
ROUND 1997 A#46 and B#39 = 460.242
ROUND 1998 A#47 and B#39 = 341.462
ROUND 1999 A#48 and B#39 = 401.917
ROUND 2000 A#49 and B#39 = 338.409
ROUND 2001 A#0 and B#40 = 428.252
ROUND 2002 A#1 and B#40 = 375.837
ROUND 2003 A#2 and B#40 = 415.865
ROUND 2004 A#3 and B#40 = 407.367
ROUND 2005 A#4 and B#40 = 420.347
ROUND 2006 A#5 and B#40 = 380.043
ROUND 2007 A#6 and B#40 = 396.677
ROUND 2008 A#7 and B#40 = 397.885
ROUND 2009 A#8 and B#40 = 409.139
ROUND 2010 A#9 and B#40 = 443.845
ROUND 2011 A#10 and B#40 = 402.066
ROUND 2012 A#11 and B#40 = 423.203
ROUND 2013 A#12 and B#40 = 425.999
ROUND 2014 A#13 and B#40 = 387.824
ROUND 2015 A#14 and B#40 = 424.157
ROUND 2016 A#15 and B#40 = 449.745
ROUND 2017 A#16 and B#40 = 422.782
ROUND 2018 A#17 and B#40 = 440.007
ROUND 2019 A#18 and B#40 = 383.959
ROUND 2020 A#19 and B#40 = 441.668
ROUND 2021 A#20 and B#40 = 466.187
ROUND 2022 A#21 and B#40 = 448.78
ROUND 2023 A#22 and B#40 = 394.559
ROUND 2024 A#23 and B#40 = 396.424
ROUND 2025 A#24 and B#40 = 382.251
ROUND 2026 A#25 and B#40 = 424.829
ROUND 2027 A#26 and B#40 = 370.039
ROUND 2028 A#27 and B#40 = 378.615
ROUND 2029 A#28 and B#40 = 407.067
ROUND 2030 A#29 and B#40 = 392.771
ROUND 2031 A#30 and B#40 = 429.375
ROUND 2032 A#31 and B#40 = 405.315
ROUND 2033 A#32 and B#40 = 434.189
ROUND 2034 A#33 and B#40 = 452.547
ROUND 2035 A#34 and B#40 = 368.907
ROUND 2036 A#35 and B#40 = 391.053
ROUND 2037 A#36 and B#40 = 420.077
ROUND 2038 A#37 and B#40 = 384.213
ROUND 2039 A#38 and B#40 = 359.33
ROUND 2040 A#39 and B#40 = 440.231
ROUND 2041 A#40 and B#40 = 434.465
ROUND 2042 A#41 and B#40 = 417.996
ROUND 2043 A#42 and B#40 = 336.123
ROUND 2044 A#43 and B#40 = 405.646
ROUND 2045 A#44 and B#40 = 380.369
ROUND 2046 A#45 and B#40 = 383.508
ROUND 2047 A#46 and B#40 = 393.027
ROUND 2048 A#47 and B#40 = 346.114
ROUND 2049 A#48 and B#40 = 396.058
ROUND 2050 A#49 and B#40 = 379.278
ROUND 2051 A#0 and B#41 = 459.197
ROUND 2052 A#1 and B#41 = 379.829
ROUND 2053 A#2 and B#41 = 368.116
ROUND 2054 A#3 and B#41 = 422.122
ROUND 2055 A#4 and B#41 = 430.893
ROUND 2056 A#5 and B#41 = 429.186
ROUND 2057 A#6 and B#41 = 401.396
ROUND 2058 A#7 and B#41 = 436.749
ROUND 2059 A#8 and B#41 = 408.84
ROUND 2060 A#9 and B#41 = 370.784
ROUND 2061 A#10 and B#41 = 359.934
ROUND 2062 A#11 and B#41 = 438.822
ROUND 2063 A#12 and B#41 = 392.93
ROUND 2064 A#13 and B#41 = 385.556
ROUND 2065 A#14 and B#41 = 385.201
ROUND 2066 A#15 and B#41 = 392.09
ROUND 2067 A#16 and B#41 = 385.376
ROUND 2068 A#17 and B#41 = 441.947
ROUND 2069 A#18 and B#41 = 391.816
ROUND 2070 A#19 and B#41 = 370.208
ROUND 2071 A#20 and B#41 = 428.826
ROUND 2072 A#21 and B#41 = 423.246
ROUND 2073 A#22 and B#41 = 389.047
ROUND 2074 A#23 and B#41 = 382.815
ROUND 2075 A#24 and B#41 = 373.193
ROUND 2076 A#25 and B#41 = 445.129
ROUND 2077 A#26 and B#41 = 386.454
ROUND 2078 A#27 and B#41 = 437.345
ROUND 2079 A#28 and B#41 = 434.68
ROUND 2080 A#29 and B#41 = 383.615
ROUND 2081 A#30 and B#41 = 440.18
ROUND 2082 A#31 and B#41 = 435.252
ROUND 2083 A#32 and B#41 = 365.445
ROUND 2084 A#33 and B#41 = 454.191
ROUND 2085 A#34 and B#41 = 387.007
ROUND 2086 A#35 and B#41 = 396.833
ROUND 2087 A#36 and B#41 = 374.007
ROUND 2088 A#37 and B#41 = 376.402
ROUND 2089 A#38 and B#41 = 344.473
ROUND 2090 A#39 and B#41 = 389.952
ROUND 2091 A#40 and B#41 = 415.933
ROUND 2092 A#41 and B#41 = 365.63
ROUND 2093 A#42 and B#41 = 439.869
ROUND 2094 A#43 and B#41 = 371.421
ROUND 2095 A#44 and B#41 = 385.368
ROUND 2096 A#45 and B#41 = 402.549
ROUND 2097 A#46 and B#41 = 460.488
ROUND 2098 A#47 and B#41 = 437.131
ROUND 2099 A#48 and B#41 = 399.454
ROUND 2100 A#49 and B#41 = 375.601
ROUND 2101 A#0 and B#42 = 402.765
ROUND 2102 A#1 and B#42 = 374.784
ROUND 2103 A#2 and B#42 = 376.592
ROUND 2104 A#3 and B#42 = 405.367
ROUND 2105 A#4 and B#42 = 388.6
ROUND 2106 A#5 and B#42 = 440.524
ROUND 2107 A#6 and B#42 = 384.063
ROUND 2108 A#7 and B#42 = 430.606
ROUND 2109 A#8 and B#42 = 418.856
ROUND 2110 A#9 and B#42 = 379.082
ROUND 2111 A#10 and B#42 = 363.713
ROUND 2112 A#11 and B#42 = 419.027
ROUND 2113 A#12 and B#42 = 359.988
ROUND 2114 A#13 and B#42 = 370.641
ROUND 2115 A#14 and B#42 = 364.868
ROUND 2116 A#15 and B#42 = 384.391
ROUND 2117 A#16 and B#42 = 369.634
ROUND 2118 A#17 and B#42 = 429.836
ROUND 2119 A#18 and B#42 = 378.044
ROUND 2120 A#19 and B#42 = 377.228
ROUND 2121 A#20 and B#42 = 416.674
ROUND 2122 A#21 and B#42 = 406.34
ROUND 2123 A#22 and B#42 = 403.046
ROUND 2124 A#23 and B#42 = 384.969
ROUND 2125 A#24 and B#42 = 378.508
ROUND 2126 A#25 and B#42 = 395.3
ROUND 2127 A#26 and B#42 = 385.604
ROUND 2128 A#27 and B#42 = 444.668
ROUND 2129 A#28 and B#42 = 439.002
ROUND 2130 A#29 and B#42 = 456.612
ROUND 2131 A#30 and B#42 = 435.282
ROUND 2132 A#31 and B#42 = 435.498
ROUND 2133 A#32 and B#42 = 384.916
ROUND 2134 A#33 and B#42 = 457.889
ROUND 2135 A#34 and B#42 = 384.595
ROUND 2136 A#35 and B#42 = 399.533
ROUND 2137 A#36 and B#42 = 371.196
ROUND 2138 A#37 and B#42 = 380.063
ROUND 2139 A#38 and B#42 = 366.545
ROUND 2140 A#39 and B#42 = 377.761
ROUND 2141 A#40 and B#42 = 409.267
ROUND 2142 A#41 and B#42 = 390.294
ROUND 2143 A#42 and B#42 = 414.219
ROUND 2144 A#43 and B#42 = 381.966
ROUND 2145 A#44 and B#42 = 380.221
ROUND 2146 A#45 and B#42 = 402.08
ROUND 2147 A#46 and B#42 = 461.189
ROUND 2148 A#47 and B#42 = 339.864
ROUND 2149 A#48 and B#42 = 401.247
ROUND 2150 A#49 and B#42 = 340.824
ROUND 2151 A#0 and B#43 = 418.965
ROUND 2152 A#1 and B#43 = 381.031
ROUND 2153 A#2 and B#43 = 381.665
ROUND 2154 A#3 and B#43 = 414.351
ROUND 2155 A#4 and B#43 = 389.531
ROUND 2156 A#5 and B#43 = 432.707
ROUND 2157 A#6 and B#43 = 390.046
ROUND 2158 A#7 and B#43 = 416.106
ROUND 2159 A#8 and B#43 = 399.551
ROUND 2160 A#9 and B#43 = 382.841
ROUND 2161 A#10 and B#43 = 358.173
ROUND 2162 A#11 and B#43 = 437.443
ROUND 2163 A#12 and B#43 = 395.053
ROUND 2164 A#13 and B#43 = 389.749
ROUND 2165 A#14 and B#43 = 379.502
ROUND 2166 A#15 and B#43 = 396.225
ROUND 2167 A#16 and B#43 = 373.213
ROUND 2168 A#17 and B#43 = 448.286
ROUND 2169 A#18 and B#43 = 389.671
ROUND 2170 A#19 and B#43 = 392.931
ROUND 2171 A#20 and B#43 = 428.493
ROUND 2172 A#21 and B#43 = 427.161
ROUND 2173 A#22 and B#43 = 401.358
ROUND 2174 A#23 and B#43 = 392.772
ROUND 2175 A#24 and B#43 = 378.325
ROUND 2176 A#25 and B#43 = 447.821
ROUND 2177 A#26 and B#43 = 388.112
ROUND 2178 A#27 and B#43 = 439.573
ROUND 2179 A#28 and B#43 = 425.753
ROUND 2180 A#29 and B#43 = 459.246
ROUND 2181 A#30 and B#43 = 439.923
ROUND 2182 A#31 and B#43 = 436.519
ROUND 2183 A#32 and B#43 = 360.258
ROUND 2184 A#33 and B#43 = 416.707
ROUND 2185 A#34 and B#43 = 388.481
ROUND 2186 A#35 and B#43 = 406.854
ROUND 2187 A#36 and B#43 = 373.708
ROUND 2188 A#37 and B#43 = 378.775
ROUND 2189 A#38 and B#43 = 430.906
ROUND 2190 A#39 and B#43 = 392.002
ROUND 2191 A#40 and B#43 = 415.087
ROUND 2192 A#41 and B#43 = 356.424
ROUND 2193 A#42 and B#43 = 402.811
ROUND 2194 A#43 and B#43 = 371.697
ROUND 2195 A#44 and B#43 = 386.047
ROUND 2196 A#45 and B#43 = 410.923
ROUND 2197 A#46 and B#43 = 457.175
ROUND 2198 A#47 and B#43 = 365.215
ROUND 2199 A#48 and B#43 = 408.999
ROUND 2200 A#49 and B#43 = 364.853
ROUND 2201 A#0 and B#44 = 415.8
ROUND 2202 A#1 and B#44 = 388.212
ROUND 2203 A#2 and B#44 = 379.168
ROUND 2204 A#3 and B#44 = 454.724
ROUND 2205 A#4 and B#44 = 436.575
ROUND 2206 A#5 and B#44 = 454.361
ROUND 2207 A#6 and B#44 = 401.147
ROUND 2208 A#7 and B#44 = 393.952
ROUND 2209 A#8 and B#44 = 376.576
ROUND 2210 A#9 and B#44 = 386.268
ROUND 2211 A#10 and B#44 = 387.062
ROUND 2212 A#11 and B#44 = 399.825
ROUND 2213 A#12 and B#44 = 377.166
ROUND 2214 A#13 and B#44 = 375.784
ROUND 2215 A#14 and B#44 = 401.358
ROUND 2216 A#15 and B#44 = 383.325
ROUND 2217 A#16 and B#44 = 389.01
ROUND 2218 A#17 and B#44 = 401.391
ROUND 2219 A#18 and B#44 = 376.89
ROUND 2220 A#19 and B#44 = 386.213
ROUND 2221 A#20 and B#44 = 411.934
ROUND 2222 A#21 and B#44 = 404.736
ROUND 2223 A#22 and B#44 = 356.379
ROUND 2224 A#23 and B#44 = 373.61
ROUND 2225 A#24 and B#44 = 432.442
ROUND 2226 A#25 and B#44 = 416.865
ROUND 2227 A#26 and B#44 = 380.221
ROUND 2228 A#27 and B#44 = 413.835
ROUND 2229 A#28 and B#44 = 444.096
ROUND 2230 A#29 and B#44 = 375.758
ROUND 2231 A#30 and B#44 = 448.469
ROUND 2232 A#31 and B#44 = 431.976
ROUND 2233 A#32 and B#44 = 371.396
ROUND 2234 A#33 and B#44 = 439.548
ROUND 2235 A#34 and B#44 = 380.676
ROUND 2236 A#35 and B#44 = 374.556
ROUND 2237 A#36 and B#44 = 410.913
ROUND 2238 A#37 and B#44 = 371.295
ROUND 2239 A#38 and B#44 = 381.434
ROUND 2240 A#39 and B#44 = 392.188
ROUND 2241 A#40 and B#44 = 409.624
ROUND 2242 A#41 and B#44 = 395.617
ROUND 2243 A#42 and B#44 = 377.621
ROUND 2244 A#43 and B#44 = 378.213
ROUND 2245 A#44 and B#44 = 372.435
ROUND 2246 A#45 and B#44 = 366.109
ROUND 2247 A#46 and B#44 = 406.424
ROUND 2248 A#47 and B#44 = 369.229
ROUND 2249 A#48 and B#44 = 379.635
ROUND 2250 A#49 and B#44 = 371.284
ROUND 2251 A#0 and B#45 = 413.26
ROUND 2252 A#1 and B#45 = 391.413
ROUND 2253 A#2 and B#45 = 384.205
ROUND 2254 A#3 and B#45 = 452.996
ROUND 2255 A#4 and B#45 = 439.615
ROUND 2256 A#5 and B#45 = 456.94
ROUND 2257 A#6 and B#45 = 382.833
ROUND 2258 A#7 and B#45 = 380.791
ROUND 2259 A#8 and B#45 = 403.309
ROUND 2260 A#9 and B#45 = 391.489
ROUND 2261 A#10 and B#45 = 374.623
ROUND 2262 A#11 and B#45 = 405.387
ROUND 2263 A#12 and B#45 = 378.764
ROUND 2264 A#13 and B#45 = 400.863
ROUND 2265 A#14 and B#45 = 380.069
ROUND 2266 A#15 and B#45 = 381.96
ROUND 2267 A#16 and B#45 = 389.816
ROUND 2268 A#17 and B#45 = 393.445
ROUND 2269 A#18 and B#45 = 378.107
ROUND 2270 A#19 and B#45 = 391.457
ROUND 2271 A#20 and B#45 = 407.524
ROUND 2272 A#21 and B#45 = 423.859
ROUND 2273 A#22 and B#45 = 419.975
ROUND 2274 A#23 and B#45 = 370.522
ROUND 2275 A#24 and B#45 = 422.004
ROUND 2276 A#25 and B#45 = 440.037
ROUND 2277 A#26 and B#45 = 376.422
ROUND 2278 A#27 and B#45 = 413.723
ROUND 2279 A#28 and B#45 = 442.372
ROUND 2280 A#29 and B#45 = 385.589
ROUND 2281 A#30 and B#45 = 447.304
ROUND 2282 A#31 and B#45 = 426.902
ROUND 2283 A#32 and B#45 = 396.963
ROUND 2284 A#33 and B#45 = 438.89
ROUND 2285 A#34 and B#45 = 378.597
ROUND 2286 A#35 and B#45 = 376.044
ROUND 2287 A#36 and B#45 = 397.631
ROUND 2288 A#37 and B#45 = 348.225
ROUND 2289 A#38 and B#45 = 365.851
ROUND 2290 A#39 and B#45 = 393.466
ROUND 2291 A#40 and B#45 = 414.377
ROUND 2292 A#41 and B#45 = 400.315
ROUND 2293 A#42 and B#45 = 412.548
ROUND 2294 A#43 and B#45 = 378.192
ROUND 2295 A#44 and B#45 = 371.647
ROUND 2296 A#45 and B#45 = 362.439
ROUND 2297 A#46 and B#45 = 405.619
ROUND 2298 A#47 and B#45 = 369.763
ROUND 2299 A#48 and B#45 = 379.171
ROUND 2300 A#49 and B#45 = 371.652
ROUND 2301 A#0 and B#46 = 414.475
ROUND 2302 A#1 and B#46 = 387.328
ROUND 2303 A#2 and B#46 = 391.483
ROUND 2304 A#3 and B#46 = 385.336
ROUND 2305 A#4 and B#46 = 420.519
ROUND 2306 A#5 and B#46 = 454.814
ROUND 2307 A#6 and B#46 = 374.552
ROUND 2308 A#7 and B#46 = 437.075
ROUND 2309 A#8 and B#46 = 339.133
ROUND 2310 A#9 and B#46 = 376.632
ROUND 2311 A#10 and B#46 = 348.279
ROUND 2312 A#11 and B#46 = 418.15
ROUND 2313 A#12 and B#46 = 382.015
ROUND 2314 A#13 and B#46 = 391.54
ROUND 2315 A#14 and B#46 = 351.134
ROUND 2316 A#15 and B#46 = 367.795
ROUND 2317 A#16 and B#46 = 357.751
ROUND 2318 A#17 and B#46 = 427.47
ROUND 2319 A#18 and B#46 = 355.795
ROUND 2320 A#19 and B#46 = 373.996
ROUND 2321 A#20 and B#46 = 427.436
ROUND 2322 A#21 and B#46 = 413.615
ROUND 2323 A#22 and B#46 = 399.713
ROUND 2324 A#23 and B#46 = 378.654
ROUND 2325 A#24 and B#46 = 418.63
ROUND 2326 A#25 and B#46 = 402.818
ROUND 2327 A#26 and B#46 = 402.93
ROUND 2328 A#27 and B#46 = 393.275
ROUND 2329 A#28 and B#46 = 428.088
ROUND 2330 A#29 and B#46 = 361.987
ROUND 2331 A#30 and B#46 = 409.308
ROUND 2332 A#31 and B#46 = 443.61
ROUND 2333 A#32 and B#46 = 352.038
ROUND 2334 A#33 and B#46 = 360.413
ROUND 2335 A#34 and B#46 = 359.39
ROUND 2336 A#35 and B#46 = 382.397
ROUND 2337 A#36 and B#46 = 391.573
ROUND 2338 A#37 and B#46 = 395.05
ROUND 2339 A#38 and B#46 = 368.169
ROUND 2340 A#39 and B#46 = 360.226
ROUND 2341 A#40 and B#46 = 456.956
ROUND 2342 A#41 and B#46 = 336.407
ROUND 2343 A#42 and B#46 = 397.327
ROUND 2344 A#43 and B#46 = 373.395
ROUND 2345 A#44 and B#46 = 363.068
ROUND 2346 A#45 and B#46 = 377.775
ROUND 2347 A#46 and B#46 = 413.858
ROUND 2348 A#47 and B#46 = 381.865
ROUND 2349 A#48 and B#46 = 387.967
ROUND 2350 A#49 and B#46 = 369.849
ROUND 2351 A#0 and B#47 = 400.386
ROUND 2352 A#1 and B#47 = 379.316
ROUND 2353 A#2 and B#47 = 374.31
ROUND 2354 A#3 and B#47 = 402.793
ROUND 2355 A#4 and B#47 = 449.693
ROUND 2356 A#5 and B#47 = 465.822
ROUND 2357 A#6 and B#47 = 384.062
ROUND 2358 A#7 and B#47 = 373.588
ROUND 2359 A#8 and B#47 = 360.65
ROUND 2360 A#9 and B#47 = 379.901
ROUND 2361 A#10 and B#47 = 380.779
ROUND 2362 A#11 and B#47 = 375.936
ROUND 2363 A#12 and B#47 = 363.932
ROUND 2364 A#13 and B#47 = 371.36
ROUND 2365 A#14 and B#47 = 373.965
ROUND 2366 A#15 and B#47 = 370.098
ROUND 2367 A#16 and B#47 = 380.367
ROUND 2368 A#17 and B#47 = 386.111
ROUND 2369 A#18 and B#47 = 369.892
ROUND 2370 A#19 and B#47 = 379.375
ROUND 2371 A#20 and B#47 = 388.733
ROUND 2372 A#21 and B#47 = 386.271
ROUND 2373 A#22 and B#47 = 391.176
ROUND 2374 A#23 and B#47 = 365.371
ROUND 2375 A#24 and B#47 = 451.789
ROUND 2376 A#25 and B#47 = 390.309
ROUND 2377 A#26 and B#47 = 382.245
ROUND 2378 A#27 and B#47 = 439.754
ROUND 2379 A#28 and B#47 = 391.827
ROUND 2380 A#29 and B#47 = 356.778
ROUND 2381 A#30 and B#47 = 414.126
ROUND 2382 A#31 and B#47 = 415.405
ROUND 2383 A#32 and B#47 = 363.256
ROUND 2384 A#33 and B#47 = 424.391
ROUND 2385 A#34 and B#47 = 377.5
ROUND 2386 A#35 and B#47 = 374.767
ROUND 2387 A#36 and B#47 = 371.297
ROUND 2388 A#37 and B#47 = 363.346
ROUND 2389 A#38 and B#47 = 351.046
ROUND 2390 A#39 and B#47 = 379.549
ROUND 2391 A#40 and B#47 = 396.571
ROUND 2392 A#41 and B#47 = 350.519
ROUND 2393 A#42 and B#47 = 355.861
ROUND 2394 A#43 and B#47 = 367.202
ROUND 2395 A#44 and B#47 = 369.917
ROUND 2396 A#45 and B#47 = 355.487
ROUND 2397 A#46 and B#47 = 377.688
ROUND 2398 A#47 and B#47 = 362.542
ROUND 2399 A#48 and B#47 = 378.507
ROUND 2400 A#49 and B#47 = 365.061
ROUND 2401 A#0 and B#48 = 416.354
ROUND 2402 A#1 and B#48 = 386.913
ROUND 2403 A#2 and B#48 = 377.947
ROUND 2404 A#3 and B#48 = 454.94
ROUND 2405 A#4 and B#48 = 434.466
ROUND 2406 A#5 and B#48 = 453.076
ROUND 2407 A#6 and B#48 = 401.694
ROUND 2408 A#7 and B#48 = 388.088
ROUND 2409 A#8 and B#48 = 417.118
ROUND 2410 A#9 and B#48 = 385.429
ROUND 2411 A#10 and B#48 = 389.414
ROUND 2412 A#11 and B#48 = 397.263
ROUND 2413 A#12 and B#48 = 375.931
ROUND 2414 A#13 and B#48 = 375.207
ROUND 2415 A#14 and B#48 = 400.541
ROUND 2416 A#15 and B#48 = 383.577
ROUND 2417 A#16 and B#48 = 389.176
ROUND 2418 A#17 and B#48 = 401.272
ROUND 2419 A#18 and B#48 = 388.43
ROUND 2420 A#19 and B#48 = 385.183
ROUND 2421 A#20 and B#48 = 412.066
ROUND 2422 A#21 and B#48 = 400.19
ROUND 2423 A#22 and B#48 = 356.667
ROUND 2424 A#23 and B#48 = 372.759
ROUND 2425 A#24 and B#48 = 433.353
ROUND 2426 A#25 and B#48 = 436.632
ROUND 2427 A#26 and B#48 = 383.395
ROUND 2428 A#27 and B#48 = 414.479
ROUND 2429 A#28 and B#48 = 445.136
ROUND 2430 A#29 and B#48 = 375.404
ROUND 2431 A#30 and B#48 = 448.093
ROUND 2432 A#31 and B#48 = 432.882
ROUND 2433 A#32 and B#48 = 370.449
ROUND 2434 A#33 and B#48 = 440.436
ROUND 2435 A#34 and B#48 = 382.042
ROUND 2436 A#35 and B#48 = 371.229
ROUND 2437 A#36 and B#48 = 411.633
ROUND 2438 A#37 and B#48 = 386.967
ROUND 2439 A#38 and B#48 = 381.048
ROUND 2440 A#39 and B#48 = 392.07
ROUND 2441 A#40 and B#48 = 408.521
ROUND 2442 A#41 and B#48 = 394.79
ROUND 2443 A#42 and B#48 = 377.185
ROUND 2444 A#43 and B#48 = 377.474
ROUND 2445 A#44 and B#48 = 373.577
ROUND 2446 A#45 and B#48 = 361.428
ROUND 2447 A#46 and B#48 = 407.172
ROUND 2448 A#47 and B#48 = 368.68
ROUND 2449 A#48 and B#48 = 375.911
ROUND 2450 A#49 and B#48 = 370.612
ROUND 2451 A#0 and B#49 = 383.342
ROUND 2452 A#1 and B#49 = 434.169
ROUND 2453 A#2 and B#49 = 413.353
ROUND 2454 A#3 and B#49 = 419.999
ROUND 2455 A#4 and B#49 = 369.418
ROUND 2456 A#5 and B#49 = 350.514
ROUND 2457 A#6 and B#49 = 413.982
ROUND 2458 A#7 and B#49 = 338.118
ROUND 2459 A#8 and B#49 = 409.816
ROUND 2460 A#9 and B#49 = 463.798
ROUND 2461 A#10 and B#49 = 446.703
ROUND 2462 A#11 and B#49 = 396.176
ROUND 2463 A#12 and B#49 = 428.224
ROUND 2464 A#13 and B#49 = 388.077
ROUND 2465 A#14 and B#49 = 418.523
ROUND 2466 A#15 and B#49 = 396.052
ROUND 2467 A#16 and B#49 = 441.593
ROUND 2468 A#17 and B#49 = 420.701
ROUND 2469 A#18 and B#49 = 492.2
ROUND 2470 A#19 and B#49 = 464.346
ROUND 2471 A#20 and B#49 = 424.729
ROUND 2472 A#21 and B#49 = 445.319
ROUND 2473 A#22 and B#49 = 502.457
ROUND 2474 A#23 and B#49 = 471.462
ROUND 2475 A#24 and B#49 = 468.315
ROUND 2476 A#25 and B#49 = 431.586
ROUND 2477 A#26 and B#49 = 453.977
ROUND 2478 A#27 and B#49 = 414.072
ROUND 2479 A#28 and B#49 = 391.312
ROUND 2480 A#29 and B#49 = 410.85
ROUND 2481 A#30 and B#49 = 410.008
ROUND 2482 A#31 and B#49 = 398.356
ROUND 2483 A#32 and B#49 = 456.279
ROUND 2484 A#33 and B#49 = 448.15
ROUND 2485 A#34 and B#49 = 429.455
ROUND 2486 A#35 and B#49 = 475.911
ROUND 2487 A#36 and B#49 = 430.929
ROUND 2488 A#37 and B#49 = 363.075
ROUND 2489 A#38 and B#49 = 375.637
ROUND 2490 A#39 and B#49 = 418.124
ROUND 2491 A#40 and B#49 = 365.122
ROUND 2492 A#41 and B#49 = 445.258
ROUND 2493 A#42 and B#49 = 434.299
ROUND 2494 A#43 and B#49 = 376.572
ROUND 2495 A#44 and B#49 = 433.698
ROUND 2496 A#45 and B#49 = 489.979
ROUND 2497 A#46 and B#49 = 430.755
ROUND 2498 A#47 and B#49 = 478.441
ROUND 2499 A#48 and B#49 = 467.664
ROUND 2500 A#49 and B#49 = 412.416

The best overlap is between conformer A#22 and B#49, which, after PCA followed by Steepest Descent, produces a volume overlap of 502.457
Tanimoto (Hodgkin) similarity index: 0.424147

Saving those best conformers to file...
WRITING MOLECULE TO FILE '../ALL_PAIRS_BQ123_AS_REFERENCE/ROKS2/BQ123-TBC3711.mol2' (WILL OVERWRITE EXISTING FILE IF ANY)...
WRITING MOLECULE TO FILE '../ALL_PAIRS_BQ123_AS_REFERENCE/ROKS2/BQ123-TBC3711.mol2'...
