Finished importing molecules
WARNING: LAPACK DSYEV() RETURNED NON-ZERO ERROR CODE 2
WARNING: LAPACK DSYEV() RETURNED NON-ZERO ERROR CODE 2
WARNING: LAPACK DSYEV() RETURNED NON-ZERO ERROR CODE 2
WARNING: LAPACK DSYEV() RETURNED NON-ZERO ERROR CODE 2
WARNING: LAPACK DSYEV() RETURNED NON-ZERO ERROR CODE 2
WARNING: LAPACK DSYEV() RETURNED NON-ZERO ERROR CODE 2
WARNING: LAPACK DSYEV() RETURNED NON-ZERO ERROR CODE 2
WARNING: LAPACK DSYEV() RETURNED NON-ZERO ERROR CODE 2
WARNING: LAPACK DSYEV() RETURNED NON-ZERO ERROR CODE 2
WARNING: LAPACK DSYEV() RETURNED NON-ZERO ERROR CODE 3
WARNING: LAPACK DSYEV() RETURNED NON-ZERO ERROR CODE 2
WARNING: LAPACK DSYEV() RETURNED NON-ZERO ERROR CODE 2
WARNING: LAPACK DSYEV() RETURNED NON-ZERO ERROR CODE 2
WARNING: LAPACK DSYEV() RETURNED NON-ZERO ERROR CODE 2
WARNING: LAPACK DSYEV() RETURNED NON-ZERO ERROR CODE 2
WARNING: LAPACK DSYEV() RETURNED NON-ZERO ERROR CODE 2
WARNING: LAPACK DSYEV() RETURNED NON-ZERO ERROR CODE 2
WARNING: LAPACK DSYEV() RETURNED NON-ZERO ERROR CODE 2
WARNING: LAPACK DSYEV() RETURNED NON-ZERO ERROR CODE 2
WARNING: LAPACK DSYEV() RETURNED NON-ZERO ERROR CODE 3
WARNING: LAPACK DSYEV() RETURNED NON-ZERO ERROR CODE 2
WARNING: LAPACK DSYEV() RETURNED NON-ZERO ERROR CODE 3
WARNING: LAPACK DSYEV() RETURNED NON-ZERO ERROR CODE 3
WARNING: LAPACK DSYEV() RETURNED NON-ZERO ERROR CODE 3
WARNING: LAPACK DSYEV() RETURNED NON-ZERO ERROR CODE 2
WARNING: LAPACK DSYEV() RETURNED NON-ZERO ERROR CODE 2
WARNING: LAPACK DSYEV() RETURNED NON-ZERO ERROR CODE 2
WARNING: LAPACK DSYEV() RETURNED NON-ZERO ERROR CODE 3
WARNING: LAPACK DSYEV() RETURNED NON-ZERO ERROR CODE 2
WARNING: LAPACK DSYEV() RETURNED NON-ZERO ERROR CODE 2
WARNING: LAPACK DSYEV() RETURNED NON-ZERO ERROR CODE 2
WARNING: LAPACK DSYEV() RETURNED NON-ZERO ERROR CODE 2
WARNING: LAPACK DSYEV() RETURNED NON-ZERO ERROR CODE 2
WARNING: LAPACK DSYEV() RETURNED NON-ZERO ERROR CODE 3
WARNING: LAPACK DSYEV() RETURNED NON-ZERO ERROR CODE 2
WARNING: LAPACK DSYEV() RETURNED NON-ZERO ERROR CODE 3
WARNING: LAPACK DSYEV() RETURNED NON-ZERO ERROR CODE 2
WARNING: LAPACK DSYEV() RETURNED NON-ZERO ERROR CODE 2
WARNING: LAPACK DSYEV() RETURNED NON-ZERO ERROR CODE 2
WARNING: LAPACK DSYEV() RETURNED NON-ZERO ERROR CODE 2
WARNING: LAPACK DSYEV() RETURNED NON-ZERO ERROR CODE 2
WARNING: LAPACK DSYEV() RETURNED NON-ZERO ERROR CODE 2
WARNING: LAPACK DSYEV() RETURNED NON-ZERO ERROR CODE 2
WARNING: LAPACK DSYEV() RETURNED NON-ZERO ERROR CODE 2
WARNING: LAPACK DSYEV() RETURNED NON-ZERO ERROR CODE 2
WARNING: LAPACK DSYEV() RETURNED NON-ZERO ERROR CODE 2
WARNING: LAPACK DSYEV() RETURNED NON-ZERO ERROR CODE 2
WARNING: LAPACK DSYEV() RETURNED NON-ZERO ERROR CODE 2
WARNING: LAPACK DSYEV() RETURNED NON-ZERO ERROR CODE 2
WARNING: LAPACK DSYEV() RETURNED NON-ZERO ERROR CODE 3
WARNING: LAPACK DSYEV() RETURNED NON-ZERO ERROR CODE 2
WARNING: LAPACK DSYEV() RETURNED NON-ZERO ERROR CODE 3
WARNING: LAPACK DSYEV() RETURNED NON-ZERO ERROR CODE 3
WARNING: LAPACK DSYEV() RETURNED NON-ZERO ERROR CODE 2
WARNING: LAPACK DSYEV() RETURNED NON-ZERO ERROR CODE 3
WARNING: LAPACK DSYEV() RETURNED NON-ZERO ERROR CODE 2
WARNING: LAPACK DSYEV() RETURNED NON-ZERO ERROR CODE 2
WARNING: LAPACK DSYEV() RETURNED NON-ZERO ERROR CODE 3
WARNING: LAPACK DSYEV() RETURNED NON-ZERO ERROR CODE 3
WARNING: LAPACK DSYEV() RETURNED NON-ZERO ERROR CODE 3
WARNING: LAPACK DSYEV() RETURNED NON-ZERO ERROR CODE 2
WARNING: LAPACK DSYEV() RETURNED NON-ZERO ERROR CODE 3
WARNING: LAPACK DSYEV() RETURNED NON-ZERO ERROR CODE 2
WARNING: LAPACK DSYEV() RETURNED NON-ZERO ERROR CODE 3
WARNING: LAPACK DSYEV() RETURNED NON-ZERO ERROR CODE 2
WARNING: LAPACK DSYEV() RETURNED NON-ZERO ERROR CODE 2
WARNING: LAPACK DSYEV() RETURNED NON-ZERO ERROR CODE 3
WARNING: LAPACK DSYEV() RETURNED NON-ZERO ERROR CODE 2
WARNING: LAPACK DSYEV() RETURNED NON-ZERO ERROR CODE 2
WARNING: LAPACK DSYEV() RETURNED NON-ZERO ERROR CODE 2
WARNING: LAPACK DSYEV() RETURNED NON-ZERO ERROR CODE 2
WARNING: LAPACK DSYEV() RETURNED NON-ZERO ERROR CODE 3
WARNING: LAPACK DSYEV() RETURNED NON-ZERO ERROR CODE 3
WARNING: LAPACK DSYEV() RETURNED NON-ZERO ERROR CODE 3
WARNING: LAPACK DSYEV() RETURNED NON-ZERO ERROR CODE 3
WARNING: LAPACK DSYEV() RETURNED NON-ZERO ERROR CODE 3
WARNING: LAPACK DSYEV() RETURNED NON-ZERO ERROR CODE 2
WARNING: LAPACK DSYEV() RETURNED NON-ZERO ERROR CODE 2
WARNING: LAPACK DSYEV() RETURNED NON-ZERO ERROR CODE 3
WARNING: LAPACK DSYEV() RETURNED NON-ZERO ERROR CODE 3
WARNING: LAPACK DSYEV() RETURNED NON-ZERO ERROR CODE 2
WARNING: LAPACK DSYEV() RETURNED NON-ZERO ERROR CODE 3
WARNING: LAPACK DSYEV() RETURNED NON-ZERO ERROR CODE 2
WARNING: LAPACK DSYEV() RETURNED NON-ZERO ERROR CODE 3
WARNING: LAPACK DSYEV() RETURNED NON-ZERO ERROR CODE 2
WARNING: LAPACK DSYEV() RETURNED NON-ZERO ERROR CODE 3
WARNING: LAPACK DSYEV() RETURNED NON-ZERO ERROR CODE 3
WARNING: LAPACK DSYEV() RETURNED NON-ZERO ERROR CODE 2
WARNING: LAPACK DSYEV() RETURNED NON-ZERO ERROR CODE 2
WARNING: LAPACK DSYEV() RETURNED NON-ZERO ERROR CODE 3
WARNING: LAPACK DSYEV() RETURNED NON-ZERO ERROR CODE 3
WARNING: LAPACK DSYEV() RETURNED NON-ZERO ERROR CODE 3
WARNING: LAPACK DSYEV() RETURNED NON-ZERO ERROR CODE 3
WARNING: LAPACK DSYEV() RETURNED NON-ZERO ERROR CODE 3
WARNING: LAPACK DSYEV() RETURNED NON-ZERO ERROR CODE 2
WARNING: LAPACK DSYEV() RETURNED NON-ZERO ERROR CODE 2
WARNING: LAPACK DSYEV() RETURNED NON-ZERO ERROR CODE 2
WARNING: LAPACK DSYEV() RETURNED NON-ZERO ERROR CODE 2
WARNING: LAPACK DSYEV() RETURNED NON-ZERO ERROR CODE 2
WARNING: LAPACK DSYEV() RETURNED NON-ZERO ERROR CODE 3
Finished setting up data; running search...
ROUND 1 A#0 and B#0 = 511.054
ROUND 2 A#1 and B#0 = 513.849
ROUND 3 A#2 and B#0 = 472.02
ROUND 4 A#3 and B#0 = 471.111
ROUND 5 A#4 and B#0 = 452.458
ROUND 6 A#5 and B#0 = 451.704
ROUND 7 A#6 and B#0 = 468.907
ROUND 8 A#7 and B#0 = 450.523
ROUND 9 A#8 and B#0 = 492.755
ROUND 10 A#9 and B#0 = 454.74
ROUND 11 A#10 and B#0 = 450.534
ROUND 12 A#11 and B#0 = 520.02
ROUND 13 A#12 and B#0 = 520.799
ROUND 14 A#13 and B#0 = 450.728
ROUND 15 A#14 and B#0 = 449.982
ROUND 16 A#15 and B#0 = 520.977
ROUND 17 A#16 and B#0 = 521.883
ROUND 18 A#17 and B#0 = 520.744
ROUND 19 A#18 and B#0 = 524.676
ROUND 20 A#19 and B#0 = 516.352
ROUND 21 A#20 and B#0 = 444.649
ROUND 22 A#21 and B#0 = 515.782
ROUND 23 A#22 and B#0 = 564.466
ROUND 24 A#23 and B#0 = 515.761
ROUND 25 A#24 and B#0 = 494.086
ROUND 26 A#25 and B#0 = 523.447
ROUND 27 A#26 and B#0 = 449.244
ROUND 28 A#27 and B#0 = 565.861
ROUND 29 A#28 and B#0 = 448.879
ROUND 30 A#29 and B#0 = 448.578
ROUND 31 A#30 and B#0 = 487.398
ROUND 32 A#31 and B#0 = 520.358
ROUND 33 A#32 and B#0 = 420.703
ROUND 34 A#33 and B#0 = 453.736
ROUND 35 A#34 and B#0 = 480.648
ROUND 36 A#35 and B#0 = 529.236
ROUND 37 A#36 and B#0 = 528.381
ROUND 38 A#37 and B#0 = 463.96
ROUND 39 A#38 and B#0 = 467.843
ROUND 40 A#39 and B#0 = 465.185
ROUND 41 A#40 and B#0 = 567.645
ROUND 42 A#41 and B#0 = 452.619
ROUND 43 A#42 and B#0 = 543.348
ROUND 44 A#43 and B#0 = 468.802
ROUND 45 A#44 and B#0 = 490.993
ROUND 46 A#45 and B#0 = 441.324
ROUND 47 A#46 and B#0 = 461.191
ROUND 48 A#47 and B#0 = 436.438
ROUND 49 A#48 and B#0 = 461.414
ROUND 50 A#49 and B#0 = 533.863
ROUND 51 A#0 and B#1 = 528.318
ROUND 52 A#1 and B#1 = 516.568
ROUND 53 A#2 and B#1 = 463.25
ROUND 54 A#3 and B#1 = 467.783
ROUND 55 A#4 and B#1 = 485.917
ROUND 56 A#5 and B#1 = 527.12
ROUND 57 A#6 and B#1 = 533.969
ROUND 58 A#7 and B#1 = 538.103
ROUND 59 A#8 and B#1 = 482.752
ROUND 60 A#9 and B#1 = 446.357
ROUND 61 A#10 and B#1 = 536.745
ROUND 62 A#11 and B#1 = 532.466
ROUND 63 A#12 and B#1 = 535.952
ROUND 64 A#13 and B#1 = 535.088
ROUND 65 A#14 and B#1 = 536.34
ROUND 66 A#15 and B#1 = 536.362
ROUND 67 A#16 and B#1 = 537.344
ROUND 68 A#17 and B#1 = 535.695
ROUND 69 A#18 and B#1 = 536.34
ROUND 70 A#19 and B#1 = 492.932
ROUND 71 A#20 and B#1 = 545.953
ROUND 72 A#21 and B#1 = 566.216
ROUND 73 A#22 and B#1 = 515.472
ROUND 74 A#23 and B#1 = 566.544
ROUND 75 A#24 and B#1 = 541.909
ROUND 76 A#25 and B#1 = 514.215
ROUND 77 A#26 and B#1 = 534.891
ROUND 78 A#27 and B#1 = 517.183
ROUND 79 A#28 and B#1 = 536.044
ROUND 80 A#29 and B#1 = 533.275
ROUND 81 A#30 and B#1 = 530.172
ROUND 82 A#31 and B#1 = 536.399
ROUND 83 A#32 and B#1 = 473.988
ROUND 84 A#33 and B#1 = 457.498
ROUND 85 A#34 and B#1 = 534.653
ROUND 86 A#35 and B#1 = 456.81
ROUND 87 A#36 and B#1 = 534.148
ROUND 88 A#37 and B#1 = 533.431
ROUND 89 A#38 and B#1 = 527.726
ROUND 90 A#39 and B#1 = 530.671
ROUND 91 A#40 and B#1 = 526.201
ROUND 92 A#41 and B#1 = 550.374
ROUND 93 A#42 and B#1 = 520.912
ROUND 94 A#43 and B#1 = 549.039
ROUND 95 A#44 and B#1 = 545.802
ROUND 96 A#45 and B#1 = 483.759
ROUND 97 A#46 and B#1 = 536.421
ROUND 98 A#47 and B#1 = 484.776
ROUND 99 A#48 and B#1 = 526.987
ROUND 100 A#49 and B#1 = 493.805
ROUND 101 A#0 and B#2 = 559.252
ROUND 102 A#1 and B#2 = 519.994
ROUND 103 A#2 and B#2 = 459.906
ROUND 104 A#3 and B#2 = 463.615
ROUND 105 A#4 and B#2 = 485.121
ROUND 106 A#5 and B#2 = 528.609
ROUND 107 A#6 and B#2 = 533.949
ROUND 108 A#7 and B#2 = 544.11
ROUND 109 A#8 and B#2 = 482.338
ROUND 110 A#9 and B#2 = 445.982
ROUND 111 A#10 and B#2 = 538.67
ROUND 112 A#11 and B#2 = 536.117
ROUND 113 A#12 and B#2 = 539.663
ROUND 114 A#13 and B#2 = 536.797
ROUND 115 A#14 and B#2 = 538.162
ROUND 116 A#15 and B#2 = 540.001
ROUND 117 A#16 and B#2 = 540.816
ROUND 118 A#17 and B#2 = 539.37
ROUND 119 A#18 and B#2 = 539.633
ROUND 120 A#19 and B#2 = 499.611
ROUND 121 A#20 and B#2 = 547.097
ROUND 122 A#21 and B#2 = 566.557
ROUND 123 A#22 and B#2 = 545.142
ROUND 124 A#23 and B#2 = 566.899
ROUND 125 A#24 and B#2 = 542.128
ROUND 126 A#25 and B#2 = 514.81
ROUND 127 A#26 and B#2 = 536.875
ROUND 128 A#27 and B#2 = 545.807
ROUND 129 A#28 and B#2 = 537.84
ROUND 130 A#29 and B#2 = 535.008
ROUND 131 A#30 and B#2 = 531.353
ROUND 132 A#31 and B#2 = 539.772
ROUND 133 A#32 and B#2 = 475.268
ROUND 134 A#33 and B#2 = 460.659
ROUND 135 A#34 and B#2 = 537.306
ROUND 136 A#35 and B#2 = 459.817
ROUND 137 A#36 and B#2 = 533.697
ROUND 138 A#37 and B#2 = 536.912
ROUND 139 A#38 and B#2 = 533.94
ROUND 140 A#39 and B#2 = 540.525
ROUND 141 A#40 and B#2 = 525.075
ROUND 142 A#41 and B#2 = 552.256
ROUND 143 A#42 and B#2 = 520.34
ROUND 144 A#43 and B#2 = 550.993
ROUND 145 A#44 and B#2 = 548.061
ROUND 146 A#45 and B#2 = 488.048
ROUND 147 A#46 and B#2 = 539.803
ROUND 148 A#47 and B#2 = 486.924
ROUND 149 A#48 and B#2 = 543.055
ROUND 150 A#49 and B#2 = 499.164
ROUND 151 A#0 and B#3 = 567.706
ROUND 152 A#1 and B#3 = 574.41
ROUND 153 A#2 and B#3 = 503.919
ROUND 154 A#3 and B#3 = 495.138
ROUND 155 A#4 and B#3 = 514.197
ROUND 156 A#5 and B#3 = 502.441
ROUND 157 A#6 and B#3 = 473.185
ROUND 158 A#7 and B#3 = 492.365
ROUND 159 A#8 and B#3 = 480.177
ROUND 160 A#9 and B#3 = 507.095
ROUND 161 A#10 and B#3 = 494.369
ROUND 162 A#11 and B#3 = 512.231
ROUND 163 A#12 and B#3 = 549.415
ROUND 164 A#13 and B#3 = 492.146
ROUND 165 A#14 and B#3 = 493.188
ROUND 166 A#15 and B#3 = 549.942
ROUND 167 A#16 and B#3 = 552.185
ROUND 168 A#17 and B#3 = 548.907
ROUND 169 A#18 and B#3 = 554.99
ROUND 170 A#19 and B#3 = 551.813
ROUND 171 A#20 and B#3 = 504.945
ROUND 172 A#21 and B#3 = 556.626
ROUND 173 A#22 and B#3 = 552.111
ROUND 174 A#23 and B#3 = 556.871
ROUND 175 A#24 and B#3 = 545.411
ROUND 176 A#25 and B#3 = 579.252
ROUND 177 A#26 and B#3 = 498.514
ROUND 178 A#27 and B#3 = 552.039
ROUND 179 A#28 and B#3 = 507.734
ROUND 180 A#29 and B#3 = 501.887
ROUND 181 A#30 and B#3 = 533.978
ROUND 182 A#31 and B#3 = 565.645
ROUND 183 A#32 and B#3 = 505.524
ROUND 184 A#33 and B#3 = 502.398
ROUND 185 A#34 and B#3 = 525.186
ROUND 186 A#35 and B#3 = 556.336
ROUND 187 A#36 and B#3 = 550.741
ROUND 188 A#37 and B#3 = 513.274
ROUND 189 A#38 and B#3 = 513.411
ROUND 190 A#39 and B#3 = 528.708
ROUND 191 A#40 and B#3 = 475.826
ROUND 192 A#41 and B#3 = 504.852
ROUND 193 A#42 and B#3 = 551.562
ROUND 194 A#43 and B#3 = 518.326
ROUND 195 A#44 and B#3 = 546.313
ROUND 196 A#45 and B#3 = 495.358
ROUND 197 A#46 and B#3 = 512.94
ROUND 198 A#47 and B#3 = 499.018
ROUND 199 A#48 and B#3 = 524.926
ROUND 200 A#49 and B#3 = 565.498
ROUND 201 A#0 and B#4 = 516.98
ROUND 202 A#1 and B#4 = 510.903
ROUND 203 A#2 and B#4 = 471.367
ROUND 204 A#3 and B#4 = 474.944
ROUND 205 A#4 and B#4 = 540.738
ROUND 206 A#5 and B#4 = 482.071
ROUND 207 A#6 and B#4 = 467.878
ROUND 208 A#7 and B#4 = 520.118
ROUND 209 A#8 and B#4 = 448.374
ROUND 210 A#9 and B#4 = 479.357
ROUND 211 A#10 and B#4 = 502.989
ROUND 212 A#11 and B#4 = 505.794
ROUND 213 A#12 and B#4 = 507.936
ROUND 214 A#13 and B#4 = 504.17
ROUND 215 A#14 and B#4 = 509.516
ROUND 216 A#15 and B#4 = 507.21
ROUND 217 A#16 and B#4 = 499.941
ROUND 218 A#17 and B#4 = 507.053
ROUND 219 A#18 and B#4 = 493.713
ROUND 220 A#19 and B#4 = 483.09
ROUND 221 A#20 and B#4 = 482.205
ROUND 222 A#21 and B#4 = 492.082
ROUND 223 A#22 and B#4 = 524.104
ROUND 224 A#23 and B#4 = 492.071
ROUND 225 A#24 and B#4 = 487.417
ROUND 226 A#25 and B#4 = 511.545
ROUND 227 A#26 and B#4 = 507.446
ROUND 228 A#27 and B#4 = 525.705
ROUND 229 A#28 and B#4 = 504.175
ROUND 230 A#29 and B#4 = 505.897
ROUND 231 A#30 and B#4 = 502.321
ROUND 232 A#31 and B#4 = 502.155
ROUND 233 A#32 and B#4 = 537.619
ROUND 234 A#33 and B#4 = 481.251
ROUND 235 A#34 and B#4 = 480.944
ROUND 236 A#35 and B#4 = 495.289
ROUND 237 A#36 and B#4 = 473.215
ROUND 238 A#37 and B#4 = 486.12
ROUND 239 A#38 and B#4 = 523.66
ROUND 240 A#39 and B#4 = 534.674
ROUND 241 A#40 and B#4 = 453.126
ROUND 242 A#41 and B#4 = 473.27
ROUND 243 A#42 and B#4 = 455.542
ROUND 244 A#43 and B#4 = 483.559
ROUND 245 A#44 and B#4 = 495.833
ROUND 246 A#45 and B#4 = 548.725
ROUND 247 A#46 and B#4 = 466.657
ROUND 248 A#47 and B#4 = 542.951
ROUND 249 A#48 and B#4 = 531.897
ROUND 250 A#49 and B#4 = 493.791
ROUND 251 A#0 and B#5 = 470.613
ROUND 252 A#1 and B#5 = 542.323
ROUND 253 A#2 and B#5 = 508.2
ROUND 254 A#3 and B#5 = 504.841
ROUND 255 A#4 and B#5 = 499.359
ROUND 256 A#5 and B#5 = 483.726
ROUND 257 A#6 and B#5 = 486.142
ROUND 258 A#7 and B#5 = 460.796
ROUND 259 A#8 and B#5 = 480.72
ROUND 260 A#9 and B#5 = 511.748
ROUND 261 A#10 and B#5 = 483.961
ROUND 262 A#11 and B#5 = 537.591
ROUND 263 A#12 and B#5 = 536.989
ROUND 264 A#13 and B#5 = 481.806
ROUND 265 A#14 and B#5 = 487.631
ROUND 266 A#15 and B#5 = 537.235
ROUND 267 A#16 and B#5 = 538.642
ROUND 268 A#17 and B#5 = 536.76
ROUND 269 A#18 and B#5 = 539.762
ROUND 270 A#19 and B#5 = 525.439
ROUND 271 A#20 and B#5 = 483.734
ROUND 272 A#21 and B#5 = 520.552
ROUND 273 A#22 and B#5 = 508.511
ROUND 274 A#23 and B#5 = 520.633
ROUND 275 A#24 and B#5 = 521.3
ROUND 276 A#25 and B#5 = 551.348
ROUND 277 A#26 and B#5 = 481.733
ROUND 278 A#27 and B#5 = 507.922
ROUND 279 A#28 and B#5 = 482.901
ROUND 280 A#29 and B#5 = 480.71
ROUND 281 A#30 and B#5 = 519.128
ROUND 282 A#31 and B#5 = 540.134
ROUND 283 A#32 and B#5 = 494.095
ROUND 284 A#33 and B#5 = 494.345
ROUND 285 A#34 and B#5 = 511.813
ROUND 286 A#35 and B#5 = 510.282
ROUND 287 A#36 and B#5 = 553.897
ROUND 288 A#37 and B#5 = 498.445
ROUND 289 A#38 and B#5 = 502.024
ROUND 290 A#39 and B#5 = 507.72
ROUND 291 A#40 and B#5 = 484.327
ROUND 292 A#41 and B#5 = 489.559
ROUND 293 A#42 and B#5 = 533.583
ROUND 294 A#43 and B#5 = 506.235
ROUND 295 A#44 and B#5 = 536.089
ROUND 296 A#45 and B#5 = 467.106
ROUND 297 A#46 and B#5 = 496.357
ROUND 298 A#47 and B#5 = 472.491
ROUND 299 A#48 and B#5 = 504.059
ROUND 300 A#49 and B#5 = 540.911
ROUND 301 A#0 and B#6 = 411.854
ROUND 302 A#1 and B#6 = 529.292
ROUND 303 A#2 and B#6 = 537.421
ROUND 304 A#3 and B#6 = 533.384
ROUND 305 A#4 and B#6 = 513.82
ROUND 306 A#5 and B#6 = 489.119
ROUND 307 A#6 and B#6 = 526.844
ROUND 308 A#7 and B#6 = 545.847
ROUND 309 A#8 and B#6 = 530.829
ROUND 310 A#9 and B#6 = 491.098
ROUND 311 A#10 and B#6 = 526.874
ROUND 312 A#11 and B#6 = 523.025
ROUND 313 A#12 and B#6 = 522.176
ROUND 314 A#13 and B#6 = 529.1
ROUND 315 A#14 and B#6 = 531.033
ROUND 316 A#15 and B#6 = 521.549
ROUND 317 A#16 and B#6 = 516.527
ROUND 318 A#17 and B#6 = 521.934
ROUND 319 A#18 and B#6 = 512.659
ROUND 320 A#19 and B#6 = 506.484
ROUND 321 A#20 and B#6 = 528.279
ROUND 322 A#21 and B#6 = 526.282
ROUND 323 A#22 and B#6 = 502.015
ROUND 324 A#23 and B#6 = 526.115
ROUND 325 A#24 and B#6 = 531.836
ROUND 326 A#25 and B#6 = 544.44
ROUND 327 A#26 and B#6 = 528.983
ROUND 328 A#27 and B#6 = 500.91
ROUND 329 A#28 and B#6 = 528.769
ROUND 330 A#29 and B#6 = 531.079
ROUND 331 A#30 and B#6 = 534.519
ROUND 332 A#31 and B#6 = 519.961
ROUND 333 A#32 and B#6 = 500.993
ROUND 334 A#33 and B#6 = 506.521
ROUND 335 A#34 and B#6 = 515.645
ROUND 336 A#35 and B#6 = 509.483
ROUND 337 A#36 and B#6 = 525.857
ROUND 338 A#37 and B#6 = 509.667
ROUND 339 A#38 and B#6 = 531.341
ROUND 340 A#39 and B#6 = 536.532
ROUND 341 A#40 and B#6 = 503.443
ROUND 342 A#41 and B#6 = 517.417
ROUND 343 A#42 and B#6 = 490.558
ROUND 344 A#43 and B#6 = 521.141
ROUND 345 A#44 and B#6 = 534.667
ROUND 346 A#45 and B#6 = 508.561
ROUND 347 A#46 and B#6 = 504.838
ROUND 348 A#47 and B#6 = 514.285
ROUND 349 A#48 and B#6 = 532.471
ROUND 350 A#49 and B#6 = 530.731
ROUND 351 A#0 and B#7 = 515.724
ROUND 352 A#1 and B#7 = 518.117
ROUND 353 A#2 and B#7 = 450.888
ROUND 354 A#3 and B#7 = 454.825
ROUND 355 A#4 and B#7 = 485.13
ROUND 356 A#5 and B#7 = 527.807
ROUND 357 A#6 and B#7 = 531.861
ROUND 358 A#7 and B#7 = 526.881
ROUND 359 A#8 and B#7 = 482.336
ROUND 360 A#9 and B#7 = 447.096
ROUND 361 A#10 and B#7 = 536.808
ROUND 362 A#11 and B#7 = 530.825
ROUND 363 A#12 and B#7 = 533.96
ROUND 364 A#13 and B#7 = 534.946
ROUND 365 A#14 and B#7 = 536.379
ROUND 366 A#15 and B#7 = 534.34
ROUND 367 A#16 and B#7 = 535.169
ROUND 368 A#17 and B#7 = 533.496
ROUND 369 A#18 and B#7 = 534.028
ROUND 370 A#19 and B#7 = 498.205
ROUND 371 A#20 and B#7 = 545.29
ROUND 372 A#21 and B#7 = 564.086
ROUND 373 A#22 and B#7 = 518.912
ROUND 374 A#23 and B#7 = 564.414
ROUND 375 A#24 and B#7 = 542.916
ROUND 376 A#25 and B#7 = 514.405
ROUND 377 A#26 and B#7 = 534.978
ROUND 378 A#27 and B#7 = 521.266
ROUND 379 A#28 and B#7 = 536.017
ROUND 380 A#29 and B#7 = 533.097
ROUND 381 A#30 and B#7 = 531.771
ROUND 382 A#31 and B#7 = 534.388
ROUND 383 A#32 and B#7 = 480.932
ROUND 384 A#33 and B#7 = 458.257
ROUND 385 A#34 and B#7 = 534.342
ROUND 386 A#35 and B#7 = 461.572
ROUND 387 A#36 and B#7 = 533.553
ROUND 388 A#37 and B#7 = 533.944
ROUND 389 A#38 and B#7 = 527.365
ROUND 390 A#39 and B#7 = 529.581
ROUND 391 A#40 and B#7 = 524.475
ROUND 392 A#41 and B#7 = 549.932
ROUND 393 A#42 and B#7 = 521.584
ROUND 394 A#43 and B#7 = 547.839
ROUND 395 A#44 and B#7 = 547.91
ROUND 396 A#45 and B#7 = 481.905
ROUND 397 A#46 and B#7 = 536.644
ROUND 398 A#47 and B#7 = 487.169
ROUND 399 A#48 and B#7 = 525.903
ROUND 400 A#49 and B#7 = 496.993
ROUND 401 A#0 and B#8 = 446.076
ROUND 402 A#1 and B#8 = 477.55
ROUND 403 A#2 and B#8 = 471.439
ROUND 404 A#3 and B#8 = 474.093
ROUND 405 A#4 and B#8 = 460.288
ROUND 406 A#5 and B#8 = 532.31
ROUND 407 A#6 and B#8 = 507.603
ROUND 408 A#7 and B#8 = 465.124
ROUND 409 A#8 and B#8 = 477.092
ROUND 410 A#9 and B#8 = 492.119
ROUND 411 A#10 and B#8 = 460.816
ROUND 412 A#11 and B#8 = 433.544
ROUND 413 A#12 and B#8 = 436.884
ROUND 414 A#13 and B#8 = 458.499
ROUND 415 A#14 and B#8 = 464.301
ROUND 416 A#15 and B#8 = 437.212
ROUND 417 A#16 and B#8 = 434.132
ROUND 418 A#17 and B#8 = 437.051
ROUND 419 A#18 and B#8 = 428.549
ROUND 420 A#19 and B#8 = 462.072
ROUND 421 A#20 and B#8 = 531.658
ROUND 422 A#21 and B#8 = 448.194
ROUND 423 A#22 and B#8 = 451.271
ROUND 424 A#23 and B#8 = 448.338
ROUND 425 A#24 and B#8 = 489.296
ROUND 426 A#25 and B#8 = 465.312
ROUND 427 A#26 and B#8 = 461.324
ROUND 428 A#27 and B#8 = 454.007
ROUND 429 A#28 and B#8 = 460.831
ROUND 430 A#29 and B#8 = 458.547
ROUND 431 A#30 and B#8 = 446.655
ROUND 432 A#31 and B#8 = 388.79
ROUND 433 A#32 and B#8 = 452.785
ROUND 434 A#33 and B#8 = 508.704
ROUND 435 A#34 and B#8 = 453.992
ROUND 436 A#35 and B#8 = 503.52
ROUND 437 A#36 and B#8 = 480.57
ROUND 438 A#37 and B#8 = 458.93
ROUND 439 A#38 and B#8 = 461.796
ROUND 440 A#39 and B#8 = 461.265
ROUND 441 A#40 and B#8 = 521.292
ROUND 442 A#41 and B#8 = 452.799
ROUND 443 A#42 and B#8 = 409.371
ROUND 444 A#43 and B#8 = 521.08
ROUND 445 A#44 and B#8 = 515.15
ROUND 446 A#45 and B#8 = 461.904
ROUND 447 A#46 and B#8 = 546.125
ROUND 448 A#47 and B#8 = 472.131
ROUND 449 A#48 and B#8 = 466.496
ROUND 450 A#49 and B#8 = 472.06
ROUND 451 A#0 and B#9 = 445.41
ROUND 452 A#1 and B#9 = 433.61
ROUND 453 A#2 and B#9 = 471.052
ROUND 454 A#3 and B#9 = 473.773
ROUND 455 A#4 and B#9 = 463.287
ROUND 456 A#5 and B#9 = 533.26
ROUND 457 A#6 and B#9 = 509.998
ROUND 458 A#7 and B#9 = 464.205
ROUND 459 A#8 and B#9 = 477.116
ROUND 460 A#9 and B#9 = 496.719
ROUND 461 A#10 and B#9 = 466.364
ROUND 462 A#11 and B#9 = 435.086
ROUND 463 A#12 and B#9 = 438.291
ROUND 464 A#13 and B#9 = 463.878
ROUND 465 A#14 and B#9 = 468.988
ROUND 466 A#15 and B#9 = 438.598
ROUND 467 A#16 and B#9 = 436.772
ROUND 468 A#17 and B#9 = 438.477
ROUND 469 A#18 and B#9 = 432.802
ROUND 470 A#19 and B#9 = 466.271
ROUND 471 A#20 and B#9 = 505.978
ROUND 472 A#21 and B#9 = 447.596
ROUND 473 A#22 and B#9 = 455.556
ROUND 474 A#23 and B#9 = 447.758
ROUND 475 A#24 and B#9 = 488.827
ROUND 476 A#25 and B#9 = 464.717
ROUND 477 A#26 and B#9 = 463.304
ROUND 478 A#27 and B#9 = 458.217
ROUND 479 A#28 and B#9 = 462.608
ROUND 480 A#29 and B#9 = 460.317
ROUND 481 A#30 and B#9 = 453.258
ROUND 482 A#31 and B#9 = 414.303
ROUND 483 A#32 and B#9 = 454.568
ROUND 484 A#33 and B#9 = 508.802
ROUND 485 A#34 and B#9 = 454.297
ROUND 486 A#35 and B#9 = 507.157
ROUND 487 A#36 and B#9 = 480.558
ROUND 488 A#37 and B#9 = 457.38
ROUND 489 A#38 and B#9 = 462.347
ROUND 490 A#39 and B#9 = 463.405
ROUND 491 A#40 and B#9 = 522.808
ROUND 492 A#41 and B#9 = 456.766
ROUND 493 A#42 and B#9 = 413.005
ROUND 494 A#43 and B#9 = 446.483
ROUND 495 A#44 and B#9 = 500.273
ROUND 496 A#45 and B#9 = 463.034
ROUND 497 A#46 and B#9 = 466.13
ROUND 498 A#47 and B#9 = 473.618
ROUND 499 A#48 and B#9 = 467.872
ROUND 500 A#49 and B#9 = 470.921
ROUND 501 A#0 and B#10 = 579.914
ROUND 502 A#1 and B#10 = 569.921
ROUND 503 A#2 and B#10 = 501.673
ROUND 504 A#3 and B#10 = 493.603
ROUND 505 A#4 and B#10 = 515.031
ROUND 506 A#5 and B#10 = 505.335
ROUND 507 A#6 and B#10 = 476.481
ROUND 508 A#7 and B#10 = 491.473
ROUND 509 A#8 and B#10 = 480.842
ROUND 510 A#9 and B#10 = 506.415
ROUND 511 A#10 and B#10 = 492.447
ROUND 512 A#11 and B#10 = 510.466
ROUND 513 A#12 and B#10 = 546.624
ROUND 514 A#13 and B#10 = 490.429
ROUND 515 A#14 and B#10 = 489.847
ROUND 516 A#15 and B#10 = 547.145
ROUND 517 A#16 and B#10 = 550.431
ROUND 518 A#17 and B#10 = 546.058
ROUND 519 A#18 and B#10 = 554.326
ROUND 520 A#19 and B#10 = 551.817
ROUND 521 A#20 and B#10 = 507.104
ROUND 522 A#21 and B#10 = 556.343
ROUND 523 A#22 and B#10 = 560.599
ROUND 524 A#23 and B#10 = 556.565
ROUND 525 A#24 and B#10 = 546.67
ROUND 526 A#25 and B#10 = 577.86
ROUND 527 A#26 and B#10 = 498.557
ROUND 528 A#27 and B#10 = 560.74
ROUND 529 A#28 and B#10 = 506.595
ROUND 530 A#29 and B#10 = 501.675
ROUND 531 A#30 and B#10 = 532.096
ROUND 532 A#31 and B#10 = 564.267
ROUND 533 A#32 and B#10 = 505.691
ROUND 534 A#33 and B#10 = 502.577
ROUND 535 A#34 and B#10 = 524.754
ROUND 536 A#35 and B#10 = 560.336
ROUND 537 A#36 and B#10 = 522.879
ROUND 538 A#37 and B#10 = 512.667
ROUND 539 A#38 and B#10 = 512.364
ROUND 540 A#39 and B#10 = 529.633
ROUND 541 A#40 and B#10 = 474.917
ROUND 542 A#41 and B#10 = 504.379
ROUND 543 A#42 and B#10 = 552.416
ROUND 544 A#43 and B#10 = 517.153
ROUND 545 A#44 and B#10 = 545.335
ROUND 546 A#45 and B#10 = 496.858
ROUND 547 A#46 and B#10 = 512.475
ROUND 548 A#47 and B#10 = 500.615
ROUND 549 A#48 and B#10 = 526.116
ROUND 550 A#49 and B#10 = 565.317
ROUND 551 A#0 and B#11 = 560.429
ROUND 552 A#1 and B#11 = 519.197
ROUND 553 A#2 and B#11 = 461.234
ROUND 554 A#3 and B#11 = 464.991
ROUND 555 A#4 and B#11 = 486.694
ROUND 556 A#5 and B#11 = 529.368
ROUND 557 A#6 and B#11 = 534.778
ROUND 558 A#7 and B#11 = 545.332
ROUND 559 A#8 and B#11 = 483.45
ROUND 560 A#9 and B#11 = 446.452
ROUND 561 A#10 and B#11 = 536.761
ROUND 562 A#11 and B#11 = 535.186
ROUND 563 A#12 and B#11 = 538.738
ROUND 564 A#13 and B#11 = 534.925
ROUND 565 A#14 and B#11 = 536.281
ROUND 566 A#15 and B#11 = 539.1
ROUND 567 A#16 and B#11 = 539.874
ROUND 568 A#17 and B#11 = 538.414
ROUND 569 A#18 and B#11 = 538.674
ROUND 570 A#19 and B#11 = 498.759
ROUND 571 A#20 and B#11 = 546.809
ROUND 572 A#21 and B#11 = 566.897
ROUND 573 A#22 and B#11 = 543.713
ROUND 574 A#23 and B#11 = 567.23
ROUND 575 A#24 and B#11 = 541.809
ROUND 576 A#25 and B#11 = 513.167
ROUND 577 A#26 and B#11 = 534.916
ROUND 578 A#27 and B#11 = 544.366
ROUND 579 A#28 and B#11 = 536.113
ROUND 580 A#29 and B#11 = 533.16
ROUND 581 A#30 and B#11 = 529.364
ROUND 582 A#31 and B#11 = 538.991
ROUND 583 A#32 and B#11 = 476.505
ROUND 584 A#33 and B#11 = 461.394
ROUND 585 A#34 and B#11 = 536.227
ROUND 586 A#35 and B#11 = 460.04
ROUND 587 A#36 and B#11 = 533.459
ROUND 588 A#37 and B#11 = 536.19
ROUND 589 A#38 and B#11 = 533.045
ROUND 590 A#39 and B#11 = 539.197
ROUND 591 A#40 and B#11 = 526.098
ROUND 592 A#41 and B#11 = 551.582
ROUND 593 A#42 and B#11 = 521.12
ROUND 594 A#43 and B#11 = 549.594
ROUND 595 A#44 and B#11 = 546.537
ROUND 596 A#45 and B#11 = 489.348
ROUND 597 A#46 and B#11 = 538.778
ROUND 598 A#47 and B#11 = 488.096
ROUND 599 A#48 and B#11 = 541.669
ROUND 600 A#49 and B#11 = 498.508
ROUND 601 A#0 and B#12 = 498.435
ROUND 602 A#1 and B#12 = 538.795
ROUND 603 A#2 and B#12 = 531.806
ROUND 604 A#3 and B#12 = 527.436
ROUND 605 A#4 and B#12 = 504.945
ROUND 606 A#5 and B#12 = 523.63
ROUND 607 A#6 and B#12 = 529.827
ROUND 608 A#7 and B#12 = 448.982
ROUND 609 A#8 and B#12 = 471.507
ROUND 610 A#9 and B#12 = 521.554
ROUND 611 A#10 and B#12 = 569.289
ROUND 612 A#11 and B#12 = 565.239
ROUND 613 A#12 and B#12 = 569.008
ROUND 614 A#13 and B#12 = 570.53
ROUND 615 A#14 and B#12 = 569.293
ROUND 616 A#15 and B#12 = 569.085
ROUND 617 A#16 and B#12 = 569.222
ROUND 618 A#17 and B#12 = 568.962
ROUND 619 A#18 and B#12 = 566.067
ROUND 620 A#19 and B#12 = 504.909
ROUND 621 A#20 and B#12 = 560.114
ROUND 622 A#21 and B#12 = 468.72
ROUND 623 A#22 and B#12 = 508.204
ROUND 624 A#23 and B#12 = 468.834
ROUND 625 A#24 and B#12 = 522.575
ROUND 626 A#25 and B#12 = 487.72
ROUND 627 A#26 and B#12 = 551.927
ROUND 628 A#27 and B#12 = 507.819
ROUND 629 A#28 and B#12 = 553.708
ROUND 630 A#29 and B#12 = 553.252
ROUND 631 A#30 and B#12 = 533.339
ROUND 632 A#31 and B#12 = 547.483
ROUND 633 A#32 and B#12 = 488.11
ROUND 634 A#33 and B#12 = 500.89
ROUND 635 A#34 and B#12 = 593.795
ROUND 636 A#35 and B#12 = 446.956
ROUND 637 A#36 and B#12 = 577.059
ROUND 638 A#37 and B#12 = 499.133
ROUND 639 A#38 and B#12 = 501.126
ROUND 640 A#39 and B#12 = 505.905
ROUND 641 A#40 and B#12 = 496.753
ROUND 642 A#41 and B#12 = 571.33
ROUND 643 A#42 and B#12 = 523.433
ROUND 644 A#43 and B#12 = 598.021
ROUND 645 A#44 and B#12 = 544.915
ROUND 646 A#45 and B#12 = 481.347
ROUND 647 A#46 and B#12 = 495.965
ROUND 648 A#47 and B#12 = 484.875
ROUND 649 A#48 and B#12 = 500.845
ROUND 650 A#49 and B#12 = 475.425
ROUND 651 A#0 and B#13 = 543.094
ROUND 652 A#1 and B#13 = 538.74
ROUND 653 A#2 and B#13 = 495.43
ROUND 654 A#3 and B#13 = 500.777
ROUND 655 A#4 and B#13 = 553.697
ROUND 656 A#5 and B#13 = 552.676
ROUND 657 A#6 and B#13 = 544.207
ROUND 658 A#7 and B#13 = 540.04
ROUND 659 A#8 and B#13 = 486.877
ROUND 660 A#9 and B#13 = 499.698
ROUND 661 A#10 and B#13 = 541.537
ROUND 662 A#11 and B#13 = 532.189
ROUND 663 A#12 and B#13 = 534.147
ROUND 664 A#13 and B#13 = 538.932
ROUND 665 A#14 and B#13 = 546.208
ROUND 666 A#15 and B#13 = 534.458
ROUND 667 A#16 and B#13 = 534.355
ROUND 668 A#17 and B#13 = 534.175
ROUND 669 A#18 and B#13 = 534.569
ROUND 670 A#19 and B#13 = 505.429
ROUND 671 A#20 and B#13 = 537.001
ROUND 672 A#21 and B#13 = 495.291
ROUND 673 A#22 and B#13 = 540.183
ROUND 674 A#23 and B#13 = 495.212
ROUND 675 A#24 and B#13 = 533.4
ROUND 676 A#25 and B#13 = 527.11
ROUND 677 A#26 and B#13 = 538.683
ROUND 678 A#27 and B#13 = 541.766
ROUND 679 A#28 and B#13 = 532.12
ROUND 680 A#29 and B#13 = 527.45
ROUND 681 A#30 and B#13 = 483.156
ROUND 682 A#31 and B#13 = 533.943
ROUND 683 A#32 and B#13 = 550.02
ROUND 684 A#33 and B#13 = 496.221
ROUND 685 A#34 and B#13 = 507.798
ROUND 686 A#35 and B#13 = 500.291
ROUND 687 A#36 and B#13 = 505.244
ROUND 688 A#37 and B#13 = 538.779
ROUND 689 A#38 and B#13 = 543.082
ROUND 690 A#39 and B#13 = 531.038
ROUND 691 A#40 and B#13 = 510.02
ROUND 692 A#41 and B#13 = 517.879
ROUND 693 A#42 and B#13 = 480.913
ROUND 694 A#43 and B#13 = 507.783
ROUND 695 A#44 and B#13 = 572.19
ROUND 696 A#45 and B#13 = 549.505
ROUND 697 A#46 and B#13 = 524.863
ROUND 698 A#47 and B#13 = 541.504
ROUND 699 A#48 and B#13 = 534.977
ROUND 700 A#49 and B#13 = 522.495
ROUND 701 A#0 and B#14 = 569.323
ROUND 702 A#1 and B#14 = 571.12
ROUND 703 A#2 and B#14 = 514.757
ROUND 704 A#3 and B#14 = 513.392
ROUND 705 A#4 and B#14 = 511.335
ROUND 706 A#5 and B#14 = 503.038
ROUND 707 A#6 and B#14 = 512.503
ROUND 708 A#7 and B#14 = 567.971
ROUND 709 A#8 and B#14 = 482.34
ROUND 710 A#9 and B#14 = 538.822
ROUND 711 A#10 and B#14 = 490.696
ROUND 712 A#11 and B#14 = 511.807
ROUND 713 A#12 and B#14 = 515.368
ROUND 714 A#13 and B#14 = 488.432
ROUND 715 A#14 and B#14 = 489.721
ROUND 716 A#15 and B#14 = 515.217
ROUND 717 A#16 and B#14 = 512.519
ROUND 718 A#17 and B#14 = 514.102
ROUND 719 A#18 and B#14 = 508.376
ROUND 720 A#19 and B#14 = 544.149
ROUND 721 A#20 and B#14 = 509.703
ROUND 722 A#21 and B#14 = 552.953
ROUND 723 A#22 and B#14 = 547.333
ROUND 724 A#23 and B#14 = 553.292
ROUND 725 A#24 and B#14 = 540.071
ROUND 726 A#25 and B#14 = 577.233
ROUND 727 A#26 and B#14 = 496.09
ROUND 728 A#27 and B#14 = 547.183
ROUND 729 A#28 and B#14 = 504.288
ROUND 730 A#29 and B#14 = 499.124
ROUND 731 A#30 and B#14 = 531.194
ROUND 732 A#31 and B#14 = 514.585
ROUND 733 A#32 and B#14 = 497.404
ROUND 734 A#33 and B#14 = 500.198
ROUND 735 A#34 and B#14 = 521.455
ROUND 736 A#35 and B#14 = 554.454
ROUND 737 A#36 and B#14 = 524.869
ROUND 738 A#37 and B#14 = 513.128
ROUND 739 A#38 and B#14 = 514.324
ROUND 740 A#39 and B#14 = 527.121
ROUND 741 A#40 and B#14 = 478.529
ROUND 742 A#41 and B#14 = 499.939
ROUND 743 A#42 and B#14 = 547.26
ROUND 744 A#43 and B#14 = 517.689
ROUND 745 A#44 and B#14 = 540.263
ROUND 746 A#45 and B#14 = 484.918
ROUND 747 A#46 and B#14 = 510.296
ROUND 748 A#47 and B#14 = 486.212
ROUND 749 A#48 and B#14 = 522.806
ROUND 750 A#49 and B#14 = 559.296
ROUND 751 A#0 and B#15 = 414.286
ROUND 752 A#1 and B#15 = 526.599
ROUND 753 A#2 and B#15 = 541.574
ROUND 754 A#3 and B#15 = 537.429
ROUND 755 A#4 and B#15 = 514.395
ROUND 756 A#5 and B#15 = 486.414
ROUND 757 A#6 and B#15 = 526.144
ROUND 758 A#7 and B#15 = 550.419
ROUND 759 A#8 and B#15 = 528.66
ROUND 760 A#9 and B#15 = 496.841
ROUND 761 A#10 and B#15 = 526.463
ROUND 762 A#11 and B#15 = 524.394
ROUND 763 A#12 and B#15 = 523.467
ROUND 764 A#13 and B#15 = 528.787
ROUND 765 A#14 and B#15 = 530.273
ROUND 766 A#15 and B#15 = 522.927
ROUND 767 A#16 and B#15 = 518.091
ROUND 768 A#17 and B#15 = 523.307
ROUND 769 A#18 and B#15 = 514.33
ROUND 770 A#19 and B#15 = 508.258
ROUND 771 A#20 and B#15 = 527.233
ROUND 772 A#21 and B#15 = 527.162
ROUND 773 A#22 and B#15 = 511.089
ROUND 774 A#23 and B#15 = 527.032
ROUND 775 A#24 and B#15 = 529.426
ROUND 776 A#25 and B#15 = 544.842
ROUND 777 A#26 and B#15 = 528.792
ROUND 778 A#27 and B#15 = 510.504
ROUND 779 A#28 and B#15 = 527.81
ROUND 780 A#29 and B#15 = 530.487
ROUND 781 A#30 and B#15 = 534.929
ROUND 782 A#31 and B#15 = 520.782
ROUND 783 A#32 and B#15 = 507.467
ROUND 784 A#33 and B#15 = 508.6
ROUND 785 A#34 and B#15 = 514.371
ROUND 786 A#35 and B#15 = 509.242
ROUND 787 A#36 and B#15 = 526.436
ROUND 788 A#37 and B#15 = 524.005
ROUND 789 A#38 and B#15 = 530.978
ROUND 790 A#39 and B#15 = 536.929
ROUND 791 A#40 and B#15 = 500.482
ROUND 792 A#41 and B#15 = 515.258
ROUND 793 A#42 and B#15 = 535.1
ROUND 794 A#43 and B#15 = 519.977
ROUND 795 A#44 and B#15 = 535.28
ROUND 796 A#45 and B#15 = 515.589
ROUND 797 A#46 and B#15 = 514.519
ROUND 798 A#47 and B#15 = 518.584
ROUND 799 A#48 and B#15 = 532.753
ROUND 800 A#49 and B#15 = 531.326
ROUND 801 A#0 and B#16 = 526.627
ROUND 802 A#1 and B#16 = 552.75
ROUND 803 A#2 and B#16 = 479.737
ROUND 804 A#3 and B#16 = 483.528
ROUND 805 A#4 and B#16 = 519.833
ROUND 806 A#5 and B#16 = 490.528
ROUND 807 A#6 and B#16 = 504.199
ROUND 808 A#7 and B#16 = 522.52
ROUND 809 A#8 and B#16 = 485.873
ROUND 810 A#9 and B#16 = 488.019
ROUND 811 A#10 and B#16 = 545.454
ROUND 812 A#11 and B#16 = 544.135
ROUND 813 A#12 and B#16 = 547.199
ROUND 814 A#13 and B#16 = 543.014
ROUND 815 A#14 and B#16 = 549.632
ROUND 816 A#15 and B#16 = 546.974
ROUND 817 A#16 and B#16 = 542.945
ROUND 818 A#17 and B#16 = 545.506
ROUND 819 A#18 and B#16 = 538.687
ROUND 820 A#19 and B#16 = 472.575
ROUND 821 A#20 and B#16 = 538.443
ROUND 822 A#21 and B#16 = 486.212
ROUND 823 A#22 and B#16 = 513.298
ROUND 824 A#23 and B#16 = 486.18
ROUND 825 A#24 and B#16 = 548.866
ROUND 826 A#25 and B#16 = 547.299
ROUND 827 A#26 and B#16 = 545.06
ROUND 828 A#27 and B#16 = 514.692
ROUND 829 A#28 and B#16 = 549.659
ROUND 830 A#29 and B#16 = 543.864
ROUND 831 A#30 and B#16 = 546.858
ROUND 832 A#31 and B#16 = 547.935
ROUND 833 A#32 and B#16 = 518.566
ROUND 834 A#33 and B#16 = 491.651
ROUND 835 A#34 and B#16 = 548.338
ROUND 836 A#35 and B#16 = 500.672
ROUND 837 A#36 and B#16 = 535.543
ROUND 838 A#37 and B#16 = 516.314
ROUND 839 A#38 and B#16 = 517.962
ROUND 840 A#39 and B#16 = 526.977
ROUND 841 A#40 and B#16 = 483.716
ROUND 842 A#41 and B#16 = 541.322
ROUND 843 A#42 and B#16 = 485.771
ROUND 844 A#43 and B#16 = 542.922
ROUND 845 A#44 and B#16 = 546.697
ROUND 846 A#45 and B#16 = 516.575
ROUND 847 A#46 and B#16 = 535.438
ROUND 848 A#47 and B#16 = 511.226
ROUND 849 A#48 and B#16 = 524.777
ROUND 850 A#49 and B#16 = 485.797
ROUND 851 A#0 and B#17 = 468.545
ROUND 852 A#1 and B#17 = 452.316
ROUND 853 A#2 and B#17 = 533.326
ROUND 854 A#3 and B#17 = 528.977
ROUND 855 A#4 and B#17 = 508.599
ROUND 856 A#5 and B#17 = 521.414
ROUND 857 A#6 and B#17 = 527.739
ROUND 858 A#7 and B#17 = 441.632
ROUND 859 A#8 and B#17 = 470.52
ROUND 860 A#9 and B#17 = 524.537
ROUND 861 A#10 and B#17 = 424.591
ROUND 862 A#11 and B#17 = 438.87
ROUND 863 A#12 and B#17 = 440.474
ROUND 864 A#13 and B#17 = 422.829
ROUND 865 A#14 and B#17 = 425.855
ROUND 866 A#15 and B#17 = 440.663
ROUND 867 A#16 and B#17 = 439.757
ROUND 868 A#17 and B#17 = 439.787
ROUND 869 A#18 and B#17 = 438.927
ROUND 870 A#19 and B#17 = 505.081
ROUND 871 A#20 and B#17 = 404.611
ROUND 872 A#21 and B#17 = 463.363
ROUND 873 A#22 and B#17 = 458.026
ROUND 874 A#23 and B#17 = 463.515
ROUND 875 A#24 and B#17 = 518.812
ROUND 876 A#25 and B#17 = 527.112
ROUND 877 A#26 and B#17 = 424.114
ROUND 878 A#27 and B#17 = 461.427
ROUND 879 A#28 and B#17 = 424.281
ROUND 880 A#29 and B#17 = 422.247
ROUND 881 A#30 and B#17 = 530.325
ROUND 882 A#31 and B#17 = 439.314
ROUND 883 A#32 and B#17 = 489.802
ROUND 884 A#33 and B#17 = 505.191
ROUND 885 A#34 and B#17 = 441.077
ROUND 886 A#35 and B#17 = 501.716
ROUND 887 A#36 and B#17 = 572.733
ROUND 888 A#37 and B#17 = 419.075
ROUND 889 A#38 and B#17 = 500.53
ROUND 890 A#39 and B#17 = 503.625
ROUND 891 A#40 and B#17 = 494.206
ROUND 892 A#41 and B#17 = 417.913
ROUND 893 A#42 and B#17 = 523.365
ROUND 894 A#43 and B#17 = 435.316
ROUND 895 A#44 and B#17 = 541.563
ROUND 896 A#45 and B#17 = 484.582
ROUND 897 A#46 and B#17 = 564.723
ROUND 898 A#47 and B#17 = 489.621
ROUND 899 A#48 and B#17 = 499.383
ROUND 900 A#49 and B#17 = 462.665
ROUND 901 A#0 and B#18 = 504.477
ROUND 902 A#1 and B#18 = 518.804
ROUND 903 A#2 and B#18 = 479.187
ROUND 904 A#3 and B#18 = 475.652
ROUND 905 A#4 and B#18 = 448.55
ROUND 906 A#5 and B#18 = 461.433
ROUND 907 A#6 and B#18 = 536.687
ROUND 908 A#7 and B#18 = 480.088
ROUND 909 A#8 and B#18 = 540.272
ROUND 910 A#9 and B#18 = 457.697
ROUND 911 A#10 and B#18 = 456.658
ROUND 912 A#11 and B#18 = 527.219
ROUND 913 A#12 and B#18 = 527.066
ROUND 914 A#13 and B#18 = 457.419
ROUND 915 A#14 and B#18 = 454.87
ROUND 916 A#15 and B#18 = 527.311
ROUND 917 A#16 and B#18 = 529.716
ROUND 918 A#17 and B#18 = 527.009
ROUND 919 A#18 and B#18 = 531.021
ROUND 920 A#19 and B#18 = 520.504
ROUND 921 A#20 and B#18 = 579.78
ROUND 922 A#21 and B#18 = 572.385
ROUND 923 A#22 and B#18 = 566.634
ROUND 924 A#23 and B#18 = 572.503
ROUND 925 A#24 and B#18 = 578.305
ROUND 926 A#25 and B#18 = 524.583
ROUND 927 A#26 and B#18 = 453.281
ROUND 928 A#27 and B#18 = 568.441
ROUND 929 A#28 and B#18 = 454.572
ROUND 930 A#29 and B#18 = 454.17
ROUND 931 A#30 and B#18 = 496.771
ROUND 932 A#31 and B#18 = 527.577
ROUND 933 A#32 and B#18 = 419.163
ROUND 934 A#33 and B#18 = 455.697
ROUND 935 A#34 and B#18 = 488.179
ROUND 936 A#35 and B#18 = 537.095
ROUND 937 A#36 and B#18 = 514.435
ROUND 938 A#37 and B#18 = 469.506
ROUND 939 A#38 and B#18 = 472.697
ROUND 940 A#39 and B#18 = 462.969
ROUND 941 A#40 and B#18 = 567.745
ROUND 942 A#41 and B#18 = 458.976
ROUND 943 A#42 and B#18 = 540.538
ROUND 944 A#43 and B#18 = 471.038
ROUND 945 A#44 and B#18 = 488.441
ROUND 946 A#45 and B#18 = 433.79
ROUND 947 A#46 and B#18 = 466.044
ROUND 948 A#47 and B#18 = 424.216
ROUND 949 A#48 and B#18 = 459.816
ROUND 950 A#49 and B#18 = 539.127
ROUND 951 A#0 and B#19 = 560.469
ROUND 952 A#1 and B#19 = 527.392
ROUND 953 A#2 and B#19 = 538.968
ROUND 954 A#3 and B#19 = 535.551
ROUND 955 A#4 and B#19 = 512.931
ROUND 956 A#5 and B#19 = 545.969
ROUND 957 A#6 and B#19 = 521.162
ROUND 958 A#7 and B#19 = 536.937
ROUND 959 A#8 and B#19 = 550.717
ROUND 960 A#9 and B#19 = 497.15
ROUND 961 A#10 and B#19 = 525.768
ROUND 962 A#11 and B#19 = 508.77
ROUND 963 A#12 and B#19 = 507.559
ROUND 964 A#13 and B#19 = 512.89
ROUND 965 A#14 and B#19 = 531.096
ROUND 966 A#15 and B#19 = 506.835
ROUND 967 A#16 and B#19 = 500.84
ROUND 968 A#17 and B#19 = 506.977
ROUND 969 A#18 and B#19 = 496.576
ROUND 970 A#19 and B#19 = 501.263
ROUND 971 A#20 and B#19 = 509.012
ROUND 972 A#21 and B#19 = 519.653
ROUND 973 A#22 and B#19 = 506.082
ROUND 974 A#23 and B#19 = 519.502
ROUND 975 A#24 and B#19 = 513.335
ROUND 976 A#25 and B#19 = 541.112
ROUND 977 A#26 and B#19 = 528.535
ROUND 978 A#27 and B#19 = 485.775
ROUND 979 A#28 and B#19 = 529.975
ROUND 980 A#29 and B#19 = 526.687
ROUND 981 A#30 and B#19 = 524.422
ROUND 982 A#31 and B#19 = 505.168
ROUND 983 A#32 and B#19 = 508.036
ROUND 984 A#33 and B#19 = 513.267
ROUND 985 A#34 and B#19 = 497.679
ROUND 986 A#35 and B#19 = 524.146
ROUND 987 A#36 and B#19 = 516.093
ROUND 988 A#37 and B#19 = 513.086
ROUND 989 A#38 and B#19 = 523.269
ROUND 990 A#39 and B#19 = 530.69
ROUND 991 A#40 and B#19 = 482.709
ROUND 992 A#41 and B#19 = 498.262
ROUND 993 A#42 and B#19 = 477.796
ROUND 994 A#43 and B#19 = 501.658
ROUND 995 A#44 and B#19 = 526.438
ROUND 996 A#45 and B#19 = 509.242
ROUND 997 A#46 and B#19 = 502.294
ROUND 998 A#47 and B#19 = 503.645
ROUND 999 A#48 and B#19 = 524.638
ROUND 1000 A#49 and B#19 = 524.734
ROUND 1001 A#0 and B#20 = 570.922
ROUND 1002 A#1 and B#20 = 571.711
ROUND 1003 A#2 and B#20 = 502.597
ROUND 1004 A#3 and B#20 = 494.317
ROUND 1005 A#4 and B#20 = 515.789
ROUND 1006 A#5 and B#20 = 506.843
ROUND 1007 A#6 and B#20 = 477.5
ROUND 1008 A#7 and B#20 = 492.294
ROUND 1009 A#8 and B#20 = 480.766
ROUND 1010 A#9 and B#20 = 506.785
ROUND 1011 A#10 and B#20 = 495.646
ROUND 1012 A#11 and B#20 = 510.288
ROUND 1013 A#12 and B#20 = 513.948
ROUND 1014 A#13 and B#20 = 493.946
ROUND 1015 A#14 and B#20 = 493.6
ROUND 1016 A#15 and B#20 = 513.77
ROUND 1017 A#16 and B#20 = 554.289
ROUND 1018 A#17 and B#20 = 550.466
ROUND 1019 A#18 and B#20 = 557.909
ROUND 1020 A#19 and B#20 = 552.245
ROUND 1021 A#20 and B#20 = 502.129
ROUND 1022 A#21 and B#20 = 556.969
ROUND 1023 A#22 and B#20 = 550.368
ROUND 1024 A#23 and B#20 = 557.148
ROUND 1025 A#24 and B#20 = 542.266
ROUND 1026 A#25 and B#20 = 574.808
ROUND 1027 A#26 and B#20 = 495.144
ROUND 1028 A#27 and B#20 = 550.833
ROUND 1029 A#28 and B#20 = 503.051
ROUND 1030 A#29 and B#20 = 497.968
ROUND 1031 A#30 and B#20 = 533.718
ROUND 1032 A#31 and B#20 = 513.127
ROUND 1033 A#32 and B#20 = 506.512
ROUND 1034 A#33 and B#20 = 503.891
ROUND 1035 A#34 and B#20 = 526.563
ROUND 1036 A#35 and B#20 = 556.032
ROUND 1037 A#36 and B#20 = 522.73
ROUND 1038 A#37 and B#20 = 514.058
ROUND 1039 A#38 and B#20 = 513.857
ROUND 1040 A#39 and B#20 = 524.741
ROUND 1041 A#40 and B#20 = 474.333
ROUND 1042 A#41 and B#20 = 505.582
ROUND 1043 A#42 and B#20 = 549.932
ROUND 1044 A#43 and B#20 = 519.456
ROUND 1045 A#44 and B#20 = 543.372
ROUND 1046 A#45 and B#20 = 497.235
ROUND 1047 A#46 and B#20 = 514.243
ROUND 1048 A#47 and B#20 = 500.848
ROUND 1049 A#48 and B#20 = 521.123
ROUND 1050 A#49 and B#20 = 566.707
ROUND 1051 A#0 and B#21 = 507.251
ROUND 1052 A#1 and B#21 = 544.339
ROUND 1053 A#2 and B#21 = 445.895
ROUND 1054 A#3 and B#21 = 450.58
ROUND 1055 A#4 and B#21 = 429.142
ROUND 1056 A#5 and B#21 = 452.44
ROUND 1057 A#6 and B#21 = 418.93
ROUND 1058 A#7 and B#21 = 508.364
ROUND 1059 A#8 and B#21 = 489.251
ROUND 1060 A#9 and B#21 = 440.697
ROUND 1061 A#10 and B#21 = 432.717
ROUND 1062 A#11 and B#21 = 462.904
ROUND 1063 A#12 and B#21 = 461.972
ROUND 1064 A#13 and B#21 = 431.521
ROUND 1065 A#14 and B#21 = 439.357
ROUND 1066 A#15 and B#21 = 462.061
ROUND 1067 A#16 and B#21 = 456.495
ROUND 1068 A#17 and B#21 = 461.439
ROUND 1069 A#18 and B#21 = 448.673
ROUND 1070 A#19 and B#21 = 509.797
ROUND 1071 A#20 and B#21 = 403.239
ROUND 1072 A#21 and B#21 = 520.361
ROUND 1073 A#22 and B#21 = 504.979
ROUND 1074 A#23 and B#21 = 520.118
ROUND 1075 A#24 and B#21 = 427.241
ROUND 1076 A#25 and B#21 = 467.008
ROUND 1077 A#26 and B#21 = 438.132
ROUND 1078 A#27 and B#21 = 505.068
ROUND 1079 A#28 and B#21 = 435.934
ROUND 1080 A#29 and B#21 = 436.394
ROUND 1081 A#30 and B#21 = 466.915
ROUND 1082 A#31 and B#21 = 459.06
ROUND 1083 A#32 and B#21 = 431.798
ROUND 1084 A#33 and B#21 = 514.849
ROUND 1085 A#34 and B#21 = 435.977
ROUND 1086 A#35 and B#21 = 446.707
ROUND 1087 A#36 and B#21 = 446.493
ROUND 1088 A#37 and B#21 = 434.352
ROUND 1089 A#38 and B#21 = 434.907
ROUND 1090 A#39 and B#21 = 526.29
ROUND 1091 A#40 and B#21 = 519.851
ROUND 1092 A#41 and B#21 = 423.004
ROUND 1093 A#42 and B#21 = 526.939
ROUND 1094 A#43 and B#21 = 439.443
ROUND 1095 A#44 and B#21 = 471.382
ROUND 1096 A#45 and B#21 = 442.643
ROUND 1097 A#46 and B#21 = 418.179
ROUND 1098 A#47 and B#21 = 448.836
ROUND 1099 A#48 and B#21 = 525.197
ROUND 1100 A#49 and B#21 = 494.757
ROUND 1101 A#0 and B#22 = 518.84
ROUND 1102 A#1 and B#22 = 504.044
ROUND 1103 A#2 and B#22 = 459.928
ROUND 1104 A#3 and B#22 = 464.998
ROUND 1105 A#4 and B#22 = 527.478
ROUND 1106 A#5 and B#22 = 469.046
ROUND 1107 A#6 and B#22 = 477.536
ROUND 1108 A#7 and B#22 = 529.866
ROUND 1109 A#8 and B#22 = 428.245
ROUND 1110 A#9 and B#22 = 453.298
ROUND 1111 A#10 and B#22 = 542.779
ROUND 1112 A#11 and B#22 = 532.115
ROUND 1113 A#12 and B#22 = 532.953
ROUND 1114 A#13 and B#22 = 545.123
ROUND 1115 A#14 and B#22 = 545.252
ROUND 1116 A#15 and B#22 = 532.575
ROUND 1117 A#16 and B#22 = 529.358
ROUND 1118 A#17 and B#22 = 533.552
ROUND 1119 A#18 and B#22 = 525.922
ROUND 1120 A#19 and B#22 = 489.265
ROUND 1121 A#20 and B#22 = 521.557
ROUND 1122 A#21 and B#22 = 490.154
ROUND 1123 A#22 and B#22 = 521.999
ROUND 1124 A#23 and B#22 = 490.043
ROUND 1125 A#24 and B#22 = 521.528
ROUND 1126 A#25 and B#22 = 534.408
ROUND 1127 A#26 and B#22 = 546.677
ROUND 1128 A#27 and B#22 = 523.168
ROUND 1129 A#28 and B#22 = 539.279
ROUND 1130 A#29 and B#22 = 544.671
ROUND 1131 A#30 and B#22 = 545.313
ROUND 1132 A#31 and B#22 = 526.373
ROUND 1133 A#32 and B#22 = 488.155
ROUND 1134 A#33 and B#22 = 457.972
ROUND 1135 A#34 and B#22 = 501.145
ROUND 1136 A#35 and B#22 = 469.266
ROUND 1137 A#36 and B#22 = 462.294
ROUND 1138 A#37 and B#22 = 520.372
ROUND 1139 A#38 and B#22 = 536.879
ROUND 1140 A#39 and B#22 = 544.28
ROUND 1141 A#40 and B#22 = 465.564
ROUND 1142 A#41 and B#22 = 509
ROUND 1143 A#42 and B#22 = 473.338
ROUND 1144 A#43 and B#22 = 506.948
ROUND 1145 A#44 and B#22 = 530.295
ROUND 1146 A#45 and B#22 = 501.515
ROUND 1147 A#46 and B#22 = 502.651
ROUND 1148 A#47 and B#22 = 497.399
ROUND 1149 A#48 and B#22 = 540.811
ROUND 1150 A#49 and B#22 = 487.723
ROUND 1151 A#0 and B#23 = 528.36
ROUND 1152 A#1 and B#23 = 531.07
ROUND 1153 A#2 and B#23 = 478.139
ROUND 1154 A#3 and B#23 = 480.971
ROUND 1155 A#4 and B#23 = 533.148
ROUND 1156 A#5 and B#23 = 484.435
ROUND 1157 A#6 and B#23 = 460.698
ROUND 1158 A#7 and B#23 = 527.648
ROUND 1159 A#8 and B#23 = 466.075
ROUND 1160 A#9 and B#23 = 483.656
ROUND 1161 A#10 and B#23 = 507.804
ROUND 1162 A#11 and B#23 = 513.091
ROUND 1163 A#12 and B#23 = 516.007
ROUND 1164 A#13 and B#23 = 508.145
ROUND 1165 A#14 and B#23 = 514.547
ROUND 1166 A#15 and B#23 = 515.484
ROUND 1167 A#16 and B#23 = 508.807
ROUND 1168 A#17 and B#23 = 513.905
ROUND 1169 A#18 and B#23 = 502.479
ROUND 1170 A#19 and B#23 = 496.889
ROUND 1171 A#20 and B#23 = 531.155
ROUND 1172 A#21 and B#23 = 499.998
ROUND 1173 A#22 and B#23 = 524.947
ROUND 1174 A#23 and B#23 = 499.995
ROUND 1175 A#24 and B#23 = 482.467
ROUND 1176 A#25 and B#23 = 505.778
ROUND 1177 A#26 and B#23 = 512.007
ROUND 1178 A#27 and B#23 = 527.167
ROUND 1179 A#28 and B#23 = 509.302
ROUND 1180 A#29 and B#23 = 509.815
ROUND 1181 A#30 and B#23 = 496.714
ROUND 1182 A#31 and B#23 = 512.542
ROUND 1183 A#32 and B#23 = 530.647
ROUND 1184 A#33 and B#23 = 494.724
ROUND 1185 A#34 and B#23 = 547.814
ROUND 1186 A#35 and B#23 = 496.401
ROUND 1187 A#36 and B#23 = 467.529
ROUND 1188 A#37 and B#23 = 524.133
ROUND 1189 A#38 and B#23 = 526.867
ROUND 1190 A#39 and B#23 = 505.355
ROUND 1191 A#40 and B#23 = 458.431
ROUND 1192 A#41 and B#23 = 519.049
ROUND 1193 A#42 and B#23 = 460.06
ROUND 1194 A#43 and B#23 = 485.586
ROUND 1195 A#44 and B#23 = 489.849
ROUND 1196 A#45 and B#23 = 525.797
ROUND 1197 A#46 and B#23 = 513.822
ROUND 1198 A#47 and B#23 = 525.998
ROUND 1199 A#48 and B#23 = 534.005
ROUND 1200 A#49 and B#23 = 497.998
ROUND 1201 A#0 and B#24 = 562.695
ROUND 1202 A#1 and B#24 = 515.322
ROUND 1203 A#2 and B#24 = 452.192
ROUND 1204 A#3 and B#24 = 456.848
ROUND 1205 A#4 and B#24 = 479.699
ROUND 1206 A#5 and B#24 = 530.09
ROUND 1207 A#6 and B#24 = 537.157
ROUND 1208 A#7 and B#24 = 541.798
ROUND 1209 A#8 and B#24 = 484.203
ROUND 1210 A#9 and B#24 = 444.175
ROUND 1211 A#10 and B#24 = 534.055
ROUND 1212 A#11 and B#24 = 532.864
ROUND 1213 A#12 and B#24 = 536.261
ROUND 1214 A#13 and B#24 = 532.217
ROUND 1215 A#14 and B#24 = 533.364
ROUND 1216 A#15 and B#24 = 536.578
ROUND 1217 A#16 and B#24 = 537.436
ROUND 1218 A#17 and B#24 = 535.997
ROUND 1219 A#18 and B#24 = 536.353
ROUND 1220 A#19 and B#24 = 497.658
ROUND 1221 A#20 and B#24 = 546.233
ROUND 1222 A#21 and B#24 = 564.813
ROUND 1223 A#22 and B#24 = 513.807
ROUND 1224 A#23 and B#24 = 565.146
ROUND 1225 A#24 and B#24 = 540.024
ROUND 1226 A#25 and B#24 = 509.723
ROUND 1227 A#26 and B#24 = 532.043
ROUND 1228 A#27 and B#24 = 516.316
ROUND 1229 A#28 and B#24 = 533.32
ROUND 1230 A#29 and B#24 = 530.356
ROUND 1231 A#30 and B#24 = 525.882
ROUND 1232 A#31 and B#24 = 536.419
ROUND 1233 A#32 and B#24 = 468.884
ROUND 1234 A#33 and B#24 = 454.809
ROUND 1235 A#34 and B#24 = 535.488
ROUND 1236 A#35 and B#24 = 456.612
ROUND 1237 A#36 and B#24 = 532.044
ROUND 1238 A#37 and B#24 = 534.593
ROUND 1239 A#38 and B#24 = 531.261
ROUND 1240 A#39 and B#24 = 537.737
ROUND 1241 A#40 and B#24 = 526.699
ROUND 1242 A#41 and B#24 = 551.474
ROUND 1243 A#42 and B#24 = 521.941
ROUND 1244 A#43 and B#24 = 549.084
ROUND 1245 A#44 and B#24 = 544.402
ROUND 1246 A#45 and B#24 = 482.413
ROUND 1247 A#46 and B#24 = 538.396
ROUND 1248 A#47 and B#24 = 480.722
ROUND 1249 A#48 and B#24 = 540.314
ROUND 1250 A#49 and B#24 = 493.349
ROUND 1251 A#0 and B#25 = 562.287
ROUND 1252 A#1 and B#25 = 514.769
ROUND 1253 A#2 and B#25 = 453.953
ROUND 1254 A#3 and B#25 = 458.701
ROUND 1255 A#4 and B#25 = 479.5
ROUND 1256 A#5 and B#25 = 529.777
ROUND 1257 A#6 and B#25 = 537.467
ROUND 1258 A#7 and B#25 = 543.533
ROUND 1259 A#8 and B#25 = 484.356
ROUND 1260 A#9 and B#25 = 443.569
ROUND 1261 A#10 and B#25 = 534.373
ROUND 1262 A#11 and B#25 = 532.563
ROUND 1263 A#12 and B#25 = 535.948
ROUND 1264 A#13 and B#25 = 532.607
ROUND 1265 A#14 and B#25 = 533.731
ROUND 1266 A#15 and B#25 = 536.29
ROUND 1267 A#16 and B#25 = 537.181
ROUND 1268 A#17 and B#25 = 535.73
ROUND 1269 A#18 and B#25 = 536.133
ROUND 1270 A#19 and B#25 = 496.931
ROUND 1271 A#20 and B#25 = 546.453
ROUND 1272 A#21 and B#25 = 565.352
ROUND 1273 A#22 and B#25 = 513.24
ROUND 1274 A#23 and B#25 = 565.693
ROUND 1275 A#24 and B#25 = 540.01
ROUND 1276 A#25 and B#25 = 510.111
ROUND 1277 A#26 and B#25 = 532.368
ROUND 1278 A#27 and B#25 = 515.44
ROUND 1279 A#28 and B#25 = 533.693
ROUND 1280 A#29 and B#25 = 530.767
ROUND 1281 A#30 and B#25 = 526.019
ROUND 1282 A#31 and B#25 = 536.133
ROUND 1283 A#32 and B#25 = 468.824
ROUND 1284 A#33 and B#25 = 454.664
ROUND 1285 A#34 and B#25 = 535.761
ROUND 1286 A#35 and B#25 = 456.087
ROUND 1287 A#36 and B#25 = 532.362
ROUND 1288 A#37 and B#25 = 534.491
ROUND 1289 A#38 and B#25 = 531.083
ROUND 1290 A#39 and B#25 = 537.613
ROUND 1291 A#40 and B#25 = 527.035
ROUND 1292 A#41 and B#25 = 551.679
ROUND 1293 A#42 and B#25 = 521.72
ROUND 1294 A#43 and B#25 = 549.682
ROUND 1295 A#44 and B#25 = 544.273
ROUND 1296 A#45 and B#25 = 482.115
ROUND 1297 A#46 and B#25 = 538.383
ROUND 1298 A#47 and B#25 = 480.476
ROUND 1299 A#48 and B#25 = 540.222
ROUND 1300 A#49 and B#25 = 493.297
ROUND 1301 A#0 and B#26 = 487.231
ROUND 1302 A#1 and B#26 = 524.434
ROUND 1303 A#2 and B#26 = 539.893
ROUND 1304 A#3 and B#26 = 536.344
ROUND 1305 A#4 and B#26 = 537.121
ROUND 1306 A#5 and B#26 = 466.989
ROUND 1307 A#6 and B#26 = 430.052
ROUND 1308 A#7 and B#26 = 478.581
ROUND 1309 A#8 and B#26 = 365.57
ROUND 1310 A#9 and B#26 = 560.65
ROUND 1311 A#10 and B#26 = 481.884
ROUND 1312 A#11 and B#26 = 525.636
ROUND 1313 A#12 and B#26 = 527.878
ROUND 1314 A#13 and B#26 = 482.053
ROUND 1315 A#14 and B#26 = 481.547
ROUND 1316 A#15 and B#26 = 527.532
ROUND 1317 A#16 and B#26 = 524.991
ROUND 1318 A#17 and B#26 = 527.875
ROUND 1319 A#18 and B#26 = 521.184
ROUND 1320 A#19 and B#26 = 528.229
ROUND 1321 A#20 and B#26 = 487.931
ROUND 1322 A#21 and B#26 = 519.389
ROUND 1323 A#22 and B#26 = 513.226
ROUND 1324 A#23 and B#26 = 519.604
ROUND 1325 A#24 and B#26 = 481.85
ROUND 1326 A#25 and B#26 = 532.024
ROUND 1327 A#26 and B#26 = 481.867
ROUND 1328 A#27 and B#26 = 514.716
ROUND 1329 A#28 and B#26 = 482.567
ROUND 1330 A#29 and B#26 = 482.148
ROUND 1331 A#30 and B#26 = 491.732
ROUND 1332 A#31 and B#26 = 519.778
ROUND 1333 A#32 and B#26 = 507.047
ROUND 1334 A#33 and B#26 = 545.73
ROUND 1335 A#34 and B#26 = 518.128
ROUND 1336 A#35 and B#26 = 512.775
ROUND 1337 A#36 and B#26 = 506.938
ROUND 1338 A#37 and B#26 = 497.434
ROUND 1339 A#38 and B#26 = 497.763
ROUND 1340 A#39 and B#26 = 504.602
ROUND 1341 A#40 and B#26 = 437.727
ROUND 1342 A#41 and B#26 = 483.812
ROUND 1343 A#42 and B#26 = 481.299
ROUND 1344 A#43 and B#26 = 509.326
ROUND 1345 A#44 and B#26 = 506.276
ROUND 1346 A#45 and B#26 = 494.463
ROUND 1347 A#46 and B#26 = 491.426
ROUND 1348 A#47 and B#26 = 498.627
ROUND 1349 A#48 and B#26 = 499.919
ROUND 1350 A#49 and B#26 = 479.332
ROUND 1351 A#0 and B#27 = 415.978
ROUND 1352 A#1 and B#27 = 524.311
ROUND 1353 A#2 and B#27 = 544.264
ROUND 1354 A#3 and B#27 = 540.103
ROUND 1355 A#4 and B#27 = 515.931
ROUND 1356 A#5 and B#27 = 486.549
ROUND 1357 A#6 and B#27 = 526.519
ROUND 1358 A#7 and B#27 = 553.425
ROUND 1359 A#8 and B#27 = 527.473
ROUND 1360 A#9 and B#27 = 500.297
ROUND 1361 A#10 and B#27 = 526.558
ROUND 1362 A#11 and B#27 = 524.853
ROUND 1363 A#12 and B#27 = 523.764
ROUND 1364 A#13 and B#27 = 529.235
ROUND 1365 A#14 and B#27 = 530.349
ROUND 1366 A#15 and B#27 = 523.208
ROUND 1367 A#16 and B#27 = 518.534
ROUND 1368 A#17 and B#27 = 523.703
ROUND 1369 A#18 and B#27 = 514.786
ROUND 1370 A#19 and B#27 = 509.689
ROUND 1371 A#20 and B#27 = 527.357
ROUND 1372 A#21 and B#27 = 528.64
ROUND 1373 A#22 and B#27 = 514.684
ROUND 1374 A#23 and B#27 = 528.469
ROUND 1375 A#24 and B#27 = 528.937
ROUND 1376 A#25 and B#27 = 544.777
ROUND 1377 A#26 and B#27 = 529.188
ROUND 1378 A#27 and B#27 = 514.172
ROUND 1379 A#28 and B#27 = 527.625
ROUND 1380 A#29 and B#27 = 530.794
ROUND 1381 A#30 and B#27 = 535.553
ROUND 1382 A#31 and B#27 = 520.755
ROUND 1383 A#32 and B#27 = 509.904
ROUND 1384 A#33 and B#27 = 510.385
ROUND 1385 A#34 and B#27 = 514.565
ROUND 1386 A#35 and B#27 = 507.731
ROUND 1387 A#36 and B#27 = 526.536
ROUND 1388 A#37 and B#27 = 523.64
ROUND 1389 A#38 and B#27 = 530.313
ROUND 1390 A#39 and B#27 = 536.399
ROUND 1391 A#40 and B#27 = 500.738
ROUND 1392 A#41 and B#27 = 515.146
ROUND 1393 A#42 and B#27 = 535.663
ROUND 1394 A#43 and B#27 = 520.137
ROUND 1395 A#44 and B#27 = 535.423
ROUND 1396 A#45 and B#27 = 518.912
ROUND 1397 A#46 and B#27 = 514.147
ROUND 1398 A#47 and B#27 = 520.967
ROUND 1399 A#48 and B#27 = 532.301
ROUND 1400 A#49 and B#27 = 532.664
ROUND 1401 A#0 and B#28 = 431.998
ROUND 1402 A#1 and B#28 = 503.095
ROUND 1403 A#2 and B#28 = 468.683
ROUND 1404 A#3 and B#28 = 464.042
ROUND 1405 A#4 and B#28 = 542.279
ROUND 1406 A#5 and B#28 = 562.853
ROUND 1407 A#6 and B#28 = 563.67
ROUND 1408 A#7 and B#28 = 505.336
ROUND 1409 A#8 and B#28 = 498.722
ROUND 1410 A#9 and B#28 = 489.305
ROUND 1411 A#10 and B#28 = 455.598
ROUND 1412 A#11 and B#28 = 444.827
ROUND 1413 A#12 and B#28 = 443.996
ROUND 1414 A#13 and B#28 = 452.559
ROUND 1415 A#14 and B#28 = 455.148
ROUND 1416 A#15 and B#28 = 444.204
ROUND 1417 A#16 and B#28 = 435.078
ROUND 1418 A#17 and B#28 = 443.819
ROUND 1419 A#18 and B#28 = 424.797
ROUND 1420 A#19 and B#28 = 479.349
ROUND 1421 A#20 and B#28 = 553.987
ROUND 1422 A#21 and B#28 = 464.646
ROUND 1423 A#22 and B#28 = 516.177
ROUND 1424 A#23 and B#28 = 464.659
ROUND 1425 A#24 and B#28 = 527.244
ROUND 1426 A#25 and B#28 = 500.87
ROUND 1427 A#26 and B#28 = 560.698
ROUND 1428 A#27 and B#28 = 518.96
ROUND 1429 A#28 and B#28 = 555.046
ROUND 1430 A#29 and B#28 = 555.473
ROUND 1431 A#30 and B#28 = 558.929
ROUND 1432 A#31 and B#28 = 486.402
ROUND 1433 A#32 and B#28 = 539.034
ROUND 1434 A#33 and B#28 = 490.62
ROUND 1435 A#34 and B#28 = 469.538
ROUND 1436 A#35 and B#28 = 497.749
ROUND 1437 A#36 and B#28 = 494.191
ROUND 1438 A#37 and B#28 = 543.268
ROUND 1439 A#38 and B#28 = 547.057
ROUND 1440 A#39 and B#28 = 553.903
ROUND 1441 A#40 and B#28 = 530.04
ROUND 1442 A#41 and B#28 = 550.017
ROUND 1443 A#42 and B#28 = 487.075
ROUND 1444 A#43 and B#28 = 396.394
ROUND 1445 A#44 and B#28 = 556.526
ROUND 1446 A#45 and B#28 = 547.439
ROUND 1447 A#46 and B#28 = 553.432
ROUND 1448 A#47 and B#28 = 541.629
ROUND 1449 A#48 and B#28 = 556.836
ROUND 1450 A#49 and B#28 = 495.274
ROUND 1451 A#0 and B#29 = 445.966
ROUND 1452 A#1 and B#29 = 478.737
ROUND 1453 A#2 and B#29 = 471.176
ROUND 1454 A#3 and B#29 = 474.3
ROUND 1455 A#4 and B#29 = 460.338
ROUND 1456 A#5 and B#29 = 529.103
ROUND 1457 A#6 and B#29 = 505.15
ROUND 1458 A#7 and B#29 = 465.238
ROUND 1459 A#8 and B#29 = 476.049
ROUND 1460 A#9 and B#29 = 495.361
ROUND 1461 A#10 and B#29 = 466.097
ROUND 1462 A#11 and B#29 = 436.717
ROUND 1463 A#12 and B#29 = 440.337
ROUND 1464 A#13 and B#29 = 463.59
ROUND 1465 A#14 and B#29 = 469.343
ROUND 1466 A#15 and B#29 = 440.643
ROUND 1467 A#16 and B#29 = 437.195
ROUND 1468 A#17 and B#29 = 440.647
ROUND 1469 A#18 and B#29 = 430.866
ROUND 1470 A#19 and B#29 = 465.047
ROUND 1471 A#20 and B#29 = 529.162
ROUND 1472 A#21 and B#29 = 448.871
ROUND 1473 A#22 and B#29 = 454.135
ROUND 1474 A#23 and B#29 = 449.02
ROUND 1475 A#24 and B#29 = 486.654
ROUND 1476 A#25 and B#29 = 463.452
ROUND 1477 A#26 and B#29 = 465.889
ROUND 1478 A#27 and B#29 = 456.823
ROUND 1479 A#28 and B#29 = 465.439
ROUND 1480 A#29 and B#29 = 463.076
ROUND 1481 A#30 and B#29 = 451.385
ROUND 1482 A#31 and B#29 = 389.252
ROUND 1483 A#32 and B#29 = 452.608
ROUND 1484 A#33 and B#29 = 509.98
ROUND 1485 A#34 and B#29 = 457.301
ROUND 1486 A#35 and B#29 = 506.215
ROUND 1487 A#36 and B#29 = 478.893
ROUND 1488 A#37 and B#29 = 459.64
ROUND 1489 A#38 and B#29 = 464.327
ROUND 1490 A#39 and B#29 = 463.635
ROUND 1491 A#40 and B#29 = 519.469
ROUND 1492 A#41 and B#29 = 457.545
ROUND 1493 A#42 and B#29 = 413.992
ROUND 1494 A#43 and B#29 = 448.71
ROUND 1495 A#44 and B#29 = 512.83
ROUND 1496 A#45 and B#29 = 461.699
ROUND 1497 A#46 and B#29 = 543.778
ROUND 1498 A#47 and B#29 = 471.787
ROUND 1499 A#48 and B#29 = 470.046
ROUND 1500 A#49 and B#29 = 473.267
ROUND 1501 A#0 and B#30 = 468.273
ROUND 1502 A#1 and B#30 = 453.348
ROUND 1503 A#2 and B#30 = 532.979
ROUND 1504 A#3 and B#30 = 528.534
ROUND 1505 A#4 and B#30 = 506.102
ROUND 1506 A#5 and B#30 = 520.793
ROUND 1507 A#6 and B#30 = 528.057
ROUND 1508 A#7 and B#30 = 441.76
ROUND 1509 A#8 and B#30 = 471.146
ROUND 1510 A#9 and B#30 = 524.929
ROUND 1511 A#10 and B#30 = 425.709
ROUND 1512 A#11 and B#30 = 439.794
ROUND 1513 A#12 and B#30 = 441.448
ROUND 1514 A#13 and B#30 = 423.971
ROUND 1515 A#14 and B#30 = 426.967
ROUND 1516 A#15 and B#30 = 441.64
ROUND 1517 A#16 and B#30 = 440.764
ROUND 1518 A#17 and B#30 = 440.77
ROUND 1519 A#18 and B#30 = 439.958
ROUND 1520 A#19 and B#30 = 505.802
ROUND 1521 A#20 and B#30 = 405.242
ROUND 1522 A#21 and B#30 = 463.64
ROUND 1523 A#22 and B#30 = 457.963
ROUND 1524 A#23 and B#30 = 463.828
ROUND 1525 A#24 and B#30 = 521.247
ROUND 1526 A#25 and B#30 = 486.501
ROUND 1527 A#26 and B#30 = 425.246
ROUND 1528 A#27 and B#30 = 461.328
ROUND 1529 A#28 and B#30 = 425.392
ROUND 1530 A#29 and B#30 = 423.389
ROUND 1531 A#30 and B#30 = 531.633
ROUND 1532 A#31 and B#30 = 440.315
ROUND 1533 A#32 and B#30 = 486.849
ROUND 1534 A#33 and B#30 = 501.215
ROUND 1535 A#34 and B#30 = 441.41
ROUND 1536 A#35 and B#30 = 500.619
ROUND 1537 A#36 and B#30 = 574.936
ROUND 1538 A#37 and B#30 = 419.639
ROUND 1539 A#38 and B#30 = 499.95
ROUND 1540 A#39 and B#30 = 503.66
ROUND 1541 A#40 and B#30 = 498.947
ROUND 1542 A#41 and B#30 = 418.345
ROUND 1543 A#42 and B#30 = 523.652
ROUND 1544 A#43 and B#30 = 435.412
ROUND 1545 A#44 and B#30 = 542.5
ROUND 1546 A#45 and B#30 = 480.185
ROUND 1547 A#46 and B#30 = 565.456
ROUND 1548 A#47 and B#30 = 486.559
ROUND 1549 A#48 and B#30 = 499.414
ROUND 1550 A#49 and B#30 = 462.464
ROUND 1551 A#0 and B#31 = 537.35
ROUND 1552 A#1 and B#31 = 530.917
ROUND 1553 A#2 and B#31 = 482.747
ROUND 1554 A#3 and B#31 = 483.678
ROUND 1555 A#4 and B#31 = 547.158
ROUND 1556 A#5 and B#31 = 502.595
ROUND 1557 A#6 and B#31 = 465.597
ROUND 1558 A#7 and B#31 = 545.494
ROUND 1559 A#8 and B#31 = 469.852
ROUND 1560 A#9 and B#31 = 481.725
ROUND 1561 A#10 and B#31 = 505.159
ROUND 1562 A#11 and B#31 = 513.658
ROUND 1563 A#12 and B#31 = 516.92
ROUND 1564 A#13 and B#31 = 505.351
ROUND 1565 A#14 and B#31 = 512.094
ROUND 1566 A#15 and B#31 = 516.453
ROUND 1567 A#16 and B#31 = 509.804
ROUND 1568 A#17 and B#31 = 514.807
ROUND 1569 A#18 and B#31 = 503.515
ROUND 1570 A#19 and B#31 = 492.731
ROUND 1571 A#20 and B#31 = 481.512
ROUND 1572 A#21 and B#31 = 499.153
ROUND 1573 A#22 and B#31 = 520.03
ROUND 1574 A#23 and B#31 = 499.133
ROUND 1575 A#24 and B#31 = 477.276
ROUND 1576 A#25 and B#31 = 502.878
ROUND 1577 A#26 and B#31 = 509.394
ROUND 1578 A#27 and B#31 = 522.749
ROUND 1579 A#28 and B#31 = 506.989
ROUND 1580 A#29 and B#31 = 507.208
ROUND 1581 A#30 and B#31 = 490.734
ROUND 1582 A#31 and B#31 = 513.908
ROUND 1583 A#32 and B#31 = 533.781
ROUND 1584 A#33 and B#31 = 493.442
ROUND 1585 A#34 and B#31 = 484.2
ROUND 1586 A#35 and B#31 = 489.37
ROUND 1587 A#36 and B#31 = 463.77
ROUND 1588 A#37 and B#31 = 530.037
ROUND 1589 A#38 and B#31 = 497.442
ROUND 1590 A#39 and B#31 = 505.029
ROUND 1591 A#40 and B#31 = 461.656
ROUND 1592 A#41 and B#31 = 519.577
ROUND 1593 A#42 and B#31 = 458.643
ROUND 1594 A#43 and B#31 = 484.694
ROUND 1595 A#44 and B#31 = 485.234
ROUND 1596 A#45 and B#31 = 525.257
ROUND 1597 A#46 and B#31 = 519.637
ROUND 1598 A#47 and B#31 = 523.787
ROUND 1599 A#48 and B#31 = 498.053
ROUND 1600 A#49 and B#31 = 498.523
ROUND 1601 A#0 and B#32 = 468.04
ROUND 1602 A#1 and B#32 = 453.006
ROUND 1603 A#2 and B#32 = 532.467
ROUND 1604 A#3 and B#32 = 527.823
ROUND 1605 A#4 and B#32 = 507.002
ROUND 1606 A#5 and B#32 = 522.466
ROUND 1607 A#6 and B#32 = 529.291
ROUND 1608 A#7 and B#32 = 442.238
ROUND 1609 A#8 and B#32 = 471.187
ROUND 1610 A#9 and B#32 = 525.075
ROUND 1611 A#10 and B#32 = 425.824
ROUND 1612 A#11 and B#32 = 439.7
ROUND 1613 A#12 and B#32 = 441.342
ROUND 1614 A#13 and B#32 = 424.086
ROUND 1615 A#14 and B#32 = 427.059
ROUND 1616 A#15 and B#32 = 441.54
ROUND 1617 A#16 and B#32 = 440.675
ROUND 1618 A#17 and B#32 = 440.669
ROUND 1619 A#18 and B#32 = 439.873
ROUND 1620 A#19 and B#32 = 504.497
ROUND 1621 A#20 and B#32 = 405.773
ROUND 1622 A#21 and B#32 = 463.165
ROUND 1623 A#22 and B#32 = 458.522
ROUND 1624 A#23 and B#32 = 463.354
ROUND 1625 A#24 and B#32 = 521.542
ROUND 1626 A#25 and B#32 = 486.582
ROUND 1627 A#26 and B#32 = 425.344
ROUND 1628 A#27 and B#32 = 461.882
ROUND 1629 A#28 and B#32 = 554.015
ROUND 1630 A#29 and B#32 = 423.495
ROUND 1631 A#30 and B#32 = 532.421
ROUND 1632 A#31 and B#32 = 440.206
ROUND 1633 A#32 and B#32 = 488.325
ROUND 1634 A#33 and B#32 = 501.339
ROUND 1635 A#34 and B#32 = 441.714
ROUND 1636 A#35 and B#32 = 500.468
ROUND 1637 A#36 and B#32 = 575.48
ROUND 1638 A#37 and B#32 = 419.779
ROUND 1639 A#38 and B#32 = 500.701
ROUND 1640 A#39 and B#32 = 504.747
ROUND 1641 A#40 and B#32 = 496.797
ROUND 1642 A#41 and B#32 = 418.834
ROUND 1643 A#42 and B#32 = 523.653
ROUND 1644 A#43 and B#32 = 435.774
ROUND 1645 A#44 and B#32 = 543.541
ROUND 1646 A#45 and B#32 = 481.606
ROUND 1647 A#46 and B#32 = 566.873
ROUND 1648 A#47 and B#32 = 487.335
ROUND 1649 A#48 and B#32 = 500.499
ROUND 1650 A#49 and B#32 = 463.414
ROUND 1651 A#0 and B#33 = 529.511
ROUND 1652 A#1 and B#33 = 526.228
ROUND 1653 A#2 and B#33 = 477.186
ROUND 1654 A#3 and B#33 = 480.9
ROUND 1655 A#4 and B#33 = 533.576
ROUND 1656 A#5 and B#33 = 484.239
ROUND 1657 A#6 and B#33 = 462.11
ROUND 1658 A#7 and B#33 = 528.927
ROUND 1659 A#8 and B#33 = 466.818
ROUND 1660 A#9 and B#33 = 478.147
ROUND 1661 A#10 and B#33 = 506.812
ROUND 1662 A#11 and B#33 = 511.714
ROUND 1663 A#12 and B#33 = 514.707
ROUND 1664 A#13 and B#33 = 507.376
ROUND 1665 A#14 and B#33 = 513.566
ROUND 1666 A#15 and B#33 = 514.227
ROUND 1667 A#16 and B#33 = 507.535
ROUND 1668 A#17 and B#33 = 512.828
ROUND 1669 A#18 and B#33 = 501.315
ROUND 1670 A#19 and B#33 = 490.523
ROUND 1671 A#20 and B#33 = 530.941
ROUND 1672 A#21 and B#33 = 495.447
ROUND 1673 A#22 and B#33 = 520.074
ROUND 1674 A#23 and B#33 = 495.467
ROUND 1675 A#24 and B#33 = 481.783
ROUND 1676 A#25 and B#33 = 506.236
ROUND 1677 A#26 and B#33 = 511.06
ROUND 1678 A#27 and B#33 = 522.742
ROUND 1679 A#28 and B#33 = 508.262
ROUND 1680 A#29 and B#33 = 509.039
ROUND 1681 A#30 and B#33 = 495.932
ROUND 1682 A#31 and B#33 = 510.764
ROUND 1683 A#32 and B#33 = 531.104
ROUND 1684 A#33 and B#33 = 489.332
ROUND 1685 A#34 and B#33 = 547.863
ROUND 1686 A#35 and B#33 = 492.964
ROUND 1687 A#36 and B#33 = 467.365
ROUND 1688 A#37 and B#33 = 523.938
ROUND 1689 A#38 and B#33 = 526.753
ROUND 1690 A#39 and B#33 = 536.177
ROUND 1691 A#40 and B#33 = 456.663
ROUND 1692 A#41 and B#33 = 518.892
ROUND 1693 A#42 and B#33 = 448.787
ROUND 1694 A#43 and B#33 = 485.115
ROUND 1695 A#44 and B#33 = 488.613
ROUND 1696 A#45 and B#33 = 526.21
ROUND 1697 A#46 and B#33 = 513.646
ROUND 1698 A#47 and B#33 = 526.439
ROUND 1699 A#48 and B#33 = 533.743
ROUND 1700 A#49 and B#33 = 493.826
ROUND 1701 A#0 and B#34 = 489.403
ROUND 1702 A#1 and B#34 = 544.776
ROUND 1703 A#2 and B#34 = 543.871
ROUND 1704 A#3 and B#34 = 538.267
ROUND 1705 A#4 and B#34 = 562.218
ROUND 1706 A#5 and B#34 = 493.363
ROUND 1707 A#6 and B#34 = 463.179
ROUND 1708 A#7 and B#34 = 507.757
ROUND 1709 A#8 and B#34 = 502.679
ROUND 1710 A#9 and B#34 = 557.444
ROUND 1711 A#10 and B#34 = 489.058
ROUND 1712 A#11 and B#34 = 538.263
ROUND 1713 A#12 and B#34 = 538.799
ROUND 1714 A#13 and B#34 = 487.21
ROUND 1715 A#14 and B#34 = 493.437
ROUND 1716 A#15 and B#34 = 539.269
ROUND 1717 A#16 and B#34 = 538.284
ROUND 1718 A#17 and B#34 = 538.528
ROUND 1719 A#18 and B#34 = 539.353
ROUND 1720 A#19 and B#34 = 541.063
ROUND 1721 A#20 and B#34 = 491.921
ROUND 1722 A#21 and B#34 = 511.436
ROUND 1723 A#22 and B#34 = 522.637
ROUND 1724 A#23 and B#34 = 511.682
ROUND 1725 A#24 and B#34 = 526.448
ROUND 1726 A#25 and B#34 = 553.793
ROUND 1727 A#26 and B#34 = 486.14
ROUND 1728 A#27 and B#34 = 523.932
ROUND 1729 A#28 and B#34 = 487.127
ROUND 1730 A#29 and B#34 = 484.718
ROUND 1731 A#30 and B#34 = 521.388
ROUND 1732 A#31 and B#34 = 539.672
ROUND 1733 A#32 and B#34 = 560.304
ROUND 1734 A#33 and B#34 = 546.528
ROUND 1735 A#34 and B#34 = 513.014
ROUND 1736 A#35 and B#34 = 564.651
ROUND 1737 A#36 and B#34 = 536.861
ROUND 1738 A#37 and B#34 = 505.205
ROUND 1739 A#38 and B#34 = 510.742
ROUND 1740 A#39 and B#34 = 514.658
ROUND 1741 A#40 and B#34 = 494.492
ROUND 1742 A#41 and B#34 = 492.222
ROUND 1743 A#42 and B#34 = 513.572
ROUND 1744 A#43 and B#34 = 506.864
ROUND 1745 A#44 and B#34 = 540.431
ROUND 1746 A#45 and B#34 = 544.891
ROUND 1747 A#46 and B#34 = 499.461
ROUND 1748 A#47 and B#34 = 544.589
ROUND 1749 A#48 and B#34 = 511.399
ROUND 1750 A#49 and B#34 = 599.968
ROUND 1751 A#0 and B#35 = 510.953
ROUND 1752 A#1 and B#35 = 580.415
ROUND 1753 A#2 and B#35 = 566.766
ROUND 1754 A#3 and B#35 = 570.372
ROUND 1755 A#4 and B#35 = 543.802
ROUND 1756 A#5 and B#35 = 529.923
ROUND 1757 A#6 and B#35 = 502.158
ROUND 1758 A#7 and B#35 = 504.951
ROUND 1759 A#8 and B#35 = 521.904
ROUND 1760 A#9 and B#35 = 555.679
ROUND 1761 A#10 and B#35 = 501.468
ROUND 1762 A#11 and B#35 = 553.068
ROUND 1763 A#12 and B#35 = 552.91
ROUND 1764 A#13 and B#35 = 499.369
ROUND 1765 A#14 and B#35 = 491.721
ROUND 1766 A#15 and B#35 = 553.07
ROUND 1767 A#16 and B#35 = 563.251
ROUND 1768 A#17 and B#35 = 552.588
ROUND 1769 A#18 and B#35 = 574.227
ROUND 1770 A#19 and B#35 = 547.122
ROUND 1771 A#20 and B#35 = 494.032
ROUND 1772 A#21 and B#35 = 528.413
ROUND 1773 A#22 and B#35 = 541.784
ROUND 1774 A#23 and B#35 = 528.459
ROUND 1775 A#24 and B#35 = 542.744
ROUND 1776 A#25 and B#35 = 574.497
ROUND 1777 A#26 and B#35 = 518.551
ROUND 1778 A#27 and B#35 = 541.425
ROUND 1779 A#28 and B#35 = 515.259
ROUND 1780 A#29 and B#35 = 517.358
ROUND 1781 A#30 and B#35 = 527.303
ROUND 1782 A#31 and B#35 = 579.025
ROUND 1783 A#32 and B#35 = 547.821
ROUND 1784 A#33 and B#35 = 546.607
ROUND 1785 A#34 and B#35 = 529.59
ROUND 1786 A#35 and B#35 = 525.436
ROUND 1787 A#36 and B#35 = 443.812
ROUND 1788 A#37 and B#35 = 508.784
ROUND 1789 A#38 and B#35 = 500.798
ROUND 1790 A#39 and B#35 = 499.012
ROUND 1791 A#40 and B#35 = 476.682
ROUND 1792 A#41 and B#35 = 505.771
ROUND 1793 A#42 and B#35 = 570.391
ROUND 1794 A#43 and B#35 = 528.779
ROUND 1795 A#44 and B#35 = 525.464
ROUND 1796 A#45 and B#35 = 540.353
ROUND 1797 A#46 and B#35 = 520.102
ROUND 1798 A#47 and B#35 = 537.759
ROUND 1799 A#48 and B#35 = 499.592
ROUND 1800 A#49 and B#35 = 540.82
ROUND 1801 A#0 and B#36 = 433.824
ROUND 1802 A#1 and B#36 = 526.072
ROUND 1803 A#2 and B#36 = 494.246
ROUND 1804 A#3 and B#36 = 500.246
ROUND 1805 A#4 and B#36 = 546.787
ROUND 1806 A#5 and B#36 = 553.385
ROUND 1807 A#6 and B#36 = 544.95
ROUND 1808 A#7 and B#36 = 543.6
ROUND 1809 A#8 and B#36 = 487.637
ROUND 1810 A#9 and B#36 = 492.608
ROUND 1811 A#10 and B#36 = 422.458
ROUND 1812 A#11 and B#36 = 427.103
ROUND 1813 A#12 and B#36 = 425.855
ROUND 1814 A#13 and B#36 = 420.075
ROUND 1815 A#14 and B#36 = 424.618
ROUND 1816 A#15 and B#36 = 426.205
ROUND 1817 A#16 and B#36 = 425.286
ROUND 1818 A#17 and B#36 = 424.784
ROUND 1819 A#18 and B#36 = 420.145
ROUND 1820 A#19 and B#36 = 506.372
ROUND 1821 A#20 and B#36 = 440.846
ROUND 1822 A#21 and B#36 = 494.343
ROUND 1823 A#22 and B#36 = 539.453
ROUND 1824 A#23 and B#36 = 494.278
ROUND 1825 A#24 and B#36 = 492.224
ROUND 1826 A#25 and B#36 = 533.578
ROUND 1827 A#26 and B#36 = 443.28
ROUND 1828 A#27 and B#36 = 541.143
ROUND 1829 A#28 and B#36 = 443.116
ROUND 1830 A#29 and B#36 = 440.352
ROUND 1831 A#30 and B#36 = 450.613
ROUND 1832 A#31 and B#36 = 537.081
ROUND 1833 A#32 and B#36 = 542.676
ROUND 1834 A#33 and B#36 = 490.699
ROUND 1835 A#34 and B#36 = 509.301
ROUND 1836 A#35 and B#36 = 493.868
ROUND 1837 A#36 and B#36 = 421.716
ROUND 1838 A#37 and B#36 = 536.465
ROUND 1839 A#38 and B#36 = 542.454
ROUND 1840 A#39 and B#36 = 531.285
ROUND 1841 A#40 and B#36 = 465.942
ROUND 1842 A#41 and B#36 = 411.714
ROUND 1843 A#42 and B#36 = 489.839
ROUND 1844 A#43 and B#36 = 396.649
ROUND 1845 A#44 and B#36 = 574.825
ROUND 1846 A#45 and B#36 = 542.282
ROUND 1847 A#46 and B#36 = 532.457
ROUND 1848 A#47 and B#36 = 533.955
ROUND 1849 A#48 and B#36 = 534.699
ROUND 1850 A#49 and B#36 = 523.697
ROUND 1851 A#0 and B#37 = 569.876
ROUND 1852 A#1 and B#37 = 573.007
ROUND 1853 A#2 and B#37 = 503.431
ROUND 1854 A#3 and B#37 = 494.757
ROUND 1855 A#4 and B#37 = 513.575
ROUND 1856 A#5 and B#37 = 502.134
ROUND 1857 A#6 and B#37 = 472.211
ROUND 1858 A#7 and B#37 = 491.32
ROUND 1859 A#8 and B#37 = 480.488
ROUND 1860 A#9 and B#37 = 507.22
ROUND 1861 A#10 and B#37 = 493.471
ROUND 1862 A#11 and B#37 = 512.686
ROUND 1863 A#12 and B#37 = 548.425
ROUND 1864 A#13 and B#37 = 491.187
ROUND 1865 A#14 and B#37 = 492.328
ROUND 1866 A#15 and B#37 = 548.972
ROUND 1867 A#16 and B#37 = 551.117
ROUND 1868 A#17 and B#37 = 547.966
ROUND 1869 A#18 and B#37 = 553.771
ROUND 1870 A#19 and B#37 = 551.551
ROUND 1871 A#20 and B#37 = 505.327
ROUND 1872 A#21 and B#37 = 556.483
ROUND 1873 A#22 and B#37 = 554.396
ROUND 1874 A#23 and B#37 = 556.66
ROUND 1875 A#24 and B#37 = 544.699
ROUND 1876 A#25 and B#37 = 579.02
ROUND 1877 A#26 and B#37 = 498.713
ROUND 1878 A#27 and B#37 = 554.229
ROUND 1879 A#28 and B#37 = 507.5
ROUND 1880 A#29 and B#37 = 502.117
ROUND 1881 A#30 and B#37 = 533.174
ROUND 1882 A#31 and B#37 = 565.478
ROUND 1883 A#32 and B#37 = 504.843
ROUND 1884 A#33 and B#37 = 501.747
ROUND 1885 A#34 and B#37 = 524.476
ROUND 1886 A#35 and B#37 = 557.563
ROUND 1887 A#36 and B#37 = 524.398
ROUND 1888 A#37 and B#37 = 512.553
ROUND 1889 A#38 and B#37 = 512.808
ROUND 1890 A#39 and B#37 = 529.18
ROUND 1891 A#40 and B#37 = 476.516
ROUND 1892 A#41 and B#37 = 504.024
ROUND 1893 A#42 and B#37 = 551.776
ROUND 1894 A#43 and B#37 = 517.558
ROUND 1895 A#44 and B#37 = 546.026
ROUND 1896 A#45 and B#37 = 494.966
ROUND 1897 A#46 and B#37 = 511.857
ROUND 1898 A#47 and B#37 = 498.595
ROUND 1899 A#48 and B#37 = 525.479
ROUND 1900 A#49 and B#37 = 565.968
ROUND 1901 A#0 and B#38 = 468.304
ROUND 1902 A#1 and B#38 = 453.212
ROUND 1903 A#2 and B#38 = 532.96
ROUND 1904 A#3 and B#38 = 528.476
ROUND 1905 A#4 and B#38 = 506.29
ROUND 1906 A#5 and B#38 = 521.393
ROUND 1907 A#6 and B#38 = 528.357
ROUND 1908 A#7 and B#38 = 442.067
ROUND 1909 A#8 and B#38 = 470.992
ROUND 1910 A#9 and B#38 = 524.897
ROUND 1911 A#10 and B#38 = 425.69
ROUND 1912 A#11 and B#38 = 439.668
ROUND 1913 A#12 and B#38 = 441.317
ROUND 1914 A#13 and B#38 = 423.939
ROUND 1915 A#14 and B#38 = 426.944
ROUND 1916 A#15 and B#38 = 441.51
ROUND 1917 A#16 and B#38 = 440.639
ROUND 1918 A#17 and B#38 = 440.638
ROUND 1919 A#18 and B#38 = 439.822
ROUND 1920 A#19 and B#38 = 505.74
ROUND 1921 A#20 and B#38 = 405.281
ROUND 1922 A#21 and B#38 = 463.457
ROUND 1923 A#22 and B#38 = 457.895
ROUND 1924 A#23 and B#38 = 463.645
ROUND 1925 A#24 and B#38 = 521.126
ROUND 1926 A#25 and B#38 = 486.3
ROUND 1927 A#26 and B#38 = 425.217
ROUND 1928 A#27 and B#38 = 461.278
ROUND 1929 A#28 and B#38 = 425.366
ROUND 1930 A#29 and B#38 = 423.351
ROUND 1931 A#30 and B#38 = 531.555
ROUND 1932 A#31 and B#38 = 440.164
ROUND 1933 A#32 and B#38 = 487.029
ROUND 1934 A#33 and B#38 = 501.341
ROUND 1935 A#34 and B#38 = 441.523
ROUND 1936 A#35 and B#38 = 500.207
ROUND 1937 A#36 and B#38 = 574.34
ROUND 1938 A#37 and B#38 = 419.727
ROUND 1939 A#38 and B#38 = 500.31
ROUND 1940 A#39 and B#38 = 503.999
ROUND 1941 A#40 and B#38 = 498.231
ROUND 1942 A#41 and B#38 = 418.424
ROUND 1943 A#42 and B#38 = 523.473
ROUND 1944 A#43 and B#38 = 435.531
ROUND 1945 A#44 and B#38 = 542.51
ROUND 1946 A#45 and B#38 = 480.446
ROUND 1947 A#46 and B#38 = 565.594
ROUND 1948 A#47 and B#38 = 486.709
ROUND 1949 A#48 and B#38 = 499.756
ROUND 1950 A#49 and B#38 = 462.494
ROUND 1951 A#0 and B#39 = 559.951
ROUND 1952 A#1 and B#39 = 525.442
ROUND 1953 A#2 and B#39 = 456.216
ROUND 1954 A#3 and B#39 = 459.602
ROUND 1955 A#4 and B#39 = 491.147
ROUND 1956 A#5 and B#39 = 524.187
ROUND 1957 A#6 and B#39 = 531.314
ROUND 1958 A#7 and B#39 = 560.183
ROUND 1959 A#8 and B#39 = 483.072
ROUND 1960 A#9 and B#39 = 522.381
ROUND 1961 A#10 and B#39 = 542.239
ROUND 1962 A#11 and B#39 = 535.508
ROUND 1963 A#12 and B#39 = 538.364
ROUND 1964 A#13 and B#39 = 540.384
ROUND 1965 A#14 and B#39 = 541.209
ROUND 1966 A#15 and B#39 = 538.867
ROUND 1967 A#16 and B#39 = 540.062
ROUND 1968 A#17 and B#39 = 537.769
ROUND 1969 A#18 and B#39 = 539.311
ROUND 1970 A#19 and B#39 = 553.636
ROUND 1971 A#20 and B#39 = 555.736
ROUND 1972 A#21 and B#39 = 560.291
ROUND 1973 A#22 and B#39 = 543.123
ROUND 1974 A#23 and B#39 = 560.644
ROUND 1975 A#24 and B#39 = 550.995
ROUND 1976 A#25 and B#39 = 520.504
ROUND 1977 A#26 and B#39 = 540.002
ROUND 1978 A#27 and B#39 = 543.832
ROUND 1979 A#28 and B#39 = 541.141
ROUND 1980 A#29 and B#39 = 538.257
ROUND 1981 A#30 and B#39 = 535.696
ROUND 1982 A#31 and B#39 = 538.669
ROUND 1983 A#32 and B#39 = 528.229
ROUND 1984 A#33 and B#39 = 461.095
ROUND 1985 A#34 and B#39 = 550.053
ROUND 1986 A#35 and B#39 = 462.555
ROUND 1987 A#36 and B#39 = 545.263
ROUND 1988 A#37 and B#39 = 539.627
ROUND 1989 A#38 and B#39 = 537.681
ROUND 1990 A#39 and B#39 = 535.925
ROUND 1991 A#40 and B#39 = 521.366
ROUND 1992 A#41 and B#39 = 562.099
ROUND 1993 A#42 and B#39 = 524.545
ROUND 1994 A#43 and B#39 = 546.734
ROUND 1995 A#44 and B#39 = 542.225
ROUND 1996 A#45 and B#39 = 532.308
ROUND 1997 A#46 and B#39 = 551.913
ROUND 1998 A#47 and B#39 = 492.182
ROUND 1999 A#48 and B#39 = 540.673
ROUND 2000 A#49 and B#39 = 550.508
ROUND 2001 A#0 and B#40 = 510.748
ROUND 2002 A#1 and B#40 = 580.882
ROUND 2003 A#2 and B#40 = 567.553
ROUND 2004 A#3 and B#40 = 571.174
ROUND 2005 A#4 and B#40 = 542.655
ROUND 2006 A#5 and B#40 = 529.97
ROUND 2007 A#6 and B#40 = 501.942
ROUND 2008 A#7 and B#40 = 504.74
ROUND 2009 A#8 and B#40 = 520.932
ROUND 2010 A#9 and B#40 = 556.141
ROUND 2011 A#10 and B#40 = 501.357
ROUND 2012 A#11 and B#40 = 553.229
ROUND 2013 A#12 and B#40 = 552.926
ROUND 2014 A#13 and B#40 = 499.237
ROUND 2015 A#14 and B#40 = 491.633
ROUND 2016 A#15 and B#40 = 553.181
ROUND 2017 A#16 and B#40 = 563.293
ROUND 2018 A#17 and B#40 = 552.68
ROUND 2019 A#18 and B#40 = 574.344
ROUND 2020 A#19 and B#40 = 547.284
ROUND 2021 A#20 and B#40 = 490.389
ROUND 2022 A#21 and B#40 = 528.162
ROUND 2023 A#22 and B#40 = 541.78
ROUND 2024 A#23 and B#40 = 528.309
ROUND 2025 A#24 and B#40 = 543.667
ROUND 2026 A#25 and B#40 = 574.953
ROUND 2027 A#26 and B#40 = 517.964
ROUND 2028 A#27 and B#40 = 541.388
ROUND 2029 A#28 and B#40 = 515.358
ROUND 2030 A#29 and B#40 = 516.748
ROUND 2031 A#30 and B#40 = 528.473
ROUND 2032 A#31 and B#40 = 578.909
ROUND 2033 A#32 and B#40 = 547.636
ROUND 2034 A#33 and B#40 = 546.214
ROUND 2035 A#34 and B#40 = 528.697
ROUND 2036 A#35 and B#40 = 525.774
ROUND 2037 A#36 and B#40 = 444.209
ROUND 2038 A#37 and B#40 = 508.339
ROUND 2039 A#38 and B#40 = 500.369
ROUND 2040 A#39 and B#40 = 498.986
ROUND 2041 A#40 and B#40 = 475.786
ROUND 2042 A#41 and B#40 = 505.353
ROUND 2043 A#42 and B#40 = 570.77
ROUND 2044 A#43 and B#40 = 527.691
ROUND 2045 A#44 and B#40 = 526.187
ROUND 2046 A#45 and B#40 = 540.051
ROUND 2047 A#46 and B#40 = 519.693
ROUND 2048 A#47 and B#40 = 537.558
ROUND 2049 A#48 and B#40 = 499.537
ROUND 2050 A#49 and B#40 = 540.807
ROUND 2051 A#0 and B#41 = 506.544
ROUND 2052 A#1 and B#41 = 503.155
ROUND 2053 A#2 and B#41 = 453.435
ROUND 2054 A#3 and B#41 = 457.758
ROUND 2055 A#4 and B#41 = 494.009
ROUND 2056 A#5 and B#41 = 466.94
ROUND 2057 A#6 and B#41 = 473.766
ROUND 2058 A#7 and B#41 = 521.238
ROUND 2059 A#8 and B#41 = 423.45
ROUND 2060 A#9 and B#41 = 449.329
ROUND 2061 A#10 and B#41 = 524.281
ROUND 2062 A#11 and B#41 = 525.955
ROUND 2063 A#12 and B#41 = 527.691
ROUND 2064 A#13 and B#41 = 526.996
ROUND 2065 A#14 and B#41 = 527.503
ROUND 2066 A#15 and B#41 = 527.273
ROUND 2067 A#16 and B#41 = 523.317
ROUND 2068 A#17 and B#41 = 528.121
ROUND 2069 A#18 and B#41 = 519.305
ROUND 2070 A#19 and B#41 = 488.999
ROUND 2071 A#20 and B#41 = 505.109
ROUND 2072 A#21 and B#41 = 488.866
ROUND 2073 A#22 and B#41 = 523.39
ROUND 2074 A#23 and B#41 = 488.85
ROUND 2075 A#24 and B#41 = 505.696
ROUND 2076 A#25 and B#41 = 523.191
ROUND 2077 A#26 and B#41 = 528.156
ROUND 2078 A#27 and B#41 = 525.381
ROUND 2079 A#28 and B#41 = 521.288
ROUND 2080 A#29 and B#41 = 526.422
ROUND 2081 A#30 and B#41 = 527.18
ROUND 2082 A#31 and B#41 = 520.879
ROUND 2083 A#32 and B#41 = 492.938
ROUND 2084 A#33 and B#41 = 454.722
ROUND 2085 A#34 and B#41 = 560.268
ROUND 2086 A#35 and B#41 = 468.025
ROUND 2087 A#36 and B#41 = 465.883
ROUND 2088 A#37 and B#41 = 503.389
ROUND 2089 A#38 and B#41 = 530.164
ROUND 2090 A#39 and B#41 = 538.617
ROUND 2091 A#40 and B#41 = 458.268
ROUND 2092 A#41 and B#41 = 492.14
ROUND 2093 A#42 and B#41 = 457.799
ROUND 2094 A#43 and B#41 = 498.988
ROUND 2095 A#44 and B#41 = 525.379
ROUND 2096 A#45 and B#41 = 504.21
ROUND 2097 A#46 and B#41 = 485.253
ROUND 2098 A#47 and B#41 = 498.019
ROUND 2099 A#48 and B#41 = 534.268
ROUND 2100 A#49 and B#41 = 493.599
ROUND 2101 A#0 and B#42 = 560.36
ROUND 2102 A#1 and B#42 = 526.71
ROUND 2103 A#2 and B#42 = 462.88
ROUND 2104 A#3 and B#42 = 466.59
ROUND 2105 A#4 and B#42 = 490.299
ROUND 2106 A#5 and B#42 = 524.875
ROUND 2107 A#6 and B#42 = 533.141
ROUND 2108 A#7 and B#42 = 562.311
ROUND 2109 A#8 and B#42 = 483.21
ROUND 2110 A#9 and B#42 = 523.588
ROUND 2111 A#10 and B#42 = 542.643
ROUND 2112 A#11 and B#42 = 539.106
ROUND 2113 A#12 and B#42 = 542.286
ROUND 2114 A#13 and B#42 = 540.819
ROUND 2115 A#14 and B#42 = 541.554
ROUND 2116 A#15 and B#42 = 542.77
ROUND 2117 A#16 and B#42 = 544.038
ROUND 2118 A#17 and B#42 = 541.885
ROUND 2119 A#18 and B#42 = 543.367
ROUND 2120 A#19 and B#42 = 555.182
ROUND 2121 A#20 and B#42 = 556.375
ROUND 2122 A#21 and B#42 = 561.664
ROUND 2123 A#22 and B#42 = 543.819
ROUND 2124 A#23 and B#42 = 562.01
ROUND 2125 A#24 and B#42 = 549.956
ROUND 2126 A#25 and B#42 = 520.338
ROUND 2127 A#26 and B#42 = 540.439
ROUND 2128 A#27 and B#42 = 544.517
ROUND 2129 A#28 and B#42 = 541.501
ROUND 2130 A#29 and B#42 = 538.73
ROUND 2131 A#30 and B#42 = 534.633
ROUND 2132 A#31 and B#42 = 542.421
ROUND 2133 A#32 and B#42 = 479.621
ROUND 2134 A#33 and B#42 = 461.804
ROUND 2135 A#34 and B#42 = 551.391
ROUND 2136 A#35 and B#42 = 460.194
ROUND 2137 A#36 and B#42 = 545.386
ROUND 2138 A#37 and B#42 = 541.266
ROUND 2139 A#38 and B#42 = 539.703
ROUND 2140 A#39 and B#42 = 537.949
ROUND 2141 A#40 and B#42 = 522.734
ROUND 2142 A#41 and B#42 = 562.765
ROUND 2143 A#42 and B#42 = 524.145
ROUND 2144 A#43 and B#42 = 547.944
ROUND 2145 A#44 and B#42 = 541.537
ROUND 2146 A#45 and B#42 = 492.259
ROUND 2147 A#46 and B#42 = 553.304
ROUND 2148 A#47 and B#42 = 490.67
ROUND 2149 A#48 and B#42 = 542.353
ROUND 2150 A#49 and B#42 = 500.072
ROUND 2151 A#0 and B#43 = 527.781
ROUND 2152 A#1 and B#43 = 515.479
ROUND 2153 A#2 and B#43 = 466.874
ROUND 2154 A#3 and B#43 = 469.583
ROUND 2155 A#4 and B#43 = 494.326
ROUND 2156 A#5 and B#43 = 482.845
ROUND 2157 A#6 and B#43 = 466.425
ROUND 2158 A#7 and B#43 = 547.026
ROUND 2159 A#8 and B#43 = 414.834
ROUND 2160 A#9 and B#43 = 449.985
ROUND 2161 A#10 and B#43 = 527.289
ROUND 2162 A#11 and B#43 = 530.877
ROUND 2163 A#12 and B#43 = 533.847
ROUND 2164 A#13 and B#43 = 529.243
ROUND 2165 A#14 and B#43 = 530.58
ROUND 2166 A#15 and B#43 = 533.649
ROUND 2167 A#16 and B#43 = 530.403
ROUND 2168 A#17 and B#43 = 533.252
ROUND 2169 A#18 and B#43 = 526.215
ROUND 2170 A#19 and B#43 = 499.52
ROUND 2171 A#20 and B#43 = 503.401
ROUND 2172 A#21 and B#43 = 499.823
ROUND 2173 A#22 and B#43 = 557.101
ROUND 2174 A#23 and B#43 = 499.779
ROUND 2175 A#24 and B#43 = 497.094
ROUND 2176 A#25 and B#43 = 513.879
ROUND 2177 A#26 and B#43 = 531.148
ROUND 2178 A#27 and B#43 = 557.471
ROUND 2179 A#28 and B#43 = 524.114
ROUND 2180 A#29 and B#43 = 528.562
ROUND 2181 A#30 and B#43 = 518.489
ROUND 2182 A#31 and B#43 = 528.929
ROUND 2183 A#32 and B#43 = 483.854
ROUND 2184 A#33 and B#43 = 467.591
ROUND 2185 A#34 and B#43 = 493.958
ROUND 2186 A#35 and B#43 = 465.795
ROUND 2187 A#36 and B#43 = 484.933
ROUND 2188 A#37 and B#43 = 532.656
ROUND 2189 A#38 and B#43 = 510.15
ROUND 2190 A#39 and B#43 = 514.314
ROUND 2191 A#40 and B#43 = 457.584
ROUND 2192 A#41 and B#43 = 493.025
ROUND 2193 A#42 and B#43 = 452.774
ROUND 2194 A#43 and B#43 = 498.792
ROUND 2195 A#44 and B#43 = 502.594
ROUND 2196 A#45 and B#43 = 496.542
ROUND 2197 A#46 and B#43 = 521.364
ROUND 2198 A#47 and B#43 = 494.776
ROUND 2199 A#48 and B#43 = 511.045
ROUND 2200 A#49 and B#43 = 500.344
ROUND 2201 A#0 and B#44 = 474.892
ROUND 2202 A#1 and B#44 = 574.9
ROUND 2203 A#2 and B#44 = 550.801
ROUND 2204 A#3 and B#44 = 546.266
ROUND 2205 A#4 and B#44 = 568.211
ROUND 2206 A#5 and B#44 = 509.107
ROUND 2207 A#6 and B#44 = 479.761
ROUND 2208 A#7 and B#44 = 526.603
ROUND 2209 A#8 and B#44 = 476.426
ROUND 2210 A#9 and B#44 = 556.817
ROUND 2211 A#10 and B#44 = 498.5
ROUND 2212 A#11 and B#44 = 552.028
ROUND 2213 A#12 and B#44 = 551.066
ROUND 2214 A#13 and B#44 = 496.588
ROUND 2215 A#14 and B#44 = 497.214
ROUND 2216 A#15 and B#44 = 551.552
ROUND 2217 A#16 and B#44 = 553.599
ROUND 2218 A#17 and B#44 = 550.689
ROUND 2219 A#18 and B#44 = 556.426
ROUND 2220 A#19 and B#44 = 549.202
ROUND 2221 A#20 and B#44 = 511.215
ROUND 2222 A#21 and B#44 = 517.081
ROUND 2223 A#22 and B#44 = 549.181
ROUND 2224 A#23 and B#44 = 517.291
ROUND 2225 A#24 and B#44 = 544.73
ROUND 2226 A#25 and B#44 = 578.339
ROUND 2227 A#26 and B#44 = 501.65
ROUND 2228 A#27 and B#44 = 549.288
ROUND 2229 A#28 and B#44 = 510.64
ROUND 2230 A#29 and B#44 = 504.926
ROUND 2231 A#30 and B#44 = 532.477
ROUND 2232 A#31 and B#44 = 566.01
ROUND 2233 A#32 and B#44 = 557.965
ROUND 2234 A#33 and B#44 = 548.617
ROUND 2235 A#34 and B#44 = 528.423
ROUND 2236 A#35 and B#44 = 520.662
ROUND 2237 A#36 and B#44 = 553.649
ROUND 2238 A#37 and B#44 = 516.535
ROUND 2239 A#38 and B#44 = 516.011
ROUND 2240 A#39 and B#44 = 531.048
ROUND 2241 A#40 and B#44 = 486.188
ROUND 2242 A#41 and B#44 = 509.913
ROUND 2243 A#42 and B#44 = 535.478
ROUND 2244 A#43 and B#44 = 521.642
ROUND 2245 A#44 and B#44 = 544.709
ROUND 2246 A#45 and B#44 = 545.959
ROUND 2247 A#46 and B#44 = 517.069
ROUND 2248 A#47 and B#44 = 548.543
ROUND 2249 A#48 and B#44 = 527.76
ROUND 2250 A#49 and B#44 = 529.698
ROUND 2251 A#0 and B#45 = 489.049
ROUND 2252 A#1 and B#45 = 543.408
ROUND 2253 A#2 and B#45 = 544.221
ROUND 2254 A#3 and B#45 = 538.461
ROUND 2255 A#4 and B#45 = 565.677
ROUND 2256 A#5 and B#45 = 491.629
ROUND 2257 A#6 and B#45 = 461.117
ROUND 2258 A#7 and B#45 = 507.999
ROUND 2259 A#8 and B#45 = 503.928
ROUND 2260 A#9 and B#45 = 565.702
ROUND 2261 A#10 and B#45 = 487.383
ROUND 2262 A#11 and B#45 = 538.939
ROUND 2263 A#12 and B#45 = 538.878
ROUND 2264 A#13 and B#45 = 485.556
ROUND 2265 A#14 and B#45 = 491.697
ROUND 2266 A#15 and B#45 = 539.283
ROUND 2267 A#16 and B#45 = 539.289
ROUND 2268 A#17 and B#45 = 538.753
ROUND 2269 A#18 and B#45 = 540.225
ROUND 2270 A#19 and B#45 = 584.6
ROUND 2271 A#20 and B#45 = 493.095
ROUND 2272 A#21 and B#45 = 577.341
ROUND 2273 A#22 and B#45 = 476.672
ROUND 2274 A#23 and B#45 = 577.37
ROUND 2275 A#24 and B#45 = 522.025
ROUND 2276 A#25 and B#45 = 552.219
ROUND 2277 A#26 and B#45 = 485.098
ROUND 2278 A#27 and B#45 = 476.289
ROUND 2279 A#28 and B#45 = 486.329
ROUND 2280 A#29 and B#45 = 484.916
ROUND 2281 A#30 and B#45 = 518.868
ROUND 2282 A#31 and B#45 = 540.817
ROUND 2283 A#32 and B#45 = 556.822
ROUND 2284 A#33 and B#45 = 550.222
ROUND 2285 A#34 and B#45 = 514.769
ROUND 2286 A#35 and B#45 = 563.882
ROUND 2287 A#36 and B#45 = 537.585
ROUND 2288 A#37 and B#45 = 501.807
ROUND 2289 A#38 and B#45 = 502.019
ROUND 2290 A#39 and B#45 = 512.012
ROUND 2291 A#40 and B#45 = 496.086
ROUND 2292 A#41 and B#45 = 495.414
ROUND 2293 A#42 and B#45 = 512.85
ROUND 2294 A#43 and B#45 = 509.007
ROUND 2295 A#44 and B#45 = 536.122
ROUND 2296 A#45 and B#45 = 542.848
ROUND 2297 A#46 and B#45 = 500.252
ROUND 2298 A#47 and B#45 = 543.392
ROUND 2299 A#48 and B#45 = 508.913
ROUND 2300 A#49 and B#45 = 596.001
ROUND 2301 A#0 and B#46 = 450.526
ROUND 2302 A#1 and B#46 = 539.278
ROUND 2303 A#2 and B#46 = 534.076
ROUND 2304 A#3 and B#46 = 531.722
ROUND 2305 A#4 and B#46 = 506.697
ROUND 2306 A#5 and B#46 = 478.677
ROUND 2307 A#6 and B#46 = 535.159
ROUND 2308 A#7 and B#46 = 438.017
ROUND 2309 A#8 and B#46 = 470.82
ROUND 2310 A#9 and B#46 = 509.61
ROUND 2311 A#10 and B#46 = 566.861
ROUND 2312 A#11 and B#46 = 564.421
ROUND 2313 A#12 and B#46 = 567.306
ROUND 2314 A#13 and B#46 = 568.105
ROUND 2315 A#14 and B#46 = 567.892
ROUND 2316 A#15 and B#46 = 567.354
ROUND 2317 A#16 and B#46 = 566.226
ROUND 2318 A#17 and B#46 = 567.281
ROUND 2319 A#18 and B#46 = 562.08
ROUND 2320 A#19 and B#46 = 501.758
ROUND 2321 A#20 and B#46 = 509.745
ROUND 2322 A#21 and B#46 = 470.565
ROUND 2323 A#22 and B#46 = 511.483
ROUND 2324 A#23 and B#46 = 470.744
ROUND 2325 A#24 and B#46 = 516.178
ROUND 2326 A#25 and B#46 = 516.481
ROUND 2327 A#26 and B#46 = 550.596
ROUND 2328 A#27 and B#46 = 511.091
ROUND 2329 A#28 and B#46 = 551.147
ROUND 2330 A#29 and B#46 = 551.485
ROUND 2331 A#30 and B#46 = 530.379
ROUND 2332 A#31 and B#46 = 536.844
ROUND 2333 A#32 and B#46 = 484.542
ROUND 2334 A#33 and B#46 = 512.47
ROUND 2335 A#34 and B#46 = 590.319
ROUND 2336 A#35 and B#46 = 448.111
ROUND 2337 A#36 and B#46 = 569.617
ROUND 2338 A#37 and B#46 = 510.81
ROUND 2339 A#38 and B#46 = 512.911
ROUND 2340 A#39 and B#46 = 515.187
ROUND 2341 A#40 and B#46 = 510.766
ROUND 2342 A#41 and B#46 = 564.595
ROUND 2343 A#42 and B#46 = 549.794
ROUND 2344 A#43 and B#46 = 590.825
ROUND 2345 A#44 and B#46 = 521.86
ROUND 2346 A#45 and B#46 = 494.172
ROUND 2347 A#46 and B#46 = 514.581
ROUND 2348 A#47 and B#46 = 499.845
ROUND 2349 A#48 and B#46 = 511.425
ROUND 2350 A#49 and B#46 = 483.044
ROUND 2351 A#0 and B#47 = 552.46
ROUND 2352 A#1 and B#47 = 569.624
ROUND 2353 A#2 and B#47 = 505.272
ROUND 2354 A#3 and B#47 = 497.115
ROUND 2355 A#4 and B#47 = 520.019
ROUND 2356 A#5 and B#47 = 509.18
ROUND 2357 A#6 and B#47 = 479.947
ROUND 2358 A#7 and B#47 = 493.792
ROUND 2359 A#8 and B#47 = 470.152
ROUND 2360 A#9 and B#47 = 513.438
ROUND 2361 A#10 and B#47 = 495.513
ROUND 2362 A#11 and B#47 = 552.195
ROUND 2363 A#12 and B#47 = 550.601
ROUND 2364 A#13 and B#47 = 493.981
ROUND 2365 A#14 and B#47 = 493.544
ROUND 2366 A#15 and B#47 = 551.034
ROUND 2367 A#16 and B#47 = 553.899
ROUND 2368 A#17 and B#47 = 550.21
ROUND 2369 A#18 and B#47 = 557.358
ROUND 2370 A#19 and B#47 = 558.861
ROUND 2371 A#20 and B#47 = 504.026
ROUND 2372 A#21 and B#47 = 564.617
ROUND 2373 A#22 and B#47 = 567.059
ROUND 2374 A#23 and B#47 = 564.842
ROUND 2375 A#24 and B#47 = 543.018
ROUND 2376 A#25 and B#47 = 572.747
ROUND 2377 A#26 and B#47 = 494.706
ROUND 2378 A#27 and B#47 = 566.674
ROUND 2379 A#28 and B#47 = 502.276
ROUND 2380 A#29 and B#47 = 497.441
ROUND 2381 A#30 and B#47 = 531.977
ROUND 2382 A#31 and B#47 = 560.582
ROUND 2383 A#32 and B#47 = 508.029
ROUND 2384 A#33 and B#47 = 510.324
ROUND 2385 A#34 and B#47 = 526.4
ROUND 2386 A#35 and B#47 = 571.177
ROUND 2387 A#36 and B#47 = 529.958
ROUND 2388 A#37 and B#47 = 513.8
ROUND 2389 A#38 and B#47 = 513.257
ROUND 2390 A#39 and B#47 = 523.922
ROUND 2391 A#40 and B#47 = 460.867
ROUND 2392 A#41 and B#47 = 506.355
ROUND 2393 A#42 and B#47 = 542.926
ROUND 2394 A#43 and B#47 = 519.334
ROUND 2395 A#44 and B#47 = 542.103
ROUND 2396 A#45 and B#47 = 499.039
ROUND 2397 A#46 and B#47 = 513.738
ROUND 2398 A#47 and B#47 = 503.793
ROUND 2399 A#48 and B#47 = 520.507
ROUND 2400 A#49 and B#47 = 559.305
ROUND 2401 A#0 and B#48 = 474.3
ROUND 2402 A#1 and B#48 = 572.056
ROUND 2403 A#2 and B#48 = 550.168
ROUND 2404 A#3 and B#48 = 545.974
ROUND 2405 A#4 and B#48 = 568.347
ROUND 2406 A#5 and B#48 = 511.341
ROUND 2407 A#6 and B#48 = 484.121
ROUND 2408 A#7 and B#48 = 527.73
ROUND 2409 A#8 and B#48 = 477.073
ROUND 2410 A#9 and B#48 = 554.9
ROUND 2411 A#10 and B#48 = 499.764
ROUND 2412 A#11 and B#48 = 553.289
ROUND 2413 A#12 and B#48 = 551.829
ROUND 2414 A#13 and B#48 = 498.202
ROUND 2415 A#14 and B#48 = 497.776
ROUND 2416 A#15 and B#48 = 552.163
ROUND 2417 A#16 and B#48 = 555.078
ROUND 2418 A#17 and B#48 = 551.394
ROUND 2419 A#18 and B#48 = 558.604
ROUND 2420 A#19 and B#48 = 548.002
ROUND 2421 A#20 and B#48 = 509.254
ROUND 2422 A#21 and B#48 = 516.996
ROUND 2423 A#22 and B#48 = 552.938
ROUND 2424 A#23 and B#48 = 517.257
ROUND 2425 A#24 and B#48 = 543.175
ROUND 2426 A#25 and B#48 = 574.833
ROUND 2427 A#26 and B#48 = 499.093
ROUND 2428 A#27 and B#48 = 553.457
ROUND 2429 A#28 and B#48 = 506.848
ROUND 2430 A#29 and B#48 = 501.933
ROUND 2431 A#30 and B#48 = 532.986
ROUND 2432 A#31 and B#48 = 562.491
ROUND 2433 A#32 and B#48 = 557.896
ROUND 2434 A#33 and B#48 = 548.422
ROUND 2435 A#34 and B#48 = 529.156
ROUND 2436 A#35 and B#48 = 563.307
ROUND 2437 A#36 and B#48 = 553.312
ROUND 2438 A#37 and B#48 = 517.238
ROUND 2439 A#38 and B#48 = 516.338
ROUND 2440 A#39 and B#48 = 527.952
ROUND 2441 A#40 and B#48 = 488.207
ROUND 2442 A#41 and B#48 = 510.754
ROUND 2443 A#42 and B#48 = 539.439
ROUND 2444 A#43 and B#48 = 521.798
ROUND 2445 A#44 and B#48 = 542.743
ROUND 2446 A#45 and B#48 = 546.728
ROUND 2447 A#46 and B#48 = 517.937
ROUND 2448 A#47 and B#48 = 549.108
ROUND 2449 A#48 and B#48 = 524.858
ROUND 2450 A#49 and B#48 = 534.365
ROUND 2451 A#0 and B#49 = 452.018
ROUND 2452 A#1 and B#49 = 477.76
ROUND 2453 A#2 and B#49 = 496.514
ROUND 2454 A#3 and B#49 = 493.928
ROUND 2455 A#4 and B#49 = 587.975
ROUND 2456 A#5 and B#49 = 487.009
ROUND 2457 A#6 and B#49 = 501.258
ROUND 2458 A#7 and B#49 = 504.354
ROUND 2459 A#8 and B#49 = 492.193
ROUND 2460 A#9 and B#49 = 528.818
ROUND 2461 A#10 and B#49 = 523.961
ROUND 2462 A#11 and B#49 = 484.848
ROUND 2463 A#12 and B#49 = 486.015
ROUND 2464 A#13 and B#49 = 525.677
ROUND 2465 A#14 and B#49 = 524.735
ROUND 2466 A#15 and B#49 = 485.682
ROUND 2467 A#16 and B#49 = 484.71
ROUND 2468 A#17 and B#49 = 487.187
ROUND 2469 A#18 and B#49 = 484.193
ROUND 2470 A#19 and B#49 = 467.428
ROUND 2471 A#20 and B#49 = 524.821
ROUND 2472 A#21 and B#49 = 497.36
ROUND 2473 A#22 and B#49 = 537.459
ROUND 2474 A#23 and B#49 = 497.381
ROUND 2475 A#24 and B#49 = 485.466
ROUND 2476 A#25 and B#49 = 480.899
ROUND 2477 A#26 and B#49 = 545.292
ROUND 2478 A#27 and B#49 = 536.047
ROUND 2479 A#28 and B#49 = 543.219
ROUND 2480 A#29 and B#49 = 548.393
ROUND 2481 A#30 and B#49 = 478.043
ROUND 2482 A#31 and B#49 = 502.367
ROUND 2483 A#32 and B#49 = 580.71
ROUND 2484 A#33 and B#49 = 531.922
ROUND 2485 A#34 and B#49 = 513.372
ROUND 2486 A#35 and B#49 = 538.078
ROUND 2487 A#36 and B#49 = 480.497
ROUND 2488 A#37 and B#49 = 517.143
ROUND 2489 A#38 and B#49 = 516.969
ROUND 2490 A#39 and B#49 = 527.075
ROUND 2491 A#40 and B#49 = 485.425
ROUND 2492 A#41 and B#49 = 508.631
ROUND 2493 A#42 and B#49 = 448.113
ROUND 2494 A#43 and B#49 = 506.959
ROUND 2495 A#44 and B#49 = 461.063
ROUND 2496 A#45 and B#49 = 572.466
ROUND 2497 A#46 and B#49 = 506.233
ROUND 2498 A#47 and B#49 = 559.757
ROUND 2499 A#48 and B#49 = 526.67
ROUND 2500 A#49 and B#49 = 512.808

The best overlap is between conformer A#49 and B#34, which, after PCA followed by Steepest Descent, produces a volume overlap of 599.968
Tanimoto (Hodgkin) similarity index: 0.453962

Saving those best conformers to file...
WRITING MOLECULE TO FILE '../ALL_PAIRS_BQ123_AS_REFERENCE/ROKS2/BQ123-S1255.mol2' (WILL OVERWRITE EXISTING FILE IF ANY)...
WRITING MOLECULE TO FILE '../ALL_PAIRS_BQ123_AS_REFERENCE/ROKS2/BQ123-S1255.mol2'...
