Finished importing molecules
WARNING: LAPACK DSYEV() RETURNED NON-ZERO ERROR CODE 2
WARNING: LAPACK DSYEV() RETURNED NON-ZERO ERROR CODE 3
WARNING: LAPACK DSYEV() RETURNED NON-ZERO ERROR CODE 3
WARNING: LAPACK DSYEV() RETURNED NON-ZERO ERROR CODE 2
WARNING: LAPACK DSYEV() RETURNED NON-ZERO ERROR CODE 3
WARNING: LAPACK DSYEV() RETURNED NON-ZERO ERROR CODE 2
WARNING: LAPACK DSYEV() RETURNED NON-ZERO ERROR CODE 3
WARNING: LAPACK DSYEV() RETURNED NON-ZERO ERROR CODE 3
WARNING: LAPACK DSYEV() RETURNED NON-ZERO ERROR CODE 2
WARNING: LAPACK DSYEV() RETURNED NON-ZERO ERROR CODE 3
WARNING: LAPACK DSYEV() RETURNED NON-ZERO ERROR CODE 3
WARNING: LAPACK DSYEV() RETURNED NON-ZERO ERROR CODE 2
WARNING: LAPACK DSYEV() RETURNED NON-ZERO ERROR CODE 3
WARNING: LAPACK DSYEV() RETURNED NON-ZERO ERROR CODE 3
WARNING: LAPACK DSYEV() RETURNED NON-ZERO ERROR CODE 3
WARNING: LAPACK DSYEV() RETURNED NON-ZERO ERROR CODE 3
WARNING: LAPACK DSYEV() RETURNED NON-ZERO ERROR CODE 2
WARNING: LAPACK DSYEV() RETURNED NON-ZERO ERROR CODE 3
WARNING: LAPACK DSYEV() RETURNED NON-ZERO ERROR CODE 3
WARNING: LAPACK DSYEV() RETURNED NON-ZERO ERROR CODE 3
WARNING: LAPACK DSYEV() RETURNED NON-ZERO ERROR CODE 3
WARNING: LAPACK DSYEV() RETURNED NON-ZERO ERROR CODE 3
WARNING: LAPACK DSYEV() RETURNED NON-ZERO ERROR CODE 2
WARNING: LAPACK DSYEV() RETURNED NON-ZERO ERROR CODE 3
WARNING: LAPACK DSYEV() RETURNED NON-ZERO ERROR CODE 3
WARNING: LAPACK DSYEV() RETURNED NON-ZERO ERROR CODE 3
WARNING: LAPACK DSYEV() RETURNED NON-ZERO ERROR CODE 2
WARNING: LAPACK DSYEV() RETURNED NON-ZERO ERROR CODE 3
WARNING: LAPACK DSYEV() RETURNED NON-ZERO ERROR CODE 2
WARNING: LAPACK DSYEV() RETURNED NON-ZERO ERROR CODE 3
WARNING: LAPACK DSYEV() RETURNED NON-ZERO ERROR CODE 3
WARNING: LAPACK DSYEV() RETURNED NON-ZERO ERROR CODE 2
WARNING: LAPACK DSYEV() RETURNED NON-ZERO ERROR CODE 2
WARNING: LAPACK DSYEV() RETURNED NON-ZERO ERROR CODE 2
WARNING: LAPACK DSYEV() RETURNED NON-ZERO ERROR CODE 3
WARNING: LAPACK DSYEV() RETURNED NON-ZERO ERROR CODE 3
WARNING: LAPACK DSYEV() RETURNED NON-ZERO ERROR CODE 3
WARNING: LAPACK DSYEV() RETURNED NON-ZERO ERROR CODE 3
WARNING: LAPACK DSYEV() RETURNED NON-ZERO ERROR CODE 3
WARNING: LAPACK DSYEV() RETURNED NON-ZERO ERROR CODE 2
WARNING: LAPACK DSYEV() RETURNED NON-ZERO ERROR CODE 2
WARNING: LAPACK DSYEV() RETURNED NON-ZERO ERROR CODE 3
WARNING: LAPACK DSYEV() RETURNED NON-ZERO ERROR CODE 3
WARNING: LAPACK DSYEV() RETURNED NON-ZERO ERROR CODE 2
WARNING: LAPACK DSYEV() RETURNED NON-ZERO ERROR CODE 3
WARNING: LAPACK DSYEV() RETURNED NON-ZERO ERROR CODE 3
WARNING: LAPACK DSYEV() RETURNED NON-ZERO ERROR CODE 2
WARNING: LAPACK DSYEV() RETURNED NON-ZERO ERROR CODE 3
WARNING: LAPACK DSYEV() RETURNED NON-ZERO ERROR CODE 3
WARNING: LAPACK DSYEV() RETURNED NON-ZERO ERROR CODE 3
WARNING: LAPACK DSYEV() RETURNED NON-ZERO ERROR CODE 2
WARNING: LAPACK DSYEV() RETURNED NON-ZERO ERROR CODE 3
WARNING: LAPACK DSYEV() RETURNED NON-ZERO ERROR CODE 3
WARNING: LAPACK DSYEV() RETURNED NON-ZERO ERROR CODE 2
WARNING: LAPACK DSYEV() RETURNED NON-ZERO ERROR CODE 3
WARNING: LAPACK DSYEV() RETURNED NON-ZERO ERROR CODE 2
WARNING: LAPACK DSYEV() RETURNED NON-ZERO ERROR CODE 2
WARNING: LAPACK DSYEV() RETURNED NON-ZERO ERROR CODE 3
WARNING: LAPACK DSYEV() RETURNED NON-ZERO ERROR CODE 3
WARNING: LAPACK DSYEV() RETURNED NON-ZERO ERROR CODE 3
WARNING: LAPACK DSYEV() RETURNED NON-ZERO ERROR CODE 2
WARNING: LAPACK DSYEV() RETURNED NON-ZERO ERROR CODE 3
WARNING: LAPACK DSYEV() RETURNED NON-ZERO ERROR CODE 2
WARNING: LAPACK DSYEV() RETURNED NON-ZERO ERROR CODE 3
WARNING: LAPACK DSYEV() RETURNED NON-ZERO ERROR CODE 2
WARNING: LAPACK DSYEV() RETURNED NON-ZERO ERROR CODE 2
WARNING: LAPACK DSYEV() RETURNED NON-ZERO ERROR CODE 3
WARNING: LAPACK DSYEV() RETURNED NON-ZERO ERROR CODE 2
WARNING: LAPACK DSYEV() RETURNED NON-ZERO ERROR CODE 2
WARNING: LAPACK DSYEV() RETURNED NON-ZERO ERROR CODE 2
WARNING: LAPACK DSYEV() RETURNED NON-ZERO ERROR CODE 2
WARNING: LAPACK DSYEV() RETURNED NON-ZERO ERROR CODE 3
WARNING: LAPACK DSYEV() RETURNED NON-ZERO ERROR CODE 3
WARNING: LAPACK DSYEV() RETURNED NON-ZERO ERROR CODE 3
WARNING: LAPACK DSYEV() RETURNED NON-ZERO ERROR CODE 3
WARNING: LAPACK DSYEV() RETURNED NON-ZERO ERROR CODE 3
WARNING: LAPACK DSYEV() RETURNED NON-ZERO ERROR CODE 2
WARNING: LAPACK DSYEV() RETURNED NON-ZERO ERROR CODE 2
WARNING: LAPACK DSYEV() RETURNED NON-ZERO ERROR CODE 3
WARNING: LAPACK DSYEV() RETURNED NON-ZERO ERROR CODE 3
WARNING: LAPACK DSYEV() RETURNED NON-ZERO ERROR CODE 2
WARNING: LAPACK DSYEV() RETURNED NON-ZERO ERROR CODE 3
WARNING: LAPACK DSYEV() RETURNED NON-ZERO ERROR CODE 2
WARNING: LAPACK DSYEV() RETURNED NON-ZERO ERROR CODE 3
WARNING: LAPACK DSYEV() RETURNED NON-ZERO ERROR CODE 2
WARNING: LAPACK DSYEV() RETURNED NON-ZERO ERROR CODE 3
WARNING: LAPACK DSYEV() RETURNED NON-ZERO ERROR CODE 3
WARNING: LAPACK DSYEV() RETURNED NON-ZERO ERROR CODE 2
WARNING: LAPACK DSYEV() RETURNED NON-ZERO ERROR CODE 2
WARNING: LAPACK DSYEV() RETURNED NON-ZERO ERROR CODE 3
WARNING: LAPACK DSYEV() RETURNED NON-ZERO ERROR CODE 3
WARNING: LAPACK DSYEV() RETURNED NON-ZERO ERROR CODE 3
WARNING: LAPACK DSYEV() RETURNED NON-ZERO ERROR CODE 3
WARNING: LAPACK DSYEV() RETURNED NON-ZERO ERROR CODE 3
WARNING: LAPACK DSYEV() RETURNED NON-ZERO ERROR CODE 2
WARNING: LAPACK DSYEV() RETURNED NON-ZERO ERROR CODE 2
WARNING: LAPACK DSYEV() RETURNED NON-ZERO ERROR CODE 2
WARNING: LAPACK DSYEV() RETURNED NON-ZERO ERROR CODE 2
WARNING: LAPACK DSYEV() RETURNED NON-ZERO ERROR CODE 2
WARNING: LAPACK DSYEV() RETURNED NON-ZERO ERROR CODE 3
Finished setting up data; running search...
ROUND 1 A#0 and B#0 = 650.105
ROUND 2 A#1 and B#0 = 621.33
ROUND 3 A#2 and B#0 = 616.651
ROUND 4 A#3 and B#0 = 559.096
ROUND 5 A#4 and B#0 = 595.26
ROUND 6 A#5 and B#0 = 654.129
ROUND 7 A#6 and B#0 = 578.769
ROUND 8 A#7 and B#0 = 620.233
ROUND 9 A#8 and B#0 = 672.53
ROUND 10 A#9 and B#0 = 581.374
ROUND 11 A#10 and B#0 = 574.179
ROUND 12 A#11 and B#0 = 677.259
ROUND 13 A#12 and B#0 = 622.954
ROUND 14 A#13 and B#0 = 620.82
ROUND 15 A#14 and B#0 = 632.159
ROUND 16 A#15 and B#0 = 625.678
ROUND 17 A#16 and B#0 = 690.366
ROUND 18 A#17 and B#0 = 575.526
ROUND 19 A#18 and B#0 = 608.514
ROUND 20 A#19 and B#0 = 594.608
ROUND 21 A#20 and B#0 = 634.427
ROUND 22 A#21 and B#0 = 621.098
ROUND 23 A#22 and B#0 = 567.257
ROUND 24 A#23 and B#0 = 588.935
ROUND 25 A#24 and B#0 = 566.528
ROUND 26 A#25 and B#0 = 568.694
ROUND 27 A#26 and B#0 = 675.962
ROUND 28 A#27 and B#0 = 621.613
ROUND 29 A#28 and B#0 = 675.768
ROUND 30 A#29 and B#0 = 631.91
ROUND 31 A#30 and B#0 = 621.499
ROUND 32 A#31 and B#0 = 592.175
ROUND 33 A#32 and B#0 = 566.391
ROUND 34 A#33 and B#0 = 653.013
ROUND 35 A#34 and B#0 = 625.462
ROUND 36 A#35 and B#0 = 621.362
ROUND 37 A#36 and B#0 = 568.883
ROUND 38 A#37 and B#0 = 625.219
ROUND 39 A#38 and B#0 = 588.937
ROUND 40 A#39 and B#0 = 685.907
ROUND 41 A#40 and B#0 = 609.883
ROUND 42 A#41 and B#0 = 605.724
ROUND 43 A#42 and B#0 = 574.658
ROUND 44 A#43 and B#0 = 668.063
ROUND 45 A#44 and B#0 = 637.042
ROUND 46 A#45 and B#0 = 635.471
ROUND 47 A#46 and B#0 = 682.41
ROUND 48 A#47 and B#0 = 633.826
ROUND 49 A#48 and B#0 = 633.22
ROUND 50 A#49 and B#0 = 631.979
ROUND 51 A#0 and B#1 = 644.499
ROUND 52 A#1 and B#1 = 597.095
ROUND 53 A#2 and B#1 = 609.87
ROUND 54 A#3 and B#1 = 647.626
ROUND 55 A#4 and B#1 = 612.286
ROUND 56 A#5 and B#1 = 638.012
ROUND 57 A#6 and B#1 = 581.473
ROUND 58 A#7 and B#1 = 589.079
ROUND 59 A#8 and B#1 = 584.386
ROUND 60 A#9 and B#1 = 553.554
ROUND 61 A#10 and B#1 = 566.647
ROUND 62 A#11 and B#1 = 608.806
ROUND 63 A#12 and B#1 = 614.976
ROUND 64 A#13 and B#1 = 594.312
ROUND 65 A#14 and B#1 = 613.44
ROUND 66 A#15 and B#1 = 627.966
ROUND 67 A#16 and B#1 = 593.83
ROUND 68 A#17 and B#1 = 520.324
ROUND 69 A#18 and B#1 = 565.692
ROUND 70 A#19 and B#1 = 580.022
ROUND 71 A#20 and B#1 = 594.67
ROUND 72 A#21 and B#1 = 599.364
ROUND 73 A#22 and B#1 = 665.887
ROUND 74 A#23 and B#1 = 598.993
ROUND 75 A#24 and B#1 = 533.59
ROUND 76 A#25 and B#1 = 627.603
ROUND 77 A#26 and B#1 = 608.324
ROUND 78 A#27 and B#1 = 620.824
ROUND 79 A#28 and B#1 = 584.006
ROUND 80 A#29 and B#1 = 619.382
ROUND 81 A#30 and B#1 = 595.341
ROUND 82 A#31 and B#1 = 615.96
ROUND 83 A#32 and B#1 = 675.427
ROUND 84 A#33 and B#1 = 648.948
ROUND 85 A#34 and B#1 = 624.555
ROUND 86 A#35 and B#1 = 591.882
ROUND 87 A#36 and B#1 = 608.25
ROUND 88 A#37 and B#1 = 616.686
ROUND 89 A#38 and B#1 = 578.104
ROUND 90 A#39 and B#1 = 602.037
ROUND 91 A#40 and B#1 = 578.089
ROUND 92 A#41 and B#1 = 609.445
ROUND 93 A#42 and B#1 = 564.273
ROUND 94 A#43 and B#1 = 575.338
ROUND 95 A#44 and B#1 = 617.042
ROUND 96 A#45 and B#1 = 617.532
ROUND 97 A#46 and B#1 = 606.586
ROUND 98 A#47 and B#1 = 638.64
ROUND 99 A#48 and B#1 = 611.466
ROUND 100 A#49 and B#1 = 611.4
ROUND 101 A#0 and B#2 = 644.229
ROUND 102 A#1 and B#2 = 598.479
ROUND 103 A#2 and B#2 = 616.089
ROUND 104 A#3 and B#2 = 650.406
ROUND 105 A#4 and B#2 = 605.646
ROUND 106 A#5 and B#2 = 636.462
ROUND 107 A#6 and B#2 = 578.831
ROUND 108 A#7 and B#2 = 586.884
ROUND 109 A#8 and B#2 = 584.48
ROUND 110 A#9 and B#2 = 557.668
ROUND 111 A#10 and B#2 = 566.547
ROUND 112 A#11 and B#2 = 609.257
ROUND 113 A#12 and B#2 = 617.267
ROUND 114 A#13 and B#2 = 594.739
ROUND 115 A#14 and B#2 = 610.678
ROUND 116 A#15 and B#2 = 628.631
ROUND 117 A#16 and B#2 = 593.31
ROUND 118 A#17 and B#2 = 578.711
ROUND 119 A#18 and B#2 = 575.089
ROUND 120 A#19 and B#2 = 580.353
ROUND 121 A#20 and B#2 = 599.33
ROUND 122 A#21 and B#2 = 599.479
ROUND 123 A#22 and B#2 = 664.32
ROUND 124 A#23 and B#2 = 596.515
ROUND 125 A#24 and B#2 = 533.605
ROUND 126 A#25 and B#2 = 636.649
ROUND 127 A#26 and B#2 = 608.895
ROUND 128 A#27 and B#2 = 622.975
ROUND 129 A#28 and B#2 = 581.786
ROUND 130 A#29 and B#2 = 628.221
ROUND 131 A#30 and B#2 = 593.699
ROUND 132 A#31 and B#2 = 618.695
ROUND 133 A#32 and B#2 = 672.623
ROUND 134 A#33 and B#2 = 648.782
ROUND 135 A#34 and B#2 = 626.656
ROUND 136 A#35 and B#2 = 590.063
ROUND 137 A#36 and B#2 = 602.009
ROUND 138 A#37 and B#2 = 616.912
ROUND 139 A#38 and B#2 = 576.363
ROUND 140 A#39 and B#2 = 607.221
ROUND 141 A#40 and B#2 = 575.71
ROUND 142 A#41 and B#2 = 611.206
ROUND 143 A#42 and B#2 = 564.63
ROUND 144 A#43 and B#2 = 572.59
ROUND 145 A#44 and B#2 = 621.731
ROUND 146 A#45 and B#2 = 622.324
ROUND 147 A#46 and B#2 = 604.185
ROUND 148 A#47 and B#2 = 638.69
ROUND 149 A#48 and B#2 = 608.651
ROUND 150 A#49 and B#2 = 608.767
ROUND 151 A#0 and B#3 = 619.037
ROUND 152 A#1 and B#3 = 574.737
ROUND 153 A#2 and B#3 = 555.926
ROUND 154 A#3 and B#3 = 626.402
ROUND 155 A#4 and B#3 = 603.608
ROUND 156 A#5 and B#3 = 601.129
ROUND 157 A#6 and B#3 = 531.313
ROUND 158 A#7 and B#3 = 608.352
ROUND 159 A#8 and B#3 = 737.024
ROUND 160 A#9 and B#3 = 523.844
ROUND 161 A#10 and B#3 = 541.531
ROUND 162 A#11 and B#3 = 741.419
ROUND 163 A#12 and B#3 = 558.05
ROUND 164 A#13 and B#3 = 573.017
ROUND 165 A#14 and B#3 = 620.072
ROUND 166 A#15 and B#3 = 604.015
ROUND 167 A#16 and B#3 = 744.191
ROUND 168 A#17 and B#3 = 523.545
ROUND 169 A#18 and B#3 = 587.638
ROUND 170 A#19 and B#3 = 545.636
ROUND 171 A#20 and B#3 = 590.902
ROUND 172 A#21 and B#3 = 573.213
ROUND 173 A#22 and B#3 = 610.728
ROUND 174 A#23 and B#3 = 542.648
ROUND 175 A#24 and B#3 = 525.393
ROUND 176 A#25 and B#3 = 631.009
ROUND 177 A#26 and B#3 = 740.408
ROUND 178 A#27 and B#3 = 556.995
ROUND 179 A#28 and B#3 = 748.542
ROUND 180 A#29 and B#3 = 543.292
ROUND 181 A#30 and B#3 = 607.125
ROUND 182 A#31 and B#3 = 580.221
ROUND 183 A#32 and B#3 = 610.77
ROUND 184 A#33 and B#3 = 620.184
ROUND 185 A#34 and B#3 = 591.331
ROUND 186 A#35 and B#3 = 608.145
ROUND 187 A#36 and B#3 = 602.834
ROUND 188 A#37 and B#3 = 558.438
ROUND 189 A#38 and B#3 = 588.34
ROUND 190 A#39 and B#3 = 738.875
ROUND 191 A#40 and B#3 = 598.752
ROUND 192 A#41 and B#3 = 594.609
ROUND 193 A#42 and B#3 = 541.142
ROUND 194 A#43 and B#3 = 734.011
ROUND 195 A#44 and B#3 = 633.917
ROUND 196 A#45 and B#3 = 542.875
ROUND 197 A#46 and B#3 = 742.348
ROUND 198 A#47 and B#3 = 604.855
ROUND 199 A#48 and B#3 = 617.482
ROUND 200 A#49 and B#3 = 618.403
ROUND 201 A#0 and B#4 = 621.857
ROUND 202 A#1 and B#4 = 616.349
ROUND 203 A#2 and B#4 = 596.785
ROUND 204 A#3 and B#4 = 637.095
ROUND 205 A#4 and B#4 = 613.322
ROUND 206 A#5 and B#4 = 625.455
ROUND 207 A#6 and B#4 = 520.195
ROUND 208 A#7 and B#4 = 613.705
ROUND 209 A#8 and B#4 = 583.893
ROUND 210 A#9 and B#4 = 545.075
ROUND 211 A#10 and B#4 = 539.16
ROUND 212 A#11 and B#4 = 592.242
ROUND 213 A#12 and B#4 = 591.929
ROUND 214 A#13 and B#4 = 615.074
ROUND 215 A#14 and B#4 = 598.89
ROUND 216 A#15 and B#4 = 604.884
ROUND 217 A#16 and B#4 = 587.994
ROUND 218 A#17 and B#4 = 556.155
ROUND 219 A#18 and B#4 = 582.873
ROUND 220 A#19 and B#4 = 549.842
ROUND 221 A#20 and B#4 = 598.989
ROUND 222 A#21 and B#4 = 612.035
ROUND 223 A#22 and B#4 = 643.859
ROUND 224 A#23 and B#4 = 522.586
ROUND 225 A#24 and B#4 = 531.233
ROUND 226 A#25 and B#4 = 614.168
ROUND 227 A#26 and B#4 = 591.705
ROUND 228 A#27 and B#4 = 597.964
ROUND 229 A#28 and B#4 = 579.719
ROUND 230 A#29 and B#4 = 598.001
ROUND 231 A#30 and B#4 = 617.594
ROUND 232 A#31 and B#4 = 543.932
ROUND 233 A#32 and B#4 = 649.486
ROUND 234 A#33 and B#4 = 624.096
ROUND 235 A#34 and B#4 = 603.134
ROUND 236 A#35 and B#4 = 615.42
ROUND 237 A#36 and B#4 = 633.628
ROUND 238 A#37 and B#4 = 596.777
ROUND 239 A#38 and B#4 = 585.231
ROUND 240 A#39 and B#4 = 582.34
ROUND 241 A#40 and B#4 = 554.905
ROUND 242 A#41 and B#4 = 599.011
ROUND 243 A#42 and B#4 = 549.065
ROUND 244 A#43 and B#4 = 573.688
ROUND 245 A#44 and B#4 = 594.408
ROUND 246 A#45 and B#4 = 592.674
ROUND 247 A#46 and B#4 = 583.93
ROUND 248 A#47 and B#4 = 630.172
ROUND 249 A#48 and B#4 = 597.937
ROUND 250 A#49 and B#4 = 596.939
ROUND 251 A#0 and B#5 = 618.887
ROUND 252 A#1 and B#5 = 602.23
ROUND 253 A#2 and B#5 = 554.235
ROUND 254 A#3 and B#5 = 620.146
ROUND 255 A#4 and B#5 = 600.424
ROUND 256 A#5 and B#5 = 600.271
ROUND 257 A#6 and B#5 = 534.302
ROUND 258 A#7 and B#5 = 621.31
ROUND 259 A#8 and B#5 = 724.37
ROUND 260 A#9 and B#5 = 497.094
ROUND 261 A#10 and B#5 = 554.227
ROUND 262 A#11 and B#5 = 724.7
ROUND 263 A#12 and B#5 = 587.866
ROUND 264 A#13 and B#5 = 604.072
ROUND 265 A#14 and B#5 = 619.017
ROUND 266 A#15 and B#5 = 582.427
ROUND 267 A#16 and B#5 = 729.255
ROUND 268 A#17 and B#5 = 524.968
ROUND 269 A#18 and B#5 = 558.31
ROUND 270 A#19 and B#5 = 557.897
ROUND 271 A#20 and B#5 = 562.066
ROUND 272 A#21 and B#5 = 603.478
ROUND 273 A#22 and B#5 = 612.11
ROUND 274 A#23 and B#5 = 545.829
ROUND 275 A#24 and B#5 = 527.194
ROUND 276 A#25 and B#5 = 549.612
ROUND 277 A#26 and B#5 = 723.627
ROUND 278 A#27 and B#5 = 582.547
ROUND 279 A#28 and B#5 = 728.209
ROUND 280 A#29 and B#5 = 586.477
ROUND 281 A#30 and B#5 = 618.31
ROUND 282 A#31 and B#5 = 582.336
ROUND 283 A#32 and B#5 = 612.159
ROUND 284 A#33 and B#5 = 619.744
ROUND 285 A#34 and B#5 = 587.74
ROUND 286 A#35 and B#5 = 618.763
ROUND 287 A#36 and B#5 = 590.981
ROUND 288 A#37 and B#5 = 586.145
ROUND 289 A#38 and B#5 = 560.723
ROUND 290 A#39 and B#5 = 727.857
ROUND 291 A#40 and B#5 = 598.247
ROUND 292 A#41 and B#5 = 571.233
ROUND 293 A#42 and B#5 = 548.362
ROUND 294 A#43 and B#5 = 715.728
ROUND 295 A#44 and B#5 = 558.728
ROUND 296 A#45 and B#5 = 559.799
ROUND 297 A#46 and B#5 = 721.125
ROUND 298 A#47 and B#5 = 575.985
ROUND 299 A#48 and B#5 = 614.562
ROUND 300 A#49 and B#5 = 617.57
ROUND 301 A#0 and B#6 = 660.328
ROUND 302 A#1 and B#6 = 628.677
ROUND 303 A#2 and B#6 = 599.337
ROUND 304 A#3 and B#6 = 697.33
ROUND 305 A#4 and B#6 = 677.606
ROUND 306 A#5 and B#6 = 694.865
ROUND 307 A#6 and B#6 = 564.736
ROUND 308 A#7 and B#6 = 584.107
ROUND 309 A#8 and B#6 = 645.059
ROUND 310 A#9 and B#6 = 590.839
ROUND 311 A#10 and B#6 = 536.673
ROUND 312 A#11 and B#6 = 670.767
ROUND 313 A#12 and B#6 = 591.118
ROUND 314 A#13 and B#6 = 631.445
ROUND 315 A#14 and B#6 = 611.793
ROUND 316 A#15 and B#6 = 683.314
ROUND 317 A#16 and B#6 = 650.275
ROUND 318 A#17 and B#6 = 569.173
ROUND 319 A#18 and B#6 = 651.91
ROUND 320 A#19 and B#6 = 596.18
ROUND 321 A#20 and B#6 = 641.653
ROUND 322 A#21 and B#6 = 632.082
ROUND 323 A#22 and B#6 = 623.973
ROUND 324 A#23 and B#6 = 557.033
ROUND 325 A#24 and B#6 = 571.904
ROUND 326 A#25 and B#6 = 609.035
ROUND 327 A#26 and B#6 = 671.505
ROUND 328 A#27 and B#6 = 587.649
ROUND 329 A#28 and B#6 = 665.143
ROUND 330 A#29 and B#6 = 587.739
ROUND 331 A#30 and B#6 = 581.4
ROUND 332 A#31 and B#6 = 571.272
ROUND 333 A#32 and B#6 = 622.199
ROUND 334 A#33 and B#6 = 664.622
ROUND 335 A#34 and B#6 = 680.558
ROUND 336 A#35 and B#6 = 579.669
ROUND 337 A#36 and B#6 = 617.141
ROUND 338 A#37 and B#6 = 589.437
ROUND 339 A#38 and B#6 = 642.241
ROUND 340 A#39 and B#6 = 593.877
ROUND 341 A#40 and B#6 = 578.416
ROUND 342 A#41 and B#6 = 586.402
ROUND 343 A#42 and B#6 = 532.736
ROUND 344 A#43 and B#6 = 660.991
ROUND 345 A#44 and B#6 = 610.846
ROUND 346 A#45 and B#6 = 610.986
ROUND 347 A#46 and B#6 = 660.322
ROUND 348 A#47 and B#6 = 613.176
ROUND 349 A#48 and B#6 = 609.375
ROUND 350 A#49 and B#6 = 607.883
ROUND 351 A#0 and B#7 = 645.092
ROUND 352 A#1 and B#7 = 591.289
ROUND 353 A#2 and B#7 = 612.135
ROUND 354 A#3 and B#7 = 653.318
ROUND 355 A#4 and B#7 = 603.233
ROUND 356 A#5 and B#7 = 638.587
ROUND 357 A#6 and B#7 = 578.812
ROUND 358 A#7 and B#7 = 579.991
ROUND 359 A#8 and B#7 = 578.402
ROUND 360 A#9 and B#7 = 554.689
ROUND 361 A#10 and B#7 = 586.437
ROUND 362 A#11 and B#7 = 605.947
ROUND 363 A#12 and B#7 = 607.746
ROUND 364 A#13 and B#7 = 587.368
ROUND 365 A#14 and B#7 = 603.538
ROUND 366 A#15 and B#7 = 619.582
ROUND 367 A#16 and B#7 = 588.709
ROUND 368 A#17 and B#7 = 578.653
ROUND 369 A#18 and B#7 = 572.891
ROUND 370 A#19 and B#7 = 575.745
ROUND 371 A#20 and B#7 = 592.843
ROUND 372 A#21 and B#7 = 591.853
ROUND 373 A#22 and B#7 = 667.974
ROUND 374 A#23 and B#7 = 597.033
ROUND 375 A#24 and B#7 = 533.772
ROUND 376 A#25 and B#7 = 630.796
ROUND 377 A#26 and B#7 = 605.591
ROUND 378 A#27 and B#7 = 613.411
ROUND 379 A#28 and B#7 = 576.133
ROUND 380 A#29 and B#7 = 618.838
ROUND 381 A#30 and B#7 = 586.454
ROUND 382 A#31 and B#7 = 585.416
ROUND 383 A#32 and B#7 = 676.585
ROUND 384 A#33 and B#7 = 648.642
ROUND 385 A#34 and B#7 = 617.741
ROUND 386 A#35 and B#7 = 582.883
ROUND 387 A#36 and B#7 = 628.911
ROUND 388 A#37 and B#7 = 607.918
ROUND 389 A#38 and B#7 = 569.986
ROUND 390 A#39 and B#7 = 600.802
ROUND 391 A#40 and B#7 = 579.199
ROUND 392 A#41 and B#7 = 600.304
ROUND 393 A#42 and B#7 = 564.908
ROUND 394 A#43 and B#7 = 566.935
ROUND 395 A#44 and B#7 = 612.671
ROUND 396 A#45 and B#7 = 612.786
ROUND 397 A#46 and B#7 = 604.316
ROUND 398 A#47 and B#7 = 638.661
ROUND 399 A#48 and B#7 = 601.57
ROUND 400 A#49 and B#7 = 601.468
ROUND 401 A#0 and B#8 = 554.166
ROUND 402 A#1 and B#8 = 614.564
ROUND 403 A#2 and B#8 = 610.408
ROUND 404 A#3 and B#8 = 657.399
ROUND 405 A#4 and B#8 = 635.878
ROUND 406 A#5 and B#8 = 581.001
ROUND 407 A#6 and B#8 = 601.103
ROUND 408 A#7 and B#8 = 592.505
ROUND 409 A#8 and B#8 = 605.676
ROUND 410 A#9 and B#8 = 626.946
ROUND 411 A#10 and B#8 = 617.369
ROUND 412 A#11 and B#8 = 609.328
ROUND 413 A#12 and B#8 = 601.36
ROUND 414 A#13 and B#8 = 616.437
ROUND 415 A#14 and B#8 = 581.01
ROUND 416 A#15 and B#8 = 602.542
ROUND 417 A#16 and B#8 = 595.309
ROUND 418 A#17 and B#8 = 589.575
ROUND 419 A#18 and B#8 = 615.491
ROUND 420 A#19 and B#8 = 621.052
ROUND 421 A#20 and B#8 = 613.427
ROUND 422 A#21 and B#8 = 616.015
ROUND 423 A#22 and B#8 = 610.118
ROUND 424 A#23 and B#8 = 595.704
ROUND 425 A#24 and B#8 = 629.795
ROUND 426 A#25 and B#8 = 662.633
ROUND 427 A#26 and B#8 = 609.046
ROUND 428 A#27 and B#8 = 602.108
ROUND 429 A#28 and B#8 = 589.114
ROUND 430 A#29 and B#8 = 615.623
ROUND 431 A#30 and B#8 = 594.416
ROUND 432 A#31 and B#8 = 488.895
ROUND 433 A#32 and B#8 = 609.078
ROUND 434 A#33 and B#8 = 551.293
ROUND 435 A#34 and B#8 = 595.747
ROUND 436 A#35 and B#8 = 594.825
ROUND 437 A#36 and B#8 = 642.521
ROUND 438 A#37 and B#8 = 601.921
ROUND 439 A#38 and B#8 = 617.305
ROUND 440 A#39 and B#8 = 586.166
ROUND 441 A#40 and B#8 = 613.763
ROUND 442 A#41 and B#8 = 616.158
ROUND 443 A#42 and B#8 = 601.855
ROUND 444 A#43 and B#8 = 584.881
ROUND 445 A#44 and B#8 = 598.608
ROUND 446 A#45 and B#8 = 558.93
ROUND 447 A#46 and B#8 = 585.701
ROUND 448 A#47 and B#8 = 589.33
ROUND 449 A#48 and B#8 = 579.376
ROUND 450 A#49 and B#8 = 581.255
ROUND 451 A#0 and B#9 = 547.314
ROUND 452 A#1 and B#9 = 609.059
ROUND 453 A#2 and B#9 = 658.678
ROUND 454 A#3 and B#9 = 657.451
ROUND 455 A#4 and B#9 = 637.308
ROUND 456 A#5 and B#9 = 554.302
ROUND 457 A#6 and B#9 = 606.853
ROUND 458 A#7 and B#9 = 572.613
ROUND 459 A#8 and B#9 = 609.362
ROUND 460 A#9 and B#9 = 629.55
ROUND 461 A#10 and B#9 = 591.141
ROUND 462 A#11 and B#9 = 612.061
ROUND 463 A#12 and B#9 = 592.981
ROUND 464 A#13 and B#9 = 611.838
ROUND 465 A#14 and B#9 = 585.277
ROUND 466 A#15 and B#9 = 588.978
ROUND 467 A#16 and B#9 = 595.922
ROUND 468 A#17 and B#9 = 595.302
ROUND 469 A#18 and B#9 = 618.874
ROUND 470 A#19 and B#9 = 625.611
ROUND 471 A#20 and B#9 = 613.14
ROUND 472 A#21 and B#9 = 612.51
ROUND 473 A#22 and B#9 = 612.339
ROUND 474 A#23 and B#9 = 602.037
ROUND 475 A#24 and B#9 = 577.942
ROUND 476 A#25 and B#9 = 656.216
ROUND 477 A#26 and B#9 = 611.87
ROUND 478 A#27 and B#9 = 593.578
ROUND 479 A#28 and B#9 = 596.141
ROUND 480 A#29 and B#9 = 605.495
ROUND 481 A#30 and B#9 = 572.044
ROUND 482 A#31 and B#9 = 499.566
ROUND 483 A#32 and B#9 = 611.47
ROUND 484 A#33 and B#9 = 543.543
ROUND 485 A#34 and B#9 = 589.012
ROUND 486 A#35 and B#9 = 571.304
ROUND 487 A#36 and B#9 = 654.54
ROUND 488 A#37 and B#9 = 593.105
ROUND 489 A#38 and B#9 = 620.367
ROUND 490 A#39 and B#9 = 589.634
ROUND 491 A#40 and B#9 = 538.13
ROUND 492 A#41 and B#9 = 526.168
ROUND 493 A#42 and B#9 = 611.906
ROUND 494 A#43 and B#9 = 589.769
ROUND 495 A#44 and B#9 = 604.381
ROUND 496 A#45 and B#9 = 568.888
ROUND 497 A#46 and B#9 = 588.77
ROUND 498 A#47 and B#9 = 598.197
ROUND 499 A#48 and B#9 = 583.551
ROUND 500 A#49 and B#9 = 585.499
ROUND 501 A#0 and B#10 = 618.854
ROUND 502 A#1 and B#10 = 583.579
ROUND 503 A#2 and B#10 = 564.88
ROUND 504 A#3 and B#10 = 634.906
ROUND 505 A#4 and B#10 = 598.541
ROUND 506 A#5 and B#10 = 600.693
ROUND 507 A#6 and B#10 = 530.76
ROUND 508 A#7 and B#10 = 630.565
ROUND 509 A#8 and B#10 = 740.683
ROUND 510 A#9 and B#10 = 526.311
ROUND 511 A#10 and B#10 = 540.1
ROUND 512 A#11 and B#10 = 741.407
ROUND 513 A#12 and B#10 = 566.337
ROUND 514 A#13 and B#10 = 581.885
ROUND 515 A#14 and B#10 = 613.533
ROUND 516 A#15 and B#10 = 568.56
ROUND 517 A#16 and B#10 = 745.272
ROUND 518 A#17 and B#10 = 522.612
ROUND 519 A#18 and B#10 = 585.805
ROUND 520 A#19 and B#10 = 543.8
ROUND 521 A#20 and B#10 = 590.115
ROUND 522 A#21 and B#10 = 581.758
ROUND 523 A#22 and B#10 = 643.943
ROUND 524 A#23 and B#10 = 542.142
ROUND 525 A#24 and B#10 = 524.448
ROUND 526 A#25 and B#10 = 626.58
ROUND 527 A#26 and B#10 = 740.404
ROUND 528 A#27 and B#10 = 566.063
ROUND 529 A#28 and B#10 = 741.774
ROUND 530 A#29 and B#10 = 552.078
ROUND 531 A#30 and B#10 = 610.247
ROUND 532 A#31 and B#10 = 580.542
ROUND 533 A#32 and B#10 = 610.554
ROUND 534 A#33 and B#10 = 619.779
ROUND 535 A#34 and B#10 = 595.277
ROUND 536 A#35 and B#10 = 600.47
ROUND 537 A#36 and B#10 = 597.836
ROUND 538 A#37 and B#10 = 565.516
ROUND 539 A#38 and B#10 = 591.273
ROUND 540 A#39 and B#10 = 740.533
ROUND 541 A#40 and B#10 = 597.645
ROUND 542 A#41 and B#10 = 588.858
ROUND 543 A#42 and B#10 = 539.889
ROUND 544 A#43 and B#10 = 726.468
ROUND 545 A#44 and B#10 = 627.521
ROUND 546 A#45 and B#10 = 546.674
ROUND 547 A#46 and B#10 = 735.668
ROUND 548 A#47 and B#10 = 599.779
ROUND 549 A#48 and B#10 = 610.947
ROUND 550 A#49 and B#10 = 612.085
ROUND 551 A#0 and B#11 = 644.684
ROUND 552 A#1 and B#11 = 600.28
ROUND 553 A#2 and B#11 = 614.47
ROUND 554 A#3 and B#11 = 651.868
ROUND 555 A#4 and B#11 = 605.558
ROUND 556 A#5 and B#11 = 636.997
ROUND 557 A#6 and B#11 = 578.898
ROUND 558 A#7 and B#11 = 588.713
ROUND 559 A#8 and B#11 = 584.886
ROUND 560 A#9 and B#11 = 557.535
ROUND 561 A#10 and B#11 = 567.14
ROUND 562 A#11 and B#11 = 609.763
ROUND 563 A#12 and B#11 = 618.129
ROUND 564 A#13 and B#11 = 596.677
ROUND 565 A#14 and B#11 = 611.803
ROUND 566 A#15 and B#11 = 629.946
ROUND 567 A#16 and B#11 = 593.987
ROUND 568 A#17 and B#11 = 578.779
ROUND 569 A#18 and B#11 = 577.033
ROUND 570 A#19 and B#11 = 580.968
ROUND 571 A#20 and B#11 = 600.845
ROUND 572 A#21 and B#11 = 601.506
ROUND 573 A#22 and B#11 = 666.594
ROUND 574 A#23 and B#11 = 596.655
ROUND 575 A#24 and B#11 = 534.414
ROUND 576 A#25 and B#11 = 634.84
ROUND 577 A#26 and B#11 = 609.395
ROUND 578 A#27 and B#11 = 624.176
ROUND 579 A#28 and B#11 = 582.579
ROUND 580 A#29 and B#11 = 628.359
ROUND 581 A#30 and B#11 = 595.517
ROUND 582 A#31 and B#11 = 618.864
ROUND 583 A#32 and B#11 = 675.127
ROUND 584 A#33 and B#11 = 649.158
ROUND 585 A#34 and B#11 = 627.774
ROUND 586 A#35 and B#11 = 591.897
ROUND 587 A#36 and B#11 = 603.177
ROUND 588 A#37 and B#11 = 618.213
ROUND 589 A#38 and B#11 = 578.385
ROUND 590 A#39 and B#11 = 606.774
ROUND 591 A#40 and B#11 = 576.208
ROUND 592 A#41 and B#11 = 612.856
ROUND 593 A#42 and B#11 = 565.331
ROUND 594 A#43 and B#11 = 573.507
ROUND 595 A#44 and B#11 = 621.733
ROUND 596 A#45 and B#11 = 622.145
ROUND 597 A#46 and B#11 = 605.193
ROUND 598 A#47 and B#11 = 638.072
ROUND 599 A#48 and B#11 = 609.914
ROUND 600 A#49 and B#11 = 609.963
ROUND 601 A#0 and B#12 = 660.885
ROUND 602 A#1 and B#12 = 579.825
ROUND 603 A#2 and B#12 = 571.873
ROUND 604 A#3 and B#12 = 635.251
ROUND 605 A#4 and B#12 = 639.052
ROUND 606 A#5 and B#12 = 656.773
ROUND 607 A#6 and B#12 = 619.808
ROUND 608 A#7 and B#12 = 598.293
ROUND 609 A#8 and B#12 = 673.214
ROUND 610 A#9 and B#12 = 593.186
ROUND 611 A#10 and B#12 = 646.048
ROUND 612 A#11 and B#12 = 690.71
ROUND 613 A#12 and B#12 = 600.668
ROUND 614 A#13 and B#12 = 579.295
ROUND 615 A#14 and B#12 = 620.052
ROUND 616 A#15 and B#12 = 599.078
ROUND 617 A#16 and B#12 = 689
ROUND 618 A#17 and B#12 = 611.034
ROUND 619 A#18 and B#12 = 529.504
ROUND 620 A#19 and B#12 = 551.098
ROUND 621 A#20 and B#12 = 533.045
ROUND 622 A#21 and B#12 = 578.71
ROUND 623 A#22 and B#12 = 669.086
ROUND 624 A#23 and B#12 = 630.401
ROUND 625 A#24 and B#12 = 588.349
ROUND 626 A#25 and B#12 = 568.705
ROUND 627 A#26 and B#12 = 690.127
ROUND 628 A#27 and B#12 = 598.19
ROUND 629 A#28 and B#12 = 687.8
ROUND 630 A#29 and B#12 = 572.383
ROUND 631 A#30 and B#12 = 597.823
ROUND 632 A#31 and B#12 = 641.487
ROUND 633 A#32 and B#12 = 670.463
ROUND 634 A#33 and B#12 = 662.799
ROUND 635 A#34 and B#12 = 601.599
ROUND 636 A#35 and B#12 = 597.215
ROUND 637 A#36 and B#12 = 584.677
ROUND 638 A#37 and B#12 = 599.811
ROUND 639 A#38 and B#12 = 531.649
ROUND 640 A#39 and B#12 = 685.214
ROUND 641 A#40 and B#12 = 683.155
ROUND 642 A#41 and B#12 = 596.385
ROUND 643 A#42 and B#12 = 643.336
ROUND 644 A#43 and B#12 = 685.555
ROUND 645 A#44 and B#12 = 587.675
ROUND 646 A#45 and B#12 = 590.295
ROUND 647 A#46 and B#12 = 689.841
ROUND 648 A#47 and B#12 = 623.456
ROUND 649 A#48 and B#12 = 621.201
ROUND 650 A#49 and B#12 = 619.13
ROUND 651 A#0 and B#13 = 556.305
ROUND 652 A#1 and B#13 = 617.533
ROUND 653 A#2 and B#13 = 589.978
ROUND 654 A#3 and B#13 = 638.081
ROUND 655 A#4 and B#13 = 605.873
ROUND 656 A#5 and B#13 = 672.758
ROUND 657 A#6 and B#13 = 634.113
ROUND 658 A#7 and B#13 = 592.3
ROUND 659 A#8 and B#13 = 624.622
ROUND 660 A#9 and B#13 = 626.924
ROUND 661 A#10 and B#13 = 588.425
ROUND 662 A#11 and B#13 = 619.739
ROUND 663 A#12 and B#13 = 592.576
ROUND 664 A#13 and B#13 = 618.464
ROUND 665 A#14 and B#13 = 565.762
ROUND 666 A#15 and B#13 = 597.737
ROUND 667 A#16 and B#13 = 618.1
ROUND 668 A#17 and B#13 = 633.271
ROUND 669 A#18 and B#13 = 584.849
ROUND 670 A#19 and B#13 = 573.893
ROUND 671 A#20 and B#13 = 580.378
ROUND 672 A#21 and B#13 = 618.085
ROUND 673 A#22 and B#13 = 625.936
ROUND 674 A#23 and B#13 = 619.743
ROUND 675 A#24 and B#13 = 615.546
ROUND 676 A#25 and B#13 = 585.574
ROUND 677 A#26 and B#13 = 620.384
ROUND 678 A#27 and B#13 = 597.65
ROUND 679 A#28 and B#13 = 616.242
ROUND 680 A#29 and B#13 = 606.653
ROUND 681 A#30 and B#13 = 592.194
ROUND 682 A#31 and B#13 = 641.399
ROUND 683 A#32 and B#13 = 621.549
ROUND 684 A#33 and B#13 = 661.414
ROUND 685 A#34 and B#13 = 596.332
ROUND 686 A#35 and B#13 = 593.15
ROUND 687 A#36 and B#13 = 663.06
ROUND 688 A#37 and B#13 = 597.464
ROUND 689 A#38 and B#13 = 590.156
ROUND 690 A#39 and B#13 = 613.341
ROUND 691 A#40 and B#13 = 648.704
ROUND 692 A#41 and B#13 = 559.934
ROUND 693 A#42 and B#13 = 602.407
ROUND 694 A#43 and B#13 = 616.177
ROUND 695 A#44 and B#13 = 585.505
ROUND 696 A#45 and B#13 = 584.508
ROUND 697 A#46 and B#13 = 615.518
ROUND 698 A#47 and B#13 = 616.398
ROUND 699 A#48 and B#13 = 564.056
ROUND 700 A#49 and B#13 = 561.811
ROUND 701 A#0 and B#14 = 618.717
ROUND 702 A#1 and B#14 = 581.713
ROUND 703 A#2 and B#14 = 560.849
ROUND 704 A#3 and B#14 = 624.273
ROUND 705 A#4 and B#14 = 600.438
ROUND 706 A#5 and B#14 = 605.122
ROUND 707 A#6 and B#14 = 531.777
ROUND 708 A#7 and B#14 = 554.463
ROUND 709 A#8 and B#14 = 746.837
ROUND 710 A#9 and B#14 = 526.479
ROUND 711 A#10 and B#14 = 542.58
ROUND 712 A#11 and B#14 = 752.903
ROUND 713 A#12 and B#14 = 562.374
ROUND 714 A#13 and B#14 = 595.052
ROUND 715 A#14 and B#14 = 620.433
ROUND 716 A#15 and B#14 = 609.52
ROUND 717 A#16 and B#14 = 742.843
ROUND 718 A#17 and B#14 = 523.662
ROUND 719 A#18 and B#14 = 577.349
ROUND 720 A#19 and B#14 = 542.42
ROUND 721 A#20 and B#14 = 600.513
ROUND 722 A#21 and B#14 = 580.002
ROUND 723 A#22 and B#14 = 611.693
ROUND 724 A#23 and B#14 = 544.415
ROUND 725 A#24 and B#14 = 525.597
ROUND 726 A#25 and B#14 = 641.49
ROUND 727 A#26 and B#14 = 751.917
ROUND 728 A#27 and B#14 = 561.229
ROUND 729 A#28 and B#14 = 740.301
ROUND 730 A#29 and B#14 = 545.195
ROUND 731 A#30 and B#14 = 557.058
ROUND 732 A#31 and B#14 = 583.647
ROUND 733 A#32 and B#14 = 611.946
ROUND 734 A#33 and B#14 = 619.074
ROUND 735 A#34 and B#14 = 591.713
ROUND 736 A#35 and B#14 = 555.634
ROUND 737 A#36 and B#14 = 598.012
ROUND 738 A#37 and B#14 = 605.078
ROUND 739 A#38 and B#14 = 597.799
ROUND 740 A#39 and B#14 = 738.385
ROUND 741 A#40 and B#14 = 601.562
ROUND 742 A#41 and B#14 = 597.188
ROUND 743 A#42 and B#14 = 541.603
ROUND 744 A#43 and B#14 = 737.224
ROUND 745 A#44 and B#14 = 634.606
ROUND 746 A#45 and B#14 = 636.987
ROUND 747 A#46 and B#14 = 745.405
ROUND 748 A#47 and B#14 = 608.648
ROUND 749 A#48 and B#14 = 617.683
ROUND 750 A#49 and B#14 = 618.931
ROUND 751 A#0 and B#15 = 659.211
ROUND 752 A#1 and B#15 = 630.673
ROUND 753 A#2 and B#15 = 603.776
ROUND 754 A#3 and B#15 = 694.581
ROUND 755 A#4 and B#15 = 620.596
ROUND 756 A#5 and B#15 = 693.856
ROUND 757 A#6 and B#15 = 566.632
ROUND 758 A#7 and B#15 = 585.479
ROUND 759 A#8 and B#15 = 645.991
ROUND 760 A#9 and B#15 = 592.866
ROUND 761 A#10 and B#15 = 539.044
ROUND 762 A#11 and B#15 = 671.633
ROUND 763 A#12 and B#15 = 593.531
ROUND 764 A#13 and B#15 = 633.353
ROUND 765 A#14 and B#15 = 615.41
ROUND 766 A#15 and B#15 = 684.917
ROUND 767 A#16 and B#15 = 651.779
ROUND 768 A#17 and B#15 = 571.007
ROUND 769 A#18 and B#15 = 653.699
ROUND 770 A#19 and B#15 = 597.7
ROUND 771 A#20 and B#15 = 643.862
ROUND 772 A#21 and B#15 = 634.018
ROUND 773 A#22 and B#15 = 625.175
ROUND 774 A#23 and B#15 = 558.866
ROUND 775 A#24 and B#15 = 573.908
ROUND 776 A#25 and B#15 = 613.31
ROUND 777 A#26 and B#15 = 672.274
ROUND 778 A#27 and B#15 = 590.118
ROUND 779 A#28 and B#15 = 665.655
ROUND 780 A#29 and B#15 = 592.1
ROUND 781 A#30 and B#15 = 582.875
ROUND 782 A#31 and B#15 = 571.586
ROUND 783 A#32 and B#15 = 623.5
ROUND 784 A#33 and B#15 = 664.502
ROUND 785 A#34 and B#15 = 682.925
ROUND 786 A#35 and B#15 = 581.106
ROUND 787 A#36 and B#15 = 618.132
ROUND 788 A#37 and B#15 = 591.918
ROUND 789 A#38 and B#15 = 644.125
ROUND 790 A#39 and B#15 = 595.915
ROUND 791 A#40 and B#15 = 579.114
ROUND 792 A#41 and B#15 = 589.421
ROUND 793 A#42 and B#15 = 534.666
ROUND 794 A#43 and B#15 = 662.045
ROUND 795 A#44 and B#15 = 614.441
ROUND 796 A#45 and B#15 = 614.748
ROUND 797 A#46 and B#15 = 661.276
ROUND 798 A#47 and B#15 = 616.289
ROUND 799 A#48 and B#15 = 612.759
ROUND 800 A#49 and B#15 = 611.398
ROUND 801 A#0 and B#16 = 623.267
ROUND 802 A#1 and B#16 = 627.892
ROUND 803 A#2 and B#16 = 584.332
ROUND 804 A#3 and B#16 = 641.281
ROUND 805 A#4 and B#16 = 618.542
ROUND 806 A#5 and B#16 = 631.976
ROUND 807 A#6 and B#16 = 567.102
ROUND 808 A#7 and B#16 = 624.694
ROUND 809 A#8 and B#16 = 568.511
ROUND 810 A#9 and B#16 = 520.83
ROUND 811 A#10 and B#16 = 566.397
ROUND 812 A#11 and B#16 = 582.695
ROUND 813 A#12 and B#16 = 597.596
ROUND 814 A#13 and B#16 = 628.591
ROUND 815 A#14 and B#16 = 604.389
ROUND 816 A#15 and B#16 = 610.262
ROUND 817 A#16 and B#16 = 584.642
ROUND 818 A#17 and B#16 = 568.757
ROUND 819 A#18 and B#16 = 592.036
ROUND 820 A#19 and B#16 = 550.97
ROUND 821 A#20 and B#16 = 604.346
ROUND 822 A#21 and B#16 = 626.947
ROUND 823 A#22 and B#16 = 657.312
ROUND 824 A#23 and B#16 = 561.693
ROUND 825 A#24 and B#16 = 572.076
ROUND 826 A#25 and B#16 = 601.003
ROUND 827 A#26 and B#16 = 582.191
ROUND 828 A#27 and B#16 = 605.569
ROUND 829 A#28 and B#16 = 578.728
ROUND 830 A#29 and B#16 = 602.939
ROUND 831 A#30 and B#16 = 629.358
ROUND 832 A#31 and B#16 = 573.254
ROUND 833 A#32 and B#16 = 663.716
ROUND 834 A#33 and B#16 = 623.692
ROUND 835 A#34 and B#16 = 608.336
ROUND 836 A#35 and B#16 = 627.45
ROUND 837 A#36 and B#16 = 644.315
ROUND 838 A#37 and B#16 = 602.889
ROUND 839 A#38 and B#16 = 639.582
ROUND 840 A#39 and B#16 = 647.064
ROUND 841 A#40 and B#16 = 573.34
ROUND 842 A#41 and B#16 = 597.683
ROUND 843 A#42 and B#16 = 562.578
ROUND 844 A#43 and B#16 = 571.888
ROUND 845 A#44 and B#16 = 599.67
ROUND 846 A#45 and B#16 = 596.486
ROUND 847 A#46 and B#16 = 577.81
ROUND 848 A#47 and B#16 = 629.176
ROUND 849 A#48 and B#16 = 604.291
ROUND 850 A#49 and B#16 = 603.077
ROUND 851 A#0 and B#17 = 662.014
ROUND 852 A#1 and B#17 = 580.213
ROUND 853 A#2 and B#17 = 574.474
ROUND 854 A#3 and B#17 = 636.844
ROUND 855 A#4 and B#17 = 639.073
ROUND 856 A#5 and B#17 = 656.681
ROUND 857 A#6 and B#17 = 617.03
ROUND 858 A#7 and B#17 = 590.129
ROUND 859 A#8 and B#17 = 670.534
ROUND 860 A#9 and B#17 = 518.47
ROUND 861 A#10 and B#17 = 642.837
ROUND 862 A#11 and B#17 = 676.779
ROUND 863 A#12 and B#17 = 600.448
ROUND 864 A#13 and B#17 = 579.693
ROUND 865 A#14 and B#17 = 610.889
ROUND 866 A#15 and B#17 = 600.263
ROUND 867 A#16 and B#17 = 698.206
ROUND 868 A#17 and B#17 = 607.506
ROUND 869 A#18 and B#17 = 525.471
ROUND 870 A#19 and B#17 = 544.672
ROUND 871 A#20 and B#17 = 527.383
ROUND 872 A#21 and B#17 = 578.863
ROUND 873 A#22 and B#17 = 667.27
ROUND 874 A#23 and B#17 = 625.355
ROUND 875 A#24 and B#17 = 585.604
ROUND 876 A#25 and B#17 = 572.089
ROUND 877 A#26 and B#17 = 676.031
ROUND 878 A#27 and B#17 = 597.597
ROUND 879 A#28 and B#17 = 684.4
ROUND 880 A#29 and B#17 = 573.661
ROUND 881 A#30 and B#17 = 590.2
ROUND 882 A#31 and B#17 = 637.683
ROUND 883 A#32 and B#17 = 668.483
ROUND 884 A#33 and B#17 = 663.795
ROUND 885 A#34 and B#17 = 602.365
ROUND 886 A#35 and B#17 = 588.869
ROUND 887 A#36 and B#17 = 588.446
ROUND 888 A#37 and B#17 = 600.755
ROUND 889 A#38 and B#17 = 526.444
ROUND 890 A#39 and B#17 = 692.931
ROUND 891 A#40 and B#17 = 679.826
ROUND 892 A#41 and B#17 = 592.438
ROUND 893 A#42 and B#17 = 640.643
ROUND 894 A#43 and B#17 = 682.568
ROUND 895 A#44 and B#17 = 580.815
ROUND 896 A#45 and B#17 = 584.365
ROUND 897 A#46 and B#17 = 694.232
ROUND 898 A#47 and B#17 = 618.615
ROUND 899 A#48 and B#17 = 610.633
ROUND 900 A#49 and B#17 = 609.426
ROUND 901 A#0 and B#18 = 658.179
ROUND 902 A#1 and B#18 = 633.975
ROUND 903 A#2 and B#18 = 605.891
ROUND 904 A#3 and B#18 = 544.825
ROUND 905 A#4 and B#18 = 602.94
ROUND 906 A#5 and B#18 = 660.984
ROUND 907 A#6 and B#18 = 588.322
ROUND 908 A#7 and B#18 = 642.785
ROUND 909 A#8 and B#18 = 674.263
ROUND 910 A#9 and B#18 = 571.337
ROUND 911 A#10 and B#18 = 574.988
ROUND 912 A#11 and B#18 = 680.003
ROUND 913 A#12 and B#18 = 643.995
ROUND 914 A#13 and B#18 = 635.236
ROUND 915 A#14 and B#18 = 659.068
ROUND 916 A#15 and B#18 = 646.853
ROUND 917 A#16 and B#18 = 694.07
ROUND 918 A#17 and B#18 = 587.612
ROUND 919 A#18 and B#18 = 608.422
ROUND 920 A#19 and B#18 = 570.361
ROUND 921 A#20 and B#18 = 626.617
ROUND 922 A#21 and B#18 = 591.31
ROUND 923 A#22 and B#18 = 562.762
ROUND 924 A#23 and B#18 = 589.053
ROUND 925 A#24 and B#18 = 579.413
ROUND 926 A#25 and B#18 = 594.621
ROUND 927 A#26 and B#18 = 678.55
ROUND 928 A#27 and B#18 = 641.727
ROUND 929 A#28 and B#18 = 684.424
ROUND 930 A#29 and B#18 = 575.389
ROUND 931 A#30 and B#18 = 643.259
ROUND 932 A#31 and B#18 = 578.017
ROUND 933 A#32 and B#18 = 566.305
ROUND 934 A#33 and B#18 = 660.532
ROUND 935 A#34 and B#18 = 645.044
ROUND 936 A#35 and B#18 = 643.377
ROUND 937 A#36 and B#18 = 635.463
ROUND 938 A#37 and B#18 = 648.757
ROUND 939 A#38 and B#18 = 604.013
ROUND 940 A#39 and B#18 = 688.031
ROUND 941 A#40 and B#18 = 549.172
ROUND 942 A#41 and B#18 = 644.255
ROUND 943 A#42 and B#18 = 569.86
ROUND 944 A#43 and B#18 = 675.968
ROUND 945 A#44 and B#18 = 584.247
ROUND 946 A#45 and B#18 = 657.737
ROUND 947 A#46 and B#18 = 690.105
ROUND 948 A#47 and B#18 = 622.198
ROUND 949 A#48 and B#18 = 660.574
ROUND 950 A#49 and B#18 = 658.96
ROUND 951 A#0 and B#19 = 647.285
ROUND 952 A#1 and B#19 = 696.639
ROUND 953 A#2 and B#19 = 592.471
ROUND 954 A#3 and B#19 = 700.565
ROUND 955 A#4 and B#19 = 669.334
ROUND 956 A#5 and B#19 = 687.267
ROUND 957 A#6 and B#19 = 567.696
ROUND 958 A#7 and B#19 = 559.793
ROUND 959 A#8 and B#19 = 645.28
ROUND 960 A#9 and B#19 = 577.387
ROUND 961 A#10 and B#19 = 540.88
ROUND 962 A#11 and B#19 = 667.417
ROUND 963 A#12 and B#19 = 671.461
ROUND 964 A#13 and B#19 = 697.498
ROUND 965 A#14 and B#19 = 676.037
ROUND 966 A#15 and B#19 = 675.114
ROUND 967 A#16 and B#19 = 645.407
ROUND 968 A#17 and B#19 = 572.362
ROUND 969 A#18 and B#19 = 625.515
ROUND 970 A#19 and B#19 = 576.639
ROUND 971 A#20 and B#19 = 687.629
ROUND 972 A#21 and B#19 = 696.68
ROUND 973 A#22 and B#19 = 597.892
ROUND 974 A#23 and B#19 = 560.58
ROUND 975 A#24 and B#19 = 566.907
ROUND 976 A#25 and B#19 = 598.936
ROUND 977 A#26 and B#19 = 667.798
ROUND 978 A#27 and B#19 = 676.282
ROUND 979 A#28 and B#19 = 653.81
ROUND 980 A#29 and B#19 = 651.063
ROUND 981 A#30 and B#19 = 690.444
ROUND 982 A#31 and B#19 = 566.214
ROUND 983 A#32 and B#19 = 657.553
ROUND 984 A#33 and B#19 = 651.353
ROUND 985 A#34 and B#19 = 672.804
ROUND 986 A#35 and B#19 = 556.136
ROUND 987 A#36 and B#19 = 683.261
ROUND 988 A#37 and B#19 = 670.777
ROUND 989 A#38 and B#19 = 614.984
ROUND 990 A#39 and B#19 = 627.092
ROUND 991 A#40 and B#19 = 576.534
ROUND 992 A#41 and B#19 = 683.818
ROUND 993 A#42 and B#19 = 536.674
ROUND 994 A#43 and B#19 = 647.364
ROUND 995 A#44 and B#19 = 575.44
ROUND 996 A#45 and B#19 = 574.271
ROUND 997 A#46 and B#19 = 649.156
ROUND 998 A#47 and B#19 = 663.97
ROUND 999 A#48 and B#19 = 678.042
ROUND 1000 A#49 and B#19 = 677.115
ROUND 1001 A#0 and B#20 = 619.069
ROUND 1002 A#1 and B#20 = 586.445
ROUND 1003 A#2 and B#20 = 563.222
ROUND 1004 A#3 and B#20 = 627.124
ROUND 1005 A#4 and B#20 = 600.475
ROUND 1006 A#5 and B#20 = 600.86
ROUND 1007 A#6 and B#20 = 530.442
ROUND 1008 A#7 and B#20 = 631.773
ROUND 1009 A#8 and B#20 = 733.034
ROUND 1010 A#9 and B#20 = 529.654
ROUND 1011 A#10 and B#20 = 539.721
ROUND 1012 A#11 and B#20 = 733.984
ROUND 1013 A#12 and B#20 = 569.214
ROUND 1014 A#13 and B#20 = 584.604
ROUND 1015 A#14 and B#20 = 614.94
ROUND 1016 A#15 and B#20 = 572.092
ROUND 1017 A#16 and B#20 = 738.181
ROUND 1018 A#17 and B#20 = 522.185
ROUND 1019 A#18 and B#20 = 590.463
ROUND 1020 A#19 and B#20 = 547.956
ROUND 1021 A#20 and B#20 = 593.996
ROUND 1022 A#21 and B#20 = 584.739
ROUND 1023 A#22 and B#20 = 638.713
ROUND 1024 A#23 and B#20 = 541.706
ROUND 1025 A#24 and B#20 = 524.266
ROUND 1026 A#25 and B#20 = 623.594
ROUND 1027 A#26 and B#20 = 732.987
ROUND 1028 A#27 and B#20 = 568.444
ROUND 1029 A#28 and B#20 = 739.765
ROUND 1030 A#29 and B#20 = 554.798
ROUND 1031 A#30 and B#20 = 603.149
ROUND 1032 A#31 and B#20 = 580.23
ROUND 1033 A#32 and B#20 = 641.954
ROUND 1034 A#33 and B#20 = 619.854
ROUND 1035 A#34 and B#20 = 596.71
ROUND 1036 A#35 and B#20 = 600.332
ROUND 1037 A#36 and B#20 = 602.519
ROUND 1038 A#37 and B#20 = 569.576
ROUND 1039 A#38 and B#20 = 594.92
ROUND 1040 A#39 and B#20 = 733.6
ROUND 1041 A#40 and B#20 = 597.503
ROUND 1042 A#41 and B#20 = 589.827
ROUND 1043 A#42 and B#20 = 539.412
ROUND 1044 A#43 and B#20 = 727.258
ROUND 1045 A#44 and B#20 = 627.041
ROUND 1046 A#45 and B#20 = 544.79
ROUND 1047 A#46 and B#20 = 731.968
ROUND 1048 A#47 and B#20 = 597.895
ROUND 1049 A#48 and B#20 = 612.036
ROUND 1050 A#49 and B#20 = 613.302
ROUND 1051 A#0 and B#21 = 579.251
ROUND 1052 A#1 and B#21 = 572
ROUND 1053 A#2 and B#21 = 636.855
ROUND 1054 A#3 and B#21 = 528.773
ROUND 1055 A#4 and B#21 = 632.245
ROUND 1056 A#5 and B#21 = 567.346
ROUND 1057 A#6 and B#21 = 625.274
ROUND 1058 A#7 and B#21 = 561.789
ROUND 1059 A#8 and B#21 = 587.956
ROUND 1060 A#9 and B#21 = 599.747
ROUND 1061 A#10 and B#21 = 643.138
ROUND 1062 A#11 and B#21 = 615.112
ROUND 1063 A#12 and B#21 = 613.633
ROUND 1064 A#13 and B#21 = 570.035
ROUND 1065 A#14 and B#21 = 598.986
ROUND 1066 A#15 and B#21 = 589.979
ROUND 1067 A#16 and B#21 = 575.553
ROUND 1068 A#17 and B#21 = 624.758
ROUND 1069 A#18 and B#21 = 574.017
ROUND 1070 A#19 and B#21 = 585.796
ROUND 1071 A#20 and B#21 = 566.41
ROUND 1072 A#21 and B#21 = 570.581
ROUND 1073 A#22 and B#21 = 620.79
ROUND 1074 A#23 and B#21 = 633.035
ROUND 1075 A#24 and B#21 = 621.793
ROUND 1076 A#25 and B#21 = 648.508
ROUND 1077 A#26 and B#21 = 615.102
ROUND 1078 A#27 and B#21 = 593.881
ROUND 1079 A#28 and B#21 = 588.795
ROUND 1080 A#29 and B#21 = 616.462
ROUND 1081 A#30 and B#21 = 566.602
ROUND 1082 A#31 and B#21 = 629.525
ROUND 1083 A#32 and B#21 = 637.059
ROUND 1084 A#33 and B#21 = 581.576
ROUND 1085 A#34 and B#21 = 605.957
ROUND 1086 A#35 and B#21 = 563.685
ROUND 1087 A#36 and B#21 = 587.999
ROUND 1088 A#37 and B#21 = 585.421
ROUND 1089 A#38 and B#21 = 565.018
ROUND 1090 A#39 and B#21 = 604.758
ROUND 1091 A#40 and B#21 = 559.841
ROUND 1092 A#41 and B#21 = 592.511
ROUND 1093 A#42 and B#21 = 626.183
ROUND 1094 A#43 and B#21 = 590.532
ROUND 1095 A#44 and B#21 = 607.959
ROUND 1096 A#45 and B#21 = 613.921
ROUND 1097 A#46 and B#21 = 613.36
ROUND 1098 A#47 and B#21 = 629.888
ROUND 1099 A#48 and B#21 = 593.876
ROUND 1100 A#49 and B#21 = 595.711
ROUND 1101 A#0 and B#22 = 608.313
ROUND 1102 A#1 and B#22 = 588.08
ROUND 1103 A#2 and B#22 = 597.628
ROUND 1104 A#3 and B#22 = 596.602
ROUND 1105 A#4 and B#22 = 605.123
ROUND 1106 A#5 and B#22 = 602.819
ROUND 1107 A#6 and B#22 = 529.882
ROUND 1108 A#7 and B#22 = 582.096
ROUND 1109 A#8 and B#22 = 571.402
ROUND 1110 A#9 and B#22 = 542.695
ROUND 1111 A#10 and B#22 = 544.776
ROUND 1112 A#11 and B#22 = 603.705
ROUND 1113 A#12 and B#22 = 591.869
ROUND 1114 A#13 and B#22 = 585.054
ROUND 1115 A#14 and B#22 = 595.212
ROUND 1116 A#15 and B#22 = 605.555
ROUND 1117 A#16 and B#22 = 574.49
ROUND 1118 A#17 and B#22 = 527.877
ROUND 1119 A#18 and B#22 = 608.352
ROUND 1120 A#19 and B#22 = 556.94
ROUND 1121 A#20 and B#22 = 578.909
ROUND 1122 A#21 and B#22 = 583.805
ROUND 1123 A#22 and B#22 = 619.295
ROUND 1124 A#23 and B#22 = 541.077
ROUND 1125 A#24 and B#22 = 541.144
ROUND 1126 A#25 and B#22 = 614.037
ROUND 1127 A#26 and B#22 = 603.067
ROUND 1128 A#27 and B#22 = 597.901
ROUND 1129 A#28 and B#22 = 647.04
ROUND 1130 A#29 and B#22 = 588.287
ROUND 1131 A#30 and B#22 = 587.456
ROUND 1132 A#31 and B#22 = 521.777
ROUND 1133 A#32 and B#22 = 625.254
ROUND 1134 A#33 and B#22 = 613.244
ROUND 1135 A#34 and B#22 = 601.874
ROUND 1136 A#35 and B#22 = 584.312
ROUND 1137 A#36 and B#22 = 607.783
ROUND 1138 A#37 and B#22 = 595.124
ROUND 1139 A#38 and B#22 = 621.23
ROUND 1140 A#39 and B#22 = 598.141
ROUND 1141 A#40 and B#22 = 573.65
ROUND 1142 A#41 and B#22 = 599.172
ROUND 1143 A#42 and B#22 = 543.815
ROUND 1144 A#43 and B#22 = 561.388
ROUND 1145 A#44 and B#22 = 590.007
ROUND 1146 A#45 and B#22 = 590.289
ROUND 1147 A#46 and B#22 = 593.423
ROUND 1148 A#47 and B#22 = 619.782
ROUND 1149 A#48 and B#22 = 592.656
ROUND 1150 A#49 and B#22 = 592.691
ROUND 1151 A#0 and B#23 = 662.67
ROUND 1152 A#1 and B#23 = 617.93
ROUND 1153 A#2 and B#23 = 590.005
ROUND 1154 A#3 and B#23 = 688.109
ROUND 1155 A#4 and B#23 = 608.833
ROUND 1156 A#5 and B#23 = 668.766
ROUND 1157 A#6 and B#23 = 553.486
ROUND 1158 A#7 and B#23 = 607.868
ROUND 1159 A#8 and B#23 = 579.714
ROUND 1160 A#9 and B#23 = 547.957
ROUND 1161 A#10 and B#23 = 534.925
ROUND 1162 A#11 and B#23 = 598.42
ROUND 1163 A#12 and B#23 = 603.282
ROUND 1164 A#13 and B#23 = 614.639
ROUND 1165 A#14 and B#23 = 598.355
ROUND 1166 A#15 and B#23 = 612.749
ROUND 1167 A#16 and B#23 = 589.803
ROUND 1168 A#17 and B#23 = 553.837
ROUND 1169 A#18 and B#23 = 590.129
ROUND 1170 A#19 and B#23 = 562.392
ROUND 1171 A#20 and B#23 = 607.07
ROUND 1172 A#21 and B#23 = 620.345
ROUND 1173 A#22 and B#23 = 692.467
ROUND 1174 A#23 and B#23 = 543.706
ROUND 1175 A#24 and B#23 = 536.14
ROUND 1176 A#25 and B#23 = 610.622
ROUND 1177 A#26 and B#23 = 598.196
ROUND 1178 A#27 and B#23 = 606.111
ROUND 1179 A#28 and B#23 = 569.745
ROUND 1180 A#29 and B#23 = 611.231
ROUND 1181 A#30 and B#23 = 614.087
ROUND 1182 A#31 and B#23 = 582.956
ROUND 1183 A#32 and B#23 = 700.109
ROUND 1184 A#33 and B#23 = 663.654
ROUND 1185 A#34 and B#23 = 615.217
ROUND 1186 A#35 and B#23 = 610.999
ROUND 1187 A#36 and B#23 = 655.777
ROUND 1188 A#37 and B#23 = 602.518
ROUND 1189 A#38 and B#23 = 590.839
ROUND 1190 A#39 and B#23 = 594.236
ROUND 1191 A#40 and B#23 = 605.811
ROUND 1192 A#41 and B#23 = 593.462
ROUND 1193 A#42 and B#23 = 532.603
ROUND 1194 A#43 and B#23 = 558.624
ROUND 1195 A#44 and B#23 = 604.596
ROUND 1196 A#45 and B#23 = 602.472
ROUND 1197 A#46 and B#23 = 597.479
ROUND 1198 A#47 and B#23 = 638.029
ROUND 1199 A#48 and B#23 = 599.285
ROUND 1200 A#49 and B#23 = 597.198
ROUND 1201 A#0 and B#24 = 644.027
ROUND 1202 A#1 and B#24 = 596.441
ROUND 1203 A#2 and B#24 = 611.278
ROUND 1204 A#3 and B#24 = 635.988
ROUND 1205 A#4 and B#24 = 613.93
ROUND 1206 A#5 and B#24 = 636.642
ROUND 1207 A#6 and B#24 = 580.05
ROUND 1208 A#7 and B#24 = 585.269
ROUND 1209 A#8 and B#24 = 572.464
ROUND 1210 A#9 and B#24 = 561.586
ROUND 1211 A#10 and B#24 = 585.922
ROUND 1212 A#11 and B#24 = 607.368
ROUND 1213 A#12 and B#24 = 616.772
ROUND 1214 A#13 and B#24 = 592.272
ROUND 1215 A#14 and B#24 = 610.974
ROUND 1216 A#15 and B#24 = 627.315
ROUND 1217 A#16 and B#24 = 576.219
ROUND 1218 A#17 and B#24 = 580.005
ROUND 1219 A#18 and B#24 = 563.839
ROUND 1220 A#19 and B#24 = 552.744
ROUND 1221 A#20 and B#24 = 583.938
ROUND 1222 A#21 and B#24 = 595.26
ROUND 1223 A#22 and B#24 = 646.453
ROUND 1224 A#23 and B#24 = 597.789
ROUND 1225 A#24 and B#24 = 535.005
ROUND 1226 A#25 and B#24 = 631.476
ROUND 1227 A#26 and B#24 = 606.799
ROUND 1228 A#27 and B#24 = 621.665
ROUND 1229 A#28 and B#24 = 611.45
ROUND 1230 A#29 and B#24 = 623.182
ROUND 1231 A#30 and B#24 = 591.643
ROUND 1232 A#31 and B#24 = 619.236
ROUND 1233 A#32 and B#24 = 653.844
ROUND 1234 A#33 and B#24 = 648.57
ROUND 1235 A#34 and B#24 = 626.439
ROUND 1236 A#35 and B#24 = 587.953
ROUND 1237 A#36 and B#24 = 605.234
ROUND 1238 A#37 and B#24 = 614.899
ROUND 1239 A#38 and B#24 = 663.792
ROUND 1240 A#39 and B#24 = 604.589
ROUND 1241 A#40 and B#24 = 573.845
ROUND 1242 A#41 and B#24 = 599.527
ROUND 1243 A#42 and B#24 = 569.81
ROUND 1244 A#43 and B#24 = 605.934
ROUND 1245 A#44 and B#24 = 617.413
ROUND 1246 A#45 and B#24 = 618.278
ROUND 1247 A#46 and B#24 = 600.202
ROUND 1248 A#47 and B#24 = 642.589
ROUND 1249 A#48 and B#24 = 608.703
ROUND 1250 A#49 and B#24 = 608.459
ROUND 1251 A#0 and B#25 = 643.932
ROUND 1252 A#1 and B#25 = 596.876
ROUND 1253 A#2 and B#25 = 611.142
ROUND 1254 A#3 and B#25 = 635.093
ROUND 1255 A#4 and B#25 = 615.48
ROUND 1256 A#5 and B#25 = 636.237
ROUND 1257 A#6 and B#25 = 579.62
ROUND 1258 A#7 and B#25 = 586.24
ROUND 1259 A#8 and B#25 = 573.099
ROUND 1260 A#9 and B#25 = 560.843
ROUND 1261 A#10 and B#25 = 585.442
ROUND 1262 A#11 and B#25 = 608.113
ROUND 1263 A#12 and B#25 = 617.389
ROUND 1264 A#13 and B#25 = 592.904
ROUND 1265 A#14 and B#25 = 612.04
ROUND 1266 A#15 and B#25 = 628.112
ROUND 1267 A#16 and B#25 = 576.186
ROUND 1268 A#17 and B#25 = 579.552
ROUND 1269 A#18 and B#25 = 563.705
ROUND 1270 A#19 and B#25 = 551.672
ROUND 1271 A#20 and B#25 = 584.669
ROUND 1272 A#21 and B#25 = 595.987
ROUND 1273 A#22 and B#25 = 646.443
ROUND 1274 A#23 and B#25 = 597.274
ROUND 1275 A#24 and B#25 = 535.086
ROUND 1276 A#25 and B#25 = 631.183
ROUND 1277 A#26 and B#25 = 607.534
ROUND 1278 A#27 and B#25 = 622.331
ROUND 1279 A#28 and B#25 = 610.96
ROUND 1280 A#29 and B#25 = 623.031
ROUND 1281 A#30 and B#25 = 592.534
ROUND 1282 A#31 and B#25 = 618.862
ROUND 1283 A#32 and B#25 = 653.747
ROUND 1284 A#33 and B#25 = 648.494
ROUND 1285 A#34 and B#25 = 626.92
ROUND 1286 A#35 and B#25 = 588.903
ROUND 1287 A#36 and B#25 = 606.639
ROUND 1288 A#37 and B#25 = 615.82
ROUND 1289 A#38 and B#25 = 663.311
ROUND 1290 A#39 and B#25 = 605.009
ROUND 1291 A#40 and B#25 = 573.616
ROUND 1292 A#41 and B#25 = 600.444
ROUND 1293 A#42 and B#25 = 569.612
ROUND 1294 A#43 and B#25 = 605.102
ROUND 1295 A#44 and B#25 = 617.752
ROUND 1296 A#45 and B#25 = 618.68
ROUND 1297 A#46 and B#25 = 601.128
ROUND 1298 A#47 and B#25 = 642.156
ROUND 1299 A#48 and B#25 = 609.78
ROUND 1300 A#49 and B#25 = 609.528
ROUND 1301 A#0 and B#26 = 622.199
ROUND 1302 A#1 and B#26 = 609.868
ROUND 1303 A#2 and B#26 = 602.571
ROUND 1304 A#3 and B#26 = 602.69
ROUND 1305 A#4 and B#26 = 601.835
ROUND 1306 A#5 and B#26 = 599.097
ROUND 1307 A#6 and B#26 = 531.767
ROUND 1308 A#7 and B#26 = 543.122
ROUND 1309 A#8 and B#26 = 707.04
ROUND 1310 A#9 and B#26 = 505.737
ROUND 1311 A#10 and B#26 = 555.748
ROUND 1312 A#11 and B#26 = 722.261
ROUND 1313 A#12 and B#26 = 611.001
ROUND 1314 A#13 and B#26 = 610.025
ROUND 1315 A#14 and B#26 = 600.082
ROUND 1316 A#15 and B#26 = 592.439
ROUND 1317 A#16 and B#26 = 713.178
ROUND 1318 A#17 and B#26 = 524.211
ROUND 1319 A#18 and B#26 = 597.737
ROUND 1320 A#19 and B#26 = 573.125
ROUND 1321 A#20 and B#26 = 618.067
ROUND 1322 A#21 and B#26 = 609.11
ROUND 1323 A#22 and B#26 = 614.219
ROUND 1324 A#23 and B#26 = 536.831
ROUND 1325 A#24 and B#26 = 573.857
ROUND 1326 A#25 and B#26 = 589.683
ROUND 1327 A#26 and B#26 = 721.565
ROUND 1328 A#27 and B#26 = 597.797
ROUND 1329 A#28 and B#26 = 723.331
ROUND 1330 A#29 and B#26 = 587.56
ROUND 1331 A#30 and B#26 = 543.688
ROUND 1332 A#31 and B#26 = 606.088
ROUND 1333 A#32 and B#26 = 615.201
ROUND 1334 A#33 and B#26 = 626.273
ROUND 1335 A#34 and B#26 = 615.4
ROUND 1336 A#35 and B#26 = 543.011
ROUND 1337 A#36 and B#26 = 577.006
ROUND 1338 A#37 and B#26 = 586.619
ROUND 1339 A#38 and B#26 = 559.086
ROUND 1340 A#39 and B#26 = 711.464
ROUND 1341 A#40 and B#26 = 614.587
ROUND 1342 A#41 and B#26 = 576.949
ROUND 1343 A#42 and B#26 = 555.111
ROUND 1344 A#43 and B#26 = 715.57
ROUND 1345 A#44 and B#26 = 595.665
ROUND 1346 A#45 and B#26 = 601.59
ROUND 1347 A#46 and B#26 = 714.774
ROUND 1348 A#47 and B#26 = 640.213
ROUND 1349 A#48 and B#26 = 593.264
ROUND 1350 A#49 and B#26 = 597.818
ROUND 1351 A#0 and B#27 = 659.639
ROUND 1352 A#1 and B#27 = 631.638
ROUND 1353 A#2 and B#27 = 605.669
ROUND 1354 A#3 and B#27 = 694.174
ROUND 1355 A#4 and B#27 = 622.439
ROUND 1356 A#5 and B#27 = 693.649
ROUND 1357 A#6 and B#27 = 566.222
ROUND 1358 A#7 and B#27 = 584.946
ROUND 1359 A#8 and B#27 = 646.296
ROUND 1360 A#9 and B#27 = 593.929
ROUND 1361 A#10 and B#27 = 539.636
ROUND 1362 A#11 and B#27 = 672.792
ROUND 1363 A#12 and B#27 = 595.204
ROUND 1364 A#13 and B#27 = 634.256
ROUND 1365 A#14 and B#27 = 616.238
ROUND 1366 A#15 and B#27 = 686.905
ROUND 1367 A#16 and B#27 = 652.296
ROUND 1368 A#17 and B#27 = 563.597
ROUND 1369 A#18 and B#27 = 654.322
ROUND 1370 A#19 and B#27 = 598.62
ROUND 1371 A#20 and B#27 = 644.722
ROUND 1372 A#21 and B#27 = 634.929
ROUND 1373 A#22 and B#27 = 626.012
ROUND 1374 A#23 and B#27 = 559.181
ROUND 1375 A#24 and B#27 = 573.49
ROUND 1376 A#25 and B#27 = 615.043
ROUND 1377 A#26 and B#27 = 673.387
ROUND 1378 A#27 and B#27 = 591.736
ROUND 1379 A#28 and B#27 = 666.547
ROUND 1380 A#29 and B#27 = 593.167
ROUND 1381 A#30 and B#27 = 582.33
ROUND 1382 A#31 and B#27 = 571.182
ROUND 1383 A#32 and B#27 = 624.443
ROUND 1384 A#33 and B#27 = 665.147
ROUND 1385 A#34 and B#27 = 685.126
ROUND 1386 A#35 and B#27 = 580.53
ROUND 1387 A#36 and B#27 = 618.216
ROUND 1388 A#37 and B#27 = 593.561
ROUND 1389 A#38 and B#27 = 644.836
ROUND 1390 A#39 and B#27 = 597.195
ROUND 1391 A#40 and B#27 = 578.738
ROUND 1392 A#41 and B#27 = 590.765
ROUND 1393 A#42 and B#27 = 534.805
ROUND 1394 A#43 and B#27 = 662.844
ROUND 1395 A#44 and B#27 = 614.949
ROUND 1396 A#45 and B#27 = 615.509
ROUND 1397 A#46 and B#27 = 661.96
ROUND 1398 A#47 and B#27 = 616.034
ROUND 1399 A#48 and B#27 = 613.3
ROUND 1400 A#49 and B#27 = 612.107
ROUND 1401 A#0 and B#28 = 540.058
ROUND 1402 A#1 and B#28 = 619.772
ROUND 1403 A#2 and B#28 = 593.505
ROUND 1404 A#3 and B#28 = 608.271
ROUND 1405 A#4 and B#28 = 613.883
ROUND 1406 A#5 and B#28 = 564.464
ROUND 1407 A#6 and B#28 = 620.284
ROUND 1408 A#7 and B#28 = 607.152
ROUND 1409 A#8 and B#28 = 627.731
ROUND 1410 A#9 and B#28 = 605.51
ROUND 1411 A#10 and B#28 = 599.789
ROUND 1412 A#11 and B#28 = 533.716
ROUND 1413 A#12 and B#28 = 592.647
ROUND 1414 A#13 and B#28 = 619.607
ROUND 1415 A#14 and B#28 = 586.104
ROUND 1416 A#15 and B#28 = 595.374
ROUND 1417 A#16 and B#28 = 608.416
ROUND 1418 A#17 and B#28 = 613.53
ROUND 1419 A#18 and B#28 = 594.659
ROUND 1420 A#19 and B#28 = 574.759
ROUND 1421 A#20 and B#28 = 590.152
ROUND 1422 A#21 and B#28 = 620.699
ROUND 1423 A#22 and B#28 = 600.627
ROUND 1424 A#23 and B#28 = 603.292
ROUND 1425 A#24 and B#28 = 586.102
ROUND 1426 A#25 and B#28 = 594.202
ROUND 1427 A#26 and B#28 = 534.135
ROUND 1428 A#27 and B#28 = 597.835
ROUND 1429 A#28 and B#28 = 548.711
ROUND 1430 A#29 and B#28 = 607.526
ROUND 1431 A#30 and B#28 = 609.487
ROUND 1432 A#31 and B#28 = 669.208
ROUND 1433 A#32 and B#28 = 598.722
ROUND 1434 A#33 and B#28 = 557.291
ROUND 1435 A#34 and B#28 = 593.856
ROUND 1436 A#35 and B#28 = 610.189
ROUND 1437 A#36 and B#28 = 648.625
ROUND 1438 A#37 and B#28 = 594.749
ROUND 1439 A#38 and B#28 = 589.891
ROUND 1440 A#39 and B#28 = 610.626
ROUND 1441 A#40 and B#28 = 667.145
ROUND 1442 A#41 and B#28 = 549.33
ROUND 1443 A#42 and B#28 = 598.364
ROUND 1444 A#43 and B#28 = 598.27
ROUND 1445 A#44 and B#28 = 599.985
ROUND 1446 A#45 and B#28 = 599.281
ROUND 1447 A#46 and B#28 = 599.672
ROUND 1448 A#47 and B#28 = 600.215
ROUND 1449 A#48 and B#28 = 584.657
ROUND 1450 A#49 and B#28 = 586.529
ROUND 1451 A#0 and B#29 = 554.298
ROUND 1452 A#1 and B#29 = 615.099
ROUND 1453 A#2 and B#29 = 611.554
ROUND 1454 A#3 and B#29 = 657.123
ROUND 1455 A#4 and B#29 = 638.666
ROUND 1456 A#5 and B#29 = 581.538
ROUND 1457 A#6 and B#29 = 599.444
ROUND 1458 A#7 and B#29 = 598.909
ROUND 1459 A#8 and B#29 = 604.754
ROUND 1460 A#9 and B#29 = 629.452
ROUND 1461 A#10 and B#29 = 582.704
ROUND 1462 A#11 and B#29 = 608.535
ROUND 1463 A#12 and B#29 = 596.424
ROUND 1464 A#13 and B#29 = 618.428
ROUND 1465 A#14 and B#29 = 589.433
ROUND 1466 A#15 and B#29 = 606.458
ROUND 1467 A#16 and B#29 = 587.548
ROUND 1468 A#17 and B#29 = 588.245
ROUND 1469 A#18 and B#29 = 620.519
ROUND 1470 A#19 and B#29 = 627.377
ROUND 1471 A#20 and B#29 = 616.151
ROUND 1472 A#21 and B#29 = 619.725
ROUND 1473 A#22 and B#29 = 609.446
ROUND 1474 A#23 and B#29 = 594.645
ROUND 1475 A#24 and B#29 = 572.579
ROUND 1476 A#25 and B#29 = 662.27
ROUND 1477 A#26 and B#29 = 608.352
ROUND 1478 A#27 and B#29 = 602.948
ROUND 1479 A#28 and B#29 = 589.389
ROUND 1480 A#29 and B#29 = 616.634
ROUND 1481 A#30 and B#29 = 601.04
ROUND 1482 A#31 and B#29 = 492.215
ROUND 1483 A#32 and B#29 = 608.503
ROUND 1484 A#33 and B#29 = 551.339
ROUND 1485 A#34 and B#29 = 597
ROUND 1486 A#35 and B#29 = 601.272
ROUND 1487 A#36 and B#29 = 590.235
ROUND 1488 A#37 and B#29 = 607.997
ROUND 1489 A#38 and B#29 = 623.22
ROUND 1490 A#39 and B#29 = 585.744
ROUND 1491 A#40 and B#29 = 611.511
ROUND 1492 A#41 and B#29 = 624.024
ROUND 1493 A#42 and B#29 = 603.16
ROUND 1494 A#43 and B#29 = 579.57
ROUND 1495 A#44 and B#29 = 607.563
ROUND 1496 A#45 and B#29 = 560.963
ROUND 1497 A#46 and B#29 = 585.37
ROUND 1498 A#47 and B#29 = 599.024
ROUND 1499 A#48 and B#29 = 587.633
ROUND 1500 A#49 and B#29 = 589.631
ROUND 1501 A#0 and B#30 = 661.91
ROUND 1502 A#1 and B#30 = 579.03
ROUND 1503 A#2 and B#30 = 574.889
ROUND 1504 A#3 and B#30 = 634.896
ROUND 1505 A#4 and B#30 = 638.153
ROUND 1506 A#5 and B#30 = 656.194
ROUND 1507 A#6 and B#30 = 619.323
ROUND 1508 A#7 and B#30 = 589.049
ROUND 1509 A#8 and B#30 = 669.84
ROUND 1510 A#9 and B#30 = 564.847
ROUND 1511 A#10 and B#30 = 644.165
ROUND 1512 A#11 and B#30 = 676.33
ROUND 1513 A#12 and B#30 = 598.367
ROUND 1514 A#13 and B#30 = 578.491
ROUND 1515 A#14 and B#30 = 609.189
ROUND 1516 A#15 and B#30 = 598.264
ROUND 1517 A#16 and B#30 = 698.119
ROUND 1518 A#17 and B#30 = 610.071
ROUND 1519 A#18 and B#30 = 522.548
ROUND 1520 A#19 and B#30 = 542.459
ROUND 1521 A#20 and B#30 = 525.278
ROUND 1522 A#21 and B#30 = 577.674
ROUND 1523 A#22 and B#30 = 667.369
ROUND 1524 A#23 and B#30 = 627.621
ROUND 1525 A#24 and B#30 = 587.322
ROUND 1526 A#25 and B#30 = 572.61
ROUND 1527 A#26 and B#30 = 675.586
ROUND 1528 A#27 and B#30 = 595.455
ROUND 1529 A#28 and B#30 = 684.495
ROUND 1530 A#29 and B#30 = 571.179
ROUND 1531 A#30 and B#30 = 589.116
ROUND 1532 A#31 and B#30 = 636.841
ROUND 1533 A#32 and B#30 = 668.744
ROUND 1534 A#33 and B#30 = 663.982
ROUND 1535 A#34 and B#30 = 600.515
ROUND 1536 A#35 and B#30 = 587.77
ROUND 1537 A#36 and B#30 = 584.493
ROUND 1538 A#37 and B#30 = 598.705
ROUND 1539 A#38 and B#30 = 524.225
ROUND 1540 A#39 and B#30 = 693.144
ROUND 1541 A#40 and B#30 = 679.356
ROUND 1542 A#41 and B#30 = 590.891
ROUND 1543 A#42 and B#30 = 641.369
ROUND 1544 A#43 and B#30 = 682.604
ROUND 1545 A#44 and B#30 = 579.505
ROUND 1546 A#45 and B#30 = 583.005
ROUND 1547 A#46 and B#30 = 694.652
ROUND 1548 A#47 and B#30 = 618.969
ROUND 1549 A#48 and B#30 = 609.126
ROUND 1550 A#49 and B#30 = 607.75
ROUND 1551 A#0 and B#31 = 665.22
ROUND 1552 A#1 and B#31 = 630.775
ROUND 1553 A#2 and B#31 = 594.986
ROUND 1554 A#3 and B#31 = 686.168
ROUND 1555 A#4 and B#31 = 608.129
ROUND 1556 A#5 and B#31 = 670.358
ROUND 1557 A#6 and B#31 = 552.011
ROUND 1558 A#7 and B#31 = 620.055
ROUND 1559 A#8 and B#31 = 583.359
ROUND 1560 A#9 and B#31 = 555.575
ROUND 1561 A#10 and B#31 = 547.746
ROUND 1562 A#11 and B#31 = 598.878
ROUND 1563 A#12 and B#31 = 615.254
ROUND 1564 A#13 and B#31 = 627.721
ROUND 1565 A#14 and B#31 = 609.101
ROUND 1566 A#15 and B#31 = 625.264
ROUND 1567 A#16 and B#31 = 590.492
ROUND 1568 A#17 and B#31 = 558.014
ROUND 1569 A#18 and B#31 = 595.077
ROUND 1570 A#19 and B#31 = 568.798
ROUND 1571 A#20 and B#31 = 618.103
ROUND 1572 A#21 and B#31 = 633.257
ROUND 1573 A#22 and B#31 = 691.161
ROUND 1574 A#23 and B#31 = 558.786
ROUND 1575 A#24 and B#31 = 602.721
ROUND 1576 A#25 and B#31 = 616.345
ROUND 1577 A#26 and B#31 = 598.638
ROUND 1578 A#27 and B#31 = 618.844
ROUND 1579 A#28 and B#31 = 573.723
ROUND 1580 A#29 and B#31 = 623.214
ROUND 1581 A#30 and B#31 = 626.559
ROUND 1582 A#31 and B#31 = 592.891
ROUND 1583 A#32 and B#31 = 699.228
ROUND 1584 A#33 and B#31 = 666.953
ROUND 1585 A#34 and B#31 = 627.642
ROUND 1586 A#35 and B#31 = 623.468
ROUND 1587 A#36 and B#31 = 630.58
ROUND 1588 A#37 and B#31 = 614.989
ROUND 1589 A#38 and B#31 = 599.766
ROUND 1590 A#39 and B#31 = 596.849
ROUND 1591 A#40 and B#31 = 607.445
ROUND 1592 A#41 and B#31 = 610.335
ROUND 1593 A#42 and B#31 = 545.619
ROUND 1594 A#43 and B#31 = 563.365
ROUND 1595 A#44 and B#31 = 615.861
ROUND 1596 A#45 and B#31 = 613.137
ROUND 1597 A#46 and B#31 = 593.054
ROUND 1598 A#47 and B#31 = 636.787
ROUND 1599 A#48 and B#31 = 609.962
ROUND 1600 A#49 and B#31 = 608.109
ROUND 1601 A#0 and B#32 = 662.05
ROUND 1602 A#1 and B#32 = 578.731
ROUND 1603 A#2 and B#32 = 573.071
ROUND 1604 A#3 and B#32 = 635.795
ROUND 1605 A#4 and B#32 = 638.997
ROUND 1606 A#5 and B#32 = 656.645
ROUND 1607 A#6 and B#32 = 618.755
ROUND 1608 A#7 and B#32 = 588.643
ROUND 1609 A#8 and B#32 = 669.822
ROUND 1610 A#9 and B#32 = 565.52
ROUND 1611 A#10 and B#32 = 644.533
ROUND 1612 A#11 and B#32 = 676.319
ROUND 1613 A#12 and B#32 = 598.626
ROUND 1614 A#13 and B#32 = 578.22
ROUND 1615 A#14 and B#32 = 609.202
ROUND 1616 A#15 and B#32 = 598.279
ROUND 1617 A#16 and B#32 = 697.948
ROUND 1618 A#17 and B#32 = 609.668
ROUND 1619 A#18 and B#32 = 522.906
ROUND 1620 A#19 and B#32 = 542.111
ROUND 1621 A#20 and B#32 = 525.45
ROUND 1622 A#21 and B#32 = 577.416
ROUND 1623 A#22 and B#32 = 668.325
ROUND 1624 A#23 and B#32 = 627.727
ROUND 1625 A#24 and B#32 = 587.113
ROUND 1626 A#25 and B#32 = 570.777
ROUND 1627 A#26 and B#32 = 675.592
ROUND 1628 A#27 and B#32 = 595.606
ROUND 1629 A#28 and B#32 = 684.61
ROUND 1630 A#29 and B#32 = 570.676
ROUND 1631 A#30 and B#32 = 588.768
ROUND 1632 A#31 and B#32 = 637.92
ROUND 1633 A#32 and B#32 = 669.592
ROUND 1634 A#33 and B#32 = 663.95
ROUND 1635 A#34 and B#32 = 600.568
ROUND 1636 A#35 and B#32 = 587.452
ROUND 1637 A#36 and B#32 = 586.21
ROUND 1638 A#37 and B#32 = 598.881
ROUND 1639 A#38 and B#32 = 524.459
ROUND 1640 A#39 and B#32 = 693.103
ROUND 1641 A#40 and B#32 = 680.689
ROUND 1642 A#41 and B#32 = 591.01
ROUND 1643 A#42 and B#32 = 641.881
ROUND 1644 A#43 and B#32 = 682.79
ROUND 1645 A#44 and B#32 = 578.702
ROUND 1646 A#45 and B#32 = 582.072
ROUND 1647 A#46 and B#32 = 694.562
ROUND 1648 A#47 and B#32 = 618.591
ROUND 1649 A#48 and B#32 = 609.152
ROUND 1650 A#49 and B#32 = 607.772
ROUND 1651 A#0 and B#33 = 663.427
ROUND 1652 A#1 and B#33 = 618.064
ROUND 1653 A#2 and B#33 = 588.742
ROUND 1654 A#3 and B#33 = 682.969
ROUND 1655 A#4 and B#33 = 609.569
ROUND 1656 A#5 and B#33 = 671.106
ROUND 1657 A#6 and B#33 = 555.988
ROUND 1658 A#7 and B#33 = 613.02
ROUND 1659 A#8 and B#33 = 581.536
ROUND 1660 A#9 and B#33 = 550.396
ROUND 1661 A#10 and B#33 = 539.786
ROUND 1662 A#11 and B#33 = 598.267
ROUND 1663 A#12 and B#33 = 604.392
ROUND 1664 A#13 and B#33 = 615.928
ROUND 1665 A#14 and B#33 = 605.029
ROUND 1666 A#15 and B#33 = 615.073
ROUND 1667 A#16 and B#33 = 591.332
ROUND 1668 A#17 and B#33 = 535.47
ROUND 1669 A#18 and B#33 = 591.842
ROUND 1670 A#19 and B#33 = 562.437
ROUND 1671 A#20 and B#33 = 606.433
ROUND 1672 A#21 and B#33 = 621.453
ROUND 1673 A#22 and B#33 = 694.947
ROUND 1674 A#23 and B#33 = 547.55
ROUND 1675 A#24 and B#33 = 535.878
ROUND 1676 A#25 and B#33 = 607.381
ROUND 1677 A#26 and B#33 = 598.03
ROUND 1678 A#27 and B#33 = 607.205
ROUND 1679 A#28 and B#33 = 573.225
ROUND 1680 A#29 and B#33 = 609.341
ROUND 1681 A#30 and B#33 = 618.777
ROUND 1682 A#31 and B#33 = 580.609
ROUND 1683 A#32 and B#33 = 703.946
ROUND 1684 A#33 and B#33 = 665.063
ROUND 1685 A#34 and B#33 = 615.881
ROUND 1686 A#35 and B#33 = 615.863
ROUND 1687 A#36 and B#33 = 647.078
ROUND 1688 A#37 and B#33 = 605.821
ROUND 1689 A#38 and B#33 = 594.142
ROUND 1690 A#39 and B#33 = 574.216
ROUND 1691 A#40 and B#33 = 607.629
ROUND 1692 A#41 and B#33 = 600.739
ROUND 1693 A#42 and B#33 = 537.24
ROUND 1694 A#43 and B#33 = 562.84
ROUND 1695 A#44 and B#33 = 604.846
ROUND 1696 A#45 and B#33 = 602.786
ROUND 1697 A#46 and B#33 = 599.14
ROUND 1698 A#47 and B#33 = 635.379
ROUND 1699 A#48 and B#33 = 605.621
ROUND 1700 A#49 and B#33 = 603.713
ROUND 1701 A#0 and B#34 = 626.548
ROUND 1702 A#1 and B#34 = 633.446
ROUND 1703 A#2 and B#34 = 608.606
ROUND 1704 A#3 and B#34 = 629.265
ROUND 1705 A#4 and B#34 = 572.554
ROUND 1706 A#5 and B#34 = 612.901
ROUND 1707 A#6 and B#34 = 608.883
ROUND 1708 A#7 and B#34 = 605.526
ROUND 1709 A#8 and B#34 = 721.852
ROUND 1710 A#9 and B#34 = 567.175
ROUND 1711 A#10 and B#34 = 601.534
ROUND 1712 A#11 and B#34 = 732.18
ROUND 1713 A#12 and B#34 = 628.969
ROUND 1714 A#13 and B#34 = 634.598
ROUND 1715 A#14 and B#34 = 616.841
ROUND 1716 A#15 and B#34 = 605.712
ROUND 1717 A#16 and B#34 = 714.723
ROUND 1718 A#17 and B#34 = 612.297
ROUND 1719 A#18 and B#34 = 603.179
ROUND 1720 A#19 and B#34 = 548.888
ROUND 1721 A#20 and B#34 = 596.992
ROUND 1722 A#21 and B#34 = 633.744
ROUND 1723 A#22 and B#34 = 639.887
ROUND 1724 A#23 and B#34 = 616.311
ROUND 1725 A#24 and B#34 = 568.811
ROUND 1726 A#25 and B#34 = 615.869
ROUND 1727 A#26 and B#34 = 731.07
ROUND 1728 A#27 and B#34 = 610.904
ROUND 1729 A#28 and B#34 = 729.442
ROUND 1730 A#29 and B#34 = 605.114
ROUND 1731 A#30 and B#34 = 602.584
ROUND 1732 A#31 and B#34 = 520.539
ROUND 1733 A#32 and B#34 = 638.828
ROUND 1734 A#33 and B#34 = 626.452
ROUND 1735 A#34 and B#34 = 630.409
ROUND 1736 A#35 and B#34 = 603.073
ROUND 1737 A#36 and B#34 = 590.293
ROUND 1738 A#37 and B#34 = 602.306
ROUND 1739 A#38 and B#34 = 603.118
ROUND 1740 A#39 and B#34 = 712.671
ROUND 1741 A#40 and B#34 = 575.912
ROUND 1742 A#41 and B#34 = 604.994
ROUND 1743 A#42 and B#34 = 612.083
ROUND 1744 A#43 and B#34 = 715.256
ROUND 1745 A#44 and B#34 = 616.211
ROUND 1746 A#45 and B#34 = 617.22
ROUND 1747 A#46 and B#34 = 711.478
ROUND 1748 A#47 and B#34 = 664.823
ROUND 1749 A#48 and B#34 = 613.112
ROUND 1750 A#49 and B#34 = 615.477
ROUND 1751 A#0 and B#35 = 601.376
ROUND 1752 A#1 and B#35 = 605.44
ROUND 1753 A#2 and B#35 = 674.255
ROUND 1754 A#3 and B#35 = 642.459
ROUND 1755 A#4 and B#35 = 606.302
ROUND 1756 A#5 and B#35 = 572.065
ROUND 1757 A#6 and B#35 = 573.701
ROUND 1758 A#7 and B#35 = 552.46
ROUND 1759 A#8 and B#35 = 673.643
ROUND 1760 A#9 and B#35 = 455.987
ROUND 1761 A#10 and B#35 = 581.286
ROUND 1762 A#11 and B#35 = 671.714
ROUND 1763 A#12 and B#35 = 606.158
ROUND 1764 A#13 and B#35 = 603.9
ROUND 1765 A#14 and B#35 = 576.665
ROUND 1766 A#15 and B#35 = 610.141
ROUND 1767 A#16 and B#35 = 677.267
ROUND 1768 A#17 and B#35 = 570.549
ROUND 1769 A#18 and B#35 = 604.107
ROUND 1770 A#19 and B#35 = 601.856
ROUND 1771 A#20 and B#35 = 607.904
ROUND 1772 A#21 and B#35 = 604.508
ROUND 1773 A#22 and B#35 = 626.96
ROUND 1774 A#23 and B#35 = 570.006
ROUND 1775 A#24 and B#35 = 567.731
ROUND 1776 A#25 and B#35 = 540.085
ROUND 1777 A#26 and B#35 = 671.511
ROUND 1778 A#27 and B#35 = 609.11
ROUND 1779 A#28 and B#35 = 700.206
ROUND 1780 A#29 and B#35 = 603.143
ROUND 1781 A#30 and B#35 = 549.216
ROUND 1782 A#31 and B#35 = 549.319
ROUND 1783 A#32 and B#35 = 630.982
ROUND 1784 A#33 and B#35 = 602.123
ROUND 1785 A#34 and B#35 = 664.965
ROUND 1786 A#35 and B#35 = 548.684
ROUND 1787 A#36 and B#35 = 622.202
ROUND 1788 A#37 and B#35 = 608.008
ROUND 1789 A#38 and B#35 = 504.852
ROUND 1790 A#39 and B#35 = 662.589
ROUND 1791 A#40 and B#35 = 548.344
ROUND 1792 A#41 and B#35 = 557.146
ROUND 1793 A#42 and B#35 = 575.791
ROUND 1794 A#43 and B#35 = 702.281
ROUND 1795 A#44 and B#35 = 579.537
ROUND 1796 A#45 and B#35 = 581.838
ROUND 1797 A#46 and B#35 = 686.605
ROUND 1798 A#47 and B#35 = 627.529
ROUND 1799 A#48 and B#35 = 573.066
ROUND 1800 A#49 and B#35 = 573.243
ROUND 1801 A#0 and B#36 = 560.504
ROUND 1802 A#1 and B#36 = 620.085
ROUND 1803 A#2 and B#36 = 597.367
ROUND 1804 A#3 and B#36 = 657.957
ROUND 1805 A#4 and B#36 = 600.866
ROUND 1806 A#5 and B#36 = 543.113
ROUND 1807 A#6 and B#36 = 604.89
ROUND 1808 A#7 and B#36 = 589.733
ROUND 1809 A#8 and B#36 = 629.009
ROUND 1810 A#9 and B#36 = 633.435
ROUND 1811 A#10 and B#36 = 561.102
ROUND 1812 A#11 and B#36 = 622.279
ROUND 1813 A#12 and B#36 = 600.849
ROUND 1814 A#13 and B#36 = 622.719
ROUND 1815 A#14 and B#36 = 567.078
ROUND 1816 A#15 and B#36 = 610.907
ROUND 1817 A#16 and B#36 = 621.028
ROUND 1818 A#17 and B#36 = 603.425
ROUND 1819 A#18 and B#36 = 599.352
ROUND 1820 A#19 and B#36 = 590.351
ROUND 1821 A#20 and B#36 = 594.749
ROUND 1822 A#21 and B#36 = 627.208
ROUND 1823 A#22 and B#36 = 597.008
ROUND 1824 A#23 and B#36 = 592.434
ROUND 1825 A#24 and B#36 = 589.347
ROUND 1826 A#25 and B#36 = 603.897
ROUND 1827 A#26 and B#36 = 622.745
ROUND 1828 A#27 and B#36 = 610.72
ROUND 1829 A#28 and B#36 = 549.05
ROUND 1830 A#29 and B#36 = 618.859
ROUND 1831 A#30 and B#36 = 587.393
ROUND 1832 A#31 and B#36 = 644.677
ROUND 1833 A#32 and B#36 = 596.188
ROUND 1834 A#33 and B#36 = 561.832
ROUND 1835 A#34 and B#36 = 604.358
ROUND 1836 A#35 and B#36 = 588.803
ROUND 1837 A#36 and B#36 = 659.662
ROUND 1838 A#37 and B#36 = 613.165
ROUND 1839 A#38 and B#36 = 594.183
ROUND 1840 A#39 and B#36 = 618.002
ROUND 1841 A#40 and B#36 = 631.501
ROUND 1842 A#41 and B#36 = 562.341
ROUND 1843 A#42 and B#36 = 581.252
ROUND 1844 A#43 and B#36 = 613.937
ROUND 1845 A#44 and B#36 = 612.524
ROUND 1846 A#45 and B#36 = 608.762
ROUND 1847 A#46 and B#36 = 617.72
ROUND 1848 A#47 and B#36 = 609.444
ROUND 1849 A#48 and B#36 = 564.908
ROUND 1850 A#49 and B#36 = 596.03
ROUND 1851 A#0 and B#37 = 619.956
ROUND 1852 A#1 and B#37 = 573.604
ROUND 1853 A#2 and B#37 = 556.547
ROUND 1854 A#3 and B#37 = 630.255
ROUND 1855 A#4 and B#37 = 602.158
ROUND 1856 A#5 and B#37 = 601.894
ROUND 1857 A#6 and B#37 = 531.361
ROUND 1858 A#7 and B#37 = 612.13
ROUND 1859 A#8 and B#37 = 740.581
ROUND 1860 A#9 and B#37 = 523.781
ROUND 1861 A#10 and B#37 = 542.429
ROUND 1862 A#11 and B#37 = 744.948
ROUND 1863 A#12 and B#37 = 557.496
ROUND 1864 A#13 and B#37 = 571.915
ROUND 1865 A#14 and B#37 = 618.92
ROUND 1866 A#15 and B#37 = 603.435
ROUND 1867 A#16 and B#37 = 747.234
ROUND 1868 A#17 and B#37 = 523.598
ROUND 1869 A#18 and B#37 = 584.867
ROUND 1870 A#19 and B#37 = 543.407
ROUND 1871 A#20 and B#37 = 588.775
ROUND 1872 A#21 and B#37 = 572.039
ROUND 1873 A#22 and B#37 = 611.183
ROUND 1874 A#23 and B#37 = 542.839
ROUND 1875 A#24 and B#37 = 525.667
ROUND 1876 A#25 and B#37 = 633.821
ROUND 1877 A#26 and B#37 = 743.985
ROUND 1878 A#27 and B#37 = 556.333
ROUND 1879 A#28 and B#37 = 748.171
ROUND 1880 A#29 and B#37 = 542.247
ROUND 1881 A#30 and B#37 = 610.757
ROUND 1882 A#31 and B#37 = 580.839
ROUND 1883 A#32 and B#37 = 611.226
ROUND 1884 A#33 and B#37 = 621.089
ROUND 1885 A#34 and B#37 = 587.047
ROUND 1886 A#35 and B#37 = 611.714
ROUND 1887 A#36 and B#37 = 599.348
ROUND 1888 A#37 and B#37 = 557.149
ROUND 1889 A#38 and B#37 = 588.277
ROUND 1890 A#39 and B#37 = 743.095
ROUND 1891 A#40 and B#37 = 599.308
ROUND 1892 A#41 and B#37 = 595.162
ROUND 1893 A#42 and B#37 = 541.873
ROUND 1894 A#43 and B#37 = 732.435
ROUND 1895 A#44 and B#37 = 633.748
ROUND 1896 A#45 and B#37 = 542.835
ROUND 1897 A#46 and B#37 = 743.356
ROUND 1898 A#47 and B#37 = 606.143
ROUND 1899 A#48 and B#37 = 616.513
ROUND 1900 A#49 and B#37 = 617.385
ROUND 1901 A#0 and B#38 = 661.955
ROUND 1902 A#1 and B#38 = 579.272
ROUND 1903 A#2 and B#38 = 574.908
ROUND 1904 A#3 and B#38 = 635.543
ROUND 1905 A#4 and B#38 = 638.551
ROUND 1906 A#5 and B#38 = 656.351
ROUND 1907 A#6 and B#38 = 619.315
ROUND 1908 A#7 and B#38 = 589.206
ROUND 1909 A#8 and B#38 = 669.819
ROUND 1910 A#9 and B#38 = 564.72
ROUND 1911 A#10 and B#38 = 644.14
ROUND 1912 A#11 and B#38 = 676.255
ROUND 1913 A#12 and B#38 = 598.928
ROUND 1914 A#13 and B#38 = 578.735
ROUND 1915 A#14 and B#38 = 609.544
ROUND 1916 A#15 and B#38 = 598.81
ROUND 1917 A#16 and B#38 = 697.937
ROUND 1918 A#17 and B#38 = 610.081
ROUND 1919 A#18 and B#38 = 522.703
ROUND 1920 A#19 and B#38 = 542.487
ROUND 1921 A#20 and B#38 = 525.436
ROUND 1922 A#21 and B#38 = 577.917
ROUND 1923 A#22 and B#38 = 667.42
ROUND 1924 A#23 and B#38 = 627.604
ROUND 1925 A#24 and B#38 = 587.299
ROUND 1926 A#25 and B#38 = 572.576
ROUND 1927 A#26 and B#38 = 675.505
ROUND 1928 A#27 and B#38 = 596.03
ROUND 1929 A#28 and B#38 = 684.379
ROUND 1930 A#29 and B#38 = 571.538
ROUND 1931 A#30 and B#38 = 589.276
ROUND 1932 A#31 and B#38 = 637.259
ROUND 1933 A#32 and B#38 = 668.775
ROUND 1934 A#33 and B#38 = 663.978
ROUND 1935 A#34 and B#38 = 601.021
ROUND 1936 A#35 and B#38 = 587.919
ROUND 1937 A#36 and B#38 = 584.735
ROUND 1938 A#37 and B#38 = 599.262
ROUND 1939 A#38 and B#38 = 524.384
ROUND 1940 A#39 and B#38 = 692.866
ROUND 1941 A#40 and B#38 = 679.582
ROUND 1942 A#41 and B#38 = 591.495
ROUND 1943 A#42 and B#38 = 641.425
ROUND 1944 A#43 and B#38 = 682.385
ROUND 1945 A#44 and B#38 = 579.629
ROUND 1946 A#45 and B#38 = 583.194
ROUND 1947 A#46 and B#38 = 694.44
ROUND 1948 A#47 and B#38 = 618.864
ROUND 1949 A#48 and B#38 = 609.407
ROUND 1950 A#49 and B#38 = 608.094
ROUND 1951 A#0 and B#39 = 646.834
ROUND 1952 A#1 and B#39 = 604.688
ROUND 1953 A#2 and B#39 = 612.998
ROUND 1954 A#3 and B#39 = 660.525
ROUND 1955 A#4 and B#39 = 603.504
ROUND 1956 A#5 and B#39 = 641.36
ROUND 1957 A#6 and B#39 = 586.6
ROUND 1958 A#7 and B#39 = 592.169
ROUND 1959 A#8 and B#39 = 571.218
ROUND 1960 A#9 and B#39 = 560.343
ROUND 1961 A#10 and B#39 = 595.006
ROUND 1962 A#11 and B#39 = 604.179
ROUND 1963 A#12 and B#39 = 620.11
ROUND 1964 A#13 and B#39 = 600.912
ROUND 1965 A#14 and B#39 = 613.976
ROUND 1966 A#15 and B#39 = 632.514
ROUND 1967 A#16 and B#39 = 591.903
ROUND 1968 A#17 and B#39 = 586.564
ROUND 1969 A#18 and B#39 = 575.476
ROUND 1970 A#19 and B#39 = 580.134
ROUND 1971 A#20 and B#39 = 600.567
ROUND 1972 A#21 and B#39 = 605.237
ROUND 1973 A#22 and B#39 = 673.177
ROUND 1974 A#23 and B#39 = 598.4
ROUND 1975 A#24 and B#39 = 534.386
ROUND 1976 A#25 and B#39 = 633.442
ROUND 1977 A#26 and B#39 = 603.953
ROUND 1978 A#27 and B#39 = 627.733
ROUND 1979 A#28 and B#39 = 579.376
ROUND 1980 A#29 and B#39 = 632.532
ROUND 1981 A#30 and B#39 = 599.092
ROUND 1982 A#31 and B#39 = 626.888
ROUND 1983 A#32 and B#39 = 682.227
ROUND 1984 A#33 and B#39 = 650.81
ROUND 1985 A#34 and B#39 = 629.994
ROUND 1986 A#35 and B#39 = 595.494
ROUND 1987 A#36 and B#39 = 631.309
ROUND 1988 A#37 and B#39 = 621.239
ROUND 1989 A#38 and B#39 = 577.913
ROUND 1990 A#39 and B#39 = 603.128
ROUND 1991 A#40 and B#39 = 578.571
ROUND 1992 A#41 and B#39 = 616.001
ROUND 1993 A#42 and B#39 = 567.471
ROUND 1994 A#43 and B#39 = 570.21
ROUND 1995 A#44 and B#39 = 622.766
ROUND 1996 A#45 and B#39 = 622.912
ROUND 1997 A#46 and B#39 = 601.761
ROUND 1998 A#47 and B#39 = 638.349
ROUND 1999 A#48 and B#39 = 612.101
ROUND 2000 A#49 and B#39 = 612.229
ROUND 2001 A#0 and B#40 = 602.067
ROUND 2002 A#1 and B#40 = 606.577
ROUND 2003 A#2 and B#40 = 674.346
ROUND 2004 A#3 and B#40 = 642.72
ROUND 2005 A#4 and B#40 = 606.574
ROUND 2006 A#5 and B#40 = 572.929
ROUND 2007 A#6 and B#40 = 573.984
ROUND 2008 A#7 and B#40 = 553.582
ROUND 2009 A#8 and B#40 = 676.907
ROUND 2010 A#9 and B#40 = 457.209
ROUND 2011 A#10 and B#40 = 581.182
ROUND 2012 A#11 and B#40 = 674.712
ROUND 2013 A#12 and B#40 = 606.639
ROUND 2014 A#13 and B#40 = 605.048
ROUND 2015 A#14 and B#40 = 577.992
ROUND 2016 A#15 and B#40 = 610.56
ROUND 2017 A#16 and B#40 = 680.435
ROUND 2018 A#17 and B#40 = 570.862
ROUND 2019 A#18 and B#40 = 604.88
ROUND 2020 A#19 and B#40 = 601.709
ROUND 2021 A#20 and B#40 = 608.718
ROUND 2022 A#21 and B#40 = 605.687
ROUND 2023 A#22 and B#40 = 627.27
ROUND 2024 A#23 and B#40 = 570.2
ROUND 2025 A#24 and B#40 = 568.003
ROUND 2026 A#25 and B#40 = 541.192
ROUND 2027 A#26 and B#40 = 674.514
ROUND 2028 A#27 and B#40 = 609.535
ROUND 2029 A#28 and B#40 = 702.512
ROUND 2030 A#29 and B#40 = 603.779
ROUND 2031 A#30 and B#40 = 550.279
ROUND 2032 A#31 and B#40 = 549.997
ROUND 2033 A#32 and B#40 = 631.248
ROUND 2034 A#33 and B#40 = 602.823
ROUND 2035 A#34 and B#40 = 666.488
ROUND 2036 A#35 and B#40 = 549.767
ROUND 2037 A#36 and B#40 = 623.148
ROUND 2038 A#37 and B#40 = 608.489
ROUND 2039 A#38 and B#40 = 506.078
ROUND 2040 A#39 and B#40 = 665.927
ROUND 2041 A#40 and B#40 = 548.92
ROUND 2042 A#41 and B#40 = 558.366
ROUND 2043 A#42 and B#40 = 575.71
ROUND 2044 A#43 and B#40 = 705.027
ROUND 2045 A#44 and B#40 = 581.161
ROUND 2046 A#45 and B#40 = 583.37
ROUND 2047 A#46 and B#40 = 689.773
ROUND 2048 A#47 and B#40 = 628.122
ROUND 2049 A#48 and B#40 = 574.45
ROUND 2050 A#49 and B#40 = 574.598
ROUND 2051 A#0 and B#41 = 619.08
ROUND 2052 A#1 and B#41 = 598.531
ROUND 2053 A#2 and B#41 = 610.419
ROUND 2054 A#3 and B#41 = 628.644
ROUND 2055 A#4 and B#41 = 608.224
ROUND 2056 A#5 and B#41 = 613.608
ROUND 2057 A#6 and B#41 = 548.673
ROUND 2058 A#7 and B#41 = 591
ROUND 2059 A#8 and B#41 = 588.863
ROUND 2060 A#9 and B#41 = 547.389
ROUND 2061 A#10 and B#41 = 547.484
ROUND 2062 A#11 and B#41 = 604.516
ROUND 2063 A#12 and B#41 = 600.619
ROUND 2064 A#13 and B#41 = 595.692
ROUND 2065 A#14 and B#41 = 603.799
ROUND 2066 A#15 and B#41 = 614.373
ROUND 2067 A#16 and B#41 = 595.687
ROUND 2068 A#17 and B#41 = 525.978
ROUND 2069 A#18 and B#41 = 569.935
ROUND 2070 A#19 and B#41 = 563.614
ROUND 2071 A#20 and B#41 = 588.394
ROUND 2072 A#21 and B#41 = 593.93
ROUND 2073 A#22 and B#41 = 633.78
ROUND 2074 A#23 and B#41 = 549.78
ROUND 2075 A#24 and B#41 = 482.503
ROUND 2076 A#25 and B#41 = 626.442
ROUND 2077 A#26 and B#41 = 603.964
ROUND 2078 A#27 and B#41 = 609.062
ROUND 2079 A#28 and B#41 = 588.538
ROUND 2080 A#29 and B#41 = 606.93
ROUND 2081 A#30 and B#41 = 596.208
ROUND 2082 A#31 and B#41 = 557.222
ROUND 2083 A#32 and B#41 = 639.513
ROUND 2084 A#33 and B#41 = 624.182
ROUND 2085 A#34 and B#41 = 611.008
ROUND 2086 A#35 and B#41 = 593.267
ROUND 2087 A#36 and B#41 = 611.254
ROUND 2088 A#37 and B#41 = 604.224
ROUND 2089 A#38 and B#41 = 568.97
ROUND 2090 A#39 and B#41 = 571.965
ROUND 2091 A#40 and B#41 = 571.441
ROUND 2092 A#41 and B#41 = 604.712
ROUND 2093 A#42 and B#41 = 543.735
ROUND 2094 A#43 and B#41 = 584.172
ROUND 2095 A#44 and B#41 = 604.134
ROUND 2096 A#45 and B#41 = 603.745
ROUND 2097 A#46 and B#41 = 597.309
ROUND 2098 A#47 and B#41 = 634.726
ROUND 2099 A#48 and B#41 = 601.156
ROUND 2100 A#49 and B#41 = 601.446
ROUND 2101 A#0 and B#42 = 646.902
ROUND 2102 A#1 and B#42 = 608.269
ROUND 2103 A#2 and B#42 = 611.618
ROUND 2104 A#3 and B#42 = 656.718
ROUND 2105 A#4 and B#42 = 609.768
ROUND 2106 A#5 and B#42 = 640.611
ROUND 2107 A#6 and B#42 = 588.122
ROUND 2108 A#7 and B#42 = 597.344
ROUND 2109 A#8 and B#42 = 584.526
ROUND 2110 A#9 and B#42 = 563.682
ROUND 2111 A#10 and B#42 = 594.319
ROUND 2112 A#11 and B#42 = 605.51
ROUND 2113 A#12 and B#42 = 625.353
ROUND 2114 A#13 and B#42 = 604.927
ROUND 2115 A#14 and B#42 = 619.5
ROUND 2116 A#15 and B#42 = 637.582
ROUND 2117 A#16 and B#42 = 594.587
ROUND 2118 A#17 and B#42 = 588.169
ROUND 2119 A#18 and B#42 = 577.635
ROUND 2120 A#19 and B#42 = 582.531
ROUND 2121 A#20 and B#42 = 601.945
ROUND 2122 A#21 and B#42 = 609.896
ROUND 2123 A#22 and B#42 = 670.441
ROUND 2124 A#23 and B#42 = 599.657
ROUND 2125 A#24 and B#42 = 587.726
ROUND 2126 A#25 and B#42 = 632.223
ROUND 2127 A#26 and B#42 = 605.212
ROUND 2128 A#27 and B#42 = 632.488
ROUND 2129 A#28 and B#42 = 582.929
ROUND 2130 A#29 and B#42 = 635.284
ROUND 2131 A#30 and B#42 = 604.162
ROUND 2132 A#31 and B#42 = 631.751
ROUND 2133 A#32 and B#42 = 679.713
ROUND 2134 A#33 and B#42 = 651.616
ROUND 2135 A#34 and B#42 = 634.874
ROUND 2136 A#35 and B#42 = 600.614
ROUND 2137 A#36 and B#42 = 607.972
ROUND 2138 A#37 and B#42 = 626.333
ROUND 2139 A#38 and B#42 = 580.826
ROUND 2140 A#39 and B#42 = 605.011
ROUND 2141 A#40 and B#42 = 576.737
ROUND 2142 A#41 and B#42 = 621.671
ROUND 2143 A#42 and B#42 = 567.342
ROUND 2144 A#43 and B#42 = 573.79
ROUND 2145 A#44 and B#42 = 627.702
ROUND 2146 A#45 and B#42 = 628.064
ROUND 2147 A#46 and B#42 = 601.683
ROUND 2148 A#47 and B#42 = 641.064
ROUND 2149 A#48 and B#42 = 617.593
ROUND 2150 A#49 and B#42 = 617.744
ROUND 2151 A#0 and B#43 = 656.069
ROUND 2152 A#1 and B#43 = 611.349
ROUND 2153 A#2 and B#43 = 610.398
ROUND 2154 A#3 and B#43 = 667.881
ROUND 2155 A#4 and B#43 = 606.795
ROUND 2156 A#5 and B#43 = 652.88
ROUND 2157 A#6 and B#43 = 543.039
ROUND 2158 A#7 and B#43 = 599.182
ROUND 2159 A#8 and B#43 = 584.698
ROUND 2160 A#9 and B#43 = 559.797
ROUND 2161 A#10 and B#43 = 561.237
ROUND 2162 A#11 and B#43 = 606.242
ROUND 2163 A#12 and B#43 = 624.735
ROUND 2164 A#13 and B#43 = 607.754
ROUND 2165 A#14 and B#43 = 617.525
ROUND 2166 A#15 and B#43 = 636.534
ROUND 2167 A#16 and B#43 = 594.63
ROUND 2168 A#17 and B#43 = 545.26
ROUND 2169 A#18 and B#43 = 579.845
ROUND 2170 A#19 and B#43 = 582.403
ROUND 2171 A#20 and B#43 = 604.087
ROUND 2172 A#21 and B#43 = 612.637
ROUND 2173 A#22 and B#43 = 679.678
ROUND 2174 A#23 and B#43 = 546.276
ROUND 2175 A#24 and B#43 = 537.266
ROUND 2176 A#25 and B#43 = 631.419
ROUND 2177 A#26 and B#43 = 605.988
ROUND 2178 A#27 and B#43 = 631.227
ROUND 2179 A#28 and B#43 = 582.151
ROUND 2180 A#29 and B#43 = 632.001
ROUND 2181 A#30 and B#43 = 606.096
ROUND 2182 A#31 and B#43 = 574.156
ROUND 2183 A#32 and B#43 = 689.665
ROUND 2184 A#33 and B#43 = 660.847
ROUND 2185 A#34 and B#43 = 634.712
ROUND 2186 A#35 and B#43 = 602.514
ROUND 2187 A#36 and B#43 = 608.535
ROUND 2188 A#37 and B#43 = 625.157
ROUND 2189 A#38 and B#43 = 582.848
ROUND 2190 A#39 and B#43 = 605.308
ROUND 2191 A#40 and B#43 = 586.448
ROUND 2192 A#41 and B#43 = 620.306
ROUND 2193 A#42 and B#43 = 559.625
ROUND 2194 A#43 and B#43 = 572.757
ROUND 2195 A#44 and B#43 = 624.193
ROUND 2196 A#45 and B#43 = 624.221
ROUND 2197 A#46 and B#43 = 603.08
ROUND 2198 A#47 and B#43 = 639.022
ROUND 2199 A#48 and B#43 = 616.012
ROUND 2200 A#49 and B#43 = 615.841
ROUND 2201 A#0 and B#44 = 612.258
ROUND 2202 A#1 and B#44 = 580.927
ROUND 2203 A#2 and B#44 = 566.192
ROUND 2204 A#3 and B#44 = 622.571
ROUND 2205 A#4 and B#44 = 609.193
ROUND 2206 A#5 and B#44 = 593.785
ROUND 2207 A#6 and B#44 = 486.398
ROUND 2208 A#7 and B#44 = 554.787
ROUND 2209 A#8 and B#44 = 731.862
ROUND 2210 A#9 and B#44 = 521.824
ROUND 2211 A#10 and B#44 = 510.419
ROUND 2212 A#11 and B#44 = 735.479
ROUND 2213 A#12 and B#44 = 568.743
ROUND 2214 A#13 and B#44 = 579.356
ROUND 2215 A#14 and B#44 = 617.859
ROUND 2216 A#15 and B#44 = 601.825
ROUND 2217 A#16 and B#44 = 740.419
ROUND 2218 A#17 and B#44 = 462.756
ROUND 2219 A#18 and B#44 = 598.832
ROUND 2220 A#19 and B#44 = 560.196
ROUND 2221 A#20 and B#44 = 602.423
ROUND 2222 A#21 and B#44 = 579.572
ROUND 2223 A#22 and B#44 = 640.648
ROUND 2224 A#23 and B#44 = 509.556
ROUND 2225 A#24 and B#44 = 571.911
ROUND 2226 A#25 and B#44 = 627.237
ROUND 2227 A#26 and B#44 = 734.43
ROUND 2228 A#27 and B#44 = 567.517
ROUND 2229 A#28 and B#44 = 749.986
ROUND 2230 A#29 and B#44 = 556.39
ROUND 2231 A#30 and B#44 = 607.446
ROUND 2232 A#31 and B#44 = 560.05
ROUND 2233 A#32 and B#44 = 643.12
ROUND 2234 A#33 and B#44 = 613.405
ROUND 2235 A#34 and B#44 = 630.194
ROUND 2236 A#35 and B#44 = 608.536
ROUND 2237 A#36 and B#44 = 606.736
ROUND 2238 A#37 and B#44 = 569.484
ROUND 2239 A#38 and B#44 = 607.326
ROUND 2240 A#39 and B#44 = 734.197
ROUND 2241 A#40 and B#44 = 571.936
ROUND 2242 A#41 and B#44 = 593.414
ROUND 2243 A#42 and B#44 = 481.716
ROUND 2244 A#43 and B#44 = 739.298
ROUND 2245 A#44 and B#44 = 629.969
ROUND 2246 A#45 and B#44 = 554.073
ROUND 2247 A#46 and B#44 = 742.382
ROUND 2248 A#47 and B#44 = 598.699
ROUND 2249 A#48 and B#44 = 614.552
ROUND 2250 A#49 and B#44 = 615.824
ROUND 2251 A#0 and B#45 = 613.229
ROUND 2252 A#1 and B#45 = 634.076
ROUND 2253 A#2 and B#45 = 611.242
ROUND 2254 A#3 and B#45 = 619.475
ROUND 2255 A#4 and B#45 = 577.337
ROUND 2256 A#5 and B#45 = 594.367
ROUND 2257 A#6 and B#45 = 608.991
ROUND 2258 A#7 and B#45 = 605.293
ROUND 2259 A#8 and B#45 = 722.35
ROUND 2260 A#9 and B#45 = 568.681
ROUND 2261 A#10 and B#45 = 599.926
ROUND 2262 A#11 and B#45 = 723.649
ROUND 2263 A#12 and B#45 = 630.122
ROUND 2264 A#13 and B#45 = 635.36
ROUND 2265 A#14 and B#45 = 614.062
ROUND 2266 A#15 and B#45 = 626.693
ROUND 2267 A#16 and B#45 = 728.295
ROUND 2268 A#17 and B#45 = 612.764
ROUND 2269 A#18 and B#45 = 588.321
ROUND 2270 A#19 and B#45 = 600.704
ROUND 2271 A#20 and B#45 = 597.941
ROUND 2272 A#21 and B#45 = 634.24
ROUND 2273 A#22 and B#45 = 635.471
ROUND 2274 A#23 and B#45 = 615.664
ROUND 2275 A#24 and B#45 = 569.032
ROUND 2276 A#25 and B#45 = 604.484
ROUND 2277 A#26 and B#45 = 722.546
ROUND 2278 A#27 and B#45 = 624.286
ROUND 2279 A#28 and B#45 = 731.534
ROUND 2280 A#29 and B#45 = 631.581
ROUND 2281 A#30 and B#45 = 602.37
ROUND 2282 A#31 and B#45 = 518.683
ROUND 2283 A#32 and B#45 = 634.901
ROUND 2284 A#33 and B#45 = 614.189
ROUND 2285 A#34 and B#45 = 631.923
ROUND 2286 A#35 and B#45 = 602.855
ROUND 2287 A#36 and B#45 = 591.741
ROUND 2288 A#37 and B#45 = 629.344
ROUND 2289 A#38 and B#45 = 594.65
ROUND 2290 A#39 and B#45 = 726.249
ROUND 2291 A#40 and B#45 = 567.597
ROUND 2292 A#41 and B#45 = 593.773
ROUND 2293 A#42 and B#45 = 609.596
ROUND 2294 A#43 and B#45 = 720.939
ROUND 2295 A#44 and B#45 = 647.076
ROUND 2296 A#45 and B#45 = 614.964
ROUND 2297 A#46 and B#45 = 723.179
ROUND 2298 A#47 and B#45 = 666.795
ROUND 2299 A#48 and B#45 = 609.275
ROUND 2300 A#49 and B#45 = 612.437
ROUND 2301 A#0 and B#46 = 583.932
ROUND 2302 A#1 and B#46 = 559.3
ROUND 2303 A#2 and B#46 = 576.317
ROUND 2304 A#3 and B#46 = 584.346
ROUND 2305 A#4 and B#46 = 633.74
ROUND 2306 A#5 and B#46 = 660.249
ROUND 2307 A#6 and B#46 = 615.868
ROUND 2308 A#7 and B#46 = 595.189
ROUND 2309 A#8 and B#46 = 688.818
ROUND 2310 A#9 and B#46 = 606.373
ROUND 2311 A#10 and B#46 = 637.842
ROUND 2312 A#11 and B#46 = 697.501
ROUND 2313 A#12 and B#46 = 584.407
ROUND 2314 A#13 and B#46 = 559.446
ROUND 2315 A#14 and B#46 = 615.335
ROUND 2316 A#15 and B#46 = 581.494
ROUND 2317 A#16 and B#46 = 717.923
ROUND 2318 A#17 and B#46 = 603.344
ROUND 2319 A#18 and B#46 = 557.349
ROUND 2320 A#19 and B#46 = 577.005
ROUND 2321 A#20 and B#46 = 558.814
ROUND 2322 A#21 and B#46 = 558.758
ROUND 2323 A#22 and B#46 = 665.328
ROUND 2324 A#23 and B#46 = 620.386
ROUND 2325 A#24 and B#46 = 583.956
ROUND 2326 A#25 and B#46 = 556.451
ROUND 2327 A#26 and B#46 = 696.877
ROUND 2328 A#27 and B#46 = 582.038
ROUND 2329 A#28 and B#46 = 701.413
ROUND 2330 A#29 and B#46 = 587.206
ROUND 2331 A#30 and B#46 = 594.966
ROUND 2332 A#31 and B#46 = 643.461
ROUND 2333 A#32 and B#46 = 666.344
ROUND 2334 A#33 and B#46 = 666.447
ROUND 2335 A#34 and B#46 = 581.564
ROUND 2336 A#35 and B#46 = 593.593
ROUND 2337 A#36 and B#46 = 597.98
ROUND 2338 A#37 and B#46 = 584.407
ROUND 2339 A#38 and B#46 = 557.199
ROUND 2340 A#39 and B#46 = 710.067
ROUND 2341 A#40 and B#46 = 680.01
ROUND 2342 A#41 and B#46 = 595.893
ROUND 2343 A#42 and B#46 = 636.002
ROUND 2344 A#43 and B#46 = 693.512
ROUND 2345 A#44 and B#46 = 589.261
ROUND 2346 A#45 and B#46 = 592.226
ROUND 2347 A#46 and B#46 = 716.086
ROUND 2348 A#47 and B#46 = 618.992
ROUND 2349 A#48 and B#46 = 614.663
ROUND 2350 A#49 and B#46 = 613.703
ROUND 2351 A#0 and B#47 = 611.354
ROUND 2352 A#1 and B#47 = 582.398
ROUND 2353 A#2 and B#47 = 564.164
ROUND 2354 A#3 and B#47 = 624.944
ROUND 2355 A#4 and B#47 = 601.693
ROUND 2356 A#5 and B#47 = 593.471
ROUND 2357 A#6 and B#47 = 540.061
ROUND 2358 A#7 and B#47 = 593.091
ROUND 2359 A#8 and B#47 = 730.687
ROUND 2360 A#9 and B#47 = 501.114
ROUND 2361 A#10 and B#47 = 536.405
ROUND 2362 A#11 and B#47 = 730.822
ROUND 2363 A#12 and B#47 = 564.987
ROUND 2364 A#13 and B#47 = 580.69
ROUND 2365 A#14 and B#47 = 613.356
ROUND 2366 A#15 and B#47 = 567.577
ROUND 2367 A#16 and B#47 = 736.294
ROUND 2368 A#17 and B#47 = 534.103
ROUND 2369 A#18 and B#47 = 592.518
ROUND 2370 A#19 and B#47 = 552.286
ROUND 2371 A#20 and B#47 = 595.432
ROUND 2372 A#21 and B#47 = 580.803
ROUND 2373 A#22 and B#47 = 638.76
ROUND 2374 A#23 and B#47 = 540.503
ROUND 2375 A#24 and B#47 = 537.541
ROUND 2376 A#25 and B#47 = 621.955
ROUND 2377 A#26 and B#47 = 729.769
ROUND 2378 A#27 and B#47 = 564.154
ROUND 2379 A#28 and B#47 = 740.159
ROUND 2380 A#29 and B#47 = 552.183
ROUND 2381 A#30 and B#47 = 594.866
ROUND 2382 A#31 and B#47 = 566.23
ROUND 2383 A#32 and B#47 = 642.486
ROUND 2384 A#33 and B#47 = 611.747
ROUND 2385 A#34 and B#47 = 610.89
ROUND 2386 A#35 and B#47 = 592.047
ROUND 2387 A#36 and B#47 = 604.064
ROUND 2388 A#37 and B#47 = 565.349
ROUND 2389 A#38 and B#47 = 595.183
ROUND 2390 A#39 and B#47 = 731.346
ROUND 2391 A#40 and B#47 = 583.568
ROUND 2392 A#41 and B#47 = 589.08
ROUND 2393 A#42 and B#47 = 533.498
ROUND 2394 A#43 and B#47 = 729.219
ROUND 2395 A#44 and B#47 = 546.455
ROUND 2396 A#45 and B#47 = 542.146
ROUND 2397 A#46 and B#47 = 731.844
ROUND 2398 A#47 and B#47 = 571.722
ROUND 2399 A#48 and B#47 = 610.479
ROUND 2400 A#49 and B#47 = 611.708
ROUND 2401 A#0 and B#48 = 612.58
ROUND 2402 A#1 and B#48 = 592.07
ROUND 2403 A#2 and B#48 = 571.998
ROUND 2404 A#3 and B#48 = 625.518
ROUND 2405 A#4 and B#48 = 604.16
ROUND 2406 A#5 and B#48 = 593.955
ROUND 2407 A#6 and B#48 = 484.874
ROUND 2408 A#7 and B#48 = 606.207
ROUND 2409 A#8 and B#48 = 730.886
ROUND 2410 A#9 and B#48 = 517.2
ROUND 2411 A#10 and B#48 = 498.123
ROUND 2412 A#11 and B#48 = 731.682
ROUND 2413 A#12 and B#48 = 578.041
ROUND 2414 A#13 and B#48 = 590.441
ROUND 2415 A#14 and B#48 = 613.559
ROUND 2416 A#15 and B#48 = 579.935
ROUND 2417 A#16 and B#48 = 737.382
ROUND 2418 A#17 and B#48 = 462.059
ROUND 2419 A#18 and B#48 = 599.386
ROUND 2420 A#19 and B#48 = 559.013
ROUND 2421 A#20 and B#48 = 603.475
ROUND 2422 A#21 and B#48 = 590.531
ROUND 2423 A#22 and B#48 = 639.276
ROUND 2424 A#23 and B#48 = 517.507
ROUND 2425 A#24 and B#48 = 480.053
ROUND 2426 A#25 and B#48 = 622.376
ROUND 2427 A#26 and B#48 = 730.656
ROUND 2428 A#27 and B#48 = 576.977
ROUND 2429 A#28 and B#48 = 741.549
ROUND 2430 A#29 and B#48 = 565.107
ROUND 2431 A#30 and B#48 = 604.953
ROUND 2432 A#31 and B#48 = 556.693
ROUND 2433 A#32 and B#48 = 643.197
ROUND 2434 A#33 and B#48 = 613.473
ROUND 2435 A#34 and B#48 = 630.811
ROUND 2436 A#35 and B#48 = 605.522
ROUND 2437 A#36 and B#48 = 605.009
ROUND 2438 A#37 and B#48 = 578.026
ROUND 2439 A#38 and B#48 = 603.161
ROUND 2440 A#39 and B#48 = 732.476
ROUND 2441 A#40 and B#48 = 572.635
ROUND 2442 A#41 and B#48 = 588.973
ROUND 2443 A#42 and B#48 = 479.357
ROUND 2444 A#43 and B#48 = 730.585
ROUND 2445 A#44 and B#48 = 625.2
ROUND 2446 A#45 and B#48 = 555.806
ROUND 2447 A#46 and B#48 = 733.383
ROUND 2448 A#47 and B#48 = 595.002
ROUND 2449 A#48 and B#48 = 610.447
ROUND 2450 A#49 and B#48 = 611.828
ROUND 2451 A#0 and B#49 = 526.561
ROUND 2452 A#1 and B#49 = 524.742
ROUND 2453 A#2 and B#49 = 618.948
ROUND 2454 A#3 and B#49 = 501.874
ROUND 2455 A#4 and B#49 = 548.849
ROUND 2456 A#5 and B#49 = 504.905
ROUND 2457 A#6 and B#49 = 587.16
ROUND 2458 A#7 and B#49 = 544.646
ROUND 2459 A#8 and B#49 = 517.484
ROUND 2460 A#9 and B#49 = 585.785
ROUND 2461 A#10 and B#49 = 597.179
ROUND 2462 A#11 and B#49 = 518.885
ROUND 2463 A#12 and B#49 = 533.778
ROUND 2464 A#13 and B#49 = 552.524
ROUND 2465 A#14 and B#49 = 529.855
ROUND 2466 A#15 and B#49 = 539.03
ROUND 2467 A#16 and B#49 = 522.478
ROUND 2468 A#17 and B#49 = 584.456
ROUND 2469 A#18 and B#49 = 535.665
ROUND 2470 A#19 and B#49 = 548.653
ROUND 2471 A#20 and B#49 = 522.31
ROUND 2472 A#21 and B#49 = 528.049
ROUND 2473 A#22 and B#49 = 487.672
ROUND 2474 A#23 and B#49 = 589.951
ROUND 2475 A#24 and B#49 = 604.797
ROUND 2476 A#25 and B#49 = 574.17
ROUND 2477 A#26 and B#49 = 518.898
ROUND 2478 A#27 and B#49 = 538.454
ROUND 2479 A#28 and B#49 = 520.182
ROUND 2480 A#29 and B#49 = 557.192
ROUND 2481 A#30 and B#49 = 515.768
ROUND 2482 A#31 and B#49 = 511.462
ROUND 2483 A#32 and B#49 = 490.728
ROUND 2484 A#33 and B#49 = 530.128
ROUND 2485 A#34 and B#49 = 526.609
ROUND 2486 A#35 and B#49 = 543.383
ROUND 2487 A#36 and B#49 = 518.753
ROUND 2488 A#37 and B#49 = 537.84
ROUND 2489 A#38 and B#49 = 480.765
ROUND 2490 A#39 and B#49 = 528.907
ROUND 2491 A#40 and B#49 = 484.836
ROUND 2492 A#41 and B#49 = 534.998
ROUND 2493 A#42 and B#49 = 599.311
ROUND 2494 A#43 and B#49 = 546.841
ROUND 2495 A#44 and B#49 = 543.712
ROUND 2496 A#45 and B#49 = 545.443
ROUND 2497 A#46 and B#49 = 526.251
ROUND 2498 A#47 and B#49 = 547.657
ROUND 2499 A#48 and B#49 = 529.281
ROUND 2500 A#49 and B#49 = 528.738

The best overlap is between conformer A#11 and B#14, which, after PCA followed by Steepest Descent, produces a volume overlap of 752.903
Tanimoto (Hodgkin) similarity index: 0.532397

Saving those best conformers to file...
WRITING MOLECULE TO FILE '../ALL_PAIRS_BQ123_AS_REFERENCE/ROKS2/BQ123-J104132.mol2' (WILL OVERWRITE EXISTING FILE IF ANY)...
WRITING MOLECULE TO FILE '../ALL_PAIRS_BQ123_AS_REFERENCE/ROKS2/BQ123-J104132.mol2'...
