==============================
*** Open Babel Warning  in parseAtomRecord
  WARNING: Problems reading a PDB file
  Problems reading a HETATM or ATOM record.
  According to the PDB specification,
  columns 77-78 should contain the element symbol of an atom.
  but OpenBabel found '  ' (atom 1)
==============================
*** Open Babel Warning  in parseAtomRecord
  WARNING: Problems reading a PDB file
  Problems reading a HETATM or ATOM record.
  According to the PDB specification,
  columns 77-78 should contain the element symbol of an atom.
  but OpenBabel found '  ' (atom 2)
==============================
*** Open Babel Warning  in parseAtomRecord
  WARNING: Problems reading a PDB file
  Problems reading a HETATM or ATOM record.
  According to the PDB specification,
  columns 77-78 should contain the element symbol of an atom.
  but OpenBabel found '  ' (atom 3)
==============================
*** Open Babel Warning  in parseAtomRecord
  WARNING: Problems reading a PDB file
  Problems reading a HETATM or ATOM record.
  According to the PDB specification,
  columns 77-78 should contain the element symbol of an atom.
  but OpenBabel found '  ' (atom 4)
==============================
*** Open Babel Warning  in parseAtomRecord
  WARNING: Problems reading a PDB file
  Problems reading a HETATM or ATOM record.
  According to the PDB specification,
  columns 77-78 should contain the element symbol of an atom.
  but OpenBabel found '  ' (atom 5)
==============================
*** Open Babel Warning  in parseAtomRecord
  WARNING: Problems reading a PDB file
  Problems reading a HETATM or ATOM record.
  According to the PDB specification,
  columns 77-78 should contain the element symbol of an atom.
  but OpenBabel found '  ' (atom 6)
==============================
*** Open Babel Warning  in parseAtomRecord
  WARNING: Problems reading a PDB file
  Problems reading a HETATM or ATOM record.
  According to the PDB specification,
  columns 77-78 should contain the element symbol of an atom.
  but OpenBabel found '  ' (atom 7)
==============================
*** Open Babel Warning  in parseAtomRecord
  WARNING: Problems reading a PDB file
  Problems reading a HETATM or ATOM record.
  According to the PDB specification,
  columns 77-78 should contain the element symbol of an atom.
  but OpenBabel found '  ' (atom 8)
==============================
*** Open Babel Warning  in parseAtomRecord
  WARNING: Problems reading a PDB file
  Problems reading a HETATM or ATOM record.
  According to the PDB specification,
  columns 77-78 should contain the element symbol of an atom.
  but OpenBabel found '  ' (atom 9)
==============================
*** Open Babel Warning  in parseAtomRecord
  WARNING: Problems reading a PDB file
  Problems reading a HETATM or ATOM record.
  According to the PDB specification,
  columns 77-78 should contain the element symbol of an atom.
  but OpenBabel found '  ' (atom 10)
==============================
*** Open Babel Warning  in parseAtomRecord
  WARNING: Problems reading a PDB file
  Problems reading a HETATM or ATOM record.
  According to the PDB specification,
  columns 77-78 should contain the element symbol of an atom.
  but OpenBabel found '  ' (atom 11)
==============================
*** Open Babel Warning  in parseAtomRecord
  WARNING: Problems reading a PDB file
  Problems reading a HETATM or ATOM record.
  According to the PDB specification,
  columns 77-78 should contain the element symbol of an atom.
  but OpenBabel found '  ' (atom 12)
==============================
*** Open Babel Warning  in parseAtomRecord
  WARNING: Problems reading a PDB file
  Problems reading a HETATM or ATOM record.
  According to the PDB specification,
  columns 77-78 should contain the element symbol of an atom.
  but OpenBabel found '  ' (atom 13)
==============================
*** Open Babel Warning  in parseAtomRecord
  WARNING: Problems reading a PDB file
  Problems reading a HETATM or ATOM record.
  According to the PDB specification,
  columns 77-78 should contain the element symbol of an atom.
  but OpenBabel found '  ' (atom 14)
==============================
*** Open Babel Warning  in parseAtomRecord
  WARNING: Problems reading a PDB file
  Problems reading a HETATM or ATOM record.
  According to the PDB specification,
  columns 77-78 should contain the element symbol of an atom.
  but OpenBabel found '  ' (atom 15)
==============================
*** Open Babel Warning  in parseAtomRecord
  WARNING: Problems reading a PDB file
  Problems reading a HETATM or ATOM record.
  According to the PDB specification,
  columns 77-78 should contain the element symbol of an atom.
  but OpenBabel found '  ' (atom 16)
==============================
*** Open Babel Warning  in parseAtomRecord
  WARNING: Problems reading a PDB file
  Problems reading a HETATM or ATOM record.
  According to the PDB specification,
  columns 77-78 should contain the element symbol of an atom.
  but OpenBabel found '  ' (atom 17)
==============================
*** Open Babel Warning  in parseAtomRecord
  WARNING: Problems reading a PDB file
  Problems reading a HETATM or ATOM record.
  According to the PDB specification,
  columns 77-78 should contain the element symbol of an atom.
  but OpenBabel found '  ' (atom 18)
==============================
*** Open Babel Warning  in parseAtomRecord
  WARNING: Problems reading a PDB file
  Problems reading a HETATM or ATOM record.
  According to the PDB specification,
  columns 77-78 should contain the element symbol of an atom.
  but OpenBabel found '  ' (atom 19)
==============================
*** Open Babel Warning  in parseAtomRecord
  WARNING: Problems reading a PDB file
  Problems reading a HETATM or ATOM record.
  According to the PDB specification,
  columns 77-78 should contain the element symbol of an atom.
  but OpenBabel found '  ' (atom 20)
==============================
*** Open Babel Warning  in parseAtomRecord
  WARNING: Problems reading a PDB file
  Problems reading a HETATM or ATOM record.
  According to the PDB specification,
  columns 77-78 should contain the element symbol of an atom.
  but OpenBabel found '  ' (atom 21)
==============================
*** Open Babel Warning  in parseAtomRecord
  WARNING: Problems reading a PDB file
  Problems reading a HETATM or ATOM record.
  According to the PDB specification,
  columns 77-78 should contain the element symbol of an atom.
  but OpenBabel found '  ' (atom 22)
==============================
*** Open Babel Warning  in parseAtomRecord
  WARNING: Problems reading a PDB file
  Problems reading a HETATM or ATOM record.
  According to the PDB specification,
  columns 77-78 should contain the element symbol of an atom.
  but OpenBabel found '  ' (atom 23)
==============================
*** Open Babel Warning  in parseAtomRecord
  WARNING: Problems reading a PDB file
  Problems reading a HETATM or ATOM record.
  According to the PDB specification,
  columns 77-78 should contain the element symbol of an atom.
  but OpenBabel found '  ' (atom 24)
==============================
*** Open Babel Warning  in parseAtomRecord
  WARNING: Problems reading a PDB file
  Problems reading a HETATM or ATOM record.
  According to the PDB specification,
  columns 77-78 should contain the element symbol of an atom.
  but OpenBabel found '  ' (atom 25)
==============================
*** Open Babel Warning  in parseAtomRecord
  WARNING: Problems reading a PDB file
  Problems reading a HETATM or ATOM record.
  According to the PDB specification,
  columns 77-78 should contain the element symbol of an atom.
  but OpenBabel found '  ' (atom 26)
==============================
*** Open Babel Warning  in parseAtomRecord
  WARNING: Problems reading a PDB file
  Problems reading a HETATM or ATOM record.
  According to the PDB specification,
  columns 77-78 should contain the element symbol of an atom.
  but OpenBabel found '  ' (atom 27)
==============================
*** Open Babel Warning  in parseAtomRecord
  WARNING: Problems reading a PDB file
  Problems reading a HETATM or ATOM record.
  According to the PDB specification,
  columns 77-78 should contain the element symbol of an atom.
  but OpenBabel found '  ' (atom 28)
==============================
*** Open Babel Warning  in parseAtomRecord
  WARNING: Problems reading a PDB file
  Problems reading a HETATM or ATOM record.
  According to the PDB specification,
  columns 77-78 should contain the element symbol of an atom.
  but OpenBabel found '  ' (atom 29)
==============================
*** Open Babel Warning  in parseAtomRecord
  WARNING: Problems reading a PDB file
  Problems reading a HETATM or ATOM record.
  According to the PDB specification,
  columns 77-78 should contain the element symbol of an atom.
  but OpenBabel found '  ' (atom 30)
==============================
*** Open Babel Warning  in parseAtomRecord
  WARNING: Problems reading a PDB file
  Problems reading a HETATM or ATOM record.
  According to the PDB specification,
  columns 77-78 should contain the element symbol of an atom.
  but OpenBabel found '  ' (atom 31)
==============================
*** Open Babel Warning  in parseAtomRecord
  WARNING: Problems reading a PDB file
  Problems reading a HETATM or ATOM record.
  According to the PDB specification,
  columns 77-78 should contain the element symbol of an atom.
  but OpenBabel found '  ' (atom 32)
==============================
*** Open Babel Warning  in parseAtomRecord
  WARNING: Problems reading a PDB file
  Problems reading a HETATM or ATOM record.
  According to the PDB specification,
  columns 77-78 should contain the element symbol of an atom.
  but OpenBabel found '  ' (atom 33)
==============================
*** Open Babel Warning  in parseAtomRecord
  WARNING: Problems reading a PDB file
  Problems reading a HETATM or ATOM record.
  According to the PDB specification,
  columns 77-78 should contain the element symbol of an atom.
  but OpenBabel found '  ' (atom 34)
==============================
*** Open Babel Warning  in parseAtomRecord
  WARNING: Problems reading a PDB file
  Problems reading a HETATM or ATOM record.
  According to the PDB specification,
  columns 77-78 should contain the element symbol of an atom.
  but OpenBabel found '  ' (atom 35)
==============================
*** Open Babel Warning  in parseAtomRecord
  WARNING: Problems reading a PDB file
  Problems reading a HETATM or ATOM record.
  According to the PDB specification,
  columns 77-78 should contain the element symbol of an atom.
  but OpenBabel found '  ' (atom 36)
==============================
*** Open Babel Warning  in parseAtomRecord
  WARNING: Problems reading a PDB file
  Problems reading a HETATM or ATOM record.
  According to the PDB specification,
  columns 77-78 should contain the element symbol of an atom.
  but OpenBabel found '  ' (atom 37)
==============================
*** Open Babel Warning  in parseAtomRecord
  WARNING: Problems reading a PDB file
  Problems reading a HETATM or ATOM record.
  According to the PDB specification,
  columns 77-78 should contain the element symbol of an atom.
  but OpenBabel found '  ' (atom 38)
==============================
*** Open Babel Warning  in parseAtomRecord
  WARNING: Problems reading a PDB file
  Problems reading a HETATM or ATOM record.
  According to the PDB specification,
  columns 77-78 should contain the element symbol of an atom.
  but OpenBabel found '  ' (atom 39)
==============================
*** Open Babel Warning  in parseAtomRecord
  WARNING: Problems reading a PDB file
  Problems reading a HETATM or ATOM record.
  According to the PDB specification,
  columns 77-78 should contain the element symbol of an atom.
  but OpenBabel found '  ' (atom 40)
==============================
*** Open Babel Warning  in parseAtomRecord
  WARNING: Problems reading a PDB file
  Problems reading a HETATM or ATOM record.
  According to the PDB specification,
  columns 77-78 should contain the element symbol of an atom.
  but OpenBabel found '  ' (atom 41)
==============================
*** Open Babel Warning  in parseAtomRecord
  WARNING: Problems reading a PDB file
  Problems reading a HETATM or ATOM record.
  According to the PDB specification,
  columns 77-78 should contain the element symbol of an atom.
  but OpenBabel found '  ' (atom 42)
==============================
*** Open Babel Warning  in parseAtomRecord
  WARNING: Problems reading a PDB file
  Problems reading a HETATM or ATOM record.
  According to the PDB specification,
  columns 77-78 should contain the element symbol of an atom.
  but OpenBabel found '  ' (atom 43)
==============================
*** Open Babel Warning  in parseAtomRecord
  WARNING: Problems reading a PDB file
  Problems reading a HETATM or ATOM record.
  According to the PDB specification,
  columns 77-78 should contain the element symbol of an atom.
  but OpenBabel found '  ' (atom 44)
==============================
*** Open Babel Warning  in parseAtomRecord
  WARNING: Problems reading a PDB file
  Problems reading a HETATM or ATOM record.
  According to the PDB specification,
  columns 77-78 should contain the element symbol of an atom.
  but OpenBabel found '  ' (atom 45)
==============================
*** Open Babel Warning  in parseAtomRecord
  WARNING: Problems reading a PDB file
  Problems reading a HETATM or ATOM record.
  According to the PDB specification,
  columns 77-78 should contain the element symbol of an atom.
  but OpenBabel found '  ' (atom 46)
==============================
*** Open Babel Warning  in parseAtomRecord
  WARNING: Problems reading a PDB file
  Problems reading a HETATM or ATOM record.
  According to the PDB specification,
  columns 77-78 should contain the element symbol of an atom.
  but OpenBabel found '  ' (atom 47)
Finished importing molecules
WARNING: LAPACK DSYEV() RETURNED NON-ZERO ERROR CODE 2
WARNING: LAPACK DSYEV() RETURNED NON-ZERO ERROR CODE 3
WARNING: LAPACK DSYEV() RETURNED NON-ZERO ERROR CODE 2
WARNING: LAPACK DSYEV() RETURNED NON-ZERO ERROR CODE 2
WARNING: LAPACK DSYEV() RETURNED NON-ZERO ERROR CODE 2
WARNING: LAPACK DSYEV() RETURNED NON-ZERO ERROR CODE 2
WARNING: LAPACK DSYEV() RETURNED NON-ZERO ERROR CODE 2
WARNING: LAPACK DSYEV() RETURNED NON-ZERO ERROR CODE 2
WARNING: LAPACK DSYEV() RETURNED NON-ZERO ERROR CODE 2
WARNING: LAPACK DSYEV() RETURNED NON-ZERO ERROR CODE 2
WARNING: LAPACK DSYEV() RETURNED NON-ZERO ERROR CODE 2
WARNING: LAPACK DSYEV() RETURNED NON-ZERO ERROR CODE 2
WARNING: LAPACK DSYEV() RETURNED NON-ZERO ERROR CODE 2
WARNING: LAPACK DSYEV() RETURNED NON-ZERO ERROR CODE 2
WARNING: LAPACK DSYEV() RETURNED NON-ZERO ERROR CODE 2
WARNING: LAPACK DSYEV() RETURNED NON-ZERO ERROR CODE 3
WARNING: LAPACK DSYEV() RETURNED NON-ZERO ERROR CODE 2
WARNING: LAPACK DSYEV() RETURNED NON-ZERO ERROR CODE 3
WARNING: LAPACK DSYEV() RETURNED NON-ZERO ERROR CODE 2
WARNING: LAPACK DSYEV() RETURNED NON-ZERO ERROR CODE 3
WARNING: LAPACK DSYEV() RETURNED NON-ZERO ERROR CODE 2
WARNING: LAPACK DSYEV() RETURNED NON-ZERO ERROR CODE 2
WARNING: LAPACK DSYEV() RETURNED NON-ZERO ERROR CODE 2
WARNING: LAPACK DSYEV() RETURNED NON-ZERO ERROR CODE 2
WARNING: LAPACK DSYEV() RETURNED NON-ZERO ERROR CODE 2
WARNING: LAPACK DSYEV() RETURNED NON-ZERO ERROR CODE 2
WARNING: LAPACK DSYEV() RETURNED NON-ZERO ERROR CODE 2
WARNING: LAPACK DSYEV() RETURNED NON-ZERO ERROR CODE 2
WARNING: LAPACK DSYEV() RETURNED NON-ZERO ERROR CODE 2
WARNING: LAPACK DSYEV() RETURNED NON-ZERO ERROR CODE 3
WARNING: LAPACK DSYEV() RETURNED NON-ZERO ERROR CODE 3
WARNING: LAPACK DSYEV() RETURNED NON-ZERO ERROR CODE 2
WARNING: LAPACK DSYEV() RETURNED NON-ZERO ERROR CODE 2
WARNING: LAPACK DSYEV() RETURNED NON-ZERO ERROR CODE 2
WARNING: LAPACK DSYEV() RETURNED NON-ZERO ERROR CODE 2
WARNING: LAPACK DSYEV() RETURNED NON-ZERO ERROR CODE 2
WARNING: LAPACK DSYEV() RETURNED NON-ZERO ERROR CODE 2
WARNING: LAPACK DSYEV() RETURNED NON-ZERO ERROR CODE 3
WARNING: LAPACK DSYEV() RETURNED NON-ZERO ERROR CODE 3
WARNING: LAPACK DSYEV() RETURNED NON-ZERO ERROR CODE 2
WARNING: LAPACK DSYEV() RETURNED NON-ZERO ERROR CODE 2
WARNING: LAPACK DSYEV() RETURNED NON-ZERO ERROR CODE 2
WARNING: LAPACK DSYEV() RETURNED NON-ZERO ERROR CODE 2
WARNING: LAPACK DSYEV() RETURNED NON-ZERO ERROR CODE 2
WARNING: LAPACK DSYEV() RETURNED NON-ZERO ERROR CODE 3
WARNING: LAPACK DSYEV() RETURNED NON-ZERO ERROR CODE 2
WARNING: LAPACK DSYEV() RETURNED NON-ZERO ERROR CODE 2
WARNING: LAPACK DSYEV() RETURNED NON-ZERO ERROR CODE 2
WARNING: LAPACK DSYEV() RETURNED NON-ZERO ERROR CODE 2
WARNING: LAPACK DSYEV() RETURNED NON-ZERO ERROR CODE 2
WARNING: LAPACK DSYEV() RETURNED NON-ZERO ERROR CODE 2
Finished setting up data; running search...
ROUND 1 A#0 and B#0 = 1003.2
ROUND 2 A#1 and B#0 = 988.162
ROUND 3 A#2 and B#0 = 1188.93
ROUND 4 A#3 and B#0 = 1191.31
ROUND 5 A#4 and B#0 = 1070.29
ROUND 6 A#5 and B#0 = 1071.04
ROUND 7 A#6 and B#0 = 1140.7
ROUND 8 A#7 and B#0 = 1061.82
ROUND 9 A#8 and B#0 = 1141.34
ROUND 10 A#9 and B#0 = 991.804
ROUND 11 A#10 and B#0 = 1074.75
ROUND 12 A#11 and B#0 = 1029.61
ROUND 13 A#12 and B#0 = 1117.14
ROUND 14 A#13 and B#0 = 1079.52
ROUND 15 A#14 and B#0 = 1094.65
ROUND 16 A#15 and B#0 = 1074.68
ROUND 17 A#16 and B#0 = 922.158
ROUND 18 A#17 and B#0 = 1086.84
ROUND 19 A#18 and B#0 = 1060.49
ROUND 20 A#19 and B#0 = 1034.92
ROUND 21 A#20 and B#0 = 1079.62
ROUND 22 A#21 and B#0 = 979.37
ROUND 23 A#22 and B#0 = 995.32
ROUND 24 A#23 and B#0 = 1055.74
ROUND 25 A#24 and B#0 = 1054.35
ROUND 26 A#25 and B#0 = 1003.3
ROUND 27 A#26 and B#0 = 1137.98
ROUND 28 A#27 and B#0 = 1116.98
ROUND 29 A#28 and B#0 = 879.563
ROUND 30 A#29 and B#0 = 1100.58
ROUND 31 A#30 and B#0 = 857.187
ROUND 32 A#31 and B#0 = 1105.69
ROUND 33 A#32 and B#0 = 1094.57
ROUND 34 A#33 and B#0 = 1061.17
ROUND 35 A#34 and B#0 = 1066.19
ROUND 36 A#35 and B#0 = 948.067
ROUND 37 A#36 and B#0 = 1064.37
ROUND 38 A#37 and B#0 = 1019.99
ROUND 39 A#38 and B#0 = 1063.47
ROUND 40 A#39 and B#0 = 1007.85
ROUND 41 A#40 and B#0 = 929.339
ROUND 42 A#41 and B#0 = 1150.91
ROUND 43 A#42 and B#0 = 918.884
ROUND 44 A#43 and B#0 = 1140.2
ROUND 45 A#44 and B#0 = 1058.65
ROUND 46 A#45 and B#0 = 1078.93
ROUND 47 A#46 and B#0 = 1068.86
ROUND 48 A#47 and B#0 = 964.435
ROUND 49 A#48 and B#0 = 1022.42
ROUND 50 A#49 and B#0 = 1064.75

The best overlap is between conformer A#3 and B#0, which, after PCA followed by Steepest Descent, produces a volume overlap of 1191.31
Tanimoto (Hodgkin) similarity index: 0.666066

Saving those best conformers to file...
WRITING MOLECULE TO FILE '../1EDN_SUPERIMPOSITIONS/PCA1_17-21__PD156707.mol2' (WILL OVERWRITE EXISTING FILE IF ANY)...
WRITING MOLECULE TO FILE '../1EDN_SUPERIMPOSITIONS/PCA1_17-21__PD156707.mol2'...
