Finished importing molecules
WARNING: LAPACK DSYEV() RETURNED NON-ZERO ERROR CODE 3
WARNING: LAPACK DSYEV() RETURNED NON-ZERO ERROR CODE 2
WARNING: LAPACK DSYEV() RETURNED NON-ZERO ERROR CODE 3
WARNING: LAPACK DSYEV() RETURNED NON-ZERO ERROR CODE 3
WARNING: LAPACK DSYEV() RETURNED NON-ZERO ERROR CODE 2
WARNING: LAPACK DSYEV() RETURNED NON-ZERO ERROR CODE 3
WARNING: LAPACK DSYEV() RETURNED NON-ZERO ERROR CODE 3
WARNING: LAPACK DSYEV() RETURNED NON-ZERO ERROR CODE 2
WARNING: LAPACK DSYEV() RETURNED NON-ZERO ERROR CODE 3
WARNING: LAPACK DSYEV() RETURNED NON-ZERO ERROR CODE 3
WARNING: LAPACK DSYEV() RETURNED NON-ZERO ERROR CODE 3
WARNING: LAPACK DSYEV() RETURNED NON-ZERO ERROR CODE 3
WARNING: LAPACK DSYEV() RETURNED NON-ZERO ERROR CODE 3
WARNING: LAPACK DSYEV() RETURNED NON-ZERO ERROR CODE 3
WARNING: LAPACK DSYEV() RETURNED NON-ZERO ERROR CODE 3
WARNING: LAPACK DSYEV() RETURNED NON-ZERO ERROR CODE 3
WARNING: LAPACK DSYEV() RETURNED NON-ZERO ERROR CODE 3
WARNING: LAPACK DSYEV() RETURNED NON-ZERO ERROR CODE 2
WARNING: LAPACK DSYEV() RETURNED NON-ZERO ERROR CODE 2
WARNING: LAPACK DSYEV() RETURNED NON-ZERO ERROR CODE 2
WARNING: LAPACK DSYEV() RETURNED NON-ZERO ERROR CODE 2
WARNING: LAPACK DSYEV() RETURNED NON-ZERO ERROR CODE 2
WARNING: LAPACK DSYEV() RETURNED NON-ZERO ERROR CODE 2
WARNING: LAPACK DSYEV() RETURNED NON-ZERO ERROR CODE 2
WARNING: LAPACK DSYEV() RETURNED NON-ZERO ERROR CODE 3
WARNING: LAPACK DSYEV() RETURNED NON-ZERO ERROR CODE 3
WARNING: LAPACK DSYEV() RETURNED NON-ZERO ERROR CODE 3
WARNING: LAPACK DSYEV() RETURNED NON-ZERO ERROR CODE 3
WARNING: LAPACK DSYEV() RETURNED NON-ZERO ERROR CODE 2
WARNING: LAPACK DSYEV() RETURNED NON-ZERO ERROR CODE 3
WARNING: LAPACK DSYEV() RETURNED NON-ZERO ERROR CODE 2
WARNING: LAPACK DSYEV() RETURNED NON-ZERO ERROR CODE 2
WARNING: LAPACK DSYEV() RETURNED NON-ZERO ERROR CODE 3
WARNING: LAPACK DSYEV() RETURNED NON-ZERO ERROR CODE 3
WARNING: LAPACK DSYEV() RETURNED NON-ZERO ERROR CODE 3
WARNING: LAPACK DSYEV() RETURNED NON-ZERO ERROR CODE 3
WARNING: LAPACK DSYEV() RETURNED NON-ZERO ERROR CODE 2
WARNING: LAPACK DSYEV() RETURNED NON-ZERO ERROR CODE 2
WARNING: LAPACK DSYEV() RETURNED NON-ZERO ERROR CODE 3
WARNING: LAPACK DSYEV() RETURNED NON-ZERO ERROR CODE 2
WARNING: LAPACK DSYEV() RETURNED NON-ZERO ERROR CODE 3
WARNING: LAPACK DSYEV() RETURNED NON-ZERO ERROR CODE 3
WARNING: LAPACK DSYEV() RETURNED NON-ZERO ERROR CODE 3
WARNING: LAPACK DSYEV() RETURNED NON-ZERO ERROR CODE 2
WARNING: LAPACK DSYEV() RETURNED NON-ZERO ERROR CODE 3
WARNING: LAPACK DSYEV() RETURNED NON-ZERO ERROR CODE 3
WARNING: LAPACK DSYEV() RETURNED NON-ZERO ERROR CODE 2
WARNING: LAPACK DSYEV() RETURNED NON-ZERO ERROR CODE 2
WARNING: LAPACK DSYEV() RETURNED NON-ZERO ERROR CODE 3
WARNING: LAPACK DSYEV() RETURNED NON-ZERO ERROR CODE 3
WARNING: LAPACK DSYEV() RETURNED NON-ZERO ERROR CODE 2
WARNING: LAPACK DSYEV() RETURNED NON-ZERO ERROR CODE 3
WARNING: LAPACK DSYEV() RETURNED NON-ZERO ERROR CODE 3
WARNING: LAPACK DSYEV() RETURNED NON-ZERO ERROR CODE 2
WARNING: LAPACK DSYEV() RETURNED NON-ZERO ERROR CODE 3
WARNING: LAPACK DSYEV() RETURNED NON-ZERO ERROR CODE 2
WARNING: LAPACK DSYEV() RETURNED NON-ZERO ERROR CODE 2
WARNING: LAPACK DSYEV() RETURNED NON-ZERO ERROR CODE 3
WARNING: LAPACK DSYEV() RETURNED NON-ZERO ERROR CODE 3
WARNING: LAPACK DSYEV() RETURNED NON-ZERO ERROR CODE 3
WARNING: LAPACK DSYEV() RETURNED NON-ZERO ERROR CODE 2
WARNING: LAPACK DSYEV() RETURNED NON-ZERO ERROR CODE 3
WARNING: LAPACK DSYEV() RETURNED NON-ZERO ERROR CODE 2
WARNING: LAPACK DSYEV() RETURNED NON-ZERO ERROR CODE 3
WARNING: LAPACK DSYEV() RETURNED NON-ZERO ERROR CODE 2
WARNING: LAPACK DSYEV() RETURNED NON-ZERO ERROR CODE 2
WARNING: LAPACK DSYEV() RETURNED NON-ZERO ERROR CODE 3
WARNING: LAPACK DSYEV() RETURNED NON-ZERO ERROR CODE 2
WARNING: LAPACK DSYEV() RETURNED NON-ZERO ERROR CODE 2
WARNING: LAPACK DSYEV() RETURNED NON-ZERO ERROR CODE 2
WARNING: LAPACK DSYEV() RETURNED NON-ZERO ERROR CODE 2
WARNING: LAPACK DSYEV() RETURNED NON-ZERO ERROR CODE 3
WARNING: LAPACK DSYEV() RETURNED NON-ZERO ERROR CODE 3
WARNING: LAPACK DSYEV() RETURNED NON-ZERO ERROR CODE 3
WARNING: LAPACK DSYEV() RETURNED NON-ZERO ERROR CODE 3
WARNING: LAPACK DSYEV() RETURNED NON-ZERO ERROR CODE 3
WARNING: LAPACK DSYEV() RETURNED NON-ZERO ERROR CODE 2
WARNING: LAPACK DSYEV() RETURNED NON-ZERO ERROR CODE 2
WARNING: LAPACK DSYEV() RETURNED NON-ZERO ERROR CODE 3
WARNING: LAPACK DSYEV() RETURNED NON-ZERO ERROR CODE 3
WARNING: LAPACK DSYEV() RETURNED NON-ZERO ERROR CODE 2
WARNING: LAPACK DSYEV() RETURNED NON-ZERO ERROR CODE 3
WARNING: LAPACK DSYEV() RETURNED NON-ZERO ERROR CODE 2
WARNING: LAPACK DSYEV() RETURNED NON-ZERO ERROR CODE 3
WARNING: LAPACK DSYEV() RETURNED NON-ZERO ERROR CODE 2
WARNING: LAPACK DSYEV() RETURNED NON-ZERO ERROR CODE 3
WARNING: LAPACK DSYEV() RETURNED NON-ZERO ERROR CODE 3
WARNING: LAPACK DSYEV() RETURNED NON-ZERO ERROR CODE 2
WARNING: LAPACK DSYEV() RETURNED NON-ZERO ERROR CODE 2
WARNING: LAPACK DSYEV() RETURNED NON-ZERO ERROR CODE 3
WARNING: LAPACK DSYEV() RETURNED NON-ZERO ERROR CODE 3
WARNING: LAPACK DSYEV() RETURNED NON-ZERO ERROR CODE 3
WARNING: LAPACK DSYEV() RETURNED NON-ZERO ERROR CODE 3
WARNING: LAPACK DSYEV() RETURNED NON-ZERO ERROR CODE 3
WARNING: LAPACK DSYEV() RETURNED NON-ZERO ERROR CODE 2
WARNING: LAPACK DSYEV() RETURNED NON-ZERO ERROR CODE 2
WARNING: LAPACK DSYEV() RETURNED NON-ZERO ERROR CODE 2
WARNING: LAPACK DSYEV() RETURNED NON-ZERO ERROR CODE 2
WARNING: LAPACK DSYEV() RETURNED NON-ZERO ERROR CODE 2
WARNING: LAPACK DSYEV() RETURNED NON-ZERO ERROR CODE 3
Finished setting up data; running search...
finished round 1 (A#0 and B#0)
finished round 2 (A#1 and B#0)
finished round 3 (A#2 and B#0)
finished round 4 (A#3 and B#0)
finished round 5 (A#4 and B#0)
finished round 6 (A#5 and B#0)
finished round 7 (A#6 and B#0)
finished round 8 (A#7 and B#0)
finished round 9 (A#8 and B#0)
finished round 10 (A#9 and B#0)
finished round 11 (A#10 and B#0)
finished round 12 (A#11 and B#0)
finished round 13 (A#12 and B#0)
finished round 14 (A#13 and B#0)
finished round 15 (A#14 and B#0)
finished round 16 (A#15 and B#0)
finished round 17 (A#16 and B#0)
finished round 18 (A#17 and B#0)
finished round 19 (A#18 and B#0)
finished round 20 (A#19 and B#0)
finished round 21 (A#20 and B#0)
finished round 22 (A#21 and B#0)
finished round 23 (A#22 and B#0)
finished round 24 (A#23 and B#0)
finished round 25 (A#24 and B#0)
finished round 26 (A#25 and B#0)
finished round 27 (A#26 and B#0)
finished round 28 (A#27 and B#0)
finished round 29 (A#28 and B#0)
finished round 30 (A#29 and B#0)
finished round 31 (A#30 and B#0)
finished round 32 (A#31 and B#0)
finished round 33 (A#32 and B#0)
finished round 34 (A#33 and B#0)
finished round 35 (A#34 and B#0)
finished round 36 (A#35 and B#0)
finished round 37 (A#36 and B#0)
finished round 38 (A#37 and B#0)
finished round 39 (A#38 and B#0)
finished round 40 (A#39 and B#0)
finished round 41 (A#40 and B#0)
finished round 42 (A#41 and B#0)
finished round 43 (A#42 and B#0)
finished round 44 (A#43 and B#0)
finished round 45 (A#44 and B#0)
finished round 46 (A#45 and B#0)
finished round 47 (A#46 and B#0)
finished round 48 (A#47 and B#0)
finished round 49 (A#48 and B#0)
finished round 50 (A#49 and B#0)
finished round 51 (A#0 and B#1)
finished round 52 (A#1 and B#1)
finished round 53 (A#2 and B#1)
finished round 54 (A#3 and B#1)
finished round 55 (A#4 and B#1)
finished round 56 (A#5 and B#1)
finished round 57 (A#6 and B#1)
finished round 58 (A#7 and B#1)
finished round 59 (A#8 and B#1)
finished round 60 (A#9 and B#1)
finished round 61 (A#10 and B#1)
finished round 62 (A#11 and B#1)
finished round 63 (A#12 and B#1)
finished round 64 (A#13 and B#1)
finished round 65 (A#14 and B#1)
finished round 66 (A#15 and B#1)
finished round 67 (A#16 and B#1)
finished round 68 (A#17 and B#1)
finished round 69 (A#18 and B#1)
finished round 70 (A#19 and B#1)
finished round 71 (A#20 and B#1)
finished round 72 (A#21 and B#1)
finished round 73 (A#22 and B#1)
finished round 74 (A#23 and B#1)
finished round 75 (A#24 and B#1)
finished round 76 (A#25 and B#1)
finished round 77 (A#26 and B#1)
finished round 78 (A#27 and B#1)
finished round 79 (A#28 and B#1)
finished round 80 (A#29 and B#1)
finished round 81 (A#30 and B#1)
finished round 82 (A#31 and B#1)
finished round 83 (A#32 and B#1)
finished round 84 (A#33 and B#1)
finished round 85 (A#34 and B#1)
finished round 86 (A#35 and B#1)
finished round 87 (A#36 and B#1)
finished round 88 (A#37 and B#1)
finished round 89 (A#38 and B#1)
finished round 90 (A#39 and B#1)
finished round 91 (A#40 and B#1)
finished round 92 (A#41 and B#1)
finished round 93 (A#42 and B#1)
finished round 94 (A#43 and B#1)
finished round 95 (A#44 and B#1)
finished round 96 (A#45 and B#1)
finished round 97 (A#46 and B#1)
finished round 98 (A#47 and B#1)
finished round 99 (A#48 and B#1)
finished round 100 (A#49 and B#1)
finished round 101 (A#0 and B#2)
finished round 102 (A#1 and B#2)
finished round 103 (A#2 and B#2)
finished round 104 (A#3 and B#2)
finished round 105 (A#4 and B#2)
finished round 106 (A#5 and B#2)
finished round 107 (A#6 and B#2)
finished round 108 (A#7 and B#2)
finished round 109 (A#8 and B#2)
finished round 110 (A#9 and B#2)
finished round 111 (A#10 and B#2)
finished round 112 (A#11 and B#2)
finished round 113 (A#12 and B#2)
finished round 114 (A#13 and B#2)
finished round 115 (A#14 and B#2)
finished round 116 (A#15 and B#2)
finished round 117 (A#16 and B#2)
finished round 118 (A#17 and B#2)
finished round 119 (A#18 and B#2)
finished round 120 (A#19 and B#2)
finished round 121 (A#20 and B#2)
finished round 122 (A#21 and B#2)
finished round 123 (A#22 and B#2)
finished round 124 (A#23 and B#2)
finished round 125 (A#24 and B#2)
finished round 126 (A#25 and B#2)
finished round 127 (A#26 and B#2)
finished round 128 (A#27 and B#2)
finished round 129 (A#28 and B#2)
finished round 130 (A#29 and B#2)
finished round 131 (A#30 and B#2)
finished round 132 (A#31 and B#2)
finished round 133 (A#32 and B#2)
finished round 134 (A#33 and B#2)
finished round 135 (A#34 and B#2)
finished round 136 (A#35 and B#2)
finished round 137 (A#36 and B#2)
finished round 138 (A#37 and B#2)
finished round 139 (A#38 and B#2)
finished round 140 (A#39 and B#2)
finished round 141 (A#40 and B#2)
finished round 142 (A#41 and B#2)
finished round 143 (A#42 and B#2)
finished round 144 (A#43 and B#2)
finished round 145 (A#44 and B#2)
finished round 146 (A#45 and B#2)
finished round 147 (A#46 and B#2)
finished round 148 (A#47 and B#2)
finished round 149 (A#48 and B#2)
finished round 150 (A#49 and B#2)
finished round 151 (A#0 and B#3)
finished round 152 (A#1 and B#3)
finished round 153 (A#2 and B#3)
finished round 154 (A#3 and B#3)
finished round 155 (A#4 and B#3)
finished round 156 (A#5 and B#3)
finished round 157 (A#6 and B#3)
finished round 158 (A#7 and B#3)
finished round 159 (A#8 and B#3)
finished round 160 (A#9 and B#3)
finished round 161 (A#10 and B#3)
finished round 162 (A#11 and B#3)
finished round 163 (A#12 and B#3)
finished round 164 (A#13 and B#3)
finished round 165 (A#14 and B#3)
finished round 166 (A#15 and B#3)
finished round 167 (A#16 and B#3)
finished round 168 (A#17 and B#3)
finished round 169 (A#18 and B#3)
finished round 170 (A#19 and B#3)
finished round 171 (A#20 and B#3)
finished round 172 (A#21 and B#3)
finished round 173 (A#22 and B#3)
finished round 174 (A#23 and B#3)
finished round 175 (A#24 and B#3)
finished round 176 (A#25 and B#3)
finished round 177 (A#26 and B#3)
finished round 178 (A#27 and B#3)
finished round 179 (A#28 and B#3)
finished round 180 (A#29 and B#3)
finished round 181 (A#30 and B#3)
finished round 182 (A#31 and B#3)
finished round 183 (A#32 and B#3)
finished round 184 (A#33 and B#3)
finished round 185 (A#34 and B#3)
finished round 186 (A#35 and B#3)
finished round 187 (A#36 and B#3)
finished round 188 (A#37 and B#3)
finished round 189 (A#38 and B#3)
finished round 190 (A#39 and B#3)
finished round 191 (A#40 and B#3)
finished round 192 (A#41 and B#3)
finished round 193 (A#42 and B#3)
finished round 194 (A#43 and B#3)
finished round 195 (A#44 and B#3)
finished round 196 (A#45 and B#3)
finished round 197 (A#46 and B#3)
finished round 198 (A#47 and B#3)
finished round 199 (A#48 and B#3)
finished round 200 (A#49 and B#3)
finished round 201 (A#0 and B#4)
finished round 202 (A#1 and B#4)
finished round 203 (A#2 and B#4)
finished round 204 (A#3 and B#4)
finished round 205 (A#4 and B#4)
finished round 206 (A#5 and B#4)
finished round 207 (A#6 and B#4)
finished round 208 (A#7 and B#4)
finished round 209 (A#8 and B#4)
finished round 210 (A#9 and B#4)
finished round 211 (A#10 and B#4)
finished round 212 (A#11 and B#4)
finished round 213 (A#12 and B#4)
finished round 214 (A#13 and B#4)
finished round 215 (A#14 and B#4)
finished round 216 (A#15 and B#4)
finished round 217 (A#16 and B#4)
finished round 218 (A#17 and B#4)
finished round 219 (A#18 and B#4)
finished round 220 (A#19 and B#4)
finished round 221 (A#20 and B#4)
finished round 222 (A#21 and B#4)
finished round 223 (A#22 and B#4)
finished round 224 (A#23 and B#4)
finished round 225 (A#24 and B#4)
finished round 226 (A#25 and B#4)
finished round 227 (A#26 and B#4)
finished round 228 (A#27 and B#4)
finished round 229 (A#28 and B#4)
finished round 230 (A#29 and B#4)
finished round 231 (A#30 and B#4)
finished round 232 (A#31 and B#4)
finished round 233 (A#32 and B#4)
finished round 234 (A#33 and B#4)
finished round 235 (A#34 and B#4)
finished round 236 (A#35 and B#4)
finished round 237 (A#36 and B#4)
finished round 238 (A#37 and B#4)
finished round 239 (A#38 and B#4)
finished round 240 (A#39 and B#4)
finished round 241 (A#40 and B#4)
finished round 242 (A#41 and B#4)
finished round 243 (A#42 and B#4)
finished round 244 (A#43 and B#4)
finished round 245 (A#44 and B#4)
finished round 246 (A#45 and B#4)
finished round 247 (A#46 and B#4)
finished round 248 (A#47 and B#4)
finished round 249 (A#48 and B#4)
finished round 250 (A#49 and B#4)
finished round 251 (A#0 and B#5)
finished round 252 (A#1 and B#5)
finished round 253 (A#2 and B#5)
finished round 254 (A#3 and B#5)
finished round 255 (A#4 and B#5)
finished round 256 (A#5 and B#5)
finished round 257 (A#6 and B#5)
finished round 258 (A#7 and B#5)
finished round 259 (A#8 and B#5)
finished round 260 (A#9 and B#5)
finished round 261 (A#10 and B#5)
finished round 262 (A#11 and B#5)
finished round 263 (A#12 and B#5)
finished round 264 (A#13 and B#5)
finished round 265 (A#14 and B#5)
finished round 266 (A#15 and B#5)
finished round 267 (A#16 and B#5)
finished round 268 (A#17 and B#5)
finished round 269 (A#18 and B#5)
finished round 270 (A#19 and B#5)
finished round 271 (A#20 and B#5)
finished round 272 (A#21 and B#5)
finished round 273 (A#22 and B#5)
finished round 274 (A#23 and B#5)
finished round 275 (A#24 and B#5)
finished round 276 (A#25 and B#5)
finished round 277 (A#26 and B#5)
finished round 278 (A#27 and B#5)
finished round 279 (A#28 and B#5)
finished round 280 (A#29 and B#5)
finished round 281 (A#30 and B#5)
finished round 282 (A#31 and B#5)
finished round 283 (A#32 and B#5)
finished round 284 (A#33 and B#5)
finished round 285 (A#34 and B#5)
finished round 286 (A#35 and B#5)
finished round 287 (A#36 and B#5)
finished round 288 (A#37 and B#5)
finished round 289 (A#38 and B#5)
finished round 290 (A#39 and B#5)
finished round 291 (A#40 and B#5)
finished round 292 (A#41 and B#5)
finished round 293 (A#42 and B#5)
finished round 294 (A#43 and B#5)
finished round 295 (A#44 and B#5)
finished round 296 (A#45 and B#5)
finished round 297 (A#46 and B#5)
finished round 298 (A#47 and B#5)
finished round 299 (A#48 and B#5)
finished round 300 (A#49 and B#5)
finished round 301 (A#0 and B#6)
finished round 302 (A#1 and B#6)
finished round 303 (A#2 and B#6)
finished round 304 (A#3 and B#6)
finished round 305 (A#4 and B#6)
finished round 306 (A#5 and B#6)
finished round 307 (A#6 and B#6)
finished round 308 (A#7 and B#6)
finished round 309 (A#8 and B#6)
finished round 310 (A#9 and B#6)
finished round 311 (A#10 and B#6)
finished round 312 (A#11 and B#6)
finished round 313 (A#12 and B#6)
finished round 314 (A#13 and B#6)
finished round 315 (A#14 and B#6)
finished round 316 (A#15 and B#6)
finished round 317 (A#16 and B#6)
finished round 318 (A#17 and B#6)
finished round 319 (A#18 and B#6)
finished round 320 (A#19 and B#6)
finished round 321 (A#20 and B#6)
finished round 322 (A#21 and B#6)
finished round 323 (A#22 and B#6)
finished round 324 (A#23 and B#6)
finished round 325 (A#24 and B#6)
finished round 326 (A#25 and B#6)
finished round 327 (A#26 and B#6)
finished round 328 (A#27 and B#6)
finished round 329 (A#28 and B#6)
finished round 330 (A#29 and B#6)
finished round 331 (A#30 and B#6)
finished round 332 (A#31 and B#6)
finished round 333 (A#32 and B#6)
finished round 334 (A#33 and B#6)
finished round 335 (A#34 and B#6)
finished round 336 (A#35 and B#6)
finished round 337 (A#36 and B#6)
finished round 338 (A#37 and B#6)
finished round 339 (A#38 and B#6)
finished round 340 (A#39 and B#6)
finished round 341 (A#40 and B#6)
finished round 342 (A#41 and B#6)
finished round 343 (A#42 and B#6)
finished round 344 (A#43 and B#6)
finished round 345 (A#44 and B#6)
finished round 346 (A#45 and B#6)
finished round 347 (A#46 and B#6)
finished round 348 (A#47 and B#6)
finished round 349 (A#48 and B#6)
finished round 350 (A#49 and B#6)
finished round 351 (A#0 and B#7)
finished round 352 (A#1 and B#7)
finished round 353 (A#2 and B#7)
finished round 354 (A#3 and B#7)
finished round 355 (A#4 and B#7)
finished round 356 (A#5 and B#7)
finished round 357 (A#6 and B#7)
finished round 358 (A#7 and B#7)
finished round 359 (A#8 and B#7)
finished round 360 (A#9 and B#7)
finished round 361 (A#10 and B#7)
finished round 362 (A#11 and B#7)
finished round 363 (A#12 and B#7)
finished round 364 (A#13 and B#7)
finished round 365 (A#14 and B#7)
finished round 366 (A#15 and B#7)
finished round 367 (A#16 and B#7)
finished round 368 (A#17 and B#7)
finished round 369 (A#18 and B#7)
finished round 370 (A#19 and B#7)
finished round 371 (A#20 and B#7)
finished round 372 (A#21 and B#7)
finished round 373 (A#22 and B#7)
finished round 374 (A#23 and B#7)
finished round 375 (A#24 and B#7)
finished round 376 (A#25 and B#7)
finished round 377 (A#26 and B#7)
finished round 378 (A#27 and B#7)
finished round 379 (A#28 and B#7)
finished round 380 (A#29 and B#7)
finished round 381 (A#30 and B#7)
finished round 382 (A#31 and B#7)
finished round 383 (A#32 and B#7)
finished round 384 (A#33 and B#7)
finished round 385 (A#34 and B#7)
finished round 386 (A#35 and B#7)
finished round 387 (A#36 and B#7)
finished round 388 (A#37 and B#7)
finished round 389 (A#38 and B#7)
finished round 390 (A#39 and B#7)
finished round 391 (A#40 and B#7)
finished round 392 (A#41 and B#7)
finished round 393 (A#42 and B#7)
finished round 394 (A#43 and B#7)
finished round 395 (A#44 and B#7)
finished round 396 (A#45 and B#7)
finished round 397 (A#46 and B#7)
finished round 398 (A#47 and B#7)
finished round 399 (A#48 and B#7)
finished round 400 (A#49 and B#7)
finished round 401 (A#0 and B#8)
finished round 402 (A#1 and B#8)
finished round 403 (A#2 and B#8)
finished round 404 (A#3 and B#8)
finished round 405 (A#4 and B#8)
finished round 406 (A#5 and B#8)
finished round 407 (A#6 and B#8)
finished round 408 (A#7 and B#8)
finished round 409 (A#8 and B#8)
finished round 410 (A#9 and B#8)
finished round 411 (A#10 and B#8)
finished round 412 (A#11 and B#8)
finished round 413 (A#12 and B#8)
finished round 414 (A#13 and B#8)
finished round 415 (A#14 and B#8)
finished round 416 (A#15 and B#8)
finished round 417 (A#16 and B#8)
finished round 418 (A#17 and B#8)
finished round 419 (A#18 and B#8)
finished round 420 (A#19 and B#8)
finished round 421 (A#20 and B#8)
finished round 422 (A#21 and B#8)
finished round 423 (A#22 and B#8)
finished round 424 (A#23 and B#8)
finished round 425 (A#24 and B#8)
finished round 426 (A#25 and B#8)
finished round 427 (A#26 and B#8)
finished round 428 (A#27 and B#8)
finished round 429 (A#28 and B#8)
finished round 430 (A#29 and B#8)
finished round 431 (A#30 and B#8)
finished round 432 (A#31 and B#8)
finished round 433 (A#32 and B#8)
finished round 434 (A#33 and B#8)
finished round 435 (A#34 and B#8)
finished round 436 (A#35 and B#8)
finished round 437 (A#36 and B#8)
finished round 438 (A#37 and B#8)
finished round 439 (A#38 and B#8)
finished round 440 (A#39 and B#8)
finished round 441 (A#40 and B#8)
finished round 442 (A#41 and B#8)
finished round 443 (A#42 and B#8)
finished round 444 (A#43 and B#8)
finished round 445 (A#44 and B#8)
finished round 446 (A#45 and B#8)
finished round 447 (A#46 and B#8)
finished round 448 (A#47 and B#8)
finished round 449 (A#48 and B#8)
finished round 450 (A#49 and B#8)
finished round 451 (A#0 and B#9)
finished round 452 (A#1 and B#9)
finished round 453 (A#2 and B#9)
finished round 454 (A#3 and B#9)
finished round 455 (A#4 and B#9)
finished round 456 (A#5 and B#9)
finished round 457 (A#6 and B#9)
finished round 458 (A#7 and B#9)
finished round 459 (A#8 and B#9)
finished round 460 (A#9 and B#9)
finished round 461 (A#10 and B#9)
finished round 462 (A#11 and B#9)
finished round 463 (A#12 and B#9)
finished round 464 (A#13 and B#9)
finished round 465 (A#14 and B#9)
finished round 466 (A#15 and B#9)
finished round 467 (A#16 and B#9)
finished round 468 (A#17 and B#9)
finished round 469 (A#18 and B#9)
finished round 470 (A#19 and B#9)
finished round 471 (A#20 and B#9)
finished round 472 (A#21 and B#9)
finished round 473 (A#22 and B#9)
finished round 474 (A#23 and B#9)
finished round 475 (A#24 and B#9)
finished round 476 (A#25 and B#9)
finished round 477 (A#26 and B#9)
finished round 478 (A#27 and B#9)
finished round 479 (A#28 and B#9)
finished round 480 (A#29 and B#9)
finished round 481 (A#30 and B#9)
finished round 482 (A#31 and B#9)
finished round 483 (A#32 and B#9)
finished round 484 (A#33 and B#9)
finished round 485 (A#34 and B#9)
finished round 486 (A#35 and B#9)
finished round 487 (A#36 and B#9)
finished round 488 (A#37 and B#9)
finished round 489 (A#38 and B#9)
finished round 490 (A#39 and B#9)
finished round 491 (A#40 and B#9)
finished round 492 (A#41 and B#9)
finished round 493 (A#42 and B#9)
finished round 494 (A#43 and B#9)
finished round 495 (A#44 and B#9)
finished round 496 (A#45 and B#9)
finished round 497 (A#46 and B#9)
finished round 498 (A#47 and B#9)
finished round 499 (A#48 and B#9)
finished round 500 (A#49 and B#9)
finished round 501 (A#0 and B#10)
finished round 502 (A#1 and B#10)
finished round 503 (A#2 and B#10)
finished round 504 (A#3 and B#10)
finished round 505 (A#4 and B#10)
finished round 506 (A#5 and B#10)
finished round 507 (A#6 and B#10)
finished round 508 (A#7 and B#10)
finished round 509 (A#8 and B#10)
finished round 510 (A#9 and B#10)
finished round 511 (A#10 and B#10)
finished round 512 (A#11 and B#10)
finished round 513 (A#12 and B#10)
finished round 514 (A#13 and B#10)
finished round 515 (A#14 and B#10)
finished round 516 (A#15 and B#10)
finished round 517 (A#16 and B#10)
finished round 518 (A#17 and B#10)
finished round 519 (A#18 and B#10)
finished round 520 (A#19 and B#10)
finished round 521 (A#20 and B#10)
finished round 522 (A#21 and B#10)
finished round 523 (A#22 and B#10)
finished round 524 (A#23 and B#10)
finished round 525 (A#24 and B#10)
finished round 526 (A#25 and B#10)
finished round 527 (A#26 and B#10)
finished round 528 (A#27 and B#10)
finished round 529 (A#28 and B#10)
finished round 530 (A#29 and B#10)
finished round 531 (A#30 and B#10)
finished round 532 (A#31 and B#10)
finished round 533 (A#32 and B#10)
finished round 534 (A#33 and B#10)
finished round 535 (A#34 and B#10)
finished round 536 (A#35 and B#10)
finished round 537 (A#36 and B#10)
finished round 538 (A#37 and B#10)
finished round 539 (A#38 and B#10)
finished round 540 (A#39 and B#10)
finished round 541 (A#40 and B#10)
finished round 542 (A#41 and B#10)
finished round 543 (A#42 and B#10)
finished round 544 (A#43 and B#10)
finished round 545 (A#44 and B#10)
finished round 546 (A#45 and B#10)
finished round 547 (A#46 and B#10)
finished round 548 (A#47 and B#10)
finished round 549 (A#48 and B#10)
finished round 550 (A#49 and B#10)
finished round 551 (A#0 and B#11)
finished round 552 (A#1 and B#11)
finished round 553 (A#2 and B#11)
finished round 554 (A#3 and B#11)
finished round 555 (A#4 and B#11)
finished round 556 (A#5 and B#11)
finished round 557 (A#6 and B#11)
finished round 558 (A#7 and B#11)
finished round 559 (A#8 and B#11)
finished round 560 (A#9 and B#11)
finished round 561 (A#10 and B#11)
finished round 562 (A#11 and B#11)
finished round 563 (A#12 and B#11)
finished round 564 (A#13 and B#11)
finished round 565 (A#14 and B#11)
finished round 566 (A#15 and B#11)
finished round 567 (A#16 and B#11)
finished round 568 (A#17 and B#11)
finished round 569 (A#18 and B#11)
finished round 570 (A#19 and B#11)
finished round 571 (A#20 and B#11)
finished round 572 (A#21 and B#11)
finished round 573 (A#22 and B#11)
finished round 574 (A#23 and B#11)
finished round 575 (A#24 and B#11)
finished round 576 (A#25 and B#11)
finished round 577 (A#26 and B#11)
finished round 578 (A#27 and B#11)
finished round 579 (A#28 and B#11)
finished round 580 (A#29 and B#11)
finished round 581 (A#30 and B#11)
finished round 582 (A#31 and B#11)
finished round 583 (A#32 and B#11)
finished round 584 (A#33 and B#11)
finished round 585 (A#34 and B#11)
finished round 586 (A#35 and B#11)
finished round 587 (A#36 and B#11)
finished round 588 (A#37 and B#11)
finished round 589 (A#38 and B#11)
finished round 590 (A#39 and B#11)
finished round 591 (A#40 and B#11)
finished round 592 (A#41 and B#11)
finished round 593 (A#42 and B#11)
finished round 594 (A#43 and B#11)
finished round 595 (A#44 and B#11)
finished round 596 (A#45 and B#11)
finished round 597 (A#46 and B#11)
finished round 598 (A#47 and B#11)
finished round 599 (A#48 and B#11)
finished round 600 (A#49 and B#11)
finished round 601 (A#0 and B#12)
finished round 602 (A#1 and B#12)
finished round 603 (A#2 and B#12)
finished round 604 (A#3 and B#12)
finished round 605 (A#4 and B#12)
finished round 606 (A#5 and B#12)
finished round 607 (A#6 and B#12)
finished round 608 (A#7 and B#12)
finished round 609 (A#8 and B#12)
finished round 610 (A#9 and B#12)
finished round 611 (A#10 and B#12)
finished round 612 (A#11 and B#12)
finished round 613 (A#12 and B#12)
finished round 614 (A#13 and B#12)
finished round 615 (A#14 and B#12)
finished round 616 (A#15 and B#12)
finished round 617 (A#16 and B#12)
finished round 618 (A#17 and B#12)
finished round 619 (A#18 and B#12)
finished round 620 (A#19 and B#12)
finished round 621 (A#20 and B#12)
finished round 622 (A#21 and B#12)
finished round 623 (A#22 and B#12)
finished round 624 (A#23 and B#12)
finished round 625 (A#24 and B#12)
finished round 626 (A#25 and B#12)
finished round 627 (A#26 and B#12)
finished round 628 (A#27 and B#12)
finished round 629 (A#28 and B#12)
finished round 630 (A#29 and B#12)
finished round 631 (A#30 and B#12)
finished round 632 (A#31 and B#12)
finished round 633 (A#32 and B#12)
finished round 634 (A#33 and B#12)
finished round 635 (A#34 and B#12)
finished round 636 (A#35 and B#12)
finished round 637 (A#36 and B#12)
finished round 638 (A#37 and B#12)
finished round 639 (A#38 and B#12)
finished round 640 (A#39 and B#12)
finished round 641 (A#40 and B#12)
finished round 642 (A#41 and B#12)
finished round 643 (A#42 and B#12)
finished round 644 (A#43 and B#12)
finished round 645 (A#44 and B#12)
finished round 646 (A#45 and B#12)
finished round 647 (A#46 and B#12)
finished round 648 (A#47 and B#12)
finished round 649 (A#48 and B#12)
finished round 650 (A#49 and B#12)
finished round 651 (A#0 and B#13)
finished round 652 (A#1 and B#13)
finished round 653 (A#2 and B#13)
finished round 654 (A#3 and B#13)
finished round 655 (A#4 and B#13)
finished round 656 (A#5 and B#13)
finished round 657 (A#6 and B#13)
finished round 658 (A#7 and B#13)
finished round 659 (A#8 and B#13)
finished round 660 (A#9 and B#13)
finished round 661 (A#10 and B#13)
finished round 662 (A#11 and B#13)
finished round 663 (A#12 and B#13)
finished round 664 (A#13 and B#13)
finished round 665 (A#14 and B#13)
finished round 666 (A#15 and B#13)
finished round 667 (A#16 and B#13)
finished round 668 (A#17 and B#13)
finished round 669 (A#18 and B#13)
finished round 670 (A#19 and B#13)
finished round 671 (A#20 and B#13)
finished round 672 (A#21 and B#13)
finished round 673 (A#22 and B#13)
finished round 674 (A#23 and B#13)
finished round 675 (A#24 and B#13)
finished round 676 (A#25 and B#13)
finished round 677 (A#26 and B#13)
finished round 678 (A#27 and B#13)
finished round 679 (A#28 and B#13)
finished round 680 (A#29 and B#13)
finished round 681 (A#30 and B#13)
finished round 682 (A#31 and B#13)
finished round 683 (A#32 and B#13)
finished round 684 (A#33 and B#13)
finished round 685 (A#34 and B#13)
finished round 686 (A#35 and B#13)
finished round 687 (A#36 and B#13)
finished round 688 (A#37 and B#13)
finished round 689 (A#38 and B#13)
finished round 690 (A#39 and B#13)
finished round 691 (A#40 and B#13)
finished round 692 (A#41 and B#13)
finished round 693 (A#42 and B#13)
finished round 694 (A#43 and B#13)
finished round 695 (A#44 and B#13)
finished round 696 (A#45 and B#13)
finished round 697 (A#46 and B#13)
finished round 698 (A#47 and B#13)
finished round 699 (A#48 and B#13)
finished round 700 (A#49 and B#13)
finished round 701 (A#0 and B#14)
finished round 702 (A#1 and B#14)
finished round 703 (A#2 and B#14)
finished round 704 (A#3 and B#14)
finished round 705 (A#4 and B#14)
finished round 706 (A#5 and B#14)
finished round 707 (A#6 and B#14)
finished round 708 (A#7 and B#14)
finished round 709 (A#8 and B#14)
finished round 710 (A#9 and B#14)
finished round 711 (A#10 and B#14)
finished round 712 (A#11 and B#14)
finished round 713 (A#12 and B#14)
finished round 714 (A#13 and B#14)
finished round 715 (A#14 and B#14)
finished round 716 (A#15 and B#14)
finished round 717 (A#16 and B#14)
finished round 718 (A#17 and B#14)
finished round 719 (A#18 and B#14)
finished round 720 (A#19 and B#14)
finished round 721 (A#20 and B#14)
finished round 722 (A#21 and B#14)
finished round 723 (A#22 and B#14)
finished round 724 (A#23 and B#14)
finished round 725 (A#24 and B#14)
finished round 726 (A#25 and B#14)
finished round 727 (A#26 and B#14)
finished round 728 (A#27 and B#14)
finished round 729 (A#28 and B#14)
finished round 730 (A#29 and B#14)
finished round 731 (A#30 and B#14)
finished round 732 (A#31 and B#14)
finished round 733 (A#32 and B#14)
finished round 734 (A#33 and B#14)
finished round 735 (A#34 and B#14)
finished round 736 (A#35 and B#14)
finished round 737 (A#36 and B#14)
finished round 738 (A#37 and B#14)
finished round 739 (A#38 and B#14)
finished round 740 (A#39 and B#14)
finished round 741 (A#40 and B#14)
finished round 742 (A#41 and B#14)
finished round 743 (A#42 and B#14)
finished round 744 (A#43 and B#14)
finished round 745 (A#44 and B#14)
finished round 746 (A#45 and B#14)
finished round 747 (A#46 and B#14)
finished round 748 (A#47 and B#14)
finished round 749 (A#48 and B#14)
finished round 750 (A#49 and B#14)
finished round 751 (A#0 and B#15)
finished round 752 (A#1 and B#15)
finished round 753 (A#2 and B#15)
finished round 754 (A#3 and B#15)
finished round 755 (A#4 and B#15)
finished round 756 (A#5 and B#15)
finished round 757 (A#6 and B#15)
finished round 758 (A#7 and B#15)
finished round 759 (A#8 and B#15)
finished round 760 (A#9 and B#15)
finished round 761 (A#10 and B#15)
finished round 762 (A#11 and B#15)
finished round 763 (A#12 and B#15)
finished round 764 (A#13 and B#15)
finished round 765 (A#14 and B#15)
finished round 766 (A#15 and B#15)
finished round 767 (A#16 and B#15)
finished round 768 (A#17 and B#15)
finished round 769 (A#18 and B#15)
finished round 770 (A#19 and B#15)
finished round 771 (A#20 and B#15)
finished round 772 (A#21 and B#15)
finished round 773 (A#22 and B#15)
finished round 774 (A#23 and B#15)
finished round 775 (A#24 and B#15)
finished round 776 (A#25 and B#15)
finished round 777 (A#26 and B#15)
finished round 778 (A#27 and B#15)
finished round 779 (A#28 and B#15)
finished round 780 (A#29 and B#15)
finished round 781 (A#30 and B#15)
finished round 782 (A#31 and B#15)
finished round 783 (A#32 and B#15)
finished round 784 (A#33 and B#15)
finished round 785 (A#34 and B#15)
finished round 786 (A#35 and B#15)
finished round 787 (A#36 and B#15)
finished round 788 (A#37 and B#15)
finished round 789 (A#38 and B#15)
finished round 790 (A#39 and B#15)
finished round 791 (A#40 and B#15)
finished round 792 (A#41 and B#15)
finished round 793 (A#42 and B#15)
finished round 794 (A#43 and B#15)
finished round 795 (A#44 and B#15)
finished round 796 (A#45 and B#15)
finished round 797 (A#46 and B#15)
finished round 798 (A#47 and B#15)
finished round 799 (A#48 and B#15)
finished round 800 (A#49 and B#15)
finished round 801 (A#0 and B#16)
finished round 802 (A#1 and B#16)
finished round 803 (A#2 and B#16)
finished round 804 (A#3 and B#16)
finished round 805 (A#4 and B#16)
finished round 806 (A#5 and B#16)
finished round 807 (A#6 and B#16)
finished round 808 (A#7 and B#16)
finished round 809 (A#8 and B#16)
finished round 810 (A#9 and B#16)
finished round 811 (A#10 and B#16)
finished round 812 (A#11 and B#16)
finished round 813 (A#12 and B#16)
finished round 814 (A#13 and B#16)
finished round 815 (A#14 and B#16)
finished round 816 (A#15 and B#16)
finished round 817 (A#16 and B#16)
finished round 818 (A#17 and B#16)
finished round 819 (A#18 and B#16)
finished round 820 (A#19 and B#16)
finished round 821 (A#20 and B#16)
finished round 822 (A#21 and B#16)
finished round 823 (A#22 and B#16)
finished round 824 (A#23 and B#16)
finished round 825 (A#24 and B#16)
finished round 826 (A#25 and B#16)
finished round 827 (A#26 and B#16)
finished round 828 (A#27 and B#16)
finished round 829 (A#28 and B#16)
finished round 830 (A#29 and B#16)
finished round 831 (A#30 and B#16)
finished round 832 (A#31 and B#16)
finished round 833 (A#32 and B#16)
finished round 834 (A#33 and B#16)
finished round 835 (A#34 and B#16)
finished round 836 (A#35 and B#16)
finished round 837 (A#36 and B#16)
finished round 838 (A#37 and B#16)
finished round 839 (A#38 and B#16)
finished round 840 (A#39 and B#16)
finished round 841 (A#40 and B#16)
finished round 842 (A#41 and B#16)
finished round 843 (A#42 and B#16)
finished round 844 (A#43 and B#16)
finished round 845 (A#44 and B#16)
finished round 846 (A#45 and B#16)
finished round 847 (A#46 and B#16)
finished round 848 (A#47 and B#16)
finished round 849 (A#48 and B#16)
finished round 850 (A#49 and B#16)
finished round 851 (A#0 and B#17)
finished round 852 (A#1 and B#17)
finished round 853 (A#2 and B#17)
finished round 854 (A#3 and B#17)
finished round 855 (A#4 and B#17)
finished round 856 (A#5 and B#17)
finished round 857 (A#6 and B#17)
finished round 858 (A#7 and B#17)
finished round 859 (A#8 and B#17)
finished round 860 (A#9 and B#17)
finished round 861 (A#10 and B#17)
finished round 862 (A#11 and B#17)
finished round 863 (A#12 and B#17)
finished round 864 (A#13 and B#17)
finished round 865 (A#14 and B#17)
finished round 866 (A#15 and B#17)
finished round 867 (A#16 and B#17)
finished round 868 (A#17 and B#17)
finished round 869 (A#18 and B#17)
finished round 870 (A#19 and B#17)
finished round 871 (A#20 and B#17)
finished round 872 (A#21 and B#17)
finished round 873 (A#22 and B#17)
finished round 874 (A#23 and B#17)
finished round 875 (A#24 and B#17)
finished round 876 (A#25 and B#17)
finished round 877 (A#26 and B#17)
finished round 878 (A#27 and B#17)
finished round 879 (A#28 and B#17)
finished round 880 (A#29 and B#17)
finished round 881 (A#30 and B#17)
finished round 882 (A#31 and B#17)
finished round 883 (A#32 and B#17)
finished round 884 (A#33 and B#17)
finished round 885 (A#34 and B#17)
finished round 886 (A#35 and B#17)
finished round 887 (A#36 and B#17)
finished round 888 (A#37 and B#17)
finished round 889 (A#38 and B#17)
finished round 890 (A#39 and B#17)
finished round 891 (A#40 and B#17)
finished round 892 (A#41 and B#17)
finished round 893 (A#42 and B#17)
finished round 894 (A#43 and B#17)
finished round 895 (A#44 and B#17)
finished round 896 (A#45 and B#17)
finished round 897 (A#46 and B#17)
finished round 898 (A#47 and B#17)
finished round 899 (A#48 and B#17)
finished round 900 (A#49 and B#17)
finished round 901 (A#0 and B#18)
finished round 902 (A#1 and B#18)
finished round 903 (A#2 and B#18)
finished round 904 (A#3 and B#18)
finished round 905 (A#4 and B#18)
finished round 906 (A#5 and B#18)
finished round 907 (A#6 and B#18)
finished round 908 (A#7 and B#18)
finished round 909 (A#8 and B#18)
finished round 910 (A#9 and B#18)
finished round 911 (A#10 and B#18)
finished round 912 (A#11 and B#18)
finished round 913 (A#12 and B#18)
finished round 914 (A#13 and B#18)
finished round 915 (A#14 and B#18)
finished round 916 (A#15 and B#18)
finished round 917 (A#16 and B#18)
finished round 918 (A#17 and B#18)
finished round 919 (A#18 and B#18)
finished round 920 (A#19 and B#18)
finished round 921 (A#20 and B#18)
finished round 922 (A#21 and B#18)
finished round 923 (A#22 and B#18)
finished round 924 (A#23 and B#18)
finished round 925 (A#24 and B#18)
finished round 926 (A#25 and B#18)
finished round 927 (A#26 and B#18)
finished round 928 (A#27 and B#18)
finished round 929 (A#28 and B#18)
finished round 930 (A#29 and B#18)
finished round 931 (A#30 and B#18)
finished round 932 (A#31 and B#18)
finished round 933 (A#32 and B#18)
finished round 934 (A#33 and B#18)
finished round 935 (A#34 and B#18)
finished round 936 (A#35 and B#18)
finished round 937 (A#36 and B#18)
finished round 938 (A#37 and B#18)
finished round 939 (A#38 and B#18)
finished round 940 (A#39 and B#18)
finished round 941 (A#40 and B#18)
finished round 942 (A#41 and B#18)
finished round 943 (A#42 and B#18)
finished round 944 (A#43 and B#18)
finished round 945 (A#44 and B#18)
finished round 946 (A#45 and B#18)
finished round 947 (A#46 and B#18)
finished round 948 (A#47 and B#18)
finished round 949 (A#48 and B#18)
finished round 950 (A#49 and B#18)
finished round 951 (A#0 and B#19)
finished round 952 (A#1 and B#19)
finished round 953 (A#2 and B#19)
finished round 954 (A#3 and B#19)
finished round 955 (A#4 and B#19)
finished round 956 (A#5 and B#19)
finished round 957 (A#6 and B#19)
finished round 958 (A#7 and B#19)
finished round 959 (A#8 and B#19)
finished round 960 (A#9 and B#19)
finished round 961 (A#10 and B#19)
finished round 962 (A#11 and B#19)
finished round 963 (A#12 and B#19)
finished round 964 (A#13 and B#19)
finished round 965 (A#14 and B#19)
finished round 966 (A#15 and B#19)
finished round 967 (A#16 and B#19)
finished round 968 (A#17 and B#19)
finished round 969 (A#18 and B#19)
finished round 970 (A#19 and B#19)
finished round 971 (A#20 and B#19)
finished round 972 (A#21 and B#19)
finished round 973 (A#22 and B#19)
finished round 974 (A#23 and B#19)
finished round 975 (A#24 and B#19)
finished round 976 (A#25 and B#19)
finished round 977 (A#26 and B#19)
finished round 978 (A#27 and B#19)
finished round 979 (A#28 and B#19)
finished round 980 (A#29 and B#19)
finished round 981 (A#30 and B#19)
finished round 982 (A#31 and B#19)
finished round 983 (A#32 and B#19)
finished round 984 (A#33 and B#19)
finished round 985 (A#34 and B#19)
finished round 986 (A#35 and B#19)
finished round 987 (A#36 and B#19)
finished round 988 (A#37 and B#19)
finished round 989 (A#38 and B#19)
finished round 990 (A#39 and B#19)
finished round 991 (A#40 and B#19)
finished round 992 (A#41 and B#19)
finished round 993 (A#42 and B#19)
finished round 994 (A#43 and B#19)
finished round 995 (A#44 and B#19)
finished round 996 (A#45 and B#19)
finished round 997 (A#46 and B#19)
finished round 998 (A#47 and B#19)
finished round 999 (A#48 and B#19)
finished round 1000 (A#49 and B#19)
finished round 1001 (A#0 and B#20)
finished round 1002 (A#1 and B#20)
finished round 1003 (A#2 and B#20)
finished round 1004 (A#3 and B#20)
finished round 1005 (A#4 and B#20)
finished round 1006 (A#5 and B#20)
finished round 1007 (A#6 and B#20)
finished round 1008 (A#7 and B#20)
finished round 1009 (A#8 and B#20)
finished round 1010 (A#9 and B#20)
finished round 1011 (A#10 and B#20)
finished round 1012 (A#11 and B#20)
finished round 1013 (A#12 and B#20)
finished round 1014 (A#13 and B#20)
finished round 1015 (A#14 and B#20)
finished round 1016 (A#15 and B#20)
finished round 1017 (A#16 and B#20)
finished round 1018 (A#17 and B#20)
finished round 1019 (A#18 and B#20)
finished round 1020 (A#19 and B#20)
finished round 1021 (A#20 and B#20)
finished round 1022 (A#21 and B#20)
finished round 1023 (A#22 and B#20)
finished round 1024 (A#23 and B#20)
finished round 1025 (A#24 and B#20)
finished round 1026 (A#25 and B#20)
finished round 1027 (A#26 and B#20)
finished round 1028 (A#27 and B#20)
finished round 1029 (A#28 and B#20)
finished round 1030 (A#29 and B#20)
finished round 1031 (A#30 and B#20)
finished round 1032 (A#31 and B#20)
finished round 1033 (A#32 and B#20)
finished round 1034 (A#33 and B#20)
finished round 1035 (A#34 and B#20)
finished round 1036 (A#35 and B#20)
finished round 1037 (A#36 and B#20)
finished round 1038 (A#37 and B#20)
finished round 1039 (A#38 and B#20)
finished round 1040 (A#39 and B#20)
finished round 1041 (A#40 and B#20)
finished round 1042 (A#41 and B#20)
finished round 1043 (A#42 and B#20)
finished round 1044 (A#43 and B#20)
finished round 1045 (A#44 and B#20)
finished round 1046 (A#45 and B#20)
finished round 1047 (A#46 and B#20)
finished round 1048 (A#47 and B#20)
finished round 1049 (A#48 and B#20)
finished round 1050 (A#49 and B#20)
finished round 1051 (A#0 and B#21)
finished round 1052 (A#1 and B#21)
finished round 1053 (A#2 and B#21)
finished round 1054 (A#3 and B#21)
finished round 1055 (A#4 and B#21)
finished round 1056 (A#5 and B#21)
finished round 1057 (A#6 and B#21)
finished round 1058 (A#7 and B#21)
finished round 1059 (A#8 and B#21)
finished round 1060 (A#9 and B#21)
finished round 1061 (A#10 and B#21)
finished round 1062 (A#11 and B#21)
finished round 1063 (A#12 and B#21)
finished round 1064 (A#13 and B#21)
finished round 1065 (A#14 and B#21)
finished round 1066 (A#15 and B#21)
finished round 1067 (A#16 and B#21)
finished round 1068 (A#17 and B#21)
finished round 1069 (A#18 and B#21)
finished round 1070 (A#19 and B#21)
finished round 1071 (A#20 and B#21)
finished round 1072 (A#21 and B#21)
finished round 1073 (A#22 and B#21)
finished round 1074 (A#23 and B#21)
finished round 1075 (A#24 and B#21)
finished round 1076 (A#25 and B#21)
finished round 1077 (A#26 and B#21)
finished round 1078 (A#27 and B#21)
finished round 1079 (A#28 and B#21)
finished round 1080 (A#29 and B#21)
finished round 1081 (A#30 and B#21)
finished round 1082 (A#31 and B#21)
finished round 1083 (A#32 and B#21)
finished round 1084 (A#33 and B#21)
finished round 1085 (A#34 and B#21)
finished round 1086 (A#35 and B#21)
finished round 1087 (A#36 and B#21)
finished round 1088 (A#37 and B#21)
finished round 1089 (A#38 and B#21)
finished round 1090 (A#39 and B#21)
finished round 1091 (A#40 and B#21)
finished round 1092 (A#41 and B#21)
finished round 1093 (A#42 and B#21)
finished round 1094 (A#43 and B#21)
finished round 1095 (A#44 and B#21)
finished round 1096 (A#45 and B#21)
finished round 1097 (A#46 and B#21)
finished round 1098 (A#47 and B#21)
finished round 1099 (A#48 and B#21)
finished round 1100 (A#49 and B#21)
finished round 1101 (A#0 and B#22)
finished round 1102 (A#1 and B#22)
finished round 1103 (A#2 and B#22)
finished round 1104 (A#3 and B#22)
finished round 1105 (A#4 and B#22)
finished round 1106 (A#5 and B#22)
finished round 1107 (A#6 and B#22)
finished round 1108 (A#7 and B#22)
finished round 1109 (A#8 and B#22)
finished round 1110 (A#9 and B#22)
finished round 1111 (A#10 and B#22)
finished round 1112 (A#11 and B#22)
finished round 1113 (A#12 and B#22)
finished round 1114 (A#13 and B#22)
finished round 1115 (A#14 and B#22)
finished round 1116 (A#15 and B#22)
finished round 1117 (A#16 and B#22)
finished round 1118 (A#17 and B#22)
finished round 1119 (A#18 and B#22)
finished round 1120 (A#19 and B#22)
finished round 1121 (A#20 and B#22)
finished round 1122 (A#21 and B#22)
finished round 1123 (A#22 and B#22)
finished round 1124 (A#23 and B#22)
finished round 1125 (A#24 and B#22)
finished round 1126 (A#25 and B#22)
finished round 1127 (A#26 and B#22)
finished round 1128 (A#27 and B#22)
finished round 1129 (A#28 and B#22)
finished round 1130 (A#29 and B#22)
finished round 1131 (A#30 and B#22)
finished round 1132 (A#31 and B#22)
finished round 1133 (A#32 and B#22)
finished round 1134 (A#33 and B#22)
finished round 1135 (A#34 and B#22)
finished round 1136 (A#35 and B#22)
finished round 1137 (A#36 and B#22)
finished round 1138 (A#37 and B#22)
finished round 1139 (A#38 and B#22)
finished round 1140 (A#39 and B#22)
finished round 1141 (A#40 and B#22)
finished round 1142 (A#41 and B#22)
finished round 1143 (A#42 and B#22)
finished round 1144 (A#43 and B#22)
finished round 1145 (A#44 and B#22)
finished round 1146 (A#45 and B#22)
finished round 1147 (A#46 and B#22)
finished round 1148 (A#47 and B#22)
finished round 1149 (A#48 and B#22)
finished round 1150 (A#49 and B#22)
finished round 1151 (A#0 and B#23)
finished round 1152 (A#1 and B#23)
finished round 1153 (A#2 and B#23)
finished round 1154 (A#3 and B#23)
finished round 1155 (A#4 and B#23)
finished round 1156 (A#5 and B#23)
finished round 1157 (A#6 and B#23)
finished round 1158 (A#7 and B#23)
finished round 1159 (A#8 and B#23)
finished round 1160 (A#9 and B#23)
finished round 1161 (A#10 and B#23)
finished round 1162 (A#11 and B#23)
finished round 1163 (A#12 and B#23)
finished round 1164 (A#13 and B#23)
finished round 1165 (A#14 and B#23)
finished round 1166 (A#15 and B#23)
finished round 1167 (A#16 and B#23)
finished round 1168 (A#17 and B#23)
finished round 1169 (A#18 and B#23)
finished round 1170 (A#19 and B#23)
finished round 1171 (A#20 and B#23)
finished round 1172 (A#21 and B#23)
finished round 1173 (A#22 and B#23)
finished round 1174 (A#23 and B#23)
finished round 1175 (A#24 and B#23)
finished round 1176 (A#25 and B#23)
finished round 1177 (A#26 and B#23)
finished round 1178 (A#27 and B#23)
finished round 1179 (A#28 and B#23)
finished round 1180 (A#29 and B#23)
finished round 1181 (A#30 and B#23)
finished round 1182 (A#31 and B#23)
finished round 1183 (A#32 and B#23)
finished round 1184 (A#33 and B#23)
finished round 1185 (A#34 and B#23)
finished round 1186 (A#35 and B#23)
finished round 1187 (A#36 and B#23)
finished round 1188 (A#37 and B#23)
finished round 1189 (A#38 and B#23)
finished round 1190 (A#39 and B#23)
finished round 1191 (A#40 and B#23)
finished round 1192 (A#41 and B#23)
finished round 1193 (A#42 and B#23)
finished round 1194 (A#43 and B#23)
finished round 1195 (A#44 and B#23)
finished round 1196 (A#45 and B#23)
finished round 1197 (A#46 and B#23)
finished round 1198 (A#47 and B#23)
finished round 1199 (A#48 and B#23)
finished round 1200 (A#49 and B#23)
finished round 1201 (A#0 and B#24)
finished round 1202 (A#1 and B#24)
finished round 1203 (A#2 and B#24)
finished round 1204 (A#3 and B#24)
finished round 1205 (A#4 and B#24)
finished round 1206 (A#5 and B#24)
finished round 1207 (A#6 and B#24)
finished round 1208 (A#7 and B#24)
finished round 1209 (A#8 and B#24)
finished round 1210 (A#9 and B#24)
finished round 1211 (A#10 and B#24)
finished round 1212 (A#11 and B#24)
finished round 1213 (A#12 and B#24)
finished round 1214 (A#13 and B#24)
finished round 1215 (A#14 and B#24)
finished round 1216 (A#15 and B#24)
finished round 1217 (A#16 and B#24)
finished round 1218 (A#17 and B#24)
finished round 1219 (A#18 and B#24)
finished round 1220 (A#19 and B#24)
finished round 1221 (A#20 and B#24)
finished round 1222 (A#21 and B#24)
finished round 1223 (A#22 and B#24)
finished round 1224 (A#23 and B#24)
finished round 1225 (A#24 and B#24)
finished round 1226 (A#25 and B#24)
finished round 1227 (A#26 and B#24)
finished round 1228 (A#27 and B#24)
finished round 1229 (A#28 and B#24)
finished round 1230 (A#29 and B#24)
finished round 1231 (A#30 and B#24)
finished round 1232 (A#31 and B#24)
finished round 1233 (A#32 and B#24)
finished round 1234 (A#33 and B#24)
finished round 1235 (A#34 and B#24)
finished round 1236 (A#35 and B#24)
finished round 1237 (A#36 and B#24)
finished round 1238 (A#37 and B#24)
finished round 1239 (A#38 and B#24)
finished round 1240 (A#39 and B#24)
finished round 1241 (A#40 and B#24)
finished round 1242 (A#41 and B#24)
finished round 1243 (A#42 and B#24)
finished round 1244 (A#43 and B#24)
finished round 1245 (A#44 and B#24)
finished round 1246 (A#45 and B#24)
finished round 1247 (A#46 and B#24)
finished round 1248 (A#47 and B#24)
finished round 1249 (A#48 and B#24)
finished round 1250 (A#49 and B#24)
finished round 1251 (A#0 and B#25)
finished round 1252 (A#1 and B#25)
finished round 1253 (A#2 and B#25)
finished round 1254 (A#3 and B#25)
finished round 1255 (A#4 and B#25)
finished round 1256 (A#5 and B#25)
finished round 1257 (A#6 and B#25)
finished round 1258 (A#7 and B#25)
finished round 1259 (A#8 and B#25)
finished round 1260 (A#9 and B#25)
finished round 1261 (A#10 and B#25)
finished round 1262 (A#11 and B#25)
finished round 1263 (A#12 and B#25)
finished round 1264 (A#13 and B#25)
finished round 1265 (A#14 and B#25)
finished round 1266 (A#15 and B#25)
finished round 1267 (A#16 and B#25)
finished round 1268 (A#17 and B#25)
finished round 1269 (A#18 and B#25)
finished round 1270 (A#19 and B#25)
finished round 1271 (A#20 and B#25)
finished round 1272 (A#21 and B#25)
finished round 1273 (A#22 and B#25)
finished round 1274 (A#23 and B#25)
finished round 1275 (A#24 and B#25)
finished round 1276 (A#25 and B#25)
finished round 1277 (A#26 and B#25)
finished round 1278 (A#27 and B#25)
finished round 1279 (A#28 and B#25)
finished round 1280 (A#29 and B#25)
finished round 1281 (A#30 and B#25)
finished round 1282 (A#31 and B#25)
finished round 1283 (A#32 and B#25)
finished round 1284 (A#33 and B#25)
finished round 1285 (A#34 and B#25)
finished round 1286 (A#35 and B#25)
finished round 1287 (A#36 and B#25)
finished round 1288 (A#37 and B#25)
finished round 1289 (A#38 and B#25)
finished round 1290 (A#39 and B#25)
finished round 1291 (A#40 and B#25)
finished round 1292 (A#41 and B#25)
finished round 1293 (A#42 and B#25)
finished round 1294 (A#43 and B#25)
finished round 1295 (A#44 and B#25)
finished round 1296 (A#45 and B#25)
finished round 1297 (A#46 and B#25)
finished round 1298 (A#47 and B#25)
finished round 1299 (A#48 and B#25)
finished round 1300 (A#49 and B#25)
finished round 1301 (A#0 and B#26)
finished round 1302 (A#1 and B#26)
finished round 1303 (A#2 and B#26)
finished round 1304 (A#3 and B#26)
finished round 1305 (A#4 and B#26)
finished round 1306 (A#5 and B#26)
finished round 1307 (A#6 and B#26)
finished round 1308 (A#7 and B#26)
finished round 1309 (A#8 and B#26)
finished round 1310 (A#9 and B#26)
finished round 1311 (A#10 and B#26)
finished round 1312 (A#11 and B#26)
finished round 1313 (A#12 and B#26)
finished round 1314 (A#13 and B#26)
finished round 1315 (A#14 and B#26)
finished round 1316 (A#15 and B#26)
finished round 1317 (A#16 and B#26)
finished round 1318 (A#17 and B#26)
finished round 1319 (A#18 and B#26)
finished round 1320 (A#19 and B#26)
finished round 1321 (A#20 and B#26)
finished round 1322 (A#21 and B#26)
finished round 1323 (A#22 and B#26)
finished round 1324 (A#23 and B#26)
finished round 1325 (A#24 and B#26)
finished round 1326 (A#25 and B#26)
finished round 1327 (A#26 and B#26)
finished round 1328 (A#27 and B#26)
finished round 1329 (A#28 and B#26)
finished round 1330 (A#29 and B#26)
finished round 1331 (A#30 and B#26)
finished round 1332 (A#31 and B#26)
finished round 1333 (A#32 and B#26)
finished round 1334 (A#33 and B#26)
finished round 1335 (A#34 and B#26)
finished round 1336 (A#35 and B#26)
finished round 1337 (A#36 and B#26)
finished round 1338 (A#37 and B#26)
finished round 1339 (A#38 and B#26)
finished round 1340 (A#39 and B#26)
finished round 1341 (A#40 and B#26)
finished round 1342 (A#41 and B#26)
finished round 1343 (A#42 and B#26)
finished round 1344 (A#43 and B#26)
finished round 1345 (A#44 and B#26)
finished round 1346 (A#45 and B#26)
finished round 1347 (A#46 and B#26)
finished round 1348 (A#47 and B#26)
finished round 1349 (A#48 and B#26)
finished round 1350 (A#49 and B#26)
finished round 1351 (A#0 and B#27)
finished round 1352 (A#1 and B#27)
finished round 1353 (A#2 and B#27)
finished round 1354 (A#3 and B#27)
finished round 1355 (A#4 and B#27)
finished round 1356 (A#5 and B#27)
finished round 1357 (A#6 and B#27)
finished round 1358 (A#7 and B#27)
finished round 1359 (A#8 and B#27)
finished round 1360 (A#9 and B#27)
finished round 1361 (A#10 and B#27)
finished round 1362 (A#11 and B#27)
finished round 1363 (A#12 and B#27)
finished round 1364 (A#13 and B#27)
finished round 1365 (A#14 and B#27)
finished round 1366 (A#15 and B#27)
finished round 1367 (A#16 and B#27)
finished round 1368 (A#17 and B#27)
finished round 1369 (A#18 and B#27)
finished round 1370 (A#19 and B#27)
finished round 1371 (A#20 and B#27)
finished round 1372 (A#21 and B#27)
finished round 1373 (A#22 and B#27)
finished round 1374 (A#23 and B#27)
finished round 1375 (A#24 and B#27)
finished round 1376 (A#25 and B#27)
finished round 1377 (A#26 and B#27)
finished round 1378 (A#27 and B#27)
finished round 1379 (A#28 and B#27)
finished round 1380 (A#29 and B#27)
finished round 1381 (A#30 and B#27)
finished round 1382 (A#31 and B#27)
finished round 1383 (A#32 and B#27)
finished round 1384 (A#33 and B#27)
finished round 1385 (A#34 and B#27)
finished round 1386 (A#35 and B#27)
finished round 1387 (A#36 and B#27)
finished round 1388 (A#37 and B#27)
finished round 1389 (A#38 and B#27)
finished round 1390 (A#39 and B#27)
finished round 1391 (A#40 and B#27)
finished round 1392 (A#41 and B#27)
finished round 1393 (A#42 and B#27)
finished round 1394 (A#43 and B#27)
finished round 1395 (A#44 and B#27)
finished round 1396 (A#45 and B#27)
finished round 1397 (A#46 and B#27)
finished round 1398 (A#47 and B#27)
finished round 1399 (A#48 and B#27)
finished round 1400 (A#49 and B#27)
finished round 1401 (A#0 and B#28)
finished round 1402 (A#1 and B#28)
finished round 1403 (A#2 and B#28)
finished round 1404 (A#3 and B#28)
finished round 1405 (A#4 and B#28)
finished round 1406 (A#5 and B#28)
finished round 1407 (A#6 and B#28)
finished round 1408 (A#7 and B#28)
finished round 1409 (A#8 and B#28)
finished round 1410 (A#9 and B#28)
finished round 1411 (A#10 and B#28)
finished round 1412 (A#11 and B#28)
finished round 1413 (A#12 and B#28)
finished round 1414 (A#13 and B#28)
finished round 1415 (A#14 and B#28)
finished round 1416 (A#15 and B#28)
finished round 1417 (A#16 and B#28)
finished round 1418 (A#17 and B#28)
finished round 1419 (A#18 and B#28)
finished round 1420 (A#19 and B#28)
finished round 1421 (A#20 and B#28)
finished round 1422 (A#21 and B#28)
finished round 1423 (A#22 and B#28)
finished round 1424 (A#23 and B#28)
finished round 1425 (A#24 and B#28)
finished round 1426 (A#25 and B#28)
finished round 1427 (A#26 and B#28)
finished round 1428 (A#27 and B#28)
finished round 1429 (A#28 and B#28)
finished round 1430 (A#29 and B#28)
finished round 1431 (A#30 and B#28)
finished round 1432 (A#31 and B#28)
finished round 1433 (A#32 and B#28)
finished round 1434 (A#33 and B#28)
finished round 1435 (A#34 and B#28)
finished round 1436 (A#35 and B#28)
finished round 1437 (A#36 and B#28)
finished round 1438 (A#37 and B#28)
finished round 1439 (A#38 and B#28)
finished round 1440 (A#39 and B#28)
finished round 1441 (A#40 and B#28)
finished round 1442 (A#41 and B#28)
finished round 1443 (A#42 and B#28)
finished round 1444 (A#43 and B#28)
finished round 1445 (A#44 and B#28)
finished round 1446 (A#45 and B#28)
finished round 1447 (A#46 and B#28)
finished round 1448 (A#47 and B#28)
finished round 1449 (A#48 and B#28)
finished round 1450 (A#49 and B#28)
finished round 1451 (A#0 and B#29)
finished round 1452 (A#1 and B#29)
finished round 1453 (A#2 and B#29)
finished round 1454 (A#3 and B#29)
finished round 1455 (A#4 and B#29)
finished round 1456 (A#5 and B#29)
finished round 1457 (A#6 and B#29)
finished round 1458 (A#7 and B#29)
finished round 1459 (A#8 and B#29)
finished round 1460 (A#9 and B#29)
finished round 1461 (A#10 and B#29)
finished round 1462 (A#11 and B#29)
finished round 1463 (A#12 and B#29)
finished round 1464 (A#13 and B#29)
finished round 1465 (A#14 and B#29)
finished round 1466 (A#15 and B#29)
finished round 1467 (A#16 and B#29)
finished round 1468 (A#17 and B#29)
finished round 1469 (A#18 and B#29)
finished round 1470 (A#19 and B#29)
finished round 1471 (A#20 and B#29)
finished round 1472 (A#21 and B#29)
finished round 1473 (A#22 and B#29)
finished round 1474 (A#23 and B#29)
finished round 1475 (A#24 and B#29)
finished round 1476 (A#25 and B#29)
finished round 1477 (A#26 and B#29)
finished round 1478 (A#27 and B#29)
finished round 1479 (A#28 and B#29)
finished round 1480 (A#29 and B#29)
finished round 1481 (A#30 and B#29)
finished round 1482 (A#31 and B#29)
finished round 1483 (A#32 and B#29)
finished round 1484 (A#33 and B#29)
finished round 1485 (A#34 and B#29)
finished round 1486 (A#35 and B#29)
finished round 1487 (A#36 and B#29)
finished round 1488 (A#37 and B#29)
finished round 1489 (A#38 and B#29)
finished round 1490 (A#39 and B#29)
finished round 1491 (A#40 and B#29)
finished round 1492 (A#41 and B#29)
finished round 1493 (A#42 and B#29)
finished round 1494 (A#43 and B#29)
finished round 1495 (A#44 and B#29)
finished round 1496 (A#45 and B#29)
finished round 1497 (A#46 and B#29)
finished round 1498 (A#47 and B#29)
finished round 1499 (A#48 and B#29)
finished round 1500 (A#49 and B#29)
finished round 1501 (A#0 and B#30)
finished round 1502 (A#1 and B#30)
finished round 1503 (A#2 and B#30)
finished round 1504 (A#3 and B#30)
finished round 1505 (A#4 and B#30)
finished round 1506 (A#5 and B#30)
finished round 1507 (A#6 and B#30)
finished round 1508 (A#7 and B#30)
finished round 1509 (A#8 and B#30)
finished round 1510 (A#9 and B#30)
finished round 1511 (A#10 and B#30)
finished round 1512 (A#11 and B#30)
finished round 1513 (A#12 and B#30)
finished round 1514 (A#13 and B#30)
finished round 1515 (A#14 and B#30)
finished round 1516 (A#15 and B#30)
finished round 1517 (A#16 and B#30)
finished round 1518 (A#17 and B#30)
finished round 1519 (A#18 and B#30)
finished round 1520 (A#19 and B#30)
finished round 1521 (A#20 and B#30)
finished round 1522 (A#21 and B#30)
finished round 1523 (A#22 and B#30)
finished round 1524 (A#23 and B#30)
finished round 1525 (A#24 and B#30)
finished round 1526 (A#25 and B#30)
finished round 1527 (A#26 and B#30)
finished round 1528 (A#27 and B#30)
finished round 1529 (A#28 and B#30)
finished round 1530 (A#29 and B#30)
finished round 1531 (A#30 and B#30)
finished round 1532 (A#31 and B#30)
finished round 1533 (A#32 and B#30)
finished round 1534 (A#33 and B#30)
finished round 1535 (A#34 and B#30)
finished round 1536 (A#35 and B#30)
finished round 1537 (A#36 and B#30)
finished round 1538 (A#37 and B#30)
finished round 1539 (A#38 and B#30)
finished round 1540 (A#39 and B#30)
finished round 1541 (A#40 and B#30)
finished round 1542 (A#41 and B#30)
finished round 1543 (A#42 and B#30)
finished round 1544 (A#43 and B#30)
finished round 1545 (A#44 and B#30)
finished round 1546 (A#45 and B#30)
finished round 1547 (A#46 and B#30)
finished round 1548 (A#47 and B#30)
finished round 1549 (A#48 and B#30)
finished round 1550 (A#49 and B#30)
finished round 1551 (A#0 and B#31)
finished round 1552 (A#1 and B#31)
finished round 1553 (A#2 and B#31)
finished round 1554 (A#3 and B#31)
finished round 1555 (A#4 and B#31)
finished round 1556 (A#5 and B#31)
finished round 1557 (A#6 and B#31)
finished round 1558 (A#7 and B#31)
finished round 1559 (A#8 and B#31)
finished round 1560 (A#9 and B#31)
finished round 1561 (A#10 and B#31)
finished round 1562 (A#11 and B#31)
finished round 1563 (A#12 and B#31)
finished round 1564 (A#13 and B#31)
finished round 1565 (A#14 and B#31)
finished round 1566 (A#15 and B#31)
finished round 1567 (A#16 and B#31)
finished round 1568 (A#17 and B#31)
finished round 1569 (A#18 and B#31)
finished round 1570 (A#19 and B#31)
finished round 1571 (A#20 and B#31)
finished round 1572 (A#21 and B#31)
finished round 1573 (A#22 and B#31)
finished round 1574 (A#23 and B#31)
finished round 1575 (A#24 and B#31)
finished round 1576 (A#25 and B#31)
finished round 1577 (A#26 and B#31)
finished round 1578 (A#27 and B#31)
finished round 1579 (A#28 and B#31)
finished round 1580 (A#29 and B#31)
finished round 1581 (A#30 and B#31)
finished round 1582 (A#31 and B#31)
finished round 1583 (A#32 and B#31)
finished round 1584 (A#33 and B#31)
finished round 1585 (A#34 and B#31)
finished round 1586 (A#35 and B#31)
finished round 1587 (A#36 and B#31)
finished round 1588 (A#37 and B#31)
finished round 1589 (A#38 and B#31)
finished round 1590 (A#39 and B#31)
finished round 1591 (A#40 and B#31)
finished round 1592 (A#41 and B#31)
finished round 1593 (A#42 and B#31)
finished round 1594 (A#43 and B#31)
finished round 1595 (A#44 and B#31)
finished round 1596 (A#45 and B#31)
finished round 1597 (A#46 and B#31)
finished round 1598 (A#47 and B#31)
finished round 1599 (A#48 and B#31)
finished round 1600 (A#49 and B#31)
finished round 1601 (A#0 and B#32)
finished round 1602 (A#1 and B#32)
finished round 1603 (A#2 and B#32)
finished round 1604 (A#3 and B#32)
finished round 1605 (A#4 and B#32)
finished round 1606 (A#5 and B#32)
finished round 1607 (A#6 and B#32)
finished round 1608 (A#7 and B#32)
finished round 1609 (A#8 and B#32)
finished round 1610 (A#9 and B#32)
finished round 1611 (A#10 and B#32)
finished round 1612 (A#11 and B#32)
finished round 1613 (A#12 and B#32)
finished round 1614 (A#13 and B#32)
finished round 1615 (A#14 and B#32)
finished round 1616 (A#15 and B#32)
finished round 1617 (A#16 and B#32)
finished round 1618 (A#17 and B#32)
finished round 1619 (A#18 and B#32)
finished round 1620 (A#19 and B#32)
finished round 1621 (A#20 and B#32)
finished round 1622 (A#21 and B#32)
finished round 1623 (A#22 and B#32)
finished round 1624 (A#23 and B#32)
finished round 1625 (A#24 and B#32)
finished round 1626 (A#25 and B#32)
finished round 1627 (A#26 and B#32)
finished round 1628 (A#27 and B#32)
finished round 1629 (A#28 and B#32)
finished round 1630 (A#29 and B#32)
finished round 1631 (A#30 and B#32)
finished round 1632 (A#31 and B#32)
finished round 1633 (A#32 and B#32)
finished round 1634 (A#33 and B#32)
finished round 1635 (A#34 and B#32)
finished round 1636 (A#35 and B#32)
finished round 1637 (A#36 and B#32)
finished round 1638 (A#37 and B#32)
finished round 1639 (A#38 and B#32)
finished round 1640 (A#39 and B#32)
finished round 1641 (A#40 and B#32)
finished round 1642 (A#41 and B#32)
finished round 1643 (A#42 and B#32)
finished round 1644 (A#43 and B#32)
finished round 1645 (A#44 and B#32)
finished round 1646 (A#45 and B#32)
finished round 1647 (A#46 and B#32)
finished round 1648 (A#47 and B#32)
finished round 1649 (A#48 and B#32)
finished round 1650 (A#49 and B#32)
finished round 1651 (A#0 and B#33)
finished round 1652 (A#1 and B#33)
finished round 1653 (A#2 and B#33)
finished round 1654 (A#3 and B#33)
finished round 1655 (A#4 and B#33)
finished round 1656 (A#5 and B#33)
finished round 1657 (A#6 and B#33)
finished round 1658 (A#7 and B#33)
finished round 1659 (A#8 and B#33)
finished round 1660 (A#9 and B#33)
finished round 1661 (A#10 and B#33)
finished round 1662 (A#11 and B#33)
finished round 1663 (A#12 and B#33)
finished round 1664 (A#13 and B#33)
finished round 1665 (A#14 and B#33)
finished round 1666 (A#15 and B#33)
finished round 1667 (A#16 and B#33)
finished round 1668 (A#17 and B#33)
finished round 1669 (A#18 and B#33)
finished round 1670 (A#19 and B#33)
finished round 1671 (A#20 and B#33)
finished round 1672 (A#21 and B#33)
finished round 1673 (A#22 and B#33)
finished round 1674 (A#23 and B#33)
finished round 1675 (A#24 and B#33)
finished round 1676 (A#25 and B#33)
finished round 1677 (A#26 and B#33)
finished round 1678 (A#27 and B#33)
finished round 1679 (A#28 and B#33)
finished round 1680 (A#29 and B#33)
finished round 1681 (A#30 and B#33)
finished round 1682 (A#31 and B#33)
finished round 1683 (A#32 and B#33)
finished round 1684 (A#33 and B#33)
finished round 1685 (A#34 and B#33)
finished round 1686 (A#35 and B#33)
finished round 1687 (A#36 and B#33)
finished round 1688 (A#37 and B#33)
finished round 1689 (A#38 and B#33)
finished round 1690 (A#39 and B#33)
finished round 1691 (A#40 and B#33)
finished round 1692 (A#41 and B#33)
finished round 1693 (A#42 and B#33)
finished round 1694 (A#43 and B#33)
finished round 1695 (A#44 and B#33)
finished round 1696 (A#45 and B#33)
finished round 1697 (A#46 and B#33)
finished round 1698 (A#47 and B#33)
finished round 1699 (A#48 and B#33)
finished round 1700 (A#49 and B#33)
finished round 1701 (A#0 and B#34)
finished round 1702 (A#1 and B#34)
finished round 1703 (A#2 and B#34)
finished round 1704 (A#3 and B#34)
finished round 1705 (A#4 and B#34)
finished round 1706 (A#5 and B#34)
finished round 1707 (A#6 and B#34)
finished round 1708 (A#7 and B#34)
finished round 1709 (A#8 and B#34)
finished round 1710 (A#9 and B#34)
finished round 1711 (A#10 and B#34)
finished round 1712 (A#11 and B#34)
finished round 1713 (A#12 and B#34)
finished round 1714 (A#13 and B#34)
finished round 1715 (A#14 and B#34)
finished round 1716 (A#15 and B#34)
finished round 1717 (A#16 and B#34)
finished round 1718 (A#17 and B#34)
finished round 1719 (A#18 and B#34)
finished round 1720 (A#19 and B#34)
finished round 1721 (A#20 and B#34)
finished round 1722 (A#21 and B#34)
finished round 1723 (A#22 and B#34)
finished round 1724 (A#23 and B#34)
finished round 1725 (A#24 and B#34)
finished round 1726 (A#25 and B#34)
finished round 1727 (A#26 and B#34)
finished round 1728 (A#27 and B#34)
finished round 1729 (A#28 and B#34)
finished round 1730 (A#29 and B#34)
finished round 1731 (A#30 and B#34)
finished round 1732 (A#31 and B#34)
finished round 1733 (A#32 and B#34)
finished round 1734 (A#33 and B#34)
finished round 1735 (A#34 and B#34)
finished round 1736 (A#35 and B#34)
finished round 1737 (A#36 and B#34)
finished round 1738 (A#37 and B#34)
finished round 1739 (A#38 and B#34)
finished round 1740 (A#39 and B#34)
finished round 1741 (A#40 and B#34)
finished round 1742 (A#41 and B#34)
finished round 1743 (A#42 and B#34)
finished round 1744 (A#43 and B#34)
finished round 1745 (A#44 and B#34)
finished round 1746 (A#45 and B#34)
finished round 1747 (A#46 and B#34)
finished round 1748 (A#47 and B#34)
finished round 1749 (A#48 and B#34)
finished round 1750 (A#49 and B#34)
finished round 1751 (A#0 and B#35)
finished round 1752 (A#1 and B#35)
finished round 1753 (A#2 and B#35)
finished round 1754 (A#3 and B#35)
finished round 1755 (A#4 and B#35)
finished round 1756 (A#5 and B#35)
finished round 1757 (A#6 and B#35)
finished round 1758 (A#7 and B#35)
finished round 1759 (A#8 and B#35)
finished round 1760 (A#9 and B#35)
finished round 1761 (A#10 and B#35)
finished round 1762 (A#11 and B#35)
finished round 1763 (A#12 and B#35)
finished round 1764 (A#13 and B#35)
finished round 1765 (A#14 and B#35)
finished round 1766 (A#15 and B#35)
finished round 1767 (A#16 and B#35)
finished round 1768 (A#17 and B#35)
finished round 1769 (A#18 and B#35)
finished round 1770 (A#19 and B#35)
finished round 1771 (A#20 and B#35)
finished round 1772 (A#21 and B#35)
finished round 1773 (A#22 and B#35)
finished round 1774 (A#23 and B#35)
finished round 1775 (A#24 and B#35)
finished round 1776 (A#25 and B#35)
finished round 1777 (A#26 and B#35)
finished round 1778 (A#27 and B#35)
finished round 1779 (A#28 and B#35)
finished round 1780 (A#29 and B#35)
finished round 1781 (A#30 and B#35)
finished round 1782 (A#31 and B#35)
finished round 1783 (A#32 and B#35)
finished round 1784 (A#33 and B#35)
finished round 1785 (A#34 and B#35)
finished round 1786 (A#35 and B#35)
finished round 1787 (A#36 and B#35)
finished round 1788 (A#37 and B#35)
finished round 1789 (A#38 and B#35)
finished round 1790 (A#39 and B#35)
finished round 1791 (A#40 and B#35)
finished round 1792 (A#41 and B#35)
finished round 1793 (A#42 and B#35)
finished round 1794 (A#43 and B#35)
finished round 1795 (A#44 and B#35)
finished round 1796 (A#45 and B#35)
finished round 1797 (A#46 and B#35)
finished round 1798 (A#47 and B#35)
finished round 1799 (A#48 and B#35)
finished round 1800 (A#49 and B#35)
finished round 1801 (A#0 and B#36)
finished round 1802 (A#1 and B#36)
finished round 1803 (A#2 and B#36)
finished round 1804 (A#3 and B#36)
finished round 1805 (A#4 and B#36)
finished round 1806 (A#5 and B#36)
finished round 1807 (A#6 and B#36)
finished round 1808 (A#7 and B#36)
finished round 1809 (A#8 and B#36)
finished round 1810 (A#9 and B#36)
finished round 1811 (A#10 and B#36)
finished round 1812 (A#11 and B#36)
finished round 1813 (A#12 and B#36)
finished round 1814 (A#13 and B#36)
finished round 1815 (A#14 and B#36)
finished round 1816 (A#15 and B#36)
finished round 1817 (A#16 and B#36)
finished round 1818 (A#17 and B#36)
finished round 1819 (A#18 and B#36)
finished round 1820 (A#19 and B#36)
finished round 1821 (A#20 and B#36)
finished round 1822 (A#21 and B#36)
finished round 1823 (A#22 and B#36)
finished round 1824 (A#23 and B#36)
finished round 1825 (A#24 and B#36)
finished round 1826 (A#25 and B#36)
finished round 1827 (A#26 and B#36)
finished round 1828 (A#27 and B#36)
finished round 1829 (A#28 and B#36)
finished round 1830 (A#29 and B#36)
finished round 1831 (A#30 and B#36)
finished round 1832 (A#31 and B#36)
finished round 1833 (A#32 and B#36)
finished round 1834 (A#33 and B#36)
finished round 1835 (A#34 and B#36)
finished round 1836 (A#35 and B#36)
finished round 1837 (A#36 and B#36)
finished round 1838 (A#37 and B#36)
finished round 1839 (A#38 and B#36)
finished round 1840 (A#39 and B#36)
finished round 1841 (A#40 and B#36)
finished round 1842 (A#41 and B#36)
finished round 1843 (A#42 and B#36)
finished round 1844 (A#43 and B#36)
finished round 1845 (A#44 and B#36)
finished round 1846 (A#45 and B#36)
finished round 1847 (A#46 and B#36)
finished round 1848 (A#47 and B#36)
finished round 1849 (A#48 and B#36)
finished round 1850 (A#49 and B#36)
finished round 1851 (A#0 and B#37)
finished round 1852 (A#1 and B#37)
finished round 1853 (A#2 and B#37)
finished round 1854 (A#3 and B#37)
finished round 1855 (A#4 and B#37)
finished round 1856 (A#5 and B#37)
finished round 1857 (A#6 and B#37)
finished round 1858 (A#7 and B#37)
finished round 1859 (A#8 and B#37)
finished round 1860 (A#9 and B#37)
finished round 1861 (A#10 and B#37)
finished round 1862 (A#11 and B#37)
finished round 1863 (A#12 and B#37)
finished round 1864 (A#13 and B#37)
finished round 1865 (A#14 and B#37)
finished round 1866 (A#15 and B#37)
finished round 1867 (A#16 and B#37)
finished round 1868 (A#17 and B#37)
finished round 1869 (A#18 and B#37)
finished round 1870 (A#19 and B#37)
finished round 1871 (A#20 and B#37)
finished round 1872 (A#21 and B#37)
finished round 1873 (A#22 and B#37)
finished round 1874 (A#23 and B#37)
finished round 1875 (A#24 and B#37)
finished round 1876 (A#25 and B#37)
finished round 1877 (A#26 and B#37)
finished round 1878 (A#27 and B#37)
finished round 1879 (A#28 and B#37)
finished round 1880 (A#29 and B#37)
finished round 1881 (A#30 and B#37)
finished round 1882 (A#31 and B#37)
finished round 1883 (A#32 and B#37)
finished round 1884 (A#33 and B#37)
finished round 1885 (A#34 and B#37)
finished round 1886 (A#35 and B#37)
finished round 1887 (A#36 and B#37)
finished round 1888 (A#37 and B#37)
finished round 1889 (A#38 and B#37)
finished round 1890 (A#39 and B#37)
finished round 1891 (A#40 and B#37)
finished round 1892 (A#41 and B#37)
finished round 1893 (A#42 and B#37)
finished round 1894 (A#43 and B#37)
finished round 1895 (A#44 and B#37)
finished round 1896 (A#45 and B#37)
finished round 1897 (A#46 and B#37)
finished round 1898 (A#47 and B#37)
finished round 1899 (A#48 and B#37)
finished round 1900 (A#49 and B#37)
finished round 1901 (A#0 and B#38)
finished round 1902 (A#1 and B#38)
finished round 1903 (A#2 and B#38)
finished round 1904 (A#3 and B#38)
finished round 1905 (A#4 and B#38)
finished round 1906 (A#5 and B#38)
finished round 1907 (A#6 and B#38)
finished round 1908 (A#7 and B#38)
finished round 1909 (A#8 and B#38)
finished round 1910 (A#9 and B#38)
finished round 1911 (A#10 and B#38)
finished round 1912 (A#11 and B#38)
finished round 1913 (A#12 and B#38)
finished round 1914 (A#13 and B#38)
finished round 1915 (A#14 and B#38)
finished round 1916 (A#15 and B#38)
finished round 1917 (A#16 and B#38)
finished round 1918 (A#17 and B#38)
finished round 1919 (A#18 and B#38)
finished round 1920 (A#19 and B#38)
finished round 1921 (A#20 and B#38)
finished round 1922 (A#21 and B#38)
finished round 1923 (A#22 and B#38)
finished round 1924 (A#23 and B#38)
finished round 1925 (A#24 and B#38)
finished round 1926 (A#25 and B#38)
finished round 1927 (A#26 and B#38)
finished round 1928 (A#27 and B#38)
finished round 1929 (A#28 and B#38)
finished round 1930 (A#29 and B#38)
finished round 1931 (A#30 and B#38)
finished round 1932 (A#31 and B#38)
finished round 1933 (A#32 and B#38)
finished round 1934 (A#33 and B#38)
finished round 1935 (A#34 and B#38)
finished round 1936 (A#35 and B#38)
finished round 1937 (A#36 and B#38)
finished round 1938 (A#37 and B#38)
finished round 1939 (A#38 and B#38)
finished round 1940 (A#39 and B#38)
finished round 1941 (A#40 and B#38)
finished round 1942 (A#41 and B#38)
finished round 1943 (A#42 and B#38)
finished round 1944 (A#43 and B#38)
finished round 1945 (A#44 and B#38)
finished round 1946 (A#45 and B#38)
finished round 1947 (A#46 and B#38)
finished round 1948 (A#47 and B#38)
finished round 1949 (A#48 and B#38)
finished round 1950 (A#49 and B#38)
finished round 1951 (A#0 and B#39)
finished round 1952 (A#1 and B#39)
finished round 1953 (A#2 and B#39)
finished round 1954 (A#3 and B#39)
finished round 1955 (A#4 and B#39)
finished round 1956 (A#5 and B#39)
finished round 1957 (A#6 and B#39)
finished round 1958 (A#7 and B#39)
finished round 1959 (A#8 and B#39)
finished round 1960 (A#9 and B#39)
finished round 1961 (A#10 and B#39)
finished round 1962 (A#11 and B#39)
finished round 1963 (A#12 and B#39)
finished round 1964 (A#13 and B#39)
finished round 1965 (A#14 and B#39)
finished round 1966 (A#15 and B#39)
finished round 1967 (A#16 and B#39)
finished round 1968 (A#17 and B#39)
finished round 1969 (A#18 and B#39)
finished round 1970 (A#19 and B#39)
finished round 1971 (A#20 and B#39)
finished round 1972 (A#21 and B#39)
finished round 1973 (A#22 and B#39)
finished round 1974 (A#23 and B#39)
finished round 1975 (A#24 and B#39)
finished round 1976 (A#25 and B#39)
finished round 1977 (A#26 and B#39)
finished round 1978 (A#27 and B#39)
finished round 1979 (A#28 and B#39)
finished round 1980 (A#29 and B#39)
finished round 1981 (A#30 and B#39)
finished round 1982 (A#31 and B#39)
finished round 1983 (A#32 and B#39)
finished round 1984 (A#33 and B#39)
finished round 1985 (A#34 and B#39)
finished round 1986 (A#35 and B#39)
finished round 1987 (A#36 and B#39)
finished round 1988 (A#37 and B#39)
finished round 1989 (A#38 and B#39)
finished round 1990 (A#39 and B#39)
finished round 1991 (A#40 and B#39)
finished round 1992 (A#41 and B#39)
finished round 1993 (A#42 and B#39)
finished round 1994 (A#43 and B#39)
finished round 1995 (A#44 and B#39)
finished round 1996 (A#45 and B#39)
finished round 1997 (A#46 and B#39)
finished round 1998 (A#47 and B#39)
finished round 1999 (A#48 and B#39)
finished round 2000 (A#49 and B#39)
finished round 2001 (A#0 and B#40)
finished round 2002 (A#1 and B#40)
finished round 2003 (A#2 and B#40)
finished round 2004 (A#3 and B#40)
finished round 2005 (A#4 and B#40)
finished round 2006 (A#5 and B#40)
finished round 2007 (A#6 and B#40)
finished round 2008 (A#7 and B#40)
finished round 2009 (A#8 and B#40)
finished round 2010 (A#9 and B#40)
finished round 2011 (A#10 and B#40)
finished round 2012 (A#11 and B#40)
finished round 2013 (A#12 and B#40)
finished round 2014 (A#13 and B#40)
finished round 2015 (A#14 and B#40)
finished round 2016 (A#15 and B#40)
finished round 2017 (A#16 and B#40)
finished round 2018 (A#17 and B#40)
finished round 2019 (A#18 and B#40)
finished round 2020 (A#19 and B#40)
finished round 2021 (A#20 and B#40)
finished round 2022 (A#21 and B#40)
finished round 2023 (A#22 and B#40)
finished round 2024 (A#23 and B#40)
finished round 2025 (A#24 and B#40)
finished round 2026 (A#25 and B#40)
finished round 2027 (A#26 and B#40)
finished round 2028 (A#27 and B#40)
finished round 2029 (A#28 and B#40)
finished round 2030 (A#29 and B#40)
finished round 2031 (A#30 and B#40)
finished round 2032 (A#31 and B#40)
finished round 2033 (A#32 and B#40)
finished round 2034 (A#33 and B#40)
finished round 2035 (A#34 and B#40)
finished round 2036 (A#35 and B#40)
finished round 2037 (A#36 and B#40)
finished round 2038 (A#37 and B#40)
finished round 2039 (A#38 and B#40)
finished round 2040 (A#39 and B#40)
finished round 2041 (A#40 and B#40)
finished round 2042 (A#41 and B#40)
finished round 2043 (A#42 and B#40)
finished round 2044 (A#43 and B#40)
finished round 2045 (A#44 and B#40)
finished round 2046 (A#45 and B#40)
finished round 2047 (A#46 and B#40)
finished round 2048 (A#47 and B#40)
finished round 2049 (A#48 and B#40)
finished round 2050 (A#49 and B#40)
finished round 2051 (A#0 and B#41)
finished round 2052 (A#1 and B#41)
finished round 2053 (A#2 and B#41)
finished round 2054 (A#3 and B#41)
finished round 2055 (A#4 and B#41)
finished round 2056 (A#5 and B#41)
finished round 2057 (A#6 and B#41)
finished round 2058 (A#7 and B#41)
finished round 2059 (A#8 and B#41)
finished round 2060 (A#9 and B#41)
finished round 2061 (A#10 and B#41)
finished round 2062 (A#11 and B#41)
finished round 2063 (A#12 and B#41)
finished round 2064 (A#13 and B#41)
finished round 2065 (A#14 and B#41)
finished round 2066 (A#15 and B#41)
finished round 2067 (A#16 and B#41)
finished round 2068 (A#17 and B#41)
finished round 2069 (A#18 and B#41)
finished round 2070 (A#19 and B#41)
finished round 2071 (A#20 and B#41)
finished round 2072 (A#21 and B#41)
finished round 2073 (A#22 and B#41)
finished round 2074 (A#23 and B#41)
finished round 2075 (A#24 and B#41)
finished round 2076 (A#25 and B#41)
finished round 2077 (A#26 and B#41)
finished round 2078 (A#27 and B#41)
finished round 2079 (A#28 and B#41)
finished round 2080 (A#29 and B#41)
finished round 2081 (A#30 and B#41)
finished round 2082 (A#31 and B#41)
finished round 2083 (A#32 and B#41)
finished round 2084 (A#33 and B#41)
finished round 2085 (A#34 and B#41)
finished round 2086 (A#35 and B#41)
finished round 2087 (A#36 and B#41)
finished round 2088 (A#37 and B#41)
finished round 2089 (A#38 and B#41)
finished round 2090 (A#39 and B#41)
finished round 2091 (A#40 and B#41)
finished round 2092 (A#41 and B#41)
finished round 2093 (A#42 and B#41)
finished round 2094 (A#43 and B#41)
finished round 2095 (A#44 and B#41)
finished round 2096 (A#45 and B#41)
finished round 2097 (A#46 and B#41)
finished round 2098 (A#47 and B#41)
finished round 2099 (A#48 and B#41)
finished round 2100 (A#49 and B#41)
finished round 2101 (A#0 and B#42)
finished round 2102 (A#1 and B#42)
finished round 2103 (A#2 and B#42)
finished round 2104 (A#3 and B#42)
finished round 2105 (A#4 and B#42)
finished round 2106 (A#5 and B#42)
finished round 2107 (A#6 and B#42)
finished round 2108 (A#7 and B#42)
finished round 2109 (A#8 and B#42)
finished round 2110 (A#9 and B#42)
finished round 2111 (A#10 and B#42)
finished round 2112 (A#11 and B#42)
finished round 2113 (A#12 and B#42)
finished round 2114 (A#13 and B#42)
finished round 2115 (A#14 and B#42)
finished round 2116 (A#15 and B#42)
finished round 2117 (A#16 and B#42)
finished round 2118 (A#17 and B#42)
finished round 2119 (A#18 and B#42)
finished round 2120 (A#19 and B#42)
finished round 2121 (A#20 and B#42)
finished round 2122 (A#21 and B#42)
finished round 2123 (A#22 and B#42)
finished round 2124 (A#23 and B#42)
finished round 2125 (A#24 and B#42)
finished round 2126 (A#25 and B#42)
finished round 2127 (A#26 and B#42)
finished round 2128 (A#27 and B#42)
finished round 2129 (A#28 and B#42)
finished round 2130 (A#29 and B#42)
finished round 2131 (A#30 and B#42)
finished round 2132 (A#31 and B#42)
finished round 2133 (A#32 and B#42)
finished round 2134 (A#33 and B#42)
finished round 2135 (A#34 and B#42)
finished round 2136 (A#35 and B#42)
finished round 2137 (A#36 and B#42)
finished round 2138 (A#37 and B#42)
finished round 2139 (A#38 and B#42)
finished round 2140 (A#39 and B#42)
finished round 2141 (A#40 and B#42)
finished round 2142 (A#41 and B#42)
finished round 2143 (A#42 and B#42)
finished round 2144 (A#43 and B#42)
finished round 2145 (A#44 and B#42)
finished round 2146 (A#45 and B#42)
finished round 2147 (A#46 and B#42)
finished round 2148 (A#47 and B#42)
finished round 2149 (A#48 and B#42)
finished round 2150 (A#49 and B#42)
finished round 2151 (A#0 and B#43)
finished round 2152 (A#1 and B#43)
finished round 2153 (A#2 and B#43)
finished round 2154 (A#3 and B#43)
finished round 2155 (A#4 and B#43)
finished round 2156 (A#5 and B#43)
finished round 2157 (A#6 and B#43)
finished round 2158 (A#7 and B#43)
finished round 2159 (A#8 and B#43)
finished round 2160 (A#9 and B#43)
finished round 2161 (A#10 and B#43)
finished round 2162 (A#11 and B#43)
finished round 2163 (A#12 and B#43)
finished round 2164 (A#13 and B#43)
finished round 2165 (A#14 and B#43)
finished round 2166 (A#15 and B#43)
finished round 2167 (A#16 and B#43)
finished round 2168 (A#17 and B#43)
finished round 2169 (A#18 and B#43)
finished round 2170 (A#19 and B#43)
finished round 2171 (A#20 and B#43)
finished round 2172 (A#21 and B#43)
finished round 2173 (A#22 and B#43)
finished round 2174 (A#23 and B#43)
finished round 2175 (A#24 and B#43)
finished round 2176 (A#25 and B#43)
finished round 2177 (A#26 and B#43)
finished round 2178 (A#27 and B#43)
finished round 2179 (A#28 and B#43)
finished round 2180 (A#29 and B#43)
finished round 2181 (A#30 and B#43)
finished round 2182 (A#31 and B#43)
finished round 2183 (A#32 and B#43)
finished round 2184 (A#33 and B#43)
finished round 2185 (A#34 and B#43)
finished round 2186 (A#35 and B#43)
finished round 2187 (A#36 and B#43)
finished round 2188 (A#37 and B#43)
finished round 2189 (A#38 and B#43)
finished round 2190 (A#39 and B#43)
finished round 2191 (A#40 and B#43)
finished round 2192 (A#41 and B#43)
finished round 2193 (A#42 and B#43)
finished round 2194 (A#43 and B#43)
finished round 2195 (A#44 and B#43)
finished round 2196 (A#45 and B#43)
finished round 2197 (A#46 and B#43)
finished round 2198 (A#47 and B#43)
finished round 2199 (A#48 and B#43)
finished round 2200 (A#49 and B#43)
finished round 2201 (A#0 and B#44)
finished round 2202 (A#1 and B#44)
finished round 2203 (A#2 and B#44)
finished round 2204 (A#3 and B#44)
finished round 2205 (A#4 and B#44)
finished round 2206 (A#5 and B#44)
finished round 2207 (A#6 and B#44)
finished round 2208 (A#7 and B#44)
finished round 2209 (A#8 and B#44)
finished round 2210 (A#9 and B#44)
finished round 2211 (A#10 and B#44)
finished round 2212 (A#11 and B#44)
finished round 2213 (A#12 and B#44)
finished round 2214 (A#13 and B#44)
finished round 2215 (A#14 and B#44)
finished round 2216 (A#15 and B#44)
finished round 2217 (A#16 and B#44)
finished round 2218 (A#17 and B#44)
finished round 2219 (A#18 and B#44)
finished round 2220 (A#19 and B#44)
finished round 2221 (A#20 and B#44)
finished round 2222 (A#21 and B#44)
finished round 2223 (A#22 and B#44)
finished round 2224 (A#23 and B#44)
finished round 2225 (A#24 and B#44)
finished round 2226 (A#25 and B#44)
finished round 2227 (A#26 and B#44)
finished round 2228 (A#27 and B#44)
finished round 2229 (A#28 and B#44)
finished round 2230 (A#29 and B#44)
finished round 2231 (A#30 and B#44)
finished round 2232 (A#31 and B#44)
finished round 2233 (A#32 and B#44)
finished round 2234 (A#33 and B#44)
finished round 2235 (A#34 and B#44)
finished round 2236 (A#35 and B#44)
finished round 2237 (A#36 and B#44)
finished round 2238 (A#37 and B#44)
finished round 2239 (A#38 and B#44)
finished round 2240 (A#39 and B#44)
finished round 2241 (A#40 and B#44)
finished round 2242 (A#41 and B#44)
finished round 2243 (A#42 and B#44)
finished round 2244 (A#43 and B#44)
finished round 2245 (A#44 and B#44)
finished round 2246 (A#45 and B#44)
finished round 2247 (A#46 and B#44)
finished round 2248 (A#47 and B#44)
finished round 2249 (A#48 and B#44)
finished round 2250 (A#49 and B#44)
finished round 2251 (A#0 and B#45)
finished round 2252 (A#1 and B#45)
finished round 2253 (A#2 and B#45)
finished round 2254 (A#3 and B#45)
finished round 2255 (A#4 and B#45)
finished round 2256 (A#5 and B#45)
finished round 2257 (A#6 and B#45)
finished round 2258 (A#7 and B#45)
finished round 2259 (A#8 and B#45)
finished round 2260 (A#9 and B#45)
finished round 2261 (A#10 and B#45)
finished round 2262 (A#11 and B#45)
finished round 2263 (A#12 and B#45)
finished round 2264 (A#13 and B#45)
finished round 2265 (A#14 and B#45)
finished round 2266 (A#15 and B#45)
finished round 2267 (A#16 and B#45)
finished round 2268 (A#17 and B#45)
finished round 2269 (A#18 and B#45)
finished round 2270 (A#19 and B#45)
finished round 2271 (A#20 and B#45)
finished round 2272 (A#21 and B#45)
finished round 2273 (A#22 and B#45)
finished round 2274 (A#23 and B#45)
finished round 2275 (A#24 and B#45)
finished round 2276 (A#25 and B#45)
finished round 2277 (A#26 and B#45)
finished round 2278 (A#27 and B#45)
finished round 2279 (A#28 and B#45)
finished round 2280 (A#29 and B#45)
finished round 2281 (A#30 and B#45)
finished round 2282 (A#31 and B#45)
finished round 2283 (A#32 and B#45)
finished round 2284 (A#33 and B#45)
finished round 2285 (A#34 and B#45)
finished round 2286 (A#35 and B#45)
finished round 2287 (A#36 and B#45)
finished round 2288 (A#37 and B#45)
finished round 2289 (A#38 and B#45)
finished round 2290 (A#39 and B#45)
finished round 2291 (A#40 and B#45)
finished round 2292 (A#41 and B#45)
finished round 2293 (A#42 and B#45)
finished round 2294 (A#43 and B#45)
finished round 2295 (A#44 and B#45)
finished round 2296 (A#45 and B#45)
finished round 2297 (A#46 and B#45)
finished round 2298 (A#47 and B#45)
finished round 2299 (A#48 and B#45)
finished round 2300 (A#49 and B#45)
finished round 2301 (A#0 and B#46)
finished round 2302 (A#1 and B#46)
finished round 2303 (A#2 and B#46)
finished round 2304 (A#3 and B#46)
finished round 2305 (A#4 and B#46)
finished round 2306 (A#5 and B#46)
finished round 2307 (A#6 and B#46)
finished round 2308 (A#7 and B#46)
finished round 2309 (A#8 and B#46)
finished round 2310 (A#9 and B#46)
finished round 2311 (A#10 and B#46)
finished round 2312 (A#11 and B#46)
finished round 2313 (A#12 and B#46)
finished round 2314 (A#13 and B#46)
finished round 2315 (A#14 and B#46)
finished round 2316 (A#15 and B#46)
finished round 2317 (A#16 and B#46)
finished round 2318 (A#17 and B#46)
finished round 2319 (A#18 and B#46)
finished round 2320 (A#19 and B#46)
finished round 2321 (A#20 and B#46)
finished round 2322 (A#21 and B#46)
finished round 2323 (A#22 and B#46)
finished round 2324 (A#23 and B#46)
finished round 2325 (A#24 and B#46)
finished round 2326 (A#25 and B#46)
finished round 2327 (A#26 and B#46)
finished round 2328 (A#27 and B#46)
finished round 2329 (A#28 and B#46)
finished round 2330 (A#29 and B#46)
finished round 2331 (A#30 and B#46)
finished round 2332 (A#31 and B#46)
finished round 2333 (A#32 and B#46)
finished round 2334 (A#33 and B#46)
finished round 2335 (A#34 and B#46)
finished round 2336 (A#35 and B#46)
finished round 2337 (A#36 and B#46)
finished round 2338 (A#37 and B#46)
finished round 2339 (A#38 and B#46)
finished round 2340 (A#39 and B#46)
finished round 2341 (A#40 and B#46)
finished round 2342 (A#41 and B#46)
finished round 2343 (A#42 and B#46)
finished round 2344 (A#43 and B#46)
finished round 2345 (A#44 and B#46)
finished round 2346 (A#45 and B#46)
finished round 2347 (A#46 and B#46)
finished round 2348 (A#47 and B#46)
finished round 2349 (A#48 and B#46)
finished round 2350 (A#49 and B#46)
finished round 2351 (A#0 and B#47)
finished round 2352 (A#1 and B#47)
finished round 2353 (A#2 and B#47)
finished round 2354 (A#3 and B#47)
finished round 2355 (A#4 and B#47)
finished round 2356 (A#5 and B#47)
finished round 2357 (A#6 and B#47)
finished round 2358 (A#7 and B#47)
finished round 2359 (A#8 and B#47)
finished round 2360 (A#9 and B#47)
finished round 2361 (A#10 and B#47)
finished round 2362 (A#11 and B#47)
finished round 2363 (A#12 and B#47)
finished round 2364 (A#13 and B#47)
finished round 2365 (A#14 and B#47)
finished round 2366 (A#15 and B#47)
finished round 2367 (A#16 and B#47)
finished round 2368 (A#17 and B#47)
finished round 2369 (A#18 and B#47)
finished round 2370 (A#19 and B#47)
finished round 2371 (A#20 and B#47)
finished round 2372 (A#21 and B#47)
finished round 2373 (A#22 and B#47)
finished round 2374 (A#23 and B#47)
finished round 2375 (A#24 and B#47)
finished round 2376 (A#25 and B#47)
finished round 2377 (A#26 and B#47)
finished round 2378 (A#27 and B#47)
finished round 2379 (A#28 and B#47)
finished round 2380 (A#29 and B#47)
finished round 2381 (A#30 and B#47)
finished round 2382 (A#31 and B#47)
finished round 2383 (A#32 and B#47)
finished round 2384 (A#33 and B#47)
finished round 2385 (A#34 and B#47)
finished round 2386 (A#35 and B#47)
finished round 2387 (A#36 and B#47)
finished round 2388 (A#37 and B#47)
finished round 2389 (A#38 and B#47)
finished round 2390 (A#39 and B#47)
finished round 2391 (A#40 and B#47)
finished round 2392 (A#41 and B#47)
finished round 2393 (A#42 and B#47)
finished round 2394 (A#43 and B#47)
finished round 2395 (A#44 and B#47)
finished round 2396 (A#45 and B#47)
finished round 2397 (A#46 and B#47)
finished round 2398 (A#47 and B#47)
finished round 2399 (A#48 and B#47)
finished round 2400 (A#49 and B#47)
finished round 2401 (A#0 and B#48)
finished round 2402 (A#1 and B#48)
finished round 2403 (A#2 and B#48)
finished round 2404 (A#3 and B#48)
finished round 2405 (A#4 and B#48)
finished round 2406 (A#5 and B#48)
finished round 2407 (A#6 and B#48)
finished round 2408 (A#7 and B#48)
finished round 2409 (A#8 and B#48)
finished round 2410 (A#9 and B#48)
finished round 2411 (A#10 and B#48)
finished round 2412 (A#11 and B#48)
finished round 2413 (A#12 and B#48)
finished round 2414 (A#13 and B#48)
finished round 2415 (A#14 and B#48)
finished round 2416 (A#15 and B#48)
finished round 2417 (A#16 and B#48)
finished round 2418 (A#17 and B#48)
finished round 2419 (A#18 and B#48)
finished round 2420 (A#19 and B#48)
finished round 2421 (A#20 and B#48)
finished round 2422 (A#21 and B#48)
finished round 2423 (A#22 and B#48)
finished round 2424 (A#23 and B#48)
finished round 2425 (A#24 and B#48)
finished round 2426 (A#25 and B#48)
finished round 2427 (A#26 and B#48)
finished round 2428 (A#27 and B#48)
finished round 2429 (A#28 and B#48)
finished round 2430 (A#29 and B#48)
finished round 2431 (A#30 and B#48)
finished round 2432 (A#31 and B#48)
finished round 2433 (A#32 and B#48)
finished round 2434 (A#33 and B#48)
finished round 2435 (A#34 and B#48)
finished round 2436 (A#35 and B#48)
finished round 2437 (A#36 and B#48)
finished round 2438 (A#37 and B#48)
finished round 2439 (A#38 and B#48)
finished round 2440 (A#39 and B#48)
finished round 2441 (A#40 and B#48)
finished round 2442 (A#41 and B#48)
finished round 2443 (A#42 and B#48)
finished round 2444 (A#43 and B#48)
finished round 2445 (A#44 and B#48)
finished round 2446 (A#45 and B#48)
finished round 2447 (A#46 and B#48)
finished round 2448 (A#47 and B#48)
finished round 2449 (A#48 and B#48)
finished round 2450 (A#49 and B#48)
finished round 2451 (A#0 and B#49)
finished round 2452 (A#1 and B#49)
finished round 2453 (A#2 and B#49)
finished round 2454 (A#3 and B#49)
finished round 2455 (A#4 and B#49)
finished round 2456 (A#5 and B#49)
finished round 2457 (A#6 and B#49)
finished round 2458 (A#7 and B#49)
finished round 2459 (A#8 and B#49)
finished round 2460 (A#9 and B#49)
finished round 2461 (A#10 and B#49)
finished round 2462 (A#11 and B#49)
finished round 2463 (A#12 and B#49)
finished round 2464 (A#13 and B#49)
finished round 2465 (A#14 and B#49)
finished round 2466 (A#15 and B#49)
finished round 2467 (A#16 and B#49)
finished round 2468 (A#17 and B#49)
finished round 2469 (A#18 and B#49)
finished round 2470 (A#19 and B#49)
finished round 2471 (A#20 and B#49)
finished round 2472 (A#21 and B#49)
finished round 2473 (A#22 and B#49)
finished round 2474 (A#23 and B#49)
finished round 2475 (A#24 and B#49)
finished round 2476 (A#25 and B#49)
finished round 2477 (A#26 and B#49)
finished round 2478 (A#27 and B#49)
finished round 2479 (A#28 and B#49)
finished round 2480 (A#29 and B#49)
finished round 2481 (A#30 and B#49)
finished round 2482 (A#31 and B#49)
finished round 2483 (A#32 and B#49)
finished round 2484 (A#33 and B#49)
finished round 2485 (A#34 and B#49)
finished round 2486 (A#35 and B#49)
finished round 2487 (A#36 and B#49)
finished round 2488 (A#37 and B#49)
finished round 2489 (A#38 and B#49)
finished round 2490 (A#39 and B#49)
finished round 2491 (A#40 and B#49)
finished round 2492 (A#41 and B#49)
finished round 2493 (A#42 and B#49)
finished round 2494 (A#43 and B#49)
finished round 2495 (A#44 and B#49)
finished round 2496 (A#45 and B#49)
finished round 2497 (A#46 and B#49)
finished round 2498 (A#47 and B#49)
finished round 2499 (A#48 and B#49)
finished round 2500 (A#49 and B#49)

The best overlap is between conformer A#43 and B#46, which, after PCA followed by Steepest Descent, produces a volume overlap of 1685.97
Tanimoto (Hodgkin) similarity index: 0.728342

Saving those best conformers to file...
WRITING MOLECULE TO FILE '../ALL_PAIRS_BQ123_AS_REFERENCE/BQ123_Enrasentan.mol2' (WILL OVERWRITE EXISTING FILE IF ANY)...
WRITING MOLECULE TO FILE '../ALL_PAIRS_BQ123_AS_REFERENCE/BQ123_Enrasentan.mol2'...
