Finished importing molecules
WARNING: LAPACK DSYEV() RETURNED NON-ZERO ERROR CODE 3
WARNING: LAPACK DSYEV() RETURNED NON-ZERO ERROR CODE 2
WARNING: LAPACK DSYEV() RETURNED NON-ZERO ERROR CODE 3
WARNING: LAPACK DSYEV() RETURNED NON-ZERO ERROR CODE 3
WARNING: LAPACK DSYEV() RETURNED NON-ZERO ERROR CODE 2
WARNING: LAPACK DSYEV() RETURNED NON-ZERO ERROR CODE 2
WARNING: LAPACK DSYEV() RETURNED NON-ZERO ERROR CODE 3
WARNING: LAPACK DSYEV() RETURNED NON-ZERO ERROR CODE 2
WARNING: LAPACK DSYEV() RETURNED NON-ZERO ERROR CODE 3
WARNING: LAPACK DSYEV() RETURNED NON-ZERO ERROR CODE 3
WARNING: LAPACK DSYEV() RETURNED NON-ZERO ERROR CODE 3
WARNING: LAPACK DSYEV() RETURNED NON-ZERO ERROR CODE 3
WARNING: LAPACK DSYEV() RETURNED NON-ZERO ERROR CODE 3
WARNING: LAPACK DSYEV() RETURNED NON-ZERO ERROR CODE 3
WARNING: LAPACK DSYEV() RETURNED NON-ZERO ERROR CODE 3
WARNING: LAPACK DSYEV() RETURNED NON-ZERO ERROR CODE 3
WARNING: LAPACK DSYEV() RETURNED NON-ZERO ERROR CODE 3
WARNING: LAPACK DSYEV() RETURNED NON-ZERO ERROR CODE 2
WARNING: LAPACK DSYEV() RETURNED NON-ZERO ERROR CODE 2
WARNING: LAPACK DSYEV() RETURNED NON-ZERO ERROR CODE 2
WARNING: LAPACK DSYEV() RETURNED NON-ZERO ERROR CODE 2
WARNING: LAPACK DSYEV() RETURNED NON-ZERO ERROR CODE 2
WARNING: LAPACK DSYEV() RETURNED NON-ZERO ERROR CODE 2
WARNING: LAPACK DSYEV() RETURNED NON-ZERO ERROR CODE 2
WARNING: LAPACK DSYEV() RETURNED NON-ZERO ERROR CODE 3
WARNING: LAPACK DSYEV() RETURNED NON-ZERO ERROR CODE 3
WARNING: LAPACK DSYEV() RETURNED NON-ZERO ERROR CODE 3
WARNING: LAPACK DSYEV() RETURNED NON-ZERO ERROR CODE 3
WARNING: LAPACK DSYEV() RETURNED NON-ZERO ERROR CODE 2
WARNING: LAPACK DSYEV() RETURNED NON-ZERO ERROR CODE 3
WARNING: LAPACK DSYEV() RETURNED NON-ZERO ERROR CODE 2
WARNING: LAPACK DSYEV() RETURNED NON-ZERO ERROR CODE 2
WARNING: LAPACK DSYEV() RETURNED NON-ZERO ERROR CODE 3
WARNING: LAPACK DSYEV() RETURNED NON-ZERO ERROR CODE 3
WARNING: LAPACK DSYEV() RETURNED NON-ZERO ERROR CODE 3
WARNING: LAPACK DSYEV() RETURNED NON-ZERO ERROR CODE 3
WARNING: LAPACK DSYEV() RETURNED NON-ZERO ERROR CODE 2
WARNING: LAPACK DSYEV() RETURNED NON-ZERO ERROR CODE 2
WARNING: LAPACK DSYEV() RETURNED NON-ZERO ERROR CODE 3
WARNING: LAPACK DSYEV() RETURNED NON-ZERO ERROR CODE 2
WARNING: LAPACK DSYEV() RETURNED NON-ZERO ERROR CODE 3
WARNING: LAPACK DSYEV() RETURNED NON-ZERO ERROR CODE 3
WARNING: LAPACK DSYEV() RETURNED NON-ZERO ERROR CODE 3
WARNING: LAPACK DSYEV() RETURNED NON-ZERO ERROR CODE 2
WARNING: LAPACK DSYEV() RETURNED NON-ZERO ERROR CODE 3
WARNING: LAPACK DSYEV() RETURNED NON-ZERO ERROR CODE 3
WARNING: LAPACK DSYEV() RETURNED NON-ZERO ERROR CODE 2
WARNING: LAPACK DSYEV() RETURNED NON-ZERO ERROR CODE 2
WARNING: LAPACK DSYEV() RETURNED NON-ZERO ERROR CODE 3
WARNING: LAPACK DSYEV() RETURNED NON-ZERO ERROR CODE 3
WARNING: LAPACK DSYEV() RETURNED NON-ZERO ERROR CODE 2
WARNING: LAPACK DSYEV() RETURNED NON-ZERO ERROR CODE 3
WARNING: LAPACK DSYEV() RETURNED NON-ZERO ERROR CODE 3
WARNING: LAPACK DSYEV() RETURNED NON-ZERO ERROR CODE 2
WARNING: LAPACK DSYEV() RETURNED NON-ZERO ERROR CODE 3
WARNING: LAPACK DSYEV() RETURNED NON-ZERO ERROR CODE 2
WARNING: LAPACK DSYEV() RETURNED NON-ZERO ERROR CODE 2
WARNING: LAPACK DSYEV() RETURNED NON-ZERO ERROR CODE 3
WARNING: LAPACK DSYEV() RETURNED NON-ZERO ERROR CODE 3
WARNING: LAPACK DSYEV() RETURNED NON-ZERO ERROR CODE 3
WARNING: LAPACK DSYEV() RETURNED NON-ZERO ERROR CODE 2
WARNING: LAPACK DSYEV() RETURNED NON-ZERO ERROR CODE 3
WARNING: LAPACK DSYEV() RETURNED NON-ZERO ERROR CODE 2
WARNING: LAPACK DSYEV() RETURNED NON-ZERO ERROR CODE 3
WARNING: LAPACK DSYEV() RETURNED NON-ZERO ERROR CODE 2
WARNING: LAPACK DSYEV() RETURNED NON-ZERO ERROR CODE 2
WARNING: LAPACK DSYEV() RETURNED NON-ZERO ERROR CODE 3
WARNING: LAPACK DSYEV() RETURNED NON-ZERO ERROR CODE 2
WARNING: LAPACK DSYEV() RETURNED NON-ZERO ERROR CODE 2
WARNING: LAPACK DSYEV() RETURNED NON-ZERO ERROR CODE 3
WARNING: LAPACK DSYEV() RETURNED NON-ZERO ERROR CODE 2
WARNING: LAPACK DSYEV() RETURNED NON-ZERO ERROR CODE 3
WARNING: LAPACK DSYEV() RETURNED NON-ZERO ERROR CODE 3
WARNING: LAPACK DSYEV() RETURNED NON-ZERO ERROR CODE 3
WARNING: LAPACK DSYEV() RETURNED NON-ZERO ERROR CODE 3
WARNING: LAPACK DSYEV() RETURNED NON-ZERO ERROR CODE 3
WARNING: LAPACK DSYEV() RETURNED NON-ZERO ERROR CODE 2
WARNING: LAPACK DSYEV() RETURNED NON-ZERO ERROR CODE 3
WARNING: LAPACK DSYEV() RETURNED NON-ZERO ERROR CODE 3
WARNING: LAPACK DSYEV() RETURNED NON-ZERO ERROR CODE 3
WARNING: LAPACK DSYEV() RETURNED NON-ZERO ERROR CODE 2
WARNING: LAPACK DSYEV() RETURNED NON-ZERO ERROR CODE 3
WARNING: LAPACK DSYEV() RETURNED NON-ZERO ERROR CODE 2
WARNING: LAPACK DSYEV() RETURNED NON-ZERO ERROR CODE 3
WARNING: LAPACK DSYEV() RETURNED NON-ZERO ERROR CODE 2
WARNING: LAPACK DSYEV() RETURNED NON-ZERO ERROR CODE 3
WARNING: LAPACK DSYEV() RETURNED NON-ZERO ERROR CODE 3
WARNING: LAPACK DSYEV() RETURNED NON-ZERO ERROR CODE 2
WARNING: LAPACK DSYEV() RETURNED NON-ZERO ERROR CODE 2
WARNING: LAPACK DSYEV() RETURNED NON-ZERO ERROR CODE 3
WARNING: LAPACK DSYEV() RETURNED NON-ZERO ERROR CODE 3
WARNING: LAPACK DSYEV() RETURNED NON-ZERO ERROR CODE 3
WARNING: LAPACK DSYEV() RETURNED NON-ZERO ERROR CODE 3
WARNING: LAPACK DSYEV() RETURNED NON-ZERO ERROR CODE 3
WARNING: LAPACK DSYEV() RETURNED NON-ZERO ERROR CODE 2
WARNING: LAPACK DSYEV() RETURNED NON-ZERO ERROR CODE 2
WARNING: LAPACK DSYEV() RETURNED NON-ZERO ERROR CODE 2
WARNING: LAPACK DSYEV() RETURNED NON-ZERO ERROR CODE 2
WARNING: LAPACK DSYEV() RETURNED NON-ZERO ERROR CODE 2
WARNING: LAPACK DSYEV() RETURNED NON-ZERO ERROR CODE 3
Finished setting up data; running search...
ROUND 1 A#0 and B#0 = 238.786
ROUND 2 A#1 and B#0 = 97.8921
ROUND 3 A#2 and B#0 = 238.559
ROUND 4 A#3 and B#0 = 149.862
ROUND 5 A#4 and B#0 = 132.977
ROUND 6 A#5 and B#0 = 264.072
ROUND 7 A#6 and B#0 = 271.45
ROUND 8 A#7 and B#0 = 155.78
ROUND 9 A#8 and B#0 = 266.309
ROUND 10 A#9 and B#0 = 152.728
ROUND 11 A#10 and B#0 = 162.792
ROUND 12 A#11 and B#0 = 139.009
ROUND 13 A#12 and B#0 = 161.965
ROUND 14 A#13 and B#0 = 192.474
ROUND 15 A#14 and B#0 = 224.249
ROUND 16 A#15 and B#0 = 153.441
ROUND 17 A#16 and B#0 = 232.236
ROUND 18 A#17 and B#0 = 165.593
ROUND 19 A#18 and B#0 = 97.6264
ROUND 20 A#19 and B#0 = 130.503
ROUND 21 A#20 and B#0 = 107.675
ROUND 22 A#21 and B#0 = 218.484
ROUND 23 A#22 and B#0 = 113.818
ROUND 24 A#23 and B#0 = 108.5
ROUND 25 A#24 and B#0 = 299.922
ROUND 26 A#25 and B#0 = 167.408
ROUND 27 A#26 and B#0 = 240.986
ROUND 28 A#27 and B#0 = 286.483
ROUND 29 A#28 and B#0 = 113.898
ROUND 30 A#29 and B#0 = 250.868
ROUND 31 A#30 and B#0 = 266.788
ROUND 32 A#31 and B#0 = 83.138
ROUND 33 A#32 and B#0 = 153.208
ROUND 34 A#33 and B#0 = 157.411
ROUND 35 A#34 and B#0 = 152.615
ROUND 36 A#35 and B#0 = 154.293
ROUND 37 A#36 and B#0 = 260.698
ROUND 38 A#37 and B#0 = 255.496
ROUND 39 A#38 and B#0 = 234.158
ROUND 40 A#39 and B#0 = 126.707
ROUND 41 A#40 and B#0 = 153.545
ROUND 42 A#41 and B#0 = 224.301
ROUND 43 A#42 and B#0 = 242.515
ROUND 44 A#43 and B#0 = 215.285
ROUND 45 A#44 and B#0 = 235.494
ROUND 46 A#45 and B#0 = 233.376
ROUND 47 A#46 and B#0 = 247.221
ROUND 48 A#47 and B#0 = 263.1
ROUND 49 A#48 and B#0 = 288.096
ROUND 50 A#49 and B#0 = 237.975
ROUND 51 A#0 and B#1 = 289.523
ROUND 52 A#1 and B#1 = 196.259
ROUND 53 A#2 and B#1 = 212.964
ROUND 54 A#3 and B#1 = 173.442
ROUND 55 A#4 and B#1 = 298.805
ROUND 56 A#5 and B#1 = 225.884
ROUND 57 A#6 and B#1 = 255.982
ROUND 58 A#7 and B#1 = 244.656
ROUND 59 A#8 and B#1 = 146.528
ROUND 60 A#9 and B#1 = 222.512
ROUND 61 A#10 and B#1 = 218.522
ROUND 62 A#11 and B#1 = 243.737
ROUND 63 A#12 and B#1 = 221.356
ROUND 64 A#13 and B#1 = 221.108
ROUND 65 A#14 and B#1 = 259.205
ROUND 66 A#15 and B#1 = 221.978
ROUND 67 A#16 and B#1 = 225.663
ROUND 68 A#17 and B#1 = 177.599
ROUND 69 A#18 and B#1 = 274.812
ROUND 70 A#19 and B#1 = 282.272
ROUND 71 A#20 and B#1 = 286.983
ROUND 72 A#21 and B#1 = 271.225
ROUND 73 A#22 and B#1 = 164.111
ROUND 74 A#23 and B#1 = 195.161
ROUND 75 A#24 and B#1 = 197.258
ROUND 76 A#25 and B#1 = 139.008
ROUND 77 A#26 and B#1 = 275.384
ROUND 78 A#27 and B#1 = 274.81
ROUND 79 A#28 and B#1 = 163.963
ROUND 80 A#29 and B#1 = 258.293
ROUND 81 A#30 and B#1 = 254.015
ROUND 82 A#31 and B#1 = 144.258
ROUND 83 A#32 and B#1 = 220.097
ROUND 84 A#33 and B#1 = 220.238
ROUND 85 A#34 and B#1 = 218.619
ROUND 86 A#35 and B#1 = 219.296
ROUND 87 A#36 and B#1 = 240.337
ROUND 88 A#37 and B#1 = 245.028
ROUND 89 A#38 and B#1 = 223.526
ROUND 90 A#39 and B#1 = 117.497
ROUND 91 A#40 and B#1 = 219.762
ROUND 92 A#41 and B#1 = 217.288
ROUND 93 A#42 and B#1 = 272.906
ROUND 94 A#43 and B#1 = 165.408
ROUND 95 A#44 and B#1 = 205.714
ROUND 96 A#45 and B#1 = 243.775
ROUND 97 A#46 and B#1 = 270.199
ROUND 98 A#47 and B#1 = 127.305
ROUND 99 A#48 and B#1 = 179.72
ROUND 100 A#49 and B#1 = 187.228
ROUND 101 A#0 and B#2 = 287.262
ROUND 102 A#1 and B#2 = 197.022
ROUND 103 A#2 and B#2 = 213.353
ROUND 104 A#3 and B#2 = 282.342
ROUND 105 A#4 and B#2 = 298.561
ROUND 106 A#5 and B#2 = 225.935
ROUND 107 A#6 and B#2 = 257.592
ROUND 108 A#7 and B#2 = 90.7563
ROUND 109 A#8 and B#2 = 142.816
ROUND 110 A#9 and B#2 = 222.71
ROUND 111 A#10 and B#2 = 218.321
ROUND 112 A#11 and B#2 = 243.698
ROUND 113 A#12 and B#2 = 220.822
ROUND 114 A#13 and B#2 = 220.509
ROUND 115 A#14 and B#2 = 218.885
ROUND 116 A#15 and B#2 = 222.165
ROUND 117 A#16 and B#2 = 196.133
ROUND 118 A#17 and B#2 = 274.919
ROUND 119 A#18 and B#2 = 276.391
ROUND 120 A#19 and B#2 = 280.123
ROUND 121 A#20 and B#2 = 284.753
ROUND 122 A#21 and B#2 = 271.89
ROUND 123 A#22 and B#2 = 176.899
ROUND 124 A#23 and B#2 = 194.021
ROUND 125 A#24 and B#2 = 196.476
ROUND 126 A#25 and B#2 = 135.19
ROUND 127 A#26 and B#2 = 276.258
ROUND 128 A#27 and B#2 = 276.404
ROUND 129 A#28 and B#2 = 176.803
ROUND 130 A#29 and B#2 = 297.112
ROUND 131 A#30 and B#2 = 254.709
ROUND 132 A#31 and B#2 = 145.385
ROUND 133 A#32 and B#2 = 220.442
ROUND 134 A#33 and B#2 = 219.804
ROUND 135 A#34 and B#2 = 218.985
ROUND 136 A#35 and B#2 = 219.682
ROUND 137 A#36 and B#2 = 52.4073
ROUND 138 A#37 and B#2 = 38.4065
ROUND 139 A#38 and B#2 = 82.2498
ROUND 140 A#39 and B#2 = 109.539
ROUND 141 A#40 and B#2 = 220.127
ROUND 142 A#41 and B#2 = 216.641
ROUND 143 A#42 and B#2 = 273.953
ROUND 144 A#43 and B#2 = 192.636
ROUND 145 A#44 and B#2 = 205.446
ROUND 146 A#45 and B#2 = 250.484
ROUND 147 A#46 and B#2 = 273.443
ROUND 148 A#47 and B#2 = 130.24
ROUND 149 A#48 and B#2 = 179.99
ROUND 150 A#49 and B#2 = 188.507
ROUND 151 A#0 and B#3 = 78.8812
ROUND 152 A#1 and B#3 = 130.15
ROUND 153 A#2 and B#3 = 251.511
ROUND 154 A#3 and B#3 = 247.973
ROUND 155 A#4 and B#3 = 252.62
ROUND 156 A#5 and B#3 = 240.543
ROUND 157 A#6 and B#3 = 239.099
ROUND 158 A#7 and B#3 = 238.494
ROUND 159 A#8 and B#3 = 247.059
ROUND 160 A#9 and B#3 = 227.131
ROUND 161 A#10 and B#3 = 199.409
ROUND 162 A#11 and B#3 = 252.989
ROUND 163 A#12 and B#3 = 226.478
ROUND 164 A#13 and B#3 = 244.334
ROUND 165 A#14 and B#3 = 255.53
ROUND 166 A#15 and B#3 = 234.707
ROUND 167 A#16 and B#3 = 202.671
ROUND 168 A#17 and B#3 = 217.978
ROUND 169 A#18 and B#3 = 150.368
ROUND 170 A#19 and B#3 = 254.936
ROUND 171 A#20 and B#3 = 244.101
ROUND 172 A#21 and B#3 = 248.065
ROUND 173 A#22 and B#3 = 236.052
ROUND 174 A#23 and B#3 = 237.395
ROUND 175 A#24 and B#3 = 245.729
ROUND 176 A#25 and B#3 = 240.4
ROUND 177 A#26 and B#3 = 258.268
ROUND 178 A#27 and B#3 = 231.077
ROUND 179 A#28 and B#3 = 235.99
ROUND 180 A#29 and B#3 = 232.174
ROUND 181 A#30 and B#3 = 104.994
ROUND 182 A#31 and B#3 = 106.029
ROUND 183 A#32 and B#3 = 231.996
ROUND 184 A#33 and B#3 = 228.873
ROUND 185 A#34 and B#3 = 233.552
ROUND 186 A#35 and B#3 = 235
ROUND 187 A#36 and B#3 = 249.871
ROUND 188 A#37 and B#3 = 244.649
ROUND 189 A#38 and B#3 = 231.814
ROUND 190 A#39 and B#3 = 267.435
ROUND 191 A#40 and B#3 = 232.703
ROUND 192 A#41 and B#3 = 197.864
ROUND 193 A#42 and B#3 = 259.358
ROUND 194 A#43 and B#3 = 243.717
ROUND 195 A#44 and B#3 = 252.911
ROUND 196 A#45 and B#3 = 249.897
ROUND 197 A#46 and B#3 = 267.637
ROUND 198 A#47 and B#3 = 280.079
ROUND 199 A#48 and B#3 = 235.979
ROUND 200 A#49 and B#3 = 242.057
ROUND 201 A#0 and B#4 = 95.6364
ROUND 202 A#1 and B#4 = 95.1364
ROUND 203 A#2 and B#4 = 272.179
ROUND 204 A#3 and B#4 = 199.306
ROUND 205 A#4 and B#4 = 295.489
ROUND 206 A#5 and B#4 = 233.647
ROUND 207 A#6 and B#4 = 239.404
ROUND 208 A#7 and B#4 = 229.587
ROUND 209 A#8 and B#4 = 123.514
ROUND 210 A#9 and B#4 = 268.166
ROUND 211 A#10 and B#4 = 211.188
ROUND 212 A#11 and B#4 = 241.242
ROUND 213 A#12 and B#4 = 183.688
ROUND 214 A#13 and B#4 = 198.641
ROUND 215 A#14 and B#4 = 240.381
ROUND 216 A#15 and B#4 = 186.351
ROUND 217 A#16 and B#4 = 251.411
ROUND 218 A#17 and B#4 = 274.111
ROUND 219 A#18 and B#4 = 92.2959
ROUND 220 A#19 and B#4 = 279.991
ROUND 221 A#20 and B#4 = 293.19
ROUND 222 A#21 and B#4 = 282.402
ROUND 223 A#22 and B#4 = 278.46
ROUND 224 A#23 and B#4 = 216.636
ROUND 225 A#24 and B#4 = 189.036
ROUND 226 A#25 and B#4 = 163.621
ROUND 227 A#26 and B#4 = 273.423
ROUND 228 A#27 and B#4 = 268.124
ROUND 229 A#28 and B#4 = 277.958
ROUND 230 A#29 and B#4 = 219.337
ROUND 231 A#30 and B#4 = 299.764
ROUND 232 A#31 and B#4 = 308.06
ROUND 233 A#32 and B#4 = 139.779
ROUND 234 A#33 and B#4 = 185.019
ROUND 235 A#34 and B#4 = 138.373
ROUND 236 A#35 and B#4 = 275.339
ROUND 237 A#36 and B#4 = 270.889
ROUND 238 A#37 and B#4 = 273.812
ROUND 239 A#38 and B#4 = 217.203
ROUND 240 A#39 and B#4 = 127.325
ROUND 241 A#40 and B#4 = 139.415
ROUND 242 A#41 and B#4 = 256.824
ROUND 243 A#42 and B#4 = 270.82
ROUND 244 A#43 and B#4 = 240.025
ROUND 245 A#44 and B#4 = 238.464
ROUND 246 A#45 and B#4 = 240.647
ROUND 247 A#46 and B#4 = 251.649
ROUND 248 A#47 and B#4 = 137.405
ROUND 249 A#48 and B#4 = 167.118
ROUND 250 A#49 and B#4 = 133.514
ROUND 251 A#0 and B#5 = 94.5772
ROUND 252 A#1 and B#5 = 165.751
ROUND 253 A#2 and B#5 = 219.337
ROUND 254 A#3 and B#5 = 202.09
ROUND 255 A#4 and B#5 = 124.173
ROUND 256 A#5 and B#5 = 71.4216
ROUND 257 A#6 and B#5 = 232.158
ROUND 258 A#7 and B#5 = 236.531
ROUND 259 A#8 and B#5 = 217.167
ROUND 260 A#9 and B#5 = 251.062
ROUND 261 A#10 and B#5 = 199.25
ROUND 262 A#11 and B#5 = 240.808
ROUND 263 A#12 and B#5 = 214.92
ROUND 264 A#13 and B#5 = 230.345
ROUND 265 A#14 and B#5 = 233.075
ROUND 266 A#15 and B#5 = 251.398
ROUND 267 A#16 and B#5 = 222.549
ROUND 268 A#17 and B#5 = 227.321
ROUND 269 A#18 and B#5 = 172.478
ROUND 270 A#19 and B#5 = 254.59
ROUND 271 A#20 and B#5 = 165.034
ROUND 272 A#21 and B#5 = 127.931
ROUND 273 A#22 and B#5 = 160.349
ROUND 274 A#23 and B#5 = 169.319
ROUND 275 A#24 and B#5 = 127.56
ROUND 276 A#25 and B#5 = 216.529
ROUND 277 A#26 and B#5 = 219.798
ROUND 278 A#27 and B#5 = 242.554
ROUND 279 A#28 and B#5 = 160.441
ROUND 280 A#29 and B#5 = 257.39
ROUND 281 A#30 and B#5 = 269.554
ROUND 282 A#31 and B#5 = 266.375
ROUND 283 A#32 and B#5 = 210.443
ROUND 284 A#33 and B#5 = 220.521
ROUND 285 A#34 and B#5 = 251.363
ROUND 286 A#35 and B#5 = 251.296
ROUND 287 A#36 and B#5 = 250.228
ROUND 288 A#37 and B#5 = 245.091
ROUND 289 A#38 and B#5 = 227.664
ROUND 290 A#39 and B#5 = 266.955
ROUND 291 A#40 and B#5 = 250.468
ROUND 292 A#41 and B#5 = 197.633
ROUND 293 A#42 and B#5 = 209.386
ROUND 294 A#43 and B#5 = 132.352
ROUND 295 A#44 and B#5 = 232.235
ROUND 296 A#45 and B#5 = 234.496
ROUND 297 A#46 and B#5 = 267.389
ROUND 298 A#47 and B#5 = 192.333
ROUND 299 A#48 and B#5 = 235.916
ROUND 300 A#49 and B#5 = 258.936
ROUND 301 A#0 and B#6 = 232.984
ROUND 302 A#1 and B#6 = 64.9822
ROUND 303 A#2 and B#6 = 293.214
ROUND 304 A#3 and B#6 = 315.238
ROUND 305 A#4 and B#6 = 329.72
ROUND 306 A#5 and B#6 = 325.604
ROUND 307 A#6 and B#6 = 257.227
ROUND 308 A#7 and B#6 = 288.197
ROUND 309 A#8 and B#6 = 239.97
ROUND 310 A#9 and B#6 = 315.692
ROUND 311 A#10 and B#6 = 316.813
ROUND 312 A#11 and B#6 = 322.642
ROUND 313 A#12 and B#6 = 314.297
ROUND 314 A#13 and B#6 = 206.783
ROUND 315 A#14 and B#6 = 296.64
ROUND 316 A#15 and B#6 = 315.581
ROUND 317 A#16 and B#6 = 305.944
ROUND 318 A#17 and B#6 = 272.394
ROUND 319 A#18 and B#6 = 278.706
ROUND 320 A#19 and B#6 = 81.0096
ROUND 321 A#20 and B#6 = 253.671
ROUND 322 A#21 and B#6 = 279.04
ROUND 323 A#22 and B#6 = 278.799
ROUND 324 A#23 and B#6 = 84.7565
ROUND 325 A#24 and B#6 = 267.45
ROUND 326 A#25 and B#6 = 228.832
ROUND 327 A#26 and B#6 = 313.532
ROUND 328 A#27 and B#6 = 312.3
ROUND 329 A#28 and B#6 = 277.849
ROUND 330 A#29 and B#6 = 311.58
ROUND 331 A#30 and B#6 = 55.9888
ROUND 332 A#31 and B#6 = 79.8661
ROUND 333 A#32 and B#6 = 314.938
ROUND 334 A#33 and B#6 = 315.904
ROUND 335 A#34 and B#6 = 314.696
ROUND 336 A#35 and B#6 = 314.544
ROUND 337 A#36 and B#6 = 315.99
ROUND 338 A#37 and B#6 = 320.78
ROUND 339 A#38 and B#6 = 332.827
ROUND 340 A#39 and B#6 = 294.27
ROUND 341 A#40 and B#6 = 315.045
ROUND 342 A#41 and B#6 = 316.216
ROUND 343 A#42 and B#6 = 298.519
ROUND 344 A#43 and B#6 = 334.855
ROUND 345 A#44 and B#6 = 346.174
ROUND 346 A#45 and B#6 = 182.619
ROUND 347 A#46 and B#6 = 325.211
ROUND 348 A#47 and B#6 = 189.395
ROUND 349 A#48 and B#6 = 268.595
ROUND 350 A#49 and B#6 = 304.964
ROUND 351 A#0 and B#7 = 285.047
ROUND 352 A#1 and B#7 = 195.319
ROUND 353 A#2 and B#7 = 213.174
ROUND 354 A#3 and B#7 = 173.385
ROUND 355 A#4 and B#7 = 298.609
ROUND 356 A#5 and B#7 = 225.876
ROUND 357 A#6 and B#7 = 255.503
ROUND 358 A#7 and B#7 = 244.991
ROUND 359 A#8 and B#7 = 147.067
ROUND 360 A#9 and B#7 = 222.647
ROUND 361 A#10 and B#7 = 218.084
ROUND 362 A#11 and B#7 = 243.808
ROUND 363 A#12 and B#7 = 220.897
ROUND 364 A#13 and B#7 = 220.608
ROUND 365 A#14 and B#7 = 259.56
ROUND 366 A#15 and B#7 = 222.133
ROUND 367 A#16 and B#7 = 225.916
ROUND 368 A#17 and B#7 = 176.827
ROUND 369 A#18 and B#7 = 278.906
ROUND 370 A#19 and B#7 = 259.571
ROUND 371 A#20 and B#7 = 281.915
ROUND 372 A#21 and B#7 = 270.529
ROUND 373 A#22 and B#7 = 163.568
ROUND 374 A#23 and B#7 = 194.586
ROUND 375 A#24 and B#7 = 202.4
ROUND 376 A#25 and B#7 = 139.77
ROUND 377 A#26 and B#7 = 210.211
ROUND 378 A#27 and B#7 = 272.855
ROUND 379 A#28 and B#7 = 163.439
ROUND 380 A#29 and B#7 = 258.256
ROUND 381 A#30 and B#7 = 252.479
ROUND 382 A#31 and B#7 = 142.614
ROUND 383 A#32 and B#7 = 220.276
ROUND 384 A#33 and B#7 = 219.954
ROUND 385 A#34 and B#7 = 218.804
ROUND 386 A#35 and B#7 = 219.461
ROUND 387 A#36 and B#7 = 239.18
ROUND 388 A#37 and B#7 = 243.969
ROUND 389 A#38 and B#7 = 223.23
ROUND 390 A#39 and B#7 = 114.659
ROUND 391 A#40 and B#7 = 219.969
ROUND 392 A#41 and B#7 = 216.907
ROUND 393 A#42 and B#7 = 194.037
ROUND 394 A#43 and B#7 = 164.965
ROUND 395 A#44 and B#7 = 206.04
ROUND 396 A#45 and B#7 = 242.666
ROUND 397 A#46 and B#7 = 278.927
ROUND 398 A#47 and B#7 = 127.155
ROUND 399 A#48 and B#7 = 173.237
ROUND 400 A#49 and B#7 = 187.738
ROUND 401 A#0 and B#8 = 274.817
ROUND 402 A#1 and B#8 = 244.866
ROUND 403 A#2 and B#8 = 239.147
ROUND 404 A#3 and B#8 = 222.585
ROUND 405 A#4 and B#8 = 241.366
ROUND 406 A#5 and B#8 = 233.743
ROUND 407 A#6 and B#8 = 259.008
ROUND 408 A#7 and B#8 = 227.244
ROUND 409 A#8 and B#8 = 268.141
ROUND 410 A#9 and B#8 = 226.163
ROUND 411 A#10 and B#8 = 218.016
ROUND 412 A#11 and B#8 = 270.796
ROUND 413 A#12 and B#8 = 227.947
ROUND 414 A#13 and B#8 = 243.52
ROUND 415 A#14 and B#8 = 309.652
ROUND 416 A#15 and B#8 = 222.949
ROUND 417 A#16 and B#8 = 254.521
ROUND 418 A#17 and B#8 = 273.585
ROUND 419 A#18 and B#8 = 242.938
ROUND 420 A#19 and B#8 = 255.65
ROUND 421 A#20 and B#8 = 247.928
ROUND 422 A#21 and B#8 = 248.432
ROUND 423 A#22 and B#8 = 243.326
ROUND 424 A#23 and B#8 = 247.782
ROUND 425 A#24 and B#8 = 251.241
ROUND 426 A#25 and B#8 = 229.981
ROUND 427 A#26 and B#8 = 224.881
ROUND 428 A#27 and B#8 = 220.237
ROUND 429 A#28 and B#8 = 243.484
ROUND 430 A#29 and B#8 = 25.6769
ROUND 431 A#30 and B#8 = 222.135
ROUND 432 A#31 and B#8 = 240.807
ROUND 433 A#32 and B#8 = 227.064
ROUND 434 A#33 and B#8 = 225.792
ROUND 435 A#34 and B#8 = 223.164
ROUND 436 A#35 and B#8 = 226.927
ROUND 437 A#36 and B#8 = 244.766
ROUND 438 A#37 and B#8 = 248.665
ROUND 439 A#38 and B#8 = 244.818
ROUND 440 A#39 and B#8 = 247.13
ROUND 441 A#40 and B#8 = 223.86
ROUND 442 A#41 and B#8 = 254.156
ROUND 443 A#42 and B#8 = 224.033
ROUND 444 A#43 and B#8 = 274.421
ROUND 445 A#44 and B#8 = 226.535
ROUND 446 A#45 and B#8 = 309.723
ROUND 447 A#46 and B#8 = 247.861
ROUND 448 A#47 and B#8 = 227.5
ROUND 449 A#48 and B#8 = 242.231
ROUND 450 A#49 and B#8 = 229.848
ROUND 451 A#0 and B#9 = 278.515
ROUND 452 A#1 and B#9 = 251.098
ROUND 453 A#2 and B#9 = 238.49
ROUND 454 A#3 and B#9 = 226.992
ROUND 455 A#4 and B#9 = 241.189
ROUND 456 A#5 and B#9 = 265.507
ROUND 457 A#6 and B#9 = 257.538
ROUND 458 A#7 and B#9 = 227.344
ROUND 459 A#8 and B#9 = 275.09
ROUND 460 A#9 and B#9 = 225.503
ROUND 461 A#10 and B#9 = 215.051
ROUND 462 A#11 and B#9 = 273.522
ROUND 463 A#12 and B#9 = 223.647
ROUND 464 A#13 and B#9 = 243.106
ROUND 465 A#14 and B#9 = 311.04
ROUND 466 A#15 and B#9 = 222.835
ROUND 467 A#16 and B#9 = 230.893
ROUND 468 A#17 and B#9 = 273.489
ROUND 469 A#18 and B#9 = 248.824
ROUND 470 A#19 and B#9 = 243.34
ROUND 471 A#20 and B#9 = 250.846
ROUND 472 A#21 and B#9 = 248.108
ROUND 473 A#22 and B#9 = 247.176
ROUND 474 A#23 and B#9 = 252.734
ROUND 475 A#24 and B#9 = 248.761
ROUND 476 A#25 and B#9 = 229.966
ROUND 477 A#26 and B#9 = 224.431
ROUND 478 A#27 and B#9 = 86.3048
ROUND 479 A#28 and B#9 = 246.981
ROUND 480 A#29 and B#9 = 33.3147
ROUND 481 A#30 and B#9 = 220.927
ROUND 482 A#31 and B#9 = 238.699
ROUND 483 A#32 and B#9 = 226.1
ROUND 484 A#33 and B#9 = 229.082
ROUND 485 A#34 and B#9 = 225.153
ROUND 486 A#35 and B#9 = 226.158
ROUND 487 A#36 and B#9 = 241.887
ROUND 488 A#37 and B#9 = 251.273
ROUND 489 A#38 and B#9 = 246.36
ROUND 490 A#39 and B#9 = 247.58
ROUND 491 A#40 and B#9 = 212.769
ROUND 492 A#41 and B#9 = 206.122
ROUND 493 A#42 and B#9 = 223.472
ROUND 494 A#43 and B#9 = 250.084
ROUND 495 A#44 and B#9 = 225.985
ROUND 496 A#45 and B#9 = 311.159
ROUND 497 A#46 and B#9 = 248.329
ROUND 498 A#47 and B#9 = 227.295
ROUND 499 A#48 and B#9 = 238.781
ROUND 500 A#49 and B#9 = 229.987
ROUND 501 A#0 and B#10 = 81.49
ROUND 502 A#1 and B#10 = 131.392
ROUND 503 A#2 and B#10 = 253.775
ROUND 504 A#3 and B#10 = 248.429
ROUND 505 A#4 and B#10 = 252.549
ROUND 506 A#5 and B#10 = 238.502
ROUND 507 A#6 and B#10 = 239.767
ROUND 508 A#7 and B#10 = 238.322
ROUND 509 A#8 and B#10 = 247.686
ROUND 510 A#9 and B#10 = 231.769
ROUND 511 A#10 and B#10 = 198.608
ROUND 512 A#11 and B#10 = 252.948
ROUND 513 A#12 and B#10 = 228.41
ROUND 514 A#13 and B#10 = 248.819
ROUND 515 A#14 and B#10 = 255.658
ROUND 516 A#15 and B#10 = 236.982
ROUND 517 A#16 and B#10 = 206.008
ROUND 518 A#17 and B#10 = 124.71
ROUND 519 A#18 and B#10 = 153.529
ROUND 520 A#19 and B#10 = 219.673
ROUND 521 A#20 and B#10 = 251.708
ROUND 522 A#21 and B#10 = 248.496
ROUND 523 A#22 and B#10 = 224.72
ROUND 524 A#23 and B#10 = 127.124
ROUND 525 A#24 and B#10 = 245.273
ROUND 526 A#25 and B#10 = 240.245
ROUND 527 A#26 and B#10 = 260.814
ROUND 528 A#27 and B#10 = 239.162
ROUND 529 A#28 and B#10 = 224.614
ROUND 530 A#29 and B#10 = 232.256
ROUND 531 A#30 and B#10 = 113.527
ROUND 532 A#31 and B#10 = 272.893
ROUND 533 A#32 and B#10 = 232.681
ROUND 534 A#33 and B#10 = 231.357
ROUND 535 A#34 and B#10 = 236.111
ROUND 536 A#35 and B#10 = 237.157
ROUND 537 A#36 and B#10 = 250.297
ROUND 538 A#37 and B#10 = 244.974
ROUND 539 A#38 and B#10 = 232.451
ROUND 540 A#39 and B#10 = 267.858
ROUND 541 A#40 and B#10 = 234.613
ROUND 542 A#41 and B#10 = 197.081
ROUND 543 A#42 and B#10 = 261.461
ROUND 544 A#43 and B#10 = 239.067
ROUND 545 A#44 and B#10 = 251.858
ROUND 546 A#45 and B#10 = 249.879
ROUND 547 A#46 and B#10 = 268.332
ROUND 548 A#47 and B#10 = 309.018
ROUND 549 A#48 and B#10 = 235.984
ROUND 550 A#49 and B#10 = 246.323
ROUND 551 A#0 and B#11 = 287.41
ROUND 552 A#1 and B#11 = 198.073
ROUND 553 A#2 and B#11 = 212.068
ROUND 554 A#3 and B#11 = 281.97
ROUND 555 A#4 and B#11 = 299.161
ROUND 556 A#5 and B#11 = 224.969
ROUND 557 A#6 and B#11 = 257.59
ROUND 558 A#7 and B#11 = 89.3832
ROUND 559 A#8 and B#11 = 142.106
ROUND 560 A#9 and B#11 = 221.632
ROUND 561 A#10 and B#11 = 218.392
ROUND 562 A#11 and B#11 = 243.453
ROUND 563 A#12 and B#11 = 220.895
ROUND 564 A#13 and B#11 = 220.673
ROUND 565 A#14 and B#11 = 219.987
ROUND 566 A#15 and B#11 = 221.129
ROUND 567 A#16 and B#11 = 196.003
ROUND 568 A#17 and B#11 = 275.288
ROUND 569 A#18 and B#11 = 276.548
ROUND 570 A#19 and B#11 = 280.969
ROUND 571 A#20 and B#11 = 285.134
ROUND 572 A#21 and B#11 = 271.576
ROUND 573 A#22 and B#11 = 177.388
ROUND 574 A#23 and B#11 = 194.944
ROUND 575 A#24 and B#11 = 197.147
ROUND 576 A#25 and B#11 = 135.435
ROUND 577 A#26 and B#11 = 275.74
ROUND 578 A#27 and B#11 = 275.863
ROUND 579 A#28 and B#11 = 177.269
ROUND 580 A#29 and B#11 = 296.135
ROUND 581 A#30 and B#11 = 254.436
ROUND 582 A#31 and B#11 = 146.981
ROUND 583 A#32 and B#11 = 219.247
ROUND 584 A#33 and B#11 = 219.747
ROUND 585 A#34 and B#11 = 217.744
ROUND 586 A#35 and B#11 = 218.443
ROUND 587 A#36 and B#11 = 51.8558
ROUND 588 A#37 and B#11 = 244.37
ROUND 589 A#38 and B#11 = 82.6831
ROUND 590 A#39 and B#11 = 109.45
ROUND 591 A#40 and B#11 = 218.88
ROUND 592 A#41 and B#11 = 216.995
ROUND 593 A#42 and B#11 = 273.448
ROUND 594 A#43 and B#11 = 192.982
ROUND 595 A#44 and B#11 = 204.836
ROUND 596 A#45 and B#11 = 250.786
ROUND 597 A#46 and B#11 = 275.964
ROUND 598 A#47 and B#11 = 130.587
ROUND 599 A#48 and B#11 = 180.318
ROUND 600 A#49 and B#11 = 188.479
ROUND 601 A#0 and B#12 = 246.366
ROUND 602 A#1 and B#12 = 327.839
ROUND 603 A#2 and B#12 = 201.348
ROUND 604 A#3 and B#12 = 180.338
ROUND 605 A#4 and B#12 = 232.013
ROUND 606 A#5 and B#12 = 198.844
ROUND 607 A#6 and B#12 = 166.424
ROUND 608 A#7 and B#12 = 315.888
ROUND 609 A#8 and B#12 = 173.586
ROUND 610 A#9 and B#12 = 246.579
ROUND 611 A#10 and B#12 = 245.302
ROUND 612 A#11 and B#12 = 239.35
ROUND 613 A#12 and B#12 = 238.044
ROUND 614 A#13 and B#12 = 246.158
ROUND 615 A#14 and B#12 = 234.3
ROUND 616 A#15 and B#12 = 195.434
ROUND 617 A#16 and B#12 = 232.761
ROUND 618 A#17 and B#12 = 184.381
ROUND 619 A#18 and B#12 = 302.506
ROUND 620 A#19 and B#12 = 219.047
ROUND 621 A#20 and B#12 = 224.294
ROUND 622 A#21 and B#12 = 233.769
ROUND 623 A#22 and B#12 = 324.837
ROUND 624 A#23 and B#12 = 317.884
ROUND 625 A#24 and B#12 = 266.219
ROUND 626 A#25 and B#12 = 260.81
ROUND 627 A#26 and B#12 = 203.965
ROUND 628 A#27 and B#12 = 237.526
ROUND 629 A#28 and B#12 = 324.604
ROUND 630 A#29 and B#12 = 256.692
ROUND 631 A#30 and B#12 = 214.277
ROUND 632 A#31 and B#12 = 237.188
ROUND 633 A#32 and B#12 = 245.689
ROUND 634 A#33 and B#12 = 167.031
ROUND 635 A#34 and B#12 = 246.459
ROUND 636 A#35 and B#12 = 246.321
ROUND 637 A#36 and B#12 = 210.618
ROUND 638 A#37 and B#12 = 209.369
ROUND 639 A#38 and B#12 = 258.515
ROUND 640 A#39 and B#12 = 257.05
ROUND 641 A#40 and B#12 = 245.936
ROUND 642 A#41 and B#12 = 232.908
ROUND 643 A#42 and B#12 = 187.649
ROUND 644 A#43 and B#12 = 61.1443
ROUND 645 A#44 and B#12 = 161.421
ROUND 646 A#45 and B#12 = 242.797
ROUND 647 A#46 and B#12 = 257.479
ROUND 648 A#47 and B#12 = 232.973
ROUND 649 A#48 and B#12 = 190.857
ROUND 650 A#49 and B#12 = 257.606
ROUND 651 A#0 and B#13 = 284.798
ROUND 652 A#1 and B#13 = 252.825
ROUND 653 A#2 and B#13 = 230.004
ROUND 654 A#3 and B#13 = 213.498
ROUND 655 A#4 and B#13 = 247.738
ROUND 656 A#5 and B#13 = 215.598
ROUND 657 A#6 and B#13 = 166.509
ROUND 658 A#7 and B#13 = 257.141
ROUND 659 A#8 and B#13 = 292.753
ROUND 660 A#9 and B#13 = 229.803
ROUND 661 A#10 and B#13 = 202.415
ROUND 662 A#11 and B#13 = 209.275
ROUND 663 A#12 and B#13 = 220.931
ROUND 664 A#13 and B#13 = 221.37
ROUND 665 A#14 and B#13 = 260.921
ROUND 666 A#15 and B#13 = 205.065
ROUND 667 A#16 and B#13 = 226.324
ROUND 668 A#17 and B#13 = 297.864
ROUND 669 A#18 and B#13 = 251.382
ROUND 670 A#19 and B#13 = 292.731
ROUND 671 A#20 and B#13 = 256.37
ROUND 672 A#21 and B#13 = 254.709
ROUND 673 A#22 and B#13 = 251.581
ROUND 674 A#23 and B#13 = 253.787
ROUND 675 A#24 and B#13 = 232.258
ROUND 676 A#25 and B#13 = 274.745
ROUND 677 A#26 and B#13 = 306.432
ROUND 678 A#27 and B#13 = 203.153
ROUND 679 A#28 and B#13 = 251.214
ROUND 680 A#29 and B#13 = 295.779
ROUND 681 A#30 and B#13 = 290.257
ROUND 682 A#31 and B#13 = 267.646
ROUND 683 A#32 and B#13 = 229.839
ROUND 684 A#33 and B#13 = 222.69
ROUND 685 A#34 and B#13 = 229.943
ROUND 686 A#35 and B#13 = 204.908
ROUND 687 A#36 and B#13 = 246.931
ROUND 688 A#37 and B#13 = 254.443
ROUND 689 A#38 and B#13 = 236.656
ROUND 690 A#39 and B#13 = 254.221
ROUND 691 A#40 and B#13 = 229.87
ROUND 692 A#41 and B#13 = 194.53
ROUND 693 A#42 and B#13 = 294.201
ROUND 694 A#43 and B#13 = 263.536
ROUND 695 A#44 and B#13 = 236.998
ROUND 696 A#45 and B#13 = 272.045
ROUND 697 A#46 and B#13 = 254.372
ROUND 698 A#47 and B#13 = 218.945
ROUND 699 A#48 and B#13 = 238.812
ROUND 700 A#49 and B#13 = 311.923
ROUND 701 A#0 and B#14 = 181.058
ROUND 702 A#1 and B#14 = 221.741
ROUND 703 A#2 and B#14 = 258.959
ROUND 704 A#3 and B#14 = 252.968
ROUND 705 A#4 and B#14 = 252.873
ROUND 706 A#5 and B#14 = 240.581
ROUND 707 A#6 and B#14 = 240.073
ROUND 708 A#7 and B#14 = 253.287
ROUND 709 A#8 and B#14 = 237.184
ROUND 710 A#9 and B#14 = 230.978
ROUND 711 A#10 and B#14 = 226.222
ROUND 712 A#11 and B#14 = 240.222
ROUND 713 A#12 and B#14 = 227.759
ROUND 714 A#13 and B#14 = 232.165
ROUND 715 A#14 and B#14 = 255.485
ROUND 716 A#15 and B#14 = 237.03
ROUND 717 A#16 and B#14 = 221.539
ROUND 718 A#17 and B#14 = 129.846
ROUND 719 A#18 and B#14 = 158.569
ROUND 720 A#19 and B#14 = 99.6043
ROUND 721 A#20 and B#14 = 292.837
ROUND 722 A#21 and B#14 = 245.469
ROUND 723 A#22 and B#14 = 236.06
ROUND 724 A#23 and B#14 = 223.056
ROUND 725 A#24 and B#14 = 247.483
ROUND 726 A#25 and B#14 = 247.098
ROUND 727 A#26 and B#14 = 263.231
ROUND 728 A#27 and B#14 = 212.952
ROUND 729 A#28 and B#14 = 236.034
ROUND 730 A#29 and B#14 = 228.048
ROUND 731 A#30 and B#14 = 108.927
ROUND 732 A#31 and B#14 = 114.851
ROUND 733 A#32 and B#14 = 232.578
ROUND 734 A#33 and B#14 = 230.439
ROUND 735 A#34 and B#14 = 236.397
ROUND 736 A#35 and B#14 = 238.228
ROUND 737 A#36 and B#14 = 247.752
ROUND 738 A#37 and B#14 = 241.754
ROUND 739 A#38 and B#14 = 237.194
ROUND 740 A#39 and B#14 = 267.136
ROUND 741 A#40 and B#14 = 234.721
ROUND 742 A#41 and B#14 = 188.669
ROUND 743 A#42 and B#14 = 267.904
ROUND 744 A#43 and B#14 = 253.01
ROUND 745 A#44 and B#14 = 249.017
ROUND 746 A#45 and B#14 = 249.271
ROUND 747 A#46 and B#14 = 267.608
ROUND 748 A#47 and B#14 = 236.684
ROUND 749 A#48 and B#14 = 236.043
ROUND 750 A#49 and B#14 = 248.505
ROUND 751 A#0 and B#15 = 231.312
ROUND 752 A#1 and B#15 = 61.3287
ROUND 753 A#2 and B#15 = 291.67
ROUND 754 A#3 and B#15 = 313.842
ROUND 755 A#4 and B#15 = 330.479
ROUND 756 A#5 and B#15 = 328.505
ROUND 757 A#6 and B#15 = 259.813
ROUND 758 A#7 and B#15 = 289.878
ROUND 759 A#8 and B#15 = 242.837
ROUND 760 A#9 and B#15 = 314.32
ROUND 761 A#10 and B#15 = 315.131
ROUND 762 A#11 and B#15 = 320.986
ROUND 763 A#12 and B#15 = 313.296
ROUND 764 A#13 and B#15 = 205.361
ROUND 765 A#14 and B#15 = 294.84
ROUND 766 A#15 and B#15 = 314.318
ROUND 767 A#16 and B#15 = 304.709
ROUND 768 A#17 and B#15 = 280.83
ROUND 769 A#18 and B#15 = 281.289
ROUND 770 A#19 and B#15 = 78.0375
ROUND 771 A#20 and B#15 = 252.78
ROUND 772 A#21 and B#15 = 283.448
ROUND 773 A#22 and B#15 = 283.279
ROUND 774 A#23 and B#15 = 82.1588
ROUND 775 A#24 and B#15 = 268.441
ROUND 776 A#25 and B#15 = 226.574
ROUND 777 A#26 and B#15 = 312.063
ROUND 778 A#27 and B#15 = 309.513
ROUND 779 A#28 and B#15 = 282.416
ROUND 780 A#29 and B#15 = 309.674
ROUND 781 A#30 and B#15 = 52.472
ROUND 782 A#31 and B#15 = 77.783
ROUND 783 A#32 and B#15 = 313.435
ROUND 784 A#33 and B#15 = 314.849
ROUND 785 A#34 and B#15 = 313.193
ROUND 786 A#35 and B#15 = 313.073
ROUND 787 A#36 and B#15 = 321.256
ROUND 788 A#37 and B#15 = 324.415
ROUND 789 A#38 and B#15 = 331.943
ROUND 790 A#39 and B#15 = 299.969
ROUND 791 A#40 and B#15 = 313.518
ROUND 792 A#41 and B#15 = 314.808
ROUND 793 A#42 and B#15 = 296.359
ROUND 794 A#43 and B#15 = 336.758
ROUND 795 A#44 and B#15 = 345.098
ROUND 796 A#45 and B#15 = 270.362
ROUND 797 A#46 and B#15 = 334.326
ROUND 798 A#47 and B#15 = 187.599
ROUND 799 A#48 and B#15 = 267.272
ROUND 800 A#49 and B#15 = 303.334
ROUND 801 A#0 and B#16 = 191.157
ROUND 802 A#1 and B#16 = 206.984
ROUND 803 A#2 and B#16 = 172.903
ROUND 804 A#3 and B#16 = 138.277
ROUND 805 A#4 and B#16 = 302.8
ROUND 806 A#5 and B#16 = 215.086
ROUND 807 A#6 and B#16 = 224.745
ROUND 808 A#7 and B#16 = 239.716
ROUND 809 A#8 and B#16 = 110.209
ROUND 810 A#9 and B#16 = 130.817
ROUND 811 A#10 and B#16 = 167.926
ROUND 812 A#11 and B#16 = 198.646
ROUND 813 A#12 and B#16 = 192.447
ROUND 814 A#13 and B#16 = 191.167
ROUND 815 A#14 and B#16 = 264.891
ROUND 816 A#15 and B#16 = 106.826
ROUND 817 A#16 and B#16 = 122.201
ROUND 818 A#17 and B#16 = 282.074
ROUND 819 A#18 and B#16 = 214.38
ROUND 820 A#19 and B#16 = 291.205
ROUND 821 A#20 and B#16 = 304.119
ROUND 822 A#21 and B#16 = 291.817
ROUND 823 A#22 and B#16 = 285.804
ROUND 824 A#23 and B#16 = 221.498
ROUND 825 A#24 and B#16 = 192.178
ROUND 826 A#25 and B#16 = 160.834
ROUND 827 A#26 and B#16 = 272.304
ROUND 828 A#27 and B#16 = 199.285
ROUND 829 A#28 and B#16 = 285.357
ROUND 830 A#29 and B#16 = 199.479
ROUND 831 A#30 and B#16 = 312.042
ROUND 832 A#31 and B#16 = 308.775
ROUND 833 A#32 and B#16 = 131.078
ROUND 834 A#33 and B#16 = 187.58
ROUND 835 A#34 and B#16 = 127.823
ROUND 836 A#35 and B#16 = 108.438
ROUND 837 A#36 and B#16 = 269.895
ROUND 838 A#37 and B#16 = 268.221
ROUND 839 A#38 and B#16 = 106.871
ROUND 840 A#39 and B#16 = 140.275
ROUND 841 A#40 and B#16 = 129.162
ROUND 842 A#41 and B#16 = 93.6371
ROUND 843 A#42 and B#16 = 265.87
ROUND 844 A#43 and B#16 = 260.683
ROUND 845 A#44 and B#16 = 229.218
ROUND 846 A#45 and B#16 = 264.061
ROUND 847 A#46 and B#16 = 240.574
ROUND 848 A#47 and B#16 = 239.443
ROUND 849 A#48 and B#16 = 177.698
ROUND 850 A#49 and B#16 = 121.756
ROUND 851 A#0 and B#17 = 247.655
ROUND 852 A#1 and B#17 = 218.602
ROUND 853 A#2 and B#17 = 224.996
ROUND 854 A#3 and B#17 = 176.406
ROUND 855 A#4 and B#17 = 229.903
ROUND 856 A#5 and B#17 = 243.384
ROUND 857 A#6 and B#17 = 269.982
ROUND 858 A#7 and B#17 = 317.352
ROUND 859 A#8 and B#17 = 183.289
ROUND 860 A#9 and B#17 = 255.722
ROUND 861 A#10 and B#17 = 252.561
ROUND 862 A#11 and B#17 = 258.112
ROUND 863 A#12 and B#17 = 246.041
ROUND 864 A#13 and B#17 = 251.252
ROUND 865 A#14 and B#17 = 233.87
ROUND 866 A#15 and B#17 = 255.972
ROUND 867 A#16 and B#17 = 244.016
ROUND 868 A#17 and B#17 = 184.299
ROUND 869 A#18 and B#17 = 304.277
ROUND 870 A#19 and B#17 = 235.297
ROUND 871 A#20 and B#17 = 226.308
ROUND 872 A#21 and B#17 = 232.763
ROUND 873 A#22 and B#17 = 218.166
ROUND 874 A#23 and B#17 = 222.51
ROUND 875 A#24 and B#17 = 267.334
ROUND 876 A#25 and B#17 = 221.803
ROUND 877 A#26 and B#17 = 202.682
ROUND 878 A#27 and B#17 = 249.489
ROUND 879 A#28 and B#17 = 217.173
ROUND 880 A#29 and B#17 = 265.627
ROUND 881 A#30 and B#17 = 252.41
ROUND 882 A#31 and B#17 = 239.06
ROUND 883 A#32 and B#17 = 255.114
ROUND 884 A#33 and B#17 = 242.752
ROUND 885 A#34 and B#17 = 255.888
ROUND 886 A#35 and B#17 = 255.619
ROUND 887 A#36 and B#17 = 208.741
ROUND 888 A#37 and B#17 = 207.567
ROUND 889 A#38 and B#17 = 258.75
ROUND 890 A#39 and B#17 = 255.756
ROUND 891 A#40 and B#17 = 255.343
ROUND 892 A#41 and B#17 = 224.16
ROUND 893 A#42 and B#17 = 220.081
ROUND 894 A#43 and B#17 = 51.3691
ROUND 895 A#44 and B#17 = 235.83
ROUND 896 A#45 and B#17 = 258.805
ROUND 897 A#46 and B#17 = 256.214
ROUND 898 A#47 and B#17 = 185.842
ROUND 899 A#48 and B#17 = 240.679
ROUND 900 A#49 and B#17 = 269.528
ROUND 901 A#0 and B#18 = 178.783
ROUND 902 A#1 and B#18 = 100.212
ROUND 903 A#2 and B#18 = 239.821
ROUND 904 A#3 and B#18 = 144.003
ROUND 905 A#4 and B#18 = 71.4708
ROUND 906 A#5 and B#18 = 264.268
ROUND 907 A#6 and B#18 = 243.165
ROUND 908 A#7 and B#18 = 130.657
ROUND 909 A#8 and B#18 = 289.252
ROUND 910 A#9 and B#18 = 144.594
ROUND 911 A#10 and B#18 = 154.528
ROUND 912 A#11 and B#18 = 243.972
ROUND 913 A#12 and B#18 = 155.82
ROUND 914 A#13 and B#18 = 187.264
ROUND 915 A#14 and B#18 = 223.573
ROUND 916 A#15 and B#18 = 145.434
ROUND 917 A#16 and B#18 = 227.779
ROUND 918 A#17 and B#18 = 136.634
ROUND 919 A#18 and B#18 = 99.9356
ROUND 920 A#19 and B#18 = 123.431
ROUND 921 A#20 and B#18 = 108.738
ROUND 922 A#21 and B#18 = 118.526
ROUND 923 A#22 and B#18 = 115.398
ROUND 924 A#23 and B#18 = 112.235
ROUND 925 A#24 and B#18 = 299.264
ROUND 926 A#25 and B#18 = 166.125
ROUND 927 A#26 and B#18 = 211.753
ROUND 928 A#27 and B#18 = 287.269
ROUND 929 A#28 and B#18 = 115.502
ROUND 930 A#29 and B#18 = 311.835
ROUND 931 A#30 and B#18 = 277.99
ROUND 932 A#31 and B#18 = 80.1622
ROUND 933 A#32 and B#18 = 144.788
ROUND 934 A#33 and B#18 = 151.452
ROUND 935 A#34 and B#18 = 144.449
ROUND 936 A#35 and B#18 = 145.828
ROUND 937 A#36 and B#18 = 190.712
ROUND 938 A#37 and B#18 = 196.432
ROUND 939 A#38 and B#18 = 246.481
ROUND 940 A#39 and B#18 = 146.085
ROUND 941 A#40 and B#18 = 145.265
ROUND 942 A#41 and B#18 = 149.118
ROUND 943 A#42 and B#18 = 243.795
ROUND 944 A#43 and B#18 = 149.977
ROUND 945 A#44 and B#18 = 237.034
ROUND 946 A#45 and B#18 = 235.754
ROUND 947 A#46 and B#18 = 208.838
ROUND 948 A#47 and B#18 = 264.046
ROUND 949 A#48 and B#18 = 171.142
ROUND 950 A#49 and B#18 = 137.787
ROUND 951 A#0 and B#19 = 57.979
ROUND 952 A#1 and B#19 = 242.656
ROUND 953 A#2 and B#19 = 190.651
ROUND 954 A#3 and B#19 = 200.11
ROUND 955 A#4 and B#19 = 143.165
ROUND 956 A#5 and B#19 = 282.782
ROUND 957 A#6 and B#19 = 292.931
ROUND 958 A#7 and B#19 = 307.149
ROUND 959 A#8 and B#19 = 316.262
ROUND 960 A#9 and B#19 = 229.517
ROUND 961 A#10 and B#19 = 174.804
ROUND 962 A#11 and B#19 = 319.098
ROUND 963 A#12 and B#19 = 167.157
ROUND 964 A#13 and B#19 = 188.819
ROUND 965 A#14 and B#19 = 329.625
ROUND 966 A#15 and B#19 = 229.537
ROUND 967 A#16 and B#19 = 229.5
ROUND 968 A#17 and B#19 = 233.879
ROUND 969 A#18 and B#19 = 259.579
ROUND 970 A#19 and B#19 = 189.982
ROUND 971 A#20 and B#19 = 198.802
ROUND 972 A#21 and B#19 = 175.948
ROUND 973 A#22 and B#19 = 237.414
ROUND 974 A#23 and B#19 = 258.247
ROUND 975 A#24 and B#19 = 309.253
ROUND 976 A#25 and B#19 = 255.82
ROUND 977 A#26 and B#19 = 198.878
ROUND 978 A#27 and B#19 = 302.26
ROUND 979 A#28 and B#19 = 237.703
ROUND 980 A#29 and B#19 = 259.138
ROUND 981 A#30 and B#19 = 245.116
ROUND 982 A#31 and B#19 = 258.637
ROUND 983 A#32 and B#19 = 198.366
ROUND 984 A#33 and B#19 = 253.904
ROUND 985 A#34 and B#19 = 198.02
ROUND 986 A#35 and B#19 = 196.3
ROUND 987 A#36 and B#19 = 198.623
ROUND 988 A#37 and B#19 = 191.933
ROUND 989 A#38 and B#19 = 213.358
ROUND 990 A#39 and B#19 = 199.629
ROUND 991 A#40 and B#19 = 199.277
ROUND 992 A#41 and B#19 = 174.292
ROUND 993 A#42 and B#19 = 197.709
ROUND 994 A#43 and B#19 = 249.235
ROUND 995 A#44 and B#19 = 232.592
ROUND 996 A#45 and B#19 = 324.159
ROUND 997 A#46 and B#19 = 202.367
ROUND 998 A#47 and B#19 = 285.246
ROUND 999 A#48 and B#19 = 129.726
ROUND 1000 A#49 and B#19 = 192.123
ROUND 1001 A#0 and B#20 = 81.7732
ROUND 1002 A#1 and B#20 = 135.846
ROUND 1003 A#2 and B#20 = 253.227
ROUND 1004 A#3 and B#20 = 248.109
ROUND 1005 A#4 and B#20 = 252.839
ROUND 1006 A#5 and B#20 = 240.591
ROUND 1007 A#6 and B#20 = 234.4
ROUND 1008 A#7 and B#20 = 237.224
ROUND 1009 A#8 and B#20 = 247.629
ROUND 1010 A#9 and B#20 = 231.735
ROUND 1011 A#10 and B#20 = 220.407
ROUND 1012 A#11 and B#20 = 252.566
ROUND 1013 A#12 and B#20 = 223.989
ROUND 1014 A#13 and B#20 = 251.373
ROUND 1015 A#14 and B#20 = 255.587
ROUND 1016 A#15 and B#20 = 236.826
ROUND 1017 A#16 and B#20 = 206.081
ROUND 1018 A#17 and B#20 = 128.085
ROUND 1019 A#18 and B#20 = 154.844
ROUND 1020 A#19 and B#20 = 219.438
ROUND 1021 A#20 and B#20 = 244.101
ROUND 1022 A#21 and B#20 = 248.72
ROUND 1023 A#22 and B#20 = 225.344
ROUND 1024 A#23 and B#20 = 130.824
ROUND 1025 A#24 and B#20 = 244.994
ROUND 1026 A#25 and B#20 = 240.063
ROUND 1027 A#26 and B#20 = 260.53
ROUND 1028 A#27 and B#20 = 239.166
ROUND 1029 A#28 and B#20 = 235.962
ROUND 1030 A#29 and B#20 = 232.486
ROUND 1031 A#30 and B#20 = 109.464
ROUND 1032 A#31 and B#20 = 273.441
ROUND 1033 A#32 and B#20 = 212.455
ROUND 1034 A#33 and B#20 = 230.081
ROUND 1035 A#34 and B#20 = 212.459
ROUND 1036 A#35 and B#20 = 237.115
ROUND 1037 A#36 and B#20 = 250.494
ROUND 1038 A#37 and B#20 = 245.196
ROUND 1039 A#38 and B#20 = 231.003
ROUND 1040 A#39 and B#20 = 268.007
ROUND 1041 A#40 and B#20 = 212.416
ROUND 1042 A#41 and B#20 = 196.499
ROUND 1043 A#42 and B#20 = 260.989
ROUND 1044 A#43 and B#20 = 170.33
ROUND 1045 A#44 and B#20 = 251.976
ROUND 1046 A#45 and B#20 = 250.205
ROUND 1047 A#46 and B#20 = 268.488
ROUND 1048 A#47 and B#20 = 308.693
ROUND 1049 A#48 and B#20 = 235.97
ROUND 1050 A#49 and B#20 = 245.768
ROUND 1051 A#0 and B#21 = 224.937
ROUND 1052 A#1 and B#21 = 242.147
ROUND 1053 A#2 and B#21 = 263.753
ROUND 1054 A#3 and B#21 = 263.406
ROUND 1055 A#4 and B#21 = 261.657
ROUND 1056 A#5 and B#21 = 238.236
ROUND 1057 A#6 and B#21 = 237.279
ROUND 1058 A#7 and B#21 = 250.508
ROUND 1059 A#8 and B#21 = 252.218
ROUND 1060 A#9 and B#21 = 262.465
ROUND 1061 A#10 and B#21 = 261.113
ROUND 1062 A#11 and B#21 = 125.981
ROUND 1063 A#12 and B#21 = 248.698
ROUND 1064 A#13 and B#21 = 247.43
ROUND 1065 A#14 and B#21 = 235.933
ROUND 1066 A#15 and B#21 = 259.422
ROUND 1067 A#16 and B#21 = 252.884
ROUND 1068 A#17 and B#21 = 264.177
ROUND 1069 A#18 and B#21 = 242.35
ROUND 1070 A#19 and B#21 = 253.519
ROUND 1071 A#20 and B#21 = 253.67
ROUND 1072 A#21 and B#21 = 264.111
ROUND 1073 A#22 and B#21 = 251.402
ROUND 1074 A#23 and B#21 = 228.695
ROUND 1075 A#24 and B#21 = 272.914
ROUND 1076 A#25 and B#21 = 144.986
ROUND 1077 A#26 and B#21 = 237.348
ROUND 1078 A#27 and B#21 = 240.878
ROUND 1079 A#28 and B#21 = 250.538
ROUND 1080 A#29 and B#21 = 289.034
ROUND 1081 A#30 and B#21 = 181.971
ROUND 1082 A#31 and B#21 = 258.175
ROUND 1083 A#32 and B#21 = 267.945
ROUND 1084 A#33 and B#21 = 248.543
ROUND 1085 A#34 and B#21 = 266.837
ROUND 1086 A#35 and B#21 = 266.809
ROUND 1087 A#36 and B#21 = 237.753
ROUND 1088 A#37 and B#21 = 228.347
ROUND 1089 A#38 and B#21 = 237.116
ROUND 1090 A#39 and B#21 = 271.69
ROUND 1091 A#40 and B#21 = 266.952
ROUND 1092 A#41 and B#21 = 261.828
ROUND 1093 A#42 and B#21 = 260.983
ROUND 1094 A#43 and B#21 = 286.228
ROUND 1095 A#44 and B#21 = 233.48
ROUND 1096 A#45 and B#21 = 230.699
ROUND 1097 A#46 and B#21 = 256.635
ROUND 1098 A#47 and B#21 = 271.399
ROUND 1099 A#48 and B#21 = 223.166
ROUND 1100 A#49 and B#21 = 269.004
ROUND 1101 A#0 and B#22 = 96.6125
ROUND 1102 A#1 and B#22 = 246.089
ROUND 1103 A#2 and B#22 = 212.419
ROUND 1104 A#3 and B#22 = 280.316
ROUND 1105 A#4 and B#22 = 270.038
ROUND 1106 A#5 and B#22 = 223.351
ROUND 1107 A#6 and B#22 = 252.072
ROUND 1108 A#7 and B#22 = 129.609
ROUND 1109 A#8 and B#22 = 133.296
ROUND 1110 A#9 and B#22 = 276.998
ROUND 1111 A#10 and B#22 = 265.439
ROUND 1112 A#11 and B#22 = 242.735
ROUND 1113 A#12 and B#22 = 214.275
ROUND 1114 A#13 and B#22 = 213.368
ROUND 1115 A#14 and B#22 = 71.5951
ROUND 1116 A#15 and B#22 = 275.114
ROUND 1117 A#16 and B#22 = 260.365
ROUND 1118 A#17 and B#22 = 250.677
ROUND 1119 A#18 and B#22 = 245.32
ROUND 1120 A#19 and B#22 = 256.241
ROUND 1121 A#20 and B#22 = 260.338
ROUND 1122 A#21 and B#22 = 244.478
ROUND 1123 A#22 and B#22 = 243.573
ROUND 1124 A#23 and B#22 = 228.551
ROUND 1125 A#24 and B#22 = 74.2426
ROUND 1126 A#25 and B#22 = 115.346
ROUND 1127 A#26 and B#22 = 220.269
ROUND 1128 A#27 and B#22 = 275.544
ROUND 1129 A#28 and B#22 = 243.096
ROUND 1130 A#29 and B#22 = 249.485
ROUND 1131 A#30 and B#22 = 239.581
ROUND 1132 A#31 and B#22 = 186.167
ROUND 1133 A#32 and B#22 = 283.761
ROUND 1134 A#33 and B#22 = 174.673
ROUND 1135 A#34 and B#22 = 284.139
ROUND 1136 A#35 and B#22 = 283.233
ROUND 1137 A#36 and B#22 = 233.241
ROUND 1138 A#37 and B#22 = 225.119
ROUND 1139 A#38 and B#22 = 245.446
ROUND 1140 A#39 and B#22 = 105.576
ROUND 1141 A#40 and B#22 = 283.42
ROUND 1142 A#41 and B#22 = 264.506
ROUND 1143 A#42 and B#22 = 219.022
ROUND 1144 A#43 and B#22 = 276.705
ROUND 1145 A#44 and B#22 = 200.494
ROUND 1146 A#45 and B#22 = 97.433
ROUND 1147 A#46 and B#22 = 226.19
ROUND 1148 A#47 and B#22 = 202.143
ROUND 1149 A#48 and B#22 = 235.763
ROUND 1150 A#49 and B#22 = 128.193
ROUND 1151 A#0 and B#23 = 133.839
ROUND 1152 A#1 and B#23 = 229.082
ROUND 1153 A#2 and B#23 = 171.54
ROUND 1154 A#3 and B#23 = 174.999
ROUND 1155 A#4 and B#23 = 303.194
ROUND 1156 A#5 and B#23 = 231.193
ROUND 1157 A#6 and B#23 = 236.753
ROUND 1158 A#7 and B#23 = 146.611
ROUND 1159 A#8 and B#23 = 113.712
ROUND 1160 A#9 and B#23 = 167.459
ROUND 1161 A#10 and B#23 = 210.303
ROUND 1162 A#11 and B#23 = 240.82
ROUND 1163 A#12 and B#23 = 188.659
ROUND 1164 A#13 and B#23 = 201.648
ROUND 1165 A#14 and B#23 = 258.458
ROUND 1166 A#15 and B#23 = 166.363
ROUND 1167 A#16 and B#23 = 165.447
ROUND 1168 A#17 and B#23 = 287.356
ROUND 1169 A#18 and B#23 = 285.062
ROUND 1170 A#19 and B#23 = 291.146
ROUND 1171 A#20 and B#23 = 291.836
ROUND 1172 A#21 and B#23 = 262.267
ROUND 1173 A#22 and B#23 = 279.017
ROUND 1174 A#23 and B#23 = 241.06
ROUND 1175 A#24 and B#23 = 199.036
ROUND 1176 A#25 and B#23 = 199.882
ROUND 1177 A#26 and B#23 = 182.84
ROUND 1178 A#27 and B#23 = 174.995
ROUND 1179 A#28 and B#23 = 278.451
ROUND 1180 A#29 and B#23 = 209.139
ROUND 1181 A#30 and B#23 = 144.129
ROUND 1182 A#31 and B#23 = 177.768
ROUND 1183 A#32 and B#23 = 176.254
ROUND 1184 A#33 and B#23 = 184.576
ROUND 1185 A#34 and B#23 = 176.097
ROUND 1186 A#35 and B#23 = 171.204
ROUND 1187 A#36 and B#23 = 270.858
ROUND 1188 A#37 and B#23 = 270.438
ROUND 1189 A#38 and B#23 = 253.596
ROUND 1190 A#39 and B#23 = 139.393
ROUND 1191 A#40 and B#23 = 176.371
ROUND 1192 A#41 and B#23 = 216.971
ROUND 1193 A#42 and B#23 = 264.862
ROUND 1194 A#43 and B#23 = 152.588
ROUND 1195 A#44 and B#23 = 238.417
ROUND 1196 A#45 and B#23 = 239.961
ROUND 1197 A#46 and B#23 = 279.245
ROUND 1198 A#47 and B#23 = 142.598
ROUND 1199 A#48 and B#23 = 172.067
ROUND 1200 A#49 and B#23 = 173.463
ROUND 1201 A#0 and B#24 = 145.841
ROUND 1202 A#1 and B#24 = 276.411
ROUND 1203 A#2 and B#24 = 279.412
ROUND 1204 A#3 and B#24 = 282.079
ROUND 1205 A#4 and B#24 = 298.01
ROUND 1206 A#5 and B#24 = 224.126
ROUND 1207 A#6 and B#24 = 258.963
ROUND 1208 A#7 and B#24 = 83.9898
ROUND 1209 A#8 and B#24 = 137.508
ROUND 1210 A#9 and B#24 = 220.113
ROUND 1211 A#10 and B#24 = 218.354
ROUND 1212 A#11 and B#24 = 243.601
ROUND 1213 A#12 and B#24 = 220.735
ROUND 1214 A#13 and B#24 = 220.331
ROUND 1215 A#14 and B#24 = 264.122
ROUND 1216 A#15 and B#24 = 219.688
ROUND 1217 A#16 and B#24 = 198.723
ROUND 1218 A#17 and B#24 = 122.208
ROUND 1219 A#18 and B#24 = 276.002
ROUND 1220 A#19 and B#24 = 278.834
ROUND 1221 A#20 and B#24 = 167.341
ROUND 1222 A#21 and B#24 = 271.424
ROUND 1223 A#22 and B#24 = 166.354
ROUND 1224 A#23 and B#24 = 98.1447
ROUND 1225 A#24 and B#24 = 306.677
ROUND 1226 A#25 and B#24 = 175.546
ROUND 1227 A#26 and B#24 = 275.187
ROUND 1228 A#27 and B#24 = 275.295
ROUND 1229 A#28 and B#24 = 166.373
ROUND 1230 A#29 and B#24 = 295.676
ROUND 1231 A#30 and B#24 = 178.785
ROUND 1232 A#31 and B#24 = 295.746
ROUND 1233 A#32 and B#24 = 217.643
ROUND 1234 A#33 and B#24 = 219.68
ROUND 1235 A#34 and B#24 = 216.186
ROUND 1236 A#35 and B#24 = 200.669
ROUND 1237 A#36 and B#24 = 238.555
ROUND 1238 A#37 and B#24 = 242.823
ROUND 1239 A#38 and B#24 = 220.548
ROUND 1240 A#39 and B#24 = 111.002
ROUND 1241 A#40 and B#24 = 217.281
ROUND 1242 A#41 and B#24 = 216.592
ROUND 1243 A#42 and B#24 = 273.162
ROUND 1244 A#43 and B#24 = 190.556
ROUND 1245 A#44 and B#24 = 202.457
ROUND 1246 A#45 and B#24 = 244.034
ROUND 1247 A#46 and B#24 = 276.782
ROUND 1248 A#47 and B#24 = 132.318
ROUND 1249 A#48 and B#24 = 181.092
ROUND 1250 A#49 and B#24 = 291.411
ROUND 1251 A#0 and B#25 = 145.004
ROUND 1252 A#1 and B#25 = 276.134
ROUND 1253 A#2 and B#25 = 279.46
ROUND 1254 A#3 and B#25 = 282.236
ROUND 1255 A#4 and B#25 = 297.968
ROUND 1256 A#5 and B#25 = 224.3
ROUND 1257 A#6 and B#25 = 258.753
ROUND 1258 A#7 and B#25 = 83.7958
ROUND 1259 A#8 and B#25 = 137.626
ROUND 1260 A#9 and B#25 = 220.245
ROUND 1261 A#10 and B#25 = 218.456
ROUND 1262 A#11 and B#25 = 243.587
ROUND 1263 A#12 and B#25 = 220.681
ROUND 1264 A#13 and B#25 = 220.289
ROUND 1265 A#14 and B#25 = 264.081
ROUND 1266 A#15 and B#25 = 219.811
ROUND 1267 A#16 and B#25 = 198.285
ROUND 1268 A#17 and B#25 = 121.802
ROUND 1269 A#18 and B#25 = 275.684
ROUND 1270 A#19 and B#25 = 278.656
ROUND 1271 A#20 and B#25 = 167.382
ROUND 1272 A#21 and B#25 = 271.636
ROUND 1273 A#22 and B#25 = 166.424
ROUND 1274 A#23 and B#25 = 98.5311
ROUND 1275 A#24 and B#25 = 307.185
ROUND 1276 A#25 and B#25 = 175.022
ROUND 1277 A#26 and B#25 = 275.296
ROUND 1278 A#27 and B#25 = 275.321
ROUND 1279 A#28 and B#25 = 166.443
ROUND 1280 A#29 and B#25 = 295.649
ROUND 1281 A#30 and B#25 = 293.862
ROUND 1282 A#31 and B#25 = 296.157
ROUND 1283 A#32 and B#25 = 217.814
ROUND 1284 A#33 and B#25 = 219.605
ROUND 1285 A#34 and B#25 = 216.339
ROUND 1286 A#35 and B#25 = 200.378
ROUND 1287 A#36 and B#25 = 238.829
ROUND 1288 A#37 and B#25 = 243.018
ROUND 1289 A#38 and B#25 = 220.941
ROUND 1290 A#39 and B#25 = 111.254
ROUND 1291 A#40 and B#25 = 217.501
ROUND 1292 A#41 and B#25 = 216.753
ROUND 1293 A#42 and B#25 = 273.245
ROUND 1294 A#43 and B#25 = 190.858
ROUND 1295 A#44 and B#25 = 202.517
ROUND 1296 A#45 and B#25 = 244.064
ROUND 1297 A#46 and B#25 = 276.17
ROUND 1298 A#47 and B#25 = 131.839
ROUND 1299 A#48 and B#25 = 181.024
ROUND 1300 A#49 and B#25 = 291.577
ROUND 1301 A#0 and B#26 = 247.764
ROUND 1302 A#1 and B#26 = 321.305
ROUND 1303 A#2 and B#26 = 204.432
ROUND 1304 A#3 and B#26 = 233.387
ROUND 1305 A#4 and B#26 = 247.802
ROUND 1306 A#5 and B#26 = 237.469
ROUND 1307 A#6 and B#26 = 275.437
ROUND 1308 A#7 and B#26 = 251.289
ROUND 1309 A#8 and B#26 = 232.179
ROUND 1310 A#9 and B#26 = 246.462
ROUND 1311 A#10 and B#26 = 220.233
ROUND 1312 A#11 and B#26 = 201.388
ROUND 1313 A#12 and B#26 = 239.301
ROUND 1314 A#13 and B#26 = 207.103
ROUND 1315 A#14 and B#26 = 233.983
ROUND 1316 A#15 and B#26 = 246.843
ROUND 1317 A#16 and B#26 = 227.059
ROUND 1318 A#17 and B#26 = 234.644
ROUND 1319 A#18 and B#26 = 263.824
ROUND 1320 A#19 and B#26 = 239.742
ROUND 1321 A#20 and B#26 = 312.889
ROUND 1322 A#21 and B#26 = 233.065
ROUND 1323 A#22 and B#26 = 231.362
ROUND 1324 A#23 and B#26 = 255.05
ROUND 1325 A#24 and B#26 = 107.275
ROUND 1326 A#25 and B#26 = 256.46
ROUND 1327 A#26 and B#26 = 256.954
ROUND 1328 A#27 and B#26 = 217.071
ROUND 1329 A#28 and B#26 = 231.381
ROUND 1330 A#29 and B#26 = 233.343
ROUND 1331 A#30 and B#26 = 249.942
ROUND 1332 A#31 and B#26 = 257.634
ROUND 1333 A#32 and B#26 = 246.305
ROUND 1334 A#33 and B#26 = 236.411
ROUND 1335 A#34 and B#26 = 246.409
ROUND 1336 A#35 and B#26 = 246.371
ROUND 1337 A#36 and B#26 = 232.566
ROUND 1338 A#37 and B#26 = 226.101
ROUND 1339 A#38 and B#26 = 206.04
ROUND 1340 A#39 and B#26 = 267.198
ROUND 1341 A#40 and B#26 = 246.091
ROUND 1342 A#41 and B#26 = 222.181
ROUND 1343 A#42 and B#26 = 255.639
ROUND 1344 A#43 and B#26 = 254.816
ROUND 1345 A#44 and B#26 = 125.075
ROUND 1346 A#45 and B#26 = 231.939
ROUND 1347 A#46 and B#26 = 267.391
ROUND 1348 A#47 and B#26 = 215.934
ROUND 1349 A#48 and B#26 = 235.861
ROUND 1350 A#49 and B#26 = 250.248
ROUND 1351 A#0 and B#27 = 47.6243
ROUND 1352 A#1 and B#27 = 239.432
ROUND 1353 A#2 and B#27 = 230.494
ROUND 1354 A#3 and B#27 = 227.211
ROUND 1355 A#4 and B#27 = 150.713
ROUND 1356 A#5 and B#27 = 287.146
ROUND 1357 A#6 and B#27 = 309.119
ROUND 1358 A#7 and B#27 = 291.639
ROUND 1359 A#8 and B#27 = 331.743
ROUND 1360 A#9 and B#27 = 223.802
ROUND 1361 A#10 and B#27 = 217.516
ROUND 1362 A#11 and B#27 = 326.68
ROUND 1363 A#12 and B#27 = 217.758
ROUND 1364 A#13 and B#27 = 252.37
ROUND 1365 A#14 and B#27 = 333.366
ROUND 1366 A#15 and B#27 = 222.589
ROUND 1367 A#16 and B#27 = 228.441
ROUND 1368 A#17 and B#27 = 236.061
ROUND 1369 A#18 and B#27 = 253.419
ROUND 1370 A#19 and B#27 = 191.489
ROUND 1371 A#20 and B#27 = 205.419
ROUND 1372 A#21 and B#27 = 176.152
ROUND 1373 A#22 and B#27 = 233.649
ROUND 1374 A#23 and B#27 = 253.23
ROUND 1375 A#24 and B#27 = 306.291
ROUND 1376 A#25 and B#27 = 259.288
ROUND 1377 A#26 and B#27 = 192.471
ROUND 1378 A#27 and B#27 = 308.874
ROUND 1379 A#28 and B#27 = 233.902
ROUND 1380 A#29 and B#27 = 261.225
ROUND 1381 A#30 and B#27 = 238.91
ROUND 1382 A#31 and B#27 = 260.486
ROUND 1383 A#32 and B#27 = 224.179
ROUND 1384 A#33 and B#27 = 215.346
ROUND 1385 A#34 and B#27 = 224.574
ROUND 1386 A#35 and B#27 = 222.435
ROUND 1387 A#36 and B#27 = 198.605
ROUND 1388 A#37 and B#27 = 192.044
ROUND 1389 A#38 and B#27 = 226.768
ROUND 1390 A#39 and B#27 = 206.869
ROUND 1391 A#40 and B#27 = 224.523
ROUND 1392 A#41 and B#27 = 219.827
ROUND 1393 A#42 and B#27 = 226.473
ROUND 1394 A#43 and B#27 = 260.235
ROUND 1395 A#44 and B#27 = 226.217
ROUND 1396 A#45 and B#27 = 331.854
ROUND 1397 A#46 and B#27 = 209.482
ROUND 1398 A#47 and B#27 = 225.586
ROUND 1399 A#48 and B#27 = 115.436
ROUND 1400 A#49 and B#27 = 223.946
ROUND 1401 A#0 and B#28 = 258.513
ROUND 1402 A#1 and B#28 = 261.137
ROUND 1403 A#2 and B#28 = 194.942
ROUND 1404 A#3 and B#28 = 220.667
ROUND 1405 A#4 and B#28 = 255.708
ROUND 1406 A#5 and B#28 = 217.844
ROUND 1407 A#6 and B#28 = 246.751
ROUND 1408 A#7 and B#28 = 221.305
ROUND 1409 A#8 and B#28 = 268.419
ROUND 1410 A#9 and B#28 = 229.781
ROUND 1411 A#10 and B#28 = 298.949
ROUND 1412 A#11 and B#28 = 244.549
ROUND 1413 A#12 and B#28 = 225.398
ROUND 1414 A#13 and B#28 = 226.288
ROUND 1415 A#14 and B#28 = 212.595
ROUND 1416 A#15 and B#28 = 285.166
ROUND 1417 A#16 and B#28 = 229.687
ROUND 1418 A#17 and B#28 = 171.541
ROUND 1419 A#18 and B#28 = 259.025
ROUND 1420 A#19 and B#28 = 284.887
ROUND 1421 A#20 and B#28 = 264.919
ROUND 1422 A#21 and B#28 = 264.924
ROUND 1423 A#22 and B#28 = 261.825
ROUND 1424 A#23 and B#28 = 262.393
ROUND 1425 A#24 and B#28 = 228.624
ROUND 1426 A#25 and B#28 = 285.452
ROUND 1427 A#26 and B#28 = 307.426
ROUND 1428 A#27 and B#28 = 18.7775
ROUND 1429 A#28 and B#28 = 261.489
ROUND 1430 A#29 and B#28 = 304.148
ROUND 1431 A#30 and B#28 = 287.813
ROUND 1432 A#31 and B#28 = 258.679
ROUND 1433 A#32 and B#28 = 210.99
ROUND 1434 A#33 and B#28 = 228.865
ROUND 1435 A#34 and B#28 = 229.96
ROUND 1436 A#35 and B#28 = 206.558
ROUND 1437 A#36 and B#28 = 257.717
ROUND 1438 A#37 and B#28 = 263.897
ROUND 1439 A#38 and B#28 = 252.785
ROUND 1440 A#39 and B#28 = 264.598
ROUND 1441 A#40 and B#28 = 229.893
ROUND 1442 A#41 and B#28 = 294.655
ROUND 1443 A#42 and B#28 = 229.836
ROUND 1444 A#43 and B#28 = 268.465
ROUND 1445 A#44 and B#28 = 238.761
ROUND 1446 A#45 and B#28 = 212.104
ROUND 1447 A#46 and B#28 = 265.193
ROUND 1448 A#47 and B#28 = 223.329
ROUND 1449 A#48 and B#28 = 223.327
ROUND 1450 A#49 and B#28 = 230.428
ROUND 1451 A#0 and B#29 = 276.918
ROUND 1452 A#1 and B#29 = 248.99
ROUND 1453 A#2 and B#29 = 239.523
ROUND 1454 A#3 and B#29 = 222.875
ROUND 1455 A#4 and B#29 = 239.984
ROUND 1456 A#5 and B#29 = 264.135
ROUND 1457 A#6 and B#29 = 258.101
ROUND 1458 A#7 and B#29 = 227.79
ROUND 1459 A#8 and B#29 = 270.409
ROUND 1460 A#9 and B#29 = 226.515
ROUND 1461 A#10 and B#29 = 214.539
ROUND 1462 A#11 and B#29 = 270.541
ROUND 1463 A#12 and B#29 = 224.058
ROUND 1464 A#13 and B#29 = 243.805
ROUND 1465 A#14 and B#29 = 309.278
ROUND 1466 A#15 and B#29 = 223.267
ROUND 1467 A#16 and B#29 = 254.094
ROUND 1468 A#17 and B#29 = 272.378
ROUND 1469 A#18 and B#29 = 247.055
ROUND 1470 A#19 and B#29 = 263.525
ROUND 1471 A#20 and B#29 = 251.198
ROUND 1472 A#21 and B#29 = 246.84
ROUND 1473 A#22 and B#29 = 247.709
ROUND 1474 A#23 and B#29 = 251.772
ROUND 1475 A#24 and B#29 = 249.801
ROUND 1476 A#25 and B#29 = 226.528
ROUND 1477 A#26 and B#29 = 225.309
ROUND 1478 A#27 and B#29 = 220.224
ROUND 1479 A#28 and B#29 = 247.651
ROUND 1480 A#29 and B#29 = 27.0745
ROUND 1481 A#30 and B#29 = 227.868
ROUND 1482 A#31 and B#29 = 241.271
ROUND 1483 A#32 and B#29 = 227.402
ROUND 1484 A#33 and B#29 = 226.025
ROUND 1485 A#34 and B#29 = 223.468
ROUND 1486 A#35 and B#29 = 227.304
ROUND 1487 A#36 and B#29 = 241.375
ROUND 1488 A#37 and B#29 = 250.707
ROUND 1489 A#38 and B#29 = 244.08
ROUND 1490 A#39 and B#29 = 246.4
ROUND 1491 A#40 and B#29 = 224.159
ROUND 1492 A#41 and B#29 = 256.642
ROUND 1493 A#42 and B#29 = 224.346
ROUND 1494 A#43 and B#29 = 253.646
ROUND 1495 A#44 and B#29 = 226.809
ROUND 1496 A#45 and B#29 = 309.569
ROUND 1497 A#46 and B#29 = 247.102
ROUND 1498 A#47 and B#29 = 227.471
ROUND 1499 A#48 and B#29 = 238.116
ROUND 1500 A#49 and B#29 = 230.096
ROUND 1501 A#0 and B#30 = 246.017
ROUND 1502 A#1 and B#30 = 220.827
ROUND 1503 A#2 and B#30 = 225.261
ROUND 1504 A#3 and B#30 = 172.976
ROUND 1505 A#4 and B#30 = 231.48
ROUND 1506 A#5 and B#30 = 238.407
ROUND 1507 A#6 and B#30 = 292.422
ROUND 1508 A#7 and B#30 = 315.588
ROUND 1509 A#8 and B#30 = 178.588
ROUND 1510 A#9 and B#30 = 247.87
ROUND 1511 A#10 and B#30 = 246.01
ROUND 1512 A#11 and B#30 = 257.342
ROUND 1513 A#12 and B#30 = 240.017
ROUND 1514 A#13 and B#30 = 245.191
ROUND 1515 A#14 and B#30 = 234.107
ROUND 1516 A#15 and B#30 = 248.143
ROUND 1517 A#16 and B#30 = 235.554
ROUND 1518 A#17 and B#30 = 186.272
ROUND 1519 A#18 and B#30 = 304.026
ROUND 1520 A#19 and B#30 = 234.393
ROUND 1521 A#20 and B#30 = 227.937
ROUND 1522 A#21 and B#30 = 233.684
ROUND 1523 A#22 and B#30 = 220.352
ROUND 1524 A#23 and B#30 = 222.395
ROUND 1525 A#24 and B#30 = 266.886
ROUND 1526 A#25 and B#30 = 260.132
ROUND 1527 A#26 and B#30 = 199.917
ROUND 1528 A#27 and B#30 = 240.25
ROUND 1529 A#28 and B#30 = 219.37
ROUND 1530 A#29 and B#30 = 257.943
ROUND 1531 A#30 and B#30 = 253.372
ROUND 1532 A#31 and B#30 = 238.196
ROUND 1533 A#32 and B#30 = 247.123
ROUND 1534 A#33 and B#30 = 236.868
ROUND 1535 A#34 and B#30 = 247.877
ROUND 1536 A#35 and B#30 = 247.63
ROUND 1537 A#36 and B#30 = 210.335
ROUND 1538 A#37 and B#30 = 208.983
ROUND 1539 A#38 and B#30 = 258.516
ROUND 1540 A#39 and B#30 = 256.897
ROUND 1541 A#40 and B#30 = 247.335
ROUND 1542 A#41 and B#30 = 222.685
ROUND 1543 A#42 and B#30 = 249.288
ROUND 1544 A#43 and B#30 = 52.7571
ROUND 1545 A#44 and B#30 = 232.098
ROUND 1546 A#45 and B#30 = 28.551
ROUND 1547 A#46 and B#30 = 257.336
ROUND 1548 A#47 and B#30 = 188.186
ROUND 1549 A#48 and B#30 = 241.195
ROUND 1550 A#49 and B#30 = 260.741
ROUND 1551 A#0 and B#31 = 134.313
ROUND 1552 A#1 and B#31 = 231.004
ROUND 1553 A#2 and B#31 = 171.321
ROUND 1554 A#3 and B#31 = 173.848
ROUND 1555 A#4 and B#31 = 305.824
ROUND 1556 A#5 and B#31 = 205.304
ROUND 1557 A#6 and B#31 = 236.195
ROUND 1558 A#7 and B#31 = 148.569
ROUND 1559 A#8 and B#31 = 107.392
ROUND 1560 A#9 and B#31 = 166.261
ROUND 1561 A#10 and B#31 = 209.728
ROUND 1562 A#11 and B#31 = 120.822
ROUND 1563 A#12 and B#31 = 187.883
ROUND 1564 A#13 and B#31 = 187.807
ROUND 1565 A#14 and B#31 = 257.942
ROUND 1566 A#15 and B#31 = 166.02
ROUND 1567 A#16 and B#31 = 252.502
ROUND 1568 A#17 and B#31 = 286.039
ROUND 1569 A#18 and B#31 = 86.76
ROUND 1570 A#19 and B#31 = 254.149
ROUND 1571 A#20 and B#31 = 295.353
ROUND 1572 A#21 and B#31 = 284.784
ROUND 1573 A#22 and B#31 = 280.042
ROUND 1574 A#23 and B#31 = 246.85
ROUND 1575 A#24 and B#31 = 200.132
ROUND 1576 A#25 and B#31 = 198.953
ROUND 1577 A#26 and B#31 = 177.422
ROUND 1578 A#27 and B#31 = 190.371
ROUND 1579 A#28 and B#31 = 279.537
ROUND 1580 A#29 and B#31 = 206.546
ROUND 1581 A#30 and B#31 = 162.902
ROUND 1582 A#31 and B#31 = 309.052
ROUND 1583 A#32 and B#31 = 177.202
ROUND 1584 A#33 and B#31 = 183.606
ROUND 1585 A#34 and B#31 = 177.134
ROUND 1586 A#35 and B#31 = 170.158
ROUND 1587 A#36 and B#31 = 269.526
ROUND 1588 A#37 and B#31 = 267.907
ROUND 1589 A#38 and B#31 = 253.95
ROUND 1590 A#39 and B#31 = 140.255
ROUND 1591 A#40 and B#31 = 177.397
ROUND 1592 A#41 and B#31 = 215.915
ROUND 1593 A#42 and B#31 = 267.665
ROUND 1594 A#43 and B#31 = 244.941
ROUND 1595 A#44 and B#31 = 238.052
ROUND 1596 A#45 and B#31 = 257.373
ROUND 1597 A#46 and B#31 = 277.76
ROUND 1598 A#47 and B#31 = 146.252
ROUND 1599 A#48 and B#31 = 169.446
ROUND 1600 A#49 and B#31 = 173.751
ROUND 1601 A#0 and B#32 = 246.622
ROUND 1602 A#1 and B#32 = 220.417
ROUND 1603 A#2 and B#32 = 225.241
ROUND 1604 A#3 and B#32 = 173.972
ROUND 1605 A#4 and B#32 = 231.789
ROUND 1606 A#5 and B#32 = 199.254
ROUND 1607 A#6 and B#32 = 292.633
ROUND 1608 A#7 and B#32 = 316.022
ROUND 1609 A#8 and B#32 = 176.559
ROUND 1610 A#9 and B#32 = 247.424
ROUND 1611 A#10 and B#32 = 245.689
ROUND 1612 A#11 and B#32 = 257.504
ROUND 1613 A#12 and B#32 = 238.149
ROUND 1614 A#13 and B#32 = 245.439
ROUND 1615 A#14 and B#32 = 234.451
ROUND 1616 A#15 and B#32 = 247.683
ROUND 1617 A#16 and B#32 = 233.89
ROUND 1618 A#17 and B#32 = 184.8
ROUND 1619 A#18 and B#32 = 304.068
ROUND 1620 A#19 and B#32 = 234.372
ROUND 1621 A#20 and B#32 = 227.474
ROUND 1622 A#21 and B#32 = 233.57
ROUND 1623 A#22 and B#32 = 219.943
ROUND 1624 A#23 and B#32 = 223.12
ROUND 1625 A#24 and B#32 = 267.166
ROUND 1626 A#25 and B#32 = 260.689
ROUND 1627 A#26 and B#32 = 200.245
ROUND 1628 A#27 and B#32 = 238.917
ROUND 1629 A#28 and B#32 = 218.947
ROUND 1630 A#29 and B#32 = 257.118
ROUND 1631 A#30 and B#32 = 253.398
ROUND 1632 A#31 and B#32 = 238.257
ROUND 1633 A#32 and B#32 = 246.639
ROUND 1634 A#33 and B#32 = 236.543
ROUND 1635 A#34 and B#32 = 247.327
ROUND 1636 A#35 and B#32 = 247.138
ROUND 1637 A#36 and B#32 = 210.142
ROUND 1638 A#37 and B#32 = 208.702
ROUND 1639 A#38 and B#32 = 258.849
ROUND 1640 A#39 and B#32 = 257.406
ROUND 1641 A#40 and B#32 = 246.821
ROUND 1642 A#41 and B#32 = 222.941
ROUND 1643 A#42 and B#32 = 249.403
ROUND 1644 A#43 and B#32 = 51.9168
ROUND 1645 A#44 and B#32 = 232.249
ROUND 1646 A#45 and B#32 = 28.3252
ROUND 1647 A#46 and B#32 = 257.833
ROUND 1648 A#47 and B#32 = 187.171
ROUND 1649 A#48 and B#32 = 240.848
ROUND 1650 A#49 and B#32 = 259.213
ROUND 1651 A#0 and B#33 = 133.074
ROUND 1652 A#1 and B#33 = 229.093
ROUND 1653 A#2 and B#33 = 171.62
ROUND 1654 A#3 and B#33 = 174.966
ROUND 1655 A#4 and B#33 = 304.456
ROUND 1656 A#5 and B#33 = 229.378
ROUND 1657 A#6 and B#33 = 237.253
ROUND 1658 A#7 and B#33 = 145.5
ROUND 1659 A#8 and B#33 = 114.328
ROUND 1660 A#9 and B#33 = 167.398
ROUND 1661 A#10 and B#33 = 210.307
ROUND 1662 A#11 and B#33 = 240.869
ROUND 1663 A#12 and B#33 = 188.652
ROUND 1664 A#13 and B#33 = 201.722
ROUND 1665 A#14 and B#33 = 258.129
ROUND 1666 A#15 and B#33 = 166.272
ROUND 1667 A#16 and B#33 = 165.418
ROUND 1668 A#17 and B#33 = 287.85
ROUND 1669 A#18 and B#33 = 237.549
ROUND 1670 A#19 and B#33 = 291.441
ROUND 1671 A#20 and B#33 = 291.154
ROUND 1672 A#21 and B#33 = 261.871
ROUND 1673 A#22 and B#33 = 277.717
ROUND 1674 A#23 and B#33 = 240.915
ROUND 1675 A#24 and B#33 = 196.387
ROUND 1676 A#25 and B#33 = 196.074
ROUND 1677 A#26 and B#33 = 268.292
ROUND 1678 A#27 and B#33 = 210.542
ROUND 1679 A#28 and B#33 = 277.185
ROUND 1680 A#29 and B#33 = 203.709
ROUND 1681 A#30 and B#33 = 144.107
ROUND 1682 A#31 and B#33 = 177.369
ROUND 1683 A#32 and B#33 = 182.015
ROUND 1684 A#33 and B#33 = 184.56
ROUND 1685 A#34 and B#33 = 181.323
ROUND 1686 A#35 and B#33 = 171.193
ROUND 1687 A#36 and B#33 = 115.159
ROUND 1688 A#37 and B#33 = 244.689
ROUND 1689 A#38 and B#33 = 236.207
ROUND 1690 A#39 and B#33 = 137.781
ROUND 1691 A#40 and B#33 = 182.142
ROUND 1692 A#41 and B#33 = 216.973
ROUND 1693 A#42 and B#33 = 264.515
ROUND 1694 A#43 and B#33 = 152.945
ROUND 1695 A#44 and B#33 = 238.543
ROUND 1696 A#45 and B#33 = 240.322
ROUND 1697 A#46 and B#33 = 139.922
ROUND 1698 A#47 and B#33 = 141.536
ROUND 1699 A#48 and B#33 = 157.105
ROUND 1700 A#49 and B#33 = 174.373
ROUND 1701 A#0 and B#34 = 81.6842
ROUND 1702 A#1 and B#34 = 235.939
ROUND 1703 A#2 and B#34 = 220.504
ROUND 1704 A#3 and B#34 = 236.005
ROUND 1705 A#4 and B#34 = 253.299
ROUND 1706 A#5 and B#34 = 70.9512
ROUND 1707 A#6 and B#34 = 282.563
ROUND 1708 A#7 and B#34 = 238.401
ROUND 1709 A#8 and B#34 = 122.222
ROUND 1710 A#9 and B#34 = 256.134
ROUND 1711 A#10 and B#34 = 195.166
ROUND 1712 A#11 and B#34 = 239.74
ROUND 1713 A#12 and B#34 = 212.565
ROUND 1714 A#13 and B#34 = 224.113
ROUND 1715 A#14 and B#34 = 241.535
ROUND 1716 A#15 and B#34 = 256.784
ROUND 1717 A#16 and B#34 = 229.181
ROUND 1718 A#17 and B#34 = 156.637
ROUND 1719 A#18 and B#34 = 226.882
ROUND 1720 A#19 and B#34 = 251.965
ROUND 1721 A#20 and B#34 = 235.948
ROUND 1722 A#21 and B#34 = 247.707
ROUND 1723 A#22 and B#34 = 228.307
ROUND 1724 A#23 and B#34 = 228.589
ROUND 1725 A#24 and B#34 = 128.603
ROUND 1726 A#25 and B#34 = 246.666
ROUND 1727 A#26 and B#34 = 220.163
ROUND 1728 A#27 and B#34 = 229.082
ROUND 1729 A#28 and B#34 = 228.152
ROUND 1730 A#29 and B#34 = 229.999
ROUND 1731 A#30 and B#34 = 79.5651
ROUND 1732 A#31 and B#34 = 108.457
ROUND 1733 A#32 and B#34 = 255.553
ROUND 1734 A#33 and B#34 = 234.693
ROUND 1735 A#34 and B#34 = 256.63
ROUND 1736 A#35 and B#34 = 256.383
ROUND 1737 A#36 and B#34 = 249.578
ROUND 1738 A#37 and B#34 = 243.78
ROUND 1739 A#38 and B#34 = 226.117
ROUND 1740 A#39 and B#34 = 266.159
ROUND 1741 A#40 and B#34 = 255.56
ROUND 1742 A#41 and B#34 = 207.03
ROUND 1743 A#42 and B#34 = 207.109
ROUND 1744 A#43 and B#34 = 254.467
ROUND 1745 A#44 and B#34 = 234.021
ROUND 1746 A#45 and B#34 = 239.505
ROUND 1747 A#46 and B#34 = 266.524
ROUND 1748 A#47 and B#34 = 251.502
ROUND 1749 A#48 and B#34 = 235.797
ROUND 1750 A#49 and B#34 = 266.45
ROUND 1751 A#0 and B#35 = 47.475
ROUND 1752 A#1 and B#35 = 243.684
ROUND 1753 A#2 and B#35 = 189.988
ROUND 1754 A#3 and B#35 = 194.932
ROUND 1755 A#4 and B#35 = 136.223
ROUND 1756 A#5 and B#35 = 288.076
ROUND 1757 A#6 and B#35 = 296.384
ROUND 1758 A#7 and B#35 = 298.341
ROUND 1759 A#8 and B#35 = 328.778
ROUND 1760 A#9 and B#35 = 188.494
ROUND 1761 A#10 and B#35 = 174.566
ROUND 1762 A#11 and B#35 = 325.315
ROUND 1763 A#12 and B#35 = 166.644
ROUND 1764 A#13 and B#35 = 186.7
ROUND 1765 A#14 and B#35 = 334.031
ROUND 1766 A#15 and B#35 = 186.675
ROUND 1767 A#16 and B#35 = 229.781
ROUND 1768 A#17 and B#35 = 233.276
ROUND 1769 A#18 and B#35 = 254.429
ROUND 1770 A#19 and B#35 = 188.878
ROUND 1771 A#20 and B#35 = 194.027
ROUND 1772 A#21 and B#35 = 171.531
ROUND 1773 A#22 and B#35 = 232.865
ROUND 1774 A#23 and B#35 = 253.689
ROUND 1775 A#24 and B#35 = 307.76
ROUND 1776 A#25 and B#35 = 258.311
ROUND 1777 A#26 and B#35 = 195.064
ROUND 1778 A#27 and B#35 = 307.676
ROUND 1779 A#28 and B#35 = 233.067
ROUND 1780 A#29 and B#35 = 259.099
ROUND 1781 A#30 and B#35 = 239.312
ROUND 1782 A#31 and B#35 = 260.307
ROUND 1783 A#32 and B#35 = 196.49
ROUND 1784 A#33 and B#35 = 162.938
ROUND 1785 A#34 and B#35 = 195.184
ROUND 1786 A#35 and B#35 = 193.836
ROUND 1787 A#36 and B#35 = 196.988
ROUND 1788 A#37 and B#35 = 191.251
ROUND 1789 A#38 and B#35 = 287.73
ROUND 1790 A#39 and B#35 = 203.434
ROUND 1791 A#40 and B#35 = 195.041
ROUND 1792 A#41 and B#35 = 219.221
ROUND 1793 A#42 and B#35 = 193.948
ROUND 1794 A#43 and B#35 = 259.51
ROUND 1795 A#44 and B#35 = 225.109
ROUND 1796 A#45 and B#35 = 331.937
ROUND 1797 A#46 and B#35 = 206.494
ROUND 1798 A#47 and B#35 = 272.291
ROUND 1799 A#48 and B#35 = 118.194
ROUND 1800 A#49 and B#35 = 223.973
ROUND 1801 A#0 and B#36 = 253.527
ROUND 1802 A#1 and B#36 = 266.697
ROUND 1803 A#2 and B#36 = 209.942
ROUND 1804 A#3 and B#36 = 204.969
ROUND 1805 A#4 and B#36 = 260.226
ROUND 1806 A#5 and B#36 = 284.785
ROUND 1807 A#6 and B#36 = 161.05
ROUND 1808 A#7 and B#36 = 254.01
ROUND 1809 A#8 and B#36 = 150.41
ROUND 1810 A#9 and B#36 = 207.708
ROUND 1811 A#10 and B#36 = 309.386
ROUND 1812 A#11 and B#36 = 257.827
ROUND 1813 A#12 and B#36 = 194.33
ROUND 1814 A#13 and B#36 = 283.646
ROUND 1815 A#14 and B#36 = 263.954
ROUND 1816 A#15 and B#36 = 208.046
ROUND 1817 A#16 and B#36 = 227.941
ROUND 1818 A#17 and B#36 = 301.177
ROUND 1819 A#18 and B#36 = 265.681
ROUND 1820 A#19 and B#36 = 300.51
ROUND 1821 A#20 and B#36 = 267.526
ROUND 1822 A#21 and B#36 = 265.648
ROUND 1823 A#22 and B#36 = 188.286
ROUND 1824 A#23 and B#36 = 265.626
ROUND 1825 A#24 and B#36 = 231.246
ROUND 1826 A#25 and B#36 = 235.425
ROUND 1827 A#26 and B#36 = 229.792
ROUND 1828 A#27 and B#36 = 222.271
ROUND 1829 A#28 and B#36 = 261.814
ROUND 1830 A#29 and B#36 = 216.789
ROUND 1831 A#30 and B#36 = 295.696
ROUND 1832 A#31 and B#36 = 264.943
ROUND 1833 A#32 and B#36 = 210.734
ROUND 1834 A#33 and B#36 = 195.707
ROUND 1835 A#34 and B#36 = 211.082
ROUND 1836 A#35 and B#36 = 211.189
ROUND 1837 A#36 and B#36 = 261.786
ROUND 1838 A#37 and B#36 = 266.151
ROUND 1839 A#38 and B#36 = 236.56
ROUND 1840 A#39 and B#36 = 263.286
ROUND 1841 A#40 and B#36 = 211.142
ROUND 1842 A#41 and B#36 = 304.973
ROUND 1843 A#42 and B#36 = 213.433
ROUND 1844 A#43 and B#36 = 193.089
ROUND 1845 A#44 and B#36 = 236.937
ROUND 1846 A#45 and B#36 = 274.94
ROUND 1847 A#46 and B#36 = 263.255
ROUND 1848 A#47 and B#36 = 215.294
ROUND 1849 A#48 and B#36 = 244.339
ROUND 1850 A#49 and B#36 = 208.143
ROUND 1851 A#0 and B#37 = 80.5443
ROUND 1852 A#1 and B#37 = 129.3
ROUND 1853 A#2 and B#37 = 252.877
ROUND 1854 A#3 and B#37 = 247.407
ROUND 1855 A#4 and B#37 = 253.135
ROUND 1856 A#5 and B#37 = 240.443
ROUND 1857 A#6 and B#37 = 239.037
ROUND 1858 A#7 and B#37 = 238.123
ROUND 1859 A#8 and B#37 = 221.11
ROUND 1860 A#9 and B#37 = 228.436
ROUND 1861 A#10 and B#37 = 198.598
ROUND 1862 A#11 and B#37 = 252.621
ROUND 1863 A#12 and B#37 = 226.214
ROUND 1864 A#13 and B#37 = 243.335
ROUND 1865 A#14 and B#37 = 255.566
ROUND 1866 A#15 and B#37 = 235.154
ROUND 1867 A#16 and B#37 = 203.438
ROUND 1868 A#17 and B#37 = 122.944
ROUND 1869 A#18 and B#37 = 150.386
ROUND 1870 A#19 and B#37 = 220.601
ROUND 1871 A#20 and B#37 = 244.798
ROUND 1872 A#21 and B#37 = 247.877
ROUND 1873 A#22 and B#37 = 236.071
ROUND 1874 A#23 and B#37 = 238.268
ROUND 1875 A#24 and B#37 = 246.859
ROUND 1876 A#25 and B#37 = 241.13
ROUND 1877 A#26 and B#37 = 259.23
ROUND 1878 A#27 and B#37 = 213.22
ROUND 1879 A#28 and B#37 = 236.073
ROUND 1880 A#29 and B#37 = 231.796
ROUND 1881 A#30 and B#37 = 108.589
ROUND 1882 A#31 and B#37 = 108.485
ROUND 1883 A#32 and B#37 = 228.936
ROUND 1884 A#33 and B#37 = 228.741
ROUND 1885 A#34 and B#37 = 232.689
ROUND 1886 A#35 and B#37 = 235.096
ROUND 1887 A#36 and B#37 = 249.744
ROUND 1888 A#37 and B#37 = 244.401
ROUND 1889 A#38 and B#37 = 232.504
ROUND 1890 A#39 and B#37 = 267.489
ROUND 1891 A#40 and B#37 = 231.08
ROUND 1892 A#41 and B#37 = 196.914
ROUND 1893 A#42 and B#37 = 260.299
ROUND 1894 A#43 and B#37 = 240.92
ROUND 1895 A#44 and B#37 = 251.98
ROUND 1896 A#45 and B#37 = 249.789
ROUND 1897 A#46 and B#37 = 267.633
ROUND 1898 A#47 and B#37 = 168.051
ROUND 1899 A#48 and B#37 = 236.021
ROUND 1900 A#49 and B#37 = 243.817
ROUND 1901 A#0 and B#38 = 246.529
ROUND 1902 A#1 and B#38 = 220.36
ROUND 1903 A#2 and B#38 = 225.287
ROUND 1904 A#3 and B#38 = 172.73
ROUND 1905 A#4 and B#38 = 231.119
ROUND 1906 A#5 and B#38 = 238.438
ROUND 1907 A#6 and B#38 = 292.419
ROUND 1908 A#7 and B#38 = 316.294
ROUND 1909 A#8 and B#38 = 178.118
ROUND 1910 A#9 and B#38 = 247.919
ROUND 1911 A#10 and B#38 = 245.931
ROUND 1912 A#11 and B#38 = 257.403
ROUND 1913 A#12 and B#38 = 240.021
ROUND 1914 A#13 and B#38 = 246.389
ROUND 1915 A#14 and B#38 = 233.919
ROUND 1916 A#15 and B#38 = 248.062
ROUND 1917 A#16 and B#38 = 235.76
ROUND 1918 A#17 and B#38 = 186.133
ROUND 1919 A#18 and B#38 = 304.124
ROUND 1920 A#19 and B#38 = 234.453
ROUND 1921 A#20 and B#38 = 227.517
ROUND 1922 A#21 and B#38 = 233.407
ROUND 1923 A#22 and B#38 = 219.828
ROUND 1924 A#23 and B#38 = 222.455
ROUND 1925 A#24 and B#38 = 267.004
ROUND 1926 A#25 and B#38 = 260.496
ROUND 1927 A#26 and B#38 = 199.586
ROUND 1928 A#27 and B#38 = 240.387
ROUND 1929 A#28 and B#38 = 218.849
ROUND 1930 A#29 and B#38 = 257.905
ROUND 1931 A#30 and B#38 = 252.989
ROUND 1932 A#31 and B#38 = 238.236
ROUND 1933 A#32 and B#38 = 247.146
ROUND 1934 A#33 and B#38 = 236.89
ROUND 1935 A#34 and B#38 = 247.923
ROUND 1936 A#35 and B#38 = 247.645
ROUND 1937 A#36 and B#38 = 210.022
ROUND 1938 A#37 and B#38 = 208.709
ROUND 1939 A#38 and B#38 = 258.442
ROUND 1940 A#39 and B#38 = 256.7
ROUND 1941 A#40 and B#38 = 247.367
ROUND 1942 A#41 and B#38 = 222.915
ROUND 1943 A#42 and B#38 = 249.276
ROUND 1944 A#43 and B#38 = 52.6332
ROUND 1945 A#44 and B#38 = 232.122
ROUND 1946 A#45 and B#38 = 28.7685
ROUND 1947 A#46 and B#38 = 257.08
ROUND 1948 A#47 and B#38 = 187.715
ROUND 1949 A#48 and B#38 = 241.2
ROUND 1950 A#49 and B#38 = 260.927
ROUND 1951 A#0 and B#39 = 285.195
ROUND 1952 A#1 and B#39 = 197.862
ROUND 1953 A#2 and B#39 = 195.333
ROUND 1954 A#3 and B#39 = 207.078
ROUND 1955 A#4 and B#39 = 297.785
ROUND 1956 A#5 and B#39 = 224.457
ROUND 1957 A#6 and B#39 = 257.422
ROUND 1958 A#7 and B#39 = 245.888
ROUND 1959 A#8 and B#39 = 137.837
ROUND 1960 A#9 and B#39 = 215.317
ROUND 1961 A#10 and B#39 = 218.741
ROUND 1962 A#11 and B#39 = 243.706
ROUND 1963 A#12 and B#39 = 219.986
ROUND 1964 A#13 and B#39 = 219.732
ROUND 1965 A#14 and B#39 = 218.767
ROUND 1966 A#15 and B#39 = 192.849
ROUND 1967 A#16 and B#39 = 197.261
ROUND 1968 A#17 and B#39 = 276.515
ROUND 1969 A#18 and B#39 = 277.853
ROUND 1970 A#19 and B#39 = 259.598
ROUND 1971 A#20 and B#39 = 179.975
ROUND 1972 A#21 and B#39 = 270.286
ROUND 1973 A#22 and B#39 = 176.82
ROUND 1974 A#23 and B#39 = 197.724
ROUND 1975 A#24 and B#39 = 206.637
ROUND 1976 A#25 and B#39 = 231.352
ROUND 1977 A#26 and B#39 = 273.797
ROUND 1978 A#27 and B#39 = 259.811
ROUND 1979 A#28 and B#39 = 176.714
ROUND 1980 A#29 and B#39 = 294.308
ROUND 1981 A#30 and B#39 = 254.129
ROUND 1982 A#31 and B#39 = 143.66
ROUND 1983 A#32 and B#39 = 207.698
ROUND 1984 A#33 and B#39 = 219.084
ROUND 1985 A#34 and B#39 = 233.821
ROUND 1986 A#35 and B#39 = 195.033
ROUND 1987 A#36 and B#39 = 238.27
ROUND 1988 A#37 and B#39 = 243.072
ROUND 1989 A#38 and B#39 = 220.993
ROUND 1990 A#39 and B#39 = 106.479
ROUND 1991 A#40 and B#39 = 257.992
ROUND 1992 A#41 and B#39 = 216.904
ROUND 1993 A#42 and B#39 = 271.716
ROUND 1994 A#43 and B#39 = 189.06
ROUND 1995 A#44 and B#39 = 205.64
ROUND 1996 A#45 and B#39 = 250.983
ROUND 1997 A#46 and B#39 = 277.927
ROUND 1998 A#47 and B#39 = 129.663
ROUND 1999 A#48 and B#39 = 175.756
ROUND 2000 A#49 and B#39 = 188.239
ROUND 2001 A#0 and B#40 = 45.2649
ROUND 2002 A#1 and B#40 = 243.725
ROUND 2003 A#2 and B#40 = 188.339
ROUND 2004 A#3 and B#40 = 193.923
ROUND 2005 A#4 and B#40 = 135.313
ROUND 2006 A#5 and B#40 = 287.57
ROUND 2007 A#6 and B#40 = 297.996
ROUND 2008 A#7 and B#40 = 297.82
ROUND 2009 A#8 and B#40 = 331.087
ROUND 2010 A#9 and B#40 = 187.326
ROUND 2011 A#10 and B#40 = 174.624
ROUND 2012 A#11 and B#40 = 326.722
ROUND 2013 A#12 and B#40 = 166.194
ROUND 2014 A#13 and B#40 = 185.038
ROUND 2015 A#14 and B#40 = 335.441
ROUND 2016 A#15 and B#40 = 185.688
ROUND 2017 A#16 and B#40 = 228.008
ROUND 2018 A#17 and B#40 = 234.014
ROUND 2019 A#18 and B#40 = 254.206
ROUND 2020 A#19 and B#40 = 189.589
ROUND 2021 A#20 and B#40 = 249.415
ROUND 2022 A#21 and B#40 = 172.185
ROUND 2023 A#22 and B#40 = 233.54
ROUND 2024 A#23 and B#40 = 254.145
ROUND 2025 A#24 and B#40 = 308.921
ROUND 2026 A#25 and B#40 = 258.815
ROUND 2027 A#26 and B#40 = 193.015
ROUND 2028 A#27 and B#40 = 309.458
ROUND 2029 A#28 and B#40 = 233.695
ROUND 2030 A#29 and B#40 = 260.97
ROUND 2031 A#30 and B#40 = 239.197
ROUND 2032 A#31 and B#40 = 260.446
ROUND 2033 A#32 and B#40 = 195.14
ROUND 2034 A#33 and B#40 = 162.286
ROUND 2035 A#34 and B#40 = 192.384
ROUND 2036 A#35 and B#40 = 191.975
ROUND 2037 A#36 and B#40 = 197.866
ROUND 2038 A#37 and B#40 = 192.099
ROUND 2039 A#38 and B#40 = 216.011
ROUND 2040 A#39 and B#40 = 204.405
ROUND 2041 A#40 and B#40 = 193.002
ROUND 2042 A#41 and B#40 = 219.113
ROUND 2043 A#42 and B#40 = 194.507
ROUND 2044 A#43 and B#40 = 260.294
ROUND 2045 A#44 and B#40 = 225.597
ROUND 2046 A#45 and B#40 = 333.464
ROUND 2047 A#46 and B#40 = 207.487
ROUND 2048 A#47 and B#40 = 270.671
ROUND 2049 A#48 and B#40 = 116.186
ROUND 2050 A#49 and B#40 = 223.599
ROUND 2051 A#0 and B#41 = 107.515
ROUND 2052 A#1 and B#41 = 269.324
ROUND 2053 A#2 and B#41 = 277.102
ROUND 2054 A#3 and B#41 = 278.256
ROUND 2055 A#4 and B#41 = 287.095
ROUND 2056 A#5 and B#41 = 224.055
ROUND 2057 A#6 and B#41 = 253.785
ROUND 2058 A#7 and B#41 = 239.938
ROUND 2059 A#8 and B#41 = 149.346
ROUND 2060 A#9 and B#41 = 277.129
ROUND 2061 A#10 and B#41 = 266.743
ROUND 2062 A#11 and B#41 = 243.716
ROUND 2063 A#12 and B#41 = 256.067
ROUND 2064 A#13 and B#41 = 210.391
ROUND 2065 A#14 and B#41 = 61.0932
ROUND 2066 A#15 and B#41 = 275.53
ROUND 2067 A#16 and B#41 = 261.72
ROUND 2068 A#17 and B#41 = 260.229
ROUND 2069 A#18 and B#41 = 268.385
ROUND 2070 A#19 and B#41 = 272.776
ROUND 2071 A#20 and B#41 = 278.709
ROUND 2072 A#21 and B#41 = 273.101
ROUND 2073 A#22 and B#41 = 268.776
ROUND 2074 A#23 and B#41 = 82.8799
ROUND 2075 A#24 and B#41 = 197.09
ROUND 2076 A#25 and B#41 = 167.873
ROUND 2077 A#26 and B#41 = 278.009
ROUND 2078 A#27 and B#41 = 277.991
ROUND 2079 A#28 and B#41 = 268.016
ROUND 2080 A#29 and B#41 = 294.936
ROUND 2081 A#30 and B#41 = 287.825
ROUND 2082 A#31 and B#41 = 295.459
ROUND 2083 A#32 and B#41 = 151.866
ROUND 2084 A#33 and B#41 = 171.261
ROUND 2085 A#34 and B#41 = 150.081
ROUND 2086 A#35 and B#41 = 283.632
ROUND 2087 A#36 and B#41 = 260.162
ROUND 2088 A#37 and B#41 = 83.6498
ROUND 2089 A#38 and B#41 = 216.485
ROUND 2090 A#39 and B#41 = 112.228
ROUND 2091 A#40 and B#41 = 151.274
ROUND 2092 A#41 and B#41 = 266.24
ROUND 2093 A#42 and B#41 = 277.357
ROUND 2094 A#43 and B#41 = 238.932
ROUND 2095 A#44 and B#41 = 232.492
ROUND 2096 A#45 and B#41 = 127.877
ROUND 2097 A#46 and B#41 = 257.337
ROUND 2098 A#47 and B#41 = 147.308
ROUND 2099 A#48 and B#41 = 170.708
ROUND 2100 A#49 and B#41 = 145.549
ROUND 2101 A#0 and B#42 = 146.172
ROUND 2102 A#1 and B#42 = 197.692
ROUND 2103 A#2 and B#42 = 279.617
ROUND 2104 A#3 and B#42 = 208.414
ROUND 2105 A#4 and B#42 = 297.443
ROUND 2106 A#5 and B#42 = 225.078
ROUND 2107 A#6 and B#42 = 258.889
ROUND 2108 A#7 and B#42 = 245.941
ROUND 2109 A#8 and B#42 = 137.171
ROUND 2110 A#9 and B#42 = 215.601
ROUND 2111 A#10 and B#42 = 219.128
ROUND 2112 A#11 and B#42 = 243.697
ROUND 2113 A#12 and B#42 = 220.644
ROUND 2114 A#13 and B#42 = 220.384
ROUND 2115 A#14 and B#42 = 218.063
ROUND 2116 A#15 and B#42 = 193.441
ROUND 2117 A#16 and B#42 = 224.758
ROUND 2118 A#17 and B#42 = 275.549
ROUND 2119 A#18 and B#42 = 275.62
ROUND 2120 A#19 and B#42 = 278.718
ROUND 2121 A#20 and B#42 = 283.807
ROUND 2122 A#21 and B#42 = 271.561
ROUND 2123 A#22 and B#42 = 271.89
ROUND 2124 A#23 and B#42 = 197.841
ROUND 2125 A#24 and B#42 = 202.664
ROUND 2126 A#25 and B#42 = 231.181
ROUND 2127 A#26 and B#42 = 275.473
ROUND 2128 A#27 and B#42 = 276.02
ROUND 2129 A#28 and B#42 = 271.155
ROUND 2130 A#29 and B#42 = 295.836
ROUND 2131 A#30 and B#42 = 255.027
ROUND 2132 A#31 and B#42 = 142.785
ROUND 2133 A#32 and B#42 = 208.186
ROUND 2134 A#33 and B#42 = 219.691
ROUND 2135 A#34 and B#42 = 234.401
ROUND 2136 A#35 and B#42 = 196.391
ROUND 2137 A#36 and B#42 = 239.542
ROUND 2138 A#37 and B#42 = 244.006
ROUND 2139 A#38 and B#42 = 220.969
ROUND 2140 A#39 and B#42 = 109.656
ROUND 2141 A#40 and B#42 = 258.49
ROUND 2142 A#41 and B#42 = 216.84
ROUND 2143 A#42 and B#42 = 273.633
ROUND 2144 A#43 and B#42 = 188.913
ROUND 2145 A#44 and B#42 = 205.976
ROUND 2146 A#45 and B#42 = 202.655
ROUND 2147 A#46 and B#42 = 275.71
ROUND 2148 A#47 and B#42 = 130.59
ROUND 2149 A#48 and B#42 = 180.198
ROUND 2150 A#49 and B#42 = 188.889
ROUND 2151 A#0 and B#43 = 143.016
ROUND 2152 A#1 and B#43 = 66.6815
ROUND 2153 A#2 and B#43 = 210.648
ROUND 2154 A#3 and B#43 = 280.496
ROUND 2155 A#4 and B#43 = 298.321
ROUND 2156 A#5 and B#43 = 224.028
ROUND 2157 A#6 and B#43 = 257.468
ROUND 2158 A#7 and B#43 = 155.783
ROUND 2159 A#8 and B#43 = 133.912
ROUND 2160 A#9 and B#43 = 209.876
ROUND 2161 A#10 and B#43 = 216.536
ROUND 2162 A#11 and B#43 = 243.367
ROUND 2163 A#12 and B#43 = 211.086
ROUND 2164 A#13 and B#43 = 210.198
ROUND 2165 A#14 and B#43 = 234.158
ROUND 2166 A#15 and B#43 = 198.362
ROUND 2167 A#16 and B#43 = 202.262
ROUND 2168 A#17 and B#43 = 276.302
ROUND 2169 A#18 and B#43 = 276.867
ROUND 2170 A#19 and B#43 = 280.166
ROUND 2171 A#20 and B#43 = 283.343
ROUND 2172 A#21 and B#43 = 271.74
ROUND 2173 A#22 and B#43 = 272.473
ROUND 2174 A#23 and B#43 = 223.131
ROUND 2175 A#24 and B#43 = 203.824
ROUND 2176 A#25 and B#43 = 267.138
ROUND 2177 A#26 and B#43 = 274.126
ROUND 2178 A#27 and B#43 = 259.033
ROUND 2179 A#28 and B#43 = 271.74
ROUND 2180 A#29 and B#43 = 194.633
ROUND 2181 A#30 and B#43 = 164.795
ROUND 2182 A#31 and B#43 = 151.334
ROUND 2183 A#32 and B#43 = 217.173
ROUND 2184 A#33 and B#43 = 209.24
ROUND 2185 A#34 and B#43 = 216.592
ROUND 2186 A#35 and B#43 = 205.468
ROUND 2187 A#36 and B#43 = 266.983
ROUND 2188 A#37 and B#43 = 244.886
ROUND 2189 A#38 and B#43 = 239.376
ROUND 2190 A#39 and B#43 = 107.453
ROUND 2191 A#40 and B#43 = 217.355
ROUND 2192 A#41 and B#43 = 215.457
ROUND 2193 A#42 and B#43 = 272.448
ROUND 2194 A#43 and B#43 = 186.281
ROUND 2195 A#44 and B#43 = 202.352
ROUND 2196 A#45 and B#43 = 251.148
ROUND 2197 A#46 and B#43 = 276.5
ROUND 2198 A#47 and B#43 = 155.439
ROUND 2199 A#48 and B#43 = 178.495
ROUND 2200 A#49 and B#43 = 196.901
ROUND 2201 A#0 and B#44 = 251.816
ROUND 2202 A#1 and B#44 = 231.167
ROUND 2203 A#2 and B#44 = 242.811
ROUND 2204 A#3 and B#44 = 232.13
ROUND 2205 A#4 and B#44 = 251.244
ROUND 2206 A#5 and B#44 = 240.302
ROUND 2207 A#6 and B#44 = 239.126
ROUND 2208 A#7 and B#44 = 238.405
ROUND 2209 A#8 and B#44 = 116.671
ROUND 2210 A#9 and B#44 = 213.085
ROUND 2211 A#10 and B#44 = 205.319
ROUND 2212 A#11 and B#44 = 227.367
ROUND 2213 A#12 and B#44 = 211.244
ROUND 2214 A#13 and B#44 = 240.343
ROUND 2215 A#14 and B#44 = 255.396
ROUND 2216 A#15 and B#44 = 221.714
ROUND 2217 A#16 and B#44 = 189.574
ROUND 2218 A#17 and B#44 = 107.359
ROUND 2219 A#18 and B#44 = 249.31
ROUND 2220 A#19 and B#44 = 254.626
ROUND 2221 A#20 and B#44 = 243.638
ROUND 2222 A#21 and B#44 = 246.634
ROUND 2223 A#22 and B#44 = 235.892
ROUND 2224 A#23 and B#44 = 234.818
ROUND 2225 A#24 and B#44 = 249.901
ROUND 2226 A#25 and B#44 = 238.485
ROUND 2227 A#26 and B#44 = 248.984
ROUND 2228 A#27 and B#44 = 238.633
ROUND 2229 A#28 and B#44 = 235.837
ROUND 2230 A#29 and B#44 = 228.643
ROUND 2231 A#30 and B#44 = 97.3318
ROUND 2232 A#31 and B#44 = 305.289
ROUND 2233 A#32 and B#44 = 213.356
ROUND 2234 A#33 and B#44 = 213.752
ROUND 2235 A#34 and B#44 = 217.255
ROUND 2236 A#35 and B#44 = 220.813
ROUND 2237 A#36 and B#44 = 248.797
ROUND 2238 A#37 and B#44 = 243.014
ROUND 2239 A#38 and B#44 = 216.341
ROUND 2240 A#39 and B#44 = 267.424
ROUND 2241 A#40 and B#44 = 215.509
ROUND 2242 A#41 and B#44 = 203.177
ROUND 2243 A#42 and B#44 = 247.924
ROUND 2244 A#43 and B#44 = 229.829
ROUND 2245 A#44 and B#44 = 239.55
ROUND 2246 A#45 and B#44 = 249.864
ROUND 2247 A#46 and B#44 = 267.558
ROUND 2248 A#47 and B#44 = 166.201
ROUND 2249 A#48 and B#44 = 235.903
ROUND 2250 A#49 and B#44 = 228.199
ROUND 2251 A#0 and B#45 = 250.047
ROUND 2252 A#1 and B#45 = 313.627
ROUND 2253 A#2 and B#45 = 219.032
ROUND 2254 A#3 and B#45 = 241.601
ROUND 2255 A#4 and B#45 = 252.553
ROUND 2256 A#5 and B#45 = 62.6492
ROUND 2257 A#6 and B#45 = 251.057
ROUND 2258 A#7 and B#45 = 236.691
ROUND 2259 A#8 and B#45 = 213.909
ROUND 2260 A#9 and B#45 = 251.142
ROUND 2261 A#10 and B#45 = 200.671
ROUND 2262 A#11 and B#45 = 220.987
ROUND 2263 A#12 and B#45 = 204.492
ROUND 2264 A#13 and B#45 = 223.269
ROUND 2265 A#14 and B#45 = 232.358
ROUND 2266 A#15 and B#45 = 251.508
ROUND 2267 A#16 and B#45 = 222.648
ROUND 2268 A#17 and B#45 = 213.435
ROUND 2269 A#18 and B#45 = 252.866
ROUND 2270 A#19 and B#45 = 254.125
ROUND 2271 A#20 and B#45 = 229.021
ROUND 2272 A#21 and B#45 = 246.255
ROUND 2273 A#22 and B#45 = 193.804
ROUND 2274 A#23 and B#45 = 244.134
ROUND 2275 A#24 and B#45 = 126.594
ROUND 2276 A#25 and B#45 = 250.132
ROUND 2277 A#26 and B#45 = 219.452
ROUND 2278 A#27 and B#45 = 222.681
ROUND 2279 A#28 and B#45 = 193.285
ROUND 2280 A#29 and B#45 = 247.848
ROUND 2281 A#30 and B#45 = 267.824
ROUND 2282 A#31 and B#45 = 258.137
ROUND 2283 A#32 and B#45 = 250.606
ROUND 2284 A#33 and B#45 = 208.901
ROUND 2285 A#34 and B#45 = 251.412
ROUND 2286 A#35 and B#45 = 251.354
ROUND 2287 A#36 and B#45 = 248.899
ROUND 2288 A#37 and B#45 = 243.492
ROUND 2289 A#38 and B#45 = 217.016
ROUND 2290 A#39 and B#45 = 266.374
ROUND 2291 A#40 and B#45 = 250.514
ROUND 2292 A#41 and B#45 = 196.967
ROUND 2293 A#42 and B#45 = 208.62
ROUND 2294 A#43 and B#45 = 236.667
ROUND 2295 A#44 and B#45 = 219.324
ROUND 2296 A#45 and B#45 = 233.782
ROUND 2297 A#46 and B#45 = 266.767
ROUND 2298 A#47 and B#45 = 255.513
ROUND 2299 A#48 and B#45 = 235.701
ROUND 2300 A#49 and B#45 = 258.871
ROUND 2301 A#0 and B#46 = 248.786
ROUND 2302 A#1 and B#46 = 333.396
ROUND 2303 A#2 and B#46 = 261.461
ROUND 2304 A#3 and B#46 = 240.755
ROUND 2305 A#4 and B#46 = 227.982
ROUND 2306 A#5 and B#46 = 233.192
ROUND 2307 A#6 and B#46 = 298.195
ROUND 2308 A#7 and B#46 = 319.165
ROUND 2309 A#8 and B#46 = 204.775
ROUND 2310 A#9 and B#46 = 243.037
ROUND 2311 A#10 and B#46 = 244.838
ROUND 2312 A#11 and B#46 = 257.811
ROUND 2313 A#12 and B#46 = 233.225
ROUND 2314 A#13 and B#46 = 264.481
ROUND 2315 A#14 and B#46 = 255.181
ROUND 2316 A#15 and B#46 = 245.033
ROUND 2317 A#16 and B#46 = 226.2
ROUND 2318 A#17 and B#46 = 267.079
ROUND 2319 A#18 and B#46 = 305.852
ROUND 2320 A#19 and B#46 = 245.208
ROUND 2321 A#20 and B#46 = 319.695
ROUND 2322 A#21 and B#46 = 229.203
ROUND 2323 A#22 and B#46 = 325.123
ROUND 2324 A#23 and B#46 = 319.209
ROUND 2325 A#24 and B#46 = 282.698
ROUND 2326 A#25 and B#46 = 223.178
ROUND 2327 A#26 and B#46 = 266.64
ROUND 2328 A#27 and B#46 = 279.313
ROUND 2329 A#28 and B#46 = 324.847
ROUND 2330 A#29 and B#46 = 289.699
ROUND 2331 A#30 and B#46 = 230.444
ROUND 2332 A#31 and B#46 = 249.894
ROUND 2333 A#32 and B#46 = 244.162
ROUND 2334 A#33 and B#46 = 227.527
ROUND 2335 A#34 and B#46 = 245.1
ROUND 2336 A#35 and B#46 = 246.539
ROUND 2337 A#36 and B#46 = 208.133
ROUND 2338 A#37 and B#46 = 207.247
ROUND 2339 A#38 and B#46 = 223.981
ROUND 2340 A#39 and B#46 = 254.694
ROUND 2341 A#40 and B#46 = 244.901
ROUND 2342 A#41 and B#46 = 244.116
ROUND 2343 A#42 and B#46 = 262.157
ROUND 2344 A#43 and B#46 = 254.118
ROUND 2345 A#44 and B#46 = 228.312
ROUND 2346 A#45 and B#46 = 244.642
ROUND 2347 A#46 and B#46 = 255.157
ROUND 2348 A#47 and B#46 = 271.222
ROUND 2349 A#48 and B#46 = 235.426
ROUND 2350 A#49 and B#46 = 242.54
ROUND 2351 A#0 and B#47 = 172.713
ROUND 2352 A#1 and B#47 = 129.839
ROUND 2353 A#2 and B#47 = 245.686
ROUND 2354 A#3 and B#47 = 194.526
ROUND 2355 A#4 and B#47 = 254.577
ROUND 2356 A#5 and B#47 = 238.681
ROUND 2357 A#6 and B#47 = 239.734
ROUND 2358 A#7 and B#47 = 237.274
ROUND 2359 A#8 and B#47 = 229.189
ROUND 2360 A#9 and B#47 = 210.145
ROUND 2361 A#10 and B#47 = 204.751
ROUND 2362 A#11 and B#47 = 239.262
ROUND 2363 A#12 and B#47 = 210.838
ROUND 2364 A#13 and B#47 = 250.374
ROUND 2365 A#14 and B#47 = 254.944
ROUND 2366 A#15 and B#47 = 210.334
ROUND 2367 A#16 and B#47 = 202.642
ROUND 2368 A#17 and B#47 = 236.269
ROUND 2369 A#18 and B#47 = 146.228
ROUND 2370 A#19 and B#47 = 94.0449
ROUND 2371 A#20 and B#47 = 242.494
ROUND 2372 A#21 and B#47 = 249.414
ROUND 2373 A#22 and B#47 = 235.993
ROUND 2374 A#23 and B#47 = 126.336
ROUND 2375 A#24 and B#47 = 245.511
ROUND 2376 A#25 and B#47 = 238.8
ROUND 2377 A#26 and B#47 = 252.014
ROUND 2378 A#27 and B#47 = 238.459
ROUND 2379 A#28 and B#47 = 225.324
ROUND 2380 A#29 and B#47 = 233.537
ROUND 2381 A#30 and B#47 = 113.745
ROUND 2382 A#31 and B#47 = 279.208
ROUND 2383 A#32 and B#47 = 207.566
ROUND 2384 A#33 and B#47 = 213.603
ROUND 2385 A#34 and B#47 = 207.406
ROUND 2386 A#35 and B#47 = 208.3
ROUND 2387 A#36 and B#47 = 251.216
ROUND 2388 A#37 and B#47 = 245.704
ROUND 2389 A#38 and B#47 = 229.043
ROUND 2390 A#39 and B#47 = 268.464
ROUND 2391 A#40 and B#47 = 207.371
ROUND 2392 A#41 and B#47 = 209.755
ROUND 2393 A#42 and B#47 = 252.056
ROUND 2394 A#43 and B#47 = 236.712
ROUND 2395 A#44 and B#47 = 239.015
ROUND 2396 A#45 and B#47 = 250.149
ROUND 2397 A#46 and B#47 = 268.839
ROUND 2398 A#47 and B#47 = 295.891
ROUND 2399 A#48 and B#47 = 235.937
ROUND 2400 A#49 and B#47 = 209.316
ROUND 2401 A#0 and B#48 = 78.711
ROUND 2402 A#1 and B#48 = 126.298
ROUND 2403 A#2 and B#48 = 243.966
ROUND 2404 A#3 and B#48 = 233.212
ROUND 2405 A#4 and B#48 = 253.084
ROUND 2406 A#5 and B#48 = 238.546
ROUND 2407 A#6 and B#48 = 239.747
ROUND 2408 A#7 and B#48 = 237.086
ROUND 2409 A#8 and B#48 = 119.329
ROUND 2410 A#9 and B#48 = 217.755
ROUND 2411 A#10 and B#48 = 202.904
ROUND 2412 A#11 and B#48 = 239.48
ROUND 2413 A#12 and B#48 = 210.284
ROUND 2414 A#13 and B#48 = 246.814
ROUND 2415 A#14 and B#48 = 255.242
ROUND 2416 A#15 and B#48 = 223.98
ROUND 2417 A#16 and B#48 = 193.776
ROUND 2418 A#17 and B#48 = 236.17
ROUND 2419 A#18 and B#48 = 138.078
ROUND 2420 A#19 and B#48 = 101.428
ROUND 2421 A#20 and B#48 = 243.05
ROUND 2422 A#21 and B#48 = 247.786
ROUND 2423 A#22 and B#48 = 235.932
ROUND 2424 A#23 and B#48 = 123.319
ROUND 2425 A#24 and B#48 = 248.704
ROUND 2426 A#25 and B#48 = 237.472
ROUND 2427 A#26 and B#48 = 251.484
ROUND 2428 A#27 and B#48 = 238.783
ROUND 2429 A#28 and B#48 = 235.879
ROUND 2430 A#29 and B#48 = 229.751
ROUND 2431 A#30 and B#48 = 106.742
ROUND 2432 A#31 and B#48 = 261.045
ROUND 2433 A#32 and B#48 = 218.367
ROUND 2434 A#33 and B#48 = 212.963
ROUND 2435 A#34 and B#48 = 222.093
ROUND 2436 A#35 and B#48 = 223.351
ROUND 2437 A#36 and B#48 = 249.7
ROUND 2438 A#37 and B#48 = 244.002
ROUND 2439 A#38 and B#48 = 236.854
ROUND 2440 A#39 and B#48 = 267.994
ROUND 2441 A#40 and B#48 = 220.427
ROUND 2442 A#41 and B#48 = 207.708
ROUND 2443 A#42 and B#48 = 249.537
ROUND 2444 A#43 and B#48 = 234.776
ROUND 2445 A#44 and B#48 = 238.615
ROUND 2446 A#45 and B#48 = 250.009
ROUND 2447 A#46 and B#48 = 268.454
ROUND 2448 A#47 and B#48 = 295.177
ROUND 2449 A#48 and B#48 = 235.908
ROUND 2450 A#49 and B#48 = 232.445
ROUND 2451 A#0 and B#49 = 114.598
ROUND 2452 A#1 and B#49 = 182.478
ROUND 2453 A#2 and B#49 = 178.184
ROUND 2454 A#3 and B#49 = 151.321
ROUND 2455 A#4 and B#49 = 38.3203
ROUND 2456 A#5 and B#49 = 141.964
ROUND 2457 A#6 and B#49 = 194.093
ROUND 2458 A#7 and B#49 = 241.774
ROUND 2459 A#8 and B#49 = 208.715
ROUND 2460 A#9 and B#49 = 180.725
ROUND 2461 A#10 and B#49 = 210.521
ROUND 2462 A#11 and B#49 = 195.86
ROUND 2463 A#12 and B#49 = 179.832
ROUND 2464 A#13 and B#49 = 180.673
ROUND 2465 A#14 and B#49 = 243.231
ROUND 2466 A#15 and B#49 = 182.861
ROUND 2467 A#16 and B#49 = 182.475
ROUND 2468 A#17 and B#49 = 245.389
ROUND 2469 A#18 and B#49 = 178.965
ROUND 2470 A#19 and B#49 = 82.6678
ROUND 2471 A#20 and B#49 = 174.157
ROUND 2472 A#21 and B#49 = 139.011
ROUND 2473 A#22 and B#49 = 166.089
ROUND 2474 A#23 and B#49 = 113.454
ROUND 2475 A#24 and B#49 = 108.625
ROUND 2476 A#25 and B#49 = 126.65
ROUND 2477 A#26 and B#49 = 151.038
ROUND 2478 A#27 and B#49 = 264.679
ROUND 2479 A#28 and B#49 = 167.16
ROUND 2480 A#29 and B#49 = 283.111
ROUND 2481 A#30 and B#49 = 112.616
ROUND 2482 A#31 and B#49 = 129.844
ROUND 2483 A#32 and B#49 = 163.146
ROUND 2484 A#33 and B#49 = 185.285
ROUND 2485 A#34 and B#49 = 163.479
ROUND 2486 A#35 and B#49 = 179.18
ROUND 2487 A#36 and B#49 = 45.853
ROUND 2488 A#37 and B#49 = 44.5596
ROUND 2489 A#38 and B#49 = 148.03
ROUND 2490 A#39 and B#49 = 65.4858
ROUND 2491 A#40 and B#49 = 162.598
ROUND 2492 A#41 and B#49 = 208.178
ROUND 2493 A#42 and B#49 = 179.003
ROUND 2494 A#43 and B#49 = 134.961
ROUND 2495 A#44 and B#49 = 98.5149
ROUND 2496 A#45 and B#49 = 236.981
ROUND 2497 A#46 and B#49 = 93.399
ROUND 2498 A#47 and B#49 = 227.609
ROUND 2499 A#48 and B#49 = 91.7095
ROUND 2500 A#49 and B#49 = 166.858

The best overlap is between conformer A#44 and B#6, which, after PCA followed by Steepest Descent, produces a volume overlap of 346.174
Tanimoto (Hodgkin) similarity index: 0.372765

Saving those best conformers to file...
WRITING MOLECULE TO FILE '../ALL_PAIRS_BQ123_AS_REFERENCE/ROKS3/BQ123-Enrasentan.mol2' (WILL OVERWRITE EXISTING FILE IF ANY)...
WRITING MOLECULE TO FILE '../ALL_PAIRS_BQ123_AS_REFERENCE/ROKS3/BQ123-Enrasentan.mol2'...
