Finished importing molecules
WARNING: LAPACK DSYEV() RETURNED NON-ZERO ERROR CODE 2
WARNING: LAPACK DSYEV() RETURNED NON-ZERO ERROR CODE 3
WARNING: LAPACK DSYEV() RETURNED NON-ZERO ERROR CODE 3
WARNING: LAPACK DSYEV() RETURNED NON-ZERO ERROR CODE 3
WARNING: LAPACK DSYEV() RETURNED NON-ZERO ERROR CODE 2
WARNING: LAPACK DSYEV() RETURNED NON-ZERO ERROR CODE 2
WARNING: LAPACK DSYEV() RETURNED NON-ZERO ERROR CODE 2
WARNING: LAPACK DSYEV() RETURNED NON-ZERO ERROR CODE 2
WARNING: LAPACK DSYEV() RETURNED NON-ZERO ERROR CODE 2
WARNING: LAPACK DSYEV() RETURNED NON-ZERO ERROR CODE 3
WARNING: LAPACK DSYEV() RETURNED NON-ZERO ERROR CODE 2
WARNING: LAPACK DSYEV() RETURNED NON-ZERO ERROR CODE 2
WARNING: LAPACK DSYEV() RETURNED NON-ZERO ERROR CODE 3
WARNING: LAPACK DSYEV() RETURNED NON-ZERO ERROR CODE 2
WARNING: LAPACK DSYEV() RETURNED NON-ZERO ERROR CODE 3
WARNING: LAPACK DSYEV() RETURNED NON-ZERO ERROR CODE 3
WARNING: LAPACK DSYEV() RETURNED NON-ZERO ERROR CODE 2
WARNING: LAPACK DSYEV() RETURNED NON-ZERO ERROR CODE 2
WARNING: LAPACK DSYEV() RETURNED NON-ZERO ERROR CODE 2
WARNING: LAPACK DSYEV() RETURNED NON-ZERO ERROR CODE 2
WARNING: LAPACK DSYEV() RETURNED NON-ZERO ERROR CODE 2
WARNING: LAPACK DSYEV() RETURNED NON-ZERO ERROR CODE 2
WARNING: LAPACK DSYEV() RETURNED NON-ZERO ERROR CODE 2
WARNING: LAPACK DSYEV() RETURNED NON-ZERO ERROR CODE 2
WARNING: LAPACK DSYEV() RETURNED NON-ZERO ERROR CODE 2
WARNING: LAPACK DSYEV() RETURNED NON-ZERO ERROR CODE 2
WARNING: LAPACK DSYEV() RETURNED NON-ZERO ERROR CODE 2
WARNING: LAPACK DSYEV() RETURNED NON-ZERO ERROR CODE 2
WARNING: LAPACK DSYEV() RETURNED NON-ZERO ERROR CODE 2
WARNING: LAPACK DSYEV() RETURNED NON-ZERO ERROR CODE 2
WARNING: LAPACK DSYEV() RETURNED NON-ZERO ERROR CODE 2
WARNING: LAPACK DSYEV() RETURNED NON-ZERO ERROR CODE 2
WARNING: LAPACK DSYEV() RETURNED NON-ZERO ERROR CODE 2
WARNING: LAPACK DSYEV() RETURNED NON-ZERO ERROR CODE 3
WARNING: LAPACK DSYEV() RETURNED NON-ZERO ERROR CODE 3
WARNING: LAPACK DSYEV() RETURNED NON-ZERO ERROR CODE 2
WARNING: LAPACK DSYEV() RETURNED NON-ZERO ERROR CODE 3
WARNING: LAPACK DSYEV() RETURNED NON-ZERO ERROR CODE 3
WARNING: LAPACK DSYEV() RETURNED NON-ZERO ERROR CODE 3
WARNING: LAPACK DSYEV() RETURNED NON-ZERO ERROR CODE 2
WARNING: LAPACK DSYEV() RETURNED NON-ZERO ERROR CODE 3
WARNING: LAPACK DSYEV() RETURNED NON-ZERO ERROR CODE 3
WARNING: LAPACK DSYEV() RETURNED NON-ZERO ERROR CODE 3
WARNING: LAPACK DSYEV() RETURNED NON-ZERO ERROR CODE 3
WARNING: LAPACK DSYEV() RETURNED NON-ZERO ERROR CODE 3
WARNING: LAPACK DSYEV() RETURNED NON-ZERO ERROR CODE 3
WARNING: LAPACK DSYEV() RETURNED NON-ZERO ERROR CODE 2
WARNING: LAPACK DSYEV() RETURNED NON-ZERO ERROR CODE 3
WARNING: LAPACK DSYEV() RETURNED NON-ZERO ERROR CODE 2
WARNING: LAPACK DSYEV() RETURNED NON-ZERO ERROR CODE 3
WARNING: LAPACK DSYEV() RETURNED NON-ZERO ERROR CODE 2
WARNING: LAPACK DSYEV() RETURNED NON-ZERO ERROR CODE 3
WARNING: LAPACK DSYEV() RETURNED NON-ZERO ERROR CODE 3
WARNING: LAPACK DSYEV() RETURNED NON-ZERO ERROR CODE 2
WARNING: LAPACK DSYEV() RETURNED NON-ZERO ERROR CODE 3
WARNING: LAPACK DSYEV() RETURNED NON-ZERO ERROR CODE 2
WARNING: LAPACK DSYEV() RETURNED NON-ZERO ERROR CODE 2
WARNING: LAPACK DSYEV() RETURNED NON-ZERO ERROR CODE 3
WARNING: LAPACK DSYEV() RETURNED NON-ZERO ERROR CODE 3
WARNING: LAPACK DSYEV() RETURNED NON-ZERO ERROR CODE 3
WARNING: LAPACK DSYEV() RETURNED NON-ZERO ERROR CODE 2
WARNING: LAPACK DSYEV() RETURNED NON-ZERO ERROR CODE 3
WARNING: LAPACK DSYEV() RETURNED NON-ZERO ERROR CODE 2
WARNING: LAPACK DSYEV() RETURNED NON-ZERO ERROR CODE 3
WARNING: LAPACK DSYEV() RETURNED NON-ZERO ERROR CODE 2
WARNING: LAPACK DSYEV() RETURNED NON-ZERO ERROR CODE 2
WARNING: LAPACK DSYEV() RETURNED NON-ZERO ERROR CODE 3
WARNING: LAPACK DSYEV() RETURNED NON-ZERO ERROR CODE 2
WARNING: LAPACK DSYEV() RETURNED NON-ZERO ERROR CODE 2
WARNING: LAPACK DSYEV() RETURNED NON-ZERO ERROR CODE 3
WARNING: LAPACK DSYEV() RETURNED NON-ZERO ERROR CODE 2
WARNING: LAPACK DSYEV() RETURNED NON-ZERO ERROR CODE 3
WARNING: LAPACK DSYEV() RETURNED NON-ZERO ERROR CODE 3
WARNING: LAPACK DSYEV() RETURNED NON-ZERO ERROR CODE 3
WARNING: LAPACK DSYEV() RETURNED NON-ZERO ERROR CODE 3
WARNING: LAPACK DSYEV() RETURNED NON-ZERO ERROR CODE 3
WARNING: LAPACK DSYEV() RETURNED NON-ZERO ERROR CODE 2
WARNING: LAPACK DSYEV() RETURNED NON-ZERO ERROR CODE 3
WARNING: LAPACK DSYEV() RETURNED NON-ZERO ERROR CODE 3
WARNING: LAPACK DSYEV() RETURNED NON-ZERO ERROR CODE 3
WARNING: LAPACK DSYEV() RETURNED NON-ZERO ERROR CODE 2
WARNING: LAPACK DSYEV() RETURNED NON-ZERO ERROR CODE 3
WARNING: LAPACK DSYEV() RETURNED NON-ZERO ERROR CODE 2
WARNING: LAPACK DSYEV() RETURNED NON-ZERO ERROR CODE 3
WARNING: LAPACK DSYEV() RETURNED NON-ZERO ERROR CODE 2
WARNING: LAPACK DSYEV() RETURNED NON-ZERO ERROR CODE 3
WARNING: LAPACK DSYEV() RETURNED NON-ZERO ERROR CODE 3
WARNING: LAPACK DSYEV() RETURNED NON-ZERO ERROR CODE 2
WARNING: LAPACK DSYEV() RETURNED NON-ZERO ERROR CODE 2
WARNING: LAPACK DSYEV() RETURNED NON-ZERO ERROR CODE 3
WARNING: LAPACK DSYEV() RETURNED NON-ZERO ERROR CODE 3
WARNING: LAPACK DSYEV() RETURNED NON-ZERO ERROR CODE 3
WARNING: LAPACK DSYEV() RETURNED NON-ZERO ERROR CODE 3
WARNING: LAPACK DSYEV() RETURNED NON-ZERO ERROR CODE 3
WARNING: LAPACK DSYEV() RETURNED NON-ZERO ERROR CODE 2
WARNING: LAPACK DSYEV() RETURNED NON-ZERO ERROR CODE 2
WARNING: LAPACK DSYEV() RETURNED NON-ZERO ERROR CODE 2
WARNING: LAPACK DSYEV() RETURNED NON-ZERO ERROR CODE 2
WARNING: LAPACK DSYEV() RETURNED NON-ZERO ERROR CODE 2
WARNING: LAPACK DSYEV() RETURNED NON-ZERO ERROR CODE 3
Finished setting up data; running search...
ROUND 1 A#0 and B#0 = 355.169
ROUND 2 A#1 and B#0 = 195.81
ROUND 3 A#2 and B#0 = 297.777
ROUND 4 A#3 and B#0 = 212.938
ROUND 5 A#4 and B#0 = 249.259
ROUND 6 A#5 and B#0 = 367.635
ROUND 7 A#6 and B#0 = 258.495
ROUND 8 A#7 and B#0 = 216.183
ROUND 9 A#8 and B#0 = 207.178
ROUND 10 A#9 and B#0 = 240.979
ROUND 11 A#10 and B#0 = 207.585
ROUND 12 A#11 and B#0 = 172.909
ROUND 13 A#12 and B#0 = 196.063
ROUND 14 A#13 and B#0 = 204.06
ROUND 15 A#14 and B#0 = 344.271
ROUND 16 A#15 and B#0 = 244.667
ROUND 17 A#16 and B#0 = 205.93
ROUND 18 A#17 and B#0 = 202.585
ROUND 19 A#18 and B#0 = 208.864
ROUND 20 A#19 and B#0 = 259.536
ROUND 21 A#20 and B#0 = 211.817
ROUND 22 A#21 and B#0 = 227.405
ROUND 23 A#22 and B#0 = 215.572
ROUND 24 A#23 and B#0 = 256.296
ROUND 25 A#24 and B#0 = 222.736
ROUND 26 A#25 and B#0 = 214.936
ROUND 27 A#26 and B#0 = 249.463
ROUND 28 A#27 and B#0 = 216.124
ROUND 29 A#28 and B#0 = 232.208
ROUND 30 A#29 and B#0 = 265.982
ROUND 31 A#30 and B#0 = 236.216
ROUND 32 A#31 and B#0 = 239.145
ROUND 33 A#32 and B#0 = 254.458
ROUND 34 A#33 and B#0 = 214.601
ROUND 35 A#34 and B#0 = 235.49
ROUND 36 A#35 and B#0 = 209.204
ROUND 37 A#36 and B#0 = 267.605
ROUND 38 A#37 and B#0 = 237.851
ROUND 39 A#38 and B#0 = 194.48
ROUND 40 A#39 and B#0 = 271.061
ROUND 41 A#40 and B#0 = 197.826
ROUND 42 A#41 and B#0 = 207.078
ROUND 43 A#42 and B#0 = 249.173
ROUND 44 A#43 and B#0 = 249.63
ROUND 45 A#44 and B#0 = 353.748
ROUND 46 A#45 and B#0 = 248.203
ROUND 47 A#46 and B#0 = 158.626
ROUND 48 A#47 and B#0 = 176.057
ROUND 49 A#48 and B#0 = 285.793
ROUND 50 A#49 and B#0 = 249.952
ROUND 51 A#0 and B#1 = 270.618
ROUND 52 A#1 and B#1 = 242.17
ROUND 53 A#2 and B#1 = 214.439
ROUND 54 A#3 and B#1 = 219.448
ROUND 55 A#4 and B#1 = 204.492
ROUND 56 A#5 and B#1 = 43.1056
ROUND 57 A#6 and B#1 = 185.964
ROUND 58 A#7 and B#1 = 226.996
ROUND 59 A#8 and B#1 = 242.074
ROUND 60 A#9 and B#1 = 227.521
ROUND 61 A#10 and B#1 = 243.759
ROUND 62 A#11 and B#1 = 224.437
ROUND 63 A#12 and B#1 = 346.444
ROUND 64 A#13 and B#1 = 226.903
ROUND 65 A#14 and B#1 = 220.222
ROUND 66 A#15 and B#1 = 246.246
ROUND 67 A#16 and B#1 = 175.947
ROUND 68 A#17 and B#1 = 226.73
ROUND 69 A#18 and B#1 = 147.634
ROUND 70 A#19 and B#1 = 218.354
ROUND 71 A#20 and B#1 = 222.462
ROUND 72 A#21 and B#1 = 199.253
ROUND 73 A#22 and B#1 = 213.213
ROUND 74 A#23 and B#1 = 276.052
ROUND 75 A#24 and B#1 = 180.678
ROUND 76 A#25 and B#1 = 224.032
ROUND 77 A#26 and B#1 = 210.643
ROUND 78 A#27 and B#1 = 215.374
ROUND 79 A#28 and B#1 = 231.624
ROUND 80 A#29 and B#1 = 216.064
ROUND 81 A#30 and B#1 = 283.815
ROUND 82 A#31 and B#1 = 226.348
ROUND 83 A#32 and B#1 = 389.93
ROUND 84 A#33 and B#1 = 217.771
ROUND 85 A#34 and B#1 = 311.644
ROUND 86 A#35 and B#1 = 239.709
ROUND 87 A#36 and B#1 = 359.181
ROUND 88 A#37 and B#1 = 200.591
ROUND 89 A#38 and B#1 = 95.5294
ROUND 90 A#39 and B#1 = 185.723
ROUND 91 A#40 and B#1 = 56.6803
ROUND 92 A#41 and B#1 = 243.913
ROUND 93 A#42 and B#1 = 353.837
ROUND 94 A#43 and B#1 = 354.074
ROUND 95 A#44 and B#1 = 250.636
ROUND 96 A#45 and B#1 = 351.161
ROUND 97 A#46 and B#1 = 238.892
ROUND 98 A#47 and B#1 = 244.136
ROUND 99 A#48 and B#1 = 316.298
ROUND 100 A#49 and B#1 = 286.511
ROUND 101 A#0 and B#2 = 243.571
ROUND 102 A#1 and B#2 = 243.023
ROUND 103 A#2 and B#2 = 215.39
ROUND 104 A#3 and B#2 = 151.648
ROUND 105 A#4 and B#2 = 207.809
ROUND 106 A#5 and B#2 = 42.9423
ROUND 107 A#6 and B#2 = 203.31
ROUND 108 A#7 and B#2 = 232.097
ROUND 109 A#8 and B#2 = 248.907
ROUND 110 A#9 and B#2 = 298.011
ROUND 111 A#10 and B#2 = 250.49
ROUND 112 A#11 and B#2 = 230.939
ROUND 113 A#12 and B#2 = 344.31
ROUND 114 A#13 and B#2 = 231.823
ROUND 115 A#14 and B#2 = 218.829
ROUND 116 A#15 and B#2 = 249.685
ROUND 117 A#16 and B#2 = 178.159
ROUND 118 A#17 and B#2 = 231.743
ROUND 119 A#18 and B#2 = 156.674
ROUND 120 A#19 and B#2 = 175.593
ROUND 121 A#20 and B#2 = 225.101
ROUND 122 A#21 and B#2 = 203.138
ROUND 123 A#22 and B#2 = 206.577
ROUND 124 A#23 and B#2 = 275.955
ROUND 125 A#24 and B#2 = 203.117
ROUND 126 A#25 and B#2 = 229.413
ROUND 127 A#26 and B#2 = 216.104
ROUND 128 A#27 and B#2 = 209.019
ROUND 129 A#28 and B#2 = 235.116
ROUND 130 A#29 and B#2 = 220.803
ROUND 131 A#30 and B#2 = 284.067
ROUND 132 A#31 and B#2 = 111.127
ROUND 133 A#32 and B#2 = 392.25
ROUND 134 A#33 and B#2 = 218.157
ROUND 135 A#34 and B#2 = 311.122
ROUND 136 A#35 and B#2 = 250.82
ROUND 137 A#36 and B#2 = 358.429
ROUND 138 A#37 and B#2 = 200.64
ROUND 139 A#38 and B#2 = 99.8171
ROUND 140 A#39 and B#2 = 195.734
ROUND 141 A#40 and B#2 = 195.639
ROUND 142 A#41 and B#2 = 274.503
ROUND 143 A#42 and B#2 = 355.336
ROUND 144 A#43 and B#2 = 355.614
ROUND 145 A#44 and B#2 = 274.466
ROUND 146 A#45 and B#2 = 352.033
ROUND 147 A#46 and B#2 = 240.423
ROUND 148 A#47 and B#2 = 244.125
ROUND 149 A#48 and B#2 = 318.407
ROUND 150 A#49 and B#2 = 284.143
ROUND 151 A#0 and B#3 = 318.079
ROUND 152 A#1 and B#3 = 318.371
ROUND 153 A#2 and B#3 = 191.12
ROUND 154 A#3 and B#3 = 251.452
ROUND 155 A#4 and B#3 = 181.669
ROUND 156 A#5 and B#3 = 253.593
ROUND 157 A#6 and B#3 = 225.136
ROUND 158 A#7 and B#3 = 267.754
ROUND 159 A#8 and B#3 = 180.369
ROUND 160 A#9 and B#3 = 294.546
ROUND 161 A#10 and B#3 = 181.281
ROUND 162 A#11 and B#3 = 129.579
ROUND 163 A#12 and B#3 = 65.9955
ROUND 164 A#13 and B#3 = 130.268
ROUND 165 A#14 and B#3 = 93.1303
ROUND 166 A#15 and B#3 = 224.287
ROUND 167 A#16 and B#3 = 207.602
ROUND 168 A#17 and B#3 = 132.634
ROUND 169 A#18 and B#3 = 210.747
ROUND 170 A#19 and B#3 = 213.275
ROUND 171 A#20 and B#3 = 265.469
ROUND 172 A#21 and B#3 = 252.478
ROUND 173 A#22 and B#3 = 170.576
ROUND 174 A#23 and B#3 = 238.079
ROUND 175 A#24 and B#3 = 238.365
ROUND 176 A#25 and B#3 = 127.936
ROUND 177 A#26 and B#3 = 204.498
ROUND 178 A#27 and B#3 = 177.861
ROUND 179 A#28 and B#3 = 257.441
ROUND 180 A#29 and B#3 = 164.278
ROUND 181 A#30 and B#3 = 228.479
ROUND 182 A#31 and B#3 = 296.713
ROUND 183 A#32 and B#3 = 232.059
ROUND 184 A#33 and B#3 = 201.667
ROUND 185 A#34 and B#3 = 298.72
ROUND 186 A#35 and B#3 = 278.238
ROUND 187 A#36 and B#3 = 238.766
ROUND 188 A#37 and B#3 = 272.385
ROUND 189 A#38 and B#3 = 268.315
ROUND 190 A#39 and B#3 = 195.258
ROUND 191 A#40 and B#3 = 261.06
ROUND 192 A#41 and B#3 = 263.871
ROUND 193 A#42 and B#3 = 202.535
ROUND 194 A#43 and B#3 = 203.295
ROUND 195 A#44 and B#3 = 240.304
ROUND 196 A#45 and B#3 = 236.6
ROUND 197 A#46 and B#3 = 213.524
ROUND 198 A#47 and B#3 = 207.319
ROUND 199 A#48 and B#3 = 302.78
ROUND 200 A#49 and B#3 = 241.863
ROUND 201 A#0 and B#4 = 310.119
ROUND 202 A#1 and B#4 = 216.18
ROUND 203 A#2 and B#4 = 227.476
ROUND 204 A#3 and B#4 = 265.171
ROUND 205 A#4 and B#4 = 239.679
ROUND 206 A#5 and B#4 = 166.022
ROUND 207 A#6 and B#4 = 259.123
ROUND 208 A#7 and B#4 = 286.403
ROUND 209 A#8 and B#4 = 277.263
ROUND 210 A#9 and B#4 = 212.72
ROUND 211 A#10 and B#4 = 278.614
ROUND 212 A#11 and B#4 = 287.981
ROUND 213 A#12 and B#4 = 258.876
ROUND 214 A#13 and B#4 = 286.846
ROUND 215 A#14 and B#4 = 245.282
ROUND 216 A#15 and B#4 = 198.226
ROUND 217 A#16 and B#4 = 182.983
ROUND 218 A#17 and B#4 = 286.965
ROUND 219 A#18 and B#4 = 154.07
ROUND 220 A#19 and B#4 = 272.444
ROUND 221 A#20 and B#4 = 282.501
ROUND 222 A#21 and B#4 = 256.365
ROUND 223 A#22 and B#4 = 269.206
ROUND 224 A#23 and B#4 = 287.083
ROUND 225 A#24 and B#4 = 215.09
ROUND 226 A#25 and B#4 = 280.256
ROUND 227 A#26 and B#4 = 225.409
ROUND 228 A#27 and B#4 = 272.803
ROUND 229 A#28 and B#4 = 275.427
ROUND 230 A#29 and B#4 = 247.872
ROUND 231 A#30 and B#4 = 314.627
ROUND 232 A#31 and B#4 = 304.185
ROUND 233 A#32 and B#4 = 237.402
ROUND 234 A#33 and B#4 = 254.994
ROUND 235 A#34 and B#4 = 246.301
ROUND 236 A#35 and B#4 = 221.988
ROUND 237 A#36 and B#4 = 162.758
ROUND 238 A#37 and B#4 = 227.204
ROUND 239 A#38 and B#4 = 235.383
ROUND 240 A#39 and B#4 = 217.837
ROUND 241 A#40 and B#4 = 263.34
ROUND 242 A#41 and B#4 = 295.8
ROUND 243 A#42 and B#4 = 249.05
ROUND 244 A#43 and B#4 = 247.4
ROUND 245 A#44 and B#4 = 231.521
ROUND 246 A#45 and B#4 = 249.298
ROUND 247 A#46 and B#4 = 177.664
ROUND 248 A#47 and B#4 = 200.825
ROUND 249 A#48 and B#4 = 242.218
ROUND 250 A#49 and B#4 = 304.811
ROUND 251 A#0 and B#5 = 316.983
ROUND 252 A#1 and B#5 = 294.423
ROUND 253 A#2 and B#5 = 260.512
ROUND 254 A#3 and B#5 = 212.904
ROUND 255 A#4 and B#5 = 169.513
ROUND 256 A#5 and B#5 = 267.636
ROUND 257 A#6 and B#5 = 229.037
ROUND 258 A#7 and B#5 = 138.334
ROUND 259 A#8 and B#5 = 249.777
ROUND 260 A#9 and B#5 = 155.765
ROUND 261 A#10 and B#5 = 182.44
ROUND 262 A#11 and B#5 = 162.651
ROUND 263 A#12 and B#5 = 199.962
ROUND 264 A#13 and B#5 = 136.184
ROUND 265 A#14 and B#5 = 233.997
ROUND 266 A#15 and B#5 = 155.306
ROUND 267 A#16 and B#5 = 212.675
ROUND 268 A#17 and B#5 = 137.491
ROUND 269 A#18 and B#5 = 228.938
ROUND 270 A#19 and B#5 = 219.331
ROUND 271 A#20 and B#5 = 152.856
ROUND 272 A#21 and B#5 = 168.589
ROUND 273 A#22 and B#5 = 172.486
ROUND 274 A#23 and B#5 = 239.268
ROUND 275 A#24 and B#5 = 241.251
ROUND 276 A#25 and B#5 = 132.98
ROUND 277 A#26 and B#5 = 208.098
ROUND 278 A#27 and B#5 = 179.474
ROUND 279 A#28 and B#5 = 137.802
ROUND 280 A#29 and B#5 = 164.46
ROUND 281 A#30 and B#5 = 234.63
ROUND 282 A#31 and B#5 = 297.669
ROUND 283 A#32 and B#5 = 208.421
ROUND 284 A#33 and B#5 = 33.7874
ROUND 285 A#34 and B#5 = 290.839
ROUND 286 A#35 and B#5 = 278.461
ROUND 287 A#36 and B#5 = 241.293
ROUND 288 A#37 and B#5 = 213.542
ROUND 289 A#38 and B#5 = 196.215
ROUND 290 A#39 and B#5 = 195.514
ROUND 291 A#40 and B#5 = 252.72
ROUND 292 A#41 and B#5 = 257.87
ROUND 293 A#42 and B#5 = 164.961
ROUND 294 A#43 and B#5 = 165.754
ROUND 295 A#44 and B#5 = 133.065
ROUND 296 A#45 and B#5 = 184.31
ROUND 297 A#46 and B#5 = 218.442
ROUND 298 A#47 and B#5 = 166.71
ROUND 299 A#48 and B#5 = 302.007
ROUND 300 A#49 and B#5 = 316.635
ROUND 301 A#0 and B#6 = 267.908
ROUND 302 A#1 and B#6 = 230.084
ROUND 303 A#2 and B#6 = 297.262
ROUND 304 A#3 and B#6 = 290.101
ROUND 305 A#4 and B#6 = 183.876
ROUND 306 A#5 and B#6 = 260.433
ROUND 307 A#6 and B#6 = 279.637
ROUND 308 A#7 and B#6 = 312.781
ROUND 309 A#8 and B#6 = 256.39
ROUND 310 A#9 and B#6 = 54.0598
ROUND 311 A#10 and B#6 = 255.969
ROUND 312 A#11 and B#6 = 169.786
ROUND 313 A#12 and B#6 = 233.358
ROUND 314 A#13 and B#6 = 313.167
ROUND 315 A#14 and B#6 = 295.267
ROUND 316 A#15 and B#6 = 249.522
ROUND 317 A#16 and B#6 = 229.855
ROUND 318 A#17 and B#6 = 313.353
ROUND 319 A#18 and B#6 = 242.709
ROUND 320 A#19 and B#6 = 82.9966
ROUND 321 A#20 and B#6 = 315.336
ROUND 322 A#21 and B#6 = 297.487
ROUND 323 A#22 and B#6 = 285.667
ROUND 324 A#23 and B#6 = 222.876
ROUND 325 A#24 and B#6 = 225.834
ROUND 326 A#25 and B#6 = 312.352
ROUND 327 A#26 and B#6 = 240.19
ROUND 328 A#27 and B#6 = 291.346
ROUND 329 A#28 and B#6 = 307.929
ROUND 330 A#29 and B#6 = 288.369
ROUND 331 A#30 and B#6 = 291.823
ROUND 332 A#31 and B#6 = 312.292
ROUND 333 A#32 and B#6 = 288.747
ROUND 334 A#33 and B#6 = 237.709
ROUND 335 A#34 and B#6 = 267.402
ROUND 336 A#35 and B#6 = 240.863
ROUND 337 A#36 and B#6 = 266.429
ROUND 338 A#37 and B#6 = 243.035
ROUND 339 A#38 and B#6 = 245.444
ROUND 340 A#39 and B#6 = 250.885
ROUND 341 A#40 and B#6 = 211.347
ROUND 342 A#41 and B#6 = 249.738
ROUND 343 A#42 and B#6 = 134.878
ROUND 344 A#43 and B#6 = 134.063
ROUND 345 A#44 and B#6 = 227.928
ROUND 346 A#45 and B#6 = 67.6226
ROUND 347 A#46 and B#6 = 227.18
ROUND 348 A#47 and B#6 = 156.846
ROUND 349 A#48 and B#6 = 225.884
ROUND 350 A#49 and B#6 = 230.477
ROUND 351 A#0 and B#7 = 247.281
ROUND 352 A#1 and B#7 = 242.605
ROUND 353 A#2 and B#7 = 199.073
ROUND 354 A#3 and B#7 = 218.206
ROUND 355 A#4 and B#7 = 203.327
ROUND 356 A#5 and B#7 = 39.8102
ROUND 357 A#6 and B#7 = 178.111
ROUND 358 A#7 and B#7 = 227.103
ROUND 359 A#8 and B#7 = 239.992
ROUND 360 A#9 and B#7 = 178.514
ROUND 361 A#10 and B#7 = 241.691
ROUND 362 A#11 and B#7 = 224.879
ROUND 363 A#12 and B#7 = 347.565
ROUND 364 A#13 and B#7 = 227.301
ROUND 365 A#14 and B#7 = 302.395
ROUND 366 A#15 and B#7 = 245.036
ROUND 367 A#16 and B#7 = 160.608
ROUND 368 A#17 and B#7 = 226.683
ROUND 369 A#18 and B#7 = 131.848
ROUND 370 A#19 and B#7 = 160.279
ROUND 371 A#20 and B#7 = 222.906
ROUND 372 A#21 and B#7 = 196.652
ROUND 373 A#22 and B#7 = 209.943
ROUND 374 A#23 and B#7 = 274.401
ROUND 375 A#24 and B#7 = 189.233
ROUND 376 A#25 and B#7 = 224.281
ROUND 377 A#26 and B#7 = 214.302
ROUND 378 A#27 and B#7 = 212.629
ROUND 379 A#28 and B#7 = 231.013
ROUND 380 A#29 and B#7 = 216.496
ROUND 381 A#30 and B#7 = 281.901
ROUND 382 A#31 and B#7 = 225.663
ROUND 383 A#32 and B#7 = 319.812
ROUND 384 A#33 and B#7 = 217.693
ROUND 385 A#34 and B#7 = 311.733
ROUND 386 A#35 and B#7 = 240.211
ROUND 387 A#36 and B#7 = 359.5
ROUND 388 A#37 and B#7 = 200.609
ROUND 389 A#38 and B#7 = 93.3781
ROUND 390 A#39 and B#7 = 184.615
ROUND 391 A#40 and B#7 = 196.612
ROUND 392 A#41 and B#7 = 244.459
ROUND 393 A#42 and B#7 = 354.565
ROUND 394 A#43 and B#7 = 354.841
ROUND 395 A#44 and B#7 = 251.204
ROUND 396 A#45 and B#7 = 352.12
ROUND 397 A#46 and B#7 = 238.424
ROUND 398 A#47 and B#7 = 242.91
ROUND 399 A#48 and B#7 = 316.678
ROUND 400 A#49 and B#7 = 284.917
ROUND 401 A#0 and B#8 = 314.945
ROUND 402 A#1 and B#8 = 275.215
ROUND 403 A#2 and B#8 = 196.033
ROUND 404 A#3 and B#8 = 156.199
ROUND 405 A#4 and B#8 = 204.809
ROUND 406 A#5 and B#8 = 249.233
ROUND 407 A#6 and B#8 = 284.317
ROUND 408 A#7 and B#8 = 51.7507
ROUND 409 A#8 and B#8 = 93.7309
ROUND 410 A#9 and B#8 = 262.112
ROUND 411 A#10 and B#8 = 71.1832
ROUND 412 A#11 and B#8 = 130.734
ROUND 413 A#12 and B#8 = 208.807
ROUND 414 A#13 and B#8 = 52.8414
ROUND 415 A#14 and B#8 = 198.126
ROUND 416 A#15 and B#8 = 338.533
ROUND 417 A#16 and B#8 = 138.124
ROUND 418 A#17 and B#8 = 52.3491
ROUND 419 A#18 and B#8 = 295.733
ROUND 420 A#19 and B#8 = 88.9268
ROUND 421 A#20 and B#8 = 47.1781
ROUND 422 A#21 and B#8 = 84.6445
ROUND 423 A#22 and B#8 = 79.0913
ROUND 424 A#23 and B#8 = 318.666
ROUND 425 A#24 and B#8 = 189.203
ROUND 426 A#25 and B#8 = 57.6929
ROUND 427 A#26 and B#8 = 259.521
ROUND 428 A#27 and B#8 = 70.2841
ROUND 429 A#28 and B#8 = 66.8594
ROUND 430 A#29 and B#8 = 66.5238
ROUND 431 A#30 and B#8 = 138.794
ROUND 432 A#31 and B#8 = 204.366
ROUND 433 A#32 and B#8 = 315.511
ROUND 434 A#33 and B#8 = 260.182
ROUND 435 A#34 and B#8 = 232.998
ROUND 436 A#35 and B#8 = 266.186
ROUND 437 A#36 and B#8 = 93.6354
ROUND 438 A#37 and B#8 = 256.903
ROUND 439 A#38 and B#8 = 65.245
ROUND 440 A#39 and B#8 = 56.5583
ROUND 441 A#40 and B#8 = 290.575
ROUND 442 A#41 and B#8 = 258.979
ROUND 443 A#42 and B#8 = 268.732
ROUND 444 A#43 and B#8 = 268.964
ROUND 445 A#44 and B#8 = 277.501
ROUND 446 A#45 and B#8 = 247.069
ROUND 447 A#46 and B#8 = 102.886
ROUND 448 A#47 and B#8 = 295.751
ROUND 449 A#48 and B#8 = 256.493
ROUND 450 A#49 and B#8 = 263.443
ROUND 451 A#0 and B#9 = 292.133
ROUND 452 A#1 and B#9 = 277.019
ROUND 453 A#2 and B#9 = 196.641
ROUND 454 A#3 and B#9 = 245.007
ROUND 455 A#4 and B#9 = 204.259
ROUND 456 A#5 and B#9 = 248.199
ROUND 457 A#6 and B#9 = 285.287
ROUND 458 A#7 and B#9 = 128.553
ROUND 459 A#8 and B#9 = 71.619
ROUND 460 A#9 and B#9 = 262.546
ROUND 461 A#10 and B#9 = 73.6825
ROUND 462 A#11 and B#9 = 125.989
ROUND 463 A#12 and B#9 = 272.929
ROUND 464 A#13 and B#9 = 210.778
ROUND 465 A#14 and B#9 = 210.407
ROUND 466 A#15 and B#9 = 244.243
ROUND 467 A#16 and B#9 = 262.665
ROUND 468 A#17 and B#9 = 62.0775
ROUND 469 A#18 and B#9 = 295.559
ROUND 470 A#19 and B#9 = 102.118
ROUND 471 A#20 and B#9 = 110.987
ROUND 472 A#21 and B#9 = 92.1273
ROUND 473 A#22 and B#9 = 85.3874
ROUND 474 A#23 and B#9 = 202.832
ROUND 475 A#24 and B#9 = 234.683
ROUND 476 A#25 and B#9 = 215.695
ROUND 477 A#26 and B#9 = 321.263
ROUND 478 A#27 and B#9 = 76.9935
ROUND 479 A#28 and B#9 = 244.606
ROUND 480 A#29 and B#9 = 256.31
ROUND 481 A#30 and B#9 = 139.745
ROUND 482 A#31 and B#9 = 299.894
ROUND 483 A#32 and B#9 = 314.155
ROUND 484 A#33 and B#9 = 256.274
ROUND 485 A#34 and B#9 = 236.278
ROUND 486 A#35 and B#9 = 140.804
ROUND 487 A#36 and B#9 = 83.9075
ROUND 488 A#37 and B#9 = 258.208
ROUND 489 A#38 and B#9 = 72.6301
ROUND 490 A#39 and B#9 = 75.651
ROUND 491 A#40 and B#9 = 296.028
ROUND 492 A#41 and B#9 = 189.935
ROUND 493 A#42 and B#9 = 268.823
ROUND 494 A#43 and B#9 = 268.786
ROUND 495 A#44 and B#9 = 285.732
ROUND 496 A#45 and B#9 = 247.812
ROUND 497 A#46 and B#9 = 113.259
ROUND 498 A#47 and B#9 = 296.781
ROUND 499 A#48 and B#9 = 259.388
ROUND 500 A#49 and B#9 = 288.583
ROUND 501 A#0 and B#10 = 318.431
ROUND 502 A#1 and B#10 = 318.174
ROUND 503 A#2 and B#10 = 191.006
ROUND 504 A#3 and B#10 = 252.09
ROUND 505 A#4 and B#10 = 186.402
ROUND 506 A#5 and B#10 = 250.924
ROUND 507 A#6 and B#10 = 225.813
ROUND 508 A#7 and B#10 = 138.687
ROUND 509 A#8 and B#10 = 176.771
ROUND 510 A#9 and B#10 = 294.659
ROUND 511 A#10 and B#10 = 177.578
ROUND 512 A#11 and B#10 = 160.729
ROUND 513 A#12 and B#10 = 63.9555
ROUND 514 A#13 and B#10 = 136.625
ROUND 515 A#14 and B#10 = 90.5594
ROUND 516 A#15 and B#10 = 228.213
ROUND 517 A#16 and B#10 = 203.689
ROUND 518 A#17 and B#10 = 138.093
ROUND 519 A#18 and B#10 = 205.027
ROUND 520 A#19 and B#10 = 213.465
ROUND 521 A#20 and B#10 = 262.028
ROUND 522 A#21 and B#10 = 253.499
ROUND 523 A#22 and B#10 = 167.887
ROUND 524 A#23 and B#10 = 240.586
ROUND 525 A#24 and B#10 = 236.529
ROUND 526 A#25 and B#10 = 133.776
ROUND 527 A#26 and B#10 = 204.226
ROUND 528 A#27 and B#10 = 175.16
ROUND 529 A#28 and B#10 = 253.6
ROUND 530 A#29 and B#10 = 166.97
ROUND 531 A#30 and B#10 = 224.154
ROUND 532 A#31 and B#10 = 296.399
ROUND 533 A#32 and B#10 = 231.275
ROUND 534 A#33 and B#10 = 192.63
ROUND 535 A#34 and B#10 = 297.45
ROUND 536 A#35 and B#10 = 277.71
ROUND 537 A#36 and B#10 = 233.569
ROUND 538 A#37 and B#10 = 272.724
ROUND 539 A#38 and B#10 = 268.836
ROUND 540 A#39 and B#10 = 195.401
ROUND 541 A#40 and B#10 = 260.128
ROUND 542 A#41 and B#10 = 262.926
ROUND 543 A#42 and B#10 = 203.136
ROUND 544 A#43 and B#10 = 203.896
ROUND 545 A#44 and B#10 = 247.998
ROUND 546 A#45 and B#10 = 237.685
ROUND 547 A#46 and B#10 = 214.53
ROUND 548 A#47 and B#10 = 207.996
ROUND 549 A#48 and B#10 = 302.82
ROUND 550 A#49 and B#10 = 261.508
ROUND 551 A#0 and B#11 = 242.474
ROUND 552 A#1 and B#11 = 173.7
ROUND 553 A#2 and B#11 = 215.792
ROUND 554 A#3 and B#11 = 152.865
ROUND 555 A#4 and B#11 = 208.89
ROUND 556 A#5 and B#11 = 45.6585
ROUND 557 A#6 and B#11 = 204.426
ROUND 558 A#7 and B#11 = 233.48
ROUND 559 A#8 and B#11 = 251.947
ROUND 560 A#9 and B#11 = 298.139
ROUND 561 A#10 and B#11 = 253.612
ROUND 562 A#11 and B#11 = 232.473
ROUND 563 A#12 and B#11 = 343.581
ROUND 564 A#13 and B#11 = 233.33
ROUND 565 A#14 and B#11 = 217.883
ROUND 566 A#15 and B#11 = 249.978
ROUND 567 A#16 and B#11 = 178.114
ROUND 568 A#17 and B#11 = 233.247
ROUND 569 A#18 and B#11 = 156.826
ROUND 570 A#19 and B#11 = 178.451
ROUND 571 A#20 and B#11 = 226.979
ROUND 572 A#21 and B#11 = 204.691
ROUND 573 A#22 and B#11 = 206.416
ROUND 574 A#23 and B#11 = 276.034
ROUND 575 A#24 and B#11 = 203.731
ROUND 576 A#25 and B#11 = 231.038
ROUND 577 A#26 and B#11 = 217.313
ROUND 578 A#27 and B#11 = 208.732
ROUND 579 A#28 and B#11 = 238.187
ROUND 580 A#29 and B#11 = 221.781
ROUND 581 A#30 and B#11 = 284.3
ROUND 582 A#31 and B#11 = 227.019
ROUND 583 A#32 and B#11 = 390.842
ROUND 584 A#33 and B#11 = 218.431
ROUND 585 A#34 and B#11 = 311.731
ROUND 586 A#35 and B#11 = 251.744
ROUND 587 A#36 and B#11 = 358.596
ROUND 588 A#37 and B#11 = 200.431
ROUND 589 A#38 and B#11 = 98.0184
ROUND 590 A#39 and B#11 = 196.688
ROUND 591 A#40 and B#11 = 361.583
ROUND 592 A#41 and B#11 = 274.112
ROUND 593 A#42 and B#11 = 353.539
ROUND 594 A#43 and B#11 = 353.801
ROUND 595 A#44 and B#11 = 272.984
ROUND 596 A#45 and B#11 = 350.692
ROUND 597 A#46 and B#11 = 241.56
ROUND 598 A#47 and B#11 = 244.246
ROUND 599 A#48 and B#11 = 316.953
ROUND 600 A#49 and B#11 = 285.122
ROUND 601 A#0 and B#12 = 287.506
ROUND 602 A#1 and B#12 = 243.911
ROUND 603 A#2 and B#12 = 278.372
ROUND 604 A#3 and B#12 = 203.559
ROUND 605 A#4 and B#12 = 119.528
ROUND 606 A#5 and B#12 = 217.132
ROUND 607 A#6 and B#12 = 212.121
ROUND 608 A#7 and B#12 = 107.021
ROUND 609 A#8 and B#12 = 103.43
ROUND 610 A#9 and B#12 = 269.592
ROUND 611 A#10 and B#12 = 104.084
ROUND 612 A#11 and B#12 = 86.3821
ROUND 613 A#12 and B#12 = 193.594
ROUND 614 A#13 and B#12 = 106.608
ROUND 615 A#14 and B#12 = 240.709
ROUND 616 A#15 and B#12 = 281.265
ROUND 617 A#16 and B#12 = 181.774
ROUND 618 A#17 and B#12 = 108.423
ROUND 619 A#18 and B#12 = 201.567
ROUND 620 A#19 and B#12 = 236.183
ROUND 621 A#20 and B#12 = 119.852
ROUND 622 A#21 and B#12 = 133.62
ROUND 623 A#22 and B#12 = 90.4845
ROUND 624 A#23 and B#12 = 238.255
ROUND 625 A#24 and B#12 = 221.238
ROUND 626 A#25 and B#12 = 105.893
ROUND 627 A#26 and B#12 = 145.561
ROUND 628 A#27 and B#12 = 92.0285
ROUND 629 A#28 and B#12 = 123.079
ROUND 630 A#29 and B#12 = 148.343
ROUND 631 A#30 and B#12 = 186.368
ROUND 632 A#31 and B#12 = 198.073
ROUND 633 A#32 and B#12 = 300.366
ROUND 634 A#33 and B#12 = 51.9008
ROUND 635 A#34 and B#12 = 196.078
ROUND 636 A#35 and B#12 = 228.713
ROUND 637 A#36 and B#12 = 313.333
ROUND 638 A#37 and B#12 = 289.974
ROUND 639 A#38 and B#12 = 211.571
ROUND 640 A#39 and B#12 = 220.902
ROUND 641 A#40 and B#12 = 215.929
ROUND 642 A#41 and B#12 = 191.207
ROUND 643 A#42 and B#12 = 242.662
ROUND 644 A#43 and B#12 = 243.128
ROUND 645 A#44 and B#12 = 287.541
ROUND 646 A#45 and B#12 = 213.498
ROUND 647 A#46 and B#12 = 264.203
ROUND 648 A#47 and B#12 = 258.253
ROUND 649 A#48 and B#12 = 324.822
ROUND 650 A#49 and B#12 = 111.571
ROUND 651 A#0 and B#13 = 289.072
ROUND 652 A#1 and B#13 = 328.882
ROUND 653 A#2 and B#13 = 244.055
ROUND 654 A#3 and B#13 = 273.016
ROUND 655 A#4 and B#13 = 232.97
ROUND 656 A#5 and B#13 = 272.254
ROUND 657 A#6 and B#13 = 331.455
ROUND 658 A#7 and B#13 = 151.343
ROUND 659 A#8 and B#13 = 95.9525
ROUND 660 A#9 and B#13 = 221.63
ROUND 661 A#10 and B#13 = 97.4413
ROUND 662 A#11 and B#13 = 124.726
ROUND 663 A#12 and B#13 = 191.441
ROUND 664 A#13 and B#13 = 145.925
ROUND 665 A#14 and B#13 = 252.574
ROUND 666 A#15 and B#13 = 222.076
ROUND 667 A#16 and B#13 = 294.446
ROUND 668 A#17 and B#13 = 146.244
ROUND 669 A#18 and B#13 = 192.299
ROUND 670 A#19 and B#13 = 329.576
ROUND 671 A#20 and B#13 = 155.318
ROUND 672 A#21 and B#13 = 181.179
ROUND 673 A#22 and B#13 = 130.827
ROUND 674 A#23 and B#13 = 197.57
ROUND 675 A#24 and B#13 = 332.565
ROUND 676 A#25 and B#13 = 147.435
ROUND 677 A#26 and B#13 = 292.572
ROUND 678 A#27 and B#13 = 129.301
ROUND 679 A#28 and B#13 = 159.641
ROUND 680 A#29 and B#13 = 170.498
ROUND 681 A#30 and B#13 = 168.181
ROUND 682 A#31 and B#13 = 311.619
ROUND 683 A#32 and B#13 = 297.913
ROUND 684 A#33 and B#13 = 258.102
ROUND 685 A#34 and B#13 = 264.128
ROUND 686 A#35 and B#13 = 139.108
ROUND 687 A#36 and B#13 = 271.633
ROUND 688 A#37 and B#13 = 269.34
ROUND 689 A#38 and B#13 = 157.139
ROUND 690 A#39 and B#13 = 153.303
ROUND 691 A#40 and B#13 = 255.851
ROUND 692 A#41 and B#13 = 271.647
ROUND 693 A#42 and B#13 = 253.495
ROUND 694 A#43 and B#13 = 253.523
ROUND 695 A#44 and B#13 = 288.006
ROUND 696 A#45 and B#13 = 254.51
ROUND 697 A#46 and B#13 = 254.364
ROUND 698 A#47 and B#13 = 315.011
ROUND 699 A#48 and B#13 = 187.461
ROUND 700 A#49 and B#13 = 306.132
ROUND 701 A#0 and B#14 = 101.175
ROUND 702 A#1 and B#14 = 318.746
ROUND 703 A#2 and B#14 = 190.81
ROUND 704 A#3 and B#14 = 196.892
ROUND 705 A#4 and B#14 = 187.934
ROUND 706 A#5 and B#14 = 254.941
ROUND 707 A#6 and B#14 = 234.871
ROUND 708 A#7 and B#14 = 267.452
ROUND 709 A#8 and B#14 = 261.78
ROUND 710 A#9 and B#14 = 297.961
ROUND 711 A#10 and B#14 = 136.738
ROUND 712 A#11 and B#14 = 117.177
ROUND 713 A#12 and B#14 = 71.2144
ROUND 714 A#13 and B#14 = 147.267
ROUND 715 A#14 and B#14 = 93.1905
ROUND 716 A#15 and B#14 = 224.826
ROUND 717 A#16 and B#14 = 220.152
ROUND 718 A#17 and B#14 = 148.579
ROUND 719 A#18 and B#14 = 212.338
ROUND 720 A#19 and B#14 = 220.628
ROUND 721 A#20 and B#14 = 266.266
ROUND 722 A#21 and B#14 = 173.487
ROUND 723 A#22 and B#14 = 183.739
ROUND 724 A#23 and B#14 = 179.646
ROUND 725 A#24 and B#14 = 249.939
ROUND 726 A#25 and B#14 = 144.479
ROUND 727 A#26 and B#14 = 208.768
ROUND 728 A#27 and B#14 = 189.044
ROUND 729 A#28 and B#14 = 268.626
ROUND 730 A#29 and B#14 = 183.465
ROUND 731 A#30 and B#14 = 240.145
ROUND 732 A#31 and B#14 = 308.833
ROUND 733 A#32 and B#14 = 224.632
ROUND 734 A#33 and B#14 = 193.737
ROUND 735 A#34 and B#14 = 294.865
ROUND 736 A#35 and B#14 = 281.804
ROUND 737 A#36 and B#14 = 235.349
ROUND 738 A#37 and B#14 = 271.614
ROUND 739 A#38 and B#14 = 270.748
ROUND 740 A#39 and B#14 = 199.242
ROUND 741 A#40 and B#14 = 272.058
ROUND 742 A#41 and B#14 = 264.121
ROUND 743 A#42 and B#14 = 204.119
ROUND 744 A#43 and B#14 = 205.04
ROUND 745 A#44 and B#14 = 225.681
ROUND 746 A#45 and B#14 = 235.648
ROUND 747 A#46 and B#14 = 221.599
ROUND 748 A#47 and B#14 = 210.38
ROUND 749 A#48 and B#14 = 236.466
ROUND 750 A#49 and B#14 = 238.055
ROUND 751 A#0 and B#15 = 270.548
ROUND 752 A#1 and B#15 = 228.503
ROUND 753 A#2 and B#15 = 299.779
ROUND 754 A#3 and B#15 = 255.867
ROUND 755 A#4 and B#15 = 174.199
ROUND 756 A#5 and B#15 = 374.028
ROUND 757 A#6 and B#15 = 281.832
ROUND 758 A#7 and B#15 = 313.199
ROUND 759 A#8 and B#15 = 258.967
ROUND 760 A#9 and B#15 = 55.8301
ROUND 761 A#10 and B#15 = 258.657
ROUND 762 A#11 and B#15 = 168.813
ROUND 763 A#12 and B#15 = 236.083
ROUND 764 A#13 and B#15 = 311.913
ROUND 765 A#14 and B#15 = 51.7091
ROUND 766 A#15 and B#15 = 251.578
ROUND 767 A#16 and B#15 = 194.793
ROUND 768 A#17 and B#15 = 312.661
ROUND 769 A#18 and B#15 = 240.12
ROUND 770 A#19 and B#15 = 81.7114
ROUND 771 A#20 and B#15 = 314.166
ROUND 772 A#21 and B#15 = 295.83
ROUND 773 A#22 and B#15 = 287.071
ROUND 774 A#23 and B#15 = 221.695
ROUND 775 A#24 and B#15 = 188.338
ROUND 776 A#25 and B#15 = 311.577
ROUND 777 A#26 and B#15 = 241.392
ROUND 778 A#27 and B#15 = 292.696
ROUND 779 A#28 and B#15 = 306.365
ROUND 780 A#29 and B#15 = 290.697
ROUND 781 A#30 and B#15 = 292.603
ROUND 782 A#31 and B#15 = 314.792
ROUND 783 A#32 and B#15 = 276.948
ROUND 784 A#33 and B#15 = 237.402
ROUND 785 A#34 and B#15 = 267.235
ROUND 786 A#35 and B#15 = 240.926
ROUND 787 A#36 and B#15 = 261.226
ROUND 788 A#37 and B#15 = 245.259
ROUND 789 A#38 and B#15 = 245.817
ROUND 790 A#39 and B#15 = 249.711
ROUND 791 A#40 and B#15 = 211.317
ROUND 792 A#41 and B#15 = 250.504
ROUND 793 A#42 and B#15 = 133.952
ROUND 794 A#43 and B#15 = 133.278
ROUND 795 A#44 and B#15 = 225.003
ROUND 796 A#45 and B#15 = 63.3874
ROUND 797 A#46 and B#15 = 227.919
ROUND 798 A#47 and B#15 = 155.818
ROUND 799 A#48 and B#15 = 226.489
ROUND 800 A#49 and B#15 = 230.169
ROUND 801 A#0 and B#16 = 270.938
ROUND 802 A#1 and B#16 = 275.472
ROUND 803 A#2 and B#16 = 231.434
ROUND 804 A#3 and B#16 = 235.071
ROUND 805 A#4 and B#16 = 253.773
ROUND 806 A#5 and B#16 = 171.419
ROUND 807 A#6 and B#16 = 369.388
ROUND 808 A#7 and B#16 = 257.468
ROUND 809 A#8 and B#16 = 281.24
ROUND 810 A#9 and B#16 = 155.641
ROUND 811 A#10 and B#16 = 282.119
ROUND 812 A#11 and B#16 = 258.483
ROUND 813 A#12 and B#16 = 164.204
ROUND 814 A#13 and B#16 = 259.059
ROUND 815 A#14 and B#16 = 240.162
ROUND 816 A#15 and B#16 = 195.8
ROUND 817 A#16 and B#16 = 186.096
ROUND 818 A#17 and B#16 = 258.889
ROUND 819 A#18 and B#16 = 173.21
ROUND 820 A#19 and B#16 = 276.001
ROUND 821 A#20 and B#16 = 261.926
ROUND 822 A#21 and B#16 = 233.404
ROUND 823 A#22 and B#16 = 228.864
ROUND 824 A#23 and B#16 = 284.177
ROUND 825 A#24 and B#16 = 230.969
ROUND 826 A#25 and B#16 = 253.62
ROUND 827 A#26 and B#16 = 151.263
ROUND 828 A#27 and B#16 = 231.879
ROUND 829 A#28 and B#16 = 262.663
ROUND 830 A#29 and B#16 = 243.304
ROUND 831 A#30 and B#16 = 301.021
ROUND 832 A#31 and B#16 = 280.504
ROUND 833 A#32 and B#16 = 235.675
ROUND 834 A#33 and B#16 = 209.863
ROUND 835 A#34 and B#16 = 236.033
ROUND 836 A#35 and B#16 = 213.517
ROUND 837 A#36 and B#16 = 148.856
ROUND 838 A#37 and B#16 = 231.419
ROUND 839 A#38 and B#16 = 44.2102
ROUND 840 A#39 and B#16 = 206.135
ROUND 841 A#40 and B#16 = 192.544
ROUND 842 A#41 and B#16 = 279.461
ROUND 843 A#42 and B#16 = 179.515
ROUND 844 A#43 and B#16 = 178.116
ROUND 845 A#44 and B#16 = 235.002
ROUND 846 A#45 and B#16 = 178.245
ROUND 847 A#46 and B#16 = 192.715
ROUND 848 A#47 and B#16 = 128.097
ROUND 849 A#48 and B#16 = 197.377
ROUND 850 A#49 and B#16 = 253.066
ROUND 851 A#0 and B#17 = 288.228
ROUND 852 A#1 and B#17 = 244.375
ROUND 853 A#2 and B#17 = 279.722
ROUND 854 A#3 and B#17 = 199.338
ROUND 855 A#4 and B#17 = 117.382
ROUND 856 A#5 and B#17 = 214.011
ROUND 857 A#6 and B#17 = 218.033
ROUND 858 A#7 and B#17 = 110.189
ROUND 859 A#8 and B#17 = 100.701
ROUND 860 A#9 and B#17 = 268.828
ROUND 861 A#10 and B#17 = 101.229
ROUND 862 A#11 and B#17 = 93.1974
ROUND 863 A#12 and B#17 = 192.754
ROUND 864 A#13 and B#17 = 109.653
ROUND 865 A#14 and B#17 = 240.144
ROUND 866 A#15 and B#17 = 220.928
ROUND 867 A#16 and B#17 = 174.623
ROUND 868 A#17 and B#17 = 111.45
ROUND 869 A#18 and B#17 = 193.352
ROUND 870 A#19 and B#17 = 132.517
ROUND 871 A#20 and B#17 = 123.858
ROUND 872 A#21 and B#17 = 139.793
ROUND 873 A#22 and B#17 = 94.1953
ROUND 874 A#23 and B#17 = 221.486
ROUND 875 A#24 and B#17 = 227.407
ROUND 876 A#25 and B#17 = 109.071
ROUND 877 A#26 and B#17 = 135.14
ROUND 878 A#27 and B#17 = 96.0249
ROUND 879 A#28 and B#17 = 128.033
ROUND 880 A#29 and B#17 = 151.168
ROUND 881 A#30 and B#17 = 185.296
ROUND 882 A#31 and B#17 = 191.613
ROUND 883 A#32 and B#17 = 301.098
ROUND 884 A#33 and B#17 = 194.054
ROUND 885 A#34 and B#17 = 101.094
ROUND 886 A#35 and B#17 = 221.018
ROUND 887 A#36 and B#17 = 312.896
ROUND 888 A#37 and B#17 = 245.446
ROUND 889 A#38 and B#17 = 212.947
ROUND 890 A#39 and B#17 = 211.054
ROUND 891 A#40 and B#17 = 219.767
ROUND 892 A#41 and B#17 = 190.574
ROUND 893 A#42 and B#17 = 247.038
ROUND 894 A#43 and B#17 = 247.657
ROUND 895 A#44 and B#17 = 293.996
ROUND 896 A#45 and B#17 = 216.074
ROUND 897 A#46 and B#17 = 267.398
ROUND 898 A#47 and B#17 = 264.471
ROUND 899 A#48 and B#17 = 325.616
ROUND 900 A#49 and B#17 = 114.784
ROUND 901 A#0 and B#18 = 352.869
ROUND 902 A#1 and B#18 = 204.22
ROUND 903 A#2 and B#18 = 293.744
ROUND 904 A#3 and B#18 = 210.124
ROUND 905 A#4 and B#18 = 183.265
ROUND 906 A#5 and B#18 = 371.133
ROUND 907 A#6 and B#18 = 262.643
ROUND 908 A#7 and B#18 = 197.239
ROUND 909 A#8 and B#18 = 220.782
ROUND 910 A#9 and B#18 = 240.839
ROUND 911 A#10 and B#18 = 136.957
ROUND 912 A#11 and B#18 = 194.072
ROUND 913 A#12 and B#18 = 204.089
ROUND 914 A#13 and B#18 = 196.584
ROUND 915 A#14 and B#18 = 79.1922
ROUND 916 A#15 and B#18 = 313.556
ROUND 917 A#16 and B#18 = 209.622
ROUND 918 A#17 and B#18 = 196.61
ROUND 919 A#18 and B#18 = 213.076
ROUND 920 A#19 and B#18 = 261.658
ROUND 921 A#20 and B#18 = 187.924
ROUND 922 A#21 and B#18 = 152.445
ROUND 923 A#22 and B#18 = 189.424
ROUND 924 A#23 and B#18 = 198.36
ROUND 925 A#24 and B#18 = 230.561
ROUND 926 A#25 and B#18 = 195.917
ROUND 927 A#26 and B#18 = 251.92
ROUND 928 A#27 and B#18 = 189.526
ROUND 929 A#28 and B#18 = 211.496
ROUND 930 A#29 and B#18 = 203.009
ROUND 931 A#30 and B#18 = 240.641
ROUND 932 A#31 and B#18 = 143.008
ROUND 933 A#32 and B#18 = 254.085
ROUND 934 A#33 and B#18 = 213.69
ROUND 935 A#34 and B#18 = 237.482
ROUND 936 A#35 and B#18 = 212.157
ROUND 937 A#36 and B#18 = 260.056
ROUND 938 A#37 and B#18 = 239.689
ROUND 939 A#38 and B#18 = 216.3
ROUND 940 A#39 and B#18 = 215.218
ROUND 941 A#40 and B#18 = 229.127
ROUND 942 A#41 and B#18 = 211.322
ROUND 943 A#42 and B#18 = 237.049
ROUND 944 A#43 and B#18 = 237.41
ROUND 945 A#44 and B#18 = 329.318
ROUND 946 A#45 and B#18 = 259.774
ROUND 947 A#46 and B#18 = 71.0592
ROUND 948 A#47 and B#18 = 171.714
ROUND 949 A#48 and B#18 = 274.617
ROUND 950 A#49 and B#18 = 248.291
ROUND 951 A#0 and B#19 = 286.13
ROUND 952 A#1 and B#19 = 295.25
ROUND 953 A#2 and B#19 = 218.12
ROUND 954 A#3 and B#19 = 164.392
ROUND 955 A#4 and B#19 = 209.66
ROUND 956 A#5 and B#19 = 316
ROUND 957 A#6 and B#19 = 307.969
ROUND 958 A#7 and B#19 = 157.539
ROUND 959 A#8 and B#19 = 151.821
ROUND 960 A#9 and B#19 = 200.674
ROUND 961 A#10 and B#19 = 152.699
ROUND 962 A#11 and B#19 = 167.079
ROUND 963 A#12 and B#19 = 275.875
ROUND 964 A#13 and B#19 = 157.741
ROUND 965 A#14 and B#19 = 262.07
ROUND 966 A#15 and B#19 = 239.927
ROUND 967 A#16 and B#19 = 199.512
ROUND 968 A#17 and B#19 = 158.916
ROUND 969 A#18 and B#19 = 296.298
ROUND 970 A#19 and B#19 = 307.784
ROUND 971 A#20 and B#19 = 171.115
ROUND 972 A#21 and B#19 = 196.086
ROUND 973 A#22 and B#19 = 209.887
ROUND 974 A#23 and B#19 = 277.189
ROUND 975 A#24 and B#19 = 301.768
ROUND 976 A#25 and B#19 = 160.801
ROUND 977 A#26 and B#19 = 280.326
ROUND 978 A#27 and B#19 = 209.727
ROUND 979 A#28 and B#19 = 222.056
ROUND 980 A#29 and B#19 = 183.101
ROUND 981 A#30 and B#19 = 242.638
ROUND 982 A#31 and B#19 = 305.404
ROUND 983 A#32 and B#19 = 265.256
ROUND 984 A#33 and B#19 = 194.956
ROUND 985 A#34 and B#19 = 321.56
ROUND 986 A#35 and B#19 = 290.537
ROUND 987 A#36 and B#19 = 206.109
ROUND 988 A#37 and B#19 = 232.605
ROUND 989 A#38 and B#19 = 221.837
ROUND 990 A#39 and B#19 = 240.502
ROUND 991 A#40 and B#19 = 268.327
ROUND 992 A#41 and B#19 = 290.911
ROUND 993 A#42 and B#19 = 272.995
ROUND 994 A#43 and B#19 = 274.001
ROUND 995 A#44 and B#19 = 220.172
ROUND 996 A#45 and B#19 = 163.859
ROUND 997 A#46 and B#19 = 276.099
ROUND 998 A#47 and B#19 = 250.737
ROUND 999 A#48 and B#19 = 282.045
ROUND 1000 A#49 and B#19 = 288.717
ROUND 1001 A#0 and B#20 = 237.246
ROUND 1002 A#1 and B#20 = 318.038
ROUND 1003 A#2 and B#20 = 191.171
ROUND 1004 A#3 and B#20 = 258.546
ROUND 1005 A#4 and B#20 = 185.043
ROUND 1006 A#5 and B#20 = 254.31
ROUND 1007 A#6 and B#20 = 225.287
ROUND 1008 A#7 and B#20 = 266.512
ROUND 1009 A#8 and B#20 = 176.569
ROUND 1010 A#9 and B#20 = 293.281
ROUND 1011 A#10 and B#20 = 177.444
ROUND 1012 A#11 and B#20 = 136.7
ROUND 1013 A#12 and B#20 = 63.6825
ROUND 1014 A#13 and B#20 = 140.167
ROUND 1015 A#14 and B#20 = 93.1706
ROUND 1016 A#15 and B#20 = 317.694
ROUND 1017 A#16 and B#20 = 204.539
ROUND 1018 A#17 and B#20 = 142.129
ROUND 1019 A#18 and B#20 = 212.938
ROUND 1020 A#19 and B#20 = 213.033
ROUND 1021 A#20 and B#20 = 263.946
ROUND 1022 A#21 and B#20 = 93.6675
ROUND 1023 A#22 and B#20 = 167.842
ROUND 1024 A#23 and B#20 = 124.457
ROUND 1025 A#24 and B#20 = 236.09
ROUND 1026 A#25 and B#20 = 137.338
ROUND 1027 A#26 and B#20 = 203.613
ROUND 1028 A#27 and B#20 = 175.172
ROUND 1029 A#28 and B#20 = 262.322
ROUND 1030 A#29 and B#20 = 171.936
ROUND 1031 A#30 and B#20 = 226.971
ROUND 1032 A#31 and B#20 = 296.505
ROUND 1033 A#32 and B#20 = 231.312
ROUND 1034 A#33 and B#20 = 195.045
ROUND 1035 A#34 and B#20 = 297.752
ROUND 1036 A#35 and B#20 = 279.516
ROUND 1037 A#36 and B#20 = 233.438
ROUND 1038 A#37 and B#20 = 263.803
ROUND 1039 A#38 and B#20 = 268.626
ROUND 1040 A#39 and B#20 = 195.614
ROUND 1041 A#40 and B#20 = 265.031
ROUND 1042 A#41 and B#20 = 262.674
ROUND 1043 A#42 and B#20 = 202.506
ROUND 1044 A#43 and B#20 = 203.264
ROUND 1045 A#44 and B#20 = 246.147
ROUND 1046 A#45 and B#20 = 236.461
ROUND 1047 A#46 and B#20 = 213.419
ROUND 1048 A#47 and B#20 = 207.177
ROUND 1049 A#48 and B#20 = 302.715
ROUND 1050 A#49 and B#20 = 255.025
ROUND 1051 A#0 and B#21 = 296.058
ROUND 1052 A#1 and B#21 = 291.665
ROUND 1053 A#2 and B#21 = 280.872
ROUND 1054 A#3 and B#21 = 249.551
ROUND 1055 A#4 and B#21 = 166.766
ROUND 1056 A#5 and B#21 = 285.573
ROUND 1057 A#6 and B#21 = 212.117
ROUND 1058 A#7 and B#21 = 200.599
ROUND 1059 A#8 and B#21 = 178.469
ROUND 1060 A#9 and B#21 = 305.522
ROUND 1061 A#10 and B#21 = 180.128
ROUND 1062 A#11 and B#21 = 196.346
ROUND 1063 A#12 and B#21 = 212.863
ROUND 1064 A#13 and B#21 = 200.451
ROUND 1065 A#14 and B#21 = 259.866
ROUND 1066 A#15 and B#21 = 206.354
ROUND 1067 A#16 and B#21 = 266.42
ROUND 1068 A#17 and B#21 = 198.817
ROUND 1069 A#18 and B#21 = 211.186
ROUND 1070 A#19 and B#21 = 112.204
ROUND 1071 A#20 and B#21 = 190.595
ROUND 1072 A#21 and B#21 = 171.461
ROUND 1073 A#22 and B#21 = 201.983
ROUND 1074 A#23 and B#21 = 148.198
ROUND 1075 A#24 and B#21 = 168.712
ROUND 1076 A#25 and B#21 = 196.39
ROUND 1077 A#26 and B#21 = 231.124
ROUND 1078 A#27 and B#21 = 203.924
ROUND 1079 A#28 and B#21 = 175.235
ROUND 1080 A#29 and B#21 = 198.331
ROUND 1081 A#30 and B#21 = 216.841
ROUND 1082 A#31 and B#21 = 54.282
ROUND 1083 A#32 and B#21 = 306.434
ROUND 1084 A#33 and B#21 = 188.218
ROUND 1085 A#34 and B#21 = 237.662
ROUND 1086 A#35 and B#21 = 231.752
ROUND 1087 A#36 and B#21 = 106.501
ROUND 1088 A#37 and B#21 = 197.448
ROUND 1089 A#38 and B#21 = 146.738
ROUND 1090 A#39 and B#21 = 168.989
ROUND 1091 A#40 and B#21 = 81.9436
ROUND 1092 A#41 and B#21 = 159.263
ROUND 1093 A#42 and B#21 = 382.495
ROUND 1094 A#43 and B#21 = 382.545
ROUND 1095 A#44 and B#21 = 320.663
ROUND 1096 A#45 and B#21 = 226.653
ROUND 1097 A#46 and B#21 = 232.518
ROUND 1098 A#47 and B#21 = 128.52
ROUND 1099 A#48 and B#21 = 268.226
ROUND 1100 A#49 and B#21 = 274.516
ROUND 1101 A#0 and B#22 = 281.207
ROUND 1102 A#1 and B#22 = 271.384
ROUND 1103 A#2 and B#22 = 55.4468
ROUND 1104 A#3 and B#22 = 242.019
ROUND 1105 A#4 and B#22 = 207.394
ROUND 1106 A#5 and B#22 = 177.741
ROUND 1107 A#6 and B#22 = 248.159
ROUND 1108 A#7 and B#22 = 259.874
ROUND 1109 A#8 and B#22 = 245.168
ROUND 1110 A#9 and B#22 = 206.292
ROUND 1111 A#10 and B#22 = 246.748
ROUND 1112 A#11 and B#22 = 258.94
ROUND 1113 A#12 and B#22 = 211.551
ROUND 1114 A#13 and B#22 = 260.011
ROUND 1115 A#14 and B#22 = 279.65
ROUND 1116 A#15 and B#22 = 189.253
ROUND 1117 A#16 and B#22 = 166.635
ROUND 1118 A#17 and B#22 = 259.76
ROUND 1119 A#18 and B#22 = 169.419
ROUND 1120 A#19 and B#22 = 219.277
ROUND 1121 A#20 and B#22 = 253.334
ROUND 1122 A#21 and B#22 = 229.051
ROUND 1123 A#22 and B#22 = 251.21
ROUND 1124 A#23 and B#22 = 280.818
ROUND 1125 A#24 and B#22 = 189.091
ROUND 1126 A#25 and B#22 = 251.609
ROUND 1127 A#26 and B#22 = 153.458
ROUND 1128 A#27 and B#22 = 256.145
ROUND 1129 A#28 and B#22 = 244.844
ROUND 1130 A#29 and B#22 = 220.015
ROUND 1131 A#30 and B#22 = 215.991
ROUND 1132 A#31 and B#22 = 277.426
ROUND 1133 A#32 and B#22 = 238.965
ROUND 1134 A#33 and B#22 = 90.6341
ROUND 1135 A#34 and B#22 = 253.654
ROUND 1136 A#35 and B#22 = 221.829
ROUND 1137 A#36 and B#22 = 152.635
ROUND 1138 A#37 and B#22 = 242.324
ROUND 1139 A#38 and B#22 = 231.065
ROUND 1140 A#39 and B#22 = 192.836
ROUND 1141 A#40 and B#22 = 212.685
ROUND 1142 A#41 and B#22 = 313.66
ROUND 1143 A#42 and B#22 = 201.811
ROUND 1144 A#43 and B#22 = 199.812
ROUND 1145 A#44 and B#22 = 221.036
ROUND 1146 A#45 and B#22 = 196.305
ROUND 1147 A#46 and B#22 = 235.991
ROUND 1148 A#47 and B#22 = 252.027
ROUND 1149 A#48 and B#22 = 282.051
ROUND 1150 A#49 and B#22 = 299.394
ROUND 1151 A#0 and B#23 = -77.5072
ROUND 1152 A#1 and B#23 = 269.832
ROUND 1153 A#2 and B#23 = 264.294
ROUND 1154 A#3 and B#23 = 234.002
ROUND 1155 A#4 and B#23 = 233.677
ROUND 1156 A#5 and B#23 = 33.5569
ROUND 1157 A#6 and B#23 = 210.674
ROUND 1158 A#7 and B#23 = 280.846
ROUND 1159 A#8 and B#23 = 279.643
ROUND 1160 A#9 and B#23 = 223.558
ROUND 1161 A#10 and B#23 = 280.55
ROUND 1162 A#11 and B#23 = 280.206
ROUND 1163 A#12 and B#23 = 259.845
ROUND 1164 A#13 and B#23 = 281.642
ROUND 1165 A#14 and B#23 = 244.128
ROUND 1166 A#15 and B#23 = 201.3
ROUND 1167 A#16 and B#23 = 198.253
ROUND 1168 A#17 and B#23 = 281.354
ROUND 1169 A#18 and B#23 = 126.393
ROUND 1170 A#19 and B#23 = 189.28
ROUND 1171 A#20 and B#23 = 280.03
ROUND 1172 A#21 and B#23 = 250.908
ROUND 1173 A#22 and B#23 = 253.508
ROUND 1174 A#23 and B#23 = 284.02
ROUND 1175 A#24 and B#23 = 211.112
ROUND 1176 A#25 and B#23 = 274.565
ROUND 1177 A#26 and B#23 = 226.897
ROUND 1178 A#27 and B#23 = 259.424
ROUND 1179 A#28 and B#23 = 274.37
ROUND 1180 A#29 and B#23 = 240.93
ROUND 1181 A#30 and B#23 = 295.068
ROUND 1182 A#31 and B#23 = 310.157
ROUND 1183 A#32 and B#23 = 242.299
ROUND 1184 A#33 and B#23 = 250.11
ROUND 1185 A#34 and B#23 = 247.725
ROUND 1186 A#35 and B#23 = 260.894
ROUND 1187 A#36 and B#23 = 280.744
ROUND 1188 A#37 and B#23 = 240.69
ROUND 1189 A#38 and B#23 = 228.2
ROUND 1190 A#39 and B#23 = 206.9
ROUND 1191 A#40 and B#23 = 251.258
ROUND 1192 A#41 and B#23 = 322.253
ROUND 1193 A#42 and B#23 = 234.398
ROUND 1194 A#43 and B#23 = 232.32
ROUND 1195 A#44 and B#23 = 68.8718
ROUND 1196 A#45 and B#23 = 319.978
ROUND 1197 A#46 and B#23 = 183.663
ROUND 1198 A#47 and B#23 = 191.057
ROUND 1199 A#48 and B#23 = 246.39
ROUND 1200 A#49 and B#23 = 244.084
ROUND 1201 A#0 and B#24 = 271.35
ROUND 1202 A#1 and B#24 = 173.179
ROUND 1203 A#2 and B#24 = 217.902
ROUND 1204 A#3 and B#24 = 142.552
ROUND 1205 A#4 and B#24 = 172.695
ROUND 1206 A#5 and B#24 = 47.321
ROUND 1207 A#6 and B#24 = 191.511
ROUND 1208 A#7 and B#24 = 234.405
ROUND 1209 A#8 and B#24 = 248.096
ROUND 1210 A#9 and B#24 = 299.622
ROUND 1211 A#10 and B#24 = 249.798
ROUND 1212 A#11 and B#24 = 231.479
ROUND 1213 A#12 and B#24 = 343.217
ROUND 1214 A#13 and B#24 = 234.762
ROUND 1215 A#14 and B#24 = 214.557
ROUND 1216 A#15 and B#24 = 251.941
ROUND 1217 A#16 and B#24 = 172.606
ROUND 1218 A#17 and B#24 = 233.858
ROUND 1219 A#18 and B#24 = 143.758
ROUND 1220 A#19 and B#24 = 148.667
ROUND 1221 A#20 and B#24 = 226.036
ROUND 1222 A#21 and B#24 = 207.226
ROUND 1223 A#22 and B#24 = 223.979
ROUND 1224 A#23 and B#24 = 274.452
ROUND 1225 A#24 and B#24 = 195.341
ROUND 1226 A#25 and B#24 = 231.417
ROUND 1227 A#26 and B#24 = 215.761
ROUND 1228 A#27 and B#24 = 226.23
ROUND 1229 A#28 and B#24 = 228.264
ROUND 1230 A#29 and B#24 = 226.531
ROUND 1231 A#30 and B#24 = 282.081
ROUND 1232 A#31 and B#24 = 225.382
ROUND 1233 A#32 and B#24 = 390.77
ROUND 1234 A#33 and B#24 = 218.475
ROUND 1235 A#34 and B#24 = 312.823
ROUND 1236 A#35 and B#24 = 243.331
ROUND 1237 A#36 and B#24 = 358.734
ROUND 1238 A#37 and B#24 = 185.974
ROUND 1239 A#38 and B#24 = 102.964
ROUND 1240 A#39 and B#24 = 193.897
ROUND 1241 A#40 and B#24 = 92.4955
ROUND 1242 A#41 and B#24 = 169.888
ROUND 1243 A#42 and B#24 = 354.964
ROUND 1244 A#43 and B#24 = 355.136
ROUND 1245 A#44 and B#24 = 266.334
ROUND 1246 A#45 and B#24 = 299.375
ROUND 1247 A#46 and B#24 = 231.459
ROUND 1248 A#47 and B#24 = 111.497
ROUND 1249 A#48 and B#24 = 317.234
ROUND 1250 A#49 and B#24 = 284.561
ROUND 1251 A#0 and B#25 = 271.04
ROUND 1252 A#1 and B#25 = 173.421
ROUND 1253 A#2 and B#25 = 217.946
ROUND 1254 A#3 and B#25 = 143.039
ROUND 1255 A#4 and B#25 = 213.982
ROUND 1256 A#5 and B#25 = 47.3075
ROUND 1257 A#6 and B#25 = 191.138
ROUND 1258 A#7 and B#25 = 234.392
ROUND 1259 A#8 and B#25 = 247.925
ROUND 1260 A#9 and B#25 = 299.677
ROUND 1261 A#10 and B#25 = 249.481
ROUND 1262 A#11 and B#25 = 231.359
ROUND 1263 A#12 and B#25 = 343.073
ROUND 1264 A#13 and B#25 = 234.79
ROUND 1265 A#14 and B#25 = 215.053
ROUND 1266 A#15 and B#25 = 252.01
ROUND 1267 A#16 and B#25 = 172.422
ROUND 1268 A#17 and B#25 = 233.813
ROUND 1269 A#18 and B#25 = 143.41
ROUND 1270 A#19 and B#25 = 150.483
ROUND 1271 A#20 and B#25 = 225.97
ROUND 1272 A#21 and B#25 = 207.456
ROUND 1273 A#22 and B#25 = 224.302
ROUND 1274 A#23 and B#25 = 274.771
ROUND 1275 A#24 and B#25 = 193.838
ROUND 1276 A#25 and B#25 = 231.375
ROUND 1277 A#26 and B#25 = 216.071
ROUND 1278 A#27 and B#25 = 226.559
ROUND 1279 A#28 and B#25 = 228.313
ROUND 1280 A#29 and B#25 = 226.307
ROUND 1281 A#30 and B#25 = 282.732
ROUND 1282 A#31 and B#25 = 225.668
ROUND 1283 A#32 and B#25 = 390.435
ROUND 1284 A#33 and B#25 = 218.252
ROUND 1285 A#34 and B#25 = 230.485
ROUND 1286 A#35 and B#25 = 241.742
ROUND 1287 A#36 and B#25 = 358.524
ROUND 1288 A#37 and B#25 = 185.592
ROUND 1289 A#38 and B#25 = 102.729
ROUND 1290 A#39 and B#25 = 193.713
ROUND 1291 A#40 and B#25 = 196.351
ROUND 1292 A#41 and B#25 = 169.966
ROUND 1293 A#42 and B#25 = 354.672
ROUND 1294 A#43 and B#25 = 354.954
ROUND 1295 A#44 and B#25 = 267.205
ROUND 1296 A#45 and B#25 = 298.846
ROUND 1297 A#46 and B#25 = 232.152
ROUND 1298 A#47 and B#25 = 111.607
ROUND 1299 A#48 and B#25 = 317.182
ROUND 1300 A#49 and B#25 = 284.834
ROUND 1301 A#0 and B#26 = 255.178
ROUND 1302 A#1 and B#26 = 86.1195
ROUND 1303 A#2 and B#26 = 90.348
ROUND 1304 A#3 and B#26 = 214.746
ROUND 1305 A#4 and B#26 = 192.51
ROUND 1306 A#5 and B#26 = 175.07
ROUND 1307 A#6 and B#26 = 231.241
ROUND 1308 A#7 and B#26 = 267.875
ROUND 1309 A#8 and B#26 = 226.457
ROUND 1310 A#9 and B#26 = 177.8
ROUND 1311 A#10 and B#26 = 227.377
ROUND 1312 A#11 and B#26 = 154.375
ROUND 1313 A#12 and B#26 = 340.824
ROUND 1314 A#13 and B#26 = 148.505
ROUND 1315 A#14 and B#26 = 298.843
ROUND 1316 A#15 and B#26 = 203.171
ROUND 1317 A#16 and B#26 = 223.211
ROUND 1318 A#17 and B#26 = 149.958
ROUND 1319 A#18 and B#26 = 235.828
ROUND 1320 A#19 and B#26 = 208.941
ROUND 1321 A#20 and B#26 = 259.749
ROUND 1322 A#21 and B#26 = 223.011
ROUND 1323 A#22 and B#26 = 124.684
ROUND 1324 A#23 and B#26 = 256.329
ROUND 1325 A#24 and B#26 = 237.8
ROUND 1326 A#25 and B#26 = 144.972
ROUND 1327 A#26 and B#26 = 178.99
ROUND 1328 A#27 and B#26 = 128.878
ROUND 1329 A#28 and B#26 = 286.39
ROUND 1330 A#29 and B#26 = 193.073
ROUND 1331 A#30 and B#26 = 229.306
ROUND 1332 A#31 and B#26 = 301.275
ROUND 1333 A#32 and B#26 = 284.868
ROUND 1334 A#33 and B#26 = 34.6681
ROUND 1335 A#34 and B#26 = 321.363
ROUND 1336 A#35 and B#26 = 265.271
ROUND 1337 A#36 and B#26 = 322.495
ROUND 1338 A#37 and B#26 = 283.541
ROUND 1339 A#38 and B#26 = 180.433
ROUND 1340 A#39 and B#26 = 221.302
ROUND 1341 A#40 and B#26 = 233.332
ROUND 1342 A#41 and B#26 = 226.826
ROUND 1343 A#42 and B#26 = 197.302
ROUND 1344 A#43 and B#26 = 196.876
ROUND 1345 A#44 and B#26 = 229.153
ROUND 1346 A#45 and B#26 = 241.067
ROUND 1347 A#46 and B#26 = 230.742
ROUND 1348 A#47 and B#26 = 202.499
ROUND 1349 A#48 and B#26 = 266.891
ROUND 1350 A#49 and B#26 = 319.169
ROUND 1351 A#0 and B#27 = 274.906
ROUND 1352 A#1 and B#27 = 290.828
ROUND 1353 A#2 and B#27 = 218.446
ROUND 1354 A#3 and B#27 = 169.162
ROUND 1355 A#4 and B#27 = 227.945
ROUND 1356 A#5 and B#27 = 298.802
ROUND 1357 A#6 and B#27 = 298.425
ROUND 1358 A#7 and B#27 = 155.885
ROUND 1359 A#8 and B#27 = 149.148
ROUND 1360 A#9 and B#27 = 236.554
ROUND 1361 A#10 and B#27 = 149.899
ROUND 1362 A#11 and B#27 = 166.215
ROUND 1363 A#12 and B#27 = 276.793
ROUND 1364 A#13 and B#27 = 156.604
ROUND 1365 A#14 and B#27 = 346.943
ROUND 1366 A#15 and B#27 = 294.054
ROUND 1367 A#16 and B#27 = 170.188
ROUND 1368 A#17 and B#27 = 157.731
ROUND 1369 A#18 and B#27 = 208.829
ROUND 1370 A#19 and B#27 = 295.448
ROUND 1371 A#20 and B#27 = 164.771
ROUND 1372 A#21 and B#27 = 262.212
ROUND 1373 A#22 and B#27 = 284.363
ROUND 1374 A#23 and B#27 = 228.121
ROUND 1375 A#24 and B#27 = 290.803
ROUND 1376 A#25 and B#27 = 158.238
ROUND 1377 A#26 and B#27 = 271.679
ROUND 1378 A#27 and B#27 = 149.096
ROUND 1379 A#28 and B#27 = 219.972
ROUND 1380 A#29 and B#27 = 248.154
ROUND 1381 A#30 and B#27 = 295.14
ROUND 1382 A#31 and B#27 = 312.654
ROUND 1383 A#32 and B#27 = 180.796
ROUND 1384 A#33 and B#27 = 193.888
ROUND 1385 A#34 and B#27 = 308.086
ROUND 1386 A#35 and B#27 = 290.017
ROUND 1387 A#36 and B#27 = 210.488
ROUND 1388 A#37 and B#27 = 203.036
ROUND 1389 A#38 and B#27 = 224.39
ROUND 1390 A#39 and B#27 = 238.779
ROUND 1391 A#40 and B#27 = 272.843
ROUND 1392 A#41 and B#27 = 293.604
ROUND 1393 A#42 and B#27 = 279.347
ROUND 1394 A#43 and B#27 = 277.415
ROUND 1395 A#44 and B#27 = 326.137
ROUND 1396 A#45 and B#27 = 146.593
ROUND 1397 A#46 and B#27 = 282.86
ROUND 1398 A#47 and B#27 = 250.471
ROUND 1399 A#48 and B#27 = 235.534
ROUND 1400 A#49 and B#27 = 288.119
ROUND 1401 A#0 and B#28 = 303.734
ROUND 1402 A#1 and B#28 = 262.822
ROUND 1403 A#2 and B#28 = 131.208
ROUND 1404 A#3 and B#28 = 173.075
ROUND 1405 A#4 and B#28 = 162.818
ROUND 1406 A#5 and B#28 = 239.687
ROUND 1407 A#6 and B#28 = 120.932
ROUND 1408 A#7 and B#28 = 122.975
ROUND 1409 A#8 and B#28 = 52.7698
ROUND 1410 A#9 and B#28 = 253.613
ROUND 1411 A#10 and B#28 = 57.6335
ROUND 1412 A#11 and B#28 = 83.552
ROUND 1413 A#12 and B#28 = 206.024
ROUND 1414 A#13 and B#28 = 120.133
ROUND 1415 A#14 and B#28 = 236.728
ROUND 1416 A#15 and B#28 = 221.955
ROUND 1417 A#16 and B#28 = 291.357
ROUND 1418 A#17 and B#28 = 120.355
ROUND 1419 A#18 and B#28 = 90.6442
ROUND 1420 A#19 and B#28 = 145.953
ROUND 1421 A#20 and B#28 = 120.264
ROUND 1422 A#21 and B#28 = 151.428
ROUND 1423 A#22 and B#28 = 133.922
ROUND 1424 A#23 and B#28 = 232.232
ROUND 1425 A#24 and B#28 = 112.75
ROUND 1426 A#25 and B#28 = 122.491
ROUND 1427 A#26 and B#28 = 301.22
ROUND 1428 A#27 and B#28 = 128.658
ROUND 1429 A#28 and B#28 = 114.84
ROUND 1430 A#29 and B#28 = 126.167
ROUND 1431 A#30 and B#28 = 153.255
ROUND 1432 A#31 and B#28 = 324.308
ROUND 1433 A#32 and B#28 = 307.01
ROUND 1434 A#33 and B#28 = 277.585
ROUND 1435 A#34 and B#28 = 239.789
ROUND 1436 A#35 and B#28 = 293.442
ROUND 1437 A#36 and B#28 = 207.28
ROUND 1438 A#37 and B#28 = 260.608
ROUND 1439 A#38 and B#28 = 116.724
ROUND 1440 A#39 and B#28 = 114.228
ROUND 1441 A#40 and B#28 = 301.084
ROUND 1442 A#41 and B#28 = 107.415
ROUND 1443 A#42 and B#28 = 292.15
ROUND 1444 A#43 and B#28 = 292.14
ROUND 1445 A#44 and B#28 = 271.794
ROUND 1446 A#45 and B#28 = 281.649
ROUND 1447 A#46 and B#28 = 310.69
ROUND 1448 A#47 and B#28 = 274.618
ROUND 1449 A#48 and B#28 = 253.953
ROUND 1450 A#49 and B#28 = 297.373
ROUND 1451 A#0 and B#29 = 116.687
ROUND 1452 A#1 and B#29 = 273.921
ROUND 1453 A#2 and B#29 = 196.499
ROUND 1454 A#3 and B#29 = 156.968
ROUND 1455 A#4 and B#29 = 201.777
ROUND 1456 A#5 and B#29 = 247.786
ROUND 1457 A#6 and B#29 = 283.495
ROUND 1458 A#7 and B#29 = 52.8826
ROUND 1459 A#8 and B#29 = 92.9845
ROUND 1460 A#9 and B#29 = 261.488
ROUND 1461 A#10 and B#29 = 94.017
ROUND 1462 A#11 and B#29 = 131.233
ROUND 1463 A#12 and B#29 = 307.975
ROUND 1464 A#13 and B#29 = 53.6489
ROUND 1465 A#14 and B#29 = 210.157
ROUND 1466 A#15 and B#29 = 338.407
ROUND 1467 A#16 and B#29 = 260.034
ROUND 1468 A#17 and B#29 = 52.9229
ROUND 1469 A#18 and B#29 = 295.585
ROUND 1470 A#19 and B#29 = 96.9609
ROUND 1471 A#20 and B#29 = 222.539
ROUND 1472 A#21 and B#29 = 86.0111
ROUND 1473 A#22 and B#29 = 77.2583
ROUND 1474 A#23 and B#29 = 318.836
ROUND 1475 A#24 and B#29 = 188.92
ROUND 1476 A#25 and B#29 = 58.2788
ROUND 1477 A#26 and B#29 = 319.51
ROUND 1478 A#27 and B#29 = 68.5688
ROUND 1479 A#28 and B#29 = 66.2925
ROUND 1480 A#29 and B#29 = 258.716
ROUND 1481 A#30 and B#29 = 138.723
ROUND 1482 A#31 and B#29 = 204.491
ROUND 1483 A#32 and B#29 = 314.203
ROUND 1484 A#33 and B#29 = 258.755
ROUND 1485 A#34 and B#29 = 233.614
ROUND 1486 A#35 and B#29 = 266.043
ROUND 1487 A#36 and B#29 = 94.8016
ROUND 1488 A#37 and B#29 = 258.17
ROUND 1489 A#38 and B#29 = 68.0504
ROUND 1490 A#39 and B#29 = 61.7289
ROUND 1491 A#40 and B#29 = 290.107
ROUND 1492 A#41 and B#29 = 257.875
ROUND 1493 A#42 and B#29 = 268.204
ROUND 1494 A#43 and B#29 = 268.057
ROUND 1495 A#44 and B#29 = 276.212
ROUND 1496 A#45 and B#29 = 246.508
ROUND 1497 A#46 and B#29 = 99.3835
ROUND 1498 A#47 and B#29 = 294.754
ROUND 1499 A#48 and B#29 = 254.936
ROUND 1500 A#49 and B#29 = 261.414
ROUND 1501 A#0 and B#30 = 287.549
ROUND 1502 A#1 and B#30 = 244.63
ROUND 1503 A#2 and B#30 = 279.14
ROUND 1504 A#3 and B#30 = 199.599
ROUND 1505 A#4 and B#30 = 116.13
ROUND 1506 A#5 and B#30 = 212.888
ROUND 1507 A#6 and B#30 = 218.431
ROUND 1508 A#7 and B#30 = 109.094
ROUND 1509 A#8 and B#30 = 100.974
ROUND 1510 A#9 and B#30 = 269.328
ROUND 1511 A#10 and B#30 = 101.567
ROUND 1512 A#11 and B#30 = 91.8536
ROUND 1513 A#12 and B#30 = 192.488
ROUND 1514 A#13 and B#30 = 108.634
ROUND 1515 A#14 and B#30 = 283.129
ROUND 1516 A#15 and B#30 = 220.859
ROUND 1517 A#16 and B#30 = 173.29
ROUND 1518 A#17 and B#30 = 110.406
ROUND 1519 A#18 and B#30 = 191.847
ROUND 1520 A#19 and B#30 = 239.997
ROUND 1521 A#20 and B#30 = 122.673
ROUND 1522 A#21 and B#30 = 137.759
ROUND 1523 A#22 and B#30 = 92.8263
ROUND 1524 A#23 and B#30 = 220.549
ROUND 1525 A#24 and B#30 = 227.436
ROUND 1526 A#25 and B#30 = 108.043
ROUND 1527 A#26 and B#30 = 133.436
ROUND 1528 A#27 and B#30 = 94.5275
ROUND 1529 A#28 and B#30 = 127.809
ROUND 1530 A#29 and B#30 = 150.32
ROUND 1531 A#30 and B#30 = 184.902
ROUND 1532 A#31 and B#30 = 198.059
ROUND 1533 A#32 and B#30 = 301.362
ROUND 1534 A#33 and B#30 = 225.778
ROUND 1535 A#34 and B#30 = 100.894
ROUND 1536 A#35 and B#30 = 219.292
ROUND 1537 A#36 and B#30 = 312.619
ROUND 1538 A#37 and B#30 = 244.642
ROUND 1539 A#38 and B#30 = 212.432
ROUND 1540 A#39 and B#30 = 209.573
ROUND 1541 A#40 and B#30 = 220.018
ROUND 1542 A#41 and B#30 = 190.861
ROUND 1543 A#42 and B#30 = 246.149
ROUND 1544 A#43 and B#30 = 246.635
ROUND 1545 A#44 and B#30 = 293.495
ROUND 1546 A#45 and B#30 = 215.505
ROUND 1547 A#46 and B#30 = 267.017
ROUND 1548 A#47 and B#30 = 262.461
ROUND 1549 A#48 and B#30 = 325.919
ROUND 1550 A#49 and B#30 = 114.513
ROUND 1551 A#0 and B#31 = -78.0505
ROUND 1552 A#1 and B#31 = 271.847
ROUND 1553 A#2 and B#31 = 266.533
ROUND 1554 A#3 and B#31 = 236.137
ROUND 1555 A#4 and B#31 = 243.739
ROUND 1556 A#5 and B#31 = 44.2651
ROUND 1557 A#6 and B#31 = 236.662
ROUND 1558 A#7 and B#31 = 282.556
ROUND 1559 A#8 and B#31 = 287.808
ROUND 1560 A#9 and B#31 = 228.001
ROUND 1561 A#10 and B#31 = 288.815
ROUND 1562 A#11 and B#31 = 284.153
ROUND 1563 A#12 and B#31 = 323.941
ROUND 1564 A#13 and B#31 = 282.993
ROUND 1565 A#14 and B#31 = 242.443
ROUND 1566 A#15 and B#31 = 205.599
ROUND 1567 A#16 and B#31 = 210.95
ROUND 1568 A#17 and B#31 = 283.476
ROUND 1569 A#18 and B#31 = 140.745
ROUND 1570 A#19 and B#31 = 201.589
ROUND 1571 A#20 and B#31 = 280.377
ROUND 1572 A#21 and B#31 = 256.758
ROUND 1573 A#22 and B#31 = 243.694
ROUND 1574 A#23 and B#31 = 287.301
ROUND 1575 A#24 and B#31 = 226.314
ROUND 1576 A#25 and B#31 = 275.678
ROUND 1577 A#26 and B#31 = 156.035
ROUND 1578 A#27 and B#31 = 250.225
ROUND 1579 A#28 and B#31 = 277.596
ROUND 1580 A#29 and B#31 = 243.533
ROUND 1581 A#30 and B#31 = 297.426
ROUND 1582 A#31 and B#31 = 292.211
ROUND 1583 A#32 and B#31 = 241.455
ROUND 1584 A#33 and B#31 = 259.817
ROUND 1585 A#34 and B#31 = 246.005
ROUND 1586 A#35 and B#31 = 265.009
ROUND 1587 A#36 and B#31 = 279.136
ROUND 1588 A#37 and B#31 = 240.625
ROUND 1589 A#38 and B#31 = 238.862
ROUND 1590 A#39 and B#31 = 215.144
ROUND 1591 A#40 and B#31 = 256.683
ROUND 1592 A#41 and B#31 = 320.446
ROUND 1593 A#42 and B#31 = 178.545
ROUND 1594 A#43 and B#31 = 178.927
ROUND 1595 A#44 and B#31 = 53.0965
ROUND 1596 A#45 and B#31 = 319.088
ROUND 1597 A#46 and B#31 = 232.333
ROUND 1598 A#47 and B#31 = 192.921
ROUND 1599 A#48 and B#31 = 242.338
ROUND 1600 A#49 and B#31 = 250.862
ROUND 1601 A#0 and B#32 = 287.866
ROUND 1602 A#1 and B#32 = 244.951
ROUND 1603 A#2 and B#32 = 278.504
ROUND 1604 A#3 and B#32 = 200.372
ROUND 1605 A#4 and B#32 = 117.306
ROUND 1606 A#5 and B#32 = 214.32
ROUND 1607 A#6 and B#32 = 217.683
ROUND 1608 A#7 and B#32 = 109.479
ROUND 1609 A#8 and B#32 = 101.321
ROUND 1610 A#9 and B#32 = 269.426
ROUND 1611 A#10 and B#32 = 101.993
ROUND 1612 A#11 and B#32 = 91.9095
ROUND 1613 A#12 and B#32 = 192.384
ROUND 1614 A#13 and B#32 = 109.041
ROUND 1615 A#14 and B#32 = 283.133
ROUND 1616 A#15 and B#32 = 220.6
ROUND 1617 A#16 and B#32 = 174.656
ROUND 1618 A#17 and B#32 = 110.784
ROUND 1619 A#18 and B#32 = 194.499
ROUND 1620 A#19 and B#32 = 239.636
ROUND 1621 A#20 and B#32 = 123.271
ROUND 1622 A#21 and B#32 = 138.711
ROUND 1623 A#22 and B#32 = 93.5206
ROUND 1624 A#23 and B#32 = 223.586
ROUND 1625 A#24 and B#32 = 226.848
ROUND 1626 A#25 and B#32 = 108.501
ROUND 1627 A#26 and B#32 = 134.751
ROUND 1628 A#27 and B#32 = 95.1958
ROUND 1629 A#28 and B#32 = 127.302
ROUND 1630 A#29 and B#32 = 150.491
ROUND 1631 A#30 and B#32 = 186.915
ROUND 1632 A#31 and B#32 = 198.173
ROUND 1633 A#32 and B#32 = 301.085
ROUND 1634 A#33 and B#32 = 226.025
ROUND 1635 A#34 and B#32 = 100.898
ROUND 1636 A#35 and B#32 = 220.33
ROUND 1637 A#36 and B#32 = 313.204
ROUND 1638 A#37 and B#32 = 245.15
ROUND 1639 A#38 and B#32 = 212.066
ROUND 1640 A#39 and B#32 = 210.483
ROUND 1641 A#40 and B#32 = 219.574
ROUND 1642 A#41 and B#32 = 190.648
ROUND 1643 A#42 and B#32 = 244.924
ROUND 1644 A#43 and B#32 = 245.39
ROUND 1645 A#44 and B#32 = 293.065
ROUND 1646 A#45 and B#32 = 215.198
ROUND 1647 A#46 and B#32 = 266.617
ROUND 1648 A#47 and B#32 = 260.688
ROUND 1649 A#48 and B#32 = 324.525
ROUND 1650 A#49 and B#32 = 114.879
ROUND 1651 A#0 and B#33 = -82.1434
ROUND 1652 A#1 and B#33 = 269.589
ROUND 1653 A#2 and B#33 = 264.075
ROUND 1654 A#3 and B#33 = 234.182
ROUND 1655 A#4 and B#33 = 233.632
ROUND 1656 A#5 and B#33 = 40.0408
ROUND 1657 A#6 and B#33 = 199.014
ROUND 1658 A#7 and B#33 = 285.55
ROUND 1659 A#8 and B#33 = 276.519
ROUND 1660 A#9 and B#33 = 215.631
ROUND 1661 A#10 and B#33 = 277.732
ROUND 1662 A#11 and B#33 = 283.175
ROUND 1663 A#12 and B#33 = 247.421
ROUND 1664 A#13 and B#33 = 286.241
ROUND 1665 A#14 and B#33 = 244.024
ROUND 1666 A#15 and B#33 = 199.893
ROUND 1667 A#16 and B#33 = 200.595
ROUND 1668 A#17 and B#33 = 286.136
ROUND 1669 A#18 and B#33 = 296.097
ROUND 1670 A#19 and B#33 = 183.083
ROUND 1671 A#20 and B#33 = 283.693
ROUND 1672 A#21 and B#33 = 252.225
ROUND 1673 A#22 and B#33 = 257.446
ROUND 1674 A#23 and B#33 = 284.046
ROUND 1675 A#24 and B#33 = 193.686
ROUND 1676 A#25 and B#33 = 279.905
ROUND 1677 A#26 and B#33 = 226.836
ROUND 1678 A#27 and B#33 = 261.928
ROUND 1679 A#28 and B#33 = 277.342
ROUND 1680 A#29 and B#33 = 243.846
ROUND 1681 A#30 and B#33 = 294.425
ROUND 1682 A#31 and B#33 = 310.722
ROUND 1683 A#32 and B#33 = 242.398
ROUND 1684 A#33 and B#33 = 249.956
ROUND 1685 A#34 and B#33 = 247.552
ROUND 1686 A#35 and B#33 = 247.485
ROUND 1687 A#36 and B#33 = 279.801
ROUND 1688 A#37 and B#33 = 241.459
ROUND 1689 A#38 and B#33 = 228.2
ROUND 1690 A#39 and B#33 = 212.518
ROUND 1691 A#40 and B#33 = 251.301
ROUND 1692 A#41 and B#33 = 323.462
ROUND 1693 A#42 and B#33 = 234.545
ROUND 1694 A#43 and B#33 = 232.658
ROUND 1695 A#44 and B#33 = 64.1025
ROUND 1696 A#45 and B#33 = 320.698
ROUND 1697 A#46 and B#33 = 191.142
ROUND 1698 A#47 and B#33 = 191.42
ROUND 1699 A#48 and B#33 = 246.363
ROUND 1700 A#49 and B#33 = 243.164
ROUND 1701 A#0 and B#34 = 261.657
ROUND 1702 A#1 and B#34 = 292.214
ROUND 1703 A#2 and B#34 = 237.385
ROUND 1704 A#3 and B#34 = 226.492
ROUND 1705 A#4 and B#34 = 218.855
ROUND 1706 A#5 and B#34 = 336.54
ROUND 1707 A#6 and B#34 = 246.523
ROUND 1708 A#7 and B#34 = 288.196
ROUND 1709 A#8 and B#34 = 240.738
ROUND 1710 A#9 and B#34 = 340.5
ROUND 1711 A#10 and B#34 = 240.57
ROUND 1712 A#11 and B#34 = 168.169
ROUND 1713 A#12 and B#34 = 265.889
ROUND 1714 A#13 and B#34 = 214.259
ROUND 1715 A#14 and B#34 = 268.191
ROUND 1716 A#15 and B#34 = 329.643
ROUND 1717 A#16 and B#34 = 234.77
ROUND 1718 A#17 and B#34 = 212.981
ROUND 1719 A#18 and B#34 = 227.702
ROUND 1720 A#19 and B#34 = 233.2
ROUND 1721 A#20 and B#34 = 281.079
ROUND 1722 A#21 and B#34 = 249.283
ROUND 1723 A#22 and B#34 = 199.542
ROUND 1724 A#23 and B#34 = 208.042
ROUND 1725 A#24 and B#34 = 251.812
ROUND 1726 A#25 and B#34 = 206.399
ROUND 1727 A#26 and B#34 = 219.701
ROUND 1728 A#27 and B#34 = 205.849
ROUND 1729 A#28 and B#34 = 264.681
ROUND 1730 A#29 and B#34 = 193.286
ROUND 1731 A#30 and B#34 = 231.95
ROUND 1732 A#31 and B#34 = 339.701
ROUND 1733 A#32 and B#34 = 446.129
ROUND 1734 A#33 and B#34 = 305.36
ROUND 1735 A#34 and B#34 = 340.629
ROUND 1736 A#35 and B#34 = 287.241
ROUND 1737 A#36 and B#34 = 207.151
ROUND 1738 A#37 and B#34 = 342.249
ROUND 1739 A#38 and B#34 = 219.383
ROUND 1740 A#39 and B#34 = 224.036
ROUND 1741 A#40 and B#34 = 261.842
ROUND 1742 A#41 and B#34 = 257.311
ROUND 1743 A#42 and B#34 = 174.8
ROUND 1744 A#43 and B#34 = 175.214
ROUND 1745 A#44 and B#34 = 211.413
ROUND 1746 A#45 and B#34 = 326.573
ROUND 1747 A#46 and B#34 = 232.93
ROUND 1748 A#47 and B#34 = 256.677
ROUND 1749 A#48 and B#34 = 26.3842
ROUND 1750 A#49 and B#34 = 312.129
ROUND 1751 A#0 and B#35 = 275.749
ROUND 1752 A#1 and B#35 = 245.565
ROUND 1753 A#2 and B#35 = 220.451
ROUND 1754 A#3 and B#35 = 173.021
ROUND 1755 A#4 and B#35 = 228.575
ROUND 1756 A#5 and B#35 = 301.576
ROUND 1757 A#6 and B#35 = 297.167
ROUND 1758 A#7 and B#35 = 159.272
ROUND 1759 A#8 and B#35 = 147.978
ROUND 1760 A#9 and B#35 = 230.808
ROUND 1761 A#10 and B#35 = 148.843
ROUND 1762 A#11 and B#35 = 167.783
ROUND 1763 A#12 and B#35 = 277.499
ROUND 1764 A#13 and B#35 = 160.637
ROUND 1765 A#14 and B#35 = 343.268
ROUND 1766 A#15 and B#35 = 245.002
ROUND 1767 A#16 and B#35 = 300.467
ROUND 1768 A#17 and B#35 = 161.128
ROUND 1769 A#18 and B#35 = 202.886
ROUND 1770 A#19 and B#35 = 293.953
ROUND 1771 A#20 and B#35 = 166.073
ROUND 1772 A#21 and B#35 = 187.458
ROUND 1773 A#22 and B#35 = 195.612
ROUND 1774 A#23 and B#35 = 272.834
ROUND 1775 A#24 and B#35 = 289.673
ROUND 1776 A#25 and B#35 = 161.315
ROUND 1777 A#26 and B#35 = 281.416
ROUND 1778 A#27 and B#35 = 196.701
ROUND 1779 A#28 and B#35 = 218.42
ROUND 1780 A#29 and B#35 = 248.219
ROUND 1781 A#30 and B#35 = 292.953
ROUND 1782 A#31 and B#35 = 305.102
ROUND 1783 A#32 and B#35 = 250.291
ROUND 1784 A#33 and B#35 = 192.858
ROUND 1785 A#34 and B#35 = 311.628
ROUND 1786 A#35 and B#35 = 293.28
ROUND 1787 A#36 and B#35 = 210.561
ROUND 1788 A#37 and B#35 = 206.589
ROUND 1789 A#38 and B#35 = 210.709
ROUND 1790 A#39 and B#35 = 203.212
ROUND 1791 A#40 and B#35 = 273.668
ROUND 1792 A#41 and B#35 = 291.932
ROUND 1793 A#42 and B#35 = 277.275
ROUND 1794 A#43 and B#35 = 276.365
ROUND 1795 A#44 and B#35 = 326.578
ROUND 1796 A#45 and B#35 = 178.857
ROUND 1797 A#46 and B#35 = 280.807
ROUND 1798 A#47 and B#35 = 250.086
ROUND 1799 A#48 and B#35 = 276.986
ROUND 1800 A#49 and B#35 = 293.095
ROUND 1801 A#0 and B#36 = 287.672
ROUND 1802 A#1 and B#36 = 198.125
ROUND 1803 A#2 and B#36 = 323.268
ROUND 1804 A#3 and B#36 = 273.445
ROUND 1805 A#4 and B#36 = 232.526
ROUND 1806 A#5 and B#36 = 273.41
ROUND 1807 A#6 and B#36 = 266.631
ROUND 1808 A#7 and B#36 = 150.22
ROUND 1809 A#8 and B#36 = 100.351
ROUND 1810 A#9 and B#36 = 212.604
ROUND 1811 A#10 and B#36 = 101.42
ROUND 1812 A#11 and B#36 = 121.448
ROUND 1813 A#12 and B#36 = 183.53
ROUND 1814 A#13 and B#36 = 144.931
ROUND 1815 A#14 and B#36 = 255.952
ROUND 1816 A#15 and B#36 = 266.062
ROUND 1817 A#16 and B#36 = 294.102
ROUND 1818 A#17 and B#36 = 145.122
ROUND 1819 A#18 and B#36 = 193.439
ROUND 1820 A#19 and B#36 = 279.473
ROUND 1821 A#20 and B#36 = 152.788
ROUND 1822 A#21 and B#36 = 179.991
ROUND 1823 A#22 and B#36 = 133.555
ROUND 1824 A#23 and B#36 = 173.531
ROUND 1825 A#24 and B#36 = 269.069
ROUND 1826 A#25 and B#36 = 146.825
ROUND 1827 A#26 and B#36 = 299.496
ROUND 1828 A#27 and B#36 = 131.809
ROUND 1829 A#28 and B#36 = 161.068
ROUND 1830 A#29 and B#36 = 169.317
ROUND 1831 A#30 and B#36 = 174.136
ROUND 1832 A#31 and B#36 = 318.791
ROUND 1833 A#32 and B#36 = 351.299
ROUND 1834 A#33 and B#36 = 259.834
ROUND 1835 A#34 and B#36 = 263.377
ROUND 1836 A#35 and B#36 = 193.769
ROUND 1837 A#36 and B#36 = 214.221
ROUND 1838 A#37 and B#36 = 279.905
ROUND 1839 A#38 and B#36 = 297.469
ROUND 1840 A#39 and B#36 = 149.761
ROUND 1841 A#40 and B#36 = 254.879
ROUND 1842 A#41 and B#36 = 234.207
ROUND 1843 A#42 and B#36 = 253.143
ROUND 1844 A#43 and B#36 = 253.083
ROUND 1845 A#44 and B#36 = 282.048
ROUND 1846 A#45 and B#36 = 245.116
ROUND 1847 A#46 and B#36 = 254.759
ROUND 1848 A#47 and B#36 = 312.687
ROUND 1849 A#48 and B#36 = 187.379
ROUND 1850 A#49 and B#36 = 303.779
ROUND 1851 A#0 and B#37 = 318.004
ROUND 1852 A#1 and B#37 = 319.087
ROUND 1853 A#2 and B#37 = 191.111
ROUND 1854 A#3 and B#37 = 249.467
ROUND 1855 A#4 and B#37 = 181.041
ROUND 1856 A#5 and B#37 = 252.926
ROUND 1857 A#6 and B#37 = 226.416
ROUND 1858 A#7 and B#37 = 268.185
ROUND 1859 A#8 and B#37 = 180.951
ROUND 1860 A#9 and B#37 = 293.818
ROUND 1861 A#10 and B#37 = 181.829
ROUND 1862 A#11 and B#37 = 128.441
ROUND 1863 A#12 and B#37 = 67.2716
ROUND 1864 A#13 and B#37 = 130.379
ROUND 1865 A#14 and B#37 = 92.9844
ROUND 1866 A#15 and B#37 = 224.636
ROUND 1867 A#16 and B#37 = 209.436
ROUND 1868 A#17 and B#37 = 132.546
ROUND 1869 A#18 and B#37 = 212.38
ROUND 1870 A#19 and B#37 = 215.038
ROUND 1871 A#20 and B#37 = 265.242
ROUND 1872 A#21 and B#37 = 252.829
ROUND 1873 A#22 and B#37 = 124.787
ROUND 1874 A#23 and B#37 = 238.553
ROUND 1875 A#24 and B#37 = 239.742
ROUND 1876 A#25 and B#37 = 128.037
ROUND 1877 A#26 and B#37 = 206.02
ROUND 1878 A#27 and B#37 = 128.975
ROUND 1879 A#28 and B#37 = 257.757
ROUND 1880 A#29 and B#37 = 164.51
ROUND 1881 A#30 and B#37 = 230.507
ROUND 1882 A#31 and B#37 = 297.378
ROUND 1883 A#32 and B#37 = 231.272
ROUND 1884 A#33 and B#37 = 201.881
ROUND 1885 A#34 and B#37 = 298.285
ROUND 1886 A#35 and B#37 = 280.226
ROUND 1887 A#36 and B#37 = 238.487
ROUND 1888 A#37 and B#37 = 274.66
ROUND 1889 A#38 and B#37 = 268.53
ROUND 1890 A#39 and B#37 = 195.953
ROUND 1891 A#40 and B#37 = 260.224
ROUND 1892 A#41 and B#37 = 264.07
ROUND 1893 A#42 and B#37 = 203
ROUND 1894 A#43 and B#37 = 203.774
ROUND 1895 A#44 and B#37 = 239.756
ROUND 1896 A#45 and B#37 = 237.329
ROUND 1897 A#46 and B#37 = 215.596
ROUND 1898 A#47 and B#37 = 208.075
ROUND 1899 A#48 and B#37 = 302.947
ROUND 1900 A#49 and B#37 = 243.273
ROUND 1901 A#0 and B#38 = 287.715
ROUND 1902 A#1 and B#38 = 244.74
ROUND 1903 A#2 and B#38 = 279.112
ROUND 1904 A#3 and B#38 = 199.63
ROUND 1905 A#4 and B#38 = 116.411
ROUND 1906 A#5 and B#38 = 213.083
ROUND 1907 A#6 and B#38 = 218.349
ROUND 1908 A#7 and B#38 = 109.123
ROUND 1909 A#8 and B#38 = 101.048
ROUND 1910 A#9 and B#38 = 269.141
ROUND 1911 A#10 and B#38 = 101.473
ROUND 1912 A#11 and B#38 = 92.0787
ROUND 1913 A#12 and B#38 = 192.583
ROUND 1914 A#13 and B#38 = 108.669
ROUND 1915 A#14 and B#38 = 283.136
ROUND 1916 A#15 and B#38 = 220.656
ROUND 1917 A#16 and B#38 = 173.767
ROUND 1918 A#17 and B#38 = 110.429
ROUND 1919 A#18 and B#38 = 192.108
ROUND 1920 A#19 and B#38 = 239.973
ROUND 1921 A#20 and B#38 = 122.716
ROUND 1922 A#21 and B#38 = 137.82
ROUND 1923 A#22 and B#38 = 92.8206
ROUND 1924 A#23 and B#38 = 220.493
ROUND 1925 A#24 and B#38 = 227.391
ROUND 1926 A#25 and B#38 = 108.073
ROUND 1927 A#26 and B#38 = 133.994
ROUND 1928 A#27 and B#38 = 94.5376
ROUND 1929 A#28 and B#38 = 127.834
ROUND 1930 A#29 and B#38 = 150.333
ROUND 1931 A#30 and B#38 = 184.889
ROUND 1932 A#31 and B#38 = 198.02
ROUND 1933 A#32 and B#38 = 301.464
ROUND 1934 A#33 and B#38 = 225.925
ROUND 1935 A#34 and B#38 = 101.224
ROUND 1936 A#35 and B#38 = 219.986
ROUND 1937 A#36 and B#38 = 311.655
ROUND 1938 A#37 and B#38 = 244.625
ROUND 1939 A#38 and B#38 = 212.502
ROUND 1940 A#39 and B#38 = 209.771
ROUND 1941 A#40 and B#38 = 219.691
ROUND 1942 A#41 and B#38 = 190.835
ROUND 1943 A#42 and B#38 = 246.407
ROUND 1944 A#43 and B#38 = 246.897
ROUND 1945 A#44 and B#38 = 293.766
ROUND 1946 A#45 and B#38 = 215.64
ROUND 1947 A#46 and B#38 = 267.149
ROUND 1948 A#47 and B#38 = 262.615
ROUND 1949 A#48 and B#38 = 326.183
ROUND 1950 A#49 and B#38 = 114.422
ROUND 1951 A#0 and B#39 = 231.754
ROUND 1952 A#1 and B#39 = 171.301
ROUND 1953 A#2 and B#39 = 195.644
ROUND 1954 A#3 and B#39 = 254.93
ROUND 1955 A#4 and B#39 = 213.348
ROUND 1956 A#5 and B#39 = 44.6482
ROUND 1957 A#6 and B#39 = 195.303
ROUND 1958 A#7 and B#39 = 242.568
ROUND 1959 A#8 and B#39 = 257.068
ROUND 1960 A#9 and B#39 = 117.174
ROUND 1961 A#10 and B#39 = 258.586
ROUND 1962 A#11 and B#39 = 241.488
ROUND 1963 A#12 and B#39 = 207.469
ROUND 1964 A#13 and B#39 = 242.302
ROUND 1965 A#14 and B#39 = 215.102
ROUND 1966 A#15 and B#39 = 248.446
ROUND 1967 A#16 and B#39 = 187.023
ROUND 1968 A#17 and B#39 = 242.226
ROUND 1969 A#18 and B#39 = 144.746
ROUND 1970 A#19 and B#39 = 174.146
ROUND 1971 A#20 and B#39 = 236.939
ROUND 1972 A#21 and B#39 = 208.139
ROUND 1973 A#22 and B#39 = 209.385
ROUND 1974 A#23 and B#39 = 274.326
ROUND 1975 A#24 and B#39 = 203.8
ROUND 1976 A#25 and B#39 = 239.648
ROUND 1977 A#26 and B#39 = 151.747
ROUND 1978 A#27 and B#39 = 212.182
ROUND 1979 A#28 and B#39 = 246.2
ROUND 1980 A#29 and B#39 = 228.781
ROUND 1981 A#30 and B#39 = 280.775
ROUND 1982 A#31 and B#39 = 221.635
ROUND 1983 A#32 and B#39 = 391.249
ROUND 1984 A#33 and B#39 = 213.738
ROUND 1985 A#34 and B#39 = 302.982
ROUND 1986 A#35 and B#39 = 248.591
ROUND 1987 A#36 and B#39 = 343.683
ROUND 1988 A#37 and B#39 = 299.947
ROUND 1989 A#38 and B#39 = 88.0353
ROUND 1990 A#39 and B#39 = 203.625
ROUND 1991 A#40 and B#39 = 74.6076
ROUND 1992 A#41 and B#39 = 277.897
ROUND 1993 A#42 and B#39 = 362.962
ROUND 1994 A#43 and B#39 = 363.252
ROUND 1995 A#44 and B#39 = 244.478
ROUND 1996 A#45 and B#39 = 268.801
ROUND 1997 A#46 and B#39 = 191.525
ROUND 1998 A#47 and B#39 = 242.564
ROUND 1999 A#48 and B#39 = 308.428
ROUND 2000 A#49 and B#39 = 264.469
ROUND 2001 A#0 and B#40 = 275.836
ROUND 2002 A#1 and B#40 = 245.89
ROUND 2003 A#2 and B#40 = 222.848
ROUND 2004 A#3 and B#40 = 172.869
ROUND 2005 A#4 and B#40 = 228.929
ROUND 2006 A#5 and B#40 = 300.301
ROUND 2007 A#6 and B#40 = 297.033
ROUND 2008 A#7 and B#40 = 160.323
ROUND 2009 A#8 and B#40 = 146.622
ROUND 2010 A#9 and B#40 = 231.882
ROUND 2011 A#10 and B#40 = 147.495
ROUND 2012 A#11 and B#40 = 168.539
ROUND 2013 A#12 and B#40 = 278.709
ROUND 2014 A#13 and B#40 = 161.701
ROUND 2015 A#14 and B#40 = 344.7
ROUND 2016 A#15 and B#40 = 244.185
ROUND 2017 A#16 and B#40 = 300.798
ROUND 2018 A#17 and B#40 = 162.21
ROUND 2019 A#18 and B#40 = 201.434
ROUND 2020 A#19 and B#40 = 294.096
ROUND 2021 A#20 and B#40 = 166.782
ROUND 2022 A#21 and B#40 = 186.334
ROUND 2023 A#22 and B#40 = 194.504
ROUND 2024 A#23 and B#40 = 259.486
ROUND 2025 A#24 and B#40 = 289.793
ROUND 2026 A#25 and B#40 = 162.71
ROUND 2027 A#26 and B#40 = 281.763
ROUND 2028 A#27 and B#40 = 195.681
ROUND 2029 A#28 and B#40 = 219.674
ROUND 2030 A#29 and B#40 = 248.456
ROUND 2031 A#30 and B#40 = 289.47
ROUND 2032 A#31 and B#40 = 305.827
ROUND 2033 A#32 and B#40 = 250.305
ROUND 2034 A#33 and B#40 = 192.941
ROUND 2035 A#34 and B#40 = 311.131
ROUND 2036 A#35 and B#40 = 294.279
ROUND 2037 A#36 and B#40 = 210.972
ROUND 2038 A#37 and B#40 = 207.428
ROUND 2039 A#38 and B#40 = 224.945
ROUND 2040 A#39 and B#40 = 202.178
ROUND 2041 A#40 and B#40 = 273.676
ROUND 2042 A#41 and B#40 = 293.568
ROUND 2043 A#42 and B#40 = 278.609
ROUND 2044 A#43 and B#40 = 276.777
ROUND 2045 A#44 and B#40 = 326.264
ROUND 2046 A#45 and B#40 = 179.945
ROUND 2047 A#46 and B#40 = 280.851
ROUND 2048 A#47 and B#40 = 250.735
ROUND 2049 A#48 and B#40 = 276.738
ROUND 2050 A#49 and B#40 = 293.413
ROUND 2051 A#0 and B#41 = 295.49
ROUND 2052 A#1 and B#41 = 270.259
ROUND 2053 A#2 and B#41 = 47.1903
ROUND 2054 A#3 and B#41 = 228.847
ROUND 2055 A#4 and B#41 = 215.019
ROUND 2056 A#5 and B#41 = 164.276
ROUND 2057 A#6 and B#41 = 251.122
ROUND 2058 A#7 and B#41 = 265.309
ROUND 2059 A#8 and B#41 = 252.299
ROUND 2060 A#9 and B#41 = 207.011
ROUND 2061 A#10 and B#41 = 253.744
ROUND 2062 A#11 and B#41 = 265.369
ROUND 2063 A#12 and B#41 = 213.723
ROUND 2064 A#13 and B#41 = 265.102
ROUND 2065 A#14 and B#41 = 280.067
ROUND 2066 A#15 and B#41 = 235.644
ROUND 2067 A#16 and B#41 = 175.105
ROUND 2068 A#17 and B#41 = 264.929
ROUND 2069 A#18 and B#41 = 180.436
ROUND 2070 A#19 and B#41 = 207.286
ROUND 2071 A#20 and B#41 = 258.203
ROUND 2072 A#21 and B#41 = 229.748
ROUND 2073 A#22 and B#41 = 252.596
ROUND 2074 A#23 and B#41 = 281.115
ROUND 2075 A#24 and B#41 = 204.433
ROUND 2076 A#25 and B#41 = 256.794
ROUND 2077 A#26 and B#41 = 226.129
ROUND 2078 A#27 and B#41 = 257.643
ROUND 2079 A#28 and B#41 = 247.628
ROUND 2080 A#29 and B#41 = 227.859
ROUND 2081 A#30 and B#41 = 229.409
ROUND 2082 A#31 and B#41 = 269.153
ROUND 2083 A#32 and B#41 = 237.054
ROUND 2084 A#33 and B#41 = 231.414
ROUND 2085 A#34 and B#41 = 256.899
ROUND 2086 A#35 and B#41 = 225.016
ROUND 2087 A#36 and B#41 = 150.357
ROUND 2088 A#37 and B#41 = 239.415
ROUND 2089 A#38 and B#41 = 211.168
ROUND 2090 A#39 and B#41 = 200.313
ROUND 2091 A#40 and B#41 = 223.856
ROUND 2092 A#41 and B#41 = 309.25
ROUND 2093 A#42 and B#41 = 212.316
ROUND 2094 A#43 and B#41 = 210.139
ROUND 2095 A#44 and B#41 = 219.649
ROUND 2096 A#45 and B#41 = 214.723
ROUND 2097 A#46 and B#41 = 233.243
ROUND 2098 A#47 and B#41 = 251.487
ROUND 2099 A#48 and B#41 = 283.238
ROUND 2100 A#49 and B#41 = 236.895
ROUND 2101 A#0 and B#42 = 244.062
ROUND 2102 A#1 and B#42 = 172.699
ROUND 2103 A#2 and B#42 = 217.559
ROUND 2104 A#3 and B#42 = 256.65
ROUND 2105 A#4 and B#42 = 215.43
ROUND 2106 A#5 and B#42 = 159.716
ROUND 2107 A#6 and B#42 = 207.166
ROUND 2108 A#7 and B#42 = 243.641
ROUND 2109 A#8 and B#42 = 259.566
ROUND 2110 A#9 and B#42 = 309.764
ROUND 2111 A#10 and B#42 = 261.087
ROUND 2112 A#11 and B#42 = 242.906
ROUND 2113 A#12 and B#42 = 347.2
ROUND 2114 A#13 and B#42 = 243.287
ROUND 2115 A#14 and B#42 = 214.118
ROUND 2116 A#15 and B#42 = 250.967
ROUND 2117 A#16 and B#42 = 176.17
ROUND 2118 A#17 and B#42 = 243.381
ROUND 2119 A#18 and B#42 = 157.183
ROUND 2120 A#19 and B#42 = 179.607
ROUND 2121 A#20 and B#42 = 237.704
ROUND 2122 A#21 and B#42 = 211.015
ROUND 2123 A#22 and B#42 = 212.279
ROUND 2124 A#23 and B#42 = 275.549
ROUND 2125 A#24 and B#42 = 207.314
ROUND 2126 A#25 and B#42 = 240.721
ROUND 2127 A#26 and B#42 = 216.538
ROUND 2128 A#27 and B#42 = 214.907
ROUND 2129 A#28 and B#42 = 246.928
ROUND 2130 A#29 and B#42 = 230.359
ROUND 2131 A#30 and B#42 = 282.856
ROUND 2132 A#31 and B#42 = 221.81
ROUND 2133 A#32 and B#42 = 391.47
ROUND 2134 A#33 and B#42 = 215.176
ROUND 2135 A#34 and B#42 = 302.933
ROUND 2136 A#35 and B#42 = 253.04
ROUND 2137 A#36 and B#42 = 343.809
ROUND 2138 A#37 and B#42 = 250.449
ROUND 2139 A#38 and B#42 = 211.928
ROUND 2140 A#39 and B#42 = 206.79
ROUND 2141 A#40 and B#42 = 74.7414
ROUND 2142 A#41 and B#42 = 277.862
ROUND 2143 A#42 and B#42 = 363.567
ROUND 2144 A#43 and B#42 = 364.069
ROUND 2145 A#44 and B#42 = 243.624
ROUND 2146 A#45 and B#42 = 305.916
ROUND 2147 A#46 and B#42 = 241.724
ROUND 2148 A#47 and B#42 = 243.335
ROUND 2149 A#48 and B#42 = 309.348
ROUND 2150 A#49 and B#42 = 265.264
ROUND 2151 A#0 and B#43 = 235.641
ROUND 2152 A#1 and B#43 = 267.208
ROUND 2153 A#2 and B#43 = 222.386
ROUND 2154 A#3 and B#43 = 228.935
ROUND 2155 A#4 and B#43 = 216.427
ROUND 2156 A#5 and B#43 = 26.7482
ROUND 2157 A#6 and B#43 = 223.406
ROUND 2158 A#7 and B#43 = 265.478
ROUND 2159 A#8 and B#43 = 261.493
ROUND 2160 A#9 and B#43 = 223.326
ROUND 2161 A#10 and B#43 = 262.961
ROUND 2162 A#11 and B#43 = 265.215
ROUND 2163 A#12 and B#43 = 343.809
ROUND 2164 A#13 and B#43 = 265.209
ROUND 2165 A#14 and B#43 = 280.705
ROUND 2166 A#15 and B#43 = 236.022
ROUND 2167 A#16 and B#43 = 195.079
ROUND 2168 A#17 and B#43 = 265.387
ROUND 2169 A#18 and B#43 = 153.116
ROUND 2170 A#19 and B#43 = 190.082
ROUND 2171 A#20 and B#43 = 259.32
ROUND 2172 A#21 and B#43 = 230.703
ROUND 2173 A#22 and B#43 = 227.843
ROUND 2174 A#23 and B#43 = 280.369
ROUND 2175 A#24 and B#43 = 210.986
ROUND 2176 A#25 and B#43 = 256.67
ROUND 2177 A#26 and B#43 = 216.471
ROUND 2178 A#27 and B#43 = 235.624
ROUND 2179 A#28 and B#43 = 250.941
ROUND 2180 A#29 and B#43 = 226.653
ROUND 2181 A#30 and B#43 = 179.388
ROUND 2182 A#31 and B#43 = 282.567
ROUND 2183 A#32 and B#43 = 265.911
ROUND 2184 A#33 and B#43 = 232.075
ROUND 2185 A#34 and B#43 = 257.705
ROUND 2186 A#35 and B#43 = 254.422
ROUND 2187 A#36 and B#43 = 326.815
ROUND 2188 A#37 and B#43 = 223.259
ROUND 2189 A#38 and B#43 = 211.478
ROUND 2190 A#39 and B#43 = 204.385
ROUND 2191 A#40 and B#43 = 211.249
ROUND 2192 A#41 and B#43 = 316.452
ROUND 2193 A#42 and B#43 = 198.643
ROUND 2194 A#43 and B#43 = 196.285
ROUND 2195 A#44 and B#43 = 201.602
ROUND 2196 A#45 and B#43 = 267.954
ROUND 2197 A#46 and B#43 = 242.246
ROUND 2198 A#47 and B#43 = 242.2
ROUND 2199 A#48 and B#43 = 279.087
ROUND 2200 A#49 and B#43 = 44.9039
ROUND 2201 A#0 and B#44 = 259.744
ROUND 2202 A#1 and B#44 = 193.697
ROUND 2203 A#2 and B#44 = 250.392
ROUND 2204 A#3 and B#44 = 202.399
ROUND 2205 A#4 and B#44 = 225.987
ROUND 2206 A#5 and B#44 = 229.918
ROUND 2207 A#6 and B#44 = 241.076
ROUND 2208 A#7 and B#44 = 283.633
ROUND 2209 A#8 and B#44 = 274.602
ROUND 2210 A#9 and B#44 = 339.412
ROUND 2211 A#10 and B#44 = 255.931
ROUND 2212 A#11 and B#44 = 184.297
ROUND 2213 A#12 and B#44 = 53.6442
ROUND 2214 A#13 and B#44 = 172.08
ROUND 2215 A#14 and B#44 = 266.208
ROUND 2216 A#15 and B#44 = 222.677
ROUND 2217 A#16 and B#44 = 228.291
ROUND 2218 A#17 and B#44 = 173.916
ROUND 2219 A#18 and B#44 = 213.62
ROUND 2220 A#19 and B#44 = 221.883
ROUND 2221 A#20 and B#44 = 282.004
ROUND 2222 A#21 and B#44 = 229.476
ROUND 2223 A#22 and B#44 = 200.867
ROUND 2224 A#23 and B#44 = 237.04
ROUND 2225 A#24 and B#44 = 246.577
ROUND 2226 A#25 and B#44 = 168.425
ROUND 2227 A#26 and B#44 = 210.44
ROUND 2228 A#27 and B#44 = 208.273
ROUND 2229 A#28 and B#44 = 255.959
ROUND 2230 A#29 and B#44 = 212.173
ROUND 2231 A#30 and B#44 = 239.251
ROUND 2232 A#31 and B#44 = 341.261
ROUND 2233 A#32 and B#44 = 291.479
ROUND 2234 A#33 and B#44 = 320.731
ROUND 2235 A#34 and B#44 = 340.198
ROUND 2236 A#35 and B#44 = 284.446
ROUND 2237 A#36 and B#44 = 213.045
ROUND 2238 A#37 and B#44 = 222.531
ROUND 2239 A#38 and B#44 = 196.37
ROUND 2240 A#39 and B#44 = 195.573
ROUND 2241 A#40 and B#44 = 263.587
ROUND 2242 A#41 and B#44 = 269.351
ROUND 2243 A#42 and B#44 = 174.536
ROUND 2244 A#43 and B#44 = 174.842
ROUND 2245 A#44 and B#44 = 251.218
ROUND 2246 A#45 and B#44 = 202.255
ROUND 2247 A#46 and B#44 = 223.469
ROUND 2248 A#47 and B#44 = 246.234
ROUND 2249 A#48 and B#44 = 266.649
ROUND 2250 A#49 and B#44 = 227.966
ROUND 2251 A#0 and B#45 = 127.669
ROUND 2252 A#1 and B#45 = 225.728
ROUND 2253 A#2 and B#45 = 249.762
ROUND 2254 A#3 and B#45 = 227.645
ROUND 2255 A#4 and B#45 = 219.252
ROUND 2256 A#5 and B#45 = 227.297
ROUND 2257 A#6 and B#45 = 241.206
ROUND 2258 A#7 and B#45 = 173.995
ROUND 2259 A#8 and B#45 = 254.638
ROUND 2260 A#9 and B#45 = 340.287
ROUND 2261 A#10 and B#45 = 254.839
ROUND 2262 A#11 and B#45 = 180.792
ROUND 2263 A#12 and B#45 = 266.282
ROUND 2264 A#13 and B#45 = 171.327
ROUND 2265 A#14 and B#45 = 268.319
ROUND 2266 A#15 and B#45 = 326.771
ROUND 2267 A#16 and B#45 = 229.919
ROUND 2268 A#17 and B#45 = 172.13
ROUND 2269 A#18 and B#45 = 228.585
ROUND 2270 A#19 and B#45 = 224.091
ROUND 2271 A#20 and B#45 = 273.817
ROUND 2272 A#21 and B#45 = 198.696
ROUND 2273 A#22 and B#45 = 197.528
ROUND 2274 A#23 and B#45 = 198.744
ROUND 2275 A#24 and B#45 = 246.912
ROUND 2276 A#25 and B#45 = 166.874
ROUND 2277 A#26 and B#45 = 211.02
ROUND 2278 A#27 and B#45 = 204.693
ROUND 2279 A#28 and B#45 = 169.4
ROUND 2280 A#29 and B#45 = 206.57
ROUND 2281 A#30 and B#45 = 238.429
ROUND 2282 A#31 and B#45 = 345.654
ROUND 2283 A#32 and B#45 = 445.821
ROUND 2284 A#33 and B#45 = 150.994
ROUND 2285 A#34 and B#45 = 329.754
ROUND 2286 A#35 and B#45 = 282.944
ROUND 2287 A#36 and B#45 = 212.695
ROUND 2288 A#37 and B#45 = 232.445
ROUND 2289 A#38 and B#45 = 225.079
ROUND 2290 A#39 and B#45 = 194.594
ROUND 2291 A#40 and B#45 = 253.484
ROUND 2292 A#41 and B#45 = 260.145
ROUND 2293 A#42 and B#45 = 199.879
ROUND 2294 A#43 and B#45 = 200.054
ROUND 2295 A#44 and B#45 = 243.825
ROUND 2296 A#45 and B#45 = 326.465
ROUND 2297 A#46 and B#45 = 225.161
ROUND 2298 A#47 and B#45 = 244.139
ROUND 2299 A#48 and B#45 = 245.965
ROUND 2300 A#49 and B#45 = 297.624
ROUND 2301 A#0 and B#46 = 287.809
ROUND 2302 A#1 and B#46 = 244.318
ROUND 2303 A#2 and B#46 = 280.475
ROUND 2304 A#3 and B#46 = 229.793
ROUND 2305 A#4 and B#46 = 120.542
ROUND 2306 A#5 and B#46 = 215.717
ROUND 2307 A#6 and B#46 = 219.049
ROUND 2308 A#7 and B#46 = 108.944
ROUND 2309 A#8 and B#46 = 32.4441
ROUND 2310 A#9 and B#46 = 266.951
ROUND 2311 A#10 and B#46 = 136.431
ROUND 2312 A#11 and B#46 = 91.2542
ROUND 2313 A#12 and B#46 = 79.7884
ROUND 2314 A#13 and B#46 = 108.362
ROUND 2315 A#14 and B#46 = 91.039
ROUND 2316 A#15 and B#46 = 213.179
ROUND 2317 A#16 and B#46 = 171.604
ROUND 2318 A#17 and B#46 = 110.56
ROUND 2319 A#18 and B#46 = 185.044
ROUND 2320 A#19 and B#46 = 135.414
ROUND 2321 A#20 and B#46 = 163.038
ROUND 2322 A#21 and B#46 = 288.022
ROUND 2323 A#22 and B#46 = 100.737
ROUND 2324 A#23 and B#46 = 202.814
ROUND 2325 A#24 and B#46 = 247.621
ROUND 2326 A#25 and B#46 = 108.168
ROUND 2327 A#26 and B#46 = 133.069
ROUND 2328 A#27 and B#46 = 102.343
ROUND 2329 A#28 and B#46 = 201.393
ROUND 2330 A#29 and B#46 = 216.583
ROUND 2331 A#30 and B#46 = 176.462
ROUND 2332 A#31 and B#46 = 192.008
ROUND 2333 A#32 and B#46 = 304.647
ROUND 2334 A#33 and B#46 = 215.964
ROUND 2335 A#34 and B#46 = 286.975
ROUND 2336 A#35 and B#46 = 225.792
ROUND 2337 A#36 and B#46 = 290.152
ROUND 2338 A#37 and B#46 = 332.515
ROUND 2339 A#38 and B#46 = 294.608
ROUND 2340 A#39 and B#46 = 209.847
ROUND 2341 A#40 and B#46 = 273.013
ROUND 2342 A#41 and B#46 = 111.525
ROUND 2343 A#42 and B#46 = 285.174
ROUND 2344 A#43 and B#46 = 285.472
ROUND 2345 A#44 and B#46 = 301.952
ROUND 2346 A#45 and B#46 = 263.819
ROUND 2347 A#46 and B#46 = 150.862
ROUND 2348 A#47 and B#46 = 293.557
ROUND 2349 A#48 and B#46 = 326.488
ROUND 2350 A#49 and B#46 = 281.785
ROUND 2351 A#0 and B#47 = 216.135
ROUND 2352 A#1 and B#47 = 305.069
ROUND 2353 A#2 and B#47 = 191.445
ROUND 2354 A#3 and B#47 = 257.669
ROUND 2355 A#4 and B#47 = 195.516
ROUND 2356 A#5 and B#47 = 208.373
ROUND 2357 A#6 and B#47 = 235.892
ROUND 2358 A#7 and B#47 = 267.496
ROUND 2359 A#8 and B#47 = 212.783
ROUND 2360 A#9 and B#47 = 291.427
ROUND 2361 A#10 and B#47 = 176.767
ROUND 2362 A#11 and B#47 = 164.13
ROUND 2363 A#12 and B#47 = 179.763
ROUND 2364 A#13 and B#47 = 152.532
ROUND 2365 A#14 and B#47 = 91.4235
ROUND 2366 A#15 and B#47 = 331.497
ROUND 2367 A#16 and B#47 = 212.303
ROUND 2368 A#17 and B#47 = 154.383
ROUND 2369 A#18 and B#47 = 215.869
ROUND 2370 A#19 and B#47 = 224.598
ROUND 2371 A#20 and B#47 = 266.804
ROUND 2372 A#21 and B#47 = 93.3859
ROUND 2373 A#22 and B#47 = 177.369
ROUND 2374 A#23 and B#47 = 309.814
ROUND 2375 A#24 and B#47 = 244.075
ROUND 2376 A#25 and B#47 = 149.209
ROUND 2377 A#26 and B#47 = 214.188
ROUND 2378 A#27 and B#47 = 184.884
ROUND 2379 A#28 and B#47 = 263.921
ROUND 2380 A#29 and B#47 = 179.325
ROUND 2381 A#30 and B#47 = 229.029
ROUND 2382 A#31 and B#47 = 290.164
ROUND 2383 A#32 and B#47 = 231.888
ROUND 2384 A#33 and B#47 = 301.144
ROUND 2385 A#34 and B#47 = 308.45
ROUND 2386 A#35 and B#47 = 284.799
ROUND 2387 A#36 and B#47 = 237.212
ROUND 2388 A#37 and B#47 = 264.18
ROUND 2389 A#38 and B#47 = 256.097
ROUND 2390 A#39 and B#47 = 200.547
ROUND 2391 A#40 and B#47 = 267.784
ROUND 2392 A#41 and B#47 = 267.213
ROUND 2393 A#42 and B#47 = 202.696
ROUND 2394 A#43 and B#47 = 203.042
ROUND 2395 A#44 and B#47 = 295.234
ROUND 2396 A#45 and B#47 = 245.942
ROUND 2397 A#46 and B#47 = 223.651
ROUND 2398 A#47 and B#47 = 188.686
ROUND 2399 A#48 and B#47 = 227.702
ROUND 2400 A#49 and B#47 = 251.992
ROUND 2401 A#0 and B#48 = 258.99
ROUND 2402 A#1 and B#48 = 194.109
ROUND 2403 A#2 and B#48 = 249.952
ROUND 2404 A#3 and B#48 = 258.172
ROUND 2405 A#4 and B#48 = 228.123
ROUND 2406 A#5 and B#48 = 230.434
ROUND 2407 A#6 and B#48 = 240.878
ROUND 2408 A#7 and B#48 = 287.856
ROUND 2409 A#8 and B#48 = 254.186
ROUND 2410 A#9 and B#48 = 339.242
ROUND 2411 A#10 and B#48 = 254.796
ROUND 2412 A#11 and B#48 = 192.239
ROUND 2413 A#12 and B#48 = 53.8026
ROUND 2414 A#13 and B#48 = 182.513
ROUND 2415 A#14 and B#48 = 136.94
ROUND 2416 A#15 and B#48 = 321.907
ROUND 2417 A#16 and B#48 = 225.67
ROUND 2418 A#17 and B#48 = 184.023
ROUND 2419 A#18 and B#48 = 214.354
ROUND 2420 A#19 and B#48 = 221.356
ROUND 2421 A#20 and B#48 = 285.452
ROUND 2422 A#21 and B#48 = 234.809
ROUND 2423 A#22 and B#48 = 201.075
ROUND 2424 A#23 and B#48 = 230.459
ROUND 2425 A#24 and B#48 = 244.358
ROUND 2426 A#25 and B#48 = 178.58
ROUND 2427 A#26 and B#48 = 209.388
ROUND 2428 A#27 and B#48 = 208.251
ROUND 2429 A#28 and B#48 = 263.592
ROUND 2430 A#29 and B#48 = 220.69
ROUND 2431 A#30 and B#48 = 238.921
ROUND 2432 A#31 and B#48 = 338.777
ROUND 2433 A#32 and B#48 = 292.305
ROUND 2434 A#33 and B#48 = 320.471
ROUND 2435 A#34 and B#48 = 340.813
ROUND 2436 A#35 and B#48 = 284.599
ROUND 2437 A#36 and B#48 = 242.962
ROUND 2438 A#37 and B#48 = 217.549
ROUND 2439 A#38 and B#48 = 196.954
ROUND 2440 A#39 and B#48 = 201.047
ROUND 2441 A#40 and B#48 = 266.647
ROUND 2442 A#41 and B#48 = 268.646
ROUND 2443 A#42 and B#48 = 179.7
ROUND 2444 A#43 and B#48 = 179.749
ROUND 2445 A#44 and B#48 = 248.633
ROUND 2446 A#45 and B#48 = 204.047
ROUND 2447 A#46 and B#48 = 221.918
ROUND 2448 A#47 and B#48 = 242.178
ROUND 2449 A#48 and B#48 = 265.912
ROUND 2450 A#49 and B#48 = 224.822
ROUND 2451 A#0 and B#49 = 202.587
ROUND 2452 A#1 and B#49 = 239.381
ROUND 2453 A#2 and B#49 = 183.14
ROUND 2454 A#3 and B#49 = 252.413
ROUND 2455 A#4 and B#49 = 199.085
ROUND 2456 A#5 and B#49 = 219.928
ROUND 2457 A#6 and B#49 = 117.837
ROUND 2458 A#7 and B#49 = 272.385
ROUND 2459 A#8 and B#49 = 188.318
ROUND 2460 A#9 and B#49 = 265.883
ROUND 2461 A#10 and B#49 = 189.01
ROUND 2462 A#11 and B#49 = 248.105
ROUND 2463 A#12 and B#49 = 114.991
ROUND 2464 A#13 and B#49 = 243.867
ROUND 2465 A#14 and B#49 = 221.223
ROUND 2466 A#15 and B#49 = 130.42
ROUND 2467 A#16 and B#49 = 245.082
ROUND 2468 A#17 and B#49 = 244.926
ROUND 2469 A#18 and B#49 = 282.54
ROUND 2470 A#19 and B#49 = 238.39
ROUND 2471 A#20 and B#49 = 297.153
ROUND 2472 A#21 and B#49 = 261.573
ROUND 2473 A#22 and B#49 = 211.503
ROUND 2474 A#23 and B#49 = 29.4016
ROUND 2475 A#24 and B#49 = 241.089
ROUND 2476 A#25 and B#49 = 267.648
ROUND 2477 A#26 and B#49 = 210.711
ROUND 2478 A#27 and B#49 = 213.554
ROUND 2479 A#28 and B#49 = 261.098
ROUND 2480 A#29 and B#49 = 204.943
ROUND 2481 A#30 and B#49 = 249.639
ROUND 2482 A#31 and B#49 = 78.6754
ROUND 2483 A#32 and B#49 = 308.756
ROUND 2484 A#33 and B#49 = 190.232
ROUND 2485 A#34 and B#49 = 104.971
ROUND 2486 A#35 and B#49 = 226.098
ROUND 2487 A#36 and B#49 = 136.805
ROUND 2488 A#37 and B#49 = 247.419
ROUND 2489 A#38 and B#49 = 223.482
ROUND 2490 A#39 and B#49 = 211.935
ROUND 2491 A#40 and B#49 = 253.295
ROUND 2492 A#41 and B#49 = 209.102
ROUND 2493 A#42 and B#49 = 222.943
ROUND 2494 A#43 and B#49 = 222.65
ROUND 2495 A#44 and B#49 = 258.918
ROUND 2496 A#45 and B#49 = 217.627
ROUND 2497 A#46 and B#49 = 217.228
ROUND 2498 A#47 and B#49 = 224.885
ROUND 2499 A#48 and B#49 = 372.754
ROUND 2500 A#49 and B#49 = 272.17

The best overlap is between conformer A#32 and B#34, which, after PCA followed by Steepest Descent, produces a volume overlap of 446.129
Tanimoto (Hodgkin) similarity index: 0.440039

Saving those best conformers to file...
WRITING MOLECULE TO FILE '../ALL_PAIRS_BQ123_AS_REFERENCE/ROKS3/BQ123-234551.mol2' (WILL OVERWRITE EXISTING FILE IF ANY)...
WRITING MOLECULE TO FILE '../ALL_PAIRS_BQ123_AS_REFERENCE/ROKS3/BQ123-234551.mol2'...
