Finished importing molecules
WARNING: LAPACK DSYEV() RETURNED NON-ZERO ERROR CODE 2
WARNING: LAPACK DSYEV() RETURNED NON-ZERO ERROR CODE 2
WARNING: LAPACK DSYEV() RETURNED NON-ZERO ERROR CODE 3
WARNING: LAPACK DSYEV() RETURNED NON-ZERO ERROR CODE 2
WARNING: LAPACK DSYEV() RETURNED NON-ZERO ERROR CODE 2
WARNING: LAPACK DSYEV() RETURNED NON-ZERO ERROR CODE 2
WARNING: LAPACK DSYEV() RETURNED NON-ZERO ERROR CODE 2
WARNING: LAPACK DSYEV() RETURNED NON-ZERO ERROR CODE 2
WARNING: LAPACK DSYEV() RETURNED NON-ZERO ERROR CODE 3
WARNING: LAPACK DSYEV() RETURNED NON-ZERO ERROR CODE 2
WARNING: LAPACK DSYEV() RETURNED NON-ZERO ERROR CODE 2
WARNING: LAPACK DSYEV() RETURNED NON-ZERO ERROR CODE 2
WARNING: LAPACK DSYEV() RETURNED NON-ZERO ERROR CODE 3
WARNING: LAPACK DSYEV() RETURNED NON-ZERO ERROR CODE 3
WARNING: LAPACK DSYEV() RETURNED NON-ZERO ERROR CODE 2
WARNING: LAPACK DSYEV() RETURNED NON-ZERO ERROR CODE 3
WARNING: LAPACK DSYEV() RETURNED NON-ZERO ERROR CODE 3
WARNING: LAPACK DSYEV() RETURNED NON-ZERO ERROR CODE 2
WARNING: LAPACK DSYEV() RETURNED NON-ZERO ERROR CODE 2
WARNING: LAPACK DSYEV() RETURNED NON-ZERO ERROR CODE 2
WARNING: LAPACK DSYEV() RETURNED NON-ZERO ERROR CODE 3
WARNING: LAPACK DSYEV() RETURNED NON-ZERO ERROR CODE 2
WARNING: LAPACK DSYEV() RETURNED NON-ZERO ERROR CODE 2
WARNING: LAPACK DSYEV() RETURNED NON-ZERO ERROR CODE 3
WARNING: LAPACK DSYEV() RETURNED NON-ZERO ERROR CODE 3
WARNING: LAPACK DSYEV() RETURNED NON-ZERO ERROR CODE 2
WARNING: LAPACK DSYEV() RETURNED NON-ZERO ERROR CODE 3
WARNING: LAPACK DSYEV() RETURNED NON-ZERO ERROR CODE 2
WARNING: LAPACK DSYEV() RETURNED NON-ZERO ERROR CODE 2
WARNING: LAPACK DSYEV() RETURNED NON-ZERO ERROR CODE 3
WARNING: LAPACK DSYEV() RETURNED NON-ZERO ERROR CODE 2
WARNING: LAPACK DSYEV() RETURNED NON-ZERO ERROR CODE 2
WARNING: LAPACK DSYEV() RETURNED NON-ZERO ERROR CODE 2
WARNING: LAPACK DSYEV() RETURNED NON-ZERO ERROR CODE 2
WARNING: LAPACK DSYEV() RETURNED NON-ZERO ERROR CODE 3
WARNING: LAPACK DSYEV() RETURNED NON-ZERO ERROR CODE 2
WARNING: LAPACK DSYEV() RETURNED NON-ZERO ERROR CODE 3
WARNING: LAPACK DSYEV() RETURNED NON-ZERO ERROR CODE 2
WARNING: LAPACK DSYEV() RETURNED NON-ZERO ERROR CODE 2
WARNING: LAPACK DSYEV() RETURNED NON-ZERO ERROR CODE 2
WARNING: LAPACK DSYEV() RETURNED NON-ZERO ERROR CODE 2
WARNING: LAPACK DSYEV() RETURNED NON-ZERO ERROR CODE 3
WARNING: LAPACK DSYEV() RETURNED NON-ZERO ERROR CODE 2
WARNING: LAPACK DSYEV() RETURNED NON-ZERO ERROR CODE 2
WARNING: LAPACK DSYEV() RETURNED NON-ZERO ERROR CODE 2
WARNING: LAPACK DSYEV() RETURNED NON-ZERO ERROR CODE 3
WARNING: LAPACK DSYEV() RETURNED NON-ZERO ERROR CODE 2
WARNING: LAPACK DSYEV() RETURNED NON-ZERO ERROR CODE 2
WARNING: LAPACK DSYEV() RETURNED NON-ZERO ERROR CODE 2
WARNING: LAPACK DSYEV() RETURNED NON-ZERO ERROR CODE 2
WARNING: LAPACK DSYEV() RETURNED NON-ZERO ERROR CODE 2
WARNING: LAPACK DSYEV() RETURNED NON-ZERO ERROR CODE 3
WARNING: LAPACK DSYEV() RETURNED NON-ZERO ERROR CODE 3
WARNING: LAPACK DSYEV() RETURNED NON-ZERO ERROR CODE 2
WARNING: LAPACK DSYEV() RETURNED NON-ZERO ERROR CODE 3
WARNING: LAPACK DSYEV() RETURNED NON-ZERO ERROR CODE 2
WARNING: LAPACK DSYEV() RETURNED NON-ZERO ERROR CODE 2
WARNING: LAPACK DSYEV() RETURNED NON-ZERO ERROR CODE 3
WARNING: LAPACK DSYEV() RETURNED NON-ZERO ERROR CODE 3
WARNING: LAPACK DSYEV() RETURNED NON-ZERO ERROR CODE 3
WARNING: LAPACK DSYEV() RETURNED NON-ZERO ERROR CODE 2
WARNING: LAPACK DSYEV() RETURNED NON-ZERO ERROR CODE 3
WARNING: LAPACK DSYEV() RETURNED NON-ZERO ERROR CODE 2
WARNING: LAPACK DSYEV() RETURNED NON-ZERO ERROR CODE 3
WARNING: LAPACK DSYEV() RETURNED NON-ZERO ERROR CODE 2
WARNING: LAPACK DSYEV() RETURNED NON-ZERO ERROR CODE 2
WARNING: LAPACK DSYEV() RETURNED NON-ZERO ERROR CODE 3
WARNING: LAPACK DSYEV() RETURNED NON-ZERO ERROR CODE 2
WARNING: LAPACK DSYEV() RETURNED NON-ZERO ERROR CODE 2
WARNING: LAPACK DSYEV() RETURNED NON-ZERO ERROR CODE 3
WARNING: LAPACK DSYEV() RETURNED NON-ZERO ERROR CODE 2
WARNING: LAPACK DSYEV() RETURNED NON-ZERO ERROR CODE 3
WARNING: LAPACK DSYEV() RETURNED NON-ZERO ERROR CODE 3
WARNING: LAPACK DSYEV() RETURNED NON-ZERO ERROR CODE 3
WARNING: LAPACK DSYEV() RETURNED NON-ZERO ERROR CODE 3
WARNING: LAPACK DSYEV() RETURNED NON-ZERO ERROR CODE 3
WARNING: LAPACK DSYEV() RETURNED NON-ZERO ERROR CODE 2
WARNING: LAPACK DSYEV() RETURNED NON-ZERO ERROR CODE 3
WARNING: LAPACK DSYEV() RETURNED NON-ZERO ERROR CODE 3
WARNING: LAPACK DSYEV() RETURNED NON-ZERO ERROR CODE 3
WARNING: LAPACK DSYEV() RETURNED NON-ZERO ERROR CODE 2
WARNING: LAPACK DSYEV() RETURNED NON-ZERO ERROR CODE 3
WARNING: LAPACK DSYEV() RETURNED NON-ZERO ERROR CODE 2
WARNING: LAPACK DSYEV() RETURNED NON-ZERO ERROR CODE 3
WARNING: LAPACK DSYEV() RETURNED NON-ZERO ERROR CODE 2
WARNING: LAPACK DSYEV() RETURNED NON-ZERO ERROR CODE 3
WARNING: LAPACK DSYEV() RETURNED NON-ZERO ERROR CODE 3
WARNING: LAPACK DSYEV() RETURNED NON-ZERO ERROR CODE 2
WARNING: LAPACK DSYEV() RETURNED NON-ZERO ERROR CODE 2
WARNING: LAPACK DSYEV() RETURNED NON-ZERO ERROR CODE 3
WARNING: LAPACK DSYEV() RETURNED NON-ZERO ERROR CODE 3
WARNING: LAPACK DSYEV() RETURNED NON-ZERO ERROR CODE 3
WARNING: LAPACK DSYEV() RETURNED NON-ZERO ERROR CODE 3
WARNING: LAPACK DSYEV() RETURNED NON-ZERO ERROR CODE 3
WARNING: LAPACK DSYEV() RETURNED NON-ZERO ERROR CODE 2
WARNING: LAPACK DSYEV() RETURNED NON-ZERO ERROR CODE 2
WARNING: LAPACK DSYEV() RETURNED NON-ZERO ERROR CODE 2
WARNING: LAPACK DSYEV() RETURNED NON-ZERO ERROR CODE 2
WARNING: LAPACK DSYEV() RETURNED NON-ZERO ERROR CODE 2
WARNING: LAPACK DSYEV() RETURNED NON-ZERO ERROR CODE 3
Finished setting up data; running search...
ROUND 1 A#0 and B#0 = 279.89
ROUND 2 A#1 and B#0 = 264.256
ROUND 3 A#2 and B#0 = 248.888
ROUND 4 A#3 and B#0 = 315.9
ROUND 5 A#4 and B#0 = 290.444
ROUND 6 A#5 and B#0 = 315.405
ROUND 7 A#6 and B#0 = 183.797
ROUND 8 A#7 and B#0 = 27.596
ROUND 9 A#8 and B#0 = 170.831
ROUND 10 A#9 and B#0 = 300.297
ROUND 11 A#10 and B#0 = 229.763
ROUND 12 A#11 and B#0 = 285.944
ROUND 13 A#12 and B#0 = 308.178
ROUND 14 A#13 and B#0 = 310.8
ROUND 15 A#14 and B#0 = 207.957
ROUND 16 A#15 and B#0 = 309.572
ROUND 17 A#16 and B#0 = 249.746
ROUND 18 A#17 and B#0 = 228.374
ROUND 19 A#18 and B#0 = 242.043
ROUND 20 A#19 and B#0 = 195.119
ROUND 21 A#20 and B#0 = 269.713
ROUND 22 A#21 and B#0 = 127.785
ROUND 23 A#22 and B#0 = 201.023
ROUND 24 A#23 and B#0 = 269.859
ROUND 25 A#24 and B#0 = 269.331
ROUND 26 A#25 and B#0 = 242.041
ROUND 27 A#26 and B#0 = 254.138
ROUND 28 A#27 and B#0 = 89.8836
ROUND 29 A#28 and B#0 = 238.959
ROUND 30 A#29 and B#0 = 231.975
ROUND 31 A#30 and B#0 = 148.972
ROUND 32 A#31 and B#0 = 241.173
ROUND 33 A#32 and B#0 = 240.396
ROUND 34 A#33 and B#0 = 180.43
ROUND 35 A#34 and B#0 = 311.259
ROUND 36 A#35 and B#0 = 93.9792
ROUND 37 A#36 and B#0 = 260.287
ROUND 38 A#37 and B#0 = 192.852
ROUND 39 A#38 and B#0 = 156.72
ROUND 40 A#39 and B#0 = 239.016
ROUND 41 A#40 and B#0 = 238.417
ROUND 42 A#41 and B#0 = 262.85
ROUND 43 A#42 and B#0 = 236.768
ROUND 44 A#43 and B#0 = 200.401
ROUND 45 A#44 and B#0 = 241.037
ROUND 46 A#45 and B#0 = 269.434
ROUND 47 A#46 and B#0 = 210.329
ROUND 48 A#47 and B#0 = 179.91
ROUND 49 A#48 and B#0 = 159.22
ROUND 50 A#49 and B#0 = 241.261
ROUND 51 A#0 and B#1 = 227.25
ROUND 52 A#1 and B#1 = 91.8307
ROUND 53 A#2 and B#1 = 275.609
ROUND 54 A#3 and B#1 = 26.5843
ROUND 55 A#4 and B#1 = 289.966
ROUND 56 A#5 and B#1 = 1.76481
ROUND 57 A#6 and B#1 = 234.843
ROUND 58 A#7 and B#1 = 214.902
ROUND 59 A#8 and B#1 = 301.132
ROUND 60 A#9 and B#1 = 47.7362
ROUND 61 A#10 and B#1 = 197.956
ROUND 62 A#11 and B#1 = 217.935
ROUND 63 A#12 and B#1 = 209.285
ROUND 64 A#13 and B#1 = 239.248
ROUND 65 A#14 and B#1 = 266.929
ROUND 66 A#15 and B#1 = 299.03
ROUND 67 A#16 and B#1 = 269.505
ROUND 68 A#17 and B#1 = 71.6496
ROUND 69 A#18 and B#1 = 266.658
ROUND 70 A#19 and B#1 = 264.889
ROUND 71 A#20 and B#1 = 243.412
ROUND 72 A#21 and B#1 = 237.683
ROUND 73 A#22 and B#1 = 230.81
ROUND 74 A#23 and B#1 = 261.672
ROUND 75 A#24 and B#1 = 261.75
ROUND 76 A#25 and B#1 = 157.315
ROUND 77 A#26 and B#1 = 283.958
ROUND 78 A#27 and B#1 = 269.533
ROUND 79 A#28 and B#1 = 229.167
ROUND 80 A#29 and B#1 = 244.297
ROUND 81 A#30 and B#1 = 84.6433
ROUND 82 A#31 and B#1 = 259.323
ROUND 83 A#32 and B#1 = 34.2928
ROUND 84 A#33 and B#1 = 210.503
ROUND 85 A#34 and B#1 = 283.393
ROUND 86 A#35 and B#1 = 222.348
ROUND 87 A#36 and B#1 = 233.935
ROUND 88 A#37 and B#1 = 210.998
ROUND 89 A#38 and B#1 = 232.522
ROUND 90 A#39 and B#1 = 296.511
ROUND 91 A#40 and B#1 = 295.743
ROUND 92 A#41 and B#1 = 307.728
ROUND 93 A#42 and B#1 = 214.17
ROUND 94 A#43 and B#1 = 239.442
ROUND 95 A#44 and B#1 = 231.394
ROUND 96 A#45 and B#1 = 263.078
ROUND 97 A#46 and B#1 = 211.471
ROUND 98 A#47 and B#1 = 231.738
ROUND 99 A#48 and B#1 = 99.2931
ROUND 100 A#49 and B#1 = 262.644
ROUND 101 A#0 and B#2 = 227.271
ROUND 102 A#1 and B#2 = 90.5706
ROUND 103 A#2 and B#2 = 277.698
ROUND 104 A#3 and B#2 = 26.5561
ROUND 105 A#4 and B#2 = 185.042
ROUND 106 A#5 and B#2 = 2.67536
ROUND 107 A#6 and B#2 = 234.445
ROUND 108 A#7 and B#2 = 214.257
ROUND 109 A#8 and B#2 = 301.3
ROUND 110 A#9 and B#2 = 214.633
ROUND 111 A#10 and B#2 = 198.691
ROUND 112 A#11 and B#2 = 218.059
ROUND 113 A#12 and B#2 = 209.894
ROUND 114 A#13 and B#2 = 211.537
ROUND 115 A#14 and B#2 = 224.121
ROUND 116 A#15 and B#2 = 301.894
ROUND 117 A#16 and B#2 = 271.394
ROUND 118 A#17 and B#2 = 72.7259
ROUND 119 A#18 and B#2 = 266.932
ROUND 120 A#19 and B#2 = 264.797
ROUND 121 A#20 and B#2 = 264.026
ROUND 122 A#21 and B#2 = 237.496
ROUND 123 A#22 and B#2 = 229.581
ROUND 124 A#23 and B#2 = 261.64
ROUND 125 A#24 and B#2 = 261.715
ROUND 126 A#25 and B#2 = 191.939
ROUND 127 A#26 and B#2 = 282.954
ROUND 128 A#27 and B#2 = 269.551
ROUND 129 A#28 and B#2 = 151.74
ROUND 130 A#29 and B#2 = 268.021
ROUND 131 A#30 and B#2 = 235.487
ROUND 132 A#31 and B#2 = 258.462
ROUND 133 A#32 and B#2 = 161.392
ROUND 134 A#33 and B#2 = 211.746
ROUND 135 A#34 and B#2 = 282.57
ROUND 136 A#35 and B#2 = 223.438
ROUND 137 A#36 and B#2 = 234.277
ROUND 138 A#37 and B#2 = 210.691
ROUND 139 A#38 and B#2 = 231.334
ROUND 140 A#39 and B#2 = 296.169
ROUND 141 A#40 and B#2 = 295.36
ROUND 142 A#41 and B#2 = 312.285
ROUND 143 A#42 and B#2 = 214.609
ROUND 144 A#43 and B#2 = 239.251
ROUND 145 A#44 and B#2 = 231.877
ROUND 146 A#45 and B#2 = 263.116
ROUND 147 A#46 and B#2 = 224.983
ROUND 148 A#47 and B#2 = 233.064
ROUND 149 A#48 and B#2 = 232.74
ROUND 150 A#49 and B#2 = 265.292
ROUND 151 A#0 and B#3 = 207.498
ROUND 152 A#1 and B#3 = 244.311
ROUND 153 A#2 and B#3 = 202.926
ROUND 154 A#3 and B#3 = 288.348
ROUND 155 A#4 and B#3 = 279.945
ROUND 156 A#5 and B#3 = 297.351
ROUND 157 A#6 and B#3 = 233.161
ROUND 158 A#7 and B#3 = 232.093
ROUND 159 A#8 and B#3 = 314.233
ROUND 160 A#9 and B#3 = 276.62
ROUND 161 A#10 and B#3 = 173.324
ROUND 162 A#11 and B#3 = 293.349
ROUND 163 A#12 and B#3 = 319.168
ROUND 164 A#13 and B#3 = 236.284
ROUND 165 A#14 and B#3 = 277.113
ROUND 166 A#15 and B#3 = 231.008
ROUND 167 A#16 and B#3 = 242.964
ROUND 168 A#17 and B#3 = 222.043
ROUND 169 A#18 and B#3 = -61.4852
ROUND 170 A#19 and B#3 = 13.6
ROUND 171 A#20 and B#3 = 87.7921
ROUND 172 A#21 and B#3 = 256.284
ROUND 173 A#22 and B#3 = 229.37
ROUND 174 A#23 and B#3 = 92.121
ROUND 175 A#24 and B#3 = 87.2006
ROUND 176 A#25 and B#3 = 5.45444
ROUND 177 A#26 and B#3 = 203.455
ROUND 178 A#27 and B#3 = 183.344
ROUND 179 A#28 and B#3 = 5.81683
ROUND 180 A#29 and B#3 = 242.884
ROUND 181 A#30 and B#3 = 138.148
ROUND 182 A#31 and B#3 = 94.5571
ROUND 183 A#32 and B#3 = 266.094
ROUND 184 A#33 and B#3 = 250.682
ROUND 185 A#34 and B#3 = 253.877
ROUND 186 A#35 and B#3 = 214.426
ROUND 187 A#36 and B#3 = 109.426
ROUND 188 A#37 and B#3 = 181.068
ROUND 189 A#38 and B#3 = 166.184
ROUND 190 A#39 and B#3 = 44.6503
ROUND 191 A#40 and B#3 = 31.8217
ROUND 192 A#41 and B#3 = 231.962
ROUND 193 A#42 and B#3 = 221.793
ROUND 194 A#43 and B#3 = 290.933
ROUND 195 A#44 and B#3 = 230.453
ROUND 196 A#45 and B#3 = 94.1212
ROUND 197 A#46 and B#3 = 48.843
ROUND 198 A#47 and B#3 = 46.1487
ROUND 199 A#48 and B#3 = 45.9442
ROUND 200 A#49 and B#3 = 269.172
ROUND 201 A#0 and B#4 = 227.491
ROUND 202 A#1 and B#4 = 11.5829
ROUND 203 A#2 and B#4 = 90.4763
ROUND 204 A#3 and B#4 = 164.012
ROUND 205 A#4 and B#4 = 243.933
ROUND 206 A#5 and B#4 = 258.892
ROUND 207 A#6 and B#4 = 235.741
ROUND 208 A#7 and B#4 = 240.603
ROUND 209 A#8 and B#4 = 264.044
ROUND 210 A#9 and B#4 = 122.355
ROUND 211 A#10 and B#4 = 183.495
ROUND 212 A#11 and B#4 = 101.92
ROUND 213 A#12 and B#4 = 249.131
ROUND 214 A#13 and B#4 = 267.877
ROUND 215 A#14 and B#4 = 165.899
ROUND 216 A#15 and B#4 = 267.82
ROUND 217 A#16 and B#4 = 290.121
ROUND 218 A#17 and B#4 = 242.439
ROUND 219 A#18 and B#4 = 268.814
ROUND 220 A#19 and B#4 = 1.95633
ROUND 221 A#20 and B#4 = 280.127
ROUND 222 A#21 and B#4 = 202.142
ROUND 223 A#22 and B#4 = 275.251
ROUND 224 A#23 and B#4 = 280.889
ROUND 225 A#24 and B#4 = 279.885
ROUND 226 A#25 and B#4 = 263.403
ROUND 227 A#26 and B#4 = 287.748
ROUND 228 A#27 and B#4 = 271.634
ROUND 229 A#28 and B#4 = 23.5003
ROUND 230 A#29 and B#4 = 273.293
ROUND 231 A#30 and B#4 = 226.965
ROUND 232 A#31 and B#4 = 89.725
ROUND 233 A#32 and B#4 = 204.998
ROUND 234 A#33 and B#4 = 164.524
ROUND 235 A#34 and B#4 = 312.258
ROUND 236 A#35 and B#4 = 224.434
ROUND 237 A#36 and B#4 = 299.848
ROUND 238 A#37 and B#4 = 232.177
ROUND 239 A#38 and B#4 = 139.996
ROUND 240 A#39 and B#4 = 210.886
ROUND 241 A#40 and B#4 = 303.997
ROUND 242 A#41 and B#4 = 263.995
ROUND 243 A#42 and B#4 = 224.475
ROUND 244 A#43 and B#4 = 247.809
ROUND 245 A#44 and B#4 = 296.613
ROUND 246 A#45 and B#4 = 290.16
ROUND 247 A#46 and B#4 = 226.378
ROUND 248 A#47 and B#4 = 231.822
ROUND 249 A#48 and B#4 = 62.1385
ROUND 250 A#49 and B#4 = 273.607
ROUND 251 A#0 and B#5 = 187.452
ROUND 252 A#1 and B#5 = 187.931
ROUND 253 A#2 and B#5 = 220.389
ROUND 254 A#3 and B#5 = 167.894
ROUND 255 A#4 and B#5 = 226.931
ROUND 256 A#5 and B#5 = 168.569
ROUND 257 A#6 and B#5 = 217.184
ROUND 258 A#7 and B#5 = 230.889
ROUND 259 A#8 and B#5 = 235.832
ROUND 260 A#9 and B#5 = 169.947
ROUND 261 A#10 and B#5 = 151.099
ROUND 262 A#11 and B#5 = 169.208
ROUND 263 A#12 and B#5 = 305.146
ROUND 264 A#13 and B#5 = 214.996
ROUND 265 A#14 and B#5 = 280.887
ROUND 266 A#15 and B#5 = 206.84
ROUND 267 A#16 and B#5 = 89.8776
ROUND 268 A#17 and B#5 = 38.7874
ROUND 269 A#18 and B#5 = 239.614
ROUND 270 A#19 and B#5 = 251.001
ROUND 271 A#20 and B#5 = 167.547
ROUND 272 A#21 and B#5 = 260.233
ROUND 273 A#22 and B#5 = 201.231
ROUND 274 A#23 and B#5 = 94.0934
ROUND 275 A#24 and B#5 = 87.4853
ROUND 276 A#25 and B#5 = 233.707
ROUND 277 A#26 and B#5 = 134.387
ROUND 278 A#27 and B#5 = 193.008
ROUND 279 A#28 and B#5 = 96.4433
ROUND 280 A#29 and B#5 = 45.4622
ROUND 281 A#30 and B#5 = 199.53
ROUND 282 A#31 and B#5 = 90.6356
ROUND 283 A#32 and B#5 = 230.385
ROUND 284 A#33 and B#5 = 252.416
ROUND 285 A#34 and B#5 = 256.458
ROUND 286 A#35 and B#5 = 215.421
ROUND 287 A#36 and B#5 = 98.3019
ROUND 288 A#37 and B#5 = 134.837
ROUND 289 A#38 and B#5 = 196.37
ROUND 290 A#39 and B#5 = 243.901
ROUND 291 A#40 and B#5 = 231.172
ROUND 292 A#41 and B#5 = 268.235
ROUND 293 A#42 and B#5 = 263.359
ROUND 294 A#43 and B#5 = 171.271
ROUND 295 A#44 and B#5 = 236.486
ROUND 296 A#45 and B#5 = 166.12
ROUND 297 A#46 and B#5 = 199.457
ROUND 298 A#47 and B#5 = 124.545
ROUND 299 A#48 and B#5 = 193.274
ROUND 300 A#49 and B#5 = 235.508
ROUND 301 A#0 and B#6 = 227.959
ROUND 302 A#1 and B#6 = 122.097
ROUND 303 A#2 and B#6 = -3.1744
ROUND 304 A#3 and B#6 = 257.179
ROUND 305 A#4 and B#6 = 258.361
ROUND 306 A#5 and B#6 = 254.701
ROUND 307 A#6 and B#6 = 214.224
ROUND 308 A#7 and B#6 = 176.409
ROUND 309 A#8 and B#6 = 287.253
ROUND 310 A#9 and B#6 = 255.568
ROUND 311 A#10 and B#6 = 239.489
ROUND 312 A#11 and B#6 = 255.286
ROUND 313 A#12 and B#6 = 289.108
ROUND 314 A#13 and B#6 = 292.923
ROUND 315 A#14 and B#6 = 57.273
ROUND 316 A#15 and B#6 = 287.015
ROUND 317 A#16 and B#6 = 140.483
ROUND 318 A#17 and B#6 = 150.709
ROUND 319 A#18 and B#6 = 56.9386
ROUND 320 A#19 and B#6 = 224.323
ROUND 321 A#20 and B#6 = 221.496
ROUND 322 A#21 and B#6 = 28.3621
ROUND 323 A#22 and B#6 = 61.0764
ROUND 324 A#23 and B#6 = 70.3513
ROUND 325 A#24 and B#6 = 72.025
ROUND 326 A#25 and B#6 = 148.301
ROUND 327 A#26 and B#6 = 70.0574
ROUND 328 A#27 and B#6 = 241.213
ROUND 329 A#28 and B#6 = 166.615
ROUND 330 A#29 and B#6 = 216.821
ROUND 331 A#30 and B#6 = 198.165
ROUND 332 A#31 and B#6 = 219.455
ROUND 333 A#32 and B#6 = 224.351
ROUND 334 A#33 and B#6 = 234.113
ROUND 335 A#34 and B#6 = 262.173
ROUND 336 A#35 and B#6 = 174.584
ROUND 337 A#36 and B#6 = 227.503
ROUND 338 A#37 and B#6 = 215.019
ROUND 339 A#38 and B#6 = 60.5168
ROUND 340 A#39 and B#6 = 201.395
ROUND 341 A#40 and B#6 = 198.67
ROUND 342 A#41 and B#6 = 50.5968
ROUND 343 A#42 and B#6 = 218.178
ROUND 344 A#43 and B#6 = 226.863
ROUND 345 A#44 and B#6 = 225.07
ROUND 346 A#45 and B#6 = 61.0885
ROUND 347 A#46 and B#6 = 116.102
ROUND 348 A#47 and B#6 = 85.5987
ROUND 349 A#48 and B#6 = 90.2372
ROUND 350 A#49 and B#6 = 53.7137
ROUND 351 A#0 and B#7 = 227.137
ROUND 352 A#1 and B#7 = 92.8254
ROUND 353 A#2 and B#7 = 275.739
ROUND 354 A#3 and B#7 = 41.3061
ROUND 355 A#4 and B#7 = 118.01
ROUND 356 A#5 and B#7 = 63.4901
ROUND 357 A#6 and B#7 = 235.512
ROUND 358 A#7 and B#7 = 214.726
ROUND 359 A#8 and B#7 = 301.141
ROUND 360 A#9 and B#7 = 46.3171
ROUND 361 A#10 and B#7 = 198.336
ROUND 362 A#11 and B#7 = 46.0159
ROUND 363 A#12 and B#7 = 210.938
ROUND 364 A#13 and B#7 = 240.304
ROUND 365 A#14 and B#7 = 266.407
ROUND 366 A#15 and B#7 = 302.853
ROUND 367 A#16 and B#7 = 270.452
ROUND 368 A#17 and B#7 = 50.7976
ROUND 369 A#18 and B#7 = 267.497
ROUND 370 A#19 and B#7 = 265.851
ROUND 371 A#20 and B#7 = 243.111
ROUND 372 A#21 and B#7 = 236.243
ROUND 373 A#22 and B#7 = 230.492
ROUND 374 A#23 and B#7 = 261.711
ROUND 375 A#24 and B#7 = 247.202
ROUND 376 A#25 and B#7 = 192.972
ROUND 377 A#26 and B#7 = 280.582
ROUND 378 A#27 and B#7 = 270.006
ROUND 379 A#28 and B#7 = 227.188
ROUND 380 A#29 and B#7 = 244.136
ROUND 381 A#30 and B#7 = 84.5207
ROUND 382 A#31 and B#7 = 258.71
ROUND 383 A#32 and B#7 = 160.735
ROUND 384 A#33 and B#7 = 212.238
ROUND 385 A#34 and B#7 = 281.202
ROUND 386 A#35 and B#7 = 222.349
ROUND 387 A#36 and B#7 = 234.134
ROUND 388 A#37 and B#7 = 212.903
ROUND 389 A#38 and B#7 = 231.982
ROUND 390 A#39 and B#7 = 296.41
ROUND 391 A#40 and B#7 = 295.737
ROUND 392 A#41 and B#7 = 311.724
ROUND 393 A#42 and B#7 = 213.94
ROUND 394 A#43 and B#7 = 239.976
ROUND 395 A#44 and B#7 = 288.039
ROUND 396 A#45 and B#7 = 263.397
ROUND 397 A#46 and B#7 = 224.665
ROUND 398 A#47 and B#7 = 231.734
ROUND 399 A#48 and B#7 = 233.022
ROUND 400 A#49 and B#7 = 264.779
ROUND 401 A#0 and B#8 = 190.017
ROUND 402 A#1 and B#8 = -38.9549
ROUND 403 A#2 and B#8 = 209.446
ROUND 404 A#3 and B#8 = 221.536
ROUND 405 A#4 and B#8 = 53.6729
ROUND 406 A#5 and B#8 = 220.333
ROUND 407 A#6 and B#8 = 188.061
ROUND 408 A#7 and B#8 = 5.63746
ROUND 409 A#8 and B#8 = 287.456
ROUND 410 A#9 and B#8 = 47.8233
ROUND 411 A#10 and B#8 = 138.028
ROUND 412 A#11 and B#8 = 220.532
ROUND 413 A#12 and B#8 = 248.365
ROUND 414 A#13 and B#8 = 249.341
ROUND 415 A#14 and B#8 = 203.698
ROUND 416 A#15 and B#8 = 249.219
ROUND 417 A#16 and B#8 = 316.694
ROUND 418 A#17 and B#8 = 191.211
ROUND 419 A#18 and B#8 = 28.7457
ROUND 420 A#19 and B#8 = 27.6748
ROUND 421 A#20 and B#8 = 207.857
ROUND 422 A#21 and B#8 = 210.469
ROUND 423 A#22 and B#8 = 5.04418
ROUND 424 A#23 and B#8 = 196.906
ROUND 425 A#24 and B#8 = 193.067
ROUND 426 A#25 and B#8 = 150.602
ROUND 427 A#26 and B#8 = 217.217
ROUND 428 A#27 and B#8 = 54.581
ROUND 429 A#28 and B#8 = 2.78965
ROUND 430 A#29 and B#8 = 235.294
ROUND 431 A#30 and B#8 = 194.716
ROUND 432 A#31 and B#8 = 169.163
ROUND 433 A#32 and B#8 = 50.576
ROUND 434 A#33 and B#8 = 156.592
ROUND 435 A#34 and B#8 = 270.574
ROUND 436 A#35 and B#8 = 38.2626
ROUND 437 A#36 and B#8 = 195.607
ROUND 438 A#37 and B#8 = 2.08613
ROUND 439 A#38 and B#8 = 5.24918
ROUND 440 A#39 and B#8 = 216.729
ROUND 441 A#40 and B#8 = 203.387
ROUND 442 A#41 and B#8 = 226.638
ROUND 443 A#42 and B#8 = 242.94
ROUND 444 A#43 and B#8 = 214.228
ROUND 445 A#44 and B#8 = 55.0293
ROUND 446 A#45 and B#8 = 217.267
ROUND 447 A#46 and B#8 = 163.603
ROUND 448 A#47 and B#8 = 223.301
ROUND 449 A#48 and B#8 = 208.862
ROUND 450 A#49 and B#8 = 55.1907
ROUND 451 A#0 and B#9 = 259.795
ROUND 452 A#1 and B#9 = 180.643
ROUND 453 A#2 and B#9 = 315.975
ROUND 454 A#3 and B#9 = 222.405
ROUND 455 A#4 and B#9 = 52.9337
ROUND 456 A#5 and B#9 = 219.566
ROUND 457 A#6 and B#9 = 49.594
ROUND 458 A#7 and B#9 = 163.077
ROUND 459 A#8 and B#9 = 287.861
ROUND 460 A#9 and B#9 = 48.3241
ROUND 461 A#10 and B#9 = 191.663
ROUND 462 A#11 and B#9 = 219.483
ROUND 463 A#12 and B#9 = 285.849
ROUND 464 A#13 and B#9 = 268.484
ROUND 465 A#14 and B#9 = 202.094
ROUND 466 A#15 and B#9 = 236.246
ROUND 467 A#16 and B#9 = 316.495
ROUND 468 A#17 and B#9 = 223.19
ROUND 469 A#18 and B#9 = 56.3086
ROUND 470 A#19 and B#9 = 28.6401
ROUND 471 A#20 and B#9 = 235.025
ROUND 472 A#21 and B#9 = 209.48
ROUND 473 A#22 and B#9 = 5.40339
ROUND 474 A#23 and B#9 = 242.416
ROUND 475 A#24 and B#9 = 242.276
ROUND 476 A#25 and B#9 = 155.303
ROUND 477 A#26 and B#9 = 186.387
ROUND 478 A#27 and B#9 = 2.82971
ROUND 479 A#28 and B#9 = 2.78798
ROUND 480 A#29 and B#9 = 236.691
ROUND 481 A#30 and B#9 = 194.951
ROUND 482 A#31 and B#9 = 170.984
ROUND 483 A#32 and B#9 = 56.394
ROUND 484 A#33 and B#9 = 198.162
ROUND 485 A#34 and B#9 = 271.606
ROUND 486 A#35 and B#9 = 200.26
ROUND 487 A#36 and B#9 = 205.877
ROUND 488 A#37 and B#9 = 2.52581
ROUND 489 A#38 and B#9 = 5.49333
ROUND 490 A#39 and B#9 = 216.508
ROUND 491 A#40 and B#9 = 66.8729
ROUND 492 A#41 and B#9 = 227.809
ROUND 493 A#42 and B#9 = 243.328
ROUND 494 A#43 and B#9 = 216.47
ROUND 495 A#44 and B#9 = 53.7387
ROUND 496 A#45 and B#9 = 219.318
ROUND 497 A#46 and B#9 = 78.9746
ROUND 498 A#47 and B#9 = 210.028
ROUND 499 A#48 and B#9 = 208.324
ROUND 500 A#49 and B#9 = 54.2398
ROUND 501 A#0 and B#10 = 207.677
ROUND 502 A#1 and B#10 = 241.189
ROUND 503 A#2 and B#10 = 205.089
ROUND 504 A#3 and B#10 = 285.024
ROUND 505 A#4 and B#10 = 285.455
ROUND 506 A#5 and B#10 = 294.22
ROUND 507 A#6 and B#10 = 232.916
ROUND 508 A#7 and B#10 = 220.313
ROUND 509 A#8 and B#10 = 315.489
ROUND 510 A#9 and B#10 = 278.144
ROUND 511 A#10 and B#10 = 170.763
ROUND 512 A#11 and B#10 = 286.676
ROUND 513 A#12 and B#10 = 320.067
ROUND 514 A#13 and B#10 = 321.89
ROUND 515 A#14 and B#10 = 276.572
ROUND 516 A#15 and B#10 = 229.076
ROUND 517 A#16 and B#10 = 242.933
ROUND 518 A#17 and B#10 = 221.839
ROUND 519 A#18 and B#10 = 57.9039
ROUND 520 A#19 and B#10 = 13.6781
ROUND 521 A#20 and B#10 = 88.0584
ROUND 522 A#21 and B#10 = 256.066
ROUND 523 A#22 and B#10 = 154.142
ROUND 524 A#23 and B#10 = 261.481
ROUND 525 A#24 and B#10 = 87.0743
ROUND 526 A#25 and B#10 = 5.06307
ROUND 527 A#26 and B#10 = 203.693
ROUND 528 A#27 and B#10 = 183.314
ROUND 529 A#28 and B#10 = 5.84986
ROUND 530 A#29 and B#10 = 239.67
ROUND 531 A#30 and B#10 = 140.176
ROUND 532 A#31 and B#10 = 94.3608
ROUND 533 A#32 and B#10 = 31.8589
ROUND 534 A#33 and B#10 = 250.414
ROUND 535 A#34 and B#10 = 225.926
ROUND 536 A#35 and B#10 = 213.96
ROUND 537 A#36 and B#10 = 110.472
ROUND 538 A#37 and B#10 = 180.966
ROUND 539 A#38 and B#10 = 190.969
ROUND 540 A#39 and B#10 = 29.6603
ROUND 541 A#40 and B#10 = 31.491
ROUND 542 A#41 and B#10 = 229.777
ROUND 543 A#42 and B#10 = 219.055
ROUND 544 A#43 and B#10 = 288.787
ROUND 545 A#44 and B#10 = 250.947
ROUND 546 A#45 and B#10 = 94.5975
ROUND 547 A#46 and B#10 = 56.6588
ROUND 548 A#47 and B#10 = 48.4112
ROUND 549 A#48 and B#10 = 48.3785
ROUND 550 A#49 and B#10 = 14.8909
ROUND 551 A#0 and B#11 = 227.416
ROUND 552 A#1 and B#11 = 91.2289
ROUND 553 A#2 and B#11 = 277.235
ROUND 554 A#3 and B#11 = 26.6193
ROUND 555 A#4 and B#11 = 185.904
ROUND 556 A#5 and B#11 = 2.05625
ROUND 557 A#6 and B#11 = 234.249
ROUND 558 A#7 and B#11 = 215.195
ROUND 559 A#8 and B#11 = 299.927
ROUND 560 A#9 and B#11 = 214.725
ROUND 561 A#10 and B#11 = 198.367
ROUND 562 A#11 and B#11 = 217.185
ROUND 563 A#12 and B#11 = 210.461
ROUND 564 A#13 and B#11 = 239.876
ROUND 565 A#14 and B#11 = 224.058
ROUND 566 A#15 and B#11 = 213.959
ROUND 567 A#16 and B#11 = 271.133
ROUND 568 A#17 and B#11 = 72.7248
ROUND 569 A#18 and B#11 = 266.961
ROUND 570 A#19 and B#11 = 265.028
ROUND 571 A#20 and B#11 = 263.798
ROUND 572 A#21 and B#11 = 237.336
ROUND 573 A#22 and B#11 = 230.774
ROUND 574 A#23 and B#11 = 260.974
ROUND 575 A#24 and B#11 = 262.217
ROUND 576 A#25 and B#11 = 192.148
ROUND 577 A#26 and B#11 = 282.663
ROUND 578 A#27 and B#11 = 151.592
ROUND 579 A#28 and B#11 = 151.952
ROUND 580 A#29 and B#11 = 268.521
ROUND 581 A#30 and B#11 = 83.7464
ROUND 582 A#31 and B#11 = 258.246
ROUND 583 A#32 and B#11 = 158.882
ROUND 584 A#33 and B#11 = 211.706
ROUND 585 A#34 and B#11 = 283.483
ROUND 586 A#35 and B#11 = 222.51
ROUND 587 A#36 and B#11 = 234.34
ROUND 588 A#37 and B#11 = 210.729
ROUND 589 A#38 and B#11 = 232.721
ROUND 590 A#39 and B#11 = 296.781
ROUND 591 A#40 and B#11 = 296.899
ROUND 592 A#41 and B#11 = 310.902
ROUND 593 A#42 and B#11 = 214.563
ROUND 594 A#43 and B#11 = 238.302
ROUND 595 A#44 and B#11 = 265.381
ROUND 596 A#45 and B#11 = 263.851
ROUND 597 A#46 and B#11 = 224.184
ROUND 598 A#47 and B#11 = 230.444
ROUND 599 A#48 and B#11 = 232.149
ROUND 600 A#49 and B#11 = 264.925
ROUND 601 A#0 and B#12 = 88.6372
ROUND 602 A#1 and B#12 = 223.639
ROUND 603 A#2 and B#12 = 255.072
ROUND 604 A#3 and B#12 = 85.2664
ROUND 605 A#4 and B#12 = 253.798
ROUND 606 A#5 and B#12 = 237.783
ROUND 607 A#6 and B#12 = 0
ROUND 608 A#7 and B#12 = 23.6342
ROUND 609 A#8 and B#12 = 283.947
ROUND 610 A#9 and B#12 = 262.178
ROUND 611 A#10 and B#12 = -1.03754e-322
ROUND 612 A#11 and B#12 = 237.425
ROUND 613 A#12 and B#12 = 282.734
ROUND 614 A#13 and B#12 = 176.208
ROUND 615 A#14 and B#12 = 278.783
ROUND 616 A#15 and B#12 = 269.948
ROUND 617 A#16 and B#12 = 255.249
ROUND 618 A#17 and B#12 = 165.455
ROUND 619 A#18 and B#12 = 190.484
ROUND 620 A#19 and B#12 = 91.184
ROUND 621 A#20 and B#12 = 184.836
ROUND 622 A#21 and B#12 = 254.024
ROUND 623 A#22 and B#12 = 31.0627
ROUND 624 A#23 and B#12 = 241.358
ROUND 625 A#24 and B#12 = 240.962
ROUND 626 A#25 and B#12 = 1.39669
ROUND 627 A#26 and B#12 = 214.818
ROUND 628 A#27 and B#12 = 230.354
ROUND 629 A#28 and B#12 = 182.207
ROUND 630 A#29 and B#12 = 243.141
ROUND 631 A#30 and B#12 = 157.787
ROUND 632 A#31 and B#12 = 90.4159
ROUND 633 A#32 and B#12 = 232.005
ROUND 634 A#33 and B#12 = 252.838
ROUND 635 A#34 and B#12 = 300.936
ROUND 636 A#35 and B#12 = 185.483
ROUND 637 A#36 and B#12 = 103.016
ROUND 638 A#37 and B#12 = 52.3221
ROUND 639 A#38 and B#12 = 147.685
ROUND 640 A#39 and B#12 = 47.0204
ROUND 641 A#40 and B#12 = 54.1716
ROUND 642 A#41 and B#12 = 200.377
ROUND 643 A#42 and B#12 = 239.984
ROUND 644 A#43 and B#12 = 195.849
ROUND 645 A#44 and B#12 = 47.0172
ROUND 646 A#45 and B#12 = 243.372
ROUND 647 A#46 and B#12 = 226.826
ROUND 648 A#47 and B#12 = 195.75
ROUND 649 A#48 and B#12 = -2.09109e-317
ROUND 650 A#49 and B#12 = 239.918
ROUND 651 A#0 and B#13 = 198.137
ROUND 652 A#1 and B#13 = 234.056
ROUND 653 A#2 and B#13 = 186.647
ROUND 654 A#3 and B#13 = 29.1884
ROUND 655 A#4 and B#13 = 141.894
ROUND 656 A#5 and B#13 = 26.425
ROUND 657 A#6 and B#13 = 2.15627
ROUND 658 A#7 and B#13 = 166.885
ROUND 659 A#8 and B#13 = 292.484
ROUND 660 A#9 and B#13 = 28.1214
ROUND 661 A#10 and B#13 = 213.014
ROUND 662 A#11 and B#13 = 27.3325
ROUND 663 A#12 and B#13 = 289.834
ROUND 664 A#13 and B#13 = 245.133
ROUND 665 A#14 and B#13 = 46.7643
ROUND 666 A#15 and B#13 = 239.331
ROUND 667 A#16 and B#13 = 228.015
ROUND 668 A#17 and B#13 = 246.76
ROUND 669 A#18 and B#13 = 229.44
ROUND 670 A#19 and B#13 = 220.818
ROUND 671 A#20 and B#13 = 211.015
ROUND 672 A#21 and B#13 = 47.489
ROUND 673 A#22 and B#13 = 4.903
ROUND 674 A#23 and B#13 = 228.641
ROUND 675 A#24 and B#13 = 217.569
ROUND 676 A#25 and B#13 = 253.595
ROUND 677 A#26 and B#13 = 173.922
ROUND 678 A#27 and B#13 = 200.208
ROUND 679 A#28 and B#13 = 200.368
ROUND 680 A#29 and B#13 = 244.852
ROUND 681 A#30 and B#13 = 232.455
ROUND 682 A#31 and B#13 = 158.997
ROUND 683 A#32 and B#13 = 25.6348
ROUND 684 A#33 and B#13 = 232.907
ROUND 685 A#34 and B#13 = 289.552
ROUND 686 A#35 and B#13 = 206.779
ROUND 687 A#36 and B#13 = 242.329
ROUND 688 A#37 and B#13 = 164.299
ROUND 689 A#38 and B#13 = 4.8362
ROUND 690 A#39 and B#13 = 212.312
ROUND 691 A#40 and B#13 = 214.89
ROUND 692 A#41 and B#13 = 207.166
ROUND 693 A#42 and B#13 = 245.895
ROUND 694 A#43 and B#13 = 241.705
ROUND 695 A#44 and B#13 = 209.25
ROUND 696 A#45 and B#13 = 216.689
ROUND 697 A#46 and B#13 = 167.982
ROUND 698 A#47 and B#13 = 232.638
ROUND 699 A#48 and B#13 = 215.884
ROUND 700 A#49 and B#13 = 211.786
ROUND 701 A#0 and B#14 = 206.49
ROUND 702 A#1 and B#14 = 242.185
ROUND 703 A#2 and B#14 = 205.635
ROUND 704 A#3 and B#14 = 280.45
ROUND 705 A#4 and B#14 = 289.83
ROUND 706 A#5 and B#14 = 287.111
ROUND 707 A#6 and B#14 = 231.348
ROUND 708 A#7 and B#14 = 199.583
ROUND 709 A#8 and B#14 = 311.698
ROUND 710 A#9 and B#14 = 277.117
ROUND 711 A#10 and B#14 = 172.622
ROUND 712 A#11 and B#14 = 284.366
ROUND 713 A#12 and B#14 = 316.907
ROUND 714 A#13 and B#14 = 318.099
ROUND 715 A#14 and B#14 = 301.747
ROUND 716 A#15 and B#14 = 229.227
ROUND 717 A#16 and B#14 = 244.404
ROUND 718 A#17 and B#14 = 223.131
ROUND 719 A#18 and B#14 = 29.8422
ROUND 720 A#19 and B#14 = 19.3746
ROUND 721 A#20 and B#14 = 264.436
ROUND 722 A#21 and B#14 = 282.93
ROUND 723 A#22 and B#14 = 191.787
ROUND 724 A#23 and B#14 = 245.512
ROUND 725 A#24 and B#14 = 262.723
ROUND 726 A#25 and B#14 = 227.995
ROUND 727 A#26 and B#14 = 209.075
ROUND 728 A#27 and B#14 = 182.909
ROUND 729 A#28 and B#14 = 165.274
ROUND 730 A#29 and B#14 = 176.536
ROUND 731 A#30 and B#14 = 236.079
ROUND 732 A#31 and B#14 = 94.5767
ROUND 733 A#32 and B#14 = 265.562
ROUND 734 A#33 and B#14 = 242.332
ROUND 735 A#34 and B#14 = 236.305
ROUND 736 A#35 and B#14 = 213.928
ROUND 737 A#36 and B#14 = 244.697
ROUND 738 A#37 and B#14 = 182.266
ROUND 739 A#38 and B#14 = 169.58
ROUND 740 A#39 and B#14 = 231.407
ROUND 741 A#40 and B#14 = 231.111
ROUND 742 A#41 and B#14 = 225.895
ROUND 743 A#42 and B#14 = 223.3
ROUND 744 A#43 and B#14 = 279.845
ROUND 745 A#44 and B#14 = 228.381
ROUND 746 A#45 and B#14 = 94.4579
ROUND 747 A#46 and B#14 = 48.871
ROUND 748 A#47 and B#14 = 46.8258
ROUND 749 A#48 and B#14 = 66.3255
ROUND 750 A#49 and B#14 = 232.446
ROUND 751 A#0 and B#15 = 221.648
ROUND 752 A#1 and B#15 = 119.653
ROUND 753 A#2 and B#15 = 231.873
ROUND 754 A#3 and B#15 = 254.042
ROUND 755 A#4 and B#15 = 254.588
ROUND 756 A#5 and B#15 = 252.587
ROUND 757 A#6 and B#15 = 213.795
ROUND 758 A#7 and B#15 = 176.296
ROUND 759 A#8 and B#15 = 288.145
ROUND 760 A#9 and B#15 = 253.592
ROUND 761 A#10 and B#15 = 239.481
ROUND 762 A#11 and B#15 = 253.514
ROUND 763 A#12 and B#15 = 290.061
ROUND 764 A#13 and B#15 = 293.929
ROUND 765 A#14 and B#15 = 52.9749
ROUND 766 A#15 and B#15 = 186.606
ROUND 767 A#16 and B#15 = 141.104
ROUND 768 A#17 and B#15 = 151.16
ROUND 769 A#18 and B#15 = 56.9152
ROUND 770 A#19 and B#15 = 221.739
ROUND 771 A#20 and B#15 = 221.822
ROUND 772 A#21 and B#15 = 25.1759
ROUND 773 A#22 and B#15 = 61.9342
ROUND 774 A#23 and B#15 = 69.8734
ROUND 775 A#24 and B#15 = 71.7947
ROUND 776 A#25 and B#15 = 147.899
ROUND 777 A#26 and B#15 = -28.3194
ROUND 778 A#27 and B#15 = 241.62
ROUND 779 A#28 and B#15 = 166.831
ROUND 780 A#29 and B#15 = 216.629
ROUND 781 A#30 and B#15 = 198.008
ROUND 782 A#31 and B#15 = 217.678
ROUND 783 A#32 and B#15 = 223.839
ROUND 784 A#33 and B#15 = 234.186
ROUND 785 A#34 and B#15 = 262.82
ROUND 786 A#35 and B#15 = 174.202
ROUND 787 A#36 and B#15 = 227.411
ROUND 788 A#37 and B#15 = 215.754
ROUND 789 A#38 and B#15 = 59.1098
ROUND 790 A#39 and B#15 = 166.426
ROUND 791 A#40 and B#15 = 198.663
ROUND 792 A#41 and B#15 = 42.9277
ROUND 793 A#42 and B#15 = 218.324
ROUND 794 A#43 and B#15 = 226.56
ROUND 795 A#44 and B#15 = 222.245
ROUND 796 A#45 and B#15 = 232.203
ROUND 797 A#46 and B#15 = 113.241
ROUND 798 A#47 and B#15 = 84.4235
ROUND 799 A#48 and B#15 = 89.7937
ROUND 800 A#49 and B#15 = 53.7321
ROUND 801 A#0 and B#16 = 94.6484
ROUND 802 A#1 and B#16 = 12.32
ROUND 803 A#2 and B#16 = 270.978
ROUND 804 A#3 and B#16 = 325.377
ROUND 805 A#4 and B#16 = 86.5067
ROUND 806 A#5 and B#16 = 86.5177
ROUND 807 A#6 and B#16 = 232.76
ROUND 808 A#7 and B#16 = 170.062
ROUND 809 A#8 and B#16 = 267.269
ROUND 810 A#9 and B#16 = 98.6891
ROUND 811 A#10 and B#16 = 178.141
ROUND 812 A#11 and B#16 = 79.6858
ROUND 813 A#12 and B#16 = 276.436
ROUND 814 A#13 and B#16 = 312.255
ROUND 815 A#14 and B#16 = 230.386
ROUND 816 A#15 and B#16 = 290.486
ROUND 817 A#16 and B#16 = 267.895
ROUND 818 A#17 and B#16 = 240.675
ROUND 819 A#18 and B#16 = 268.85
ROUND 820 A#19 and B#16 = 266.182
ROUND 821 A#20 and B#16 = 273.9
ROUND 822 A#21 and B#16 = 205.865
ROUND 823 A#22 and B#16 = 277.846
ROUND 824 A#23 and B#16 = 287.411
ROUND 825 A#24 and B#16 = 287.971
ROUND 826 A#25 and B#16 = 268.957
ROUND 827 A#26 and B#16 = 244.866
ROUND 828 A#27 and B#16 = 272.562
ROUND 829 A#28 and B#16 = 26.0413
ROUND 830 A#29 and B#16 = 270.275
ROUND 831 A#30 and B#16 = 76.7066
ROUND 832 A#31 and B#16 = 259.546
ROUND 833 A#32 and B#16 = 5.29542
ROUND 834 A#33 and B#16 = -26.5479
ROUND 835 A#34 and B#16 = 228.927
ROUND 836 A#35 and B#16 = 222.505
ROUND 837 A#36 and B#16 = 261.271
ROUND 838 A#37 and B#16 = 233.184
ROUND 839 A#38 and B#16 = 219.998
ROUND 840 A#39 and B#16 = 84.8443
ROUND 841 A#40 and B#16 = 68.4661
ROUND 842 A#41 and B#16 = 298.3
ROUND 843 A#42 and B#16 = 268.356
ROUND 844 A#43 and B#16 = 300.939
ROUND 845 A#44 and B#16 = 300.827
ROUND 846 A#45 and B#16 = 303.196
ROUND 847 A#46 and B#16 = 65.4616
ROUND 848 A#47 and B#16 = 35.6411
ROUND 849 A#48 and B#16 = 64.5711
ROUND 850 A#49 and B#16 = 276.175
ROUND 851 A#0 and B#17 = 88.689
ROUND 852 A#1 and B#17 = 222.798
ROUND 853 A#2 and B#17 = 254.587
ROUND 854 A#3 and B#17 = 89.8562
ROUND 855 A#4 and B#17 = 222.8
ROUND 856 A#5 and B#17 = 221.88
ROUND 857 A#6 and B#17 = 3.38346
ROUND 858 A#7 and B#17 = 51.0204
ROUND 859 A#8 and B#17 = 176.133
ROUND 860 A#9 and B#17 = 232.053
ROUND 861 A#10 and B#17 = 139.319
ROUND 862 A#11 and B#17 = 215.429
ROUND 863 A#12 and B#17 = 181.697
ROUND 864 A#13 and B#17 = 177.717
ROUND 865 A#14 and B#17 = 126.524
ROUND 866 A#15 and B#17 = 269.28
ROUND 867 A#16 and B#17 = 254.938
ROUND 868 A#17 and B#17 = 192.593
ROUND 869 A#18 and B#17 = 39.6659
ROUND 870 A#19 and B#17 = 87.2573
ROUND 871 A#20 and B#17 = 242.251
ROUND 872 A#21 and B#17 = 119.282
ROUND 873 A#22 and B#17 = 31.5528
ROUND 874 A#23 and B#17 = 242.492
ROUND 875 A#24 and B#17 = 242.166
ROUND 876 A#25 and B#17 = 241.358
ROUND 877 A#26 and B#17 = 255.375
ROUND 878 A#27 and B#17 = 81.8791
ROUND 879 A#28 and B#17 = 37.6511
ROUND 880 A#29 and B#17 = 243.538
ROUND 881 A#30 and B#17 = 158.625
ROUND 882 A#31 and B#17 = 169.572
ROUND 883 A#32 and B#17 = 232.989
ROUND 884 A#33 and B#17 = 152.962
ROUND 885 A#34 and B#17 = 306.008
ROUND 886 A#35 and B#17 = 181.76
ROUND 887 A#36 and B#17 = 98.1612
ROUND 888 A#37 and B#17 = 51.063
ROUND 889 A#38 and B#17 = 146.954
ROUND 890 A#39 and B#17 = 46.7166
ROUND 891 A#40 and B#17 = 54.9247
ROUND 892 A#41 and B#17 = 278.276
ROUND 893 A#42 and B#17 = 239.23
ROUND 894 A#43 and B#17 = 183.829
ROUND 895 A#44 and B#17 = 53.8434
ROUND 896 A#45 and B#17 = 243.319
ROUND 897 A#46 and B#17 = 227.391
ROUND 898 A#47 and B#17 = 197.912
ROUND 899 A#48 and B#17 = 0
ROUND 900 A#49 and B#17 = 30.5182
ROUND 901 A#0 and B#18 = 157.905
ROUND 902 A#1 and B#18 = 284.173
ROUND 903 A#2 and B#18 = 242.916
ROUND 904 A#3 and B#18 = 285.189
ROUND 905 A#4 and B#18 = 282.203
ROUND 906 A#5 and B#18 = 311.591
ROUND 907 A#6 and B#18 = 169.742
ROUND 908 A#7 and B#18 = 45.8141
ROUND 909 A#8 and B#18 = 231.025
ROUND 910 A#9 and B#18 = 295.129
ROUND 911 A#10 and B#18 = 199.094
ROUND 912 A#11 and B#18 = 277.893
ROUND 913 A#12 and B#18 = 223.276
ROUND 914 A#13 and B#18 = 306.962
ROUND 915 A#14 and B#18 = 283.979
ROUND 916 A#15 and B#18 = 313.033
ROUND 917 A#16 and B#18 = 265.902
ROUND 918 A#17 and B#18 = 39.8375
ROUND 919 A#18 and B#18 = 242.963
ROUND 920 A#19 and B#18 = 215.311
ROUND 921 A#20 and B#18 = 108.172
ROUND 922 A#21 and B#18 = 125.859
ROUND 923 A#22 and B#18 = 236.498
ROUND 924 A#23 and B#18 = 265.665
ROUND 925 A#24 and B#18 = 263.989
ROUND 926 A#25 and B#18 = 114.083
ROUND 927 A#26 and B#18 = 239.6
ROUND 928 A#27 and B#18 = 294.478
ROUND 929 A#28 and B#18 = 235.141
ROUND 930 A#29 and B#18 = 234.327
ROUND 931 A#30 and B#18 = 207.741
ROUND 932 A#31 and B#18 = 225.843
ROUND 933 A#32 and B#18 = 89.1849
ROUND 934 A#33 and B#18 = 187.338
ROUND 935 A#34 and B#18 = 168.888
ROUND 936 A#35 and B#18 = 94.1875
ROUND 937 A#36 and B#18 = 236.463
ROUND 938 A#37 and B#18 = 152.627
ROUND 939 A#38 and B#18 = 23.4546
ROUND 940 A#39 and B#18 = 233.183
ROUND 941 A#40 and B#18 = 241.5
ROUND 942 A#41 and B#18 = 255.715
ROUND 943 A#42 and B#18 = 245.68
ROUND 944 A#43 and B#18 = 223.171
ROUND 945 A#44 and B#18 = 233.06
ROUND 946 A#45 and B#18 = 264.372
ROUND 947 A#46 and B#18 = 209.877
ROUND 948 A#47 and B#18 = 173.258
ROUND 949 A#48 and B#18 = 157.481
ROUND 950 A#49 and B#18 = 233.912
ROUND 951 A#0 and B#19 = 187.338
ROUND 952 A#1 and B#19 = -2.82991
ROUND 953 A#2 and B#19 = 220.458
ROUND 954 A#3 and B#19 = 251.96
ROUND 955 A#4 and B#19 = 204.435
ROUND 956 A#5 and B#19 = 224.732
ROUND 957 A#6 and B#19 = 221.201
ROUND 958 A#7 and B#19 = 225.05
ROUND 959 A#8 and B#19 = 77.9942
ROUND 960 A#9 and B#19 = 215.433
ROUND 961 A#10 and B#19 = 231.139
ROUND 962 A#11 and B#19 = 220.408
ROUND 963 A#12 and B#19 = 58.2765
ROUND 964 A#13 and B#19 = 69.8353
ROUND 965 A#14 and B#19 = 249.478
ROUND 966 A#15 and B#19 = 67.5469
ROUND 967 A#16 and B#19 = 218.172
ROUND 968 A#17 and B#19 = 225.723
ROUND 969 A#18 and B#19 = 216.701
ROUND 970 A#19 and B#19 = 247.573
ROUND 971 A#20 and B#19 = 137.099
ROUND 972 A#21 and B#19 = 238.033
ROUND 973 A#22 and B#19 = 278.741
ROUND 974 A#23 and B#19 = -2.21189e-313
ROUND 975 A#24 and B#19 = 150.795
ROUND 976 A#25 and B#19 = 84.9517
ROUND 977 A#26 and B#19 = 232.88
ROUND 978 A#27 and B#19 = 192.484
ROUND 979 A#28 and B#19 = 276.802
ROUND 980 A#29 and B#19 = 200.373
ROUND 981 A#30 and B#19 = 214.683
ROUND 982 A#31 and B#19 = 171.996
ROUND 983 A#32 and B#19 = 240.965
ROUND 984 A#33 and B#19 = 55.3921
ROUND 985 A#34 and B#19 = 288.129
ROUND 986 A#35 and B#19 = 90.9326
ROUND 987 A#36 and B#19 = 243.332
ROUND 988 A#37 and B#19 = 217.422
ROUND 989 A#38 and B#19 = 304.573
ROUND 990 A#39 and B#19 = 5.66732
ROUND 991 A#40 and B#19 = 192.679
ROUND 992 A#41 and B#19 = 277.322
ROUND 993 A#42 and B#19 = 227.073
ROUND 994 A#43 and B#19 = 242.471
ROUND 995 A#44 and B#19 = 208.439
ROUND 996 A#45 and B#19 = 153.147
ROUND 997 A#46 and B#19 = 214.995
ROUND 998 A#47 and B#19 = 200.08
ROUND 999 A#48 and B#19 = 200.222
ROUND 1000 A#49 and B#19 = 206.303
ROUND 1001 A#0 and B#20 = 207.554
ROUND 1002 A#1 and B#20 = 234.439
ROUND 1003 A#2 and B#20 = 204.607
ROUND 1004 A#3 and B#20 = 294.346
ROUND 1005 A#4 and B#20 = 290.574
ROUND 1006 A#5 and B#20 = 304.204
ROUND 1007 A#6 and B#20 = 155.1
ROUND 1008 A#7 and B#20 = 231.853
ROUND 1009 A#8 and B#20 = 311.232
ROUND 1010 A#9 and B#20 = 285.215
ROUND 1011 A#10 and B#20 = 171.358
ROUND 1012 A#11 and B#20 = 298.96
ROUND 1013 A#12 and B#20 = 314.967
ROUND 1014 A#13 and B#20 = 316.332
ROUND 1015 A#14 and B#20 = 276.959
ROUND 1016 A#15 and B#20 = 227.022
ROUND 1017 A#16 and B#20 = 242.851
ROUND 1018 A#17 and B#20 = 221.741
ROUND 1019 A#18 and B#20 = 57.2733
ROUND 1020 A#19 and B#20 = 13.6792
ROUND 1021 A#20 and B#20 = 87.9691
ROUND 1022 A#21 and B#20 = 255.721
ROUND 1023 A#22 and B#20 = 72.6184
ROUND 1024 A#23 and B#20 = 92.2035
ROUND 1025 A#24 and B#20 = 87.3475
ROUND 1026 A#25 and B#20 = 5.1362
ROUND 1027 A#26 and B#20 = 204.089
ROUND 1028 A#27 and B#20 = 183.741
ROUND 1029 A#28 and B#20 = 5.93195
ROUND 1030 A#29 and B#20 = 240.168
ROUND 1031 A#30 and B#20 = 139.311
ROUND 1032 A#31 and B#20 = 94.3364
ROUND 1033 A#32 and B#20 = 31.8341
ROUND 1034 A#33 and B#20 = 251.565
ROUND 1035 A#34 and B#20 = 227.945
ROUND 1036 A#35 and B#20 = 215.313
ROUND 1037 A#36 and B#20 = 110.255
ROUND 1038 A#37 and B#20 = 181.373
ROUND 1039 A#38 and B#20 = 189.767
ROUND 1040 A#39 and B#20 = 29.6006
ROUND 1041 A#40 and B#20 = 31.3103
ROUND 1042 A#41 and B#20 = 229.668
ROUND 1043 A#42 and B#20 = 221.603
ROUND 1044 A#43 and B#20 = 289.891
ROUND 1045 A#44 and B#20 = 250.243
ROUND 1046 A#45 and B#20 = 94.605
ROUND 1047 A#46 and B#20 = 47.6155
ROUND 1048 A#47 and B#20 = 49.6924
ROUND 1049 A#48 and B#20 = 49.4974
ROUND 1050 A#49 and B#20 = 14.8881
ROUND 1051 A#0 and B#21 = 181.716
ROUND 1052 A#1 and B#21 = 128.189
ROUND 1053 A#2 and B#21 = 245.094
ROUND 1054 A#3 and B#21 = 218.888
ROUND 1055 A#4 and B#21 = 147.271
ROUND 1056 A#5 and B#21 = 213.382
ROUND 1057 A#6 and B#21 = 218.175
ROUND 1058 A#7 and B#21 = 162.519
ROUND 1059 A#8 and B#21 = 316.138
ROUND 1060 A#9 and B#21 = 97.9629
ROUND 1061 A#10 and B#21 = 207.628
ROUND 1062 A#11 and B#21 = 234.492
ROUND 1063 A#12 and B#21 = 322.008
ROUND 1064 A#13 and B#21 = 308.823
ROUND 1065 A#14 and B#21 = 177.049
ROUND 1066 A#15 and B#21 = 309.783
ROUND 1067 A#16 and B#21 = 241.429
ROUND 1068 A#17 and B#21 = 270.985
ROUND 1069 A#18 and B#21 = -4.79935e-320
ROUND 1070 A#19 and B#21 = 5.47933
ROUND 1071 A#20 and B#21 = 5.54307
ROUND 1072 A#21 and B#21 = 200.623
ROUND 1073 A#22 and B#21 = 232.068
ROUND 1074 A#23 and B#21 = 209.893
ROUND 1075 A#24 and B#21 = 250.73
ROUND 1076 A#25 and B#21 = 248.333
ROUND 1077 A#26 and B#21 = 275.945
ROUND 1078 A#27 and B#21 = 2.22816
ROUND 1079 A#28 and B#21 = 26.4515
ROUND 1080 A#29 and B#21 = 215.765
ROUND 1081 A#30 and B#21 = 72.8784
ROUND 1082 A#31 and B#21 = 264.821
ROUND 1083 A#32 and B#21 = 24.2377
ROUND 1084 A#33 and B#21 = 151.514
ROUND 1085 A#34 and B#21 = 277.85
ROUND 1086 A#35 and B#21 = 83.5114
ROUND 1087 A#36 and B#21 = 253.341
ROUND 1088 A#37 and B#21 = 228.155
ROUND 1089 A#38 and B#21 = 152.615
ROUND 1090 A#39 and B#21 = 5.79433
ROUND 1091 A#40 and B#21 = 197.608
ROUND 1092 A#41 and B#21 = 279.094
ROUND 1093 A#42 and B#21 = 214.341
ROUND 1094 A#43 and B#21 = 253.978
ROUND 1095 A#44 and B#21 = 256.758
ROUND 1096 A#45 and B#21 = 5.53574
ROUND 1097 A#46 and B#21 = 103.516
ROUND 1098 A#47 and B#21 = 49.3213
ROUND 1099 A#48 and B#21 = 69.5322
ROUND 1100 A#49 and B#21 = 262.222
ROUND 1101 A#0 and B#22 = 226.323
ROUND 1102 A#1 and B#22 = 38.298
ROUND 1103 A#2 and B#22 = 295.496
ROUND 1104 A#3 and B#22 = 149.589
ROUND 1105 A#4 and B#22 = 150.735
ROUND 1106 A#5 and B#22 = 155.658
ROUND 1107 A#6 and B#22 = 231.767
ROUND 1108 A#7 and B#22 = 71.2181
ROUND 1109 A#8 and B#22 = 279.505
ROUND 1110 A#9 and B#22 = 227.391
ROUND 1111 A#10 and B#22 = 197.017
ROUND 1112 A#11 and B#22 = 84.5433
ROUND 1113 A#12 and B#22 = 262.923
ROUND 1114 A#13 and B#22 = 293.384
ROUND 1115 A#14 and B#22 = 240.32
ROUND 1116 A#15 and B#22 = 293.95
ROUND 1117 A#16 and B#22 = 295.006
ROUND 1118 A#17 and B#22 = 215.99
ROUND 1119 A#18 and B#22 = 5.43792
ROUND 1120 A#19 and B#22 = 5.33927
ROUND 1121 A#20 and B#22 = 262.005
ROUND 1122 A#21 and B#22 = 233.557
ROUND 1123 A#22 and B#22 = 266.989
ROUND 1124 A#23 and B#22 = 261.62
ROUND 1125 A#24 and B#22 = 261.99
ROUND 1126 A#25 and B#22 = 251.14
ROUND 1127 A#26 and B#22 = 259.185
ROUND 1128 A#27 and B#22 = 5.02479
ROUND 1129 A#28 and B#22 = 23.0267
ROUND 1130 A#29 and B#22 = 279.349
ROUND 1131 A#30 and B#22 = 227.125
ROUND 1132 A#31 and B#22 = 89.8902
ROUND 1133 A#32 and B#22 = 201.007
ROUND 1134 A#33 and B#22 = 162.461
ROUND 1135 A#34 and B#22 = 322.716
ROUND 1136 A#35 and B#22 = 222.664
ROUND 1137 A#36 and B#22 = 279.669
ROUND 1138 A#37 and B#22 = 226.514
ROUND 1139 A#38 and B#22 = 197.77
ROUND 1140 A#39 and B#22 = 2.42343
ROUND 1141 A#40 and B#22 = 2.33232
ROUND 1142 A#41 and B#22 = 297.047
ROUND 1143 A#42 and B#22 = 229.234
ROUND 1144 A#43 and B#22 = 256.592
ROUND 1145 A#44 and B#22 = 283.832
ROUND 1146 A#45 and B#22 = 94.1517
ROUND 1147 A#46 and B#22 = 220.885
ROUND 1148 A#47 and B#22 = 226.003
ROUND 1149 A#48 and B#22 = 62.342
ROUND 1150 A#49 and B#22 = 2.12865
ROUND 1151 A#0 and B#23 = 226.532
ROUND 1152 A#1 and B#23 = 13.1542
ROUND 1153 A#2 and B#23 = 294.717
ROUND 1154 A#3 and B#23 = 236.695
ROUND 1155 A#4 and B#23 = 239.124
ROUND 1156 A#5 and B#23 = 205.347
ROUND 1157 A#6 and B#23 = 237.977
ROUND 1158 A#7 and B#23 = 72.9202
ROUND 1159 A#8 and B#23 = 214.284
ROUND 1160 A#9 and B#23 = 226.299
ROUND 1161 A#10 and B#23 = 183.771
ROUND 1162 A#11 and B#23 = 236.538
ROUND 1163 A#12 and B#23 = 210.469
ROUND 1164 A#13 and B#23 = 206.772
ROUND 1165 A#14 and B#23 = 165.729
ROUND 1166 A#15 and B#23 = 210.189
ROUND 1167 A#16 and B#23 = 293.218
ROUND 1168 A#17 and B#23 = 74.2568
ROUND 1169 A#18 and B#23 = 158.12
ROUND 1170 A#19 and B#23 = 267.452
ROUND 1171 A#20 and B#23 = 280.363
ROUND 1172 A#21 and B#23 = 220.397
ROUND 1173 A#22 and B#23 = 271.854
ROUND 1174 A#23 and B#23 = 246.828
ROUND 1175 A#24 and B#23 = 287.821
ROUND 1176 A#25 and B#23 = 223.216
ROUND 1177 A#26 and B#23 = 292.917
ROUND 1178 A#27 and B#23 = 165.517
ROUND 1179 A#28 and B#23 = 136.534
ROUND 1180 A#29 and B#23 = 274.562
ROUND 1181 A#30 and B#23 = 61.5257
ROUND 1182 A#31 and B#23 = 264.364
ROUND 1183 A#32 and B#23 = 164.924
ROUND 1184 A#33 and B#23 = 230.388
ROUND 1185 A#34 and B#23 = 218.013
ROUND 1186 A#35 and B#23 = 223.338
ROUND 1187 A#36 and B#23 = 301.477
ROUND 1188 A#37 and B#23 = 207.446
ROUND 1189 A#38 and B#23 = 223.504
ROUND 1190 A#39 and B#23 = 136.966
ROUND 1191 A#40 and B#23 = 136.803
ROUND 1192 A#41 and B#23 = 276.758
ROUND 1193 A#42 and B#23 = 224.264
ROUND 1194 A#43 and B#23 = 248.904
ROUND 1195 A#44 and B#23 = 147.153
ROUND 1196 A#45 and B#23 = 268.617
ROUND 1197 A#46 and B#23 = 57.9516
ROUND 1198 A#47 and B#23 = 231.52
ROUND 1199 A#48 and B#23 = 56.5263
ROUND 1200 A#49 and B#23 = 136.289
ROUND 1201 A#0 and B#24 = 226.923
ROUND 1202 A#1 and B#24 = 94.9902
ROUND 1203 A#2 and B#24 = 279.155
ROUND 1204 A#3 and B#24 = 26.6442
ROUND 1205 A#4 and B#24 = 188.452
ROUND 1206 A#5 and B#24 = 3.12989
ROUND 1207 A#6 and B#24 = 235.556
ROUND 1208 A#7 and B#24 = 245.052
ROUND 1209 A#8 and B#24 = 297.259
ROUND 1210 A#9 and B#24 = 214.573
ROUND 1211 A#10 and B#24 = 198.944
ROUND 1212 A#11 and B#24 = 217.15
ROUND 1213 A#12 and B#24 = 210.217
ROUND 1214 A#13 and B#24 = 239.896
ROUND 1215 A#14 and B#24 = 232.836
ROUND 1216 A#15 and B#24 = 213.992
ROUND 1217 A#16 and B#24 = 271.955
ROUND 1218 A#17 and B#24 = 72.0554
ROUND 1219 A#18 and B#24 = 268.182
ROUND 1220 A#19 and B#24 = 266.014
ROUND 1221 A#20 and B#24 = 5.41326
ROUND 1222 A#21 and B#24 = 237.1
ROUND 1223 A#22 and B#24 = 230.823
ROUND 1224 A#23 and B#24 = 260.791
ROUND 1225 A#24 and B#24 = 261.871
ROUND 1226 A#25 and B#24 = 194.991
ROUND 1227 A#26 and B#24 = 284.548
ROUND 1228 A#27 and B#24 = 270.378
ROUND 1229 A#28 and B#24 = 152.334
ROUND 1230 A#29 and B#24 = 244.853
ROUND 1231 A#30 and B#24 = 228.239
ROUND 1232 A#31 and B#24 = 257.146
ROUND 1233 A#32 and B#24 = 161.793
ROUND 1234 A#33 and B#24 = 215.208
ROUND 1235 A#34 and B#24 = 283.395
ROUND 1236 A#35 and B#24 = 223.107
ROUND 1237 A#36 and B#24 = 235.45
ROUND 1238 A#37 and B#24 = 212.117
ROUND 1239 A#38 and B#24 = 231.856
ROUND 1240 A#39 and B#24 = 296.206
ROUND 1241 A#40 and B#24 = 295.556
ROUND 1242 A#41 and B#24 = 311.65
ROUND 1243 A#42 and B#24 = 214.895
ROUND 1244 A#43 and B#24 = 239.095
ROUND 1245 A#44 and B#24 = 267.069
ROUND 1246 A#45 and B#24 = 262.447
ROUND 1247 A#46 and B#24 = 222.49
ROUND 1248 A#47 and B#24 = 231.607
ROUND 1249 A#48 and B#24 = 230.531
ROUND 1250 A#49 and B#24 = 266.325
ROUND 1251 A#0 and B#25 = 226.625
ROUND 1252 A#1 and B#25 = 94.2217
ROUND 1253 A#2 and B#25 = 279.253
ROUND 1254 A#3 and B#25 = 26.6534
ROUND 1255 A#4 and B#25 = 188.502
ROUND 1256 A#5 and B#25 = 2.97781
ROUND 1257 A#6 and B#25 = 235.609
ROUND 1258 A#7 and B#25 = 244.284
ROUND 1259 A#8 and B#25 = 297.643
ROUND 1260 A#9 and B#25 = 166.946
ROUND 1261 A#10 and B#25 = 198.803
ROUND 1262 A#11 and B#25 = 217.4
ROUND 1263 A#12 and B#25 = 208.958
ROUND 1264 A#13 and B#25 = 239.252
ROUND 1265 A#14 and B#25 = 232.03
ROUND 1266 A#15 and B#25 = 213.886
ROUND 1267 A#16 and B#25 = 271.743
ROUND 1268 A#17 and B#25 = 72.1794
ROUND 1269 A#18 and B#25 = 268.133
ROUND 1270 A#19 and B#25 = 265.754
ROUND 1271 A#20 and B#25 = 263.113
ROUND 1272 A#21 and B#25 = 237.453
ROUND 1273 A#22 and B#25 = 230.724
ROUND 1274 A#23 and B#25 = 247.046
ROUND 1275 A#24 and B#25 = 261.779
ROUND 1276 A#25 and B#25 = 194.103
ROUND 1277 A#26 and B#25 = 285.103
ROUND 1278 A#27 and B#25 = 270.24
ROUND 1279 A#28 and B#25 = 152.298
ROUND 1280 A#29 and B#25 = 244.434
ROUND 1281 A#30 and B#25 = 228.845
ROUND 1282 A#31 and B#25 = 257.271
ROUND 1283 A#32 and B#25 = 161.625
ROUND 1284 A#33 and B#25 = 214.604
ROUND 1285 A#34 and B#25 = 283.896
ROUND 1286 A#35 and B#25 = 223.042
ROUND 1287 A#36 and B#25 = 235.377
ROUND 1288 A#37 and B#25 = 211.697
ROUND 1289 A#38 and B#25 = 231.88
ROUND 1290 A#39 and B#25 = 296.271
ROUND 1291 A#40 and B#25 = 295.699
ROUND 1292 A#41 and B#25 = 311.398
ROUND 1293 A#42 and B#25 = 214.862
ROUND 1294 A#43 and B#25 = 238.893
ROUND 1295 A#44 and B#25 = 266.86
ROUND 1296 A#45 and B#25 = 250.347
ROUND 1297 A#46 and B#25 = 222.825
ROUND 1298 A#47 and B#25 = 231.731
ROUND 1299 A#48 and B#25 = 230.688
ROUND 1300 A#49 and B#25 = 266.003
ROUND 1301 A#0 and B#26 = 207.669
ROUND 1302 A#1 and B#26 = 203.627
ROUND 1303 A#2 and B#26 = 184.403
ROUND 1304 A#3 and B#26 = 228.99
ROUND 1305 A#4 and B#26 = 228.646
ROUND 1306 A#5 and B#26 = 245.878
ROUND 1307 A#6 and B#26 = 243.962
ROUND 1308 A#7 and B#26 = 231.379
ROUND 1309 A#8 and B#26 = 214.626
ROUND 1310 A#9 and B#26 = 229.704
ROUND 1311 A#10 and B#26 = 155.447
ROUND 1312 A#11 and B#26 = 118.17
ROUND 1313 A#12 and B#26 = 249.893
ROUND 1314 A#13 and B#26 = 248.054
ROUND 1315 A#14 and B#26 = 299.114
ROUND 1316 A#15 and B#26 = 249.075
ROUND 1317 A#16 and B#26 = 308.112
ROUND 1318 A#17 and B#26 = 298.269
ROUND 1319 A#18 and B#26 = 224.073
ROUND 1320 A#19 and B#26 = 189.491
ROUND 1321 A#20 and B#26 = 299.543
ROUND 1322 A#21 and B#26 = 283.354
ROUND 1323 A#22 and B#26 = 198.641
ROUND 1324 A#23 and B#26 = 306.532
ROUND 1325 A#24 and B#26 = 307.54
ROUND 1326 A#25 and B#26 = 232.666
ROUND 1327 A#26 and B#26 = 215.235
ROUND 1328 A#27 and B#26 = 245.92
ROUND 1329 A#28 and B#26 = 216.311
ROUND 1330 A#29 and B#26 = 118.736
ROUND 1331 A#30 and B#26 = 208.428
ROUND 1332 A#31 and B#26 = 90.3928
ROUND 1333 A#32 and B#26 = 195.025
ROUND 1334 A#33 and B#26 = 210.452
ROUND 1335 A#34 and B#26 = 213.097
ROUND 1336 A#35 and B#26 = 216.593
ROUND 1337 A#36 and B#26 = 245.567
ROUND 1338 A#37 and B#26 = 227.215
ROUND 1339 A#38 and B#26 = 147.556
ROUND 1340 A#39 and B#26 = 226.712
ROUND 1341 A#40 and B#26 = 230.243
ROUND 1342 A#41 and B#26 = 244.752
ROUND 1343 A#42 and B#26 = 300.043
ROUND 1344 A#43 and B#26 = 263.228
ROUND 1345 A#44 and B#26 = 230.782
ROUND 1346 A#45 and B#26 = 308.12
ROUND 1347 A#46 and B#26 = 147.91
ROUND 1348 A#47 and B#26 = 116.061
ROUND 1349 A#48 and B#26 = 72.2047
ROUND 1350 A#49 and B#26 = 230.013
ROUND 1351 A#0 and B#27 = 178.745
ROUND 1352 A#1 and B#27 = 18.6689
ROUND 1353 A#2 and B#27 = 237.052
ROUND 1354 A#3 and B#27 = 209.011
ROUND 1355 A#4 and B#27 = 192.453
ROUND 1356 A#5 and B#27 = 242.757
ROUND 1357 A#6 and B#27 = 223.871
ROUND 1358 A#7 and B#27 = 227.696
ROUND 1359 A#8 and B#27 = 90.0025
ROUND 1360 A#9 and B#27 = 207.559
ROUND 1361 A#10 and B#27 = 56.5954
ROUND 1362 A#11 and B#27 = 238.789
ROUND 1363 A#12 and B#27 = 279.243
ROUND 1364 A#13 and B#27 = 85.7196
ROUND 1365 A#14 and B#27 = 257.772
ROUND 1366 A#15 and B#27 = 83.1058
ROUND 1367 A#16 and B#27 = 98.4457
ROUND 1368 A#17 and B#27 = 227.785
ROUND 1369 A#18 and B#27 = 183.964
ROUND 1370 A#19 and B#27 = 259.875
ROUND 1371 A#20 and B#27 = 159.174
ROUND 1372 A#21 and B#27 = 281.552
ROUND 1373 A#22 and B#27 = 192.965
ROUND 1374 A#23 and B#27 = 5.58179
ROUND 1375 A#24 and B#27 = 147.856
ROUND 1376 A#25 and B#27 = 61.8712
ROUND 1377 A#26 and B#27 = 236.183
ROUND 1378 A#27 and B#27 = 14.7246
ROUND 1379 A#28 and B#27 = 288.49
ROUND 1380 A#29 and B#27 = 209.729
ROUND 1381 A#30 and B#27 = 205.968
ROUND 1382 A#31 and B#27 = 170.51
ROUND 1383 A#32 and B#27 = 253.614
ROUND 1384 A#33 and B#27 = 50.918
ROUND 1385 A#34 and B#27 = 265.511
ROUND 1386 A#35 and B#27 = 86.5192
ROUND 1387 A#36 and B#27 = 228.791
ROUND 1388 A#37 and B#27 = 210.839
ROUND 1389 A#38 and B#27 = 197.02
ROUND 1390 A#39 and B#27 = 5.35566
ROUND 1391 A#40 and B#27 = 204.637
ROUND 1392 A#41 and B#27 = 275.866
ROUND 1393 A#42 and B#27 = 228.842
ROUND 1394 A#43 and B#27 = 200.315
ROUND 1395 A#44 and B#27 = 180.189
ROUND 1396 A#45 and B#27 = 5.67144
ROUND 1397 A#46 and B#27 = 224.573
ROUND 1398 A#47 and B#27 = 207.305
ROUND 1399 A#48 and B#27 = 207.89
ROUND 1400 A#49 and B#27 = 181.342
ROUND 1401 A#0 and B#28 = 3.13276
ROUND 1402 A#1 and B#28 = 263.335
ROUND 1403 A#2 and B#28 = 201.131
ROUND 1404 A#3 and B#28 = 24.5747
ROUND 1405 A#4 and B#28 = 35.9579
ROUND 1406 A#5 and B#28 = 13.6697
ROUND 1407 A#6 and B#28 = 22.8735
ROUND 1408 A#7 and B#28 = 277.18
ROUND 1409 A#8 and B#28 = 259.219
ROUND 1410 A#9 and B#28 = 227.027
ROUND 1411 A#10 and B#28 = 194.88
ROUND 1412 A#11 and B#28 = 15.792
ROUND 1413 A#12 and B#28 = 246.003
ROUND 1414 A#13 and B#28 = 241.468
ROUND 1415 A#14 and B#28 = 28.7294
ROUND 1416 A#15 and B#28 = 238.456
ROUND 1417 A#16 and B#28 = 279.86
ROUND 1418 A#17 and B#28 = 217.732
ROUND 1419 A#18 and B#28 = 5.51661
ROUND 1420 A#19 and B#28 = 15.0883
ROUND 1421 A#20 and B#28 = 185.017
ROUND 1422 A#21 and B#28 = 30.5238
ROUND 1423 A#22 and B#28 = 5.51407
ROUND 1424 A#23 and B#28 = 46.6316
ROUND 1425 A#24 and B#28 = 47.3049
ROUND 1426 A#25 and B#28 = 5.57587
ROUND 1427 A#26 and B#28 = 187.501
ROUND 1428 A#27 and B#28 = 55.3241
ROUND 1429 A#28 and B#28 = 5.5414
ROUND 1430 A#29 and B#28 = 245.589
ROUND 1431 A#30 and B#28 = 218.311
ROUND 1432 A#31 and B#28 = 161.363
ROUND 1433 A#32 and B#28 = 15.2304
ROUND 1434 A#33 and B#28 = 21.0221
ROUND 1435 A#34 and B#28 = 290.174
ROUND 1436 A#35 and B#28 = 4.89188
ROUND 1437 A#36 and B#28 = 199.562
ROUND 1438 A#37 and B#28 = 2.575
ROUND 1439 A#38 and B#28 = 246.412
ROUND 1440 A#39 and B#28 = 9.85099
ROUND 1441 A#40 and B#28 = 5.6359
ROUND 1442 A#41 and B#28 = 271.736
ROUND 1443 A#42 and B#28 = 247.625
ROUND 1444 A#43 and B#28 = 245.452
ROUND 1445 A#44 and B#28 = 5.7251
ROUND 1446 A#45 and B#28 = 74.3315
ROUND 1447 A#46 and B#28 = 73.492
ROUND 1448 A#47 and B#28 = 175.279
ROUND 1449 A#48 and B#28 = 212.878
ROUND 1450 A#49 and B#28 = 5.6074
ROUND 1451 A#0 and B#29 = 201.013
ROUND 1452 A#1 and B#29 = 180.774
ROUND 1453 A#2 and B#29 = 209.279
ROUND 1454 A#3 and B#29 = 221.311
ROUND 1455 A#4 and B#29 = 53.2284
ROUND 1456 A#5 and B#29 = 220.552
ROUND 1457 A#6 and B#29 = 187.99
ROUND 1458 A#7 and B#29 = 55.0178
ROUND 1459 A#8 and B#29 = 284.715
ROUND 1460 A#9 and B#29 = 47.426
ROUND 1461 A#10 and B#29 = 191.701
ROUND 1462 A#11 and B#29 = 220.598
ROUND 1463 A#12 and B#29 = 248.836
ROUND 1464 A#13 and B#29 = 249.851
ROUND 1465 A#14 and B#29 = 204.192
ROUND 1466 A#15 and B#29 = 248.372
ROUND 1467 A#16 and B#29 = 316.31
ROUND 1468 A#17 and B#29 = 224.824
ROUND 1469 A#18 and B#29 = 2.9716
ROUND 1470 A#19 and B#29 = 28.5968
ROUND 1471 A#20 and B#29 = 209.813
ROUND 1472 A#21 and B#29 = 210.633
ROUND 1473 A#22 and B#29 = 5.52519
ROUND 1474 A#23 and B#29 = 198.241
ROUND 1475 A#24 and B#29 = 194.053
ROUND 1476 A#25 and B#29 = 148.3
ROUND 1477 A#26 and B#29 = 215.971
ROUND 1478 A#27 and B#29 = 2.80045
ROUND 1479 A#28 and B#29 = 58.5098
ROUND 1480 A#29 and B#29 = 236.274
ROUND 1481 A#30 and B#29 = 194.207
ROUND 1482 A#31 and B#29 = 169.075
ROUND 1483 A#32 and B#29 = 47.5939
ROUND 1484 A#33 and B#29 = 157.06
ROUND 1485 A#34 and B#29 = 268.757
ROUND 1486 A#35 and B#29 = 91.461
ROUND 1487 A#36 and B#29 = 195.431
ROUND 1488 A#37 and B#29 = 2.49778
ROUND 1489 A#38 and B#29 = 5.50371
ROUND 1490 A#39 and B#29 = 216.217
ROUND 1491 A#40 and B#29 = 80.3822
ROUND 1492 A#41 and B#29 = 227.628
ROUND 1493 A#42 and B#29 = 243.342
ROUND 1494 A#43 and B#29 = 212.655
ROUND 1495 A#44 and B#29 = 54.9037
ROUND 1496 A#45 and B#29 = 238.266
ROUND 1497 A#46 and B#29 = 164.923
ROUND 1498 A#47 and B#29 = 223.643
ROUND 1499 A#48 and B#29 = 208.534
ROUND 1500 A#49 and B#29 = 55.0453
ROUND 1501 A#0 and B#30 = 88.6519
ROUND 1502 A#1 and B#30 = 221.252
ROUND 1503 A#2 and B#30 = 254.255
ROUND 1504 A#3 and B#30 = 91.7392
ROUND 1505 A#4 and B#30 = 222.095
ROUND 1506 A#5 and B#30 = 221.403
ROUND 1507 A#6 and B#30 = 4.72777
ROUND 1508 A#7 and B#30 = 24.3988
ROUND 1509 A#8 and B#30 = 179.559
ROUND 1510 A#9 and B#30 = 117.013
ROUND 1511 A#10 and B#30 = 141.466
ROUND 1512 A#11 and B#30 = 99.0008
ROUND 1513 A#12 and B#30 = 182
ROUND 1514 A#13 and B#30 = 177.853
ROUND 1515 A#14 and B#30 = 126.257
ROUND 1516 A#15 and B#30 = 269.971
ROUND 1517 A#16 and B#30 = 254.526
ROUND 1518 A#17 and B#30 = 164.429
ROUND 1519 A#18 and B#30 = 241.975
ROUND 1520 A#19 and B#30 = 87.3498
ROUND 1521 A#20 and B#30 = 241.908
ROUND 1522 A#21 and B#30 = 120.068
ROUND 1523 A#22 and B#30 = 41.261
ROUND 1524 A#23 and B#30 = 243.324
ROUND 1525 A#24 and B#30 = 242.222
ROUND 1526 A#25 and B#30 = 240.983
ROUND 1527 A#26 and B#30 = 255.568
ROUND 1528 A#27 and B#30 = 81.7426
ROUND 1529 A#28 and B#30 = 194.821
ROUND 1530 A#29 and B#30 = 243.38
ROUND 1531 A#30 and B#30 = 157.816
ROUND 1532 A#31 and B#30 = 171.583
ROUND 1533 A#32 and B#30 = 232.399
ROUND 1534 A#33 and B#30 = 152.698
ROUND 1535 A#34 and B#30 = 306.151
ROUND 1536 A#35 and B#30 = 91.2177
ROUND 1537 A#36 and B#30 = 99.0139
ROUND 1538 A#37 and B#30 = 51.2768
ROUND 1539 A#38 and B#30 = 147.348
ROUND 1540 A#39 and B#30 = 46.9098
ROUND 1541 A#40 and B#30 = 53.9853
ROUND 1542 A#41 and B#30 = 278.03
ROUND 1543 A#42 and B#30 = 239.599
ROUND 1544 A#43 and B#30 = 248.962
ROUND 1545 A#44 and B#30 = 55.7323
ROUND 1546 A#45 and B#30 = 243.696
ROUND 1547 A#46 and B#30 = 227.005
ROUND 1548 A#47 and B#30 = 229.864
ROUND 1549 A#48 and B#30 = 0
ROUND 1550 A#49 and B#30 = 238.67
ROUND 1551 A#0 and B#31 = 94.7309
ROUND 1552 A#1 and B#31 = 10.7988
ROUND 1553 A#2 and B#31 = 289.616
ROUND 1554 A#3 and B#31 = 234.319
ROUND 1555 A#4 and B#31 = 158.323
ROUND 1556 A#5 and B#31 = 203.725
ROUND 1557 A#6 and B#31 = 236.788
ROUND 1558 A#7 and B#31 = 242.236
ROUND 1559 A#8 and B#31 = 214.522
ROUND 1560 A#9 and B#31 = 203.798
ROUND 1561 A#10 and B#31 = 182.738
ROUND 1562 A#11 and B#31 = 203.264
ROUND 1563 A#12 and B#31 = 212.573
ROUND 1564 A#13 and B#31 = 242.913
ROUND 1565 A#14 and B#31 = 224.761
ROUND 1566 A#15 and B#31 = 240.491
ROUND 1567 A#16 and B#31 = 293.569
ROUND 1568 A#17 and B#31 = 71.3737
ROUND 1569 A#18 and B#31 = 158.711
ROUND 1570 A#19 and B#31 = 267.595
ROUND 1571 A#20 and B#31 = 254.177
ROUND 1572 A#21 and B#31 = 218.279
ROUND 1573 A#22 and B#31 = 30.1654
ROUND 1574 A#23 and B#31 = 288.718
ROUND 1575 A#24 and B#31 = 250.578
ROUND 1576 A#25 and B#31 = 223.737
ROUND 1577 A#26 and B#31 = 290.942
ROUND 1578 A#27 and B#31 = 165.702
ROUND 1579 A#28 and B#31 = 135.421
ROUND 1580 A#29 and B#31 = 274.161
ROUND 1581 A#30 and B#31 = 58.504
ROUND 1582 A#31 and B#31 = 264.685
ROUND 1583 A#32 and B#31 = 204.562
ROUND 1584 A#33 and B#31 = 230.18
ROUND 1585 A#34 and B#31 = 216.384
ROUND 1586 A#35 and B#31 = 223.688
ROUND 1587 A#36 and B#31 = 301.71
ROUND 1588 A#37 and B#31 = 189.661
ROUND 1589 A#38 and B#31 = 141.177
ROUND 1590 A#39 and B#31 = 136.204
ROUND 1591 A#40 and B#31 = 136.702
ROUND 1592 A#41 and B#31 = 278.793
ROUND 1593 A#42 and B#31 = 223.592
ROUND 1594 A#43 and B#31 = 247.229
ROUND 1595 A#44 and B#31 = 147.141
ROUND 1596 A#45 and B#31 = 267.423
ROUND 1597 A#46 and B#31 = 54.244
ROUND 1598 A#47 and B#31 = 23.1643
ROUND 1599 A#48 and B#31 = 55.6512
ROUND 1600 A#49 and B#31 = 136.695
ROUND 1601 A#0 and B#32 = 88.6661
ROUND 1602 A#1 and B#32 = 223.273
ROUND 1603 A#2 and B#32 = 254.696
ROUND 1604 A#3 and B#32 = 96.8555
ROUND 1605 A#4 and B#32 = 223.021
ROUND 1606 A#5 and B#32 = 222.961
ROUND 1607 A#6 and B#32 = 4.68591
ROUND 1608 A#7 and B#32 = 24.405
ROUND 1609 A#8 and B#32 = 180.114
ROUND 1610 A#9 and B#32 = 117.127
ROUND 1611 A#10 and B#32 = 143.086
ROUND 1612 A#11 and B#32 = 98.8001
ROUND 1613 A#12 and B#32 = 182.028
ROUND 1614 A#13 and B#32 = 177.892
ROUND 1615 A#14 and B#32 = 126.054
ROUND 1616 A#15 and B#32 = 269.472
ROUND 1617 A#16 and B#32 = 254.988
ROUND 1618 A#17 and B#32 = 165.036
ROUND 1619 A#18 and B#32 = 241.813
ROUND 1620 A#19 and B#32 = 87.2714
ROUND 1621 A#20 and B#32 = 242.083
ROUND 1622 A#21 and B#32 = 119.925
ROUND 1623 A#22 and B#32 = 30.407
ROUND 1624 A#23 and B#32 = 242.632
ROUND 1625 A#24 and B#32 = 242.621
ROUND 1626 A#25 and B#32 = 240.178
ROUND 1627 A#26 and B#32 = 255.892
ROUND 1628 A#27 and B#32 = 81.6638
ROUND 1629 A#28 and B#32 = 194.103
ROUND 1630 A#29 and B#32 = 243.55
ROUND 1631 A#30 and B#32 = 158.623
ROUND 1632 A#31 and B#32 = 174.15
ROUND 1633 A#32 and B#32 = 232.526
ROUND 1634 A#33 and B#32 = 253.319
ROUND 1635 A#34 and B#32 = 305.786
ROUND 1636 A#35 and B#32 = 91.1742
ROUND 1637 A#36 and B#32 = 100.288
ROUND 1638 A#37 and B#32 = 51.2505
ROUND 1639 A#38 and B#32 = 148.052
ROUND 1640 A#39 and B#32 = 47.0228
ROUND 1641 A#40 and B#32 = 54.1446
ROUND 1642 A#41 and B#32 = 278.305
ROUND 1643 A#42 and B#32 = 239.745
ROUND 1644 A#43 and B#32 = 248.643
ROUND 1645 A#44 and B#32 = 57.1897
ROUND 1646 A#45 and B#32 = 243.983
ROUND 1647 A#46 and B#32 = 227.161
ROUND 1648 A#47 and B#32 = 229.477
ROUND 1649 A#48 and B#32 = 161.265
ROUND 1650 A#49 and B#32 = 238.812
ROUND 1651 A#0 and B#33 = 226.609
ROUND 1652 A#1 and B#33 = 14.1737
ROUND 1653 A#2 and B#33 = 294.49
ROUND 1654 A#3 and B#33 = 236.806
ROUND 1655 A#4 and B#33 = 242.839
ROUND 1656 A#5 and B#33 = 205.428
ROUND 1657 A#6 and B#33 = 237.755
ROUND 1658 A#7 and B#33 = 243.639
ROUND 1659 A#8 and B#33 = 214.053
ROUND 1660 A#9 and B#33 = 226.404
ROUND 1661 A#10 and B#33 = 183.85
ROUND 1662 A#11 and B#33 = 236.534
ROUND 1663 A#12 and B#33 = 210.254
ROUND 1664 A#13 and B#33 = 242.12
ROUND 1665 A#14 and B#33 = 165.212
ROUND 1666 A#15 and B#33 = 238.212
ROUND 1667 A#16 and B#33 = 292.693
ROUND 1668 A#17 and B#33 = 72.2755
ROUND 1669 A#18 and B#33 = 157.852
ROUND 1670 A#19 and B#33 = 267.24
ROUND 1671 A#20 and B#33 = 280.378
ROUND 1672 A#21 and B#33 = 219.759
ROUND 1673 A#22 and B#33 = 271.957
ROUND 1674 A#23 and B#33 = 292.026
ROUND 1675 A#24 and B#33 = 287.832
ROUND 1676 A#25 and B#33 = 223.9
ROUND 1677 A#26 and B#33 = 292.188
ROUND 1678 A#27 and B#33 = 164.185
ROUND 1679 A#28 and B#33 = 136.521
ROUND 1680 A#29 and B#33 = 274.401
ROUND 1681 A#30 and B#33 = 62.1036
ROUND 1682 A#31 and B#33 = 264.209
ROUND 1683 A#32 and B#33 = 163.855
ROUND 1684 A#33 and B#33 = 230.334
ROUND 1685 A#34 and B#33 = 218.366
ROUND 1686 A#35 and B#33 = 222.914
ROUND 1687 A#36 and B#33 = 300.346
ROUND 1688 A#37 and B#33 = 189.927
ROUND 1689 A#38 and B#33 = 223.696
ROUND 1690 A#39 and B#33 = 137.611
ROUND 1691 A#40 and B#33 = 135.22
ROUND 1692 A#41 and B#33 = 271.988
ROUND 1693 A#42 and B#33 = 224.216
ROUND 1694 A#43 and B#33 = 248.781
ROUND 1695 A#44 and B#33 = 299.303
ROUND 1696 A#45 and B#33 = 94.3591
ROUND 1697 A#46 and B#33 = 56.9727
ROUND 1698 A#47 and B#33 = 231.662
ROUND 1699 A#48 and B#33 = 56.3372
ROUND 1700 A#49 and B#33 = 136.276
ROUND 1701 A#0 and B#34 = 193.355
ROUND 1702 A#1 and B#34 = 81.4667
ROUND 1703 A#2 and B#34 = 211.299
ROUND 1704 A#3 and B#34 = 167.453
ROUND 1705 A#4 and B#34 = 219.97
ROUND 1706 A#5 and B#34 = 168.686
ROUND 1707 A#6 and B#34 = 238.361
ROUND 1708 A#7 and B#34 = 231.187
ROUND 1709 A#8 and B#34 = 188.278
ROUND 1710 A#9 and B#34 = 226.512
ROUND 1711 A#10 and B#34 = 207.248
ROUND 1712 A#11 and B#34 = 227.612
ROUND 1713 A#12 and B#34 = 237.563
ROUND 1714 A#13 and B#34 = 230.07
ROUND 1715 A#14 and B#34 = 226.075
ROUND 1716 A#15 and B#34 = 230.647
ROUND 1717 A#16 and B#34 = 302.828
ROUND 1718 A#17 and B#34 = 222.644
ROUND 1719 A#18 and B#34 = 218.978
ROUND 1720 A#19 and B#34 = 228.362
ROUND 1721 A#20 and B#34 = 289.985
ROUND 1722 A#21 and B#34 = 289.915
ROUND 1723 A#22 and B#34 = 189.741
ROUND 1724 A#23 and B#34 = 303.063
ROUND 1725 A#24 and B#34 = 300.379
ROUND 1726 A#25 and B#34 = 90.0193
ROUND 1727 A#26 and B#34 = 211.322
ROUND 1728 A#27 and B#34 = 239.78
ROUND 1729 A#28 and B#34 = 24.9144
ROUND 1730 A#29 and B#34 = 243.233
ROUND 1731 A#30 and B#34 = 196.235
ROUND 1732 A#31 and B#34 = 94.4378
ROUND 1733 A#32 and B#34 = 195.709
ROUND 1734 A#33 and B#34 = 212.286
ROUND 1735 A#34 and B#34 = 235.752
ROUND 1736 A#35 and B#34 = 212.483
ROUND 1737 A#36 and B#34 = 291.505
ROUND 1738 A#37 and B#34 = 179.562
ROUND 1739 A#38 and B#34 = 189.467
ROUND 1740 A#39 and B#34 = 200.065
ROUND 1741 A#40 and B#34 = 212.752
ROUND 1742 A#41 and B#34 = 289.565
ROUND 1743 A#42 and B#34 = 289.837
ROUND 1744 A#43 and B#34 = 300.309
ROUND 1745 A#44 and B#34 = 203.441
ROUND 1746 A#45 and B#34 = 94.6496
ROUND 1747 A#46 and B#34 = 224.512
ROUND 1748 A#47 and B#34 = 159.496
ROUND 1749 A#48 and B#34 = 217.25
ROUND 1750 A#49 and B#34 = 204.97
ROUND 1751 A#0 and B#35 = 180.727
ROUND 1752 A#1 and B#35 = -4.04623
ROUND 1753 A#2 and B#35 = 236.191
ROUND 1754 A#3 and B#35 = 214.365
ROUND 1755 A#4 and B#35 = 200.066
ROUND 1756 A#5 and B#35 = 242.883
ROUND 1757 A#6 and B#35 = 227.729
ROUND 1758 A#7 and B#35 = 230.166
ROUND 1759 A#8 and B#35 = 84.5257
ROUND 1760 A#9 and B#35 = 211.201
ROUND 1761 A#10 and B#35 = 56.5835
ROUND 1762 A#11 and B#35 = 238.481
ROUND 1763 A#12 and B#35 = 71.5706
ROUND 1764 A#13 and B#35 = 80.4186
ROUND 1765 A#14 and B#35 = 258.609
ROUND 1766 A#15 and B#35 = 78.1445
ROUND 1767 A#16 and B#35 = 236.127
ROUND 1768 A#17 and B#35 = 227.439
ROUND 1769 A#18 and B#35 = 183.515
ROUND 1770 A#19 and B#35 = 257.248
ROUND 1771 A#20 and B#35 = 39.1697
ROUND 1772 A#21 and B#35 = 237.062
ROUND 1773 A#22 and B#35 = 195.396
ROUND 1774 A#23 and B#35 = 5.65471
ROUND 1775 A#24 and B#35 = 146.518
ROUND 1776 A#25 and B#35 = 214.95
ROUND 1777 A#26 and B#35 = 235.804
ROUND 1778 A#27 and B#35 = 177.55
ROUND 1779 A#28 and B#35 = 286.603
ROUND 1780 A#29 and B#35 = 243.885
ROUND 1781 A#30 and B#35 = 202.98
ROUND 1782 A#31 and B#35 = 169.954
ROUND 1783 A#32 and B#35 = 216.905
ROUND 1784 A#33 and B#35 = 55.7056
ROUND 1785 A#34 and B#35 = 260.553
ROUND 1786 A#35 and B#35 = 83.4358
ROUND 1787 A#36 and B#35 = 235.979
ROUND 1788 A#37 and B#35 = 219.198
ROUND 1789 A#38 and B#35 = 196.721
ROUND 1790 A#39 and B#35 = 5.53725
ROUND 1791 A#40 and B#35 = 200.891
ROUND 1792 A#41 and B#35 = 240.377
ROUND 1793 A#42 and B#35 = 228.596
ROUND 1794 A#43 and B#35 = 245.692
ROUND 1795 A#44 and B#35 = 179.624
ROUND 1796 A#45 and B#35 = 5.64862
ROUND 1797 A#46 and B#35 = 223.469
ROUND 1798 A#47 and B#35 = 207.848
ROUND 1799 A#48 and B#35 = 208.075
ROUND 1800 A#49 and B#35 = 180.637
ROUND 1801 A#0 and B#36 = 187.754
ROUND 1802 A#1 and B#36 = 257.262
ROUND 1803 A#2 and B#36 = 195.159
ROUND 1804 A#3 and B#36 = 79.8674
ROUND 1805 A#4 and B#36 = 153.01
ROUND 1806 A#5 and B#36 = 63.5002
ROUND 1807 A#6 and B#36 = 5.11944
ROUND 1808 A#7 and B#36 = 17.5209
ROUND 1809 A#8 and B#36 = 233.425
ROUND 1810 A#9 and B#36 = 28.0909
ROUND 1811 A#10 and B#36 = 118.634
ROUND 1812 A#11 and B#36 = 82.8974
ROUND 1813 A#12 and B#36 = 236.91
ROUND 1814 A#13 and B#36 = 240.015
ROUND 1815 A#14 and B#36 = 56.0982
ROUND 1816 A#15 and B#36 = 244.92
ROUND 1817 A#16 and B#36 = 294.162
ROUND 1818 A#17 and B#36 = 242.461
ROUND 1819 A#18 and B#36 = 210.611
ROUND 1820 A#19 and B#36 = 8.3154
ROUND 1821 A#20 and B#36 = 212.767
ROUND 1822 A#21 and B#36 = 56.3227
ROUND 1823 A#22 and B#36 = 200.832
ROUND 1824 A#23 and B#36 = 217.445
ROUND 1825 A#24 and B#36 = 212.476
ROUND 1826 A#25 and B#36 = 163.644
ROUND 1827 A#26 and B#36 = 191.626
ROUND 1828 A#27 and B#36 = 218.688
ROUND 1829 A#28 and B#36 = 25.6887
ROUND 1830 A#29 and B#36 = 245.143
ROUND 1831 A#30 and B#36 = 232.621
ROUND 1832 A#31 and B#36 = 149.908
ROUND 1833 A#32 and B#36 = 23.4272
ROUND 1834 A#33 and B#36 = 181.324
ROUND 1835 A#34 and B#36 = 290.118
ROUND 1836 A#35 and B#36 = 207.583
ROUND 1837 A#36 and B#36 = 199.226
ROUND 1838 A#37 and B#36 = 2.5032
ROUND 1839 A#38 and B#36 = 255.058
ROUND 1840 A#39 and B#36 = 210.115
ROUND 1841 A#40 and B#36 = 13.0359
ROUND 1842 A#41 and B#36 = 228.56
ROUND 1843 A#42 and B#36 = 264.093
ROUND 1844 A#43 and B#36 = 197.49
ROUND 1845 A#44 and B#36 = 242.126
ROUND 1846 A#45 and B#36 = 159.484
ROUND 1847 A#46 and B#36 = 166.769
ROUND 1848 A#47 and B#36 = 243.235
ROUND 1849 A#48 and B#36 = 178.89
ROUND 1850 A#49 and B#36 = 226.602
ROUND 1851 A#0 and B#37 = 207.317
ROUND 1852 A#1 and B#37 = 243.858
ROUND 1853 A#2 and B#37 = 204.694
ROUND 1854 A#3 and B#37 = 287.429
ROUND 1855 A#4 and B#37 = 279.102
ROUND 1856 A#5 and B#37 = 294.691
ROUND 1857 A#6 and B#37 = 224.005
ROUND 1858 A#7 and B#37 = 231.995
ROUND 1859 A#8 and B#37 = 314.535
ROUND 1860 A#9 and B#37 = 273.391
ROUND 1861 A#10 and B#37 = 172.705
ROUND 1862 A#11 and B#37 = 292.313
ROUND 1863 A#12 and B#37 = 319.695
ROUND 1864 A#13 and B#37 = 321.596
ROUND 1865 A#14 and B#37 = 278.349
ROUND 1866 A#15 and B#37 = 230.762
ROUND 1867 A#16 and B#37 = 243.253
ROUND 1868 A#17 and B#37 = 222.136
ROUND 1869 A#18 and B#37 = -70.2005
ROUND 1870 A#19 and B#37 = 225.97
ROUND 1871 A#20 and B#37 = 87.8105
ROUND 1872 A#21 and B#37 = 255.878
ROUND 1873 A#22 and B#37 = 229.337
ROUND 1874 A#23 and B#37 = 92.1205
ROUND 1875 A#24 and B#37 = 87.2518
ROUND 1876 A#25 and B#37 = 5.42655
ROUND 1877 A#26 and B#37 = 207.914
ROUND 1878 A#27 and B#37 = 183.603
ROUND 1879 A#28 and B#37 = 5.82276
ROUND 1880 A#29 and B#37 = 241.491
ROUND 1881 A#30 and B#37 = 5.79545
ROUND 1882 A#31 and B#37 = 94.5622
ROUND 1883 A#32 and B#37 = 265.957
ROUND 1884 A#33 and B#37 = 249.066
ROUND 1885 A#34 and B#37 = 232.704
ROUND 1886 A#35 and B#37 = 214.099
ROUND 1887 A#36 and B#37 = 110.487
ROUND 1888 A#37 and B#37 = 180.952
ROUND 1889 A#38 and B#37 = 190.77
ROUND 1890 A#39 and B#37 = 5.80336
ROUND 1891 A#40 and B#37 = 31.699
ROUND 1892 A#41 and B#37 = 232.453
ROUND 1893 A#42 and B#37 = 220.769
ROUND 1894 A#43 and B#37 = 290.421
ROUND 1895 A#44 and B#37 = 226.078
ROUND 1896 A#45 and B#37 = 93.0125
ROUND 1897 A#46 and B#37 = 60.2045
ROUND 1898 A#47 and B#37 = 47.0361
ROUND 1899 A#48 and B#37 = 46.8492
ROUND 1900 A#49 and B#37 = 269.063
ROUND 1901 A#0 and B#38 = 88.6711
ROUND 1902 A#1 and B#38 = 221.531
ROUND 1903 A#2 and B#38 = 254.311
ROUND 1904 A#3 and B#38 = 96.6588
ROUND 1905 A#4 and B#38 = 222.405
ROUND 1906 A#5 and B#38 = 221.396
ROUND 1907 A#6 and B#38 = 4.78237
ROUND 1908 A#7 and B#38 = 24.4286
ROUND 1909 A#8 and B#38 = 179.695
ROUND 1910 A#9 and B#38 = 116.714
ROUND 1911 A#10 and B#38 = 141.348
ROUND 1912 A#11 and B#38 = 99.0307
ROUND 1913 A#12 and B#38 = 182.003
ROUND 1914 A#13 and B#38 = 177.9
ROUND 1915 A#14 and B#38 = 126.182
ROUND 1916 A#15 and B#38 = 269.773
ROUND 1917 A#16 and B#38 = 254.593
ROUND 1918 A#17 and B#38 = 154.89
ROUND 1919 A#18 and B#38 = 242.003
ROUND 1920 A#19 and B#38 = 87.3329
ROUND 1921 A#20 and B#38 = 241.433
ROUND 1922 A#21 and B#38 = 119.907
ROUND 1923 A#22 and B#38 = 30.8342
ROUND 1924 A#23 and B#38 = 242.908
ROUND 1925 A#24 and B#38 = 242.906
ROUND 1926 A#25 and B#38 = 240.155
ROUND 1927 A#26 and B#38 = 255.445
ROUND 1928 A#27 and B#38 = 81.8689
ROUND 1929 A#28 and B#38 = 195.162
ROUND 1930 A#29 and B#38 = 243.529
ROUND 1931 A#30 and B#38 = 156.711
ROUND 1932 A#31 and B#38 = 171.179
ROUND 1933 A#32 and B#38 = 232.774
ROUND 1934 A#33 and B#38 = 153.006
ROUND 1935 A#34 and B#38 = 306.106
ROUND 1936 A#35 and B#38 = 182.453
ROUND 1937 A#36 and B#38 = 98.9789
ROUND 1938 A#37 and B#38 = 51.2572
ROUND 1939 A#38 and B#38 = 147.421
ROUND 1940 A#39 and B#38 = 46.8602
ROUND 1941 A#40 and B#38 = 54.0587
ROUND 1942 A#41 and B#38 = 278.139
ROUND 1943 A#42 and B#38 = 239.38
ROUND 1944 A#43 and B#38 = 248.752
ROUND 1945 A#44 and B#38 = 55.6692
ROUND 1946 A#45 and B#38 = 244.257
ROUND 1947 A#46 and B#38 = 227.176
ROUND 1948 A#47 and B#38 = 229.883
ROUND 1949 A#48 and B#38 = 0
ROUND 1950 A#49 and B#38 = 238.809
ROUND 1951 A#0 and B#39 = 227.566
ROUND 1952 A#1 and B#39 = 88.9359
ROUND 1953 A#2 and B#39 = 275.885
ROUND 1954 A#3 and B#39 = 167.694
ROUND 1955 A#4 and B#39 = 213.812
ROUND 1956 A#5 and B#39 = 214.292
ROUND 1957 A#6 and B#39 = 236.632
ROUND 1958 A#7 and B#39 = 225.316
ROUND 1959 A#8 and B#39 = 297.973
ROUND 1960 A#9 and B#39 = 214.82
ROUND 1961 A#10 and B#39 = 198.855
ROUND 1962 A#11 and B#39 = 214.748
ROUND 1963 A#12 and B#39 = 211.041
ROUND 1964 A#13 and B#39 = 212.153
ROUND 1965 A#14 and B#39 = 223.42
ROUND 1966 A#15 and B#39 = 297.154
ROUND 1967 A#16 and B#39 = 270.684
ROUND 1968 A#17 and B#39 = 48.802
ROUND 1969 A#18 and B#39 = 268.085
ROUND 1970 A#19 and B#39 = 163.017
ROUND 1971 A#20 and B#39 = 263.128
ROUND 1972 A#21 and B#39 = 239.928
ROUND 1973 A#22 and B#39 = 230.792
ROUND 1974 A#23 and B#39 = 262.195
ROUND 1975 A#24 and B#39 = 262.113
ROUND 1976 A#25 and B#39 = 244.509
ROUND 1977 A#26 and B#39 = 280.62
ROUND 1978 A#27 and B#39 = 153.879
ROUND 1979 A#28 and B#39 = 152.319
ROUND 1980 A#29 and B#39 = 269.224
ROUND 1981 A#30 and B#39 = 232.631
ROUND 1982 A#31 and B#39 = 256.735
ROUND 1983 A#32 and B#39 = 160.796
ROUND 1984 A#33 and B#39 = 214.844
ROUND 1985 A#34 and B#39 = 283.964
ROUND 1986 A#35 and B#39 = 202.316
ROUND 1987 A#36 and B#39 = 242.332
ROUND 1988 A#37 and B#39 = 170.58
ROUND 1989 A#38 and B#39 = 230.502
ROUND 1990 A#39 and B#39 = 296.247
ROUND 1991 A#40 and B#39 = 295.559
ROUND 1992 A#41 and B#39 = 311.322
ROUND 1993 A#42 and B#39 = 214.3
ROUND 1994 A#43 and B#39 = 245.025
ROUND 1995 A#44 and B#39 = 229.662
ROUND 1996 A#45 and B#39 = 262.865
ROUND 1997 A#46 and B#39 = 223.361
ROUND 1998 A#47 and B#39 = 219.77
ROUND 1999 A#48 and B#39 = 209.911
ROUND 2000 A#49 and B#39 = 264.73
ROUND 2001 A#0 and B#40 = 181.259
ROUND 2002 A#1 and B#40 = -5.49538
ROUND 2003 A#2 and B#40 = 236.803
ROUND 2004 A#3 and B#40 = 213.865
ROUND 2005 A#4 and B#40 = 199.328
ROUND 2006 A#5 and B#40 = 242.522
ROUND 2007 A#6 and B#40 = 226.723
ROUND 2008 A#7 and B#40 = 229.097
ROUND 2009 A#8 and B#40 = 83.8123
ROUND 2010 A#9 and B#40 = 210.555
ROUND 2011 A#10 and B#40 = 36.9896
ROUND 2012 A#11 and B#40 = 237.932
ROUND 2013 A#12 and B#40 = 71.1093
ROUND 2014 A#13 and B#40 = 80.2944
ROUND 2015 A#14 and B#40 = 258.146
ROUND 2016 A#15 and B#40 = 77.6766
ROUND 2017 A#16 and B#40 = 236.093
ROUND 2018 A#17 and B#40 = 227.126
ROUND 2019 A#18 and B#40 = 217.572
ROUND 2020 A#19 and B#40 = 257.114
ROUND 2021 A#20 and B#40 = 39.4888
ROUND 2022 A#21 and B#40 = 243.432
ROUND 2023 A#22 and B#40 = 195.657
ROUND 2024 A#23 and B#40 = 5.66356
ROUND 2025 A#24 and B#40 = 147.005
ROUND 2026 A#25 and B#40 = 82.714
ROUND 2027 A#26 and B#40 = 235.069
ROUND 2028 A#27 and B#40 = 177.101
ROUND 2029 A#28 and B#40 = 286.65
ROUND 2030 A#29 and B#40 = 243.246
ROUND 2031 A#30 and B#40 = 204.768
ROUND 2032 A#31 and B#40 = 170.212
ROUND 2033 A#32 and B#40 = 216.979
ROUND 2034 A#33 and B#40 = 55.6403
ROUND 2035 A#34 and B#40 = 259.893
ROUND 2036 A#35 and B#40 = 81.8291
ROUND 2037 A#36 and B#40 = 230.992
ROUND 2038 A#37 and B#40 = 218.873
ROUND 2039 A#38 and B#40 = 196.893
ROUND 2040 A#39 and B#40 = 5.53692
ROUND 2041 A#40 and B#40 = 200.227
ROUND 2042 A#41 and B#40 = 240.161
ROUND 2043 A#42 and B#40 = 228.387
ROUND 2044 A#43 and B#40 = 244.338
ROUND 2045 A#44 and B#40 = 178.615
ROUND 2046 A#45 and B#40 = 149.711
ROUND 2047 A#46 and B#40 = 222.853
ROUND 2048 A#47 and B#40 = 207.198
ROUND 2049 A#48 and B#40 = 207.252
ROUND 2050 A#49 and B#40 = 179.614
ROUND 2051 A#0 and B#41 = 227.576
ROUND 2052 A#1 and B#41 = 29.0966
ROUND 2053 A#2 and B#41 = 309.369
ROUND 2054 A#3 and B#41 = 92.3421
ROUND 2055 A#4 and B#41 = 257.015
ROUND 2056 A#5 and B#41 = 264.435
ROUND 2057 A#6 and B#41 = 232.879
ROUND 2058 A#7 and B#41 = 239.837
ROUND 2059 A#8 and B#41 = 292.184
ROUND 2060 A#9 and B#41 = 121.111
ROUND 2061 A#10 and B#41 = 197.046
ROUND 2062 A#11 and B#41 = 98.8161
ROUND 2063 A#12 and B#41 = 293.831
ROUND 2064 A#13 and B#41 = 300.97
ROUND 2065 A#14 and B#41 = 247.266
ROUND 2066 A#15 and B#41 = 298.918
ROUND 2067 A#16 and B#41 = 308.033
ROUND 2068 A#17 and B#41 = 226.179
ROUND 2069 A#18 and B#41 = 265.028
ROUND 2070 A#19 and B#41 = 1.90933
ROUND 2071 A#20 and B#41 = 263.147
ROUND 2072 A#21 and B#41 = 271.26
ROUND 2073 A#22 and B#41 = 266.256
ROUND 2074 A#23 and B#41 = 262.325
ROUND 2075 A#24 and B#41 = 261.817
ROUND 2076 A#25 and B#41 = 250.169
ROUND 2077 A#26 and B#41 = 307.161
ROUND 2078 A#27 and B#41 = 268.375
ROUND 2079 A#28 and B#41 = 23.4743
ROUND 2080 A#29 and B#41 = 281.095
ROUND 2081 A#30 and B#41 = 221.6
ROUND 2082 A#31 and B#41 = 251.824
ROUND 2083 A#32 and B#41 = 200.753
ROUND 2084 A#33 and B#41 = 161.541
ROUND 2085 A#34 and B#41 = 314.878
ROUND 2086 A#35 and B#41 = 223.32
ROUND 2087 A#36 and B#41 = 311.211
ROUND 2088 A#37 and B#41 = 221.974
ROUND 2089 A#38 and B#41 = 198.21
ROUND 2090 A#39 and B#41 = 208.859
ROUND 2091 A#40 and B#41 = 294.859
ROUND 2092 A#41 and B#41 = 283.78
ROUND 2093 A#42 and B#41 = 230.069
ROUND 2094 A#43 and B#41 = 267.242
ROUND 2095 A#44 and B#41 = 285.729
ROUND 2096 A#45 and B#41 = 94.1587
ROUND 2097 A#46 and B#41 = 219.919
ROUND 2098 A#47 and B#41 = 225.641
ROUND 2099 A#48 and B#41 = 69.0738
ROUND 2100 A#49 and B#41 = 262.483
ROUND 2101 A#0 and B#42 = 227.111
ROUND 2102 A#1 and B#42 = 90.2015
ROUND 2103 A#2 and B#42 = 276.061
ROUND 2104 A#3 and B#42 = 167.728
ROUND 2105 A#4 and B#42 = 213.796
ROUND 2106 A#5 and B#42 = 155.785
ROUND 2107 A#6 and B#42 = 235.166
ROUND 2108 A#7 and B#42 = 225.341
ROUND 2109 A#8 and B#42 = 297.902
ROUND 2110 A#9 and B#42 = 214.779
ROUND 2111 A#10 and B#42 = 199.224
ROUND 2112 A#11 and B#42 = 168.433
ROUND 2113 A#12 and B#42 = 210.843
ROUND 2114 A#13 and B#42 = 211.558
ROUND 2115 A#14 and B#42 = 224.105
ROUND 2116 A#15 and B#42 = 214.387
ROUND 2117 A#16 and B#42 = 270.55
ROUND 2118 A#17 and B#42 = 45.0125
ROUND 2119 A#18 and B#42 = 267.334
ROUND 2120 A#19 and B#42 = 265.791
ROUND 2121 A#20 and B#42 = 263.716
ROUND 2122 A#21 and B#42 = 240.33
ROUND 2123 A#22 and B#42 = 230.688
ROUND 2124 A#23 and B#42 = 260.383
ROUND 2125 A#24 and B#42 = 261.504
ROUND 2126 A#25 and B#42 = 49.6562
ROUND 2127 A#26 and B#42 = 282.713
ROUND 2128 A#27 and B#42 = 152.131
ROUND 2129 A#28 and B#42 = 152.453
ROUND 2130 A#29 and B#42 = 269.177
ROUND 2131 A#30 and B#42 = 228.496
ROUND 2132 A#31 and B#42 = 256.326
ROUND 2133 A#32 and B#42 = 160.858
ROUND 2134 A#33 and B#42 = 214.419
ROUND 2135 A#34 and B#42 = 284.811
ROUND 2136 A#35 and B#42 = 202.035
ROUND 2137 A#36 and B#42 = 277.378
ROUND 2138 A#37 and B#42 = 170.788
ROUND 2139 A#38 and B#42 = 230.193
ROUND 2140 A#39 and B#42 = 296.205
ROUND 2141 A#40 and B#42 = 234.716
ROUND 2142 A#41 and B#42 = 310.936
ROUND 2143 A#42 and B#42 = 214.655
ROUND 2144 A#43 and B#42 = 233.926
ROUND 2145 A#44 and B#42 = 229.894
ROUND 2146 A#45 and B#42 = 262.696
ROUND 2147 A#46 and B#42 = 223.726
ROUND 2148 A#47 and B#42 = 219.041
ROUND 2149 A#48 and B#42 = 209.536
ROUND 2150 A#49 and B#42 = 265.713
ROUND 2151 A#0 and B#43 = 226.95
ROUND 2152 A#1 and B#43 = 219.986
ROUND 2153 A#2 and B#43 = 311.817
ROUND 2154 A#3 and B#43 = 167.593
ROUND 2155 A#4 and B#43 = 172.701
ROUND 2156 A#5 and B#43 = 167.563
ROUND 2157 A#6 and B#43 = 235.801
ROUND 2158 A#7 and B#43 = 131.357
ROUND 2159 A#8 and B#43 = 228.108
ROUND 2160 A#9 and B#43 = 166.997
ROUND 2161 A#10 and B#43 = 198.162
ROUND 2162 A#11 and B#43 = 168.56
ROUND 2163 A#12 and B#43 = 231.474
ROUND 2164 A#13 and B#43 = 222.993
ROUND 2165 A#14 and B#43 = 223.709
ROUND 2166 A#15 and B#43 = 213.93
ROUND 2167 A#16 and B#43 = 310.354
ROUND 2168 A#17 and B#43 = 73.0428
ROUND 2169 A#18 and B#43 = 160.35
ROUND 2170 A#19 and B#43 = 162.85
ROUND 2171 A#20 and B#43 = 262.961
ROUND 2172 A#21 and B#43 = 222.515
ROUND 2173 A#22 and B#43 = 227.975
ROUND 2174 A#23 and B#43 = 310.462
ROUND 2175 A#24 and B#43 = 309.977
ROUND 2176 A#25 and B#43 = 224.56
ROUND 2177 A#26 and B#43 = 310.889
ROUND 2178 A#27 and B#43 = 151.268
ROUND 2179 A#28 and B#43 = 149.723
ROUND 2180 A#29 and B#43 = 281.367
ROUND 2181 A#30 and B#43 = 195.32
ROUND 2182 A#31 and B#43 = 89.8383
ROUND 2183 A#32 and B#43 = 164.128
ROUND 2184 A#33 and B#43 = 232.562
ROUND 2185 A#34 and B#43 = 221.162
ROUND 2186 A#35 and B#43 = 223.458
ROUND 2187 A#36 and B#43 = 312.352
ROUND 2188 A#37 and B#43 = 188.857
ROUND 2189 A#38 and B#43 = 197.118
ROUND 2190 A#39 and B#43 = 150.158
ROUND 2191 A#40 and B#43 = 150.073
ROUND 2192 A#41 and B#43 = 314.751
ROUND 2193 A#42 and B#43 = 231.189
ROUND 2194 A#43 and B#43 = 255.267
ROUND 2195 A#44 and B#43 = 191.575
ROUND 2196 A#45 and B#43 = 309.912
ROUND 2197 A#46 and B#43 = 225.128
ROUND 2198 A#47 and B#43 = 94.195
ROUND 2199 A#48 and B#43 = 225.548
ROUND 2200 A#49 and B#43 = 163.219
ROUND 2201 A#0 and B#44 = 207.144
ROUND 2202 A#1 and B#44 = 242.114
ROUND 2203 A#2 and B#44 = 204.673
ROUND 2204 A#3 and B#44 = 279.066
ROUND 2205 A#4 and B#44 = 102.113
ROUND 2206 A#5 and B#44 = 296.552
ROUND 2207 A#6 and B#44 = 162.223
ROUND 2208 A#7 and B#44 = 156.644
ROUND 2209 A#8 and B#44 = 261.983
ROUND 2210 A#9 and B#44 = 261.415
ROUND 2211 A#10 and B#44 = 170.088
ROUND 2212 A#11 and B#44 = 291.136
ROUND 2213 A#12 and B#44 = 248.824
ROUND 2214 A#13 and B#44 = 243.948
ROUND 2215 A#14 and B#44 = 270.798
ROUND 2216 A#15 and B#44 = 232.6
ROUND 2217 A#16 and B#44 = 303.518
ROUND 2218 A#17 and B#44 = 226.469
ROUND 2219 A#18 and B#44 = 59.1741
ROUND 2220 A#19 and B#44 = 163.745
ROUND 2221 A#20 and B#44 = 30.3335
ROUND 2222 A#21 and B#44 = 255.083
ROUND 2223 A#22 and B#44 = 191.319
ROUND 2224 A#23 and B#44 = 251.908
ROUND 2225 A#24 and B#44 = 302.195
ROUND 2226 A#25 and B#44 = 5.41677
ROUND 2227 A#26 and B#44 = 203.815
ROUND 2228 A#27 and B#44 = 208.086
ROUND 2229 A#28 and B#44 = 163.411
ROUND 2230 A#29 and B#44 = 242.645
ROUND 2231 A#30 and B#44 = 147.099
ROUND 2232 A#31 and B#44 = 94.3488
ROUND 2233 A#32 and B#44 = 145.145
ROUND 2234 A#33 and B#44 = 279.443
ROUND 2235 A#34 and B#44 = 228.092
ROUND 2236 A#35 and B#44 = 216.485
ROUND 2237 A#36 and B#44 = 54.744
ROUND 2238 A#37 and B#44 = 179.924
ROUND 2239 A#38 and B#44 = 164.57
ROUND 2240 A#39 and B#44 = 5.83341
ROUND 2241 A#40 and B#44 = 32.2443
ROUND 2242 A#41 and B#44 = 63.448
ROUND 2243 A#42 and B#44 = 218.802
ROUND 2244 A#43 and B#44 = 55.4693
ROUND 2245 A#44 and B#44 = 219.282
ROUND 2246 A#45 and B#44 = 94.7275
ROUND 2247 A#46 and B#44 = 149.048
ROUND 2248 A#47 and B#44 = 82.0722
ROUND 2249 A#48 and B#44 = 68.6708
ROUND 2250 A#49 and B#44 = 159.151
ROUND 2251 A#0 and B#45 = 201.061
ROUND 2252 A#1 and B#45 = 186.07
ROUND 2253 A#2 and B#45 = 217.956
ROUND 2254 A#3 and B#45 = 167.646
ROUND 2255 A#4 and B#45 = 215.973
ROUND 2256 A#5 and B#45 = 169.341
ROUND 2257 A#6 and B#45 = 178.621
ROUND 2258 A#7 and B#45 = 231.292
ROUND 2259 A#8 and B#45 = 202.619
ROUND 2260 A#9 and B#45 = 226.192
ROUND 2261 A#10 and B#45 = 149.707
ROUND 2262 A#11 and B#45 = 227.416
ROUND 2263 A#12 and B#45 = 204.354
ROUND 2264 A#13 and B#45 = 184.202
ROUND 2265 A#14 and B#45 = 229.182
ROUND 2266 A#15 and B#45 = 231.106
ROUND 2267 A#16 and B#45 = 303.259
ROUND 2268 A#17 and B#45 = 224.516
ROUND 2269 A#18 and B#45 = 221.574
ROUND 2270 A#19 and B#45 = 229.679
ROUND 2271 A#20 and B#45 = 89.0134
ROUND 2272 A#21 and B#45 = 170.639
ROUND 2273 A#22 and B#45 = 141.33
ROUND 2274 A#23 and B#45 = 302.245
ROUND 2275 A#24 and B#45 = 87.4591
ROUND 2276 A#25 and B#45 = 271.968
ROUND 2277 A#26 and B#45 = 217.106
ROUND 2278 A#27 and B#45 = 228.467
ROUND 2279 A#28 and B#45 = 96.2221
ROUND 2280 A#29 and B#45 = 45.7099
ROUND 2281 A#30 and B#45 = 49.4015
ROUND 2282 A#31 and B#45 = 94.3764
ROUND 2283 A#32 and B#45 = 226.869
ROUND 2284 A#33 and B#45 = 212.335
ROUND 2285 A#34 and B#45 = 231.773
ROUND 2286 A#35 and B#45 = 215.023
ROUND 2287 A#36 and B#45 = 240.568
ROUND 2288 A#37 and B#45 = 181.456
ROUND 2289 A#38 and B#45 = 194.69
ROUND 2290 A#39 and B#45 = 30.3395
ROUND 2291 A#40 and B#45 = 198.955
ROUND 2292 A#41 and B#45 = 273.802
ROUND 2293 A#42 and B#45 = 289.747
ROUND 2294 A#43 and B#45 = 210.578
ROUND 2295 A#44 and B#45 = 194.004
ROUND 2296 A#45 and B#45 = 94.7577
ROUND 2297 A#46 and B#45 = 224.197
ROUND 2298 A#47 and B#45 = 123.834
ROUND 2299 A#48 and B#45 = 217.325
ROUND 2300 A#49 and B#45 = 195.408
ROUND 2301 A#0 and B#46 = 41.4535
ROUND 2302 A#1 and B#46 = 251.288
ROUND 2303 A#2 and B#46 = 211.224
ROUND 2304 A#3 and B#46 = 87.8364
ROUND 2305 A#4 and B#46 = 110.401
ROUND 2306 A#5 and B#46 = 217.959
ROUND 2307 A#6 and B#46 = 250.632
ROUND 2308 A#7 and B#46 = 47.6
ROUND 2309 A#8 and B#46 = 176.785
ROUND 2310 A#9 and B#46 = 106.62
ROUND 2311 A#10 and B#46 = 204.396
ROUND 2312 A#11 and B#46 = 83.6969
ROUND 2313 A#12 and B#46 = 255.835
ROUND 2314 A#13 and B#46 = 253.773
ROUND 2315 A#14 and B#46 = 243.143
ROUND 2316 A#15 and B#46 = 280.183
ROUND 2317 A#16 and B#46 = 113.711
ROUND 2318 A#17 and B#46 = 5.49666
ROUND 2319 A#18 and B#46 = 230.346
ROUND 2320 A#19 and B#46 = 47.409
ROUND 2321 A#20 and B#46 = 189.391
ROUND 2322 A#21 and B#46 = 216.037
ROUND 2323 A#22 and B#46 = 30.3994
ROUND 2324 A#23 and B#46 = 241.484
ROUND 2325 A#24 and B#46 = 239.84
ROUND 2326 A#25 and B#46 = 164.768
ROUND 2327 A#26 and B#46 = 206.163
ROUND 2328 A#27 and B#46 = 59.0266
ROUND 2329 A#28 and B#46 = 47.582
ROUND 2330 A#29 and B#46 = 242.777
ROUND 2331 A#30 and B#46 = 227.371
ROUND 2332 A#31 and B#46 = 94.4796
ROUND 2333 A#32 and B#46 = 215.614
ROUND 2334 A#33 and B#46 = 256.097
ROUND 2335 A#34 and B#46 = 307.336
ROUND 2336 A#35 and B#46 = 118.799
ROUND 2337 A#36 and B#46 = 95.4397
ROUND 2338 A#37 and B#46 = 47.5689
ROUND 2339 A#38 and B#46 = 161.68
ROUND 2340 A#39 and B#46 = 250.176
ROUND 2341 A#40 and B#46 = 254.173
ROUND 2342 A#41 and B#46 = 200.53
ROUND 2343 A#42 and B#46 = 238.311
ROUND 2344 A#43 and B#46 = 207.438
ROUND 2345 A#44 and B#46 = 248.54
ROUND 2346 A#45 and B#46 = 239.999
ROUND 2347 A#46 and B#46 = 49.6031
ROUND 2348 A#47 and B#46 = 203.225
ROUND 2349 A#48 and B#46 = 47.2609
ROUND 2350 A#49 and B#46 = 250.73
ROUND 2351 A#0 and B#47 = 207.687
ROUND 2352 A#1 and B#47 = 232.374
ROUND 2353 A#2 and B#47 = 234.094
ROUND 2354 A#3 and B#47 = 282.727
ROUND 2355 A#4 and B#47 = 90.4008
ROUND 2356 A#5 and B#47 = 292.622
ROUND 2357 A#6 and B#47 = 160.65
ROUND 2358 A#7 and B#47 = 156.691
ROUND 2359 A#8 and B#47 = 303.896
ROUND 2360 A#9 and B#47 = 282.129
ROUND 2361 A#10 and B#47 = 171.24
ROUND 2362 A#11 and B#47 = 293.185
ROUND 2363 A#12 and B#47 = 79.846
ROUND 2364 A#13 and B#47 = 260.412
ROUND 2365 A#14 and B#47 = 270.695
ROUND 2366 A#15 and B#47 = 247.464
ROUND 2367 A#16 and B#47 = 262.606
ROUND 2368 A#17 and B#47 = 222.803
ROUND 2369 A#18 and B#47 = 14.8569
ROUND 2370 A#19 and B#47 = 13.7045
ROUND 2371 A#20 and B#47 = 240.972
ROUND 2372 A#21 and B#47 = 243.324
ROUND 2373 A#22 and B#47 = 71.0727
ROUND 2374 A#23 and B#47 = 247.956
ROUND 2375 A#24 and B#47 = 261.574
ROUND 2376 A#25 and B#47 = 232.956
ROUND 2377 A#26 and B#47 = 127.93
ROUND 2378 A#27 and B#47 = 184.718
ROUND 2379 A#28 and B#47 = 165.492
ROUND 2380 A#29 and B#47 = 241.69
ROUND 2381 A#30 and B#47 = 220.564
ROUND 2382 A#31 and B#47 = 94.2132
ROUND 2383 A#32 and B#47 = 152.379
ROUND 2384 A#33 and B#47 = 255.053
ROUND 2385 A#34 and B#47 = 228.462
ROUND 2386 A#35 and B#47 = 188.683
ROUND 2387 A#36 and B#47 = 109.141
ROUND 2388 A#37 and B#47 = 182.629
ROUND 2389 A#38 and B#47 = 190.735
ROUND 2390 A#39 and B#47 = 233.018
ROUND 2391 A#40 and B#47 = 226.98
ROUND 2392 A#41 and B#47 = 229.859
ROUND 2393 A#42 and B#47 = 211.104
ROUND 2394 A#43 and B#47 = 280.572
ROUND 2395 A#44 and B#47 = 234.435
ROUND 2396 A#45 and B#47 = 94.8653
ROUND 2397 A#46 and B#47 = 63.4995
ROUND 2398 A#47 and B#47 = 221.064
ROUND 2399 A#48 and B#47 = 49.129
ROUND 2400 A#49 and B#47 = 139.981
ROUND 2401 A#0 and B#48 = 207.381
ROUND 2402 A#1 and B#48 = 233.51
ROUND 2403 A#2 and B#48 = 232.441
ROUND 2404 A#3 and B#48 = 284.091
ROUND 2405 A#4 and B#48 = 102.055
ROUND 2406 A#5 and B#48 = 294.927
ROUND 2407 A#6 and B#48 = 160.277
ROUND 2408 A#7 and B#48 = 156.926
ROUND 2409 A#8 and B#48 = 260.514
ROUND 2410 A#9 and B#48 = 261.818
ROUND 2411 A#10 and B#48 = 167.706
ROUND 2412 A#11 and B#48 = 292.268
ROUND 2413 A#12 and B#48 = 247.952
ROUND 2414 A#13 and B#48 = 241.841
ROUND 2415 A#14 and B#48 = 269.912
ROUND 2416 A#15 and B#48 = 228.838
ROUND 2417 A#16 and B#48 = 260.781
ROUND 2418 A#17 and B#48 = 225.98
ROUND 2419 A#18 and B#48 = 59.0154
ROUND 2420 A#19 and B#48 = 163.003
ROUND 2421 A#20 and B#48 = 52.39
ROUND 2422 A#21 and B#48 = 253.821
ROUND 2423 A#22 and B#48 = 229.386
ROUND 2424 A#23 and B#48 = 36.4525
ROUND 2425 A#24 and B#48 = 37.6487
ROUND 2426 A#25 and B#48 = 5.21403
ROUND 2427 A#26 and B#48 = 230.686
ROUND 2428 A#27 and B#48 = 91.1806
ROUND 2429 A#28 and B#48 = 158.531
ROUND 2430 A#29 and B#48 = 241.672
ROUND 2431 A#30 and B#48 = 147.296
ROUND 2432 A#31 and B#48 = 94.178
ROUND 2433 A#32 and B#48 = 145.415
ROUND 2434 A#33 and B#48 = 278.439
ROUND 2435 A#34 and B#48 = 223.491
ROUND 2436 A#35 and B#48 = 190.899
ROUND 2437 A#36 and B#48 = 54.8204
ROUND 2438 A#37 and B#48 = 181.181
ROUND 2439 A#38 and B#48 = 189.239
ROUND 2440 A#39 and B#48 = 5.82976
ROUND 2441 A#40 and B#48 = 165.494
ROUND 2442 A#41 and B#48 = 63.6991
ROUND 2443 A#42 and B#48 = 218.486
ROUND 2444 A#43 and B#48 = 295.889
ROUND 2445 A#44 and B#48 = 224.136
ROUND 2446 A#45 and B#48 = 94.811
ROUND 2447 A#46 and B#48 = 148.82
ROUND 2448 A#47 and B#48 = 218.016
ROUND 2449 A#48 and B#48 = 68.0062
ROUND 2450 A#49 and B#48 = 157.795
ROUND 2451 A#0 and B#49 = 230.237
ROUND 2452 A#1 and B#49 = 114.872
ROUND 2453 A#2 and B#49 = 234.85
ROUND 2454 A#3 and B#49 = 298.439
ROUND 2455 A#4 and B#49 = 236.123
ROUND 2456 A#5 and B#49 = 290.895
ROUND 2457 A#6 and B#49 = 20.6848
ROUND 2458 A#7 and B#49 = 75.8392
ROUND 2459 A#8 and B#49 = 221.372
ROUND 2460 A#9 and B#49 = 256.24
ROUND 2461 A#10 and B#49 = 131.935
ROUND 2462 A#11 and B#49 = 290.478
ROUND 2463 A#12 and B#49 = 219.205
ROUND 2464 A#13 and B#49 = 227.171
ROUND 2465 A#14 and B#49 = 266.807
ROUND 2466 A#15 and B#49 = 307.536
ROUND 2467 A#16 and B#49 = 243.383
ROUND 2468 A#17 and B#49 = 122.628
ROUND 2469 A#18 and B#49 = 227.845
ROUND 2470 A#19 and B#49 = 157.493
ROUND 2471 A#20 and B#49 = 43.1318
ROUND 2472 A#21 and B#49 = 100.769
ROUND 2473 A#22 and B#49 = 243.204
ROUND 2474 A#23 and B#49 = 192.359
ROUND 2475 A#24 and B#49 = 192.476
ROUND 2476 A#25 and B#49 = 197.173
ROUND 2477 A#26 and B#49 = 84.4581
ROUND 2478 A#27 and B#49 = 236.356
ROUND 2479 A#28 and B#49 = 188.638
ROUND 2480 A#29 and B#49 = 206.189
ROUND 2481 A#30 and B#49 = 76.6679
ROUND 2482 A#31 and B#49 = 220.224
ROUND 2483 A#32 and B#49 = 27.3542
ROUND 2484 A#33 and B#49 = 155.072
ROUND 2485 A#34 and B#49 = 254.708
ROUND 2486 A#35 and B#49 = 197.332
ROUND 2487 A#36 and B#49 = 220.7
ROUND 2488 A#37 and B#49 = 62.786
ROUND 2489 A#38 and B#49 = 235.012
ROUND 2490 A#39 and B#49 = 217.367
ROUND 2491 A#40 and B#49 = 217.05
ROUND 2492 A#41 and B#49 = 271.934
ROUND 2493 A#42 and B#49 = 254.657
ROUND 2494 A#43 and B#49 = 262.191
ROUND 2495 A#44 and B#49 = 215.879
ROUND 2496 A#45 and B#49 = 48.3515
ROUND 2497 A#46 and B#49 = 46.6905
ROUND 2498 A#47 and B#49 = -32.0922
ROUND 2499 A#48 and B#49 = 163.012
ROUND 2500 A#49 and B#49 = 87.2885

The best overlap is between conformer A#3 and B#16, which, after PCA followed by Steepest Descent, produces a volume overlap of 325.377
Tanimoto (Hodgkin) similarity index: 0.34715

Saving those best conformers to file...
WRITING MOLECULE TO FILE '../ALL_PAIRS_BQ123_AS_REFERENCE/ROKS3/BQ123-Tezosentan.mol2' (WILL OVERWRITE EXISTING FILE IF ANY)...
WRITING MOLECULE TO FILE '../ALL_PAIRS_BQ123_AS_REFERENCE/ROKS3/BQ123-Tezosentan.mol2'...
