Finished importing molecules
WARNING: LAPACK DSYEV() RETURNED NON-ZERO ERROR CODE 3
WARNING: LAPACK DSYEV() RETURNED NON-ZERO ERROR CODE 2
WARNING: LAPACK DSYEV() RETURNED NON-ZERO ERROR CODE 3
WARNING: LAPACK DSYEV() RETURNED NON-ZERO ERROR CODE 3
WARNING: LAPACK DSYEV() RETURNED NON-ZERO ERROR CODE 3
WARNING: LAPACK DSYEV() RETURNED NON-ZERO ERROR CODE 3
WARNING: LAPACK DSYEV() RETURNED NON-ZERO ERROR CODE 3
WARNING: LAPACK DSYEV() RETURNED NON-ZERO ERROR CODE 3
WARNING: LAPACK DSYEV() RETURNED NON-ZERO ERROR CODE 3
WARNING: LAPACK DSYEV() RETURNED NON-ZERO ERROR CODE 3
WARNING: LAPACK DSYEV() RETURNED NON-ZERO ERROR CODE 3
WARNING: LAPACK DSYEV() RETURNED NON-ZERO ERROR CODE 3
WARNING: LAPACK DSYEV() RETURNED NON-ZERO ERROR CODE 3
WARNING: LAPACK DSYEV() RETURNED NON-ZERO ERROR CODE 2
WARNING: LAPACK DSYEV() RETURNED NON-ZERO ERROR CODE 2
WARNING: LAPACK DSYEV() RETURNED NON-ZERO ERROR CODE 2
WARNING: LAPACK DSYEV() RETURNED NON-ZERO ERROR CODE 2
WARNING: LAPACK DSYEV() RETURNED NON-ZERO ERROR CODE 3
WARNING: LAPACK DSYEV() RETURNED NON-ZERO ERROR CODE 2
WARNING: LAPACK DSYEV() RETURNED NON-ZERO ERROR CODE 2
WARNING: LAPACK DSYEV() RETURNED NON-ZERO ERROR CODE 2
WARNING: LAPACK DSYEV() RETURNED NON-ZERO ERROR CODE 2
WARNING: LAPACK DSYEV() RETURNED NON-ZERO ERROR CODE 2
WARNING: LAPACK DSYEV() RETURNED NON-ZERO ERROR CODE 3
WARNING: LAPACK DSYEV() RETURNED NON-ZERO ERROR CODE 3
WARNING: LAPACK DSYEV() RETURNED NON-ZERO ERROR CODE 2
WARNING: LAPACK DSYEV() RETURNED NON-ZERO ERROR CODE 3
WARNING: LAPACK DSYEV() RETURNED NON-ZERO ERROR CODE 3
WARNING: LAPACK DSYEV() RETURNED NON-ZERO ERROR CODE 3
WARNING: LAPACK DSYEV() RETURNED NON-ZERO ERROR CODE 3
WARNING: LAPACK DSYEV() RETURNED NON-ZERO ERROR CODE 3
WARNING: LAPACK DSYEV() RETURNED NON-ZERO ERROR CODE 3
WARNING: LAPACK DSYEV() RETURNED NON-ZERO ERROR CODE 3
WARNING: LAPACK DSYEV() RETURNED NON-ZERO ERROR CODE 3
WARNING: LAPACK DSYEV() RETURNED NON-ZERO ERROR CODE 2
WARNING: LAPACK DSYEV() RETURNED NON-ZERO ERROR CODE 2
WARNING: LAPACK DSYEV() RETURNED NON-ZERO ERROR CODE 2
WARNING: LAPACK DSYEV() RETURNED NON-ZERO ERROR CODE 2
WARNING: LAPACK DSYEV() RETURNED NON-ZERO ERROR CODE 2
WARNING: LAPACK DSYEV() RETURNED NON-ZERO ERROR CODE 2
WARNING: LAPACK DSYEV() RETURNED NON-ZERO ERROR CODE 2
WARNING: LAPACK DSYEV() RETURNED NON-ZERO ERROR CODE 2
WARNING: LAPACK DSYEV() RETURNED NON-ZERO ERROR CODE 3
WARNING: LAPACK DSYEV() RETURNED NON-ZERO ERROR CODE 3
WARNING: LAPACK DSYEV() RETURNED NON-ZERO ERROR CODE 2
WARNING: LAPACK DSYEV() RETURNED NON-ZERO ERROR CODE 2
WARNING: LAPACK DSYEV() RETURNED NON-ZERO ERROR CODE 2
WARNING: LAPACK DSYEV() RETURNED NON-ZERO ERROR CODE 3
WARNING: LAPACK DSYEV() RETURNED NON-ZERO ERROR CODE 2
WARNING: LAPACK DSYEV() RETURNED NON-ZERO ERROR CODE 3
WARNING: LAPACK DSYEV() RETURNED NON-ZERO ERROR CODE 2
WARNING: LAPACK DSYEV() RETURNED NON-ZERO ERROR CODE 3
WARNING: LAPACK DSYEV() RETURNED NON-ZERO ERROR CODE 3
WARNING: LAPACK DSYEV() RETURNED NON-ZERO ERROR CODE 2
WARNING: LAPACK DSYEV() RETURNED NON-ZERO ERROR CODE 3
WARNING: LAPACK DSYEV() RETURNED NON-ZERO ERROR CODE 2
WARNING: LAPACK DSYEV() RETURNED NON-ZERO ERROR CODE 2
WARNING: LAPACK DSYEV() RETURNED NON-ZERO ERROR CODE 3
WARNING: LAPACK DSYEV() RETURNED NON-ZERO ERROR CODE 3
WARNING: LAPACK DSYEV() RETURNED NON-ZERO ERROR CODE 3
WARNING: LAPACK DSYEV() RETURNED NON-ZERO ERROR CODE 2
WARNING: LAPACK DSYEV() RETURNED NON-ZERO ERROR CODE 3
WARNING: LAPACK DSYEV() RETURNED NON-ZERO ERROR CODE 2
WARNING: LAPACK DSYEV() RETURNED NON-ZERO ERROR CODE 3
WARNING: LAPACK DSYEV() RETURNED NON-ZERO ERROR CODE 2
WARNING: LAPACK DSYEV() RETURNED NON-ZERO ERROR CODE 2
WARNING: LAPACK DSYEV() RETURNED NON-ZERO ERROR CODE 3
WARNING: LAPACK DSYEV() RETURNED NON-ZERO ERROR CODE 2
WARNING: LAPACK DSYEV() RETURNED NON-ZERO ERROR CODE 2
WARNING: LAPACK DSYEV() RETURNED NON-ZERO ERROR CODE 3
WARNING: LAPACK DSYEV() RETURNED NON-ZERO ERROR CODE 2
WARNING: LAPACK DSYEV() RETURNED NON-ZERO ERROR CODE 3
WARNING: LAPACK DSYEV() RETURNED NON-ZERO ERROR CODE 3
WARNING: LAPACK DSYEV() RETURNED NON-ZERO ERROR CODE 3
WARNING: LAPACK DSYEV() RETURNED NON-ZERO ERROR CODE 3
WARNING: LAPACK DSYEV() RETURNED NON-ZERO ERROR CODE 3
WARNING: LAPACK DSYEV() RETURNED NON-ZERO ERROR CODE 2
WARNING: LAPACK DSYEV() RETURNED NON-ZERO ERROR CODE 3
WARNING: LAPACK DSYEV() RETURNED NON-ZERO ERROR CODE 3
WARNING: LAPACK DSYEV() RETURNED NON-ZERO ERROR CODE 3
WARNING: LAPACK DSYEV() RETURNED NON-ZERO ERROR CODE 2
WARNING: LAPACK DSYEV() RETURNED NON-ZERO ERROR CODE 3
WARNING: LAPACK DSYEV() RETURNED NON-ZERO ERROR CODE 2
WARNING: LAPACK DSYEV() RETURNED NON-ZERO ERROR CODE 3
WARNING: LAPACK DSYEV() RETURNED NON-ZERO ERROR CODE 2
WARNING: LAPACK DSYEV() RETURNED NON-ZERO ERROR CODE 3
WARNING: LAPACK DSYEV() RETURNED NON-ZERO ERROR CODE 3
WARNING: LAPACK DSYEV() RETURNED NON-ZERO ERROR CODE 2
WARNING: LAPACK DSYEV() RETURNED NON-ZERO ERROR CODE 2
WARNING: LAPACK DSYEV() RETURNED NON-ZERO ERROR CODE 3
WARNING: LAPACK DSYEV() RETURNED NON-ZERO ERROR CODE 3
WARNING: LAPACK DSYEV() RETURNED NON-ZERO ERROR CODE 3
WARNING: LAPACK DSYEV() RETURNED NON-ZERO ERROR CODE 3
WARNING: LAPACK DSYEV() RETURNED NON-ZERO ERROR CODE 3
WARNING: LAPACK DSYEV() RETURNED NON-ZERO ERROR CODE 2
WARNING: LAPACK DSYEV() RETURNED NON-ZERO ERROR CODE 2
WARNING: LAPACK DSYEV() RETURNED NON-ZERO ERROR CODE 2
WARNING: LAPACK DSYEV() RETURNED NON-ZERO ERROR CODE 2
WARNING: LAPACK DSYEV() RETURNED NON-ZERO ERROR CODE 2
WARNING: LAPACK DSYEV() RETURNED NON-ZERO ERROR CODE 3
Finished setting up data; running search...
ROUND 1 A#0 and B#0 = 258.426
ROUND 2 A#1 and B#0 = 118.773
ROUND 3 A#2 and B#0 = 213.295
ROUND 4 A#3 and B#0 = 202.119
ROUND 5 A#4 and B#0 = -1.30409e-312
ROUND 6 A#5 and B#0 = 5.19165
ROUND 7 A#6 and B#0 = 94.8641
ROUND 8 A#7 and B#0 = 91.4394
ROUND 9 A#8 and B#0 = 263.308
ROUND 10 A#9 and B#0 = 233.056
ROUND 11 A#10 and B#0 = 249.012
ROUND 12 A#11 and B#0 = 113.028
ROUND 13 A#12 and B#0 = 261.838
ROUND 14 A#13 and B#0 = 278.431
ROUND 15 A#14 and B#0 = 256.148
ROUND 16 A#15 and B#0 = 136.543
ROUND 17 A#16 and B#0 = 287.587
ROUND 18 A#17 and B#0 = 263.797
ROUND 19 A#18 and B#0 = 128.178
ROUND 20 A#19 and B#0 = 260.268
ROUND 21 A#20 and B#0 = 241.638
ROUND 22 A#21 and B#0 = 253.693
ROUND 23 A#22 and B#0 = 254.739
ROUND 24 A#23 and B#0 = 134.769
ROUND 25 A#24 and B#0 = 135.631
ROUND 26 A#25 and B#0 = 5.32595
ROUND 27 A#26 and B#0 = -8.84427e-320
ROUND 28 A#27 and B#0 = -1.82202e-319
ROUND 29 A#28 and B#0 = 119.647
ROUND 30 A#29 and B#0 = 300.07
ROUND 31 A#30 and B#0 = 303.507
ROUND 32 A#31 and B#0 = 305.798
ROUND 33 A#32 and B#0 = 45.7394
ROUND 34 A#33 and B#0 = -3.70869e-314
ROUND 35 A#34 and B#0 = 229.814
ROUND 36 A#35 and B#0 = 278.904
ROUND 37 A#36 and B#0 = -4.74277e-316
ROUND 38 A#37 and B#0 = 137.94
ROUND 39 A#38 and B#0 = -3.03651e-318
ROUND 40 A#39 and B#0 = 198.415
ROUND 41 A#40 and B#0 = 95.9044
ROUND 42 A#41 and B#0 = 275.623
ROUND 43 A#42 and B#0 = -6.37289e-311
ROUND 44 A#43 and B#0 = -2.59571e-311
ROUND 45 A#44 and B#0 = -5.17504e-318
ROUND 46 A#45 and B#0 = 216.265
ROUND 47 A#46 and B#0 = 0
ROUND 48 A#47 and B#0 = -1.24505e-321
ROUND 49 A#48 and B#0 = -4.04575e-315
ROUND 50 A#49 and B#0 = 261.443
ROUND 51 A#0 and B#1 = 43.65
ROUND 52 A#1 and B#1 = 266.457
ROUND 53 A#2 and B#1 = 295.474
ROUND 54 A#3 and B#1 = 293.027
ROUND 55 A#4 and B#1 = 240.909
ROUND 56 A#5 and B#1 = 261.199
ROUND 57 A#6 and B#1 = 96.5152
ROUND 58 A#7 and B#1 = 94.9972
ROUND 59 A#8 and B#1 = 242.569
ROUND 60 A#9 and B#1 = 5.5889
ROUND 61 A#10 and B#1 = 115.787
ROUND 62 A#11 and B#1 = 112.452
ROUND 63 A#12 and B#1 = 239.786
ROUND 64 A#13 and B#1 = 282.169
ROUND 65 A#14 and B#1 = 282.835
ROUND 66 A#15 and B#1 = -2.5859e-317
ROUND 67 A#16 and B#1 = 301.932
ROUND 68 A#17 and B#1 = 275.947
ROUND 69 A#18 and B#1 = 264.779
ROUND 70 A#19 and B#1 = 265.613
ROUND 71 A#20 and B#1 = 255.204
ROUND 72 A#21 and B#1 = 272.708
ROUND 73 A#22 and B#1 = 273.018
ROUND 74 A#23 and B#1 = 146.331
ROUND 75 A#24 and B#1 = 143.148
ROUND 76 A#25 and B#1 = 8.33161
ROUND 77 A#26 and B#1 = 259.562
ROUND 78 A#27 and B#1 = 137.567
ROUND 79 A#28 and B#1 = 267.183
ROUND 80 A#29 and B#1 = 228.81
ROUND 81 A#30 and B#1 = 261.553
ROUND 82 A#31 and B#1 = 277.219
ROUND 83 A#32 and B#1 = 5.88106
ROUND 84 A#33 and B#1 = 5.85698
ROUND 85 A#34 and B#1 = -1.13635e-322
ROUND 86 A#35 and B#1 = 5.65484
ROUND 87 A#36 and B#1 = 6.05894
ROUND 88 A#37 and B#1 = 0
ROUND 89 A#38 and B#1 = -1.13635e-322
ROUND 90 A#39 and B#1 = 0
ROUND 91 A#40 and B#1 = 106.582
ROUND 92 A#41 and B#1 = 54.7053
ROUND 93 A#42 and B#1 = 106.728
ROUND 94 A#43 and B#1 = 119.129
ROUND 95 A#44 and B#1 = -2.28008e-315
ROUND 96 A#45 and B#1 = 5.21714
ROUND 97 A#46 and B#1 = 6.89555
ROUND 98 A#47 and B#1 = 238.297
ROUND 99 A#48 and B#1 = 6.68246
ROUND 100 A#49 and B#1 = 247.73
ROUND 101 A#0 and B#2 = 147.401
ROUND 102 A#1 and B#2 = 266.242
ROUND 103 A#2 and B#2 = 294.023
ROUND 104 A#3 and B#2 = 292.297
ROUND 105 A#4 and B#2 = 249.912
ROUND 106 A#5 and B#2 = 261.131
ROUND 107 A#6 and B#2 = 97.238
ROUND 108 A#7 and B#2 = 95.5979
ROUND 109 A#8 and B#2 = 242.644
ROUND 110 A#9 and B#2 = 5.43674
ROUND 111 A#10 and B#2 = -7.09618e-316
ROUND 112 A#11 and B#2 = 218.539
ROUND 113 A#12 and B#2 = 239.742
ROUND 114 A#13 and B#2 = 283.934
ROUND 115 A#14 and B#2 = 283.41
ROUND 116 A#15 and B#2 = -8.33538e-320
ROUND 117 A#16 and B#2 = 300.244
ROUND 118 A#17 and B#2 = 269.837
ROUND 119 A#18 and B#2 = 263.965
ROUND 120 A#19 and B#2 = 265.73
ROUND 121 A#20 and B#2 = 274.603
ROUND 122 A#21 and B#2 = 272.76
ROUND 123 A#22 and B#2 = 273.055
ROUND 124 A#23 and B#2 = -1.46737e-321
ROUND 125 A#24 and B#2 = 143.143
ROUND 126 A#25 and B#2 = 7.42997
ROUND 127 A#26 and B#2 = 259.522
ROUND 128 A#27 and B#2 = 0
ROUND 129 A#28 and B#2 = 339.822
ROUND 130 A#29 and B#2 = 255.383
ROUND 131 A#30 and B#2 = 262.464
ROUND 132 A#31 and B#2 = 276.504
ROUND 133 A#32 and B#2 = 5.96677
ROUND 134 A#33 and B#2 = 5.98861
ROUND 135 A#34 and B#2 = -1.41506e-311
ROUND 136 A#35 and B#2 = -3.12267e-312
ROUND 137 A#36 and B#2 = 264.998
ROUND 138 A#37 and B#2 = 6.02467
ROUND 139 A#38 and B#2 = 5.29814
ROUND 140 A#39 and B#2 = -1.15846e-316
ROUND 141 A#40 and B#2 = 106.87
ROUND 142 A#41 and B#2 = 5.80676
ROUND 143 A#42 and B#2 = 106.767
ROUND 144 A#43 and B#2 = -8.05221e-312
ROUND 145 A#44 and B#2 = 2.59122
ROUND 146 A#45 and B#2 = -4.49922e-311
ROUND 147 A#46 and B#2 = 6.6065
ROUND 148 A#47 and B#2 = 238.143
ROUND 149 A#48 and B#2 = 5.43134
ROUND 150 A#49 and B#2 = 0
ROUND 151 A#0 and B#3 = 45.6429
ROUND 152 A#1 and B#3 = -6.7687e-322
ROUND 153 A#2 and B#3 = 202.012
ROUND 154 A#3 and B#3 = 201.01
ROUND 155 A#4 and B#3 = 263.534
ROUND 156 A#5 and B#3 = 261
ROUND 157 A#6 and B#3 = 5.18381
ROUND 158 A#7 and B#3 = 115.041
ROUND 159 A#8 and B#3 = 253.011
ROUND 160 A#9 and B#3 = 253.627
ROUND 161 A#10 and B#3 = 117.943
ROUND 162 A#11 and B#3 = 117.971
ROUND 163 A#12 and B#3 = 258.337
ROUND 164 A#13 and B#3 = 255.636
ROUND 165 A#14 and B#3 = 240.097
ROUND 166 A#15 and B#3 = 116.707
ROUND 167 A#16 and B#3 = 259.905
ROUND 168 A#17 and B#3 = 256.729
ROUND 169 A#18 and B#3 = 257.886
ROUND 170 A#19 and B#3 = 256.68
ROUND 171 A#20 and B#3 = 251.622
ROUND 172 A#21 and B#3 = 258.358
ROUND 173 A#22 and B#3 = 258.555
ROUND 174 A#23 and B#3 = 146.663
ROUND 175 A#24 and B#3 = 143.566
ROUND 176 A#25 and B#3 = -2.55566e-312
ROUND 177 A#26 and B#3 = 0
ROUND 178 A#27 and B#3 = -4.76825e-318
ROUND 179 A#28 and B#3 = -1.92192e-321
ROUND 180 A#29 and B#3 = 267.438
ROUND 181 A#30 and B#3 = 269.04
ROUND 182 A#31 and B#3 = 270.458
ROUND 183 A#32 and B#3 = 5.63555
ROUND 184 A#33 and B#3 = 5.47757
ROUND 185 A#34 and B#3 = -3.07076e-318
ROUND 186 A#35 and B#3 = 252.603
ROUND 187 A#36 and B#3 = -5.36227e-316
ROUND 188 A#37 and B#3 = 0
ROUND 189 A#38 and B#3 = 16.7981
ROUND 190 A#39 and B#3 = 230.03
ROUND 191 A#40 and B#3 = 215.892
ROUND 192 A#41 and B#3 = -1.1232e-317
ROUND 193 A#42 and B#3 = -1.85083e-317
ROUND 194 A#43 and B#3 = 57.9019
ROUND 195 A#44 and B#3 = -7.53492e-315
ROUND 196 A#45 and B#3 = 6.7872
ROUND 197 A#46 and B#3 = -4.02322e-314
ROUND 198 A#47 and B#3 = 244.206
ROUND 199 A#48 and B#3 = 5.56219
ROUND 200 A#49 and B#3 = 194.361
ROUND 201 A#0 and B#4 = 155.806
ROUND 202 A#1 and B#4 = 267.34
ROUND 203 A#2 and B#4 = 292.872
ROUND 204 A#3 and B#4 = 291.994
ROUND 205 A#4 and B#4 = 235.376
ROUND 206 A#5 and B#4 = 145.768
ROUND 207 A#6 and B#4 = 242.777
ROUND 208 A#7 and B#4 = 106.427
ROUND 209 A#8 and B#4 = 239.333
ROUND 210 A#9 and B#4 = 254.545
ROUND 211 A#10 and B#4 = 103.631
ROUND 212 A#11 and B#4 = 105.781
ROUND 213 A#12 and B#4 = 253.274
ROUND 214 A#13 and B#4 = 271.816
ROUND 215 A#14 and B#4 = 220.272
ROUND 216 A#15 and B#4 = 236.952
ROUND 217 A#16 and B#4 = 294.704
ROUND 218 A#17 and B#4 = 186.304
ROUND 219 A#18 and B#4 = 258.266
ROUND 220 A#19 and B#4 = 0
ROUND 221 A#20 and B#4 = 104.57
ROUND 222 A#21 and B#4 = 102.595
ROUND 223 A#22 and B#4 = 100.341
ROUND 224 A#23 and B#4 = 10.5783
ROUND 225 A#24 and B#4 = -4.18474e-321
ROUND 226 A#25 and B#4 = 107.149
ROUND 227 A#26 and B#4 = -2.2727e-322
ROUND 228 A#27 and B#4 = -4.53002e-313
ROUND 229 A#28 and B#4 = 265.054
ROUND 230 A#29 and B#4 = 189.431
ROUND 231 A#30 and B#4 = 299.519
ROUND 232 A#31 and B#4 = 305.116
ROUND 233 A#32 and B#4 = 0
ROUND 234 A#33 and B#4 = 5.51729
ROUND 235 A#34 and B#4 = 94.8204
ROUND 236 A#35 and B#4 = -2.56168e-319
ROUND 237 A#36 and B#4 = 260.195
ROUND 238 A#37 and B#4 = -3.88845e-312
ROUND 239 A#38 and B#4 = -8.88725e-319
ROUND 240 A#39 and B#4 = 76.2691
ROUND 241 A#40 and B#4 = 111.009
ROUND 242 A#41 and B#4 = -5.79111e-311
ROUND 243 A#42 and B#4 = 50.3108
ROUND 244 A#43 and B#4 = -5.36941e-313
ROUND 245 A#44 and B#4 = -2.2727e-322
ROUND 246 A#45 and B#4 = 4.89221
ROUND 247 A#46 and B#4 = -2.2867e-315
ROUND 248 A#47 and B#4 = 247.846
ROUND 249 A#48 and B#4 = 5.70182
ROUND 250 A#49 and B#4 = 0
ROUND 251 A#0 and B#5 = 265.607
ROUND 252 A#1 and B#5 = 215.869
ROUND 253 A#2 and B#5 = 198.47
ROUND 254 A#3 and B#5 = 198.435
ROUND 255 A#4 and B#5 = 258.597
ROUND 256 A#5 and B#5 = 0
ROUND 257 A#6 and B#5 = 144.374
ROUND 258 A#7 and B#5 = 141.723
ROUND 259 A#8 and B#5 = 251.31
ROUND 260 A#9 and B#5 = 251.767
ROUND 261 A#10 and B#5 = 124.127
ROUND 262 A#11 and B#5 = 116.281
ROUND 263 A#12 and B#5 = 254.805
ROUND 264 A#13 and B#5 = 248.918
ROUND 265 A#14 and B#5 = 257.06
ROUND 266 A#15 and B#5 = 118.692
ROUND 267 A#16 and B#5 = 254.612
ROUND 268 A#17 and B#5 = 256.407
ROUND 269 A#18 and B#5 = 282.618
ROUND 270 A#19 and B#5 = 286.591
ROUND 271 A#20 and B#5 = 251.305
ROUND 272 A#21 and B#5 = 257.873
ROUND 273 A#22 and B#5 = 257.596
ROUND 274 A#23 and B#5 = 145.667
ROUND 275 A#24 and B#5 = 142.456
ROUND 276 A#25 and B#5 = -4.5454e-322
ROUND 277 A#26 and B#5 = 195.687
ROUND 278 A#27 and B#5 = 139.27
ROUND 279 A#28 and B#5 = 331.836
ROUND 280 A#29 and B#5 = 251.939
ROUND 281 A#30 and B#5 = 269.641
ROUND 282 A#31 and B#5 = 269.919
ROUND 283 A#32 and B#5 = -1.01451e-319
ROUND 284 A#33 and B#5 = -2.66075e-318
ROUND 285 A#34 and B#5 = -5.30428e-315
ROUND 286 A#35 and B#5 = 252.777
ROUND 287 A#36 and B#5 = 274.658
ROUND 288 A#37 and B#5 = 176.864
ROUND 289 A#38 and B#5 = -2.36716e-313
ROUND 290 A#39 and B#5 = 217.259
ROUND 291 A#40 and B#5 = 213.327
ROUND 292 A#41 and B#5 = 155.428
ROUND 293 A#42 and B#5 = 46.7597
ROUND 294 A#43 and B#5 = 128.797
ROUND 295 A#44 and B#5 = 2.28127
ROUND 296 A#45 and B#5 = 116.062
ROUND 297 A#46 and B#5 = -1.47976e-312
ROUND 298 A#47 and B#5 = 252.156
ROUND 299 A#48 and B#5 = 277.134
ROUND 300 A#49 and B#5 = 38.538
ROUND 301 A#0 and B#6 = 115.137
ROUND 302 A#1 and B#6 = 272.873
ROUND 303 A#2 and B#6 = 288.893
ROUND 304 A#3 and B#6 = 281.996
ROUND 305 A#4 and B#6 = 324.272
ROUND 306 A#5 and B#6 = 263.753
ROUND 307 A#6 and B#6 = 106.832
ROUND 308 A#7 and B#6 = 265.504
ROUND 309 A#8 and B#6 = 259.647
ROUND 310 A#9 and B#6 = 259.887
ROUND 311 A#10 and B#6 = 236.889
ROUND 312 A#11 and B#6 = 271.513
ROUND 313 A#12 and B#6 = 264.848
ROUND 314 A#13 and B#6 = 315.01
ROUND 315 A#14 and B#6 = 308.447
ROUND 316 A#15 and B#6 = 310.772
ROUND 317 A#16 and B#6 = 258.709
ROUND 318 A#17 and B#6 = 299.834
ROUND 319 A#18 and B#6 = 262.839
ROUND 320 A#19 and B#6 = 262.344
ROUND 321 A#20 and B#6 = 264.639
ROUND 322 A#21 and B#6 = 263.259
ROUND 323 A#22 and B#6 = 263.524
ROUND 324 A#23 and B#6 = 114.839
ROUND 325 A#24 and B#6 = 113.672
ROUND 326 A#25 and B#6 = 117.924
ROUND 327 A#26 and B#6 = 5.53196
ROUND 328 A#27 and B#6 = 288.436
ROUND 329 A#28 and B#6 = 275.647
ROUND 330 A#29 and B#6 = 305.055
ROUND 331 A#30 and B#6 = 247.509
ROUND 332 A#31 and B#6 = 268.916
ROUND 333 A#32 and B#6 = 278.835
ROUND 334 A#33 and B#6 = 5.56729
ROUND 335 A#34 and B#6 = 275.738
ROUND 336 A#35 and B#6 = 276.647
ROUND 337 A#36 and B#6 = 114.417
ROUND 338 A#37 and B#6 = 0
ROUND 339 A#38 and B#6 = 28.325
ROUND 340 A#39 and B#6 = 241.611
ROUND 341 A#40 and B#6 = 242.242
ROUND 342 A#41 and B#6 = 57.1935
ROUND 343 A#42 and B#6 = -2.2233e-322
ROUND 344 A#43 and B#6 = 6.6457
ROUND 345 A#44 and B#6 = 198.553
ROUND 346 A#45 and B#6 = 198.362
ROUND 347 A#46 and B#6 = 182.435
ROUND 348 A#47 and B#6 = 131.469
ROUND 349 A#48 and B#6 = 5.32985
ROUND 350 A#49 and B#6 = 268.153
ROUND 351 A#0 and B#7 = 43.4741
ROUND 352 A#1 and B#7 = 266.508
ROUND 353 A#2 and B#7 = 295.308
ROUND 354 A#3 and B#7 = 293.036
ROUND 355 A#4 and B#7 = 245.37
ROUND 356 A#5 and B#7 = 261.324
ROUND 357 A#6 and B#7 = 96.6882
ROUND 358 A#7 and B#7 = 95.2625
ROUND 359 A#8 and B#7 = 241.984
ROUND 360 A#9 and B#7 = 5.55647
ROUND 361 A#10 and B#7 = 115.855
ROUND 362 A#11 and B#7 = 112.426
ROUND 363 A#12 and B#7 = 239.955
ROUND 364 A#13 and B#7 = 281.574
ROUND 365 A#14 and B#7 = 284.023
ROUND 366 A#15 and B#7 = -94.4123
ROUND 367 A#16 and B#7 = 301.431
ROUND 368 A#17 and B#7 = 274.139
ROUND 369 A#18 and B#7 = 264.992
ROUND 370 A#19 and B#7 = 265.676
ROUND 371 A#20 and B#7 = 274.103
ROUND 372 A#21 and B#7 = 272.443
ROUND 373 A#22 and B#7 = 272.583
ROUND 374 A#23 and B#7 = 145.916
ROUND 375 A#24 and B#7 = 142.925
ROUND 376 A#25 and B#7 = 8.4278
ROUND 377 A#26 and B#7 = 259.666
ROUND 378 A#27 and B#7 = 137.149
ROUND 379 A#28 and B#7 = 267.644
ROUND 380 A#29 and B#7 = 308.738
ROUND 381 A#30 and B#7 = 253.4
ROUND 382 A#31 and B#7 = 277.355
ROUND 383 A#32 and B#7 = 5.72555
ROUND 384 A#33 and B#7 = -7.78946e-316
ROUND 385 A#34 and B#7 = 2.48911
ROUND 386 A#35 and B#7 = 2.52056
ROUND 387 A#36 and B#7 = 6.11356
ROUND 388 A#37 and B#7 = 55.6545
ROUND 389 A#38 and B#7 = 4.77932
ROUND 390 A#39 and B#7 = -1.24434e-317
ROUND 391 A#40 and B#7 = 106.736
ROUND 392 A#41 and B#7 = 55.462
ROUND 393 A#42 and B#7 = 106.46
ROUND 394 A#43 and B#7 = 242.083
ROUND 395 A#44 and B#7 = -8.46575e-314
ROUND 396 A#45 and B#7 = 5.20505
ROUND 397 A#46 and B#7 = 247.712
ROUND 398 A#47 and B#7 = 75.0263
ROUND 399 A#48 and B#7 = 6.96822
ROUND 400 A#49 and B#7 = -5.62835e-313
ROUND 401 A#0 and B#8 = 5.59462
ROUND 402 A#1 and B#8 = 0
ROUND 403 A#2 and B#8 = 46.7913
ROUND 404 A#3 and B#8 = 232.753
ROUND 405 A#4 and B#8 = 289.075
ROUND 406 A#5 and B#8 = 0
ROUND 407 A#6 and B#8 = 9.70353
ROUND 408 A#7 and B#8 = -1.80828e-321
ROUND 409 A#8 and B#8 = 258.372
ROUND 410 A#9 and B#8 = 7.07568
ROUND 411 A#10 and B#8 = 289.027
ROUND 412 A#11 and B#8 = 238.667
ROUND 413 A#12 and B#8 = 260.018
ROUND 414 A#13 and B#8 = 269.679
ROUND 415 A#14 and B#8 = 266.128
ROUND 416 A#15 and B#8 = 258.769
ROUND 417 A#16 and B#8 = 48.0335
ROUND 418 A#17 and B#8 = 259.819
ROUND 419 A#18 and B#8 = 43.1252
ROUND 420 A#19 and B#8 = 44.6643
ROUND 421 A#20 and B#8 = -3.50787e-321
ROUND 422 A#21 and B#8 = 240.671
ROUND 423 A#22 and B#8 = 239.982
ROUND 424 A#23 and B#8 = 0
ROUND 425 A#24 and B#8 = 0
ROUND 426 A#25 and B#8 = 5.36193
ROUND 427 A#26 and B#8 = 256.313
ROUND 428 A#27 and B#8 = 38.1572
ROUND 429 A#28 and B#8 = -4.24033e-314
ROUND 430 A#29 and B#8 = 291.514
ROUND 431 A#30 and B#8 = 44.3727
ROUND 432 A#31 and B#8 = 44.5621
ROUND 433 A#32 and B#8 = 27.5716
ROUND 434 A#33 and B#8 = -4.71746e-313
ROUND 435 A#34 and B#8 = -1.14796e-319
ROUND 436 A#35 and B#8 = -5.71263e-319
ROUND 437 A#36 and B#8 = 52.5768
ROUND 438 A#37 and B#8 = 52.1211
ROUND 439 A#38 and B#8 = 45.4088
ROUND 440 A#39 and B#8 = 2.77732
ROUND 441 A#40 and B#8 = 118.594
ROUND 442 A#41 and B#8 = 52.4877
ROUND 443 A#42 and B#8 = 55.4128
ROUND 444 A#43 and B#8 = 49.5318
ROUND 445 A#44 and B#8 = 241.75
ROUND 446 A#45 and B#8 = 9.98273
ROUND 447 A#46 and B#8 = 5.15492
ROUND 448 A#47 and B#8 = 0
ROUND 449 A#48 and B#8 = 5.48867
ROUND 450 A#49 and B#8 = -1.38793e-317
ROUND 451 A#0 and B#9 = 5.58893
ROUND 452 A#1 and B#9 = 2.89675
ROUND 453 A#2 and B#9 = 46.6307
ROUND 454 A#3 and B#9 = 45.5809
ROUND 455 A#4 and B#9 = 288.815
ROUND 456 A#5 and B#9 = 260.666
ROUND 457 A#6 and B#9 = 3.23184
ROUND 458 A#7 and B#9 = 252.829
ROUND 459 A#8 and B#9 = 259.449
ROUND 460 A#9 and B#9 = 7.0233
ROUND 461 A#10 and B#9 = 286.492
ROUND 462 A#11 and B#9 = 229.702
ROUND 463 A#12 and B#9 = 259.943
ROUND 464 A#13 and B#9 = 260.651
ROUND 465 A#14 and B#9 = 266.111
ROUND 466 A#15 and B#9 = 258.94
ROUND 467 A#16 and B#9 = 47.8393
ROUND 468 A#17 and B#9 = 258.466
ROUND 469 A#18 and B#9 = 251.923
ROUND 470 A#19 and B#9 = 236.572
ROUND 471 A#20 and B#9 = 254.887
ROUND 472 A#21 and B#9 = 240.62
ROUND 473 A#22 and B#9 = 236.032
ROUND 474 A#23 and B#9 = 50.3553
ROUND 475 A#24 and B#9 = -2.2727e-322
ROUND 476 A#25 and B#9 = 7.48153
ROUND 477 A#26 and B#9 = 256.634
ROUND 478 A#27 and B#9 = 35.67
ROUND 479 A#28 and B#9 = -1.24406e-320
ROUND 480 A#29 and B#9 = 293.226
ROUND 481 A#30 and B#9 = 215.086
ROUND 482 A#31 and B#9 = 277.922
ROUND 483 A#32 and B#9 = 41.9729
ROUND 484 A#33 and B#9 = -8.42108e-314
ROUND 485 A#34 and B#9 = 263.424
ROUND 486 A#35 and B#9 = 264.02
ROUND 487 A#36 and B#9 = 51.8571
ROUND 488 A#37 and B#9 = 51.7201
ROUND 489 A#38 and B#9 = 40.9233
ROUND 490 A#39 and B#9 = -3.53767e-313
ROUND 491 A#40 and B#9 = 118.625
ROUND 492 A#41 and B#9 = 52.0015
ROUND 493 A#42 and B#9 = 55.6139
ROUND 494 A#43 and B#9 = 49.9822
ROUND 495 A#44 and B#9 = 241.791
ROUND 496 A#45 and B#9 = 8.62212
ROUND 497 A#46 and B#9 = 4.47418
ROUND 498 A#47 and B#9 = -1.14228e-320
ROUND 499 A#48 and B#9 = 5.95227
ROUND 500 A#49 and B#9 = -5.01561e-316
ROUND 501 A#0 and B#10 = 54.6996
ROUND 502 A#1 and B#10 = -2.49009e-321
ROUND 503 A#2 and B#10 = 199.955
ROUND 504 A#3 and B#10 = 199.692
ROUND 505 A#4 and B#10 = 262.607
ROUND 506 A#5 and B#10 = 260.551
ROUND 507 A#6 and B#10 = 5.66129
ROUND 508 A#7 and B#10 = 115.013
ROUND 509 A#8 and B#10 = 253.12
ROUND 510 A#9 and B#10 = 253.793
ROUND 511 A#10 and B#10 = 117.95
ROUND 512 A#11 and B#10 = 118.023
ROUND 513 A#12 and B#10 = 258.457
ROUND 514 A#13 and B#10 = 257.399
ROUND 515 A#14 and B#10 = 239.999
ROUND 516 A#15 and B#10 = 243.155
ROUND 517 A#16 and B#10 = 258.835
ROUND 518 A#17 and B#10 = 253.711
ROUND 519 A#18 and B#10 = 258.217
ROUND 520 A#19 and B#10 = 256.949
ROUND 521 A#20 and B#10 = 251.881
ROUND 522 A#21 and B#10 = 259.844
ROUND 523 A#22 and B#10 = 257.94
ROUND 524 A#23 and B#10 = 146.27
ROUND 525 A#24 and B#10 = 143.025
ROUND 526 A#25 and B#10 = 0
ROUND 527 A#26 and B#10 = -6.08825e-312
ROUND 528 A#27 and B#10 = 4.09201
ROUND 529 A#28 and B#10 = -1.30356e-317
ROUND 530 A#29 and B#10 = 267.719
ROUND 531 A#30 and B#10 = 269.04
ROUND 532 A#31 and B#10 = 270.565
ROUND 533 A#32 and B#10 = 5.62723
ROUND 534 A#33 and B#10 = 5.50796
ROUND 535 A#34 and B#10 = 2.63434
ROUND 536 A#35 and B#10 = 2.63148
ROUND 537 A#36 and B#10 = -5.58689e-320
ROUND 538 A#37 and B#10 = 2.99873
ROUND 539 A#38 and B#10 = 17.2627
ROUND 540 A#39 and B#10 = 230.848
ROUND 541 A#40 and B#10 = 215.991
ROUND 542 A#41 and B#10 = 3.44322
ROUND 543 A#42 and B#10 = -4.80505e-313
ROUND 544 A#43 and B#10 = 57.5593
ROUND 545 A#44 and B#10 = 3.14965
ROUND 546 A#45 and B#10 = 6.58369
ROUND 547 A#46 and B#10 = -1.46428e-317
ROUND 548 A#47 and B#10 = 244.189
ROUND 549 A#48 and B#10 = 5.55598
ROUND 550 A#49 and B#10 = 38.4079
ROUND 551 A#0 and B#11 = 143.485
ROUND 552 A#1 and B#11 = 266.652
ROUND 553 A#2 and B#11 = 294.461
ROUND 554 A#3 and B#11 = 292.728
ROUND 555 A#4 and B#11 = 247.085
ROUND 556 A#5 and B#11 = 261.543
ROUND 557 A#6 and B#11 = 96.4724
ROUND 558 A#7 and B#11 = 95.0143
ROUND 559 A#8 and B#11 = 242.78
ROUND 560 A#9 and B#11 = 5.44179
ROUND 561 A#10 and B#11 = 0
ROUND 562 A#11 and B#11 = 218.893
ROUND 563 A#12 and B#11 = 239.769
ROUND 564 A#13 and B#11 = 284.179
ROUND 565 A#14 and B#11 = 282.719
ROUND 566 A#15 and B#11 = -2.11608e-319
ROUND 567 A#16 and B#11 = 300.782
ROUND 568 A#17 and B#11 = 269.722
ROUND 569 A#18 and B#11 = 263.7
ROUND 570 A#19 and B#11 = 265.391
ROUND 571 A#20 and B#11 = 274.702
ROUND 572 A#21 and B#11 = 272.909
ROUND 573 A#22 and B#11 = 273.416
ROUND 574 A#23 and B#11 = -8.02857e-321
ROUND 575 A#24 and B#11 = 142.785
ROUND 576 A#25 and B#11 = 7.98443
ROUND 577 A#26 and B#11 = 259.569
ROUND 578 A#27 and B#11 = -3.68782e-311
ROUND 579 A#28 and B#11 = 339.812
ROUND 580 A#29 and B#11 = 248.819
ROUND 581 A#30 and B#11 = 262.274
ROUND 582 A#31 and B#11 = 277.093
ROUND 583 A#32 and B#11 = 5.96705
ROUND 584 A#33 and B#11 = 5.98554
ROUND 585 A#34 and B#11 = -3.23215e-311
ROUND 586 A#35 and B#11 = -1.70481e-312
ROUND 587 A#36 and B#11 = 5.59149
ROUND 588 A#37 and B#11 = 6.03759
ROUND 589 A#38 and B#11 = 5.11809
ROUND 590 A#39 and B#11 = -4.2758e-318
ROUND 591 A#40 and B#11 = 106.924
ROUND 592 A#41 and B#11 = 5.8134
ROUND 593 A#42 and B#11 = 106.834
ROUND 594 A#43 and B#11 = -2.83321e-312
ROUND 595 A#44 and B#11 = -2.40271e-316
ROUND 596 A#45 and B#11 = -4.68918e-313
ROUND 597 A#46 and B#11 = 6.61265
ROUND 598 A#47 and B#11 = 221.135
ROUND 599 A#48 and B#11 = 5.43131
ROUND 600 A#49 and B#11 = -5.70884e-315
ROUND 601 A#0 and B#12 = 240.235
ROUND 602 A#1 and B#12 = 286.757
ROUND 603 A#2 and B#12 = 202.226
ROUND 604 A#3 and B#12 = -1.82578e-312
ROUND 605 A#4 and B#12 = 260.14
ROUND 606 A#5 and B#12 = 0
ROUND 607 A#6 and B#12 = 56.3141
ROUND 608 A#7 and B#12 = 55.2268
ROUND 609 A#8 and B#12 = 266.25
ROUND 610 A#9 and B#12 = 233.974
ROUND 611 A#10 and B#12 = 279.824
ROUND 612 A#11 and B#12 = 274.658
ROUND 613 A#12 and B#12 = 265.546
ROUND 614 A#13 and B#12 = 217.864
ROUND 615 A#14 and B#12 = -8.41567e-319
ROUND 616 A#15 and B#12 = 122.991
ROUND 617 A#16 and B#12 = 225.236
ROUND 618 A#17 and B#12 = 236.655
ROUND 619 A#18 and B#12 = 269.657
ROUND 620 A#19 and B#12 = 268.162
ROUND 621 A#20 and B#12 = 261.507
ROUND 622 A#21 and B#12 = 267.191
ROUND 623 A#22 and B#12 = 267.143
ROUND 624 A#23 and B#12 = 116.678
ROUND 625 A#24 and B#12 = 115.714
ROUND 626 A#25 and B#12 = -1.12584e-312
ROUND 627 A#26 and B#12 = 267.283
ROUND 628 A#27 and B#12 = 117.359
ROUND 629 A#28 and B#12 = 282.043
ROUND 630 A#29 and B#12 = 209.958
ROUND 631 A#30 and B#12 = -8.82248e-319
ROUND 632 A#31 and B#12 = -2.28273e-312
ROUND 633 A#32 and B#12 = 115.159
ROUND 634 A#33 and B#12 = -2.02437e-316
ROUND 635 A#34 and B#12 = 263.579
ROUND 636 A#35 and B#12 = 263.696
ROUND 637 A#36 and B#12 = 271.59
ROUND 638 A#37 and B#12 = 145.099
ROUND 639 A#38 and B#12 = 227.49
ROUND 640 A#39 and B#12 = -2.78071e-312
ROUND 641 A#40 and B#12 = 208.087
ROUND 642 A#41 and B#12 = 146.621
ROUND 643 A#42 and B#12 = 89.6829
ROUND 644 A#43 and B#12 = 265.056
ROUND 645 A#44 and B#12 = 0
ROUND 646 A#45 and B#12 = -4.01825e-312
ROUND 647 A#46 and B#12 = 0
ROUND 648 A#47 and B#12 = 252.196
ROUND 649 A#48 and B#12 = 254.126
ROUND 650 A#49 and B#12 = 38.4157
ROUND 651 A#0 and B#13 = 5.55554
ROUND 652 A#1 and B#13 = 115.467
ROUND 653 A#2 and B#13 = 249.871
ROUND 654 A#3 and B#13 = 244.965
ROUND 655 A#4 and B#13 = 283.535
ROUND 656 A#5 and B#13 = 250.022
ROUND 657 A#6 and B#13 = 106.467
ROUND 658 A#7 and B#13 = 105.593
ROUND 659 A#8 and B#13 = 261.297
ROUND 660 A#9 and B#13 = 238.583
ROUND 661 A#10 and B#13 = 235.945
ROUND 662 A#11 and B#13 = 226.075
ROUND 663 A#12 and B#13 = 260.732
ROUND 664 A#13 and B#13 = 268.059
ROUND 665 A#14 and B#13 = 253.888
ROUND 666 A#15 and B#13 = 176.999
ROUND 667 A#16 and B#13 = 258.547
ROUND 668 A#17 and B#13 = 302.028
ROUND 669 A#18 and B#13 = 202.963
ROUND 670 A#19 and B#13 = 262.323
ROUND 671 A#20 and B#13 = 219.999
ROUND 672 A#21 and B#13 = 214.803
ROUND 673 A#22 and B#13 = 215.678
ROUND 674 A#23 and B#13 = 277.148
ROUND 675 A#24 and B#13 = 116.499
ROUND 676 A#25 and B#13 = 122.386
ROUND 677 A#26 and B#13 = 120.528
ROUND 678 A#27 and B#13 = 250.046
ROUND 679 A#28 and B#13 = 114.996
ROUND 680 A#29 and B#13 = 125.744
ROUND 681 A#30 and B#13 = 283.216
ROUND 682 A#31 and B#13 = 116.873
ROUND 683 A#32 and B#13 = 20.999
ROUND 684 A#33 and B#13 = 0
ROUND 685 A#34 and B#13 = 119.253
ROUND 686 A#35 and B#13 = 119.341
ROUND 687 A#36 and B#13 = 84.3934
ROUND 688 A#37 and B#13 = 305.557
ROUND 689 A#38 and B#13 = 33.6529
ROUND 690 A#39 and B#13 = 106.226
ROUND 691 A#40 and B#13 = 106.432
ROUND 692 A#41 and B#13 = 50.8312
ROUND 693 A#42 and B#13 = -1.77235e-311
ROUND 694 A#43 and B#13 = 0
ROUND 695 A#44 and B#13 = 219.545
ROUND 696 A#45 and B#13 = 242.299
ROUND 697 A#46 and B#13 = 221.524
ROUND 698 A#47 and B#13 = 255.76
ROUND 699 A#48 and B#13 = -1.58101e-321
ROUND 700 A#49 and B#13 = 120.455
ROUND 701 A#0 and B#14 = 7.02146
ROUND 702 A#1 and B#14 = -3.17535e-318
ROUND 703 A#2 and B#14 = 254.575
ROUND 704 A#3 and B#14 = 260.693
ROUND 705 A#4 and B#14 = 263.777
ROUND 706 A#5 and B#14 = 53.0795
ROUND 707 A#6 and B#14 = 5.25638
ROUND 708 A#7 and B#14 = 5.32622
ROUND 709 A#8 and B#14 = 257.403
ROUND 710 A#9 and B#14 = 251.998
ROUND 711 A#10 and B#14 = 118.144
ROUND 712 A#11 and B#14 = 117.871
ROUND 713 A#12 and B#14 = 254.395
ROUND 714 A#13 and B#14 = 259.615
ROUND 715 A#14 and B#14 = 241.011
ROUND 716 A#15 and B#14 = 267.079
ROUND 717 A#16 and B#14 = 257.92
ROUND 718 A#17 and B#14 = 257.931
ROUND 719 A#18 and B#14 = 257.424
ROUND 720 A#19 and B#14 = 255.766
ROUND 721 A#20 and B#14 = 258.144
ROUND 722 A#21 and B#14 = 259.167
ROUND 723 A#22 and B#14 = 259.726
ROUND 724 A#23 and B#14 = 145.456
ROUND 725 A#24 and B#14 = 142.512
ROUND 726 A#25 and B#14 = -1.06139e-313
ROUND 727 A#26 and B#14 = -3.05333e-321
ROUND 728 A#27 and B#14 = 3.95496
ROUND 729 A#28 and B#14 = -4.02766e-318
ROUND 730 A#29 and B#14 = 266.659
ROUND 731 A#30 and B#14 = 267.824
ROUND 732 A#31 and B#14 = 269.36
ROUND 733 A#32 and B#14 = 117.552
ROUND 734 A#33 and B#14 = 5.17278
ROUND 735 A#34 and B#14 = 2.51168
ROUND 736 A#35 and B#14 = 264.526
ROUND 737 A#36 and B#14 = 5.80165
ROUND 738 A#37 and B#14 = 6.09299
ROUND 739 A#38 and B#14 = 17.9261
ROUND 740 A#39 and B#14 = 4.40948
ROUND 741 A#40 and B#14 = 216.2
ROUND 742 A#41 and B#14 = 5.83904
ROUND 743 A#42 and B#14 = -2.46161e-311
ROUND 744 A#43 and B#14 = -7.48707e-320
ROUND 745 A#44 and B#14 = 3.14748
ROUND 746 A#45 and B#14 = -1.02138e-313
ROUND 747 A#46 and B#14 = -1.42391e-318
ROUND 748 A#47 and B#14 = 244.162
ROUND 749 A#48 and B#14 = 5.99212
ROUND 750 A#49 and B#14 = 192.757
ROUND 751 A#0 and B#15 = 277.953
ROUND 752 A#1 and B#15 = 271.263
ROUND 753 A#2 and B#15 = 288.303
ROUND 754 A#3 and B#15 = 281.465
ROUND 755 A#4 and B#15 = 323.521
ROUND 756 A#5 and B#15 = 264.055
ROUND 757 A#6 and B#15 = 106.436
ROUND 758 A#7 and B#15 = 265.865
ROUND 759 A#8 and B#15 = 260.137
ROUND 760 A#9 and B#15 = 259.866
ROUND 761 A#10 and B#15 = 235.817
ROUND 762 A#11 and B#15 = 275.032
ROUND 763 A#12 and B#15 = 265.261
ROUND 764 A#13 and B#15 = 314.153
ROUND 765 A#14 and B#15 = 308.838
ROUND 766 A#15 and B#15 = 309.894
ROUND 767 A#16 and B#15 = 261.732
ROUND 768 A#17 and B#15 = 298.765
ROUND 769 A#18 and B#15 = 262.656
ROUND 770 A#19 and B#15 = 261.592
ROUND 771 A#20 and B#15 = 264.418
ROUND 772 A#21 and B#15 = 263.188
ROUND 773 A#22 and B#15 = 263.692
ROUND 774 A#23 and B#15 = 115.131
ROUND 775 A#24 and B#15 = 114.051
ROUND 776 A#25 and B#15 = 118.308
ROUND 777 A#26 and B#15 = 5.29417
ROUND 778 A#27 and B#15 = 287.516
ROUND 779 A#28 and B#15 = 156.408
ROUND 780 A#29 and B#15 = 303.329
ROUND 781 A#30 and B#15 = 247.866
ROUND 782 A#31 and B#15 = 288.016
ROUND 783 A#32 and B#15 = 278.551
ROUND 784 A#33 and B#15 = 5.26928
ROUND 785 A#34 and B#15 = 276.46
ROUND 786 A#35 and B#15 = 277.431
ROUND 787 A#36 and B#15 = 114.913
ROUND 788 A#37 and B#15 = 0
ROUND 789 A#38 and B#15 = 285.172
ROUND 790 A#39 and B#15 = 241.387
ROUND 791 A#40 and B#15 = 242.217
ROUND 792 A#41 and B#15 = 57.1875
ROUND 793 A#42 and B#15 = 0
ROUND 794 A#43 and B#15 = 6.6696
ROUND 795 A#44 and B#15 = 198.557
ROUND 796 A#45 and B#15 = 197.63
ROUND 797 A#46 and B#15 = 182.048
ROUND 798 A#47 and B#15 = 131.571
ROUND 799 A#48 and B#15 = 5.25637
ROUND 800 A#49 and B#15 = 268.679
ROUND 801 A#0 and B#16 = -2.36716e-317
ROUND 802 A#1 and B#16 = -3.79193e-316
ROUND 803 A#2 and B#16 = 293.461
ROUND 804 A#3 and B#16 = 292.763
ROUND 805 A#4 and B#16 = 243.288
ROUND 806 A#5 and B#16 = 236.461
ROUND 807 A#6 and B#16 = 242.15
ROUND 808 A#7 and B#16 = 116.203
ROUND 809 A#8 and B#16 = 244.588
ROUND 810 A#9 and B#16 = 244.76
ROUND 811 A#10 and B#16 = 99.11
ROUND 812 A#11 and B#16 = 107.985
ROUND 813 A#12 and B#16 = 239.528
ROUND 814 A#13 and B#16 = 276.55
ROUND 815 A#14 and B#16 = 218.857
ROUND 816 A#15 and B#16 = 232.337
ROUND 817 A#16 and B#16 = 294.596
ROUND 818 A#17 and B#16 = 10.0638
ROUND 819 A#18 and B#16 = 270.007
ROUND 820 A#19 and B#16 = 280.832
ROUND 821 A#20 and B#16 = 134.232
ROUND 822 A#21 and B#16 = 136.524
ROUND 823 A#22 and B#16 = 132.784
ROUND 824 A#23 and B#16 = 160.674
ROUND 825 A#24 and B#16 = 159.856
ROUND 826 A#25 and B#16 = 115.047
ROUND 827 A#26 and B#16 = -4.05648e-315
ROUND 828 A#27 and B#16 = -3.40905e-322
ROUND 829 A#28 and B#16 = 265.253
ROUND 830 A#29 and B#16 = 147.642
ROUND 831 A#30 and B#16 = 173.165
ROUND 832 A#31 and B#16 = 287.514
ROUND 833 A#32 and B#16 = 5.90277
ROUND 834 A#33 and B#16 = 6.4858
ROUND 835 A#34 and B#16 = 242.996
ROUND 836 A#35 and B#16 = 242.557
ROUND 837 A#36 and B#16 = 257.533
ROUND 838 A#37 and B#16 = 289.381
ROUND 839 A#38 and B#16 = -4.60272e-320
ROUND 840 A#39 and B#16 = -5.4882e-315
ROUND 841 A#40 and B#16 = 116.266
ROUND 842 A#41 and B#16 = 295.757
ROUND 843 A#42 and B#16 = -5.51471e-319
ROUND 844 A#43 and B#16 = -4.33328e-315
ROUND 845 A#44 and B#16 = 258.245
ROUND 846 A#45 and B#16 = 4.8183
ROUND 847 A#46 and B#16 = 6.55166
ROUND 848 A#47 and B#16 = 248.022
ROUND 849 A#48 and B#16 = 5.92363
ROUND 850 A#49 and B#16 = -5.58845e-314
ROUND 851 A#0 and B#17 = 240.156
ROUND 852 A#1 and B#17 = 286.929
ROUND 853 A#2 and B#17 = 200.918
ROUND 854 A#3 and B#17 = 199.56
ROUND 855 A#4 and B#17 = 262.543
ROUND 856 A#5 and B#17 = -9.00188e-320
ROUND 857 A#6 and B#17 = 56.4462
ROUND 858 A#7 and B#17 = 55.5909
ROUND 859 A#8 and B#17 = 265.404
ROUND 860 A#9 and B#17 = 238.03
ROUND 861 A#10 and B#17 = 280.322
ROUND 862 A#11 and B#17 = 279.858
ROUND 863 A#12 and B#17 = 265.212
ROUND 864 A#13 and B#17 = 218.901
ROUND 865 A#14 and B#17 = 296.266
ROUND 866 A#15 and B#17 = 122.28
ROUND 867 A#16 and B#17 = 226.157
ROUND 868 A#17 and B#17 = 235.997
ROUND 869 A#18 and B#17 = 268.724
ROUND 870 A#19 and B#17 = 268.647
ROUND 871 A#20 and B#17 = 262.082
ROUND 872 A#21 and B#17 = 267.844
ROUND 873 A#22 and B#17 = 267.492
ROUND 874 A#23 and B#17 = -7.77456e-312
ROUND 875 A#24 and B#17 = 115.685
ROUND 876 A#25 and B#17 = 51.6481
ROUND 877 A#26 and B#17 = 270.39
ROUND 878 A#27 and B#17 = 117.346
ROUND 879 A#28 and B#17 = 280.931
ROUND 880 A#29 and B#17 = 211.895
ROUND 881 A#30 and B#17 = 0
ROUND 882 A#31 and B#17 = -7.64695e-319
ROUND 883 A#32 and B#17 = -4.13716e-319
ROUND 884 A#33 and B#17 = -6.86504e-320
ROUND 885 A#34 and B#17 = 263.759
ROUND 886 A#35 and B#17 = 263.896
ROUND 887 A#36 and B#17 = 264.784
ROUND 888 A#37 and B#17 = 289.004
ROUND 889 A#38 and B#17 = 227.365
ROUND 890 A#39 and B#17 = 207.296
ROUND 891 A#40 and B#17 = 206.659
ROUND 892 A#41 and B#17 = 145.211
ROUND 893 A#42 and B#17 = 19.594
ROUND 894 A#43 and B#17 = -6.50031e-313
ROUND 895 A#44 and B#17 = -4.25704e-311
ROUND 896 A#45 and B#17 = -7.16045e-313
ROUND 897 A#46 and B#17 = -2.31067e-311
ROUND 898 A#47 and B#17 = 251.862
ROUND 899 A#48 and B#17 = 240.925
ROUND 900 A#49 and B#17 = 38.2751
ROUND 901 A#0 and B#18 = 5.97371
ROUND 902 A#1 and B#18 = 118.572
ROUND 903 A#2 and B#18 = 269.746
ROUND 904 A#3 and B#18 = 0
ROUND 905 A#4 and B#18 = 5.46347
ROUND 906 A#5 and B#18 = 109.598
ROUND 907 A#6 and B#18 = 95.5337
ROUND 908 A#7 and B#18 = 93.4342
ROUND 909 A#8 and B#18 = 258.878
ROUND 910 A#9 and B#18 = 231.045
ROUND 911 A#10 and B#18 = 245.666
ROUND 912 A#11 and B#18 = 219.513
ROUND 913 A#12 and B#18 = 255.296
ROUND 914 A#13 and B#18 = 232.697
ROUND 915 A#14 and B#18 = 261.391
ROUND 916 A#15 and B#18 = 130.799
ROUND 917 A#16 and B#18 = 205.236
ROUND 918 A#17 and B#18 = 258.212
ROUND 919 A#18 and B#18 = 126.287
ROUND 920 A#19 and B#18 = 247.664
ROUND 921 A#20 and B#18 = 237.596
ROUND 922 A#21 and B#18 = 247.795
ROUND 923 A#22 and B#18 = 247.878
ROUND 924 A#23 and B#18 = 136.494
ROUND 925 A#24 and B#18 = 135.271
ROUND 926 A#25 and B#18 = 5.43841
ROUND 927 A#26 and B#18 = -2.2727e-322
ROUND 928 A#27 and B#18 = 6.11173
ROUND 929 A#28 and B#18 = -4.36467e-314
ROUND 930 A#29 and B#18 = 301.333
ROUND 931 A#30 and B#18 = 303.742
ROUND 932 A#31 and B#18 = 304.391
ROUND 933 A#32 and B#18 = -1.75399e-316
ROUND 934 A#33 and B#18 = -2.72401e-317
ROUND 935 A#34 and B#18 = 224.229
ROUND 936 A#35 and B#18 = 224.621
ROUND 937 A#36 and B#18 = 110.215
ROUND 938 A#37 and B#18 = 257.021
ROUND 939 A#38 and B#18 = 0
ROUND 940 A#39 and B#18 = 0
ROUND 941 A#40 and B#18 = 98.6143
ROUND 942 A#41 and B#18 = 277.11
ROUND 943 A#42 and B#18 = -9.09513e-314
ROUND 944 A#43 and B#18 = 250.616
ROUND 945 A#44 and B#18 = -1.13635e-322
ROUND 946 A#45 and B#18 = 216.131
ROUND 947 A#46 and B#18 = -5.93855e-312
ROUND 948 A#47 and B#18 = -2.20377e-315
ROUND 949 A#48 and B#18 = 6.41252
ROUND 950 A#49 and B#18 = 259.547
ROUND 951 A#0 and B#19 = 114.391
ROUND 952 A#1 and B#19 = 186.793
ROUND 953 A#2 and B#19 = 251.656
ROUND 954 A#3 and B#19 = 252.151
ROUND 955 A#4 and B#19 = 309.014
ROUND 956 A#5 and B#19 = 253.648
ROUND 957 A#6 and B#19 = 221.975
ROUND 958 A#7 and B#19 = 245.312
ROUND 959 A#8 and B#19 = 231.341
ROUND 960 A#9 and B#19 = 224.779
ROUND 961 A#10 and B#19 = 247.67
ROUND 962 A#11 and B#19 = 118.908
ROUND 963 A#12 and B#19 = 236.303
ROUND 964 A#13 and B#19 = 301.336
ROUND 965 A#14 and B#19 = 276.519
ROUND 966 A#15 and B#19 = 253.191
ROUND 967 A#16 and B#19 = 302.93
ROUND 968 A#17 and B#19 = 259.132
ROUND 969 A#18 and B#19 = 248.247
ROUND 970 A#19 and B#19 = 246.347
ROUND 971 A#20 and B#19 = 246.137
ROUND 972 A#21 and B#19 = 240.27
ROUND 973 A#22 and B#19 = 242.104
ROUND 974 A#23 and B#19 = 276.897
ROUND 975 A#24 and B#19 = 270.311
ROUND 976 A#25 and B#19 = 243.012
ROUND 977 A#26 and B#19 = 256.166
ROUND 978 A#27 and B#19 = 279.452
ROUND 979 A#28 and B#19 = 259.985
ROUND 980 A#29 and B#19 = 306.439
ROUND 981 A#30 and B#19 = 302.622
ROUND 982 A#31 and B#19 = 304.901
ROUND 983 A#32 and B#19 = 5.82153
ROUND 984 A#33 and B#19 = 277.667
ROUND 985 A#34 and B#19 = 249.272
ROUND 986 A#35 and B#19 = 244.489
ROUND 987 A#36 and B#19 = 5.90924
ROUND 988 A#37 and B#19 = -1.65117e-320
ROUND 989 A#38 and B#19 = 45.8941
ROUND 990 A#39 and B#19 = 242.091
ROUND 991 A#40 and B#19 = 100.269
ROUND 992 A#41 and B#19 = -1.1991e-320
ROUND 993 A#42 and B#19 = 261.468
ROUND 994 A#43 and B#19 = 250.382
ROUND 995 A#44 and B#19 = 230.901
ROUND 996 A#45 and B#19 = 112.139
ROUND 997 A#46 and B#19 = 249.123
ROUND 998 A#47 and B#19 = 243.561
ROUND 999 A#48 and B#19 = 274.308
ROUND 1000 A#49 and B#19 = 253.369
ROUND 1001 A#0 and B#20 = 54.713
ROUND 1002 A#1 and B#20 = -1.04558e-317
ROUND 1003 A#2 and B#20 = 200.121
ROUND 1004 A#3 and B#20 = 200.046
ROUND 1005 A#4 and B#20 = 262.65
ROUND 1006 A#5 and B#20 = 261.329
ROUND 1007 A#6 and B#20 = 5.95819
ROUND 1008 A#7 and B#20 = 5.90754
ROUND 1009 A#8 and B#20 = 253.039
ROUND 1010 A#9 and B#20 = 253.956
ROUND 1011 A#10 and B#20 = 117.536
ROUND 1012 A#11 and B#20 = 118.259
ROUND 1013 A#12 and B#20 = 258.377
ROUND 1014 A#13 and B#20 = 255.155
ROUND 1015 A#14 and B#20 = 239.901
ROUND 1016 A#15 and B#20 = 243.193
ROUND 1017 A#16 and B#20 = 261.028
ROUND 1018 A#17 and B#20 = 256.903
ROUND 1019 A#18 and B#20 = 257.773
ROUND 1020 A#19 and B#20 = 257.332
ROUND 1021 A#20 and B#20 = 135.732
ROUND 1022 A#21 and B#20 = 259.827
ROUND 1023 A#22 and B#20 = 257.923
ROUND 1024 A#23 and B#20 = 146.342
ROUND 1025 A#24 and B#20 = 143.245
ROUND 1026 A#25 and B#20 = -3.98251e-315
ROUND 1027 A#26 and B#20 = -1.43952e-313
ROUND 1028 A#27 and B#20 = 0
ROUND 1029 A#28 and B#20 = -3.16696e-321
ROUND 1030 A#29 and B#20 = 267.464
ROUND 1031 A#30 and B#20 = 269.148
ROUND 1032 A#31 and B#20 = 270.699
ROUND 1033 A#32 and B#20 = 5.63068
ROUND 1034 A#33 and B#20 = 5.50956
ROUND 1035 A#34 and B#20 = 0
ROUND 1036 A#35 and B#20 = -4.34506e-315
ROUND 1037 A#36 and B#20 = 5.40698
ROUND 1038 A#37 and B#20 = 2.10826
ROUND 1039 A#38 and B#20 = 17.083
ROUND 1040 A#39 and B#20 = 231.76
ROUND 1041 A#40 and B#20 = 216.883
ROUND 1042 A#41 and B#20 = 3.15332
ROUND 1043 A#42 and B#20 = -1.0078e-317
ROUND 1044 A#43 and B#20 = 57.666
ROUND 1045 A#44 and B#20 = 2.9428
ROUND 1046 A#45 and B#20 = -2.78679e-315
ROUND 1047 A#46 and B#20 = -1.88286e-318
ROUND 1048 A#47 and B#20 = 244.186
ROUND 1049 A#48 and B#20 = 5.57324
ROUND 1050 A#49 and B#20 = 195.167
ROUND 1051 A#0 and B#21 = 225.482
ROUND 1052 A#1 and B#21 = 262.657
ROUND 1053 A#2 and B#21 = 266.8
ROUND 1054 A#3 and B#21 = 5.46685
ROUND 1055 A#4 and B#21 = 5.49478
ROUND 1056 A#5 and B#21 = 255.138
ROUND 1057 A#6 and B#21 = 109.954
ROUND 1058 A#7 and B#21 = 109.016
ROUND 1059 A#8 and B#21 = 269.916
ROUND 1060 A#9 and B#21 = -5.01419e-316
ROUND 1061 A#10 and B#21 = 112.764
ROUND 1062 A#11 and B#21 = 110.964
ROUND 1063 A#12 and B#21 = 269.463
ROUND 1064 A#13 and B#21 = 278.755
ROUND 1065 A#14 and B#21 = 170.418
ROUND 1066 A#15 and B#21 = 116.335
ROUND 1067 A#16 and B#21 = 42.3115
ROUND 1068 A#17 and B#21 = 262.611
ROUND 1069 A#18 and B#21 = 251.113
ROUND 1070 A#19 and B#21 = 285.318
ROUND 1071 A#20 and B#21 = 13.1951
ROUND 1072 A#21 and B#21 = 301.871
ROUND 1073 A#22 and B#21 = 270.142
ROUND 1074 A#23 and B#21 = 116.145
ROUND 1075 A#24 and B#21 = 114.117
ROUND 1076 A#25 and B#21 = 5.68965
ROUND 1077 A#26 and B#21 = 255.063
ROUND 1078 A#27 and B#21 = 119.044
ROUND 1079 A#28 and B#21 = 311.918
ROUND 1080 A#29 and B#21 = 0
ROUND 1081 A#30 and B#21 = 273.542
ROUND 1082 A#31 and B#21 = 279.238
ROUND 1083 A#32 and B#21 = 5.99776
ROUND 1084 A#33 and B#21 = 6.44335
ROUND 1085 A#34 and B#21 = 247.897
ROUND 1086 A#35 and B#21 = 249.702
ROUND 1087 A#36 and B#21 = 117.289
ROUND 1088 A#37 and B#21 = 302.972
ROUND 1089 A#38 and B#21 = -2.85673e-311
ROUND 1090 A#39 and B#21 = 110.175
ROUND 1091 A#40 and B#21 = 112.194
ROUND 1092 A#41 and B#21 = 308.047
ROUND 1093 A#42 and B#21 = -3.44183e-311
ROUND 1094 A#43 and B#21 = -3.81943e-311
ROUND 1095 A#44 and B#21 = 6.54675
ROUND 1096 A#45 and B#21 = -7.86486e-316
ROUND 1097 A#46 and B#21 = 219.011
ROUND 1098 A#47 and B#21 = 241.316
ROUND 1099 A#48 and B#21 = 5.97729
ROUND 1100 A#49 and B#21 = 245.187
ROUND 1101 A#0 and B#22 = 164.709
ROUND 1102 A#1 and B#22 = 264.709
ROUND 1103 A#2 and B#22 = 159.934
ROUND 1104 A#3 and B#22 = 160.124
ROUND 1105 A#4 and B#22 = 240.855
ROUND 1106 A#5 and B#22 = 151.518
ROUND 1107 A#6 and B#22 = 145.733
ROUND 1108 A#7 and B#22 = 142.672
ROUND 1109 A#8 and B#22 = 240.171
ROUND 1110 A#9 and B#22 = 262.45
ROUND 1111 A#10 and B#22 = 169.776
ROUND 1112 A#11 and B#22 = 165.897
ROUND 1113 A#12 and B#22 = 237.883
ROUND 1114 A#13 and B#22 = 275.755
ROUND 1115 A#14 and B#22 = 159.218
ROUND 1116 A#15 and B#22 = 247.426
ROUND 1117 A#16 and B#22 = 304.115
ROUND 1118 A#17 and B#22 = 270.001
ROUND 1119 A#18 and B#22 = 259.226
ROUND 1120 A#19 and B#22 = 98.6507
ROUND 1121 A#20 and B#22 = 114.696
ROUND 1122 A#21 and B#22 = 114.883
ROUND 1123 A#22 and B#22 = 114.069
ROUND 1124 A#23 and B#22 = 159.471
ROUND 1125 A#24 and B#22 = 158.157
ROUND 1126 A#25 and B#22 = 114.708
ROUND 1127 A#26 and B#22 = 255.459
ROUND 1128 A#27 and B#22 = -3.73874e-314
ROUND 1129 A#28 and B#22 = 264.065
ROUND 1130 A#29 and B#22 = 221.331
ROUND 1131 A#30 and B#22 = 164.156
ROUND 1132 A#31 and B#22 = 161.39
ROUND 1133 A#32 and B#22 = 5.96373
ROUND 1134 A#33 and B#22 = 255.788
ROUND 1135 A#34 and B#22 = 0
ROUND 1136 A#35 and B#22 = -9.58565e-312
ROUND 1137 A#36 and B#22 = 3.56256
ROUND 1138 A#37 and B#22 = 1.1236
ROUND 1139 A#38 and B#22 = -4.0669e-319
ROUND 1140 A#39 and B#22 = 104.527
ROUND 1141 A#40 and B#22 = 108.059
ROUND 1142 A#41 and B#22 = 36.6166
ROUND 1143 A#42 and B#22 = 38.8085
ROUND 1144 A#43 and B#22 = -1.13635e-322
ROUND 1145 A#44 and B#22 = 6.46934
ROUND 1146 A#45 and B#22 = -1.38091e-319
ROUND 1147 A#46 and B#22 = 210.967
ROUND 1148 A#47 and B#22 = 242.048
ROUND 1149 A#48 and B#22 = 4.84799
ROUND 1150 A#49 and B#22 = -7.23504e-313
ROUND 1151 A#0 and B#23 = 155.864
ROUND 1152 A#1 and B#23 = 269.528
ROUND 1153 A#2 and B#23 = 260.934
ROUND 1154 A#3 and B#23 = 215.327
ROUND 1155 A#4 and B#23 = 239.943
ROUND 1156 A#5 and B#23 = 7.07147
ROUND 1157 A#6 and B#23 = 107.542
ROUND 1158 A#7 and B#23 = 106.682
ROUND 1159 A#8 and B#23 = 264.493
ROUND 1160 A#9 and B#23 = 243.382
ROUND 1161 A#10 and B#23 = 163.869
ROUND 1162 A#11 and B#23 = 319.78
ROUND 1163 A#12 and B#23 = 250.847
ROUND 1164 A#13 and B#23 = 261.373
ROUND 1165 A#14 and B#23 = 260.715
ROUND 1166 A#15 and B#23 = 187.712
ROUND 1167 A#16 and B#23 = 47.9099
ROUND 1168 A#17 and B#23 = 243.193
ROUND 1169 A#18 and B#23 = 266.368
ROUND 1170 A#19 and B#23 = 275.754
ROUND 1171 A#20 and B#23 = 257.36
ROUND 1172 A#21 and B#23 = 267.625
ROUND 1173 A#22 and B#23 = 268.059
ROUND 1174 A#23 and B#23 = 6.68646
ROUND 1175 A#24 and B#23 = 4.63853
ROUND 1176 A#25 and B#23 = 5.51049
ROUND 1177 A#26 and B#23 = 0
ROUND 1178 A#27 and B#23 = -6.42129e-311
ROUND 1179 A#28 and B#23 = 266.793
ROUND 1180 A#29 and B#23 = 187.736
ROUND 1181 A#30 and B#23 = 298.947
ROUND 1182 A#31 and B#23 = -15.2591
ROUND 1183 A#32 and B#23 = 42.993
ROUND 1184 A#33 and B#23 = 0
ROUND 1185 A#34 and B#23 = 299.289
ROUND 1186 A#35 and B#23 = 299.418
ROUND 1187 A#36 and B#23 = 0
ROUND 1188 A#37 and B#23 = 5.13336
ROUND 1189 A#38 and B#23 = 4.7462
ROUND 1190 A#39 and B#23 = 124.936
ROUND 1191 A#40 and B#23 = 110.506
ROUND 1192 A#41 and B#23 = 5.1625
ROUND 1193 A#42 and B#23 = 108.544
ROUND 1194 A#43 and B#23 = 108.746
ROUND 1195 A#44 and B#23 = 273.562
ROUND 1196 A#45 and B#23 = 5.27535
ROUND 1197 A#46 and B#23 = 6.67633
ROUND 1198 A#47 and B#23 = 67.7885
ROUND 1199 A#48 and B#23 = 5.55182
ROUND 1200 A#49 and B#23 = 234.582
ROUND 1201 A#0 and B#24 = 46.1866
ROUND 1202 A#1 and B#24 = -1.42503e-319
ROUND 1203 A#2 and B#24 = 292.875
ROUND 1204 A#3 and B#24 = 292.569
ROUND 1205 A#4 and B#24 = 242.468
ROUND 1206 A#5 and B#24 = 261.928
ROUND 1207 A#6 and B#24 = 97.074
ROUND 1208 A#7 and B#24 = 95.6112
ROUND 1209 A#8 and B#24 = 243.188
ROUND 1210 A#9 and B#24 = 5.47746
ROUND 1211 A#10 and B#24 = 40.0924
ROUND 1212 A#11 and B#24 = 219.143
ROUND 1213 A#12 and B#24 = 239.866
ROUND 1214 A#13 and B#24 = 286.286
ROUND 1215 A#14 and B#24 = 284.447
ROUND 1216 A#15 and B#24 = -1.64776e-312
ROUND 1217 A#16 and B#24 = 299.573
ROUND 1218 A#17 and B#24 = 269.606
ROUND 1219 A#18 and B#24 = 262.895
ROUND 1220 A#19 and B#24 = 265.267
ROUND 1221 A#20 and B#24 = 254.962
ROUND 1222 A#21 and B#24 = 273.21
ROUND 1223 A#22 and B#24 = 273.767
ROUND 1224 A#23 and B#24 = 145.186
ROUND 1225 A#24 and B#24 = 142.214
ROUND 1226 A#25 and B#24 = 6.80387
ROUND 1227 A#26 and B#24 = -5.66963e-313
ROUND 1228 A#27 and B#24 = 0
ROUND 1229 A#28 and B#24 = -5.68175e-322
ROUND 1230 A#29 and B#24 = 265.315
ROUND 1231 A#30 and B#24 = 270.292
ROUND 1232 A#31 and B#24 = 278.279
ROUND 1233 A#32 and B#24 = 5.94139
ROUND 1234 A#33 and B#24 = 5.96994
ROUND 1235 A#34 and B#24 = 0
ROUND 1236 A#35 and B#24 = -1.12863e-311
ROUND 1237 A#36 and B#24 = 5.60765
ROUND 1238 A#37 and B#24 = 6.01292
ROUND 1239 A#38 and B#24 = 4.81942
ROUND 1240 A#39 and B#24 = -1.13635e-322
ROUND 1241 A#40 and B#24 = 106.969
ROUND 1242 A#41 and B#24 = 4.80236
ROUND 1243 A#42 and B#24 = 4.66924
ROUND 1244 A#43 and B#24 = -6.78416e-312
ROUND 1245 A#44 and B#24 = -8.88695e-315
ROUND 1246 A#45 and B#24 = 0
ROUND 1247 A#46 and B#24 = 6.60624
ROUND 1248 A#47 and B#24 = 238.036
ROUND 1249 A#48 and B#24 = 5.43667
ROUND 1250 A#49 and B#24 = -6.7687e-322
ROUND 1251 A#0 and B#25 = 46.0782
ROUND 1252 A#1 and B#25 = -1.92086e-318
ROUND 1253 A#2 and B#25 = 292.903
ROUND 1254 A#3 and B#25 = 292.595
ROUND 1255 A#4 and B#25 = 249.284
ROUND 1256 A#5 and B#25 = 261.871
ROUND 1257 A#6 and B#25 = 96.9805
ROUND 1258 A#7 and B#25 = 95.4584
ROUND 1259 A#8 and B#25 = 242.317
ROUND 1260 A#9 and B#25 = 5.46853
ROUND 1261 A#10 and B#25 = 40.1742
ROUND 1262 A#11 and B#25 = 219.177
ROUND 1263 A#12 and B#25 = 239.851
ROUND 1264 A#13 and B#25 = 286.277
ROUND 1265 A#14 and B#25 = 283.227
ROUND 1266 A#15 and B#25 = 0
ROUND 1267 A#16 and B#25 = 299.319
ROUND 1268 A#17 and B#25 = 268.047
ROUND 1269 A#18 and B#25 = 262.85
ROUND 1270 A#19 and B#25 = 265.337
ROUND 1271 A#20 and B#25 = 254.963
ROUND 1272 A#21 and B#25 = 273.235
ROUND 1273 A#22 and B#25 = 273.711
ROUND 1274 A#23 and B#25 = 145.497
ROUND 1275 A#24 and B#25 = 142.415
ROUND 1276 A#25 and B#25 = 6.84923
ROUND 1277 A#26 and B#25 = -8.27347e-312
ROUND 1278 A#27 and B#25 = 0
ROUND 1279 A#28 and B#25 = 338.795
ROUND 1280 A#29 and B#25 = 265.29
ROUND 1281 A#30 and B#25 = 271.771
ROUND 1282 A#31 and B#25 = 278.183
ROUND 1283 A#32 and B#25 = 5.93814
ROUND 1284 A#33 and B#25 = 5.96101
ROUND 1285 A#34 and B#25 = -9.86104e-312
ROUND 1286 A#35 and B#25 = -3.09834e-311
ROUND 1287 A#36 and B#25 = 5.59454
ROUND 1288 A#37 and B#25 = 6.01882
ROUND 1289 A#38 and B#25 = 4.8162
ROUND 1290 A#39 and B#25 = 0
ROUND 1291 A#40 and B#25 = 106.938
ROUND 1292 A#41 and B#25 = 4.78116
ROUND 1293 A#42 and B#25 = 4.68411
ROUND 1294 A#43 and B#25 = 4.80594
ROUND 1295 A#44 and B#25 = -3.80979e-314
ROUND 1296 A#45 and B#25 = 0
ROUND 1297 A#46 and B#25 = 6.62469
ROUND 1298 A#47 and B#25 = 237.722
ROUND 1299 A#48 and B#25 = 5.43161
ROUND 1300 A#49 and B#25 = -1.13635e-322
ROUND 1301 A#0 and B#26 = 6.26498
ROUND 1302 A#1 and B#26 = 217.039
ROUND 1303 A#2 and B#26 = -9.95048e-321
ROUND 1304 A#3 and B#26 = -1.4817e-320
ROUND 1305 A#4 and B#26 = 230.96
ROUND 1306 A#5 and B#26 = -5.53912e-319
ROUND 1307 A#6 and B#26 = 152.808
ROUND 1308 A#7 and B#26 = 112.636
ROUND 1309 A#8 and B#26 = 135.722
ROUND 1310 A#9 and B#26 = 268.048
ROUND 1311 A#10 and B#26 = 115.724
ROUND 1312 A#11 and B#26 = 115.304
ROUND 1313 A#12 and B#26 = 135.749
ROUND 1314 A#13 and B#26 = 253.387
ROUND 1315 A#14 and B#26 = -1.51864e-317
ROUND 1316 A#15 and B#26 = 148.87
ROUND 1317 A#16 and B#26 = 264.898
ROUND 1318 A#17 and B#26 = 251.781
ROUND 1319 A#18 and B#26 = 106.569
ROUND 1320 A#19 and B#26 = 98.4242
ROUND 1321 A#20 and B#26 = 99.4306
ROUND 1322 A#21 and B#26 = -4.5454e-322
ROUND 1323 A#22 and B#26 = 0
ROUND 1324 A#23 and B#26 = 154.969
ROUND 1325 A#24 and B#26 = 153.653
ROUND 1326 A#25 and B#26 = -1.51555e-319
ROUND 1327 A#26 and B#26 = -1.49401e-319
ROUND 1328 A#27 and B#26 = 145.001
ROUND 1329 A#28 and B#26 = -2.107e-312
ROUND 1330 A#29 and B#26 = 265.144
ROUND 1331 A#30 and B#26 = 268.68
ROUND 1332 A#31 and B#26 = 270.825
ROUND 1333 A#32 and B#26 = 0
ROUND 1334 A#33 and B#26 = -4.38142e-319
ROUND 1335 A#34 and B#26 = 3.35324
ROUND 1336 A#35 and B#26 = 8.20239
ROUND 1337 A#36 and B#26 = -1.75424e-316
ROUND 1338 A#37 and B#26 = 157.75
ROUND 1339 A#38 and B#26 = 18.4017
ROUND 1340 A#39 and B#26 = 0
ROUND 1341 A#40 and B#26 = 117.805
ROUND 1342 A#41 and B#26 = 158.02
ROUND 1343 A#42 and B#26 = 93.1023
ROUND 1344 A#43 and B#26 = 121.792
ROUND 1345 A#44 and B#26 = 0
ROUND 1346 A#45 and B#26 = 232.583
ROUND 1347 A#46 and B#26 = -1.07459e-320
ROUND 1348 A#47 and B#26 = 246.317
ROUND 1349 A#48 and B#26 = 262.324
ROUND 1350 A#49 and B#26 = 38.2879
ROUND 1351 A#0 and B#27 = 256.088
ROUND 1352 A#1 and B#27 = 229.497
ROUND 1353 A#2 and B#27 = 255.819
ROUND 1354 A#3 and B#27 = 253.619
ROUND 1355 A#4 and B#27 = 305.734
ROUND 1356 A#5 and B#27 = 265.287
ROUND 1357 A#6 and B#27 = 238.34
ROUND 1358 A#7 and B#27 = 250.407
ROUND 1359 A#8 and B#27 = 270.17
ROUND 1360 A#9 and B#27 = 226.215
ROUND 1361 A#10 and B#27 = 247.628
ROUND 1362 A#11 and B#27 = 163.815
ROUND 1363 A#12 and B#27 = 240.417
ROUND 1364 A#13 and B#27 = 295.682
ROUND 1365 A#14 and B#27 = 276.127
ROUND 1366 A#15 and B#27 = 236.179
ROUND 1367 A#16 and B#27 = 296.952
ROUND 1368 A#17 and B#27 = 267.176
ROUND 1369 A#18 and B#27 = 315.695
ROUND 1370 A#19 and B#27 = 310.46
ROUND 1371 A#20 and B#27 = 267.317
ROUND 1372 A#21 and B#27 = 240.258
ROUND 1373 A#22 and B#27 = 248.756
ROUND 1374 A#23 and B#27 = 262.261
ROUND 1375 A#24 and B#27 = 255.965
ROUND 1376 A#25 and B#27 = 264.742
ROUND 1377 A#26 and B#27 = 259.404
ROUND 1378 A#27 and B#27 = 263.241
ROUND 1379 A#28 and B#27 = 224.398
ROUND 1380 A#29 and B#27 = 303.028
ROUND 1381 A#30 and B#27 = 299.983
ROUND 1382 A#31 and B#27 = 298.785
ROUND 1383 A#32 and B#27 = 273.857
ROUND 1384 A#33 and B#27 = 267.901
ROUND 1385 A#34 and B#27 = 250.457
ROUND 1386 A#35 and B#27 = 249.531
ROUND 1387 A#36 and B#27 = 5.97952
ROUND 1388 A#37 and B#27 = -4.24517e-312
ROUND 1389 A#38 and B#27 = 45.0658
ROUND 1390 A#39 and B#27 = 243.952
ROUND 1391 A#40 and B#27 = 246.023
ROUND 1392 A#41 and B#27 = -1.99791e-313
ROUND 1393 A#42 and B#27 = 263.361
ROUND 1394 A#43 and B#27 = 271.658
ROUND 1395 A#44 and B#27 = 266.733
ROUND 1396 A#45 and B#27 = 180.682
ROUND 1397 A#46 and B#27 = 241.773
ROUND 1398 A#47 and B#27 = 241.514
ROUND 1399 A#48 and B#27 = 276.901
ROUND 1400 A#49 and B#27 = 258.484
ROUND 1401 A#0 and B#28 = 5.56118
ROUND 1402 A#1 and B#28 = -1.09816e-319
ROUND 1403 A#2 and B#28 = 242.542
ROUND 1404 A#3 and B#28 = 238.45
ROUND 1405 A#4 and B#28 = 284.418
ROUND 1406 A#5 and B#28 = 5.13471
ROUND 1407 A#6 and B#28 = 114.613
ROUND 1408 A#7 and B#28 = 0
ROUND 1409 A#8 and B#28 = 260.316
ROUND 1410 A#9 and B#28 = 276.885
ROUND 1411 A#10 and B#28 = 47.1691
ROUND 1412 A#11 and B#28 = 41.4177
ROUND 1413 A#12 and B#28 = 244.589
ROUND 1414 A#13 and B#28 = 268.302
ROUND 1415 A#14 and B#28 = 259.987
ROUND 1416 A#15 and B#28 = 259.371
ROUND 1417 A#16 and B#28 = 52.1997
ROUND 1418 A#17 and B#28 = 224.462
ROUND 1419 A#18 and B#28 = 240.578
ROUND 1420 A#19 and B#28 = 117.067
ROUND 1421 A#20 and B#28 = 3.02854
ROUND 1422 A#21 and B#28 = 5.44784
ROUND 1423 A#22 and B#28 = -4.27623e-314
ROUND 1424 A#23 and B#28 = 119.135
ROUND 1425 A#24 and B#28 = 112.428
ROUND 1426 A#25 and B#28 = 97.5173
ROUND 1427 A#26 and B#28 = 254.876
ROUND 1428 A#27 and B#28 = 0
ROUND 1429 A#28 and B#28 = 47.5442
ROUND 1430 A#29 and B#28 = 242.932
ROUND 1431 A#30 and B#28 = 109.143
ROUND 1432 A#31 and B#28 = 108.874
ROUND 1433 A#32 and B#28 = 52.3222
ROUND 1434 A#33 and B#28 = -1.84622e-318
ROUND 1435 A#34 and B#28 = 119.729
ROUND 1436 A#35 and B#28 = 118.74
ROUND 1437 A#36 and B#28 = 95.1336
ROUND 1438 A#37 and B#28 = 265.222
ROUND 1439 A#38 and B#28 = 33.2851
ROUND 1440 A#39 and B#28 = 100.603
ROUND 1441 A#40 and B#28 = 114.596
ROUND 1442 A#41 and B#28 = 49.9304
ROUND 1443 A#42 and B#28 = 0
ROUND 1444 A#43 and B#28 = 2.34568
ROUND 1445 A#44 and B#28 = 233.614
ROUND 1446 A#45 and B#28 = 21.405
ROUND 1447 A#46 and B#28 = 15.2883
ROUND 1448 A#47 and B#28 = 0
ROUND 1449 A#48 and B#28 = 274.237
ROUND 1450 A#49 and B#28 = 45.291
ROUND 1451 A#0 and B#29 = 5.5758
ROUND 1452 A#1 and B#29 = -1.01778e-321
ROUND 1453 A#2 and B#29 = 232.981
ROUND 1454 A#3 and B#29 = 232.689
ROUND 1455 A#4 and B#29 = 288.561
ROUND 1456 A#5 and B#29 = 8.10261
ROUND 1457 A#6 and B#29 = 3.31096
ROUND 1458 A#7 and B#29 = -2.9107e-318
ROUND 1459 A#8 and B#29 = 258.073
ROUND 1460 A#9 and B#29 = 7.0251
ROUND 1461 A#10 and B#29 = 289.645
ROUND 1462 A#11 and B#29 = 238.778
ROUND 1463 A#12 and B#29 = 259.466
ROUND 1464 A#13 and B#29 = 302.308
ROUND 1465 A#14 and B#29 = 265.909
ROUND 1466 A#15 and B#29 = 258.762
ROUND 1467 A#16 and B#29 = 48.0109
ROUND 1468 A#17 and B#29 = 259.569
ROUND 1469 A#18 and B#29 = 45.6852
ROUND 1470 A#19 and B#29 = 243.037
ROUND 1471 A#20 and B#29 = -4.02066e-319
ROUND 1472 A#21 and B#29 = 240.685
ROUND 1473 A#22 and B#29 = 240.107
ROUND 1474 A#23 and B#29 = -2.14848e-311
ROUND 1475 A#24 and B#29 = -1.13635e-322
ROUND 1476 A#25 and B#29 = 7.7846
ROUND 1477 A#26 and B#29 = 256.531
ROUND 1478 A#27 and B#29 = 35.8004
ROUND 1479 A#28 and B#29 = -9.27938e-318
ROUND 1480 A#29 and B#29 = 292.062
ROUND 1481 A#30 and B#29 = 43.6677
ROUND 1482 A#31 and B#29 = 43.8217
ROUND 1483 A#32 and B#29 = 26.7128
ROUND 1484 A#33 and B#29 = -7.61975e-317
ROUND 1485 A#34 and B#29 = 119.127
ROUND 1486 A#35 and B#29 = 119.714
ROUND 1487 A#36 and B#29 = 51.7246
ROUND 1488 A#37 and B#29 = 52.0934
ROUND 1489 A#38 and B#29 = 40.9603
ROUND 1490 A#39 and B#29 = 2.59907
ROUND 1491 A#40 and B#29 = 118.675
ROUND 1492 A#41 and B#29 = 52.3716
ROUND 1493 A#42 and B#29 = 55.4572
ROUND 1494 A#43 and B#29 = 49.4699
ROUND 1495 A#44 and B#29 = 241.695
ROUND 1496 A#45 and B#29 = 14.8573
ROUND 1497 A#46 and B#29 = 5.14237
ROUND 1498 A#47 and B#29 = -1.13635e-322
ROUND 1499 A#48 and B#29 = 0.629942
ROUND 1500 A#49 and B#29 = -8.20382e-314
ROUND 1501 A#0 and B#30 = 240.233
ROUND 1502 A#1 and B#30 = 286.944
ROUND 1503 A#2 and B#30 = 200.822
ROUND 1504 A#3 and B#30 = 199.601
ROUND 1505 A#4 and B#30 = 262.59
ROUND 1506 A#5 and B#30 = -1.8729e-319
ROUND 1507 A#6 and B#30 = 56.4661
ROUND 1508 A#7 and B#30 = 55.6225
ROUND 1509 A#8 and B#30 = 265.831
ROUND 1510 A#9 and B#30 = 259.655
ROUND 1511 A#10 and B#30 = 279.657
ROUND 1512 A#11 and B#30 = 276.052
ROUND 1513 A#12 and B#30 = 265.511
ROUND 1514 A#13 and B#30 = 218.185
ROUND 1515 A#14 and B#30 = 296.715
ROUND 1516 A#15 and B#30 = 122.927
ROUND 1517 A#16 and B#30 = 0
ROUND 1518 A#17 and B#30 = 235.429
ROUND 1519 A#18 and B#30 = 268.72
ROUND 1520 A#19 and B#30 = 268.167
ROUND 1521 A#20 and B#30 = 261.309
ROUND 1522 A#21 and B#30 = 267.422
ROUND 1523 A#22 and B#30 = 267.237
ROUND 1524 A#23 and B#30 = -2.52543e-313
ROUND 1525 A#24 and B#30 = 116.017
ROUND 1526 A#25 and B#30 = 51.65
ROUND 1527 A#26 and B#30 = 9.32415
ROUND 1528 A#27 and B#30 = 110.521
ROUND 1529 A#28 and B#30 = 282.253
ROUND 1530 A#29 and B#30 = 211.199
ROUND 1531 A#30 and B#30 = -3.16696e-321
ROUND 1532 A#31 and B#30 = 0
ROUND 1533 A#32 and B#30 = -1.35868e-321
ROUND 1534 A#33 and B#30 = -1.73578e-317
ROUND 1535 A#34 and B#30 = 265.607
ROUND 1536 A#35 and B#30 = 265.65
ROUND 1537 A#36 and B#30 = 271.763
ROUND 1538 A#37 and B#30 = 289.445
ROUND 1539 A#38 and B#30 = 93.377
ROUND 1540 A#39 and B#30 = 207.138
ROUND 1541 A#40 and B#30 = 206.765
ROUND 1542 A#41 and B#30 = 146.417
ROUND 1543 A#42 and B#30 = 19.7216
ROUND 1544 A#43 and B#30 = -5.42892e-312
ROUND 1545 A#44 and B#30 = 0
ROUND 1546 A#45 and B#30 = -5.88006e-314
ROUND 1547 A#46 and B#30 = 0
ROUND 1548 A#47 and B#30 = 252.416
ROUND 1549 A#48 and B#30 = 253.683
ROUND 1550 A#49 and B#30 = 38.4017
ROUND 1551 A#0 and B#31 = 153.118
ROUND 1552 A#1 and B#31 = 0
ROUND 1553 A#2 and B#31 = 260.8
ROUND 1554 A#3 and B#31 = 214.579
ROUND 1555 A#4 and B#31 = 261.813
ROUND 1556 A#5 and B#31 = 5.48672
ROUND 1557 A#6 and B#31 = 106.468
ROUND 1558 A#7 and B#31 = 241.06
ROUND 1559 A#8 and B#31 = 246.271
ROUND 1560 A#9 and B#31 = 252.209
ROUND 1561 A#10 and B#31 = 161.989
ROUND 1562 A#11 and B#31 = 320.365
ROUND 1563 A#12 and B#31 = 257.811
ROUND 1564 A#13 and B#31 = 45.6357
ROUND 1565 A#14 and B#31 = 259.276
ROUND 1566 A#15 and B#31 = 261.762
ROUND 1567 A#16 and B#31 = -1.03422e-313
ROUND 1568 A#17 and B#31 = 179.853
ROUND 1569 A#18 and B#31 = 266.358
ROUND 1570 A#19 and B#31 = 273.746
ROUND 1571 A#20 and B#31 = 256.311
ROUND 1572 A#21 and B#31 = 268.613
ROUND 1573 A#22 and B#31 = 264.403
ROUND 1574 A#23 and B#31 = 3.16685
ROUND 1575 A#24 and B#31 = 4.8359
ROUND 1576 A#25 and B#31 = 7.8279
ROUND 1577 A#26 and B#31 = -5.22549e-311
ROUND 1578 A#27 and B#31 = -1.58089e-312
ROUND 1579 A#28 and B#31 = 308.21
ROUND 1580 A#29 and B#31 = 185.378
ROUND 1581 A#30 and B#31 = -23.5843
ROUND 1582 A#31 and B#31 = -21.925
ROUND 1583 A#32 and B#31 = 41.7221
ROUND 1584 A#33 and B#31 = 5.91482
ROUND 1585 A#34 and B#31 = 296.423
ROUND 1586 A#35 and B#31 = 296.631
ROUND 1587 A#36 and B#31 = -1.02914e-320
ROUND 1588 A#37 and B#31 = 7.51083
ROUND 1589 A#38 and B#31 = 5.10973
ROUND 1590 A#39 and B#31 = 101.196
ROUND 1591 A#40 and B#31 = 110.512
ROUND 1592 A#41 and B#31 = 262.223
ROUND 1593 A#42 and B#31 = 108.938
ROUND 1594 A#43 and B#31 = 5.14386
ROUND 1595 A#44 and B#31 = 0
ROUND 1596 A#45 and B#31 = 246.62
ROUND 1597 A#46 and B#31 = 6.65866
ROUND 1598 A#47 and B#31 = 249.783
ROUND 1599 A#48 and B#31 = 0
ROUND 1600 A#49 and B#31 = 0
ROUND 1601 A#0 and B#32 = 239.884
ROUND 1602 A#1 and B#32 = 287.346
ROUND 1603 A#2 and B#32 = 200.884
ROUND 1604 A#3 and B#32 = 199.663
ROUND 1605 A#4 and B#32 = 261.838
ROUND 1606 A#5 and B#32 = -7.1931e-320
ROUND 1607 A#6 and B#32 = 56.4445
ROUND 1608 A#7 and B#32 = 55.4132
ROUND 1609 A#8 and B#32 = 266.148
ROUND 1610 A#9 and B#32 = 236.104
ROUND 1611 A#10 and B#32 = 279.579
ROUND 1612 A#11 and B#32 = 280.227
ROUND 1613 A#12 and B#32 = 265.551
ROUND 1614 A#13 and B#32 = 218.299
ROUND 1615 A#14 and B#32 = 297.003
ROUND 1616 A#15 and B#32 = 123.085
ROUND 1617 A#16 and B#32 = 5.24646
ROUND 1618 A#17 and B#32 = 234.55
ROUND 1619 A#18 and B#32 = 268.158
ROUND 1620 A#19 and B#32 = 268.223
ROUND 1621 A#20 and B#32 = 261.155
ROUND 1622 A#21 and B#32 = 267.241
ROUND 1623 A#22 and B#32 = 267.561
ROUND 1624 A#23 and B#32 = -1.18808e-317
ROUND 1625 A#24 and B#32 = 115.921
ROUND 1626 A#25 and B#32 = 51.6815
ROUND 1627 A#26 and B#32 = 9.29924
ROUND 1628 A#27 and B#32 = 117.446
ROUND 1629 A#28 and B#32 = 282.005
ROUND 1630 A#29 and B#32 = 211.048
ROUND 1631 A#30 and B#32 = -9.09081e-322
ROUND 1632 A#31 and B#32 = 0
ROUND 1633 A#32 and B#32 = 0
ROUND 1634 A#33 and B#32 = -6.78599e-320
ROUND 1635 A#34 and B#32 = 263.603
ROUND 1636 A#35 and B#32 = 265.486
ROUND 1637 A#36 and B#32 = 271.675
ROUND 1638 A#37 and B#32 = 289.669
ROUND 1639 A#38 and B#32 = 227.293
ROUND 1640 A#39 and B#32 = 206.97
ROUND 1641 A#40 and B#32 = 206.751
ROUND 1642 A#41 and B#32 = 146.187
ROUND 1643 A#42 and B#32 = 19.9369
ROUND 1644 A#43 and B#32 = 263.415
ROUND 1645 A#44 and B#32 = -3.98935e-312
ROUND 1646 A#45 and B#32 = -9.93532e-313
ROUND 1647 A#46 and B#32 = -4.30656e-313
ROUND 1648 A#47 and B#32 = 252.511
ROUND 1649 A#48 and B#32 = 253.741
ROUND 1650 A#49 and B#32 = 38.4597
ROUND 1651 A#0 and B#33 = 155.99
ROUND 1652 A#1 and B#33 = 269.427
ROUND 1653 A#2 and B#33 = 261.34
ROUND 1654 A#3 and B#33 = 215.28
ROUND 1655 A#4 and B#33 = 240.458
ROUND 1656 A#5 and B#33 = 5.4647
ROUND 1657 A#6 and B#33 = 107.541
ROUND 1658 A#7 and B#33 = 241.909
ROUND 1659 A#8 and B#33 = 264.156
ROUND 1660 A#9 and B#33 = 253.209
ROUND 1661 A#10 and B#33 = 163.878
ROUND 1662 A#11 and B#33 = 241.733
ROUND 1663 A#12 and B#33 = 250.166
ROUND 1664 A#13 and B#33 = 261.279
ROUND 1665 A#14 and B#33 = 260.724
ROUND 1666 A#15 and B#33 = 260.986
ROUND 1667 A#16 and B#33 = 47.9462
ROUND 1668 A#17 and B#33 = 182.447
ROUND 1669 A#18 and B#33 = 266.165
ROUND 1670 A#19 and B#33 = 271.864
ROUND 1671 A#20 and B#33 = 257.103
ROUND 1672 A#21 and B#33 = 266.935
ROUND 1673 A#22 and B#33 = 267.442
ROUND 1674 A#23 and B#33 = -1.59484e-320
ROUND 1675 A#24 and B#33 = 2.61886
ROUND 1676 A#25 and B#33 = 5.50644
ROUND 1677 A#26 and B#33 = -2.48515e-321
ROUND 1678 A#27 and B#33 = -4.04437e-312
ROUND 1679 A#28 and B#33 = 266.725
ROUND 1680 A#29 and B#33 = 187.881
ROUND 1681 A#30 and B#33 = 299.008
ROUND 1682 A#31 and B#33 = -15.1893
ROUND 1683 A#32 and B#33 = 2.84618
ROUND 1684 A#33 and B#33 = -6.12598e-317
ROUND 1685 A#34 and B#33 = 96.1817
ROUND 1686 A#35 and B#33 = 299.266
ROUND 1687 A#36 and B#33 = -3.03054e-311
ROUND 1688 A#37 and B#33 = 5.14646
ROUND 1689 A#38 and B#33 = 4.73937
ROUND 1690 A#39 and B#33 = 124.928
ROUND 1691 A#40 and B#33 = 110.184
ROUND 1692 A#41 and B#33 = 5.19517
ROUND 1693 A#42 and B#33 = 256.514
ROUND 1694 A#43 and B#33 = 108.742
ROUND 1695 A#44 and B#33 = 273.644
ROUND 1696 A#45 and B#33 = 5.28122
ROUND 1697 A#46 and B#33 = -2.84632e-312
ROUND 1698 A#47 and B#33 = 67.2024
ROUND 1699 A#48 and B#33 = 5.58236
ROUND 1700 A#49 and B#33 = 236.252
ROUND 1701 A#0 and B#34 = 6.00483
ROUND 1702 A#1 and B#34 = 262.429
ROUND 1703 A#2 and B#34 = 198.065
ROUND 1704 A#3 and B#34 = 196.357
ROUND 1705 A#4 and B#34 = -7.80377e-320
ROUND 1706 A#5 and B#34 = 50.2886
ROUND 1707 A#6 and B#34 = 111.159
ROUND 1708 A#7 and B#34 = 0
ROUND 1709 A#8 and B#34 = 54.4102
ROUND 1710 A#9 and B#34 = 278.066
ROUND 1711 A#10 and B#34 = 108.099
ROUND 1712 A#11 and B#34 = 107.335
ROUND 1713 A#12 and B#34 = 145.917
ROUND 1714 A#13 and B#34 = 245.755
ROUND 1715 A#14 and B#34 = 254.655
ROUND 1716 A#15 and B#34 = 211.321
ROUND 1717 A#16 and B#34 = 251.211
ROUND 1718 A#17 and B#34 = 257.976
ROUND 1719 A#18 and B#34 = 147.795
ROUND 1720 A#19 and B#34 = 148.883
ROUND 1721 A#20 and B#34 = -1.2627e-311
ROUND 1722 A#21 and B#34 = -1.97485e-318
ROUND 1723 A#22 and B#34 = 0
ROUND 1724 A#23 and B#34 = 154.75
ROUND 1725 A#24 and B#34 = 155.628
ROUND 1726 A#25 and B#34 = 0
ROUND 1727 A#26 and B#34 = -1.90717e-315
ROUND 1728 A#27 and B#34 = 150.982
ROUND 1729 A#28 and B#34 = 336.651
ROUND 1730 A#29 and B#34 = 268.061
ROUND 1731 A#30 and B#34 = 269.437
ROUND 1732 A#31 and B#34 = 270.007
ROUND 1733 A#32 and B#34 = 0
ROUND 1734 A#33 and B#34 = 100.31
ROUND 1735 A#34 and B#34 = 4.73854
ROUND 1736 A#35 and B#34 = 1.22012
ROUND 1737 A#36 and B#34 = 0
ROUND 1738 A#37 and B#34 = 152.355
ROUND 1739 A#38 and B#34 = 17.4307
ROUND 1740 A#39 and B#34 = 0
ROUND 1741 A#40 and B#34 = 104.31
ROUND 1742 A#41 and B#34 = 152.605
ROUND 1743 A#42 and B#34 = 49.6524
ROUND 1744 A#43 and B#34 = 127.12
ROUND 1745 A#44 and B#34 = 0
ROUND 1746 A#45 and B#34 = 235.559
ROUND 1747 A#46 and B#34 = 8.11337
ROUND 1748 A#47 and B#34 = 247.763
ROUND 1749 A#48 and B#34 = 6.33445
ROUND 1750 A#49 and B#34 = -1.07799e-313
ROUND 1751 A#0 and B#35 = 256.351
ROUND 1752 A#1 and B#35 = 108.49
ROUND 1753 A#2 and B#35 = 253.77
ROUND 1754 A#3 and B#35 = 188.512
ROUND 1755 A#4 and B#35 = 305.716
ROUND 1756 A#5 and B#35 = 264.888
ROUND 1757 A#6 and B#35 = 236.406
ROUND 1758 A#7 and B#35 = 250.234
ROUND 1759 A#8 and B#35 = 271.797
ROUND 1760 A#9 and B#35 = 225.836
ROUND 1761 A#10 and B#35 = 248.116
ROUND 1762 A#11 and B#35 = 160.407
ROUND 1763 A#12 and B#35 = 240.154
ROUND 1764 A#13 and B#35 = 296.172
ROUND 1765 A#14 and B#35 = 276.618
ROUND 1766 A#15 and B#35 = 194.03
ROUND 1767 A#16 and B#35 = 297.524
ROUND 1768 A#17 and B#35 = 267.209
ROUND 1769 A#18 and B#35 = 316.178
ROUND 1770 A#19 and B#35 = 246.967
ROUND 1771 A#20 and B#35 = 266.928
ROUND 1772 A#21 and B#35 = 239.916
ROUND 1773 A#22 and B#35 = 247.703
ROUND 1774 A#23 and B#35 = 48.4658
ROUND 1775 A#24 and B#35 = 0
ROUND 1776 A#25 and B#35 = 263.723
ROUND 1777 A#26 and B#35 = 259.147
ROUND 1778 A#27 and B#35 = 278.213
ROUND 1779 A#28 and B#35 = 258.878
ROUND 1780 A#29 and B#35 = 302.907
ROUND 1781 A#30 and B#35 = 295.043
ROUND 1782 A#31 and B#35 = 299.446
ROUND 1783 A#32 and B#35 = 274.983
ROUND 1784 A#33 and B#35 = 267.853
ROUND 1785 A#34 and B#35 = 250.769
ROUND 1786 A#35 and B#35 = 248.257
ROUND 1787 A#36 and B#35 = 6.56595
ROUND 1788 A#37 and B#35 = 0
ROUND 1789 A#38 and B#35 = 45.3884
ROUND 1790 A#39 and B#35 = 243.692
ROUND 1791 A#40 and B#35 = 246.778
ROUND 1792 A#41 and B#35 = -3.88484e-315
ROUND 1793 A#42 and B#35 = 262.886
ROUND 1794 A#43 and B#35 = 271.448
ROUND 1795 A#44 and B#35 = 267.588
ROUND 1796 A#45 and B#35 = 178.96
ROUND 1797 A#46 and B#35 = 243.402
ROUND 1798 A#47 and B#35 = 242.993
ROUND 1799 A#48 and B#35 = 5.12733
ROUND 1800 A#49 and B#35 = -9.11571e-319
ROUND 1801 A#0 and B#36 = 112.032
ROUND 1802 A#1 and B#36 = 116.268
ROUND 1803 A#2 and B#36 = 251.705
ROUND 1804 A#3 and B#36 = 245.853
ROUND 1805 A#4 and B#36 = 279.78
ROUND 1806 A#5 and B#36 = 254.962
ROUND 1807 A#6 and B#36 = 105.292
ROUND 1808 A#7 and B#36 = 104.914
ROUND 1809 A#8 and B#36 = 261.081
ROUND 1810 A#9 and B#36 = 268.097
ROUND 1811 A#10 and B#36 = 231.301
ROUND 1812 A#11 and B#36 = 34.9305
ROUND 1813 A#12 and B#36 = 258.67
ROUND 1814 A#13 and B#36 = 267.832
ROUND 1815 A#14 and B#36 = 253.034
ROUND 1816 A#15 and B#36 = 173.719
ROUND 1817 A#16 and B#36 = 203.81
ROUND 1818 A#17 and B#36 = 218.483
ROUND 1819 A#18 and B#36 = 243.1
ROUND 1820 A#19 and B#36 = 230.091
ROUND 1821 A#20 and B#36 = 250.309
ROUND 1822 A#21 and B#36 = 233.505
ROUND 1823 A#22 and B#36 = 235.473
ROUND 1824 A#23 and B#36 = 115.536
ROUND 1825 A#24 and B#36 = 116.26
ROUND 1826 A#25 and B#36 = 96.6867
ROUND 1827 A#26 and B#36 = -1.89491e-314
ROUND 1828 A#27 and B#36 = 121.624
ROUND 1829 A#28 and B#36 = 115.689
ROUND 1830 A#29 and B#36 = 129.202
ROUND 1831 A#30 and B#36 = 118.134
ROUND 1832 A#31 and B#36 = 117.511
ROUND 1833 A#32 and B#36 = 21.8878
ROUND 1834 A#33 and B#36 = 0
ROUND 1835 A#34 and B#36 = 118.601
ROUND 1836 A#35 and B#36 = 118.706
ROUND 1837 A#36 and B#36 = 80.2808
ROUND 1838 A#37 and B#36 = 310.987
ROUND 1839 A#38 and B#36 = -4.18474e-321
ROUND 1840 A#39 and B#36 = 202.146
ROUND 1841 A#40 and B#36 = 106.387
ROUND 1842 A#41 and B#36 = 50.7046
ROUND 1843 A#42 and B#36 = -1.16179e-314
ROUND 1844 A#43 and B#36 = 0
ROUND 1845 A#44 and B#36 = -9.04863e-313
ROUND 1846 A#45 and B#36 = 223.916
ROUND 1847 A#46 and B#36 = 248.963
ROUND 1848 A#47 and B#36 = 256.59
ROUND 1849 A#48 and B#36 = -2.19864e-319
ROUND 1850 A#49 and B#36 = 299.58
ROUND 1851 A#0 and B#37 = 54.9028
ROUND 1852 A#1 and B#37 = -2.72912e-311
ROUND 1853 A#2 and B#37 = 201.081
ROUND 1854 A#3 and B#37 = 200.534
ROUND 1855 A#4 and B#37 = 263.473
ROUND 1856 A#5 and B#37 = 260.101
ROUND 1857 A#6 and B#37 = 5.24754
ROUND 1858 A#7 and B#37 = 5.32107
ROUND 1859 A#8 and B#37 = 253.051
ROUND 1860 A#9 and B#37 = 254.57
ROUND 1861 A#10 and B#37 = 117.576
ROUND 1862 A#11 and B#37 = 117.843
ROUND 1863 A#12 and B#37 = 254.534
ROUND 1864 A#13 and B#37 = 256.281
ROUND 1865 A#14 and B#37 = 240.431
ROUND 1866 A#15 and B#37 = 116.624
ROUND 1867 A#16 and B#37 = 258.198
ROUND 1868 A#17 and B#37 = 256.073
ROUND 1869 A#18 and B#37 = 257.858
ROUND 1870 A#19 and B#37 = 256.58
ROUND 1871 A#20 and B#37 = 251.82
ROUND 1872 A#21 and B#37 = 259.936
ROUND 1873 A#22 and B#37 = 257.904
ROUND 1874 A#23 and B#37 = 146.469
ROUND 1875 A#24 and B#37 = 143.353
ROUND 1876 A#25 and B#37 = 0
ROUND 1877 A#26 and B#37 = -3.5914e-312
ROUND 1878 A#27 and B#37 = 3.96278
ROUND 1879 A#28 and B#37 = -1.13635e-322
ROUND 1880 A#29 and B#37 = 267.442
ROUND 1881 A#30 and B#37 = 268.906
ROUND 1882 A#31 and B#37 = 270.469
ROUND 1883 A#32 and B#37 = 5.63329
ROUND 1884 A#33 and B#37 = 5.46714
ROUND 1885 A#34 and B#37 = 252.557
ROUND 1886 A#35 and B#37 = 252.772
ROUND 1887 A#36 and B#37 = -2.65763e-317
ROUND 1888 A#37 and B#37 = 6.08766
ROUND 1889 A#38 and B#37 = 17.0065
ROUND 1890 A#39 and B#37 = 229.392
ROUND 1891 A#40 and B#37 = 215.024
ROUND 1892 A#41 and B#37 = 3.46323
ROUND 1893 A#42 and B#37 = -3.08626e-316
ROUND 1894 A#43 and B#37 = 57.7367
ROUND 1895 A#44 and B#37 = 3.14025
ROUND 1896 A#45 and B#37 = 6.67218
ROUND 1897 A#46 and B#37 = -3.82637e-315
ROUND 1898 A#47 and B#37 = 244.176
ROUND 1899 A#48 and B#37 = 5.55517
ROUND 1900 A#49 and B#37 = 194.427
ROUND 1901 A#0 and B#38 = 240.051
ROUND 1902 A#1 and B#38 = 287.023
ROUND 1903 A#2 and B#38 = 200.776
ROUND 1904 A#3 and B#38 = 199.557
ROUND 1905 A#4 and B#38 = 262.702
ROUND 1906 A#5 and B#38 = -2.1941e-319
ROUND 1907 A#6 and B#38 = 56.4602
ROUND 1908 A#7 and B#38 = 55.5884
ROUND 1909 A#8 and B#38 = 265.734
ROUND 1910 A#9 and B#38 = 237.353
ROUND 1911 A#10 and B#38 = 279.638
ROUND 1912 A#11 and B#38 = 275.569
ROUND 1913 A#12 and B#38 = 265.193
ROUND 1914 A#13 and B#38 = 218.468
ROUND 1915 A#14 and B#38 = 296.626
ROUND 1916 A#15 and B#38 = 123.39
ROUND 1917 A#16 and B#38 = 0
ROUND 1918 A#17 and B#38 = 235.416
ROUND 1919 A#18 and B#38 = 268.633
ROUND 1920 A#19 and B#38 = 267.646
ROUND 1921 A#20 and B#38 = 261.42
ROUND 1922 A#21 and B#38 = 267.239
ROUND 1923 A#22 and B#38 = 266.566
ROUND 1924 A#23 and B#38 = -1.84625e-312
ROUND 1925 A#24 and B#38 = 116.018
ROUND 1926 A#25 and B#38 = 51.6624
ROUND 1927 A#26 and B#38 = 268.986
ROUND 1928 A#27 and B#38 = 118.008
ROUND 1929 A#28 and B#38 = 281.234
ROUND 1930 A#29 and B#38 = 211.481
ROUND 1931 A#30 and B#38 = -3.52867e-319
ROUND 1932 A#31 and B#38 = -2.37646e-321
ROUND 1933 A#32 and B#38 = 0
ROUND 1934 A#33 and B#38 = -8.25086e-318
ROUND 1935 A#34 and B#38 = 265.721
ROUND 1936 A#35 and B#38 = 265.781
ROUND 1937 A#36 and B#38 = 260.866
ROUND 1938 A#37 and B#38 = 289.379
ROUND 1939 A#38 and B#38 = 93.589
ROUND 1940 A#39 and B#38 = 207.228
ROUND 1941 A#40 and B#38 = 206.853
ROUND 1942 A#41 and B#38 = 145.97
ROUND 1943 A#42 and B#38 = 19.6506
ROUND 1944 A#43 and B#38 = 0
ROUND 1945 A#44 and B#38 = -1.30666e-311
ROUND 1946 A#45 and B#38 = -9.40583e-315
ROUND 1947 A#46 and B#38 = -3.18592e-315
ROUND 1948 A#47 and B#38 = 252.223
ROUND 1949 A#48 and B#38 = 253.357
ROUND 1950 A#49 and B#38 = 38.4051
ROUND 1951 A#0 and B#39 = 54.0029
ROUND 1952 A#1 and B#39 = -1.92192e-321
ROUND 1953 A#2 and B#39 = 294.486
ROUND 1954 A#3 and B#39 = 292.691
ROUND 1955 A#4 and B#39 = 248.079
ROUND 1956 A#5 and B#39 = 261.943
ROUND 1957 A#6 and B#39 = 99.3838
ROUND 1958 A#7 and B#39 = 97.7667
ROUND 1959 A#8 and B#39 = 230.118
ROUND 1960 A#9 and B#39 = 5.40972
ROUND 1961 A#10 and B#39 = -3.95747e-321
ROUND 1962 A#11 and B#39 = 112.324
ROUND 1963 A#12 and B#39 = 204.37
ROUND 1964 A#13 and B#39 = 284.864
ROUND 1965 A#14 and B#39 = 283.769
ROUND 1966 A#15 and B#39 = -7.48707e-320
ROUND 1967 A#16 and B#39 = 301.953
ROUND 1968 A#17 and B#39 = 273.768
ROUND 1969 A#18 and B#39 = 255.652
ROUND 1970 A#19 and B#39 = 257.06
ROUND 1971 A#20 and B#39 = 275.041
ROUND 1972 A#21 and B#39 = 272.856
ROUND 1973 A#22 and B#39 = 273.143
ROUND 1974 A#23 and B#39 = -5.29411e-319
ROUND 1975 A#24 and B#39 = 142.775
ROUND 1976 A#25 and B#39 = 7.60519
ROUND 1977 A#26 and B#39 = 260.093
ROUND 1978 A#27 and B#39 = -9.45493e-320
ROUND 1979 A#28 and B#39 = 334.665
ROUND 1980 A#29 and B#39 = 256.283
ROUND 1981 A#30 and B#39 = 269.813
ROUND 1982 A#31 and B#39 = 275.93
ROUND 1983 A#32 and B#39 = 5.78571
ROUND 1984 A#33 and B#39 = -5.42484e-321
ROUND 1985 A#34 and B#39 = 2.42923
ROUND 1986 A#35 and B#39 = 2.45959
ROUND 1987 A#36 and B#39 = -9.91573e-315
ROUND 1988 A#37 and B#39 = 2.95344
ROUND 1989 A#38 and B#39 = 5.16187
ROUND 1990 A#39 and B#39 = 109.495
ROUND 1991 A#40 and B#39 = 106.941
ROUND 1992 A#41 and B#39 = -2.16006e-320
ROUND 1993 A#42 and B#39 = 106.821
ROUND 1994 A#43 and B#39 = -1.42812e-312
ROUND 1995 A#44 and B#39 = 0
ROUND 1996 A#45 and B#39 = -1.1775e-313
ROUND 1997 A#46 and B#39 = 6.73774
ROUND 1998 A#47 and B#39 = 77.2135
ROUND 1999 A#48 and B#39 = 5.47138
ROUND 2000 A#49 and B#39 = -5.12109e-319
ROUND 2001 A#0 and B#40 = 256.369
ROUND 2002 A#1 and B#40 = 109.589
ROUND 2003 A#2 and B#40 = 254.111
ROUND 2004 A#3 and B#40 = 254.717
ROUND 2005 A#4 and B#40 = 305.207
ROUND 2006 A#5 and B#40 = 265.5
ROUND 2007 A#6 and B#40 = 237.345
ROUND 2008 A#7 and B#40 = 250.072
ROUND 2009 A#8 and B#40 = 271.431
ROUND 2010 A#9 and B#40 = 226.306
ROUND 2011 A#10 and B#40 = 247.877
ROUND 2012 A#11 and B#40 = 160.403
ROUND 2013 A#12 and B#40 = 240.37
ROUND 2014 A#13 and B#40 = 295.497
ROUND 2015 A#14 and B#40 = 276.339
ROUND 2016 A#15 and B#40 = 194.652
ROUND 2017 A#16 and B#40 = 296.803
ROUND 2018 A#17 and B#40 = 267.326
ROUND 2019 A#18 and B#40 = 316.225
ROUND 2020 A#19 and B#40 = 247.284
ROUND 2021 A#20 and B#40 = 267.188
ROUND 2022 A#21 and B#40 = 241.321
ROUND 2023 A#22 and B#40 = 248.422
ROUND 2024 A#23 and B#40 = 48.509
ROUND 2025 A#24 and B#40 = -5.64724e-315
ROUND 2026 A#25 and B#40 = 263.669
ROUND 2027 A#26 and B#40 = 259.544
ROUND 2028 A#27 and B#40 = 277.917
ROUND 2029 A#28 and B#40 = 223.657
ROUND 2030 A#29 and B#40 = 302.293
ROUND 2031 A#30 and B#40 = 299.67
ROUND 2032 A#31 and B#40 = 273.715
ROUND 2033 A#32 and B#40 = 274.099
ROUND 2034 A#33 and B#40 = 267.754
ROUND 2035 A#34 and B#40 = 250.455
ROUND 2036 A#35 and B#40 = 247.625
ROUND 2037 A#36 and B#40 = 6.58571
ROUND 2038 A#37 and B#40 = -5.77438e-315
ROUND 2039 A#38 and B#40 = 45.4135
ROUND 2040 A#39 and B#40 = 243.774
ROUND 2041 A#40 and B#40 = 246.485
ROUND 2042 A#41 and B#40 = -2.8986e-313
ROUND 2043 A#42 and B#40 = 263.003
ROUND 2044 A#43 and B#40 = 271.603
ROUND 2045 A#44 and B#40 = 267.707
ROUND 2046 A#45 and B#40 = 179.304
ROUND 2047 A#46 and B#40 = 243.027
ROUND 2048 A#47 and B#40 = 242.54
ROUND 2049 A#48 and B#40 = 5.16894
ROUND 2050 A#49 and B#40 = -3.66382e-318
ROUND 2051 A#0 and B#41 = 164.357
ROUND 2052 A#1 and B#41 = 263.505
ROUND 2053 A#2 and B#41 = 304.803
ROUND 2054 A#3 and B#41 = 303.888
ROUND 2055 A#4 and B#41 = 243.8
ROUND 2056 A#5 and B#41 = -2.56051e-311
ROUND 2057 A#6 and B#41 = 252.18
ROUND 2058 A#7 and B#41 = 126.358
ROUND 2059 A#8 and B#41 = 237.717
ROUND 2060 A#9 and B#41 = 212.957
ROUND 2061 A#10 and B#41 = 169.521
ROUND 2062 A#11 and B#41 = 166.67
ROUND 2063 A#12 and B#41 = 225.676
ROUND 2064 A#13 and B#41 = 280.436
ROUND 2065 A#14 and B#41 = 182.344
ROUND 2066 A#15 and B#41 = 247.473
ROUND 2067 A#16 and B#41 = 302.19
ROUND 2068 A#17 and B#41 = 256.556
ROUND 2069 A#18 and B#41 = 258.844
ROUND 2070 A#19 and B#41 = 260.159
ROUND 2071 A#20 and B#41 = 114.484
ROUND 2072 A#21 and B#41 = 114.153
ROUND 2073 A#22 and B#41 = 113.205
ROUND 2074 A#23 and B#41 = 158.931
ROUND 2075 A#24 and B#41 = 157.666
ROUND 2076 A#25 and B#41 = 117.337
ROUND 2077 A#26 and B#41 = 255.273
ROUND 2078 A#27 and B#41 = -4.26275e-315
ROUND 2079 A#28 and B#41 = 264.098
ROUND 2080 A#29 and B#41 = 222.911
ROUND 2081 A#30 and B#41 = 219.354
ROUND 2082 A#31 and B#41 = 216.704
ROUND 2083 A#32 and B#41 = 5.9712
ROUND 2084 A#33 and B#41 = 5.36046
ROUND 2085 A#34 and B#41 = 258.071
ROUND 2086 A#35 and B#41 = 5.25996
ROUND 2087 A#36 and B#41 = 264.54
ROUND 2088 A#37 and B#41 = 0
ROUND 2089 A#38 and B#41 = 0
ROUND 2090 A#39 and B#41 = 104.889
ROUND 2091 A#40 and B#41 = 108.046
ROUND 2092 A#41 and B#41 = 0
ROUND 2093 A#42 and B#41 = 48.7137
ROUND 2094 A#43 and B#41 = -2.87991e-320
ROUND 2095 A#44 and B#41 = 0
ROUND 2096 A#45 and B#41 = 4.92737
ROUND 2097 A#46 and B#41 = 211.462
ROUND 2098 A#47 and B#41 = 241.815
ROUND 2099 A#48 and B#41 = 5.71797
ROUND 2100 A#49 and B#41 = -1.02148e-311
ROUND 2101 A#0 and B#42 = 54.7728
ROUND 2102 A#1 and B#42 = 278.827
ROUND 2103 A#2 and B#42 = 293.778
ROUND 2104 A#3 and B#42 = 292.551
ROUND 2105 A#4 and B#42 = 251.296
ROUND 2106 A#5 and B#42 = 261.836
ROUND 2107 A#6 and B#42 = 99.6679
ROUND 2108 A#7 and B#42 = 98.0882
ROUND 2109 A#8 and B#42 = 229.612
ROUND 2110 A#9 and B#42 = 5.42572
ROUND 2111 A#10 and B#42 = -1.18655e-315
ROUND 2112 A#11 and B#42 = 112.295
ROUND 2113 A#12 and B#42 = 240.42
ROUND 2114 A#13 and B#42 = 285.15
ROUND 2115 A#14 and B#42 = 283.68
ROUND 2116 A#15 and B#42 = -1.81886e-313
ROUND 2117 A#16 and B#42 = 301.933
ROUND 2118 A#17 and B#42 = 268.166
ROUND 2119 A#18 and B#42 = 255.482
ROUND 2120 A#19 and B#42 = 257.46
ROUND 2121 A#20 and B#42 = 249.796
ROUND 2122 A#21 and B#42 = 272.97
ROUND 2123 A#22 and B#42 = 273.916
ROUND 2124 A#23 and B#42 = -9.39012e-316
ROUND 2125 A#24 and B#42 = 142.672
ROUND 2126 A#25 and B#42 = 7.1467
ROUND 2127 A#26 and B#42 = 0
ROUND 2128 A#27 and B#42 = -2.14919e-321
ROUND 2129 A#28 and B#42 = 336.126
ROUND 2130 A#29 and B#42 = 230.566
ROUND 2131 A#30 and B#42 = 270.209
ROUND 2132 A#31 and B#42 = 0.375843
ROUND 2133 A#32 and B#42 = 5.95832
ROUND 2134 A#33 and B#42 = 5.97955
ROUND 2135 A#34 and B#42 = 0
ROUND 2136 A#35 and B#42 = 0
ROUND 2137 A#36 and B#42 = -5.7143e-314
ROUND 2138 A#37 and B#42 = 5.27532
ROUND 2139 A#38 and B#42 = 5.25977
ROUND 2140 A#39 and B#42 = 109.643
ROUND 2141 A#40 and B#42 = 107.083
ROUND 2142 A#41 and B#42 = 6.33528
ROUND 2143 A#42 and B#42 = 106.949
ROUND 2144 A#43 and B#42 = -5.5323e-313
ROUND 2145 A#44 and B#42 = -1.01079e-314
ROUND 2146 A#45 and B#42 = 0
ROUND 2147 A#46 and B#42 = 6.60706
ROUND 2148 A#47 and B#42 = 236.585
ROUND 2149 A#48 and B#42 = 5.47899
ROUND 2150 A#49 and B#42 = 249.068
ROUND 2151 A#0 and B#43 = 164.171
ROUND 2152 A#1 and B#43 = 266.43
ROUND 2153 A#2 and B#43 = 227.89
ROUND 2154 A#3 and B#43 = 225.541
ROUND 2155 A#4 and B#43 = 249.011
ROUND 2156 A#5 and B#43 = 5.47925
ROUND 2157 A#6 and B#43 = 132.52
ROUND 2158 A#7 and B#43 = 126.321
ROUND 2159 A#8 and B#43 = -5.20251e-321
ROUND 2160 A#9 and B#43 = 213.674
ROUND 2161 A#10 and B#43 = 170.208
ROUND 2162 A#11 and B#43 = 167.536
ROUND 2163 A#12 and B#43 = -5.56838e-312
ROUND 2164 A#13 and B#43 = 280.159
ROUND 2165 A#14 and B#43 = 269.487
ROUND 2166 A#15 and B#43 = 0
ROUND 2167 A#16 and B#43 = 302.692
ROUND 2168 A#17 and B#43 = 207.47
ROUND 2169 A#18 and B#43 = 268.86
ROUND 2170 A#19 and B#43 = 275.505
ROUND 2171 A#20 and B#43 = 260.35
ROUND 2172 A#21 and B#43 = 273.427
ROUND 2173 A#22 and B#43 = 269.657
ROUND 2174 A#23 and B#43 = 3.41238
ROUND 2175 A#24 and B#43 = -2.081e-320
ROUND 2176 A#25 and B#43 = 8.08654
ROUND 2177 A#26 and B#43 = -1.3236e-320
ROUND 2178 A#27 and B#43 = 0
ROUND 2179 A#28 and B#43 = 336.11
ROUND 2180 A#29 and B#43 = 222.63
ROUND 2181 A#30 and B#43 = 192.944
ROUND 2182 A#31 and B#43 = 216.115
ROUND 2183 A#32 and B#43 = 3.18346
ROUND 2184 A#33 and B#43 = 5.96954
ROUND 2185 A#34 and B#43 = 283.729
ROUND 2186 A#35 and B#43 = 284.728
ROUND 2187 A#36 and B#43 = 0
ROUND 2188 A#37 and B#43 = 6.0345
ROUND 2189 A#38 and B#43 = 5.07823
ROUND 2190 A#39 and B#43 = 104.835
ROUND 2191 A#40 and B#43 = 108.197
ROUND 2192 A#41 and B#43 = 3.47341
ROUND 2193 A#42 and B#43 = 106.852
ROUND 2194 A#43 and B#43 = 5.08871
ROUND 2195 A#44 and B#43 = -8.76543e-315
ROUND 2196 A#45 and B#43 = -1.53237e-318
ROUND 2197 A#46 and B#43 = 6.5544
ROUND 2198 A#47 and B#43 = 72.3974
ROUND 2199 A#48 and B#43 = 5.42323
ROUND 2200 A#49 and B#43 = 0
ROUND 2201 A#0 and B#44 = 158.412
ROUND 2202 A#1 and B#44 = 260.845
ROUND 2203 A#2 and B#44 = 257.976
ROUND 2204 A#3 and B#44 = 258.193
ROUND 2205 A#4 and B#44 = 9.03283
ROUND 2206 A#5 and B#44 = 4.12657
ROUND 2207 A#6 and B#44 = 5.20042
ROUND 2208 A#7 and B#44 = 5.26875
ROUND 2209 A#8 and B#44 = 144.2
ROUND 2210 A#9 and B#44 = 0
ROUND 2211 A#10 and B#44 = 108.903
ROUND 2212 A#11 and B#44 = 108.12
ROUND 2213 A#12 and B#44 = 145.151
ROUND 2214 A#13 and B#44 = 246.534
ROUND 2215 A#14 and B#44 = 259.956
ROUND 2216 A#15 and B#44 = 209.228
ROUND 2217 A#16 and B#44 = 255.931
ROUND 2218 A#17 and B#44 = 255.985
ROUND 2219 A#18 and B#44 = 257.383
ROUND 2220 A#19 and B#44 = 257.605
ROUND 2221 A#20 and B#44 = -1.0498e-314
ROUND 2222 A#21 and B#44 = -2.29216e-317
ROUND 2223 A#22 and B#44 = -7.23806e-321
ROUND 2224 A#23 and B#44 = 156.484
ROUND 2225 A#24 and B#44 = 157.199
ROUND 2226 A#25 and B#44 = 53.8555
ROUND 2227 A#26 and B#44 = -1.60281e-314
ROUND 2228 A#27 and B#44 = -1.63847e-319
ROUND 2229 A#28 and B#44 = 265.648
ROUND 2230 A#29 and B#44 = 255.588
ROUND 2231 A#30 and B#44 = 268.633
ROUND 2232 A#31 and B#44 = 270.13
ROUND 2233 A#32 and B#44 = 9.51323
ROUND 2234 A#33 and B#44 = 5.49498
ROUND 2235 A#34 and B#44 = -1.3385e-315
ROUND 2236 A#35 and B#44 = -1.7896e-317
ROUND 2237 A#36 and B#44 = 0
ROUND 2238 A#37 and B#44 = 99.0566
ROUND 2239 A#38 and B#44 = 18.4024
ROUND 2240 A#39 and B#44 = 3.52636
ROUND 2241 A#40 and B#44 = 103.98
ROUND 2242 A#41 and B#44 = 99.6526
ROUND 2243 A#42 and B#44 = -2.72309e-312
ROUND 2244 A#43 and B#44 = -1.4637e-311
ROUND 2245 A#44 and B#44 = -6.22029e-320
ROUND 2246 A#45 and B#44 = 110.894
ROUND 2247 A#46 and B#44 = 5.23665
ROUND 2248 A#47 and B#44 = 241.814
ROUND 2249 A#48 and B#44 = 8.78606
ROUND 2250 A#49 and B#44 = 0
ROUND 2251 A#0 and B#45 = -1.13635e-322
ROUND 2252 A#1 and B#45 = 261.47
ROUND 2253 A#2 and B#45 = 195.431
ROUND 2254 A#3 and B#45 = 196.839
ROUND 2255 A#4 and B#45 = 236.73
ROUND 2256 A#5 and B#45 = 146.235
ROUND 2257 A#6 and B#45 = 151.889
ROUND 2258 A#7 and B#45 = 153.39
ROUND 2259 A#8 and B#45 = 143.665
ROUND 2260 A#9 and B#45 = 247.582
ROUND 2261 A#10 and B#45 = 122.166
ROUND 2262 A#11 and B#45 = 108.383
ROUND 2263 A#12 and B#45 = 146.702
ROUND 2264 A#13 and B#45 = 241.545
ROUND 2265 A#14 and B#45 = 250.328
ROUND 2266 A#15 and B#45 = 148.18
ROUND 2267 A#16 and B#45 = 239.55
ROUND 2268 A#17 and B#45 = 256.343
ROUND 2269 A#18 and B#45 = 147.956
ROUND 2270 A#19 and B#45 = 149.253
ROUND 2271 A#20 and B#45 = -1.43934e-317
ROUND 2272 A#21 and B#45 = 0
ROUND 2273 A#22 and B#45 = -8.58416e-317
ROUND 2274 A#23 and B#45 = 156.322
ROUND 2275 A#24 and B#45 = 157.077
ROUND 2276 A#25 and B#45 = 0
ROUND 2277 A#26 and B#45 = -1.38042e-315
ROUND 2278 A#27 and B#45 = 151.666
ROUND 2279 A#28 and B#45 = 337.4
ROUND 2280 A#29 and B#45 = 268.086
ROUND 2281 A#30 and B#45 = 269.866
ROUND 2282 A#31 and B#45 = 269.946
ROUND 2283 A#32 and B#45 = -1.53342e-314
ROUND 2284 A#33 and B#45 = -5.40163e-316
ROUND 2285 A#34 and B#45 = -3.05333e-321
ROUND 2286 A#35 and B#45 = -4.29837e-321
ROUND 2287 A#36 and B#45 = -4.89444e-318
ROUND 2288 A#37 and B#45 = 152.235
ROUND 2289 A#38 and B#45 = 140.62
ROUND 2290 A#39 and B#45 = 0
ROUND 2291 A#40 and B#45 = -1.00246e-311
ROUND 2292 A#41 and B#45 = 152.399
ROUND 2293 A#42 and B#45 = 56.7155
ROUND 2294 A#43 and B#45 = 126.628
ROUND 2295 A#44 and B#45 = 224.064
ROUND 2296 A#45 and B#45 = 235.265
ROUND 2297 A#46 and B#45 = -3.62975e-312
ROUND 2298 A#47 and B#45 = 247.516
ROUND 2299 A#48 and B#45 = 7.13379
ROUND 2300 A#49 and B#45 = 38.4103
ROUND 2301 A#0 and B#46 = 242.228
ROUND 2302 A#1 and B#46 = 0
ROUND 2303 A#2 and B#46 = -8.1525e-312
ROUND 2304 A#3 and B#46 = -5.36387e-314
ROUND 2305 A#4 and B#46 = -4.29341e-316
ROUND 2306 A#5 and B#46 = -1.17701e-316
ROUND 2307 A#6 and B#46 = 6.32614
ROUND 2308 A#7 and B#46 = 5.64234
ROUND 2309 A#8 and B#46 = 264.72
ROUND 2310 A#9 and B#46 = 273.315
ROUND 2311 A#10 and B#46 = 276.599
ROUND 2312 A#11 and B#46 = 273.989
ROUND 2313 A#12 and B#46 = 264.16
ROUND 2314 A#13 and B#46 = 219.5
ROUND 2315 A#14 and B#46 = -4.36556e-320
ROUND 2316 A#15 and B#46 = 116.78
ROUND 2317 A#16 and B#46 = 227.161
ROUND 2318 A#17 and B#46 = 234.019
ROUND 2319 A#18 and B#46 = 6.83893
ROUND 2320 A#19 and B#46 = 39.1086
ROUND 2321 A#20 and B#46 = 261.467
ROUND 2322 A#21 and B#46 = 268.445
ROUND 2323 A#22 and B#46 = 268.707
ROUND 2324 A#23 and B#46 = -2.46065e-316
ROUND 2325 A#24 and B#46 = 114.28
ROUND 2326 A#25 and B#46 = 53.0032
ROUND 2327 A#26 and B#46 = -1.13635e-322
ROUND 2328 A#27 and B#46 = -3.98288e-311
ROUND 2329 A#28 and B#46 = -1.46464e-314
ROUND 2330 A#29 and B#46 = -1.32568e-314
ROUND 2331 A#30 and B#46 = 2.44188
ROUND 2332 A#31 and B#46 = 2.43538
ROUND 2333 A#32 and B#46 = 0
ROUND 2334 A#33 and B#46 = -3.5764e-318
ROUND 2335 A#34 and B#46 = -3.22157e-316
ROUND 2336 A#35 and B#46 = -2.01312e-319
ROUND 2337 A#36 and B#46 = 272.402
ROUND 2338 A#37 and B#46 = 120.639
ROUND 2339 A#38 and B#46 = -1.34458e-313
ROUND 2340 A#39 and B#46 = 2.96308
ROUND 2341 A#40 and B#46 = 0
ROUND 2342 A#41 and B#46 = -1.15602e-312
ROUND 2343 A#42 and B#46 = 21.2736
ROUND 2344 A#43 and B#46 = 262.433
ROUND 2345 A#44 and B#46 = -8.21295e-312
ROUND 2346 A#45 and B#46 = 230.72
ROUND 2347 A#46 and B#46 = 5.65728
ROUND 2348 A#47 and B#46 = 0
ROUND 2349 A#48 and B#46 = -9.75616e-314
ROUND 2350 A#49 and B#46 = 38.4957
ROUND 2351 A#0 and B#47 = 54.1414
ROUND 2352 A#1 and B#47 = 0
ROUND 2353 A#2 and B#47 = 198.219
ROUND 2354 A#3 and B#47 = 259.469
ROUND 2355 A#4 and B#47 = 8.409
ROUND 2356 A#5 and B#47 = 9.45158
ROUND 2357 A#6 and B#47 = 5.93784
ROUND 2358 A#7 and B#47 = 5.89959
ROUND 2359 A#8 and B#47 = 251.714
ROUND 2360 A#9 and B#47 = 253.41
ROUND 2361 A#10 and B#47 = 118.084
ROUND 2362 A#11 and B#47 = 118.029
ROUND 2363 A#12 and B#47 = 253.492
ROUND 2364 A#13 and B#47 = 252.439
ROUND 2365 A#14 and B#47 = 237.348
ROUND 2366 A#15 and B#47 = 0
ROUND 2367 A#16 and B#47 = 258.469
ROUND 2368 A#17 and B#47 = 255.328
ROUND 2369 A#18 and B#47 = 259.546
ROUND 2370 A#19 and B#47 = 254.463
ROUND 2371 A#20 and B#47 = 0
ROUND 2372 A#21 and B#47 = 260.303
ROUND 2373 A#22 and B#47 = 257.39
ROUND 2374 A#23 and B#47 = 144.626
ROUND 2375 A#24 and B#47 = 142.658
ROUND 2376 A#25 and B#47 = -3.15609e-314
ROUND 2377 A#26 and B#47 = 0
ROUND 2378 A#27 and B#47 = 0
ROUND 2379 A#28 and B#47 = -1.13092e-320
ROUND 2380 A#29 and B#47 = 268.065
ROUND 2381 A#30 and B#47 = 269.673
ROUND 2382 A#31 and B#47 = 270.552
ROUND 2383 A#32 and B#47 = 5.3805
ROUND 2384 A#33 and B#47 = -4.39685e-312
ROUND 2385 A#34 and B#47 = 0
ROUND 2386 A#35 and B#47 = 0
ROUND 2387 A#36 and B#47 = 5.82218
ROUND 2388 A#37 and B#47 = 160.01
ROUND 2389 A#38 and B#47 = 18.5964
ROUND 2390 A#39 and B#47 = -1.96551e-314
ROUND 2391 A#40 and B#47 = -1.7427e-311
ROUND 2392 A#41 and B#47 = 160.241
ROUND 2393 A#42 and B#47 = -1.18426e-318
ROUND 2394 A#43 and B#47 = 212.729
ROUND 2395 A#44 and B#47 = 2.98382
ROUND 2396 A#45 and B#47 = -1.49615e-314
ROUND 2397 A#46 and B#47 = -7.69112e-320
ROUND 2398 A#47 and B#47 = 243.117
ROUND 2399 A#48 and B#47 = 5.51156
ROUND 2400 A#49 and B#47 = 38.2479
ROUND 2401 A#0 and B#48 = -4.20891e-315
ROUND 2402 A#1 and B#48 = 260.494
ROUND 2403 A#2 and B#48 = 199.039
ROUND 2404 A#3 and B#48 = 199.285
ROUND 2405 A#4 and B#48 = 8.41066
ROUND 2406 A#5 and B#48 = 4.08299
ROUND 2407 A#6 and B#48 = 5.9617
ROUND 2408 A#7 and B#48 = 5.9241
ROUND 2409 A#8 and B#48 = 144.345
ROUND 2410 A#9 and B#48 = 278.498
ROUND 2411 A#10 and B#48 = 108.974
ROUND 2412 A#11 and B#48 = 108.765
ROUND 2413 A#12 and B#48 = 146.161
ROUND 2414 A#13 and B#48 = 246.619
ROUND 2415 A#14 and B#48 = 257.326
ROUND 2416 A#15 and B#48 = 208.946
ROUND 2417 A#16 and B#48 = 254.442
ROUND 2418 A#17 and B#48 = 255.133
ROUND 2419 A#18 and B#48 = 257.594
ROUND 2420 A#19 and B#48 = 257.663
ROUND 2421 A#20 and B#48 = -1.39084e-313
ROUND 2422 A#21 and B#48 = -6.55408e-319
ROUND 2423 A#22 and B#48 = -2.31865e-320
ROUND 2424 A#23 and B#48 = 157.001
ROUND 2425 A#24 and B#48 = 157.532
ROUND 2426 A#25 and B#48 = 277.149
ROUND 2427 A#26 and B#48 = 0
ROUND 2428 A#27 and B#48 = -3.31551e-312
ROUND 2429 A#28 and B#48 = 0
ROUND 2430 A#29 and B#48 = 255.373
ROUND 2431 A#30 and B#48 = 268.971
ROUND 2432 A#31 and B#48 = 270.484
ROUND 2433 A#32 and B#48 = 5.63069
ROUND 2434 A#33 and B#48 = 5.52037
ROUND 2435 A#34 and B#48 = -1.06985e-314
ROUND 2436 A#35 and B#48 = -4.78687e-314
ROUND 2437 A#36 and B#48 = -1.93953e-316
ROUND 2438 A#37 and B#48 = 99.6754
ROUND 2439 A#38 and B#48 = 18.1558
ROUND 2440 A#39 and B#48 = 3.59514
ROUND 2441 A#40 and B#48 = 3.55308
ROUND 2442 A#41 and B#48 = 51.9342
ROUND 2443 A#42 and B#48 = 0
ROUND 2444 A#43 and B#48 = 0
ROUND 2445 A#44 and B#48 = 2.93777
ROUND 2446 A#45 and B#48 = 111.16
ROUND 2447 A#46 and B#48 = 5.24123
ROUND 2448 A#47 and B#48 = 241.726
ROUND 2449 A#48 and B#48 = 5.0379
ROUND 2450 A#49 and B#48 = -4.5454e-322
ROUND 2451 A#0 and B#49 = 258.441
ROUND 2452 A#1 and B#49 = 257.956
ROUND 2453 A#2 and B#49 = 205.962
ROUND 2454 A#3 and B#49 = 205.094
ROUND 2455 A#4 and B#49 = 205.463
ROUND 2456 A#5 and B#49 = 227.414
ROUND 2457 A#6 and B#49 = 187.944
ROUND 2458 A#7 and B#49 = 234.534
ROUND 2459 A#8 and B#49 = 203.434
ROUND 2460 A#9 and B#49 = 7.07946
ROUND 2461 A#10 and B#49 = 270.472
ROUND 2462 A#11 and B#49 = 109.446
ROUND 2463 A#12 and B#49 = 241.231
ROUND 2464 A#13 and B#49 = 212.787
ROUND 2465 A#14 and B#49 = 189.403
ROUND 2466 A#15 and B#49 = 79.704
ROUND 2467 A#16 and B#49 = 281.763
ROUND 2468 A#17 and B#49 = 277.803
ROUND 2469 A#18 and B#49 = 316.955
ROUND 2470 A#19 and B#49 = 327.949
ROUND 2471 A#20 and B#49 = 297.433
ROUND 2472 A#21 and B#49 = 304.805
ROUND 2473 A#22 and B#49 = 305.887
ROUND 2474 A#23 and B#49 = 130.402
ROUND 2475 A#24 and B#49 = 118.468
ROUND 2476 A#25 and B#49 = 248.416
ROUND 2477 A#26 and B#49 = 280.885
ROUND 2478 A#27 and B#49 = 77.0838
ROUND 2479 A#28 and B#49 = 119.145
ROUND 2480 A#29 and B#49 = 165.437
ROUND 2481 A#30 and B#49 = 197.322
ROUND 2482 A#31 and B#49 = 194.254
ROUND 2483 A#32 and B#49 = 116.44
ROUND 2484 A#33 and B#49 = 263.32
ROUND 2485 A#34 and B#49 = 226.741
ROUND 2486 A#35 and B#49 = 228.641
ROUND 2487 A#36 and B#49 = 8.10176
ROUND 2488 A#37 and B#49 = 86.8324
ROUND 2489 A#38 and B#49 = 255.733
ROUND 2490 A#39 and B#49 = 198.444
ROUND 2491 A#40 and B#49 = 268.286
ROUND 2492 A#41 and B#49 = 155.963
ROUND 2493 A#42 and B#49 = -3.87937e-315
ROUND 2494 A#43 and B#49 = 0
ROUND 2495 A#44 and B#49 = 242.965
ROUND 2496 A#45 and B#49 = 117.811
ROUND 2497 A#46 and B#49 = 245.777
ROUND 2498 A#47 and B#49 = 259.03
ROUND 2499 A#48 and B#49 = 258.743
ROUND 2500 A#49 and B#49 = 200.261

The best overlap is between conformer A#28 and B#2, which, after PCA followed by Steepest Descent, produces a volume overlap of 339.822
Tanimoto (Hodgkin) similarity index: 0.448344

Saving those best conformers to file...
WRITING MOLECULE TO FILE '../ALL_PAIRS_BQ123_AS_REFERENCE/ROKS3/BQ123-ACT132577.mol2' (WILL OVERWRITE EXISTING FILE IF ANY)...
WRITING MOLECULE TO FILE '../ALL_PAIRS_BQ123_AS_REFERENCE/ROKS3/BQ123-ACT132577.mol2'...
