Finished importing molecules
WARNING: LAPACK DSYEV() RETURNED NON-ZERO ERROR CODE 2
WARNING: LAPACK DSYEV() RETURNED NON-ZERO ERROR CODE 2
WARNING: LAPACK DSYEV() RETURNED NON-ZERO ERROR CODE 2
WARNING: LAPACK DSYEV() RETURNED NON-ZERO ERROR CODE 2
WARNING: LAPACK DSYEV() RETURNED NON-ZERO ERROR CODE 3
WARNING: LAPACK DSYEV() RETURNED NON-ZERO ERROR CODE 2
WARNING: LAPACK DSYEV() RETURNED NON-ZERO ERROR CODE 3
WARNING: LAPACK DSYEV() RETURNED NON-ZERO ERROR CODE 3
WARNING: LAPACK DSYEV() RETURNED NON-ZERO ERROR CODE 3
WARNING: LAPACK DSYEV() RETURNED NON-ZERO ERROR CODE 2
WARNING: LAPACK DSYEV() RETURNED NON-ZERO ERROR CODE 3
WARNING: LAPACK DSYEV() RETURNED NON-ZERO ERROR CODE 2
WARNING: LAPACK DSYEV() RETURNED NON-ZERO ERROR CODE 3
WARNING: LAPACK DSYEV() RETURNED NON-ZERO ERROR CODE 3
WARNING: LAPACK DSYEV() RETURNED NON-ZERO ERROR CODE 3
WARNING: LAPACK DSYEV() RETURNED NON-ZERO ERROR CODE 2
WARNING: LAPACK DSYEV() RETURNED NON-ZERO ERROR CODE 2
WARNING: LAPACK DSYEV() RETURNED NON-ZERO ERROR CODE 3
WARNING: LAPACK DSYEV() RETURNED NON-ZERO ERROR CODE 2
WARNING: LAPACK DSYEV() RETURNED NON-ZERO ERROR CODE 2
WARNING: LAPACK DSYEV() RETURNED NON-ZERO ERROR CODE 2
WARNING: LAPACK DSYEV() RETURNED NON-ZERO ERROR CODE 2
WARNING: LAPACK DSYEV() RETURNED NON-ZERO ERROR CODE 2
WARNING: LAPACK DSYEV() RETURNED NON-ZERO ERROR CODE 2
WARNING: LAPACK DSYEV() RETURNED NON-ZERO ERROR CODE 2
WARNING: LAPACK DSYEV() RETURNED NON-ZERO ERROR CODE 2
WARNING: LAPACK DSYEV() RETURNED NON-ZERO ERROR CODE 2
WARNING: LAPACK DSYEV() RETURNED NON-ZERO ERROR CODE 3
WARNING: LAPACK DSYEV() RETURNED NON-ZERO ERROR CODE 2
WARNING: LAPACK DSYEV() RETURNED NON-ZERO ERROR CODE 3
WARNING: LAPACK DSYEV() RETURNED NON-ZERO ERROR CODE 2
WARNING: LAPACK DSYEV() RETURNED NON-ZERO ERROR CODE 2
WARNING: LAPACK DSYEV() RETURNED NON-ZERO ERROR CODE 3
WARNING: LAPACK DSYEV() RETURNED NON-ZERO ERROR CODE 2
WARNING: LAPACK DSYEV() RETURNED NON-ZERO ERROR CODE 3
WARNING: LAPACK DSYEV() RETURNED NON-ZERO ERROR CODE 3
WARNING: LAPACK DSYEV() RETURNED NON-ZERO ERROR CODE 3
WARNING: LAPACK DSYEV() RETURNED NON-ZERO ERROR CODE 2
WARNING: LAPACK DSYEV() RETURNED NON-ZERO ERROR CODE 2
WARNING: LAPACK DSYEV() RETURNED NON-ZERO ERROR CODE 2
WARNING: LAPACK DSYEV() RETURNED NON-ZERO ERROR CODE 2
WARNING: LAPACK DSYEV() RETURNED NON-ZERO ERROR CODE 2
WARNING: LAPACK DSYEV() RETURNED NON-ZERO ERROR CODE 3
WARNING: LAPACK DSYEV() RETURNED NON-ZERO ERROR CODE 2
WARNING: LAPACK DSYEV() RETURNED NON-ZERO ERROR CODE 2
WARNING: LAPACK DSYEV() RETURNED NON-ZERO ERROR CODE 3
WARNING: LAPACK DSYEV() RETURNED NON-ZERO ERROR CODE 3
WARNING: LAPACK DSYEV() RETURNED NON-ZERO ERROR CODE 2
WARNING: LAPACK DSYEV() RETURNED NON-ZERO ERROR CODE 2
WARNING: LAPACK DSYEV() RETURNED NON-ZERO ERROR CODE 3
WARNING: LAPACK DSYEV() RETURNED NON-ZERO ERROR CODE 2
WARNING: LAPACK DSYEV() RETURNED NON-ZERO ERROR CODE 3
WARNING: LAPACK DSYEV() RETURNED NON-ZERO ERROR CODE 3
WARNING: LAPACK DSYEV() RETURNED NON-ZERO ERROR CODE 2
WARNING: LAPACK DSYEV() RETURNED NON-ZERO ERROR CODE 3
WARNING: LAPACK DSYEV() RETURNED NON-ZERO ERROR CODE 2
WARNING: LAPACK DSYEV() RETURNED NON-ZERO ERROR CODE 2
WARNING: LAPACK DSYEV() RETURNED NON-ZERO ERROR CODE 3
WARNING: LAPACK DSYEV() RETURNED NON-ZERO ERROR CODE 3
WARNING: LAPACK DSYEV() RETURNED NON-ZERO ERROR CODE 3
WARNING: LAPACK DSYEV() RETURNED NON-ZERO ERROR CODE 2
WARNING: LAPACK DSYEV() RETURNED NON-ZERO ERROR CODE 3
WARNING: LAPACK DSYEV() RETURNED NON-ZERO ERROR CODE 2
WARNING: LAPACK DSYEV() RETURNED NON-ZERO ERROR CODE 3
WARNING: LAPACK DSYEV() RETURNED NON-ZERO ERROR CODE 2
WARNING: LAPACK DSYEV() RETURNED NON-ZERO ERROR CODE 2
WARNING: LAPACK DSYEV() RETURNED NON-ZERO ERROR CODE 3
WARNING: LAPACK DSYEV() RETURNED NON-ZERO ERROR CODE 2
WARNING: LAPACK DSYEV() RETURNED NON-ZERO ERROR CODE 2
WARNING: LAPACK DSYEV() RETURNED NON-ZERO ERROR CODE 3
WARNING: LAPACK DSYEV() RETURNED NON-ZERO ERROR CODE 2
WARNING: LAPACK DSYEV() RETURNED NON-ZERO ERROR CODE 3
WARNING: LAPACK DSYEV() RETURNED NON-ZERO ERROR CODE 3
WARNING: LAPACK DSYEV() RETURNED NON-ZERO ERROR CODE 3
WARNING: LAPACK DSYEV() RETURNED NON-ZERO ERROR CODE 3
WARNING: LAPACK DSYEV() RETURNED NON-ZERO ERROR CODE 3
WARNING: LAPACK DSYEV() RETURNED NON-ZERO ERROR CODE 2
WARNING: LAPACK DSYEV() RETURNED NON-ZERO ERROR CODE 3
WARNING: LAPACK DSYEV() RETURNED NON-ZERO ERROR CODE 3
WARNING: LAPACK DSYEV() RETURNED NON-ZERO ERROR CODE 3
WARNING: LAPACK DSYEV() RETURNED NON-ZERO ERROR CODE 2
WARNING: LAPACK DSYEV() RETURNED NON-ZERO ERROR CODE 3
WARNING: LAPACK DSYEV() RETURNED NON-ZERO ERROR CODE 2
WARNING: LAPACK DSYEV() RETURNED NON-ZERO ERROR CODE 3
WARNING: LAPACK DSYEV() RETURNED NON-ZERO ERROR CODE 2
WARNING: LAPACK DSYEV() RETURNED NON-ZERO ERROR CODE 3
WARNING: LAPACK DSYEV() RETURNED NON-ZERO ERROR CODE 3
WARNING: LAPACK DSYEV() RETURNED NON-ZERO ERROR CODE 2
WARNING: LAPACK DSYEV() RETURNED NON-ZERO ERROR CODE 2
WARNING: LAPACK DSYEV() RETURNED NON-ZERO ERROR CODE 3
WARNING: LAPACK DSYEV() RETURNED NON-ZERO ERROR CODE 3
WARNING: LAPACK DSYEV() RETURNED NON-ZERO ERROR CODE 3
WARNING: LAPACK DSYEV() RETURNED NON-ZERO ERROR CODE 3
WARNING: LAPACK DSYEV() RETURNED NON-ZERO ERROR CODE 3
WARNING: LAPACK DSYEV() RETURNED NON-ZERO ERROR CODE 2
WARNING: LAPACK DSYEV() RETURNED NON-ZERO ERROR CODE 2
WARNING: LAPACK DSYEV() RETURNED NON-ZERO ERROR CODE 2
WARNING: LAPACK DSYEV() RETURNED NON-ZERO ERROR CODE 2
WARNING: LAPACK DSYEV() RETURNED NON-ZERO ERROR CODE 2
WARNING: LAPACK DSYEV() RETURNED NON-ZERO ERROR CODE 3
Finished setting up data; running search...
ROUND 1 A#0 and B#0 = 163.84
ROUND 2 A#1 and B#0 = 74.6705
ROUND 3 A#2 and B#0 = 209.237
ROUND 4 A#3 and B#0 = 228.515
ROUND 5 A#4 and B#0 = 226.354
ROUND 6 A#5 and B#0 = 212.5
ROUND 7 A#6 and B#0 = 191.472
ROUND 8 A#7 and B#0 = 230.399
ROUND 9 A#8 and B#0 = 197.105
ROUND 10 A#9 and B#0 = 204.131
ROUND 11 A#10 and B#0 = 216.685
ROUND 12 A#11 and B#0 = 95.9729
ROUND 13 A#12 and B#0 = 82.0506
ROUND 14 A#13 and B#0 = 224.844
ROUND 15 A#14 and B#0 = 198.706
ROUND 16 A#15 and B#0 = 229.062
ROUND 17 A#16 and B#0 = 206.576
ROUND 18 A#17 and B#0 = 217.828
ROUND 19 A#18 and B#0 = 199.749
ROUND 20 A#19 and B#0 = 191.548
ROUND 21 A#20 and B#0 = 195.87
ROUND 22 A#21 and B#0 = 0.655594
ROUND 23 A#22 and B#0 = 224.139
ROUND 24 A#23 and B#0 = 201.042
ROUND 25 A#24 and B#0 = 217.046
ROUND 26 A#25 and B#0 = 195.728
ROUND 27 A#26 and B#0 = 203.61
ROUND 28 A#27 and B#0 = 200.742
ROUND 29 A#28 and B#0 = 222.962
ROUND 30 A#29 and B#0 = 188.922
ROUND 31 A#30 and B#0 = 202.171
ROUND 32 A#31 and B#0 = 204.427
ROUND 33 A#32 and B#0 = 193.743
ROUND 34 A#33 and B#0 = 211.369
ROUND 35 A#34 and B#0 = 222.892
ROUND 36 A#35 and B#0 = 199.157
ROUND 37 A#36 and B#0 = 222.923
ROUND 38 A#37 and B#0 = 201.54
ROUND 39 A#38 and B#0 = 198.924
ROUND 40 A#39 and B#0 = 64.3454
ROUND 41 A#40 and B#0 = 196.947
ROUND 42 A#41 and B#0 = 197.829
ROUND 43 A#42 and B#0 = 198.134
ROUND 44 A#43 and B#0 = 196.522
ROUND 45 A#44 and B#0 = 210.644
ROUND 46 A#45 and B#0 = 147.969
ROUND 47 A#46 and B#0 = 195.056
ROUND 48 A#47 and B#0 = 189.968
ROUND 49 A#48 and B#0 = 169.408
ROUND 50 A#49 and B#0 = 221.102
ROUND 51 A#0 and B#1 = 219.892
ROUND 52 A#1 and B#1 = 201.06
ROUND 53 A#2 and B#1 = 217.77
ROUND 54 A#3 and B#1 = 187.971
ROUND 55 A#4 and B#1 = 233.874
ROUND 56 A#5 and B#1 = 197.243
ROUND 57 A#6 and B#1 = 185.345
ROUND 58 A#7 and B#1 = 220.39
ROUND 59 A#8 and B#1 = 193.019
ROUND 60 A#9 and B#1 = 194.946
ROUND 61 A#10 and B#1 = 202.811
ROUND 62 A#11 and B#1 = 201.154
ROUND 63 A#12 and B#1 = 198.686
ROUND 64 A#13 and B#1 = 213.687
ROUND 65 A#14 and B#1 = 226.762
ROUND 66 A#15 and B#1 = 226.415
ROUND 67 A#16 and B#1 = 208.188
ROUND 68 A#17 and B#1 = 202.761
ROUND 69 A#18 and B#1 = 217.542
ROUND 70 A#19 and B#1 = 85.5321
ROUND 71 A#20 and B#1 = 198.745
ROUND 72 A#21 and B#1 = 205.716
ROUND 73 A#22 and B#1 = 201.007
ROUND 74 A#23 and B#1 = 201.087
ROUND 75 A#24 and B#1 = 225.932
ROUND 76 A#25 and B#1 = 199.886
ROUND 77 A#26 and B#1 = 204.616
ROUND 78 A#27 and B#1 = 194.737
ROUND 79 A#28 and B#1 = 216.222
ROUND 80 A#29 and B#1 = 166.251
ROUND 81 A#30 and B#1 = 221.199
ROUND 82 A#31 and B#1 = 197.129
ROUND 83 A#32 and B#1 = 198.404
ROUND 84 A#33 and B#1 = 168.724
ROUND 85 A#34 and B#1 = 70.6421
ROUND 86 A#35 and B#1 = 89.9166
ROUND 87 A#36 and B#1 = 193.862
ROUND 88 A#37 and B#1 = 195.918
ROUND 89 A#38 and B#1 = 189.275
ROUND 90 A#39 and B#1 = 198.196
ROUND 91 A#40 and B#1 = 173.762
ROUND 92 A#41 and B#1 = 227.755
ROUND 93 A#42 and B#1 = 201.541
ROUND 94 A#43 and B#1 = 219.035
ROUND 95 A#44 and B#1 = 178.162
ROUND 96 A#45 and B#1 = 223.466
ROUND 97 A#46 and B#1 = 226.452
ROUND 98 A#47 and B#1 = 222.674
ROUND 99 A#48 and B#1 = 226.413
ROUND 100 A#49 and B#1 = 200.397
ROUND 101 A#0 and B#2 = 223.491
ROUND 102 A#1 and B#2 = 200.727
ROUND 103 A#2 and B#2 = 217.7
ROUND 104 A#3 and B#2 = 226.845
ROUND 105 A#4 and B#2 = 232.884
ROUND 106 A#5 and B#2 = 197.276
ROUND 107 A#6 and B#2 = 185.424
ROUND 108 A#7 and B#2 = 220.15
ROUND 109 A#8 and B#2 = 223.365
ROUND 110 A#9 and B#2 = 226.389
ROUND 111 A#10 and B#2 = 202.805
ROUND 112 A#11 and B#2 = 202.878
ROUND 113 A#12 and B#2 = 198.457
ROUND 114 A#13 and B#2 = 213.767
ROUND 115 A#14 and B#2 = 226.723
ROUND 116 A#15 and B#2 = 226.1
ROUND 117 A#16 and B#2 = 109.821
ROUND 118 A#17 and B#2 = 202.482
ROUND 119 A#18 and B#2 = 217.309
ROUND 120 A#19 and B#2 = 85.6974
ROUND 121 A#20 and B#2 = 194.202
ROUND 122 A#21 and B#2 = 205.789
ROUND 123 A#22 and B#2 = 200.428
ROUND 124 A#23 and B#2 = 201.086
ROUND 125 A#24 and B#2 = 230.7
ROUND 126 A#25 and B#2 = 200.096
ROUND 127 A#26 and B#2 = 227.928
ROUND 128 A#27 and B#2 = 208.91
ROUND 129 A#28 and B#2 = 216.834
ROUND 130 A#29 and B#2 = 166.27
ROUND 131 A#30 and B#2 = 221.277
ROUND 132 A#31 and B#2 = 197.526
ROUND 133 A#32 and B#2 = 198.341
ROUND 134 A#33 and B#2 = 168.718
ROUND 135 A#34 and B#2 = 202.276
ROUND 136 A#35 and B#2 = 93.1791
ROUND 137 A#36 and B#2 = 193.736
ROUND 138 A#37 and B#2 = 196.292
ROUND 139 A#38 and B#2 = 226.846
ROUND 140 A#39 and B#2 = 198.244
ROUND 141 A#40 and B#2 = 173.58
ROUND 142 A#41 and B#2 = 227.849
ROUND 143 A#42 and B#2 = 201.615
ROUND 144 A#43 and B#2 = 218.939
ROUND 145 A#44 and B#2 = 178.558
ROUND 146 A#45 and B#2 = 222.542
ROUND 147 A#46 and B#2 = 226.276
ROUND 148 A#47 and B#2 = 198.096
ROUND 149 A#48 and B#2 = 210.27
ROUND 150 A#49 and B#2 = 196.664
ROUND 151 A#0 and B#3 = 219.831
ROUND 152 A#1 and B#3 = 220.582
ROUND 153 A#2 and B#3 = 175.002
ROUND 154 A#3 and B#3 = 220.805
ROUND 155 A#4 and B#3 = 202.029
ROUND 156 A#5 and B#3 = 196.773
ROUND 157 A#6 and B#3 = 188.122
ROUND 158 A#7 and B#3 = 194.809
ROUND 159 A#8 and B#3 = 201.414
ROUND 160 A#9 and B#3 = 169.088
ROUND 161 A#10 and B#3 = 203.277
ROUND 162 A#11 and B#3 = 221.173
ROUND 163 A#12 and B#3 = 197.118
ROUND 164 A#13 and B#3 = 206.087
ROUND 165 A#14 and B#3 = 197.633
ROUND 166 A#15 and B#3 = 205.495
ROUND 167 A#16 and B#3 = 220.415
ROUND 168 A#17 and B#3 = 178.107
ROUND 169 A#18 and B#3 = 196.903
ROUND 170 A#19 and B#3 = 204.506
ROUND 171 A#20 and B#3 = 191.872
ROUND 172 A#21 and B#3 = 221.897
ROUND 173 A#22 and B#3 = 198.98
ROUND 174 A#23 and B#3 = 201.202
ROUND 175 A#24 and B#3 = 164.453
ROUND 176 A#25 and B#3 = 105.179
ROUND 177 A#26 and B#3 = 221.482
ROUND 178 A#27 and B#3 = 222.569
ROUND 179 A#28 and B#3 = 203.839
ROUND 180 A#29 and B#3 = 221.261
ROUND 181 A#30 and B#3 = 202.553
ROUND 182 A#31 and B#3 = 200.393
ROUND 183 A#32 and B#3 = 219.849
ROUND 184 A#33 and B#3 = 220.937
ROUND 185 A#34 and B#3 = 221.596
ROUND 186 A#35 and B#3 = 199.707
ROUND 187 A#36 and B#3 = 178.798
ROUND 188 A#37 and B#3 = 197.707
ROUND 189 A#38 and B#3 = 198.069
ROUND 190 A#39 and B#3 = 198.077
ROUND 191 A#40 and B#3 = 174.217
ROUND 192 A#41 and B#3 = 211.261
ROUND 193 A#42 and B#3 = 195.622
ROUND 194 A#43 and B#3 = 177.173
ROUND 195 A#44 and B#3 = 203.665
ROUND 196 A#45 and B#3 = 221.359
ROUND 197 A#46 and B#3 = 193.49
ROUND 198 A#47 and B#3 = 219.607
ROUND 199 A#48 and B#3 = 200.659
ROUND 200 A#49 and B#3 = 18.9874
ROUND 201 A#0 and B#4 = 203.844
ROUND 202 A#1 and B#4 = 212.575
ROUND 203 A#2 and B#4 = 194.98
ROUND 204 A#3 and B#4 = 223.155
ROUND 205 A#4 and B#4 = 202.033
ROUND 206 A#5 and B#4 = 212.497
ROUND 207 A#6 and B#4 = 208.698
ROUND 208 A#7 and B#4 = 218.911
ROUND 209 A#8 and B#4 = 202.866
ROUND 210 A#9 and B#4 = 202.995
ROUND 211 A#10 and B#4 = 44.4401
ROUND 212 A#11 and B#4 = 104.499
ROUND 213 A#12 and B#4 = 218.631
ROUND 214 A#13 and B#4 = 175.429
ROUND 215 A#14 and B#4 = 225.463
ROUND 216 A#15 and B#4 = 220.139
ROUND 217 A#16 and B#4 = 204.04
ROUND 218 A#17 and B#4 = 212.034
ROUND 219 A#18 and B#4 = 216.831
ROUND 220 A#19 and B#4 = 225.572
ROUND 221 A#20 and B#4 = 208.461
ROUND 222 A#21 and B#4 = 222.304
ROUND 223 A#22 and B#4 = 231.631
ROUND 224 A#23 and B#4 = 179.157
ROUND 225 A#24 and B#4 = 205.153
ROUND 226 A#25 and B#4 = 212.802
ROUND 227 A#26 and B#4 = 226.651
ROUND 228 A#27 and B#4 = 202.176
ROUND 229 A#28 and B#4 = 208.663
ROUND 230 A#29 and B#4 = 110.397
ROUND 231 A#30 and B#4 = 208.24
ROUND 232 A#31 and B#4 = 213.921
ROUND 233 A#32 and B#4 = 212.419
ROUND 234 A#33 and B#4 = 228.547
ROUND 235 A#34 and B#4 = 91.2513
ROUND 236 A#35 and B#4 = 211.094
ROUND 237 A#36 and B#4 = 193.542
ROUND 238 A#37 and B#4 = 213.364
ROUND 239 A#38 and B#4 = 213.838
ROUND 240 A#39 and B#4 = 213.758
ROUND 241 A#40 and B#4 = 198.511
ROUND 242 A#41 and B#4 = 227.163
ROUND 243 A#42 and B#4 = 222.119
ROUND 244 A#43 and B#4 = 197.368
ROUND 245 A#44 and B#4 = 213.399
ROUND 246 A#45 and B#4 = 212.793
ROUND 247 A#46 and B#4 = 216.531
ROUND 248 A#47 and B#4 = 202.628
ROUND 249 A#48 and B#4 = 219.941
ROUND 250 A#49 and B#4 = 215.527
ROUND 251 A#0 and B#5 = 215.579
ROUND 252 A#1 and B#5 = 203.377
ROUND 253 A#2 and B#5 = 214.045
ROUND 254 A#3 and B#5 = 184.568
ROUND 255 A#4 and B#5 = 202.077
ROUND 256 A#5 and B#5 = 197.745
ROUND 257 A#6 and B#5 = 197.623
ROUND 258 A#7 and B#5 = 194.797
ROUND 259 A#8 and B#5 = 219.185
ROUND 260 A#9 and B#5 = 219.423
ROUND 261 A#10 and B#5 = 203.32
ROUND 262 A#11 and B#5 = 203.256
ROUND 263 A#12 and B#5 = 184.547
ROUND 264 A#13 and B#5 = 212.497
ROUND 265 A#14 and B#5 = 197.541
ROUND 266 A#15 and B#5 = 204.782
ROUND 267 A#16 and B#5 = 216.388
ROUND 268 A#17 and B#5 = 197.891
ROUND 269 A#18 and B#5 = 198.054
ROUND 270 A#19 and B#5 = 204.706
ROUND 271 A#20 and B#5 = 212.95
ROUND 272 A#21 and B#5 = 97.5322
ROUND 273 A#22 and B#5 = 67.3737
ROUND 274 A#23 and B#5 = 201.248
ROUND 275 A#24 and B#5 = 218.208
ROUND 276 A#25 and B#5 = 195.727
ROUND 277 A#26 and B#5 = 221.557
ROUND 278 A#27 and B#5 = 218.653
ROUND 279 A#28 and B#5 = 203.969
ROUND 280 A#29 and B#5 = 172.342
ROUND 281 A#30 and B#5 = 176.268
ROUND 282 A#31 and B#5 = 200.793
ROUND 283 A#32 and B#5 = 202.614
ROUND 284 A#33 and B#5 = 14.1319
ROUND 285 A#34 and B#5 = 167.831
ROUND 286 A#35 and B#5 = 181.367
ROUND 287 A#36 and B#5 = 69.3008
ROUND 288 A#37 and B#5 = 191.302
ROUND 289 A#38 and B#5 = 197.461
ROUND 290 A#39 and B#5 = 197.398
ROUND 291 A#40 and B#5 = 175.071
ROUND 292 A#41 and B#5 = 197.301
ROUND 293 A#42 and B#5 = 209.538
ROUND 294 A#43 and B#5 = 178.163
ROUND 295 A#44 and B#5 = 220.781
ROUND 296 A#45 and B#5 = 198.481
ROUND 297 A#46 and B#5 = 194.069
ROUND 298 A#47 and B#5 = 218.282
ROUND 299 A#48 and B#5 = 200.419
ROUND 300 A#49 and B#5 = 197.692
ROUND 301 A#0 and B#6 = 198.706
ROUND 302 A#1 and B#6 = 35.5223
ROUND 303 A#2 and B#6 = 206.116
ROUND 304 A#3 and B#6 = 206.463
ROUND 305 A#4 and B#6 = 225.315
ROUND 306 A#5 and B#6 = 162.166
ROUND 307 A#6 and B#6 = 200.731
ROUND 308 A#7 and B#6 = 221.349
ROUND 309 A#8 and B#6 = 231.177
ROUND 310 A#9 and B#6 = 230.788
ROUND 311 A#10 and B#6 = 198.983
ROUND 312 A#11 and B#6 = 203.292
ROUND 313 A#12 and B#6 = -11.0431
ROUND 314 A#13 and B#6 = 199.963
ROUND 315 A#14 and B#6 = 202.766
ROUND 316 A#15 and B#6 = 198.715
ROUND 317 A#16 and B#6 = 171.868
ROUND 318 A#17 and B#6 = 128.022
ROUND 319 A#18 and B#6 = 190.791
ROUND 320 A#19 and B#6 = 181.844
ROUND 321 A#20 and B#6 = 193.379
ROUND 322 A#21 and B#6 = 212.654
ROUND 323 A#22 and B#6 = 206.375
ROUND 324 A#23 and B#6 = 224.538
ROUND 325 A#24 and B#6 = 229.605
ROUND 326 A#25 and B#6 = 198.785
ROUND 327 A#26 and B#6 = 224.844
ROUND 328 A#27 and B#6 = 39.1864
ROUND 329 A#28 and B#6 = 224.299
ROUND 330 A#29 and B#6 = 53.7552
ROUND 331 A#30 and B#6 = 203.53
ROUND 332 A#31 and B#6 = 185.719
ROUND 333 A#32 and B#6 = 75.7142
ROUND 334 A#33 and B#6 = 108.512
ROUND 335 A#34 and B#6 = 227.126
ROUND 336 A#35 and B#6 = 206.729
ROUND 337 A#36 and B#6 = 200.474
ROUND 338 A#37 and B#6 = 209.902
ROUND 339 A#38 and B#6 = 205.965
ROUND 340 A#39 and B#6 = 159.502
ROUND 341 A#40 and B#6 = 223.615
ROUND 342 A#41 and B#6 = 60.0862
ROUND 343 A#42 and B#6 = 34.3115
ROUND 344 A#43 and B#6 = 220.295
ROUND 345 A#44 and B#6 = 136.282
ROUND 346 A#45 and B#6 = 221.756
ROUND 347 A#46 and B#6 = 64.2289
ROUND 348 A#47 and B#6 = 188.207
ROUND 349 A#48 and B#6 = 227.191
ROUND 350 A#49 and B#6 = 207.312
ROUND 351 A#0 and B#7 = 221.103
ROUND 352 A#1 and B#7 = 200.946
ROUND 353 A#2 and B#7 = 217.751
ROUND 354 A#3 and B#7 = 187.908
ROUND 355 A#4 and B#7 = 233.785
ROUND 356 A#5 and B#7 = 197.267
ROUND 357 A#6 and B#7 = 185.104
ROUND 358 A#7 and B#7 = 220.639
ROUND 359 A#8 and B#7 = 193.246
ROUND 360 A#9 and B#7 = 195.182
ROUND 361 A#10 and B#7 = 202.799
ROUND 362 A#11 and B#7 = 201.162
ROUND 363 A#12 and B#7 = 198.892
ROUND 364 A#13 and B#7 = 213.528
ROUND 365 A#14 and B#7 = 226.873
ROUND 366 A#15 and B#7 = 226.515
ROUND 367 A#16 and B#7 = 108.263
ROUND 368 A#17 and B#7 = 202.432
ROUND 369 A#18 and B#7 = 217.709
ROUND 370 A#19 and B#7 = 84.3757
ROUND 371 A#20 and B#7 = 198.902
ROUND 372 A#21 and B#7 = 205.902
ROUND 373 A#22 and B#7 = 200.994
ROUND 374 A#23 and B#7 = 219.839
ROUND 375 A#24 and B#7 = 226.217
ROUND 376 A#25 and B#7 = 199.911
ROUND 377 A#26 and B#7 = 227.344
ROUND 378 A#27 and B#7 = 210.376
ROUND 379 A#28 and B#7 = 215.933
ROUND 380 A#29 and B#7 = 166.292
ROUND 381 A#30 and B#7 = 220.996
ROUND 382 A#31 and B#7 = 196.989
ROUND 383 A#32 and B#7 = 198.972
ROUND 384 A#33 and B#7 = 168.927
ROUND 385 A#34 and B#7 = 71.3659
ROUND 386 A#35 and B#7 = 205.845
ROUND 387 A#36 and B#7 = 193.731
ROUND 388 A#37 and B#7 = 195.818
ROUND 389 A#38 and B#7 = 198.178
ROUND 390 A#39 and B#7 = 198.218
ROUND 391 A#40 and B#7 = 173.293
ROUND 392 A#41 and B#7 = 196.647
ROUND 393 A#42 and B#7 = 201.615
ROUND 394 A#43 and B#7 = 219.071
ROUND 395 A#44 and B#7 = 178.749
ROUND 396 A#45 and B#7 = 223.524
ROUND 397 A#46 and B#7 = 226.284
ROUND 398 A#47 and B#7 = 124.04
ROUND 399 A#48 and B#7 = 226.498
ROUND 400 A#49 and B#7 = 200.034
ROUND 401 A#0 and B#8 = 195.683
ROUND 402 A#1 and B#8 = 219.45
ROUND 403 A#2 and B#8 = 195.141
ROUND 404 A#3 and B#8 = 186.673
ROUND 405 A#4 and B#8 = 198.94
ROUND 406 A#5 and B#8 = 220.056
ROUND 407 A#6 and B#8 = 214.892
ROUND 408 A#7 and B#8 = 216.393
ROUND 409 A#8 and B#8 = 219.245
ROUND 410 A#9 and B#8 = 219.11
ROUND 411 A#10 and B#8 = 221.903
ROUND 412 A#11 and B#8 = 190.782
ROUND 413 A#12 and B#8 = 198.391
ROUND 414 A#13 and B#8 = 28.2336
ROUND 415 A#14 and B#8 = 202.734
ROUND 416 A#15 and B#8 = 222.399
ROUND 417 A#16 and B#8 = 205.011
ROUND 418 A#17 and B#8 = 182.164
ROUND 419 A#18 and B#8 = 205.305
ROUND 420 A#19 and B#8 = 223.755
ROUND 421 A#20 and B#8 = 198.172
ROUND 422 A#21 and B#8 = 221.918
ROUND 423 A#22 and B#8 = 222.678
ROUND 424 A#23 and B#8 = 219.242
ROUND 425 A#24 and B#8 = 218.607
ROUND 426 A#25 and B#8 = 203.692
ROUND 427 A#26 and B#8 = 222.974
ROUND 428 A#27 and B#8 = 219.112
ROUND 429 A#28 and B#8 = 38.0244
ROUND 430 A#29 and B#8 = 222.989
ROUND 431 A#30 and B#8 = 219.609
ROUND 432 A#31 and B#8 = 214.272
ROUND 433 A#32 and B#8 = 220.878
ROUND 434 A#33 and B#8 = 187.984
ROUND 435 A#34 and B#8 = 221.504
ROUND 436 A#35 and B#8 = 197.3
ROUND 437 A#36 and B#8 = 203.453
ROUND 438 A#37 and B#8 = 219.455
ROUND 439 A#38 and B#8 = 194.294
ROUND 440 A#39 and B#8 = 191.46
ROUND 441 A#40 and B#8 = 219.734
ROUND 442 A#41 and B#8 = 193.062
ROUND 443 A#42 and B#8 = 219.571
ROUND 444 A#43 and B#8 = 201.922
ROUND 445 A#44 and B#8 = 190.627
ROUND 446 A#45 and B#8 = 223.349
ROUND 447 A#46 and B#8 = 195.615
ROUND 448 A#47 and B#8 = 205.402
ROUND 449 A#48 and B#8 = 221.086
ROUND 450 A#49 and B#8 = 224.829
ROUND 451 A#0 and B#9 = 196.296
ROUND 452 A#1 and B#9 = 220.47
ROUND 453 A#2 and B#9 = 195.177
ROUND 454 A#3 and B#9 = 186.351
ROUND 455 A#4 and B#9 = 199.839
ROUND 456 A#5 and B#9 = 220.191
ROUND 457 A#6 and B#9 = 216.564
ROUND 458 A#7 and B#9 = 214.568
ROUND 459 A#8 and B#9 = 219.208
ROUND 460 A#9 and B#9 = 219.111
ROUND 461 A#10 and B#9 = 221.895
ROUND 462 A#11 and B#9 = 191.595
ROUND 463 A#12 and B#9 = 199.233
ROUND 464 A#13 and B#9 = -1.64973e-314
ROUND 465 A#14 and B#9 = 202.544
ROUND 466 A#15 and B#9 = 222.993
ROUND 467 A#16 and B#9 = 204.818
ROUND 468 A#17 and B#9 = 182.143
ROUND 469 A#18 and B#9 = 206.73
ROUND 470 A#19 and B#9 = 222.801
ROUND 471 A#20 and B#9 = 197.936
ROUND 472 A#21 and B#9 = 222.1
ROUND 473 A#22 and B#9 = 223.104
ROUND 474 A#23 and B#9 = 219.939
ROUND 475 A#24 and B#9 = 218.684
ROUND 476 A#25 and B#9 = 202.877
ROUND 477 A#26 and B#9 = 223.077
ROUND 478 A#27 and B#9 = 219.082
ROUND 479 A#28 and B#9 = 206.303
ROUND 480 A#29 and B#9 = 222.516
ROUND 481 A#30 and B#9 = 220.304
ROUND 482 A#31 and B#9 = 199.966
ROUND 483 A#32 and B#9 = 220.899
ROUND 484 A#33 and B#9 = 186.257
ROUND 485 A#34 and B#9 = 221.732
ROUND 486 A#35 and B#9 = 197.291
ROUND 487 A#36 and B#9 = 31.1361
ROUND 488 A#37 and B#9 = 219.262
ROUND 489 A#38 and B#9 = 193.673
ROUND 490 A#39 and B#9 = 191.788
ROUND 491 A#40 and B#9 = 219.627
ROUND 492 A#41 and B#9 = 193.014
ROUND 493 A#42 and B#9 = 219.872
ROUND 494 A#43 and B#9 = 205.062
ROUND 495 A#44 and B#9 = 191.285
ROUND 496 A#45 and B#9 = 223.322
ROUND 497 A#46 and B#9 = 197.894
ROUND 498 A#47 and B#9 = 212.953
ROUND 499 A#48 and B#9 = 220.969
ROUND 500 A#49 and B#9 = 224.388
ROUND 501 A#0 and B#10 = 219.837
ROUND 502 A#1 and B#10 = 220.708
ROUND 503 A#2 and B#10 = 175.797
ROUND 504 A#3 and B#10 = 220.289
ROUND 505 A#4 and B#10 = 201.996
ROUND 506 A#5 and B#10 = 198.557
ROUND 507 A#6 and B#10 = 219.385
ROUND 508 A#7 and B#10 = 194.805
ROUND 509 A#8 and B#10 = 201.362
ROUND 510 A#9 and B#10 = 222.45
ROUND 511 A#10 and B#10 = 203.262
ROUND 512 A#11 and B#10 = 221.394
ROUND 513 A#12 and B#10 = 197.147
ROUND 514 A#13 and B#10 = 197.764
ROUND 515 A#14 and B#10 = 197.645
ROUND 516 A#15 and B#10 = 205.16
ROUND 517 A#16 and B#10 = 220.424
ROUND 518 A#17 and B#10 = 178.67
ROUND 519 A#18 and B#10 = 196.96
ROUND 520 A#19 and B#10 = 204.562
ROUND 521 A#20 and B#10 = 188.789
ROUND 522 A#21 and B#10 = 221.454
ROUND 523 A#22 and B#10 = 201.798
ROUND 524 A#23 and B#10 = 201.174
ROUND 525 A#24 and B#10 = 163.235
ROUND 526 A#25 and B#10 = 104.3
ROUND 527 A#26 and B#10 = 221.467
ROUND 528 A#27 and B#10 = 222.482
ROUND 529 A#28 and B#10 = 192.501
ROUND 530 A#29 and B#10 = 221.302
ROUND 531 A#30 and B#10 = 202.537
ROUND 532 A#31 and B#10 = 200.321
ROUND 533 A#32 and B#10 = 220.695
ROUND 534 A#33 and B#10 = 220.581
ROUND 535 A#34 and B#10 = 221.817
ROUND 536 A#35 and B#10 = 200.168
ROUND 537 A#36 and B#10 = 179.371
ROUND 538 A#37 and B#10 = 198.328
ROUND 539 A#38 and B#10 = 198.138
ROUND 540 A#39 and B#10 = 198.196
ROUND 541 A#40 and B#10 = 174.167
ROUND 542 A#41 and B#10 = 211.402
ROUND 543 A#42 and B#10 = 160.392
ROUND 544 A#43 and B#10 = 177.212
ROUND 545 A#44 and B#10 = 203.73
ROUND 546 A#45 and B#10 = 221.372
ROUND 547 A#46 and B#10 = 193.602
ROUND 548 A#47 and B#10 = 219.599
ROUND 549 A#48 and B#10 = 200.589
ROUND 550 A#49 and B#10 = 204.184
ROUND 551 A#0 and B#11 = 223.635
ROUND 552 A#1 and B#11 = 200.916
ROUND 553 A#2 and B#11 = 217.608
ROUND 554 A#3 and B#11 = 226.924
ROUND 555 A#4 and B#11 = 233.983
ROUND 556 A#5 and B#11 = 197.106
ROUND 557 A#6 and B#11 = 185.62
ROUND 558 A#7 and B#11 = 220.34
ROUND 559 A#8 and B#11 = 224.013
ROUND 560 A#9 and B#11 = 226.446
ROUND 561 A#10 and B#11 = 202.799
ROUND 562 A#11 and B#11 = 202.759
ROUND 563 A#12 and B#11 = 198.396
ROUND 564 A#13 and B#11 = 213.727
ROUND 565 A#14 and B#11 = 226.829
ROUND 566 A#15 and B#11 = 226.406
ROUND 567 A#16 and B#11 = 110.244
ROUND 568 A#17 and B#11 = 202.549
ROUND 569 A#18 and B#11 = 217.405
ROUND 570 A#19 and B#11 = 86.5997
ROUND 571 A#20 and B#11 = 194.26
ROUND 572 A#21 and B#11 = 205.679
ROUND 573 A#22 and B#11 = 200.518
ROUND 574 A#23 and B#11 = 201.064
ROUND 575 A#24 and B#11 = 230.757
ROUND 576 A#25 and B#11 = 200.074
ROUND 577 A#26 and B#11 = 227.99
ROUND 578 A#27 and B#11 = 209.176
ROUND 579 A#28 and B#11 = 217.013
ROUND 580 A#29 and B#11 = 166.439
ROUND 581 A#30 and B#11 = 221.265
ROUND 582 A#31 and B#11 = 197.512
ROUND 583 A#32 and B#11 = 198.289
ROUND 584 A#33 and B#11 = 168.194
ROUND 585 A#34 and B#11 = 202.33
ROUND 586 A#35 and B#11 = 94.3913
ROUND 587 A#36 and B#11 = 193.611
ROUND 588 A#37 and B#11 = 196.162
ROUND 589 A#38 and B#11 = 198.004
ROUND 590 A#39 and B#11 = 198.274
ROUND 591 A#40 and B#11 = 174.306
ROUND 592 A#41 and B#11 = 227.904
ROUND 593 A#42 and B#11 = 201.539
ROUND 594 A#43 and B#11 = 218.915
ROUND 595 A#44 and B#11 = 178.393
ROUND 596 A#45 and B#11 = 223.072
ROUND 597 A#46 and B#11 = 226.341
ROUND 598 A#47 and B#11 = 197.605
ROUND 599 A#48 and B#11 = 209.845
ROUND 600 A#49 and B#11 = 197.218
ROUND 601 A#0 and B#12 = 195.902
ROUND 602 A#1 and B#12 = 196.598
ROUND 603 A#2 and B#12 = 220.094
ROUND 604 A#3 and B#12 = 183.374
ROUND 605 A#4 and B#12 = 198.008
ROUND 606 A#5 and B#12 = 221.481
ROUND 607 A#6 and B#12 = 211.151
ROUND 608 A#7 and B#12 = 176.713
ROUND 609 A#8 and B#12 = 222.796
ROUND 610 A#9 and B#12 = 223.035
ROUND 611 A#10 and B#12 = 205.06
ROUND 612 A#11 and B#12 = 222.504
ROUND 613 A#12 and B#12 = 193.916
ROUND 614 A#13 and B#12 = 196.952
ROUND 615 A#14 and B#12 = 184.466
ROUND 616 A#15 and B#12 = 222.231
ROUND 617 A#16 and B#12 = 198.156
ROUND 618 A#17 and B#12 = 188.525
ROUND 619 A#18 and B#12 = 211.371
ROUND 620 A#19 and B#12 = 203.069
ROUND 621 A#20 and B#12 = 184.846
ROUND 622 A#21 and B#12 = 71.0151
ROUND 623 A#22 and B#12 = 222.294
ROUND 624 A#23 and B#12 = 200.298
ROUND 625 A#24 and B#12 = 138.528
ROUND 626 A#25 and B#12 = 180.672
ROUND 627 A#26 and B#12 = 202.568
ROUND 628 A#27 and B#12 = 202.956
ROUND 629 A#28 and B#12 = 203.148
ROUND 630 A#29 and B#12 = 197.936
ROUND 631 A#30 and B#12 = 204.557
ROUND 632 A#31 and B#12 = 218.503
ROUND 633 A#32 and B#12 = 200.916
ROUND 634 A#33 and B#12 = 201.983
ROUND 635 A#34 and B#12 = 174.007
ROUND 636 A#35 and B#12 = 198.342
ROUND 637 A#36 and B#12 = 193.446
ROUND 638 A#37 and B#12 = 217.658
ROUND 639 A#38 and B#12 = 195.655
ROUND 640 A#39 and B#12 = 198.843
ROUND 641 A#40 and B#12 = 220.302
ROUND 642 A#41 and B#12 = 28.249
ROUND 643 A#42 and B#12 = -54.3098
ROUND 644 A#43 and B#12 = 192.508
ROUND 645 A#44 and B#12 = 222.729
ROUND 646 A#45 and B#12 = 203.139
ROUND 647 A#46 and B#12 = 159.089
ROUND 648 A#47 and B#12 = 221.606
ROUND 649 A#48 and B#12 = 196.167
ROUND 650 A#49 and B#12 = 223.377
ROUND 651 A#0 and B#13 = 192.661
ROUND 652 A#1 and B#13 = 156.068
ROUND 653 A#2 and B#13 = 201.225
ROUND 654 A#3 and B#13 = 196.341
ROUND 655 A#4 and B#13 = 223.589
ROUND 656 A#5 and B#13 = 203.251
ROUND 657 A#6 and B#13 = 213.546
ROUND 658 A#7 and B#13 = 230.711
ROUND 659 A#8 and B#13 = 202.336
ROUND 660 A#9 and B#13 = 189.828
ROUND 661 A#10 and B#13 = 173.181
ROUND 662 A#11 and B#13 = 202.701
ROUND 663 A#12 and B#13 = 182.095
ROUND 664 A#13 and B#13 = 220.69
ROUND 665 A#14 and B#13 = 186.813
ROUND 666 A#15 and B#13 = 227.438
ROUND 667 A#16 and B#13 = 222.206
ROUND 668 A#17 and B#13 = 162.629
ROUND 669 A#18 and B#13 = 196.46
ROUND 670 A#19 and B#13 = 194.447
ROUND 671 A#20 and B#13 = 174.474
ROUND 672 A#21 and B#13 = 227.206
ROUND 673 A#22 and B#13 = 230.267
ROUND 674 A#23 and B#13 = 157.22
ROUND 675 A#24 and B#13 = 219.708
ROUND 676 A#25 and B#13 = 212.004
ROUND 677 A#26 and B#13 = 215.599
ROUND 678 A#27 and B#13 = 200.363
ROUND 679 A#28 and B#13 = 200.375
ROUND 680 A#29 and B#13 = 226.71
ROUND 681 A#30 and B#13 = 197.823
ROUND 682 A#31 and B#13 = 207.501
ROUND 683 A#32 and B#13 = 167.884
ROUND 684 A#33 and B#13 = 215.334
ROUND 685 A#34 and B#13 = 96.9344
ROUND 686 A#35 and B#13 = 230.037
ROUND 687 A#36 and B#13 = 192.461
ROUND 688 A#37 and B#13 = 204.741
ROUND 689 A#38 and B#13 = 191.346
ROUND 690 A#39 and B#13 = 190.203
ROUND 691 A#40 and B#13 = 171.678
ROUND 692 A#41 and B#13 = 188.899
ROUND 693 A#42 and B#13 = 200.399
ROUND 694 A#43 and B#13 = 179.309
ROUND 695 A#44 and B#13 = 245.724
ROUND 696 A#45 and B#13 = 201.152
ROUND 697 A#46 and B#13 = 183.25
ROUND 698 A#47 and B#13 = 198.817
ROUND 699 A#48 and B#13 = 197.716
ROUND 700 A#49 and B#13 = 236.883
ROUND 701 A#0 and B#14 = 202.916
ROUND 702 A#1 and B#14 = 220.464
ROUND 703 A#2 and B#14 = 221.282
ROUND 704 A#3 and B#14 = 220.159
ROUND 705 A#4 and B#14 = 201.934
ROUND 706 A#5 and B#14 = 200.25
ROUND 707 A#6 and B#14 = 188.481
ROUND 708 A#7 and B#14 = 195.304
ROUND 709 A#8 and B#14 = 201.19
ROUND 710 A#9 and B#14 = 168.243
ROUND 711 A#10 and B#14 = 203.177
ROUND 712 A#11 and B#14 = 221.182
ROUND 713 A#12 and B#14 = 197.136
ROUND 714 A#13 and B#14 = 197.763
ROUND 715 A#14 and B#14 = 197.928
ROUND 716 A#15 and B#14 = 207.116
ROUND 717 A#16 and B#14 = 220.461
ROUND 718 A#17 and B#14 = 197.498
ROUND 719 A#18 and B#14 = 197.351
ROUND 720 A#19 and B#14 = 204.578
ROUND 721 A#20 and B#14 = 190.822
ROUND 722 A#21 and B#14 = 221.939
ROUND 723 A#22 and B#14 = 198.404
ROUND 724 A#23 and B#14 = 201.055
ROUND 725 A#24 and B#14 = 162.667
ROUND 726 A#25 and B#14 = 196.764
ROUND 727 A#26 and B#14 = 221.634
ROUND 728 A#27 and B#14 = 222.336
ROUND 729 A#28 and B#14 = 202.498
ROUND 730 A#29 and B#14 = 220.946
ROUND 731 A#30 and B#14 = 202.481
ROUND 732 A#31 and B#14 = 202.777
ROUND 733 A#32 and B#14 = 177.729
ROUND 734 A#33 and B#14 = 224.643
ROUND 735 A#34 and B#14 = 220.182
ROUND 736 A#35 and B#14 = 185.094
ROUND 737 A#36 and B#14 = 181.149
ROUND 738 A#37 and B#14 = 197.587
ROUND 739 A#38 and B#14 = 198.116
ROUND 740 A#39 and B#14 = 142.355
ROUND 741 A#40 and B#14 = 222.094
ROUND 742 A#41 and B#14 = 210.851
ROUND 743 A#42 and B#14 = 159.961
ROUND 744 A#43 and B#14 = 177.14
ROUND 745 A#44 and B#14 = 203.914
ROUND 746 A#45 and B#14 = 221.379
ROUND 747 A#46 and B#14 = 202.024
ROUND 748 A#47 and B#14 = 219.624
ROUND 749 A#48 and B#14 = 203.531
ROUND 750 A#49 and B#14 = 13.9168
ROUND 751 A#0 and B#15 = 198.551
ROUND 752 A#1 and B#15 = 199.704
ROUND 753 A#2 and B#15 = 206.029
ROUND 754 A#3 and B#15 = 206.698
ROUND 755 A#4 and B#15 = 225.56
ROUND 756 A#5 and B#15 = 164.525
ROUND 757 A#6 and B#15 = 201.105
ROUND 758 A#7 and B#15 = 221.96
ROUND 759 A#8 and B#15 = 231.019
ROUND 760 A#9 and B#15 = 230.64
ROUND 761 A#10 and B#15 = 199.786
ROUND 762 A#11 and B#15 = 203.465
ROUND 763 A#12 and B#15 = -11.9423
ROUND 764 A#13 and B#15 = 200.667
ROUND 765 A#14 and B#15 = 203.267
ROUND 766 A#15 and B#15 = 198.715
ROUND 767 A#16 and B#15 = 201.218
ROUND 768 A#17 and B#15 = 127.743
ROUND 769 A#18 and B#15 = 190.855
ROUND 770 A#19 and B#15 = 183.501
ROUND 771 A#20 and B#15 = 192.627
ROUND 772 A#21 and B#15 = 214.231
ROUND 773 A#22 and B#15 = 207.117
ROUND 774 A#23 and B#15 = 224.77
ROUND 775 A#24 and B#15 = 230.007
ROUND 776 A#25 and B#15 = 198.307
ROUND 777 A#26 and B#15 = 225.649
ROUND 778 A#27 and B#15 = 39.3778
ROUND 779 A#28 and B#15 = 225.177
ROUND 780 A#29 and B#15 = 54.3578
ROUND 781 A#30 and B#15 = 229.539
ROUND 782 A#31 and B#15 = 186.547
ROUND 783 A#32 and B#15 = 75.8915
ROUND 784 A#33 and B#15 = 180.876
ROUND 785 A#34 and B#15 = 226.832
ROUND 786 A#35 and B#15 = 213.409
ROUND 787 A#36 and B#15 = 201.888
ROUND 788 A#37 and B#15 = 210.089
ROUND 789 A#38 and B#15 = 206.941
ROUND 790 A#39 and B#15 = 158.845
ROUND 791 A#40 and B#15 = 223.64
ROUND 792 A#41 and B#15 = 59.7301
ROUND 793 A#42 and B#15 = 33.5939
ROUND 794 A#43 and B#15 = 220.825
ROUND 795 A#44 and B#15 = 138.84
ROUND 796 A#45 and B#15 = 222.24
ROUND 797 A#46 and B#15 = 211.188
ROUND 798 A#47 and B#15 = 187.39
ROUND 799 A#48 and B#15 = 227.506
ROUND 800 A#49 and B#15 = 208.289
ROUND 801 A#0 and B#16 = 213.837
ROUND 802 A#1 and B#16 = 208.651
ROUND 803 A#2 and B#16 = 196.655
ROUND 804 A#3 and B#16 = 123.841
ROUND 805 A#4 and B#16 = 217.932
ROUND 806 A#5 and B#16 = 203.652
ROUND 807 A#6 and B#16 = 209.516
ROUND 808 A#7 and B#16 = 219.633
ROUND 809 A#8 and B#16 = 225.156
ROUND 810 A#9 and B#16 = 225.016
ROUND 811 A#10 and B#16 = 43.2782
ROUND 812 A#11 and B#16 = 69.1055
ROUND 813 A#12 and B#16 = 199.877
ROUND 814 A#13 and B#16 = 165.248
ROUND 815 A#14 and B#16 = 226.543
ROUND 816 A#15 and B#16 = 226.917
ROUND 817 A#16 and B#16 = 223.814
ROUND 818 A#17 and B#16 = 64.4006
ROUND 819 A#18 and B#16 = 213.807
ROUND 820 A#19 and B#16 = 48.9463
ROUND 821 A#20 and B#16 = 202.975
ROUND 822 A#21 and B#16 = 202.231
ROUND 823 A#22 and B#16 = 212.223
ROUND 824 A#23 and B#16 = 219.588
ROUND 825 A#24 and B#16 = 223.845
ROUND 826 A#25 and B#16 = 206.573
ROUND 827 A#26 and B#16 = 221.945
ROUND 828 A#27 and B#16 = 224.441
ROUND 829 A#28 and B#16 = 207.063
ROUND 830 A#29 and B#16 = 215.976
ROUND 831 A#30 and B#16 = 221.693
ROUND 832 A#31 and B#16 = 205.891
ROUND 833 A#32 and B#16 = 197.715
ROUND 834 A#33 and B#16 = 227.193
ROUND 835 A#34 and B#16 = 103.954
ROUND 836 A#35 and B#16 = 203.534
ROUND 837 A#36 and B#16 = 225.369
ROUND 838 A#37 and B#16 = 205.509
ROUND 839 A#38 and B#16 = 185.384
ROUND 840 A#39 and B#16 = 195.439
ROUND 841 A#40 and B#16 = 196.346
ROUND 842 A#41 and B#16 = 227.375
ROUND 843 A#42 and B#16 = 221.166
ROUND 844 A#43 and B#16 = 191.064
ROUND 845 A#44 and B#16 = 228.282
ROUND 846 A#45 and B#16 = 218.934
ROUND 847 A#46 and B#16 = 59.7788
ROUND 848 A#47 and B#16 = 183.253
ROUND 849 A#48 and B#16 = 227.438
ROUND 850 A#49 and B#16 = 228.704
ROUND 851 A#0 and B#17 = 195.832
ROUND 852 A#1 and B#17 = 198.831
ROUND 853 A#2 and B#17 = 220.283
ROUND 854 A#3 and B#17 = 183.324
ROUND 855 A#4 and B#17 = 199.307
ROUND 856 A#5 and B#17 = 221.429
ROUND 857 A#6 and B#17 = 209.814
ROUND 858 A#7 and B#17 = 183.258
ROUND 859 A#8 and B#17 = 222.915
ROUND 860 A#9 and B#17 = 222.821
ROUND 861 A#10 and B#17 = 204.917
ROUND 862 A#11 and B#17 = 222.587
ROUND 863 A#12 and B#17 = 193.927
ROUND 864 A#13 and B#17 = 197.318
ROUND 865 A#14 and B#17 = 195.858
ROUND 866 A#15 and B#17 = 222.227
ROUND 867 A#16 and B#17 = 187.218
ROUND 868 A#17 and B#17 = 202.826
ROUND 869 A#18 and B#17 = 210.997
ROUND 870 A#19 and B#17 = 205.414
ROUND 871 A#20 and B#17 = 102.622
ROUND 872 A#21 and B#17 = 71.9246
ROUND 873 A#22 and B#17 = 222.333
ROUND 874 A#23 and B#17 = 200.725
ROUND 875 A#24 and B#17 = 203.4
ROUND 876 A#25 and B#17 = 180.969
ROUND 877 A#26 and B#17 = 202.48
ROUND 878 A#27 and B#17 = 144.586
ROUND 879 A#28 and B#17 = 202.924
ROUND 880 A#29 and B#17 = 197.684
ROUND 881 A#30 and B#17 = 204.741
ROUND 882 A#31 and B#17 = 219.142
ROUND 883 A#32 and B#17 = 202.558
ROUND 884 A#33 and B#17 = 201.98
ROUND 885 A#34 and B#17 = 173.625
ROUND 886 A#35 and B#17 = 197.943
ROUND 887 A#36 and B#17 = 0
ROUND 888 A#37 and B#17 = 217.594
ROUND 889 A#38 and B#17 = 185.437
ROUND 890 A#39 and B#17 = 198.914
ROUND 891 A#40 and B#17 = 220.454
ROUND 892 A#41 and B#17 = 31.0113
ROUND 893 A#42 and B#17 = -46.8443
ROUND 894 A#43 and B#17 = 192.256
ROUND 895 A#44 and B#17 = 223.038
ROUND 896 A#45 and B#17 = 203.151
ROUND 897 A#46 and B#17 = 158.617
ROUND 898 A#47 and B#17 = 221.672
ROUND 899 A#48 and B#17 = 196.912
ROUND 900 A#49 and B#17 = 222.35
ROUND 901 A#0 and B#18 = 163.015
ROUND 902 A#1 and B#18 = 199.742
ROUND 903 A#2 and B#18 = 212.572
ROUND 904 A#3 and B#18 = 230.865
ROUND 905 A#4 and B#18 = 202.257
ROUND 906 A#5 and B#18 = 201.372
ROUND 907 A#6 and B#18 = 196.01
ROUND 908 A#7 and B#18 = 199.986
ROUND 909 A#8 and B#18 = 69.7104
ROUND 910 A#9 and B#18 = 205.846
ROUND 911 A#10 and B#18 = 216.61
ROUND 912 A#11 and B#18 = 185.484
ROUND 913 A#12 and B#18 = 83.1161
ROUND 914 A#13 and B#18 = 228.018
ROUND 915 A#14 and B#18 = 199.193
ROUND 916 A#15 and B#18 = 229.097
ROUND 917 A#16 and B#18 = 189.689
ROUND 918 A#17 and B#18 = 220.318
ROUND 919 A#18 and B#18 = 199.489
ROUND 920 A#19 and B#18 = 190.902
ROUND 921 A#20 and B#18 = 196.004
ROUND 922 A#21 and B#18 = 227.547
ROUND 923 A#22 and B#18 = 224.658
ROUND 924 A#23 and B#18 = 201.638
ROUND 925 A#24 and B#18 = 217.453
ROUND 926 A#25 and B#18 = 191.532
ROUND 927 A#26 and B#18 = 129.35
ROUND 928 A#27 and B#18 = 200.364
ROUND 929 A#28 and B#18 = 190.594
ROUND 930 A#29 and B#18 = 184.332
ROUND 931 A#30 and B#18 = 203.339
ROUND 932 A#31 and B#18 = 204.565
ROUND 933 A#32 and B#18 = 194.841
ROUND 934 A#33 and B#18 = 214.829
ROUND 935 A#34 and B#18 = 205.156
ROUND 936 A#35 and B#18 = 199.438
ROUND 937 A#36 and B#18 = 224.252
ROUND 938 A#37 and B#18 = 201.477
ROUND 939 A#38 and B#18 = 205.683
ROUND 940 A#39 and B#18 = 65.0423
ROUND 941 A#40 and B#18 = 202.113
ROUND 942 A#41 and B#18 = 199.447
ROUND 943 A#42 and B#18 = 200.248
ROUND 944 A#43 and B#18 = 21.3047
ROUND 945 A#44 and B#18 = 211.548
ROUND 946 A#45 and B#18 = 140.922
ROUND 947 A#46 and B#18 = 227.58
ROUND 948 A#47 and B#18 = 191.165
ROUND 949 A#48 and B#18 = 198.656
ROUND 950 A#49 and B#18 = 220.625
ROUND 951 A#0 and B#19 = 198.174
ROUND 952 A#1 and B#19 = 205.853
ROUND 953 A#2 and B#19 = 202.383
ROUND 954 A#3 and B#19 = 200.24
ROUND 955 A#4 and B#19 = 194.158
ROUND 956 A#5 and B#19 = 204.905
ROUND 957 A#6 and B#19 = 204.318
ROUND 958 A#7 and B#19 = 125.641
ROUND 959 A#8 and B#19 = 197.296
ROUND 960 A#9 and B#19 = 197.703
ROUND 961 A#10 and B#19 = 214.158
ROUND 962 A#11 and B#19 = 202.847
ROUND 963 A#12 and B#19 = 56.7664
ROUND 964 A#13 and B#19 = 197.337
ROUND 965 A#14 and B#19 = 213.541
ROUND 966 A#15 and B#19 = 203.561
ROUND 967 A#16 and B#19 = 201.715
ROUND 968 A#17 and B#19 = 210.775
ROUND 969 A#18 and B#19 = 227.436
ROUND 970 A#19 and B#19 = 205.823
ROUND 971 A#20 and B#19 = 200.313
ROUND 972 A#21 and B#19 = 214.829
ROUND 973 A#22 and B#19 = 220.77
ROUND 974 A#23 and B#19 = 200.82
ROUND 975 A#24 and B#19 = 203.202
ROUND 976 A#25 and B#19 = 204.229
ROUND 977 A#26 and B#19 = 63.8093
ROUND 978 A#27 and B#19 = 198.173
ROUND 979 A#28 and B#19 = 197.889
ROUND 980 A#29 and B#19 = 72.156
ROUND 981 A#30 and B#19 = 203.948
ROUND 982 A#31 and B#19 = 208.049
ROUND 983 A#32 and B#19 = 62.2895
ROUND 984 A#33 and B#19 = 207.354
ROUND 985 A#34 and B#19 = 202.69
ROUND 986 A#35 and B#19 = 196.564
ROUND 987 A#36 and B#19 = 220.609
ROUND 988 A#37 and B#19 = 202.072
ROUND 989 A#38 and B#19 = 90.2194
ROUND 990 A#39 and B#19 = 85.043
ROUND 991 A#40 and B#19 = 197.053
ROUND 992 A#41 and B#19 = 82.2935
ROUND 993 A#42 and B#19 = 48.1884
ROUND 994 A#43 and B#19 = 212.733
ROUND 995 A#44 and B#19 = 218.577
ROUND 996 A#45 and B#19 = 69.9102
ROUND 997 A#46 and B#19 = 7.04098
ROUND 998 A#47 and B#19 = 228.052
ROUND 999 A#48 and B#19 = 204.015
ROUND 1000 A#49 and B#19 = 213.069
ROUND 1001 A#0 and B#20 = 219.818
ROUND 1002 A#1 and B#20 = 220.632
ROUND 1003 A#2 and B#20 = 176.013
ROUND 1004 A#3 and B#20 = 220.259
ROUND 1005 A#4 and B#20 = 201.977
ROUND 1006 A#5 and B#20 = 198.672
ROUND 1007 A#6 and B#20 = 220.288
ROUND 1008 A#7 and B#20 = 194.729
ROUND 1009 A#8 and B#20 = 201.324
ROUND 1010 A#9 and B#20 = 222.494
ROUND 1011 A#10 and B#20 = 203.242
ROUND 1012 A#11 and B#20 = 220.655
ROUND 1013 A#12 and B#20 = 197.123
ROUND 1014 A#13 and B#20 = 206.042
ROUND 1015 A#14 and B#20 = 197.599
ROUND 1016 A#15 and B#20 = 205.104
ROUND 1017 A#16 and B#20 = 220.383
ROUND 1018 A#17 and B#20 = 178.469
ROUND 1019 A#18 and B#20 = 196.909
ROUND 1020 A#19 and B#20 = 204.524
ROUND 1021 A#20 and B#20 = 191.926
ROUND 1022 A#21 and B#20 = 221.935
ROUND 1023 A#22 and B#20 = 199.483
ROUND 1024 A#23 and B#20 = 201.151
ROUND 1025 A#24 and B#20 = 163.024
ROUND 1026 A#25 and B#20 = 103.497
ROUND 1027 A#26 and B#20 = 221.46
ROUND 1028 A#27 and B#20 = 222.662
ROUND 1029 A#28 and B#20 = 191.568
ROUND 1030 A#29 and B#20 = 221.272
ROUND 1031 A#30 and B#20 = 202.514
ROUND 1032 A#31 and B#20 = 196.606
ROUND 1033 A#32 and B#20 = 219.726
ROUND 1034 A#33 and B#20 = 220.289
ROUND 1035 A#34 and B#20 = 221.829
ROUND 1036 A#35 and B#20 = 199.994
ROUND 1037 A#36 and B#20 = 179.242
ROUND 1038 A#37 and B#20 = 198.354
ROUND 1039 A#38 and B#20 = 198.125
ROUND 1040 A#39 and B#20 = 198.203
ROUND 1041 A#40 and B#20 = 174.446
ROUND 1042 A#41 and B#20 = 198.163
ROUND 1043 A#42 and B#20 = 160.297
ROUND 1044 A#43 and B#20 = 196.907
ROUND 1045 A#44 and B#20 = 203.695
ROUND 1046 A#45 and B#20 = 221.345
ROUND 1047 A#46 and B#20 = 194.009
ROUND 1048 A#47 and B#20 = 219.563
ROUND 1049 A#48 and B#20 = 200.708
ROUND 1050 A#49 and B#20 = 204.167
ROUND 1051 A#0 and B#21 = 200.124
ROUND 1052 A#1 and B#21 = 199.204
ROUND 1053 A#2 and B#21 = 199.34
ROUND 1054 A#3 and B#21 = 201.564
ROUND 1055 A#4 and B#21 = 232.831
ROUND 1056 A#5 and B#21 = 204.711
ROUND 1057 A#6 and B#21 = 199.45
ROUND 1058 A#7 and B#21 = 211.936
ROUND 1059 A#8 and B#21 = 225.178
ROUND 1060 A#9 and B#21 = 224.896
ROUND 1061 A#10 and B#21 = 129.909
ROUND 1062 A#11 and B#21 = 197.673
ROUND 1063 A#12 and B#21 = 169.187
ROUND 1064 A#13 and B#21 = 223.821
ROUND 1065 A#14 and B#21 = 197.623
ROUND 1066 A#15 and B#21 = 224.065
ROUND 1067 A#16 and B#21 = 201.205
ROUND 1068 A#17 and B#21 = 223.861
ROUND 1069 A#18 and B#21 = 166.672
ROUND 1070 A#19 and B#21 = 226.449
ROUND 1071 A#20 and B#21 = 195.9
ROUND 1072 A#21 and B#21 = 210.523
ROUND 1073 A#22 and B#21 = 206.202
ROUND 1074 A#23 and B#21 = 128.315
ROUND 1075 A#24 and B#21 = 225.261
ROUND 1076 A#25 and B#21 = 219.426
ROUND 1077 A#26 and B#21 = 225.439
ROUND 1078 A#27 and B#21 = 204.436
ROUND 1079 A#28 and B#21 = 199.519
ROUND 1080 A#29 and B#21 = 222.904
ROUND 1081 A#30 and B#21 = 201.721
ROUND 1082 A#31 and B#21 = 201.847
ROUND 1083 A#32 and B#21 = 195.898
ROUND 1084 A#33 and B#21 = 187.621
ROUND 1085 A#34 and B#21 = 45.1098
ROUND 1086 A#35 and B#21 = 197.787
ROUND 1087 A#36 and B#21 = 153.768
ROUND 1088 A#37 and B#21 = 201.25
ROUND 1089 A#38 and B#21 = 214.38
ROUND 1090 A#39 and B#21 = 200.4
ROUND 1091 A#40 and B#21 = 140.224
ROUND 1092 A#41 and B#21 = 183.418
ROUND 1093 A#42 and B#21 = 224.999
ROUND 1094 A#43 and B#21 = 144.611
ROUND 1095 A#44 and B#21 = 199.635
ROUND 1096 A#45 and B#21 = 225.08
ROUND 1097 A#46 and B#21 = 199.144
ROUND 1098 A#47 and B#21 = 221.775
ROUND 1099 A#48 and B#21 = 217.539
ROUND 1100 A#49 and B#21 = 204.124
ROUND 1101 A#0 and B#22 = 102.371
ROUND 1102 A#1 and B#22 = 174.738
ROUND 1103 A#2 and B#22 = 218.223
ROUND 1104 A#3 and B#22 = 219.059
ROUND 1105 A#4 and B#22 = 175.493
ROUND 1106 A#5 and B#22 = 205.808
ROUND 1107 A#6 and B#22 = 194.702
ROUND 1108 A#7 and B#22 = 218.314
ROUND 1109 A#8 and B#22 = 197.277
ROUND 1110 A#9 and B#22 = 210.287
ROUND 1111 A#10 and B#22 = 50.5166
ROUND 1112 A#11 and B#22 = 137.861
ROUND 1113 A#12 and B#22 = 214.713
ROUND 1114 A#13 and B#22 = 211.526
ROUND 1115 A#14 and B#22 = 226.242
ROUND 1116 A#15 and B#22 = 214.261
ROUND 1117 A#16 and B#22 = 205.195
ROUND 1118 A#17 and B#22 = 207.854
ROUND 1119 A#18 and B#22 = 213.296
ROUND 1120 A#19 and B#22 = 222.155
ROUND 1121 A#20 and B#22 = 195.888
ROUND 1122 A#21 and B#22 = 203.211
ROUND 1123 A#22 and B#22 = 230.551
ROUND 1124 A#23 and B#22 = 55.1459
ROUND 1125 A#24 and B#22 = 194.228
ROUND 1126 A#25 and B#22 = 204.368
ROUND 1127 A#26 and B#22 = 205.995
ROUND 1128 A#27 and B#22 = 197.267
ROUND 1129 A#28 and B#22 = 212.214
ROUND 1130 A#29 and B#22 = 163.832
ROUND 1131 A#30 and B#22 = 188.793
ROUND 1132 A#31 and B#22 = 205.589
ROUND 1133 A#32 and B#22 = 213.39
ROUND 1134 A#33 and B#22 = 172.061
ROUND 1135 A#34 and B#22 = 72.2453
ROUND 1136 A#35 and B#22 = 213.097
ROUND 1137 A#36 and B#22 = 194.101
ROUND 1138 A#37 and B#22 = 204.341
ROUND 1139 A#38 and B#22 = 188.913
ROUND 1140 A#39 and B#22 = 172.219
ROUND 1141 A#40 and B#22 = 50.6407
ROUND 1142 A#41 and B#22 = 186.663
ROUND 1143 A#42 and B#22 = 164.148
ROUND 1144 A#43 and B#22 = 185.341
ROUND 1145 A#44 and B#22 = 175.497
ROUND 1146 A#45 and B#22 = 208.587
ROUND 1147 A#46 and B#22 = 201.183
ROUND 1148 A#47 and B#22 = 199.536
ROUND 1149 A#48 and B#22 = 202.446
ROUND 1150 A#49 and B#22 = 209.311
ROUND 1151 A#0 and B#23 = 211.84
ROUND 1152 A#1 and B#23 = 212.72
ROUND 1153 A#2 and B#23 = 195.236
ROUND 1154 A#3 and B#23 = 134.204
ROUND 1155 A#4 and B#23 = 218.842
ROUND 1156 A#5 and B#23 = 213.349
ROUND 1157 A#6 and B#23 = 208.102
ROUND 1158 A#7 and B#23 = 222.071
ROUND 1159 A#8 and B#23 = 203.72
ROUND 1160 A#9 and B#23 = 203.569
ROUND 1161 A#10 and B#23 = 56.3408
ROUND 1162 A#11 and B#23 = 181.506
ROUND 1163 A#12 and B#23 = 219.718
ROUND 1164 A#13 and B#23 = 175.945
ROUND 1165 A#14 and B#23 = 226.358
ROUND 1166 A#15 and B#23 = 220.465
ROUND 1167 A#16 and B#23 = 200.097
ROUND 1168 A#17 and B#23 = 70.7317
ROUND 1169 A#18 and B#23 = 216.585
ROUND 1170 A#19 and B#23 = 214.883
ROUND 1171 A#20 and B#23 = 208.799
ROUND 1172 A#21 and B#23 = 222.766
ROUND 1173 A#22 and B#23 = 231.134
ROUND 1174 A#23 and B#23 = 220.251
ROUND 1175 A#24 and B#23 = 205.571
ROUND 1176 A#25 and B#23 = 213.074
ROUND 1177 A#26 and B#23 = 226.85
ROUND 1178 A#27 and B#23 = 202.345
ROUND 1179 A#28 and B#23 = 209.951
ROUND 1180 A#29 and B#23 = 169.866
ROUND 1181 A#30 and B#23 = 208.898
ROUND 1182 A#31 and B#23 = 214.485
ROUND 1183 A#32 and B#23 = 212.505
ROUND 1184 A#33 and B#23 = 159.977
ROUND 1185 A#34 and B#23 = 95.4462
ROUND 1186 A#35 and B#23 = 211.299
ROUND 1187 A#36 and B#23 = 193.909
ROUND 1188 A#37 and B#23 = 213.825
ROUND 1189 A#38 and B#23 = 213.713
ROUND 1190 A#39 and B#23 = 213.645
ROUND 1191 A#40 and B#23 = 197.926
ROUND 1192 A#41 and B#23 = 227.28
ROUND 1193 A#42 and B#23 = 221.953
ROUND 1194 A#43 and B#23 = 203.189
ROUND 1195 A#44 and B#23 = 213.963
ROUND 1196 A#45 and B#23 = 213.971
ROUND 1197 A#46 and B#23 = 218.407
ROUND 1198 A#47 and B#23 = 199.923
ROUND 1199 A#48 and B#23 = 220.249
ROUND 1200 A#49 and B#23 = 216.087
ROUND 1201 A#0 and B#24 = 226.855
ROUND 1202 A#1 and B#24 = 200.156
ROUND 1203 A#2 and B#24 = 217.608
ROUND 1204 A#3 and B#24 = 226.834
ROUND 1205 A#4 and B#24 = 233.996
ROUND 1206 A#5 and B#24 = 197.096
ROUND 1207 A#6 and B#24 = 185.95
ROUND 1208 A#7 and B#24 = 219.931
ROUND 1209 A#8 and B#24 = 223.949
ROUND 1210 A#9 and B#24 = 226.254
ROUND 1211 A#10 and B#24 = 27.8012
ROUND 1212 A#11 and B#24 = 202.388
ROUND 1213 A#12 and B#24 = 198.021
ROUND 1214 A#13 and B#24 = 183.655
ROUND 1215 A#14 and B#24 = 226.698
ROUND 1216 A#15 and B#24 = 226.258
ROUND 1217 A#16 and B#24 = 108.334
ROUND 1218 A#17 and B#24 = 202.274
ROUND 1219 A#18 and B#24 = 217.059
ROUND 1220 A#19 and B#24 = 86.2067
ROUND 1221 A#20 and B#24 = 200.862
ROUND 1222 A#21 and B#24 = 205.67
ROUND 1223 A#22 and B#24 = 200.583
ROUND 1224 A#23 and B#24 = 200.964
ROUND 1225 A#24 and B#24 = 230.564
ROUND 1226 A#25 and B#24 = 200.02
ROUND 1227 A#26 and B#24 = 228.748
ROUND 1228 A#27 and B#24 = 209.356
ROUND 1229 A#28 and B#24 = 217.773
ROUND 1230 A#29 and B#24 = 166.407
ROUND 1231 A#30 and B#24 = 221.242
ROUND 1232 A#31 and B#24 = 197.534
ROUND 1233 A#32 and B#24 = 198.415
ROUND 1234 A#33 and B#24 = 168.342
ROUND 1235 A#34 and B#24 = 65.3697
ROUND 1236 A#35 and B#24 = 205.815
ROUND 1237 A#36 and B#24 = 193.743
ROUND 1238 A#37 and B#24 = 196.395
ROUND 1239 A#38 and B#24 = 196.968
ROUND 1240 A#39 and B#24 = 198.41
ROUND 1241 A#40 and B#24 = 174.594
ROUND 1242 A#41 and B#24 = 227.762
ROUND 1243 A#42 and B#24 = 201.406
ROUND 1244 A#43 and B#24 = 218.839
ROUND 1245 A#44 and B#24 = 178.445
ROUND 1246 A#45 and B#24 = 222.348
ROUND 1247 A#46 and B#24 = 226.225
ROUND 1248 A#47 and B#24 = 199.876
ROUND 1249 A#48 and B#24 = 226.324
ROUND 1250 A#49 and B#24 = 197.616
ROUND 1251 A#0 and B#25 = 226.663
ROUND 1252 A#1 and B#25 = 200.875
ROUND 1253 A#2 and B#25 = 217.693
ROUND 1254 A#3 and B#25 = 226.827
ROUND 1255 A#4 and B#25 = 233.982
ROUND 1256 A#5 and B#25 = 197.06
ROUND 1257 A#6 and B#25 = 186.006
ROUND 1258 A#7 and B#25 = 219.917
ROUND 1259 A#8 and B#25 = 223.95
ROUND 1260 A#9 and B#25 = 226.361
ROUND 1261 A#10 and B#25 = 27.6059
ROUND 1262 A#11 and B#25 = 201.331
ROUND 1263 A#12 and B#25 = 198.219
ROUND 1264 A#13 and B#25 = 214.107
ROUND 1265 A#14 and B#25 = 223.9
ROUND 1266 A#15 and B#25 = 226.307
ROUND 1267 A#16 and B#25 = 108.086
ROUND 1268 A#17 and B#25 = 202.375
ROUND 1269 A#18 and B#25 = 217.01
ROUND 1270 A#19 and B#25 = 86.0209
ROUND 1271 A#20 and B#25 = 200.729
ROUND 1272 A#21 and B#25 = 205.642
ROUND 1273 A#22 and B#25 = 200.827
ROUND 1274 A#23 and B#25 = 200.971
ROUND 1275 A#24 and B#25 = 230.549
ROUND 1276 A#25 and B#25 = 200.018
ROUND 1277 A#26 and B#25 = 228.736
ROUND 1278 A#27 and B#25 = 209.134
ROUND 1279 A#28 and B#25 = 217.707
ROUND 1280 A#29 and B#25 = 166.293
ROUND 1281 A#30 and B#25 = 221.303
ROUND 1282 A#31 and B#25 = 197.574
ROUND 1283 A#32 and B#25 = 198.449
ROUND 1284 A#33 and B#25 = 168.292
ROUND 1285 A#34 and B#25 = 64.9052
ROUND 1286 A#35 and B#25 = 205.971
ROUND 1287 A#36 and B#25 = 193.937
ROUND 1288 A#37 and B#25 = 196.395
ROUND 1289 A#38 and B#25 = 197.016
ROUND 1290 A#39 and B#25 = 198.381
ROUND 1291 A#40 and B#25 = 174.517
ROUND 1292 A#41 and B#25 = 227.821
ROUND 1293 A#42 and B#25 = 201.421
ROUND 1294 A#43 and B#25 = 218.85
ROUND 1295 A#44 and B#25 = 178.487
ROUND 1296 A#45 and B#25 = 222.395
ROUND 1297 A#46 and B#25 = 226.245
ROUND 1298 A#47 and B#25 = 199.73
ROUND 1299 A#48 and B#25 = 226.314
ROUND 1300 A#49 and B#25 = 197.593
ROUND 1301 A#0 and B#26 = 202.824
ROUND 1302 A#1 and B#26 = 200.046
ROUND 1303 A#2 and B#26 = 166.053
ROUND 1304 A#3 and B#26 = 186.08
ROUND 1305 A#4 and B#26 = 217.179
ROUND 1306 A#5 and B#26 = 213.703
ROUND 1307 A#6 and B#26 = 172.528
ROUND 1308 A#7 and B#26 = 197.063
ROUND 1309 A#8 and B#26 = 136.836
ROUND 1310 A#9 and B#26 = 139.72
ROUND 1311 A#10 and B#26 = 140.606
ROUND 1312 A#11 and B#26 = 205.834
ROUND 1313 A#12 and B#26 = 202.768
ROUND 1314 A#13 and B#26 = 196.775
ROUND 1315 A#14 and B#26 = 153.987
ROUND 1316 A#15 and B#26 = 198.267
ROUND 1317 A#16 and B#26 = 199.724
ROUND 1318 A#17 and B#26 = 199.51
ROUND 1319 A#18 and B#26 = 192.873
ROUND 1320 A#19 and B#26 = 204.428
ROUND 1321 A#20 and B#26 = 190.016
ROUND 1322 A#21 and B#26 = 195.079
ROUND 1323 A#22 and B#26 = 202.134
ROUND 1324 A#23 and B#26 = 143.775
ROUND 1325 A#24 and B#26 = 144.215
ROUND 1326 A#25 and B#26 = 201.971
ROUND 1327 A#26 and B#26 = 210.421
ROUND 1328 A#27 and B#26 = 13.8312
ROUND 1329 A#28 and B#26 = 204.202
ROUND 1330 A#29 and B#26 = 212.252
ROUND 1331 A#30 and B#26 = 209.908
ROUND 1332 A#31 and B#26 = 210.502
ROUND 1333 A#32 and B#26 = 200.982
ROUND 1334 A#33 and B#26 = 119.171
ROUND 1335 A#34 and B#26 = 221.864
ROUND 1336 A#35 and B#26 = 190.214
ROUND 1337 A#36 and B#26 = 197.421
ROUND 1338 A#37 and B#26 = 212.759
ROUND 1339 A#38 and B#26 = -8.35884
ROUND 1340 A#39 and B#26 = 42.4198
ROUND 1341 A#40 and B#26 = 156.378
ROUND 1342 A#41 and B#26 = 44.2479
ROUND 1343 A#42 and B#26 = -8.04517
ROUND 1344 A#43 and B#26 = 158.136
ROUND 1345 A#44 and B#26 = 223.166
ROUND 1346 A#45 and B#26 = 210.443
ROUND 1347 A#46 and B#26 = 181.24
ROUND 1348 A#47 and B#26 = 145.594
ROUND 1349 A#48 and B#26 = 211.599
ROUND 1350 A#49 and B#26 = 222.814
ROUND 1351 A#0 and B#27 = 192.814
ROUND 1352 A#1 and B#27 = 207.395
ROUND 1353 A#2 and B#27 = 202.417
ROUND 1354 A#3 and B#27 = 199.736
ROUND 1355 A#4 and B#27 = 202.616
ROUND 1356 A#5 and B#27 = 192.318
ROUND 1357 A#6 and B#27 = 49.4682
ROUND 1358 A#7 and B#27 = 135.86
ROUND 1359 A#8 and B#27 = 196.578
ROUND 1360 A#9 and B#27 = 202.603
ROUND 1361 A#10 and B#27 = 27.4435
ROUND 1362 A#11 and B#27 = 108.918
ROUND 1363 A#12 and B#27 = 70.5189
ROUND 1364 A#13 and B#27 = 204.002
ROUND 1365 A#14 and B#27 = 197.053
ROUND 1366 A#15 and B#27 = 224.074
ROUND 1367 A#16 and B#27 = 197.993
ROUND 1368 A#17 and B#27 = 206.597
ROUND 1369 A#18 and B#27 = 223.378
ROUND 1370 A#19 and B#27 = 230.448
ROUND 1371 A#20 and B#27 = 199.704
ROUND 1372 A#21 and B#27 = 227.576
ROUND 1373 A#22 and B#27 = 210.831
ROUND 1374 A#23 and B#27 = 41.1269
ROUND 1375 A#24 and B#27 = 203.869
ROUND 1376 A#25 and B#27 = 206.694
ROUND 1377 A#26 and B#27 = 60.0242
ROUND 1378 A#27 and B#27 = 203.671
ROUND 1379 A#28 and B#27 = 154.059
ROUND 1380 A#29 and B#27 = 223.589
ROUND 1381 A#30 and B#27 = 219.603
ROUND 1382 A#31 and B#27 = 209.63
ROUND 1383 A#32 and B#27 = 63.7632
ROUND 1384 A#33 and B#27 = 164.395
ROUND 1385 A#34 and B#27 = 203.319
ROUND 1386 A#35 and B#27 = 195.587
ROUND 1387 A#36 and B#27 = 222.784
ROUND 1388 A#37 and B#27 = 213.938
ROUND 1389 A#38 and B#27 = 96.9398
ROUND 1390 A#39 and B#27 = 103.175
ROUND 1391 A#40 and B#27 = 34.9242
ROUND 1392 A#41 and B#27 = 88.2384
ROUND 1393 A#42 and B#27 = 38.0012
ROUND 1394 A#43 and B#27 = 31.5401
ROUND 1395 A#44 and B#27 = 207.474
ROUND 1396 A#45 and B#27 = 73.2631
ROUND 1397 A#46 and B#27 = 9.13367
ROUND 1398 A#47 and B#27 = 228.862
ROUND 1399 A#48 and B#27 = 8.39973
ROUND 1400 A#49 and B#27 = 205.313
ROUND 1401 A#0 and B#28 = 184.699
ROUND 1402 A#1 and B#28 = 223.168
ROUND 1403 A#2 and B#28 = 195.331
ROUND 1404 A#3 and B#28 = 190.975
ROUND 1405 A#4 and B#28 = 203.543
ROUND 1406 A#5 and B#28 = 219.077
ROUND 1407 A#6 and B#28 = 208.389
ROUND 1408 A#7 and B#28 = 221.257
ROUND 1409 A#8 and B#28 = 202.473
ROUND 1410 A#9 and B#28 = 192.511
ROUND 1411 A#10 and B#28 = 180.194
ROUND 1412 A#11 and B#28 = 185.98
ROUND 1413 A#12 and B#28 = 181.461
ROUND 1414 A#13 and B#28 = 0
ROUND 1415 A#14 and B#28 = 186.283
ROUND 1416 A#15 and B#28 = 225.661
ROUND 1417 A#16 and B#28 = 222.072
ROUND 1418 A#17 and B#28 = 176.637
ROUND 1419 A#18 and B#28 = 196.202
ROUND 1420 A#19 and B#28 = 205.291
ROUND 1421 A#20 and B#28 = 187.113
ROUND 1422 A#21 and B#28 = 228.008
ROUND 1423 A#22 and B#28 = 228.735
ROUND 1424 A#23 and B#28 = 182.506
ROUND 1425 A#24 and B#28 = 223.73
ROUND 1426 A#25 and B#28 = 183.218
ROUND 1427 A#26 and B#28 = 221.685
ROUND 1428 A#27 and B#28 = 196.44
ROUND 1429 A#28 and B#28 = 27.7723
ROUND 1430 A#29 and B#28 = 219.322
ROUND 1431 A#30 and B#28 = 222.034
ROUND 1432 A#31 and B#28 = 207.34
ROUND 1433 A#32 and B#28 = 224.424
ROUND 1434 A#33 and B#28 = 201.906
ROUND 1435 A#34 and B#28 = 223.906
ROUND 1436 A#35 and B#28 = 197.605
ROUND 1437 A#36 and B#28 = 29.1032
ROUND 1438 A#37 and B#28 = 211.508
ROUND 1439 A#38 and B#28 = 181.797
ROUND 1440 A#39 and B#28 = 221.637
ROUND 1441 A#40 and B#28 = 186.922
ROUND 1442 A#41 and B#28 = 184.882
ROUND 1443 A#42 and B#28 = 200.971
ROUND 1444 A#43 and B#28 = 182.968
ROUND 1445 A#44 and B#28 = 194.886
ROUND 1446 A#45 and B#28 = 221.728
ROUND 1447 A#46 and B#28 = 219.573
ROUND 1448 A#47 and B#28 = 198.476
ROUND 1449 A#48 and B#28 = 202.614
ROUND 1450 A#49 and B#28 = 231.315
ROUND 1451 A#0 and B#29 = 195.317
ROUND 1452 A#1 and B#29 = 219.84
ROUND 1453 A#2 and B#29 = 195.185
ROUND 1454 A#3 and B#29 = 187.192
ROUND 1455 A#4 and B#29 = 198.678
ROUND 1456 A#5 and B#29 = 220.202
ROUND 1457 A#6 and B#29 = 215.315
ROUND 1458 A#7 and B#29 = 215.182
ROUND 1459 A#8 and B#29 = 219.208
ROUND 1460 A#9 and B#29 = 219.228
ROUND 1461 A#10 and B#29 = 222.009
ROUND 1462 A#11 and B#29 = 190.872
ROUND 1463 A#12 and B#29 = 198.287
ROUND 1464 A#13 and B#29 = 29.0859
ROUND 1465 A#14 and B#29 = 4.59885
ROUND 1466 A#15 and B#29 = -63.7827
ROUND 1467 A#16 and B#29 = 205.77
ROUND 1468 A#17 and B#29 = 182.253
ROUND 1469 A#18 and B#29 = 205.781
ROUND 1470 A#19 and B#29 = 222.928
ROUND 1471 A#20 and B#29 = 198.826
ROUND 1472 A#21 and B#29 = 221.952
ROUND 1473 A#22 and B#29 = 222.226
ROUND 1474 A#23 and B#29 = 219.79
ROUND 1475 A#24 and B#29 = 218.573
ROUND 1476 A#25 and B#29 = 203.346
ROUND 1477 A#26 and B#29 = 222.611
ROUND 1478 A#27 and B#29 = 219.155
ROUND 1479 A#28 and B#29 = 38.1063
ROUND 1480 A#29 and B#29 = 222.632
ROUND 1481 A#30 and B#29 = 219.596
ROUND 1482 A#31 and B#29 = 199.778
ROUND 1483 A#32 and B#29 = 220.784
ROUND 1484 A#33 and B#29 = 187.478
ROUND 1485 A#34 and B#29 = 221.451
ROUND 1486 A#35 and B#29 = 197.601
ROUND 1487 A#36 and B#29 = 202.891
ROUND 1488 A#37 and B#29 = 219.254
ROUND 1489 A#38 and B#29 = 193.954
ROUND 1490 A#39 and B#29 = 191.66
ROUND 1491 A#40 and B#29 = 220.294
ROUND 1492 A#41 and B#29 = 193.334
ROUND 1493 A#42 and B#29 = 219.745
ROUND 1494 A#43 and B#29 = 202.443
ROUND 1495 A#44 and B#29 = 191.676
ROUND 1496 A#45 and B#29 = 222.977
ROUND 1497 A#46 and B#29 = 198.147
ROUND 1498 A#47 and B#29 = 213.51
ROUND 1499 A#48 and B#29 = 221.16
ROUND 1500 A#49 and B#29 = 224.115
ROUND 1501 A#0 and B#30 = 196.18
ROUND 1502 A#1 and B#30 = 198.798
ROUND 1503 A#2 and B#30 = 220.178
ROUND 1504 A#3 and B#30 = 183.278
ROUND 1505 A#4 and B#30 = 198.134
ROUND 1506 A#5 and B#30 = 221.42
ROUND 1507 A#6 and B#30 = 211.008
ROUND 1508 A#7 and B#30 = 182.64
ROUND 1509 A#8 and B#30 = 203.774
ROUND 1510 A#9 and B#30 = 222.982
ROUND 1511 A#10 and B#30 = 204.852
ROUND 1512 A#11 and B#30 = 222.702
ROUND 1513 A#12 and B#30 = 193.842
ROUND 1514 A#13 and B#30 = 196.929
ROUND 1515 A#14 and B#30 = 196.193
ROUND 1516 A#15 and B#30 = 222.192
ROUND 1517 A#16 and B#30 = 192.723
ROUND 1518 A#17 and B#30 = 203.565
ROUND 1519 A#18 and B#30 = 211.216
ROUND 1520 A#19 and B#30 = 205.478
ROUND 1521 A#20 and B#30 = 206.499
ROUND 1522 A#21 and B#30 = 72.0643
ROUND 1523 A#22 and B#30 = 222.473
ROUND 1524 A#23 and B#30 = 202.589
ROUND 1525 A#24 and B#30 = 203.351
ROUND 1526 A#25 and B#30 = 179.992
ROUND 1527 A#26 and B#30 = 202.659
ROUND 1528 A#27 and B#30 = 144.725
ROUND 1529 A#28 and B#30 = 203.127
ROUND 1530 A#29 and B#30 = 197.866
ROUND 1531 A#30 and B#30 = 204.416
ROUND 1532 A#31 and B#30 = 218.508
ROUND 1533 A#32 and B#30 = 201.94
ROUND 1534 A#33 and B#30 = 202.134
ROUND 1535 A#34 and B#30 = 173.567
ROUND 1536 A#35 and B#30 = 197.482
ROUND 1537 A#36 and B#30 = -1.35464e-313
ROUND 1538 A#37 and B#30 = 217.528
ROUND 1539 A#38 and B#30 = 196.029
ROUND 1540 A#39 and B#30 = 198.961
ROUND 1541 A#40 and B#30 = 220.381
ROUND 1542 A#41 and B#30 = 169.122
ROUND 1543 A#42 and B#30 = 203.745
ROUND 1544 A#43 and B#30 = 191.99
ROUND 1545 A#44 and B#30 = 223.46
ROUND 1546 A#45 and B#30 = 203.156
ROUND 1547 A#46 and B#30 = 159.027
ROUND 1548 A#47 and B#30 = 221.682
ROUND 1549 A#48 and B#30 = 196.264
ROUND 1550 A#49 and B#30 = 222.544
ROUND 1551 A#0 and B#31 = 211.947
ROUND 1552 A#1 and B#31 = 214.646
ROUND 1553 A#2 and B#31 = 198.701
ROUND 1554 A#3 and B#31 = 225.68
ROUND 1555 A#4 and B#31 = 218.277
ROUND 1556 A#5 and B#31 = 214.793
ROUND 1557 A#6 and B#31 = 217.289
ROUND 1558 A#7 and B#31 = 221.765
ROUND 1559 A#8 and B#31 = 207.364
ROUND 1560 A#9 and B#31 = 205.72
ROUND 1561 A#10 and B#31 = 44.0181
ROUND 1562 A#11 and B#31 = 186.513
ROUND 1563 A#12 and B#31 = 220.975
ROUND 1564 A#13 and B#31 = 175.111
ROUND 1565 A#14 and B#31 = 160.543
ROUND 1566 A#15 and B#31 = 221.744
ROUND 1567 A#16 and B#31 = 208.18
ROUND 1568 A#17 and B#31 = 69.7328
ROUND 1569 A#18 and B#31 = 65.5109
ROUND 1570 A#19 and B#31 = 86.7517
ROUND 1571 A#20 and B#31 = 210.29
ROUND 1572 A#21 and B#31 = 224.018
ROUND 1573 A#22 and B#31 = 232.942
ROUND 1574 A#23 and B#31 = 221.131
ROUND 1575 A#24 and B#31 = 208.108
ROUND 1576 A#25 and B#31 = 213.967
ROUND 1577 A#26 and B#31 = 223.584
ROUND 1578 A#27 and B#31 = 204.264
ROUND 1579 A#28 and B#31 = 209.23
ROUND 1580 A#29 and B#31 = 216.682
ROUND 1581 A#30 and B#31 = 211.395
ROUND 1582 A#31 and B#31 = 215.935
ROUND 1583 A#32 and B#31 = 216.368
ROUND 1584 A#33 and B#31 = 229.491
ROUND 1585 A#34 and B#31 = 94.1986
ROUND 1586 A#35 and B#31 = 210.941
ROUND 1587 A#36 and B#31 = 194.239
ROUND 1588 A#37 and B#31 = 215.321
ROUND 1589 A#38 and B#31 = 214.943
ROUND 1590 A#39 and B#31 = 214.914
ROUND 1591 A#40 and B#31 = 197.495
ROUND 1592 A#41 and B#31 = 227.116
ROUND 1593 A#42 and B#31 = 221.947
ROUND 1594 A#43 and B#31 = 152.778
ROUND 1595 A#44 and B#31 = 215.49
ROUND 1596 A#45 and B#31 = 214.846
ROUND 1597 A#46 and B#31 = 219.663
ROUND 1598 A#47 and B#31 = 202.945
ROUND 1599 A#48 and B#31 = 221.599
ROUND 1600 A#49 and B#31 = 215.549
ROUND 1601 A#0 and B#32 = 196.454
ROUND 1602 A#1 and B#32 = 198.792
ROUND 1603 A#2 and B#32 = 220.233
ROUND 1604 A#3 and B#32 = 183.469
ROUND 1605 A#4 and B#32 = 197.926
ROUND 1606 A#5 and B#32 = 221.52
ROUND 1607 A#6 and B#32 = 210.361
ROUND 1608 A#7 and B#32 = 182.351
ROUND 1609 A#8 and B#32 = 222.931
ROUND 1610 A#9 and B#32 = 223.044
ROUND 1611 A#10 and B#32 = 205.212
ROUND 1612 A#11 and B#32 = 222.665
ROUND 1613 A#12 and B#32 = 193.961
ROUND 1614 A#13 and B#32 = 197.137
ROUND 1615 A#14 and B#32 = 196.342
ROUND 1616 A#15 and B#32 = 222.262
ROUND 1617 A#16 and B#32 = 192.862
ROUND 1618 A#17 and B#32 = 204.183
ROUND 1619 A#18 and B#32 = 211.419
ROUND 1620 A#19 and B#32 = 205.469
ROUND 1621 A#20 and B#32 = 101.794
ROUND 1622 A#21 and B#32 = 72.3316
ROUND 1623 A#22 and B#32 = 222.361
ROUND 1624 A#23 and B#32 = 202.867
ROUND 1625 A#24 and B#32 = 203.409
ROUND 1626 A#25 and B#32 = 180.109
ROUND 1627 A#26 and B#32 = 202.619
ROUND 1628 A#27 and B#32 = 144.556
ROUND 1629 A#28 and B#32 = 203.012
ROUND 1630 A#29 and B#32 = 197.777
ROUND 1631 A#30 and B#32 = 204.525
ROUND 1632 A#31 and B#32 = 219.223
ROUND 1633 A#32 and B#32 = 201.215
ROUND 1634 A#33 and B#32 = 202.444
ROUND 1635 A#34 and B#32 = 173.747
ROUND 1636 A#35 and B#32 = 196.938
ROUND 1637 A#36 and B#32 = -2.14559e-311
ROUND 1638 A#37 and B#32 = 217.703
ROUND 1639 A#38 and B#32 = 196.178
ROUND 1640 A#39 and B#32 = 199.079
ROUND 1641 A#40 and B#32 = 220.538
ROUND 1642 A#41 and B#32 = 169.124
ROUND 1643 A#42 and B#32 = 203.815
ROUND 1644 A#43 and B#32 = 191.827
ROUND 1645 A#44 and B#32 = 223.43
ROUND 1646 A#45 and B#32 = 203.123
ROUND 1647 A#46 and B#32 = 159.36
ROUND 1648 A#47 and B#32 = 221.59
ROUND 1649 A#48 and B#32 = 195.975
ROUND 1650 A#49 and B#32 = 222.578
ROUND 1651 A#0 and B#33 = 211.643
ROUND 1652 A#1 and B#33 = 212.763
ROUND 1653 A#2 and B#33 = 196.023
ROUND 1654 A#3 and B#33 = 210.421
ROUND 1655 A#4 and B#33 = 218.988
ROUND 1656 A#5 and B#33 = 213.334
ROUND 1657 A#6 and B#33 = 208.157
ROUND 1658 A#7 and B#33 = 221.983
ROUND 1659 A#8 and B#33 = 203.672
ROUND 1660 A#9 and B#33 = 203.57
ROUND 1661 A#10 and B#33 = 56.3415
ROUND 1662 A#11 and B#33 = 181.494
ROUND 1663 A#12 and B#33 = 219.653
ROUND 1664 A#13 and B#33 = 175.917
ROUND 1665 A#14 and B#33 = 226.32
ROUND 1666 A#15 and B#33 = 220.455
ROUND 1667 A#16 and B#33 = 204.924
ROUND 1668 A#17 and B#33 = 70.9492
ROUND 1669 A#18 and B#33 = 134.826
ROUND 1670 A#19 and B#33 = 214.898
ROUND 1671 A#20 and B#33 = 208.782
ROUND 1672 A#21 and B#33 = 222.746
ROUND 1673 A#22 and B#33 = 230.836
ROUND 1674 A#23 and B#33 = 220.172
ROUND 1675 A#24 and B#33 = 205.454
ROUND 1676 A#25 and B#33 = 213.089
ROUND 1677 A#26 and B#33 = 225.389
ROUND 1678 A#27 and B#33 = 202.224
ROUND 1679 A#28 and B#33 = 209.891
ROUND 1680 A#29 and B#33 = 108.211
ROUND 1681 A#30 and B#33 = 208.885
ROUND 1682 A#31 and B#33 = 214.456
ROUND 1683 A#32 and B#33 = 212.683
ROUND 1684 A#33 and B#33 = 159.855
ROUND 1685 A#34 and B#33 = 94.8554
ROUND 1686 A#35 and B#33 = 211.291
ROUND 1687 A#36 and B#33 = 193.945
ROUND 1688 A#37 and B#33 = 213.82
ROUND 1689 A#38 and B#33 = 213.753
ROUND 1690 A#39 and B#33 = 213.687
ROUND 1691 A#40 and B#33 = 198.069
ROUND 1692 A#41 and B#33 = 227.249
ROUND 1693 A#42 and B#33 = 221.925
ROUND 1694 A#43 and B#33 = 152.062
ROUND 1695 A#44 and B#33 = 213.927
ROUND 1696 A#45 and B#33 = 213.934
ROUND 1697 A#46 and B#33 = 218.371
ROUND 1698 A#47 and B#33 = 199.801
ROUND 1699 A#48 and B#33 = 220.24
ROUND 1700 A#49 and B#33 = 216.263
ROUND 1701 A#0 and B#34 = 217.788
ROUND 1702 A#1 and B#34 = 203.526
ROUND 1703 A#2 and B#34 = 191.917
ROUND 1704 A#3 and B#34 = 210.992
ROUND 1705 A#4 and B#34 = 213.503
ROUND 1706 A#5 and B#34 = 218.801
ROUND 1707 A#6 and B#34 = 204.563
ROUND 1708 A#7 and B#34 = 193.802
ROUND 1709 A#8 and B#34 = 166.508
ROUND 1710 A#9 and B#34 = 213.892
ROUND 1711 A#10 and B#34 = 214.817
ROUND 1712 A#11 and B#34 = 211.848
ROUND 1713 A#12 and B#34 = 196.976
ROUND 1714 A#13 and B#34 = 211.199
ROUND 1715 A#14 and B#34 = 186.405
ROUND 1716 A#15 and B#34 = 152.107
ROUND 1717 A#16 and B#34 = 202.878
ROUND 1718 A#17 and B#34 = 197.563
ROUND 1719 A#18 and B#34 = 197.412
ROUND 1720 A#19 and B#34 = 205.271
ROUND 1721 A#20 and B#34 = 206.125
ROUND 1722 A#21 and B#34 = 215.107
ROUND 1723 A#22 and B#34 = 215.608
ROUND 1724 A#23 and B#34 = 214.625
ROUND 1725 A#24 and B#34 = 169.413
ROUND 1726 A#25 and B#34 = 207.581
ROUND 1727 A#26 and B#34 = 214
ROUND 1728 A#27 and B#34 = 212.299
ROUND 1729 A#28 and B#34 = 205.305
ROUND 1730 A#29 and B#34 = 217.168
ROUND 1731 A#30 and B#34 = 213.909
ROUND 1732 A#31 and B#34 = 216.671
ROUND 1733 A#32 and B#34 = 203.245
ROUND 1734 A#33 and B#34 = 134.352
ROUND 1735 A#34 and B#34 = 220.835
ROUND 1736 A#35 and B#34 = 181.965
ROUND 1737 A#36 and B#34 = 202.135
ROUND 1738 A#37 and B#34 = 218.19
ROUND 1739 A#38 and B#34 = 197.442
ROUND 1740 A#39 and B#34 = 138.089
ROUND 1741 A#40 and B#34 = 186.281
ROUND 1742 A#41 and B#34 = 197.283
ROUND 1743 A#42 and B#34 = 20.7505
ROUND 1744 A#43 and B#34 = 187.833
ROUND 1745 A#44 and B#34 = 213.475
ROUND 1746 A#45 and B#34 = 214.397
ROUND 1747 A#46 and B#34 = 193.408
ROUND 1748 A#47 and B#34 = 181.823
ROUND 1749 A#48 and B#34 = 212.494
ROUND 1750 A#49 and B#34 = 205.832
ROUND 1751 A#0 and B#35 = 196.834
ROUND 1752 A#1 and B#35 = 206.512
ROUND 1753 A#2 and B#35 = 202.157
ROUND 1754 A#3 and B#35 = 211.355
ROUND 1755 A#4 and B#35 = 182.161
ROUND 1756 A#5 and B#35 = 205.295
ROUND 1757 A#6 and B#35 = 201.13
ROUND 1758 A#7 and B#35 = 135.495
ROUND 1759 A#8 and B#35 = 196.01
ROUND 1760 A#9 and B#35 = 203.892
ROUND 1761 A#10 and B#35 = 200.485
ROUND 1762 A#11 and B#35 = 207.563
ROUND 1763 A#12 and B#35 = 66.9531
ROUND 1764 A#13 and B#35 = 202.457
ROUND 1765 A#14 and B#35 = 196.974
ROUND 1766 A#15 and B#35 = 203.316
ROUND 1767 A#16 and B#35 = 200.424
ROUND 1768 A#17 and B#35 = 206.383
ROUND 1769 A#18 and B#35 = 224.509
ROUND 1770 A#19 and B#35 = 104.661
ROUND 1771 A#20 and B#35 = 200.644
ROUND 1772 A#21 and B#35 = 214.805
ROUND 1773 A#22 and B#35 = 212.227
ROUND 1774 A#23 and B#35 = 198.348
ROUND 1775 A#24 and B#35 = 203.513
ROUND 1776 A#25 and B#35 = 205.703
ROUND 1777 A#26 and B#35 = 59.7436
ROUND 1778 A#27 and B#35 = 203.064
ROUND 1779 A#28 and B#35 = 156.704
ROUND 1780 A#29 and B#35 = 56.771
ROUND 1781 A#30 and B#35 = 204.218
ROUND 1782 A#31 and B#35 = 208.109
ROUND 1783 A#32 and B#35 = 65.8543
ROUND 1784 A#33 and B#35 = 164.529
ROUND 1785 A#34 and B#35 = 203.125
ROUND 1786 A#35 and B#35 = 195.658
ROUND 1787 A#36 and B#35 = 222.6
ROUND 1788 A#37 and B#35 = 201.282
ROUND 1789 A#38 and B#35 = 95.3156
ROUND 1790 A#39 and B#35 = 98.9373
ROUND 1791 A#40 and B#35 = 37.9056
ROUND 1792 A#41 and B#35 = 88.5645
ROUND 1793 A#42 and B#35 = 36.0485
ROUND 1794 A#43 and B#35 = 196.517
ROUND 1795 A#44 and B#35 = 208.719
ROUND 1796 A#45 and B#35 = 72.9416
ROUND 1797 A#46 and B#35 = 8.2397
ROUND 1798 A#47 and B#35 = 228.733
ROUND 1799 A#48 and B#35 = 204.987
ROUND 1800 A#49 and B#35 = 205.356
ROUND 1801 A#0 and B#36 = 159.229
ROUND 1802 A#1 and B#36 = 158.617
ROUND 1803 A#2 and B#36 = 201.082
ROUND 1804 A#3 and B#36 = 228.87
ROUND 1805 A#4 and B#36 = 223.236
ROUND 1806 A#5 and B#36 = 212.883
ROUND 1807 A#6 and B#36 = 210.917
ROUND 1808 A#7 and B#36 = 227.872
ROUND 1809 A#8 and B#36 = 201.827
ROUND 1810 A#9 and B#36 = 192.411
ROUND 1811 A#10 and B#36 = 171.909
ROUND 1812 A#11 and B#36 = 175.7
ROUND 1813 A#12 and B#36 = 219.723
ROUND 1814 A#13 and B#36 = -4.64125e-320
ROUND 1815 A#14 and B#36 = 188.011
ROUND 1816 A#15 and B#36 = 228.136
ROUND 1817 A#16 and B#36 = 222.961
ROUND 1818 A#17 and B#36 = 165.931
ROUND 1819 A#18 and B#36 = 196.876
ROUND 1820 A#19 and B#36 = 201.248
ROUND 1821 A#20 and B#36 = 176.632
ROUND 1822 A#21 and B#36 = 226.325
ROUND 1823 A#22 and B#36 = 231.537
ROUND 1824 A#23 and B#36 = 160.372
ROUND 1825 A#24 and B#36 = 222.866
ROUND 1826 A#25 and B#36 = 208.818
ROUND 1827 A#26 and B#36 = 178.304
ROUND 1828 A#27 and B#36 = 198.097
ROUND 1829 A#28 and B#36 = 198.679
ROUND 1830 A#29 and B#36 = 172.296
ROUND 1831 A#30 and B#36 = 222.788
ROUND 1832 A#31 and B#36 = 198.583
ROUND 1833 A#32 and B#36 = 167.818
ROUND 1834 A#33 and B#36 = 198.736
ROUND 1835 A#34 and B#36 = 97.0298
ROUND 1836 A#35 and B#36 = 92.2
ROUND 1837 A#36 and B#36 = 192.282
ROUND 1838 A#37 and B#36 = 202.495
ROUND 1839 A#38 and B#36 = 195.564
ROUND 1840 A#39 and B#36 = 207.039
ROUND 1841 A#40 and B#36 = 178.103
ROUND 1842 A#41 and B#36 = 191.656
ROUND 1843 A#42 and B#36 = 158.611
ROUND 1844 A#43 and B#36 = 182.286
ROUND 1845 A#44 and B#36 = 241.303
ROUND 1846 A#45 and B#36 = 221.119
ROUND 1847 A#46 and B#36 = 222.529
ROUND 1848 A#47 and B#36 = 198.881
ROUND 1849 A#48 and B#36 = 79.9201
ROUND 1850 A#49 and B#36 = 236.321
ROUND 1851 A#0 and B#37 = 219.819
ROUND 1852 A#1 and B#37 = 220.327
ROUND 1853 A#2 and B#37 = 174.86
ROUND 1854 A#3 and B#37 = 220.102
ROUND 1855 A#4 and B#37 = 202.01
ROUND 1856 A#5 and B#37 = 197.028
ROUND 1857 A#6 and B#37 = 188.008
ROUND 1858 A#7 and B#37 = 194.677
ROUND 1859 A#8 and B#37 = 201.394
ROUND 1860 A#9 and B#37 = 168.937
ROUND 1861 A#10 and B#37 = 203.259
ROUND 1862 A#11 and B#37 = 220.004
ROUND 1863 A#12 and B#37 = 197.083
ROUND 1864 A#13 and B#37 = 206.067
ROUND 1865 A#14 and B#37 = 197.428
ROUND 1866 A#15 and B#37 = 205.09
ROUND 1867 A#16 and B#37 = 220.43
ROUND 1868 A#17 and B#37 = 177.707
ROUND 1869 A#18 and B#37 = 196.968
ROUND 1870 A#19 and B#37 = 204.501
ROUND 1871 A#20 and B#37 = 188.479
ROUND 1872 A#21 and B#37 = 221.635
ROUND 1873 A#22 and B#37 = 198.794
ROUND 1874 A#23 and B#37 = 201.174
ROUND 1875 A#24 and B#37 = 164.681
ROUND 1876 A#25 and B#37 = 105.548
ROUND 1877 A#26 and B#37 = 221.517
ROUND 1878 A#27 and B#37 = 222.548
ROUND 1879 A#28 and B#37 = 192.654
ROUND 1880 A#29 and B#37 = 220.994
ROUND 1881 A#30 and B#37 = 202.535
ROUND 1882 A#31 and B#37 = 200.704
ROUND 1883 A#32 and B#37 = 219.928
ROUND 1884 A#33 and B#37 = 220.341
ROUND 1885 A#34 and B#37 = 220.58
ROUND 1886 A#35 and B#37 = 182.027
ROUND 1887 A#36 and B#37 = 179.041
ROUND 1888 A#37 and B#37 = 197.697
ROUND 1889 A#38 and B#37 = 197.963
ROUND 1890 A#39 and B#37 = 197.97
ROUND 1891 A#40 and B#37 = 174.272
ROUND 1892 A#41 and B#37 = 211.339
ROUND 1893 A#42 and B#37 = 160.876
ROUND 1894 A#43 and B#37 = 177.191
ROUND 1895 A#44 and B#37 = 203.547
ROUND 1896 A#45 and B#37 = 221.371
ROUND 1897 A#46 and B#37 = 193.747
ROUND 1898 A#47 and B#37 = 219.609
ROUND 1899 A#48 and B#37 = 200.631
ROUND 1900 A#49 and B#37 = 18.944
ROUND 1901 A#0 and B#38 = 195.913
ROUND 1902 A#1 and B#38 = 198.799
ROUND 1903 A#2 and B#38 = 220.224
ROUND 1904 A#3 and B#38 = 183.194
ROUND 1905 A#4 and B#38 = 198.315
ROUND 1906 A#5 and B#38 = 221.316
ROUND 1907 A#6 and B#38 = 210.942
ROUND 1908 A#7 and B#38 = 182.742
ROUND 1909 A#8 and B#38 = 223.028
ROUND 1910 A#9 and B#38 = 222.808
ROUND 1911 A#10 and B#38 = 205.191
ROUND 1912 A#11 and B#38 = 222.607
ROUND 1913 A#12 and B#38 = 193.99
ROUND 1914 A#13 and B#38 = 197.13
ROUND 1915 A#14 and B#38 = 196.135
ROUND 1916 A#15 and B#38 = 222.186
ROUND 1917 A#16 and B#38 = 192.497
ROUND 1918 A#17 and B#38 = 203.238
ROUND 1919 A#18 and B#38 = 211.1
ROUND 1920 A#19 and B#38 = 205.485
ROUND 1921 A#20 and B#38 = 206.406
ROUND 1922 A#21 and B#38 = 71.9658
ROUND 1923 A#22 and B#38 = 222.223
ROUND 1924 A#23 and B#38 = 202.294
ROUND 1925 A#24 and B#38 = 203.369
ROUND 1926 A#25 and B#38 = 180.233
ROUND 1927 A#26 and B#38 = 202.516
ROUND 1928 A#27 and B#38 = 144.643
ROUND 1929 A#28 and B#38 = 203.053
ROUND 1930 A#29 and B#38 = 197.701
ROUND 1931 A#30 and B#38 = 204.526
ROUND 1932 A#31 and B#38 = 218.448
ROUND 1933 A#32 and B#38 = 201.99
ROUND 1934 A#33 and B#38 = 202.349
ROUND 1935 A#34 and B#38 = 173.596
ROUND 1936 A#35 and B#38 = 197.617
ROUND 1937 A#36 and B#38 = -2.29695e-313
ROUND 1938 A#37 and B#38 = 217.501
ROUND 1939 A#38 and B#38 = 195.387
ROUND 1940 A#39 and B#38 = 198.892
ROUND 1941 A#40 and B#38 = 220.406
ROUND 1942 A#41 and B#38 = 169.216
ROUND 1943 A#42 and B#38 = 203.494
ROUND 1944 A#43 and B#38 = 192.108
ROUND 1945 A#44 and B#38 = 223.531
ROUND 1946 A#45 and B#38 = 203.169
ROUND 1947 A#46 and B#38 = 158.768
ROUND 1948 A#47 and B#38 = 221.622
ROUND 1949 A#48 and B#38 = 197.105
ROUND 1950 A#49 and B#38 = 222.478
ROUND 1951 A#0 and B#39 = 223.892
ROUND 1952 A#1 and B#39 = 201.395
ROUND 1953 A#2 and B#39 = 217.964
ROUND 1954 A#3 and B#39 = 207.309
ROUND 1955 A#4 and B#39 = 232.023
ROUND 1956 A#5 and B#39 = 197.383
ROUND 1957 A#6 and B#39 = 200.32
ROUND 1958 A#7 and B#39 = 69.1572
ROUND 1959 A#8 and B#39 = 216.031
ROUND 1960 A#9 and B#39 = 226.29
ROUND 1961 A#10 and B#39 = 152.01
ROUND 1962 A#11 and B#39 = 201.123
ROUND 1963 A#12 and B#39 = 198.779
ROUND 1964 A#13 and B#39 = 214.191
ROUND 1965 A#14 and B#39 = 226.654
ROUND 1966 A#15 and B#39 = 226.292
ROUND 1967 A#16 and B#39 = 108.343
ROUND 1968 A#17 and B#39 = 202.57
ROUND 1969 A#18 and B#39 = 217.727
ROUND 1970 A#19 and B#39 = 86.6301
ROUND 1971 A#20 and B#39 = 199.304
ROUND 1972 A#21 and B#39 = 205.643
ROUND 1973 A#22 and B#39 = 200.138
ROUND 1974 A#23 and B#39 = 200.951
ROUND 1975 A#24 and B#39 = 230.959
ROUND 1976 A#25 and B#39 = 199.969
ROUND 1977 A#26 and B#39 = 228.323
ROUND 1978 A#27 and B#39 = 210.765
ROUND 1979 A#28 and B#39 = 217.846
ROUND 1980 A#29 and B#39 = 165.933
ROUND 1981 A#30 and B#39 = 221.238
ROUND 1982 A#31 and B#39 = 197.747
ROUND 1983 A#32 and B#39 = 227.485
ROUND 1984 A#33 and B#39 = 169.034
ROUND 1985 A#34 and B#39 = 76.3155
ROUND 1986 A#35 and B#39 = 206.205
ROUND 1987 A#36 and B#39 = 194.655
ROUND 1988 A#37 and B#39 = 196.923
ROUND 1989 A#38 and B#39 = 197.581
ROUND 1990 A#39 and B#39 = 198.564
ROUND 1991 A#40 and B#39 = 170.018
ROUND 1992 A#41 and B#39 = 227.747
ROUND 1993 A#42 and B#39 = 227.325
ROUND 1994 A#43 and B#39 = 219.192
ROUND 1995 A#44 and B#39 = 188.984
ROUND 1996 A#45 and B#39 = 223.268
ROUND 1997 A#46 and B#39 = 226.185
ROUND 1998 A#47 and B#39 = 198.041
ROUND 1999 A#48 and B#39 = 174.196
ROUND 2000 A#49 and B#39 = 197.776
ROUND 2001 A#0 and B#40 = 197.017
ROUND 2002 A#1 and B#40 = 206.861
ROUND 2003 A#2 and B#40 = 202.236
ROUND 2004 A#3 and B#40 = 198.817
ROUND 2005 A#4 and B#40 = 186.534
ROUND 2006 A#5 and B#40 = 205.917
ROUND 2007 A#6 and B#40 = 200.952
ROUND 2008 A#7 and B#40 = 135.569
ROUND 2009 A#8 and B#40 = 196.288
ROUND 2010 A#9 and B#40 = 204.04
ROUND 2011 A#10 and B#40 = 200.805
ROUND 2012 A#11 and B#40 = 207.474
ROUND 2013 A#12 and B#40 = 66.8477
ROUND 2014 A#13 and B#40 = 202.68
ROUND 2015 A#14 and B#40 = 196.892
ROUND 2016 A#15 and B#40 = 203.444
ROUND 2017 A#16 and B#40 = 200.665
ROUND 2018 A#17 and B#40 = 90.8511
ROUND 2019 A#18 and B#40 = 224.364
ROUND 2020 A#19 and B#40 = 29.3735
ROUND 2021 A#20 and B#40 = 200.385
ROUND 2022 A#21 and B#40 = 214.963
ROUND 2023 A#22 and B#40 = 211.383
ROUND 2024 A#23 and B#40 = 197.551
ROUND 2025 A#24 and B#40 = 203.702
ROUND 2026 A#25 and B#40 = 205.912
ROUND 2027 A#26 and B#40 = 59.544
ROUND 2028 A#27 and B#40 = 203.36
ROUND 2029 A#28 and B#40 = 156.115
ROUND 2030 A#29 and B#40 = 30.4744
ROUND 2031 A#30 and B#40 = 204.313
ROUND 2032 A#31 and B#40 = 208.659
ROUND 2033 A#32 and B#40 = 65.5668
ROUND 2034 A#33 and B#40 = 164.365
ROUND 2035 A#34 and B#40 = 203.221
ROUND 2036 A#35 and B#40 = 195.557
ROUND 2037 A#36 and B#40 = 222.791
ROUND 2038 A#37 and B#40 = 201.16
ROUND 2039 A#38 and B#40 = 95.0314
ROUND 2040 A#39 and B#40 = 98.5757
ROUND 2041 A#40 and B#40 = 37.6731
ROUND 2042 A#41 and B#40 = 88.663
ROUND 2043 A#42 and B#40 = 36.1342
ROUND 2044 A#43 and B#40 = 196.563
ROUND 2045 A#44 and B#40 = 208.463
ROUND 2046 A#45 and B#40 = 72.977
ROUND 2047 A#46 and B#40 = 7.98915
ROUND 2048 A#47 and B#40 = 228.751
ROUND 2049 A#48 and B#40 = 205.118
ROUND 2050 A#49 and B#40 = 205.13
ROUND 2051 A#0 and B#41 = 204.743
ROUND 2052 A#1 and B#41 = 213.387
ROUND 2053 A#2 and B#41 = 218.237
ROUND 2054 A#3 and B#41 = 136.91
ROUND 2055 A#4 and B#41 = 219.24
ROUND 2056 A#5 and B#41 = 206.258
ROUND 2057 A#6 and B#41 = 194.52
ROUND 2058 A#7 and B#41 = 217.548
ROUND 2059 A#8 and B#41 = 198.141
ROUND 2060 A#9 and B#41 = 199.287
ROUND 2061 A#10 and B#41 = 38.3737
ROUND 2062 A#11 and B#41 = 140.692
ROUND 2063 A#12 and B#41 = 211.084
ROUND 2064 A#13 and B#41 = 183.278
ROUND 2065 A#14 and B#41 = 226.317
ROUND 2066 A#15 and B#41 = 214.976
ROUND 2067 A#16 and B#41 = 206.325
ROUND 2068 A#17 and B#41 = 207.748
ROUND 2069 A#18 and B#41 = 214.902
ROUND 2070 A#19 and B#41 = 222.16
ROUND 2071 A#20 and B#41 = 195.079
ROUND 2072 A#21 and B#41 = 204.288
ROUND 2073 A#22 and B#41 = 230.862
ROUND 2074 A#23 and B#41 = 188.327
ROUND 2075 A#24 and B#41 = 195.191
ROUND 2076 A#25 and B#41 = 205.24
ROUND 2077 A#26 and B#41 = 226.447
ROUND 2078 A#27 and B#41 = 198.593
ROUND 2079 A#28 and B#41 = 216.911
ROUND 2080 A#29 and B#41 = 200.781
ROUND 2081 A#30 and B#41 = 189.075
ROUND 2082 A#31 and B#41 = 206.454
ROUND 2083 A#32 and B#41 = 214.018
ROUND 2084 A#33 and B#41 = 168.144
ROUND 2085 A#34 and B#41 = 72.0223
ROUND 2086 A#35 and B#41 = 213.418
ROUND 2087 A#36 and B#41 = 194.377
ROUND 2088 A#37 and B#41 = 205.229
ROUND 2089 A#38 and B#41 = 206.812
ROUND 2090 A#39 and B#41 = 206.429
ROUND 2091 A#40 and B#41 = 219.453
ROUND 2092 A#41 and B#41 = 227.686
ROUND 2093 A#42 and B#41 = 190.249
ROUND 2094 A#43 and B#41 = 201.713
ROUND 2095 A#44 and B#41 = 208.643
ROUND 2096 A#45 and B#41 = 222.059
ROUND 2097 A#46 and B#41 = 202.462
ROUND 2098 A#47 and B#41 = 201.783
ROUND 2099 A#48 and B#41 = 214.516
ROUND 2100 A#49 and B#41 = 210.083
ROUND 2101 A#0 and B#42 = 224.751
ROUND 2102 A#1 and B#42 = 201.121
ROUND 2103 A#2 and B#42 = 217.932
ROUND 2104 A#3 and B#42 = 226.698
ROUND 2105 A#4 and B#42 = 232.052
ROUND 2106 A#5 and B#42 = 197.529
ROUND 2107 A#6 and B#42 = 200.288
ROUND 2108 A#7 and B#42 = 219.723
ROUND 2109 A#8 and B#42 = 215.248
ROUND 2110 A#9 and B#42 = 226.227
ROUND 2111 A#10 and B#42 = 151.741
ROUND 2112 A#11 and B#42 = 203.452
ROUND 2113 A#12 and B#42 = 198.459
ROUND 2114 A#13 and B#42 = 214.415
ROUND 2115 A#14 and B#42 = 226.525
ROUND 2116 A#15 and B#42 = 226.175
ROUND 2117 A#16 and B#42 = 208.212
ROUND 2118 A#17 and B#42 = 202.728
ROUND 2119 A#18 and B#42 = 217.491
ROUND 2120 A#19 and B#42 = 86.9197
ROUND 2121 A#20 and B#42 = 199.482
ROUND 2122 A#21 and B#42 = 205.704
ROUND 2123 A#22 and B#42 = 200.379
ROUND 2124 A#23 and B#42 = 200.996
ROUND 2125 A#24 and B#42 = 230.861
ROUND 2126 A#25 and B#42 = 200.01
ROUND 2127 A#26 and B#42 = 228.554
ROUND 2128 A#27 and B#42 = 209.72
ROUND 2129 A#28 and B#42 = 218.187
ROUND 2130 A#29 and B#42 = 165.962
ROUND 2131 A#30 and B#42 = 221.378
ROUND 2132 A#31 and B#42 = 197.941
ROUND 2133 A#32 and B#42 = 198.506
ROUND 2134 A#33 and B#42 = 172.212
ROUND 2135 A#34 and B#42 = 66.6127
ROUND 2136 A#35 and B#42 = 206.379
ROUND 2137 A#36 and B#42 = 194.465
ROUND 2138 A#37 and B#42 = 196.79
ROUND 2139 A#38 and B#42 = 197.029
ROUND 2140 A#39 and B#42 = 198.575
ROUND 2141 A#40 and B#42 = 169.75
ROUND 2142 A#41 and B#42 = 227.718
ROUND 2143 A#42 and B#42 = 227.209
ROUND 2144 A#43 and B#42 = 219.118
ROUND 2145 A#44 and B#42 = 198.68
ROUND 2146 A#45 and B#42 = 222.807
ROUND 2147 A#46 and B#42 = 225.986
ROUND 2148 A#47 and B#42 = 199.076
ROUND 2149 A#48 and B#42 = 172.561
ROUND 2150 A#49 and B#42 = 197.876
ROUND 2151 A#0 and B#43 = 225.001
ROUND 2152 A#1 and B#43 = 214.634
ROUND 2153 A#2 and B#43 = 217.517
ROUND 2154 A#3 and B#43 = 207.967
ROUND 2155 A#4 and B#43 = 226.695
ROUND 2156 A#5 and B#43 = 207.689
ROUND 2157 A#6 and B#43 = 195.764
ROUND 2158 A#7 and B#43 = 218.494
ROUND 2159 A#8 and B#43 = 199.173
ROUND 2160 A#9 and B#43 = 200.036
ROUND 2161 A#10 and B#43 = 164.265
ROUND 2162 A#11 and B#43 = 144.398
ROUND 2163 A#12 and B#43 = 213.094
ROUND 2164 A#13 and B#43 = 184.118
ROUND 2165 A#14 and B#43 = 229.486
ROUND 2166 A#15 and B#43 = 216.215
ROUND 2167 A#16 and B#43 = 208.586
ROUND 2168 A#17 and B#43 = 208.069
ROUND 2169 A#18 and B#43 = 215.344
ROUND 2170 A#19 and B#43 = 88.6381
ROUND 2171 A#20 and B#43 = 200.146
ROUND 2172 A#21 and B#43 = 210.587
ROUND 2173 A#22 and B#43 = 232.389
ROUND 2174 A#23 and B#43 = 188.186
ROUND 2175 A#24 and B#43 = 227.749
ROUND 2176 A#25 and B#43 = 206.323
ROUND 2177 A#26 and B#43 = 228.006
ROUND 2178 A#27 and B#43 = 210.051
ROUND 2179 A#28 and B#43 = 215.063
ROUND 2180 A#29 and B#43 = 166.323
ROUND 2181 A#30 and B#43 = 191.339
ROUND 2182 A#31 and B#43 = 207.508
ROUND 2183 A#32 and B#43 = 204.584
ROUND 2184 A#33 and B#43 = 168.011
ROUND 2185 A#34 and B#43 = 76.0105
ROUND 2186 A#35 and B#43 = 213.676
ROUND 2187 A#36 and B#43 = 194.204
ROUND 2188 A#37 and B#43 = 206.25
ROUND 2189 A#38 and B#43 = 202.694
ROUND 2190 A#39 and B#43 = 207.396
ROUND 2191 A#40 and B#43 = 183.179
ROUND 2192 A#41 and B#43 = 227.694
ROUND 2193 A#42 and B#43 = 213.702
ROUND 2194 A#43 and B#43 = 213.523
ROUND 2195 A#44 and B#43 = 209.694
ROUND 2196 A#45 and B#43 = 223.107
ROUND 2197 A#46 and B#43 = 214.364
ROUND 2198 A#47 and B#43 = 201.31
ROUND 2199 A#48 and B#43 = 215.918
ROUND 2200 A#49 and B#43 = 209.274
ROUND 2201 A#0 and B#44 = 219.673
ROUND 2202 A#1 and B#44 = 203.4
ROUND 2203 A#2 and B#44 = 189.481
ROUND 2204 A#3 and B#44 = 210.813
ROUND 2205 A#4 and B#44 = 213.286
ROUND 2206 A#5 and B#44 = 219.219
ROUND 2207 A#6 and B#44 = 204.405
ROUND 2208 A#7 and B#44 = 194.073
ROUND 2209 A#8 and B#44 = 168.535
ROUND 2210 A#9 and B#44 = 176.149
ROUND 2211 A#10 and B#44 = 214.575
ROUND 2212 A#11 and B#44 = 210.778
ROUND 2213 A#12 and B#44 = 197.014
ROUND 2214 A#13 and B#44 = 210.863
ROUND 2215 A#14 and B#44 = 185.961
ROUND 2216 A#15 and B#44 = 205.21
ROUND 2217 A#16 and B#44 = 205.504
ROUND 2218 A#17 and B#44 = 197.67
ROUND 2219 A#18 and B#44 = 196.783
ROUND 2220 A#19 and B#44 = 205.142
ROUND 2221 A#20 and B#44 = 203.087
ROUND 2222 A#21 and B#44 = 214.899
ROUND 2223 A#22 and B#44 = 214.84
ROUND 2224 A#23 and B#44 = 214.464
ROUND 2225 A#24 and B#44 = 172.982
ROUND 2226 A#25 and B#44 = 208.346
ROUND 2227 A#26 and B#44 = 213.686
ROUND 2228 A#27 and B#44 = 211.995
ROUND 2229 A#28 and B#44 = 213.803
ROUND 2230 A#29 and B#44 = 217.179
ROUND 2231 A#30 and B#44 = 213.674
ROUND 2232 A#31 and B#44 = 218.152
ROUND 2233 A#32 and B#44 = 164.113
ROUND 2234 A#33 and B#44 = 220.584
ROUND 2235 A#34 and B#44 = 205.861
ROUND 2236 A#35 and B#44 = 210.948
ROUND 2237 A#36 and B#44 = 202.964
ROUND 2238 A#37 and B#44 = 218.099
ROUND 2239 A#38 and B#44 = 197.98
ROUND 2240 A#39 and B#44 = 197.987
ROUND 2241 A#40 and B#44 = 186.13
ROUND 2242 A#41 and B#44 = 211.857
ROUND 2243 A#42 and B#44 = 203.28
ROUND 2244 A#43 and B#44 = 187.701
ROUND 2245 A#44 and B#44 = 212.934
ROUND 2246 A#45 and B#44 = 214.074
ROUND 2247 A#46 and B#44 = 202.49
ROUND 2248 A#47 and B#44 = 180.761
ROUND 2249 A#48 and B#44 = 204.775
ROUND 2250 A#49 and B#44 = 17.3638
ROUND 2251 A#0 and B#45 = 200.71
ROUND 2252 A#1 and B#45 = 203.659
ROUND 2253 A#2 and B#45 = 190.182
ROUND 2254 A#3 and B#45 = 211.226
ROUND 2255 A#4 and B#45 = 213.549
ROUND 2256 A#5 and B#45 = 219.632
ROUND 2257 A#6 and B#45 = 195.731
ROUND 2258 A#7 and B#45 = 193.951
ROUND 2259 A#8 and B#45 = 166.678
ROUND 2260 A#9 and B#45 = 214.744
ROUND 2261 A#10 and B#45 = 214.845
ROUND 2262 A#11 and B#45 = 211.722
ROUND 2263 A#12 and B#45 = 198.2
ROUND 2264 A#13 and B#45 = 211.19
ROUND 2265 A#14 and B#45 = 185.781
ROUND 2266 A#15 and B#45 = 152.13
ROUND 2267 A#16 and B#45 = 203.591
ROUND 2268 A#17 and B#45 = 197.861
ROUND 2269 A#18 and B#45 = 196.922
ROUND 2270 A#19 and B#45 = 205.18
ROUND 2271 A#20 and B#45 = 206.485
ROUND 2272 A#21 and B#45 = 111.368
ROUND 2273 A#22 and B#45 = 215.542
ROUND 2274 A#23 and B#45 = 214.686
ROUND 2275 A#24 and B#45 = 171.077
ROUND 2276 A#25 and B#45 = 209.005
ROUND 2277 A#26 and B#45 = 213.876
ROUND 2278 A#27 and B#45 = 212.624
ROUND 2279 A#28 and B#45 = 205.249
ROUND 2280 A#29 and B#45 = 216.308
ROUND 2281 A#30 and B#45 = 213.951
ROUND 2282 A#31 and B#45 = 217.883
ROUND 2283 A#32 and B#45 = 166.224
ROUND 2284 A#33 and B#45 = 135.162
ROUND 2285 A#34 and B#45 = 221.503
ROUND 2286 A#35 and B#45 = 180.606
ROUND 2287 A#36 and B#45 = 219.186
ROUND 2288 A#37 and B#45 = 218.822
ROUND 2289 A#38 and B#45 = 197.299
ROUND 2290 A#39 and B#45 = 137.108
ROUND 2291 A#40 and B#45 = 185.951
ROUND 2292 A#41 and B#45 = 197.167
ROUND 2293 A#42 and B#45 = 204.063
ROUND 2294 A#43 and B#45 = 187.353
ROUND 2295 A#44 and B#45 = 206.538
ROUND 2296 A#45 and B#45 = 214.491
ROUND 2297 A#46 and B#45 = 193.246
ROUND 2298 A#47 and B#45 = 181.12
ROUND 2299 A#48 and B#45 = 213.064
ROUND 2300 A#49 and B#45 = 208.673
ROUND 2301 A#0 and B#46 = 221.413
ROUND 2302 A#1 and B#46 = 197.136
ROUND 2303 A#2 and B#46 = 221.768
ROUND 2304 A#3 and B#46 = 204.064
ROUND 2305 A#4 and B#46 = 198.63
ROUND 2306 A#5 and B#46 = 222.222
ROUND 2307 A#6 and B#46 = 212.85
ROUND 2308 A#7 and B#46 = 184.584
ROUND 2309 A#8 and B#46 = 138.028
ROUND 2310 A#9 and B#46 = 222.661
ROUND 2311 A#10 and B#46 = 205.271
ROUND 2312 A#11 and B#46 = 222.78
ROUND 2313 A#12 and B#46 = 196.207
ROUND 2314 A#13 and B#46 = -1.59139e-320
ROUND 2315 A#14 and B#46 = 185.113
ROUND 2316 A#15 and B#46 = 198.812
ROUND 2317 A#16 and B#46 = 190.551
ROUND 2318 A#17 and B#46 = 194.524
ROUND 2319 A#18 and B#46 = 194.52
ROUND 2320 A#19 and B#46 = 205.144
ROUND 2321 A#20 and B#46 = 183.537
ROUND 2322 A#21 and B#46 = 187.211
ROUND 2323 A#22 and B#46 = 222.901
ROUND 2324 A#23 and B#46 = 197.978
ROUND 2325 A#24 and B#46 = 138.678
ROUND 2326 A#25 and B#46 = 182.781
ROUND 2327 A#26 and B#46 = 221.544
ROUND 2328 A#27 and B#46 = -26.6788
ROUND 2329 A#28 and B#46 = 202.75
ROUND 2330 A#29 and B#46 = 206.522
ROUND 2331 A#30 and B#46 = 203.823
ROUND 2332 A#31 and B#46 = 219.125
ROUND 2333 A#32 and B#46 = 127.988
ROUND 2334 A#33 and B#46 = 221.157
ROUND 2335 A#34 and B#46 = 221.155
ROUND 2336 A#35 and B#46 = 198.468
ROUND 2337 A#36 and B#46 = 192.391
ROUND 2338 A#37 and B#46 = 218.704
ROUND 2339 A#38 and B#46 = 196.74
ROUND 2340 A#39 and B#46 = 4.52626
ROUND 2341 A#40 and B#46 = 194.017
ROUND 2342 A#41 and B#46 = 196.837
ROUND 2343 A#42 and B#46 = -46.714
ROUND 2344 A#43 and B#46 = 191.833
ROUND 2345 A#44 and B#46 = 221.748
ROUND 2346 A#45 and B#46 = 222.525
ROUND 2347 A#46 and B#46 = 196.95
ROUND 2348 A#47 and B#46 = 221.834
ROUND 2349 A#48 and B#46 = 198.105
ROUND 2350 A#49 and B#46 = 221.934
ROUND 2351 A#0 and B#47 = 219.861
ROUND 2352 A#1 and B#47 = 220.672
ROUND 2353 A#2 and B#47 = 220.912
ROUND 2354 A#3 and B#47 = 219.899
ROUND 2355 A#4 and B#47 = 201.92
ROUND 2356 A#5 and B#47 = 197.781
ROUND 2357 A#6 and B#47 = 219.81
ROUND 2358 A#7 and B#47 = 194.153
ROUND 2359 A#8 and B#47 = 201.039
ROUND 2360 A#9 and B#47 = 173.793
ROUND 2361 A#10 and B#47 = 203.123
ROUND 2362 A#11 and B#47 = 220.9
ROUND 2363 A#12 and B#47 = 197.057
ROUND 2364 A#13 and B#47 = 205.721
ROUND 2365 A#14 and B#47 = 198.329
ROUND 2366 A#15 and B#47 = 205.003
ROUND 2367 A#16 and B#47 = 219.85
ROUND 2368 A#17 and B#47 = 176.267
ROUND 2369 A#18 and B#47 = 199.283
ROUND 2370 A#19 and B#47 = 204.634
ROUND 2371 A#20 and B#47 = 191.138
ROUND 2372 A#21 and B#47 = 221.632
ROUND 2373 A#22 and B#47 = 199.049
ROUND 2374 A#23 and B#47 = 201.039
ROUND 2375 A#24 and B#47 = 165.576
ROUND 2376 A#25 and B#47 = 105.351
ROUND 2377 A#26 and B#47 = 221.34
ROUND 2378 A#27 and B#47 = 222.752
ROUND 2379 A#28 and B#47 = 191.53
ROUND 2380 A#29 and B#47 = 221.072
ROUND 2381 A#30 and B#47 = 202.367
ROUND 2382 A#31 and B#47 = 217.771
ROUND 2383 A#32 and B#47 = 220.04
ROUND 2384 A#33 and B#47 = 220.619
ROUND 2385 A#34 and B#47 = 221.799
ROUND 2386 A#35 and B#47 = 199.759
ROUND 2387 A#36 and B#47 = 195.352
ROUND 2388 A#37 and B#47 = 198.267
ROUND 2389 A#38 and B#47 = 198.022
ROUND 2390 A#39 and B#47 = 198.313
ROUND 2391 A#40 and B#47 = 177.424
ROUND 2392 A#41 and B#47 = 198.062
ROUND 2393 A#42 and B#47 = 161.636
ROUND 2394 A#43 and B#47 = 180.323
ROUND 2395 A#44 and B#47 = 203.268
ROUND 2396 A#45 and B#47 = 221.23
ROUND 2397 A#46 and B#47 = 202.44
ROUND 2398 A#47 and B#47 = 219.512
ROUND 2399 A#48 and B#47 = 220.883
ROUND 2400 A#49 and B#47 = 203.659
ROUND 2401 A#0 and B#48 = 201.675
ROUND 2402 A#1 and B#48 = 202.787
ROUND 2403 A#2 and B#48 = 190.425
ROUND 2404 A#3 and B#48 = 210.38
ROUND 2405 A#4 and B#48 = 212.761
ROUND 2406 A#5 and B#48 = 218.337
ROUND 2407 A#6 and B#48 = 215.009
ROUND 2408 A#7 and B#48 = 193.912
ROUND 2409 A#8 and B#48 = 213.117
ROUND 2410 A#9 and B#48 = 176.751
ROUND 2411 A#10 and B#48 = 214.029
ROUND 2412 A#11 and B#48 = 211.11
ROUND 2413 A#12 and B#48 = 196.953
ROUND 2414 A#13 and B#48 = 210.189
ROUND 2415 A#14 and B#48 = 186.68
ROUND 2416 A#15 and B#48 = 205.057
ROUND 2417 A#16 and B#48 = 201.221
ROUND 2418 A#17 and B#48 = 177.368
ROUND 2419 A#18 and B#48 = 197.545
ROUND 2420 A#19 and B#48 = 205.066
ROUND 2421 A#20 and B#48 = 202.503
ROUND 2422 A#21 and B#48 = 214.373
ROUND 2423 A#22 and B#48 = 214.175
ROUND 2424 A#23 and B#48 = 213.966
ROUND 2425 A#24 and B#48 = 172.21
ROUND 2426 A#25 and B#48 = 129.758
ROUND 2427 A#26 and B#48 = 212.851
ROUND 2428 A#27 and B#48 = 211.05
ROUND 2429 A#28 and B#48 = 213.848
ROUND 2430 A#29 and B#48 = 217.056
ROUND 2431 A#30 and B#48 = 213.138
ROUND 2432 A#31 and B#48 = 217.472
ROUND 2433 A#32 and B#48 = 162.806
ROUND 2434 A#33 and B#48 = 220.034
ROUND 2435 A#34 and B#48 = 204.764
ROUND 2436 A#35 and B#48 = 210.881
ROUND 2437 A#36 and B#48 = 202.897
ROUND 2438 A#37 and B#48 = 217.142
ROUND 2439 A#38 and B#48 = 198.02
ROUND 2440 A#39 and B#48 = 198.136
ROUND 2441 A#40 and B#48 = 186.718
ROUND 2442 A#41 and B#48 = 198.129
ROUND 2443 A#42 and B#48 = 160.729
ROUND 2444 A#43 and B#48 = 188.165
ROUND 2445 A#44 and B#48 = 212.462
ROUND 2446 A#45 and B#48 = 213.406
ROUND 2447 A#46 and B#48 = 203.062
ROUND 2448 A#47 and B#48 = 181.75
ROUND 2449 A#48 and B#48 = 214.268
ROUND 2450 A#49 and B#48 = 212.412
ROUND 2451 A#0 and B#49 = 211.332
ROUND 2452 A#1 and B#49 = 190.561
ROUND 2453 A#2 and B#49 = 186.941
ROUND 2454 A#3 and B#49 = 187.711
ROUND 2455 A#4 and B#49 = 126.812
ROUND 2456 A#5 and B#49 = 183.417
ROUND 2457 A#6 and B#49 = 188.877
ROUND 2458 A#7 and B#49 = 35.2271
ROUND 2459 A#8 and B#49 = 207.485
ROUND 2460 A#9 and B#49 = 211.844
ROUND 2461 A#10 and B#49 = 161.562
ROUND 2462 A#11 and B#49 = 217.357
ROUND 2463 A#12 and B#49 = 202.964
ROUND 2464 A#13 and B#49 = 218.544
ROUND 2465 A#14 and B#49 = 218.841
ROUND 2466 A#15 and B#49 = 206.711
ROUND 2467 A#16 and B#49 = 205.531
ROUND 2468 A#17 and B#49 = 169.402
ROUND 2469 A#18 and B#49 = 220.235
ROUND 2470 A#19 and B#49 = 178.856
ROUND 2471 A#20 and B#49 = 206.771
ROUND 2472 A#21 and B#49 = 185.408
ROUND 2473 A#22 and B#49 = 203.134
ROUND 2474 A#23 and B#49 = 181.226
ROUND 2475 A#24 and B#49 = 159.309
ROUND 2476 A#25 and B#49 = 196.024
ROUND 2477 A#26 and B#49 = 214.346
ROUND 2478 A#27 and B#49 = 169.104
ROUND 2479 A#28 and B#49 = 203.485
ROUND 2480 A#29 and B#49 = 220.653
ROUND 2481 A#30 and B#49 = 155.423
ROUND 2482 A#31 and B#49 = 172.877
ROUND 2483 A#32 and B#49 = 192.616
ROUND 2484 A#33 and B#49 = 200.79
ROUND 2485 A#34 and B#49 = 214.329
ROUND 2486 A#35 and B#49 = 108.98
ROUND 2487 A#36 and B#49 = 209.303
ROUND 2488 A#37 and B#49 = 207.133
ROUND 2489 A#38 and B#49 = 199.388
ROUND 2490 A#39 and B#49 = 169.584
ROUND 2491 A#40 and B#49 = 191.36
ROUND 2492 A#41 and B#49 = 198.883
ROUND 2493 A#42 and B#49 = 177.802
ROUND 2494 A#43 and B#49 = 218.006
ROUND 2495 A#44 and B#49 = 193.397
ROUND 2496 A#45 and B#49 = 44.3267
ROUND 2497 A#46 and B#49 = 171.497
ROUND 2498 A#47 and B#49 = 205.097
ROUND 2499 A#48 and B#49 = 211.596
ROUND 2500 A#49 and B#49 = 202.587

The best overlap is between conformer A#44 and B#13, which, after PCA followed by Steepest Descent, produces a volume overlap of 245.724
Tanimoto (Hodgkin) similarity index: 0.325548

Saving those best conformers to file...
WRITING MOLECULE TO FILE '../ALL_PAIRS_BQ123_AS_REFERENCE/ROKS3/BQ123-Sitaxentan.mol2' (WILL OVERWRITE EXISTING FILE IF ANY)...
WRITING MOLECULE TO FILE '../ALL_PAIRS_BQ123_AS_REFERENCE/ROKS3/BQ123-Sitaxentan.mol2'...
