Finished importing molecules
WARNING: LAPACK DSYEV() RETURNED NON-ZERO ERROR CODE 2
WARNING: LAPACK DSYEV() RETURNED NON-ZERO ERROR CODE 3
WARNING: LAPACK DSYEV() RETURNED NON-ZERO ERROR CODE 2
WARNING: LAPACK DSYEV() RETURNED NON-ZERO ERROR CODE 2
WARNING: LAPACK DSYEV() RETURNED NON-ZERO ERROR CODE 2
WARNING: LAPACK DSYEV() RETURNED NON-ZERO ERROR CODE 2
WARNING: LAPACK DSYEV() RETURNED NON-ZERO ERROR CODE 2
WARNING: LAPACK DSYEV() RETURNED NON-ZERO ERROR CODE 2
WARNING: LAPACK DSYEV() RETURNED NON-ZERO ERROR CODE 2
WARNING: LAPACK DSYEV() RETURNED NON-ZERO ERROR CODE 2
WARNING: LAPACK DSYEV() RETURNED NON-ZERO ERROR CODE 2
WARNING: LAPACK DSYEV() RETURNED NON-ZERO ERROR CODE 2
WARNING: LAPACK DSYEV() RETURNED NON-ZERO ERROR CODE 2
WARNING: LAPACK DSYEV() RETURNED NON-ZERO ERROR CODE 2
WARNING: LAPACK DSYEV() RETURNED NON-ZERO ERROR CODE 2
WARNING: LAPACK DSYEV() RETURNED NON-ZERO ERROR CODE 3
WARNING: LAPACK DSYEV() RETURNED NON-ZERO ERROR CODE 2
WARNING: LAPACK DSYEV() RETURNED NON-ZERO ERROR CODE 3
WARNING: LAPACK DSYEV() RETURNED NON-ZERO ERROR CODE 2
WARNING: LAPACK DSYEV() RETURNED NON-ZERO ERROR CODE 3
WARNING: LAPACK DSYEV() RETURNED NON-ZERO ERROR CODE 2
WARNING: LAPACK DSYEV() RETURNED NON-ZERO ERROR CODE 2
WARNING: LAPACK DSYEV() RETURNED NON-ZERO ERROR CODE 2
WARNING: LAPACK DSYEV() RETURNED NON-ZERO ERROR CODE 2
WARNING: LAPACK DSYEV() RETURNED NON-ZERO ERROR CODE 2
WARNING: LAPACK DSYEV() RETURNED NON-ZERO ERROR CODE 2
WARNING: LAPACK DSYEV() RETURNED NON-ZERO ERROR CODE 2
WARNING: LAPACK DSYEV() RETURNED NON-ZERO ERROR CODE 2
WARNING: LAPACK DSYEV() RETURNED NON-ZERO ERROR CODE 2
WARNING: LAPACK DSYEV() RETURNED NON-ZERO ERROR CODE 3
WARNING: LAPACK DSYEV() RETURNED NON-ZERO ERROR CODE 3
WARNING: LAPACK DSYEV() RETURNED NON-ZERO ERROR CODE 2
WARNING: LAPACK DSYEV() RETURNED NON-ZERO ERROR CODE 2
WARNING: LAPACK DSYEV() RETURNED NON-ZERO ERROR CODE 2
WARNING: LAPACK DSYEV() RETURNED NON-ZERO ERROR CODE 2
WARNING: LAPACK DSYEV() RETURNED NON-ZERO ERROR CODE 2
WARNING: LAPACK DSYEV() RETURNED NON-ZERO ERROR CODE 2
WARNING: LAPACK DSYEV() RETURNED NON-ZERO ERROR CODE 3
WARNING: LAPACK DSYEV() RETURNED NON-ZERO ERROR CODE 3
WARNING: LAPACK DSYEV() RETURNED NON-ZERO ERROR CODE 2
WARNING: LAPACK DSYEV() RETURNED NON-ZERO ERROR CODE 2
WARNING: LAPACK DSYEV() RETURNED NON-ZERO ERROR CODE 2
WARNING: LAPACK DSYEV() RETURNED NON-ZERO ERROR CODE 2
WARNING: LAPACK DSYEV() RETURNED NON-ZERO ERROR CODE 2
WARNING: LAPACK DSYEV() RETURNED NON-ZERO ERROR CODE 3
WARNING: LAPACK DSYEV() RETURNED NON-ZERO ERROR CODE 2
WARNING: LAPACK DSYEV() RETURNED NON-ZERO ERROR CODE 2
WARNING: LAPACK DSYEV() RETURNED NON-ZERO ERROR CODE 2
WARNING: LAPACK DSYEV() RETURNED NON-ZERO ERROR CODE 2
WARNING: LAPACK DSYEV() RETURNED NON-ZERO ERROR CODE 2
WARNING: LAPACK DSYEV() RETURNED NON-ZERO ERROR CODE 2
WARNING: LAPACK DSYEV() RETURNED NON-ZERO ERROR CODE 3
WARNING: LAPACK DSYEV() RETURNED NON-ZERO ERROR CODE 3
WARNING: LAPACK DSYEV() RETURNED NON-ZERO ERROR CODE 2
WARNING: LAPACK DSYEV() RETURNED NON-ZERO ERROR CODE 3
WARNING: LAPACK DSYEV() RETURNED NON-ZERO ERROR CODE 2
WARNING: LAPACK DSYEV() RETURNED NON-ZERO ERROR CODE 2
WARNING: LAPACK DSYEV() RETURNED NON-ZERO ERROR CODE 3
WARNING: LAPACK DSYEV() RETURNED NON-ZERO ERROR CODE 3
WARNING: LAPACK DSYEV() RETURNED NON-ZERO ERROR CODE 3
WARNING: LAPACK DSYEV() RETURNED NON-ZERO ERROR CODE 2
WARNING: LAPACK DSYEV() RETURNED NON-ZERO ERROR CODE 3
WARNING: LAPACK DSYEV() RETURNED NON-ZERO ERROR CODE 2
WARNING: LAPACK DSYEV() RETURNED NON-ZERO ERROR CODE 3
WARNING: LAPACK DSYEV() RETURNED NON-ZERO ERROR CODE 2
WARNING: LAPACK DSYEV() RETURNED NON-ZERO ERROR CODE 2
WARNING: LAPACK DSYEV() RETURNED NON-ZERO ERROR CODE 3
WARNING: LAPACK DSYEV() RETURNED NON-ZERO ERROR CODE 2
WARNING: LAPACK DSYEV() RETURNED NON-ZERO ERROR CODE 2
WARNING: LAPACK DSYEV() RETURNED NON-ZERO ERROR CODE 3
WARNING: LAPACK DSYEV() RETURNED NON-ZERO ERROR CODE 2
WARNING: LAPACK DSYEV() RETURNED NON-ZERO ERROR CODE 3
WARNING: LAPACK DSYEV() RETURNED NON-ZERO ERROR CODE 3
WARNING: LAPACK DSYEV() RETURNED NON-ZERO ERROR CODE 3
WARNING: LAPACK DSYEV() RETURNED NON-ZERO ERROR CODE 3
WARNING: LAPACK DSYEV() RETURNED NON-ZERO ERROR CODE 3
WARNING: LAPACK DSYEV() RETURNED NON-ZERO ERROR CODE 2
WARNING: LAPACK DSYEV() RETURNED NON-ZERO ERROR CODE 3
WARNING: LAPACK DSYEV() RETURNED NON-ZERO ERROR CODE 3
WARNING: LAPACK DSYEV() RETURNED NON-ZERO ERROR CODE 3
WARNING: LAPACK DSYEV() RETURNED NON-ZERO ERROR CODE 2
WARNING: LAPACK DSYEV() RETURNED NON-ZERO ERROR CODE 3
WARNING: LAPACK DSYEV() RETURNED NON-ZERO ERROR CODE 2
WARNING: LAPACK DSYEV() RETURNED NON-ZERO ERROR CODE 3
WARNING: LAPACK DSYEV() RETURNED NON-ZERO ERROR CODE 2
WARNING: LAPACK DSYEV() RETURNED NON-ZERO ERROR CODE 3
WARNING: LAPACK DSYEV() RETURNED NON-ZERO ERROR CODE 3
WARNING: LAPACK DSYEV() RETURNED NON-ZERO ERROR CODE 2
WARNING: LAPACK DSYEV() RETURNED NON-ZERO ERROR CODE 2
WARNING: LAPACK DSYEV() RETURNED NON-ZERO ERROR CODE 3
WARNING: LAPACK DSYEV() RETURNED NON-ZERO ERROR CODE 3
WARNING: LAPACK DSYEV() RETURNED NON-ZERO ERROR CODE 3
WARNING: LAPACK DSYEV() RETURNED NON-ZERO ERROR CODE 3
WARNING: LAPACK DSYEV() RETURNED NON-ZERO ERROR CODE 3
WARNING: LAPACK DSYEV() RETURNED NON-ZERO ERROR CODE 2
WARNING: LAPACK DSYEV() RETURNED NON-ZERO ERROR CODE 2
WARNING: LAPACK DSYEV() RETURNED NON-ZERO ERROR CODE 2
WARNING: LAPACK DSYEV() RETURNED NON-ZERO ERROR CODE 2
WARNING: LAPACK DSYEV() RETURNED NON-ZERO ERROR CODE 2
WARNING: LAPACK DSYEV() RETURNED NON-ZERO ERROR CODE 3
Finished setting up data; running search...
ROUND 1 A#0 and B#0 = 236.995
ROUND 2 A#1 and B#0 = 210.664
ROUND 3 A#2 and B#0 = 195.343
ROUND 4 A#3 and B#0 = 196.674
ROUND 5 A#4 and B#0 = 210.793
ROUND 6 A#5 and B#0 = 203.276
ROUND 7 A#6 and B#0 = 216.535
ROUND 8 A#7 and B#0 = 208.076
ROUND 9 A#8 and B#0 = 229.302
ROUND 10 A#9 and B#0 = 226.249
ROUND 11 A#10 and B#0 = 204.746
ROUND 12 A#11 and B#0 = 205.516
ROUND 13 A#12 and B#0 = 107.281
ROUND 14 A#13 and B#0 = 212.571
ROUND 15 A#14 and B#0 = 217.27
ROUND 16 A#15 and B#0 = 189.426
ROUND 17 A#16 and B#0 = 217.679
ROUND 18 A#17 and B#0 = 235.995
ROUND 19 A#18 and B#0 = 217.99
ROUND 20 A#19 and B#0 = 105.473
ROUND 21 A#20 and B#0 = 233.451
ROUND 22 A#21 and B#0 = 227.043
ROUND 23 A#22 and B#0 = 47.9954
ROUND 24 A#23 and B#0 = 218.599
ROUND 25 A#24 and B#0 = 212.341
ROUND 26 A#25 and B#0 = 110.399
ROUND 27 A#26 and B#0 = 234.007
ROUND 28 A#27 and B#0 = 182.824
ROUND 29 A#28 and B#0 = 199.421
ROUND 30 A#29 and B#0 = 238.423
ROUND 31 A#30 and B#0 = 155.434
ROUND 32 A#31 and B#0 = 168.013
ROUND 33 A#32 and B#0 = 213.882
ROUND 34 A#33 and B#0 = 222.661
ROUND 35 A#34 and B#0 = 222.506
ROUND 36 A#35 and B#0 = 212.128
ROUND 37 A#36 and B#0 = 231.545
ROUND 38 A#37 and B#0 = 245.133
ROUND 39 A#38 and B#0 = 221.593
ROUND 40 A#39 and B#0 = 221.408
ROUND 41 A#40 and B#0 = 93.006
ROUND 42 A#41 and B#0 = 198.101
ROUND 43 A#42 and B#0 = 211.535
ROUND 44 A#43 and B#0 = 234.171
ROUND 45 A#44 and B#0 = 255.613
ROUND 46 A#45 and B#0 = 30.8262
ROUND 47 A#46 and B#0 = 221.507
ROUND 48 A#47 and B#0 = 215.662
ROUND 49 A#48 and B#0 = 212.35
ROUND 50 A#49 and B#0 = 231.383
ROUND 51 A#0 and B#1 = 247.791
ROUND 52 A#1 and B#1 = 231.204
ROUND 53 A#2 and B#1 = 231.862
ROUND 54 A#3 and B#1 = 228.718
ROUND 55 A#4 and B#1 = 229.154
ROUND 56 A#5 and B#1 = 245.597
ROUND 57 A#6 and B#1 = 189.885
ROUND 58 A#7 and B#1 = 244.332
ROUND 59 A#8 and B#1 = 227.642
ROUND 60 A#9 and B#1 = 226.806
ROUND 61 A#10 and B#1 = 245.858
ROUND 62 A#11 and B#1 = 224.149
ROUND 63 A#12 and B#1 = 220.844
ROUND 64 A#13 and B#1 = 231.597
ROUND 65 A#14 and B#1 = 227.012
ROUND 66 A#15 and B#1 = 71.6325
ROUND 67 A#16 and B#1 = 217.546
ROUND 68 A#17 and B#1 = 223.208
ROUND 69 A#18 and B#1 = 264.014
ROUND 70 A#19 and B#1 = 212.368
ROUND 71 A#20 and B#1 = 245.742
ROUND 72 A#21 and B#1 = 232.911
ROUND 73 A#22 and B#1 = 257.514
ROUND 74 A#23 and B#1 = 259.262
ROUND 75 A#24 and B#1 = 227.362
ROUND 76 A#25 and B#1 = 223.107
ROUND 77 A#26 and B#1 = 260.964
ROUND 78 A#27 and B#1 = 214.56
ROUND 79 A#28 and B#1 = 236.718
ROUND 80 A#29 and B#1 = 233.991
ROUND 81 A#30 and B#1 = 147.687
ROUND 82 A#31 and B#1 = 207.676
ROUND 83 A#32 and B#1 = 240.758
ROUND 84 A#33 and B#1 = 260.137
ROUND 85 A#34 and B#1 = 260.093
ROUND 86 A#35 and B#1 = 140.496
ROUND 87 A#36 and B#1 = 259.768
ROUND 88 A#37 and B#1 = 231.409
ROUND 89 A#38 and B#1 = 68.0103
ROUND 90 A#39 and B#1 = 141.545
ROUND 91 A#40 and B#1 = 265.831
ROUND 92 A#41 and B#1 = 222.467
ROUND 93 A#42 and B#1 = 232.332
ROUND 94 A#43 and B#1 = 226.293
ROUND 95 A#44 and B#1 = 59.3688
ROUND 96 A#45 and B#1 = 262.066
ROUND 97 A#46 and B#1 = 258.672
ROUND 98 A#47 and B#1 = 143.682
ROUND 99 A#48 and B#1 = 222.489
ROUND 100 A#49 and B#1 = 225.907
ROUND 101 A#0 and B#2 = 247.366
ROUND 102 A#1 and B#2 = 188.644
ROUND 103 A#2 and B#2 = 233.868
ROUND 104 A#3 and B#2 = 232.814
ROUND 105 A#4 and B#2 = 227.627
ROUND 106 A#5 and B#2 = 245.854
ROUND 107 A#6 and B#2 = 177.931
ROUND 108 A#7 and B#2 = 244.551
ROUND 109 A#8 and B#2 = 260.448
ROUND 110 A#9 and B#2 = 220.916
ROUND 111 A#10 and B#2 = 246.091
ROUND 112 A#11 and B#2 = 111.598
ROUND 113 A#12 and B#2 = 216.961
ROUND 114 A#13 and B#2 = 231.586
ROUND 115 A#14 and B#2 = 227.433
ROUND 116 A#15 and B#2 = 224.173
ROUND 117 A#16 and B#2 = 217.847
ROUND 118 A#17 and B#2 = 265.661
ROUND 119 A#18 and B#2 = 263.901
ROUND 120 A#19 and B#2 = 237.335
ROUND 121 A#20 and B#2 = 246.002
ROUND 122 A#21 and B#2 = 233.274
ROUND 123 A#22 and B#2 = 174.371
ROUND 124 A#23 and B#2 = 224.806
ROUND 125 A#24 and B#2 = 227.971
ROUND 126 A#25 and B#2 = 223.121
ROUND 127 A#26 and B#2 = 261.023
ROUND 128 A#27 and B#2 = 215.315
ROUND 129 A#28 and B#2 = 236.989
ROUND 130 A#29 and B#2 = 65.7012
ROUND 131 A#30 and B#2 = 154.627
ROUND 132 A#31 and B#2 = 208.819
ROUND 133 A#32 and B#2 = 242.096
ROUND 134 A#33 and B#2 = 260.206
ROUND 135 A#34 and B#2 = 260.2
ROUND 136 A#35 and B#2 = 146.654
ROUND 137 A#36 and B#2 = 259.821
ROUND 138 A#37 and B#2 = 232.896
ROUND 139 A#38 and B#2 = 70.8996
ROUND 140 A#39 and B#2 = 148.014
ROUND 141 A#40 and B#2 = 203.436
ROUND 142 A#41 and B#2 = 220.958
ROUND 143 A#42 and B#2 = 231.355
ROUND 144 A#43 and B#2 = 261.189
ROUND 145 A#44 and B#2 = 239.861
ROUND 146 A#45 and B#2 = 262.026
ROUND 147 A#46 and B#2 = 258.478
ROUND 148 A#47 and B#2 = 148.959
ROUND 149 A#48 and B#2 = 215.103
ROUND 150 A#49 and B#2 = 260.165
ROUND 151 A#0 and B#3 = 221.03
ROUND 152 A#1 and B#3 = 184.068
ROUND 153 A#2 and B#3 = 230.891
ROUND 154 A#3 and B#3 = 230.091
ROUND 155 A#4 and B#3 = 223.445
ROUND 156 A#5 and B#3 = 29.8167
ROUND 157 A#6 and B#3 = 112.645
ROUND 158 A#7 and B#3 = 27.975
ROUND 159 A#8 and B#3 = 163.073
ROUND 160 A#9 and B#3 = 203.777
ROUND 161 A#10 and B#3 = 16.8842
ROUND 162 A#11 and B#3 = 220.914
ROUND 163 A#12 and B#3 = 251.07
ROUND 164 A#13 and B#3 = 208.527
ROUND 165 A#14 and B#3 = 240.738
ROUND 166 A#15 and B#3 = 18.5182
ROUND 167 A#16 and B#3 = 209.232
ROUND 168 A#17 and B#3 = 197.35
ROUND 169 A#18 and B#3 = 213.787
ROUND 170 A#19 and B#3 = 231.106
ROUND 171 A#20 and B#3 = 91.8501
ROUND 172 A#21 and B#3 = 218.837
ROUND 173 A#22 and B#3 = 232.929
ROUND 174 A#23 and B#3 = 28.032
ROUND 175 A#24 and B#3 = 221.726
ROUND 176 A#25 and B#3 = 228.023
ROUND 177 A#26 and B#3 = 30.2023
ROUND 178 A#27 and B#3 = 208.257
ROUND 179 A#28 and B#3 = 234.696
ROUND 180 A#29 and B#3 = 198.229
ROUND 181 A#30 and B#3 = 232.705
ROUND 182 A#31 and B#3 = 245.237
ROUND 183 A#32 and B#3 = 204.592
ROUND 184 A#33 and B#3 = 30.2235
ROUND 185 A#34 and B#3 = 30.2394
ROUND 186 A#35 and B#3 = 42.2573
ROUND 187 A#36 and B#3 = 29.8592
ROUND 188 A#37 and B#3 = 245.88
ROUND 189 A#38 and B#3 = 255.355
ROUND 190 A#39 and B#3 = 236.676
ROUND 191 A#40 and B#3 = 233.185
ROUND 192 A#41 and B#3 = 27.2623
ROUND 193 A#42 and B#3 = 224.905
ROUND 194 A#43 and B#3 = 27.3922
ROUND 195 A#44 and B#3 = 253.838
ROUND 196 A#45 and B#3 = 29.8675
ROUND 197 A#46 and B#3 = 27.3138
ROUND 198 A#47 and B#3 = 48.2718
ROUND 199 A#48 and B#3 = 253.692
ROUND 200 A#49 and B#3 = 206.469
ROUND 201 A#0 and B#4 = 254.76
ROUND 202 A#1 and B#4 = 271.972
ROUND 203 A#2 and B#4 = 227.3
ROUND 204 A#3 and B#4 = 226.688
ROUND 205 A#4 and B#4 = 199.28
ROUND 206 A#5 and B#4 = 230.342
ROUND 207 A#6 and B#4 = 54.392
ROUND 208 A#7 and B#4 = 229.582
ROUND 209 A#8 and B#4 = 279.174
ROUND 210 A#9 and B#4 = 277.872
ROUND 211 A#10 and B#4 = 230.438
ROUND 212 A#11 and B#4 = 221.245
ROUND 213 A#12 and B#4 = 302.129
ROUND 214 A#13 and B#4 = 192.05
ROUND 215 A#14 and B#4 = 232.232
ROUND 216 A#15 and B#4 = 217.31
ROUND 217 A#16 and B#4 = 193.749
ROUND 218 A#17 and B#4 = 229.754
ROUND 219 A#18 and B#4 = 144.001
ROUND 220 A#19 and B#4 = 288.607
ROUND 221 A#20 and B#4 = 231.087
ROUND 222 A#21 and B#4 = 227.703
ROUND 223 A#22 and B#4 = 277.765
ROUND 224 A#23 and B#4 = 247.178
ROUND 225 A#24 and B#4 = 112.953
ROUND 226 A#25 and B#4 = 305.098
ROUND 227 A#26 and B#4 = 287.742
ROUND 228 A#27 and B#4 = 209.88
ROUND 229 A#28 and B#4 = 244.89
ROUND 230 A#29 and B#4 = 232.644
ROUND 231 A#30 and B#4 = 291.746
ROUND 232 A#31 and B#4 = 104.462
ROUND 233 A#32 and B#4 = 233.339
ROUND 234 A#33 and B#4 = 220.982
ROUND 235 A#34 and B#4 = 218.103
ROUND 236 A#35 and B#4 = 120.837
ROUND 237 A#36 and B#4 = 221.057
ROUND 238 A#37 and B#4 = 243.478
ROUND 239 A#38 and B#4 = 32.4433
ROUND 240 A#39 and B#4 = 233.963
ROUND 241 A#40 and B#4 = 261.089
ROUND 242 A#41 and B#4 = 28.2257
ROUND 243 A#42 and B#4 = 218.021
ROUND 244 A#43 and B#4 = 28.4523
ROUND 245 A#44 and B#4 = 240.436
ROUND 246 A#45 and B#4 = 36.5478
ROUND 247 A#46 and B#4 = 246.561
ROUND 248 A#47 and B#4 = 228.716
ROUND 249 A#48 and B#4 = 302.785
ROUND 250 A#49 and B#4 = 221.96
ROUND 251 A#0 and B#5 = 29.7082
ROUND 252 A#1 and B#5 = 165.06
ROUND 253 A#2 and B#5 = 97.4855
ROUND 254 A#3 and B#5 = 191.905
ROUND 255 A#4 and B#5 = 221.601
ROUND 256 A#5 and B#5 = 88.2088
ROUND 257 A#6 and B#5 = 107.291
ROUND 258 A#7 and B#5 = 214.805
ROUND 259 A#8 and B#5 = 162.909
ROUND 260 A#9 and B#5 = 49.6894
ROUND 261 A#10 and B#5 = 88.3246
ROUND 262 A#11 and B#5 = 134.097
ROUND 263 A#12 and B#5 = 213.65
ROUND 264 A#13 and B#5 = -1.02997e-315
ROUND 265 A#14 and B#5 = 113.384
ROUND 266 A#15 and B#5 = 176.507
ROUND 267 A#16 and B#5 = 208.458
ROUND 268 A#17 and B#5 = 185.476
ROUND 269 A#18 and B#5 = 214.043
ROUND 270 A#19 and B#5 = 207.373
ROUND 271 A#20 and B#5 = 87.9436
ROUND 272 A#21 and B#5 = 173.86
ROUND 273 A#22 and B#5 = 25.5064
ROUND 274 A#23 and B#5 = 28.5201
ROUND 275 A#24 and B#5 = 221.534
ROUND 276 A#25 and B#5 = 215.709
ROUND 277 A#26 and B#5 = 106.476
ROUND 278 A#27 and B#5 = 192.288
ROUND 279 A#28 and B#5 = 156.84
ROUND 280 A#29 and B#5 = 77.8543
ROUND 281 A#30 and B#5 = 200.388
ROUND 282 A#31 and B#5 = 212.515
ROUND 283 A#32 and B#5 = 123.502
ROUND 284 A#33 and B#5 = 51.7293
ROUND 285 A#34 and B#5 = 122.936
ROUND 286 A#35 and B#5 = 202.763
ROUND 287 A#36 and B#5 = 127.842
ROUND 288 A#37 and B#5 = 189.602
ROUND 289 A#38 and B#5 = 169.83
ROUND 290 A#39 and B#5 = 25.6957
ROUND 291 A#40 and B#5 = 196.017
ROUND 292 A#41 and B#5 = 102.109
ROUND 293 A#42 and B#5 = 187.299
ROUND 294 A#43 and B#5 = 106.897
ROUND 295 A#44 and B#5 = 181.877
ROUND 296 A#45 and B#5 = 109.068
ROUND 297 A#46 and B#5 = 50.7526
ROUND 298 A#47 and B#5 = 192.214
ROUND 299 A#48 and B#5 = 268.891
ROUND 300 A#49 and B#5 = 82.9874
ROUND 301 A#0 and B#6 = 25.6319
ROUND 302 A#1 and B#6 = 233.341
ROUND 303 A#2 and B#6 = 213.222
ROUND 304 A#3 and B#6 = 212.755
ROUND 305 A#4 and B#6 = 109.345
ROUND 306 A#5 and B#6 = 219.658
ROUND 307 A#6 and B#6 = 212.689
ROUND 308 A#7 and B#6 = 201.701
ROUND 309 A#8 and B#6 = 218.248
ROUND 310 A#9 and B#6 = 221.9
ROUND 311 A#10 and B#6 = 220.61
ROUND 312 A#11 and B#6 = 87.675
ROUND 313 A#12 and B#6 = 228.929
ROUND 314 A#13 and B#6 = 66.4828
ROUND 315 A#14 and B#6 = 125.717
ROUND 316 A#15 and B#6 = 208.536
ROUND 317 A#16 and B#6 = 228.293
ROUND 318 A#17 and B#6 = 224.189
ROUND 319 A#18 and B#6 = 75.258
ROUND 320 A#19 and B#6 = 243.793
ROUND 321 A#20 and B#6 = 213.546
ROUND 322 A#21 and B#6 = 258.308
ROUND 323 A#22 and B#6 = 214.96
ROUND 324 A#23 and B#6 = 214.177
ROUND 325 A#24 and B#6 = 220.919
ROUND 326 A#25 and B#6 = 230.497
ROUND 327 A#26 and B#6 = 213.962
ROUND 328 A#27 and B#6 = 92.6408
ROUND 329 A#28 and B#6 = 238.607
ROUND 330 A#29 and B#6 = 262.309
ROUND 331 A#30 and B#6 = 131.558
ROUND 332 A#31 and B#6 = 59.4854
ROUND 333 A#32 and B#6 = 72.7739
ROUND 334 A#33 and B#6 = 54.94
ROUND 335 A#34 and B#6 = 101.302
ROUND 336 A#35 and B#6 = 202.028
ROUND 337 A#36 and B#6 = 103.588
ROUND 338 A#37 and B#6 = 230.886
ROUND 339 A#38 and B#6 = 235.828
ROUND 340 A#39 and B#6 = 226.43
ROUND 341 A#40 and B#6 = 189.117
ROUND 342 A#41 and B#6 = 61.2457
ROUND 343 A#42 and B#6 = 214.766
ROUND 344 A#43 and B#6 = 61.9928
ROUND 345 A#44 and B#6 = 225.794
ROUND 346 A#45 and B#6 = 67.5242
ROUND 347 A#46 and B#6 = 63.0873
ROUND 348 A#47 and B#6 = 216.423
ROUND 349 A#48 and B#6 = 206.383
ROUND 350 A#49 and B#6 = 65.712
ROUND 351 A#0 and B#7 = 247.013
ROUND 352 A#1 and B#7 = 230.145
ROUND 353 A#2 and B#7 = 238.173
ROUND 354 A#3 and B#7 = 237.566
ROUND 355 A#4 and B#7 = 227.358
ROUND 356 A#5 and B#7 = 245.999
ROUND 357 A#6 and B#7 = 176.145
ROUND 358 A#7 and B#7 = 244.74
ROUND 359 A#8 and B#7 = 212.204
ROUND 360 A#9 and B#7 = 220.805
ROUND 361 A#10 and B#7 = 246.121
ROUND 362 A#11 and B#7 = 223.446
ROUND 363 A#12 and B#7 = 220.857
ROUND 364 A#13 and B#7 = 231.762
ROUND 365 A#14 and B#7 = 228.881
ROUND 366 A#15 and B#7 = 69.4194
ROUND 367 A#16 and B#7 = 216.534
ROUND 368 A#17 and B#7 = 223.666
ROUND 369 A#18 and B#7 = 264.666
ROUND 370 A#19 and B#7 = 212.362
ROUND 371 A#20 and B#7 = 246.363
ROUND 372 A#21 and B#7 = 232.713
ROUND 373 A#22 and B#7 = 258.111
ROUND 374 A#23 and B#7 = 260.133
ROUND 375 A#24 and B#7 = 128.924
ROUND 376 A#25 and B#7 = 223.149
ROUND 377 A#26 and B#7 = 261.527
ROUND 378 A#27 and B#7 = 215.906
ROUND 379 A#28 and B#7 = 234.986
ROUND 380 A#29 and B#7 = 233.806
ROUND 381 A#30 and B#7 = 147.274
ROUND 382 A#31 and B#7 = 208.996
ROUND 383 A#32 and B#7 = 240.865
ROUND 384 A#33 and B#7 = 260.731
ROUND 385 A#34 and B#7 = 260.697
ROUND 386 A#35 and B#7 = 140.418
ROUND 387 A#36 and B#7 = 260.43
ROUND 388 A#37 and B#7 = 231.752
ROUND 389 A#38 and B#7 = 65.7625
ROUND 390 A#39 and B#7 = 254.963
ROUND 391 A#40 and B#7 = 264.927
ROUND 392 A#41 and B#7 = 226.38
ROUND 393 A#42 and B#7 = 232.792
ROUND 394 A#43 and B#7 = 261.14
ROUND 395 A#44 and B#7 = 56.8457
ROUND 396 A#45 and B#7 = 262.67
ROUND 397 A#46 and B#7 = 259.435
ROUND 398 A#47 and B#7 = 143.164
ROUND 399 A#48 and B#7 = 212.845
ROUND 400 A#49 and B#7 = 205.386
ROUND 401 A#0 and B#8 = 15.966
ROUND 402 A#1 and B#8 = 230.264
ROUND 403 A#2 and B#8 = 189.856
ROUND 404 A#3 and B#8 = 189.99
ROUND 405 A#4 and B#8 = 176.187
ROUND 406 A#5 and B#8 = 207.32
ROUND 407 A#6 and B#8 = 217.854
ROUND 408 A#7 and B#8 = 206.395
ROUND 409 A#8 and B#8 = 194.941
ROUND 410 A#9 and B#8 = 248.845
ROUND 411 A#10 and B#8 = 210.033
ROUND 412 A#11 and B#8 = 236.849
ROUND 413 A#12 and B#8 = 70.1735
ROUND 414 A#13 and B#8 = 61.715
ROUND 415 A#14 and B#8 = 236.555
ROUND 416 A#15 and B#8 = 26.1228
ROUND 417 A#16 and B#8 = 12.2312
ROUND 418 A#17 and B#8 = 29.4793
ROUND 419 A#18 and B#8 = 50.4519
ROUND 420 A#19 and B#8 = 229.096
ROUND 421 A#20 and B#8 = 25.9737
ROUND 422 A#21 and B#8 = 246.169
ROUND 423 A#22 and B#8 = 73.356
ROUND 424 A#23 and B#8 = 34.0323
ROUND 425 A#24 and B#8 = 195.465
ROUND 426 A#25 and B#8 = 244.332
ROUND 427 A#26 and B#8 = 22.6876
ROUND 428 A#27 and B#8 = 202.111
ROUND 429 A#28 and B#8 = 133.811
ROUND 430 A#29 and B#8 = 209.619
ROUND 431 A#30 and B#8 = 203.213
ROUND 432 A#31 and B#8 = 136.775
ROUND 433 A#32 and B#8 = 178.531
ROUND 434 A#33 and B#8 = 205.08
ROUND 435 A#34 and B#8 = 19.9293
ROUND 436 A#35 and B#8 = 68.8389
ROUND 437 A#36 and B#8 = 94.0685
ROUND 438 A#37 and B#8 = 236.883
ROUND 439 A#38 and B#8 = 201.047
ROUND 440 A#39 and B#8 = 73.4042
ROUND 441 A#40 and B#8 = 228.031
ROUND 442 A#41 and B#8 = 118.625
ROUND 443 A#42 and B#8 = 94.7775
ROUND 444 A#43 and B#8 = 117.953
ROUND 445 A#44 and B#8 = 207.524
ROUND 446 A#45 and B#8 = 24.3861
ROUND 447 A#46 and B#8 = 27.6647
ROUND 448 A#47 and B#8 = 72.1355
ROUND 449 A#48 and B#8 = 68.5073
ROUND 450 A#49 and B#8 = 198.593
ROUND 451 A#0 and B#9 = 17.5865
ROUND 452 A#1 and B#9 = 227.721
ROUND 453 A#2 and B#9 = 190.388
ROUND 454 A#3 and B#9 = 190.525
ROUND 455 A#4 and B#9 = 175.819
ROUND 456 A#5 and B#9 = 208.051
ROUND 457 A#6 and B#9 = 55.7377
ROUND 458 A#7 and B#9 = 206.808
ROUND 459 A#8 and B#9 = 202.639
ROUND 460 A#9 and B#9 = 76.8853
ROUND 461 A#10 and B#9 = 209.193
ROUND 462 A#11 and B#9 = 236.456
ROUND 463 A#12 and B#9 = 65.7782
ROUND 464 A#13 and B#9 = 61.3323
ROUND 465 A#14 and B#9 = 66.1662
ROUND 466 A#15 and B#9 = 26.6715
ROUND 467 A#16 and B#9 = 233.545
ROUND 468 A#17 and B#9 = 214.706
ROUND 469 A#18 and B#9 = 52.0218
ROUND 470 A#19 and B#9 = 229.602
ROUND 471 A#20 and B#9 = 96.8577
ROUND 472 A#21 and B#9 = 93.5573
ROUND 473 A#22 and B#9 = 73.2484
ROUND 474 A#23 and B#9 = 238.091
ROUND 475 A#24 and B#9 = 195.534
ROUND 476 A#25 and B#9 = 243.734
ROUND 477 A#26 and B#9 = 24.5496
ROUND 478 A#27 and B#9 = 93.2535
ROUND 479 A#28 and B#9 = 263.358
ROUND 480 A#29 and B#9 = 209.37
ROUND 481 A#30 and B#9 = 203.291
ROUND 482 A#31 and B#9 = 253.82
ROUND 483 A#32 and B#9 = 240.34
ROUND 484 A#33 and B#9 = 22.0786
ROUND 485 A#34 and B#9 = 22.4944
ROUND 486 A#35 and B#9 = 67.7838
ROUND 487 A#36 and B#9 = 81.8644
ROUND 488 A#37 and B#9 = 264.422
ROUND 489 A#38 and B#9 = 201.149
ROUND 490 A#39 and B#9 = 70.7416
ROUND 491 A#40 and B#9 = 228.371
ROUND 492 A#41 and B#9 = 25.5541
ROUND 493 A#42 and B#9 = 98.105
ROUND 494 A#43 and B#9 = 27.0462
ROUND 495 A#44 and B#9 = 207.07
ROUND 496 A#45 and B#9 = 26.4444
ROUND 497 A#46 and B#9 = 236.774
ROUND 498 A#47 and B#9 = 71.8896
ROUND 499 A#48 and B#9 = 67.0731
ROUND 500 A#49 and B#9 = 77.5895
ROUND 501 A#0 and B#10 = 221.433
ROUND 502 A#1 and B#10 = 182.823
ROUND 503 A#2 and B#10 = 231.287
ROUND 504 A#3 and B#10 = 230.398
ROUND 505 A#4 and B#10 = 223.413
ROUND 506 A#5 and B#10 = 29.756
ROUND 507 A#6 and B#10 = 110.381
ROUND 508 A#7 and B#10 = 27.8652
ROUND 509 A#8 and B#10 = 209.686
ROUND 510 A#9 and B#10 = 202.396
ROUND 511 A#10 and B#10 = 29.6648
ROUND 512 A#11 and B#10 = 221.073
ROUND 513 A#12 and B#10 = 252.216
ROUND 514 A#13 and B#10 = 209.886
ROUND 515 A#14 and B#10 = 196.743
ROUND 516 A#15 and B#10 = 18.4935
ROUND 517 A#16 and B#10 = 209.115
ROUND 518 A#17 and B#10 = 231.619
ROUND 519 A#18 and B#10 = 28.3235
ROUND 520 A#19 and B#10 = 231.331
ROUND 521 A#20 and B#10 = 92.3652
ROUND 522 A#21 and B#10 = 224.513
ROUND 523 A#22 and B#10 = 232.724
ROUND 524 A#23 and B#10 = 209.808
ROUND 525 A#24 and B#10 = 221.94
ROUND 526 A#25 and B#10 = 228.564
ROUND 527 A#26 and B#10 = 29.9825
ROUND 528 A#27 and B#10 = 207.546
ROUND 529 A#28 and B#10 = 217.908
ROUND 530 A#29 and B#10 = 199.142
ROUND 531 A#30 and B#10 = 232.545
ROUND 532 A#31 and B#10 = 195.65
ROUND 533 A#32 and B#10 = 209.228
ROUND 534 A#33 and B#10 = 30.1601
ROUND 535 A#34 and B#10 = 30.1737
ROUND 536 A#35 and B#10 = 42.2457
ROUND 537 A#36 and B#10 = 29.8131
ROUND 538 A#37 and B#10 = 248.463
ROUND 539 A#38 and B#10 = 254.523
ROUND 540 A#39 and B#10 = 194.917
ROUND 541 A#40 and B#10 = 56.3566
ROUND 542 A#41 and B#10 = 27.295
ROUND 543 A#42 and B#10 = 224.781
ROUND 544 A#43 and B#10 = 27.2313
ROUND 545 A#44 and B#10 = 252.399
ROUND 546 A#45 and B#10 = 29.9831
ROUND 547 A#46 and B#10 = 25.6832
ROUND 548 A#47 and B#10 = 40.3001
ROUND 549 A#48 and B#10 = 230.064
ROUND 550 A#49 and B#10 = 205.234
ROUND 551 A#0 and B#11 = 247.686
ROUND 552 A#1 and B#11 = 188.785
ROUND 553 A#2 and B#11 = 234.047
ROUND 554 A#3 and B#11 = 232.937
ROUND 555 A#4 and B#11 = 227.944
ROUND 556 A#5 and B#11 = 245.492
ROUND 557 A#6 and B#11 = 177.242
ROUND 558 A#7 and B#11 = 244.318
ROUND 559 A#8 and B#11 = 260.993
ROUND 560 A#9 and B#11 = 221.498
ROUND 561 A#10 and B#11 = 245.515
ROUND 562 A#11 and B#11 = 224.22
ROUND 563 A#12 and B#11 = 28.8438
ROUND 564 A#13 and B#11 = 231.829
ROUND 565 A#14 and B#11 = 227.016
ROUND 566 A#15 and B#11 = 224.825
ROUND 567 A#16 and B#11 = 218.279
ROUND 568 A#17 and B#11 = 266.058
ROUND 569 A#18 and B#11 = 265.098
ROUND 570 A#19 and B#11 = 237.438
ROUND 571 A#20 and B#11 = 245.733
ROUND 572 A#21 and B#11 = 232.898
ROUND 573 A#22 and B#11 = 174.732
ROUND 574 A#23 and B#11 = 225.032
ROUND 575 A#24 and B#11 = 228.271
ROUND 576 A#25 and B#11 = 222.741
ROUND 577 A#26 and B#11 = 261.206
ROUND 578 A#27 and B#11 = 214.125
ROUND 579 A#28 and B#11 = 236.746
ROUND 580 A#29 and B#11 = 65.7955
ROUND 581 A#30 and B#11 = 154.591
ROUND 582 A#31 and B#11 = 208.539
ROUND 583 A#32 and B#11 = 230.36
ROUND 584 A#33 and B#11 = 260.393
ROUND 585 A#34 and B#11 = 260.368
ROUND 586 A#35 and B#11 = 144.936
ROUND 587 A#36 and B#11 = 260.055
ROUND 588 A#37 and B#11 = 231.832
ROUND 589 A#38 and B#11 = 71.7353
ROUND 590 A#39 and B#11 = 146.307
ROUND 591 A#40 and B#11 = 203.447
ROUND 592 A#41 and B#11 = 226.148
ROUND 593 A#42 and B#11 = 231.21
ROUND 594 A#43 and B#11 = 261.426
ROUND 595 A#44 and B#11 = 239.77
ROUND 596 A#45 and B#11 = 262.382
ROUND 597 A#46 and B#11 = 259.016
ROUND 598 A#47 and B#11 = 147.279
ROUND 599 A#48 and B#11 = 222.089
ROUND 600 A#49 and B#11 = 260.472
ROUND 601 A#0 and B#12 = 30.6601
ROUND 602 A#1 and B#12 = 224.821
ROUND 603 A#2 and B#12 = 106.72
ROUND 604 A#3 and B#12 = 211.262
ROUND 605 A#4 and B#12 = 185.769
ROUND 606 A#5 and B#12 = 30.0674
ROUND 607 A#6 and B#12 = 51.2831
ROUND 608 A#7 and B#12 = 201.719
ROUND 609 A#8 and B#12 = 237.262
ROUND 610 A#9 and B#12 = 31.5402
ROUND 611 A#10 and B#12 = 29.973
ROUND 612 A#11 and B#12 = 163.478
ROUND 613 A#12 and B#12 = 96.8377
ROUND 614 A#13 and B#12 = 215.528
ROUND 615 A#14 and B#12 = 38.3265
ROUND 616 A#15 and B#12 = 41.2353
ROUND 617 A#16 and B#12 = 232.199
ROUND 618 A#17 and B#12 = 148.425
ROUND 619 A#18 and B#12 = 191.895
ROUND 620 A#19 and B#12 = 200.714
ROUND 621 A#20 and B#12 = 97.6439
ROUND 622 A#21 and B#12 = 197.771
ROUND 623 A#22 and B#12 = 27.5754
ROUND 624 A#23 and B#12 = 28.9416
ROUND 625 A#24 and B#12 = 184.391
ROUND 626 A#25 and B#12 = 114.467
ROUND 627 A#26 and B#12 = 30.1015
ROUND 628 A#27 and B#12 = 46.2608
ROUND 629 A#28 and B#12 = 108.924
ROUND 630 A#29 and B#12 = 131.761
ROUND 631 A#30 and B#12 = 241.978
ROUND 632 A#31 and B#12 = 202.713
ROUND 633 A#32 and B#12 = 215.777
ROUND 634 A#33 and B#12 = 220.579
ROUND 635 A#34 and B#12 = 41.5385
ROUND 636 A#35 and B#12 = 209.904
ROUND 637 A#36 and B#12 = 207.733
ROUND 638 A#37 and B#12 = 178.482
ROUND 639 A#38 and B#12 = 30.1139
ROUND 640 A#39 and B#12 = 218.149
ROUND 641 A#40 and B#12 = 225.16
ROUND 642 A#41 and B#12 = 107.614
ROUND 643 A#42 and B#12 = 193.552
ROUND 644 A#43 and B#12 = 24.0387
ROUND 645 A#44 and B#12 = 126.923
ROUND 646 A#45 and B#12 = 59.3599
ROUND 647 A#46 and B#12 = 28.8757
ROUND 648 A#47 and B#12 = 212.302
ROUND 649 A#48 and B#12 = 27.9977
ROUND 650 A#49 and B#12 = 25.5133
ROUND 651 A#0 and B#13 = 245.128
ROUND 652 A#1 and B#13 = 180.016
ROUND 653 A#2 and B#13 = 114.892
ROUND 654 A#3 and B#13 = 115.054
ROUND 655 A#4 and B#13 = 109.529
ROUND 656 A#5 and B#13 = 93.2155
ROUND 657 A#6 and B#13 = 202.286
ROUND 658 A#7 and B#13 = 92.9651
ROUND 659 A#8 and B#13 = 195.41
ROUND 660 A#9 and B#13 = 267.729
ROUND 661 A#10 and B#13 = 93.1965
ROUND 662 A#11 and B#13 = 31.3511
ROUND 663 A#12 and B#13 = 49.0671
ROUND 664 A#13 and B#13 = 219.489
ROUND 665 A#14 and B#13 = 128.703
ROUND 666 A#15 and B#13 = 243.381
ROUND 667 A#16 and B#13 = 209.46
ROUND 668 A#17 and B#13 = 215.239
ROUND 669 A#18 and B#13 = 212.99
ROUND 670 A#19 and B#13 = 240.419
ROUND 671 A#20 and B#13 = 227.336
ROUND 672 A#21 and B#13 = 263.262
ROUND 673 A#22 and B#13 = 223.746
ROUND 674 A#23 and B#13 = 210.018
ROUND 675 A#24 and B#13 = 111.658
ROUND 676 A#25 and B#13 = 55.5121
ROUND 677 A#26 and B#13 = 211.119
ROUND 678 A#27 and B#13 = 10.6665
ROUND 679 A#28 and B#13 = 121.625
ROUND 680 A#29 and B#13 = 243.177
ROUND 681 A#30 and B#13 = 204.062
ROUND 682 A#31 and B#13 = 266.857
ROUND 683 A#32 and B#13 = 141.836
ROUND 684 A#33 and B#13 = 235.431
ROUND 685 A#34 and B#13 = 254.297
ROUND 686 A#35 and B#13 = 219.168
ROUND 687 A#36 and B#13 = 255.222
ROUND 688 A#37 and B#13 = 232.503
ROUND 689 A#38 and B#13 = 229.255
ROUND 690 A#39 and B#13 = 149.603
ROUND 691 A#40 and B#13 = 206.249
ROUND 692 A#41 and B#13 = 94.4623
ROUND 693 A#42 and B#13 = 127.651
ROUND 694 A#43 and B#13 = 94.402
ROUND 695 A#44 and B#13 = 231.686
ROUND 696 A#45 and B#13 = 236.167
ROUND 697 A#46 and B#13 = 211.617
ROUND 698 A#47 and B#13 = 175.342
ROUND 699 A#48 and B#13 = 54.2211
ROUND 700 A#49 and B#13 = 222.908
ROUND 701 A#0 and B#14 = 23.4911
ROUND 702 A#1 and B#14 = 181.821
ROUND 703 A#2 and B#14 = 229.633
ROUND 704 A#3 and B#14 = 228.81
ROUND 705 A#4 and B#14 = 221.578
ROUND 706 A#5 and B#14 = 17.356
ROUND 707 A#6 and B#14 = 99.7454
ROUND 708 A#7 and B#14 = 17.3217
ROUND 709 A#8 and B#14 = 211.644
ROUND 710 A#9 and B#14 = 225.339
ROUND 711 A#10 and B#14 = 92.2948
ROUND 712 A#11 and B#14 = 219.424
ROUND 713 A#12 and B#14 = 256.102
ROUND 714 A#13 and B#14 = 208.651
ROUND 715 A#14 and B#14 = 234.396
ROUND 716 A#15 and B#14 = 245.961
ROUND 717 A#16 and B#14 = 208.874
ROUND 718 A#17 and B#14 = 196.661
ROUND 719 A#18 and B#14 = 36.0624
ROUND 720 A#19 and B#14 = 229.893
ROUND 721 A#20 and B#14 = 264.634
ROUND 722 A#21 and B#14 = 219.713
ROUND 723 A#22 and B#14 = 233.037
ROUND 724 A#23 and B#14 = 208.648
ROUND 725 A#24 and B#14 = 220.013
ROUND 726 A#25 and B#14 = 229.762
ROUND 727 A#26 and B#14 = 30.24
ROUND 728 A#27 and B#14 = 209.26
ROUND 729 A#28 and B#14 = 213.975
ROUND 730 A#29 and B#14 = 198.19
ROUND 731 A#30 and B#14 = 232.723
ROUND 732 A#31 and B#14 = 205.825
ROUND 733 A#32 and B#14 = 30.482
ROUND 734 A#33 and B#14 = 196.804
ROUND 735 A#34 and B#14 = 194.787
ROUND 736 A#35 and B#14 = 42.7182
ROUND 737 A#36 and B#14 = 27.9977
ROUND 738 A#37 and B#14 = 256.832
ROUND 739 A#38 and B#14 = 254.07
ROUND 740 A#39 and B#14 = 42.5301
ROUND 741 A#40 and B#14 = 233.591
ROUND 742 A#41 and B#14 = 27.2105
ROUND 743 A#42 and B#14 = 212.049
ROUND 744 A#43 and B#14 = 27.2822
ROUND 745 A#44 and B#14 = 252.093
ROUND 746 A#45 and B#14 = 28.5054
ROUND 747 A#46 and B#14 = 204.378
ROUND 748 A#47 and B#14 = 25.1849
ROUND 749 A#48 and B#14 = 231.765
ROUND 750 A#49 and B#14 = 207.244
ROUND 751 A#0 and B#15 = 25.6405
ROUND 752 A#1 and B#15 = 202.257
ROUND 753 A#2 and B#15 = 217.723
ROUND 754 A#3 and B#15 = 217.263
ROUND 755 A#4 and B#15 = 109.235
ROUND 756 A#5 and B#15 = 222.731
ROUND 757 A#6 and B#15 = 216.992
ROUND 758 A#7 and B#15 = 195.853
ROUND 759 A#8 and B#15 = 220.658
ROUND 760 A#9 and B#15 = 223.905
ROUND 761 A#10 and B#15 = 223.759
ROUND 762 A#11 and B#15 = 213.248
ROUND 763 A#12 and B#15 = 228.282
ROUND 764 A#13 and B#15 = 67.7129
ROUND 765 A#14 and B#15 = 125.47
ROUND 766 A#15 and B#15 = 207.228
ROUND 767 A#16 and B#15 = 231.503
ROUND 768 A#17 and B#15 = 233.253
ROUND 769 A#18 and B#15 = 75.409
ROUND 770 A#19 and B#15 = 243.003
ROUND 771 A#20 and B#15 = 197.558
ROUND 772 A#21 and B#15 = 278.406
ROUND 773 A#22 and B#15 = 216.165
ROUND 774 A#23 and B#15 = 214.674
ROUND 775 A#24 and B#15 = 225.446
ROUND 776 A#25 and B#15 = 245.767
ROUND 777 A#26 and B#15 = 230.61
ROUND 778 A#27 and B#15 = 97.5543
ROUND 779 A#28 and B#15 = 242.499
ROUND 780 A#29 and B#15 = 262.564
ROUND 781 A#30 and B#15 = 137.234
ROUND 782 A#31 and B#15 = 221.697
ROUND 783 A#32 and B#15 = 73.1793
ROUND 784 A#33 and B#15 = 55.8387
ROUND 785 A#34 and B#15 = 101.11
ROUND 786 A#35 and B#15 = 93.8191
ROUND 787 A#36 and B#15 = 103.35
ROUND 788 A#37 and B#15 = 241.021
ROUND 789 A#38 and B#15 = 244.346
ROUND 790 A#39 and B#15 = 228.025
ROUND 791 A#40 and B#15 = 122.288
ROUND 792 A#41 and B#15 = 62.1172
ROUND 793 A#42 and B#15 = 217.505
ROUND 794 A#43 and B#15 = 62.836
ROUND 795 A#44 and B#15 = 236.64
ROUND 796 A#45 and B#15 = 68.812
ROUND 797 A#46 and B#15 = 218.463
ROUND 798 A#47 and B#15 = 216.866
ROUND 799 A#48 and B#15 = 206.773
ROUND 800 A#49 and B#15 = 66.8499
ROUND 801 A#0 and B#16 = 251.688
ROUND 802 A#1 and B#16 = 231.948
ROUND 803 A#2 and B#16 = 201.936
ROUND 804 A#3 and B#16 = 201.391
ROUND 805 A#4 and B#16 = 196.185
ROUND 806 A#5 and B#16 = 218.515
ROUND 807 A#6 and B#16 = 186.743
ROUND 808 A#7 and B#16 = 215.767
ROUND 809 A#8 and B#16 = 163.308
ROUND 810 A#9 and B#16 = 58.6551
ROUND 811 A#10 and B#16 = 218.607
ROUND 812 A#11 and B#16 = 216.286
ROUND 813 A#12 and B#16 = 246.271
ROUND 814 A#13 and B#16 = 185.471
ROUND 815 A#14 and B#16 = 209.811
ROUND 816 A#15 and B#16 = 234.369
ROUND 817 A#16 and B#16 = 221.005
ROUND 818 A#17 and B#16 = 226.842
ROUND 819 A#18 and B#16 = 202.955
ROUND 820 A#19 and B#16 = 233.949
ROUND 821 A#20 and B#16 = 219.077
ROUND 822 A#21 and B#16 = 220.168
ROUND 823 A#22 and B#16 = 106.016
ROUND 824 A#23 and B#16 = 149.717
ROUND 825 A#24 and B#16 = 107.486
ROUND 826 A#25 and B#16 = 228.307
ROUND 827 A#26 and B#16 = 227.874
ROUND 828 A#27 and B#16 = 206.164
ROUND 829 A#28 and B#16 = 238.542
ROUND 830 A#29 and B#16 = 61.8078
ROUND 831 A#30 and B#16 = 241.597
ROUND 832 A#31 and B#16 = 90.6861
ROUND 833 A#32 and B#16 = 158.453
ROUND 834 A#33 and B#16 = 150.781
ROUND 835 A#34 and B#16 = 214.621
ROUND 836 A#35 and B#16 = 228.817
ROUND 837 A#36 and B#16 = 216.312
ROUND 838 A#37 and B#16 = 221.959
ROUND 839 A#38 and B#16 = 254.934
ROUND 840 A#39 and B#16 = 120.867
ROUND 841 A#40 and B#16 = 157.446
ROUND 842 A#41 and B#16 = 226.987
ROUND 843 A#42 and B#16 = 221.787
ROUND 844 A#43 and B#16 = 227.652
ROUND 845 A#44 and B#16 = 202.868
ROUND 846 A#45 and B#16 = 155.664
ROUND 847 A#46 and B#16 = 153.064
ROUND 848 A#47 and B#16 = 124.99
ROUND 849 A#48 and B#16 = 234.062
ROUND 850 A#49 and B#16 = 228.361
ROUND 851 A#0 and B#17 = 30.6768
ROUND 852 A#1 and B#17 = 226.99
ROUND 853 A#2 and B#17 = 48.369
ROUND 854 A#3 and B#17 = 47.4587
ROUND 855 A#4 and B#17 = 174.305
ROUND 856 A#5 and B#17 = 127.049
ROUND 857 A#6 and B#17 = 93.2782
ROUND 858 A#7 and B#17 = 46.9129
ROUND 859 A#8 and B#17 = 235.76
ROUND 860 A#9 and B#17 = 49.4467
ROUND 861 A#10 and B#17 = 127.502
ROUND 862 A#11 and B#17 = 159.419
ROUND 863 A#12 and B#17 = 30.0013
ROUND 864 A#13 and B#17 = 214.148
ROUND 865 A#14 and B#17 = 37.693
ROUND 866 A#15 and B#17 = 27.0566
ROUND 867 A#16 and B#17 = 211.141
ROUND 868 A#17 and B#17 = 148.544
ROUND 869 A#18 and B#17 = 45.2881
ROUND 870 A#19 and B#17 = 28.146
ROUND 871 A#20 and B#17 = 97.847
ROUND 872 A#21 and B#17 = 199.18
ROUND 873 A#22 and B#17 = 24.8068
ROUND 874 A#23 and B#17 = 28.7924
ROUND 875 A#24 and B#17 = 207.992
ROUND 876 A#25 and B#17 = 106.032
ROUND 877 A#26 and B#17 = 56.8167
ROUND 878 A#27 and B#17 = 49.2253
ROUND 879 A#28 and B#17 = 42.9375
ROUND 880 A#29 and B#17 = 127.623
ROUND 881 A#30 and B#17 = 242.961
ROUND 882 A#31 and B#17 = 30.2909
ROUND 883 A#32 and B#17 = 192.553
ROUND 884 A#33 and B#17 = 29.1674
ROUND 885 A#34 and B#17 = 21.5591
ROUND 886 A#35 and B#17 = 210.744
ROUND 887 A#36 and B#17 = 42.1788
ROUND 888 A#37 and B#17 = 177.555
ROUND 889 A#38 and B#17 = 149.67
ROUND 890 A#39 and B#17 = 218.169
ROUND 891 A#40 and B#17 = 228.416
ROUND 892 A#41 and B#17 = 55.6796
ROUND 893 A#42 and B#17 = 27.2787
ROUND 894 A#43 and B#17 = 28.8977
ROUND 895 A#44 and B#17 = 120.693
ROUND 896 A#45 and B#17 = 55.5534
ROUND 897 A#46 and B#17 = 28.6679
ROUND 898 A#47 and B#17 = 213.093
ROUND 899 A#48 and B#17 = 28.0422
ROUND 900 A#49 and B#17 = 48.9099
ROUND 901 A#0 and B#18 = 236.076
ROUND 902 A#1 and B#18 = 166.232
ROUND 903 A#2 and B#18 = 192.553
ROUND 904 A#3 and B#18 = 192.057
ROUND 905 A#4 and B#18 = 212.546
ROUND 906 A#5 and B#18 = 202.531
ROUND 907 A#6 and B#18 = 176.574
ROUND 908 A#7 and B#18 = 213.405
ROUND 909 A#8 and B#18 = 230.858
ROUND 910 A#9 and B#18 = 225.369
ROUND 911 A#10 and B#18 = 204.278
ROUND 912 A#11 and B#18 = 203.324
ROUND 913 A#12 and B#18 = 93.348
ROUND 914 A#13 and B#18 = 210.417
ROUND 915 A#14 and B#18 = 213.208
ROUND 916 A#15 and B#18 = 190.393
ROUND 917 A#16 and B#18 = 214.522
ROUND 918 A#17 and B#18 = 235.262
ROUND 919 A#18 and B#18 = 218.348
ROUND 920 A#19 and B#18 = 255.329
ROUND 921 A#20 and B#18 = 249.795
ROUND 922 A#21 and B#18 = 167.911
ROUND 923 A#22 and B#18 = 24.2093
ROUND 924 A#23 and B#18 = 235.879
ROUND 925 A#24 and B#18 = 212.299
ROUND 926 A#25 and B#18 = 52.8196
ROUND 927 A#26 and B#18 = 236.856
ROUND 928 A#27 and B#18 = 230.197
ROUND 929 A#28 and B#18 = 29.9186
ROUND 930 A#29 and B#18 = 238.375
ROUND 931 A#30 and B#18 = 209.191
ROUND 932 A#31 and B#18 = 220.059
ROUND 933 A#32 and B#18 = 210.974
ROUND 934 A#33 and B#18 = 221.908
ROUND 935 A#34 and B#18 = 221.625
ROUND 936 A#35 and B#18 = 211.881
ROUND 937 A#36 and B#18 = 238.845
ROUND 938 A#37 and B#18 = 244.454
ROUND 939 A#38 and B#18 = 219.769
ROUND 940 A#39 and B#18 = 213.303
ROUND 941 A#40 and B#18 = 245.978
ROUND 942 A#41 and B#18 = 201.761
ROUND 943 A#42 and B#18 = 211.088
ROUND 944 A#43 and B#18 = 236.992
ROUND 945 A#44 and B#18 = 234.857
ROUND 946 A#45 and B#18 = 235.934
ROUND 947 A#46 and B#18 = 240.608
ROUND 948 A#47 and B#18 = 216.521
ROUND 949 A#48 and B#18 = 91.3784
ROUND 950 A#49 and B#18 = 269.654
ROUND 951 A#0 and B#19 = 259.66
ROUND 952 A#1 and B#19 = 151.26
ROUND 953 A#2 and B#19 = 220.294
ROUND 954 A#3 and B#19 = 220.974
ROUND 955 A#4 and B#19 = 282.417
ROUND 956 A#5 and B#19 = 227.277
ROUND 957 A#6 and B#19 = 221.25
ROUND 958 A#7 and B#19 = 226.855
ROUND 959 A#8 and B#19 = 207.593
ROUND 960 A#9 and B#19 = 157.181
ROUND 961 A#10 and B#19 = 227.203
ROUND 962 A#11 and B#19 = 220.814
ROUND 963 A#12 and B#19 = 219.546
ROUND 964 A#13 and B#19 = 91.4679
ROUND 965 A#14 and B#19 = 237.043
ROUND 966 A#15 and B#19 = 222.106
ROUND 967 A#16 and B#19 = 238.777
ROUND 968 A#17 and B#19 = 228.963
ROUND 969 A#18 and B#19 = 130.719
ROUND 970 A#19 and B#19 = 91.4392
ROUND 971 A#20 and B#19 = 241.259
ROUND 972 A#21 and B#19 = 238.382
ROUND 973 A#22 and B#19 = 202.291
ROUND 974 A#23 and B#19 = 191.734
ROUND 975 A#24 and B#19 = 282.484
ROUND 976 A#25 and B#19 = 236.666
ROUND 977 A#26 and B#19 = 236.582
ROUND 978 A#27 and B#19 = 239.739
ROUND 979 A#28 and B#19 = 221.781
ROUND 980 A#29 and B#19 = 228.082
ROUND 981 A#30 and B#19 = 175.471
ROUND 982 A#31 and B#19 = 59.5352
ROUND 983 A#32 and B#19 = 219.621
ROUND 984 A#33 and B#19 = 235.064
ROUND 985 A#34 and B#19 = 234.217
ROUND 986 A#35 and B#19 = 228.762
ROUND 987 A#36 and B#19 = 207.511
ROUND 988 A#37 and B#19 = 231.298
ROUND 989 A#38 and B#19 = 89.4047
ROUND 990 A#39 and B#19 = 230.527
ROUND 991 A#40 and B#19 = 216.34
ROUND 992 A#41 and B#19 = 219.351
ROUND 993 A#42 and B#19 = 32.069
ROUND 994 A#43 and B#19 = 237.067
ROUND 995 A#44 and B#19 = 87.6003
ROUND 996 A#45 and B#19 = 233.418
ROUND 997 A#46 and B#19 = 187.333
ROUND 998 A#47 and B#19 = 228.115
ROUND 999 A#48 and B#19 = 216.425
ROUND 1000 A#49 and B#19 = 219.127
ROUND 1001 A#0 and B#20 = 221.238
ROUND 1002 A#1 and B#20 = 181.029
ROUND 1003 A#2 and B#20 = 231.596
ROUND 1004 A#3 and B#20 = 230.707
ROUND 1005 A#4 and B#20 = 29.2523
ROUND 1006 A#5 and B#20 = 29.7266
ROUND 1007 A#6 and B#20 = 110.344
ROUND 1008 A#7 and B#20 = 27.8785
ROUND 1009 A#8 and B#20 = 161.743
ROUND 1010 A#9 and B#20 = 202.047
ROUND 1011 A#10 and B#20 = 29.6375
ROUND 1012 A#11 and B#20 = 221.248
ROUND 1013 A#12 and B#20 = 252.277
ROUND 1014 A#13 and B#20 = 210.177
ROUND 1015 A#14 and B#20 = 241.025
ROUND 1016 A#15 and B#20 = 18.4674
ROUND 1017 A#16 and B#20 = 209.174
ROUND 1018 A#17 and B#20 = 197.249
ROUND 1019 A#18 and B#20 = 228.166
ROUND 1020 A#19 and B#20 = 230.88
ROUND 1021 A#20 and B#20 = 91.9126
ROUND 1022 A#21 and B#20 = 225.197
ROUND 1023 A#22 and B#20 = 25.1114
ROUND 1024 A#23 and B#20 = 209.223
ROUND 1025 A#24 and B#20 = 222.125
ROUND 1026 A#25 and B#20 = 272.103
ROUND 1027 A#26 and B#20 = 30.0413
ROUND 1028 A#27 and B#20 = 207.812
ROUND 1029 A#28 and B#20 = 234.978
ROUND 1030 A#29 and B#20 = 200.251
ROUND 1031 A#30 and B#20 = 232.355
ROUND 1032 A#31 and B#20 = 244.705
ROUND 1033 A#32 and B#20 = 203.064
ROUND 1034 A#33 and B#20 = 30.1307
ROUND 1035 A#34 and B#20 = 30.145
ROUND 1036 A#35 and B#20 = 42.2117
ROUND 1037 A#36 and B#20 = 29.7991
ROUND 1038 A#37 and B#20 = 247.544
ROUND 1039 A#38 and B#20 = 18.5794
ROUND 1040 A#39 and B#20 = 194.748
ROUND 1041 A#40 and B#20 = 232.034
ROUND 1042 A#41 and B#20 = 27.2963
ROUND 1043 A#42 and B#20 = 224.813
ROUND 1044 A#43 and B#20 = 27.2632
ROUND 1045 A#44 and B#20 = 253.935
ROUND 1046 A#45 and B#20 = 195.416
ROUND 1047 A#46 and B#20 = 27.2343
ROUND 1048 A#47 and B#20 = 48.3629
ROUND 1049 A#48 and B#20 = 245.164
ROUND 1050 A#49 and B#20 = 204.719
ROUND 1051 A#0 and B#21 = 223.832
ROUND 1052 A#1 and B#21 = 229.013
ROUND 1053 A#2 and B#21 = 202.185
ROUND 1054 A#3 and B#21 = 201.158
ROUND 1055 A#4 and B#21 = 178.526
ROUND 1056 A#5 and B#21 = 95.4732
ROUND 1057 A#6 and B#21 = 72.6932
ROUND 1058 A#7 and B#21 = 96.1797
ROUND 1059 A#8 and B#21 = 218.233
ROUND 1060 A#9 and B#21 = 223.245
ROUND 1061 A#10 and B#21 = 96.3869
ROUND 1062 A#11 and B#21 = 217.686
ROUND 1063 A#12 and B#21 = 264.591
ROUND 1064 A#13 and B#21 = 230.324
ROUND 1065 A#14 and B#21 = 212.406
ROUND 1066 A#15 and B#21 = 227.685
ROUND 1067 A#16 and B#21 = 94.4422
ROUND 1068 A#17 and B#21 = 209.34
ROUND 1069 A#18 and B#21 = 217.793
ROUND 1070 A#19 and B#21 = 194.47
ROUND 1071 A#20 and B#21 = 241.078
ROUND 1072 A#21 and B#21 = 199.597
ROUND 1073 A#22 and B#21 = 153.814
ROUND 1074 A#23 and B#21 = 218.141
ROUND 1075 A#24 and B#21 = 195.876
ROUND 1076 A#25 and B#21 = 242.377
ROUND 1077 A#26 and B#21 = 198.946
ROUND 1078 A#27 and B#21 = 65.3557
ROUND 1079 A#28 and B#21 = 231.533
ROUND 1080 A#29 and B#21 = 214.782
ROUND 1081 A#30 and B#21 = 213.828
ROUND 1082 A#31 and B#21 = 85.4971
ROUND 1083 A#32 and B#21 = 210.593
ROUND 1084 A#33 and B#21 = 214.213
ROUND 1085 A#34 and B#21 = 213.801
ROUND 1086 A#35 and B#21 = 201.379
ROUND 1087 A#36 and B#21 = 101.656
ROUND 1088 A#37 and B#21 = 196.567
ROUND 1089 A#38 and B#21 = 151.975
ROUND 1090 A#39 and B#21 = 216.406
ROUND 1091 A#40 and B#21 = 30.7211
ROUND 1092 A#41 and B#21 = 112.259
ROUND 1093 A#42 and B#21 = 181.306
ROUND 1094 A#43 and B#21 = 112.072
ROUND 1095 A#44 and B#21 = 152.948
ROUND 1096 A#45 and B#21 = 189.121
ROUND 1097 A#46 and B#21 = 199.143
ROUND 1098 A#47 and B#21 = 159.49
ROUND 1099 A#48 and B#21 = 232.079
ROUND 1100 A#49 and B#21 = 222.175
ROUND 1101 A#0 and B#22 = 249.35
ROUND 1102 A#1 and B#22 = 254.282
ROUND 1103 A#2 and B#22 = 226.846
ROUND 1104 A#3 and B#22 = 226.488
ROUND 1105 A#4 and B#22 = 217.538
ROUND 1106 A#5 and B#22 = 278.43
ROUND 1107 A#6 and B#22 = 233.422
ROUND 1108 A#7 and B#22 = 278.377
ROUND 1109 A#8 and B#22 = 149.93
ROUND 1110 A#9 and B#22 = 69.0714
ROUND 1111 A#10 and B#22 = 278.211
ROUND 1112 A#11 and B#22 = 222.235
ROUND 1113 A#12 and B#22 = 284.388
ROUND 1114 A#13 and B#22 = 228.596
ROUND 1115 A#14 and B#22 = 229.495
ROUND 1116 A#15 and B#22 = 294.469
ROUND 1117 A#16 and B#22 = 274.918
ROUND 1118 A#17 and B#22 = 226.662
ROUND 1119 A#18 and B#22 = 239.442
ROUND 1120 A#19 and B#22 = 272.803
ROUND 1121 A#20 and B#22 = 224.686
ROUND 1122 A#21 and B#22 = 233.966
ROUND 1123 A#22 and B#22 = 74.6472
ROUND 1124 A#23 and B#22 = 34.1113
ROUND 1125 A#24 and B#22 = 129.199
ROUND 1126 A#25 and B#22 = 285.492
ROUND 1127 A#26 and B#22 = 266.316
ROUND 1128 A#27 and B#22 = 220.106
ROUND 1129 A#28 and B#22 = 244.98
ROUND 1130 A#29 and B#22 = 217.712
ROUND 1131 A#30 and B#22 = 254.708
ROUND 1132 A#31 and B#22 = 134.896
ROUND 1133 A#32 and B#22 = 221.907
ROUND 1134 A#33 and B#22 = 53.3638
ROUND 1135 A#34 and B#22 = 53.2153
ROUND 1136 A#35 and B#22 = 143.082
ROUND 1137 A#36 and B#22 = 50.8247
ROUND 1138 A#37 and B#22 = 291.24
ROUND 1139 A#38 and B#22 = 63.2789
ROUND 1140 A#39 and B#22 = 249.655
ROUND 1141 A#40 and B#22 = 244.832
ROUND 1142 A#41 and B#22 = 247.226
ROUND 1143 A#42 and B#22 = 256.095
ROUND 1144 A#43 and B#22 = 179.631
ROUND 1145 A#44 and B#22 = 222.434
ROUND 1146 A#45 and B#22 = 32.7252
ROUND 1147 A#46 and B#22 = 36.9688
ROUND 1148 A#47 and B#22 = 235.051
ROUND 1149 A#48 and B#22 = 284.407
ROUND 1150 A#49 and B#22 = 207.246
ROUND 1151 A#0 and B#23 = 299.839
ROUND 1152 A#1 and B#23 = 277.458
ROUND 1153 A#2 and B#23 = 239.983
ROUND 1154 A#3 and B#23 = 239.105
ROUND 1155 A#4 and B#23 = 198.454
ROUND 1156 A#5 and B#23 = 228.807
ROUND 1157 A#6 and B#23 = 218.946
ROUND 1158 A#7 and B#23 = 227.286
ROUND 1159 A#8 and B#23 = 152.932
ROUND 1160 A#9 and B#23 = 302.64
ROUND 1161 A#10 and B#23 = 228.447
ROUND 1162 A#11 and B#23 = 220.713
ROUND 1163 A#12 and B#23 = 302.621
ROUND 1164 A#13 and B#23 = 205.217
ROUND 1165 A#14 and B#23 = 307.114
ROUND 1166 A#15 and B#23 = 227.79
ROUND 1167 A#16 and B#23 = 191.317
ROUND 1168 A#17 and B#23 = 230.287
ROUND 1169 A#18 and B#23 = 96.4051
ROUND 1170 A#19 and B#23 = 288.453
ROUND 1171 A#20 and B#23 = 229.15
ROUND 1172 A#21 and B#23 = 225.364
ROUND 1173 A#22 and B#23 = 277.206
ROUND 1174 A#23 and B#23 = 248.953
ROUND 1175 A#24 and B#23 = 109.701
ROUND 1176 A#25 and B#23 = 305.612
ROUND 1177 A#26 and B#23 = 289.751
ROUND 1178 A#27 and B#23 = 209.761
ROUND 1179 A#28 and B#23 = 244.641
ROUND 1180 A#29 and B#23 = 233.424
ROUND 1181 A#30 and B#23 = 291.627
ROUND 1182 A#31 and B#23 = 103.713
ROUND 1183 A#32 and B#23 = 233.023
ROUND 1184 A#33 and B#23 = 248.173
ROUND 1185 A#34 and B#23 = 290.875
ROUND 1186 A#35 and B#23 = 297.989
ROUND 1187 A#36 and B#23 = 117.683
ROUND 1188 A#37 and B#23 = 237.959
ROUND 1189 A#38 and B#23 = 290.69
ROUND 1190 A#39 and B#23 = 112.47
ROUND 1191 A#40 and B#23 = 279.681
ROUND 1192 A#41 and B#23 = 278.747
ROUND 1193 A#42 and B#23 = 222.571
ROUND 1194 A#43 and B#23 = 224.362
ROUND 1195 A#44 and B#23 = 239.35
ROUND 1196 A#45 and B#23 = 275.517
ROUND 1197 A#46 and B#23 = 248.125
ROUND 1198 A#47 and B#23 = 296.819
ROUND 1199 A#48 and B#23 = 303.008
ROUND 1200 A#49 and B#23 = 291.833
ROUND 1201 A#0 and B#24 = 247.301
ROUND 1202 A#1 and B#24 = 101.163
ROUND 1203 A#2 and B#24 = 232.951
ROUND 1204 A#3 and B#24 = 231.747
ROUND 1205 A#4 and B#24 = 217.081
ROUND 1206 A#5 and B#24 = 245.968
ROUND 1207 A#6 and B#24 = 179.34
ROUND 1208 A#7 and B#24 = 260.825
ROUND 1209 A#8 and B#24 = 260.009
ROUND 1210 A#9 and B#24 = 226.341
ROUND 1211 A#10 and B#24 = 246.067
ROUND 1212 A#11 and B#24 = 224.787
ROUND 1213 A#12 and B#24 = 28.9937
ROUND 1214 A#13 and B#24 = 218.183
ROUND 1215 A#14 and B#24 = 226.419
ROUND 1216 A#15 and B#24 = 227.211
ROUND 1217 A#16 and B#24 = 218.252
ROUND 1218 A#17 and B#24 = 265.212
ROUND 1219 A#18 and B#24 = 263.663
ROUND 1220 A#19 and B#24 = 235.693
ROUND 1221 A#20 and B#24 = 246.383
ROUND 1222 A#21 and B#24 = 233.214
ROUND 1223 A#22 and B#24 = 175.804
ROUND 1224 A#23 and B#24 = 226.557
ROUND 1225 A#24 and B#24 = 136.565
ROUND 1226 A#25 and B#24 = 222.259
ROUND 1227 A#26 and B#24 = 261.188
ROUND 1228 A#27 and B#24 = 214.524
ROUND 1229 A#28 and B#24 = 235.411
ROUND 1230 A#29 and B#24 = 69.7873
ROUND 1231 A#30 and B#24 = 146.036
ROUND 1232 A#31 and B#24 = 210.053
ROUND 1233 A#32 and B#24 = 214.196
ROUND 1234 A#33 and B#24 = 227.643
ROUND 1235 A#34 and B#24 = 225.877
ROUND 1236 A#35 and B#24 = 144.4
ROUND 1237 A#36 and B#24 = 223.477
ROUND 1238 A#37 and B#24 = 232.934
ROUND 1239 A#38 and B#24 = 74.0158
ROUND 1240 A#39 and B#24 = 196.674
ROUND 1241 A#40 and B#24 = 204.864
ROUND 1242 A#41 and B#24 = 226.002
ROUND 1243 A#42 and B#24 = 229.471
ROUND 1244 A#43 and B#24 = 225.756
ROUND 1245 A#44 and B#24 = 239.017
ROUND 1246 A#45 and B#24 = 262.419
ROUND 1247 A#46 and B#24 = 226.396
ROUND 1248 A#47 and B#24 = 146.511
ROUND 1249 A#48 and B#24 = 220.601
ROUND 1250 A#49 and B#24 = 225.769
ROUND 1251 A#0 and B#25 = 247.358
ROUND 1252 A#1 and B#25 = 101.355
ROUND 1253 A#2 and B#25 = 232.263
ROUND 1254 A#3 and B#25 = 231.224
ROUND 1255 A#4 and B#25 = 216.884
ROUND 1256 A#5 and B#25 = 245.904
ROUND 1257 A#6 and B#25 = 179.044
ROUND 1258 A#7 and B#25 = 179.162
ROUND 1259 A#8 and B#25 = 180.983
ROUND 1260 A#9 and B#25 = 226.394
ROUND 1261 A#10 and B#25 = 246.025
ROUND 1262 A#11 and B#25 = 224.45
ROUND 1263 A#12 and B#25 = 28.9964
ROUND 1264 A#13 and B#25 = 218.232
ROUND 1265 A#14 and B#25 = 226.519
ROUND 1266 A#15 and B#25 = 227.02
ROUND 1267 A#16 and B#25 = 218.561
ROUND 1268 A#17 and B#25 = 263.988
ROUND 1269 A#18 and B#25 = 263.46
ROUND 1270 A#19 and B#25 = 236.018
ROUND 1271 A#20 and B#25 = 246.265
ROUND 1272 A#21 and B#25 = 233.341
ROUND 1273 A#22 and B#25 = 175.287
ROUND 1274 A#23 and B#25 = 226.548
ROUND 1275 A#24 and B#25 = 136.153
ROUND 1276 A#25 and B#25 = 222.358
ROUND 1277 A#26 and B#25 = 261.01
ROUND 1278 A#27 and B#25 = 214.588
ROUND 1279 A#28 and B#25 = 235.733
ROUND 1280 A#29 and B#25 = 69.5412
ROUND 1281 A#30 and B#25 = 146.634
ROUND 1282 A#31 and B#25 = 209.334
ROUND 1283 A#32 and B#25 = 214.668
ROUND 1284 A#33 and B#25 = 226.799
ROUND 1285 A#34 and B#25 = 224.879
ROUND 1286 A#35 and B#25 = 144.071
ROUND 1287 A#36 and B#25 = 223.633
ROUND 1288 A#37 and B#25 = 233.303
ROUND 1289 A#38 and B#25 = 74.1814
ROUND 1290 A#39 and B#25 = 196.54
ROUND 1291 A#40 and B#25 = 204.781
ROUND 1292 A#41 and B#25 = 221.114
ROUND 1293 A#42 and B#25 = 229.39
ROUND 1294 A#43 and B#25 = 225.783
ROUND 1295 A#44 and B#25 = 239.524
ROUND 1296 A#45 and B#25 = 262.111
ROUND 1297 A#46 and B#25 = 226.426
ROUND 1298 A#47 and B#25 = 146.298
ROUND 1299 A#48 and B#25 = 220.812
ROUND 1300 A#49 and B#25 = 225.791
ROUND 1301 A#0 and B#26 = 47.4235
ROUND 1302 A#1 and B#26 = 224.65
ROUND 1303 A#2 and B#26 = 27.9863
ROUND 1304 A#3 and B#26 = 27.9758
ROUND 1305 A#4 and B#26 = 207.196
ROUND 1306 A#5 and B#26 = 177.711
ROUND 1307 A#6 and B#26 = 210.583
ROUND 1308 A#7 and B#26 = 273.138
ROUND 1309 A#8 and B#26 = 78.403
ROUND 1310 A#9 and B#26 = 34.6122
ROUND 1311 A#10 and B#26 = 169.271
ROUND 1312 A#11 and B#26 = 206.401
ROUND 1313 A#12 and B#26 = 239.431
ROUND 1314 A#13 and B#26 = 188.555
ROUND 1315 A#14 and B#26 = 244.686
ROUND 1316 A#15 and B#26 = 256.652
ROUND 1317 A#16 and B#26 = 119.393
ROUND 1318 A#17 and B#26 = 248.778
ROUND 1319 A#18 and B#26 = 215.047
ROUND 1320 A#19 and B#26 = 235.594
ROUND 1321 A#20 and B#26 = 218.147
ROUND 1322 A#21 and B#26 = 231.232
ROUND 1323 A#22 and B#26 = 184.701
ROUND 1324 A#23 and B#26 = 29.4092
ROUND 1325 A#24 and B#26 = 206.352
ROUND 1326 A#25 and B#26 = 255.926
ROUND 1327 A#26 and B#26 = 204.555
ROUND 1328 A#27 and B#26 = 212.713
ROUND 1329 A#28 and B#26 = 182.532
ROUND 1330 A#29 and B#26 = 253.948
ROUND 1331 A#30 and B#26 = 151.76
ROUND 1332 A#31 and B#26 = 234.938
ROUND 1333 A#32 and B#26 = 194.941
ROUND 1334 A#33 and B#26 = 29.2423
ROUND 1335 A#34 and B#26 = 220.4
ROUND 1336 A#35 and B#26 = 198.848
ROUND 1337 A#36 and B#26 = 221.161
ROUND 1338 A#37 and B#26 = 205.738
ROUND 1339 A#38 and B#26 = 223.267
ROUND 1340 A#39 and B#26 = 183.771
ROUND 1341 A#40 and B#26 = 96.7733
ROUND 1342 A#41 and B#26 = 209.201
ROUND 1343 A#42 and B#26 = 138.692
ROUND 1344 A#43 and B#26 = 208.551
ROUND 1345 A#44 and B#26 = 222.793
ROUND 1346 A#45 and B#26 = 213.023
ROUND 1347 A#46 and B#26 = 28.8025
ROUND 1348 A#47 and B#26 = 228.57
ROUND 1349 A#48 and B#26 = 248.555
ROUND 1350 A#49 and B#26 = -1.41812e-314
ROUND 1351 A#0 and B#27 = 227.656
ROUND 1352 A#1 and B#27 = 159.428
ROUND 1353 A#2 and B#27 = 213.916
ROUND 1354 A#3 and B#27 = 214.53
ROUND 1355 A#4 and B#27 = 274.055
ROUND 1356 A#5 and B#27 = 227.51
ROUND 1357 A#6 and B#27 = 214.005
ROUND 1358 A#7 and B#27 = 224.682
ROUND 1359 A#8 and B#27 = 215.066
ROUND 1360 A#9 and B#27 = 153.979
ROUND 1361 A#10 and B#27 = 227.2
ROUND 1362 A#11 and B#27 = 284.544
ROUND 1363 A#12 and B#27 = 219.163
ROUND 1364 A#13 and B#27 = 93.6571
ROUND 1365 A#14 and B#27 = 263.082
ROUND 1366 A#15 and B#27 = 228.345
ROUND 1367 A#16 and B#27 = 234.523
ROUND 1368 A#17 and B#27 = 229.105
ROUND 1369 A#18 and B#27 = 259.053
ROUND 1370 A#19 and B#27 = 162.939
ROUND 1371 A#20 and B#27 = 209.499
ROUND 1372 A#21 and B#27 = 243.495
ROUND 1373 A#22 and B#27 = 267.544
ROUND 1374 A#23 and B#27 = 262.808
ROUND 1375 A#24 and B#27 = 284.553
ROUND 1376 A#25 and B#27 = 240.673
ROUND 1377 A#26 and B#27 = 233.441
ROUND 1378 A#27 and B#27 = 227.471
ROUND 1379 A#28 and B#27 = 247.334
ROUND 1380 A#29 and B#27 = 229.49
ROUND 1381 A#30 and B#27 = 160.384
ROUND 1382 A#31 and B#27 = 21.1456
ROUND 1383 A#32 and B#27 = 94.951
ROUND 1384 A#33 and B#27 = 263.228
ROUND 1385 A#34 and B#27 = 263.391
ROUND 1386 A#35 and B#27 = 40.9701
ROUND 1387 A#36 and B#27 = 287.908
ROUND 1388 A#37 and B#27 = 227.127
ROUND 1389 A#38 and B#27 = 231.661
ROUND 1390 A#39 and B#27 = 36.5161
ROUND 1391 A#40 and B#27 = 212.936
ROUND 1392 A#41 and B#27 = 235.413
ROUND 1393 A#42 and B#27 = 61.796
ROUND 1394 A#43 and B#27 = 233.783
ROUND 1395 A#44 and B#27 = 231.148
ROUND 1396 A#45 and B#27 = 265.661
ROUND 1397 A#46 and B#27 = 227.487
ROUND 1398 A#47 and B#27 = 284.673
ROUND 1399 A#48 and B#27 = 213.836
ROUND 1400 A#49 and B#27 = 286.116
ROUND 1401 A#0 and B#28 = 251.804
ROUND 1402 A#1 and B#28 = 177.207
ROUND 1403 A#2 and B#28 = 74.0395
ROUND 1404 A#3 and B#28 = 73.3323
ROUND 1405 A#4 and B#28 = 63.5975
ROUND 1406 A#5 and B#28 = 3.99689
ROUND 1407 A#6 and B#28 = 214.088
ROUND 1408 A#7 and B#28 = 211.372
ROUND 1409 A#8 and B#28 = 204.994
ROUND 1410 A#9 and B#28 = 241.795
ROUND 1411 A#10 and B#28 = 119.211
ROUND 1412 A#11 and B#28 = 214.989
ROUND 1413 A#12 and B#28 = 90.6328
ROUND 1414 A#13 and B#28 = 31.5051
ROUND 1415 A#14 and B#28 = 249.847
ROUND 1416 A#15 and B#28 = 98.2557
ROUND 1417 A#16 and B#28 = 108.205
ROUND 1418 A#17 and B#28 = 218.677
ROUND 1419 A#18 and B#28 = 94.24
ROUND 1420 A#19 and B#28 = 64.6392
ROUND 1421 A#20 and B#28 = 222.882
ROUND 1422 A#21 and B#28 = 79.097
ROUND 1423 A#22 and B#28 = 237.909
ROUND 1424 A#23 and B#28 = 226.519
ROUND 1425 A#24 and B#28 = 52.6708
ROUND 1426 A#25 and B#28 = 73.6016
ROUND 1427 A#26 and B#28 = 225.178
ROUND 1428 A#27 and B#28 = 50.576
ROUND 1429 A#28 and B#28 = 58.3668
ROUND 1430 A#29 and B#28 = 239.535
ROUND 1431 A#30 and B#28 = 206.12
ROUND 1432 A#31 and B#28 = 94.3382
ROUND 1433 A#32 and B#28 = 115.363
ROUND 1434 A#33 and B#28 = 227.967
ROUND 1435 A#34 and B#28 = 228.754
ROUND 1436 A#35 and B#28 = 28.4267
ROUND 1437 A#36 and B#28 = 228.487
ROUND 1438 A#37 and B#28 = 231.671
ROUND 1439 A#38 and B#28 = 112.113
ROUND 1440 A#39 and B#28 = 24.4635
ROUND 1441 A#40 and B#28 = 142.409
ROUND 1442 A#41 and B#28 = 92.012
ROUND 1443 A#42 and B#28 = 83.1903
ROUND 1444 A#43 and B#28 = 92.2313
ROUND 1445 A#44 and B#28 = 113.486
ROUND 1446 A#45 and B#28 = 230.33
ROUND 1447 A#46 and B#28 = 226.492
ROUND 1448 A#47 and B#28 = 87.0273
ROUND 1449 A#48 and B#28 = 66.8027
ROUND 1450 A#49 and B#28 = 230.689
ROUND 1451 A#0 and B#29 = 15.9742
ROUND 1452 A#1 and B#29 = 230.925
ROUND 1453 A#2 and B#29 = 190.211
ROUND 1454 A#3 and B#29 = 190.296
ROUND 1455 A#4 and B#29 = 176.612
ROUND 1456 A#5 and B#29 = 176.941
ROUND 1457 A#6 and B#29 = 219.615
ROUND 1458 A#7 and B#29 = 207.511
ROUND 1459 A#8 and B#29 = 194.459
ROUND 1460 A#9 and B#29 = 74.5902
ROUND 1461 A#10 and B#29 = 210.891
ROUND 1462 A#11 and B#29 = 236.756
ROUND 1463 A#12 and B#29 = 63.8949
ROUND 1464 A#13 and B#29 = 57.3566
ROUND 1465 A#14 and B#29 = 69.2061
ROUND 1466 A#15 and B#29 = 111.361
ROUND 1467 A#16 and B#29 = 232.51
ROUND 1468 A#17 and B#29 = 224.363
ROUND 1469 A#18 and B#29 = 50.407
ROUND 1470 A#19 and B#29 = 228.121
ROUND 1471 A#20 and B#29 = 5.04385
ROUND 1472 A#21 and B#29 = 93.5939
ROUND 1473 A#22 and B#29 = 70.7378
ROUND 1474 A#23 and B#29 = 51.1814
ROUND 1475 A#24 and B#29 = 195.039
ROUND 1476 A#25 and B#29 = 61.0822
ROUND 1477 A#26 and B#29 = 28.2942
ROUND 1478 A#27 and B#29 = 89.8177
ROUND 1479 A#28 and B#29 = 133.816
ROUND 1480 A#29 and B#29 = 209.422
ROUND 1481 A#30 and B#29 = 203.454
ROUND 1482 A#31 and B#29 = 130.98
ROUND 1483 A#32 and B#29 = 239.992
ROUND 1484 A#33 and B#29 = 24.7953
ROUND 1485 A#34 and B#29 = 24.9931
ROUND 1486 A#35 and B#29 = 65.8951
ROUND 1487 A#36 and B#29 = 85.3118
ROUND 1488 A#37 and B#29 = 237.221
ROUND 1489 A#38 and B#29 = 51.1003
ROUND 1490 A#39 and B#29 = 68.5795
ROUND 1491 A#40 and B#29 = 228.111
ROUND 1492 A#41 and B#29 = 30.6449
ROUND 1493 A#42 and B#29 = 98.7367
ROUND 1494 A#43 and B#29 = 30.7574
ROUND 1495 A#44 and B#29 = 205.903
ROUND 1496 A#45 and B#29 = 29.2703
ROUND 1497 A#46 and B#29 = 237.897
ROUND 1498 A#47 and B#29 = 69.5897
ROUND 1499 A#48 and B#29 = 65.9638
ROUND 1500 A#49 and B#29 = 75.8488
ROUND 1501 A#0 and B#30 = 30.6788
ROUND 1502 A#1 and B#30 = 224.988
ROUND 1503 A#2 and B#30 = 91.9055
ROUND 1504 A#3 and B#30 = 46.5865
ROUND 1505 A#4 and B#30 = 175.282
ROUND 1506 A#5 and B#30 = 127.805
ROUND 1507 A#6 and B#30 = 35.406
ROUND 1508 A#7 and B#30 = 46.9906
ROUND 1509 A#8 and B#30 = 236.898
ROUND 1510 A#9 and B#30 = 49.2148
ROUND 1511 A#10 and B#30 = 128.389
ROUND 1512 A#11 and B#30 = 220.649
ROUND 1513 A#12 and B#30 = 27.8346
ROUND 1514 A#13 and B#30 = 214.678
ROUND 1515 A#14 and B#30 = 37.9916
ROUND 1516 A#15 and B#30 = 27.2991
ROUND 1517 A#16 and B#30 = 210.496
ROUND 1518 A#17 and B#30 = 148.035
ROUND 1519 A#18 and B#30 = 132.428
ROUND 1520 A#19 and B#30 = 28.1917
ROUND 1521 A#20 and B#30 = 97.8432
ROUND 1522 A#21 and B#30 = 54.23
ROUND 1523 A#22 and B#30 = 25.449
ROUND 1524 A#23 and B#30 = 28.7552
ROUND 1525 A#24 and B#30 = 208.412
ROUND 1526 A#25 and B#30 = 106.218
ROUND 1527 A#26 and B#30 = 56.1221
ROUND 1528 A#27 and B#30 = 49.6933
ROUND 1529 A#28 and B#30 = 43.3373
ROUND 1530 A#29 and B#30 = 126.322
ROUND 1531 A#30 and B#30 = 243.831
ROUND 1532 A#31 and B#30 = 30.0459
ROUND 1533 A#32 and B#30 = 117.293
ROUND 1534 A#33 and B#30 = 29.2161
ROUND 1535 A#34 and B#30 = 37.4741
ROUND 1536 A#35 and B#30 = 210.246
ROUND 1537 A#36 and B#30 = 41.8211
ROUND 1538 A#37 and B#30 = 178.99
ROUND 1539 A#38 and B#30 = 149.367
ROUND 1540 A#39 and B#30 = 218.012
ROUND 1541 A#40 and B#30 = 225.58
ROUND 1542 A#41 and B#30 = 54.96
ROUND 1543 A#42 and B#30 = 27.4008
ROUND 1544 A#43 and B#30 = 28.8824
ROUND 1545 A#44 and B#30 = 121.469
ROUND 1546 A#45 and B#30 = 55.7754
ROUND 1547 A#46 and B#30 = 29.3566
ROUND 1548 A#47 and B#30 = 212.595
ROUND 1549 A#48 and B#30 = 28.0516
ROUND 1550 A#49 and B#30 = 29.5431
ROUND 1551 A#0 and B#31 = 258.06
ROUND 1552 A#1 and B#31 = 279.52
ROUND 1553 A#2 and B#31 = 238.603
ROUND 1554 A#3 and B#31 = 237.808
ROUND 1555 A#4 and B#31 = 199.993
ROUND 1556 A#5 and B#31 = 225.894
ROUND 1557 A#6 and B#31 = 162.326
ROUND 1558 A#7 and B#31 = 225.664
ROUND 1559 A#8 and B#31 = 259.163
ROUND 1560 A#9 and B#31 = 303.409
ROUND 1561 A#10 and B#31 = 226.047
ROUND 1562 A#11 and B#31 = 222.078
ROUND 1563 A#12 and B#31 = 303.46
ROUND 1564 A#13 and B#31 = 220.47
ROUND 1565 A#14 and B#31 = 308.631
ROUND 1566 A#15 and B#31 = 219.115
ROUND 1567 A#16 and B#31 = 194.158
ROUND 1568 A#17 and B#31 = 226.033
ROUND 1569 A#18 and B#31 = 98.6939
ROUND 1570 A#19 and B#31 = 245.547
ROUND 1571 A#20 and B#31 = 226.093
ROUND 1572 A#21 and B#31 = 223.97
ROUND 1573 A#22 and B#31 = 112.076
ROUND 1574 A#23 and B#31 = 247.074
ROUND 1575 A#24 and B#31 = 112.497
ROUND 1576 A#25 and B#31 = 221.027
ROUND 1577 A#26 and B#31 = 290.948
ROUND 1578 A#27 and B#31 = 210.89
ROUND 1579 A#28 and B#31 = 241.533
ROUND 1580 A#29 and B#31 = 225.361
ROUND 1581 A#30 and B#31 = 216.042
ROUND 1582 A#31 and B#31 = 241.13
ROUND 1583 A#32 and B#31 = 235.036
ROUND 1584 A#33 and B#31 = 66.5221
ROUND 1585 A#34 and B#31 = 70.5263
ROUND 1586 A#35 and B#31 = 118.131
ROUND 1587 A#36 and B#31 = 286.976
ROUND 1588 A#37 and B#31 = 221.693
ROUND 1589 A#38 and B#31 = 292.216
ROUND 1590 A#39 and B#31 = 111.648
ROUND 1591 A#40 and B#31 = 280.345
ROUND 1592 A#41 and B#31 = 223.526
ROUND 1593 A#42 and B#31 = 71.6336
ROUND 1594 A#43 and B#31 = 223.549
ROUND 1595 A#44 and B#31 = 240.591
ROUND 1596 A#45 and B#31 = 40.1131
ROUND 1597 A#46 and B#31 = 285.415
ROUND 1598 A#47 and B#31 = 228.678
ROUND 1599 A#48 and B#31 = 303.978
ROUND 1600 A#49 and B#31 = 86.8219
ROUND 1601 A#0 and B#32 = 30.7016
ROUND 1602 A#1 and B#32 = 224.985
ROUND 1603 A#2 and B#32 = 46.4038
ROUND 1604 A#3 and B#32 = 45.4815
ROUND 1605 A#4 and B#32 = 176.607
ROUND 1606 A#5 and B#32 = 127.828
ROUND 1607 A#6 and B#32 = 35.4968
ROUND 1608 A#7 and B#32 = 45.8682
ROUND 1609 A#8 and B#32 = 237.135
ROUND 1610 A#9 and B#32 = 49.24
ROUND 1611 A#10 and B#32 = 128.29
ROUND 1612 A#11 and B#32 = 221.618
ROUND 1613 A#12 and B#32 = 27.7993
ROUND 1614 A#13 and B#32 = 215.586
ROUND 1615 A#14 and B#32 = 38.1042
ROUND 1616 A#15 and B#32 = 27.2408
ROUND 1617 A#16 and B#32 = 232.488
ROUND 1618 A#17 and B#32 = 148.141
ROUND 1619 A#18 and B#32 = 132.449
ROUND 1620 A#19 and B#32 = 28.1995
ROUND 1621 A#20 and B#32 = 97.8455
ROUND 1622 A#21 and B#32 = 54.2184
ROUND 1623 A#22 and B#32 = 25.3406
ROUND 1624 A#23 and B#32 = 28.8317
ROUND 1625 A#24 and B#32 = 209.326
ROUND 1626 A#25 and B#32 = 105.973
ROUND 1627 A#26 and B#32 = 55.6989
ROUND 1628 A#27 and B#32 = 49.7952
ROUND 1629 A#28 and B#32 = 43.554
ROUND 1630 A#29 and B#32 = 125.821
ROUND 1631 A#30 and B#32 = 242.607
ROUND 1632 A#31 and B#32 = 30.0377
ROUND 1633 A#32 and B#32 = 215.714
ROUND 1634 A#33 and B#32 = 29.2039
ROUND 1635 A#34 and B#32 = 37.8625
ROUND 1636 A#35 and B#32 = 210.848
ROUND 1637 A#36 and B#32 = 42.3314
ROUND 1638 A#37 and B#32 = 179.096
ROUND 1639 A#38 and B#32 = 139.542
ROUND 1640 A#39 and B#32 = 218.855
ROUND 1641 A#40 and B#32 = 225.072
ROUND 1642 A#41 and B#32 = 54.4558
ROUND 1643 A#42 and B#32 = 27.423
ROUND 1644 A#43 and B#32 = 28.6018
ROUND 1645 A#44 and B#32 = 122.181
ROUND 1646 A#45 and B#32 = 55.576
ROUND 1647 A#46 and B#32 = 29.3476
ROUND 1648 A#47 and B#32 = 213.087
ROUND 1649 A#48 and B#32 = 28.044
ROUND 1650 A#49 and B#32 = 29.5253
ROUND 1651 A#0 and B#33 = 299.787
ROUND 1652 A#1 and B#33 = 277.523
ROUND 1653 A#2 and B#33 = 240.192
ROUND 1654 A#3 and B#33 = 236.075
ROUND 1655 A#4 and B#33 = 198.244
ROUND 1656 A#5 and B#33 = 229.254
ROUND 1657 A#6 and B#33 = 218.637
ROUND 1658 A#7 and B#33 = 227.545
ROUND 1659 A#8 and B#33 = 261.049
ROUND 1660 A#9 and B#33 = 302.551
ROUND 1661 A#10 and B#33 = 230.092
ROUND 1662 A#11 and B#33 = 220.683
ROUND 1663 A#12 and B#33 = 302.515
ROUND 1664 A#13 and B#33 = 205.026
ROUND 1665 A#14 and B#33 = 307
ROUND 1666 A#15 and B#33 = 227.758
ROUND 1667 A#16 and B#33 = 191.101
ROUND 1668 A#17 and B#33 = 230.33
ROUND 1669 A#18 and B#33 = 95.6675
ROUND 1670 A#19 and B#33 = 288.628
ROUND 1671 A#20 and B#33 = 230.335
ROUND 1672 A#21 and B#33 = 225.942
ROUND 1673 A#22 and B#33 = 277.51
ROUND 1674 A#23 and B#33 = 249.329
ROUND 1675 A#24 and B#33 = 108.908
ROUND 1676 A#25 and B#33 = 305.568
ROUND 1677 A#26 and B#33 = 180.754
ROUND 1678 A#27 and B#33 = 209.434
ROUND 1679 A#28 and B#33 = 240.228
ROUND 1680 A#29 and B#33 = 233.407
ROUND 1681 A#30 and B#33 = 291.524
ROUND 1682 A#31 and B#33 = 101.336
ROUND 1683 A#32 and B#33 = 232.726
ROUND 1684 A#33 and B#33 = 248.498
ROUND 1685 A#34 and B#33 = 290.763
ROUND 1686 A#35 and B#33 = 298.621
ROUND 1687 A#36 and B#33 = 117.873
ROUND 1688 A#37 and B#33 = 237.964
ROUND 1689 A#38 and B#33 = 289.184
ROUND 1690 A#39 and B#33 = 110.98
ROUND 1691 A#40 and B#33 = 279.694
ROUND 1692 A#41 and B#33 = 224.196
ROUND 1693 A#42 and B#33 = 73.7235
ROUND 1694 A#43 and B#33 = 224.348
ROUND 1695 A#44 and B#33 = 239.239
ROUND 1696 A#45 and B#33 = 288.357
ROUND 1697 A#46 and B#33 = 248.297
ROUND 1698 A#47 and B#33 = 296.8
ROUND 1699 A#48 and B#33 = 302.951
ROUND 1700 A#49 and B#33 = 291.726
ROUND 1701 A#0 and B#34 = 252.202
ROUND 1702 A#1 and B#34 = 204.658
ROUND 1703 A#2 and B#34 = 50.7959
ROUND 1704 A#3 and B#34 = 50.842
ROUND 1705 A#4 and B#34 = 40.0807
ROUND 1706 A#5 and B#34 = 30.0788
ROUND 1707 A#6 and B#34 = 224.785
ROUND 1708 A#7 and B#34 = 28.0967
ROUND 1709 A#8 and B#34 = 103.131
ROUND 1710 A#9 and B#34 = 34.3993
ROUND 1711 A#10 and B#34 = 190.912
ROUND 1712 A#11 and B#34 = 218.476
ROUND 1713 A#12 and B#34 = 237.634
ROUND 1714 A#13 and B#34 = 30.4912
ROUND 1715 A#14 and B#34 = 27.1283
ROUND 1716 A#15 and B#34 = 241.676
ROUND 1717 A#16 and B#34 = 137.065
ROUND 1718 A#17 and B#34 = 272.293
ROUND 1719 A#18 and B#34 = 249.625
ROUND 1720 A#19 and B#34 = 51.7715
ROUND 1721 A#20 and B#34 = 194.646
ROUND 1722 A#21 and B#34 = 93.9743
ROUND 1723 A#22 and B#34 = 230.67
ROUND 1724 A#23 and B#34 = 29.3518
ROUND 1725 A#24 and B#34 = 35.8751
ROUND 1726 A#25 and B#34 = 271.11
ROUND 1727 A#26 and B#34 = 214.613
ROUND 1728 A#27 and B#34 = 212.47
ROUND 1729 A#28 and B#34 = 233.928
ROUND 1730 A#29 and B#34 = 196.534
ROUND 1731 A#30 and B#34 = 262.115
ROUND 1732 A#31 and B#34 = 227.302
ROUND 1733 A#32 and B#34 = 27.1109
ROUND 1734 A#33 and B#34 = 29.1969
ROUND 1735 A#34 and B#34 = 257.354
ROUND 1736 A#35 and B#34 = 247.738
ROUND 1737 A#36 and B#34 = 258.145
ROUND 1738 A#37 and B#34 = 206.561
ROUND 1739 A#38 and B#34 = 243.618
ROUND 1740 A#39 and B#34 = 247.787
ROUND 1741 A#40 and B#34 = 270.863
ROUND 1742 A#41 and B#34 = 273.801
ROUND 1743 A#42 and B#34 = 208.165
ROUND 1744 A#43 and B#34 = 274.55
ROUND 1745 A#44 and B#34 = 243.154
ROUND 1746 A#45 and B#34 = 271.546
ROUND 1747 A#46 and B#34 = 25.1858
ROUND 1748 A#47 and B#34 = 230.476
ROUND 1749 A#48 and B#34 = 266.834
ROUND 1750 A#49 and B#34 = -7.41228e-317
ROUND 1751 A#0 and B#35 = 236.401
ROUND 1752 A#1 and B#35 = 157.078
ROUND 1753 A#2 and B#35 = 218.043
ROUND 1754 A#3 and B#35 = 218.656
ROUND 1755 A#4 and B#35 = 276.036
ROUND 1756 A#5 and B#35 = 228.775
ROUND 1757 A#6 and B#35 = 214.246
ROUND 1758 A#7 and B#35 = 226.129
ROUND 1759 A#8 and B#35 = 204.38
ROUND 1760 A#9 and B#35 = 150.426
ROUND 1761 A#10 and B#35 = 229.694
ROUND 1762 A#11 and B#35 = 209.477
ROUND 1763 A#12 and B#35 = 217.55
ROUND 1764 A#13 and B#35 = 92.1567
ROUND 1765 A#14 and B#35 = 226.594
ROUND 1766 A#15 and B#35 = 216.395
ROUND 1767 A#16 and B#35 = 236.597
ROUND 1768 A#17 and B#35 = 231.154
ROUND 1769 A#18 and B#35 = 258.711
ROUND 1770 A#19 and B#35 = 91.6987
ROUND 1771 A#20 and B#35 = 232.377
ROUND 1772 A#21 and B#35 = 241.696
ROUND 1773 A#22 and B#35 = 269.243
ROUND 1774 A#23 and B#35 = 184.88
ROUND 1775 A#24 and B#35 = 285.012
ROUND 1776 A#25 and B#35 = 232.827
ROUND 1777 A#26 and B#35 = 210.175
ROUND 1778 A#27 and B#35 = 225.643
ROUND 1779 A#28 and B#35 = 247.802
ROUND 1780 A#29 and B#35 = 227.773
ROUND 1781 A#30 and B#35 = 161.644
ROUND 1782 A#31 and B#35 = 58.3134
ROUND 1783 A#32 and B#35 = 216.556
ROUND 1784 A#33 and B#35 = 216.311
ROUND 1785 A#34 and B#35 = 215.574
ROUND 1786 A#35 and B#35 = 226.063
ROUND 1787 A#36 and B#35 = 200.721
ROUND 1788 A#37 and B#35 = 226.785
ROUND 1789 A#38 and B#35 = 231.782
ROUND 1790 A#39 and B#35 = 289.028
ROUND 1791 A#40 and B#35 = 215.279
ROUND 1792 A#41 and B#35 = 233.961
ROUND 1793 A#42 and B#35 = 31.4742
ROUND 1794 A#43 and B#35 = 232.287
ROUND 1795 A#44 and B#35 = 92.3321
ROUND 1796 A#45 and B#35 = 212.203
ROUND 1797 A#46 and B#35 = 185.431
ROUND 1798 A#47 and B#35 = 287.262
ROUND 1799 A#48 and B#35 = 210.77
ROUND 1800 A#49 and B#35 = 214.084
ROUND 1801 A#0 and B#36 = 254.675
ROUND 1802 A#1 and B#36 = 202.518
ROUND 1803 A#2 and B#36 = 100.353
ROUND 1804 A#3 and B#36 = 100.229
ROUND 1805 A#4 and B#36 = 89.5787
ROUND 1806 A#5 and B#36 = 93.3112
ROUND 1807 A#6 and B#36 = 62.87
ROUND 1808 A#7 and B#36 = 93.0342
ROUND 1809 A#8 and B#36 = 197.091
ROUND 1810 A#9 and B#36 = 19.7652
ROUND 1811 A#10 and B#36 = 93.2901
ROUND 1812 A#11 and B#36 = 90.7103
ROUND 1813 A#12 and B#36 = 214.057
ROUND 1814 A#13 and B#36 = 59.3094
ROUND 1815 A#14 and B#36 = 49.9298
ROUND 1816 A#15 and B#36 = 74.5201
ROUND 1817 A#16 and B#36 = 209.206
ROUND 1818 A#17 and B#36 = 205.256
ROUND 1819 A#18 and B#36 = 234.11
ROUND 1820 A#19 and B#36 = 243.539
ROUND 1821 A#20 and B#36 = 231.804
ROUND 1822 A#21 and B#36 = 70.2869
ROUND 1823 A#22 and B#36 = 265.347
ROUND 1824 A#23 and B#36 = 177.657
ROUND 1825 A#24 and B#36 = 92.3355
ROUND 1826 A#25 and B#36 = 70.0814
ROUND 1827 A#26 and B#36 = 209.628
ROUND 1828 A#27 and B#36 = 95.9598
ROUND 1829 A#28 and B#36 = 266.598
ROUND 1830 A#29 and B#36 = 207.269
ROUND 1831 A#30 and B#36 = 202.422
ROUND 1832 A#31 and B#36 = 269.16
ROUND 1833 A#32 and B#36 = 249.123
ROUND 1834 A#33 and B#36 = 223.227
ROUND 1835 A#34 and B#36 = 53.0908
ROUND 1836 A#35 and B#36 = 45.6114
ROUND 1837 A#36 and B#36 = 54.8664
ROUND 1838 A#37 and B#36 = 232.285
ROUND 1839 A#38 and B#36 = 230.896
ROUND 1840 A#39 and B#36 = 48.0521
ROUND 1841 A#40 and B#36 = 225.19
ROUND 1842 A#41 and B#36 = 95.1628
ROUND 1843 A#42 and B#36 = 105.51
ROUND 1844 A#43 and B#36 = 266.84
ROUND 1845 A#44 and B#36 = 23.4342
ROUND 1846 A#45 and B#36 = 30.1142
ROUND 1847 A#46 and B#36 = 173.481
ROUND 1848 A#47 and B#36 = 233.884
ROUND 1849 A#48 and B#36 = 214.196
ROUND 1850 A#49 and B#36 = 219.931
ROUND 1851 A#0 and B#37 = 221.391
ROUND 1852 A#1 and B#37 = 183.355
ROUND 1853 A#2 and B#37 = 230.688
ROUND 1854 A#3 and B#37 = 229.892
ROUND 1855 A#4 and B#37 = 223.341
ROUND 1856 A#5 and B#37 = 29.8231
ROUND 1857 A#6 and B#37 = 111.432
ROUND 1858 A#7 and B#37 = 27.9194
ROUND 1859 A#8 and B#37 = 163.569
ROUND 1860 A#9 and B#37 = 204.699
ROUND 1861 A#10 and B#37 = 16.8942
ROUND 1862 A#11 and B#37 = 220.94
ROUND 1863 A#12 and B#37 = 251.406
ROUND 1864 A#13 and B#37 = 207.439
ROUND 1865 A#14 and B#37 = 240.642
ROUND 1866 A#15 and B#37 = 18.5151
ROUND 1867 A#16 and B#37 = 209.305
ROUND 1868 A#17 and B#37 = 197.546
ROUND 1869 A#18 and B#37 = 20.159
ROUND 1870 A#19 and B#37 = 230.566
ROUND 1871 A#20 and B#37 = 91.8995
ROUND 1872 A#21 and B#37 = 220.422
ROUND 1873 A#22 and B#37 = 233.26
ROUND 1874 A#23 and B#37 = 28.009
ROUND 1875 A#24 and B#37 = 221.615
ROUND 1876 A#25 and B#37 = 227.949
ROUND 1877 A#26 and B#37 = 30.0801
ROUND 1878 A#27 and B#37 = 207.773
ROUND 1879 A#28 and B#37 = 234.463
ROUND 1880 A#29 and B#37 = 198.246
ROUND 1881 A#30 and B#37 = 232.695
ROUND 1882 A#31 and B#37 = 245.536
ROUND 1883 A#32 and B#37 = 208.941
ROUND 1884 A#33 and B#37 = 30.2338
ROUND 1885 A#34 and B#37 = 30.2466
ROUND 1886 A#35 and B#37 = 42.2464
ROUND 1887 A#36 and B#37 = 29.8834
ROUND 1888 A#37 and B#37 = 245.914
ROUND 1889 A#38 and B#37 = 255.139
ROUND 1890 A#39 and B#37 = 236.528
ROUND 1891 A#40 and B#37 = 233.162
ROUND 1892 A#41 and B#37 = 27.264
ROUND 1893 A#42 and B#37 = 223.724
ROUND 1894 A#43 and B#37 = 27.9065
ROUND 1895 A#44 and B#37 = 253.341
ROUND 1896 A#45 and B#37 = 30.0768
ROUND 1897 A#46 and B#37 = 27.3212
ROUND 1898 A#47 and B#37 = 48.3678
ROUND 1899 A#48 and B#37 = 252.946
ROUND 1900 A#49 and B#37 = 207.764
ROUND 1901 A#0 and B#38 = 30.6394
ROUND 1902 A#1 and B#38 = 225.018
ROUND 1903 A#2 and B#38 = 91.8707
ROUND 1904 A#3 and B#38 = 46.7421
ROUND 1905 A#4 and B#38 = 174.579
ROUND 1906 A#5 and B#38 = 127.773
ROUND 1907 A#6 and B#38 = 27.7604
ROUND 1908 A#7 and B#38 = 47.0962
ROUND 1909 A#8 and B#38 = 236.883
ROUND 1910 A#9 and B#38 = 49.2602
ROUND 1911 A#10 and B#38 = 128.264
ROUND 1912 A#11 and B#38 = 221.637
ROUND 1913 A#12 and B#38 = 27.7643
ROUND 1914 A#13 and B#38 = 214.693
ROUND 1915 A#14 and B#38 = 37.8935
ROUND 1916 A#15 and B#38 = 36.7963
ROUND 1917 A#16 and B#38 = 210.134
ROUND 1918 A#17 and B#38 = 148.316
ROUND 1919 A#18 and B#38 = 132.051
ROUND 1920 A#19 and B#38 = 28.1723
ROUND 1921 A#20 and B#38 = 97.8192
ROUND 1922 A#21 and B#38 = 54.2878
ROUND 1923 A#22 and B#38 = 25.3777
ROUND 1924 A#23 and B#38 = 28.7673
ROUND 1925 A#24 and B#38 = 208.248
ROUND 1926 A#25 and B#38 = 105.882
ROUND 1927 A#26 and B#38 = 56.0517
ROUND 1928 A#27 and B#38 = 49.5886
ROUND 1929 A#28 and B#38 = 43.1987
ROUND 1930 A#29 and B#38 = 126.836
ROUND 1931 A#30 and B#38 = 243.541
ROUND 1932 A#31 and B#38 = 30.2886
ROUND 1933 A#32 and B#38 = 193.041
ROUND 1934 A#33 and B#38 = 29.2156
ROUND 1935 A#34 and B#38 = 37.749
ROUND 1936 A#35 and B#38 = 210.188
ROUND 1937 A#36 and B#38 = 42.1079
ROUND 1938 A#37 and B#38 = 178.408
ROUND 1939 A#38 and B#38 = 148.719
ROUND 1940 A#39 and B#38 = 217.927
ROUND 1941 A#40 and B#38 = 225.512
ROUND 1942 A#41 and B#38 = 54.8123
ROUND 1943 A#42 and B#38 = 27.8646
ROUND 1944 A#43 and B#38 = 28.8583
ROUND 1945 A#44 and B#38 = 121.175
ROUND 1946 A#45 and B#38 = 55.6605
ROUND 1947 A#46 and B#38 = 29.3558
ROUND 1948 A#47 and B#38 = 212.589
ROUND 1949 A#48 and B#38 = 28.0907
ROUND 1950 A#49 and B#38 = 29.5172
ROUND 1951 A#0 and B#39 = 247.141
ROUND 1952 A#1 and B#39 = 102.057
ROUND 1953 A#2 and B#39 = 237.707
ROUND 1954 A#3 and B#39 = 237.35
ROUND 1955 A#4 and B#39 = 216.469
ROUND 1956 A#5 and B#39 = 247.299
ROUND 1957 A#6 and B#39 = 178.283
ROUND 1958 A#7 and B#39 = 246.536
ROUND 1959 A#8 and B#39 = 261.354
ROUND 1960 A#9 and B#39 = 225.422
ROUND 1961 A#10 and B#39 = 247.356
ROUND 1962 A#11 and B#39 = 224.441
ROUND 1963 A#12 and B#39 = 28.9119
ROUND 1964 A#13 and B#39 = 225.941
ROUND 1965 A#14 and B#39 = 227.411
ROUND 1966 A#15 and B#39 = 225.827
ROUND 1967 A#16 and B#39 = 258.143
ROUND 1968 A#17 and B#39 = 265.542
ROUND 1969 A#18 and B#39 = 264.765
ROUND 1970 A#19 and B#39 = 236.436
ROUND 1971 A#20 and B#39 = 247.769
ROUND 1972 A#21 and B#39 = 234.177
ROUND 1973 A#22 and B#39 = 172.348
ROUND 1974 A#23 and B#39 = 260.276
ROUND 1975 A#24 and B#39 = 227.764
ROUND 1976 A#25 and B#39 = 222.033
ROUND 1977 A#26 and B#39 = 261.749
ROUND 1978 A#27 and B#39 = 213.794
ROUND 1979 A#28 and B#39 = 235.514
ROUND 1980 A#29 and B#39 = 67.1021
ROUND 1981 A#30 and B#39 = 148.852
ROUND 1982 A#31 and B#39 = 241.5
ROUND 1983 A#32 and B#39 = 214.597
ROUND 1984 A#33 and B#39 = 260.999
ROUND 1985 A#34 and B#39 = 260.959
ROUND 1986 A#35 and B#39 = 144.962
ROUND 1987 A#36 and B#39 = 260.594
ROUND 1988 A#37 and B#39 = 231.922
ROUND 1989 A#38 and B#39 = 71.8382
ROUND 1990 A#39 and B#39 = 255.12
ROUND 1991 A#40 and B#39 = 234.173
ROUND 1992 A#41 and B#39 = 221.283
ROUND 1993 A#42 and B#39 = 234.006
ROUND 1994 A#43 and B#39 = 262.101
ROUND 1995 A#44 and B#39 = 63.9547
ROUND 1996 A#45 and B#39 = 262.984
ROUND 1997 A#46 and B#39 = 259.547
ROUND 1998 A#47 and B#39 = 146.701
ROUND 1999 A#48 and B#39 = 28.9519
ROUND 2000 A#49 and B#39 = 260.939
ROUND 2001 A#0 and B#40 = 237.633
ROUND 2002 A#1 and B#40 = 158.162
ROUND 2003 A#2 and B#40 = 218.148
ROUND 2004 A#3 and B#40 = 218.874
ROUND 2005 A#4 and B#40 = 275.355
ROUND 2006 A#5 and B#40 = 228.072
ROUND 2007 A#6 and B#40 = 214.347
ROUND 2008 A#7 and B#40 = 225.505
ROUND 2009 A#8 and B#40 = 205.259
ROUND 2010 A#9 and B#40 = 150.203
ROUND 2011 A#10 and B#40 = 228.106
ROUND 2012 A#11 and B#40 = 211.06
ROUND 2013 A#12 and B#40 = 219.949
ROUND 2014 A#13 and B#40 = 92.2782
ROUND 2015 A#14 and B#40 = 228.288
ROUND 2016 A#15 and B#40 = 231.183
ROUND 2017 A#16 and B#40 = 235.591
ROUND 2018 A#17 and B#40 = 230.864
ROUND 2019 A#18 and B#40 = 259.015
ROUND 2020 A#19 and B#40 = 91.7101
ROUND 2021 A#20 and B#40 = 231.391
ROUND 2022 A#21 and B#40 = 242.983
ROUND 2023 A#22 and B#40 = 268.97
ROUND 2024 A#23 and B#40 = 178.508
ROUND 2025 A#24 and B#40 = 284.753
ROUND 2026 A#25 and B#40 = 235.139
ROUND 2027 A#26 and B#40 = 193.567
ROUND 2028 A#27 and B#40 = 228.226
ROUND 2029 A#28 and B#40 = 247.721
ROUND 2030 A#29 and B#40 = 227.972
ROUND 2031 A#30 and B#40 = 127.429
ROUND 2032 A#31 and B#40 = 58.5386
ROUND 2033 A#32 and B#40 = 218.206
ROUND 2034 A#33 and B#40 = 216.01
ROUND 2035 A#34 and B#40 = 215.315
ROUND 2036 A#35 and B#40 = 226.185
ROUND 2037 A#36 and B#40 = 200.044
ROUND 2038 A#37 and B#40 = 227.821
ROUND 2039 A#38 and B#40 = 232.984
ROUND 2040 A#39 and B#40 = 288.732
ROUND 2041 A#40 and B#40 = 213.197
ROUND 2042 A#41 and B#40 = 235.349
ROUND 2043 A#42 and B#40 = 31.8047
ROUND 2044 A#43 and B#40 = 233.561
ROUND 2045 A#44 and B#40 = 93.3194
ROUND 2046 A#45 and B#40 = 212.12
ROUND 2047 A#46 and B#40 = 185.384
ROUND 2048 A#47 and B#40 = 286.822
ROUND 2049 A#48 and B#40 = 213.79
ROUND 2050 A#49 and B#40 = 213.667
ROUND 2051 A#0 and B#41 = 248.692
ROUND 2052 A#1 and B#41 = 218.652
ROUND 2053 A#2 and B#41 = 222.035
ROUND 2054 A#3 and B#41 = 220.896
ROUND 2055 A#4 and B#41 = 217.11
ROUND 2056 A#5 and B#41 = 246.736
ROUND 2057 A#6 and B#41 = 217.554
ROUND 2058 A#7 and B#41 = 26.09
ROUND 2059 A#8 and B#41 = 227.997
ROUND 2060 A#9 and B#41 = 226.722
ROUND 2061 A#10 and B#41 = 246.795
ROUND 2062 A#11 and B#41 = 224.521
ROUND 2063 A#12 and B#41 = 285.579
ROUND 2064 A#13 and B#41 = 227.889
ROUND 2065 A#14 and B#41 = 229.672
ROUND 2066 A#15 and B#41 = 224.473
ROUND 2067 A#16 and B#41 = 280.92
ROUND 2068 A#17 and B#41 = 225.835
ROUND 2069 A#18 and B#41 = 53.9572
ROUND 2070 A#19 and B#41 = 275.289
ROUND 2071 A#20 and B#41 = 247.03
ROUND 2072 A#21 and B#41 = 235.025
ROUND 2073 A#22 and B#41 = 145.172
ROUND 2074 A#23 and B#41 = 227.329
ROUND 2075 A#24 and B#41 = 129.407
ROUND 2076 A#25 and B#41 = 286.329
ROUND 2077 A#26 and B#41 = 182.984
ROUND 2078 A#27 and B#41 = 214.134
ROUND 2079 A#28 and B#41 = 240.997
ROUND 2080 A#29 and B#41 = 233.994
ROUND 2081 A#30 and B#41 = 261.631
ROUND 2082 A#31 and B#41 = 136.615
ROUND 2083 A#32 and B#41 = 230.103
ROUND 2084 A#33 and B#41 = 225.456
ROUND 2085 A#34 and B#41 = 222.159
ROUND 2086 A#35 and B#41 = 228.605
ROUND 2087 A#36 and B#41 = 222.804
ROUND 2088 A#37 and B#41 = 233.371
ROUND 2089 A#38 and B#41 = 59.1072
ROUND 2090 A#39 and B#41 = 194.376
ROUND 2091 A#40 and B#41 = 270.727
ROUND 2092 A#41 and B#41 = 210.11
ROUND 2093 A#42 and B#41 = 223.706
ROUND 2094 A#43 and B#41 = 28.2164
ROUND 2095 A#44 and B#41 = 225.211
ROUND 2096 A#45 and B#41 = 183.2
ROUND 2097 A#46 and B#41 = 49.3773
ROUND 2098 A#47 and B#41 = 228.263
ROUND 2099 A#48 and B#41 = 285.772
ROUND 2100 A#49 and B#41 = 225.611
ROUND 2101 A#0 and B#42 = 247.386
ROUND 2102 A#1 and B#42 = 102.139
ROUND 2103 A#2 and B#42 = 234.523
ROUND 2104 A#3 and B#42 = 232.929
ROUND 2105 A#4 and B#42 = 217.607
ROUND 2106 A#5 and B#42 = 247.109
ROUND 2107 A#6 and B#42 = 179.606
ROUND 2108 A#7 and B#42 = 246.108
ROUND 2109 A#8 and B#42 = 260.881
ROUND 2110 A#9 and B#42 = 226.431
ROUND 2111 A#10 and B#42 = 246.986
ROUND 2112 A#11 and B#42 = 224.484
ROUND 2113 A#12 and B#42 = 28.9976
ROUND 2114 A#13 and B#42 = 218.588
ROUND 2115 A#14 and B#42 = 228.568
ROUND 2116 A#15 and B#42 = 226.619
ROUND 2117 A#16 and B#42 = 258.073
ROUND 2118 A#17 and B#42 = 265.99
ROUND 2119 A#18 and B#42 = 264.344
ROUND 2120 A#19 and B#42 = 237.842
ROUND 2121 A#20 and B#42 = 247.409
ROUND 2122 A#21 and B#42 = 233.968
ROUND 2123 A#22 and B#42 = 171.918
ROUND 2124 A#23 and B#42 = 259.775
ROUND 2125 A#24 and B#42 = 213.11
ROUND 2126 A#25 and B#42 = 222.549
ROUND 2127 A#26 and B#42 = 261.047
ROUND 2128 A#27 and B#42 = 214.378
ROUND 2129 A#28 and B#42 = 236.514
ROUND 2130 A#29 and B#42 = 68.7841
ROUND 2131 A#30 and B#42 = 146.146
ROUND 2132 A#31 and B#42 = 238.985
ROUND 2133 A#32 and B#42 = 215.08
ROUND 2134 A#33 and B#42 = 260.413
ROUND 2135 A#34 and B#42 = 260.465
ROUND 2136 A#35 and B#42 = 145.144
ROUND 2137 A#36 and B#42 = 260.137
ROUND 2138 A#37 and B#42 = 232.346
ROUND 2139 A#38 and B#42 = 73.393
ROUND 2140 A#39 and B#42 = 254.995
ROUND 2141 A#40 and B#42 = 206.626
ROUND 2142 A#41 and B#42 = 221.269
ROUND 2143 A#42 and B#42 = 233.857
ROUND 2144 A#43 and B#42 = 221.066
ROUND 2145 A#44 and B#42 = 238.802
ROUND 2146 A#45 and B#42 = 262.23
ROUND 2147 A#46 and B#42 = 258.956
ROUND 2148 A#47 and B#42 = 147.262
ROUND 2149 A#48 and B#42 = 215.862
ROUND 2150 A#49 and B#42 = 260.48
ROUND 2151 A#0 and B#43 = 247.991
ROUND 2152 A#1 and B#43 = 259.391
ROUND 2153 A#2 and B#43 = 235.588
ROUND 2154 A#3 and B#43 = 234.748
ROUND 2155 A#4 and B#43 = 216.188
ROUND 2156 A#5 and B#43 = 244.927
ROUND 2157 A#6 and B#43 = 176.164
ROUND 2158 A#7 and B#43 = 244.047
ROUND 2159 A#8 and B#43 = 261.532
ROUND 2160 A#9 and B#43 = 226.308
ROUND 2161 A#10 and B#43 = 245.028
ROUND 2162 A#11 and B#43 = 225.197
ROUND 2163 A#12 and B#43 = 28.9502
ROUND 2164 A#13 and B#43 = 217.582
ROUND 2165 A#14 and B#43 = 225.655
ROUND 2166 A#15 and B#43 = 225.238
ROUND 2167 A#16 and B#43 = 282.964
ROUND 2168 A#17 and B#43 = 266.177
ROUND 2169 A#18 and B#43 = 265.179
ROUND 2170 A#19 and B#43 = 237.842
ROUND 2171 A#20 and B#43 = 245.636
ROUND 2172 A#21 and B#43 = 232.35
ROUND 2173 A#22 and B#43 = 260.399
ROUND 2174 A#23 and B#43 = 226.454
ROUND 2175 A#24 and B#43 = 228.557
ROUND 2176 A#25 and B#43 = 219.112
ROUND 2177 A#26 and B#43 = 260.837
ROUND 2178 A#27 and B#43 = 212.273
ROUND 2179 A#28 and B#43 = 240.23
ROUND 2180 A#29 and B#43 = 66.4394
ROUND 2181 A#30 and B#43 = 265.551
ROUND 2182 A#31 and B#43 = 241.476
ROUND 2183 A#32 and B#43 = 212.99
ROUND 2184 A#33 and B#43 = 260.217
ROUND 2185 A#34 and B#43 = 260.155
ROUND 2186 A#35 and B#43 = 143.242
ROUND 2187 A#36 and B#43 = 259.933
ROUND 2188 A#37 and B#43 = 236.629
ROUND 2189 A#38 and B#43 = 62.5788
ROUND 2190 A#39 and B#43 = 144.117
ROUND 2191 A#40 and B#43 = 274.105
ROUND 2192 A#41 and B#43 = 225.942
ROUND 2193 A#42 and B#43 = 225.276
ROUND 2194 A#43 and B#43 = 225.754
ROUND 2195 A#44 and B#43 = 239.541
ROUND 2196 A#45 and B#43 = 262.126
ROUND 2197 A#46 and B#43 = 258.978
ROUND 2198 A#47 and B#43 = 145.429
ROUND 2199 A#48 and B#43 = 287.634
ROUND 2200 A#49 and B#43 = 260.397
ROUND 2201 A#0 and B#44 = 23.4169
ROUND 2202 A#1 and B#44 = 264.107
ROUND 2203 A#2 and B#44 = 230.956
ROUND 2204 A#3 and B#44 = 230.084
ROUND 2205 A#4 and B#44 = 223.356
ROUND 2206 A#5 and B#44 = 29.8015
ROUND 2207 A#6 and B#44 = 230.442
ROUND 2208 A#7 and B#44 = 27.9862
ROUND 2209 A#8 and B#44 = 250.226
ROUND 2210 A#9 and B#44 = 108.396
ROUND 2211 A#10 and B#44 = 16.8961
ROUND 2212 A#11 and B#44 = 221.016
ROUND 2213 A#12 and B#44 = 250.824
ROUND 2214 A#13 and B#44 = 206.741
ROUND 2215 A#14 and B#44 = 239.839
ROUND 2216 A#15 and B#44 = 18.5483
ROUND 2217 A#16 and B#44 = 292.586
ROUND 2218 A#17 and B#44 = 223.236
ROUND 2219 A#18 and B#44 = 250.272
ROUND 2220 A#19 and B#44 = 231.586
ROUND 2221 A#20 and B#44 = 16.9303
ROUND 2222 A#21 and B#44 = 216.032
ROUND 2223 A#22 and B#44 = 228.029
ROUND 2224 A#23 and B#44 = 203.271
ROUND 2225 A#24 and B#44 = 221.638
ROUND 2226 A#25 and B#44 = 227.802
ROUND 2227 A#26 and B#44 = 29.8929
ROUND 2228 A#27 and B#44 = 199.488
ROUND 2229 A#28 and B#44 = 220.897
ROUND 2230 A#29 and B#44 = 195.894
ROUND 2231 A#30 and B#44 = 237.452
ROUND 2232 A#31 and B#44 = 246.15
ROUND 2233 A#32 and B#44 = 207.574
ROUND 2234 A#33 and B#44 = 233.67
ROUND 2235 A#34 and B#44 = 233.47
ROUND 2236 A#35 and B#44 = 231.567
ROUND 2237 A#36 and B#44 = 259.08
ROUND 2238 A#37 and B#44 = 245.811
ROUND 2239 A#38 and B#44 = 254.265
ROUND 2240 A#39 and B#44 = 52.0143
ROUND 2241 A#40 and B#44 = 223.599
ROUND 2242 A#41 and B#44 = 236.502
ROUND 2243 A#42 and B#44 = 214.406
ROUND 2244 A#43 and B#44 = 27.2863
ROUND 2245 A#44 and B#44 = 252.525
ROUND 2246 A#45 and B#44 = 30.0066
ROUND 2247 A#46 and B#44 = 21.1401
ROUND 2248 A#47 and B#44 = 231.471
ROUND 2249 A#48 and B#44 = 253.664
ROUND 2250 A#49 and B#44 = 204.816
ROUND 2251 A#0 and B#45 = 49.8516
ROUND 2252 A#1 and B#45 = 262.599
ROUND 2253 A#2 and B#45 = 226.264
ROUND 2254 A#3 and B#45 = 226.686
ROUND 2255 A#4 and B#45 = 37.8461
ROUND 2256 A#5 and B#45 = 30.0518
ROUND 2257 A#6 and B#45 = 229.018
ROUND 2258 A#7 and B#45 = 290.442
ROUND 2259 A#8 and B#45 = 112.25
ROUND 2260 A#9 and B#45 = 34.7619
ROUND 2261 A#10 and B#45 = 192.492
ROUND 2262 A#11 and B#45 = 219.035
ROUND 2263 A#12 and B#45 = 237.412
ROUND 2264 A#13 and B#45 = -1.807e-316
ROUND 2265 A#14 and B#45 = 269.625
ROUND 2266 A#15 and B#45 = 273.441
ROUND 2267 A#16 and B#45 = 139.577
ROUND 2268 A#17 and B#45 = 272.878
ROUND 2269 A#18 and B#45 = 249.901
ROUND 2270 A#19 and B#45 = 232.628
ROUND 2271 A#20 and B#45 = 199.493
ROUND 2272 A#21 and B#45 = 93.3243
ROUND 2273 A#22 and B#45 = 24.831
ROUND 2274 A#23 and B#45 = 29.2928
ROUND 2275 A#24 and B#45 = 219.978
ROUND 2276 A#25 and B#45 = 271.134
ROUND 2277 A#26 and B#45 = 218.484
ROUND 2278 A#27 and B#45 = 272.454
ROUND 2279 A#28 and B#45 = 40.6301
ROUND 2280 A#29 and B#45 = 194.84
ROUND 2281 A#30 and B#45 = 237.372
ROUND 2282 A#31 and B#45 = 226.543
ROUND 2283 A#32 and B#45 = 28.0221
ROUND 2284 A#33 and B#45 = 256.93
ROUND 2285 A#34 and B#45 = 257.529
ROUND 2286 A#35 and B#45 = 200.738
ROUND 2287 A#36 and B#45 = 258.105
ROUND 2288 A#37 and B#45 = 261.238
ROUND 2289 A#38 and B#45 = 276.056
ROUND 2290 A#39 and B#45 = 226.501
ROUND 2291 A#40 and B#45 = 221.789
ROUND 2292 A#41 and B#45 = 267.495
ROUND 2293 A#42 and B#45 = 208.844
ROUND 2294 A#43 and B#45 = 268.422
ROUND 2295 A#44 and B#45 = 237.466
ROUND 2296 A#45 and B#45 = 264.082
ROUND 2297 A#46 and B#45 = 257.531
ROUND 2298 A#47 and B#45 = 229
ROUND 2299 A#48 and B#45 = 267.189
ROUND 2300 A#49 and B#45 = 252.755
ROUND 2301 A#0 and B#46 = 42.3482
ROUND 2302 A#1 and B#46 = 234.086
ROUND 2303 A#2 and B#46 = 196.832
ROUND 2304 A#3 and B#46 = 196.216
ROUND 2305 A#4 and B#46 = 184.878
ROUND 2306 A#5 and B#46 = 97.651
ROUND 2307 A#6 and B#46 = 28.0973
ROUND 2308 A#7 and B#46 = 96.9014
ROUND 2309 A#8 and B#46 = 213.322
ROUND 2310 A#9 and B#46 = 28.8706
ROUND 2311 A#10 and B#46 = 29.7397
ROUND 2312 A#11 and B#46 = 243.308
ROUND 2313 A#12 and B#46 = 210.199
ROUND 2314 A#13 and B#46 = 208.972
ROUND 2315 A#14 and B#46 = 225.939
ROUND 2316 A#15 and B#46 = 139.684
ROUND 2317 A#16 and B#46 = 218.476
ROUND 2318 A#17 and B#46 = 139.608
ROUND 2319 A#18 and B#46 = 191.937
ROUND 2320 A#19 and B#46 = 235.915
ROUND 2321 A#20 and B#46 = 97.6858
ROUND 2322 A#21 and B#46 = 231.444
ROUND 2323 A#22 and B#46 = 27.685
ROUND 2324 A#23 and B#46 = 219.443
ROUND 2325 A#24 and B#46 = 243.414
ROUND 2326 A#25 and B#46 = 92.6167
ROUND 2327 A#26 and B#46 = 29.8074
ROUND 2328 A#27 and B#46 = 210.59
ROUND 2329 A#28 and B#46 = 47.0711
ROUND 2330 A#29 and B#46 = 27.9346
ROUND 2331 A#30 and B#46 = 203.006
ROUND 2332 A#31 and B#46 = 28.3398
ROUND 2333 A#32 and B#46 = 216.666
ROUND 2334 A#33 and B#46 = 220.1
ROUND 2335 A#34 and B#46 = 205.651
ROUND 2336 A#35 and B#46 = 24.4441
ROUND 2337 A#36 and B#46 = 220.088
ROUND 2338 A#37 and B#46 = 90.7867
ROUND 2339 A#38 and B#46 = 34.5861
ROUND 2340 A#39 and B#46 = 218.226
ROUND 2341 A#40 and B#46 = 236.089
ROUND 2342 A#41 and B#46 = 28.9724
ROUND 2343 A#42 and B#46 = 218.147
ROUND 2344 A#43 and B#46 = 220.224
ROUND 2345 A#44 and B#46 = 149.028
ROUND 2346 A#45 and B#46 = 193.484
ROUND 2347 A#46 and B#46 = 220.4
ROUND 2348 A#47 and B#46 = 28.4133
ROUND 2349 A#48 and B#46 = 214.363
ROUND 2350 A#49 and B#46 = 218.953
ROUND 2351 A#0 and B#47 = 56.754
ROUND 2352 A#1 and B#47 = 179.485
ROUND 2353 A#2 and B#47 = 233.376
ROUND 2354 A#3 and B#47 = 232.58
ROUND 2355 A#4 and B#47 = 225.556
ROUND 2356 A#5 and B#47 = 29.742
ROUND 2357 A#6 and B#47 = 214.583
ROUND 2358 A#7 and B#47 = 27.8453
ROUND 2359 A#8 and B#47 = 148.437
ROUND 2360 A#9 and B#47 = 203.55
ROUND 2361 A#10 and B#47 = 29.6502
ROUND 2362 A#11 and B#47 = 20.6141
ROUND 2363 A#12 and B#47 = 251.85
ROUND 2364 A#13 and B#47 = 203.987
ROUND 2365 A#14 and B#47 = 240.952
ROUND 2366 A#15 and B#47 = 249.342
ROUND 2367 A#16 and B#47 = 208.925
ROUND 2368 A#17 and B#47 = 198.041
ROUND 2369 A#18 and B#47 = 26.6219
ROUND 2370 A#19 and B#47 = 230.668
ROUND 2371 A#20 and B#47 = 92.0319
ROUND 2372 A#21 and B#47 = 224.821
ROUND 2373 A#22 and B#47 = 24.5909
ROUND 2374 A#23 and B#47 = 25.4487
ROUND 2375 A#24 and B#47 = 224.224
ROUND 2376 A#25 and B#47 = 215.539
ROUND 2377 A#26 and B#47 = 29.5021
ROUND 2378 A#27 and B#47 = 207.425
ROUND 2379 A#28 and B#47 = 176.129
ROUND 2380 A#29 and B#47 = 200.183
ROUND 2381 A#30 and B#47 = 225.334
ROUND 2382 A#31 and B#47 = 56.254
ROUND 2383 A#32 and B#47 = 205.851
ROUND 2384 A#33 and B#47 = 30.1457
ROUND 2385 A#34 and B#47 = 30.1616
ROUND 2386 A#35 and B#47 = 42.3272
ROUND 2387 A#36 and B#47 = 29.906
ROUND 2388 A#37 and B#47 = 27.2037
ROUND 2389 A#38 and B#47 = 33.3499
ROUND 2390 A#39 and B#47 = 195.86
ROUND 2391 A#40 and B#47 = 232.771
ROUND 2392 A#41 and B#47 = 27.2003
ROUND 2393 A#42 and B#47 = 211.95
ROUND 2394 A#43 and B#47 = 27.1754
ROUND 2395 A#44 and B#47 = 254.815
ROUND 2396 A#45 and B#47 = 29.8409
ROUND 2397 A#46 and B#47 = 27.1968
ROUND 2398 A#47 and B#47 = 40.384
ROUND 2399 A#48 and B#47 = 269.082
ROUND 2400 A#49 and B#47 = 206.193
ROUND 2401 A#0 and B#48 = 64.0429
ROUND 2402 A#1 and B#48 = 263.332
ROUND 2403 A#2 and B#48 = 231.994
ROUND 2404 A#3 and B#48 = 231.19
ROUND 2405 A#4 and B#48 = 223.907
ROUND 2406 A#5 and B#48 = 29.7545
ROUND 2407 A#6 and B#48 = 229.387
ROUND 2408 A#7 and B#48 = 27.8346
ROUND 2409 A#8 and B#48 = 249.429
ROUND 2410 A#9 and B#48 = 109.176
ROUND 2411 A#10 and B#48 = 16.8925
ROUND 2412 A#11 and B#48 = 221.675
ROUND 2413 A#12 and B#48 = 251.671
ROUND 2414 A#13 and B#48 = 207.787
ROUND 2415 A#14 and B#48 = 240.821
ROUND 2416 A#15 and B#48 = 247.128
ROUND 2417 A#16 and B#48 = 292.137
ROUND 2418 A#17 and B#48 = 222.866
ROUND 2419 A#18 and B#48 = 223.881
ROUND 2420 A#19 and B#48 = 231.252
ROUND 2421 A#20 and B#48 = 16.9578
ROUND 2422 A#21 and B#48 = 225.164
ROUND 2423 A#22 and B#48 = 227.938
ROUND 2424 A#23 and B#48 = 203.962
ROUND 2425 A#24 and B#48 = 222.508
ROUND 2426 A#25 and B#48 = 298.783
ROUND 2427 A#26 and B#48 = 30.0983
ROUND 2428 A#27 and B#48 = 200.462
ROUND 2429 A#28 and B#48 = 217.311
ROUND 2430 A#29 and B#48 = 195.897
ROUND 2431 A#30 and B#48 = 237.368
ROUND 2432 A#31 and B#48 = 246.452
ROUND 2433 A#32 and B#48 = 207.596
ROUND 2434 A#33 and B#48 = 233.572
ROUND 2435 A#34 and B#48 = 233.324
ROUND 2436 A#35 and B#48 = 230.713
ROUND 2437 A#36 and B#48 = 258.202
ROUND 2438 A#37 and B#48 = 246.036
ROUND 2439 A#38 and B#48 = 18.6224
ROUND 2440 A#39 and B#48 = 247.01
ROUND 2441 A#40 and B#48 = 223.796
ROUND 2442 A#41 and B#48 = 27.2404
ROUND 2443 A#42 and B#48 = 222.198
ROUND 2444 A#43 and B#48 = 27.2181
ROUND 2445 A#44 and B#48 = 253.326
ROUND 2446 A#45 and B#48 = 183.102
ROUND 2447 A#46 and B#48 = 199.169
ROUND 2448 A#47 and B#48 = 231.803
ROUND 2449 A#48 and B#48 = 253.695
ROUND 2450 A#49 and B#48 = 203.003
ROUND 2451 A#0 and B#49 = 209.348
ROUND 2452 A#1 and B#49 = 214.881
ROUND 2453 A#2 and B#49 = 138.103
ROUND 2454 A#3 and B#49 = 139.161
ROUND 2455 A#4 and B#49 = 223.693
ROUND 2456 A#5 and B#49 = 164.4
ROUND 2457 A#6 and B#49 = 127.736
ROUND 2458 A#7 and B#49 = 237.924
ROUND 2459 A#8 and B#49 = 214.739
ROUND 2460 A#9 and B#49 = 207.462
ROUND 2461 A#10 and B#49 = 165.32
ROUND 2462 A#11 and B#49 = 232.849
ROUND 2463 A#12 and B#49 = 109.788
ROUND 2464 A#13 and B#49 = 214.532
ROUND 2465 A#14 and B#49 = 220.834
ROUND 2466 A#15 and B#49 = 225.731
ROUND 2467 A#16 and B#49 = 163.679
ROUND 2468 A#17 and B#49 = 147.95
ROUND 2469 A#18 and B#49 = 32.536
ROUND 2470 A#19 and B#49 = 42.7575
ROUND 2471 A#20 and B#49 = 238.438
ROUND 2472 A#21 and B#49 = 100.436
ROUND 2473 A#22 and B#49 = 207.359
ROUND 2474 A#23 and B#49 = 221.454
ROUND 2475 A#24 and B#49 = 230.674
ROUND 2476 A#25 and B#49 = 104.425
ROUND 2477 A#26 and B#49 = 220.442
ROUND 2478 A#27 and B#49 = 121.091
ROUND 2479 A#28 and B#49 = 175.747
ROUND 2480 A#29 and B#49 = 265.576
ROUND 2481 A#30 and B#49 = 272.729
ROUND 2482 A#31 and B#49 = 258.712
ROUND 2483 A#32 and B#49 = 125.125
ROUND 2484 A#33 and B#49 = 201.121
ROUND 2485 A#34 and B#49 = 216.816
ROUND 2486 A#35 and B#49 = 265.242
ROUND 2487 A#36 and B#49 = 216.579
ROUND 2488 A#37 and B#49 = 274.642
ROUND 2489 A#38 and B#49 = 242.975
ROUND 2490 A#39 and B#49 = 208.917
ROUND 2491 A#40 and B#49 = 228.441
ROUND 2492 A#41 and B#49 = 220.761
ROUND 2493 A#42 and B#49 = 106.641
ROUND 2494 A#43 and B#49 = 220.978
ROUND 2495 A#44 and B#49 = 233.943
ROUND 2496 A#45 and B#49 = 207.837
ROUND 2497 A#46 and B#49 = 217.481
ROUND 2498 A#47 and B#49 = 196.454
ROUND 2499 A#48 and B#49 = 110.913
ROUND 2500 A#49 and B#49 = 208.427

The best overlap is between conformer A#14 and B#31, which, after PCA followed by Steepest Descent, produces a volume overlap of 308.631
Tanimoto (Hodgkin) similarity index: 0.34381

Saving those best conformers to file...
WRITING MOLECULE TO FILE '../ALL_PAIRS_BQ123_AS_REFERENCE/ROKS3/BQ123-PD156707.mol2' (WILL OVERWRITE EXISTING FILE IF ANY)...
WRITING MOLECULE TO FILE '../ALL_PAIRS_BQ123_AS_REFERENCE/ROKS3/BQ123-PD156707.mol2'...
