Finished importing molecules
WARNING: LAPACK DSYEV() RETURNED NON-ZERO ERROR CODE 2
WARNING: LAPACK DSYEV() RETURNED NON-ZERO ERROR CODE 3
WARNING: LAPACK DSYEV() RETURNED NON-ZERO ERROR CODE 2
WARNING: LAPACK DSYEV() RETURNED NON-ZERO ERROR CODE 2
WARNING: LAPACK DSYEV() RETURNED NON-ZERO ERROR CODE 3
WARNING: LAPACK DSYEV() RETURNED NON-ZERO ERROR CODE 2
WARNING: LAPACK DSYEV() RETURNED NON-ZERO ERROR CODE 2
WARNING: LAPACK DSYEV() RETURNED NON-ZERO ERROR CODE 2
WARNING: LAPACK DSYEV() RETURNED NON-ZERO ERROR CODE 2
WARNING: LAPACK DSYEV() RETURNED NON-ZERO ERROR CODE 2
WARNING: LAPACK DSYEV() RETURNED NON-ZERO ERROR CODE 2
WARNING: LAPACK DSYEV() RETURNED NON-ZERO ERROR CODE 3
WARNING: LAPACK DSYEV() RETURNED NON-ZERO ERROR CODE 2
WARNING: LAPACK DSYEV() RETURNED NON-ZERO ERROR CODE 2
WARNING: LAPACK DSYEV() RETURNED NON-ZERO ERROR CODE 2
WARNING: LAPACK DSYEV() RETURNED NON-ZERO ERROR CODE 3
WARNING: LAPACK DSYEV() RETURNED NON-ZERO ERROR CODE 2
WARNING: LAPACK DSYEV() RETURNED NON-ZERO ERROR CODE 2
WARNING: LAPACK DSYEV() RETURNED NON-ZERO ERROR CODE 2
WARNING: LAPACK DSYEV() RETURNED NON-ZERO ERROR CODE 2
WARNING: LAPACK DSYEV() RETURNED NON-ZERO ERROR CODE 2
WARNING: LAPACK DSYEV() RETURNED NON-ZERO ERROR CODE 2
WARNING: LAPACK DSYEV() RETURNED NON-ZERO ERROR CODE 2
WARNING: LAPACK DSYEV() RETURNED NON-ZERO ERROR CODE 2
WARNING: LAPACK DSYEV() RETURNED NON-ZERO ERROR CODE 3
WARNING: LAPACK DSYEV() RETURNED NON-ZERO ERROR CODE 2
WARNING: LAPACK DSYEV() RETURNED NON-ZERO ERROR CODE 2
WARNING: LAPACK DSYEV() RETURNED NON-ZERO ERROR CODE 2
WARNING: LAPACK DSYEV() RETURNED NON-ZERO ERROR CODE 2
WARNING: LAPACK DSYEV() RETURNED NON-ZERO ERROR CODE 2
WARNING: LAPACK DSYEV() RETURNED NON-ZERO ERROR CODE 2
WARNING: LAPACK DSYEV() RETURNED NON-ZERO ERROR CODE 2
WARNING: LAPACK DSYEV() RETURNED NON-ZERO ERROR CODE 3
WARNING: LAPACK DSYEV() RETURNED NON-ZERO ERROR CODE 2
WARNING: LAPACK DSYEV() RETURNED NON-ZERO ERROR CODE 2
WARNING: LAPACK DSYEV() RETURNED NON-ZERO ERROR CODE 2
WARNING: LAPACK DSYEV() RETURNED NON-ZERO ERROR CODE 2
WARNING: LAPACK DSYEV() RETURNED NON-ZERO ERROR CODE 2
WARNING: LAPACK DSYEV() RETURNED NON-ZERO ERROR CODE 2
WARNING: LAPACK DSYEV() RETURNED NON-ZERO ERROR CODE 2
WARNING: LAPACK DSYEV() RETURNED NON-ZERO ERROR CODE 3
WARNING: LAPACK DSYEV() RETURNED NON-ZERO ERROR CODE 2
WARNING: LAPACK DSYEV() RETURNED NON-ZERO ERROR CODE 3
WARNING: LAPACK DSYEV() RETURNED NON-ZERO ERROR CODE 2
WARNING: LAPACK DSYEV() RETURNED NON-ZERO ERROR CODE 2
WARNING: LAPACK DSYEV() RETURNED NON-ZERO ERROR CODE 3
WARNING: LAPACK DSYEV() RETURNED NON-ZERO ERROR CODE 2
WARNING: LAPACK DSYEV() RETURNED NON-ZERO ERROR CODE 2
WARNING: LAPACK DSYEV() RETURNED NON-ZERO ERROR CODE 2
WARNING: LAPACK DSYEV() RETURNED NON-ZERO ERROR CODE 2
WARNING: LAPACK DSYEV() RETURNED NON-ZERO ERROR CODE 2
WARNING: LAPACK DSYEV() RETURNED NON-ZERO ERROR CODE 3
WARNING: LAPACK DSYEV() RETURNED NON-ZERO ERROR CODE 3
WARNING: LAPACK DSYEV() RETURNED NON-ZERO ERROR CODE 2
WARNING: LAPACK DSYEV() RETURNED NON-ZERO ERROR CODE 3
WARNING: LAPACK DSYEV() RETURNED NON-ZERO ERROR CODE 2
WARNING: LAPACK DSYEV() RETURNED NON-ZERO ERROR CODE 2
WARNING: LAPACK DSYEV() RETURNED NON-ZERO ERROR CODE 3
WARNING: LAPACK DSYEV() RETURNED NON-ZERO ERROR CODE 3
WARNING: LAPACK DSYEV() RETURNED NON-ZERO ERROR CODE 3
WARNING: LAPACK DSYEV() RETURNED NON-ZERO ERROR CODE 2
WARNING: LAPACK DSYEV() RETURNED NON-ZERO ERROR CODE 3
WARNING: LAPACK DSYEV() RETURNED NON-ZERO ERROR CODE 2
WARNING: LAPACK DSYEV() RETURNED NON-ZERO ERROR CODE 3
WARNING: LAPACK DSYEV() RETURNED NON-ZERO ERROR CODE 2
WARNING: LAPACK DSYEV() RETURNED NON-ZERO ERROR CODE 2
WARNING: LAPACK DSYEV() RETURNED NON-ZERO ERROR CODE 3
WARNING: LAPACK DSYEV() RETURNED NON-ZERO ERROR CODE 2
WARNING: LAPACK DSYEV() RETURNED NON-ZERO ERROR CODE 2
WARNING: LAPACK DSYEV() RETURNED NON-ZERO ERROR CODE 3
WARNING: LAPACK DSYEV() RETURNED NON-ZERO ERROR CODE 2
WARNING: LAPACK DSYEV() RETURNED NON-ZERO ERROR CODE 3
WARNING: LAPACK DSYEV() RETURNED NON-ZERO ERROR CODE 3
WARNING: LAPACK DSYEV() RETURNED NON-ZERO ERROR CODE 3
WARNING: LAPACK DSYEV() RETURNED NON-ZERO ERROR CODE 3
WARNING: LAPACK DSYEV() RETURNED NON-ZERO ERROR CODE 3
WARNING: LAPACK DSYEV() RETURNED NON-ZERO ERROR CODE 2
WARNING: LAPACK DSYEV() RETURNED NON-ZERO ERROR CODE 3
WARNING: LAPACK DSYEV() RETURNED NON-ZERO ERROR CODE 3
WARNING: LAPACK DSYEV() RETURNED NON-ZERO ERROR CODE 3
WARNING: LAPACK DSYEV() RETURNED NON-ZERO ERROR CODE 2
WARNING: LAPACK DSYEV() RETURNED NON-ZERO ERROR CODE 3
WARNING: LAPACK DSYEV() RETURNED NON-ZERO ERROR CODE 2
WARNING: LAPACK DSYEV() RETURNED NON-ZERO ERROR CODE 3
WARNING: LAPACK DSYEV() RETURNED NON-ZERO ERROR CODE 2
WARNING: LAPACK DSYEV() RETURNED NON-ZERO ERROR CODE 3
WARNING: LAPACK DSYEV() RETURNED NON-ZERO ERROR CODE 3
WARNING: LAPACK DSYEV() RETURNED NON-ZERO ERROR CODE 2
WARNING: LAPACK DSYEV() RETURNED NON-ZERO ERROR CODE 2
WARNING: LAPACK DSYEV() RETURNED NON-ZERO ERROR CODE 3
WARNING: LAPACK DSYEV() RETURNED NON-ZERO ERROR CODE 3
WARNING: LAPACK DSYEV() RETURNED NON-ZERO ERROR CODE 3
WARNING: LAPACK DSYEV() RETURNED NON-ZERO ERROR CODE 3
WARNING: LAPACK DSYEV() RETURNED NON-ZERO ERROR CODE 3
WARNING: LAPACK DSYEV() RETURNED NON-ZERO ERROR CODE 2
WARNING: LAPACK DSYEV() RETURNED NON-ZERO ERROR CODE 2
WARNING: LAPACK DSYEV() RETURNED NON-ZERO ERROR CODE 2
WARNING: LAPACK DSYEV() RETURNED NON-ZERO ERROR CODE 2
WARNING: LAPACK DSYEV() RETURNED NON-ZERO ERROR CODE 2
WARNING: LAPACK DSYEV() RETURNED NON-ZERO ERROR CODE 3
Finished setting up data; running search...
ROUND 1 A#0 and B#0 = 380.854
ROUND 2 A#1 and B#0 = 330.68
ROUND 3 A#2 and B#0 = 380.378
ROUND 4 A#3 and B#0 = 335.856
ROUND 5 A#4 and B#0 = 367.023
ROUND 6 A#5 and B#0 = 423.32
ROUND 7 A#6 and B#0 = 333.097
ROUND 8 A#7 and B#0 = 381.08
ROUND 9 A#8 and B#0 = 360.091
ROUND 10 A#9 and B#0 = 356.618
ROUND 11 A#10 and B#0 = 436.244
ROUND 12 A#11 and B#0 = 337.158
ROUND 13 A#12 and B#0 = 376.232
ROUND 14 A#13 and B#0 = 345.587
ROUND 15 A#14 and B#0 = 429.045
ROUND 16 A#15 and B#0 = 184.223
ROUND 17 A#16 and B#0 = 354.211
ROUND 18 A#17 and B#0 = 347.235
ROUND 19 A#18 and B#0 = 335.719
ROUND 20 A#19 and B#0 = 348.023
ROUND 21 A#20 and B#0 = 425.985
ROUND 22 A#21 and B#0 = 353.243
ROUND 23 A#22 and B#0 = 379.853
ROUND 24 A#23 and B#0 = 343.573
ROUND 25 A#24 and B#0 = 399.946
ROUND 26 A#25 and B#0 = 101.071
ROUND 27 A#26 and B#0 = 380.589
ROUND 28 A#27 and B#0 = 309.017
ROUND 29 A#28 and B#0 = 398.12
ROUND 30 A#29 and B#0 = 348.988
ROUND 31 A#30 and B#0 = 159.38
ROUND 32 A#31 and B#0 = 144.245
ROUND 33 A#32 and B#0 = 421.327
ROUND 34 A#33 and B#0 = 377.369
ROUND 35 A#34 and B#0 = 388.105
ROUND 36 A#35 and B#0 = 307.157
ROUND 37 A#36 and B#0 = 304.959
ROUND 38 A#37 and B#0 = 378.215
ROUND 39 A#38 and B#0 = 323.484
ROUND 40 A#39 and B#0 = 409.777
ROUND 41 A#40 and B#0 = 289.212
ROUND 42 A#41 and B#0 = 450.978
ROUND 43 A#42 and B#0 = 339.948
ROUND 44 A#43 and B#0 = 379.279
ROUND 45 A#44 and B#0 = 379.634
ROUND 46 A#45 and B#0 = 342.578
ROUND 47 A#46 and B#0 = 292.049
ROUND 48 A#47 and B#0 = 320.688
ROUND 49 A#48 and B#0 = 261.465
ROUND 50 A#49 and B#0 = 267.621
ROUND 51 A#0 and B#1 = 203.134
ROUND 52 A#1 and B#1 = 346.127
ROUND 53 A#2 and B#1 = 206.515
ROUND 54 A#3 and B#1 = 355.802
ROUND 55 A#4 and B#1 = 277.689
ROUND 56 A#5 and B#1 = 319.753
ROUND 57 A#6 and B#1 = 252.732
ROUND 58 A#7 and B#1 = 204.673
ROUND 59 A#8 and B#1 = 347.264
ROUND 60 A#9 and B#1 = 334.535
ROUND 61 A#10 and B#1 = 328.875
ROUND 62 A#11 and B#1 = 346.15
ROUND 63 A#12 and B#1 = 204.639
ROUND 64 A#13 and B#1 = 335.618
ROUND 65 A#14 and B#1 = 291.713
ROUND 66 A#15 and B#1 = 183.381
ROUND 67 A#16 and B#1 = 336.283
ROUND 68 A#17 and B#1 = 263.225
ROUND 69 A#18 and B#1 = 156.574
ROUND 70 A#19 and B#1 = 325.529
ROUND 71 A#20 and B#1 = 330.85
ROUND 72 A#21 and B#1 = 335.97
ROUND 73 A#22 and B#1 = 205.666
ROUND 74 A#23 and B#1 = 153.409
ROUND 75 A#24 and B#1 = 332.168
ROUND 76 A#25 and B#1 = 299.376
ROUND 77 A#26 and B#1 = 203.753
ROUND 78 A#27 and B#1 = 342.097
ROUND 79 A#28 and B#1 = 356.649
ROUND 80 A#29 and B#1 = 328.266
ROUND 81 A#30 and B#1 = 196.103
ROUND 82 A#31 and B#1 = 146.8
ROUND 83 A#32 and B#1 = 343.554
ROUND 84 A#33 and B#1 = 270.866
ROUND 85 A#34 and B#1 = 336.149
ROUND 86 A#35 and B#1 = 341.196
ROUND 87 A#36 and B#1 = 205.4
ROUND 88 A#37 and B#1 = 155.276
ROUND 89 A#38 and B#1 = 351.424
ROUND 90 A#39 and B#1 = 341.254
ROUND 91 A#40 and B#1 = 347.293
ROUND 92 A#41 and B#1 = 348.075
ROUND 93 A#42 and B#1 = 348.701
ROUND 94 A#43 and B#1 = 156.972
ROUND 95 A#44 and B#1 = 157.005
ROUND 96 A#45 and B#1 = 349.1
ROUND 97 A#46 and B#1 = 347.035
ROUND 98 A#47 and B#1 = 446.271
ROUND 99 A#48 and B#1 = 188.895
ROUND 100 A#49 and B#1 = 341.35
ROUND 101 A#0 and B#2 = 159.954
ROUND 102 A#1 and B#2 = 334.901
ROUND 103 A#2 and B#2 = 196.63
ROUND 104 A#3 and B#2 = 329.511
ROUND 105 A#4 and B#2 = 165.965
ROUND 106 A#5 and B#2 = 320.815
ROUND 107 A#6 and B#2 = 336.061
ROUND 108 A#7 and B#2 = 362.598
ROUND 109 A#8 and B#2 = 340.511
ROUND 110 A#9 and B#2 = 344.717
ROUND 111 A#10 and B#2 = 336.383
ROUND 112 A#11 and B#2 = 335.037
ROUND 113 A#12 and B#2 = 292.482
ROUND 114 A#13 and B#2 = 338.64
ROUND 115 A#14 and B#2 = 305.365
ROUND 116 A#15 and B#2 = 101.292
ROUND 117 A#16 and B#2 = 337.969
ROUND 118 A#17 and B#2 = 341.914
ROUND 119 A#18 and B#2 = 160.812
ROUND 120 A#19 and B#2 = 333.691
ROUND 121 A#20 and B#2 = 294.244
ROUND 122 A#21 and B#2 = 337.685
ROUND 123 A#22 and B#2 = 193.788
ROUND 124 A#23 and B#2 = 157.627
ROUND 125 A#24 and B#2 = 357.28
ROUND 126 A#25 and B#2 = 295.451
ROUND 127 A#26 and B#2 = 162.318
ROUND 128 A#27 and B#2 = 337.374
ROUND 129 A#28 and B#2 = 357.853
ROUND 130 A#29 and B#2 = 279.421
ROUND 131 A#30 and B#2 = 157.924
ROUND 132 A#31 and B#2 = 173.594
ROUND 133 A#32 and B#2 = 328.891
ROUND 134 A#33 and B#2 = 261.85
ROUND 135 A#34 and B#2 = 334.964
ROUND 136 A#35 and B#2 = 334.335
ROUND 137 A#36 and B#2 = 197.76
ROUND 138 A#37 and B#2 = 264.949
ROUND 139 A#38 and B#2 = 321.477
ROUND 140 A#39 and B#2 = 339.837
ROUND 141 A#40 and B#2 = 336.148
ROUND 142 A#41 and B#2 = 348.907
ROUND 143 A#42 and B#2 = 335.544
ROUND 144 A#43 and B#2 = 192.908
ROUND 145 A#44 and B#2 = 194.095
ROUND 146 A#45 and B#2 = 333.677
ROUND 147 A#46 and B#2 = 342.62
ROUND 148 A#47 and B#2 = 433.377
ROUND 149 A#48 and B#2 = 156.788
ROUND 150 A#49 and B#2 = 332.113
ROUND 151 A#0 and B#3 = 311.904
ROUND 152 A#1 and B#3 = 349.004
ROUND 153 A#2 and B#3 = 381.702
ROUND 154 A#3 and B#3 = 349.915
ROUND 155 A#4 and B#3 = 290.098
ROUND 156 A#5 and B#3 = 337.681
ROUND 157 A#6 and B#3 = 328.338
ROUND 158 A#7 and B#3 = 373.077
ROUND 159 A#8 and B#3 = 303.109
ROUND 160 A#9 and B#3 = 309.25
ROUND 161 A#10 and B#3 = 338.035
ROUND 162 A#11 and B#3 = 349.327
ROUND 163 A#12 and B#3 = 382.533
ROUND 164 A#13 and B#3 = 322.487
ROUND 165 A#14 and B#3 = 335.5
ROUND 166 A#15 and B#3 = 121.915
ROUND 167 A#16 and B#3 = 321.27
ROUND 168 A#17 and B#3 = 324.3
ROUND 169 A#18 and B#3 = 255.777
ROUND 170 A#19 and B#3 = 323.828
ROUND 171 A#20 and B#3 = 338.711
ROUND 172 A#21 and B#3 = 321.221
ROUND 173 A#22 and B#3 = 375.535
ROUND 174 A#23 and B#3 = 256.018
ROUND 175 A#24 and B#3 = 351.7
ROUND 176 A#25 and B#3 = 256.744
ROUND 177 A#26 and B#3 = 361.845
ROUND 178 A#27 and B#3 = 363.492
ROUND 179 A#28 and B#3 = 359.146
ROUND 180 A#29 and B#3 = 264.707
ROUND 181 A#30 and B#3 = 174.523
ROUND 182 A#31 and B#3 = 255.425
ROUND 183 A#32 and B#3 = 333.782
ROUND 184 A#33 and B#3 = 74.3058
ROUND 185 A#34 and B#3 = 357.34
ROUND 186 A#35 and B#3 = 364.366
ROUND 187 A#36 and B#3 = 383.633
ROUND 188 A#37 and B#3 = 124.814
ROUND 189 A#38 and B#3 = 350.561
ROUND 190 A#39 and B#3 = 337.346
ROUND 191 A#40 and B#3 = 354.535
ROUND 192 A#41 and B#3 = 312.456
ROUND 193 A#42 and B#3 = 246.234
ROUND 194 A#43 and B#3 = 309.689
ROUND 195 A#44 and B#3 = 310.179
ROUND 196 A#45 and B#3 = 247.819
ROUND 197 A#46 and B#3 = 370.081
ROUND 198 A#47 and B#3 = 470.29
ROUND 199 A#48 and B#3 = 172.427
ROUND 200 A#49 and B#3 = 368.643
ROUND 201 A#0 and B#4 = 150.081
ROUND 202 A#1 and B#4 = 390.485
ROUND 203 A#2 and B#4 = 181.696
ROUND 204 A#3 and B#4 = 346.354
ROUND 205 A#4 and B#4 = 318.481
ROUND 206 A#5 and B#4 = 348.364
ROUND 207 A#6 and B#4 = 318.624
ROUND 208 A#7 and B#4 = 182.572
ROUND 209 A#8 and B#4 = 308.313
ROUND 210 A#9 and B#4 = 265.827
ROUND 211 A#10 and B#4 = 330.175
ROUND 212 A#11 and B#4 = 320.001
ROUND 213 A#12 and B#4 = 335.402
ROUND 214 A#13 and B#4 = 373.042
ROUND 215 A#14 and B#4 = 313.352
ROUND 216 A#15 and B#4 = 339.517
ROUND 217 A#16 and B#4 = 374.607
ROUND 218 A#17 and B#4 = 375.192
ROUND 219 A#18 and B#4 = 255.322
ROUND 220 A#19 and B#4 = 376.675
ROUND 221 A#20 and B#4 = 333.199
ROUND 222 A#21 and B#4 = 373.994
ROUND 223 A#22 and B#4 = 146.438
ROUND 224 A#23 and B#4 = 255.141
ROUND 225 A#24 and B#4 = 290.876
ROUND 226 A#25 and B#4 = 226.892
ROUND 227 A#26 and B#4 = 223.368
ROUND 228 A#27 and B#4 = 430.678
ROUND 229 A#28 and B#4 = 387.047
ROUND 230 A#29 and B#4 = 340.204
ROUND 231 A#30 and B#4 = 276.629
ROUND 232 A#31 and B#4 = 272.944
ROUND 233 A#32 and B#4 = 380.266
ROUND 234 A#33 and B#4 = 268.221
ROUND 235 A#34 and B#4 = 375.553
ROUND 236 A#35 and B#4 = 434.039
ROUND 237 A#36 and B#4 = 252.448
ROUND 238 A#37 and B#4 = 249.098
ROUND 239 A#38 and B#4 = 342.678
ROUND 240 A#39 and B#4 = 393.527
ROUND 241 A#40 and B#4 = 353.216
ROUND 242 A#41 and B#4 = 318.1
ROUND 243 A#42 and B#4 = 319.216
ROUND 244 A#43 and B#4 = 198.207
ROUND 245 A#44 and B#4 = 199.143
ROUND 246 A#45 and B#4 = 319.744
ROUND 247 A#46 and B#4 = 322.432
ROUND 248 A#47 and B#4 = 484.498
ROUND 249 A#48 and B#4 = 273.912
ROUND 250 A#49 and B#4 = 320.996
ROUND 251 A#0 and B#5 = 316.154
ROUND 252 A#1 and B#5 = 440.286
ROUND 253 A#2 and B#5 = 249.277
ROUND 254 A#3 and B#5 = 314.974
ROUND 255 A#4 and B#5 = 294.224
ROUND 256 A#5 and B#5 = 323.574
ROUND 257 A#6 and B#5 = 299.319
ROUND 258 A#7 and B#5 = 249.502
ROUND 259 A#8 and B#5 = 334.882
ROUND 260 A#9 and B#5 = 286.533
ROUND 261 A#10 and B#5 = 323.325
ROUND 262 A#11 and B#5 = 438.331
ROUND 263 A#12 and B#5 = 299.097
ROUND 264 A#13 and B#5 = 297.798
ROUND 265 A#14 and B#5 = 328.71
ROUND 266 A#15 and B#5 = 105.948
ROUND 267 A#16 and B#5 = 298.775
ROUND 268 A#17 and B#5 = 300.263
ROUND 269 A#18 and B#5 = 200.812
ROUND 270 A#19 and B#5 = 288.734
ROUND 271 A#20 and B#5 = 256.201
ROUND 272 A#21 and B#5 = 298.417
ROUND 273 A#22 and B#5 = 169.781
ROUND 274 A#23 and B#5 = 191.559
ROUND 275 A#24 and B#5 = 349.633
ROUND 276 A#25 and B#5 = 262.939
ROUND 277 A#26 and B#5 = 302.94
ROUND 278 A#27 and B#5 = 285.518
ROUND 279 A#28 and B#5 = 346.096
ROUND 280 A#29 and B#5 = 379.521
ROUND 281 A#30 and B#5 = 99.9444
ROUND 282 A#31 and B#5 = 133.915
ROUND 283 A#32 and B#5 = 466.393
ROUND 284 A#33 and B#5 = 246.786
ROUND 285 A#34 and B#5 = 338.836
ROUND 286 A#35 and B#5 = 293.592
ROUND 287 A#36 and B#5 = 249.659
ROUND 288 A#37 and B#5 = 246.613
ROUND 289 A#38 and B#5 = 321.493
ROUND 290 A#39 and B#5 = 339.858
ROUND 291 A#40 and B#5 = 438.964
ROUND 292 A#41 and B#5 = 286.259
ROUND 293 A#42 and B#5 = 438.818
ROUND 294 A#43 and B#5 = 57.9743
ROUND 295 A#44 and B#5 = 146.677
ROUND 296 A#45 and B#5 = 437.92
ROUND 297 A#46 and B#5 = 368.839
ROUND 298 A#47 and B#5 = 320.619
ROUND 299 A#48 and B#5 = 255.392
ROUND 300 A#49 and B#5 = 293.827
ROUND 301 A#0 and B#6 = 275.072
ROUND 302 A#1 and B#6 = 454.611
ROUND 303 A#2 and B#6 = 314.696
ROUND 304 A#3 and B#6 = 287.925
ROUND 305 A#4 and B#6 = 414.52
ROUND 306 A#5 and B#6 = 295.23
ROUND 307 A#6 and B#6 = 368.462
ROUND 308 A#7 and B#6 = 317.147
ROUND 309 A#8 and B#6 = 243.811
ROUND 310 A#9 and B#6 = 375.979
ROUND 311 A#10 and B#6 = 295.624
ROUND 312 A#11 and B#6 = 366.08
ROUND 313 A#12 and B#6 = 273.467
ROUND 314 A#13 and B#6 = 368.59
ROUND 315 A#14 and B#6 = 295.813
ROUND 316 A#15 and B#6 = 240.324
ROUND 317 A#16 and B#6 = 370.927
ROUND 318 A#17 and B#6 = 372.788
ROUND 319 A#18 and B#6 = 386.857
ROUND 320 A#19 and B#6 = 374.358
ROUND 321 A#20 and B#6 = 282.512
ROUND 322 A#21 and B#6 = 370.622
ROUND 323 A#22 and B#6 = 275.489
ROUND 324 A#23 and B#6 = 123.684
ROUND 325 A#24 and B#6 = 306.927
ROUND 326 A#25 and B#6 = 293.949
ROUND 327 A#26 and B#6 = 274.842
ROUND 328 A#27 and B#6 = 314.941
ROUND 329 A#28 and B#6 = 329.232
ROUND 330 A#29 and B#6 = 213.006
ROUND 331 A#30 and B#6 = 266.931
ROUND 332 A#31 and B#6 = 267.907
ROUND 333 A#32 and B#6 = 466.614
ROUND 334 A#33 and B#6 = 306.745
ROUND 335 A#34 and B#6 = 341.779
ROUND 336 A#35 and B#6 = 311.855
ROUND 337 A#36 and B#6 = 243.511
ROUND 338 A#37 and B#6 = 316.215
ROUND 339 A#38 and B#6 = 301.964
ROUND 340 A#39 and B#6 = 424.48
ROUND 341 A#40 and B#6 = 458.821
ROUND 342 A#41 and B#6 = 301.961
ROUND 343 A#42 and B#6 = 453.223
ROUND 344 A#43 and B#6 = 278.766
ROUND 345 A#44 and B#6 = 278.139
ROUND 346 A#45 and B#6 = 450.137
ROUND 347 A#46 and B#6 = 211.528
ROUND 348 A#47 and B#6 = 409.787
ROUND 349 A#48 and B#6 = 280.277
ROUND 350 A#49 and B#6 = 318.707
ROUND 351 A#0 and B#7 = 200.407
ROUND 352 A#1 and B#7 = 346.301
ROUND 353 A#2 and B#7 = 207.353
ROUND 354 A#3 and B#7 = 356.888
ROUND 355 A#4 and B#7 = 286.987
ROUND 356 A#5 and B#7 = 316.781
ROUND 357 A#6 and B#7 = 251.083
ROUND 358 A#7 and B#7 = 204.664
ROUND 359 A#8 and B#7 = 345.964
ROUND 360 A#9 and B#7 = 346.324
ROUND 361 A#10 and B#7 = 327.569
ROUND 362 A#11 and B#7 = 347.229
ROUND 363 A#12 and B#7 = 290.22
ROUND 364 A#13 and B#7 = 335.925
ROUND 365 A#14 and B#7 = 290.571
ROUND 366 A#15 and B#7 = 61.85
ROUND 367 A#16 and B#7 = 336.679
ROUND 368 A#17 and B#7 = 263.824
ROUND 369 A#18 and B#7 = 157.022
ROUND 370 A#19 and B#7 = 325.404
ROUND 371 A#20 and B#7 = 324.614
ROUND 372 A#21 and B#7 = 336.327
ROUND 373 A#22 and B#7 = 204.331
ROUND 374 A#23 and B#7 = 154.904
ROUND 375 A#24 and B#7 = 330.526
ROUND 376 A#25 and B#7 = 297.657
ROUND 377 A#26 and B#7 = 202.394
ROUND 378 A#27 and B#7 = 342.4
ROUND 379 A#28 and B#7 = 356.188
ROUND 380 A#29 and B#7 = 326.74
ROUND 381 A#30 and B#7 = 194.85
ROUND 382 A#31 and B#7 = 265.588
ROUND 383 A#32 and B#7 = 343.396
ROUND 384 A#33 and B#7 = 272.186
ROUND 385 A#34 and B#7 = 334.255
ROUND 386 A#35 and B#7 = 341.854
ROUND 387 A#36 and B#7 = 206.095
ROUND 388 A#37 and B#7 = 158.725
ROUND 389 A#38 and B#7 = 292.673
ROUND 390 A#39 and B#7 = 335.638
ROUND 391 A#40 and B#7 = 347.213
ROUND 392 A#41 and B#7 = 350.84
ROUND 393 A#42 and B#7 = 348.881
ROUND 394 A#43 and B#7 = 269.839
ROUND 395 A#44 and B#7 = 157.197
ROUND 396 A#45 and B#7 = 349.451
ROUND 397 A#46 and B#7 = 345.447
ROUND 398 A#47 and B#7 = 446.838
ROUND 399 A#48 and B#7 = 187.095
ROUND 400 A#49 and B#7 = 341.293
ROUND 401 A#0 and B#8 = 334.95
ROUND 402 A#1 and B#8 = 310.098
ROUND 403 A#2 and B#8 = 344.105
ROUND 404 A#3 and B#8 = 506.514
ROUND 405 A#4 and B#8 = 370.107
ROUND 406 A#5 and B#8 = 389.732
ROUND 407 A#6 and B#8 = 406.438
ROUND 408 A#7 and B#8 = 343.017
ROUND 409 A#8 and B#8 = 341.339
ROUND 410 A#9 and B#8 = 416.646
ROUND 411 A#10 and B#8 = 378.156
ROUND 412 A#11 and B#8 = 312.849
ROUND 413 A#12 and B#8 = 334.642
ROUND 414 A#13 and B#8 = 405.059
ROUND 415 A#14 and B#8 = 372.908
ROUND 416 A#15 and B#8 = 324.844
ROUND 417 A#16 and B#8 = 406.407
ROUND 418 A#17 and B#8 = 412.476
ROUND 419 A#18 and B#8 = 153.024
ROUND 420 A#19 and B#8 = 421.524
ROUND 421 A#20 and B#8 = 397.062
ROUND 422 A#21 and B#8 = 407.166
ROUND 423 A#22 and B#8 = 330.849
ROUND 424 A#23 and B#8 = 150.579
ROUND 425 A#24 and B#8 = 458.01
ROUND 426 A#25 and B#8 = 264.963
ROUND 427 A#26 and B#8 = 332.096
ROUND 428 A#27 and B#8 = 451.847
ROUND 429 A#28 and B#8 = 409.298
ROUND 430 A#29 and B#8 = 245.896
ROUND 431 A#30 and B#8 = 249.103
ROUND 432 A#31 and B#8 = 248.193
ROUND 433 A#32 and B#8 = 347.446
ROUND 434 A#33 and B#8 = 347.883
ROUND 435 A#34 and B#8 = 407.44
ROUND 436 A#35 and B#8 = 453.221
ROUND 437 A#36 and B#8 = 332.532
ROUND 438 A#37 and B#8 = 336.276
ROUND 439 A#38 and B#8 = 513.296
ROUND 440 A#39 and B#8 = 389.729
ROUND 441 A#40 and B#8 = 339.617
ROUND 442 A#41 and B#8 = 416.641
ROUND 443 A#42 and B#8 = 349.503
ROUND 444 A#43 and B#8 = 333.77
ROUND 445 A#44 and B#8 = 191.749
ROUND 446 A#45 and B#8 = 308.655
ROUND 447 A#46 and B#8 = 467.017
ROUND 448 A#47 and B#8 = 487.487
ROUND 449 A#48 and B#8 = 319.128
ROUND 450 A#49 and B#8 = 455.904
ROUND 451 A#0 and B#9 = 345.572
ROUND 452 A#1 and B#9 = 335.99
ROUND 453 A#2 and B#9 = 347.924
ROUND 454 A#3 and B#9 = 512.599
ROUND 455 A#4 and B#9 = 338.963
ROUND 456 A#5 and B#9 = 382.975
ROUND 457 A#6 and B#9 = 404.907
ROUND 458 A#7 and B#9 = 347.142
ROUND 459 A#8 and B#9 = 313.098
ROUND 460 A#9 and B#9 = 411.423
ROUND 461 A#10 and B#9 = 355.095
ROUND 462 A#11 and B#9 = 337.562
ROUND 463 A#12 and B#9 = 198.267
ROUND 464 A#13 and B#9 = 399.966
ROUND 465 A#14 and B#9 = 355.245
ROUND 466 A#15 and B#9 = 351.027
ROUND 467 A#16 and B#9 = 402.162
ROUND 468 A#17 and B#9 = 408.287
ROUND 469 A#18 and B#9 = 146.099
ROUND 470 A#19 and B#9 = 418.944
ROUND 471 A#20 and B#9 = 391.731
ROUND 472 A#21 and B#9 = 402.941
ROUND 473 A#22 and B#9 = 198.612
ROUND 474 A#23 and B#9 = 144.29
ROUND 475 A#24 and B#9 = 444.068
ROUND 476 A#25 and B#9 = 268.915
ROUND 477 A#26 and B#9 = 199.338
ROUND 478 A#27 and B#9 = 436.441
ROUND 479 A#28 and B#9 = 400.255
ROUND 480 A#29 and B#9 = 330.606
ROUND 481 A#30 and B#9 = 132.052
ROUND 482 A#31 and B#9 = 293.924
ROUND 483 A#32 and B#9 = 332.733
ROUND 484 A#33 and B#9 = 353.946
ROUND 485 A#34 and B#9 = 402.784
ROUND 486 A#35 and B#9 = 440.006
ROUND 487 A#36 and B#9 = 351.368
ROUND 488 A#37 and B#9 = 351.461
ROUND 489 A#38 and B#9 = 518.577
ROUND 490 A#39 and B#9 = 389.044
ROUND 491 A#40 and B#9 = 339.288
ROUND 492 A#41 and B#9 = 410.128
ROUND 493 A#42 and B#9 = 341.693
ROUND 494 A#43 and B#9 = 200.088
ROUND 495 A#44 and B#9 = 197.642
ROUND 496 A#45 and B#9 = 341.568
ROUND 497 A#46 and B#9 = 456.085
ROUND 498 A#47 and B#9 = 490.785
ROUND 499 A#48 and B#9 = 311.975
ROUND 500 A#49 and B#9 = 444.394
ROUND 501 A#0 and B#10 = 311.435
ROUND 502 A#1 and B#10 = 345.394
ROUND 503 A#2 and B#10 = 381.64
ROUND 504 A#3 and B#10 = 351.242
ROUND 505 A#4 and B#10 = 382.424
ROUND 506 A#5 and B#10 = 336.867
ROUND 507 A#6 and B#10 = 328.666
ROUND 508 A#7 and B#10 = 371.823
ROUND 509 A#8 and B#10 = 304.181
ROUND 510 A#9 and B#10 = 310.198
ROUND 511 A#10 and B#10 = 336.841
ROUND 512 A#11 and B#10 = 345.961
ROUND 513 A#12 and B#10 = 310.373
ROUND 514 A#13 and B#10 = 322.946
ROUND 515 A#14 and B#10 = 334.082
ROUND 516 A#15 and B#10 = 285.965
ROUND 517 A#16 and B#10 = 321.407
ROUND 518 A#17 and B#10 = 324.887
ROUND 519 A#18 and B#10 = 256.497
ROUND 520 A#19 and B#10 = 323.976
ROUND 521 A#20 and B#10 = 337.124
ROUND 522 A#21 and B#10 = 321.351
ROUND 523 A#22 and B#10 = 310.302
ROUND 524 A#23 and B#10 = 256.185
ROUND 525 A#24 and B#10 = 350.723
ROUND 526 A#25 and B#10 = 257.333
ROUND 527 A#26 and B#10 = 309.773
ROUND 528 A#27 and B#10 = 361.974
ROUND 529 A#28 and B#10 = 359.219
ROUND 530 A#29 and B#10 = 262.03
ROUND 531 A#30 and B#10 = 175.482
ROUND 532 A#31 and B#10 = 97.3855
ROUND 533 A#32 and B#10 = 333.102
ROUND 534 A#33 and B#10 = 380.255
ROUND 535 A#34 and B#10 = 357.458
ROUND 536 A#35 and B#10 = 359.588
ROUND 537 A#36 and B#10 = 383.586
ROUND 538 A#37 and B#10 = 389.156
ROUND 539 A#38 and B#10 = 351.103
ROUND 540 A#39 and B#10 = 336.882
ROUND 541 A#40 and B#10 = 350.691
ROUND 542 A#41 and B#10 = 313.425
ROUND 543 A#42 and B#10 = 347.634
ROUND 544 A#43 and B#10 = 309.174
ROUND 545 A#44 and B#10 = 309.713
ROUND 546 A#45 and B#10 = 289.71
ROUND 547 A#46 and B#10 = 367.24
ROUND 548 A#47 and B#10 = 472.224
ROUND 549 A#48 and B#10 = 173.425
ROUND 550 A#49 and B#10 = 369.169
ROUND 551 A#0 and B#11 = 161.634
ROUND 552 A#1 and B#11 = 334.9
ROUND 553 A#2 and B#11 = 198.445
ROUND 554 A#3 and B#11 = 328.99
ROUND 555 A#4 and B#11 = 165.665
ROUND 556 A#5 and B#11 = 321.942
ROUND 557 A#6 and B#11 = 337.745
ROUND 558 A#7 and B#11 = 196.188
ROUND 559 A#8 and B#11 = 343.14
ROUND 560 A#9 and B#11 = 346.549
ROUND 561 A#10 and B#11 = 336.951
ROUND 562 A#11 and B#11 = 335.03
ROUND 563 A#12 and B#11 = 291.584
ROUND 564 A#13 and B#11 = 339.802
ROUND 565 A#14 and B#11 = 305.363
ROUND 566 A#15 and B#11 = 99.376
ROUND 567 A#16 and B#11 = 341.806
ROUND 568 A#17 and B#11 = 343.7
ROUND 569 A#18 and B#11 = 159.599
ROUND 570 A#19 and B#11 = 335.05
ROUND 571 A#20 and B#11 = 293.263
ROUND 572 A#21 and B#11 = 341.76
ROUND 573 A#22 and B#11 = 195.327
ROUND 574 A#23 and B#11 = 156.337
ROUND 575 A#24 and B#11 = 360.011
ROUND 576 A#25 and B#11 = 294.411
ROUND 577 A#26 and B#11 = 163.062
ROUND 578 A#27 and B#11 = 338.159
ROUND 579 A#28 and B#11 = 358.018
ROUND 580 A#29 and B#11 = 281.835
ROUND 581 A#30 and B#11 = 158.009
ROUND 582 A#31 and B#11 = 175.206
ROUND 583 A#32 and B#11 = 329.939
ROUND 584 A#33 and B#11 = 189.195
ROUND 585 A#34 and B#11 = 333.86
ROUND 586 A#35 and B#11 = 334.693
ROUND 587 A#36 and B#11 = 199.542
ROUND 588 A#37 and B#11 = 267.14
ROUND 589 A#38 and B#11 = 321.812
ROUND 590 A#39 and B#11 = 341.307
ROUND 591 A#40 and B#11 = 336.42
ROUND 592 A#41 and B#11 = 350.881
ROUND 593 A#42 and B#11 = 335.829
ROUND 594 A#43 and B#11 = 195.194
ROUND 595 A#44 and B#11 = 196.38
ROUND 596 A#45 and B#11 = 334.066
ROUND 597 A#46 and B#11 = 343.641
ROUND 598 A#47 and B#11 = 437.334
ROUND 599 A#48 and B#11 = 156.877
ROUND 600 A#49 and B#11 = 333.884
ROUND 601 A#0 and B#12 = 273.825
ROUND 602 A#1 and B#12 = 451.472
ROUND 603 A#2 and B#12 = 390.408
ROUND 604 A#3 and B#12 = 412.37
ROUND 605 A#4 and B#12 = 288.753
ROUND 606 A#5 and B#12 = 397.906
ROUND 607 A#6 and B#12 = 328.807
ROUND 608 A#7 and B#12 = 454.166
ROUND 609 A#8 and B#12 = 315.927
ROUND 610 A#9 and B#12 = 339.438
ROUND 611 A#10 and B#12 = 394.884
ROUND 612 A#11 and B#12 = 349.627
ROUND 613 A#12 and B#12 = 240.066
ROUND 614 A#13 and B#12 = 334.674
ROUND 615 A#14 and B#12 = 415.832
ROUND 616 A#15 and B#12 = 182.494
ROUND 617 A#16 and B#12 = 334.334
ROUND 618 A#17 and B#12 = 339.516
ROUND 619 A#18 and B#12 = 353.177
ROUND 620 A#19 and B#12 = 315.895
ROUND 621 A#20 and B#12 = 377.289
ROUND 622 A#21 and B#12 = 334.518
ROUND 623 A#22 and B#12 = 274.596
ROUND 624 A#23 and B#12 = 136.742
ROUND 625 A#24 and B#12 = 405.037
ROUND 626 A#25 and B#12 = 250.103
ROUND 627 A#26 and B#12 = 292.334
ROUND 628 A#27 and B#12 = 312.259
ROUND 629 A#28 and B#12 = 392.517
ROUND 630 A#29 and B#12 = 299.62
ROUND 631 A#30 and B#12 = 152.96
ROUND 632 A#31 and B#12 = 272.153
ROUND 633 A#32 and B#12 = 340.74
ROUND 634 A#33 and B#12 = 180.575
ROUND 635 A#34 and B#12 = 398.121
ROUND 636 A#35 and B#12 = 318.142
ROUND 637 A#36 and B#12 = 386.412
ROUND 638 A#37 and B#12 = 178.52
ROUND 639 A#38 and B#12 = 352.102
ROUND 640 A#39 and B#12 = 402.542
ROUND 641 A#40 and B#12 = 349.724
ROUND 642 A#41 and B#12 = 337.89
ROUND 643 A#42 and B#12 = 348.524
ROUND 644 A#43 and B#12 = 275.24
ROUND 645 A#44 and B#12 = 270.42
ROUND 646 A#45 and B#12 = 351.87
ROUND 647 A#46 and B#12 = 307.494
ROUND 648 A#47 and B#12 = 361.452
ROUND 649 A#48 and B#12 = 273.93
ROUND 650 A#49 and B#12 = 317.649
ROUND 651 A#0 and B#13 = 376.735
ROUND 652 A#1 and B#13 = 346.934
ROUND 653 A#2 and B#13 = 178.867
ROUND 654 A#3 and B#13 = 412.814
ROUND 655 A#4 and B#13 = 421.237
ROUND 656 A#5 and B#13 = 399.745
ROUND 657 A#6 and B#13 = 376.6
ROUND 658 A#7 and B#13 = 181.434
ROUND 659 A#8 and B#13 = 446.932
ROUND 660 A#9 and B#13 = 376.275
ROUND 661 A#10 and B#13 = 381.083
ROUND 662 A#11 and B#13 = 352.718
ROUND 663 A#12 and B#13 = 374.53
ROUND 664 A#13 and B#13 = 377.883
ROUND 665 A#14 and B#13 = 384.964
ROUND 666 A#15 and B#13 = 352.045
ROUND 667 A#16 and B#13 = 382.077
ROUND 668 A#17 and B#13 = 380.173
ROUND 669 A#18 and B#13 = 374.826
ROUND 670 A#19 and B#13 = 385.658
ROUND 671 A#20 and B#13 = 399.184
ROUND 672 A#21 and B#13 = 382.827
ROUND 673 A#22 and B#13 = 375.69
ROUND 674 A#23 and B#13 = 130.973
ROUND 675 A#24 and B#13 = 402.051
ROUND 676 A#25 and B#13 = 296.762
ROUND 677 A#26 and B#13 = 332.544
ROUND 678 A#27 and B#13 = 422.624
ROUND 679 A#28 and B#13 = 413.069
ROUND 680 A#29 and B#13 = 318.466
ROUND 681 A#30 and B#13 = 288.119
ROUND 682 A#31 and B#13 = 306.003
ROUND 683 A#32 and B#13 = 304.192
ROUND 684 A#33 and B#13 = 177.909
ROUND 685 A#34 and B#13 = 394.509
ROUND 686 A#35 and B#13 = 357.309
ROUND 687 A#36 and B#13 = 336.179
ROUND 688 A#37 and B#13 = 178.608
ROUND 689 A#38 and B#13 = 403.4
ROUND 690 A#39 and B#13 = 395.183
ROUND 691 A#40 and B#13 = 353.414
ROUND 692 A#41 and B#13 = 374.839
ROUND 693 A#42 and B#13 = 351.3
ROUND 694 A#43 and B#13 = 350.037
ROUND 695 A#44 and B#13 = 349.479
ROUND 696 A#45 and B#13 = 354.183
ROUND 697 A#46 and B#13 = 397.059
ROUND 698 A#47 and B#13 = 334.295
ROUND 699 A#48 and B#13 = 282.87
ROUND 700 A#49 and B#13 = 339.95
ROUND 701 A#0 and B#14 = 306.428
ROUND 702 A#1 and B#14 = 345.295
ROUND 703 A#2 and B#14 = 264.183
ROUND 704 A#3 and B#14 = 350.332
ROUND 705 A#4 and B#14 = 384.869
ROUND 706 A#5 and B#14 = 330.366
ROUND 707 A#6 and B#14 = 325.323
ROUND 708 A#7 and B#14 = 265.294
ROUND 709 A#8 and B#14 = 302.974
ROUND 710 A#9 and B#14 = 309.137
ROUND 711 A#10 and B#14 = 405.03
ROUND 712 A#11 and B#14 = 345.915
ROUND 713 A#12 and B#14 = 305.226
ROUND 714 A#13 and B#14 = 319.787
ROUND 715 A#14 and B#14 = 330.305
ROUND 716 A#15 and B#14 = 193.783
ROUND 717 A#16 and B#14 = 318.268
ROUND 718 A#17 and B#14 = 322.914
ROUND 719 A#18 and B#14 = 237.699
ROUND 720 A#19 and B#14 = 321.847
ROUND 721 A#20 and B#14 = 337.149
ROUND 722 A#21 and B#14 = 318.155
ROUND 723 A#22 and B#14 = 381.46
ROUND 724 A#23 and B#14 = 240.296
ROUND 725 A#24 and B#14 = 352.5
ROUND 726 A#25 and B#14 = 239.61
ROUND 727 A#26 and B#14 = 366.635
ROUND 728 A#27 and B#14 = 280.704
ROUND 729 A#28 and B#14 = 356.481
ROUND 730 A#29 and B#14 = 276.071
ROUND 731 A#30 and B#14 = 328.91
ROUND 732 A#31 and B#14 = 361.166
ROUND 733 A#32 and B#14 = 325.576
ROUND 734 A#33 and B#14 = 170.141
ROUND 735 A#34 and B#14 = 355.716
ROUND 736 A#35 and B#14 = 352.466
ROUND 737 A#36 and B#14 = 387.339
ROUND 738 A#37 and B#14 = 393.921
ROUND 739 A#38 and B#14 = 349.012
ROUND 740 A#39 and B#14 = 332.934
ROUND 741 A#40 and B#14 = 351.535
ROUND 742 A#41 and B#14 = 311.269
ROUND 743 A#42 and B#14 = 237.71
ROUND 744 A#43 and B#14 = 305.319
ROUND 745 A#44 and B#14 = 305.726
ROUND 746 A#45 and B#14 = 239.847
ROUND 747 A#46 and B#14 = 268.239
ROUND 748 A#47 and B#14 = 327.402
ROUND 749 A#48 and B#14 = 225.528
ROUND 750 A#49 and B#14 = 269.929
ROUND 751 A#0 and B#15 = 276.65
ROUND 752 A#1 and B#15 = 454.003
ROUND 753 A#2 and B#15 = 309.26
ROUND 754 A#3 and B#15 = 321.483
ROUND 755 A#4 and B#15 = 417.326
ROUND 756 A#5 and B#15 = 290.352
ROUND 757 A#6 and B#15 = 367.738
ROUND 758 A#7 and B#15 = 310.422
ROUND 759 A#8 and B#15 = 240.364
ROUND 760 A#9 and B#15 = 374.952
ROUND 761 A#10 and B#15 = 288.217
ROUND 762 A#11 and B#15 = 371.335
ROUND 763 A#12 and B#15 = 275.256
ROUND 764 A#13 and B#15 = 369.894
ROUND 765 A#14 and B#15 = 290.742
ROUND 766 A#15 and B#15 = 227.722
ROUND 767 A#16 and B#15 = 369.95
ROUND 768 A#17 and B#15 = 371.564
ROUND 769 A#18 and B#15 = 388.094
ROUND 770 A#19 and B#15 = 372.084
ROUND 771 A#20 and B#15 = 283.325
ROUND 772 A#21 and B#15 = 369.47
ROUND 773 A#22 and B#15 = 276.933
ROUND 774 A#23 and B#15 = 124.041
ROUND 775 A#24 and B#15 = 312.543
ROUND 776 A#25 and B#15 = 295.969
ROUND 777 A#26 and B#15 = 276.411
ROUND 778 A#27 and B#15 = 317.079
ROUND 779 A#28 and B#15 = 325.094
ROUND 780 A#29 and B#15 = 215.099
ROUND 781 A#30 and B#15 = 279.305
ROUND 782 A#31 and B#15 = 266.183
ROUND 783 A#32 and B#15 = 464.398
ROUND 784 A#33 and B#15 = 305.671
ROUND 785 A#34 and B#15 = 339.486
ROUND 786 A#35 and B#15 = 313.816
ROUND 787 A#36 and B#15 = 243.549
ROUND 788 A#37 and B#15 = 317.213
ROUND 789 A#38 and B#15 = 305.779
ROUND 790 A#39 and B#15 = 428.594
ROUND 791 A#40 and B#15 = 457.03
ROUND 792 A#41 and B#15 = 354.567
ROUND 793 A#42 and B#15 = 452.927
ROUND 794 A#43 and B#15 = 279.587
ROUND 795 A#44 and B#15 = 279.573
ROUND 796 A#45 and B#15 = 449.041
ROUND 797 A#46 and B#15 = 208.718
ROUND 798 A#47 and B#15 = 408.949
ROUND 799 A#48 and B#15 = 243.718
ROUND 800 A#49 and B#15 = 320.492
ROUND 801 A#0 and B#16 = 265.806
ROUND 802 A#1 and B#16 = 364.546
ROUND 803 A#2 and B#16 = 222.572
ROUND 804 A#3 and B#16 = 308.37
ROUND 805 A#4 and B#16 = 320.066
ROUND 806 A#5 and B#16 = 346.12
ROUND 807 A#6 and B#16 = 339.915
ROUND 808 A#7 and B#16 = 221.314
ROUND 809 A#8 and B#16 = 322.872
ROUND 810 A#9 and B#16 = 329.973
ROUND 811 A#10 and B#16 = 344.949
ROUND 812 A#11 and B#16 = 370.256
ROUND 813 A#12 and B#16 = 220.578
ROUND 814 A#13 and B#16 = 344.343
ROUND 815 A#14 and B#16 = 328.524
ROUND 816 A#15 and B#16 = 92.6518
ROUND 817 A#16 and B#16 = 346.349
ROUND 818 A#17 and B#16 = 342.337
ROUND 819 A#18 and B#16 = 152.537
ROUND 820 A#19 and B#16 = 348.022
ROUND 821 A#20 and B#16 = 351.019
ROUND 822 A#21 and B#16 = 345.523
ROUND 823 A#22 and B#16 = 266.408
ROUND 824 A#23 and B#16 = 144.815
ROUND 825 A#24 and B#16 = 367.133
ROUND 826 A#25 and B#16 = 197.419
ROUND 827 A#26 and B#16 = 266.006
ROUND 828 A#27 and B#16 = 318.742
ROUND 829 A#28 and B#16 = 340.386
ROUND 830 A#29 and B#16 = 304.43
ROUND 831 A#30 and B#16 = 214.669
ROUND 832 A#31 and B#16 = 207.941
ROUND 833 A#32 and B#16 = 403.407
ROUND 834 A#33 and B#16 = 280.319
ROUND 835 A#34 and B#16 = 341.176
ROUND 836 A#35 and B#16 = 322.166
ROUND 837 A#36 and B#16 = 220.962
ROUND 838 A#37 and B#16 = 220.072
ROUND 839 A#38 and B#16 = 340.545
ROUND 840 A#39 and B#16 = 414.429
ROUND 841 A#40 and B#16 = 371.725
ROUND 842 A#41 and B#16 = 334.173
ROUND 843 A#42 and B#16 = 367.007
ROUND 844 A#43 and B#16 = 278.084
ROUND 845 A#44 and B#16 = 224.309
ROUND 846 A#45 and B#16 = 365.743
ROUND 847 A#46 and B#16 = 388.282
ROUND 848 A#47 and B#16 = 496.694
ROUND 849 A#48 and B#16 = 211.565
ROUND 850 A#49 and B#16 = 317.081
ROUND 851 A#0 and B#17 = 259.133
ROUND 852 A#1 and B#17 = 459.128
ROUND 853 A#2 and B#17 = 381.913
ROUND 854 A#3 and B#17 = 357.322
ROUND 855 A#4 and B#17 = 294.771
ROUND 856 A#5 and B#17 = 410.65
ROUND 857 A#6 and B#17 = 341.036
ROUND 858 A#7 and B#17 = 382.574
ROUND 859 A#8 and B#17 = 331.744
ROUND 860 A#9 and B#17 = 343.187
ROUND 861 A#10 and B#17 = 410.995
ROUND 862 A#11 and B#17 = 457.639
ROUND 863 A#12 and B#17 = 263.917
ROUND 864 A#13 and B#17 = 344.867
ROUND 865 A#14 and B#17 = 429.369
ROUND 866 A#15 and B#17 = 187.833
ROUND 867 A#16 and B#17 = 343.852
ROUND 868 A#17 and B#17 = 348.143
ROUND 869 A#18 and B#17 = 173.308
ROUND 870 A#19 and B#17 = 326.395
ROUND 871 A#20 and B#17 = 379.814
ROUND 872 A#21 and B#17 = 344.134
ROUND 873 A#22 and B#17 = 256.992
ROUND 874 A#23 and B#17 = 170.127
ROUND 875 A#24 and B#17 = 416.86
ROUND 876 A#25 and B#17 = 193.458
ROUND 877 A#26 and B#17 = 263.443
ROUND 878 A#27 and B#17 = 321.449
ROUND 879 A#28 and B#17 = 406.469
ROUND 880 A#29 and B#17 = 302.697
ROUND 881 A#30 and B#17 = 160.553
ROUND 882 A#31 and B#17 = 160.66
ROUND 883 A#32 and B#17 = 445.18
ROUND 884 A#33 and B#17 = 385.366
ROUND 885 A#34 and B#17 = 409.997
ROUND 886 A#35 and B#17 = 328.508
ROUND 887 A#36 and B#17 = 378.46
ROUND 888 A#37 and B#17 = 385.923
ROUND 889 A#38 and B#17 = 391.944
ROUND 890 A#39 and B#17 = 415.181
ROUND 891 A#40 and B#17 = 366.979
ROUND 892 A#41 and B#17 = 341.25
ROUND 893 A#42 and B#17 = 458.002
ROUND 894 A#43 and B#17 = 259.013
ROUND 895 A#44 and B#17 = 268.708
ROUND 896 A#45 and B#17 = 459.558
ROUND 897 A#46 and B#17 = 313.046
ROUND 898 A#47 and B#17 = 368.718
ROUND 899 A#48 and B#17 = 268.624
ROUND 900 A#49 and B#17 = 327.469
ROUND 901 A#0 and B#18 = 320.117
ROUND 902 A#1 and B#18 = 345.006
ROUND 903 A#2 and B#18 = 319.385
ROUND 904 A#3 and B#18 = 334.965
ROUND 905 A#4 and B#18 = 370.129
ROUND 906 A#5 and B#18 = 425.552
ROUND 907 A#6 and B#18 = 303.292
ROUND 908 A#7 and B#18 = 316.451
ROUND 909 A#8 and B#18 = 414.241
ROUND 910 A#9 and B#18 = 331.418
ROUND 911 A#10 and B#18 = 447.236
ROUND 912 A#11 and B#18 = 345.772
ROUND 913 A#12 and B#18 = 314.507
ROUND 914 A#13 and B#18 = 316.975
ROUND 915 A#14 and B#18 = 420.807
ROUND 916 A#15 and B#18 = 192.169
ROUND 917 A#16 and B#18 = 328.224
ROUND 918 A#17 and B#18 = 318.189
ROUND 919 A#18 and B#18 = 325.139
ROUND 920 A#19 and B#18 = 314.535
ROUND 921 A#20 and B#18 = 428.234
ROUND 922 A#21 and B#18 = 327.6
ROUND 923 A#22 and B#18 = 318.055
ROUND 924 A#23 and B#18 = 341.055
ROUND 925 A#24 and B#18 = 384.173
ROUND 926 A#25 and B#18 = 369.402
ROUND 927 A#26 and B#18 = 319.005
ROUND 928 A#27 and B#18 = 311.014
ROUND 929 A#28 and B#18 = 409.91
ROUND 930 A#29 and B#18 = 349.188
ROUND 931 A#30 and B#18 = 370.308
ROUND 932 A#31 and B#18 = 188.862
ROUND 933 A#32 and B#18 = 403.992
ROUND 934 A#33 and B#18 = 307.402
ROUND 935 A#34 and B#18 = 406.36
ROUND 936 A#35 and B#18 = 275.834
ROUND 937 A#36 and B#18 = 319.636
ROUND 938 A#37 and B#18 = 311.677
ROUND 939 A#38 and B#18 = 333.762
ROUND 940 A#39 and B#18 = 408.413
ROUND 941 A#40 and B#18 = 350.261
ROUND 942 A#41 and B#18 = 460.837
ROUND 943 A#42 and B#18 = 349.415
ROUND 944 A#43 and B#18 = 319.627
ROUND 945 A#44 and B#18 = 320.518
ROUND 946 A#45 and B#18 = 350.601
ROUND 947 A#46 and B#18 = 349.539
ROUND 948 A#47 and B#18 = 338.635
ROUND 949 A#48 and B#18 = 209.467
ROUND 950 A#49 and B#18 = 277.151
ROUND 951 A#0 and B#19 = 409.364
ROUND 952 A#1 and B#19 = 348.973
ROUND 953 A#2 and B#19 = 313.758
ROUND 954 A#3 and B#19 = 186.061
ROUND 955 A#4 and B#19 = 309.459
ROUND 956 A#5 and B#19 = 392.731
ROUND 957 A#6 and B#19 = 426.092
ROUND 958 A#7 and B#19 = 313.57
ROUND 959 A#8 and B#19 = 322.022
ROUND 960 A#9 and B#19 = 423.442
ROUND 961 A#10 and B#19 = 407.064
ROUND 962 A#11 and B#19 = 351.311
ROUND 963 A#12 and B#19 = 407.439
ROUND 964 A#13 and B#19 = 421.753
ROUND 965 A#14 and B#19 = 381.803
ROUND 966 A#15 and B#19 = 177.257
ROUND 967 A#16 and B#19 = 431.328
ROUND 968 A#17 and B#19 = 425.468
ROUND 969 A#18 and B#19 = 293.904
ROUND 970 A#19 and B#19 = 436.202
ROUND 971 A#20 and B#19 = 427.913
ROUND 972 A#21 and B#19 = 430.247
ROUND 973 A#22 and B#19 = 406.016
ROUND 974 A#23 and B#19 = 299.926
ROUND 975 A#24 and B#19 = 319.499
ROUND 976 A#25 and B#19 = 331.96
ROUND 977 A#26 and B#19 = 405.873
ROUND 978 A#27 and B#19 = 329.225
ROUND 979 A#28 and B#19 = 401.235
ROUND 980 A#29 and B#19 = 313.492
ROUND 981 A#30 and B#19 = 396.496
ROUND 982 A#31 and B#19 = 355.817
ROUND 983 A#32 and B#19 = 339.849
ROUND 984 A#33 and B#19 = 329.294
ROUND 985 A#34 and B#19 = 387.72
ROUND 986 A#35 and B#19 = 332.312
ROUND 987 A#36 and B#19 = 318.519
ROUND 988 A#37 and B#19 = 323.968
ROUND 989 A#38 and B#19 = 174.228
ROUND 990 A#39 and B#19 = 334.22
ROUND 991 A#40 and B#19 = 353.24
ROUND 992 A#41 and B#19 = 424.883
ROUND 993 A#42 and B#19 = 351.853
ROUND 994 A#43 and B#19 = 381.739
ROUND 995 A#44 and B#19 = 381.844
ROUND 996 A#45 and B#19 = 351.453
ROUND 997 A#46 and B#19 = 280.892
ROUND 998 A#47 and B#19 = 344.458
ROUND 999 A#48 and B#19 = 395.719
ROUND 1000 A#49 and B#19 = 282.78
ROUND 1001 A#0 and B#20 = 311.212
ROUND 1002 A#1 and B#20 = 344.869
ROUND 1003 A#2 and B#20 = 381.021
ROUND 1004 A#3 and B#20 = 351.084
ROUND 1005 A#4 and B#20 = 383.332
ROUND 1006 A#5 and B#20 = 336.609
ROUND 1007 A#6 and B#20 = 328.036
ROUND 1008 A#7 and B#20 = 378.228
ROUND 1009 A#8 and B#20 = 303.736
ROUND 1010 A#9 and B#20 = 309.376
ROUND 1011 A#10 and B#20 = 340.257
ROUND 1012 A#11 and B#20 = 345.361
ROUND 1013 A#12 and B#20 = 310.292
ROUND 1014 A#13 and B#20 = 316.772
ROUND 1015 A#14 and B#20 = 266.356
ROUND 1016 A#15 and B#20 = 120.907
ROUND 1017 A#16 and B#20 = 320.35
ROUND 1018 A#17 and B#20 = 324.399
ROUND 1019 A#18 and B#20 = 259.365
ROUND 1020 A#19 and B#20 = 323.42
ROUND 1021 A#20 and B#20 = 336.616
ROUND 1022 A#21 and B#20 = 320.289
ROUND 1023 A#22 and B#20 = 310.106
ROUND 1024 A#23 and B#20 = 259.698
ROUND 1025 A#24 and B#20 = 348.005
ROUND 1026 A#25 and B#20 = 258.862
ROUND 1027 A#26 and B#20 = 309.573
ROUND 1028 A#27 and B#20 = 364.417
ROUND 1029 A#28 and B#20 = 358.975
ROUND 1030 A#29 and B#20 = 262.934
ROUND 1031 A#30 and B#20 = 174.338
ROUND 1032 A#31 and B#20 = 258.935
ROUND 1033 A#32 and B#20 = 336.266
ROUND 1034 A#33 and B#20 = 381.361
ROUND 1035 A#34 and B#20 = 356.854
ROUND 1036 A#35 and B#20 = 360.087
ROUND 1037 A#36 and B#20 = 382.613
ROUND 1038 A#37 and B#20 = 124.637
ROUND 1039 A#38 and B#20 = 349.087
ROUND 1040 A#39 and B#20 = 336.62
ROUND 1041 A#40 and B#20 = 350.034
ROUND 1042 A#41 and B#20 = 312.685
ROUND 1043 A#42 and B#20 = 346.897
ROUND 1044 A#43 and B#20 = 309.052
ROUND 1045 A#44 and B#20 = 309.542
ROUND 1046 A#45 and B#20 = 350.117
ROUND 1047 A#46 and B#20 = 263.751
ROUND 1048 A#47 and B#20 = 471.762
ROUND 1049 A#48 and B#20 = 172.497
ROUND 1050 A#49 and B#20 = 365.544
ROUND 1051 A#0 and B#21 = 438.505
ROUND 1052 A#1 and B#21 = 381.562
ROUND 1053 A#2 and B#21 = 104.126
ROUND 1054 A#3 and B#21 = 314.606
ROUND 1055 A#4 and B#21 = 318.951
ROUND 1056 A#5 and B#21 = 348.443
ROUND 1057 A#6 and B#21 = 302.146
ROUND 1058 A#7 and B#21 = 103.042
ROUND 1059 A#8 and B#21 = 249.235
ROUND 1060 A#9 and B#21 = 316.492
ROUND 1061 A#10 and B#21 = 314.095
ROUND 1062 A#11 and B#21 = 380.389
ROUND 1063 A#12 and B#21 = 436.82
ROUND 1064 A#13 and B#21 = 297.989
ROUND 1065 A#14 and B#21 = 322.124
ROUND 1066 A#15 and B#21 = 168.331
ROUND 1067 A#16 and B#21 = 299.254
ROUND 1068 A#17 and B#21 = 309.437
ROUND 1069 A#18 and B#21 = 146.682
ROUND 1070 A#19 and B#21 = 292.545
ROUND 1071 A#20 and B#21 = 349.856
ROUND 1072 A#21 and B#21 = 300.283
ROUND 1073 A#22 and B#21 = 102.754
ROUND 1074 A#23 and B#21 = 172.837
ROUND 1075 A#24 and B#21 = 381.995
ROUND 1076 A#25 and B#21 = 188.304
ROUND 1077 A#26 and B#21 = 438.387
ROUND 1078 A#27 and B#21 = 322.195
ROUND 1079 A#28 and B#21 = 373.691
ROUND 1080 A#29 and B#21 = 361.836
ROUND 1081 A#30 and B#21 = 181.931
ROUND 1082 A#31 and B#21 = 167.378
ROUND 1083 A#32 and B#21 = 424.598
ROUND 1084 A#33 and B#21 = 260.647
ROUND 1085 A#34 and B#21 = 380.34
ROUND 1086 A#35 and B#21 = 337.267
ROUND 1087 A#36 and B#21 = 107.896
ROUND 1088 A#37 and B#21 = 147.318
ROUND 1089 A#38 and B#21 = 314.431
ROUND 1090 A#39 and B#21 = 309.934
ROUND 1091 A#40 and B#21 = 381.488
ROUND 1092 A#41 and B#21 = 314.002
ROUND 1093 A#42 and B#21 = 378.218
ROUND 1094 A#43 and B#21 = 214.928
ROUND 1095 A#44 and B#21 = 377.222
ROUND 1096 A#45 and B#21 = 378.145
ROUND 1097 A#46 and B#21 = 472.537
ROUND 1098 A#47 and B#21 = 377.234
ROUND 1099 A#48 and B#21 = 194.86
ROUND 1100 A#49 and B#21 = 343.187
ROUND 1101 A#0 and B#22 = 349.808
ROUND 1102 A#1 and B#22 = 333.5
ROUND 1103 A#2 and B#22 = 137.334
ROUND 1104 A#3 and B#22 = 316.774
ROUND 1105 A#4 and B#22 = 268.468
ROUND 1106 A#5 and B#22 = 319.681
ROUND 1107 A#6 and B#22 = 322.7
ROUND 1108 A#7 and B#22 = 135.92
ROUND 1109 A#8 and B#22 = 220.733
ROUND 1110 A#9 and B#22 = 313.892
ROUND 1111 A#10 and B#22 = 305.199
ROUND 1112 A#11 and B#22 = 332.519
ROUND 1113 A#12 and B#22 = 348.751
ROUND 1114 A#13 and B#22 = 328.48
ROUND 1115 A#14 and B#22 = 292.854
ROUND 1116 A#15 and B#22 = 308.733
ROUND 1117 A#16 and B#22 = 329.087
ROUND 1118 A#17 and B#22 = 293.239
ROUND 1119 A#18 and B#22 = 284.063
ROUND 1120 A#19 and B#22 = 379.2
ROUND 1121 A#20 and B#22 = 313.996
ROUND 1122 A#21 and B#22 = 314.746
ROUND 1123 A#22 and B#22 = 225.331
ROUND 1124 A#23 and B#22 = 281.584
ROUND 1125 A#24 and B#22 = 280.235
ROUND 1126 A#25 and B#22 = 222.687
ROUND 1127 A#26 and B#22 = 347.934
ROUND 1128 A#27 and B#22 = 323.733
ROUND 1129 A#28 and B#22 = 333.396
ROUND 1130 A#29 and B#22 = 308.368
ROUND 1131 A#30 and B#22 = 179.672
ROUND 1132 A#31 and B#22 = 162.484
ROUND 1133 A#32 and B#22 = 357.928
ROUND 1134 A#33 and B#22 = 333.184
ROUND 1135 A#34 and B#22 = 336.519
ROUND 1136 A#35 and B#22 = 322.004
ROUND 1137 A#36 and B#22 = 143.145
ROUND 1138 A#37 and B#22 = 141.278
ROUND 1139 A#38 and B#22 = 314.656
ROUND 1140 A#39 and B#22 = 330.696
ROUND 1141 A#40 and B#22 = 385.854
ROUND 1142 A#41 and B#22 = 316.456
ROUND 1143 A#42 and B#22 = 335.213
ROUND 1144 A#43 and B#22 = 275.131
ROUND 1145 A#44 and B#22 = 163.978
ROUND 1146 A#45 and B#22 = 331.226
ROUND 1147 A#46 and B#22 = 331.522
ROUND 1148 A#47 and B#22 = 308.776
ROUND 1149 A#48 and B#22 = 279.989
ROUND 1150 A#49 and B#22 = 324.369
ROUND 1151 A#0 and B#23 = 339.22
ROUND 1152 A#1 and B#23 = 345.127
ROUND 1153 A#2 and B#23 = 175.525
ROUND 1154 A#3 and B#23 = 336.523
ROUND 1155 A#4 and B#23 = 172.121
ROUND 1156 A#5 and B#23 = 337.017
ROUND 1157 A#6 and B#23 = 324.688
ROUND 1158 A#7 and B#23 = 193.412
ROUND 1159 A#8 and B#23 = 367.964
ROUND 1160 A#9 and B#23 = 336.942
ROUND 1161 A#10 and B#23 = 246.196
ROUND 1162 A#11 and B#23 = 344.749
ROUND 1163 A#12 and B#23 = 338.523
ROUND 1164 A#13 and B#23 = 327.235
ROUND 1165 A#14 and B#23 = 315.865
ROUND 1166 A#15 and B#23 = 226.839
ROUND 1167 A#16 and B#23 = 329.286
ROUND 1168 A#17 and B#23 = 332.814
ROUND 1169 A#18 and B#23 = 151.904
ROUND 1170 A#19 and B#23 = 352.008
ROUND 1171 A#20 and B#23 = 325.832
ROUND 1172 A#21 and B#23 = 327.946
ROUND 1173 A#22 and B#23 = 338.559
ROUND 1174 A#23 and B#23 = 148.972
ROUND 1175 A#24 and B#23 = 362.888
ROUND 1176 A#25 and B#23 = 228.05
ROUND 1177 A#26 and B#23 = 338.981
ROUND 1178 A#27 and B#23 = 325.8
ROUND 1179 A#28 and B#23 = 381.153
ROUND 1180 A#29 and B#23 = 299.63
ROUND 1181 A#30 and B#23 = 190.34
ROUND 1182 A#31 and B#23 = 161.808
ROUND 1183 A#32 and B#23 = 361.449
ROUND 1184 A#33 and B#23 = 179.766
ROUND 1185 A#34 and B#23 = 360.279
ROUND 1186 A#35 and B#23 = 325.572
ROUND 1187 A#36 and B#23 = 197.142
ROUND 1188 A#37 and B#23 = 188.393
ROUND 1189 A#38 and B#23 = 334.242
ROUND 1190 A#39 and B#23 = 359.088
ROUND 1191 A#40 and B#23 = 346.907
ROUND 1192 A#41 and B#23 = 342.317
ROUND 1193 A#42 and B#23 = 346.689
ROUND 1194 A#43 and B#23 = 337.961
ROUND 1195 A#44 and B#23 = 337.958
ROUND 1196 A#45 and B#23 = 348.343
ROUND 1197 A#46 and B#23 = 333.472
ROUND 1198 A#47 and B#23 = 486.995
ROUND 1199 A#48 and B#23 = 189.277
ROUND 1200 A#49 and B#23 = 327.279
ROUND 1201 A#0 and B#24 = 196.172
ROUND 1202 A#1 and B#24 = 341.098
ROUND 1203 A#2 and B#24 = 354.948
ROUND 1204 A#3 and B#24 = 346.668
ROUND 1205 A#4 and B#24 = 320.968
ROUND 1206 A#5 and B#24 = 317.327
ROUND 1207 A#6 and B#24 = 333.798
ROUND 1208 A#7 and B#24 = 282.027
ROUND 1209 A#8 and B#24 = 338.04
ROUND 1210 A#9 and B#24 = 341.791
ROUND 1211 A#10 and B#24 = 330.963
ROUND 1212 A#11 and B#24 = 341.893
ROUND 1213 A#12 and B#24 = 174.031
ROUND 1214 A#13 and B#24 = 335.984
ROUND 1215 A#14 and B#24 = 301.886
ROUND 1216 A#15 and B#24 = 57.2797
ROUND 1217 A#16 and B#24 = 338.314
ROUND 1218 A#17 and B#24 = 339.842
ROUND 1219 A#18 and B#24 = 161.69
ROUND 1220 A#19 and B#24 = 330.303
ROUND 1221 A#20 and B#24 = 296.115
ROUND 1222 A#21 and B#24 = 338.05
ROUND 1223 A#22 and B#24 = 200.256
ROUND 1224 A#23 and B#24 = 158.423
ROUND 1225 A#24 and B#24 = 350.765
ROUND 1226 A#25 and B#24 = 288.047
ROUND 1227 A#26 and B#24 = 199.778
ROUND 1228 A#27 and B#24 = 326.369
ROUND 1229 A#28 and B#24 = 357.651
ROUND 1230 A#29 and B#24 = 274.643
ROUND 1231 A#30 and B#24 = 156.801
ROUND 1232 A#31 and B#24 = 123.851
ROUND 1233 A#32 and B#24 = 341.565
ROUND 1234 A#33 and B#24 = 265.807
ROUND 1235 A#34 and B#24 = 336.442
ROUND 1236 A#35 and B#24 = 329.306
ROUND 1237 A#36 and B#24 = 301.946
ROUND 1238 A#37 and B#24 = 311.427
ROUND 1239 A#38 and B#24 = 340.845
ROUND 1240 A#39 and B#24 = 336.064
ROUND 1241 A#40 and B#24 = 343.041
ROUND 1242 A#41 and B#24 = 345.971
ROUND 1243 A#42 and B#24 = 343.047
ROUND 1244 A#43 and B#24 = 199.833
ROUND 1245 A#44 and B#24 = 201.953
ROUND 1246 A#45 and B#24 = 340.409
ROUND 1247 A#46 and B#24 = 338.776
ROUND 1248 A#47 and B#24 = 442.126
ROUND 1249 A#48 and B#24 = 304.65
ROUND 1250 A#49 and B#24 = 326.462
ROUND 1251 A#0 and B#25 = 196.079
ROUND 1252 A#1 and B#25 = 341.668
ROUND 1253 A#2 and B#25 = 354.838
ROUND 1254 A#3 and B#25 = 346.56
ROUND 1255 A#4 and B#25 = 321.079
ROUND 1256 A#5 and B#25 = 317.888
ROUND 1257 A#6 and B#25 = 333.591
ROUND 1258 A#7 and B#25 = 281.52
ROUND 1259 A#8 and B#25 = 337.923
ROUND 1260 A#9 and B#25 = 341.484
ROUND 1261 A#10 and B#25 = 331.446
ROUND 1262 A#11 and B#25 = 341.855
ROUND 1263 A#12 and B#25 = 173.658
ROUND 1264 A#13 and B#25 = 338.14
ROUND 1265 A#14 and B#25 = 302.468
ROUND 1266 A#15 and B#25 = 57.1017
ROUND 1267 A#16 and B#25 = 338.693
ROUND 1268 A#17 and B#25 = 339.527
ROUND 1269 A#18 and B#25 = 161.093
ROUND 1270 A#19 and B#25 = 330.39
ROUND 1271 A#20 and B#25 = 295.415
ROUND 1272 A#21 and B#25 = 338.447
ROUND 1273 A#22 and B#25 = 199.882
ROUND 1274 A#23 and B#25 = 157.816
ROUND 1275 A#24 and B#25 = 350.667
ROUND 1276 A#25 and B#25 = 288.015
ROUND 1277 A#26 and B#25 = 199.686
ROUND 1278 A#27 and B#25 = 326.823
ROUND 1279 A#28 and B#25 = 358.167
ROUND 1280 A#29 and B#25 = 274.225
ROUND 1281 A#30 and B#25 = 157.717
ROUND 1282 A#31 and B#25 = 184.323
ROUND 1283 A#32 and B#25 = 341.442
ROUND 1284 A#33 and B#25 = 265.057
ROUND 1285 A#34 and B#25 = 337.354
ROUND 1286 A#35 and B#25 = 329.659
ROUND 1287 A#36 and B#25 = 302.8
ROUND 1288 A#37 and B#25 = 312.229
ROUND 1289 A#38 and B#25 = 340.705
ROUND 1290 A#39 and B#25 = 336.358
ROUND 1291 A#40 and B#25 = 342.436
ROUND 1292 A#41 and B#25 = 345.618
ROUND 1293 A#42 and B#25 = 342.99
ROUND 1294 A#43 and B#25 = 199.55
ROUND 1295 A#44 and B#25 = 201.678
ROUND 1296 A#45 and B#25 = 340.165
ROUND 1297 A#46 and B#25 = 338.467
ROUND 1298 A#47 and B#25 = 441.757
ROUND 1299 A#48 and B#25 = 303.897
ROUND 1300 A#49 and B#25 = 326.71
ROUND 1301 A#0 and B#26 = 356.585
ROUND 1302 A#1 and B#26 = 346.246
ROUND 1303 A#2 and B#26 = 174.271
ROUND 1304 A#3 and B#26 = 269.618
ROUND 1305 A#4 and B#26 = 289.908
ROUND 1306 A#5 and B#26 = 268.281
ROUND 1307 A#6 and B#26 = 325.783
ROUND 1308 A#7 and B#26 = 189.918
ROUND 1309 A#8 and B#26 = 250.186
ROUND 1310 A#9 and B#26 = 326.796
ROUND 1311 A#10 and B#26 = 247.888
ROUND 1312 A#11 and B#26 = 346.758
ROUND 1313 A#12 and B#26 = 355.28
ROUND 1314 A#13 and B#26 = 326.05
ROUND 1315 A#14 and B#26 = 244.46
ROUND 1316 A#15 and B#26 = 86.7092
ROUND 1317 A#16 and B#26 = 327.492
ROUND 1318 A#17 and B#26 = 331.081
ROUND 1319 A#18 and B#26 = 183.953
ROUND 1320 A#19 and B#26 = 305.404
ROUND 1321 A#20 and B#26 = 337.618
ROUND 1322 A#21 and B#26 = 327.179
ROUND 1323 A#22 and B#26 = 355.226
ROUND 1324 A#23 and B#26 = 73.9934
ROUND 1325 A#24 and B#26 = 290.674
ROUND 1326 A#25 and B#26 = 159.984
ROUND 1327 A#26 and B#26 = 136.732
ROUND 1328 A#27 and B#26 = 301.347
ROUND 1329 A#28 and B#26 = 364.567
ROUND 1330 A#29 and B#26 = 299.125
ROUND 1331 A#30 and B#26 = 137.403
ROUND 1332 A#31 and B#26 = 147.041
ROUND 1333 A#32 and B#26 = 332.086
ROUND 1334 A#33 and B#26 = 165.881
ROUND 1335 A#34 and B#26 = 363.059
ROUND 1336 A#35 and B#26 = 287.979
ROUND 1337 A#36 and B#26 = 185.6
ROUND 1338 A#37 and B#26 = 176.597
ROUND 1339 A#38 and B#26 = 251.886
ROUND 1340 A#39 and B#26 = 314.681
ROUND 1341 A#40 and B#26 = 348.525
ROUND 1342 A#41 and B#26 = 327.129
ROUND 1343 A#42 and B#26 = 348.004
ROUND 1344 A#43 and B#26 = 353.679
ROUND 1345 A#44 and B#26 = 353.415
ROUND 1346 A#45 and B#26 = 351.283
ROUND 1347 A#46 and B#26 = 385.473
ROUND 1348 A#47 and B#26 = 304.026
ROUND 1349 A#48 and B#26 = 169.557
ROUND 1350 A#49 and B#26 = 289.495
ROUND 1351 A#0 and B#27 = 441.537
ROUND 1352 A#1 and B#27 = 364.192
ROUND 1353 A#2 and B#27 = 371.859
ROUND 1354 A#3 and B#27 = 153.195
ROUND 1355 A#4 and B#27 = 303.513
ROUND 1356 A#5 and B#27 = 233.415
ROUND 1357 A#6 and B#27 = 417.282
ROUND 1358 A#7 and B#27 = 370.019
ROUND 1359 A#8 and B#27 = 327.736
ROUND 1360 A#9 and B#27 = 418.389
ROUND 1361 A#10 and B#27 = 403.89
ROUND 1362 A#11 and B#27 = 365.214
ROUND 1363 A#12 and B#27 = 439.422
ROUND 1364 A#13 and B#27 = 413.795
ROUND 1365 A#14 and B#27 = 249.064
ROUND 1366 A#15 and B#27 = 190.548
ROUND 1367 A#16 and B#27 = 419.912
ROUND 1368 A#17 and B#27 = 421.155
ROUND 1369 A#18 and B#27 = 362.566
ROUND 1370 A#19 and B#27 = 423.467
ROUND 1371 A#20 and B#27 = 344.118
ROUND 1372 A#21 and B#27 = 418.819
ROUND 1373 A#22 and B#27 = 437.056
ROUND 1374 A#23 and B#27 = 296.093
ROUND 1375 A#24 and B#27 = 314.45
ROUND 1376 A#25 and B#27 = 366.569
ROUND 1377 A#26 and B#27 = 435.728
ROUND 1378 A#27 and B#27 = 320.639
ROUND 1379 A#28 and B#27 = 231.732
ROUND 1380 A#29 and B#27 = 320.263
ROUND 1381 A#30 and B#27 = 369.912
ROUND 1382 A#31 and B#27 = 349.241
ROUND 1383 A#32 and B#27 = 353.308
ROUND 1384 A#33 and B#27 = 379.194
ROUND 1385 A#34 and B#27 = 227.235
ROUND 1386 A#35 and B#27 = 324.107
ROUND 1387 A#36 and B#27 = 374.427
ROUND 1388 A#37 and B#27 = 379.162
ROUND 1389 A#38 and B#27 = 171.327
ROUND 1390 A#39 and B#27 = 337.512
ROUND 1391 A#40 and B#27 = 369.66
ROUND 1392 A#41 and B#27 = 419.568
ROUND 1393 A#42 and B#27 = 367.536
ROUND 1394 A#43 and B#27 = 249.446
ROUND 1395 A#44 and B#27 = 401.868
ROUND 1396 A#45 and B#27 = 368.258
ROUND 1397 A#46 and B#27 = 269.367
ROUND 1398 A#47 and B#27 = 343.83
ROUND 1399 A#48 and B#27 = 369.499
ROUND 1400 A#49 and B#27 = 319.207
ROUND 1401 A#0 and B#28 = 296.256
ROUND 1402 A#1 and B#28 = 369.764
ROUND 1403 A#2 and B#28 = 204.576
ROUND 1404 A#3 and B#28 = 453.836
ROUND 1405 A#4 and B#28 = 420.066
ROUND 1406 A#5 and B#28 = 396.046
ROUND 1407 A#6 and B#28 = 377.83
ROUND 1408 A#7 and B#28 = 208.57
ROUND 1409 A#8 and B#28 = 439.818
ROUND 1410 A#9 and B#28 = 383.602
ROUND 1411 A#10 and B#28 = 385.464
ROUND 1412 A#11 and B#28 = 374.579
ROUND 1413 A#12 and B#28 = 296.08
ROUND 1414 A#13 and B#28 = 378.94
ROUND 1415 A#14 and B#28 = 374.713
ROUND 1416 A#15 and B#28 = 300.012
ROUND 1417 A#16 and B#28 = 381.936
ROUND 1418 A#17 and B#28 = 384.917
ROUND 1419 A#18 and B#28 = 364.555
ROUND 1420 A#19 and B#28 = 392.862
ROUND 1421 A#20 and B#28 = 419.31
ROUND 1422 A#21 and B#28 = 382.357
ROUND 1423 A#22 and B#28 = 295.93
ROUND 1424 A#23 and B#28 = 307.444
ROUND 1425 A#24 and B#28 = 481.104
ROUND 1426 A#25 and B#28 = 303.53
ROUND 1427 A#26 and B#28 = 297.325
ROUND 1428 A#27 and B#28 = 468.938
ROUND 1429 A#28 and B#28 = 426.46
ROUND 1430 A#29 and B#28 = 274.118
ROUND 1431 A#30 and B#28 = 133.986
ROUND 1432 A#31 and B#28 = 129.909
ROUND 1433 A#32 and B#28 = 322.774
ROUND 1434 A#33 and B#28 = 206.542
ROUND 1435 A#34 and B#28 = 425.808
ROUND 1436 A#35 and B#28 = 474.34
ROUND 1437 A#36 and B#28 = 203.988
ROUND 1438 A#37 and B#28 = 206.71
ROUND 1439 A#38 and B#28 = 461.739
ROUND 1440 A#39 and B#28 = 398.546
ROUND 1441 A#40 and B#28 = 376.613
ROUND 1442 A#41 and B#28 = 384.211
ROUND 1443 A#42 and B#28 = 368.916
ROUND 1444 A#43 and B#28 = 296.393
ROUND 1445 A#44 and B#28 = 295.829
ROUND 1446 A#45 and B#28 = 370.559
ROUND 1447 A#46 and B#28 = 438.031
ROUND 1448 A#47 and B#28 = 376.717
ROUND 1449 A#48 and B#28 = 138.562
ROUND 1450 A#49 and B#28 = 352.724
ROUND 1451 A#0 and B#29 = 338.917
ROUND 1452 A#1 and B#29 = 335.363
ROUND 1453 A#2 and B#29 = 346.944
ROUND 1454 A#3 and B#29 = 508.702
ROUND 1455 A#4 and B#29 = 356.539
ROUND 1456 A#5 and B#29 = 396.143
ROUND 1457 A#6 and B#29 = 409.739
ROUND 1458 A#7 and B#29 = 344.842
ROUND 1459 A#8 and B#29 = 346.687
ROUND 1460 A#9 and B#29 = 419.022
ROUND 1461 A#10 and B#29 = 380.149
ROUND 1462 A#11 and B#29 = 336.669
ROUND 1463 A#12 and B#29 = 338.806
ROUND 1464 A#13 and B#29 = 408.595
ROUND 1465 A#14 and B#29 = 371.477
ROUND 1466 A#15 and B#29 = 325.141
ROUND 1467 A#16 and B#29 = 409.304
ROUND 1468 A#17 and B#29 = 416.848
ROUND 1469 A#18 and B#29 = 149.444
ROUND 1470 A#19 and B#29 = 422.573
ROUND 1471 A#20 and B#29 = 401.428
ROUND 1472 A#21 and B#29 = 410.191
ROUND 1473 A#22 and B#29 = 334.78
ROUND 1474 A#23 and B#29 = 147.784
ROUND 1475 A#24 and B#29 = 452.473
ROUND 1476 A#25 and B#29 = 260.753
ROUND 1477 A#26 and B#29 = 334.578
ROUND 1478 A#27 and B#29 = 442.816
ROUND 1479 A#28 and B#29 = 414.265
ROUND 1480 A#29 and B#29 = 243.723
ROUND 1481 A#30 and B#29 = 248.848
ROUND 1482 A#31 and B#29 = 252.159
ROUND 1483 A#32 and B#29 = 342.013
ROUND 1484 A#33 and B#29 = 350.157
ROUND 1485 A#34 and B#29 = 412.581
ROUND 1486 A#35 and B#29 = 442.353
ROUND 1487 A#36 and B#29 = 331.811
ROUND 1488 A#37 and B#29 = 349.431
ROUND 1489 A#38 and B#29 = 516.062
ROUND 1490 A#39 and B#29 = 394.33
ROUND 1491 A#40 and B#29 = 337.202
ROUND 1492 A#41 and B#29 = 419.068
ROUND 1493 A#42 and B#29 = 339.331
ROUND 1494 A#43 and B#29 = 337.563
ROUND 1495 A#44 and B#29 = 193.696
ROUND 1496 A#45 and B#29 = 339.433
ROUND 1497 A#46 and B#29 = 460.759
ROUND 1498 A#47 and B#29 = 493.082
ROUND 1499 A#48 and B#29 = 307.121
ROUND 1500 A#49 and B#29 = 448.842
ROUND 1501 A#0 and B#30 = 258.362
ROUND 1502 A#1 and B#30 = 458.385
ROUND 1503 A#2 and B#30 = 386.091
ROUND 1504 A#3 and B#30 = 403.465
ROUND 1505 A#4 and B#30 = 293.34
ROUND 1506 A#5 and B#30 = 413.59
ROUND 1507 A#6 and B#30 = 339.005
ROUND 1508 A#7 and B#30 = 386.784
ROUND 1509 A#8 and B#30 = 331.48
ROUND 1510 A#9 and B#30 = 344.899
ROUND 1511 A#10 and B#30 = 413.947
ROUND 1512 A#11 and B#30 = 456.862
ROUND 1513 A#12 and B#30 = 262.999
ROUND 1514 A#13 and B#30 = 344.545
ROUND 1515 A#14 and B#30 = 431.267
ROUND 1516 A#15 and B#30 = 189.935
ROUND 1517 A#16 and B#30 = 343.914
ROUND 1518 A#17 and B#30 = 347.649
ROUND 1519 A#18 and B#30 = 172.664
ROUND 1520 A#19 and B#30 = 325.982
ROUND 1521 A#20 and B#30 = 383.004
ROUND 1522 A#21 and B#30 = 344.151
ROUND 1523 A#22 and B#30 = 255.767
ROUND 1524 A#23 and B#30 = 168.998
ROUND 1525 A#24 and B#30 = 419.557
ROUND 1526 A#25 and B#30 = 272.889
ROUND 1527 A#26 and B#30 = 261.948
ROUND 1528 A#27 and B#30 = 323.44
ROUND 1529 A#28 and B#30 = 409.41
ROUND 1530 A#29 and B#30 = 306.43
ROUND 1531 A#30 and B#30 = 165.689
ROUND 1532 A#31 and B#30 = 164.964
ROUND 1533 A#32 and B#30 = 445.822
ROUND 1534 A#33 and B#30 = 389.814
ROUND 1535 A#34 and B#30 = 413.187
ROUND 1536 A#35 and B#30 = 329.672
ROUND 1537 A#36 and B#30 = 382.529
ROUND 1538 A#37 and B#30 = 390.362
ROUND 1539 A#38 and B#30 = 392.936
ROUND 1540 A#39 and B#30 = 417.31
ROUND 1541 A#40 and B#30 = 367.448
ROUND 1542 A#41 and B#30 = 342.966
ROUND 1543 A#42 and B#30 = 457.236
ROUND 1544 A#43 and B#30 = 257.947
ROUND 1545 A#44 and B#30 = 268.507
ROUND 1546 A#45 and B#30 = 458.951
ROUND 1547 A#46 and B#30 = 313.737
ROUND 1548 A#47 and B#30 = 367.279
ROUND 1549 A#48 and B#30 = 269.108
ROUND 1550 A#49 and B#30 = 328.692
ROUND 1551 A#0 and B#31 = 335.458
ROUND 1552 A#1 and B#31 = 328.353
ROUND 1553 A#2 and B#31 = 155.401
ROUND 1554 A#3 and B#31 = 300.232
ROUND 1555 A#4 and B#31 = 321.191
ROUND 1556 A#5 and B#31 = 313.292
ROUND 1557 A#6 and B#31 = 330.332
ROUND 1558 A#7 and B#31 = 321.646
ROUND 1559 A#8 and B#31 = 294.366
ROUND 1560 A#9 and B#31 = 338.505
ROUND 1561 A#10 and B#31 = 311.494
ROUND 1562 A#11 and B#31 = 327.421
ROUND 1563 A#12 and B#31 = 335.057
ROUND 1564 A#13 and B#31 = 332.959
ROUND 1565 A#14 and B#31 = 295.715
ROUND 1566 A#15 and B#31 = 236.911
ROUND 1567 A#16 and B#31 = 335.317
ROUND 1568 A#17 and B#31 = 334.99
ROUND 1569 A#18 and B#31 = 266.197
ROUND 1570 A#19 and B#31 = 358.418
ROUND 1571 A#20 and B#31 = 323.098
ROUND 1572 A#21 and B#31 = 334.066
ROUND 1573 A#22 and B#31 = 335.503
ROUND 1574 A#23 and B#31 = 262.9
ROUND 1575 A#24 and B#31 = 349.592
ROUND 1576 A#25 and B#31 = 229.785
ROUND 1577 A#26 and B#31 = 335.602
ROUND 1578 A#27 and B#31 = 321.092
ROUND 1579 A#28 and B#31 = 389.705
ROUND 1580 A#29 and B#31 = 339.508
ROUND 1581 A#30 and B#31 = 175.566
ROUND 1582 A#31 and B#31 = 175.275
ROUND 1583 A#32 and B#31 = 340.276
ROUND 1584 A#33 and B#31 = 190.784
ROUND 1585 A#34 and B#31 = 366.378
ROUND 1586 A#35 and B#31 = 320.86
ROUND 1587 A#36 and B#31 = 196.485
ROUND 1588 A#37 and B#31 = 193.058
ROUND 1589 A#38 and B#31 = 293.406
ROUND 1590 A#39 and B#31 = 316.77
ROUND 1591 A#40 and B#31 = 330.435
ROUND 1592 A#41 and B#31 = 343.291
ROUND 1593 A#42 and B#31 = 329.581
ROUND 1594 A#43 and B#31 = 197.179
ROUND 1595 A#44 and B#31 = 334.263
ROUND 1596 A#45 and B#31 = 331.178
ROUND 1597 A#46 and B#31 = 325.847
ROUND 1598 A#47 and B#31 = 470.263
ROUND 1599 A#48 and B#31 = 328.755
ROUND 1600 A#49 and B#31 = 325.763
ROUND 1601 A#0 and B#32 = 258.11
ROUND 1602 A#1 and B#32 = 458.636
ROUND 1603 A#2 and B#32 = 386.714
ROUND 1604 A#3 and B#32 = 404.703
ROUND 1605 A#4 and B#32 = 294.089
ROUND 1606 A#5 and B#32 = 413.369
ROUND 1607 A#6 and B#32 = 339.324
ROUND 1608 A#7 and B#32 = 387.475
ROUND 1609 A#8 and B#32 = 332.056
ROUND 1610 A#9 and B#32 = 347.163
ROUND 1611 A#10 and B#32 = 414.166
ROUND 1612 A#11 and B#32 = 457.183
ROUND 1613 A#12 and B#32 = 263.062
ROUND 1614 A#13 and B#32 = 345.159
ROUND 1615 A#14 and B#32 = 431.838
ROUND 1616 A#15 and B#32 = 189.705
ROUND 1617 A#16 and B#32 = 344.86
ROUND 1618 A#17 and B#32 = 348.477
ROUND 1619 A#18 and B#32 = 173.877
ROUND 1620 A#19 and B#32 = 327.726
ROUND 1621 A#20 and B#32 = 383.012
ROUND 1622 A#21 and B#32 = 345.066
ROUND 1623 A#22 and B#32 = 269.709
ROUND 1624 A#23 and B#32 = 168.922
ROUND 1625 A#24 and B#32 = 419.363
ROUND 1626 A#25 and B#32 = 274.508
ROUND 1627 A#26 and B#32 = 261.993
ROUND 1628 A#27 and B#32 = 323.533
ROUND 1629 A#28 and B#32 = 408.598
ROUND 1630 A#29 and B#32 = 307.386
ROUND 1631 A#30 and B#32 = 166.289
ROUND 1632 A#31 and B#32 = 165.007
ROUND 1633 A#32 and B#32 = 445.945
ROUND 1634 A#33 and B#32 = 390.349
ROUND 1635 A#34 and B#32 = 412.775
ROUND 1636 A#35 and B#32 = 329.209
ROUND 1637 A#36 and B#32 = 383.109
ROUND 1638 A#37 and B#32 = 182.711
ROUND 1639 A#38 and B#32 = 394.024
ROUND 1640 A#39 and B#32 = 416.69
ROUND 1641 A#40 and B#32 = 367.825
ROUND 1642 A#41 and B#32 = 345.055
ROUND 1643 A#42 and B#32 = 457.564
ROUND 1644 A#43 and B#32 = 257.861
ROUND 1645 A#44 and B#32 = 268.663
ROUND 1646 A#45 and B#32 = 459.132
ROUND 1647 A#46 and B#32 = 312.961
ROUND 1648 A#47 and B#32 = 367.855
ROUND 1649 A#48 and B#32 = 269.81
ROUND 1650 A#49 and B#32 = 327.979
ROUND 1651 A#0 and B#33 = 339.069
ROUND 1652 A#1 and B#33 = 345.096
ROUND 1653 A#2 and B#33 = 182.48
ROUND 1654 A#3 and B#33 = 337.103
ROUND 1655 A#4 and B#33 = 170.233
ROUND 1656 A#5 and B#33 = 341.5
ROUND 1657 A#6 and B#33 = 331.132
ROUND 1658 A#7 and B#33 = 184.04
ROUND 1659 A#8 and B#33 = 364.89
ROUND 1660 A#9 and B#33 = 345.301
ROUND 1661 A#10 and B#33 = 365.48
ROUND 1662 A#11 and B#33 = 344.797
ROUND 1663 A#12 and B#33 = 338.153
ROUND 1664 A#13 and B#33 = 331.948
ROUND 1665 A#14 and B#33 = 315.971
ROUND 1666 A#15 and B#33 = 233.943
ROUND 1667 A#16 and B#33 = 333.188
ROUND 1668 A#17 and B#33 = 342.135
ROUND 1669 A#18 and B#33 = 149.88
ROUND 1670 A#19 and B#33 = 360.052
ROUND 1671 A#20 and B#33 = 317.385
ROUND 1672 A#21 and B#33 = 332.434
ROUND 1673 A#22 and B#33 = 338.767
ROUND 1674 A#23 and B#33 = 145.575
ROUND 1675 A#24 and B#33 = 362.88
ROUND 1676 A#25 and B#33 = 228.243
ROUND 1677 A#26 and B#33 = 338.628
ROUND 1678 A#27 and B#33 = 190.045
ROUND 1679 A#28 and B#33 = 385.461
ROUND 1680 A#29 and B#33 = 172.611
ROUND 1681 A#30 and B#33 = 191.084
ROUND 1682 A#31 and B#33 = 160.817
ROUND 1683 A#32 and B#33 = 361.45
ROUND 1684 A#33 and B#33 = 184.995
ROUND 1685 A#34 and B#33 = 362.466
ROUND 1686 A#35 and B#33 = 181.775
ROUND 1687 A#36 and B#33 = 184.915
ROUND 1688 A#37 and B#33 = 187.244
ROUND 1689 A#38 and B#33 = 334.7
ROUND 1690 A#39 and B#33 = 387.44
ROUND 1691 A#40 and B#33 = 347.083
ROUND 1692 A#41 and B#33 = 349.746
ROUND 1693 A#42 and B#33 = 346.975
ROUND 1694 A#43 and B#33 = 338.051
ROUND 1695 A#44 and B#33 = 338.001
ROUND 1696 A#45 and B#33 = 348.476
ROUND 1697 A#46 and B#33 = 332.03
ROUND 1698 A#47 and B#33 = 486.553
ROUND 1699 A#48 and B#33 = 190.425
ROUND 1700 A#49 and B#33 = 325.515
ROUND 1701 A#0 and B#34 = 339.568
ROUND 1702 A#1 and B#34 = 335.684
ROUND 1703 A#2 and B#34 = 275.605
ROUND 1704 A#3 and B#34 = 302.818
ROUND 1705 A#4 and B#34 = 374.13
ROUND 1706 A#5 and B#34 = 333.772
ROUND 1707 A#6 and B#34 = 311.462
ROUND 1708 A#7 and B#34 = 275.968
ROUND 1709 A#8 and B#34 = 307.876
ROUND 1710 A#9 and B#34 = 289.158
ROUND 1711 A#10 and B#34 = 340.27
ROUND 1712 A#11 and B#34 = 335.046
ROUND 1713 A#12 and B#34 = 336.738
ROUND 1714 A#13 and B#34 = 303.291
ROUND 1715 A#14 and B#34 = 240.166
ROUND 1716 A#15 and B#34 = 165.474
ROUND 1717 A#16 and B#34 = 300.066
ROUND 1718 A#17 and B#34 = 307.198
ROUND 1719 A#18 and B#34 = 454.334
ROUND 1720 A#19 and B#34 = 283.186
ROUND 1721 A#20 and B#34 = 342.25
ROUND 1722 A#21 and B#34 = 299.713
ROUND 1723 A#22 and B#34 = 337.202
ROUND 1724 A#23 and B#34 = 453.197
ROUND 1725 A#24 and B#34 = 292.459
ROUND 1726 A#25 and B#34 = 202.985
ROUND 1727 A#26 and B#34 = 337.319
ROUND 1728 A#27 and B#34 = 260.902
ROUND 1729 A#28 and B#34 = 369.853
ROUND 1730 A#29 and B#34 = 325.657
ROUND 1731 A#30 and B#34 = 104.403
ROUND 1732 A#31 and B#34 = 133.422
ROUND 1733 A#32 and B#34 = 311.507
ROUND 1734 A#33 and B#34 = 294.404
ROUND 1735 A#34 and B#34 = 367.731
ROUND 1736 A#35 and B#34 = 260.504
ROUND 1737 A#36 and B#34 = 350.219
ROUND 1738 A#37 and B#34 = 164.528
ROUND 1739 A#38 and B#34 = 317.699
ROUND 1740 A#39 and B#34 = 310.394
ROUND 1741 A#40 and B#34 = 340.591
ROUND 1742 A#41 and B#34 = 289.355
ROUND 1743 A#42 and B#34 = 338.043
ROUND 1744 A#43 and B#34 = 336.427
ROUND 1745 A#44 and B#34 = 336.427
ROUND 1746 A#45 and B#34 = 341.541
ROUND 1747 A#46 and B#34 = 349.632
ROUND 1748 A#47 and B#34 = 314.552
ROUND 1749 A#48 and B#34 = 255.153
ROUND 1750 A#49 and B#34 = 270.268
ROUND 1751 A#0 and B#35 = 413.039
ROUND 1752 A#1 and B#35 = 359.628
ROUND 1753 A#2 and B#35 = 363.623
ROUND 1754 A#3 and B#35 = 165.769
ROUND 1755 A#4 and B#35 = 304.355
ROUND 1756 A#5 and B#35 = 387.344
ROUND 1757 A#6 and B#35 = 426.859
ROUND 1758 A#7 and B#35 = 361.653
ROUND 1759 A#8 and B#35 = 255.561
ROUND 1760 A#9 and B#35 = 422.867
ROUND 1761 A#10 and B#35 = 401.232
ROUND 1762 A#11 and B#35 = 361.523
ROUND 1763 A#12 and B#35 = 413.172
ROUND 1764 A#13 and B#35 = 421.915
ROUND 1765 A#14 and B#35 = 373.405
ROUND 1766 A#15 and B#35 = 143.16
ROUND 1767 A#16 and B#35 = 429.105
ROUND 1768 A#17 and B#35 = 426.43
ROUND 1769 A#18 and B#35 = 368.235
ROUND 1770 A#19 and B#35 = 437.166
ROUND 1771 A#20 and B#35 = 336.127
ROUND 1772 A#21 and B#35 = 427.835
ROUND 1773 A#22 and B#35 = 409.878
ROUND 1774 A#23 and B#35 = 299.856
ROUND 1775 A#24 and B#35 = 309.132
ROUND 1776 A#25 and B#35 = 357.458
ROUND 1777 A#26 and B#35 = 409.531
ROUND 1778 A#27 and B#35 = 319.504
ROUND 1779 A#28 and B#35 = 397.262
ROUND 1780 A#29 and B#35 = 268.282
ROUND 1781 A#30 and B#35 = 290.903
ROUND 1782 A#31 and B#35 = 292.029
ROUND 1783 A#32 and B#35 = 352.052
ROUND 1784 A#33 and B#35 = 369.424
ROUND 1785 A#34 and B#35 = 385.468
ROUND 1786 A#35 and B#35 = 323.743
ROUND 1787 A#36 and B#35 = 366.307
ROUND 1788 A#37 and B#35 = 370.702
ROUND 1789 A#38 and B#35 = 186.478
ROUND 1790 A#39 and B#35 = 328.553
ROUND 1791 A#40 and B#35 = 364.274
ROUND 1792 A#41 and B#35 = 424.413
ROUND 1793 A#42 and B#35 = 361.871
ROUND 1794 A#43 and B#35 = 381.482
ROUND 1795 A#44 and B#35 = 379.76
ROUND 1796 A#45 and B#35 = 359.952
ROUND 1797 A#46 and B#35 = 269.109
ROUND 1798 A#47 and B#35 = 350.645
ROUND 1799 A#48 and B#35 = 377.967
ROUND 1800 A#49 and B#35 = 315.431
ROUND 1801 A#0 and B#36 = 289.007
ROUND 1802 A#1 and B#36 = 327.843
ROUND 1803 A#2 and B#36 = 170.481
ROUND 1804 A#3 and B#36 = 403.289
ROUND 1805 A#4 and B#36 = 386.466
ROUND 1806 A#5 and B#36 = 391.139
ROUND 1807 A#6 and B#36 = 370.382
ROUND 1808 A#7 and B#36 = 173.071
ROUND 1809 A#8 and B#36 = 461.176
ROUND 1810 A#9 and B#36 = 370.186
ROUND 1811 A#10 and B#36 = 378.37
ROUND 1812 A#11 and B#36 = 335.287
ROUND 1813 A#12 and B#36 = 288.882
ROUND 1814 A#13 and B#36 = 372.417
ROUND 1815 A#14 and B#36 = 381.678
ROUND 1816 A#15 and B#36 = 160.729
ROUND 1817 A#16 and B#36 = 372.464
ROUND 1818 A#17 and B#36 = 374.581
ROUND 1819 A#18 and B#36 = 128.08
ROUND 1820 A#19 and B#36 = 380.692
ROUND 1821 A#20 and B#36 = 337.205
ROUND 1822 A#21 and B#36 = 372.594
ROUND 1823 A#22 and B#36 = 287.5
ROUND 1824 A#23 and B#36 = 309.35
ROUND 1825 A#24 and B#36 = 381.97
ROUND 1826 A#25 and B#36 = 298.507
ROUND 1827 A#26 and B#36 = 284.512
ROUND 1828 A#27 and B#36 = 366.356
ROUND 1829 A#28 and B#36 = 414.49
ROUND 1830 A#29 and B#36 = 324.006
ROUND 1831 A#30 and B#36 = 147.165
ROUND 1832 A#31 and B#36 = 147.625
ROUND 1833 A#32 and B#36 = 287.1
ROUND 1834 A#33 and B#36 = 168.387
ROUND 1835 A#34 and B#36 = 409.534
ROUND 1836 A#35 and B#36 = 390.79
ROUND 1837 A#36 and B#36 = 170.052
ROUND 1838 A#37 and B#36 = 169.952
ROUND 1839 A#38 and B#36 = 395.504
ROUND 1840 A#39 and B#36 = 283.479
ROUND 1841 A#40 and B#36 = 334.764
ROUND 1842 A#41 and B#36 = 369.474
ROUND 1843 A#42 and B#36 = 332.997
ROUND 1844 A#43 and B#36 = 285.299
ROUND 1845 A#44 and B#36 = 286.963
ROUND 1846 A#45 and B#36 = 335.194
ROUND 1847 A#46 and B#36 = 388.094
ROUND 1848 A#47 and B#36 = 345.818
ROUND 1849 A#48 and B#36 = 148.991
ROUND 1850 A#49 and B#36 = 391.285
ROUND 1851 A#0 and B#37 = 367.863
ROUND 1852 A#1 and B#37 = 349.842
ROUND 1853 A#2 and B#37 = 382.432
ROUND 1854 A#3 and B#37 = 349.675
ROUND 1855 A#4 and B#37 = 289.755
ROUND 1856 A#5 and B#37 = 338.304
ROUND 1857 A#6 and B#37 = 328.757
ROUND 1858 A#7 and B#37 = 374.759
ROUND 1859 A#8 and B#37 = 304.005
ROUND 1860 A#9 and B#37 = 310.458
ROUND 1861 A#10 and B#37 = 338.347
ROUND 1862 A#11 and B#37 = 350.346
ROUND 1863 A#12 and B#37 = 383.074
ROUND 1864 A#13 and B#37 = 322.928
ROUND 1865 A#14 and B#37 = 335.614
ROUND 1866 A#15 and B#37 = 121.977
ROUND 1867 A#16 and B#37 = 321.992
ROUND 1868 A#17 and B#37 = 319.5
ROUND 1869 A#18 and B#37 = 254.566
ROUND 1870 A#19 and B#37 = 324.53
ROUND 1871 A#20 and B#37 = 339.448
ROUND 1872 A#21 and B#37 = 321.94
ROUND 1873 A#22 and B#37 = 376.18
ROUND 1874 A#23 and B#37 = 254.47
ROUND 1875 A#24 and B#37 = 352.675
ROUND 1876 A#25 and B#37 = 255.966
ROUND 1877 A#26 and B#37 = 362.53
ROUND 1878 A#27 and B#37 = 360.994
ROUND 1879 A#28 and B#37 = 360.024
ROUND 1880 A#29 and B#37 = 264.39
ROUND 1881 A#30 and B#37 = 175.073
ROUND 1882 A#31 and B#37 = 253.78
ROUND 1883 A#32 and B#37 = 333.938
ROUND 1884 A#33 and B#37 = 74.9248
ROUND 1885 A#34 and B#37 = 358.095
ROUND 1886 A#35 and B#37 = 362.86
ROUND 1887 A#36 and B#37 = 384.36
ROUND 1888 A#37 and B#37 = 124.754
ROUND 1889 A#38 and B#37 = 350.058
ROUND 1890 A#39 and B#37 = 338.005
ROUND 1891 A#40 and B#37 = 355.589
ROUND 1892 A#41 and B#37 = 313.47
ROUND 1893 A#42 and B#37 = 287.516
ROUND 1894 A#43 and B#37 = 310.166
ROUND 1895 A#44 and B#37 = 310.759
ROUND 1896 A#45 and B#37 = 247.347
ROUND 1897 A#46 and B#37 = 368.604
ROUND 1898 A#47 and B#37 = 470.367
ROUND 1899 A#48 and B#37 = 173.239
ROUND 1900 A#49 and B#37 = 368.143
ROUND 1901 A#0 and B#38 = 258.384
ROUND 1902 A#1 and B#38 = 458.566
ROUND 1903 A#2 and B#38 = 386.001
ROUND 1904 A#3 and B#38 = 403.593
ROUND 1905 A#4 and B#38 = 293.785
ROUND 1906 A#5 and B#38 = 413.369
ROUND 1907 A#6 and B#38 = 338.723
ROUND 1908 A#7 and B#38 = 386.681
ROUND 1909 A#8 and B#38 = 331.436
ROUND 1910 A#9 and B#38 = 344.375
ROUND 1911 A#10 and B#38 = 413.74
ROUND 1912 A#11 and B#38 = 457.076
ROUND 1913 A#12 and B#38 = 262.918
ROUND 1914 A#13 and B#38 = 344.126
ROUND 1915 A#14 and B#38 = 431.114
ROUND 1916 A#15 and B#38 = 189.368
ROUND 1917 A#16 and B#38 = 343.591
ROUND 1918 A#17 and B#38 = 347.36
ROUND 1919 A#18 and B#38 = 173.697
ROUND 1920 A#19 and B#38 = 325.721
ROUND 1921 A#20 and B#38 = 382.887
ROUND 1922 A#21 and B#38 = 343.86
ROUND 1923 A#22 and B#38 = 270.043
ROUND 1924 A#23 and B#38 = 168.902
ROUND 1925 A#24 and B#38 = 419.727
ROUND 1926 A#25 and B#38 = 272.718
ROUND 1927 A#26 and B#38 = 261.604
ROUND 1928 A#27 and B#38 = 323.303
ROUND 1929 A#28 and B#38 = 409.271
ROUND 1930 A#29 and B#38 = 306.25
ROUND 1931 A#30 and B#38 = 164.803
ROUND 1932 A#31 and B#38 = 163.539
ROUND 1933 A#32 and B#38 = 445.69
ROUND 1934 A#33 and B#38 = 389.721
ROUND 1935 A#34 and B#38 = 413.042
ROUND 1936 A#35 and B#38 = 329.536
ROUND 1937 A#36 and B#38 = 382.397
ROUND 1938 A#37 and B#38 = 390.258
ROUND 1939 A#38 and B#38 = 393.008
ROUND 1940 A#39 and B#38 = 417.14
ROUND 1941 A#40 and B#38 = 367.965
ROUND 1942 A#41 and B#38 = 342.436
ROUND 1943 A#42 and B#38 = 457.463
ROUND 1944 A#43 and B#38 = 257.922
ROUND 1945 A#44 and B#38 = 268.449
ROUND 1946 A#45 and B#38 = 459.212
ROUND 1947 A#46 and B#38 = 313.641
ROUND 1948 A#47 and B#38 = 367.261
ROUND 1949 A#48 and B#38 = 269.227
ROUND 1950 A#49 and B#38 = 328.524
ROUND 1951 A#0 and B#39 = 170.836
ROUND 1952 A#1 and B#39 = 317.461
ROUND 1953 A#2 and B#39 = 309.794
ROUND 1954 A#3 and B#39 = 330.458
ROUND 1955 A#4 and B#39 = 257.566
ROUND 1956 A#5 and B#39 = 331.413
ROUND 1957 A#6 and B#39 = 348.404
ROUND 1958 A#7 and B#39 = 310.143
ROUND 1959 A#8 and B#39 = 339.169
ROUND 1960 A#9 and B#39 = 360.713
ROUND 1961 A#10 and B#39 = 309.136
ROUND 1962 A#11 and B#39 = 251.607
ROUND 1963 A#12 and B#39 = 281.345
ROUND 1964 A#13 and B#39 = 351.033
ROUND 1965 A#14 and B#39 = 313.39
ROUND 1966 A#15 and B#39 = 57.1586
ROUND 1967 A#16 and B#39 = 353.04
ROUND 1968 A#17 and B#39 = 357.347
ROUND 1969 A#18 and B#39 = 158.395
ROUND 1970 A#19 and B#39 = 344.82
ROUND 1971 A#20 and B#39 = 296.922
ROUND 1972 A#21 and B#39 = 352.305
ROUND 1973 A#22 and B#39 = 173.395
ROUND 1974 A#23 and B#39 = 156.8
ROUND 1975 A#24 and B#39 = 344.068
ROUND 1976 A#25 and B#39 = 283.348
ROUND 1977 A#26 and B#39 = 169.761
ROUND 1978 A#27 and B#39 = 340.742
ROUND 1979 A#28 and B#39 = 368.234
ROUND 1980 A#29 and B#39 = 280.926
ROUND 1981 A#30 and B#39 = 185.469
ROUND 1982 A#31 and B#39 = 132.63
ROUND 1983 A#32 and B#39 = 339.669
ROUND 1984 A#33 and B#39 = 174.191
ROUND 1985 A#34 and B#39 = 346.55
ROUND 1986 A#35 and B#39 = 338.992
ROUND 1987 A#36 and B#39 = 204.081
ROUND 1988 A#37 and B#39 = 176.316
ROUND 1989 A#38 and B#39 = 320.895
ROUND 1990 A#39 and B#39 = 351.627
ROUND 1991 A#40 and B#39 = 321.331
ROUND 1992 A#41 and B#39 = 365.209
ROUND 1993 A#42 and B#39 = 322.03
ROUND 1994 A#43 and B#39 = 199.928
ROUND 1995 A#44 and B#39 = 200.471
ROUND 1996 A#45 and B#39 = 322.951
ROUND 1997 A#46 and B#39 = 340.776
ROUND 1998 A#47 and B#39 = 443.99
ROUND 1999 A#48 and B#39 = 157.71
ROUND 2000 A#49 and B#39 = 332.789
ROUND 2001 A#0 and B#40 = 414.534
ROUND 2002 A#1 and B#40 = 359.591
ROUND 2003 A#2 and B#40 = 364.034
ROUND 2004 A#3 and B#40 = 165.715
ROUND 2005 A#4 and B#40 = 306.494
ROUND 2006 A#5 and B#40 = 384.852
ROUND 2007 A#6 and B#40 = 425.431
ROUND 2008 A#7 and B#40 = 361.95
ROUND 2009 A#8 and B#40 = 252.934
ROUND 2010 A#9 and B#40 = 420.968
ROUND 2011 A#10 and B#40 = 398.534
ROUND 2012 A#11 and B#40 = 361.869
ROUND 2013 A#12 and B#40 = 413.2
ROUND 2014 A#13 and B#40 = 420.7
ROUND 2015 A#14 and B#40 = 367.545
ROUND 2016 A#15 and B#40 = 144.372
ROUND 2017 A#16 and B#40 = 427.286
ROUND 2018 A#17 and B#40 = 425.477
ROUND 2019 A#18 and B#40 = 368.729
ROUND 2020 A#19 and B#40 = 436.158
ROUND 2021 A#20 and B#40 = 335.619
ROUND 2022 A#21 and B#40 = 426.351
ROUND 2023 A#22 and B#40 = 410.561
ROUND 2024 A#23 and B#40 = 299.96
ROUND 2025 A#24 and B#40 = 318.093
ROUND 2026 A#25 and B#40 = 356.911
ROUND 2027 A#26 and B#40 = 410.455
ROUND 2028 A#27 and B#40 = 320.646
ROUND 2029 A#28 and B#40 = 395.704
ROUND 2030 A#29 and B#40 = 265.999
ROUND 2031 A#30 and B#40 = 291.621
ROUND 2032 A#31 and B#40 = 289.912
ROUND 2033 A#32 and B#40 = 350.288
ROUND 2034 A#33 and B#40 = 370.274
ROUND 2035 A#34 and B#40 = 226.956
ROUND 2036 A#35 and B#40 = 324.695
ROUND 2037 A#36 and B#40 = 366.825
ROUND 2038 A#37 and B#40 = 371.067
ROUND 2039 A#38 and B#40 = 184.355
ROUND 2040 A#39 and B#40 = 328.354
ROUND 2041 A#40 and B#40 = 364.856
ROUND 2042 A#41 and B#40 = 422.25
ROUND 2043 A#42 and B#40 = 362.411
ROUND 2044 A#43 and B#40 = 380.583
ROUND 2045 A#44 and B#40 = 380.676
ROUND 2046 A#45 and B#40 = 360.435
ROUND 2047 A#46 and B#40 = 268.121
ROUND 2048 A#47 and B#40 = 352.153
ROUND 2049 A#48 and B#40 = 377.779
ROUND 2050 A#49 and B#40 = 317.415
ROUND 2051 A#0 and B#41 = 163.059
ROUND 2052 A#1 and B#41 = 348.285
ROUND 2053 A#2 and B#41 = 193.299
ROUND 2054 A#3 and B#41 = 364.023
ROUND 2055 A#4 and B#41 = 264.08
ROUND 2056 A#5 and B#41 = 306.955
ROUND 2057 A#6 and B#41 = 371.218
ROUND 2058 A#7 and B#41 = 192.427
ROUND 2059 A#8 and B#41 = 376.284
ROUND 2060 A#9 and B#41 = 368.984
ROUND 2061 A#10 and B#41 = 307.848
ROUND 2062 A#11 and B#41 = 345.658
ROUND 2063 A#12 and B#41 = 162.852
ROUND 2064 A#13 and B#41 = 375.105
ROUND 2065 A#14 and B#41 = 286.974
ROUND 2066 A#15 and B#41 = 280.55
ROUND 2067 A#16 and B#41 = 375.623
ROUND 2068 A#17 and B#41 = 375.84
ROUND 2069 A#18 and B#41 = 281.625
ROUND 2070 A#19 and B#41 = 382.154
ROUND 2071 A#20 and B#41 = 311.151
ROUND 2072 A#21 and B#41 = 374.988
ROUND 2073 A#22 and B#41 = 163.414
ROUND 2074 A#23 and B#41 = 278.583
ROUND 2075 A#24 and B#41 = 283.33
ROUND 2076 A#25 and B#41 = 221.228
ROUND 2077 A#26 and B#41 = 163.441
ROUND 2078 A#27 and B#41 = 341.822
ROUND 2079 A#28 and B#41 = 342.096
ROUND 2080 A#29 and B#41 = 309.411
ROUND 2081 A#30 and B#41 = 186.166
ROUND 2082 A#31 and B#41 = 181.562
ROUND 2083 A#32 and B#41 = 357.857
ROUND 2084 A#33 and B#41 = 236.396
ROUND 2085 A#34 and B#41 = 364.399
ROUND 2086 A#35 and B#41 = 341.126
ROUND 2087 A#36 and B#41 = 137.395
ROUND 2088 A#37 and B#41 = 134.837
ROUND 2089 A#38 and B#41 = 358.842
ROUND 2090 A#39 and B#41 = 349.123
ROUND 2091 A#40 and B#41 = 387.952
ROUND 2092 A#41 and B#41 = 368.376
ROUND 2093 A#42 and B#41 = 343.646
ROUND 2094 A#43 and B#41 = 194.345
ROUND 2095 A#44 and B#41 = 164.962
ROUND 2096 A#45 and B#41 = 342.806
ROUND 2097 A#46 and B#41 = 478.455
ROUND 2098 A#47 and B#41 = 452.093
ROUND 2099 A#48 and B#41 = 276.923
ROUND 2100 A#49 and B#41 = 343.251
ROUND 2101 A#0 and B#42 = 279.925
ROUND 2102 A#1 and B#42 = 316.664
ROUND 2103 A#2 and B#42 = 201.453
ROUND 2104 A#3 and B#42 = 326.784
ROUND 2105 A#4 and B#42 = 356.957
ROUND 2106 A#5 and B#42 = 333.375
ROUND 2107 A#6 and B#42 = 348.701
ROUND 2108 A#7 and B#42 = 306.646
ROUND 2109 A#8 and B#42 = 338.515
ROUND 2110 A#9 and B#42 = 358.86
ROUND 2111 A#10 and B#42 = 308.389
ROUND 2112 A#11 and B#42 = 250.171
ROUND 2113 A#12 and B#42 = 279.973
ROUND 2114 A#13 and B#42 = 352.074
ROUND 2115 A#14 and B#42 = 273.692
ROUND 2116 A#15 and B#42 = 232.133
ROUND 2117 A#16 and B#42 = 354.321
ROUND 2118 A#17 and B#42 = 355.85
ROUND 2119 A#18 and B#42 = 159.639
ROUND 2120 A#19 and B#42 = 343.652
ROUND 2121 A#20 and B#42 = 293.884
ROUND 2122 A#21 and B#42 = 353.472
ROUND 2123 A#22 and B#42 = 279.813
ROUND 2124 A#23 and B#42 = 156.126
ROUND 2125 A#24 and B#42 = 351.051
ROUND 2126 A#25 and B#42 = 281.932
ROUND 2127 A#26 and B#42 = 279.418
ROUND 2128 A#27 and B#42 = 339.853
ROUND 2129 A#28 and B#42 = 371.512
ROUND 2130 A#29 and B#42 = 279.738
ROUND 2131 A#30 and B#42 = 296.111
ROUND 2132 A#31 and B#42 = 130.729
ROUND 2133 A#32 and B#42 = 340.343
ROUND 2134 A#33 and B#42 = 195.483
ROUND 2135 A#34 and B#42 = 346.46
ROUND 2136 A#35 and B#42 = 338.318
ROUND 2137 A#36 and B#42 = 202.821
ROUND 2138 A#37 and B#42 = 196.829
ROUND 2139 A#38 and B#42 = 317
ROUND 2140 A#39 and B#42 = 354.402
ROUND 2141 A#40 and B#42 = 319.883
ROUND 2142 A#41 and B#42 = 362.918
ROUND 2143 A#42 and B#42 = 320.689
ROUND 2144 A#43 and B#42 = 198.611
ROUND 2145 A#44 and B#42 = 198.993
ROUND 2146 A#45 and B#42 = 321.644
ROUND 2147 A#46 and B#42 = 341.04
ROUND 2148 A#47 and B#42 = 441.369
ROUND 2149 A#48 and B#42 = 157.779
ROUND 2150 A#49 and B#42 = 331.5
ROUND 2151 A#0 and B#43 = 349.736
ROUND 2152 A#1 and B#43 = 332.023
ROUND 2153 A#2 and B#43 = 178.576
ROUND 2154 A#3 and B#43 = 328.67
ROUND 2155 A#4 and B#43 = 346.597
ROUND 2156 A#5 and B#43 = 299.593
ROUND 2157 A#6 and B#43 = 324.189
ROUND 2158 A#7 and B#43 = 177.175
ROUND 2159 A#8 and B#43 = 204.205
ROUND 2160 A#9 and B#43 = 333.605
ROUND 2161 A#10 and B#43 = 299.748
ROUND 2162 A#11 and B#43 = 331.021
ROUND 2163 A#12 and B#43 = 349.64
ROUND 2164 A#13 and B#43 = 326.112
ROUND 2165 A#14 and B#43 = 226.321
ROUND 2166 A#15 and B#43 = 199.658
ROUND 2167 A#16 and B#43 = 293.93
ROUND 2168 A#17 and B#43 = 330.47
ROUND 2169 A#18 and B#43 = 271.894
ROUND 2170 A#19 and B#43 = 333.691
ROUND 2171 A#20 and B#43 = 310.241
ROUND 2172 A#21 and B#43 = 273.643
ROUND 2173 A#22 and B#43 = 177.103
ROUND 2174 A#23 and B#43 = 268.965
ROUND 2175 A#24 and B#43 = 363.82
ROUND 2176 A#25 and B#43 = 157.278
ROUND 2177 A#26 and B#43 = 349.892
ROUND 2178 A#27 and B#43 = 316.694
ROUND 2179 A#28 and B#43 = 377.783
ROUND 2180 A#29 and B#43 = 165.493
ROUND 2181 A#30 and B#43 = 175.484
ROUND 2182 A#31 and B#43 = 164.833
ROUND 2183 A#32 and B#43 = 350.323
ROUND 2184 A#33 and B#43 = 185.921
ROUND 2185 A#34 and B#43 = 354.955
ROUND 2186 A#35 and B#43 = 315.422
ROUND 2187 A#36 and B#43 = 185.967
ROUND 2188 A#37 and B#43 = 184.738
ROUND 2189 A#38 and B#43 = 321.639
ROUND 2190 A#39 and B#43 = 303.933
ROUND 2191 A#40 and B#43 = 334.476
ROUND 2192 A#41 and B#43 = 337.637
ROUND 2193 A#42 and B#43 = 333.736
ROUND 2194 A#43 and B#43 = 196.563
ROUND 2195 A#44 and B#43 = 195.224
ROUND 2196 A#45 and B#43 = 335.152
ROUND 2197 A#46 and B#43 = 313.84
ROUND 2198 A#47 and B#43 = 445.227
ROUND 2199 A#48 and B#43 = 165.525
ROUND 2200 A#49 and B#43 = 314.39
ROUND 2201 A#0 and B#44 = 345.686
ROUND 2202 A#1 and B#44 = 349.98
ROUND 2203 A#2 and B#44 = 353.248
ROUND 2204 A#3 and B#44 = 333.47
ROUND 2205 A#4 and B#44 = 387.036
ROUND 2206 A#5 and B#44 = 327.205
ROUND 2207 A#6 and B#44 = 364.405
ROUND 2208 A#7 and B#44 = 351.276
ROUND 2209 A#8 and B#44 = 310.832
ROUND 2210 A#9 and B#44 = 342.278
ROUND 2211 A#10 and B#44 = 333.64
ROUND 2212 A#11 and B#44 = 349.168
ROUND 2213 A#12 and B#44 = 343.267
ROUND 2214 A#13 and B#44 = 358.078
ROUND 2215 A#14 and B#44 = 330.034
ROUND 2216 A#15 and B#44 = 269.529
ROUND 2217 A#16 and B#44 = 356.054
ROUND 2218 A#17 and B#44 = 359.761
ROUND 2219 A#18 and B#44 = 414.726
ROUND 2220 A#19 and B#44 = 353.671
ROUND 2221 A#20 and B#44 = 335.4
ROUND 2222 A#21 and B#44 = 355.94
ROUND 2223 A#22 and B#44 = 343.498
ROUND 2224 A#23 and B#44 = 407.928
ROUND 2225 A#24 and B#44 = 315.38
ROUND 2226 A#25 and B#44 = 145.254
ROUND 2227 A#26 and B#44 = 343.069
ROUND 2228 A#27 and B#44 = 376.45
ROUND 2229 A#28 and B#44 = 362.759
ROUND 2230 A#29 and B#44 = 322.825
ROUND 2231 A#30 and B#44 = 152.896
ROUND 2232 A#31 and B#44 = 409.079
ROUND 2233 A#32 and B#44 = 340.455
ROUND 2234 A#33 and B#44 = 340.393
ROUND 2235 A#34 and B#44 = 361.688
ROUND 2236 A#35 and B#44 = 374.129
ROUND 2237 A#36 and B#44 = 356.811
ROUND 2238 A#37 and B#44 = 360.072
ROUND 2239 A#38 and B#44 = 333.506
ROUND 2240 A#39 and B#44 = 304.41
ROUND 2241 A#40 and B#44 = 352.505
ROUND 2242 A#41 and B#44 = 347.124
ROUND 2243 A#42 and B#44 = 350.915
ROUND 2244 A#43 and B#44 = 342.22
ROUND 2245 A#44 and B#44 = 342.343
ROUND 2246 A#45 and B#44 = 353.739
ROUND 2247 A#46 and B#44 = 376.722
ROUND 2248 A#47 and B#44 = 322.838
ROUND 2249 A#48 and B#44 = 150.696
ROUND 2250 A#49 and B#44 = 376.966
ROUND 2251 A#0 and B#45 = 348.972
ROUND 2252 A#1 and B#45 = 403.811
ROUND 2253 A#2 and B#45 = 248.256
ROUND 2254 A#3 and B#45 = 312.96
ROUND 2255 A#4 and B#45 = 392.905
ROUND 2256 A#5 and B#45 = 330.251
ROUND 2257 A#6 and B#45 = 330.37
ROUND 2258 A#7 and B#45 = 248.4
ROUND 2259 A#8 and B#45 = 308.247
ROUND 2260 A#9 and B#45 = 397.486
ROUND 2261 A#10 and B#45 = 370.89
ROUND 2262 A#11 and B#45 = 361.481
ROUND 2263 A#12 and B#45 = 346.32
ROUND 2264 A#13 and B#45 = 325.773
ROUND 2265 A#14 and B#45 = 331.991
ROUND 2266 A#15 and B#45 = 165.362
ROUND 2267 A#16 and B#45 = 325.388
ROUND 2268 A#17 and B#45 = 328.509
ROUND 2269 A#18 and B#45 = 312.024
ROUND 2270 A#19 and B#45 = 306.719
ROUND 2271 A#20 and B#45 = 337.313
ROUND 2272 A#21 and B#45 = 324.883
ROUND 2273 A#22 and B#45 = 346.516
ROUND 2274 A#23 and B#45 = 325.189
ROUND 2275 A#24 and B#45 = 309.42
ROUND 2276 A#25 and B#45 = 149.837
ROUND 2277 A#26 and B#45 = 346.094
ROUND 2278 A#27 and B#45 = 130.399
ROUND 2279 A#28 and B#45 = 366.828
ROUND 2280 A#29 and B#45 = 323.876
ROUND 2281 A#30 and B#45 = 173.45
ROUND 2282 A#31 and B#45 = 143.91
ROUND 2283 A#32 and B#45 = 347.456
ROUND 2284 A#33 and B#45 = 346.377
ROUND 2285 A#34 and B#45 = 364.551
ROUND 2286 A#35 and B#45 = 130.667
ROUND 2287 A#36 and B#45 = 341.263
ROUND 2288 A#37 and B#45 = 339.327
ROUND 2289 A#38 and B#45 = 319.815
ROUND 2290 A#39 and B#45 = 335.475
ROUND 2291 A#40 and B#45 = 364.391
ROUND 2292 A#41 and B#45 = 311.7
ROUND 2293 A#42 and B#45 = 362.903
ROUND 2294 A#43 and B#45 = 345.083
ROUND 2295 A#44 and B#45 = 345.315
ROUND 2296 A#45 and B#45 = 366.054
ROUND 2297 A#46 and B#45 = 380.224
ROUND 2298 A#47 and B#45 = 300.095
ROUND 2299 A#48 and B#45 = 255.586
ROUND 2300 A#49 and B#45 = 126.257
ROUND 2301 A#0 and B#46 = 262.812
ROUND 2302 A#1 and B#46 = 288.676
ROUND 2303 A#2 and B#46 = 393.947
ROUND 2304 A#3 and B#46 = 322.427
ROUND 2305 A#4 and B#46 = 365.119
ROUND 2306 A#5 and B#46 = 409.609
ROUND 2307 A#6 and B#46 = 349.848
ROUND 2308 A#7 and B#46 = 183.074
ROUND 2309 A#8 and B#46 = 327.581
ROUND 2310 A#9 and B#46 = 349.42
ROUND 2311 A#10 and B#46 = 312.176
ROUND 2312 A#11 and B#46 = 356.58
ROUND 2313 A#12 and B#46 = 267.473
ROUND 2314 A#13 and B#46 = 348.572
ROUND 2315 A#14 and B#46 = 308.085
ROUND 2316 A#15 and B#46 = 189.489
ROUND 2317 A#16 and B#46 = 343.74
ROUND 2318 A#17 and B#46 = 350.866
ROUND 2319 A#18 and B#46 = 191.402
ROUND 2320 A#19 and B#46 = 346.612
ROUND 2321 A#20 and B#46 = 381.503
ROUND 2322 A#21 and B#46 = 344.334
ROUND 2323 A#22 and B#46 = 260.74
ROUND 2324 A#23 and B#46 = 182.352
ROUND 2325 A#24 and B#46 = 422.729
ROUND 2326 A#25 and B#46 = 248.585
ROUND 2327 A#26 and B#46 = 267.666
ROUND 2328 A#27 and B#46 = 318.013
ROUND 2329 A#28 and B#46 = 406.368
ROUND 2330 A#29 and B#46 = 298.276
ROUND 2331 A#30 and B#46 = 195.065
ROUND 2332 A#31 and B#46 = 184.442
ROUND 2333 A#32 and B#46 = 354.628
ROUND 2334 A#33 and B#46 = 273.096
ROUND 2335 A#34 and B#46 = 297.941
ROUND 2336 A#35 and B#46 = 327.912
ROUND 2337 A#36 and B#46 = 398.197
ROUND 2338 A#37 and B#46 = 392.536
ROUND 2339 A#38 and B#46 = 319.575
ROUND 2340 A#39 and B#46 = 419.41
ROUND 2341 A#40 and B#46 = 302.855
ROUND 2342 A#41 and B#46 = 348.467
ROUND 2343 A#42 and B#46 = 303.293
ROUND 2344 A#43 and B#46 = 262.387
ROUND 2345 A#44 and B#46 = 270.2
ROUND 2346 A#45 and B#46 = 303.644
ROUND 2347 A#46 and B#46 = 439.538
ROUND 2348 A#47 and B#46 = 361.998
ROUND 2349 A#48 and B#46 = 156.358
ROUND 2350 A#49 and B#46 = 327.37
ROUND 2351 A#0 and B#47 = 310.292
ROUND 2352 A#1 and B#47 = 343.679
ROUND 2353 A#2 and B#47 = 367.859
ROUND 2354 A#3 and B#47 = 352.172
ROUND 2355 A#4 and B#47 = 380.792
ROUND 2356 A#5 and B#47 = 365.139
ROUND 2357 A#6 and B#47 = 310.6
ROUND 2358 A#7 and B#47 = 369.042
ROUND 2359 A#8 and B#47 = 259.426
ROUND 2360 A#9 and B#47 = 284.335
ROUND 2361 A#10 and B#47 = 367.13
ROUND 2362 A#11 and B#47 = 344.793
ROUND 2363 A#12 and B#47 = 309.057
ROUND 2364 A#13 and B#47 = 304.396
ROUND 2365 A#14 and B#47 = 359.011
ROUND 2366 A#15 and B#47 = 206.904
ROUND 2367 A#16 and B#47 = 302.821
ROUND 2368 A#17 and B#47 = 304.715
ROUND 2369 A#18 and B#47 = 329.109
ROUND 2370 A#19 and B#47 = 303.855
ROUND 2371 A#20 and B#47 = 362.446
ROUND 2372 A#21 and B#47 = 302.565
ROUND 2373 A#22 and B#47 = 308.54
ROUND 2374 A#23 and B#47 = 328.39
ROUND 2375 A#24 and B#47 = 339.746
ROUND 2376 A#25 and B#47 = 275.377
ROUND 2377 A#26 and B#47 = 307.681
ROUND 2378 A#27 and B#47 = 305.28
ROUND 2379 A#28 and B#47 = 379.048
ROUND 2380 A#29 and B#47 = 227.794
ROUND 2381 A#30 and B#47 = 159.952
ROUND 2382 A#31 and B#47 = 261.888
ROUND 2383 A#32 and B#47 = 336.237
ROUND 2384 A#33 and B#47 = 292.763
ROUND 2385 A#34 and B#47 = 374.89
ROUND 2386 A#35 and B#47 = 299.577
ROUND 2387 A#36 and B#47 = 377.811
ROUND 2388 A#37 and B#47 = 125.039
ROUND 2389 A#38 and B#47 = 350.944
ROUND 2390 A#39 and B#47 = 361.518
ROUND 2391 A#40 and B#47 = 349.102
ROUND 2392 A#41 and B#47 = 291.235
ROUND 2393 A#42 and B#47 = 346.402
ROUND 2394 A#43 and B#47 = 305.17
ROUND 2395 A#44 and B#47 = 306.84
ROUND 2396 A#45 and B#47 = 349.38
ROUND 2397 A#46 and B#47 = 380.14
ROUND 2398 A#47 and B#47 = 351.852
ROUND 2399 A#48 and B#47 = 160.157
ROUND 2400 A#49 and B#47 = 300.558
ROUND 2401 A#0 and B#48 = 344.465
ROUND 2402 A#1 and B#48 = 347.943
ROUND 2403 A#2 and B#48 = 371.42
ROUND 2404 A#3 and B#48 = 334.139
ROUND 2405 A#4 and B#48 = 381.723
ROUND 2406 A#5 and B#48 = 326.286
ROUND 2407 A#6 and B#48 = 363.217
ROUND 2408 A#7 and B#48 = 372.35
ROUND 2409 A#8 and B#48 = 312.39
ROUND 2410 A#9 and B#48 = 342.077
ROUND 2411 A#10 and B#48 = 333.401
ROUND 2412 A#11 and B#48 = 347.141
ROUND 2413 A#12 and B#48 = 342.148
ROUND 2414 A#13 and B#48 = 356.769
ROUND 2415 A#14 and B#48 = 329.016
ROUND 2416 A#15 and B#48 = 271.453
ROUND 2417 A#16 and B#48 = 354.364
ROUND 2418 A#17 and B#48 = 358.554
ROUND 2419 A#18 and B#48 = 410.867
ROUND 2420 A#19 and B#48 = 352.665
ROUND 2421 A#20 and B#48 = 335.471
ROUND 2422 A#21 and B#48 = 354.268
ROUND 2423 A#22 and B#48 = 342.375
ROUND 2424 A#23 and B#48 = 406.114
ROUND 2425 A#24 and B#48 = 312.524
ROUND 2426 A#25 and B#48 = 145.676
ROUND 2427 A#26 and B#48 = 341.929
ROUND 2428 A#27 and B#48 = 374.244
ROUND 2429 A#28 and B#48 = 361.787
ROUND 2430 A#29 and B#48 = 322.504
ROUND 2431 A#30 and B#48 = 153.27
ROUND 2432 A#31 and B#48 = 130.015
ROUND 2433 A#32 and B#48 = 341.577
ROUND 2434 A#33 and B#48 = 340.306
ROUND 2435 A#34 and B#48 = 361.056
ROUND 2436 A#35 and B#48 = 371.996
ROUND 2437 A#36 and B#48 = 336.62
ROUND 2438 A#37 and B#48 = 337.607
ROUND 2439 A#38 and B#48 = 332.333
ROUND 2440 A#39 and B#48 = 308.333
ROUND 2441 A#40 and B#48 = 350.194
ROUND 2442 A#41 and B#48 = 347.385
ROUND 2443 A#42 and B#48 = 348.822
ROUND 2444 A#43 and B#48 = 341.03
ROUND 2445 A#44 and B#48 = 341.14
ROUND 2446 A#45 and B#48 = 351.44
ROUND 2447 A#46 and B#48 = 373.742
ROUND 2448 A#47 and B#48 = 332.888
ROUND 2449 A#48 and B#48 = 151.107
ROUND 2450 A#49 and B#48 = 373.927
ROUND 2451 A#0 and B#49 = 309.857
ROUND 2452 A#1 and B#49 = 253.379
ROUND 2453 A#2 and B#49 = 381.666
ROUND 2454 A#3 and B#49 = 302.44
ROUND 2455 A#4 and B#49 = 326.753
ROUND 2456 A#5 and B#49 = 385.666
ROUND 2457 A#6 and B#49 = 197.72
ROUND 2458 A#7 and B#49 = 373.52
ROUND 2459 A#8 and B#49 = 425.716
ROUND 2460 A#9 and B#49 = 213.76
ROUND 2461 A#10 and B#49 = 384.467
ROUND 2462 A#11 and B#49 = 249.32
ROUND 2463 A#12 and B#49 = 307.884
ROUND 2464 A#13 and B#49 = 198.223
ROUND 2465 A#14 and B#49 = 228.73
ROUND 2466 A#15 and B#49 = 198.276
ROUND 2467 A#16 and B#49 = 310.434
ROUND 2468 A#17 and B#49 = 201.387
ROUND 2469 A#18 and B#49 = 361.09
ROUND 2470 A#19 and B#49 = 231.353
ROUND 2471 A#20 and B#49 = 385.346
ROUND 2472 A#21 and B#49 = 310.232
ROUND 2473 A#22 and B#49 = 307.664
ROUND 2474 A#23 and B#49 = 324.998
ROUND 2475 A#24 and B#49 = 376.501
ROUND 2476 A#25 and B#49 = 94.9912
ROUND 2477 A#26 and B#49 = 307.53
ROUND 2478 A#27 and B#49 = 190.695
ROUND 2479 A#28 and B#49 = 349.039
ROUND 2480 A#29 and B#49 = 447.061
ROUND 2481 A#30 and B#49 = 356.99
ROUND 2482 A#31 and B#49 = 359.321
ROUND 2483 A#32 and B#49 = 262.251
ROUND 2484 A#33 and B#49 = 310.431
ROUND 2485 A#34 and B#49 = 345.064
ROUND 2486 A#35 and B#49 = 297.75
ROUND 2487 A#36 and B#49 = 288.472
ROUND 2488 A#37 and B#49 = 293.603
ROUND 2489 A#38 and B#49 = 293.547
ROUND 2490 A#39 and B#49 = 370.258
ROUND 2491 A#40 and B#49 = 248.023
ROUND 2492 A#41 and B#49 = 210.601
ROUND 2493 A#42 and B#49 = 248.437
ROUND 2494 A#43 and B#49 = 307.911
ROUND 2495 A#44 and B#49 = 308.228
ROUND 2496 A#45 and B#49 = 247.667
ROUND 2497 A#46 and B#49 = 286.172
ROUND 2498 A#47 and B#49 = 283.646
ROUND 2499 A#48 and B#49 = 357.861
ROUND 2500 A#49 and B#49 = 334.854

The best overlap is between conformer A#38 and B#9, which, after PCA followed by Steepest Descent, produces a volume overlap of 518.577
Tanimoto (Hodgkin) similarity index: 0.43065

Saving those best conformers to file...
WRITING MOLECULE TO FILE '../ALL_PAIRS_BQ123_AS_REFERENCE/ROKS3/BQ123-TAK044.mol2' (WILL OVERWRITE EXISTING FILE IF ANY)...
WRITING MOLECULE TO FILE '../ALL_PAIRS_BQ123_AS_REFERENCE/ROKS3/BQ123-TAK044.mol2'...
