Finished importing molecules
WARNING: LAPACK DSYEV() RETURNED NON-ZERO ERROR CODE 2
WARNING: LAPACK DSYEV() RETURNED NON-ZERO ERROR CODE 2
WARNING: LAPACK DSYEV() RETURNED NON-ZERO ERROR CODE 2
WARNING: LAPACK DSYEV() RETURNED NON-ZERO ERROR CODE 2
WARNING: LAPACK DSYEV() RETURNED NON-ZERO ERROR CODE 2
WARNING: LAPACK DSYEV() RETURNED NON-ZERO ERROR CODE 2
WARNING: LAPACK DSYEV() RETURNED NON-ZERO ERROR CODE 2
WARNING: LAPACK DSYEV() RETURNED NON-ZERO ERROR CODE 2
WARNING: LAPACK DSYEV() RETURNED NON-ZERO ERROR CODE 2
WARNING: LAPACK DSYEV() RETURNED NON-ZERO ERROR CODE 2
WARNING: LAPACK DSYEV() RETURNED NON-ZERO ERROR CODE 2
WARNING: LAPACK DSYEV() RETURNED NON-ZERO ERROR CODE 2
WARNING: LAPACK DSYEV() RETURNED NON-ZERO ERROR CODE 2
WARNING: LAPACK DSYEV() RETURNED NON-ZERO ERROR CODE 2
WARNING: LAPACK DSYEV() RETURNED NON-ZERO ERROR CODE 3
WARNING: LAPACK DSYEV() RETURNED NON-ZERO ERROR CODE 3
WARNING: LAPACK DSYEV() RETURNED NON-ZERO ERROR CODE 2
WARNING: LAPACK DSYEV() RETURNED NON-ZERO ERROR CODE 3
WARNING: LAPACK DSYEV() RETURNED NON-ZERO ERROR CODE 2
WARNING: LAPACK DSYEV() RETURNED NON-ZERO ERROR CODE 2
WARNING: LAPACK DSYEV() RETURNED NON-ZERO ERROR CODE 2
WARNING: LAPACK DSYEV() RETURNED NON-ZERO ERROR CODE 3
WARNING: LAPACK DSYEV() RETURNED NON-ZERO ERROR CODE 2
WARNING: LAPACK DSYEV() RETURNED NON-ZERO ERROR CODE 2
WARNING: LAPACK DSYEV() RETURNED NON-ZERO ERROR CODE 3
WARNING: LAPACK DSYEV() RETURNED NON-ZERO ERROR CODE 2
WARNING: LAPACK DSYEV() RETURNED NON-ZERO ERROR CODE 2
WARNING: LAPACK DSYEV() RETURNED NON-ZERO ERROR CODE 2
WARNING: LAPACK DSYEV() RETURNED NON-ZERO ERROR CODE 2
WARNING: LAPACK DSYEV() RETURNED NON-ZERO ERROR CODE 2
WARNING: LAPACK DSYEV() RETURNED NON-ZERO ERROR CODE 2
WARNING: LAPACK DSYEV() RETURNED NON-ZERO ERROR CODE 2
WARNING: LAPACK DSYEV() RETURNED NON-ZERO ERROR CODE 2
WARNING: LAPACK DSYEV() RETURNED NON-ZERO ERROR CODE 2
WARNING: LAPACK DSYEV() RETURNED NON-ZERO ERROR CODE 2
WARNING: LAPACK DSYEV() RETURNED NON-ZERO ERROR CODE 2
WARNING: LAPACK DSYEV() RETURNED NON-ZERO ERROR CODE 2
WARNING: LAPACK DSYEV() RETURNED NON-ZERO ERROR CODE 3
WARNING: LAPACK DSYEV() RETURNED NON-ZERO ERROR CODE 2
WARNING: LAPACK DSYEV() RETURNED NON-ZERO ERROR CODE 2
WARNING: LAPACK DSYEV() RETURNED NON-ZERO ERROR CODE 2
WARNING: LAPACK DSYEV() RETURNED NON-ZERO ERROR CODE 2
WARNING: LAPACK DSYEV() RETURNED NON-ZERO ERROR CODE 3
WARNING: LAPACK DSYEV() RETURNED NON-ZERO ERROR CODE 3
WARNING: LAPACK DSYEV() RETURNED NON-ZERO ERROR CODE 2
WARNING: LAPACK DSYEV() RETURNED NON-ZERO ERROR CODE 2
WARNING: LAPACK DSYEV() RETURNED NON-ZERO ERROR CODE 2
WARNING: LAPACK DSYEV() RETURNED NON-ZERO ERROR CODE 2
WARNING: LAPACK DSYEV() RETURNED NON-ZERO ERROR CODE 2
WARNING: LAPACK DSYEV() RETURNED NON-ZERO ERROR CODE 2
WARNING: LAPACK DSYEV() RETURNED NON-ZERO ERROR CODE 2
WARNING: LAPACK DSYEV() RETURNED NON-ZERO ERROR CODE 3
WARNING: LAPACK DSYEV() RETURNED NON-ZERO ERROR CODE 3
WARNING: LAPACK DSYEV() RETURNED NON-ZERO ERROR CODE 2
WARNING: LAPACK DSYEV() RETURNED NON-ZERO ERROR CODE 3
WARNING: LAPACK DSYEV() RETURNED NON-ZERO ERROR CODE 2
WARNING: LAPACK DSYEV() RETURNED NON-ZERO ERROR CODE 2
WARNING: LAPACK DSYEV() RETURNED NON-ZERO ERROR CODE 3
WARNING: LAPACK DSYEV() RETURNED NON-ZERO ERROR CODE 3
WARNING: LAPACK DSYEV() RETURNED NON-ZERO ERROR CODE 3
WARNING: LAPACK DSYEV() RETURNED NON-ZERO ERROR CODE 2
WARNING: LAPACK DSYEV() RETURNED NON-ZERO ERROR CODE 3
WARNING: LAPACK DSYEV() RETURNED NON-ZERO ERROR CODE 2
WARNING: LAPACK DSYEV() RETURNED NON-ZERO ERROR CODE 3
WARNING: LAPACK DSYEV() RETURNED NON-ZERO ERROR CODE 2
WARNING: LAPACK DSYEV() RETURNED NON-ZERO ERROR CODE 2
WARNING: LAPACK DSYEV() RETURNED NON-ZERO ERROR CODE 3
WARNING: LAPACK DSYEV() RETURNED NON-ZERO ERROR CODE 2
WARNING: LAPACK DSYEV() RETURNED NON-ZERO ERROR CODE 2
WARNING: LAPACK DSYEV() RETURNED NON-ZERO ERROR CODE 3
WARNING: LAPACK DSYEV() RETURNED NON-ZERO ERROR CODE 2
WARNING: LAPACK DSYEV() RETURNED NON-ZERO ERROR CODE 3
WARNING: LAPACK DSYEV() RETURNED NON-ZERO ERROR CODE 3
WARNING: LAPACK DSYEV() RETURNED NON-ZERO ERROR CODE 3
WARNING: LAPACK DSYEV() RETURNED NON-ZERO ERROR CODE 3
WARNING: LAPACK DSYEV() RETURNED NON-ZERO ERROR CODE 3
WARNING: LAPACK DSYEV() RETURNED NON-ZERO ERROR CODE 2
WARNING: LAPACK DSYEV() RETURNED NON-ZERO ERROR CODE 3
WARNING: LAPACK DSYEV() RETURNED NON-ZERO ERROR CODE 3
WARNING: LAPACK DSYEV() RETURNED NON-ZERO ERROR CODE 3
WARNING: LAPACK DSYEV() RETURNED NON-ZERO ERROR CODE 2
WARNING: LAPACK DSYEV() RETURNED NON-ZERO ERROR CODE 3
WARNING: LAPACK DSYEV() RETURNED NON-ZERO ERROR CODE 2
WARNING: LAPACK DSYEV() RETURNED NON-ZERO ERROR CODE 3
WARNING: LAPACK DSYEV() RETURNED NON-ZERO ERROR CODE 2
WARNING: LAPACK DSYEV() RETURNED NON-ZERO ERROR CODE 3
WARNING: LAPACK DSYEV() RETURNED NON-ZERO ERROR CODE 3
WARNING: LAPACK DSYEV() RETURNED NON-ZERO ERROR CODE 2
WARNING: LAPACK DSYEV() RETURNED NON-ZERO ERROR CODE 2
WARNING: LAPACK DSYEV() RETURNED NON-ZERO ERROR CODE 3
WARNING: LAPACK DSYEV() RETURNED NON-ZERO ERROR CODE 3
WARNING: LAPACK DSYEV() RETURNED NON-ZERO ERROR CODE 3
WARNING: LAPACK DSYEV() RETURNED NON-ZERO ERROR CODE 3
WARNING: LAPACK DSYEV() RETURNED NON-ZERO ERROR CODE 3
WARNING: LAPACK DSYEV() RETURNED NON-ZERO ERROR CODE 2
WARNING: LAPACK DSYEV() RETURNED NON-ZERO ERROR CODE 2
WARNING: LAPACK DSYEV() RETURNED NON-ZERO ERROR CODE 2
WARNING: LAPACK DSYEV() RETURNED NON-ZERO ERROR CODE 2
WARNING: LAPACK DSYEV() RETURNED NON-ZERO ERROR CODE 2
WARNING: LAPACK DSYEV() RETURNED NON-ZERO ERROR CODE 3
Finished setting up data; running search...
ROUND 1 A#0 and B#0 = 459.425
ROUND 2 A#1 and B#0 = 443.113
ROUND 3 A#2 and B#0 = 397.961
ROUND 4 A#3 and B#0 = 441.37
ROUND 5 A#4 and B#0 = 449.115
ROUND 6 A#5 and B#0 = 476.86
ROUND 7 A#6 and B#0 = 475.41
ROUND 8 A#7 and B#0 = 395.741
ROUND 9 A#8 and B#0 = 461.848
ROUND 10 A#9 and B#0 = 488.18
ROUND 11 A#10 and B#0 = 457.105
ROUND 12 A#11 and B#0 = 499.425
ROUND 13 A#12 and B#0 = 467.084
ROUND 14 A#13 and B#0 = 453.208
ROUND 15 A#14 and B#0 = 469.057
ROUND 16 A#15 and B#0 = 469.827
ROUND 17 A#16 and B#0 = 427.981
ROUND 18 A#17 and B#0 = 395.058
ROUND 19 A#18 and B#0 = 423.005
ROUND 20 A#19 and B#0 = 348.774
ROUND 21 A#20 and B#0 = 367.295
ROUND 22 A#21 and B#0 = 522.403
ROUND 23 A#22 and B#0 = 388.386
ROUND 24 A#23 and B#0 = 443.343
ROUND 25 A#24 and B#0 = 353.197
ROUND 26 A#25 and B#0 = 437.813
ROUND 27 A#26 and B#0 = 463.521
ROUND 28 A#27 and B#0 = 446.398
ROUND 29 A#28 and B#0 = 440.613
ROUND 30 A#29 and B#0 = 453.513
ROUND 31 A#30 and B#0 = 351.916
ROUND 32 A#31 and B#0 = 331.189
ROUND 33 A#32 and B#0 = 481.681
ROUND 34 A#33 and B#0 = 468.608
ROUND 35 A#34 and B#0 = 476.346
ROUND 36 A#35 and B#0 = 456.061
ROUND 37 A#36 and B#0 = 463.161
ROUND 38 A#37 and B#0 = 398.929
ROUND 39 A#38 and B#0 = 476.114
ROUND 40 A#39 and B#0 = 433.335
ROUND 41 A#40 and B#0 = 476.644
ROUND 42 A#41 and B#0 = 384.658
ROUND 43 A#42 and B#0 = 365.605
ROUND 44 A#43 and B#0 = 505.394
ROUND 45 A#44 and B#0 = 407.222
ROUND 46 A#45 and B#0 = 457.567
ROUND 47 A#46 and B#0 = 475.967
ROUND 48 A#47 and B#0 = 419.698
ROUND 49 A#48 and B#0 = 365.035
ROUND 50 A#49 and B#0 = 350.059
ROUND 51 A#0 and B#1 = 463.628
ROUND 52 A#1 and B#1 = 468.022
ROUND 53 A#2 and B#1 = 522.221
ROUND 54 A#3 and B#1 = 535.288
ROUND 55 A#4 and B#1 = 460.355
ROUND 56 A#5 and B#1 = 443.227
ROUND 57 A#6 and B#1 = 461.851
ROUND 58 A#7 and B#1 = 464.196
ROUND 59 A#8 and B#1 = 445.615
ROUND 60 A#9 and B#1 = 554.573
ROUND 61 A#10 and B#1 = 442.005
ROUND 62 A#11 and B#1 = 394.84
ROUND 63 A#12 and B#1 = 466.948
ROUND 64 A#13 and B#1 = 493.346
ROUND 65 A#14 and B#1 = 368.13
ROUND 66 A#15 and B#1 = 370.884
ROUND 67 A#16 and B#1 = 422.272
ROUND 68 A#17 and B#1 = 444.671
ROUND 69 A#18 and B#1 = 406.092
ROUND 70 A#19 and B#1 = 448.433
ROUND 71 A#20 and B#1 = 383.876
ROUND 72 A#21 and B#1 = 387.036
ROUND 73 A#22 and B#1 = 474.198
ROUND 74 A#23 and B#1 = 481.939
ROUND 75 A#24 and B#1 = 387.053
ROUND 76 A#25 and B#1 = 499.246
ROUND 77 A#26 and B#1 = 444.338
ROUND 78 A#27 and B#1 = 475.138
ROUND 79 A#28 and B#1 = 486.274
ROUND 80 A#29 and B#1 = 492.872
ROUND 81 A#30 and B#1 = 486.4
ROUND 82 A#31 and B#1 = 332.016
ROUND 83 A#32 and B#1 = 484.172
ROUND 84 A#33 and B#1 = 403.04
ROUND 85 A#34 and B#1 = 444.158
ROUND 86 A#35 and B#1 = 494.244
ROUND 87 A#36 and B#1 = 437.17
ROUND 88 A#37 and B#1 = 444.693
ROUND 89 A#38 and B#1 = 445.082
ROUND 90 A#39 and B#1 = 462.968
ROUND 91 A#40 and B#1 = 447.659
ROUND 92 A#41 and B#1 = 437.141
ROUND 93 A#42 and B#1 = 403.9
ROUND 94 A#43 and B#1 = 385.789
ROUND 95 A#44 and B#1 = 499.931
ROUND 96 A#45 and B#1 = 459.847
ROUND 97 A#46 and B#1 = 444.581
ROUND 98 A#47 and B#1 = 491.26
ROUND 99 A#48 and B#1 = 458.964
ROUND 100 A#49 and B#1 = 455.547
ROUND 101 A#0 and B#2 = 454.024
ROUND 102 A#1 and B#2 = 465.662
ROUND 103 A#2 and B#2 = 522.036
ROUND 104 A#3 and B#2 = 549.967
ROUND 105 A#4 and B#2 = 456.934
ROUND 106 A#5 and B#2 = 434.481
ROUND 107 A#6 and B#2 = 438.54
ROUND 108 A#7 and B#2 = 463.617
ROUND 109 A#8 and B#2 = 444.105
ROUND 110 A#9 and B#2 = 558.811
ROUND 111 A#10 and B#2 = 433.832
ROUND 112 A#11 and B#2 = 414.281
ROUND 113 A#12 and B#2 = 388.465
ROUND 114 A#13 and B#2 = 487.943
ROUND 115 A#14 and B#2 = 368.79
ROUND 116 A#15 and B#2 = 371.29
ROUND 117 A#16 and B#2 = 459.834
ROUND 118 A#17 and B#2 = 442.729
ROUND 119 A#18 and B#2 = 416.025
ROUND 120 A#19 and B#2 = 451.563
ROUND 121 A#20 and B#2 = 393.207
ROUND 122 A#21 and B#2 = 386.522
ROUND 123 A#22 and B#2 = 478.258
ROUND 124 A#23 and B#2 = 475.192
ROUND 125 A#24 and B#2 = 389.633
ROUND 126 A#25 and B#2 = 495.592
ROUND 127 A#26 and B#2 = 438.068
ROUND 128 A#27 and B#2 = 471.257
ROUND 129 A#28 and B#2 = 485.441
ROUND 130 A#29 and B#2 = 487.344
ROUND 131 A#30 and B#2 = 485.641
ROUND 132 A#31 and B#2 = 335.174
ROUND 133 A#32 and B#2 = 481.713
ROUND 134 A#33 and B#2 = 419.949
ROUND 135 A#34 and B#2 = 434.827
ROUND 136 A#35 and B#2 = 488.291
ROUND 137 A#36 and B#2 = 439.756
ROUND 138 A#37 and B#2 = 438.851
ROUND 139 A#38 and B#2 = 436.099
ROUND 140 A#39 and B#2 = 456.495
ROUND 141 A#40 and B#2 = 438.216
ROUND 142 A#41 and B#2 = 424.163
ROUND 143 A#42 and B#2 = 410.151
ROUND 144 A#43 and B#2 = 388.578
ROUND 145 A#44 and B#2 = 499.415
ROUND 146 A#45 and B#2 = 450.865
ROUND 147 A#46 and B#2 = 435.785
ROUND 148 A#47 and B#2 = 495.583
ROUND 149 A#48 and B#2 = 457.702
ROUND 150 A#49 and B#2 = 458.263
ROUND 151 A#0 and B#3 = 486.993
ROUND 152 A#1 and B#3 = 393.845
ROUND 153 A#2 and B#3 = 433.255
ROUND 154 A#3 and B#3 = 420.731
ROUND 155 A#4 and B#3 = 404.747
ROUND 156 A#5 and B#3 = 490.437
ROUND 157 A#6 and B#3 = 402.814
ROUND 158 A#7 and B#3 = 414.983
ROUND 159 A#8 and B#3 = 469.226
ROUND 160 A#9 and B#3 = 469.592
ROUND 161 A#10 and B#3 = 465.862
ROUND 162 A#11 and B#3 = 424.114
ROUND 163 A#12 and B#3 = 489.544
ROUND 164 A#13 and B#3 = 485.795
ROUND 165 A#14 and B#3 = 457.128
ROUND 166 A#15 and B#3 = 455.757
ROUND 167 A#16 and B#3 = 461.36
ROUND 168 A#17 and B#3 = 476.638
ROUND 169 A#18 and B#3 = 398.986
ROUND 170 A#19 and B#3 = 370.088
ROUND 171 A#20 and B#3 = 415.078
ROUND 172 A#21 and B#3 = 486.711
ROUND 173 A#22 and B#3 = 457.552
ROUND 174 A#23 and B#3 = 492.87
ROUND 175 A#24 and B#3 = 305.032
ROUND 176 A#25 and B#3 = 456.563
ROUND 177 A#26 and B#3 = 473.264
ROUND 178 A#27 and B#3 = 401.094
ROUND 179 A#28 and B#3 = 420.057
ROUND 180 A#29 and B#3 = 485.461
ROUND 181 A#30 and B#3 = 380.379
ROUND 182 A#31 and B#3 = 373.347
ROUND 183 A#32 and B#3 = 406.099
ROUND 184 A#33 and B#3 = 486.642
ROUND 185 A#34 and B#3 = 490.245
ROUND 186 A#35 and B#3 = 485.107
ROUND 187 A#36 and B#3 = 429.29
ROUND 188 A#37 and B#3 = 462.948
ROUND 189 A#38 and B#3 = 489.472
ROUND 190 A#39 and B#3 = 460.532
ROUND 191 A#40 and B#3 = 488.913
ROUND 192 A#41 and B#3 = 414.891
ROUND 193 A#42 and B#3 = 299.051
ROUND 194 A#43 and B#3 = 465.444
ROUND 195 A#44 and B#3 = 429.871
ROUND 196 A#45 and B#3 = 485.874
ROUND 197 A#46 and B#3 = 491.635
ROUND 198 A#47 and B#3 = 462.133
ROUND 199 A#48 and B#3 = 437.268
ROUND 200 A#49 and B#3 = 436.464
ROUND 201 A#0 and B#4 = 527.906
ROUND 202 A#1 and B#4 = 406.717
ROUND 203 A#2 and B#4 = 473.811
ROUND 204 A#3 and B#4 = 440.416
ROUND 205 A#4 and B#4 = 418.362
ROUND 206 A#5 and B#4 = 500.666
ROUND 207 A#6 and B#4 = 497.416
ROUND 208 A#7 and B#4 = 428.949
ROUND 209 A#8 and B#4 = 409.513
ROUND 210 A#9 and B#4 = 572.253
ROUND 211 A#10 and B#4 = 503.986
ROUND 212 A#11 and B#4 = 490.116
ROUND 213 A#12 and B#4 = 482.418
ROUND 214 A#13 and B#4 = 476.052
ROUND 215 A#14 and B#4 = 374.563
ROUND 216 A#15 and B#4 = 379.883
ROUND 217 A#16 and B#4 = 454.873
ROUND 218 A#17 and B#4 = 434.27
ROUND 219 A#18 and B#4 = 460.214
ROUND 220 A#19 and B#4 = 410.802
ROUND 221 A#20 and B#4 = 457.479
ROUND 222 A#21 and B#4 = 458.045
ROUND 223 A#22 and B#4 = 428.146
ROUND 224 A#23 and B#4 = 468.602
ROUND 225 A#24 and B#4 = 397.476
ROUND 226 A#25 and B#4 = 467.374
ROUND 227 A#26 and B#4 = 503.495
ROUND 228 A#27 and B#4 = 482.392
ROUND 229 A#28 and B#4 = 507.598
ROUND 230 A#29 and B#4 = 475.501
ROUND 231 A#30 and B#4 = 447.607
ROUND 232 A#31 and B#4 = 475.196
ROUND 233 A#32 and B#4 = 502.954
ROUND 234 A#33 and B#4 = 516.521
ROUND 235 A#34 and B#4 = 504.256
ROUND 236 A#35 and B#4 = 478.406
ROUND 237 A#36 and B#4 = 395.375
ROUND 238 A#37 and B#4 = 467.984
ROUND 239 A#38 and B#4 = 507.556
ROUND 240 A#39 and B#4 = 434.504
ROUND 241 A#40 and B#4 = 506.314
ROUND 242 A#41 and B#4 = 520.905
ROUND 243 A#42 and B#4 = 399.342
ROUND 244 A#43 and B#4 = 389.614
ROUND 245 A#44 and B#4 = 469.093
ROUND 246 A#45 and B#4 = 528.122
ROUND 247 A#46 and B#4 = 504.896
ROUND 248 A#47 and B#4 = 434.503
ROUND 249 A#48 and B#4 = 417.338
ROUND 250 A#49 and B#4 = 417.692
ROUND 251 A#0 and B#5 = 404.575
ROUND 252 A#1 and B#5 = 397.648
ROUND 253 A#2 and B#5 = 433.546
ROUND 254 A#3 and B#5 = 428.385
ROUND 255 A#4 and B#5 = 406.077
ROUND 256 A#5 and B#5 = 481.537
ROUND 257 A#6 and B#5 = 398.905
ROUND 258 A#7 and B#5 = 383.345
ROUND 259 A#8 and B#5 = 468.381
ROUND 260 A#9 and B#5 = 464.073
ROUND 261 A#10 and B#5 = 455.689
ROUND 262 A#11 and B#5 = 431.695
ROUND 263 A#12 and B#5 = 481.148
ROUND 264 A#13 and B#5 = 475.226
ROUND 265 A#14 and B#5 = 447.248
ROUND 266 A#15 and B#5 = 446.22
ROUND 267 A#16 and B#5 = 467.877
ROUND 268 A#17 and B#5 = 478.649
ROUND 269 A#18 and B#5 = 407.194
ROUND 270 A#19 and B#5 = 429.081
ROUND 271 A#20 and B#5 = 409.944
ROUND 272 A#21 and B#5 = 479.527
ROUND 273 A#22 and B#5 = 396.377
ROUND 274 A#23 and B#5 = 481.05
ROUND 275 A#24 and B#5 = 388.927
ROUND 276 A#25 and B#5 = 470.822
ROUND 277 A#26 and B#5 = 462.356
ROUND 278 A#27 and B#5 = 490.747
ROUND 279 A#28 and B#5 = 415.925
ROUND 280 A#29 and B#5 = 476.134
ROUND 281 A#30 and B#5 = 363.209
ROUND 282 A#31 and B#5 = 347.018
ROUND 283 A#32 and B#5 = 400.74
ROUND 284 A#33 and B#5 = 488.254
ROUND 285 A#34 and B#5 = 480.636
ROUND 286 A#35 and B#5 = 481.698
ROUND 287 A#36 and B#5 = 410.836
ROUND 288 A#37 and B#5 = 406.285
ROUND 289 A#38 and B#5 = 481.485
ROUND 290 A#39 and B#5 = 486.742
ROUND 291 A#40 and B#5 = 481.186
ROUND 292 A#41 and B#5 = 417.437
ROUND 293 A#42 and B#5 = 391.153
ROUND 294 A#43 and B#5 = 456.335
ROUND 295 A#44 and B#5 = 425.967
ROUND 296 A#45 and B#5 = 401.793
ROUND 297 A#46 and B#5 = 482.63
ROUND 298 A#47 and B#5 = 427.651
ROUND 299 A#48 and B#5 = 436.802
ROUND 300 A#49 and B#5 = 424.221
ROUND 301 A#0 and B#6 = 411.733
ROUND 302 A#1 and B#6 = 382.289
ROUND 303 A#2 and B#6 = 441.279
ROUND 304 A#3 and B#6 = 464.581
ROUND 305 A#4 and B#6 = 396.071
ROUND 306 A#5 and B#6 = 451.388
ROUND 307 A#6 and B#6 = 451.001
ROUND 308 A#7 and B#6 = 381.634
ROUND 309 A#8 and B#6 = 414.049
ROUND 310 A#9 and B#6 = 421.327
ROUND 311 A#10 and B#6 = 456.206
ROUND 312 A#11 and B#6 = 450.715
ROUND 313 A#12 and B#6 = 425.996
ROUND 314 A#13 and B#6 = 372.109
ROUND 315 A#14 and B#6 = 478.726
ROUND 316 A#15 and B#6 = 479.476
ROUND 317 A#16 and B#6 = 284.601
ROUND 318 A#17 and B#6 = 378.449
ROUND 319 A#18 and B#6 = 404.04
ROUND 320 A#19 and B#6 = 434.533
ROUND 321 A#20 and B#6 = 445.988
ROUND 322 A#21 and B#6 = 451.161
ROUND 323 A#22 and B#6 = 410.218
ROUND 324 A#23 and B#6 = 364.067
ROUND 325 A#24 and B#6 = 445.189
ROUND 326 A#25 and B#6 = 333.17
ROUND 327 A#26 and B#6 = 472.062
ROUND 328 A#27 and B#6 = 351.937
ROUND 329 A#28 and B#6 = 476.412
ROUND 330 A#29 and B#6 = 371.402
ROUND 331 A#30 and B#6 = 426.318
ROUND 332 A#31 and B#6 = 374.592
ROUND 333 A#32 and B#6 = 429.001
ROUND 334 A#33 and B#6 = 418.402
ROUND 335 A#34 and B#6 = 453.218
ROUND 336 A#35 and B#6 = 369.435
ROUND 337 A#36 and B#6 = 427.345
ROUND 338 A#37 and B#6 = 456.636
ROUND 339 A#38 and B#6 = 452.319
ROUND 340 A#39 and B#6 = 386.606
ROUND 341 A#40 and B#6 = 451.243
ROUND 342 A#41 and B#6 = 397.538
ROUND 343 A#42 and B#6 = 450.817
ROUND 344 A#43 and B#6 = 471.571
ROUND 345 A#44 and B#6 = 418.905
ROUND 346 A#45 and B#6 = 415.976
ROUND 347 A#46 and B#6 = 453.278
ROUND 348 A#47 and B#6 = 414.214
ROUND 349 A#48 and B#6 = 449.736
ROUND 350 A#49 and B#6 = 444.124
ROUND 351 A#0 and B#7 = 463.611
ROUND 352 A#1 and B#7 = 461.267
ROUND 353 A#2 and B#7 = 519.133
ROUND 354 A#3 and B#7 = 534.686
ROUND 355 A#4 and B#7 = 397.169
ROUND 356 A#5 and B#7 = 443.263
ROUND 357 A#6 and B#7 = 461.149
ROUND 358 A#7 and B#7 = 467.071
ROUND 359 A#8 and B#7 = 451.935
ROUND 360 A#9 and B#7 = 555.156
ROUND 361 A#10 and B#7 = 442.071
ROUND 362 A#11 and B#7 = 442.597
ROUND 363 A#12 and B#7 = 490.24
ROUND 364 A#13 and B#7 = 488.742
ROUND 365 A#14 and B#7 = 366.429
ROUND 366 A#15 and B#7 = 369.239
ROUND 367 A#16 and B#7 = 422.469
ROUND 368 A#17 and B#7 = 442.772
ROUND 369 A#18 and B#7 = 409.987
ROUND 370 A#19 and B#7 = 452.775
ROUND 371 A#20 and B#7 = 385.41
ROUND 372 A#21 and B#7 = 384.118
ROUND 373 A#22 and B#7 = 482.974
ROUND 374 A#23 and B#7 = 478.324
ROUND 375 A#24 and B#7 = 385.738
ROUND 376 A#25 and B#7 = 507.059
ROUND 377 A#26 and B#7 = 444.409
ROUND 378 A#27 and B#7 = 472.09
ROUND 379 A#28 and B#7 = 486.159
ROUND 380 A#29 and B#7 = 487.958
ROUND 381 A#30 and B#7 = 483.823
ROUND 382 A#31 and B#7 = 331.135
ROUND 383 A#32 and B#7 = 484.185
ROUND 384 A#33 and B#7 = 457.107
ROUND 385 A#34 and B#7 = 444.213
ROUND 386 A#35 and B#7 = 488.618
ROUND 387 A#36 and B#7 = 439.981
ROUND 388 A#37 and B#7 = 444.414
ROUND 389 A#38 and B#7 = 445.121
ROUND 390 A#39 and B#7 = 475.862
ROUND 391 A#40 and B#7 = 447.731
ROUND 392 A#41 and B#7 = 437.046
ROUND 393 A#42 and B#7 = 402.874
ROUND 394 A#43 and B#7 = 384.434
ROUND 395 A#44 and B#7 = 493.325
ROUND 396 A#45 and B#7 = 459.727
ROUND 397 A#46 and B#7 = 444.602
ROUND 398 A#47 and B#7 = 494.602
ROUND 399 A#48 and B#7 = 462.659
ROUND 400 A#49 and B#7 = 458.082
ROUND 401 A#0 and B#8 = 352.562
ROUND 402 A#1 and B#8 = 345.625
ROUND 403 A#2 and B#8 = 417.072
ROUND 404 A#3 and B#8 = 466.26
ROUND 405 A#4 and B#8 = 265.695
ROUND 406 A#5 and B#8 = 379.687
ROUND 407 A#6 and B#8 = 338.868
ROUND 408 A#7 and B#8 = 335.352
ROUND 409 A#8 and B#8 = 374.247
ROUND 410 A#9 and B#8 = 250.99
ROUND 411 A#10 and B#8 = 379.684
ROUND 412 A#11 and B#8 = 248.48
ROUND 413 A#12 and B#8 = 388.321
ROUND 414 A#13 and B#8 = 389.115
ROUND 415 A#14 and B#8 = 333.809
ROUND 416 A#15 and B#8 = 333.788
ROUND 417 A#16 and B#8 = 293.07
ROUND 418 A#17 and B#8 = 222.678
ROUND 419 A#18 and B#8 = 462.385
ROUND 420 A#19 and B#8 = 375.117
ROUND 421 A#20 and B#8 = 392.903
ROUND 422 A#21 and B#8 = 383.683
ROUND 423 A#22 and B#8 = 276.973
ROUND 424 A#23 and B#8 = 379.464
ROUND 425 A#24 and B#8 = 382.786
ROUND 426 A#25 and B#8 = 396.905
ROUND 427 A#26 and B#8 = 378.694
ROUND 428 A#27 and B#8 = 401.207
ROUND 429 A#28 and B#8 = 235.6
ROUND 430 A#29 and B#8 = 389.493
ROUND 431 A#30 and B#8 = 368.962
ROUND 432 A#31 and B#8 = 354.864
ROUND 433 A#32 and B#8 = 216.06
ROUND 434 A#33 and B#8 = 389.876
ROUND 435 A#34 and B#8 = 207.392
ROUND 436 A#35 and B#8 = 197.591
ROUND 437 A#36 and B#8 = 297.721
ROUND 438 A#37 and B#8 = 227.508
ROUND 439 A#38 and B#8 = 217.628
ROUND 440 A#39 and B#8 = 383.098
ROUND 441 A#40 and B#8 = 216.856
ROUND 442 A#41 and B#8 = 363.601
ROUND 443 A#42 and B#8 = 385.741
ROUND 444 A#43 and B#8 = 376.198
ROUND 445 A#44 and B#8 = 352.814
ROUND 446 A#45 and B#8 = 349.605
ROUND 447 A#46 and B#8 = 206.511
ROUND 448 A#47 and B#8 = 353.907
ROUND 449 A#48 and B#8 = 293.768
ROUND 450 A#49 and B#8 = 295.312
ROUND 451 A#0 and B#9 = 361.295
ROUND 452 A#1 and B#9 = 349.008
ROUND 453 A#2 and B#9 = 353.702
ROUND 454 A#3 and B#9 = 476.502
ROUND 455 A#4 and B#9 = 353.182
ROUND 456 A#5 and B#9 = 391.158
ROUND 457 A#6 and B#9 = 272.917
ROUND 458 A#7 and B#9 = 357.669
ROUND 459 A#8 and B#9 = 406.236
ROUND 460 A#9 and B#9 = 420.324
ROUND 461 A#10 and B#9 = 390.956
ROUND 462 A#11 and B#9 = 280.043
ROUND 463 A#12 and B#9 = 403.111
ROUND 464 A#13 and B#9 = 276.126
ROUND 465 A#14 and B#9 = 344.333
ROUND 466 A#15 and B#9 = 344.182
ROUND 467 A#16 and B#9 = 391.59
ROUND 468 A#17 and B#9 = 203.852
ROUND 469 A#18 and B#9 = 478.315
ROUND 470 A#19 and B#9 = 386.843
ROUND 471 A#20 and B#9 = 311.111
ROUND 472 A#21 and B#9 = 389.739
ROUND 473 A#22 and B#9 = 388.143
ROUND 474 A#23 and B#9 = 303.206
ROUND 475 A#24 and B#9 = 388.792
ROUND 476 A#25 and B#9 = 405.073
ROUND 477 A#26 and B#9 = 390.116
ROUND 478 A#27 and B#9 = 406.775
ROUND 479 A#28 and B#9 = 368.378
ROUND 480 A#29 and B#9 = 277.68
ROUND 481 A#30 and B#9 = 371.675
ROUND 482 A#31 and B#9 = 364.032
ROUND 483 A#32 and B#9 = 360.865
ROUND 484 A#33 and B#9 = 379.897
ROUND 485 A#34 and B#9 = 389.879
ROUND 486 A#35 and B#9 = 392.612
ROUND 487 A#36 and B#9 = 309.673
ROUND 488 A#37 and B#9 = 389.815
ROUND 489 A#38 and B#9 = 390.605
ROUND 490 A#39 and B#9 = 370.233
ROUND 491 A#40 and B#9 = 391.213
ROUND 492 A#41 and B#9 = 369.161
ROUND 493 A#42 and B#9 = 391.548
ROUND 494 A#43 and B#9 = 381.28
ROUND 495 A#44 and B#9 = 365.457
ROUND 496 A#45 and B#9 = 359.713
ROUND 497 A#46 and B#9 = 388.572
ROUND 498 A#47 and B#9 = 360.81
ROUND 499 A#48 and B#9 = 382.879
ROUND 500 A#49 and B#9 = 391.995
ROUND 501 A#0 and B#10 = 482.321
ROUND 502 A#1 and B#10 = 396.855
ROUND 503 A#2 and B#10 = 427.912
ROUND 504 A#3 and B#10 = 419.61
ROUND 505 A#4 and B#10 = 402.981
ROUND 506 A#5 and B#10 = 487.57
ROUND 507 A#6 and B#10 = 401.45
ROUND 508 A#7 and B#10 = 414.004
ROUND 509 A#8 and B#10 = 469.439
ROUND 510 A#9 and B#10 = 469.519
ROUND 511 A#10 and B#10 = 462.289
ROUND 512 A#11 and B#10 = 425.758
ROUND 513 A#12 and B#10 = 488.713
ROUND 514 A#13 and B#10 = 487.02
ROUND 515 A#14 and B#10 = 451.141
ROUND 516 A#15 and B#10 = 449.943
ROUND 517 A#16 and B#10 = 462.205
ROUND 518 A#17 and B#10 = 475.571
ROUND 519 A#18 and B#10 = 402.198
ROUND 520 A#19 and B#10 = 423.776
ROUND 521 A#20 and B#10 = 412.818
ROUND 522 A#21 and B#10 = 484.211
ROUND 523 A#22 and B#10 = 455.414
ROUND 524 A#23 and B#10 = 494.555
ROUND 525 A#24 and B#10 = 362.398
ROUND 526 A#25 and B#10 = 457.187
ROUND 527 A#26 and B#10 = 468.139
ROUND 528 A#27 and B#10 = 404.16
ROUND 529 A#28 and B#10 = 417.068
ROUND 530 A#29 and B#10 = 486.675
ROUND 531 A#30 and B#10 = 389.44
ROUND 532 A#31 and B#10 = 370.743
ROUND 533 A#32 and B#10 = 400.811
ROUND 534 A#33 and B#10 = 486.071
ROUND 535 A#34 and B#10 = 486.819
ROUND 536 A#35 and B#10 = 486.252
ROUND 537 A#36 and B#10 = 427.779
ROUND 538 A#37 and B#10 = 456.93
ROUND 539 A#38 and B#10 = 486.481
ROUND 540 A#39 and B#10 = 486.202
ROUND 541 A#40 and B#10 = 485.498
ROUND 542 A#41 and B#10 = 414.609
ROUND 543 A#42 and B#10 = 340.742
ROUND 544 A#43 and B#10 = 464.147
ROUND 545 A#44 and B#10 = 424.091
ROUND 546 A#45 and B#10 = 481.377
ROUND 547 A#46 and B#10 = 488.702
ROUND 548 A#47 and B#10 = 459.184
ROUND 549 A#48 and B#10 = 435.518
ROUND 550 A#49 and B#10 = 434.8
ROUND 551 A#0 and B#11 = 414.741
ROUND 552 A#1 and B#11 = 464.91
ROUND 553 A#2 and B#11 = 520.567
ROUND 554 A#3 and B#11 = 550.335
ROUND 555 A#4 and B#11 = 455.598
ROUND 556 A#5 and B#11 = 429.009
ROUND 557 A#6 and B#11 = 433.831
ROUND 558 A#7 and B#11 = 462.985
ROUND 559 A#8 and B#11 = 442.097
ROUND 560 A#9 and B#11 = 559.441
ROUND 561 A#10 and B#11 = 428.352
ROUND 562 A#11 and B#11 = 409.654
ROUND 563 A#12 and B#11 = 469.999
ROUND 564 A#13 and B#11 = 489.951
ROUND 565 A#14 and B#11 = 370.493
ROUND 566 A#15 and B#11 = 373.05
ROUND 567 A#16 and B#11 = 461.266
ROUND 568 A#17 and B#11 = 441.038
ROUND 569 A#18 and B#11 = 412.905
ROUND 570 A#19 and B#11 = 450.405
ROUND 571 A#20 and B#11 = 390.051
ROUND 572 A#21 and B#11 = 385.197
ROUND 573 A#22 and B#11 = 476.053
ROUND 574 A#23 and B#11 = 477.249
ROUND 575 A#24 and B#11 = 389.876
ROUND 576 A#25 and B#11 = 495.74
ROUND 577 A#26 and B#11 = 432.518
ROUND 578 A#27 and B#11 = 472.001
ROUND 579 A#28 and B#11 = 482.725
ROUND 580 A#29 and B#11 = 489.328
ROUND 581 A#30 and B#11 = 484.261
ROUND 582 A#31 and B#11 = 335.432
ROUND 583 A#32 and B#11 = 479.139
ROUND 584 A#33 and B#11 = 445.232
ROUND 585 A#34 and B#11 = 429.316
ROUND 586 A#35 and B#11 = 490.339
ROUND 587 A#36 and B#11 = 438.258
ROUND 588 A#37 and B#11 = 433.002
ROUND 589 A#38 and B#11 = 430.691
ROUND 590 A#39 and B#11 = 459.049
ROUND 591 A#40 and B#11 = 432.614
ROUND 592 A#41 and B#11 = 422.355
ROUND 593 A#42 and B#11 = 409.74
ROUND 594 A#43 and B#11 = 388.907
ROUND 595 A#44 and B#11 = 498.024
ROUND 596 A#45 and B#11 = 449.42
ROUND 597 A#46 and B#11 = 430.375
ROUND 598 A#47 and B#11 = 494.299
ROUND 599 A#48 and B#11 = 456.591
ROUND 600 A#49 and B#11 = 457.05
ROUND 601 A#0 and B#12 = 387.75
ROUND 602 A#1 and B#12 = 333.69
ROUND 603 A#2 and B#12 = 336.543
ROUND 604 A#3 and B#12 = 418.886
ROUND 605 A#4 and B#12 = 341.592
ROUND 606 A#5 and B#12 = 454.635
ROUND 607 A#6 and B#12 = 384.251
ROUND 608 A#7 and B#12 = 406.23
ROUND 609 A#8 and B#12 = 367.788
ROUND 610 A#9 and B#12 = 422.648
ROUND 611 A#10 and B#12 = 427.701
ROUND 612 A#11 and B#12 = 341.174
ROUND 613 A#12 and B#12 = 441.82
ROUND 614 A#13 and B#12 = 447.947
ROUND 615 A#14 and B#12 = 413.551
ROUND 616 A#15 and B#12 = 412.681
ROUND 617 A#16 and B#12 = 429.928
ROUND 618 A#17 and B#12 = 420.202
ROUND 619 A#18 and B#12 = 376.225
ROUND 620 A#19 and B#12 = 313.578
ROUND 621 A#20 and B#12 = 319.216
ROUND 622 A#21 and B#12 = 464.815
ROUND 623 A#22 and B#12 = 338.354
ROUND 624 A#23 and B#12 = 445.36
ROUND 625 A#24 and B#12 = 353.114
ROUND 626 A#25 and B#12 = 418.854
ROUND 627 A#26 and B#12 = 422.44
ROUND 628 A#27 and B#12 = 425.266
ROUND 629 A#28 and B#12 = 378.365
ROUND 630 A#29 and B#12 = 447.782
ROUND 631 A#30 and B#12 = 306.05
ROUND 632 A#31 and B#12 = 355.713
ROUND 633 A#32 and B#12 = 357.315
ROUND 634 A#33 and B#12 = 339.371
ROUND 635 A#34 and B#12 = 447.868
ROUND 636 A#35 and B#12 = 442.568
ROUND 637 A#36 and B#12 = 353.562
ROUND 638 A#37 and B#12 = 363.946
ROUND 639 A#38 and B#12 = 449.545
ROUND 640 A#39 and B#12 = 370.778
ROUND 641 A#40 and B#12 = 450.389
ROUND 642 A#41 and B#12 = 342.252
ROUND 643 A#42 and B#12 = 373.467
ROUND 644 A#43 and B#12 = 433.305
ROUND 645 A#44 and B#12 = 342.114
ROUND 646 A#45 and B#12 = 411.912
ROUND 647 A#46 and B#12 = 449.19
ROUND 648 A#47 and B#12 = 321.748
ROUND 649 A#48 and B#12 = 333.15
ROUND 650 A#49 and B#12 = 316.495
ROUND 651 A#0 and B#13 = 430.842
ROUND 652 A#1 and B#13 = 343.519
ROUND 653 A#2 and B#13 = 300.178
ROUND 654 A#3 and B#13 = 433.948
ROUND 655 A#4 and B#13 = 344.205
ROUND 656 A#5 and B#13 = 454.586
ROUND 657 A#6 and B#13 = 335.381
ROUND 658 A#7 and B#13 = 352.181
ROUND 659 A#8 and B#13 = 326.956
ROUND 660 A#9 and B#13 = 460.765
ROUND 661 A#10 and B#13 = 446.675
ROUND 662 A#11 and B#13 = 317.406
ROUND 663 A#12 and B#13 = 452.236
ROUND 664 A#13 and B#13 = 331.337
ROUND 665 A#14 and B#13 = 375.649
ROUND 666 A#15 and B#13 = 377.495
ROUND 667 A#16 and B#13 = 331.59
ROUND 668 A#17 and B#13 = 377.854
ROUND 669 A#18 and B#13 = 370.956
ROUND 670 A#19 and B#13 = 416.919
ROUND 671 A#20 and B#13 = 404.133
ROUND 672 A#21 and B#13 = 398.834
ROUND 673 A#22 and B#13 = 310.766
ROUND 674 A#23 and B#13 = 343.323
ROUND 675 A#24 and B#13 = 397.423
ROUND 676 A#25 and B#13 = 282.519
ROUND 677 A#26 and B#13 = 456.616
ROUND 678 A#27 and B#13 = 371.817
ROUND 679 A#28 and B#13 = 423.681
ROUND 680 A#29 and B#13 = 330.865
ROUND 681 A#30 and B#13 = 333.826
ROUND 682 A#31 and B#13 = 352.265
ROUND 683 A#32 and B#13 = 282.659
ROUND 684 A#33 and B#13 = 327.98
ROUND 685 A#34 and B#13 = 457.302
ROUND 686 A#35 and B#13 = 334.211
ROUND 687 A#36 and B#13 = 394.954
ROUND 688 A#37 and B#13 = 436.728
ROUND 689 A#38 and B#13 = 450.988
ROUND 690 A#39 and B#13 = 525.353
ROUND 691 A#40 and B#13 = 456.452
ROUND 692 A#41 and B#13 = 407.391
ROUND 693 A#42 and B#13 = 392.205
ROUND 694 A#43 and B#13 = 396.959
ROUND 695 A#44 and B#13 = 346.234
ROUND 696 A#45 and B#13 = 430.565
ROUND 697 A#46 and B#13 = 452.836
ROUND 698 A#47 and B#13 = 313.614
ROUND 699 A#48 and B#13 = 413.777
ROUND 700 A#49 and B#13 = 422.419
ROUND 701 A#0 and B#14 = 481.886
ROUND 702 A#1 and B#14 = 402.517
ROUND 703 A#2 and B#14 = 405.743
ROUND 704 A#3 and B#14 = 416.915
ROUND 705 A#4 and B#14 = 400.189
ROUND 706 A#5 and B#14 = 489.632
ROUND 707 A#6 and B#14 = 400.057
ROUND 708 A#7 and B#14 = 408.282
ROUND 709 A#8 and B#14 = 469.935
ROUND 710 A#9 and B#14 = 467.828
ROUND 711 A#10 and B#14 = 462.392
ROUND 712 A#11 and B#14 = 426.286
ROUND 713 A#12 and B#14 = 489.51
ROUND 714 A#13 and B#14 = 484.062
ROUND 715 A#14 and B#14 = 447.589
ROUND 716 A#15 and B#14 = 446.453
ROUND 717 A#16 and B#14 = 457.716
ROUND 718 A#17 and B#14 = 484.819
ROUND 719 A#18 and B#14 = 404.319
ROUND 720 A#19 and B#14 = 363.684
ROUND 721 A#20 and B#14 = 373.825
ROUND 722 A#21 and B#14 = 485.675
ROUND 723 A#22 and B#14 = 458.363
ROUND 724 A#23 and B#14 = 491.755
ROUND 725 A#24 and B#14 = 452.107
ROUND 726 A#25 and B#14 = 453.055
ROUND 727 A#26 and B#14 = 469.048
ROUND 728 A#27 and B#14 = 398.536
ROUND 729 A#28 and B#14 = 443.708
ROUND 730 A#29 and B#14 = 483.775
ROUND 731 A#30 and B#14 = 397.62
ROUND 732 A#31 and B#14 = 374.486
ROUND 733 A#32 and B#14 = 429.812
ROUND 734 A#33 and B#14 = 479.077
ROUND 735 A#34 and B#14 = 488.495
ROUND 736 A#35 and B#14 = 482.826
ROUND 737 A#36 and B#14 = 426.817
ROUND 738 A#37 and B#14 = 453.991
ROUND 739 A#38 and B#14 = 488.366
ROUND 740 A#39 and B#14 = 454.123
ROUND 741 A#40 and B#14 = 487.127
ROUND 742 A#41 and B#14 = 415.319
ROUND 743 A#42 and B#14 = 447.896
ROUND 744 A#43 and B#14 = 460.075
ROUND 745 A#44 and B#14 = 427.866
ROUND 746 A#45 and B#14 = 480.795
ROUND 747 A#46 and B#14 = 490.773
ROUND 748 A#47 and B#14 = 460.3
ROUND 749 A#48 and B#14 = 432.272
ROUND 750 A#49 and B#14 = 431.406
ROUND 751 A#0 and B#15 = 413.274
ROUND 752 A#1 and B#15 = 372.535
ROUND 753 A#2 and B#15 = 437.975
ROUND 754 A#3 and B#15 = 461.444
ROUND 755 A#4 and B#15 = 368.75
ROUND 756 A#5 and B#15 = 449.075
ROUND 757 A#6 and B#15 = 452.637
ROUND 758 A#7 and B#15 = 380.676
ROUND 759 A#8 and B#15 = 409.507
ROUND 760 A#9 and B#15 = 421.955
ROUND 761 A#10 and B#15 = 452.982
ROUND 762 A#11 and B#15 = 455.614
ROUND 763 A#12 and B#15 = 425.242
ROUND 764 A#13 and B#15 = 368.345
ROUND 765 A#14 and B#15 = 476.8
ROUND 766 A#15 and B#15 = 477.424
ROUND 767 A#16 and B#15 = 284.71
ROUND 768 A#17 and B#15 = 377.086
ROUND 769 A#18 and B#15 = 400.673
ROUND 770 A#19 and B#15 = 435.656
ROUND 771 A#20 and B#15 = 446.468
ROUND 772 A#21 and B#15 = 450.335
ROUND 773 A#22 and B#15 = 410.176
ROUND 774 A#23 and B#15 = 360.869
ROUND 775 A#24 and B#15 = 443.678
ROUND 776 A#25 and B#15 = 331.803
ROUND 777 A#26 and B#15 = 466.327
ROUND 778 A#27 and B#15 = 349.5
ROUND 779 A#28 and B#15 = 472.653
ROUND 780 A#29 and B#15 = 367.697
ROUND 781 A#30 and B#15 = 418.669
ROUND 782 A#31 and B#15 = 376.733
ROUND 783 A#32 and B#15 = 425.578
ROUND 784 A#33 and B#15 = 414.212
ROUND 785 A#34 and B#15 = 451.283
ROUND 786 A#35 and B#15 = 365.767
ROUND 787 A#36 and B#15 = 431.22
ROUND 788 A#37 and B#15 = 450.172
ROUND 789 A#38 and B#15 = 450.263
ROUND 790 A#39 and B#15 = 383.92
ROUND 791 A#40 and B#15 = 449.098
ROUND 792 A#41 and B#15 = 401.579
ROUND 793 A#42 and B#15 = 450.202
ROUND 794 A#43 and B#15 = 468.429
ROUND 795 A#44 and B#15 = 411.69
ROUND 796 A#45 and B#15 = 415.881
ROUND 797 A#46 and B#15 = 450.999
ROUND 798 A#47 and B#15 = 412.434
ROUND 799 A#48 and B#15 = 451.436
ROUND 800 A#49 and B#15 = 445.226
ROUND 801 A#0 and B#16 = 473.668
ROUND 802 A#1 and B#16 = 469.775
ROUND 803 A#2 and B#16 = 528.849
ROUND 804 A#3 and B#16 = 442.843
ROUND 805 A#4 and B#16 = 476.116
ROUND 806 A#5 and B#16 = 486.108
ROUND 807 A#6 and B#16 = 495.76
ROUND 808 A#7 and B#16 = 481.592
ROUND 809 A#8 and B#16 = 469.192
ROUND 810 A#9 and B#16 = 592.057
ROUND 811 A#10 and B#16 = 474.265
ROUND 812 A#11 and B#16 = 486.875
ROUND 813 A#12 and B#16 = 500.457
ROUND 814 A#13 and B#16 = 502.306
ROUND 815 A#14 and B#16 = 390.746
ROUND 816 A#15 and B#16 = 395.165
ROUND 817 A#16 and B#16 = 481.703
ROUND 818 A#17 and B#16 = 469.34
ROUND 819 A#18 and B#16 = 499.91
ROUND 820 A#19 and B#16 = 458.55
ROUND 821 A#20 and B#16 = 484.004
ROUND 822 A#21 and B#16 = 399.004
ROUND 823 A#22 and B#16 = 508.034
ROUND 824 A#23 and B#16 = 463.233
ROUND 825 A#24 and B#16 = 396.152
ROUND 826 A#25 and B#16 = 484.711
ROUND 827 A#26 and B#16 = 474.256
ROUND 828 A#27 and B#16 = 507.971
ROUND 829 A#28 and B#16 = 525.429
ROUND 830 A#29 and B#16 = 502.618
ROUND 831 A#30 and B#16 = 512.102
ROUND 832 A#31 and B#16 = 349.709
ROUND 833 A#32 and B#16 = 516.799
ROUND 834 A#33 and B#16 = 461.744
ROUND 835 A#34 and B#16 = 491.821
ROUND 836 A#35 and B#16 = 485.716
ROUND 837 A#36 and B#16 = 450.688
ROUND 838 A#37 and B#16 = 485.353
ROUND 839 A#38 and B#16 = 484.075
ROUND 840 A#39 and B#16 = 518.296
ROUND 841 A#40 and B#16 = 486.072
ROUND 842 A#41 and B#16 = 496.31
ROUND 843 A#42 and B#16 = 395.517
ROUND 844 A#43 and B#16 = 395.82
ROUND 845 A#44 and B#16 = 526.679
ROUND 846 A#45 and B#16 = 474.227
ROUND 847 A#46 and B#16 = 492.183
ROUND 848 A#47 and B#16 = 513.852
ROUND 849 A#48 and B#16 = 468.736
ROUND 850 A#49 and B#16 = 461.038
ROUND 851 A#0 and B#17 = 387.576
ROUND 852 A#1 and B#17 = 322.971
ROUND 853 A#2 and B#17 = 331.836
ROUND 854 A#3 and B#17 = 396.421
ROUND 855 A#4 and B#17 = 331.266
ROUND 856 A#5 and B#17 = 454.298
ROUND 857 A#6 and B#17 = 393.101
ROUND 858 A#7 and B#17 = 416.626
ROUND 859 A#8 and B#17 = 361.398
ROUND 860 A#9 and B#17 = 467.949
ROUND 861 A#10 and B#17 = 430.849
ROUND 862 A#11 and B#17 = 337.447
ROUND 863 A#12 and B#17 = 441.728
ROUND 864 A#13 and B#17 = 449.954
ROUND 865 A#14 and B#17 = 415.358
ROUND 866 A#15 and B#17 = 414.657
ROUND 867 A#16 and B#17 = 422.853
ROUND 868 A#17 and B#17 = 328.191
ROUND 869 A#18 and B#17 = 411.62
ROUND 870 A#19 and B#17 = 306.45
ROUND 871 A#20 and B#17 = 310.812
ROUND 872 A#21 and B#17 = 465.621
ROUND 873 A#22 and B#17 = 327.073
ROUND 874 A#23 and B#17 = 433.489
ROUND 875 A#24 and B#17 = 351.315
ROUND 876 A#25 and B#17 = 405.806
ROUND 877 A#26 and B#17 = 426.647
ROUND 878 A#27 and B#17 = 429.18
ROUND 879 A#28 and B#17 = 353.701
ROUND 880 A#29 and B#17 = 449.724
ROUND 881 A#30 and B#17 = 294.159
ROUND 882 A#31 and B#17 = 295.069
ROUND 883 A#32 and B#17 = 336.842
ROUND 884 A#33 and B#17 = 357.728
ROUND 885 A#34 and B#17 = 446.717
ROUND 886 A#35 and B#17 = 432.31
ROUND 887 A#36 and B#17 = 354.298
ROUND 888 A#37 and B#17 = 363.163
ROUND 889 A#38 and B#17 = 362.609
ROUND 890 A#39 and B#17 = 483.833
ROUND 891 A#40 and B#17 = 449.437
ROUND 892 A#41 and B#17 = 348.618
ROUND 893 A#42 and B#17 = 151.736
ROUND 894 A#43 and B#17 = 436.143
ROUND 895 A#44 and B#17 = 346.59
ROUND 896 A#45 and B#17 = 382.904
ROUND 897 A#46 and B#17 = 447.819
ROUND 898 A#47 and B#17 = 310.228
ROUND 899 A#48 and B#17 = 321.741
ROUND 900 A#49 and B#17 = 307.77
ROUND 901 A#0 and B#18 = 439.77
ROUND 902 A#1 and B#18 = 421.047
ROUND 903 A#2 and B#18 = 391.069
ROUND 904 A#3 and B#18 = 452.932
ROUND 905 A#4 and B#18 = 427.396
ROUND 906 A#5 and B#18 = 484.639
ROUND 907 A#6 and B#18 = 479.274
ROUND 908 A#7 and B#18 = 382.309
ROUND 909 A#8 and B#18 = 405.095
ROUND 910 A#9 and B#18 = 530.723
ROUND 911 A#10 and B#18 = 447.118
ROUND 912 A#11 and B#18 = 501.911
ROUND 913 A#12 and B#18 = 441.552
ROUND 914 A#13 and B#18 = 438.467
ROUND 915 A#14 and B#18 = 482.431
ROUND 916 A#15 and B#18 = 483.343
ROUND 917 A#16 and B#18 = 410.804
ROUND 918 A#17 and B#18 = 393.216
ROUND 919 A#18 and B#18 = 448.325
ROUND 920 A#19 and B#18 = 354.388
ROUND 921 A#20 and B#18 = 369.95
ROUND 922 A#21 and B#18 = 517.851
ROUND 923 A#22 and B#18 = 396.309
ROUND 924 A#23 and B#18 = 425.608
ROUND 925 A#24 and B#18 = 350.284
ROUND 926 A#25 and B#18 = 436.03
ROUND 927 A#26 and B#18 = 449.561
ROUND 928 A#27 and B#18 = 416.933
ROUND 929 A#28 and B#18 = 479.777
ROUND 930 A#29 and B#18 = 438.478
ROUND 931 A#30 and B#18 = 414.312
ROUND 932 A#31 and B#18 = 335.565
ROUND 933 A#32 and B#18 = 464.774
ROUND 934 A#33 and B#18 = 456.875
ROUND 935 A#34 and B#18 = 484.49
ROUND 936 A#35 and B#18 = 440.366
ROUND 937 A#36 and B#18 = 447.755
ROUND 938 A#37 and B#18 = 250.899
ROUND 939 A#38 and B#18 = 450.163
ROUND 940 A#39 and B#18 = 445.83
ROUND 941 A#40 and B#18 = 485.641
ROUND 942 A#41 and B#18 = 388.941
ROUND 943 A#42 and B#18 = 363.091
ROUND 944 A#43 and B#18 = 515.22
ROUND 945 A#44 and B#18 = 380.824
ROUND 946 A#45 and B#18 = 438.055
ROUND 947 A#46 and B#18 = 482.981
ROUND 948 A#47 and B#18 = 426.46
ROUND 949 A#48 and B#18 = 374.946
ROUND 950 A#49 and B#18 = 405.021
ROUND 951 A#0 and B#19 = 454.655
ROUND 952 A#1 and B#19 = 447.509
ROUND 953 A#2 and B#19 = 469.844
ROUND 954 A#3 and B#19 = 440.344
ROUND 955 A#4 and B#19 = 448.231
ROUND 956 A#5 and B#19 = 414.729
ROUND 957 A#6 and B#19 = 430.024
ROUND 958 A#7 and B#19 = 440.636
ROUND 959 A#8 and B#19 = 497.414
ROUND 960 A#9 and B#19 = 509.785
ROUND 961 A#10 and B#19 = 414.613
ROUND 962 A#11 and B#19 = 497.9
ROUND 963 A#12 and B#19 = 417.067
ROUND 964 A#13 and B#19 = 433.04
ROUND 965 A#14 and B#19 = 393.399
ROUND 966 A#15 and B#19 = 394.15
ROUND 967 A#16 and B#19 = 436.414
ROUND 968 A#17 and B#19 = 509.214
ROUND 969 A#18 and B#19 = 456.403
ROUND 970 A#19 and B#19 = 507.093
ROUND 971 A#20 and B#19 = 473.148
ROUND 972 A#21 and B#19 = 428.7
ROUND 973 A#22 and B#19 = 502.228
ROUND 974 A#23 and B#19 = 396.775
ROUND 975 A#24 and B#19 = 396.769
ROUND 976 A#25 and B#19 = 415.826
ROUND 977 A#26 and B#19 = 394.445
ROUND 978 A#27 and B#19 = 403.038
ROUND 979 A#28 and B#19 = 466.646
ROUND 980 A#29 and B#19 = 432.507
ROUND 981 A#30 and B#19 = 494.14
ROUND 982 A#31 and B#19 = 437.372
ROUND 983 A#32 and B#19 = 458.494
ROUND 984 A#33 and B#19 = 501.722
ROUND 985 A#34 and B#19 = 424.412
ROUND 986 A#35 and B#19 = 433.679
ROUND 987 A#36 and B#19 = 439.271
ROUND 988 A#37 and B#19 = 400.373
ROUND 989 A#38 and B#19 = 416.379
ROUND 990 A#39 and B#19 = 425.607
ROUND 991 A#40 and B#19 = 418.551
ROUND 992 A#41 and B#19 = 453.402
ROUND 993 A#42 and B#19 = 357.525
ROUND 994 A#43 and B#19 = 433.987
ROUND 995 A#44 and B#19 = 497.766
ROUND 996 A#45 and B#19 = 457.696
ROUND 997 A#46 and B#19 = 416.209
ROUND 998 A#47 and B#19 = 500.437
ROUND 999 A#48 and B#19 = 500.585
ROUND 1000 A#49 and B#19 = 490.425
ROUND 1001 A#0 and B#20 = 482.397
ROUND 1002 A#1 and B#20 = 447.631
ROUND 1003 A#2 and B#20 = 427.643
ROUND 1004 A#3 and B#20 = 420.016
ROUND 1005 A#4 and B#20 = 449.287
ROUND 1006 A#5 and B#20 = 483.068
ROUND 1007 A#6 and B#20 = 391.093
ROUND 1008 A#7 and B#20 = 414.103
ROUND 1009 A#8 and B#20 = 469.773
ROUND 1010 A#9 and B#20 = 470.274
ROUND 1011 A#10 and B#20 = 457.515
ROUND 1012 A#11 and B#20 = 425.657
ROUND 1013 A#12 and B#20 = 491.918
ROUND 1014 A#13 and B#20 = 488.065
ROUND 1015 A#14 and B#20 = 454.941
ROUND 1016 A#15 and B#20 = 453.678
ROUND 1017 A#16 and B#20 = 464.914
ROUND 1018 A#17 and B#20 = 475.139
ROUND 1019 A#18 and B#20 = 402.067
ROUND 1020 A#19 and B#20 = 423.879
ROUND 1021 A#20 and B#20 = 413.117
ROUND 1022 A#21 and B#20 = 486.274
ROUND 1023 A#22 and B#20 = 455.54
ROUND 1024 A#23 and B#20 = 495.249
ROUND 1025 A#24 and B#20 = 361.908
ROUND 1026 A#25 and B#20 = 457.991
ROUND 1027 A#26 and B#20 = 464.291
ROUND 1028 A#27 and B#20 = 475.195
ROUND 1029 A#28 and B#20 = 418.365
ROUND 1030 A#29 and B#20 = 487.681
ROUND 1031 A#30 and B#20 = 392.027
ROUND 1032 A#31 and B#20 = 370.428
ROUND 1033 A#32 and B#20 = 385.729
ROUND 1034 A#33 and B#20 = 486.036
ROUND 1035 A#34 and B#20 = 483.324
ROUND 1036 A#35 and B#20 = 487.353
ROUND 1037 A#36 and B#20 = 427.372
ROUND 1038 A#37 and B#20 = 458.884
ROUND 1039 A#38 and B#20 = 482.191
ROUND 1040 A#39 and B#20 = 463.728
ROUND 1041 A#40 and B#20 = 482.55
ROUND 1042 A#41 and B#20 = 463.756
ROUND 1043 A#42 and B#20 = 340.345
ROUND 1044 A#43 and B#20 = 464.463
ROUND 1045 A#44 and B#20 = 423.747
ROUND 1046 A#45 and B#20 = 481.287
ROUND 1047 A#46 and B#20 = 483.92
ROUND 1048 A#47 and B#20 = 458.78
ROUND 1049 A#48 and B#20 = 435.705
ROUND 1050 A#49 and B#20 = 435.118
ROUND 1051 A#0 and B#21 = 429.43
ROUND 1052 A#1 and B#21 = 462.757
ROUND 1053 A#2 and B#21 = 498.846
ROUND 1054 A#3 and B#21 = 385.109
ROUND 1055 A#4 and B#21 = 377.176
ROUND 1056 A#5 and B#21 = 334.931
ROUND 1057 A#6 and B#21 = 438.787
ROUND 1058 A#7 and B#21 = 458.07
ROUND 1059 A#8 and B#21 = 451.723
ROUND 1060 A#9 and B#21 = 367.916
ROUND 1061 A#10 and B#21 = 337.166
ROUND 1062 A#11 and B#21 = 431.31
ROUND 1063 A#12 and B#21 = 333.194
ROUND 1064 A#13 and B#21 = 350.762
ROUND 1065 A#14 and B#21 = 418.242
ROUND 1066 A#15 and B#21 = 416.109
ROUND 1067 A#16 and B#21 = 350.297
ROUND 1068 A#17 and B#21 = 393.549
ROUND 1069 A#18 and B#21 = 421.562
ROUND 1070 A#19 and B#21 = 373.086
ROUND 1071 A#20 and B#21 = 250.325
ROUND 1072 A#21 and B#21 = 356.027
ROUND 1073 A#22 and B#21 = 364.432
ROUND 1074 A#23 and B#21 = 344.711
ROUND 1075 A#24 and B#21 = 358.044
ROUND 1076 A#25 and B#21 = 461.444
ROUND 1077 A#26 and B#21 = 338.222
ROUND 1078 A#27 and B#21 = 432.721
ROUND 1079 A#28 and B#21 = 332.848
ROUND 1080 A#29 and B#21 = 350.49
ROUND 1081 A#30 and B#21 = 476.418
ROUND 1082 A#31 and B#21 = 326.765
ROUND 1083 A#32 and B#21 = 333.2
ROUND 1084 A#33 and B#21 = 370.211
ROUND 1085 A#34 and B#21 = 335.017
ROUND 1086 A#35 and B#21 = 349.657
ROUND 1087 A#36 and B#21 = 432.107
ROUND 1088 A#37 and B#21 = 357.109
ROUND 1089 A#38 and B#21 = 337.607
ROUND 1090 A#39 and B#21 = 453.36
ROUND 1091 A#40 and B#21 = 337.669
ROUND 1092 A#41 and B#21 = 373.959
ROUND 1093 A#42 and B#21 = 377.665
ROUND 1094 A#43 and B#21 = 359.487
ROUND 1095 A#44 and B#21 = 484.87
ROUND 1096 A#45 and B#21 = 423.161
ROUND 1097 A#46 and B#21 = 335.63
ROUND 1098 A#47 and B#21 = 477.761
ROUND 1099 A#48 and B#21 = 367.007
ROUND 1100 A#49 and B#21 = 374.297
ROUND 1101 A#0 and B#22 = 528.495
ROUND 1102 A#1 and B#22 = 488.455
ROUND 1103 A#2 and B#22 = 493.919
ROUND 1104 A#3 and B#22 = 425.525
ROUND 1105 A#4 and B#22 = 493.095
ROUND 1106 A#5 and B#22 = 491.595
ROUND 1107 A#6 and B#22 = 492.513
ROUND 1108 A#7 and B#22 = 455.937
ROUND 1109 A#8 and B#22 = 512.028
ROUND 1110 A#9 and B#22 = 574.828
ROUND 1111 A#10 and B#22 = 494.279
ROUND 1112 A#11 and B#22 = 493.887
ROUND 1113 A#12 and B#22 = 478.46
ROUND 1114 A#13 and B#22 = 441.356
ROUND 1115 A#14 and B#22 = 370.41
ROUND 1116 A#15 and B#22 = 373.328
ROUND 1117 A#16 and B#22 = 458.776
ROUND 1118 A#17 and B#22 = 391.298
ROUND 1119 A#18 and B#22 = 454.628
ROUND 1120 A#19 and B#22 = 514.509
ROUND 1121 A#20 and B#22 = 456.073
ROUND 1122 A#21 and B#22 = 443.334
ROUND 1123 A#22 and B#22 = 460.007
ROUND 1124 A#23 and B#22 = 432.835
ROUND 1125 A#24 and B#22 = 390.034
ROUND 1126 A#25 and B#22 = 501.847
ROUND 1127 A#26 and B#22 = 495.951
ROUND 1128 A#27 and B#22 = 439.789
ROUND 1129 A#28 and B#22 = 506.073
ROUND 1130 A#29 and B#22 = 441.708
ROUND 1131 A#30 and B#22 = 475.847
ROUND 1132 A#31 and B#22 = 330.387
ROUND 1133 A#32 and B#22 = 502.42
ROUND 1134 A#33 and B#22 = 424.057
ROUND 1135 A#34 and B#22 = 494.014
ROUND 1136 A#35 and B#22 = 447.364
ROUND 1137 A#36 and B#22 = 505.479
ROUND 1138 A#37 and B#22 = 496.176
ROUND 1139 A#38 and B#22 = 496.266
ROUND 1140 A#39 and B#22 = 493.633
ROUND 1141 A#40 and B#22 = 495.751
ROUND 1142 A#41 and B#22 = 515.884
ROUND 1143 A#42 and B#22 = 405.359
ROUND 1144 A#43 and B#22 = 389.008
ROUND 1145 A#44 and B#22 = 494.671
ROUND 1146 A#45 and B#22 = 525.973
ROUND 1147 A#46 and B#22 = 494.394
ROUND 1148 A#47 and B#22 = 490.122
ROUND 1149 A#48 and B#22 = 436.911
ROUND 1150 A#49 and B#22 = 435.015
ROUND 1151 A#0 and B#23 = 460.664
ROUND 1152 A#1 and B#23 = 411.265
ROUND 1153 A#2 and B#23 = 479.564
ROUND 1154 A#3 and B#23 = 481.002
ROUND 1155 A#4 and B#23 = 423.008
ROUND 1156 A#5 and B#23 = 494.973
ROUND 1157 A#6 and B#23 = 484.521
ROUND 1158 A#7 and B#23 = 434.251
ROUND 1159 A#8 and B#23 = 393.746
ROUND 1160 A#9 and B#23 = 572.892
ROUND 1161 A#10 and B#23 = 449.655
ROUND 1162 A#11 and B#23 = 483.278
ROUND 1163 A#12 and B#23 = 458.706
ROUND 1164 A#13 and B#23 = 492.729
ROUND 1165 A#14 and B#23 = 384.172
ROUND 1166 A#15 and B#23 = 389.028
ROUND 1167 A#16 and B#23 = 493.495
ROUND 1168 A#17 and B#23 = 442.336
ROUND 1169 A#18 and B#23 = 468.338
ROUND 1170 A#19 and B#23 = 390.825
ROUND 1171 A#20 and B#23 = 483.3
ROUND 1172 A#21 and B#23 = 413.61
ROUND 1173 A#22 and B#23 = 456.537
ROUND 1174 A#23 and B#23 = 475.562
ROUND 1175 A#24 and B#23 = 396.565
ROUND 1176 A#25 and B#23 = 488.388
ROUND 1177 A#26 and B#23 = 446.567
ROUND 1178 A#27 and B#23 = 506.861
ROUND 1179 A#28 and B#23 = 498.519
ROUND 1180 A#29 and B#23 = 492.484
ROUND 1181 A#30 and B#23 = 456.24
ROUND 1182 A#31 and B#23 = 473.746
ROUND 1183 A#32 and B#23 = 493.604
ROUND 1184 A#33 and B#23 = 406.659
ROUND 1185 A#34 and B#23 = 498.777
ROUND 1186 A#35 and B#23 = 495.985
ROUND 1187 A#36 and B#23 = 390.257
ROUND 1188 A#37 and B#23 = 470.019
ROUND 1189 A#38 and B#23 = 501.613
ROUND 1190 A#39 and B#23 = 441.733
ROUND 1191 A#40 and B#23 = 500.391
ROUND 1192 A#41 and B#23 = 426.496
ROUND 1193 A#42 and B#23 = 400.649
ROUND 1194 A#43 and B#23 = 415.405
ROUND 1195 A#44 and B#23 = 480.721
ROUND 1196 A#45 and B#23 = 519.534
ROUND 1197 A#46 and B#23 = 499.266
ROUND 1198 A#47 and B#23 = 444.641
ROUND 1199 A#48 and B#23 = 403.308
ROUND 1200 A#49 and B#23 = 394.426
ROUND 1201 A#0 and B#24 = 462.989
ROUND 1202 A#1 and B#24 = 463.78
ROUND 1203 A#2 and B#24 = 519.483
ROUND 1204 A#3 and B#24 = 552.242
ROUND 1205 A#4 and B#24 = 452.799
ROUND 1206 A#5 and B#24 = 450.014
ROUND 1207 A#6 and B#24 = 466.306
ROUND 1208 A#7 and B#24 = 459.911
ROUND 1209 A#8 and B#24 = 440.448
ROUND 1210 A#9 and B#24 = 554.768
ROUND 1211 A#10 and B#24 = 448.264
ROUND 1212 A#11 and B#24 = 410.078
ROUND 1213 A#12 and B#24 = 419.695
ROUND 1214 A#13 and B#24 = 485.426
ROUND 1215 A#14 and B#24 = 368.345
ROUND 1216 A#15 and B#24 = 370.612
ROUND 1217 A#16 and B#24 = 454.682
ROUND 1218 A#17 and B#24 = 434.707
ROUND 1219 A#18 and B#24 = 410.97
ROUND 1220 A#19 and B#24 = 449.066
ROUND 1221 A#20 and B#24 = 390.845
ROUND 1222 A#21 and B#24 = 388.631
ROUND 1223 A#22 and B#24 = 472.218
ROUND 1224 A#23 and B#24 = 472.41
ROUND 1225 A#24 and B#24 = 389.443
ROUND 1226 A#25 and B#24 = 490.9
ROUND 1227 A#26 and B#24 = 452.037
ROUND 1228 A#27 and B#24 = 465.423
ROUND 1229 A#28 and B#24 = 494.4
ROUND 1230 A#29 and B#24 = 484.734
ROUND 1231 A#30 and B#24 = 481.535
ROUND 1232 A#31 and B#24 = 331.402
ROUND 1233 A#32 and B#24 = 491.811
ROUND 1234 A#33 and B#24 = 441.394
ROUND 1235 A#34 and B#24 = 450.844
ROUND 1236 A#35 and B#24 = 485.282
ROUND 1237 A#36 and B#24 = 436.921
ROUND 1238 A#37 and B#24 = 453.188
ROUND 1239 A#38 and B#24 = 451.548
ROUND 1240 A#39 and B#24 = 453.18
ROUND 1241 A#40 and B#24 = 454.146
ROUND 1242 A#41 and B#24 = 434.206
ROUND 1243 A#42 and B#24 = 409.669
ROUND 1244 A#43 and B#24 = 389.868
ROUND 1245 A#44 and B#24 = 494.374
ROUND 1246 A#45 and B#24 = 458.778
ROUND 1247 A#46 and B#24 = 451.428
ROUND 1248 A#47 and B#24 = 493.107
ROUND 1249 A#48 and B#24 = 455.252
ROUND 1250 A#49 and B#24 = 456.164
ROUND 1251 A#0 and B#25 = 463.004
ROUND 1252 A#1 and B#25 = 464.45
ROUND 1253 A#2 and B#25 = 520.491
ROUND 1254 A#3 and B#25 = 552.118
ROUND 1255 A#4 and B#25 = 453.606
ROUND 1256 A#5 and B#25 = 450.062
ROUND 1257 A#6 and B#25 = 466.751
ROUND 1258 A#7 and B#25 = 460.43
ROUND 1259 A#8 and B#25 = 440.783
ROUND 1260 A#9 and B#25 = 554.499
ROUND 1261 A#10 and B#25 = 448.376
ROUND 1262 A#11 and B#25 = 410.83
ROUND 1263 A#12 and B#25 = 419.608
ROUND 1264 A#13 and B#25 = 485.498
ROUND 1265 A#14 and B#25 = 368.489
ROUND 1266 A#15 and B#25 = 370.761
ROUND 1267 A#16 and B#25 = 454.852
ROUND 1268 A#17 and B#25 = 435.242
ROUND 1269 A#18 and B#25 = 411.112
ROUND 1270 A#19 and B#25 = 449.086
ROUND 1271 A#20 and B#25 = 391.217
ROUND 1272 A#21 and B#25 = 389.581
ROUND 1273 A#22 and B#25 = 472.169
ROUND 1274 A#23 and B#25 = 472.462
ROUND 1275 A#24 and B#25 = 389.567
ROUND 1276 A#25 and B#25 = 489.796
ROUND 1277 A#26 and B#25 = 452.126
ROUND 1278 A#27 and B#25 = 465.701
ROUND 1279 A#28 and B#25 = 494.291
ROUND 1280 A#29 and B#25 = 484.813
ROUND 1281 A#30 and B#25 = 482.64
ROUND 1282 A#31 and B#25 = 331.64
ROUND 1283 A#32 and B#25 = 491.699
ROUND 1284 A#33 and B#25 = 440.797
ROUND 1285 A#34 and B#25 = 450.916
ROUND 1286 A#35 and B#25 = 485.399
ROUND 1287 A#36 and B#25 = 436.898
ROUND 1288 A#37 and B#25 = 453.427
ROUND 1289 A#38 and B#25 = 451.634
ROUND 1290 A#39 and B#25 = 453.223
ROUND 1291 A#40 and B#25 = 454.172
ROUND 1292 A#41 and B#25 = 434.41
ROUND 1293 A#42 and B#25 = 409.746
ROUND 1294 A#43 and B#25 = 390.023
ROUND 1295 A#44 and B#25 = 495.201
ROUND 1296 A#45 and B#25 = 458.839
ROUND 1297 A#46 and B#25 = 451.484
ROUND 1298 A#47 and B#25 = 493.496
ROUND 1299 A#48 and B#25 = 455.597
ROUND 1300 A#49 and B#25 = 456.408
ROUND 1301 A#0 and B#26 = 449.321
ROUND 1302 A#1 and B#26 = 461.344
ROUND 1303 A#2 and B#26 = 479.412
ROUND 1304 A#3 and B#26 = 418.581
ROUND 1305 A#4 and B#26 = 462.193
ROUND 1306 A#5 and B#26 = 439.623
ROUND 1307 A#6 and B#26 = 435.229
ROUND 1308 A#7 and B#26 = 445.913
ROUND 1309 A#8 and B#26 = 530.548
ROUND 1310 A#9 and B#26 = 434.959
ROUND 1311 A#10 and B#26 = 443.572
ROUND 1312 A#11 and B#26 = 425.385
ROUND 1313 A#12 and B#26 = 443.319
ROUND 1314 A#13 and B#26 = 491.571
ROUND 1315 A#14 and B#26 = 429.541
ROUND 1316 A#15 and B#26 = 429.235
ROUND 1317 A#16 and B#26 = 497.186
ROUND 1318 A#17 and B#26 = 504.744
ROUND 1319 A#18 and B#26 = 420.117
ROUND 1320 A#19 and B#26 = 470.561
ROUND 1321 A#20 and B#26 = 477.893
ROUND 1322 A#21 and B#26 = 451.122
ROUND 1323 A#22 and B#26 = 517.309
ROUND 1324 A#23 and B#26 = 499.898
ROUND 1325 A#24 and B#26 = 379.71
ROUND 1326 A#25 and B#26 = 496.275
ROUND 1327 A#26 and B#26 = 438.546
ROUND 1328 A#27 and B#26 = 475.805
ROUND 1329 A#28 and B#26 = 417.298
ROUND 1330 A#29 and B#26 = 492.36
ROUND 1331 A#30 and B#26 = 341.572
ROUND 1332 A#31 and B#26 = 367.208
ROUND 1333 A#32 and B#26 = 420.363
ROUND 1334 A#33 and B#26 = 538.614
ROUND 1335 A#34 and B#26 = 436.839
ROUND 1336 A#35 and B#26 = 496.477
ROUND 1337 A#36 and B#26 = 450.877
ROUND 1338 A#37 and B#26 = 410.896
ROUND 1339 A#38 and B#26 = 439.251
ROUND 1340 A#39 and B#26 = 429.558
ROUND 1341 A#40 and B#26 = 437.978
ROUND 1342 A#41 and B#26 = 479.642
ROUND 1343 A#42 and B#26 = 358.173
ROUND 1344 A#43 and B#26 = 455.065
ROUND 1345 A#44 and B#26 = 494.554
ROUND 1346 A#45 and B#26 = 448.257
ROUND 1347 A#46 and B#26 = 440.258
ROUND 1348 A#47 and B#26 = 501.41
ROUND 1349 A#48 and B#26 = 486.424
ROUND 1350 A#49 and B#26 = 431.336
ROUND 1351 A#0 and B#27 = 446.813
ROUND 1352 A#1 and B#27 = 439.451
ROUND 1353 A#2 and B#27 = 455.955
ROUND 1354 A#3 and B#27 = 376.542
ROUND 1355 A#4 and B#27 = 439.775
ROUND 1356 A#5 and B#27 = 413.824
ROUND 1357 A#6 and B#27 = 411.986
ROUND 1358 A#7 and B#27 = 424.359
ROUND 1359 A#8 and B#27 = 496.322
ROUND 1360 A#9 and B#27 = 514.376
ROUND 1361 A#10 and B#27 = 412.89
ROUND 1362 A#11 and B#27 = 490.324
ROUND 1363 A#12 and B#27 = 418.929
ROUND 1364 A#13 and B#27 = 425.453
ROUND 1365 A#14 and B#27 = 371.738
ROUND 1366 A#15 and B#27 = 373.223
ROUND 1367 A#16 and B#27 = 442.482
ROUND 1368 A#17 and B#27 = 523.203
ROUND 1369 A#18 and B#27 = 435.845
ROUND 1370 A#19 and B#27 = 509.995
ROUND 1371 A#20 and B#27 = 469.72
ROUND 1372 A#21 and B#27 = 437.013
ROUND 1373 A#22 and B#27 = 482.468
ROUND 1374 A#23 and B#27 = 386.938
ROUND 1375 A#24 and B#27 = 385.314
ROUND 1376 A#25 and B#27 = 400.158
ROUND 1377 A#26 and B#27 = 406.144
ROUND 1378 A#27 and B#27 = 406.042
ROUND 1379 A#28 and B#27 = 479.553
ROUND 1380 A#29 and B#27 = 424.664
ROUND 1381 A#30 and B#27 = 500.231
ROUND 1382 A#31 and B#27 = 435.154
ROUND 1383 A#32 and B#27 = 470.33
ROUND 1384 A#33 and B#27 = 494.998
ROUND 1385 A#34 and B#27 = 424.925
ROUND 1386 A#35 and B#27 = 426.792
ROUND 1387 A#36 and B#27 = 428.459
ROUND 1388 A#37 and B#27 = 404.328
ROUND 1389 A#38 and B#27 = 416.817
ROUND 1390 A#39 and B#27 = 431.069
ROUND 1391 A#40 and B#27 = 419.15
ROUND 1392 A#41 and B#27 = 445.09
ROUND 1393 A#42 and B#27 = 391.49
ROUND 1394 A#43 and B#27 = 433.659
ROUND 1395 A#44 and B#27 = 467.79
ROUND 1396 A#45 and B#27 = 449.58
ROUND 1397 A#46 and B#27 = 415.932
ROUND 1398 A#47 and B#27 = 480.351
ROUND 1399 A#48 and B#27 = 507.74
ROUND 1400 A#49 and B#27 = 496.812
ROUND 1401 A#0 and B#28 = 406.135
ROUND 1402 A#1 and B#28 = 324.852
ROUND 1403 A#2 and B#28 = 350.281
ROUND 1404 A#3 and B#28 = 404.615
ROUND 1405 A#4 and B#28 = 328.089
ROUND 1406 A#5 and B#28 = 441.326
ROUND 1407 A#6 and B#28 = 403.254
ROUND 1408 A#7 and B#28 = 345.593
ROUND 1409 A#8 and B#28 = 307.968
ROUND 1410 A#9 and B#28 = 476.498
ROUND 1411 A#10 and B#28 = 436.244
ROUND 1412 A#11 and B#28 = 379.496
ROUND 1413 A#12 and B#28 = 442.427
ROUND 1414 A#13 and B#28 = 365.723
ROUND 1415 A#14 and B#28 = 368.349
ROUND 1416 A#15 and B#28 = 354.398
ROUND 1417 A#16 and B#28 = 387.63
ROUND 1418 A#17 and B#28 = 382.775
ROUND 1419 A#18 and B#28 = 466.106
ROUND 1420 A#19 and B#28 = 345.319
ROUND 1421 A#20 and B#28 = 393.753
ROUND 1422 A#21 and B#28 = 387.047
ROUND 1423 A#22 and B#28 = 310.363
ROUND 1424 A#23 and B#28 = 365.851
ROUND 1425 A#24 and B#28 = 386.123
ROUND 1426 A#25 and B#28 = 361.362
ROUND 1427 A#26 and B#28 = 447.956
ROUND 1428 A#27 and B#28 = 377.939
ROUND 1429 A#28 and B#28 = 470.872
ROUND 1430 A#29 and B#28 = 366.128
ROUND 1431 A#30 and B#28 = 420.139
ROUND 1432 A#31 and B#28 = 359.983
ROUND 1433 A#32 and B#28 = 467.884
ROUND 1434 A#33 and B#28 = 302.697
ROUND 1435 A#34 and B#28 = 444.569
ROUND 1436 A#35 and B#28 = 363.48
ROUND 1437 A#36 and B#28 = 375.191
ROUND 1438 A#37 and B#28 = 431.15
ROUND 1439 A#38 and B#28 = 440.563
ROUND 1440 A#39 and B#28 = 511.984
ROUND 1441 A#40 and B#28 = 446.122
ROUND 1442 A#41 and B#28 = 388.883
ROUND 1443 A#42 and B#28 = 385.594
ROUND 1444 A#43 and B#28 = 384.101
ROUND 1445 A#44 and B#28 = 292.731
ROUND 1446 A#45 and B#28 = 403.964
ROUND 1447 A#46 and B#28 = 439.395
ROUND 1448 A#47 and B#28 = 329.131
ROUND 1449 A#48 and B#28 = 344.707
ROUND 1450 A#49 and B#28 = 389.317
ROUND 1451 A#0 and B#29 = 354.791
ROUND 1452 A#1 and B#29 = 347.932
ROUND 1453 A#2 and B#29 = 416.391
ROUND 1454 A#3 and B#29 = 467.797
ROUND 1455 A#4 and B#29 = 351.593
ROUND 1456 A#5 and B#29 = 380.735
ROUND 1457 A#6 and B#29 = 340.868
ROUND 1458 A#7 and B#29 = 359.127
ROUND 1459 A#8 and B#29 = 371.781
ROUND 1460 A#9 and B#29 = 247.584
ROUND 1461 A#10 and B#29 = 380.711
ROUND 1462 A#11 and B#29 = 249.657
ROUND 1463 A#12 and B#29 = 388.443
ROUND 1464 A#13 and B#29 = 383.11
ROUND 1465 A#14 and B#29 = 350.38
ROUND 1466 A#15 and B#29 = 336.465
ROUND 1467 A#16 and B#29 = 289.412
ROUND 1468 A#17 and B#29 = 218.52
ROUND 1469 A#18 and B#29 = 216.027
ROUND 1470 A#19 and B#29 = 299.258
ROUND 1471 A#20 and B#29 = 395.457
ROUND 1472 A#21 and B#29 = 386.55
ROUND 1473 A#22 and B#29 = 276.992
ROUND 1474 A#23 and B#29 = 295.875
ROUND 1475 A#24 and B#29 = 385.675
ROUND 1476 A#25 and B#29 = 405.651
ROUND 1477 A#26 and B#29 = 451.427
ROUND 1478 A#27 and B#29 = 402.291
ROUND 1479 A#28 and B#29 = 231.861
ROUND 1480 A#29 and B#29 = 383.124
ROUND 1481 A#30 and B#29 = 335.713
ROUND 1482 A#31 and B#29 = 358.07
ROUND 1483 A#32 and B#29 = 214.676
ROUND 1484 A#33 and B#29 = 328.253
ROUND 1485 A#34 and B#29 = 379.858
ROUND 1486 A#35 and B#29 = 189.618
ROUND 1487 A#36 and B#29 = 302.069
ROUND 1488 A#37 and B#29 = 176.872
ROUND 1489 A#38 and B#29 = 205.501
ROUND 1490 A#39 and B#29 = 381.199
ROUND 1491 A#40 and B#29 = 382.042
ROUND 1492 A#41 and B#29 = 365.68
ROUND 1493 A#42 and B#29 = 388.377
ROUND 1494 A#43 and B#29 = 378.906
ROUND 1495 A#44 and B#29 = 393.129
ROUND 1496 A#45 and B#29 = 351.831
ROUND 1497 A#46 and B#29 = 378.09
ROUND 1498 A#47 and B#29 = 380.056
ROUND 1499 A#48 and B#29 = 296.541
ROUND 1500 A#49 and B#29 = 298.589
ROUND 1501 A#0 and B#30 = 388.842
ROUND 1502 A#1 and B#30 = 322.425
ROUND 1503 A#2 and B#30 = 329.455
ROUND 1504 A#3 and B#30 = 395.969
ROUND 1505 A#4 and B#30 = 330.353
ROUND 1506 A#5 and B#30 = 453.173
ROUND 1507 A#6 and B#30 = 393.277
ROUND 1508 A#7 and B#30 = 417.675
ROUND 1509 A#8 and B#30 = 361.089
ROUND 1510 A#9 and B#30 = 465.687
ROUND 1511 A#10 and B#30 = 428.145
ROUND 1512 A#11 and B#30 = 336.4
ROUND 1513 A#12 and B#30 = 439.318
ROUND 1514 A#13 and B#30 = 448.095
ROUND 1515 A#14 and B#30 = 416.181
ROUND 1516 A#15 and B#30 = 415.439
ROUND 1517 A#16 and B#30 = 421.974
ROUND 1518 A#17 and B#30 = 326.577
ROUND 1519 A#18 and B#30 = 410.669
ROUND 1520 A#19 and B#30 = 302.407
ROUND 1521 A#20 and B#30 = 308.662
ROUND 1522 A#21 and B#30 = 463.428
ROUND 1523 A#22 and B#30 = 325.856
ROUND 1524 A#23 and B#30 = 432.613
ROUND 1525 A#24 and B#30 = 350.327
ROUND 1526 A#25 and B#30 = 404.912
ROUND 1527 A#26 and B#30 = 425.477
ROUND 1528 A#27 and B#30 = 428.304
ROUND 1529 A#28 and B#30 = 353.236
ROUND 1530 A#29 and B#30 = 447.855
ROUND 1531 A#30 and B#30 = 292.731
ROUND 1532 A#31 and B#30 = 295.765
ROUND 1533 A#32 and B#30 = 336.015
ROUND 1534 A#33 and B#30 = 354.986
ROUND 1535 A#34 and B#30 = 445.915
ROUND 1536 A#35 and B#30 = 431.267
ROUND 1537 A#36 and B#30 = 352.661
ROUND 1538 A#37 and B#30 = 362.186
ROUND 1539 A#38 and B#30 = 361.317
ROUND 1540 A#39 and B#30 = 483.48
ROUND 1541 A#40 and B#30 = 448.661
ROUND 1542 A#41 and B#30 = 347.379
ROUND 1543 A#42 and B#30 = 230.228
ROUND 1544 A#43 and B#30 = 435.845
ROUND 1545 A#44 and B#30 = 344.18
ROUND 1546 A#45 and B#30 = 384.332
ROUND 1547 A#46 and B#30 = 446.9
ROUND 1548 A#47 and B#30 = 309.675
ROUND 1549 A#48 and B#30 = 319.673
ROUND 1550 A#49 and B#30 = 303.952
ROUND 1551 A#0 and B#31 = 455.383
ROUND 1552 A#1 and B#31 = 407.765
ROUND 1553 A#2 and B#31 = 471.388
ROUND 1554 A#3 and B#31 = 497.37
ROUND 1555 A#4 and B#31 = 419.212
ROUND 1556 A#5 and B#31 = 441.05
ROUND 1557 A#6 and B#31 = 499.905
ROUND 1558 A#7 and B#31 = 425.219
ROUND 1559 A#8 and B#31 = 403.742
ROUND 1560 A#9 and B#31 = 570.193
ROUND 1561 A#10 and B#31 = 447.965
ROUND 1562 A#11 and B#31 = 383.694
ROUND 1563 A#12 and B#31 = 458.075
ROUND 1564 A#13 and B#31 = 486.046
ROUND 1565 A#14 and B#31 = 390.372
ROUND 1566 A#15 and B#31 = 395.414
ROUND 1567 A#16 and B#31 = 486.887
ROUND 1568 A#17 and B#31 = 436.54
ROUND 1569 A#18 and B#31 = 464.327
ROUND 1570 A#19 and B#31 = 383.265
ROUND 1571 A#20 and B#31 = 477.461
ROUND 1572 A#21 and B#31 = 412.945
ROUND 1573 A#22 and B#31 = 445.793
ROUND 1574 A#23 and B#31 = 464.659
ROUND 1575 A#24 and B#31 = 403.016
ROUND 1576 A#25 and B#31 = 474.639
ROUND 1577 A#26 and B#31 = 444.643
ROUND 1578 A#27 and B#31 = 496.35
ROUND 1579 A#28 and B#31 = 499.256
ROUND 1580 A#29 and B#31 = 485.79
ROUND 1581 A#30 and B#31 = 450.527
ROUND 1582 A#31 and B#31 = 468.787
ROUND 1583 A#32 and B#31 = 483.368
ROUND 1584 A#33 and B#31 = 516.008
ROUND 1585 A#34 and B#31 = 445.596
ROUND 1586 A#35 and B#31 = 489.291
ROUND 1587 A#36 and B#31 = 380.929
ROUND 1588 A#37 and B#31 = 492.33
ROUND 1589 A#38 and B#31 = 448.726
ROUND 1590 A#39 and B#31 = 434.387
ROUND 1591 A#40 and B#31 = 445.252
ROUND 1592 A#41 and B#31 = 503.537
ROUND 1593 A#42 and B#31 = 412.033
ROUND 1594 A#43 and B#31 = 413.684
ROUND 1595 A#44 and B#31 = 473.707
ROUND 1596 A#45 and B#31 = 515.844
ROUND 1597 A#46 and B#31 = 447.234
ROUND 1598 A#47 and B#31 = 439.934
ROUND 1599 A#48 and B#31 = 392.115
ROUND 1600 A#49 and B#31 = 435.592
ROUND 1601 A#0 and B#32 = 389.223
ROUND 1602 A#1 and B#32 = 323.698
ROUND 1603 A#2 and B#32 = 331.811
ROUND 1604 A#3 and B#32 = 397.168
ROUND 1605 A#4 and B#32 = 331.611
ROUND 1606 A#5 and B#32 = 454.646
ROUND 1607 A#6 and B#32 = 393.533
ROUND 1608 A#7 and B#32 = 418.994
ROUND 1609 A#8 and B#32 = 361.462
ROUND 1610 A#9 and B#32 = 466.901
ROUND 1611 A#10 and B#32 = 429.088
ROUND 1612 A#11 and B#32 = 339.491
ROUND 1613 A#12 and B#32 = 440.979
ROUND 1614 A#13 and B#32 = 449.249
ROUND 1615 A#14 and B#32 = 416.89
ROUND 1616 A#15 and B#32 = 416.133
ROUND 1617 A#16 and B#32 = 422.479
ROUND 1618 A#17 and B#32 = 326.251
ROUND 1619 A#18 and B#32 = 410.725
ROUND 1620 A#19 and B#32 = 303.784
ROUND 1621 A#20 and B#32 = 310.387
ROUND 1622 A#21 and B#32 = 464.618
ROUND 1623 A#22 and B#32 = 327.65
ROUND 1624 A#23 and B#32 = 433.476
ROUND 1625 A#24 and B#32 = 351.358
ROUND 1626 A#25 and B#32 = 436.49
ROUND 1627 A#26 and B#32 = 425.52
ROUND 1628 A#27 and B#32 = 429.009
ROUND 1629 A#28 and B#32 = 353.934
ROUND 1630 A#29 and B#32 = 449.028
ROUND 1631 A#30 and B#32 = 295.411
ROUND 1632 A#31 and B#32 = 295.424
ROUND 1633 A#32 and B#32 = 336.434
ROUND 1634 A#33 and B#32 = 354.701
ROUND 1635 A#34 and B#32 = 447.698
ROUND 1636 A#35 and B#32 = 432.515
ROUND 1637 A#36 and B#32 = 354.763
ROUND 1638 A#37 and B#32 = 362.44
ROUND 1639 A#38 and B#32 = 449.337
ROUND 1640 A#39 and B#32 = 484.095
ROUND 1641 A#40 and B#32 = 450.349
ROUND 1642 A#41 and B#32 = 347.97
ROUND 1643 A#42 and B#32 = 230.13
ROUND 1644 A#43 and B#32 = 436.285
ROUND 1645 A#44 and B#32 = 347.067
ROUND 1646 A#45 and B#32 = 384.665
ROUND 1647 A#46 and B#32 = 448.765
ROUND 1648 A#47 and B#32 = 311.178
ROUND 1649 A#48 and B#32 = 320.431
ROUND 1650 A#49 and B#32 = 306.061
ROUND 1651 A#0 and B#33 = 460.734
ROUND 1652 A#1 and B#33 = 413.297
ROUND 1653 A#2 and B#33 = 483.147
ROUND 1654 A#3 and B#33 = 481.134
ROUND 1655 A#4 and B#33 = 424.73
ROUND 1656 A#5 and B#33 = 443.333
ROUND 1657 A#6 and B#33 = 484.106
ROUND 1658 A#7 and B#33 = 436.184
ROUND 1659 A#8 and B#33 = 409.227
ROUND 1660 A#9 and B#33 = 572.889
ROUND 1661 A#10 and B#33 = 450.012
ROUND 1662 A#11 and B#33 = 482.55
ROUND 1663 A#12 and B#33 = 459.03
ROUND 1664 A#13 and B#33 = 494.915
ROUND 1665 A#14 and B#33 = 384.517
ROUND 1666 A#15 and B#33 = 389.377
ROUND 1667 A#16 and B#33 = 495.895
ROUND 1668 A#17 and B#33 = 442.637
ROUND 1669 A#18 and B#33 = 467.029
ROUND 1670 A#19 and B#33 = 410.768
ROUND 1671 A#20 and B#33 = 446.857
ROUND 1672 A#21 and B#33 = 415.428
ROUND 1673 A#22 and B#33 = 451.706
ROUND 1674 A#23 and B#33 = 481.632
ROUND 1675 A#24 and B#33 = 396.46
ROUND 1676 A#25 and B#33 = 488.523
ROUND 1677 A#26 and B#33 = 447.055
ROUND 1678 A#27 and B#33 = 504.432
ROUND 1679 A#28 and B#33 = 498.736
ROUND 1680 A#29 and B#33 = 494.875
ROUND 1681 A#30 and B#33 = 459.913
ROUND 1682 A#31 and B#33 = 473.857
ROUND 1683 A#32 and B#33 = 493.847
ROUND 1684 A#33 and B#33 = 426.412
ROUND 1685 A#34 and B#33 = 447.308
ROUND 1686 A#35 and B#33 = 498.379
ROUND 1687 A#36 and B#33 = 385.528
ROUND 1688 A#37 and B#33 = 470.21
ROUND 1689 A#38 and B#33 = 450.734
ROUND 1690 A#39 and B#33 = 442.245
ROUND 1691 A#40 and B#33 = 447.283
ROUND 1692 A#41 and B#33 = 476.708
ROUND 1693 A#42 and B#33 = 400.423
ROUND 1694 A#43 and B#33 = 415.658
ROUND 1695 A#44 and B#33 = 481.238
ROUND 1696 A#45 and B#33 = 463.524
ROUND 1697 A#46 and B#33 = 449.273
ROUND 1698 A#47 and B#33 = 439.318
ROUND 1699 A#48 and B#33 = 404.768
ROUND 1700 A#49 and B#33 = 414.417
ROUND 1701 A#0 and B#34 = 457.541
ROUND 1702 A#1 and B#34 = 458.362
ROUND 1703 A#2 and B#34 = 490.989
ROUND 1704 A#3 and B#34 = 430.97
ROUND 1705 A#4 and B#34 = 457.899
ROUND 1706 A#5 and B#34 = 449.568
ROUND 1707 A#6 and B#34 = 417.204
ROUND 1708 A#7 and B#34 = 408.78
ROUND 1709 A#8 and B#34 = 522.393
ROUND 1710 A#9 and B#34 = 448.863
ROUND 1711 A#10 and B#34 = 454.548
ROUND 1712 A#11 and B#34 = 457.877
ROUND 1713 A#12 and B#34 = 459.416
ROUND 1714 A#13 and B#34 = 445.665
ROUND 1715 A#14 and B#34 = 436.091
ROUND 1716 A#15 and B#34 = 436.75
ROUND 1717 A#16 and B#34 = 449.782
ROUND 1718 A#17 and B#34 = 506.536
ROUND 1719 A#18 and B#34 = 472.797
ROUND 1720 A#19 and B#34 = 450.616
ROUND 1721 A#20 and B#34 = 469.691
ROUND 1722 A#21 and B#34 = 451.587
ROUND 1723 A#22 and B#34 = 518.235
ROUND 1724 A#23 and B#34 = 454.091
ROUND 1725 A#24 and B#34 = 401.087
ROUND 1726 A#25 and B#34 = 486.476
ROUND 1727 A#26 and B#34 = 451.754
ROUND 1728 A#27 and B#34 = 457.689
ROUND 1729 A#28 and B#34 = 436.18
ROUND 1730 A#29 and B#34 = 444.766
ROUND 1731 A#30 and B#34 = 442.455
ROUND 1732 A#31 and B#34 = 489.307
ROUND 1733 A#32 and B#34 = 435.352
ROUND 1734 A#33 and B#34 = 535.083
ROUND 1735 A#34 and B#34 = 449.142
ROUND 1736 A#35 and B#34 = 497.593
ROUND 1737 A#36 and B#34 = 441.902
ROUND 1738 A#37 and B#34 = 414.807
ROUND 1739 A#38 and B#34 = 451.262
ROUND 1740 A#39 and B#34 = 445.319
ROUND 1741 A#40 and B#34 = 448.706
ROUND 1742 A#41 and B#34 = 465.576
ROUND 1743 A#42 and B#34 = 381.94
ROUND 1744 A#43 and B#34 = 459.136
ROUND 1745 A#44 and B#34 = 510.035
ROUND 1746 A#45 and B#34 = 457.948
ROUND 1747 A#46 and B#34 = 452.314
ROUND 1748 A#47 and B#34 = 484.788
ROUND 1749 A#48 and B#34 = 471.02
ROUND 1750 A#49 and B#34 = 443.313
ROUND 1751 A#0 and B#35 = 452.424
ROUND 1752 A#1 and B#35 = 438.875
ROUND 1753 A#2 and B#35 = 454.789
ROUND 1754 A#3 and B#35 = 425.7
ROUND 1755 A#4 and B#35 = 439.245
ROUND 1756 A#5 and B#35 = 415.972
ROUND 1757 A#6 and B#35 = 417.821
ROUND 1758 A#7 and B#35 = 432.017
ROUND 1759 A#8 and B#35 = 490.662
ROUND 1760 A#9 and B#35 = 519.99
ROUND 1761 A#10 and B#35 = 417.194
ROUND 1762 A#11 and B#35 = 491.666
ROUND 1763 A#12 and B#35 = 424.345
ROUND 1764 A#13 and B#35 = 428.984
ROUND 1765 A#14 and B#35 = 386.473
ROUND 1766 A#15 and B#35 = 387.778
ROUND 1767 A#16 and B#35 = 442.576
ROUND 1768 A#17 and B#35 = 519.352
ROUND 1769 A#18 and B#35 = 450.6
ROUND 1770 A#19 and B#35 = 508.328
ROUND 1771 A#20 and B#35 = 473.763
ROUND 1772 A#21 and B#35 = 438.024
ROUND 1773 A#22 and B#35 = 487.917
ROUND 1774 A#23 and B#35 = 390.314
ROUND 1775 A#24 and B#35 = 396.393
ROUND 1776 A#25 and B#35 = 403.202
ROUND 1777 A#26 and B#35 = 404.953
ROUND 1778 A#27 and B#35 = 408.658
ROUND 1779 A#28 and B#35 = 477.647
ROUND 1780 A#29 and B#35 = 428.153
ROUND 1781 A#30 and B#35 = 495.946
ROUND 1782 A#31 and B#35 = 418.421
ROUND 1783 A#32 and B#35 = 468.037
ROUND 1784 A#33 and B#35 = 489.635
ROUND 1785 A#34 and B#35 = 426.11
ROUND 1786 A#35 and B#35 = 429.819
ROUND 1787 A#36 and B#35 = 433.152
ROUND 1788 A#37 and B#35 = 405.679
ROUND 1789 A#38 and B#35 = 418.187
ROUND 1790 A#39 and B#35 = 439.474
ROUND 1791 A#40 and B#35 = 419.84
ROUND 1792 A#41 and B#35 = 448.972
ROUND 1793 A#42 and B#35 = 349.506
ROUND 1794 A#43 and B#35 = 436.524
ROUND 1795 A#44 and B#35 = 478.507
ROUND 1796 A#45 and B#35 = 455.685
ROUND 1797 A#46 and B#35 = 418.233
ROUND 1798 A#47 and B#35 = 494.617
ROUND 1799 A#48 and B#35 = 502.986
ROUND 1800 A#49 and B#35 = 494.238
ROUND 1801 A#0 and B#36 = 429.263
ROUND 1802 A#1 and B#36 = 348.238
ROUND 1803 A#2 and B#36 = 305.576
ROUND 1804 A#3 and B#36 = 419.372
ROUND 1805 A#4 and B#36 = 349.04
ROUND 1806 A#5 and B#36 = 458.269
ROUND 1807 A#6 and B#36 = 341.701
ROUND 1808 A#7 and B#36 = 352.833
ROUND 1809 A#8 and B#36 = 332.407
ROUND 1810 A#9 and B#36 = 462.184
ROUND 1811 A#10 and B#36 = 450.053
ROUND 1812 A#11 and B#36 = 321.468
ROUND 1813 A#12 and B#36 = 455.131
ROUND 1814 A#13 and B#36 = 384.08
ROUND 1815 A#14 and B#36 = 376.818
ROUND 1816 A#15 and B#36 = 378.926
ROUND 1817 A#16 and B#36 = 359.031
ROUND 1818 A#17 and B#36 = 377.324
ROUND 1819 A#18 and B#36 = 462.021
ROUND 1820 A#19 and B#36 = 412.051
ROUND 1821 A#20 and B#36 = 316.166
ROUND 1822 A#21 and B#36 = 398.788
ROUND 1823 A#22 and B#36 = 316.401
ROUND 1824 A#23 and B#36 = 393.121
ROUND 1825 A#24 and B#36 = 397.141
ROUND 1826 A#25 and B#36 = 376.258
ROUND 1827 A#26 and B#36 = 463.034
ROUND 1828 A#27 and B#36 = 382.976
ROUND 1829 A#28 and B#36 = 479.186
ROUND 1830 A#29 and B#36 = 384.664
ROUND 1831 A#30 and B#36 = 382.251
ROUND 1832 A#31 and B#36 = 367.24
ROUND 1833 A#32 and B#36 = 481.651
ROUND 1834 A#33 and B#36 = 331.483
ROUND 1835 A#34 and B#36 = 462.304
ROUND 1836 A#35 and B#36 = 387.363
ROUND 1837 A#36 and B#36 = 391.258
ROUND 1838 A#37 and B#36 = 440.796
ROUND 1839 A#38 and B#36 = 455.887
ROUND 1840 A#39 and B#36 = 525.013
ROUND 1841 A#40 and B#36 = 461.47
ROUND 1842 A#41 and B#36 = 406.777
ROUND 1843 A#42 and B#36 = 390.97
ROUND 1844 A#43 and B#36 = 397.172
ROUND 1845 A#44 and B#36 = 353.946
ROUND 1846 A#45 and B#36 = 428.689
ROUND 1847 A#46 and B#36 = 457.47
ROUND 1848 A#47 and B#36 = 319.55
ROUND 1849 A#48 and B#36 = 356.67
ROUND 1850 A#49 and B#36 = 416.45
ROUND 1851 A#0 and B#37 = 486.813
ROUND 1852 A#1 and B#37 = 394.878
ROUND 1853 A#2 and B#37 = 433.817
ROUND 1854 A#3 and B#37 = 420.778
ROUND 1855 A#4 and B#37 = 405.263
ROUND 1856 A#5 and B#37 = 488.874
ROUND 1857 A#6 and B#37 = 401.494
ROUND 1858 A#7 and B#37 = 414.802
ROUND 1859 A#8 and B#37 = 469.412
ROUND 1860 A#9 and B#37 = 468.68
ROUND 1861 A#10 and B#37 = 464.192
ROUND 1862 A#11 and B#37 = 424.899
ROUND 1863 A#12 and B#37 = 486.816
ROUND 1864 A#13 and B#37 = 485.603
ROUND 1865 A#14 and B#37 = 456.291
ROUND 1866 A#15 and B#37 = 454.903
ROUND 1867 A#16 and B#37 = 460.965
ROUND 1868 A#17 and B#37 = 477.452
ROUND 1869 A#18 and B#37 = 404.048
ROUND 1870 A#19 and B#37 = 370.006
ROUND 1871 A#20 and B#37 = 414.815
ROUND 1872 A#21 and B#37 = 486.512
ROUND 1873 A#22 and B#37 = 457.942
ROUND 1874 A#23 and B#37 = 492.664
ROUND 1875 A#24 and B#37 = 304.873
ROUND 1876 A#25 and B#37 = 456.488
ROUND 1877 A#26 and B#37 = 471.401
ROUND 1878 A#27 and B#37 = 400.656
ROUND 1879 A#28 and B#37 = 419.91
ROUND 1880 A#29 and B#37 = 485.296
ROUND 1881 A#30 and B#37 = 380.832
ROUND 1882 A#31 and B#37 = 375.031
ROUND 1883 A#32 and B#37 = 405.717
ROUND 1884 A#33 and B#37 = 487.402
ROUND 1885 A#34 and B#37 = 488.478
ROUND 1886 A#35 and B#37 = 484.844
ROUND 1887 A#36 and B#37 = 429.3
ROUND 1888 A#37 and B#37 = 459.858
ROUND 1889 A#38 and B#37 = 487.92
ROUND 1890 A#39 and B#37 = 486.642
ROUND 1891 A#40 and B#37 = 487.14
ROUND 1892 A#41 and B#37 = 415.193
ROUND 1893 A#42 and B#37 = 451.268
ROUND 1894 A#43 and B#37 = 465.513
ROUND 1895 A#44 and B#37 = 429.992
ROUND 1896 A#45 and B#37 = 485.751
ROUND 1897 A#46 and B#37 = 490.104
ROUND 1898 A#47 and B#37 = 462.368
ROUND 1899 A#48 and B#37 = 437.078
ROUND 1900 A#49 and B#37 = 436.236
ROUND 1901 A#0 and B#38 = 388.538
ROUND 1902 A#1 and B#38 = 322.494
ROUND 1903 A#2 and B#38 = 329.779
ROUND 1904 A#3 and B#38 = 395.845
ROUND 1905 A#4 and B#38 = 330.477
ROUND 1906 A#5 and B#38 = 453.23
ROUND 1907 A#6 and B#38 = 393.191
ROUND 1908 A#7 and B#38 = 417.421
ROUND 1909 A#8 and B#38 = 360.884
ROUND 1910 A#9 and B#38 = 466.257
ROUND 1911 A#10 and B#38 = 428.459
ROUND 1912 A#11 and B#38 = 336.206
ROUND 1913 A#12 and B#38 = 439.582
ROUND 1914 A#13 and B#38 = 448.128
ROUND 1915 A#14 and B#38 = 415.826
ROUND 1916 A#15 and B#38 = 415.06
ROUND 1917 A#16 and B#38 = 421.991
ROUND 1918 A#17 and B#38 = 326.272
ROUND 1919 A#18 and B#38 = 410.849
ROUND 1920 A#19 and B#38 = 302.753
ROUND 1921 A#20 and B#38 = 308.723
ROUND 1922 A#21 and B#38 = 463.481
ROUND 1923 A#22 and B#38 = 325.95
ROUND 1924 A#23 and B#38 = 432.685
ROUND 1925 A#24 and B#38 = 350.467
ROUND 1926 A#25 and B#38 = 435.541
ROUND 1927 A#26 and B#38 = 425.525
ROUND 1928 A#27 and B#38 = 428.077
ROUND 1929 A#28 and B#38 = 353.096
ROUND 1930 A#29 and B#38 = 447.885
ROUND 1931 A#30 and B#38 = 292.705
ROUND 1932 A#31 and B#38 = 295.69
ROUND 1933 A#32 and B#38 = 336.031
ROUND 1934 A#33 and B#38 = 355.016
ROUND 1935 A#34 and B#38 = 445.948
ROUND 1936 A#35 and B#38 = 431.286
ROUND 1937 A#36 and B#38 = 352.857
ROUND 1938 A#37 and B#38 = 362.066
ROUND 1939 A#38 and B#38 = 361.212
ROUND 1940 A#39 and B#38 = 483.205
ROUND 1941 A#40 and B#38 = 448.652
ROUND 1942 A#41 and B#38 = 347.431
ROUND 1943 A#42 and B#38 = 230.452
ROUND 1944 A#43 and B#38 = 435.613
ROUND 1945 A#44 and B#38 = 344.308
ROUND 1946 A#45 and B#38 = 383.986
ROUND 1947 A#46 and B#38 = 447
ROUND 1948 A#47 and B#38 = 309.848
ROUND 1949 A#48 and B#38 = 319.89
ROUND 1950 A#49 and B#38 = 304.064
ROUND 1951 A#0 and B#39 = 447.543
ROUND 1952 A#1 and B#39 = 461.389
ROUND 1953 A#2 and B#39 = 523.921
ROUND 1954 A#3 and B#39 = 554.73
ROUND 1955 A#4 and B#39 = 460.296
ROUND 1956 A#5 and B#39 = 464.47
ROUND 1957 A#6 and B#39 = 467.571
ROUND 1958 A#7 and B#39 = 475.821
ROUND 1959 A#8 and B#39 = 456.887
ROUND 1960 A#9 and B#39 = 566.064
ROUND 1961 A#10 and B#39 = 421.743
ROUND 1962 A#11 and B#39 = 415.418
ROUND 1963 A#12 and B#39 = 479.973
ROUND 1964 A#13 and B#39 = 477.025
ROUND 1965 A#14 and B#39 = 376.219
ROUND 1966 A#15 and B#39 = 378.797
ROUND 1967 A#16 and B#39 = 459.474
ROUND 1968 A#17 and B#39 = 432.393
ROUND 1969 A#18 and B#39 = 408.389
ROUND 1970 A#19 and B#39 = 454.643
ROUND 1971 A#20 and B#39 = 383.85
ROUND 1972 A#21 and B#39 = 378.037
ROUND 1973 A#22 and B#39 = 492.404
ROUND 1974 A#23 and B#39 = 463.435
ROUND 1975 A#24 and B#39 = 395.369
ROUND 1976 A#25 and B#39 = 503.713
ROUND 1977 A#26 and B#39 = 445.212
ROUND 1978 A#27 and B#39 = 468.258
ROUND 1979 A#28 and B#39 = 494.963
ROUND 1980 A#29 and B#39 = 476.471
ROUND 1981 A#30 and B#39 = 496.1
ROUND 1982 A#31 and B#39 = 338.369
ROUND 1983 A#32 and B#39 = 489.887
ROUND 1984 A#33 and B#39 = 464.578
ROUND 1985 A#34 and B#39 = 466.367
ROUND 1986 A#35 and B#39 = 476.949
ROUND 1987 A#36 and B#39 = 438.4
ROUND 1988 A#37 and B#39 = 423.434
ROUND 1989 A#38 and B#39 = 464.287
ROUND 1990 A#39 and B#39 = 445.881
ROUND 1991 A#40 and B#39 = 465.889
ROUND 1992 A#41 and B#39 = 420.615
ROUND 1993 A#42 and B#39 = 414.54
ROUND 1994 A#43 and B#39 = 394.062
ROUND 1995 A#44 and B#39 = 510.779
ROUND 1996 A#45 and B#39 = 443.897
ROUND 1997 A#46 and B#39 = 465.327
ROUND 1998 A#47 and B#39 = 507.48
ROUND 1999 A#48 and B#39 = 465.272
ROUND 2000 A#49 and B#39 = 458.984
ROUND 2001 A#0 and B#40 = 450.76
ROUND 2002 A#1 and B#40 = 438.771
ROUND 2003 A#2 and B#40 = 455.14
ROUND 2004 A#3 and B#40 = 374.282
ROUND 2005 A#4 and B#40 = 439.396
ROUND 2006 A#5 and B#40 = 418.866
ROUND 2007 A#6 and B#40 = 416.941
ROUND 2008 A#7 and B#40 = 434.54
ROUND 2009 A#8 and B#40 = 490.923
ROUND 2010 A#9 and B#40 = 520.861
ROUND 2011 A#10 and B#40 = 419.731
ROUND 2012 A#11 and B#40 = 491.416
ROUND 2013 A#12 and B#40 = 426.779
ROUND 2014 A#13 and B#40 = 428.568
ROUND 2015 A#14 and B#40 = 388.706
ROUND 2016 A#15 and B#40 = 389.972
ROUND 2017 A#16 and B#40 = 441.283
ROUND 2018 A#17 and B#40 = 518.145
ROUND 2019 A#18 and B#40 = 451.497
ROUND 2020 A#19 and B#40 = 509.201
ROUND 2021 A#20 and B#40 = 474.847
ROUND 2022 A#21 and B#40 = 437.225
ROUND 2023 A#22 and B#40 = 489.269
ROUND 2024 A#23 and B#40 = 389.522
ROUND 2025 A#24 and B#40 = 398.97
ROUND 2026 A#25 and B#40 = 402.673
ROUND 2027 A#26 and B#40 = 405.438
ROUND 2028 A#27 and B#40 = 407.712
ROUND 2029 A#28 and B#40 = 478.973
ROUND 2030 A#29 and B#40 = 427.76
ROUND 2031 A#30 and B#40 = 496.674
ROUND 2032 A#31 and B#40 = 419.678
ROUND 2033 A#32 and B#40 = 469.897
ROUND 2034 A#33 and B#40 = 488.722
ROUND 2035 A#34 and B#40 = 428.99
ROUND 2036 A#35 and B#40 = 429.38
ROUND 2037 A#36 and B#40 = 434.78
ROUND 2038 A#37 and B#40 = 407.619
ROUND 2039 A#38 and B#40 = 420.94
ROUND 2040 A#39 and B#40 = 439.276
ROUND 2041 A#40 and B#40 = 422.541
ROUND 2042 A#41 and B#40 = 447.213
ROUND 2043 A#42 and B#40 = 348.636
ROUND 2044 A#43 and B#40 = 435.349
ROUND 2045 A#44 and B#40 = 480.268
ROUND 2046 A#45 and B#40 = 454.068
ROUND 2047 A#46 and B#40 = 420.999
ROUND 2048 A#47 and B#40 = 495.79
ROUND 2049 A#48 and B#40 = 503.878
ROUND 2050 A#49 and B#40 = 494.998
ROUND 2051 A#0 and B#41 = 533.676
ROUND 2052 A#1 and B#41 = 485.973
ROUND 2053 A#2 and B#41 = 494.143
ROUND 2054 A#3 and B#41 = 425.127
ROUND 2055 A#4 and B#41 = 491.11
ROUND 2056 A#5 and B#41 = 497.677
ROUND 2057 A#6 and B#41 = 502.306
ROUND 2058 A#7 and B#41 = 457.963
ROUND 2059 A#8 and B#41 = 439.293
ROUND 2060 A#9 and B#41 = 578.184
ROUND 2061 A#10 and B#41 = 500.96
ROUND 2062 A#11 and B#41 = 506.174
ROUND 2063 A#12 and B#41 = 481.806
ROUND 2064 A#13 and B#41 = 476.477
ROUND 2065 A#14 and B#41 = 360.742
ROUND 2066 A#15 and B#41 = 364.246
ROUND 2067 A#16 and B#41 = 460.076
ROUND 2068 A#17 and B#41 = 453.02
ROUND 2069 A#18 and B#41 = 452.799
ROUND 2070 A#19 and B#41 = 513.394
ROUND 2071 A#20 and B#41 = 466.283
ROUND 2072 A#21 and B#41 = 444.176
ROUND 2073 A#22 and B#41 = 462.273
ROUND 2074 A#23 and B#41 = 469.835
ROUND 2075 A#24 and B#41 = 391.319
ROUND 2076 A#25 and B#41 = 493.917
ROUND 2077 A#26 and B#41 = 502.787
ROUND 2078 A#27 and B#41 = 487.592
ROUND 2079 A#28 and B#41 = 511.956
ROUND 2080 A#29 and B#41 = 476.019
ROUND 2081 A#30 and B#41 = 476.38
ROUND 2082 A#31 and B#41 = 336.946
ROUND 2083 A#32 and B#41 = 508.169
ROUND 2084 A#33 and B#41 = 434.288
ROUND 2085 A#34 and B#41 = 500.375
ROUND 2086 A#35 and B#41 = 478.258
ROUND 2087 A#36 and B#41 = 506.326
ROUND 2088 A#37 and B#41 = 502.635
ROUND 2089 A#38 and B#41 = 503.013
ROUND 2090 A#39 and B#41 = 488.419
ROUND 2091 A#40 and B#41 = 502.166
ROUND 2092 A#41 and B#41 = 521.774
ROUND 2093 A#42 and B#41 = 403.251
ROUND 2094 A#43 and B#41 = 383.916
ROUND 2095 A#44 and B#41 = 495.686
ROUND 2096 A#45 and B#41 = 530.943
ROUND 2097 A#46 and B#41 = 500.906
ROUND 2098 A#47 and B#41 = 463.009
ROUND 2099 A#48 and B#41 = 447.753
ROUND 2100 A#49 and B#41 = 445.583
ROUND 2101 A#0 and B#42 = 447.658
ROUND 2102 A#1 and B#42 = 463.076
ROUND 2103 A#2 and B#42 = 524.669
ROUND 2104 A#3 and B#42 = 557.287
ROUND 2105 A#4 and B#42 = 462.508
ROUND 2106 A#5 and B#42 = 464.296
ROUND 2107 A#6 and B#42 = 470.207
ROUND 2108 A#7 and B#42 = 472.5
ROUND 2109 A#8 and B#42 = 452.452
ROUND 2110 A#9 and B#42 = 565.121
ROUND 2111 A#10 and B#42 = 424.02
ROUND 2112 A#11 and B#42 = 414.981
ROUND 2113 A#12 and B#42 = 480.342
ROUND 2114 A#13 and B#42 = 478.373
ROUND 2115 A#14 and B#42 = 377.244
ROUND 2116 A#15 and B#42 = 379.668
ROUND 2117 A#16 and B#42 = 458.673
ROUND 2118 A#17 and B#42 = 433.273
ROUND 2119 A#18 and B#42 = 405.412
ROUND 2120 A#19 and B#42 = 451.67
ROUND 2121 A#20 and B#42 = 469.629
ROUND 2122 A#21 and B#42 = 380.949
ROUND 2123 A#22 and B#42 = 487.197
ROUND 2124 A#23 and B#42 = 464.166
ROUND 2125 A#24 and B#42 = 397.324
ROUND 2126 A#25 and B#42 = 495.58
ROUND 2127 A#26 and B#42 = 444.929
ROUND 2128 A#27 and B#42 = 469.114
ROUND 2129 A#28 and B#42 = 496.892
ROUND 2130 A#29 and B#42 = 478
ROUND 2131 A#30 and B#42 = 495.396
ROUND 2132 A#31 and B#42 = 340.156
ROUND 2133 A#32 and B#42 = 491.352
ROUND 2134 A#33 and B#42 = 457.522
ROUND 2135 A#34 and B#42 = 425.948
ROUND 2136 A#35 and B#42 = 478.753
ROUND 2137 A#36 and B#42 = 436.398
ROUND 2138 A#37 and B#42 = 426.582
ROUND 2139 A#38 and B#42 = 426.523
ROUND 2140 A#39 and B#42 = 444.914
ROUND 2141 A#40 and B#42 = 429.47
ROUND 2142 A#41 and B#42 = 420.945
ROUND 2143 A#42 and B#42 = 417.015
ROUND 2144 A#43 and B#42 = 395.844
ROUND 2145 A#44 and B#42 = 513.936
ROUND 2146 A#45 and B#42 = 443.899
ROUND 2147 A#46 and B#42 = 465.177
ROUND 2148 A#47 and B#42 = 505.628
ROUND 2149 A#48 and B#42 = 458.545
ROUND 2150 A#49 and B#42 = 456.866
ROUND 2151 A#0 and B#43 = 519.384
ROUND 2152 A#1 and B#43 = 478.836
ROUND 2153 A#2 and B#43 = 495.463
ROUND 2154 A#3 and B#43 = 507.622
ROUND 2155 A#4 and B#43 = 432.853
ROUND 2156 A#5 and B#43 = 484.383
ROUND 2157 A#6 and B#43 = 504.358
ROUND 2158 A#7 and B#43 = 458.695
ROUND 2159 A#8 and B#43 = 436.42
ROUND 2160 A#9 and B#43 = 581.758
ROUND 2161 A#10 and B#43 = 488.317
ROUND 2162 A#11 and B#43 = 512.806
ROUND 2163 A#12 and B#43 = 463.203
ROUND 2164 A#13 and B#43 = 483.085
ROUND 2165 A#14 and B#43 = 376.235
ROUND 2166 A#15 and B#43 = 379.135
ROUND 2167 A#16 and B#43 = 455.282
ROUND 2168 A#17 and B#43 = 453.958
ROUND 2169 A#18 and B#43 = 458.186
ROUND 2170 A#19 and B#43 = 447.217
ROUND 2171 A#20 and B#43 = 469.234
ROUND 2172 A#21 and B#43 = 439.472
ROUND 2173 A#22 and B#43 = 480.049
ROUND 2174 A#23 and B#43 = 461.918
ROUND 2175 A#24 and B#43 = 396.086
ROUND 2176 A#25 and B#43 = 509.805
ROUND 2177 A#26 and B#43 = 490.769
ROUND 2178 A#27 and B#43 = 509.443
ROUND 2179 A#28 and B#43 = 455.846
ROUND 2180 A#29 and B#43 = 483.064
ROUND 2181 A#30 and B#43 = 483.74
ROUND 2182 A#31 and B#43 = 334.142
ROUND 2183 A#32 and B#43 = 459.432
ROUND 2184 A#33 and B#43 = 426.169
ROUND 2185 A#34 and B#43 = 486.428
ROUND 2186 A#35 and B#43 = 486.741
ROUND 2187 A#36 and B#43 = 442.835
ROUND 2188 A#37 and B#43 = 487.82
ROUND 2189 A#38 and B#43 = 489.059
ROUND 2190 A#39 and B#43 = 453.201
ROUND 2191 A#40 and B#43 = 487.164
ROUND 2192 A#41 and B#43 = 501.899
ROUND 2193 A#42 and B#43 = 414.388
ROUND 2194 A#43 and B#43 = 431.898
ROUND 2195 A#44 and B#43 = 503.159
ROUND 2196 A#45 and B#43 = 517.017
ROUND 2197 A#46 and B#43 = 487.667
ROUND 2198 A#47 and B#43 = 476.169
ROUND 2199 A#48 and B#43 = 463.628
ROUND 2200 A#49 and B#43 = 458.835
ROUND 2201 A#0 and B#44 = 470.025
ROUND 2202 A#1 and B#44 = 459.002
ROUND 2203 A#2 and B#44 = 500.23
ROUND 2204 A#3 and B#44 = 408.624
ROUND 2205 A#4 and B#44 = 459.397
ROUND 2206 A#5 and B#44 = 460.067
ROUND 2207 A#6 and B#44 = 419.116
ROUND 2208 A#7 and B#44 = 420.917
ROUND 2209 A#8 and B#44 = 531.47
ROUND 2210 A#9 and B#44 = 427.263
ROUND 2211 A#10 and B#44 = 465.631
ROUND 2212 A#11 and B#44 = 428.511
ROUND 2213 A#12 and B#44 = 468.898
ROUND 2214 A#13 and B#44 = 450.246
ROUND 2215 A#14 and B#44 = 446.737
ROUND 2216 A#15 and B#44 = 446.786
ROUND 2217 A#16 and B#44 = 455.253
ROUND 2218 A#17 and B#44 = 498.807
ROUND 2219 A#18 and B#44 = 426.075
ROUND 2220 A#19 and B#44 = 466.353
ROUND 2221 A#20 and B#44 = 491.671
ROUND 2222 A#21 and B#44 = 463.739
ROUND 2223 A#22 and B#44 = 526.663
ROUND 2224 A#23 and B#44 = 458.567
ROUND 2225 A#24 and B#44 = 426.47
ROUND 2226 A#25 and B#44 = 480.225
ROUND 2227 A#26 and B#44 = 462.347
ROUND 2228 A#27 and B#44 = 364.872
ROUND 2229 A#28 and B#44 = 420.168
ROUND 2230 A#29 and B#44 = 449.271
ROUND 2231 A#30 and B#44 = 412.759
ROUND 2232 A#31 and B#44 = 466.582
ROUND 2233 A#32 and B#44 = 418.594
ROUND 2234 A#33 and B#44 = 528.857
ROUND 2235 A#34 and B#44 = 460.228
ROUND 2236 A#35 and B#44 = 449.332
ROUND 2237 A#36 and B#44 = 408.032
ROUND 2238 A#37 and B#44 = 495.009
ROUND 2239 A#38 and B#44 = 461.329
ROUND 2240 A#39 and B#44 = 450.453
ROUND 2241 A#40 and B#44 = 458.432
ROUND 2242 A#41 and B#44 = 476.893
ROUND 2243 A#42 and B#44 = 398.832
ROUND 2244 A#43 and B#44 = 468.687
ROUND 2245 A#44 and B#44 = 510.429
ROUND 2246 A#45 and B#44 = 469.66
ROUND 2247 A#46 and B#44 = 463.141
ROUND 2248 A#47 and B#44 = 499.995
ROUND 2249 A#48 and B#44 = 439.597
ROUND 2250 A#49 and B#44 = 440.518
ROUND 2251 A#0 and B#45 = 472.289
ROUND 2252 A#1 and B#45 = 458.282
ROUND 2253 A#2 and B#45 = 507.638
ROUND 2254 A#3 and B#45 = 424.31
ROUND 2255 A#4 and B#45 = 459.144
ROUND 2256 A#5 and B#45 = 447.825
ROUND 2257 A#6 and B#45 = 422.23
ROUND 2258 A#7 and B#45 = 461.33
ROUND 2259 A#8 and B#45 = 536.138
ROUND 2260 A#9 and B#45 = 444.893
ROUND 2261 A#10 and B#45 = 453.369
ROUND 2262 A#11 and B#45 = 413.275
ROUND 2263 A#12 and B#45 = 412.097
ROUND 2264 A#13 and B#45 = 493.982
ROUND 2265 A#14 and B#45 = 438.46
ROUND 2266 A#15 and B#45 = 438.785
ROUND 2267 A#16 and B#45 = 499.401
ROUND 2268 A#17 and B#45 = 505.428
ROUND 2269 A#18 and B#45 = 475.213
ROUND 2270 A#19 and B#45 = 469.807
ROUND 2271 A#20 and B#45 = 493.843
ROUND 2272 A#21 and B#45 = 453.245
ROUND 2273 A#22 and B#45 = 531.254
ROUND 2274 A#23 and B#45 = 498.32
ROUND 2275 A#24 and B#45 = 422.514
ROUND 2276 A#25 and B#45 = 478.176
ROUND 2277 A#26 and B#45 = 450.831
ROUND 2278 A#27 and B#45 = 488.966
ROUND 2279 A#28 and B#45 = 415.713
ROUND 2280 A#29 and B#45 = 494.271
ROUND 2281 A#30 and B#45 = 463.567
ROUND 2282 A#31 and B#45 = 470.072
ROUND 2283 A#32 and B#45 = 452.638
ROUND 2284 A#33 and B#45 = 535.733
ROUND 2285 A#34 and B#45 = 429.279
ROUND 2286 A#35 and B#45 = 499.418
ROUND 2287 A#36 and B#45 = 459.195
ROUND 2288 A#37 and B#45 = 381.649
ROUND 2289 A#38 and B#45 = 434.203
ROUND 2290 A#39 and B#45 = 446.881
ROUND 2291 A#40 and B#45 = 447.448
ROUND 2292 A#41 and B#45 = 480.832
ROUND 2293 A#42 and B#45 = 402.161
ROUND 2294 A#43 and B#45 = 459.38
ROUND 2295 A#44 and B#45 = 515.339
ROUND 2296 A#45 and B#45 = 471.992
ROUND 2297 A#46 and B#45 = 433.531
ROUND 2298 A#47 and B#45 = 505.074
ROUND 2299 A#48 and B#45 = 488.399
ROUND 2300 A#49 and B#45 = 463.335
ROUND 2301 A#0 and B#46 = 382.108
ROUND 2302 A#1 and B#46 = 318.587
ROUND 2303 A#2 and B#46 = 345.55
ROUND 2304 A#3 and B#46 = 401.916
ROUND 2305 A#4 and B#46 = 328.207
ROUND 2306 A#5 and B#46 = 456.771
ROUND 2307 A#6 and B#46 = 341.868
ROUND 2308 A#7 and B#46 = 333.158
ROUND 2309 A#8 and B#46 = 361.993
ROUND 2310 A#9 and B#46 = 422.633
ROUND 2311 A#10 and B#46 = 435.874
ROUND 2312 A#11 and B#46 = 336.97
ROUND 2313 A#12 and B#46 = 442.181
ROUND 2314 A#13 and B#46 = 450.41
ROUND 2315 A#14 and B#46 = 416.933
ROUND 2316 A#15 and B#46 = 415.894
ROUND 2317 A#16 and B#46 = 426.691
ROUND 2318 A#17 and B#46 = 329.234
ROUND 2319 A#18 and B#46 = 418.967
ROUND 2320 A#19 and B#46 = 308.609
ROUND 2321 A#20 and B#46 = 319.337
ROUND 2322 A#21 and B#46 = 467.608
ROUND 2323 A#22 and B#46 = 338.019
ROUND 2324 A#23 and B#46 = 461.249
ROUND 2325 A#24 and B#46 = 154.812
ROUND 2326 A#25 and B#46 = 398.785
ROUND 2327 A#26 and B#46 = 436.435
ROUND 2328 A#27 and B#46 = 318.993
ROUND 2329 A#28 and B#46 = 349.937
ROUND 2330 A#29 and B#46 = 450.192
ROUND 2331 A#30 and B#46 = 308.561
ROUND 2332 A#31 and B#46 = 358.672
ROUND 2333 A#32 and B#46 = 334.556
ROUND 2334 A#33 and B#46 = 364.637
ROUND 2335 A#34 and B#46 = 450.047
ROUND 2336 A#35 and B#46 = 439.522
ROUND 2337 A#36 and B#46 = 369.393
ROUND 2338 A#37 and B#46 = 362.766
ROUND 2339 A#38 and B#46 = 450.776
ROUND 2340 A#39 and B#46 = 382.927
ROUND 2341 A#40 and B#46 = 451.238
ROUND 2342 A#41 and B#46 = 347.626
ROUND 2343 A#42 and B#46 = 151.218
ROUND 2344 A#43 and B#46 = 443.207
ROUND 2345 A#44 and B#46 = 357.626
ROUND 2346 A#45 and B#46 = 330.778
ROUND 2347 A#46 and B#46 = 451.335
ROUND 2348 A#47 and B#46 = 320.302
ROUND 2349 A#48 and B#46 = 323.543
ROUND 2350 A#49 and B#46 = 309.462
ROUND 2351 A#0 and B#47 = 476.78
ROUND 2352 A#1 and B#47 = 463.643
ROUND 2353 A#2 and B#47 = 417.617
ROUND 2354 A#3 and B#47 = 415.542
ROUND 2355 A#4 and B#47 = 464.282
ROUND 2356 A#5 and B#47 = 479.344
ROUND 2357 A#6 and B#47 = 416.417
ROUND 2358 A#7 and B#47 = 425.633
ROUND 2359 A#8 and B#47 = 463.925
ROUND 2360 A#9 and B#47 = 517.932
ROUND 2361 A#10 and B#47 = 480.539
ROUND 2362 A#11 and B#47 = 465.305
ROUND 2363 A#12 and B#47 = 491.967
ROUND 2364 A#13 and B#47 = 478.358
ROUND 2365 A#14 and B#47 = 456.82
ROUND 2366 A#15 and B#47 = 455.671
ROUND 2367 A#16 and B#47 = 481.06
ROUND 2368 A#17 and B#47 = 491.822
ROUND 2369 A#18 and B#47 = 419.302
ROUND 2370 A#19 and B#47 = 432.548
ROUND 2371 A#20 and B#47 = 459.726
ROUND 2372 A#21 and B#47 = 489.004
ROUND 2373 A#22 and B#47 = 446.999
ROUND 2374 A#23 and B#47 = 486.899
ROUND 2375 A#24 and B#47 = 369.992
ROUND 2376 A#25 and B#47 = 455.268
ROUND 2377 A#26 and B#47 = 459.014
ROUND 2378 A#27 and B#47 = 491.524
ROUND 2379 A#28 and B#47 = 464.685
ROUND 2380 A#29 and B#47 = 478.473
ROUND 2381 A#30 and B#47 = 402.93
ROUND 2382 A#31 and B#47 = 370.055
ROUND 2383 A#32 and B#47 = 451.494
ROUND 2384 A#33 and B#47 = 492.959
ROUND 2385 A#34 and B#47 = 478.768
ROUND 2386 A#35 and B#47 = 478.852
ROUND 2387 A#36 and B#47 = 441.548
ROUND 2388 A#37 and B#47 = 464.003
ROUND 2389 A#38 and B#47 = 479.224
ROUND 2390 A#39 and B#47 = 460.109
ROUND 2391 A#40 and B#47 = 477.391
ROUND 2392 A#41 and B#47 = 480.727
ROUND 2393 A#42 and B#47 = 342.48
ROUND 2394 A#43 and B#47 = 471.774
ROUND 2395 A#44 and B#47 = 412.476
ROUND 2396 A#45 and B#47 = 476.603
ROUND 2397 A#46 and B#47 = 481.661
ROUND 2398 A#47 and B#47 = 473.877
ROUND 2399 A#48 and B#47 = 377.178
ROUND 2400 A#49 and B#47 = 444.184
ROUND 2401 A#0 and B#48 = 475.79
ROUND 2402 A#1 and B#48 = 455.906
ROUND 2403 A#2 and B#48 = 496.525
ROUND 2404 A#3 and B#48 = 407.795
ROUND 2405 A#4 and B#48 = 451.885
ROUND 2406 A#5 and B#48 = 452.754
ROUND 2407 A#6 and B#48 = 424.524
ROUND 2408 A#7 and B#48 = 422.635
ROUND 2409 A#8 and B#48 = 531.058
ROUND 2410 A#9 and B#48 = 419.218
ROUND 2411 A#10 and B#48 = 458.065
ROUND 2412 A#11 and B#48 = 428.178
ROUND 2413 A#12 and B#48 = 469.549
ROUND 2414 A#13 and B#48 = 452.341
ROUND 2415 A#14 and B#48 = 445.293
ROUND 2416 A#15 and B#48 = 445.426
ROUND 2417 A#16 and B#48 = 457.412
ROUND 2418 A#17 and B#48 = 498.454
ROUND 2419 A#18 and B#48 = 471.127
ROUND 2420 A#19 and B#48 = 465.707
ROUND 2421 A#20 and B#48 = 490.128
ROUND 2422 A#21 and B#48 = 464.146
ROUND 2423 A#22 and B#48 = 524.545
ROUND 2424 A#23 and B#48 = 460.646
ROUND 2425 A#24 and B#48 = 426.914
ROUND 2426 A#25 and B#48 = 417.621
ROUND 2427 A#26 and B#48 = 454.073
ROUND 2428 A#27 and B#48 = 454.58
ROUND 2429 A#28 and B#48 = 453.884
ROUND 2430 A#29 and B#48 = 451.47
ROUND 2431 A#30 and B#48 = 414.079
ROUND 2432 A#31 and B#48 = 464.354
ROUND 2433 A#32 and B#48 = 450.5
ROUND 2434 A#33 and B#48 = 527.845
ROUND 2435 A#34 and B#48 = 453.276
ROUND 2436 A#35 and B#48 = 451.526
ROUND 2437 A#36 and B#48 = 407.998
ROUND 2438 A#37 and B#48 = 488.572
ROUND 2439 A#38 and B#48 = 454.05
ROUND 2440 A#39 and B#48 = 452.897
ROUND 2441 A#40 and B#48 = 451.845
ROUND 2442 A#41 and B#48 = 481.431
ROUND 2443 A#42 and B#48 = 402.397
ROUND 2444 A#43 and B#48 = 468.712
ROUND 2445 A#44 and B#48 = 507.131
ROUND 2446 A#45 and B#48 = 477.418
ROUND 2447 A#46 and B#48 = 455.56
ROUND 2448 A#47 and B#48 = 497.919
ROUND 2449 A#48 and B#48 = 484.85
ROUND 2450 A#49 and B#48 = 441.036
ROUND 2451 A#0 and B#49 = 422.064
ROUND 2452 A#1 and B#49 = 424.148
ROUND 2453 A#2 and B#49 = 380.874
ROUND 2454 A#3 and B#49 = 483.281
ROUND 2455 A#4 and B#49 = 374.478
ROUND 2456 A#5 and B#49 = 349.506
ROUND 2457 A#6 and B#49 = 446.384
ROUND 2458 A#7 and B#49 = 399.369
ROUND 2459 A#8 and B#49 = 386.736
ROUND 2460 A#9 and B#49 = 380.774
ROUND 2461 A#10 and B#49 = 348.79
ROUND 2462 A#11 and B#49 = 344.599
ROUND 2463 A#12 and B#49 = 316.188
ROUND 2464 A#13 and B#49 = 348.038
ROUND 2465 A#14 and B#49 = 471.741
ROUND 2466 A#15 and B#49 = 477.525
ROUND 2467 A#16 and B#49 = 360.703
ROUND 2468 A#17 and B#49 = 434.386
ROUND 2469 A#18 and B#49 = 404.187
ROUND 2470 A#19 and B#49 = 385.186
ROUND 2471 A#20 and B#49 = 352.906
ROUND 2472 A#21 and B#49 = 461.564
ROUND 2473 A#22 and B#49 = 343.452
ROUND 2474 A#23 and B#49 = 335.136
ROUND 2475 A#24 and B#49 = 459.224
ROUND 2476 A#25 and B#49 = 379.477
ROUND 2477 A#26 and B#49 = 405.882
ROUND 2478 A#27 and B#49 = 378.912
ROUND 2479 A#28 and B#49 = 367.598
ROUND 2480 A#29 and B#49 = 348.279
ROUND 2481 A#30 and B#49 = 388.849
ROUND 2482 A#31 and B#49 = 375.873
ROUND 2483 A#32 and B#49 = 365.187
ROUND 2484 A#33 and B#49 = 382.679
ROUND 2485 A#34 and B#49 = 345.736
ROUND 2486 A#35 and B#49 = 350.042
ROUND 2487 A#36 and B#49 = 478.066
ROUND 2488 A#37 and B#49 = 376.112
ROUND 2489 A#38 and B#49 = 346.5
ROUND 2490 A#39 and B#49 = 364.797
ROUND 2491 A#40 and B#49 = 347.034
ROUND 2492 A#41 and B#49 = 353.371
ROUND 2493 A#42 and B#49 = 454.927
ROUND 2494 A#43 and B#49 = 466.891
ROUND 2495 A#44 and B#49 = 370.813
ROUND 2496 A#45 and B#49 = 420.274
ROUND 2497 A#46 and B#49 = 349.137
ROUND 2498 A#47 and B#49 = 364.68
ROUND 2499 A#48 and B#49 = 384.81
ROUND 2500 A#49 and B#49 = 385.744

The best overlap is between conformer A#9 and B#16, which, after PCA followed by Steepest Descent, produces a volume overlap of 592.057
Tanimoto (Hodgkin) similarity index: 0.62079

Saving those best conformers to file...
WRITING MOLECULE TO FILE '../ALL_PAIRS_BQ123_AS_REFERENCE/ROKS3/BQ123-A216546.mol2' (WILL OVERWRITE EXISTING FILE IF ANY)...
WRITING MOLECULE TO FILE '../ALL_PAIRS_BQ123_AS_REFERENCE/ROKS3/BQ123-A216546.mol2'...
