Finished importing molecules
WARNING: LAPACK DSYEV() RETURNED NON-ZERO ERROR CODE 3
WARNING: LAPACK DSYEV() RETURNED NON-ZERO ERROR CODE 3
WARNING: LAPACK DSYEV() RETURNED NON-ZERO ERROR CODE 2
WARNING: LAPACK DSYEV() RETURNED NON-ZERO ERROR CODE 3
WARNING: LAPACK DSYEV() RETURNED NON-ZERO ERROR CODE 3
WARNING: LAPACK DSYEV() RETURNED NON-ZERO ERROR CODE 3
WARNING: LAPACK DSYEV() RETURNED NON-ZERO ERROR CODE 3
WARNING: LAPACK DSYEV() RETURNED NON-ZERO ERROR CODE 3
WARNING: LAPACK DSYEV() RETURNED NON-ZERO ERROR CODE 3
WARNING: LAPACK DSYEV() RETURNED NON-ZERO ERROR CODE 3
WARNING: LAPACK DSYEV() RETURNED NON-ZERO ERROR CODE 3
WARNING: LAPACK DSYEV() RETURNED NON-ZERO ERROR CODE 3
WARNING: LAPACK DSYEV() RETURNED NON-ZERO ERROR CODE 3
WARNING: LAPACK DSYEV() RETURNED NON-ZERO ERROR CODE 2
WARNING: LAPACK DSYEV() RETURNED NON-ZERO ERROR CODE 3
WARNING: LAPACK DSYEV() RETURNED NON-ZERO ERROR CODE 2
WARNING: LAPACK DSYEV() RETURNED NON-ZERO ERROR CODE 2
WARNING: LAPACK DSYEV() RETURNED NON-ZERO ERROR CODE 2
WARNING: LAPACK DSYEV() RETURNED NON-ZERO ERROR CODE 2
WARNING: LAPACK DSYEV() RETURNED NON-ZERO ERROR CODE 3
WARNING: LAPACK DSYEV() RETURNED NON-ZERO ERROR CODE 3
WARNING: LAPACK DSYEV() RETURNED NON-ZERO ERROR CODE 2
WARNING: LAPACK DSYEV() RETURNED NON-ZERO ERROR CODE 3
WARNING: LAPACK DSYEV() RETURNED NON-ZERO ERROR CODE 2
WARNING: LAPACK DSYEV() RETURNED NON-ZERO ERROR CODE 2
WARNING: LAPACK DSYEV() RETURNED NON-ZERO ERROR CODE 3
WARNING: LAPACK DSYEV() RETURNED NON-ZERO ERROR CODE 3
WARNING: LAPACK DSYEV() RETURNED NON-ZERO ERROR CODE 2
WARNING: LAPACK DSYEV() RETURNED NON-ZERO ERROR CODE 2
WARNING: LAPACK DSYEV() RETURNED NON-ZERO ERROR CODE 3
WARNING: LAPACK DSYEV() RETURNED NON-ZERO ERROR CODE 3
WARNING: LAPACK DSYEV() RETURNED NON-ZERO ERROR CODE 3
WARNING: LAPACK DSYEV() RETURNED NON-ZERO ERROR CODE 3
WARNING: LAPACK DSYEV() RETURNED NON-ZERO ERROR CODE 3
WARNING: LAPACK DSYEV() RETURNED NON-ZERO ERROR CODE 3
WARNING: LAPACK DSYEV() RETURNED NON-ZERO ERROR CODE 3
WARNING: LAPACK DSYEV() RETURNED NON-ZERO ERROR CODE 3
WARNING: LAPACK DSYEV() RETURNED NON-ZERO ERROR CODE 3
WARNING: LAPACK DSYEV() RETURNED NON-ZERO ERROR CODE 3
WARNING: LAPACK DSYEV() RETURNED NON-ZERO ERROR CODE 3
WARNING: LAPACK DSYEV() RETURNED NON-ZERO ERROR CODE 3
WARNING: LAPACK DSYEV() RETURNED NON-ZERO ERROR CODE 3
WARNING: LAPACK DSYEV() RETURNED NON-ZERO ERROR CODE 3
WARNING: LAPACK DSYEV() RETURNED NON-ZERO ERROR CODE 2
WARNING: LAPACK DSYEV() RETURNED NON-ZERO ERROR CODE 3
WARNING: LAPACK DSYEV() RETURNED NON-ZERO ERROR CODE 3
WARNING: LAPACK DSYEV() RETURNED NON-ZERO ERROR CODE 3
WARNING: LAPACK DSYEV() RETURNED NON-ZERO ERROR CODE 3
WARNING: LAPACK DSYEV() RETURNED NON-ZERO ERROR CODE 3
WARNING: LAPACK DSYEV() RETURNED NON-ZERO ERROR CODE 3
WARNING: LAPACK DSYEV() RETURNED NON-ZERO ERROR CODE 2
WARNING: LAPACK DSYEV() RETURNED NON-ZERO ERROR CODE 3
WARNING: LAPACK DSYEV() RETURNED NON-ZERO ERROR CODE 3
WARNING: LAPACK DSYEV() RETURNED NON-ZERO ERROR CODE 2
WARNING: LAPACK DSYEV() RETURNED NON-ZERO ERROR CODE 3
WARNING: LAPACK DSYEV() RETURNED NON-ZERO ERROR CODE 2
WARNING: LAPACK DSYEV() RETURNED NON-ZERO ERROR CODE 2
WARNING: LAPACK DSYEV() RETURNED NON-ZERO ERROR CODE 3
WARNING: LAPACK DSYEV() RETURNED NON-ZERO ERROR CODE 3
WARNING: LAPACK DSYEV() RETURNED NON-ZERO ERROR CODE 3
WARNING: LAPACK DSYEV() RETURNED NON-ZERO ERROR CODE 2
WARNING: LAPACK DSYEV() RETURNED NON-ZERO ERROR CODE 3
WARNING: LAPACK DSYEV() RETURNED NON-ZERO ERROR CODE 2
WARNING: LAPACK DSYEV() RETURNED NON-ZERO ERROR CODE 3
WARNING: LAPACK DSYEV() RETURNED NON-ZERO ERROR CODE 2
WARNING: LAPACK DSYEV() RETURNED NON-ZERO ERROR CODE 2
WARNING: LAPACK DSYEV() RETURNED NON-ZERO ERROR CODE 3
WARNING: LAPACK DSYEV() RETURNED NON-ZERO ERROR CODE 2
WARNING: LAPACK DSYEV() RETURNED NON-ZERO ERROR CODE 2
WARNING: LAPACK DSYEV() RETURNED NON-ZERO ERROR CODE 3
WARNING: LAPACK DSYEV() RETURNED NON-ZERO ERROR CODE 2
WARNING: LAPACK DSYEV() RETURNED NON-ZERO ERROR CODE 3
WARNING: LAPACK DSYEV() RETURNED NON-ZERO ERROR CODE 3
WARNING: LAPACK DSYEV() RETURNED NON-ZERO ERROR CODE 3
WARNING: LAPACK DSYEV() RETURNED NON-ZERO ERROR CODE 3
WARNING: LAPACK DSYEV() RETURNED NON-ZERO ERROR CODE 3
WARNING: LAPACK DSYEV() RETURNED NON-ZERO ERROR CODE 2
WARNING: LAPACK DSYEV() RETURNED NON-ZERO ERROR CODE 3
WARNING: LAPACK DSYEV() RETURNED NON-ZERO ERROR CODE 3
WARNING: LAPACK DSYEV() RETURNED NON-ZERO ERROR CODE 3
WARNING: LAPACK DSYEV() RETURNED NON-ZERO ERROR CODE 2
WARNING: LAPACK DSYEV() RETURNED NON-ZERO ERROR CODE 3
WARNING: LAPACK DSYEV() RETURNED NON-ZERO ERROR CODE 2
WARNING: LAPACK DSYEV() RETURNED NON-ZERO ERROR CODE 3
WARNING: LAPACK DSYEV() RETURNED NON-ZERO ERROR CODE 2
WARNING: LAPACK DSYEV() RETURNED NON-ZERO ERROR CODE 3
WARNING: LAPACK DSYEV() RETURNED NON-ZERO ERROR CODE 3
WARNING: LAPACK DSYEV() RETURNED NON-ZERO ERROR CODE 2
WARNING: LAPACK DSYEV() RETURNED NON-ZERO ERROR CODE 2
WARNING: LAPACK DSYEV() RETURNED NON-ZERO ERROR CODE 3
WARNING: LAPACK DSYEV() RETURNED NON-ZERO ERROR CODE 3
WARNING: LAPACK DSYEV() RETURNED NON-ZERO ERROR CODE 3
WARNING: LAPACK DSYEV() RETURNED NON-ZERO ERROR CODE 3
WARNING: LAPACK DSYEV() RETURNED NON-ZERO ERROR CODE 3
WARNING: LAPACK DSYEV() RETURNED NON-ZERO ERROR CODE 2
WARNING: LAPACK DSYEV() RETURNED NON-ZERO ERROR CODE 2
WARNING: LAPACK DSYEV() RETURNED NON-ZERO ERROR CODE 2
WARNING: LAPACK DSYEV() RETURNED NON-ZERO ERROR CODE 2
WARNING: LAPACK DSYEV() RETURNED NON-ZERO ERROR CODE 2
WARNING: LAPACK DSYEV() RETURNED NON-ZERO ERROR CODE 3
Finished setting up data; running search...
ROUND 1 A#0 and B#0 = 137.558
ROUND 2 A#1 and B#0 = 187.658
ROUND 3 A#2 and B#0 = 262.804
ROUND 4 A#3 and B#0 = 223.49
ROUND 5 A#4 and B#0 = -21.2177
ROUND 6 A#5 and B#0 = 147.552
ROUND 7 A#6 and B#0 = -19.4999
ROUND 8 A#7 and B#0 = 138.155
ROUND 9 A#8 and B#0 = 138.138
ROUND 10 A#9 and B#0 = 138.187
ROUND 11 A#10 and B#0 = 265.129
ROUND 12 A#11 and B#0 = 258.238
ROUND 13 A#12 and B#0 = 147.844
ROUND 14 A#13 and B#0 = 160.394
ROUND 15 A#14 and B#0 = 49.489
ROUND 16 A#15 and B#0 = 263.615
ROUND 17 A#16 and B#0 = 281.129
ROUND 18 A#17 and B#0 = 236.812
ROUND 19 A#18 and B#0 = 237.101
ROUND 20 A#19 and B#0 = 227.872
ROUND 21 A#20 and B#0 = 202.449
ROUND 22 A#21 and B#0 = 40.9695
ROUND 23 A#22 and B#0 = 225.691
ROUND 24 A#23 and B#0 = 45.2054
ROUND 25 A#24 and B#0 = 254.093
ROUND 26 A#25 and B#0 = 225.894
ROUND 27 A#26 and B#0 = 226.022
ROUND 28 A#27 and B#0 = 246.593
ROUND 29 A#28 and B#0 = 91.3511
ROUND 30 A#29 and B#0 = 221.202
ROUND 31 A#30 and B#0 = 141.109
ROUND 32 A#31 and B#0 = 251.299
ROUND 33 A#32 and B#0 = 268.333
ROUND 34 A#33 and B#0 = 243.937
ROUND 35 A#34 and B#0 = 245.779
ROUND 36 A#35 and B#0 = 254.122
ROUND 37 A#36 and B#0 = 269.064
ROUND 38 A#37 and B#0 = 269.41
ROUND 39 A#38 and B#0 = 248.773
ROUND 40 A#39 and B#0 = -16.7574
ROUND 41 A#40 and B#0 = 269.672
ROUND 42 A#41 and B#0 = 189.581
ROUND 43 A#42 and B#0 = 270.639
ROUND 44 A#43 and B#0 = 228.664
ROUND 45 A#44 and B#0 = 260.605
ROUND 46 A#45 and B#0 = 270.328
ROUND 47 A#46 and B#0 = 259.235
ROUND 48 A#47 and B#0 = 269.689
ROUND 49 A#48 and B#0 = 273.173
ROUND 50 A#49 and B#0 = 246.225
ROUND 51 A#0 and B#1 = 155.11
ROUND 52 A#1 and B#1 = 128.896
ROUND 53 A#2 and B#1 = 241.756
ROUND 54 A#3 and B#1 = 153.941
ROUND 55 A#4 and B#1 = 249.388
ROUND 56 A#5 and B#1 = 160.489
ROUND 57 A#6 and B#1 = 192.602
ROUND 58 A#7 and B#1 = 155.14
ROUND 59 A#8 and B#1 = 155.033
ROUND 60 A#9 and B#1 = 155.059
ROUND 61 A#10 and B#1 = 214.577
ROUND 62 A#11 and B#1 = 56.0683
ROUND 63 A#12 and B#1 = 160.745
ROUND 64 A#13 and B#1 = 272.143
ROUND 65 A#14 and B#1 = 247.395
ROUND 66 A#15 and B#1 = 112.36
ROUND 67 A#16 and B#1 = 249.813
ROUND 68 A#17 and B#1 = 263.771
ROUND 69 A#18 and B#1 = 263.747
ROUND 70 A#19 and B#1 = 223.286
ROUND 71 A#20 and B#1 = 257.873
ROUND 72 A#21 and B#1 = 253.63
ROUND 73 A#22 and B#1 = 110.31
ROUND 74 A#23 and B#1 = 249.259
ROUND 75 A#24 and B#1 = 223.021
ROUND 76 A#25 and B#1 = 246.101
ROUND 77 A#26 and B#1 = 248.54
ROUND 78 A#27 and B#1 = 136.376
ROUND 79 A#28 and B#1 = 270.977
ROUND 80 A#29 and B#1 = 249.005
ROUND 81 A#30 and B#1 = 93.0559
ROUND 82 A#31 and B#1 = 137.04
ROUND 83 A#32 and B#1 = 53.0224
ROUND 84 A#33 and B#1 = 249.074
ROUND 85 A#34 and B#1 = 144.125
ROUND 86 A#35 and B#1 = 285.229
ROUND 87 A#36 and B#1 = 284.385
ROUND 88 A#37 and B#1 = 284.45
ROUND 89 A#38 and B#1 = 260.083
ROUND 90 A#39 and B#1 = 155.935
ROUND 91 A#40 and B#1 = 284.63
ROUND 92 A#41 and B#1 = 261.831
ROUND 93 A#42 and B#1 = 287.727
ROUND 94 A#43 and B#1 = 242.791
ROUND 95 A#44 and B#1 = 194.237
ROUND 96 A#45 and B#1 = 282.924
ROUND 97 A#46 and B#1 = 240.854
ROUND 98 A#47 and B#1 = 284.829
ROUND 99 A#48 and B#1 = 283.563
ROUND 100 A#49 and B#1 = 284.528
ROUND 101 A#0 and B#2 = 154.354
ROUND 102 A#1 and B#2 = 265.536
ROUND 103 A#2 and B#2 = 242.898
ROUND 104 A#3 and B#2 = 153.075
ROUND 105 A#4 and B#2 = 261.534
ROUND 106 A#5 and B#2 = 248.601
ROUND 107 A#6 and B#2 = 227.258
ROUND 108 A#7 and B#2 = 154.468
ROUND 109 A#8 and B#2 = 154.358
ROUND 110 A#9 and B#2 = 154.36
ROUND 111 A#10 and B#2 = 214.37
ROUND 112 A#11 and B#2 = 285.835
ROUND 113 A#12 and B#2 = 256.512
ROUND 114 A#13 and B#2 = 271.872
ROUND 115 A#14 and B#2 = 246.831
ROUND 116 A#15 and B#2 = 76.5825
ROUND 117 A#16 and B#2 = 250.99
ROUND 118 A#17 and B#2 = 264.288
ROUND 119 A#18 and B#2 = 264.368
ROUND 120 A#19 and B#2 = 260.445
ROUND 121 A#20 and B#2 = 256.325
ROUND 122 A#21 and B#2 = 253.897
ROUND 123 A#22 and B#2 = 108.303
ROUND 124 A#23 and B#2 = 250.647
ROUND 125 A#24 and B#2 = 224.129
ROUND 126 A#25 and B#2 = 246.156
ROUND 127 A#26 and B#2 = 246.823
ROUND 128 A#27 and B#2 = 130.412
ROUND 129 A#28 and B#2 = 270.952
ROUND 130 A#29 and B#2 = 246.842
ROUND 131 A#30 and B#2 = 78.9864
ROUND 132 A#31 and B#2 = 201.7
ROUND 133 A#32 and B#2 = 285.227
ROUND 134 A#33 and B#2 = 249.039
ROUND 135 A#34 and B#2 = 142.28
ROUND 136 A#35 and B#2 = 285.644
ROUND 137 A#36 and B#2 = 284.958
ROUND 138 A#37 and B#2 = 284.874
ROUND 139 A#38 and B#2 = 132.216
ROUND 140 A#39 and B#2 = 155.082
ROUND 141 A#40 and B#2 = 285.164
ROUND 142 A#41 and B#2 = 261.686
ROUND 143 A#42 and B#2 = 288.301
ROUND 144 A#43 and B#2 = 241.955
ROUND 145 A#44 and B#2 = 206.546
ROUND 146 A#45 and B#2 = 283.312
ROUND 147 A#46 and B#2 = 236.6
ROUND 148 A#47 and B#2 = 285.335
ROUND 149 A#48 and B#2 = 283.874
ROUND 150 A#49 and B#2 = 285.154
ROUND 151 A#0 and B#3 = 262.66
ROUND 152 A#1 and B#3 = 210.061
ROUND 153 A#2 and B#3 = 246.991
ROUND 154 A#3 and B#3 = 258.726
ROUND 155 A#4 and B#3 = 51.1562
ROUND 156 A#5 and B#3 = 256.26
ROUND 157 A#6 and B#3 = 211.654
ROUND 158 A#7 and B#3 = 258.537
ROUND 159 A#8 and B#3 = 258.711
ROUND 160 A#9 and B#3 = 258.282
ROUND 161 A#10 and B#3 = 246.239
ROUND 162 A#11 and B#3 = 247.779
ROUND 163 A#12 and B#3 = 257.135
ROUND 164 A#13 and B#3 = 250.811
ROUND 165 A#14 and B#3 = 253.715
ROUND 166 A#15 and B#3 = 258.044
ROUND 167 A#16 and B#3 = 219.087
ROUND 168 A#17 and B#3 = 256.378
ROUND 169 A#18 and B#3 = 256.493
ROUND 170 A#19 and B#3 = 254.325
ROUND 171 A#20 and B#3 = 129.196
ROUND 172 A#21 and B#3 = 249.977
ROUND 173 A#22 and B#3 = 258.866
ROUND 174 A#23 and B#3 = 258.98
ROUND 175 A#24 and B#3 = 250.204
ROUND 176 A#25 and B#3 = 250.269
ROUND 177 A#26 and B#3 = 250.172
ROUND 178 A#27 and B#3 = 246.247
ROUND 179 A#28 and B#3 = 250.03
ROUND 180 A#29 and B#3 = 248.572
ROUND 181 A#30 and B#3 = 132.309
ROUND 182 A#31 and B#3 = 257.272
ROUND 183 A#32 and B#3 = 247.515
ROUND 184 A#33 and B#3 = 260.486
ROUND 185 A#34 and B#3 = 260.745
ROUND 186 A#35 and B#3 = 247.803
ROUND 187 A#36 and B#3 = 248.043
ROUND 188 A#37 and B#3 = 248.301
ROUND 189 A#38 and B#3 = 206.12
ROUND 190 A#39 and B#3 = 60.9121
ROUND 191 A#40 and B#3 = 247.923
ROUND 192 A#41 and B#3 = 157.783
ROUND 193 A#42 and B#3 = 247.545
ROUND 194 A#43 and B#3 = 251.082
ROUND 195 A#44 and B#3 = 246.291
ROUND 196 A#45 and B#3 = 248.679
ROUND 197 A#46 and B#3 = 246.33
ROUND 198 A#47 and B#3 = 266.282
ROUND 199 A#48 and B#3 = 249.934
ROUND 200 A#49 and B#3 = 281.217
ROUND 201 A#0 and B#4 = 249.23
ROUND 202 A#1 and B#4 = 257.498
ROUND 203 A#2 and B#4 = 229.375
ROUND 204 A#3 and B#4 = 251.079
ROUND 205 A#4 and B#4 = 244.312
ROUND 206 A#5 and B#4 = 249.172
ROUND 207 A#6 and B#4 = 238.488
ROUND 208 A#7 and B#4 = 249.228
ROUND 209 A#8 and B#4 = 249.144
ROUND 210 A#9 and B#4 = 249.165
ROUND 211 A#10 and B#4 = 247.892
ROUND 212 A#11 and B#4 = 217.418
ROUND 213 A#12 and B#4 = 249.156
ROUND 214 A#13 and B#4 = 250.604
ROUND 215 A#14 and B#4 = 225.341
ROUND 216 A#15 and B#4 = 246.25
ROUND 217 A#16 and B#4 = 235.905
ROUND 218 A#17 and B#4 = 259.367
ROUND 219 A#18 and B#4 = 258.445
ROUND 220 A#19 and B#4 = 257.506
ROUND 221 A#20 and B#4 = 237.166
ROUND 222 A#21 and B#4 = 260.458
ROUND 223 A#22 and B#4 = 213.493
ROUND 224 A#23 and B#4 = 254.406
ROUND 225 A#24 and B#4 = 208.126
ROUND 226 A#25 and B#4 = 262.236
ROUND 227 A#26 and B#4 = 261.833
ROUND 228 A#27 and B#4 = 261.512
ROUND 229 A#28 and B#4 = 252.921
ROUND 230 A#29 and B#4 = 260.543
ROUND 231 A#30 and B#4 = 253.751
ROUND 232 A#31 and B#4 = 113.354
ROUND 233 A#32 and B#4 = 253.117
ROUND 234 A#33 and B#4 = 247.306
ROUND 235 A#34 and B#4 = 219.364
ROUND 236 A#35 and B#4 = 213.543
ROUND 237 A#36 and B#4 = 264.803
ROUND 238 A#37 and B#4 = 189.238
ROUND 239 A#38 and B#4 = 141.853
ROUND 240 A#39 and B#4 = 263.444
ROUND 241 A#40 and B#4 = 264.944
ROUND 242 A#41 and B#4 = 283.831
ROUND 243 A#42 and B#4 = 218.987
ROUND 244 A#43 and B#4 = 275.246
ROUND 245 A#44 and B#4 = 246.803
ROUND 246 A#45 and B#4 = 192.43
ROUND 247 A#46 and B#4 = 243.494
ROUND 248 A#47 and B#4 = 241.14
ROUND 249 A#48 and B#4 = 195.043
ROUND 250 A#49 and B#4 = 194.284
ROUND 251 A#0 and B#5 = 58.4833
ROUND 252 A#1 and B#5 = 209.826
ROUND 253 A#2 and B#5 = 254.508
ROUND 254 A#3 and B#5 = 50.203
ROUND 255 A#4 and B#5 = 55.3852
ROUND 256 A#5 and B#5 = 62.887
ROUND 257 A#6 and B#5 = 246.121
ROUND 258 A#7 and B#5 = 59.6028
ROUND 259 A#8 and B#5 = 59.4936
ROUND 260 A#9 and B#5 = 59.3296
ROUND 261 A#10 and B#5 = 250.055
ROUND 262 A#11 and B#5 = 241.168
ROUND 263 A#12 and B#5 = 60.7397
ROUND 264 A#13 and B#5 = 251.127
ROUND 265 A#14 and B#5 = 254.546
ROUND 266 A#15 and B#5 = 249.951
ROUND 267 A#16 and B#5 = 250.15
ROUND 268 A#17 and B#5 = 250.125
ROUND 269 A#18 and B#5 = 250.083
ROUND 270 A#19 and B#5 = 253.853
ROUND 271 A#20 and B#5 = 250.259
ROUND 272 A#21 and B#5 = 205.004
ROUND 273 A#22 and B#5 = 255.301
ROUND 274 A#23 and B#5 = 249.965
ROUND 275 A#24 and B#5 = 250.167
ROUND 276 A#25 and B#5 = 237.57
ROUND 277 A#26 and B#5 = 237.72
ROUND 278 A#27 and B#5 = 249.389
ROUND 279 A#28 and B#5 = 249.981
ROUND 280 A#29 and B#5 = 238.24
ROUND 281 A#30 and B#5 = 130.513
ROUND 282 A#31 and B#5 = 236.543
ROUND 283 A#32 and B#5 = 247.961
ROUND 284 A#33 and B#5 = 253.545
ROUND 285 A#34 and B#5 = 256.609
ROUND 286 A#35 and B#5 = 260.864
ROUND 287 A#36 and B#5 = 263.253
ROUND 288 A#37 and B#5 = 261.267
ROUND 289 A#38 and B#5 = 204.731
ROUND 290 A#39 and B#5 = 70.1278
ROUND 291 A#40 and B#5 = 263.818
ROUND 292 A#41 and B#5 = 258.412
ROUND 293 A#42 and B#5 = 242.319
ROUND 294 A#43 and B#5 = 237.314
ROUND 295 A#44 and B#5 = 246.165
ROUND 296 A#45 and B#5 = 263.703
ROUND 297 A#46 and B#5 = 263.215
ROUND 298 A#47 and B#5 = 262.325
ROUND 299 A#48 and B#5 = 266.143
ROUND 300 A#49 and B#5 = 247.163
ROUND 301 A#0 and B#6 = 261.702
ROUND 302 A#1 and B#6 = 251.398
ROUND 303 A#2 and B#6 = 58.1003
ROUND 304 A#3 and B#6 = 233.573
ROUND 305 A#4 and B#6 = 271.047
ROUND 306 A#5 and B#6 = 260.081
ROUND 307 A#6 and B#6 = 268.385
ROUND 308 A#7 and B#6 = 262.083
ROUND 309 A#8 and B#6 = 262.269
ROUND 310 A#9 and B#6 = 262.529
ROUND 311 A#10 and B#6 = 234.23
ROUND 312 A#11 and B#6 = 253.434
ROUND 313 A#12 and B#6 = 259.971
ROUND 314 A#13 and B#6 = 218.956
ROUND 315 A#14 and B#6 = 153.629
ROUND 316 A#15 and B#6 = 118.34
ROUND 317 A#16 and B#6 = 247.022
ROUND 318 A#17 and B#6 = 231.866
ROUND 319 A#18 and B#6 = 231.51
ROUND 320 A#19 and B#6 = 271.71
ROUND 321 A#20 and B#6 = 266.772
ROUND 322 A#21 and B#6 = 230.502
ROUND 323 A#22 and B#6 = 228.974
ROUND 324 A#23 and B#6 = 247.322
ROUND 325 A#24 and B#6 = 247.065
ROUND 326 A#25 and B#6 = 227.24
ROUND 327 A#26 and B#6 = 227.38
ROUND 328 A#27 and B#6 = 135.952
ROUND 329 A#28 and B#6 = 244.291
ROUND 330 A#29 and B#6 = 220.736
ROUND 331 A#30 and B#6 = -117.38
ROUND 332 A#31 and B#6 = 268.15
ROUND 333 A#32 and B#6 = 218.023
ROUND 334 A#33 and B#6 = 266.905
ROUND 335 A#34 and B#6 = 267.012
ROUND 336 A#35 and B#6 = 253.846
ROUND 337 A#36 and B#6 = 251.208
ROUND 338 A#37 and B#6 = -97.4937
ROUND 339 A#38 and B#6 = 146.203
ROUND 340 A#39 and B#6 = 241.116
ROUND 341 A#40 and B#6 = 254.264
ROUND 342 A#41 and B#6 = 221.509
ROUND 343 A#42 and B#6 = 252.855
ROUND 344 A#43 and B#6 = 158.247
ROUND 345 A#44 and B#6 = 241.122
ROUND 346 A#45 and B#6 = 259.282
ROUND 347 A#46 and B#6 = 253.493
ROUND 348 A#47 and B#6 = 262.611
ROUND 349 A#48 and B#6 = 250.722
ROUND 350 A#49 and B#6 = 177.967
ROUND 351 A#0 and B#7 = 155.233
ROUND 352 A#1 and B#7 = 127.638
ROUND 353 A#2 and B#7 = 242.397
ROUND 354 A#3 and B#7 = 154.039
ROUND 355 A#4 and B#7 = 215.181
ROUND 356 A#5 and B#7 = 160.611
ROUND 357 A#6 and B#7 = 192.612
ROUND 358 A#7 and B#7 = 155.389
ROUND 359 A#8 and B#7 = 155.276
ROUND 360 A#9 and B#7 = 155.249
ROUND 361 A#10 and B#7 = 262.649
ROUND 362 A#11 and B#7 = 55.0409
ROUND 363 A#12 and B#7 = 160.87
ROUND 364 A#13 and B#7 = 273.163
ROUND 365 A#14 and B#7 = 248.469
ROUND 366 A#15 and B#7 = 113.118
ROUND 367 A#16 and B#7 = 250.503
ROUND 368 A#17 and B#7 = 263.413
ROUND 369 A#18 and B#7 = 263.482
ROUND 370 A#19 and B#7 = 260.835
ROUND 371 A#20 and B#7 = 258.041
ROUND 372 A#21 and B#7 = 254.052
ROUND 373 A#22 and B#7 = 112.43
ROUND 374 A#23 and B#7 = 249.096
ROUND 375 A#24 and B#7 = 223.468
ROUND 376 A#25 and B#7 = 248.215
ROUND 377 A#26 and B#7 = 249.027
ROUND 378 A#27 and B#7 = 137.004
ROUND 379 A#28 and B#7 = 269.663
ROUND 380 A#29 and B#7 = 249.218
ROUND 381 A#30 and B#7 = 92.2002
ROUND 382 A#31 and B#7 = 194.931
ROUND 383 A#32 and B#7 = 138.6
ROUND 384 A#33 and B#7 = 249.096
ROUND 385 A#34 and B#7 = 144.266
ROUND 386 A#35 and B#7 = 285.014
ROUND 387 A#36 and B#7 = 284.329
ROUND 388 A#37 and B#7 = 284.27
ROUND 389 A#38 and B#7 = 217.002
ROUND 390 A#39 and B#7 = 156.034
ROUND 391 A#40 and B#7 = 284.631
ROUND 392 A#41 and B#7 = 262.391
ROUND 393 A#42 and B#7 = 287.734
ROUND 394 A#43 and B#7 = 243.635
ROUND 395 A#44 and B#7 = 249.779
ROUND 396 A#45 and B#7 = 282.688
ROUND 397 A#46 and B#7 = 241.056
ROUND 398 A#47 and B#7 = 284.765
ROUND 399 A#48 and B#7 = 283.458
ROUND 400 A#49 and B#7 = 284.467
ROUND 401 A#0 and B#8 = 207.301
ROUND 402 A#1 and B#8 = 238.044
ROUND 403 A#2 and B#8 = 170.511
ROUND 404 A#3 and B#8 = 127.278
ROUND 405 A#4 and B#8 = 278.491
ROUND 406 A#5 and B#8 = 244.718
ROUND 407 A#6 and B#8 = 263.462
ROUND 408 A#7 and B#8 = 206.522
ROUND 409 A#8 and B#8 = 206.399
ROUND 410 A#9 and B#8 = 206.912
ROUND 411 A#10 and B#8 = 279.097
ROUND 412 A#11 and B#8 = 243.747
ROUND 413 A#12 and B#8 = 244.674
ROUND 414 A#13 and B#8 = 266.525
ROUND 415 A#14 and B#8 = 224.559
ROUND 416 A#15 and B#8 = 62.0449
ROUND 417 A#16 and B#8 = 252.965
ROUND 418 A#17 and B#8 = 266.49
ROUND 419 A#18 and B#8 = 266.14
ROUND 420 A#19 and B#8 = 238.183
ROUND 421 A#20 and B#8 = 249.767
ROUND 422 A#21 and B#8 = 268.812
ROUND 423 A#22 and B#8 = 260.405
ROUND 424 A#23 and B#8 = 251.189
ROUND 425 A#24 and B#8 = 267.493
ROUND 426 A#25 and B#8 = 258.11
ROUND 427 A#26 and B#8 = 254.29
ROUND 428 A#27 and B#8 = 262.639
ROUND 429 A#28 and B#8 = 252.254
ROUND 430 A#29 and B#8 = 258.483
ROUND 431 A#30 and B#8 = 254.711
ROUND 432 A#31 and B#8 = 237.732
ROUND 433 A#32 and B#8 = 254.609
ROUND 434 A#33 and B#8 = 226.093
ROUND 435 A#34 and B#8 = 268.945
ROUND 436 A#35 and B#8 = 227.477
ROUND 437 A#36 and B#8 = 206.357
ROUND 438 A#37 and B#8 = 253.951
ROUND 439 A#38 and B#8 = 253.592
ROUND 440 A#39 and B#8 = 277.815
ROUND 441 A#40 and B#8 = 251.268
ROUND 442 A#41 and B#8 = 31.7296
ROUND 443 A#42 and B#8 = 238.509
ROUND 444 A#43 and B#8 = 252.951
ROUND 445 A#44 and B#8 = 259.144
ROUND 446 A#45 and B#8 = 270.576
ROUND 447 A#46 and B#8 = 259.165
ROUND 448 A#47 and B#8 = 233.295
ROUND 449 A#48 and B#8 = 252.129
ROUND 450 A#49 and B#8 = 225.868
ROUND 451 A#0 and B#9 = 253.633
ROUND 452 A#1 and B#9 = 237.694
ROUND 453 A#2 and B#9 = 169.076
ROUND 454 A#3 and B#9 = 122.288
ROUND 455 A#4 and B#9 = 264.003
ROUND 456 A#5 and B#9 = 245.731
ROUND 457 A#6 and B#9 = 249.703
ROUND 458 A#7 and B#9 = 253.263
ROUND 459 A#8 and B#9 = 253.366
ROUND 460 A#9 and B#9 = 253.229
ROUND 461 A#10 and B#9 = 263.059
ROUND 462 A#11 and B#9 = 243.936
ROUND 463 A#12 and B#9 = 242.391
ROUND 464 A#13 and B#9 = 266.447
ROUND 465 A#14 and B#9 = 227.306
ROUND 466 A#15 and B#9 = 61.4985
ROUND 467 A#16 and B#9 = 263.032
ROUND 468 A#17 and B#9 = 253.995
ROUND 469 A#18 and B#9 = 262.705
ROUND 470 A#19 and B#9 = 237.68
ROUND 471 A#20 and B#9 = 249.75
ROUND 472 A#21 and B#9 = 268.884
ROUND 473 A#22 and B#9 = 260.386
ROUND 474 A#23 and B#9 = 269.297
ROUND 475 A#24 and B#9 = 276.487
ROUND 476 A#25 and B#9 = 257.774
ROUND 477 A#26 and B#9 = 257.675
ROUND 478 A#27 and B#9 = 232.207
ROUND 479 A#28 and B#9 = 251.783
ROUND 480 A#29 and B#9 = 258.224
ROUND 481 A#30 and B#9 = 254.344
ROUND 482 A#31 and B#9 = 238.039
ROUND 483 A#32 and B#9 = 219.621
ROUND 484 A#33 and B#9 = 226.941
ROUND 485 A#34 and B#9 = 268.944
ROUND 486 A#35 and B#9 = 218.039
ROUND 487 A#36 and B#9 = 214.556
ROUND 488 A#37 and B#9 = 254.198
ROUND 489 A#38 and B#9 = 253.753
ROUND 490 A#39 and B#9 = 277.232
ROUND 491 A#40 and B#9 = 204.312
ROUND 492 A#41 and B#9 = 251.296
ROUND 493 A#42 and B#9 = 238.394
ROUND 494 A#43 and B#9 = 265.078
ROUND 495 A#44 and B#9 = 259.502
ROUND 496 A#45 and B#9 = 270.608
ROUND 497 A#46 and B#9 = 260.051
ROUND 498 A#47 and B#9 = 231.75
ROUND 499 A#48 and B#9 = 249.93
ROUND 500 A#49 and B#9 = 224.896
ROUND 501 A#0 and B#10 = 266.035
ROUND 502 A#1 and B#10 = 209.814
ROUND 503 A#2 and B#10 = 246.89
ROUND 504 A#3 and B#10 = 263.542
ROUND 505 A#4 and B#10 = 50.8176
ROUND 506 A#5 and B#10 = 259.575
ROUND 507 A#6 and B#10 = 214.55
ROUND 508 A#7 and B#10 = 262.191
ROUND 509 A#8 and B#10 = 262.317
ROUND 510 A#9 and B#10 = 261.842
ROUND 511 A#10 and B#10 = 246.321
ROUND 512 A#11 and B#10 = 247.293
ROUND 513 A#12 and B#10 = 261.17
ROUND 514 A#13 and B#10 = 250.997
ROUND 515 A#14 and B#10 = 253.811
ROUND 516 A#15 and B#10 = 246.925
ROUND 517 A#16 and B#10 = 265.328
ROUND 518 A#17 and B#10 = 256.57
ROUND 519 A#18 and B#10 = 256.599
ROUND 520 A#19 and B#10 = 254.342
ROUND 521 A#20 and B#10 = -21.0119
ROUND 522 A#21 and B#10 = 250.003
ROUND 523 A#22 and B#10 = 259.184
ROUND 524 A#23 and B#10 = 259.134
ROUND 525 A#24 and B#10 = 250.228
ROUND 526 A#25 and B#10 = 249.974
ROUND 527 A#26 and B#10 = 250.052
ROUND 528 A#27 and B#10 = 246.325
ROUND 529 A#28 and B#10 = 250.05
ROUND 530 A#29 and B#10 = 248.374
ROUND 531 A#30 and B#10 = 132.787
ROUND 532 A#31 and B#10 = 257.541
ROUND 533 A#32 and B#10 = 247.585
ROUND 534 A#33 and B#10 = 260.884
ROUND 535 A#34 and B#10 = 261.903
ROUND 536 A#35 and B#10 = 247.281
ROUND 537 A#36 and B#10 = 219.138
ROUND 538 A#37 and B#10 = 248.309
ROUND 539 A#38 and B#10 = 207.007
ROUND 540 A#39 and B#10 = 61.2815
ROUND 541 A#40 and B#10 = 247.636
ROUND 542 A#41 and B#10 = 159.231
ROUND 543 A#42 and B#10 = 247.54
ROUND 544 A#43 and B#10 = 251.281
ROUND 545 A#44 and B#10 = 246.249
ROUND 546 A#45 and B#10 = 248.266
ROUND 547 A#46 and B#10 = 246.411
ROUND 548 A#47 and B#10 = 266.388
ROUND 549 A#48 and B#10 = 247.998
ROUND 550 A#49 and B#10 = 280.843
ROUND 551 A#0 and B#11 = 154.264
ROUND 552 A#1 and B#11 = 129.491
ROUND 553 A#2 and B#11 = 242.301
ROUND 554 A#3 and B#11 = 153.04
ROUND 555 A#4 and B#11 = 261.719
ROUND 556 A#5 and B#11 = 248.65
ROUND 557 A#6 and B#11 = 227.72
ROUND 558 A#7 and B#11 = 154.39
ROUND 559 A#8 and B#11 = 154.251
ROUND 560 A#9 and B#11 = 154.232
ROUND 561 A#10 and B#11 = 213.648
ROUND 562 A#11 and B#11 = 285.97
ROUND 563 A#12 and B#11 = 256.546
ROUND 564 A#13 and B#11 = 272.135
ROUND 565 A#14 and B#11 = 246.731
ROUND 566 A#15 and B#11 = 77.8894
ROUND 567 A#16 and B#11 = 249.675
ROUND 568 A#17 and B#11 = 264.183
ROUND 569 A#18 and B#11 = 264.332
ROUND 570 A#19 and B#11 = 260.468
ROUND 571 A#20 and B#11 = 256.689
ROUND 572 A#21 and B#11 = 253.545
ROUND 573 A#22 and B#11 = 246.638
ROUND 574 A#23 and B#11 = 250.055
ROUND 575 A#24 and B#11 = 222.592
ROUND 576 A#25 and B#11 = 246.678
ROUND 577 A#26 and B#11 = 246.573
ROUND 578 A#27 and B#11 = 116.297
ROUND 579 A#28 and B#11 = 270.594
ROUND 580 A#29 and B#11 = 246.989
ROUND 581 A#30 and B#11 = 78.5614
ROUND 582 A#31 and B#11 = 201.776
ROUND 583 A#32 and B#11 = 285.03
ROUND 584 A#33 and B#11 = 249.127
ROUND 585 A#34 and B#11 = 143.025
ROUND 586 A#35 and B#11 = 285.465
ROUND 587 A#36 and B#11 = 284.772
ROUND 588 A#37 and B#11 = 284.725
ROUND 589 A#38 and B#11 = 133.534
ROUND 590 A#39 and B#11 = 155.191
ROUND 591 A#40 and B#11 = 284.981
ROUND 592 A#41 and B#11 = 261.674
ROUND 593 A#42 and B#11 = 288.011
ROUND 594 A#43 and B#11 = 242.134
ROUND 595 A#44 and B#11 = 206.528
ROUND 596 A#45 and B#11 = 283.242
ROUND 597 A#46 and B#11 = 236.294
ROUND 598 A#47 and B#11 = 285.247
ROUND 599 A#48 and B#11 = 283.965
ROUND 600 A#49 and B#11 = 284.856
ROUND 601 A#0 and B#12 = 45.0112
ROUND 602 A#1 and B#12 = 244.857
ROUND 603 A#2 and B#12 = 253.723
ROUND 604 A#3 and B#12 = 31.3065
ROUND 605 A#4 and B#12 = 43.7949
ROUND 606 A#5 and B#12 = 244.549
ROUND 607 A#6 and B#12 = 253.829
ROUND 608 A#7 and B#12 = 49.0328
ROUND 609 A#8 and B#12 = 48.795
ROUND 610 A#9 and B#12 = 48.7336
ROUND 611 A#10 and B#12 = 254.308
ROUND 612 A#11 and B#12 = 251.897
ROUND 613 A#12 and B#12 = 49.5604
ROUND 614 A#13 and B#12 = 226.597
ROUND 615 A#14 and B#12 = 253.856
ROUND 616 A#15 and B#12 = 61.2735
ROUND 617 A#16 and B#12 = 256.133
ROUND 618 A#17 and B#12 = 196.949
ROUND 619 A#18 and B#12 = 197.286
ROUND 620 A#19 and B#12 = 254.595
ROUND 621 A#20 and B#12 = 250.968
ROUND 622 A#21 and B#12 = 251.325
ROUND 623 A#22 and B#12 = 243.165
ROUND 624 A#23 and B#12 = 210.462
ROUND 625 A#24 and B#12 = 259.926
ROUND 626 A#25 and B#12 = 209.88
ROUND 627 A#26 and B#12 = 209.764
ROUND 628 A#27 and B#12 = 260.091
ROUND 629 A#28 and B#12 = 224.278
ROUND 630 A#29 and B#12 = 210.054
ROUND 631 A#30 and B#12 = 242.717
ROUND 632 A#31 and B#12 = 250.506
ROUND 633 A#32 and B#12 = 104.721
ROUND 634 A#33 and B#12 = 241.629
ROUND 635 A#34 and B#12 = 245.657
ROUND 636 A#35 and B#12 = 257.12
ROUND 637 A#36 and B#12 = 46.0617
ROUND 638 A#37 and B#12 = 257.712
ROUND 639 A#38 and B#12 = 215.869
ROUND 640 A#39 and B#12 = 59.0309
ROUND 641 A#40 and B#12 = 251.746
ROUND 642 A#41 and B#12 = 214.617
ROUND 643 A#42 and B#12 = 251.096
ROUND 644 A#43 and B#12 = 259.472
ROUND 645 A#44 and B#12 = 204.875
ROUND 646 A#45 and B#12 = 254.029
ROUND 647 A#46 and B#12 = 236.893
ROUND 648 A#47 and B#12 = 259.512
ROUND 649 A#48 and B#12 = 259.577
ROUND 650 A#49 and B#12 = 46.5093
ROUND 651 A#0 and B#13 = 246.311
ROUND 652 A#1 and B#13 = 187.756
ROUND 653 A#2 and B#13 = 191.777
ROUND 654 A#3 and B#13 = 218.266
ROUND 655 A#4 and B#13 = 245.67
ROUND 656 A#5 and B#13 = 246.117
ROUND 657 A#6 and B#13 = 245.533
ROUND 658 A#7 and B#13 = 245.558
ROUND 659 A#8 and B#13 = 246.365
ROUND 660 A#9 and B#13 = 245.796
ROUND 661 A#10 and B#13 = 271.381
ROUND 662 A#11 and B#13 = 261.772
ROUND 663 A#12 and B#13 = 245.846
ROUND 664 A#13 and B#13 = 271.19
ROUND 665 A#14 and B#13 = 250.351
ROUND 666 A#15 and B#13 = 219.59
ROUND 667 A#16 and B#13 = 245.728
ROUND 668 A#17 and B#13 = 243.9
ROUND 669 A#18 and B#13 = 241.978
ROUND 670 A#19 and B#13 = 290.907
ROUND 671 A#20 and B#13 = 278.448
ROUND 672 A#21 and B#13 = 273.92
ROUND 673 A#22 and B#13 = 201.104
ROUND 674 A#23 and B#13 = 207.886
ROUND 675 A#24 and B#13 = 276.879
ROUND 676 A#25 and B#13 = 243.911
ROUND 677 A#26 and B#13 = 244.139
ROUND 678 A#27 and B#13 = 215.386
ROUND 679 A#28 and B#13 = 265.499
ROUND 680 A#29 and B#13 = 244.195
ROUND 681 A#30 and B#13 = 254.446
ROUND 682 A#31 and B#13 = 253.35
ROUND 683 A#32 and B#13 = 270.132
ROUND 684 A#33 and B#13 = 129.839
ROUND 685 A#34 and B#13 = 253.826
ROUND 686 A#35 and B#13 = 252.629
ROUND 687 A#36 and B#13 = 253.952
ROUND 688 A#37 and B#13 = 250.399
ROUND 689 A#38 and B#13 = 253.725
ROUND 690 A#39 and B#13 = 217.986
ROUND 691 A#40 and B#13 = 253.593
ROUND 692 A#41 and B#13 = 159.373
ROUND 693 A#42 and B#13 = 140.86
ROUND 694 A#43 and B#13 = 255.22
ROUND 695 A#44 and B#13 = 191.221
ROUND 696 A#45 and B#13 = 265.45
ROUND 697 A#46 and B#13 = 267.533
ROUND 698 A#47 and B#13 = 250.699
ROUND 699 A#48 and B#13 = 253.804
ROUND 700 A#49 and B#13 = 253.854
ROUND 701 A#0 and B#14 = 268.274
ROUND 702 A#1 and B#14 = 226.902
ROUND 703 A#2 and B#14 = 251.451
ROUND 704 A#3 and B#14 = 267.228
ROUND 705 A#4 and B#14 = 59.6187
ROUND 706 A#5 and B#14 = 266.236
ROUND 707 A#6 and B#14 = 216.611
ROUND 708 A#7 and B#14 = 266.818
ROUND 709 A#8 and B#14 = 266.89
ROUND 710 A#9 and B#14 = 266.487
ROUND 711 A#10 and B#14 = 246.249
ROUND 712 A#11 and B#14 = 247.79
ROUND 713 A#12 and B#14 = 269.267
ROUND 714 A#13 and B#14 = 250.738
ROUND 715 A#14 and B#14 = 254.041
ROUND 716 A#15 and B#14 = 246.79
ROUND 717 A#16 and B#14 = 264.856
ROUND 718 A#17 and B#14 = 255.59
ROUND 719 A#18 and B#14 = 255.604
ROUND 720 A#19 and B#14 = 254.371
ROUND 721 A#20 and B#14 = -29.7666
ROUND 722 A#21 and B#14 = 264.291
ROUND 723 A#22 and B#14 = 258.798
ROUND 724 A#23 and B#14 = 258.203
ROUND 725 A#24 and B#14 = 250.201
ROUND 726 A#25 and B#14 = 249.375
ROUND 727 A#26 and B#14 = 249.456
ROUND 728 A#27 and B#14 = 246.137
ROUND 729 A#28 and B#14 = 250.027
ROUND 730 A#29 and B#14 = 247.829
ROUND 731 A#30 and B#14 = 145.736
ROUND 732 A#31 and B#14 = 250.106
ROUND 733 A#32 and B#14 = 247.21
ROUND 734 A#33 and B#14 = 253.344
ROUND 735 A#34 and B#14 = 268.628
ROUND 736 A#35 and B#14 = 246.392
ROUND 737 A#36 and B#14 = 247.196
ROUND 738 A#37 and B#14 = 247.35
ROUND 739 A#38 and B#14 = 212.638
ROUND 740 A#39 and B#14 = 69.6399
ROUND 741 A#40 and B#14 = 247.063
ROUND 742 A#41 and B#14 = 148.65
ROUND 743 A#42 and B#14 = 247.555
ROUND 744 A#43 and B#14 = 251.329
ROUND 745 A#44 and B#14 = 246.127
ROUND 746 A#45 and B#14 = 244.597
ROUND 747 A#46 and B#14 = 245.054
ROUND 748 A#47 and B#14 = 266.206
ROUND 749 A#48 and B#14 = 265.436
ROUND 750 A#49 and B#14 = 280.853
ROUND 751 A#0 and B#15 = 262.494
ROUND 752 A#1 and B#15 = 251.368
ROUND 753 A#2 and B#15 = 59.7784
ROUND 754 A#3 and B#15 = 236.713
ROUND 755 A#4 and B#15 = 270.794
ROUND 756 A#5 and B#15 = 260.693
ROUND 757 A#6 and B#15 = 268.262
ROUND 758 A#7 and B#15 = 263.178
ROUND 759 A#8 and B#15 = 263.048
ROUND 760 A#9 and B#15 = 263.381
ROUND 761 A#10 and B#15 = 235.298
ROUND 762 A#11 and B#15 = 254.782
ROUND 763 A#12 and B#15 = 260.576
ROUND 764 A#13 and B#15 = 218.183
ROUND 765 A#14 and B#15 = 149.397
ROUND 766 A#15 and B#15 = 147.575
ROUND 767 A#16 and B#15 = 246.603
ROUND 768 A#17 and B#15 = 232.322
ROUND 769 A#18 and B#15 = 232.625
ROUND 770 A#19 and B#15 = 272.581
ROUND 771 A#20 and B#15 = 266.637
ROUND 772 A#21 and B#15 = 230.903
ROUND 773 A#22 and B#15 = 227.246
ROUND 774 A#23 and B#15 = 231.869
ROUND 775 A#24 and B#15 = 246.523
ROUND 776 A#25 and B#15 = 227.883
ROUND 777 A#26 and B#15 = 228.046
ROUND 778 A#27 and B#15 = 133.955
ROUND 779 A#28 and B#15 = 244.228
ROUND 780 A#29 and B#15 = 221.517
ROUND 781 A#30 and B#15 = -124.089
ROUND 782 A#31 and B#15 = 267.85
ROUND 783 A#32 and B#15 = 218.517
ROUND 784 A#33 and B#15 = 266.903
ROUND 785 A#34 and B#15 = 266.933
ROUND 786 A#35 and B#15 = 255.296
ROUND 787 A#36 and B#15 = 255.661
ROUND 788 A#37 and B#15 = 255.825
ROUND 789 A#38 and B#15 = 145.192
ROUND 790 A#39 and B#15 = 243.145
ROUND 791 A#40 and B#15 = 255.562
ROUND 792 A#41 and B#15 = 220.724
ROUND 793 A#42 and B#15 = 254.112
ROUND 794 A#43 and B#15 = 141.357
ROUND 795 A#44 and B#15 = 241.257
ROUND 796 A#45 and B#15 = 260.183
ROUND 797 A#46 and B#15 = 235.918
ROUND 798 A#47 and B#15 = 255.862
ROUND 799 A#48 and B#15 = 262.056
ROUND 800 A#49 and B#15 = 250.766
ROUND 801 A#0 and B#16 = 235.543
ROUND 802 A#1 and B#16 = 210.77
ROUND 803 A#2 and B#16 = 252.046
ROUND 804 A#3 and B#16 = 248.6
ROUND 805 A#4 and B#16 = 248.54
ROUND 806 A#5 and B#16 = 236.361
ROUND 807 A#6 and B#16 = 235.28
ROUND 808 A#7 and B#16 = 236.643
ROUND 809 A#8 and B#16 = 236.49
ROUND 810 A#9 and B#16 = 236.633
ROUND 811 A#10 and B#16 = 202.961
ROUND 812 A#11 and B#16 = 219.334
ROUND 813 A#12 and B#16 = 241.864
ROUND 814 A#13 and B#16 = 249.182
ROUND 815 A#14 and B#16 = 241.728
ROUND 816 A#15 and B#16 = 262.163
ROUND 817 A#16 and B#16 = 270.249
ROUND 818 A#17 and B#16 = 257.962
ROUND 819 A#18 and B#16 = 256.916
ROUND 820 A#19 and B#16 = 258.075
ROUND 821 A#20 and B#16 = 232.772
ROUND 822 A#21 and B#16 = 257.26
ROUND 823 A#22 and B#16 = 102.35
ROUND 824 A#23 and B#16 = 253.306
ROUND 825 A#24 and B#16 = 270.346
ROUND 826 A#25 and B#16 = 265.363
ROUND 827 A#26 and B#16 = 265.327
ROUND 828 A#27 and B#16 = 112.334
ROUND 829 A#28 and B#16 = 258.956
ROUND 830 A#29 and B#16 = 264.335
ROUND 831 A#30 and B#16 = 250.307
ROUND 832 A#31 and B#16 = 23.2658
ROUND 833 A#32 and B#16 = 201.092
ROUND 834 A#33 and B#16 = 257.54
ROUND 835 A#34 and B#16 = 261.378
ROUND 836 A#35 and B#16 = 216.718
ROUND 837 A#36 and B#16 = 181.209
ROUND 838 A#37 and B#16 = 182.986
ROUND 839 A#38 and B#16 = 128.327
ROUND 840 A#39 and B#16 = 190.093
ROUND 841 A#40 and B#16 = 181.119
ROUND 842 A#41 and B#16 = 251.513
ROUND 843 A#42 and B#16 = 219.247
ROUND 844 A#43 and B#16 = 254.065
ROUND 845 A#44 and B#16 = 244.013
ROUND 846 A#45 and B#16 = 189.335
ROUND 847 A#46 and B#16 = 243.898
ROUND 848 A#47 and B#16 = 182.071
ROUND 849 A#48 and B#16 = 274.347
ROUND 850 A#49 and B#16 = 249.187
ROUND 851 A#0 and B#17 = 271.754
ROUND 852 A#1 and B#17 = 248.579
ROUND 853 A#2 and B#17 = 253.246
ROUND 854 A#3 and B#17 = 277.881
ROUND 855 A#4 and B#17 = 38.466
ROUND 856 A#5 and B#17 = 245.022
ROUND 857 A#6 and B#17 = 244.452
ROUND 858 A#7 and B#17 = 255.44
ROUND 859 A#8 and B#17 = 255.38
ROUND 860 A#9 and B#17 = 243.81
ROUND 861 A#10 and B#17 = 252.225
ROUND 862 A#11 and B#17 = 252
ROUND 863 A#12 and B#17 = 245.228
ROUND 864 A#13 and B#17 = 231.565
ROUND 865 A#14 and B#17 = 254.098
ROUND 866 A#15 and B#17 = 169.702
ROUND 867 A#16 and B#17 = 256.011
ROUND 868 A#17 and B#17 = 195.662
ROUND 869 A#18 and B#17 = 195.987
ROUND 870 A#19 and B#17 = 256.205
ROUND 871 A#20 and B#17 = 252.493
ROUND 872 A#21 and B#17 = 250.531
ROUND 873 A#22 and B#17 = 244.426
ROUND 874 A#23 and B#17 = 208.424
ROUND 875 A#24 and B#17 = 259.257
ROUND 876 A#25 and B#17 = 216.853
ROUND 877 A#26 and B#17 = 216.746
ROUND 878 A#27 and B#17 = 261.272
ROUND 879 A#28 and B#17 = 223.685
ROUND 880 A#29 and B#17 = 217.025
ROUND 881 A#30 and B#17 = 130.874
ROUND 882 A#31 and B#17 = 224.076
ROUND 883 A#32 and B#17 = 289.591
ROUND 884 A#33 and B#17 = 243.813
ROUND 885 A#34 and B#17 = 247.798
ROUND 886 A#35 and B#17 = 298.51
ROUND 887 A#36 and B#17 = 291.513
ROUND 888 A#37 and B#17 = 259.274
ROUND 889 A#38 and B#17 = 217.885
ROUND 890 A#39 and B#17 = 52.9668
ROUND 891 A#40 and B#17 = 259.138
ROUND 892 A#41 and B#17 = 214.683
ROUND 893 A#42 and B#17 = 253.241
ROUND 894 A#43 and B#17 = 260.413
ROUND 895 A#44 and B#17 = 203.837
ROUND 896 A#45 and B#17 = 255.954
ROUND 897 A#46 and B#17 = 240.217
ROUND 898 A#47 and B#17 = 260.525
ROUND 899 A#48 and B#17 = 261.707
ROUND 900 A#49 and B#17 = 246.819
ROUND 901 A#0 and B#18 = 221.121
ROUND 902 A#1 and B#18 = 250.527
ROUND 903 A#2 and B#18 = 263.617
ROUND 904 A#3 and B#18 = 203.443
ROUND 905 A#4 and B#18 = 266.282
ROUND 906 A#5 and B#18 = 219.685
ROUND 907 A#6 and B#18 = 264.099
ROUND 908 A#7 and B#18 = 222.008
ROUND 909 A#8 and B#18 = 221.685
ROUND 910 A#9 and B#18 = 235.856
ROUND 911 A#10 and B#18 = 71.6152
ROUND 912 A#11 and B#18 = 281.441
ROUND 913 A#12 and B#18 = 237.116
ROUND 914 A#13 and B#18 = 159.072
ROUND 915 A#14 and B#18 = 57.9108
ROUND 916 A#15 and B#18 = 260.324
ROUND 917 A#16 and B#18 = 279.822
ROUND 918 A#17 and B#18 = 33.9589
ROUND 919 A#18 and B#18 = 34.2248
ROUND 920 A#19 and B#18 = 251.482
ROUND 921 A#20 and B#18 = 206.718
ROUND 922 A#21 and B#18 = 42.4152
ROUND 923 A#22 and B#18 = 224.168
ROUND 924 A#23 and B#18 = 43.5316
ROUND 925 A#24 and B#18 = 254.004
ROUND 926 A#25 and B#18 = 222.616
ROUND 927 A#26 and B#18 = 222.73
ROUND 928 A#27 and B#18 = 248.872
ROUND 929 A#28 and B#18 = 83.2847
ROUND 930 A#29 and B#18 = 218.355
ROUND 931 A#30 and B#18 = 131.674
ROUND 932 A#31 and B#18 = 241.034
ROUND 933 A#32 and B#18 = 267.688
ROUND 934 A#33 and B#18 = 238.276
ROUND 935 A#34 and B#18 = 233.795
ROUND 936 A#35 and B#18 = 282.958
ROUND 937 A#36 and B#18 = 246.42
ROUND 938 A#37 and B#18 = 269.417
ROUND 939 A#38 and B#18 = 259.127
ROUND 940 A#39 and B#18 = 208.957
ROUND 941 A#40 and B#18 = 270.004
ROUND 942 A#41 and B#18 = 158.195
ROUND 943 A#42 and B#18 = 271.031
ROUND 944 A#43 and B#18 = 223.522
ROUND 945 A#44 and B#18 = 272.564
ROUND 946 A#45 and B#18 = 269.065
ROUND 947 A#46 and B#18 = 259.48
ROUND 948 A#47 and B#18 = 266.013
ROUND 949 A#48 and B#18 = 271.796
ROUND 950 A#49 and B#18 = 245.922
ROUND 951 A#0 and B#19 = 5.72176
ROUND 952 A#1 and B#19 = 228.271
ROUND 953 A#2 and B#19 = 251.047
ROUND 954 A#3 and B#19 = 0.503303
ROUND 955 A#4 and B#19 = 3.15985
ROUND 956 A#5 and B#19 = 239.237
ROUND 957 A#6 and B#19 = 250.142
ROUND 958 A#7 and B#19 = 5.13897
ROUND 959 A#8 and B#19 = 5.34005
ROUND 960 A#9 and B#19 = 5.09363
ROUND 961 A#10 and B#19 = 250.493
ROUND 962 A#11 and B#19 = 231.005
ROUND 963 A#12 and B#19 = 210.136
ROUND 964 A#13 and B#19 = 78.702
ROUND 965 A#14 and B#19 = 269.11
ROUND 966 A#15 and B#19 = 278.654
ROUND 967 A#16 and B#19 = 253.907
ROUND 968 A#17 and B#19 = 244.546
ROUND 969 A#18 and B#19 = 244.658
ROUND 970 A#19 and B#19 = 192.421
ROUND 971 A#20 and B#19 = 250.473
ROUND 972 A#21 and B#19 = 253.519
ROUND 973 A#22 and B#19 = 254.135
ROUND 974 A#23 and B#19 = 245.44
ROUND 975 A#24 and B#19 = 182.631
ROUND 976 A#25 and B#19 = 252.161
ROUND 977 A#26 and B#19 = 251.836
ROUND 978 A#27 and B#19 = 158.786
ROUND 979 A#28 and B#19 = 246.397
ROUND 980 A#29 and B#19 = 251.173
ROUND 981 A#30 and B#19 = 274.898
ROUND 982 A#31 and B#19 = 272.085
ROUND 983 A#32 and B#19 = 230.84
ROUND 984 A#33 and B#19 = 189.63
ROUND 985 A#34 and B#19 = 249.734
ROUND 986 A#35 and B#19 = 253.526
ROUND 987 A#36 and B#19 = 231.031
ROUND 988 A#37 and B#19 = 255.182
ROUND 989 A#38 and B#19 = 134.167
ROUND 990 A#39 and B#19 = -13.775
ROUND 991 A#40 and B#19 = 231.406
ROUND 992 A#41 and B#19 = 108.925
ROUND 993 A#42 and B#19 = 269.263
ROUND 994 A#43 and B#19 = 248.603
ROUND 995 A#44 and B#19 = 243.31
ROUND 996 A#45 and B#19 = 236.401
ROUND 997 A#46 and B#19 = 269.076
ROUND 998 A#47 and B#19 = 249.355
ROUND 999 A#48 and B#19 = 247.915
ROUND 1000 A#49 and B#19 = 231.937
ROUND 1001 A#0 and B#20 = 264.052
ROUND 1002 A#1 and B#20 = 209.573
ROUND 1003 A#2 and B#20 = 246.68
ROUND 1004 A#3 and B#20 = 257.612
ROUND 1005 A#4 and B#20 = 49.4935
ROUND 1006 A#5 and B#20 = 258.212
ROUND 1007 A#6 and B#20 = 214.024
ROUND 1008 A#7 and B#20 = 259.923
ROUND 1009 A#8 and B#20 = 260.071
ROUND 1010 A#9 and B#20 = 259.702
ROUND 1011 A#10 and B#20 = 246.208
ROUND 1012 A#11 and B#20 = 247.749
ROUND 1013 A#12 and B#20 = 259.143
ROUND 1014 A#13 and B#20 = 250.913
ROUND 1015 A#14 and B#20 = 253.704
ROUND 1016 A#15 and B#20 = 246.917
ROUND 1017 A#16 and B#20 = 265.309
ROUND 1018 A#17 and B#20 = 256.619
ROUND 1019 A#18 and B#20 = 256.632
ROUND 1020 A#19 and B#20 = 254.435
ROUND 1021 A#20 and B#20 = -27.7936
ROUND 1022 A#21 and B#20 = 249.978
ROUND 1023 A#22 and B#20 = 259.065
ROUND 1024 A#23 and B#20 = 259.203
ROUND 1025 A#24 and B#20 = 250.203
ROUND 1026 A#25 and B#20 = 250.295
ROUND 1027 A#26 and B#20 = 250.439
ROUND 1028 A#27 and B#20 = 246.281
ROUND 1029 A#28 and B#20 = 250.023
ROUND 1030 A#29 and B#20 = 249.049
ROUND 1031 A#30 and B#20 = 133.188
ROUND 1032 A#31 and B#20 = 257.614
ROUND 1033 A#32 and B#20 = 247.694
ROUND 1034 A#33 and B#20 = 260.786
ROUND 1035 A#34 and B#20 = 261.301
ROUND 1036 A#35 and B#20 = 247.745
ROUND 1037 A#36 and B#20 = 243.843
ROUND 1038 A#37 and B#20 = 248.524
ROUND 1039 A#38 and B#20 = 206.647
ROUND 1040 A#39 and B#20 = 58.1698
ROUND 1041 A#40 and B#20 = 244.232
ROUND 1042 A#41 and B#20 = 264.658
ROUND 1043 A#42 and B#20 = 247.545
ROUND 1044 A#43 and B#20 = 251.083
ROUND 1045 A#44 and B#20 = 246.234
ROUND 1046 A#45 and B#20 = 248.504
ROUND 1047 A#46 and B#20 = 246.529
ROUND 1048 A#47 and B#20 = 266.291
ROUND 1049 A#48 and B#20 = 248.521
ROUND 1050 A#49 and B#20 = 280.818
ROUND 1051 A#0 and B#21 = 152.072
ROUND 1052 A#1 and B#21 = 118.179
ROUND 1053 A#2 and B#21 = 257.054
ROUND 1054 A#3 and B#21 = 149.934
ROUND 1055 A#4 and B#21 = 251.688
ROUND 1056 A#5 and B#21 = 163.304
ROUND 1057 A#6 and B#21 = 262.243
ROUND 1058 A#7 and B#21 = 153.539
ROUND 1059 A#8 and B#21 = 153.403
ROUND 1060 A#9 and B#21 = 153.559
ROUND 1061 A#10 and B#21 = 260.977
ROUND 1062 A#11 and B#21 = 116.036
ROUND 1063 A#12 and B#21 = 163.183
ROUND 1064 A#13 and B#21 = 251.718
ROUND 1065 A#14 and B#21 = 245.203
ROUND 1066 A#15 and B#21 = 60.994
ROUND 1067 A#16 and B#21 = 265.39
ROUND 1068 A#17 and B#21 = 256.198
ROUND 1069 A#18 and B#21 = 255.566
ROUND 1070 A#19 and B#21 = 263.878
ROUND 1071 A#20 and B#21 = 142.13
ROUND 1072 A#21 and B#21 = 254.061
ROUND 1073 A#22 and B#21 = 246.802
ROUND 1074 A#23 and B#21 = 265.972
ROUND 1075 A#24 and B#21 = 260.957
ROUND 1076 A#25 and B#21 = 266.365
ROUND 1077 A#26 and B#21 = 266.436
ROUND 1078 A#27 and B#21 = 106.484
ROUND 1079 A#28 and B#21 = 270.561
ROUND 1080 A#29 and B#21 = 191.712
ROUND 1081 A#30 and B#21 = 112.597
ROUND 1082 A#31 and B#21 = 143.423
ROUND 1083 A#32 and B#21 = 210.95
ROUND 1084 A#33 and B#21 = 266.283
ROUND 1085 A#34 and B#21 = 266.106
ROUND 1086 A#35 and B#21 = 272.464
ROUND 1087 A#36 and B#21 = 205.668
ROUND 1088 A#37 and B#21 = 208.771
ROUND 1089 A#38 and B#21 = 257.005
ROUND 1090 A#39 and B#21 = 152.877
ROUND 1091 A#40 and B#21 = 207.877
ROUND 1092 A#41 and B#21 = 246.686
ROUND 1093 A#42 and B#21 = 250.693
ROUND 1094 A#43 and B#21 = 245.076
ROUND 1095 A#44 and B#21 = 260.261
ROUND 1096 A#45 and B#21 = 247.38
ROUND 1097 A#46 and B#21 = 238.408
ROUND 1098 A#47 and B#21 = 208.393
ROUND 1099 A#48 and B#21 = 211.22
ROUND 1100 A#49 and B#21 = 272.8
ROUND 1101 A#0 and B#22 = 223.185
ROUND 1102 A#1 and B#22 = 231.198
ROUND 1103 A#2 and B#22 = 238.493
ROUND 1104 A#3 and B#22 = 234.812
ROUND 1105 A#4 and B#22 = 224.402
ROUND 1106 A#5 and B#22 = 223.601
ROUND 1107 A#6 and B#22 = 214.529
ROUND 1108 A#7 and B#22 = 223.551
ROUND 1109 A#8 and B#22 = 223.471
ROUND 1110 A#9 and B#22 = 223.42
ROUND 1111 A#10 and B#22 = 266.588
ROUND 1112 A#11 and B#22 = 62.1061
ROUND 1113 A#12 and B#22 = 226.252
ROUND 1114 A#13 and B#22 = 240.478
ROUND 1115 A#14 and B#22 = 271.641
ROUND 1116 A#15 and B#22 = 213.529
ROUND 1117 A#16 and B#22 = 245.408
ROUND 1118 A#17 and B#22 = 259.18
ROUND 1119 A#18 and B#22 = 258.456
ROUND 1120 A#19 and B#22 = 262.52
ROUND 1121 A#20 and B#22 = 226.389
ROUND 1122 A#21 and B#22 = 249.466
ROUND 1123 A#22 and B#22 = 95.6252
ROUND 1124 A#23 and B#22 = 264.248
ROUND 1125 A#24 and B#22 = 220.346
ROUND 1126 A#25 and B#22 = 253.467
ROUND 1127 A#26 and B#22 = 253.41
ROUND 1128 A#27 and B#22 = 226.067
ROUND 1129 A#28 and B#22 = 249.497
ROUND 1130 A#29 and B#22 = 251.857
ROUND 1131 A#30 and B#22 = 241.343
ROUND 1132 A#31 and B#22 = 190.953
ROUND 1133 A#32 and B#22 = 59.0135
ROUND 1134 A#33 and B#22 = 132.889
ROUND 1135 A#34 and B#22 = 143.333
ROUND 1136 A#35 and B#22 = 292.815
ROUND 1137 A#36 and B#22 = 292.716
ROUND 1138 A#37 and B#22 = 292.265
ROUND 1139 A#38 and B#22 = 135.225
ROUND 1140 A#39 and B#22 = 233.369
ROUND 1141 A#40 and B#22 = 292.75
ROUND 1142 A#41 and B#22 = 246.36
ROUND 1143 A#42 and B#22 = 291.807
ROUND 1144 A#43 and B#22 = 246.688
ROUND 1145 A#44 and B#22 = 224.289
ROUND 1146 A#45 and B#22 = 290.085
ROUND 1147 A#46 and B#22 = 240.297
ROUND 1148 A#47 and B#22 = 293.437
ROUND 1149 A#48 and B#22 = 286.45
ROUND 1150 A#49 and B#22 = 291.841
ROUND 1151 A#0 and B#23 = 249.25
ROUND 1152 A#1 and B#23 = 136.797
ROUND 1153 A#2 and B#23 = 229.729
ROUND 1154 A#3 and B#23 = 251.11
ROUND 1155 A#4 and B#23 = 244.961
ROUND 1156 A#5 and B#23 = 249.194
ROUND 1157 A#6 and B#23 = 241.99
ROUND 1158 A#7 and B#23 = 249.247
ROUND 1159 A#8 and B#23 = 249.165
ROUND 1160 A#9 and B#23 = 249.188
ROUND 1161 A#10 and B#23 = 267.259
ROUND 1162 A#11 and B#23 = 108.221
ROUND 1163 A#12 and B#23 = 249.181
ROUND 1164 A#13 and B#23 = 248.665
ROUND 1165 A#14 and B#23 = 238.354
ROUND 1166 A#15 and B#23 = 117.504
ROUND 1167 A#16 and B#23 = 233.351
ROUND 1168 A#17 and B#23 = 266.817
ROUND 1169 A#18 and B#23 = 266.646
ROUND 1170 A#19 and B#23 = 238.661
ROUND 1171 A#20 and B#23 = 263.393
ROUND 1172 A#21 and B#23 = 260.501
ROUND 1173 A#22 and B#23 = 214.638
ROUND 1174 A#23 and B#23 = 263.922
ROUND 1175 A#24 and B#23 = 275.049
ROUND 1176 A#25 and B#23 = 261.792
ROUND 1177 A#26 and B#23 = 261.61
ROUND 1178 A#27 and B#23 = 117.925
ROUND 1179 A#28 and B#23 = 269.422
ROUND 1180 A#29 and B#23 = 260.1
ROUND 1181 A#30 and B#23 = 249.065
ROUND 1182 A#31 and B#23 = 234.35
ROUND 1183 A#32 and B#23 = 139.408
ROUND 1184 A#33 and B#23 = 217.629
ROUND 1185 A#34 and B#23 = 128.905
ROUND 1186 A#35 and B#23 = 287.779
ROUND 1187 A#36 and B#23 = 287.757
ROUND 1188 A#37 and B#23 = 287.683
ROUND 1189 A#38 and B#23 = 149.287
ROUND 1190 A#39 and B#23 = 264.331
ROUND 1191 A#40 and B#23 = 287.847
ROUND 1192 A#41 and B#23 = 245.126
ROUND 1193 A#42 and B#23 = 289.296
ROUND 1194 A#43 and B#23 = 234.495
ROUND 1195 A#44 and B#23 = 260.447
ROUND 1196 A#45 and B#23 = 287.116
ROUND 1197 A#46 and B#23 = 243.717
ROUND 1198 A#47 and B#23 = 289.497
ROUND 1199 A#48 and B#23 = 289.317
ROUND 1200 A#49 and B#23 = 287.566
ROUND 1201 A#0 and B#24 = 153.411
ROUND 1202 A#1 and B#24 = 130.488
ROUND 1203 A#2 and B#24 = 245.593
ROUND 1204 A#3 and B#24 = 151.966
ROUND 1205 A#4 and B#24 = 260.754
ROUND 1206 A#5 and B#24 = 249.666
ROUND 1207 A#6 and B#24 = 229.189
ROUND 1208 A#7 and B#24 = 153.563
ROUND 1209 A#8 and B#24 = 153.461
ROUND 1210 A#9 and B#24 = 153.465
ROUND 1211 A#10 and B#24 = 213.855
ROUND 1212 A#11 and B#24 = 261.762
ROUND 1213 A#12 and B#24 = 257.362
ROUND 1214 A#13 and B#24 = 271.337
ROUND 1215 A#14 and B#24 = 246.46
ROUND 1216 A#15 and B#24 = 79.0209
ROUND 1217 A#16 and B#24 = 250.251
ROUND 1218 A#17 and B#24 = 264.544
ROUND 1219 A#18 and B#24 = 264.509
ROUND 1220 A#19 and B#24 = 221.362
ROUND 1221 A#20 and B#24 = 256.351
ROUND 1222 A#21 and B#24 = 208.555
ROUND 1223 A#22 and B#24 = 247.146
ROUND 1224 A#23 and B#24 = 250.947
ROUND 1225 A#24 and B#24 = 222.77
ROUND 1226 A#25 and B#24 = 246.147
ROUND 1227 A#26 and B#24 = 247.328
ROUND 1228 A#27 and B#24 = 116.82
ROUND 1229 A#28 and B#24 = 198.207
ROUND 1230 A#29 and B#24 = 248.449
ROUND 1231 A#30 and B#24 = 81.0917
ROUND 1232 A#31 and B#24 = 128.107
ROUND 1233 A#32 and B#24 = 285.053
ROUND 1234 A#33 and B#24 = 249.31
ROUND 1235 A#34 and B#24 = 142.031
ROUND 1236 A#35 and B#24 = 285.297
ROUND 1237 A#36 and B#24 = 284.786
ROUND 1238 A#37 and B#24 = 284.768
ROUND 1239 A#38 and B#24 = 134.175
ROUND 1240 A#39 and B#24 = 154.237
ROUND 1241 A#40 and B#24 = 285.094
ROUND 1242 A#41 and B#24 = 261.021
ROUND 1243 A#42 and B#24 = 288.075
ROUND 1244 A#43 and B#24 = 242.451
ROUND 1245 A#44 and B#24 = 206.927
ROUND 1246 A#45 and B#24 = 283.225
ROUND 1247 A#46 and B#24 = 239.472
ROUND 1248 A#47 and B#24 = 285.065
ROUND 1249 A#48 and B#24 = 283.931
ROUND 1250 A#49 and B#24 = 285.197
ROUND 1251 A#0 and B#25 = 153.351
ROUND 1252 A#1 and B#25 = 130.031
ROUND 1253 A#2 and B#25 = 245.286
ROUND 1254 A#3 and B#25 = 151.909
ROUND 1255 A#4 and B#25 = 260.869
ROUND 1256 A#5 and B#25 = 249.675
ROUND 1257 A#6 and B#25 = 229.774
ROUND 1258 A#7 and B#25 = 153.507
ROUND 1259 A#8 and B#25 = 153.378
ROUND 1260 A#9 and B#25 = 153.403
ROUND 1261 A#10 and B#25 = 213.722
ROUND 1262 A#11 and B#25 = 261.929
ROUND 1263 A#12 and B#25 = 257.083
ROUND 1264 A#13 and B#25 = 270.947
ROUND 1265 A#14 and B#25 = 246.208
ROUND 1266 A#15 and B#25 = 78.7329
ROUND 1267 A#16 and B#25 = 250.146
ROUND 1268 A#17 and B#25 = 264.558
ROUND 1269 A#18 and B#25 = 264.579
ROUND 1270 A#19 and B#25 = 221.628
ROUND 1271 A#20 and B#25 = 256.368
ROUND 1272 A#21 and B#25 = 208.727
ROUND 1273 A#22 and B#25 = 246.7
ROUND 1274 A#23 and B#25 = 250.948
ROUND 1275 A#24 and B#25 = 222.757
ROUND 1276 A#25 and B#25 = 246.287
ROUND 1277 A#26 and B#25 = 245.87
ROUND 1278 A#27 and B#25 = 116.54
ROUND 1279 A#28 and B#25 = 198.389
ROUND 1280 A#29 and B#25 = 247.556
ROUND 1281 A#30 and B#25 = 80.9797
ROUND 1282 A#31 and B#25 = 128.071
ROUND 1283 A#32 and B#25 = 285.063
ROUND 1284 A#33 and B#25 = 249.286
ROUND 1285 A#34 and B#25 = 141.173
ROUND 1286 A#35 and B#25 = 285.555
ROUND 1287 A#36 and B#25 = 284.94
ROUND 1288 A#37 and B#25 = 284.694
ROUND 1289 A#38 and B#25 = 133.508
ROUND 1290 A#39 and B#25 = 154.187
ROUND 1291 A#40 and B#25 = 285.088
ROUND 1292 A#41 and B#25 = 260.897
ROUND 1293 A#42 and B#25 = 288.079
ROUND 1294 A#43 and B#25 = 242.106
ROUND 1295 A#44 and B#25 = 207.033
ROUND 1296 A#45 and B#25 = 283.307
ROUND 1297 A#46 and B#25 = 239.357
ROUND 1298 A#47 and B#25 = 285.039
ROUND 1299 A#48 and B#25 = 283.947
ROUND 1300 A#49 and B#25 = 284.941
ROUND 1301 A#0 and B#26 = 53.4343
ROUND 1302 A#1 and B#26 = 220.9
ROUND 1303 A#2 and B#26 = 250.552
ROUND 1304 A#3 and B#26 = 57.5955
ROUND 1305 A#4 and B#26 = 46.1522
ROUND 1306 A#5 and B#26 = 50.885
ROUND 1307 A#6 and B#26 = 41.3715
ROUND 1308 A#7 and B#26 = 51.0957
ROUND 1309 A#8 and B#26 = 50.9033
ROUND 1310 A#9 and B#26 = 50.6933
ROUND 1311 A#10 and B#26 = 220.395
ROUND 1312 A#11 and B#26 = 152.263
ROUND 1313 A#12 and B#26 = 48.4404
ROUND 1314 A#13 and B#26 = 251.939
ROUND 1315 A#14 and B#26 = 253.825
ROUND 1316 A#15 and B#26 = 236.378
ROUND 1317 A#16 and B#26 = 58.4754
ROUND 1318 A#17 and B#26 = 246.729
ROUND 1319 A#18 and B#26 = 246.81
ROUND 1320 A#19 and B#26 = 254.468
ROUND 1321 A#20 and B#26 = 228.985
ROUND 1322 A#21 and B#26 = 260.497
ROUND 1323 A#22 and B#26 = 256.777
ROUND 1324 A#23 and B#26 = 253.087
ROUND 1325 A#24 and B#26 = 267.947
ROUND 1326 A#25 and B#26 = 230.217
ROUND 1327 A#26 and B#26 = 230.31
ROUND 1328 A#27 and B#26 = 225.972
ROUND 1329 A#28 and B#26 = 262.883
ROUND 1330 A#29 and B#26 = 230.756
ROUND 1331 A#30 and B#26 = 136.179
ROUND 1332 A#31 and B#26 = 253.249
ROUND 1333 A#32 and B#26 = 206.651
ROUND 1334 A#33 and B#26 = 254.331
ROUND 1335 A#34 and B#26 = 249.399
ROUND 1336 A#35 and B#26 = 259.733
ROUND 1337 A#36 and B#26 = 262.564
ROUND 1338 A#37 and B#26 = 259.974
ROUND 1339 A#38 and B#26 = 196.845
ROUND 1340 A#39 and B#26 = 61.2998
ROUND 1341 A#40 and B#26 = 262.584
ROUND 1342 A#41 and B#26 = 214.145
ROUND 1343 A#42 and B#26 = 242.246
ROUND 1344 A#43 and B#26 = 228.615
ROUND 1345 A#44 and B#26 = 246.12
ROUND 1346 A#45 and B#26 = 261.475
ROUND 1347 A#46 and B#26 = 117.661
ROUND 1348 A#47 and B#26 = 261.652
ROUND 1349 A#48 and B#26 = 266.073
ROUND 1350 A#49 and B#26 = 295.503
ROUND 1351 A#0 and B#27 = -6.74521
ROUND 1352 A#1 and B#27 = 275.185
ROUND 1353 A#2 and B#27 = 215.121
ROUND 1354 A#3 and B#27 = -12.94
ROUND 1355 A#4 and B#27 = -10.1091
ROUND 1356 A#5 and B#27 = -3.53687
ROUND 1357 A#6 and B#27 = -3.94098
ROUND 1358 A#7 and B#27 = -6.76978
ROUND 1359 A#8 and B#27 = -6.58833
ROUND 1360 A#9 and B#27 = -6.70573
ROUND 1361 A#10 and B#27 = 249.21
ROUND 1362 A#11 and B#27 = 230.647
ROUND 1363 A#12 and B#27 = -1.79842
ROUND 1364 A#13 and B#27 = 86.7437
ROUND 1365 A#14 and B#27 = 236.779
ROUND 1366 A#15 and B#27 = 278.496
ROUND 1367 A#16 and B#27 = 235.346
ROUND 1368 A#17 and B#27 = 255.408
ROUND 1369 A#18 and B#27 = 254.974
ROUND 1370 A#19 and B#27 = 253.21
ROUND 1371 A#20 and B#27 = 250.922
ROUND 1372 A#21 and B#27 = 250.761
ROUND 1373 A#22 and B#27 = 247.879
ROUND 1374 A#23 and B#27 = 254.988
ROUND 1375 A#24 and B#27 = 230.692
ROUND 1376 A#25 and B#27 = 259.389
ROUND 1377 A#26 and B#27 = 259.277
ROUND 1378 A#27 and B#27 = 181.635
ROUND 1379 A#28 and B#27 = 249.905
ROUND 1380 A#29 and B#27 = 258.726
ROUND 1381 A#30 and B#27 = 144.734
ROUND 1382 A#31 and B#27 = 250.489
ROUND 1383 A#32 and B#27 = 230.704
ROUND 1384 A#33 and B#27 = 189.735
ROUND 1385 A#34 and B#27 = 250.385
ROUND 1386 A#35 and B#27 = 264.872
ROUND 1387 A#36 and B#27 = 249.135
ROUND 1388 A#37 and B#27 = 266.158
ROUND 1389 A#38 and B#27 = 33.8563
ROUND 1390 A#39 and B#27 = 136.663
ROUND 1391 A#40 and B#27 = 249.146
ROUND 1392 A#41 and B#27 = 104.203
ROUND 1393 A#42 and B#27 = 268.456
ROUND 1394 A#43 and B#27 = 268.828
ROUND 1395 A#44 and B#27 = 241.353
ROUND 1396 A#45 and B#27 = 258.392
ROUND 1397 A#46 and B#27 = 267.775
ROUND 1398 A#47 and B#27 = 256.452
ROUND 1399 A#48 and B#27 = 247.429
ROUND 1400 A#49 and B#27 = 256.053
ROUND 1401 A#0 and B#28 = 247.428
ROUND 1402 A#1 and B#28 = 244.117
ROUND 1403 A#2 and B#28 = 213.195
ROUND 1404 A#3 and B#28 = 262.652
ROUND 1405 A#4 and B#28 = 265.899
ROUND 1406 A#5 and B#28 = 246.585
ROUND 1407 A#6 and B#28 = 254.928
ROUND 1408 A#7 and B#28 = 246.813
ROUND 1409 A#8 and B#28 = 246.946
ROUND 1410 A#9 and B#28 = 246.989
ROUND 1411 A#10 and B#28 = 267.54
ROUND 1412 A#11 and B#28 = 243.39
ROUND 1413 A#12 and B#28 = 249.999
ROUND 1414 A#13 and B#28 = 253.13
ROUND 1415 A#14 and B#28 = 266.999
ROUND 1416 A#15 and B#28 = 91.6213
ROUND 1417 A#16 and B#28 = 264.368
ROUND 1418 A#17 and B#28 = 215.361
ROUND 1419 A#18 and B#28 = 213.186
ROUND 1420 A#19 and B#28 = 281.791
ROUND 1421 A#20 and B#28 = 253.365
ROUND 1422 A#21 and B#28 = 252.247
ROUND 1423 A#22 and B#28 = 204.279
ROUND 1424 A#23 and B#28 = 264.829
ROUND 1425 A#24 and B#28 = 265.294
ROUND 1426 A#25 and B#28 = 244.514
ROUND 1427 A#26 and B#28 = 244.84
ROUND 1428 A#27 and B#28 = 101.877
ROUND 1429 A#28 and B#28 = 263.817
ROUND 1430 A#29 and B#28 = 244.521
ROUND 1431 A#30 and B#28 = 253.537
ROUND 1432 A#31 and B#28 = 250.653
ROUND 1433 A#32 and B#28 = 266.137
ROUND 1434 A#33 and B#28 = 273.535
ROUND 1435 A#34 and B#28 = 272.391
ROUND 1436 A#35 and B#28 = 205.287
ROUND 1437 A#36 and B#28 = 253.325
ROUND 1438 A#37 and B#28 = 246.224
ROUND 1439 A#38 and B#28 = 244.231
ROUND 1440 A#39 and B#28 = 236.642
ROUND 1441 A#40 and B#28 = 256.56
ROUND 1442 A#41 and B#28 = 202.595
ROUND 1443 A#42 and B#28 = 253.091
ROUND 1444 A#43 and B#28 = 37.9333
ROUND 1445 A#44 and B#28 = 253.937
ROUND 1446 A#45 and B#28 = 264.535
ROUND 1447 A#46 and B#28 = 266.988
ROUND 1448 A#47 and B#28 = 246.593
ROUND 1449 A#48 and B#28 = 253.587
ROUND 1450 A#49 and B#28 = 253.616
ROUND 1451 A#0 and B#29 = 248.482
ROUND 1452 A#1 and B#29 = 238.307
ROUND 1453 A#2 and B#29 = 169.553
ROUND 1454 A#3 and B#29 = 126.458
ROUND 1455 A#4 and B#29 = 263.46
ROUND 1456 A#5 and B#29 = 244.577
ROUND 1457 A#6 and B#29 = 263.022
ROUND 1458 A#7 and B#29 = 252.26
ROUND 1459 A#8 and B#29 = 252.368
ROUND 1460 A#9 and B#29 = 252.186
ROUND 1461 A#10 and B#29 = 279.156
ROUND 1462 A#11 and B#29 = 243.53
ROUND 1463 A#12 and B#29 = 245.463
ROUND 1464 A#13 and B#29 = 266.201
ROUND 1465 A#14 and B#29 = 224.577
ROUND 1466 A#15 and B#29 = 60.8428
ROUND 1467 A#16 and B#29 = 254.856
ROUND 1468 A#17 and B#29 = 258.515
ROUND 1469 A#18 and B#29 = 269.502
ROUND 1470 A#19 and B#29 = 144.787
ROUND 1471 A#20 and B#29 = 249.856
ROUND 1472 A#21 and B#29 = 241.011
ROUND 1473 A#22 and B#29 = 260.296
ROUND 1474 A#23 and B#29 = 268.783
ROUND 1475 A#24 and B#29 = 268.414
ROUND 1476 A#25 and B#29 = 258.579
ROUND 1477 A#26 and B#29 = 258.431
ROUND 1478 A#27 and B#29 = 66.1648
ROUND 1479 A#28 and B#29 = 250.439
ROUND 1480 A#29 and B#29 = 258.903
ROUND 1481 A#30 and B#29 = 255.553
ROUND 1482 A#31 and B#29 = 237.756
ROUND 1483 A#32 and B#29 = 251.587
ROUND 1484 A#33 and B#29 = 227.248
ROUND 1485 A#34 and B#29 = 268.713
ROUND 1486 A#35 and B#29 = 227.615
ROUND 1487 A#36 and B#29 = 206.886
ROUND 1488 A#37 and B#29 = 253.811
ROUND 1489 A#38 and B#29 = 252.797
ROUND 1490 A#39 and B#29 = 277.842
ROUND 1491 A#40 and B#29 = 251.767
ROUND 1492 A#41 and B#29 = 33.3554
ROUND 1493 A#42 and B#29 = 238.603
ROUND 1494 A#43 and B#29 = 253.059
ROUND 1495 A#44 and B#29 = 259.302
ROUND 1496 A#45 and B#29 = 270.48
ROUND 1497 A#46 and B#29 = 258.899
ROUND 1498 A#47 and B#29 = 233.528
ROUND 1499 A#48 and B#29 = 251.527
ROUND 1500 A#49 and B#29 = 225.666
ROUND 1501 A#0 and B#30 = 254.764
ROUND 1502 A#1 and B#30 = 245.351
ROUND 1503 A#2 and B#30 = 253.693
ROUND 1504 A#3 and B#30 = 277.211
ROUND 1505 A#4 and B#30 = 38.8333
ROUND 1506 A#5 and B#30 = 245.128
ROUND 1507 A#6 and B#30 = 244.515
ROUND 1508 A#7 and B#30 = 244.368
ROUND 1509 A#8 and B#30 = 244.572
ROUND 1510 A#9 and B#30 = 245.955
ROUND 1511 A#10 and B#30 = 252.237
ROUND 1512 A#11 and B#30 = 250.158
ROUND 1513 A#12 and B#30 = 245.378
ROUND 1514 A#13 and B#30 = 227.055
ROUND 1515 A#14 and B#30 = 253.996
ROUND 1516 A#15 and B#30 = 168.876
ROUND 1517 A#16 and B#30 = 255.822
ROUND 1518 A#17 and B#30 = 195.658
ROUND 1519 A#18 and B#30 = 196.034
ROUND 1520 A#19 and B#30 = 254.909
ROUND 1521 A#20 and B#30 = 253.176
ROUND 1522 A#21 and B#30 = 251.078
ROUND 1523 A#22 and B#30 = 243.341
ROUND 1524 A#23 and B#30 = 208.344
ROUND 1525 A#24 and B#30 = 259.653
ROUND 1526 A#25 and B#30 = 210.703
ROUND 1527 A#26 and B#30 = 210.523
ROUND 1528 A#27 and B#30 = 260.282
ROUND 1529 A#28 and B#30 = 223.791
ROUND 1530 A#29 and B#30 = 210.681
ROUND 1531 A#30 and B#30 = 130.831
ROUND 1532 A#31 and B#30 = 224.145
ROUND 1533 A#32 and B#30 = 289.633
ROUND 1534 A#33 and B#30 = 243.612
ROUND 1535 A#34 and B#30 = 245.801
ROUND 1536 A#35 and B#30 = 298.243
ROUND 1537 A#36 and B#30 = 291.226
ROUND 1538 A#37 and B#30 = 256.091
ROUND 1539 A#38 and B#30 = 216.329
ROUND 1540 A#39 and B#30 = 53.3908
ROUND 1541 A#40 and B#30 = 255.486
ROUND 1542 A#41 and B#30 = 214.543
ROUND 1543 A#42 and B#30 = 251.504
ROUND 1544 A#43 and B#30 = 259.216
ROUND 1545 A#44 and B#30 = 203.616
ROUND 1546 A#45 and B#30 = 242.908
ROUND 1547 A#46 and B#30 = 240.277
ROUND 1548 A#47 and B#30 = 257.884
ROUND 1549 A#48 and B#30 = 258.557
ROUND 1550 A#49 and B#30 = 49.9017
ROUND 1551 A#0 and B#31 = 274.789
ROUND 1552 A#1 and B#31 = 264.213
ROUND 1553 A#2 and B#31 = 231.541
ROUND 1554 A#3 and B#31 = 248.946
ROUND 1555 A#4 and B#31 = 230.095
ROUND 1556 A#5 and B#31 = 274.979
ROUND 1557 A#6 and B#31 = 273.658
ROUND 1558 A#7 and B#31 = 273.144
ROUND 1559 A#8 and B#31 = 273.256
ROUND 1560 A#9 and B#31 = 273.368
ROUND 1561 A#10 and B#31 = 264.597
ROUND 1562 A#11 and B#31 = 266.62
ROUND 1563 A#12 and B#31 = 275.522
ROUND 1564 A#13 and B#31 = 247.502
ROUND 1565 A#14 and B#31 = 236.316
ROUND 1566 A#15 and B#31 = 257.658
ROUND 1567 A#16 and B#31 = 267.768
ROUND 1568 A#17 and B#31 = 258.195
ROUND 1569 A#18 and B#31 = 265.53
ROUND 1570 A#19 and B#31 = 237.234
ROUND 1571 A#20 and B#31 = 260.887
ROUND 1572 A#21 and B#31 = 259.537
ROUND 1573 A#22 and B#31 = 213.21
ROUND 1574 A#23 and B#31 = 268.912
ROUND 1575 A#24 and B#31 = 267.426
ROUND 1576 A#25 and B#31 = 261.901
ROUND 1577 A#26 and B#31 = 261.707
ROUND 1578 A#27 and B#31 = 109.424
ROUND 1579 A#28 and B#31 = 261.215
ROUND 1580 A#29 and B#31 = 260.203
ROUND 1581 A#30 and B#31 = 250.841
ROUND 1582 A#31 and B#31 = 236.493
ROUND 1583 A#32 and B#31 = 266.39
ROUND 1584 A#33 and B#31 = 126.768
ROUND 1585 A#34 and B#31 = 123.924
ROUND 1586 A#35 and B#31 = 230.137
ROUND 1587 A#36 and B#31 = 286.407
ROUND 1588 A#37 and B#31 = 265.225
ROUND 1589 A#38 and B#31 = 150.734
ROUND 1590 A#39 and B#31 = 264.006
ROUND 1591 A#40 and B#31 = 286.556
ROUND 1592 A#41 and B#31 = 243.836
ROUND 1593 A#42 and B#31 = 241.109
ROUND 1594 A#43 and B#31 = 232.908
ROUND 1595 A#44 and B#31 = 263.646
ROUND 1596 A#45 and B#31 = 286.013
ROUND 1597 A#46 and B#31 = 265.904
ROUND 1598 A#47 and B#31 = 221.083
ROUND 1599 A#48 and B#31 = 288.369
ROUND 1600 A#49 and B#31 = 286.346
ROUND 1601 A#0 and B#32 = 43.2204
ROUND 1602 A#1 and B#32 = 244.693
ROUND 1603 A#2 and B#32 = 253.653
ROUND 1604 A#3 and B#32 = 29.7772
ROUND 1605 A#4 and B#32 = 41.9578
ROUND 1606 A#5 and B#32 = 245.107
ROUND 1607 A#6 and B#32 = 244.746
ROUND 1608 A#7 and B#32 = 243.91
ROUND 1609 A#8 and B#32 = 244.115
ROUND 1610 A#9 and B#32 = 244.297
ROUND 1611 A#10 and B#32 = 253.253
ROUND 1612 A#11 and B#32 = 251.765
ROUND 1613 A#12 and B#32 = 245.047
ROUND 1614 A#13 and B#32 = 226.416
ROUND 1615 A#14 and B#32 = 253.628
ROUND 1616 A#15 and B#32 = 169.843
ROUND 1617 A#16 and B#32 = 256.492
ROUND 1618 A#17 and B#32 = 195.795
ROUND 1619 A#18 and B#32 = 196.157
ROUND 1620 A#19 and B#32 = 254.675
ROUND 1621 A#20 and B#32 = 252.2
ROUND 1622 A#21 and B#32 = 251.723
ROUND 1623 A#22 and B#32 = 247.72
ROUND 1624 A#23 and B#32 = 208.537
ROUND 1625 A#24 and B#32 = 260.216
ROUND 1626 A#25 and B#32 = 210.247
ROUND 1627 A#26 and B#32 = 210.432
ROUND 1628 A#27 and B#32 = 260.176
ROUND 1629 A#28 and B#32 = 272.774
ROUND 1630 A#29 and B#32 = 210.653
ROUND 1631 A#30 and B#32 = 130.922
ROUND 1632 A#31 and B#32 = 224.517
ROUND 1633 A#32 and B#32 = 289.479
ROUND 1634 A#33 and B#32 = 242.349
ROUND 1635 A#34 and B#32 = 245.284
ROUND 1636 A#35 and B#32 = 298.352
ROUND 1637 A#36 and B#32 = 291.217
ROUND 1638 A#37 and B#32 = 257.795
ROUND 1639 A#38 and B#32 = 215.691
ROUND 1640 A#39 and B#32 = 56.646
ROUND 1641 A#40 and B#32 = 257.469
ROUND 1642 A#41 and B#32 = 214.782
ROUND 1643 A#42 and B#32 = 253.043
ROUND 1644 A#43 and B#32 = 259.069
ROUND 1645 A#44 and B#32 = 203.157
ROUND 1646 A#45 and B#32 = 254.071
ROUND 1647 A#46 and B#32 = 240.214
ROUND 1648 A#47 and B#32 = 259.532
ROUND 1649 A#48 and B#32 = 259.817
ROUND 1650 A#49 and B#32 = 49.8683
ROUND 1651 A#0 and B#33 = 249.306
ROUND 1652 A#1 and B#33 = 135.521
ROUND 1653 A#2 and B#33 = 229.713
ROUND 1654 A#3 and B#33 = 251.161
ROUND 1655 A#4 and B#33 = 244.96
ROUND 1656 A#5 and B#33 = 249.254
ROUND 1657 A#6 and B#33 = 241.97
ROUND 1658 A#7 and B#33 = 249.305
ROUND 1659 A#8 and B#33 = 249.222
ROUND 1660 A#9 and B#33 = 249.246
ROUND 1661 A#10 and B#33 = 267.075
ROUND 1662 A#11 and B#33 = 266.199
ROUND 1663 A#12 and B#33 = 249.232
ROUND 1664 A#13 and B#33 = 248.155
ROUND 1665 A#14 and B#33 = 238.168
ROUND 1666 A#15 and B#33 = 258.097
ROUND 1667 A#16 and B#33 = 233.103
ROUND 1668 A#17 and B#33 = 259.181
ROUND 1669 A#18 and B#33 = 258.35
ROUND 1670 A#19 and B#33 = 238.584
ROUND 1671 A#20 and B#33 = 263.215
ROUND 1672 A#21 and B#33 = 260.658
ROUND 1673 A#22 and B#33 = 214.826
ROUND 1674 A#23 and B#33 = 254.341
ROUND 1675 A#24 and B#33 = 275.367
ROUND 1676 A#25 and B#33 = 261.653
ROUND 1677 A#26 and B#33 = 261.535
ROUND 1678 A#27 and B#33 = 116.708
ROUND 1679 A#28 and B#33 = 252.945
ROUND 1680 A#29 and B#33 = 260.57
ROUND 1681 A#30 and B#33 = 249.105
ROUND 1682 A#31 and B#33 = 234.411
ROUND 1683 A#32 and B#33 = 129.688
ROUND 1684 A#33 and B#33 = 217.624
ROUND 1685 A#34 and B#33 = 128.313
ROUND 1686 A#35 and B#33 = 287.592
ROUND 1687 A#36 and B#33 = 287.551
ROUND 1688 A#37 and B#33 = 287.569
ROUND 1689 A#38 and B#33 = 147.76
ROUND 1690 A#39 and B#33 = 264.027
ROUND 1691 A#40 and B#33 = 287.747
ROUND 1692 A#41 and B#33 = 244.927
ROUND 1693 A#42 and B#33 = 289.092
ROUND 1694 A#43 and B#33 = 234.477
ROUND 1695 A#44 and B#33 = 264.418
ROUND 1696 A#45 and B#33 = 287.069
ROUND 1697 A#46 and B#33 = 243.639
ROUND 1698 A#47 and B#33 = 289.315
ROUND 1699 A#48 and B#33 = 289.398
ROUND 1700 A#49 and B#33 = 287.249
ROUND 1701 A#0 and B#34 = 56.0659
ROUND 1702 A#1 and B#34 = 236.523
ROUND 1703 A#2 and B#34 = 250.043
ROUND 1704 A#3 and B#34 = 246.99
ROUND 1705 A#4 and B#34 = 49.5416
ROUND 1706 A#5 and B#34 = 53.967
ROUND 1707 A#6 and B#34 = 47.9144
ROUND 1708 A#7 and B#34 = 53.6222
ROUND 1709 A#8 and B#34 = 53.3922
ROUND 1710 A#9 and B#34 = 53.2361
ROUND 1711 A#10 and B#34 = 200.465
ROUND 1712 A#11 and B#34 = 249.764
ROUND 1713 A#12 and B#34 = 51.3391
ROUND 1714 A#13 and B#34 = 253.972
ROUND 1715 A#14 and B#34 = 254.649
ROUND 1716 A#15 and B#34 = 248.69
ROUND 1717 A#16 and B#34 = 249.95
ROUND 1718 A#17 and B#34 = 255.904
ROUND 1719 A#18 and B#34 = 255.892
ROUND 1720 A#19 and B#34 = 254.123
ROUND 1721 A#20 and B#34 = 254.085
ROUND 1722 A#21 and B#34 = 206.892
ROUND 1723 A#22 and B#34 = 254.796
ROUND 1724 A#23 and B#34 = 249.769
ROUND 1725 A#24 and B#34 = 249.964
ROUND 1726 A#25 and B#34 = 236.365
ROUND 1727 A#26 and B#34 = 236.546
ROUND 1728 A#27 and B#34 = 231.705
ROUND 1729 A#28 and B#34 = 249.791
ROUND 1730 A#29 and B#34 = 249.395
ROUND 1731 A#30 and B#34 = 157.661
ROUND 1732 A#31 and B#34 = 249.245
ROUND 1733 A#32 and B#34 = 229.435
ROUND 1734 A#33 and B#34 = 251.45
ROUND 1735 A#34 and B#34 = 258.882
ROUND 1736 A#35 and B#34 = 253.753
ROUND 1737 A#36 and B#34 = 255.255
ROUND 1738 A#37 and B#34 = 247.276
ROUND 1739 A#38 and B#34 = 203.777
ROUND 1740 A#39 and B#34 = 63.7891
ROUND 1741 A#40 and B#34 = 255.171
ROUND 1742 A#41 and B#34 = 263.418
ROUND 1743 A#42 and B#34 = 256.488
ROUND 1744 A#43 and B#34 = 239.654
ROUND 1745 A#44 and B#34 = 247.782
ROUND 1746 A#45 and B#34 = 248.052
ROUND 1747 A#46 and B#34 = 245.869
ROUND 1748 A#47 and B#34 = 267.648
ROUND 1749 A#48 and B#34 = 265.081
ROUND 1750 A#49 and B#34 = 294.885
ROUND 1751 A#0 and B#35 = -0.774634
ROUND 1752 A#1 and B#35 = 275.59
ROUND 1753 A#2 and B#35 = 248.845
ROUND 1754 A#3 and B#35 = -6.63707
ROUND 1755 A#4 and B#35 = -3.66306
ROUND 1756 A#5 and B#35 = 0.357934
ROUND 1757 A#6 and B#35 = 2.02087
ROUND 1758 A#7 and B#35 = -1.33827
ROUND 1759 A#8 and B#35 = -1.12608
ROUND 1760 A#9 and B#35 = -1.33238
ROUND 1761 A#10 and B#35 = 249.296
ROUND 1762 A#11 and B#35 = 230.401
ROUND 1763 A#12 and B#35 = 1.68711
ROUND 1764 A#13 and B#35 = 84.7447
ROUND 1765 A#14 and B#35 = 267.672
ROUND 1766 A#15 and B#35 = 278.838
ROUND 1767 A#16 and B#35 = 262.449
ROUND 1768 A#17 and B#35 = 256.493
ROUND 1769 A#18 and B#35 = 256.038
ROUND 1770 A#19 and B#35 = 198.672
ROUND 1771 A#20 and B#35 = 250.918
ROUND 1772 A#21 and B#35 = 252.257
ROUND 1773 A#22 and B#35 = 256.529
ROUND 1774 A#23 and B#35 = 256.08
ROUND 1775 A#24 and B#35 = 183.754
ROUND 1776 A#25 and B#35 = 260.902
ROUND 1777 A#26 and B#35 = 260.717
ROUND 1778 A#27 and B#35 = 176.515
ROUND 1779 A#28 and B#35 = 250.694
ROUND 1780 A#29 and B#35 = 260.046
ROUND 1781 A#30 and B#35 = 123.929
ROUND 1782 A#31 and B#35 = 270.223
ROUND 1783 A#32 and B#35 = 230.275
ROUND 1784 A#33 and B#35 = 197.107
ROUND 1785 A#34 and B#35 = 250.237
ROUND 1786 A#35 and B#35 = 230.208
ROUND 1787 A#36 and B#35 = 233.22
ROUND 1788 A#37 and B#35 = 230.837
ROUND 1789 A#38 and B#35 = 152.258
ROUND 1790 A#39 and B#35 = 136.221
ROUND 1791 A#40 and B#35 = 231.327
ROUND 1792 A#41 and B#35 = 104.409
ROUND 1793 A#42 and B#35 = 268.961
ROUND 1794 A#43 and B#35 = 229.722
ROUND 1795 A#44 and B#35 = 250.679
ROUND 1796 A#45 and B#35 = 237.064
ROUND 1797 A#46 and B#35 = 267.868
ROUND 1798 A#47 and B#35 = 254.908
ROUND 1799 A#48 and B#35 = 247.649
ROUND 1800 A#49 and B#35 = 254.318
ROUND 1801 A#0 and B#36 = 246.419
ROUND 1802 A#1 and B#36 = 188.669
ROUND 1803 A#2 and B#36 = 189.199
ROUND 1804 A#3 and B#36 = 246.22
ROUND 1805 A#4 and B#36 = 245.756
ROUND 1806 A#5 and B#36 = 245.526
ROUND 1807 A#6 and B#36 = 245.647
ROUND 1808 A#7 and B#36 = 246.233
ROUND 1809 A#8 and B#36 = 246.206
ROUND 1810 A#9 and B#36 = 246.269
ROUND 1811 A#10 and B#36 = 272.422
ROUND 1812 A#11 and B#36 = 236.325
ROUND 1813 A#12 and B#36 = 245.493
ROUND 1814 A#13 and B#36 = 270.977
ROUND 1815 A#14 and B#36 = 264.807
ROUND 1816 A#15 and B#36 = 99.8133
ROUND 1817 A#16 and B#36 = 243.72
ROUND 1818 A#17 and B#36 = 243.957
ROUND 1819 A#18 and B#36 = 242.159
ROUND 1820 A#19 and B#36 = 290.698
ROUND 1821 A#20 and B#36 = 279.098
ROUND 1822 A#21 and B#36 = 272.567
ROUND 1823 A#22 and B#36 = 202.588
ROUND 1824 A#23 and B#36 = 227.525
ROUND 1825 A#24 and B#36 = 275.231
ROUND 1826 A#25 and B#36 = 252.077
ROUND 1827 A#26 and B#36 = 251.817
ROUND 1828 A#27 and B#36 = 118.252
ROUND 1829 A#28 and B#36 = 262.418
ROUND 1830 A#29 and B#36 = 252.02
ROUND 1831 A#30 and B#36 = 75.5809
ROUND 1832 A#31 and B#36 = 249.684
ROUND 1833 A#32 and B#36 = 269.207
ROUND 1834 A#33 and B#36 = 129.022
ROUND 1835 A#34 and B#36 = 164.93
ROUND 1836 A#35 and B#36 = 166.094
ROUND 1837 A#36 and B#36 = 253.974
ROUND 1838 A#37 and B#36 = 250.198
ROUND 1839 A#38 and B#36 = 251.017
ROUND 1840 A#39 and B#36 = 246.462
ROUND 1841 A#40 and B#36 = 253.597
ROUND 1842 A#41 and B#36 = 198.632
ROUND 1843 A#42 and B#36 = 252.878
ROUND 1844 A#43 and B#36 = 228.425
ROUND 1845 A#44 and B#36 = 245.502
ROUND 1846 A#45 and B#36 = 263.764
ROUND 1847 A#46 and B#36 = 266.576
ROUND 1848 A#47 and B#36 = 250.732
ROUND 1849 A#48 and B#36 = 253.699
ROUND 1850 A#49 and B#36 = 276.673
ROUND 1851 A#0 and B#37 = 262.155
ROUND 1852 A#1 and B#37 = 210.82
ROUND 1853 A#2 and B#37 = 247.624
ROUND 1854 A#3 and B#37 = 260.004
ROUND 1855 A#4 and B#37 = 52.1472
ROUND 1856 A#5 and B#37 = 255.51
ROUND 1857 A#6 and B#37 = 210.637
ROUND 1858 A#7 and B#37 = 258.115
ROUND 1859 A#8 and B#37 = 258.239
ROUND 1860 A#9 and B#37 = 257.755
ROUND 1861 A#10 and B#37 = 246.241
ROUND 1862 A#11 and B#37 = 247.764
ROUND 1863 A#12 and B#37 = 257.198
ROUND 1864 A#13 and B#37 = 250.853
ROUND 1865 A#14 and B#37 = 253.762
ROUND 1866 A#15 and B#37 = 246.92
ROUND 1867 A#16 and B#37 = 219.074
ROUND 1868 A#17 and B#37 = 256.531
ROUND 1869 A#18 and B#37 = 256.46
ROUND 1870 A#19 and B#37 = 254.376
ROUND 1871 A#20 and B#37 = 129.358
ROUND 1872 A#21 and B#37 = 249.98
ROUND 1873 A#22 and B#37 = 259.047
ROUND 1874 A#23 and B#37 = 259.082
ROUND 1875 A#24 and B#37 = 250.202
ROUND 1876 A#25 and B#37 = 249.875
ROUND 1877 A#26 and B#37 = 249.907
ROUND 1878 A#27 and B#37 = 246.286
ROUND 1879 A#28 and B#37 = 250.027
ROUND 1880 A#29 and B#37 = 248.306
ROUND 1881 A#30 and B#37 = 131.906
ROUND 1882 A#31 and B#37 = 257.29
ROUND 1883 A#32 and B#37 = 247.334
ROUND 1884 A#33 and B#37 = 260.824
ROUND 1885 A#34 and B#37 = 259.898
ROUND 1886 A#35 and B#37 = 247.834
ROUND 1887 A#36 and B#37 = 247.938
ROUND 1888 A#37 and B#37 = 248.1
ROUND 1889 A#38 and B#37 = 205.199
ROUND 1890 A#39 and B#37 = 62.2386
ROUND 1891 A#40 and B#37 = 247.883
ROUND 1892 A#41 and B#37 = 157.582
ROUND 1893 A#42 and B#37 = 247.494
ROUND 1894 A#43 and B#37 = 251.119
ROUND 1895 A#44 and B#37 = 246.137
ROUND 1896 A#45 and B#37 = 249.243
ROUND 1897 A#46 and B#37 = 246.555
ROUND 1898 A#47 and B#37 = 266.345
ROUND 1899 A#48 and B#37 = 248.825
ROUND 1900 A#49 and B#37 = 281.179
ROUND 1901 A#0 and B#38 = 255.06
ROUND 1902 A#1 and B#38 = 245.419
ROUND 1903 A#2 and B#38 = 253.637
ROUND 1904 A#3 and B#38 = 277.253
ROUND 1905 A#4 and B#38 = 38.5313
ROUND 1906 A#5 and B#38 = 245.135
ROUND 1907 A#6 and B#38 = 244.525
ROUND 1908 A#7 and B#38 = 244.573
ROUND 1909 A#8 and B#38 = 245.797
ROUND 1910 A#9 and B#38 = 246.086
ROUND 1911 A#10 and B#38 = 251.929
ROUND 1912 A#11 and B#38 = 249.988
ROUND 1913 A#12 and B#38 = 245.816
ROUND 1914 A#13 and B#38 = 227.214
ROUND 1915 A#14 and B#38 = 253.341
ROUND 1916 A#15 and B#38 = 168.843
ROUND 1917 A#16 and B#38 = 255.698
ROUND 1918 A#17 and B#38 = 195.676
ROUND 1919 A#18 and B#38 = 195.993
ROUND 1920 A#19 and B#38 = 254.876
ROUND 1921 A#20 and B#38 = 253.328
ROUND 1922 A#21 and B#38 = 250.863
ROUND 1923 A#22 and B#38 = 243.114
ROUND 1924 A#23 and B#38 = 208.352
ROUND 1925 A#24 and B#38 = 259.254
ROUND 1926 A#25 and B#38 = 210.582
ROUND 1927 A#26 and B#38 = 210.456
ROUND 1928 A#27 and B#38 = 260.252
ROUND 1929 A#28 and B#38 = 223.995
ROUND 1930 A#29 and B#38 = 210.54
ROUND 1931 A#30 and B#38 = 130.832
ROUND 1932 A#31 and B#38 = 224.104
ROUND 1933 A#32 and B#38 = 289.522
ROUND 1934 A#33 and B#38 = 243.42
ROUND 1935 A#34 and B#38 = 245.72
ROUND 1936 A#35 and B#38 = 298.229
ROUND 1937 A#36 and B#38 = 291.192
ROUND 1938 A#37 and B#38 = 255.868
ROUND 1939 A#38 and B#38 = 216.63
ROUND 1940 A#39 and B#38 = 53.0297
ROUND 1941 A#40 and B#38 = 255.462
ROUND 1942 A#41 and B#38 = 214.58
ROUND 1943 A#42 and B#38 = 251.271
ROUND 1944 A#43 and B#38 = 259.066
ROUND 1945 A#44 and B#38 = 203.895
ROUND 1946 A#45 and B#38 = 250.238
ROUND 1947 A#46 and B#38 = 240.245
ROUND 1948 A#47 and B#38 = 257.905
ROUND 1949 A#48 and B#38 = 258.267
ROUND 1950 A#49 and B#38 = 49.9778
ROUND 1951 A#0 and B#39 = 142.711
ROUND 1952 A#1 and B#39 = 128.717
ROUND 1953 A#2 and B#39 = 243.612
ROUND 1954 A#3 and B#39 = 141.199
ROUND 1955 A#4 and B#39 = 140.529
ROUND 1956 A#5 and B#39 = 146.177
ROUND 1957 A#6 and B#39 = 143.171
ROUND 1958 A#7 and B#39 = 143.768
ROUND 1959 A#8 and B#39 = 143.855
ROUND 1960 A#9 and B#39 = 144.077
ROUND 1961 A#10 and B#39 = 214.364
ROUND 1962 A#11 and B#39 = 249.857
ROUND 1963 A#12 and B#39 = 146.062
ROUND 1964 A#13 and B#39 = 271.145
ROUND 1965 A#14 and B#39 = 246.152
ROUND 1966 A#15 and B#39 = 82.0288
ROUND 1967 A#16 and B#39 = 249.351
ROUND 1968 A#17 and B#39 = 263.248
ROUND 1969 A#18 and B#39 = 263.184
ROUND 1970 A#19 and B#39 = 221.865
ROUND 1971 A#20 and B#39 = 255.597
ROUND 1972 A#21 and B#39 = 253.574
ROUND 1973 A#22 and B#39 = 246.854
ROUND 1974 A#23 and B#39 = 249.199
ROUND 1975 A#24 and B#39 = 222.669
ROUND 1976 A#25 and B#39 = 248.636
ROUND 1977 A#26 and B#39 = 247.391
ROUND 1978 A#27 and B#39 = 119.232
ROUND 1979 A#28 and B#39 = 269.424
ROUND 1980 A#29 and B#39 = 248.966
ROUND 1981 A#30 and B#39 = 254.996
ROUND 1982 A#31 and B#39 = 148.433
ROUND 1983 A#32 and B#39 = 272.053
ROUND 1984 A#33 and B#39 = 145.164
ROUND 1985 A#34 and B#39 = 142.686
ROUND 1986 A#35 and B#39 = 286.486
ROUND 1987 A#36 and B#39 = 285.911
ROUND 1988 A#37 and B#39 = 285.728
ROUND 1989 A#38 and B#39 = 130.836
ROUND 1990 A#39 and B#39 = 142.881
ROUND 1991 A#40 and B#39 = 286.097
ROUND 1992 A#41 and B#39 = 261.66
ROUND 1993 A#42 and B#39 = 289.306
ROUND 1994 A#43 and B#39 = 242.186
ROUND 1995 A#44 and B#39 = 202.476
ROUND 1996 A#45 and B#39 = 284.107
ROUND 1997 A#46 and B#39 = 236.074
ROUND 1998 A#47 and B#39 = 286.26
ROUND 1999 A#48 and B#39 = 284.417
ROUND 2000 A#49 and B#39 = 286.078
ROUND 2001 A#0 and B#40 = -1.28349
ROUND 2002 A#1 and B#40 = 275.477
ROUND 2003 A#2 and B#40 = 248.785
ROUND 2004 A#3 and B#40 = -7.06863
ROUND 2005 A#4 and B#40 = -4.15048
ROUND 2006 A#5 and B#40 = 0.33051
ROUND 2007 A#6 and B#40 = 1.39355
ROUND 2008 A#7 and B#40 = -1.80219
ROUND 2009 A#8 and B#40 = -1.58832
ROUND 2010 A#9 and B#40 = -1.7993
ROUND 2011 A#10 and B#40 = 274.275
ROUND 2012 A#11 and B#40 = 230.306
ROUND 2013 A#12 and B#40 = 1.80553
ROUND 2014 A#13 and B#40 = 84.9793
ROUND 2015 A#14 and B#40 = 267.519
ROUND 2016 A#15 and B#40 = 279.059
ROUND 2017 A#16 and B#40 = 262.808
ROUND 2018 A#17 and B#40 = 256.995
ROUND 2019 A#18 and B#40 = 256.481
ROUND 2020 A#19 and B#40 = 197.912
ROUND 2021 A#20 and B#40 = 250.911
ROUND 2022 A#21 and B#40 = 252.442
ROUND 2023 A#22 and B#40 = 256.682
ROUND 2024 A#23 and B#40 = 256.505
ROUND 2025 A#24 and B#40 = 184.105
ROUND 2026 A#25 and B#40 = 261.056
ROUND 2027 A#26 and B#40 = 260.812
ROUND 2028 A#27 and B#40 = 175.61
ROUND 2029 A#28 and B#40 = 251.054
ROUND 2030 A#29 and B#40 = 260.211
ROUND 2031 A#30 and B#40 = 122.854
ROUND 2032 A#31 and B#40 = 269.927
ROUND 2033 A#32 and B#40 = 230.711
ROUND 2034 A#33 and B#40 = 196.069
ROUND 2035 A#34 and B#40 = 250.269
ROUND 2036 A#35 and B#40 = 230.936
ROUND 2037 A#36 and B#40 = 230.543
ROUND 2038 A#37 and B#40 = 230.554
ROUND 2039 A#38 and B#40 = 152.336
ROUND 2040 A#39 and B#40 = 136.575
ROUND 2041 A#40 and B#40 = 231.013
ROUND 2042 A#41 and B#40 = 103.216
ROUND 2043 A#42 and B#40 = 268.798
ROUND 2044 A#43 and B#40 = 229.824
ROUND 2045 A#44 and B#40 = 251.228
ROUND 2046 A#45 and B#40 = 237.398
ROUND 2047 A#46 and B#40 = 267.991
ROUND 2048 A#47 and B#40 = 252.457
ROUND 2049 A#48 and B#40 = 247.079
ROUND 2050 A#49 and B#40 = 255.335
ROUND 2051 A#0 and B#41 = 237.07
ROUND 2052 A#1 and B#41 = 249.516
ROUND 2053 A#2 and B#41 = 244.513
ROUND 2054 A#3 and B#41 = 236.104
ROUND 2055 A#4 and B#41 = 249.349
ROUND 2056 A#5 and B#41 = 237.835
ROUND 2057 A#6 and B#41 = 238.434
ROUND 2058 A#7 and B#41 = 238.442
ROUND 2059 A#8 and B#41 = 238.076
ROUND 2060 A#9 and B#41 = 238.361
ROUND 2061 A#10 and B#41 = 266.853
ROUND 2062 A#11 and B#41 = 65.8773
ROUND 2063 A#12 and B#41 = 241.286
ROUND 2064 A#13 and B#41 = 247.36
ROUND 2065 A#14 and B#41 = 226.316
ROUND 2066 A#15 and B#41 = 215.603
ROUND 2067 A#16 and B#41 = 249.784
ROUND 2068 A#17 and B#41 = 258.9
ROUND 2069 A#18 and B#41 = 258.207
ROUND 2070 A#19 and B#41 = 264.493
ROUND 2071 A#20 and B#41 = 229.739
ROUND 2072 A#21 and B#41 = 253.636
ROUND 2073 A#22 and B#41 = 109.836
ROUND 2074 A#23 and B#41 = 263.877
ROUND 2075 A#24 and B#41 = 223.2
ROUND 2076 A#25 and B#41 = 254.332
ROUND 2077 A#26 and B#41 = 254.115
ROUND 2078 A#27 and B#41 = 131.803
ROUND 2079 A#28 and B#41 = 253.651
ROUND 2080 A#29 and B#41 = 252.568
ROUND 2081 A#30 and B#41 = 263.934
ROUND 2082 A#31 and B#41 = 124.461
ROUND 2083 A#32 and B#41 = 63.1759
ROUND 2084 A#33 and B#41 = 134.034
ROUND 2085 A#34 and B#41 = 133.922
ROUND 2086 A#35 and B#41 = 220.397
ROUND 2087 A#36 and B#41 = 193.602
ROUND 2088 A#37 and B#41 = 195.553
ROUND 2089 A#38 and B#41 = 127.367
ROUND 2090 A#39 and B#41 = 234.708
ROUND 2091 A#40 and B#41 = 193.796
ROUND 2092 A#41 and B#41 = 246.525
ROUND 2093 A#42 and B#41 = 223.985
ROUND 2094 A#43 and B#41 = 248.496
ROUND 2095 A#44 and B#41 = 247.04
ROUND 2096 A#45 and B#41 = 195.369
ROUND 2097 A#46 and B#41 = 241.694
ROUND 2098 A#47 and B#41 = 195.452
ROUND 2099 A#48 and B#41 = 197.335
ROUND 2100 A#49 and B#41 = 198.196
ROUND 2101 A#0 and B#42 = 143.147
ROUND 2102 A#1 and B#42 = 129.018
ROUND 2103 A#2 and B#42 = 244.273
ROUND 2104 A#3 and B#42 = 141.571
ROUND 2105 A#4 and B#42 = 140.615
ROUND 2106 A#5 and B#42 = 146.531
ROUND 2107 A#6 and B#42 = 143.48
ROUND 2108 A#7 and B#42 = 144.145
ROUND 2109 A#8 and B#42 = 144.031
ROUND 2110 A#9 and B#42 = 144.318
ROUND 2111 A#10 and B#42 = 214.287
ROUND 2112 A#11 and B#42 = 287.156
ROUND 2113 A#12 and B#42 = 146.377
ROUND 2114 A#13 and B#42 = 270.176
ROUND 2115 A#14 and B#42 = 245.336
ROUND 2116 A#15 and B#42 = 82.53
ROUND 2117 A#16 and B#42 = 249.609
ROUND 2118 A#17 and B#42 = 263.759
ROUND 2119 A#18 and B#42 = 263.642
ROUND 2120 A#19 and B#42 = 221.747
ROUND 2121 A#20 and B#42 = 254.314
ROUND 2122 A#21 and B#42 = 253.605
ROUND 2123 A#22 and B#42 = 246.414
ROUND 2124 A#23 and B#42 = 250.001
ROUND 2125 A#24 and B#42 = 223.091
ROUND 2126 A#25 and B#42 = 247.166
ROUND 2127 A#26 and B#42 = 246.793
ROUND 2128 A#27 and B#42 = 119.66
ROUND 2129 A#28 and B#42 = 270.474
ROUND 2130 A#29 and B#42 = 247.431
ROUND 2131 A#30 and B#42 = 253.757
ROUND 2132 A#31 and B#42 = 150.728
ROUND 2133 A#32 and B#42 = 271.943
ROUND 2134 A#33 and B#42 = 146.279
ROUND 2135 A#34 and B#42 = 141.475
ROUND 2136 A#35 and B#42 = 286.887
ROUND 2137 A#36 and B#42 = 286.214
ROUND 2138 A#37 and B#42 = 286.027
ROUND 2139 A#38 and B#42 = 129.812
ROUND 2140 A#39 and B#42 = 143.132
ROUND 2141 A#40 and B#42 = 286.371
ROUND 2142 A#41 and B#42 = 260.839
ROUND 2143 A#42 and B#42 = 289.533
ROUND 2144 A#43 and B#42 = 241.597
ROUND 2145 A#44 and B#42 = 202.513
ROUND 2146 A#45 and B#42 = 284.375
ROUND 2147 A#46 and B#42 = 235.747
ROUND 2148 A#47 and B#42 = 286.533
ROUND 2149 A#48 and B#42 = 284.666
ROUND 2150 A#49 and B#42 = 286.425
ROUND 2151 A#0 and B#43 = 246.232
ROUND 2152 A#1 and B#43 = 128.887
ROUND 2153 A#2 and B#43 = 242.593
ROUND 2154 A#3 and B#43 = 239.199
ROUND 2155 A#4 and B#43 = 249.296
ROUND 2156 A#5 and B#43 = 247.146
ROUND 2157 A#6 and B#43 = 217.696
ROUND 2158 A#7 and B#43 = 247.105
ROUND 2159 A#8 and B#43 = 246.975
ROUND 2160 A#9 and B#43 = 246.87
ROUND 2161 A#10 and B#43 = 213.669
ROUND 2162 A#11 and B#43 = 297.919
ROUND 2163 A#12 and B#43 = 245.369
ROUND 2164 A#13 and B#43 = 252.686
ROUND 2165 A#14 and B#43 = 234.868
ROUND 2166 A#15 and B#43 = 83.8223
ROUND 2167 A#16 and B#43 = 248.633
ROUND 2168 A#17 and B#43 = 263.805
ROUND 2169 A#18 and B#43 = 263.787
ROUND 2170 A#19 and B#43 = 260.679
ROUND 2171 A#20 and B#43 = 255.929
ROUND 2172 A#21 and B#43 = 253.503
ROUND 2173 A#22 and B#43 = 112.221
ROUND 2174 A#23 and B#43 = 249.402
ROUND 2175 A#24 and B#43 = 221.435
ROUND 2176 A#25 and B#43 = 253.034
ROUND 2177 A#26 and B#43 = 252.944
ROUND 2178 A#27 and B#43 = 119.652
ROUND 2179 A#28 and B#43 = 270.302
ROUND 2180 A#29 and B#43 = 251.363
ROUND 2181 A#30 and B#43 = 255.245
ROUND 2182 A#31 and B#43 = 200.215
ROUND 2183 A#32 and B#43 = 252.765
ROUND 2184 A#33 and B#43 = 142.379
ROUND 2185 A#34 and B#43 = 138.509
ROUND 2186 A#35 and B#43 = 297.733
ROUND 2187 A#36 and B#43 = 297.598
ROUND 2188 A#37 and B#43 = 297.446
ROUND 2189 A#38 and B#43 = 135.32
ROUND 2190 A#39 and B#43 = 263.616
ROUND 2191 A#40 and B#43 = 297.822
ROUND 2192 A#41 and B#43 = 224.09
ROUND 2193 A#42 and B#43 = 299.805
ROUND 2194 A#43 and B#43 = 61.9042
ROUND 2195 A#44 and B#43 = 265.085
ROUND 2196 A#45 and B#43 = 294.924
ROUND 2197 A#46 and B#43 = 235.851
ROUND 2198 A#47 and B#43 = 299.106
ROUND 2199 A#48 and B#43 = 292.856
ROUND 2200 A#49 and B#43 = 298.048
ROUND 2201 A#0 and B#44 = 258.362
ROUND 2202 A#1 and B#44 = 236.139
ROUND 2203 A#2 and B#44 = 250.122
ROUND 2204 A#3 and B#44 = 247.09
ROUND 2205 A#4 and B#44 = 50.4173
ROUND 2206 A#5 and B#44 = 256.909
ROUND 2207 A#6 and B#44 = 206.856
ROUND 2208 A#7 and B#44 = 253.898
ROUND 2209 A#8 and B#44 = 254.111
ROUND 2210 A#9 and B#44 = 253.681
ROUND 2211 A#10 and B#44 = 204.337
ROUND 2212 A#11 and B#44 = 211.314
ROUND 2213 A#12 and B#44 = 45.1787
ROUND 2214 A#13 and B#44 = 250.579
ROUND 2215 A#14 and B#44 = 251.971
ROUND 2216 A#15 and B#44 = 257.655
ROUND 2217 A#16 and B#44 = 221.215
ROUND 2218 A#17 and B#44 = 249.733
ROUND 2219 A#18 and B#44 = 249.951
ROUND 2220 A#19 and B#44 = 253.987
ROUND 2221 A#20 and B#44 = 226.17
ROUND 2222 A#21 and B#44 = 251.936
ROUND 2223 A#22 and B#44 = 252.503
ROUND 2224 A#23 and B#44 = 249.932
ROUND 2225 A#24 and B#44 = 250.051
ROUND 2226 A#25 and B#44 = 255.471
ROUND 2227 A#26 and B#44 = 255.226
ROUND 2228 A#27 and B#44 = 232.905
ROUND 2229 A#28 and B#44 = 250.642
ROUND 2230 A#29 and B#44 = 253.083
ROUND 2231 A#30 and B#44 = 131.266
ROUND 2232 A#31 and B#44 = 246.924
ROUND 2233 A#32 and B#44 = 229.314
ROUND 2234 A#33 and B#44 = 250.715
ROUND 2235 A#34 and B#44 = 255.835
ROUND 2236 A#35 and B#44 = 254.716
ROUND 2237 A#36 and B#44 = 295.998
ROUND 2238 A#37 and B#44 = 296.039
ROUND 2239 A#38 and B#44 = 197.936
ROUND 2240 A#39 and B#44 = 59.9278
ROUND 2241 A#40 and B#44 = 296.08
ROUND 2242 A#41 and B#44 = 191.102
ROUND 2243 A#42 and B#44 = 265.327
ROUND 2244 A#43 and B#44 = 244.195
ROUND 2245 A#44 and B#44 = 247.726
ROUND 2246 A#45 and B#44 = 234.451
ROUND 2247 A#46 and B#44 = 246.815
ROUND 2248 A#47 and B#44 = 297.357
ROUND 2249 A#48 and B#44 = 292.821
ROUND 2250 A#49 and B#44 = 295.444
ROUND 2251 A#0 and B#45 = 50.8171
ROUND 2252 A#1 and B#45 = 234.199
ROUND 2253 A#2 and B#45 = 250.042
ROUND 2254 A#3 and B#45 = 39.9792
ROUND 2255 A#4 and B#45 = 43.3811
ROUND 2256 A#5 and B#45 = 49.3665
ROUND 2257 A#6 and B#45 = 41.2982
ROUND 2258 A#7 and B#45 = 48.5294
ROUND 2259 A#8 and B#45 = 48.3367
ROUND 2260 A#9 and B#45 = 48.1797
ROUND 2261 A#10 and B#45 = 249.862
ROUND 2262 A#11 and B#45 = 250.169
ROUND 2263 A#12 and B#45 = 46.7516
ROUND 2264 A#13 and B#45 = 254.747
ROUND 2265 A#14 and B#45 = 254.32
ROUND 2266 A#15 and B#45 = 214.092
ROUND 2267 A#16 and B#45 = 249.969
ROUND 2268 A#17 and B#45 = 255.9
ROUND 2269 A#18 and B#45 = 256.006
ROUND 2270 A#19 and B#45 = 254.191
ROUND 2271 A#20 and B#45 = 253.352
ROUND 2272 A#21 and B#45 = 208.894
ROUND 2273 A#22 and B#45 = 255.531
ROUND 2274 A#23 and B#45 = 249.766
ROUND 2275 A#24 and B#45 = 249.965
ROUND 2276 A#25 and B#45 = 236.652
ROUND 2277 A#26 and B#45 = 236.755
ROUND 2278 A#27 and B#45 = 231.8
ROUND 2279 A#28 and B#45 = 208.508
ROUND 2280 A#29 and B#45 = 249.403
ROUND 2281 A#30 and B#45 = 129.066
ROUND 2282 A#31 and B#45 = 235.609
ROUND 2283 A#32 and B#45 = 229.227
ROUND 2284 A#33 and B#45 = 251.592
ROUND 2285 A#34 and B#45 = 252.642
ROUND 2286 A#35 and B#45 = 245.611
ROUND 2287 A#36 and B#45 = 264.644
ROUND 2288 A#37 and B#45 = 260.375
ROUND 2289 A#38 and B#45 = 254.668
ROUND 2290 A#39 and B#45 = 57.7921
ROUND 2291 A#40 and B#45 = 249.533
ROUND 2292 A#41 and B#45 = 263.235
ROUND 2293 A#42 and B#45 = 256.798
ROUND 2294 A#43 and B#45 = 240.333
ROUND 2295 A#44 and B#45 = 247.785
ROUND 2296 A#45 and B#45 = 262.802
ROUND 2297 A#46 and B#45 = 246.048
ROUND 2298 A#47 and B#45 = 261.186
ROUND 2299 A#48 and B#45 = 250.129
ROUND 2300 A#49 and B#45 = 295.23
ROUND 2301 A#0 and B#46 = 227.693
ROUND 2302 A#1 and B#46 = 214.481
ROUND 2303 A#2 and B#46 = 249.014
ROUND 2304 A#3 and B#46 = 278.692
ROUND 2305 A#4 and B#46 = 273.854
ROUND 2306 A#5 and B#46 = 257.805
ROUND 2307 A#6 and B#46 = 255.968
ROUND 2308 A#7 and B#46 = 273.596
ROUND 2309 A#8 and B#46 = 273.661
ROUND 2310 A#9 and B#46 = 148.957
ROUND 2311 A#10 and B#46 = 221.736
ROUND 2312 A#11 and B#46 = 246.252
ROUND 2313 A#12 and B#46 = -29.0649
ROUND 2314 A#13 and B#46 = 252.255
ROUND 2315 A#14 and B#46 = 254.31
ROUND 2316 A#15 and B#46 = 244.644
ROUND 2317 A#16 and B#46 = 153.824
ROUND 2318 A#17 and B#46 = 142.927
ROUND 2319 A#18 and B#46 = 140.998
ROUND 2320 A#19 and B#46 = 255.674
ROUND 2321 A#20 and B#46 = 252.398
ROUND 2322 A#21 and B#46 = 152.532
ROUND 2323 A#22 and B#46 = 222.447
ROUND 2324 A#23 and B#46 = 147.929
ROUND 2325 A#24 and B#46 = 143.008
ROUND 2326 A#25 and B#46 = 262.967
ROUND 2327 A#26 and B#46 = 263.397
ROUND 2328 A#27 and B#46 = 243.848
ROUND 2329 A#28 and B#46 = 255.537
ROUND 2330 A#29 and B#46 = 259.766
ROUND 2331 A#30 and B#46 = 243.254
ROUND 2332 A#31 and B#46 = 255.943
ROUND 2333 A#32 and B#46 = 247.546
ROUND 2334 A#33 and B#46 = 246.293
ROUND 2335 A#34 and B#46 = 253.817
ROUND 2336 A#35 and B#46 = 246.75
ROUND 2337 A#36 and B#46 = 247.021
ROUND 2338 A#37 and B#46 = 247.138
ROUND 2339 A#38 and B#46 = 215.603
ROUND 2340 A#39 and B#46 = 271.218
ROUND 2341 A#40 and B#46 = 247.599
ROUND 2342 A#41 and B#46 = 231.156
ROUND 2343 A#42 and B#46 = 246.323
ROUND 2344 A#43 and B#46 = 255.986
ROUND 2345 A#44 and B#46 = 203.889
ROUND 2346 A#45 and B#46 = 246.909
ROUND 2347 A#46 and B#46 = 224.194
ROUND 2348 A#47 and B#46 = 247.045
ROUND 2349 A#48 and B#46 = 246.574
ROUND 2350 A#49 and B#46 = 245.258
ROUND 2351 A#0 and B#47 = 251.304
ROUND 2352 A#1 and B#47 = 253.209
ROUND 2353 A#2 and B#47 = 250.209
ROUND 2354 A#3 and B#47 = 231.203
ROUND 2355 A#4 and B#47 = 50.9705
ROUND 2356 A#5 and B#47 = 253.857
ROUND 2357 A#6 and B#47 = 254.428
ROUND 2358 A#7 and B#47 = 245.155
ROUND 2359 A#8 and B#47 = 245.372
ROUND 2360 A#9 and B#47 = 245.162
ROUND 2361 A#10 and B#47 = 268.71
ROUND 2362 A#11 and B#47 = 247.779
ROUND 2363 A#12 and B#47 = 240.788
ROUND 2364 A#13 and B#47 = 251.641
ROUND 2365 A#14 and B#47 = 252.146
ROUND 2366 A#15 and B#47 = 249.161
ROUND 2367 A#16 and B#47 = 250.152
ROUND 2368 A#17 and B#47 = 257.856
ROUND 2369 A#18 and B#47 = 257.901
ROUND 2370 A#19 and B#47 = 253.773
ROUND 2371 A#20 and B#47 = -25.5496
ROUND 2372 A#21 and B#47 = 208.603
ROUND 2373 A#22 and B#47 = 258.982
ROUND 2374 A#23 and B#47 = 260.561
ROUND 2375 A#24 and B#47 = 250.157
ROUND 2376 A#25 and B#47 = 257.204
ROUND 2377 A#26 and B#47 = 257.345
ROUND 2378 A#27 and B#47 = 242.369
ROUND 2379 A#28 and B#47 = 249.994
ROUND 2380 A#29 and B#47 = 256.315
ROUND 2381 A#30 and B#47 = 133.486
ROUND 2382 A#31 and B#47 = 244.945
ROUND 2383 A#32 and B#47 = 247.547
ROUND 2384 A#33 and B#47 = 256.846
ROUND 2385 A#34 and B#47 = 250.608
ROUND 2386 A#35 and B#47 = 253.02
ROUND 2387 A#36 and B#47 = 253.414
ROUND 2388 A#37 and B#47 = 248.337
ROUND 2389 A#38 and B#47 = 237.439
ROUND 2390 A#39 and B#47 = 59.8116
ROUND 2391 A#40 and B#47 = 253.444
ROUND 2392 A#41 and B#47 = 265.094
ROUND 2393 A#42 and B#47 = 247.547
ROUND 2394 A#43 and B#47 = 254.73
ROUND 2395 A#44 and B#47 = 70.3506
ROUND 2396 A#45 and B#47 = 248.524
ROUND 2397 A#46 and B#47 = 248.613
ROUND 2398 A#47 and B#47 = 271.479
ROUND 2399 A#48 and B#47 = 265.987
ROUND 2400 A#49 and B#47 = 280.96
ROUND 2401 A#0 and B#48 = 261.07
ROUND 2402 A#1 and B#48 = 235.744
ROUND 2403 A#2 and B#48 = 250.123
ROUND 2404 A#3 and B#48 = 250.591
ROUND 2405 A#4 and B#48 = 50.188
ROUND 2406 A#5 and B#48 = 259.31
ROUND 2407 A#6 and B#48 = 210.142
ROUND 2408 A#7 and B#48 = 256.572
ROUND 2409 A#8 and B#48 = 256.818
ROUND 2410 A#9 and B#48 = 256.411
ROUND 2411 A#10 and B#48 = 203.875
ROUND 2412 A#11 and B#48 = 212.03
ROUND 2413 A#12 and B#48 = 260.469
ROUND 2414 A#13 and B#48 = 250.541
ROUND 2415 A#14 and B#48 = 251.827
ROUND 2416 A#15 and B#48 = 257.654
ROUND 2417 A#16 and B#48 = 257.892
ROUND 2418 A#17 and B#48 = 250.524
ROUND 2419 A#18 and B#48 = 250.614
ROUND 2420 A#19 and B#48 = 254.115
ROUND 2421 A#20 and B#48 = 225.71
ROUND 2422 A#21 and B#48 = 214.322
ROUND 2423 A#22 and B#48 = 253.165
ROUND 2424 A#23 and B#48 = 250.233
ROUND 2425 A#24 and B#48 = 192.301
ROUND 2426 A#25 and B#48 = 256.289
ROUND 2427 A#26 and B#48 = 255.993
ROUND 2428 A#27 and B#48 = 233.853
ROUND 2429 A#28 and B#48 = 250.92
ROUND 2430 A#29 and B#48 = 254.271
ROUND 2431 A#30 and B#48 = 132.311
ROUND 2432 A#31 and B#48 = 247.152
ROUND 2433 A#32 and B#48 = 253.928
ROUND 2434 A#33 and B#48 = 250.727
ROUND 2435 A#34 and B#48 = 256.506
ROUND 2436 A#35 and B#48 = 255.35
ROUND 2437 A#36 and B#48 = 256.752
ROUND 2438 A#37 and B#48 = 256.969
ROUND 2439 A#38 and B#48 = 198.949
ROUND 2440 A#39 and B#48 = 58.8256
ROUND 2441 A#40 and B#48 = 256.494
ROUND 2442 A#41 and B#48 = 191.117
ROUND 2443 A#42 and B#48 = 265.483
ROUND 2444 A#43 and B#48 = 243.891
ROUND 2445 A#44 and B#48 = 67.7628
ROUND 2446 A#45 and B#48 = 244.075
ROUND 2447 A#46 and B#48 = 247.217
ROUND 2448 A#47 and B#48 = 268.956
ROUND 2449 A#48 and B#48 = 266.159
ROUND 2450 A#49 and B#48 = 294.97
ROUND 2451 A#0 and B#49 = 218.392
ROUND 2452 A#1 and B#49 = 251.427
ROUND 2453 A#2 and B#49 = 214.33
ROUND 2454 A#3 and B#49 = 267.571
ROUND 2455 A#4 and B#49 = 218.922
ROUND 2456 A#5 and B#49 = 218.527
ROUND 2457 A#6 and B#49 = 218.824
ROUND 2458 A#7 and B#49 = 219.093
ROUND 2459 A#8 and B#49 = 219.073
ROUND 2460 A#9 and B#49 = 219.082
ROUND 2461 A#10 and B#49 = 239.48
ROUND 2462 A#11 and B#49 = 148.805
ROUND 2463 A#12 and B#49 = 214.42
ROUND 2464 A#13 and B#49 = 251.676
ROUND 2465 A#14 and B#49 = 213.813
ROUND 2466 A#15 and B#49 = 259.594
ROUND 2467 A#16 and B#49 = 246.697
ROUND 2468 A#17 and B#49 = 246.826
ROUND 2469 A#18 and B#49 = 246.941
ROUND 2470 A#19 and B#49 = 268.211
ROUND 2471 A#20 and B#49 = 131.859
ROUND 2472 A#21 and B#49 = 244.074
ROUND 2473 A#22 and B#49 = 176.878
ROUND 2474 A#23 and B#49 = 246.909
ROUND 2475 A#24 and B#49 = 246.797
ROUND 2476 A#25 and B#49 = 215.81
ROUND 2477 A#26 and B#49 = 215.761
ROUND 2478 A#27 and B#49 = 255.548
ROUND 2479 A#28 and B#49 = 242.027
ROUND 2480 A#29 and B#49 = 215.149
ROUND 2481 A#30 and B#49 = 132.053
ROUND 2482 A#31 and B#49 = 145.616
ROUND 2483 A#32 and B#49 = 222.546
ROUND 2484 A#33 and B#49 = 92.3088
ROUND 2485 A#34 and B#49 = 266.097
ROUND 2486 A#35 and B#49 = 146.095
ROUND 2487 A#36 and B#49 = 130.615
ROUND 2488 A#37 and B#49 = 143.041
ROUND 2489 A#38 and B#49 = 90.4016
ROUND 2490 A#39 and B#49 = 245.75
ROUND 2491 A#40 and B#49 = 123.501
ROUND 2492 A#41 and B#49 = 105.72
ROUND 2493 A#42 and B#49 = 148.388
ROUND 2494 A#43 and B#49 = 275.723
ROUND 2495 A#44 and B#49 = 245.115
ROUND 2496 A#45 and B#49 = 241.335
ROUND 2497 A#46 and B#49 = 236.472
ROUND 2498 A#47 and B#49 = 136.749
ROUND 2499 A#48 and B#49 = 115.852
ROUND 2500 A#49 and B#49 = 210.439

The best overlap is between conformer A#42 and B#43, which, after PCA followed by Steepest Descent, produces a volume overlap of 299.805
Tanimoto (Hodgkin) similarity index: 0.350832

Saving those best conformers to file...
WRITING MOLECULE TO FILE '../ALL_PAIRS_BQ123_AS_REFERENCE/ROKS3/BQ123-Nebentan.mol2' (WILL OVERWRITE EXISTING FILE IF ANY)...
WRITING MOLECULE TO FILE '../ALL_PAIRS_BQ123_AS_REFERENCE/ROKS3/BQ123-Nebentan.mol2'...
