Finished importing molecules
WARNING: LAPACK DSYEV() RETURNED NON-ZERO ERROR CODE 2
WARNING: LAPACK DSYEV() RETURNED NON-ZERO ERROR CODE 3
WARNING: LAPACK DSYEV() RETURNED NON-ZERO ERROR CODE 3
WARNING: LAPACK DSYEV() RETURNED NON-ZERO ERROR CODE 2
WARNING: LAPACK DSYEV() RETURNED NON-ZERO ERROR CODE 3
WARNING: LAPACK DSYEV() RETURNED NON-ZERO ERROR CODE 2
WARNING: LAPACK DSYEV() RETURNED NON-ZERO ERROR CODE 3
WARNING: LAPACK DSYEV() RETURNED NON-ZERO ERROR CODE 3
WARNING: LAPACK DSYEV() RETURNED NON-ZERO ERROR CODE 2
WARNING: LAPACK DSYEV() RETURNED NON-ZERO ERROR CODE 3
WARNING: LAPACK DSYEV() RETURNED NON-ZERO ERROR CODE 3
WARNING: LAPACK DSYEV() RETURNED NON-ZERO ERROR CODE 2
WARNING: LAPACK DSYEV() RETURNED NON-ZERO ERROR CODE 3
WARNING: LAPACK DSYEV() RETURNED NON-ZERO ERROR CODE 3
WARNING: LAPACK DSYEV() RETURNED NON-ZERO ERROR CODE 3
WARNING: LAPACK DSYEV() RETURNED NON-ZERO ERROR CODE 3
WARNING: LAPACK DSYEV() RETURNED NON-ZERO ERROR CODE 2
WARNING: LAPACK DSYEV() RETURNED NON-ZERO ERROR CODE 3
WARNING: LAPACK DSYEV() RETURNED NON-ZERO ERROR CODE 3
WARNING: LAPACK DSYEV() RETURNED NON-ZERO ERROR CODE 3
WARNING: LAPACK DSYEV() RETURNED NON-ZERO ERROR CODE 3
WARNING: LAPACK DSYEV() RETURNED NON-ZERO ERROR CODE 3
WARNING: LAPACK DSYEV() RETURNED NON-ZERO ERROR CODE 2
WARNING: LAPACK DSYEV() RETURNED NON-ZERO ERROR CODE 3
WARNING: LAPACK DSYEV() RETURNED NON-ZERO ERROR CODE 3
WARNING: LAPACK DSYEV() RETURNED NON-ZERO ERROR CODE 3
WARNING: LAPACK DSYEV() RETURNED NON-ZERO ERROR CODE 2
WARNING: LAPACK DSYEV() RETURNED NON-ZERO ERROR CODE 3
WARNING: LAPACK DSYEV() RETURNED NON-ZERO ERROR CODE 2
WARNING: LAPACK DSYEV() RETURNED NON-ZERO ERROR CODE 3
WARNING: LAPACK DSYEV() RETURNED NON-ZERO ERROR CODE 3
WARNING: LAPACK DSYEV() RETURNED NON-ZERO ERROR CODE 3
WARNING: LAPACK DSYEV() RETURNED NON-ZERO ERROR CODE 2
WARNING: LAPACK DSYEV() RETURNED NON-ZERO ERROR CODE 2
WARNING: LAPACK DSYEV() RETURNED NON-ZERO ERROR CODE 3
WARNING: LAPACK DSYEV() RETURNED NON-ZERO ERROR CODE 3
WARNING: LAPACK DSYEV() RETURNED NON-ZERO ERROR CODE 3
WARNING: LAPACK DSYEV() RETURNED NON-ZERO ERROR CODE 3
WARNING: LAPACK DSYEV() RETURNED NON-ZERO ERROR CODE 3
WARNING: LAPACK DSYEV() RETURNED NON-ZERO ERROR CODE 2
WARNING: LAPACK DSYEV() RETURNED NON-ZERO ERROR CODE 2
WARNING: LAPACK DSYEV() RETURNED NON-ZERO ERROR CODE 3
WARNING: LAPACK DSYEV() RETURNED NON-ZERO ERROR CODE 3
WARNING: LAPACK DSYEV() RETURNED NON-ZERO ERROR CODE 2
WARNING: LAPACK DSYEV() RETURNED NON-ZERO ERROR CODE 3
WARNING: LAPACK DSYEV() RETURNED NON-ZERO ERROR CODE 3
WARNING: LAPACK DSYEV() RETURNED NON-ZERO ERROR CODE 2
WARNING: LAPACK DSYEV() RETURNED NON-ZERO ERROR CODE 3
WARNING: LAPACK DSYEV() RETURNED NON-ZERO ERROR CODE 3
WARNING: LAPACK DSYEV() RETURNED NON-ZERO ERROR CODE 3
WARNING: LAPACK DSYEV() RETURNED NON-ZERO ERROR CODE 2
WARNING: LAPACK DSYEV() RETURNED NON-ZERO ERROR CODE 3
WARNING: LAPACK DSYEV() RETURNED NON-ZERO ERROR CODE 3
WARNING: LAPACK DSYEV() RETURNED NON-ZERO ERROR CODE 2
WARNING: LAPACK DSYEV() RETURNED NON-ZERO ERROR CODE 3
WARNING: LAPACK DSYEV() RETURNED NON-ZERO ERROR CODE 2
WARNING: LAPACK DSYEV() RETURNED NON-ZERO ERROR CODE 2
WARNING: LAPACK DSYEV() RETURNED NON-ZERO ERROR CODE 3
WARNING: LAPACK DSYEV() RETURNED NON-ZERO ERROR CODE 3
WARNING: LAPACK DSYEV() RETURNED NON-ZERO ERROR CODE 3
WARNING: LAPACK DSYEV() RETURNED NON-ZERO ERROR CODE 2
WARNING: LAPACK DSYEV() RETURNED NON-ZERO ERROR CODE 3
WARNING: LAPACK DSYEV() RETURNED NON-ZERO ERROR CODE 2
WARNING: LAPACK DSYEV() RETURNED NON-ZERO ERROR CODE 3
WARNING: LAPACK DSYEV() RETURNED NON-ZERO ERROR CODE 2
WARNING: LAPACK DSYEV() RETURNED NON-ZERO ERROR CODE 2
WARNING: LAPACK DSYEV() RETURNED NON-ZERO ERROR CODE 3
WARNING: LAPACK DSYEV() RETURNED NON-ZERO ERROR CODE 2
WARNING: LAPACK DSYEV() RETURNED NON-ZERO ERROR CODE 2
WARNING: LAPACK DSYEV() RETURNED NON-ZERO ERROR CODE 3
WARNING: LAPACK DSYEV() RETURNED NON-ZERO ERROR CODE 2
WARNING: LAPACK DSYEV() RETURNED NON-ZERO ERROR CODE 3
WARNING: LAPACK DSYEV() RETURNED NON-ZERO ERROR CODE 3
WARNING: LAPACK DSYEV() RETURNED NON-ZERO ERROR CODE 3
WARNING: LAPACK DSYEV() RETURNED NON-ZERO ERROR CODE 3
WARNING: LAPACK DSYEV() RETURNED NON-ZERO ERROR CODE 3
WARNING: LAPACK DSYEV() RETURNED NON-ZERO ERROR CODE 2
WARNING: LAPACK DSYEV() RETURNED NON-ZERO ERROR CODE 3
WARNING: LAPACK DSYEV() RETURNED NON-ZERO ERROR CODE 3
WARNING: LAPACK DSYEV() RETURNED NON-ZERO ERROR CODE 3
WARNING: LAPACK DSYEV() RETURNED NON-ZERO ERROR CODE 2
WARNING: LAPACK DSYEV() RETURNED NON-ZERO ERROR CODE 3
WARNING: LAPACK DSYEV() RETURNED NON-ZERO ERROR CODE 2
WARNING: LAPACK DSYEV() RETURNED NON-ZERO ERROR CODE 3
WARNING: LAPACK DSYEV() RETURNED NON-ZERO ERROR CODE 2
WARNING: LAPACK DSYEV() RETURNED NON-ZERO ERROR CODE 3
WARNING: LAPACK DSYEV() RETURNED NON-ZERO ERROR CODE 3
WARNING: LAPACK DSYEV() RETURNED NON-ZERO ERROR CODE 2
WARNING: LAPACK DSYEV() RETURNED NON-ZERO ERROR CODE 2
WARNING: LAPACK DSYEV() RETURNED NON-ZERO ERROR CODE 3
WARNING: LAPACK DSYEV() RETURNED NON-ZERO ERROR CODE 3
WARNING: LAPACK DSYEV() RETURNED NON-ZERO ERROR CODE 3
WARNING: LAPACK DSYEV() RETURNED NON-ZERO ERROR CODE 3
WARNING: LAPACK DSYEV() RETURNED NON-ZERO ERROR CODE 3
WARNING: LAPACK DSYEV() RETURNED NON-ZERO ERROR CODE 2
WARNING: LAPACK DSYEV() RETURNED NON-ZERO ERROR CODE 2
WARNING: LAPACK DSYEV() RETURNED NON-ZERO ERROR CODE 2
WARNING: LAPACK DSYEV() RETURNED NON-ZERO ERROR CODE 2
WARNING: LAPACK DSYEV() RETURNED NON-ZERO ERROR CODE 2
WARNING: LAPACK DSYEV() RETURNED NON-ZERO ERROR CODE 3
Finished setting up data; running search...
ROUND 1 A#0 and B#0 = 227.464
ROUND 2 A#1 and B#0 = 240.425
ROUND 3 A#2 and B#0 = 168.521
ROUND 4 A#3 and B#0 = 181.415
ROUND 5 A#4 and B#0 = 289.054
ROUND 6 A#5 and B#0 = 218.714
ROUND 7 A#6 and B#0 = 249.629
ROUND 8 A#7 and B#0 = 280.879
ROUND 9 A#8 and B#0 = 191.365
ROUND 10 A#9 and B#0 = 337.73
ROUND 11 A#10 and B#0 = 246.137
ROUND 12 A#11 and B#0 = 185.747
ROUND 13 A#12 and B#0 = 240.467
ROUND 14 A#13 and B#0 = 238.738
ROUND 15 A#14 and B#0 = 310.754
ROUND 16 A#15 and B#0 = 250.349
ROUND 17 A#16 and B#0 = 128.575
ROUND 18 A#17 and B#0 = 248.2
ROUND 19 A#18 and B#0 = 285.847
ROUND 20 A#19 and B#0 = 314.606
ROUND 21 A#20 and B#0 = 324.179
ROUND 22 A#21 and B#0 = 271.184
ROUND 23 A#22 and B#0 = 207.142
ROUND 24 A#23 and B#0 = 242.926
ROUND 25 A#24 and B#0 = 226.331
ROUND 26 A#25 and B#0 = 159.058
ROUND 27 A#26 and B#0 = 186.408
ROUND 28 A#27 and B#0 = 241.991
ROUND 29 A#28 and B#0 = 231.122
ROUND 30 A#29 and B#0 = 245.721
ROUND 31 A#30 and B#0 = 288.64
ROUND 32 A#31 and B#0 = 266.503
ROUND 33 A#32 and B#0 = 205.649
ROUND 34 A#33 and B#0 = 229.47
ROUND 35 A#34 and B#0 = 292.779
ROUND 36 A#35 and B#0 = 286.223
ROUND 37 A#36 and B#0 = 292.694
ROUND 38 A#37 and B#0 = 245.837
ROUND 39 A#38 and B#0 = 266.87
ROUND 40 A#39 and B#0 = 185.215
ROUND 41 A#40 and B#0 = 232.909
ROUND 42 A#41 and B#0 = 214.678
ROUND 43 A#42 and B#0 = 251.773
ROUND 44 A#43 and B#0 = 249.685
ROUND 45 A#44 and B#0 = 305.433
ROUND 46 A#45 and B#0 = 319.037
ROUND 47 A#46 and B#0 = 122.629
ROUND 48 A#47 and B#0 = 301.279
ROUND 49 A#48 and B#0 = 306.402
ROUND 50 A#49 and B#0 = 308.552
ROUND 51 A#0 and B#1 = 239.937
ROUND 52 A#1 and B#1 = 162.985
ROUND 53 A#2 and B#1 = 150.095
ROUND 54 A#3 and B#1 = 187.493
ROUND 55 A#4 and B#1 = 266.335
ROUND 56 A#5 and B#1 = 229.368
ROUND 57 A#6 and B#1 = 184.06
ROUND 58 A#7 and B#1 = 228.798
ROUND 59 A#8 and B#1 = 308.674
ROUND 60 A#9 and B#1 = 337.36
ROUND 61 A#10 and B#1 = 184.067
ROUND 62 A#11 and B#1 = 305.641
ROUND 63 A#12 and B#1 = 240.591
ROUND 64 A#13 and B#1 = 160.812
ROUND 65 A#14 and B#1 = 316.038
ROUND 66 A#15 and B#1 = 229.663
ROUND 67 A#16 and B#1 = 305.357
ROUND 68 A#17 and B#1 = 177.367
ROUND 69 A#18 and B#1 = 265.801
ROUND 70 A#19 and B#1 = 141.133
ROUND 71 A#20 and B#1 = 253.687
ROUND 72 A#21 and B#1 = 269.602
ROUND 73 A#22 and B#1 = 294.639
ROUND 74 A#23 and B#1 = 192.464
ROUND 75 A#24 and B#1 = 247.951
ROUND 76 A#25 and B#1 = 154.546
ROUND 77 A#26 and B#1 = 305.516
ROUND 78 A#27 and B#1 = 237.285
ROUND 79 A#28 and B#1 = 305.395
ROUND 80 A#29 and B#1 = 226.948
ROUND 81 A#30 and B#1 = 270.419
ROUND 82 A#31 and B#1 = 191.351
ROUND 83 A#32 and B#1 = 333.599
ROUND 84 A#33 and B#1 = 243.419
ROUND 85 A#34 and B#1 = 234.446
ROUND 86 A#35 and B#1 = 269.747
ROUND 87 A#36 and B#1 = 294.792
ROUND 88 A#37 and B#1 = 236.806
ROUND 89 A#38 and B#1 = 258.186
ROUND 90 A#39 and B#1 = 307.473
ROUND 91 A#40 and B#1 = 177.809
ROUND 92 A#41 and B#1 = 343.798
ROUND 93 A#42 and B#1 = 194.498
ROUND 94 A#43 and B#1 = 302.604
ROUND 95 A#44 and B#1 = 240.427
ROUND 96 A#45 and B#1 = 234.992
ROUND 97 A#46 and B#1 = 304.27
ROUND 98 A#47 and B#1 = 206.828
ROUND 99 A#48 and B#1 = 312.078
ROUND 100 A#49 and B#1 = 314.881
ROUND 101 A#0 and B#2 = 239.657
ROUND 102 A#1 and B#2 = 275.478
ROUND 103 A#2 and B#2 = 142.536
ROUND 104 A#3 and B#2 = 188.136
ROUND 105 A#4 and B#2 = 272.259
ROUND 106 A#5 and B#2 = 229.039
ROUND 107 A#6 and B#2 = 240.512
ROUND 108 A#7 and B#2 = 227.862
ROUND 109 A#8 and B#2 = 311.144
ROUND 110 A#9 and B#2 = 337.392
ROUND 111 A#10 and B#2 = 185.789
ROUND 112 A#11 and B#2 = 310.245
ROUND 113 A#12 and B#2 = 319.9
ROUND 114 A#13 and B#2 = 274.973
ROUND 115 A#14 and B#2 = 316.638
ROUND 116 A#15 and B#2 = 228.247
ROUND 117 A#16 and B#2 = 309.337
ROUND 118 A#17 and B#2 = 239.239
ROUND 119 A#18 and B#2 = 264.928
ROUND 120 A#19 and B#2 = 141.169
ROUND 121 A#20 and B#2 = 252.381
ROUND 122 A#21 and B#2 = 275.201
ROUND 123 A#22 and B#2 = 333.461
ROUND 124 A#23 and B#2 = 194.211
ROUND 125 A#24 and B#2 = 244.694
ROUND 126 A#25 and B#2 = 147.203
ROUND 127 A#26 and B#2 = 309.859
ROUND 128 A#27 and B#2 = 234.795
ROUND 129 A#28 and B#2 = 308.377
ROUND 130 A#29 and B#2 = 225.984
ROUND 131 A#30 and B#2 = 274.001
ROUND 132 A#31 and B#2 = 194.977
ROUND 133 A#32 and B#2 = 331.632
ROUND 134 A#33 and B#2 = 242.911
ROUND 135 A#34 and B#2 = 312.962
ROUND 136 A#35 and B#2 = 273.146
ROUND 137 A#36 and B#2 = 296.058
ROUND 138 A#37 and B#2 = 234.768
ROUND 139 A#38 and B#2 = 256.646
ROUND 140 A#39 and B#2 = 310.725
ROUND 141 A#40 and B#2 = 322.794
ROUND 142 A#41 and B#2 = 343.885
ROUND 143 A#42 and B#2 = 193.759
ROUND 144 A#43 and B#2 = 306.419
ROUND 145 A#44 and B#2 = 238.703
ROUND 146 A#45 and B#2 = 233.304
ROUND 147 A#46 and B#2 = 306.462
ROUND 148 A#47 and B#2 = 311.971
ROUND 149 A#48 and B#2 = 313.695
ROUND 150 A#49 and B#2 = 268.639
ROUND 151 A#0 and B#3 = 256.448
ROUND 152 A#1 and B#3 = 308.27
ROUND 153 A#2 and B#3 = 214.931
ROUND 154 A#3 and B#3 = 178.945
ROUND 155 A#4 and B#3 = 255.286
ROUND 156 A#5 and B#3 = 251.607
ROUND 157 A#6 and B#3 = 203.273
ROUND 158 A#7 and B#3 = 268.383
ROUND 159 A#8 and B#3 = 265.739
ROUND 160 A#9 and B#3 = 111.637
ROUND 161 A#10 and B#3 = 190.669
ROUND 162 A#11 and B#3 = 219.757
ROUND 163 A#12 and B#3 = 159.347
ROUND 164 A#13 and B#3 = 308.216
ROUND 165 A#14 and B#3 = 278.266
ROUND 166 A#15 and B#3 = 239.902
ROUND 167 A#16 and B#3 = 225.824
ROUND 168 A#17 and B#3 = 196.224
ROUND 169 A#18 and B#3 = 266.893
ROUND 170 A#19 and B#3 = 197.908
ROUND 171 A#20 and B#3 = 266.339
ROUND 172 A#21 and B#3 = 307.158
ROUND 173 A#22 and B#3 = 196.37
ROUND 174 A#23 and B#3 = 209.833
ROUND 175 A#24 and B#3 = 168.27
ROUND 176 A#25 and B#3 = 216.619
ROUND 177 A#26 and B#3 = 218.494
ROUND 178 A#27 and B#3 = 165.997
ROUND 179 A#28 and B#3 = 272.182
ROUND 180 A#29 and B#3 = 180.798
ROUND 181 A#30 and B#3 = 264.403
ROUND 182 A#31 and B#3 = 208.985
ROUND 183 A#32 and B#3 = 192.854
ROUND 184 A#33 and B#3 = 226.551
ROUND 185 A#34 and B#3 = 297.469
ROUND 186 A#35 and B#3 = 265.917
ROUND 187 A#36 and B#3 = 301.472
ROUND 188 A#37 and B#3 = 251.626
ROUND 189 A#38 and B#3 = 266.905
ROUND 190 A#39 and B#3 = 227.934
ROUND 191 A#40 and B#3 = 200.397
ROUND 192 A#41 and B#3 = 254.097
ROUND 193 A#42 and B#3 = 189.223
ROUND 194 A#43 and B#3 = 278.443
ROUND 195 A#44 and B#3 = 280.166
ROUND 196 A#45 and B#3 = 187.699
ROUND 197 A#46 and B#3 = 250.542
ROUND 198 A#47 and B#3 = 271.203
ROUND 199 A#48 and B#3 = 279.61
ROUND 200 A#49 and B#3 = 279.267
ROUND 201 A#0 and B#4 = 245.858
ROUND 202 A#1 and B#4 = 146.673
ROUND 203 A#2 and B#4 = 158.971
ROUND 204 A#3 and B#4 = 350.345
ROUND 205 A#4 and B#4 = 142.405
ROUND 206 A#5 and B#4 = 231.841
ROUND 207 A#6 and B#4 = 104.223
ROUND 208 A#7 and B#4 = 271.247
ROUND 209 A#8 and B#4 = 292.675
ROUND 210 A#9 and B#4 = 71.8499
ROUND 211 A#10 and B#4 = 122.869
ROUND 212 A#11 and B#4 = 298
ROUND 213 A#12 and B#4 = 153.896
ROUND 214 A#13 and B#4 = 148.514
ROUND 215 A#14 and B#4 = 176.746
ROUND 216 A#15 and B#4 = 260.639
ROUND 217 A#16 and B#4 = 295.651
ROUND 218 A#17 and B#4 = 100.895
ROUND 219 A#18 and B#4 = 156.896
ROUND 220 A#19 and B#4 = 127.461
ROUND 221 A#20 and B#4 = 157.97
ROUND 222 A#21 and B#4 = 141.629
ROUND 223 A#22 and B#4 = 228.932
ROUND 224 A#23 and B#4 = 107.255
ROUND 225 A#24 and B#4 = 169.275
ROUND 226 A#25 and B#4 = 160.459
ROUND 227 A#26 and B#4 = 298.749
ROUND 228 A#27 and B#4 = 100.6
ROUND 229 A#28 and B#4 = 289.058
ROUND 230 A#29 and B#4 = 98.6997
ROUND 231 A#30 and B#4 = 277.49
ROUND 232 A#31 and B#4 = 121.248
ROUND 233 A#32 and B#4 = 230.022
ROUND 234 A#33 and B#4 = 248.988
ROUND 235 A#34 and B#4 = 218.975
ROUND 236 A#35 and B#4 = 276.814
ROUND 237 A#36 and B#4 = 105.547
ROUND 238 A#37 and B#4 = 265.348
ROUND 239 A#38 and B#4 = 157.232
ROUND 240 A#39 and B#4 = 299.998
ROUND 241 A#40 and B#4 = 197.015
ROUND 242 A#41 and B#4 = 276.203
ROUND 243 A#42 and B#4 = 132.832
ROUND 244 A#43 and B#4 = 289.995
ROUND 245 A#44 and B#4 = 139.077
ROUND 246 A#45 and B#4 = 121.087
ROUND 247 A#46 and B#4 = 297.682
ROUND 248 A#47 and B#4 = 145.234
ROUND 249 A#48 and B#4 = 180.67
ROUND 250 A#49 and B#4 = 178.409
ROUND 251 A#0 and B#5 = 235.348
ROUND 252 A#1 and B#5 = 217.169
ROUND 253 A#2 and B#5 = 221.352
ROUND 254 A#3 and B#5 = 305.304
ROUND 255 A#4 and B#5 = 284.037
ROUND 256 A#5 and B#5 = 239.344
ROUND 257 A#6 and B#5 = 210.058
ROUND 258 A#7 and B#5 = 221.584
ROUND 259 A#8 and B#5 = 202.687
ROUND 260 A#9 and B#5 = 107.193
ROUND 261 A#10 and B#5 = 198.037
ROUND 262 A#11 and B#5 = 213.503
ROUND 263 A#12 and B#5 = 220.19
ROUND 264 A#13 and B#5 = 216.638
ROUND 265 A#14 and B#5 = 252.391
ROUND 266 A#15 and B#5 = 241.153
ROUND 267 A#16 and B#5 = 225.091
ROUND 268 A#17 and B#5 = 200.204
ROUND 269 A#18 and B#5 = 241.901
ROUND 270 A#19 and B#5 = 240.974
ROUND 271 A#20 and B#5 = 250.733
ROUND 272 A#21 and B#5 = 217.021
ROUND 273 A#22 and B#5 = 203.183
ROUND 274 A#23 and B#5 = 216.016
ROUND 275 A#24 and B#5 = 173.543
ROUND 276 A#25 and B#5 = 230.794
ROUND 277 A#26 and B#5 = 212.464
ROUND 278 A#27 and B#5 = 228.46
ROUND 279 A#28 and B#5 = 141.681
ROUND 280 A#29 and B#5 = 235.506
ROUND 281 A#30 and B#5 = 226.833
ROUND 282 A#31 and B#5 = 217.477
ROUND 283 A#32 and B#5 = 199.517
ROUND 284 A#33 and B#5 = 231.245
ROUND 285 A#34 and B#5 = 201.095
ROUND 286 A#35 and B#5 = 225.274
ROUND 287 A#36 and B#5 = 301.32
ROUND 288 A#37 and B#5 = 249.972
ROUND 289 A#38 and B#5 = 252.107
ROUND 290 A#39 and B#5 = 225.191
ROUND 291 A#40 and B#5 = 251.011
ROUND 292 A#41 and B#5 = 257.023
ROUND 293 A#42 and B#5 = 196.26
ROUND 294 A#43 and B#5 = 169.779
ROUND 295 A#44 and B#5 = 215.399
ROUND 296 A#45 and B#5 = 247.883
ROUND 297 A#46 and B#5 = 249.819
ROUND 298 A#47 and B#5 = 245.033
ROUND 299 A#48 and B#5 = 233.007
ROUND 300 A#49 and B#5 = 235.539
ROUND 301 A#0 and B#6 = 128.706
ROUND 302 A#1 and B#6 = 210.52
ROUND 303 A#2 and B#6 = 276.617
ROUND 304 A#3 and B#6 = 284.367
ROUND 305 A#4 and B#6 = 213.66
ROUND 306 A#5 and B#6 = 212.797
ROUND 307 A#6 and B#6 = 100.975
ROUND 308 A#7 and B#6 = 256.93
ROUND 309 A#8 and B#6 = 337.967
ROUND 310 A#9 and B#6 = 150.98
ROUND 311 A#10 and B#6 = 319.842
ROUND 312 A#11 and B#6 = 349.57
ROUND 313 A#12 and B#6 = 218.415
ROUND 314 A#13 and B#6 = 209.008
ROUND 315 A#14 and B#6 = 252.787
ROUND 316 A#15 and B#6 = 217.102
ROUND 317 A#16 and B#6 = 352.682
ROUND 318 A#17 and B#6 = 105.299
ROUND 319 A#18 and B#6 = 232.686
ROUND 320 A#19 and B#6 = 237.461
ROUND 321 A#20 and B#6 = 235.914
ROUND 322 A#21 and B#6 = 207.095
ROUND 323 A#22 and B#6 = 112.603
ROUND 324 A#23 and B#6 = 318.86
ROUND 325 A#24 and B#6 = 85.7888
ROUND 326 A#25 and B#6 = 278.05
ROUND 327 A#26 and B#6 = 348.176
ROUND 328 A#27 and B#6 = 220.74
ROUND 329 A#28 and B#6 = 361.385
ROUND 330 A#29 and B#6 = 253.871
ROUND 331 A#30 and B#6 = 253.287
ROUND 332 A#31 and B#6 = 279.481
ROUND 333 A#32 and B#6 = 111.281
ROUND 334 A#33 and B#6 = 137.293
ROUND 335 A#34 and B#6 = 220.143
ROUND 336 A#35 and B#6 = 251.683
ROUND 337 A#36 and B#6 = 274.296
ROUND 338 A#37 and B#6 = 215.259
ROUND 339 A#38 and B#6 = 231.862
ROUND 340 A#39 and B#6 = 347.293
ROUND 341 A#40 and B#6 = 125.15
ROUND 342 A#41 and B#6 = 213.497
ROUND 343 A#42 and B#6 = 205.107
ROUND 344 A#43 and B#6 = 371.771
ROUND 345 A#44 and B#6 = 285.235
ROUND 346 A#45 and B#6 = 291.574
ROUND 347 A#46 and B#6 = 365.832
ROUND 348 A#47 and B#6 = 315.775
ROUND 349 A#48 and B#6 = 249.929
ROUND 350 A#49 and B#6 = 249.1
ROUND 351 A#0 and B#7 = 238.367
ROUND 352 A#1 and B#7 = 162.535
ROUND 353 A#2 and B#7 = 147.249
ROUND 354 A#3 and B#7 = 185.479
ROUND 355 A#4 and B#7 = 264.224
ROUND 356 A#5 and B#7 = 227.317
ROUND 357 A#6 and B#7 = 180.988
ROUND 358 A#7 and B#7 = 229.998
ROUND 359 A#8 and B#7 = 306.946
ROUND 360 A#9 and B#7 = 336.993
ROUND 361 A#10 and B#7 = 181.455
ROUND 362 A#11 and B#7 = 306.672
ROUND 363 A#12 and B#7 = 240.456
ROUND 364 A#13 and B#7 = 160.341
ROUND 365 A#14 and B#7 = 315.496
ROUND 366 A#15 and B#7 = 230.209
ROUND 367 A#16 and B#7 = 305.723
ROUND 368 A#17 and B#7 = 174.346
ROUND 369 A#18 and B#7 = 267.742
ROUND 370 A#19 and B#7 = 139.605
ROUND 371 A#20 and B#7 = 255.607
ROUND 372 A#21 and B#7 = 160.724
ROUND 373 A#22 and B#7 = 201.676
ROUND 374 A#23 and B#7 = 188.775
ROUND 375 A#24 and B#7 = 247.568
ROUND 376 A#25 and B#7 = 151.785
ROUND 377 A#26 and B#7 = 307.07
ROUND 378 A#27 and B#7 = 237.789
ROUND 379 A#28 and B#7 = 303.637
ROUND 380 A#29 and B#7 = 227.619
ROUND 381 A#30 and B#7 = 270.796
ROUND 382 A#31 and B#7 = 187.739
ROUND 383 A#32 and B#7 = 203.209
ROUND 384 A#33 and B#7 = 242.1
ROUND 385 A#34 and B#7 = 234.972
ROUND 386 A#35 and B#7 = 270.02
ROUND 387 A#36 and B#7 = 292.2
ROUND 388 A#37 and B#7 = 237.143
ROUND 389 A#38 and B#7 = 259.908
ROUND 390 A#39 and B#7 = 310.746
ROUND 391 A#40 and B#7 = 175.141
ROUND 392 A#41 and B#7 = 347.805
ROUND 393 A#42 and B#7 = 192.047
ROUND 394 A#43 and B#7 = 301.662
ROUND 395 A#44 and B#7 = 241.328
ROUND 396 A#45 and B#7 = 235.64
ROUND 397 A#46 and B#7 = 306.819
ROUND 398 A#47 and B#7 = 208.329
ROUND 399 A#48 and B#7 = 312.95
ROUND 400 A#49 and B#7 = 315.273
ROUND 401 A#0 and B#8 = 233.991
ROUND 402 A#1 and B#8 = 207.995
ROUND 403 A#2 and B#8 = 280.163
ROUND 404 A#3 and B#8 = 246.652
ROUND 405 A#4 and B#8 = 294.506
ROUND 406 A#5 and B#8 = 238.511
ROUND 407 A#6 and B#8 = 201.469
ROUND 408 A#7 and B#8 = 312.747
ROUND 409 A#8 and B#8 = 245.596
ROUND 410 A#9 and B#8 = 296.52
ROUND 411 A#10 and B#8 = 174.361
ROUND 412 A#11 and B#8 = 274.439
ROUND 413 A#12 and B#8 = 240.955
ROUND 414 A#13 and B#8 = 293.584
ROUND 415 A#14 and B#8 = 307.951
ROUND 416 A#15 and B#8 = 248.011
ROUND 417 A#16 and B#8 = 267.023
ROUND 418 A#17 and B#8 = 197.271
ROUND 419 A#18 and B#8 = 254.641
ROUND 420 A#19 and B#8 = 265.821
ROUND 421 A#20 and B#8 = 257.978
ROUND 422 A#21 and B#8 = 206.52
ROUND 423 A#22 and B#8 = 258.478
ROUND 424 A#23 and B#8 = 188.909
ROUND 425 A#24 and B#8 = 201.954
ROUND 426 A#25 and B#8 = 287.615
ROUND 427 A#26 and B#8 = 274.186
ROUND 428 A#27 and B#8 = 246.899
ROUND 429 A#28 and B#8 = 278.319
ROUND 430 A#29 and B#8 = 259.491
ROUND 431 A#30 and B#8 = 314.247
ROUND 432 A#31 and B#8 = 132.623
ROUND 433 A#32 and B#8 = 259.561
ROUND 434 A#33 and B#8 = 235.496
ROUND 435 A#34 and B#8 = 308.694
ROUND 436 A#35 and B#8 = 314.179
ROUND 437 A#36 and B#8 = 264.967
ROUND 438 A#37 and B#8 = 242.715
ROUND 439 A#38 and B#8 = 255.241
ROUND 440 A#39 and B#8 = 265.847
ROUND 441 A#40 and B#8 = 221.789
ROUND 442 A#41 and B#8 = 273.969
ROUND 443 A#42 and B#8 = 178.408
ROUND 444 A#43 and B#8 = 285.372
ROUND 445 A#44 and B#8 = 310.582
ROUND 446 A#45 and B#8 = 320.21
ROUND 447 A#46 and B#8 = 278.31
ROUND 448 A#47 and B#8 = 255.944
ROUND 449 A#48 and B#8 = 310.208
ROUND 450 A#49 and B#8 = 308.437
ROUND 451 A#0 and B#9 = 335.181
ROUND 452 A#1 and B#9 = 216.148
ROUND 453 A#2 and B#9 = 283.466
ROUND 454 A#3 and B#9 = 250.84
ROUND 455 A#4 and B#9 = 299.131
ROUND 456 A#5 and B#9 = 241.022
ROUND 457 A#6 and B#9 = 240.083
ROUND 458 A#7 and B#9 = 227.966
ROUND 459 A#8 and B#9 = 246.366
ROUND 460 A#9 and B#9 = 298.637
ROUND 461 A#10 and B#9 = 177.539
ROUND 462 A#11 and B#9 = 262.567
ROUND 463 A#12 and B#9 = 248.363
ROUND 464 A#13 and B#9 = 214.673
ROUND 465 A#14 and B#9 = 309.978
ROUND 466 A#15 and B#9 = 253.825
ROUND 467 A#16 and B#9 = 258.626
ROUND 468 A#17 and B#9 = 240.81
ROUND 469 A#18 and B#9 = 256.786
ROUND 470 A#19 and B#9 = 266.433
ROUND 471 A#20 and B#9 = 257.139
ROUND 472 A#21 and B#9 = 214.321
ROUND 473 A#22 and B#9 = 262.292
ROUND 474 A#23 and B#9 = 190.532
ROUND 475 A#24 and B#9 = 208.122
ROUND 476 A#25 and B#9 = 290.939
ROUND 477 A#26 and B#9 = 263.432
ROUND 478 A#27 and B#9 = 252.949
ROUND 479 A#28 and B#9 = 275.29
ROUND 480 A#29 and B#9 = 264.894
ROUND 481 A#30 and B#9 = 315.806
ROUND 482 A#31 and B#9 = 128.871
ROUND 483 A#32 and B#9 = 263.264
ROUND 484 A#33 and B#9 = 236.976
ROUND 485 A#34 and B#9 = 310.508
ROUND 486 A#35 and B#9 = 315.843
ROUND 487 A#36 and B#9 = 272.306
ROUND 488 A#37 and B#9 = 249.881
ROUND 489 A#38 and B#9 = 255.603
ROUND 490 A#39 and B#9 = 259.993
ROUND 491 A#40 and B#9 = 227.043
ROUND 492 A#41 and B#9 = 218.952
ROUND 493 A#42 and B#9 = 180.311
ROUND 494 A#43 and B#9 = 282.11
ROUND 495 A#44 and B#9 = 312.428
ROUND 496 A#45 and B#9 = 279.278
ROUND 497 A#46 and B#9 = 275.13
ROUND 498 A#47 and B#9 = 263.884
ROUND 499 A#48 and B#9 = 311.997
ROUND 500 A#49 and B#9 = 310.612
ROUND 501 A#0 and B#10 = 231.63
ROUND 502 A#1 and B#10 = 312.376
ROUND 503 A#2 and B#10 = 168.662
ROUND 504 A#3 and B#10 = 184.679
ROUND 505 A#4 and B#10 = 246.75
ROUND 506 A#5 and B#10 = 248.964
ROUND 507 A#6 and B#10 = 202.867
ROUND 508 A#7 and B#10 = 276.138
ROUND 509 A#8 and B#10 = 263.322
ROUND 510 A#9 and B#10 = 111.82
ROUND 511 A#10 and B#10 = 190.104
ROUND 512 A#11 and B#10 = 220.304
ROUND 513 A#12 and B#10 = 157.484
ROUND 514 A#13 and B#10 = 312.415
ROUND 515 A#14 and B#10 = 275.434
ROUND 516 A#15 and B#10 = 172.958
ROUND 517 A#16 and B#10 = 224.494
ROUND 518 A#17 and B#10 = 195.88
ROUND 519 A#18 and B#10 = 271.424
ROUND 520 A#19 and B#10 = 197.689
ROUND 521 A#20 and B#10 = 270.621
ROUND 522 A#21 and B#10 = 311.525
ROUND 523 A#22 and B#10 = 195.977
ROUND 524 A#23 and B#10 = 209.81
ROUND 525 A#24 and B#10 = 167.264
ROUND 526 A#25 and B#10 = 215.414
ROUND 527 A#26 and B#10 = 219.151
ROUND 528 A#27 and B#10 = 163.727
ROUND 529 A#28 and B#10 = 270.747
ROUND 530 A#29 and B#10 = 179.698
ROUND 531 A#30 and B#10 = 268.139
ROUND 532 A#31 and B#10 = 209.21
ROUND 533 A#32 and B#10 = 192.448
ROUND 534 A#33 and B#10 = 226.967
ROUND 535 A#34 and B#10 = 300.59
ROUND 536 A#35 and B#10 = 270.198
ROUND 537 A#36 and B#10 = 302.117
ROUND 538 A#37 and B#10 = 163.207
ROUND 539 A#38 and B#10 = 271.538
ROUND 540 A#39 and B#10 = 228.768
ROUND 541 A#40 and B#10 = 196.899
ROUND 542 A#41 and B#10 = 254.27
ROUND 543 A#42 and B#10 = 189.262
ROUND 544 A#43 and B#10 = 278.806
ROUND 545 A#44 and B#10 = 280.621
ROUND 546 A#45 and B#10 = 186.047
ROUND 547 A#46 and B#10 = 247.07
ROUND 548 A#47 and B#10 = 238.003
ROUND 549 A#48 and B#10 = 279.788
ROUND 550 A#49 and B#10 = 277.934
ROUND 551 A#0 and B#11 = 231.859
ROUND 552 A#1 and B#11 = 275.714
ROUND 553 A#2 and B#11 = 146.518
ROUND 554 A#3 and B#11 = 188.886
ROUND 555 A#4 and B#11 = 270.171
ROUND 556 A#5 and B#11 = 231.563
ROUND 557 A#6 and B#11 = 238.824
ROUND 558 A#7 and B#11 = 229.67
ROUND 559 A#8 and B#11 = 311.272
ROUND 560 A#9 and B#11 = 337.527
ROUND 561 A#10 and B#11 = 185.706
ROUND 562 A#11 and B#11 = 310.295
ROUND 563 A#12 and B#11 = 319.587
ROUND 564 A#13 and B#11 = 275.231
ROUND 565 A#14 and B#11 = 268.177
ROUND 566 A#15 and B#11 = 228.331
ROUND 567 A#16 and B#11 = 309.432
ROUND 568 A#17 and B#11 = 237.734
ROUND 569 A#18 and B#11 = 264.763
ROUND 570 A#19 and B#11 = 140.228
ROUND 571 A#20 and B#11 = 252.047
ROUND 572 A#21 and B#11 = 275.493
ROUND 573 A#22 and B#11 = 333.424
ROUND 574 A#23 and B#11 = 196.017
ROUND 575 A#24 and B#11 = 243.892
ROUND 576 A#25 and B#11 = 151.015
ROUND 577 A#26 and B#11 = 309.921
ROUND 578 A#27 and B#11 = 235.325
ROUND 579 A#28 and B#11 = 308.441
ROUND 580 A#29 and B#11 = 225.74
ROUND 581 A#30 and B#11 = 273.95
ROUND 582 A#31 and B#11 = 196.666
ROUND 583 A#32 and B#11 = 331.622
ROUND 584 A#33 and B#11 = 245.424
ROUND 585 A#34 and B#11 = 233.103
ROUND 586 A#35 and B#11 = 273.123
ROUND 587 A#36 and B#11 = 295.289
ROUND 588 A#37 and B#11 = 235.358
ROUND 589 A#38 and B#11 = 256.887
ROUND 590 A#39 and B#11 = 310.79
ROUND 591 A#40 and B#11 = 322.981
ROUND 592 A#41 and B#11 = 343.731
ROUND 593 A#42 and B#11 = 194.952
ROUND 594 A#43 and B#11 = 306.336
ROUND 595 A#44 and B#11 = 238.26
ROUND 596 A#45 and B#11 = 232.639
ROUND 597 A#46 and B#11 = 306.435
ROUND 598 A#47 and B#11 = 311.756
ROUND 599 A#48 and B#11 = 313.304
ROUND 600 A#49 and B#11 = 267.904
ROUND 601 A#0 and B#12 = 169.092
ROUND 602 A#1 and B#12 = 207.244
ROUND 603 A#2 and B#12 = 251.215
ROUND 604 A#3 and B#12 = 374.595
ROUND 605 A#4 and B#12 = 234.187
ROUND 606 A#5 and B#12 = 180.175
ROUND 607 A#6 and B#12 = 276.808
ROUND 608 A#7 and B#12 = 213.644
ROUND 609 A#8 and B#12 = 142.75
ROUND 610 A#9 and B#12 = 313.243
ROUND 611 A#10 and B#12 = 279.006
ROUND 612 A#11 and B#12 = 64.1051
ROUND 613 A#12 and B#12 = 287.568
ROUND 614 A#13 and B#12 = 205.363
ROUND 615 A#14 and B#12 = 328.737
ROUND 616 A#15 and B#12 = 292.455
ROUND 617 A#16 and B#12 = 268.991
ROUND 618 A#17 and B#12 = 273.405
ROUND 619 A#18 and B#12 = 322.545
ROUND 620 A#19 and B#12 = 333.533
ROUND 621 A#20 and B#12 = 318.515
ROUND 622 A#21 and B#12 = 204.897
ROUND 623 A#22 and B#12 = 137.433
ROUND 624 A#23 and B#12 = 289.526
ROUND 625 A#24 and B#12 = 283.426
ROUND 626 A#25 and B#12 = 226.486
ROUND 627 A#26 and B#12 = 190.979
ROUND 628 A#27 and B#12 = 288.469
ROUND 629 A#28 and B#12 = 152.926
ROUND 630 A#29 and B#12 = 286.296
ROUND 631 A#30 and B#12 = 219.059
ROUND 632 A#31 and B#12 = 295.156
ROUND 633 A#32 and B#12 = 139.766
ROUND 634 A#33 and B#12 = 170.787
ROUND 635 A#34 and B#12 = 297.528
ROUND 636 A#35 and B#12 = 217.86
ROUND 637 A#36 and B#12 = 230.029
ROUND 638 A#37 and B#12 = 288.32
ROUND 639 A#38 and B#12 = 215.743
ROUND 640 A#39 and B#12 = 136.994
ROUND 641 A#40 and B#12 = 361.174
ROUND 642 A#41 and B#12 = 287.551
ROUND 643 A#42 and B#12 = 295.375
ROUND 644 A#43 and B#12 = 174.209
ROUND 645 A#44 and B#12 = 322.364
ROUND 646 A#45 and B#12 = 315.556
ROUND 647 A#46 and B#12 = 267.936
ROUND 648 A#47 and B#12 = 307.585
ROUND 649 A#48 and B#12 = 221.66
ROUND 650 A#49 and B#12 = 328.491
ROUND 651 A#0 and B#13 = 239.431
ROUND 652 A#1 and B#13 = 258.945
ROUND 653 A#2 and B#13 = 260.577
ROUND 654 A#3 and B#13 = 298.363
ROUND 655 A#4 and B#13 = 262.499
ROUND 656 A#5 and B#13 = 180.784
ROUND 657 A#6 and B#13 = 243.868
ROUND 658 A#7 and B#13 = 286.669
ROUND 659 A#8 and B#13 = 211.044
ROUND 660 A#9 and B#13 = 286.603
ROUND 661 A#10 and B#13 = 214.139
ROUND 662 A#11 and B#13 = 228.315
ROUND 663 A#12 and B#13 = 237.222
ROUND 664 A#13 and B#13 = 257.296
ROUND 665 A#14 and B#13 = 288.42
ROUND 666 A#15 and B#13 = 244.997
ROUND 667 A#16 and B#13 = 229.483
ROUND 668 A#17 and B#13 = 241.958
ROUND 669 A#18 and B#13 = 260.03
ROUND 670 A#19 and B#13 = 227.793
ROUND 671 A#20 and B#13 = 263.6
ROUND 672 A#21 and B#13 = 257.08
ROUND 673 A#22 and B#13 = 159.933
ROUND 674 A#23 and B#13 = 241.928
ROUND 675 A#24 and B#13 = 263.358
ROUND 676 A#25 and B#13 = 267.647
ROUND 677 A#26 and B#13 = 228.24
ROUND 678 A#27 and B#13 = 236.371
ROUND 679 A#28 and B#13 = 239.133
ROUND 680 A#29 and B#13 = 246.291
ROUND 681 A#30 and B#13 = 292.503
ROUND 682 A#31 and B#13 = 193.739
ROUND 683 A#32 and B#13 = 160.816
ROUND 684 A#33 and B#13 = 168.545
ROUND 685 A#34 and B#13 = 256.313
ROUND 686 A#35 and B#13 = 291.041
ROUND 687 A#36 and B#13 = 312.341
ROUND 688 A#37 and B#13 = 239.497
ROUND 689 A#38 and B#13 = 261.472
ROUND 690 A#39 and B#13 = 228.242
ROUND 691 A#40 and B#13 = 272.93
ROUND 692 A#41 and B#13 = 227.371
ROUND 693 A#42 and B#13 = 220.887
ROUND 694 A#43 and B#13 = 249.55
ROUND 695 A#44 and B#13 = 304.518
ROUND 696 A#45 and B#13 = 280.422
ROUND 697 A#46 and B#13 = 236.264
ROUND 698 A#47 and B#13 = 327.352
ROUND 699 A#48 and B#13 = 285.864
ROUND 700 A#49 and B#13 = 285.701
ROUND 701 A#0 and B#14 = 257.459
ROUND 702 A#1 and B#14 = 263.676
ROUND 703 A#2 and B#14 = 235.556
ROUND 704 A#3 and B#14 = 182.932
ROUND 705 A#4 and B#14 = 257.524
ROUND 706 A#5 and B#14 = 253.676
ROUND 707 A#6 and B#14 = 213.648
ROUND 708 A#7 and B#14 = 267.521
ROUND 709 A#8 and B#14 = 264.347
ROUND 710 A#9 and B#14 = 120.835
ROUND 711 A#10 and B#14 = 200.134
ROUND 712 A#11 and B#14 = 256.751
ROUND 713 A#12 and B#14 = 175.334
ROUND 714 A#13 and B#14 = 264.679
ROUND 715 A#14 and B#14 = 276.711
ROUND 716 A#15 and B#14 = 269.059
ROUND 717 A#16 and B#14 = 243.522
ROUND 718 A#17 and B#14 = 205.68
ROUND 719 A#18 and B#14 = 266.18
ROUND 720 A#19 and B#14 = 195.782
ROUND 721 A#20 and B#14 = 265.723
ROUND 722 A#21 and B#14 = 266.047
ROUND 723 A#22 and B#14 = 226.447
ROUND 724 A#23 and B#14 = 220.794
ROUND 725 A#24 and B#14 = 178.166
ROUND 726 A#25 and B#14 = 282.829
ROUND 727 A#26 and B#14 = 255.938
ROUND 728 A#27 and B#14 = 261.608
ROUND 729 A#28 and B#14 = 282.274
ROUND 730 A#29 and B#14 = 196.728
ROUND 731 A#30 and B#14 = 263.575
ROUND 732 A#31 and B#14 = 223.07
ROUND 733 A#32 and B#14 = 185.173
ROUND 734 A#33 and B#14 = 210.566
ROUND 735 A#34 and B#14 = 292.014
ROUND 736 A#35 and B#14 = 265.172
ROUND 737 A#36 and B#14 = 241.428
ROUND 738 A#37 and B#14 = 259.378
ROUND 739 A#38 and B#14 = 266.163
ROUND 740 A#39 and B#14 = 247.863
ROUND 741 A#40 and B#14 = 202.562
ROUND 742 A#41 and B#14 = 254.291
ROUND 743 A#42 and B#14 = 199.586
ROUND 744 A#43 and B#14 = 298.486
ROUND 745 A#44 and B#14 = 279.029
ROUND 746 A#45 and B#14 = 201.205
ROUND 747 A#46 and B#14 = 265.386
ROUND 748 A#47 and B#14 = 269.581
ROUND 749 A#48 and B#14 = 278.359
ROUND 750 A#49 and B#14 = 277.702
ROUND 751 A#0 and B#15 = 122.351
ROUND 752 A#1 and B#15 = 208.248
ROUND 753 A#2 and B#15 = 274.615
ROUND 754 A#3 and B#15 = 283.165
ROUND 755 A#4 and B#15 = 219.209
ROUND 756 A#5 and B#15 = 213.73
ROUND 757 A#6 and B#15 = 102.433
ROUND 758 A#7 and B#15 = 256.297
ROUND 759 A#8 and B#15 = 341.019
ROUND 760 A#9 and B#15 = 148.595
ROUND 761 A#10 and B#15 = 322.026
ROUND 762 A#11 and B#15 = 353.753
ROUND 763 A#12 and B#15 = 216.71
ROUND 764 A#13 and B#15 = 206.789
ROUND 765 A#14 and B#15 = 252.526
ROUND 766 A#15 and B#15 = 216.119
ROUND 767 A#16 and B#15 = 355.53
ROUND 768 A#17 and B#15 = 107.21
ROUND 769 A#18 and B#15 = 230.588
ROUND 770 A#19 and B#15 = 236.2
ROUND 771 A#20 and B#15 = 233.717
ROUND 772 A#21 and B#15 = 311.928
ROUND 773 A#22 and B#15 = 111.941
ROUND 774 A#23 and B#15 = 318.81
ROUND 775 A#24 and B#15 = 86.6521
ROUND 776 A#25 and B#15 = 277.889
ROUND 777 A#26 and B#15 = 352.242
ROUND 778 A#27 and B#15 = 219.891
ROUND 779 A#28 and B#15 = 365.327
ROUND 780 A#29 and B#15 = 251.892
ROUND 781 A#30 and B#15 = 251.647
ROUND 782 A#31 and B#15 = 278.504
ROUND 783 A#32 and B#15 = 110.299
ROUND 784 A#33 and B#15 = 131.065
ROUND 785 A#34 and B#15 = 218.75
ROUND 786 A#35 and B#15 = 250.108
ROUND 787 A#36 and B#15 = 276.356
ROUND 788 A#37 and B#15 = 213.623
ROUND 789 A#38 and B#15 = 229.814
ROUND 790 A#39 and B#15 = 349.963
ROUND 791 A#40 and B#15 = 124.94
ROUND 792 A#41 and B#15 = 212.903
ROUND 793 A#42 and B#15 = 204.468
ROUND 794 A#43 and B#15 = 375.796
ROUND 795 A#44 and B#15 = 284.192
ROUND 796 A#45 and B#15 = 290.131
ROUND 797 A#46 and B#15 = 368.838
ROUND 798 A#47 and B#15 = 315.061
ROUND 799 A#48 and B#15 = 249.278
ROUND 800 A#49 and B#15 = 248.625
ROUND 801 A#0 and B#16 = 249.828
ROUND 802 A#1 and B#16 = 205.051
ROUND 803 A#2 and B#16 = 183.347
ROUND 804 A#3 and B#16 = 230.235
ROUND 805 A#4 and B#16 = 305.275
ROUND 806 A#5 and B#16 = 191.565
ROUND 807 A#6 and B#16 = 237.161
ROUND 808 A#7 and B#16 = 306.7
ROUND 809 A#8 and B#16 = 290.823
ROUND 810 A#9 and B#16 = 264.062
ROUND 811 A#10 and B#16 = 191.597
ROUND 812 A#11 and B#16 = 289.799
ROUND 813 A#12 and B#16 = 261.681
ROUND 814 A#13 and B#16 = 254.047
ROUND 815 A#14 and B#16 = 304.813
ROUND 816 A#15 and B#16 = 266.034
ROUND 817 A#16 and B#16 = 287.063
ROUND 818 A#17 and B#16 = 237.173
ROUND 819 A#18 and B#16 = 156.029
ROUND 820 A#19 and B#16 = 128.957
ROUND 821 A#20 and B#16 = 156.691
ROUND 822 A#21 and B#16 = 305.573
ROUND 823 A#22 and B#16 = 312.747
ROUND 824 A#23 and B#16 = 216.023
ROUND 825 A#24 and B#16 = 262.287
ROUND 826 A#25 and B#16 = 182.692
ROUND 827 A#26 and B#16 = 289.63
ROUND 828 A#27 and B#16 = 263.892
ROUND 829 A#28 and B#16 = 243.563
ROUND 830 A#29 and B#16 = 96.9552
ROUND 831 A#30 and B#16 = 308.063
ROUND 832 A#31 and B#16 = 197.639
ROUND 833 A#32 and B#16 = 241.953
ROUND 834 A#33 and B#16 = 251.726
ROUND 835 A#34 and B#16 = 117.128
ROUND 836 A#35 and B#16 = 308.513
ROUND 837 A#36 and B#16 = 227.149
ROUND 838 A#37 and B#16 = 271.214
ROUND 839 A#38 and B#16 = 325.671
ROUND 840 A#39 and B#16 = 293.228
ROUND 841 A#40 and B#16 = 231.961
ROUND 842 A#41 and B#16 = 287.943
ROUND 843 A#42 and B#16 = 177.172
ROUND 844 A#43 and B#16 = 241.538
ROUND 845 A#44 and B#16 = 140.581
ROUND 846 A#45 and B#16 = 126.968
ROUND 847 A#46 and B#16 = 288.789
ROUND 848 A#47 and B#16 = 303.45
ROUND 849 A#48 and B#16 = 305.595
ROUND 850 A#49 and B#16 = 306.745
ROUND 851 A#0 and B#17 = 167.529
ROUND 852 A#1 and B#17 = 201.461
ROUND 853 A#2 and B#17 = 215.666
ROUND 854 A#3 and B#17 = 375.773
ROUND 855 A#4 and B#17 = 232.743
ROUND 856 A#5 and B#17 = 179.48
ROUND 857 A#6 and B#17 = 280.818
ROUND 858 A#7 and B#17 = 252.324
ROUND 859 A#8 and B#17 = 114.579
ROUND 860 A#9 and B#17 = 314.217
ROUND 861 A#10 and B#17 = 278.636
ROUND 862 A#11 and B#17 = 115.468
ROUND 863 A#12 and B#17 = 288.73
ROUND 864 A#13 and B#17 = 200.318
ROUND 865 A#14 and B#17 = 330.048
ROUND 866 A#15 and B#17 = 287.869
ROUND 867 A#16 and B#17 = 288.813
ROUND 868 A#17 and B#17 = 276.231
ROUND 869 A#18 and B#17 = 242.618
ROUND 870 A#19 and B#17 = 331.265
ROUND 871 A#20 and B#17 = 284.642
ROUND 872 A#21 and B#17 = 199.433
ROUND 873 A#22 and B#17 = 139
ROUND 874 A#23 and B#17 = 289.092
ROUND 875 A#24 and B#17 = 285.598
ROUND 876 A#25 and B#17 = 243.956
ROUND 877 A#26 and B#17 = 115.568
ROUND 878 A#27 and B#17 = 288.695
ROUND 879 A#28 and B#17 = 153.148
ROUND 880 A#29 and B#17 = 286.057
ROUND 881 A#30 and B#17 = 252.156
ROUND 882 A#31 and B#17 = 292.666
ROUND 883 A#32 and B#17 = 376.828
ROUND 884 A#33 and B#17 = 169.675
ROUND 885 A#34 and B#17 = 297.946
ROUND 886 A#35 and B#17 = 252.013
ROUND 887 A#36 and B#17 = 237.8
ROUND 888 A#37 and B#17 = 288.007
ROUND 889 A#38 and B#17 = 203.727
ROUND 890 A#39 and B#17 = 136.034
ROUND 891 A#40 and B#17 = 363.91
ROUND 892 A#41 and B#17 = 288.392
ROUND 893 A#42 and B#17 = 295.666
ROUND 894 A#43 and B#17 = 158.092
ROUND 895 A#44 and B#17 = 323.005
ROUND 896 A#45 and B#17 = 316.086
ROUND 897 A#46 and B#17 = 286.672
ROUND 898 A#47 and B#17 = 308.409
ROUND 899 A#48 and B#17 = 326.266
ROUND 900 A#49 and B#17 = 329.668
ROUND 901 A#0 and B#18 = 211.006
ROUND 902 A#1 and B#18 = 224.214
ROUND 903 A#2 and B#18 = 173.204
ROUND 904 A#3 and B#18 = 162.039
ROUND 905 A#4 and B#18 = 236.517
ROUND 906 A#5 and B#18 = 206.769
ROUND 907 A#6 and B#18 = 169.261
ROUND 908 A#7 and B#18 = 288.729
ROUND 909 A#8 and B#18 = 193.638
ROUND 910 A#9 and B#18 = 220.928
ROUND 911 A#10 and B#18 = 178.239
ROUND 912 A#11 and B#18 = 201.311
ROUND 913 A#12 and B#18 = 219.656
ROUND 914 A#13 and B#18 = 221.702
ROUND 915 A#14 and B#18 = 303.899
ROUND 916 A#15 and B#18 = 217.28
ROUND 917 A#16 and B#18 = 251.39
ROUND 918 A#17 and B#18 = 253.317
ROUND 919 A#18 and B#18 = 294.965
ROUND 920 A#19 and B#18 = 191.095
ROUND 921 A#20 and B#18 = 295.013
ROUND 922 A#21 and B#18 = 222.163
ROUND 923 A#22 and B#18 = 184.481
ROUND 924 A#23 and B#18 = 172.362
ROUND 925 A#24 and B#18 = 139.548
ROUND 926 A#25 and B#18 = 163.635
ROUND 927 A#26 and B#18 = 201.333
ROUND 928 A#27 and B#18 = 209.759
ROUND 929 A#28 and B#18 = 239.725
ROUND 930 A#29 and B#18 = 217.876
ROUND 931 A#30 and B#18 = 291.282
ROUND 932 A#31 and B#18 = 270.609
ROUND 933 A#32 and B#18 = 183.461
ROUND 934 A#33 and B#18 = 213.79
ROUND 935 A#34 and B#18 = 209.239
ROUND 936 A#35 and B#18 = 291.276
ROUND 937 A#36 and B#18 = 271.09
ROUND 938 A#37 and B#18 = 220.174
ROUND 939 A#38 and B#18 = 294.369
ROUND 940 A#39 and B#18 = 248.04
ROUND 941 A#40 and B#18 = 219.516
ROUND 942 A#41 and B#18 = 303.107
ROUND 943 A#42 and B#18 = 184.812
ROUND 944 A#43 and B#18 = 256.685
ROUND 945 A#44 and B#18 = 298.095
ROUND 946 A#45 and B#18 = 287.784
ROUND 947 A#46 and B#18 = 83.2446
ROUND 948 A#47 and B#18 = 295.249
ROUND 949 A#48 and B#18 = 299.137
ROUND 950 A#49 and B#18 = 301.445
ROUND 951 A#0 and B#19 = 304.281
ROUND 952 A#1 and B#19 = 335.465
ROUND 953 A#2 and B#19 = 161.96
ROUND 954 A#3 and B#19 = 353.301
ROUND 955 A#4 and B#19 = 353.987
ROUND 956 A#5 and B#19 = 303.135
ROUND 957 A#6 and B#19 = 114.381
ROUND 958 A#7 and B#19 = 334.88
ROUND 959 A#8 and B#19 = 304.653
ROUND 960 A#9 and B#19 = 307.478
ROUND 961 A#10 and B#19 = 104.403
ROUND 962 A#11 and B#19 = 311.213
ROUND 963 A#12 and B#19 = 347.941
ROUND 964 A#13 and B#19 = 332.987
ROUND 965 A#14 and B#19 = 331.689
ROUND 966 A#15 and B#19 = 348.906
ROUND 967 A#16 and B#19 = 304.681
ROUND 968 A#17 and B#19 = 108.499
ROUND 969 A#18 and B#19 = 353.634
ROUND 970 A#19 and B#19 = 295.186
ROUND 971 A#20 and B#19 = 363.523
ROUND 972 A#21 and B#19 = 333.856
ROUND 973 A#22 and B#19 = 238.85
ROUND 974 A#23 and B#19 = 83.1957
ROUND 975 A#24 and B#19 = 126.413
ROUND 976 A#25 and B#19 = 311.513
ROUND 977 A#26 and B#19 = 310.68
ROUND 978 A#27 and B#19 = 350.109
ROUND 979 A#28 and B#19 = 298.6
ROUND 980 A#29 and B#19 = 331.72
ROUND 981 A#30 and B#19 = 332.156
ROUND 982 A#31 and B#19 = 97.6892
ROUND 983 A#32 and B#19 = 237.933
ROUND 984 A#33 and B#19 = 302.738
ROUND 985 A#34 and B#19 = 351.974
ROUND 986 A#35 and B#19 = 331.028
ROUND 987 A#36 and B#19 = 396.499
ROUND 988 A#37 and B#19 = 349.732
ROUND 989 A#38 and B#19 = 367.03
ROUND 990 A#39 and B#19 = 300.457
ROUND 991 A#40 and B#19 = 237.249
ROUND 992 A#41 and B#19 = 362.75
ROUND 993 A#42 and B#19 = 107.154
ROUND 994 A#43 and B#19 = 285.356
ROUND 995 A#44 and B#19 = 333.964
ROUND 996 A#45 and B#19 = 333.387
ROUND 997 A#46 and B#19 = 280.292
ROUND 998 A#47 and B#19 = 362.088
ROUND 999 A#48 and B#19 = 328.924
ROUND 1000 A#49 and B#19 = 326.066
ROUND 1001 A#0 and B#20 = 230.247
ROUND 1002 A#1 and B#20 = 315.998
ROUND 1003 A#2 and B#20 = 170.768
ROUND 1004 A#3 and B#20 = 182.825
ROUND 1005 A#4 and B#20 = 266.331
ROUND 1006 A#5 and B#20 = 253.357
ROUND 1007 A#6 and B#20 = 202.623
ROUND 1008 A#7 and B#20 = 278.546
ROUND 1009 A#8 and B#20 = 264.965
ROUND 1010 A#9 and B#20 = 109.638
ROUND 1011 A#10 and B#20 = 190.296
ROUND 1012 A#11 and B#20 = 217.055
ROUND 1013 A#12 and B#20 = 157.092
ROUND 1014 A#13 and B#20 = 316.008
ROUND 1015 A#14 and B#20 = 279.55
ROUND 1016 A#15 and B#20 = 172.741
ROUND 1017 A#16 and B#20 = 222.204
ROUND 1018 A#17 and B#20 = 195.683
ROUND 1019 A#18 and B#20 = 277.611
ROUND 1020 A#19 and B#20 = 197.171
ROUND 1021 A#20 and B#20 = 277.085
ROUND 1022 A#21 and B#20 = 315.065
ROUND 1023 A#22 and B#20 = 194.177
ROUND 1024 A#23 and B#20 = 209.487
ROUND 1025 A#24 and B#20 = 167.345
ROUND 1026 A#25 and B#20 = 215.673
ROUND 1027 A#26 and B#20 = 215.968
ROUND 1028 A#27 and B#20 = 163.275
ROUND 1029 A#28 and B#20 = 268.999
ROUND 1030 A#29 and B#20 = 179.149
ROUND 1031 A#30 and B#20 = 274.699
ROUND 1032 A#31 and B#20 = 208.498
ROUND 1033 A#32 and B#20 = 190.627
ROUND 1034 A#33 and B#20 = 225.505
ROUND 1035 A#34 and B#20 = 303.735
ROUND 1036 A#35 and B#20 = 276.461
ROUND 1037 A#36 and B#20 = 301.154
ROUND 1038 A#37 and B#20 = 162.93
ROUND 1039 A#38 and B#20 = 277.707
ROUND 1040 A#39 and B#20 = 224.851
ROUND 1041 A#40 and B#20 = 243.578
ROUND 1042 A#41 and B#20 = 254.619
ROUND 1043 A#42 and B#20 = 189.298
ROUND 1044 A#43 and B#20 = 276.388
ROUND 1045 A#44 and B#20 = 284.025
ROUND 1046 A#45 and B#20 = 185.379
ROUND 1047 A#46 and B#20 = 246.474
ROUND 1048 A#47 and B#20 = 276.522
ROUND 1049 A#48 and B#20 = 283.208
ROUND 1050 A#49 and B#20 = 281.795
ROUND 1051 A#0 and B#21 = 148.084
ROUND 1052 A#1 and B#21 = 205.056
ROUND 1053 A#2 and B#21 = 144.644
ROUND 1054 A#3 and B#21 = 279.061
ROUND 1055 A#4 and B#21 = 292.615
ROUND 1056 A#5 and B#21 = 146.012
ROUND 1057 A#6 and B#21 = 228.094
ROUND 1058 A#7 and B#21 = 311.659
ROUND 1059 A#8 and B#21 = 314.018
ROUND 1060 A#9 and B#21 = 364.54
ROUND 1061 A#10 and B#21 = 226.19
ROUND 1062 A#11 and B#21 = 311.393
ROUND 1063 A#12 and B#21 = 321.659
ROUND 1064 A#13 and B#21 = 202.639
ROUND 1065 A#14 and B#21 = 326.392
ROUND 1066 A#15 and B#21 = 301.156
ROUND 1067 A#16 and B#21 = 308.656
ROUND 1068 A#17 and B#21 = 300.246
ROUND 1069 A#18 and B#21 = 333.9
ROUND 1070 A#19 and B#21 = 334.004
ROUND 1071 A#20 and B#21 = 325.35
ROUND 1072 A#21 and B#21 = 202.124
ROUND 1073 A#22 and B#21 = 325.769
ROUND 1074 A#23 and B#21 = 227.962
ROUND 1075 A#24 and B#21 = 302.894
ROUND 1076 A#25 and B#21 = 266.342
ROUND 1077 A#26 and B#21 = 315.696
ROUND 1078 A#27 and B#21 = 317.263
ROUND 1079 A#28 and B#21 = 328.532
ROUND 1080 A#29 and B#21 = 309.021
ROUND 1081 A#30 and B#21 = 311.749
ROUND 1082 A#31 and B#21 = 214.779
ROUND 1083 A#32 and B#21 = 317.721
ROUND 1084 A#33 and B#21 = 154.309
ROUND 1085 A#34 and B#21 = 311.67
ROUND 1086 A#35 and B#21 = 311.774
ROUND 1087 A#36 and B#21 = 296.331
ROUND 1088 A#37 and B#21 = 311.997
ROUND 1089 A#38 and B#21 = 321.598
ROUND 1090 A#39 and B#21 = 313.12
ROUND 1091 A#40 and B#21 = 127.353
ROUND 1092 A#41 and B#21 = 341.434
ROUND 1093 A#42 and B#21 = 301.154
ROUND 1094 A#43 and B#21 = 327.604
ROUND 1095 A#44 and B#21 = 319.502
ROUND 1096 A#45 and B#21 = 313.978
ROUND 1097 A#46 and B#21 = 319.542
ROUND 1098 A#47 and B#21 = 316.794
ROUND 1099 A#48 and B#21 = 324.514
ROUND 1100 A#49 and B#21 = 327.43
ROUND 1101 A#0 and B#22 = 212.081
ROUND 1102 A#1 and B#22 = 162.274
ROUND 1103 A#2 and B#22 = 143.033
ROUND 1104 A#3 and B#22 = 224.043
ROUND 1105 A#4 and B#22 = 271.987
ROUND 1106 A#5 and B#22 = 206.687
ROUND 1107 A#6 and B#22 = 122.282
ROUND 1108 A#7 and B#22 = 260.929
ROUND 1109 A#8 and B#22 = 264.689
ROUND 1110 A#9 and B#22 = 97.7349
ROUND 1111 A#10 and B#22 = 135.835
ROUND 1112 A#11 and B#22 = 261.744
ROUND 1113 A#12 and B#22 = 116.741
ROUND 1114 A#13 and B#22 = 253.263
ROUND 1115 A#14 and B#22 = 206.264
ROUND 1116 A#15 and B#22 = 116.239
ROUND 1117 A#16 and B#22 = 261.707
ROUND 1118 A#17 and B#22 = 116.992
ROUND 1119 A#18 and B#22 = 175.28
ROUND 1120 A#19 and B#22 = 146.085
ROUND 1121 A#20 and B#22 = 177.027
ROUND 1122 A#21 and B#22 = 156.874
ROUND 1123 A#22 and B#22 = 177.925
ROUND 1124 A#23 and B#22 = 126.05
ROUND 1125 A#24 and B#22 = 172.919
ROUND 1126 A#25 and B#22 = 143.932
ROUND 1127 A#26 and B#22 = 262.401
ROUND 1128 A#27 and B#22 = 115.82
ROUND 1129 A#28 and B#22 = 274.777
ROUND 1130 A#29 and B#22 = 113.07
ROUND 1131 A#30 and B#22 = 253.85
ROUND 1132 A#31 and B#22 = 136.083
ROUND 1133 A#32 and B#22 = 208.473
ROUND 1134 A#33 and B#22 = 213.754
ROUND 1135 A#34 and B#22 = 280.865
ROUND 1136 A#35 and B#22 = 254.966
ROUND 1137 A#36 and B#22 = 285.218
ROUND 1138 A#37 and B#22 = 113.574
ROUND 1139 A#38 and B#22 = 175.573
ROUND 1140 A#39 and B#22 = 267.857
ROUND 1141 A#40 and B#22 = 176.24
ROUND 1142 A#41 and B#22 = 240.05
ROUND 1143 A#42 and B#22 = 143.108
ROUND 1144 A#43 and B#22 = 257.453
ROUND 1145 A#44 and B#22 = 178.646
ROUND 1146 A#45 and B#22 = 140.078
ROUND 1147 A#46 and B#22 = 263.326
ROUND 1148 A#47 and B#22 = 172.155
ROUND 1149 A#48 and B#22 = 206.028
ROUND 1150 A#49 and B#22 = 204.562
ROUND 1151 A#0 and B#23 = 238.966
ROUND 1152 A#1 and B#23 = 290.96
ROUND 1153 A#2 and B#23 = 158.002
ROUND 1154 A#3 and B#23 = 349.908
ROUND 1155 A#4 and B#23 = 231.395
ROUND 1156 A#5 and B#23 = 160.152
ROUND 1157 A#6 and B#23 = 181.425
ROUND 1158 A#7 and B#23 = 288.408
ROUND 1159 A#8 and B#23 = 290.898
ROUND 1160 A#9 and B#23 = 67.1638
ROUND 1161 A#10 and B#23 = 116.216
ROUND 1162 A#11 and B#23 = 291.578
ROUND 1163 A#12 and B#23 = 296.736
ROUND 1164 A#13 and B#23 = 289.903
ROUND 1165 A#14 and B#23 = 290.195
ROUND 1166 A#15 and B#23 = 256.958
ROUND 1167 A#16 and B#23 = 290.091
ROUND 1168 A#17 and B#23 = 180.523
ROUND 1169 A#18 and B#23 = 152.808
ROUND 1170 A#19 and B#23 = 123.061
ROUND 1171 A#20 and B#23 = 153.886
ROUND 1172 A#21 and B#23 = 291.498
ROUND 1173 A#22 and B#23 = 235.115
ROUND 1174 A#23 and B#23 = 176.036
ROUND 1175 A#24 and B#23 = 176.993
ROUND 1176 A#25 and B#23 = 159.465
ROUND 1177 A#26 and B#23 = 291.92
ROUND 1178 A#27 and B#23 = 258.081
ROUND 1179 A#28 and B#23 = 288.45
ROUND 1180 A#29 and B#23 = 92.3635
ROUND 1181 A#30 and B#23 = 292.098
ROUND 1182 A#31 and B#23 = 114.841
ROUND 1183 A#32 and B#23 = 236.133
ROUND 1184 A#33 and B#23 = 241.982
ROUND 1185 A#34 and B#23 = 117.009
ROUND 1186 A#35 and B#23 = 291.35
ROUND 1187 A#36 and B#23 = 256.872
ROUND 1188 A#37 and B#23 = 261.912
ROUND 1189 A#38 and B#23 = 153.19
ROUND 1190 A#39 and B#23 = 293.161
ROUND 1191 A#40 and B#23 = 327.49
ROUND 1192 A#41 and B#23 = 331.711
ROUND 1193 A#42 and B#23 = 127.763
ROUND 1194 A#43 and B#23 = 286.919
ROUND 1195 A#44 and B#23 = 136.149
ROUND 1196 A#45 and B#23 = 118.719
ROUND 1197 A#46 and B#23 = 290.752
ROUND 1198 A#47 and B#23 = 185.191
ROUND 1199 A#48 and B#23 = 285.766
ROUND 1200 A#49 and B#23 = 289.102
ROUND 1201 A#0 and B#24 = 231.334
ROUND 1202 A#1 and B#24 = 274.779
ROUND 1203 A#2 and B#24 = 131.224
ROUND 1204 A#3 and B#24 = 165.241
ROUND 1205 A#4 and B#24 = 278.979
ROUND 1206 A#5 and B#24 = 211.71
ROUND 1207 A#6 and B#24 = 236.474
ROUND 1208 A#7 and B#24 = 276.802
ROUND 1209 A#8 and B#24 = 313.771
ROUND 1210 A#9 and B#24 = 337.978
ROUND 1211 A#10 and B#24 = 181.305
ROUND 1212 A#11 and B#24 = 313.384
ROUND 1213 A#12 and B#24 = 239.929
ROUND 1214 A#13 and B#24 = 274.282
ROUND 1215 A#14 and B#24 = 318.092
ROUND 1216 A#15 and B#24 = 230.537
ROUND 1217 A#16 and B#24 = 312.462
ROUND 1218 A#17 and B#24 = 235.277
ROUND 1219 A#18 and B#24 = 269.001
ROUND 1220 A#19 and B#24 = 135.193
ROUND 1221 A#20 and B#24 = 255.89
ROUND 1222 A#21 and B#24 = 274.523
ROUND 1223 A#22 and B#24 = 334.429
ROUND 1224 A#23 and B#24 = 195.308
ROUND 1225 A#24 and B#24 = 241.138
ROUND 1226 A#25 and B#24 = 135.943
ROUND 1227 A#26 and B#24 = 313.08
ROUND 1228 A#27 and B#24 = 238.534
ROUND 1229 A#28 and B#24 = 310.588
ROUND 1230 A#29 and B#24 = 229.176
ROUND 1231 A#30 and B#24 = 274.897
ROUND 1232 A#31 and B#24 = 197.74
ROUND 1233 A#32 and B#24 = 332.603
ROUND 1234 A#33 and B#24 = 226.82
ROUND 1235 A#34 and B#24 = 236.451
ROUND 1236 A#35 and B#24 = 274.016
ROUND 1237 A#36 and B#24 = 297.329
ROUND 1238 A#37 and B#24 = 238.485
ROUND 1239 A#38 and B#24 = 260.183
ROUND 1240 A#39 and B#24 = 314.46
ROUND 1241 A#40 and B#24 = 322.46
ROUND 1242 A#41 and B#24 = 344.401
ROUND 1243 A#42 and B#24 = 189.3
ROUND 1244 A#43 and B#24 = 308.634
ROUND 1245 A#44 and B#24 = 240.825
ROUND 1246 A#45 and B#24 = 234.374
ROUND 1247 A#46 and B#24 = 309.526
ROUND 1248 A#47 and B#24 = 313.381
ROUND 1249 A#48 and B#24 = 315.451
ROUND 1250 A#49 and B#24 = 317.729
ROUND 1251 A#0 and B#25 = 231.253
ROUND 1252 A#1 and B#25 = 274.757
ROUND 1253 A#2 and B#25 = 131.274
ROUND 1254 A#3 and B#25 = 165.431
ROUND 1255 A#4 and B#25 = 278.625
ROUND 1256 A#5 and B#25 = 212.066
ROUND 1257 A#6 and B#25 = 236.676
ROUND 1258 A#7 and B#25 = 276.795
ROUND 1259 A#8 and B#25 = 313.617
ROUND 1260 A#9 and B#25 = 337.508
ROUND 1261 A#10 and B#25 = 181.648
ROUND 1262 A#11 and B#25 = 313.273
ROUND 1263 A#12 and B#25 = 239.861
ROUND 1264 A#13 and B#25 = 274.251
ROUND 1265 A#14 and B#25 = 317.92
ROUND 1266 A#15 and B#25 = 230.242
ROUND 1267 A#16 and B#25 = 312.586
ROUND 1268 A#17 and B#25 = 235.404
ROUND 1269 A#18 and B#25 = 268.55
ROUND 1270 A#19 and B#25 = 135.442
ROUND 1271 A#20 and B#25 = 255.566
ROUND 1272 A#21 and B#25 = 274.553
ROUND 1273 A#22 and B#25 = 334.613
ROUND 1274 A#23 and B#25 = 195.511
ROUND 1275 A#24 and B#25 = 241.097
ROUND 1276 A#25 and B#25 = 135.992
ROUND 1277 A#26 and B#25 = 313.07
ROUND 1278 A#27 and B#25 = 238.427
ROUND 1279 A#28 and B#25 = 310.396
ROUND 1280 A#29 and B#25 = 229.005
ROUND 1281 A#30 and B#25 = 274.78
ROUND 1282 A#31 and B#25 = 197.73
ROUND 1283 A#32 and B#25 = 333.014
ROUND 1284 A#33 and B#25 = 227.02
ROUND 1285 A#34 and B#25 = 236.109
ROUND 1286 A#35 and B#25 = 273.932
ROUND 1287 A#36 and B#25 = 297.441
ROUND 1288 A#37 and B#25 = 238.3
ROUND 1289 A#38 and B#25 = 259.833
ROUND 1290 A#39 and B#25 = 314.794
ROUND 1291 A#40 and B#25 = 323.214
ROUND 1292 A#41 and B#25 = 344.445
ROUND 1293 A#42 and B#25 = 189.512
ROUND 1294 A#43 and B#25 = 308.573
ROUND 1295 A#44 and B#25 = 240.751
ROUND 1296 A#45 and B#25 = 234.449
ROUND 1297 A#46 and B#25 = 309.679
ROUND 1298 A#47 and B#25 = 313.115
ROUND 1299 A#48 and B#25 = 315.005
ROUND 1300 A#49 and B#25 = 317.37
ROUND 1301 A#0 and B#26 = 209.253
ROUND 1302 A#1 and B#26 = 229.757
ROUND 1303 A#2 and B#26 = 235.766
ROUND 1304 A#3 and B#26 = 177.955
ROUND 1305 A#4 and B#26 = 287.673
ROUND 1306 A#5 and B#26 = 212.925
ROUND 1307 A#6 and B#26 = 176.212
ROUND 1308 A#7 and B#26 = 225.04
ROUND 1309 A#8 and B#26 = 220.934
ROUND 1310 A#9 and B#26 = 257.007
ROUND 1311 A#10 and B#26 = 162.329
ROUND 1312 A#11 and B#26 = 189.546
ROUND 1313 A#12 and B#26 = 269.841
ROUND 1314 A#13 and B#26 = 227.221
ROUND 1315 A#14 and B#26 = 258.678
ROUND 1316 A#15 and B#26 = 281.813
ROUND 1317 A#16 and B#26 = 180.173
ROUND 1318 A#17 and B#26 = 171.602
ROUND 1319 A#18 and B#26 = 245.729
ROUND 1320 A#19 and B#26 = 220.302
ROUND 1321 A#20 and B#26 = 258.618
ROUND 1322 A#21 and B#26 = 226.567
ROUND 1323 A#22 and B#26 = 324.668
ROUND 1324 A#23 and B#26 = 170.158
ROUND 1325 A#24 and B#26 = 159.231
ROUND 1326 A#25 and B#26 = 265.236
ROUND 1327 A#26 and B#26 = 186.661
ROUND 1328 A#27 and B#26 = 273.181
ROUND 1329 A#28 and B#26 = 177.355
ROUND 1330 A#29 and B#26 = 277.438
ROUND 1331 A#30 and B#26 = 232.285
ROUND 1332 A#31 and B#26 = 170.927
ROUND 1333 A#32 and B#26 = 193.146
ROUND 1334 A#33 and B#26 = 301.818
ROUND 1335 A#34 and B#26 = 245.073
ROUND 1336 A#35 and B#26 = 232.47
ROUND 1337 A#36 and B#26 = 218.472
ROUND 1338 A#37 and B#26 = 277.528
ROUND 1339 A#38 and B#26 = 257.297
ROUND 1340 A#39 and B#26 = 181.224
ROUND 1341 A#40 and B#26 = 186.281
ROUND 1342 A#41 and B#26 = 265.026
ROUND 1343 A#42 and B#26 = 180.518
ROUND 1344 A#43 and B#26 = 192.223
ROUND 1345 A#44 and B#26 = 255.31
ROUND 1346 A#45 and B#26 = 287.55
ROUND 1347 A#46 and B#26 = 160.966
ROUND 1348 A#47 and B#26 = 250.146
ROUND 1349 A#48 and B#26 = 258.798
ROUND 1350 A#49 and B#26 = 258.421
ROUND 1351 A#0 and B#27 = 305.9
ROUND 1352 A#1 and B#27 = 350.928
ROUND 1353 A#2 and B#27 = 82.4216
ROUND 1354 A#3 and B#27 = 345.085
ROUND 1355 A#4 and B#27 = 358.644
ROUND 1356 A#5 and B#27 = 299.733
ROUND 1357 A#6 and B#27 = 102.333
ROUND 1358 A#7 and B#27 = 352.176
ROUND 1359 A#8 and B#27 = 317.613
ROUND 1360 A#9 and B#27 = 296.462
ROUND 1361 A#10 and B#27 = 194.635
ROUND 1362 A#11 and B#27 = 318.379
ROUND 1363 A#12 and B#27 = 358.736
ROUND 1364 A#13 and B#27 = 348.442
ROUND 1365 A#14 and B#27 = 335.185
ROUND 1366 A#15 and B#27 = 358.923
ROUND 1367 A#16 and B#27 = 314.955
ROUND 1368 A#17 and B#27 = 97.5085
ROUND 1369 A#18 and B#27 = 370.016
ROUND 1370 A#19 and B#27 = 378.144
ROUND 1371 A#20 and B#27 = 378.433
ROUND 1372 A#21 and B#27 = 349.355
ROUND 1373 A#22 and B#27 = 227.885
ROUND 1374 A#23 and B#27 = 48.4448
ROUND 1375 A#24 and B#27 = 115.31
ROUND 1376 A#25 and B#27 = 292.041
ROUND 1377 A#26 and B#27 = 317.204
ROUND 1378 A#27 and B#27 = 356.824
ROUND 1379 A#28 and B#27 = 314.177
ROUND 1380 A#29 and B#27 = 338.798
ROUND 1381 A#30 and B#27 = 348.811
ROUND 1382 A#31 and B#27 = 131.877
ROUND 1383 A#32 and B#27 = 226.353
ROUND 1384 A#33 and B#27 = 304.826
ROUND 1385 A#34 and B#27 = 361.995
ROUND 1386 A#35 and B#27 = 347.988
ROUND 1387 A#36 and B#27 = 416.34
ROUND 1388 A#37 and B#27 = 361.092
ROUND 1389 A#38 and B#27 = 385.692
ROUND 1390 A#39 and B#27 = 316.144
ROUND 1391 A#40 and B#27 = 229.897
ROUND 1392 A#41 and B#27 = 368.898
ROUND 1393 A#42 and B#27 = 117.882
ROUND 1394 A#43 and B#27 = 301.511
ROUND 1395 A#44 and B#27 = 325.115
ROUND 1396 A#45 and B#27 = 328.362
ROUND 1397 A#46 and B#27 = 292.342
ROUND 1398 A#47 and B#27 = 356.485
ROUND 1399 A#48 and B#27 = 333.945
ROUND 1400 A#49 and B#27 = 361.231
ROUND 1401 A#0 and B#28 = 240.788
ROUND 1402 A#1 and B#28 = 317.406
ROUND 1403 A#2 and B#28 = 276.054
ROUND 1404 A#3 and B#28 = 312.932
ROUND 1405 A#4 and B#28 = 252.518
ROUND 1406 A#5 and B#28 = 252.952
ROUND 1407 A#6 and B#28 = 232.798
ROUND 1408 A#7 and B#28 = 308.01
ROUND 1409 A#8 and B#28 = 249.878
ROUND 1410 A#9 and B#28 = 277.349
ROUND 1411 A#10 and B#28 = 202.177
ROUND 1412 A#11 and B#28 = 220.864
ROUND 1413 A#12 and B#28 = 303.627
ROUND 1414 A#13 and B#28 = 318.752
ROUND 1415 A#14 and B#28 = 277.286
ROUND 1416 A#15 and B#28 = 303.693
ROUND 1417 A#16 and B#28 = 220.456
ROUND 1418 A#17 and B#28 = 227.497
ROUND 1419 A#18 and B#28 = 274.467
ROUND 1420 A#19 and B#28 = 223.301
ROUND 1421 A#20 and B#28 = 273.465
ROUND 1422 A#21 and B#28 = 320.941
ROUND 1423 A#22 and B#28 = 242.914
ROUND 1424 A#23 and B#28 = 230.132
ROUND 1425 A#24 and B#28 = 243.481
ROUND 1426 A#25 and B#28 = 268.969
ROUND 1427 A#26 and B#28 = 271.206
ROUND 1428 A#27 and B#28 = 304.348
ROUND 1429 A#28 and B#28 = 270.747
ROUND 1430 A#29 and B#28 = 306.557
ROUND 1431 A#30 and B#28 = 305.817
ROUND 1432 A#31 and B#28 = 176.891
ROUND 1433 A#32 and B#28 = 244.849
ROUND 1434 A#33 and B#28 = 235.643
ROUND 1435 A#34 and B#28 = 283.627
ROUND 1436 A#35 and B#28 = 307.566
ROUND 1437 A#36 and B#28 = 270.779
ROUND 1438 A#37 and B#28 = 303.753
ROUND 1439 A#38 and B#28 = 274.392
ROUND 1440 A#39 and B#28 = 255.125
ROUND 1441 A#40 and B#28 = 255.496
ROUND 1442 A#41 and B#28 = 273.185
ROUND 1443 A#42 and B#28 = 203.393
ROUND 1444 A#43 and B#28 = 283.537
ROUND 1445 A#44 and B#28 = 252.662
ROUND 1446 A#45 and B#28 = 307.275
ROUND 1447 A#46 and B#28 = 265.04
ROUND 1448 A#47 and B#28 = 275.387
ROUND 1449 A#48 and B#28 = 281.566
ROUND 1450 A#49 and B#28 = 280.255
ROUND 1451 A#0 and B#29 = 231.242
ROUND 1452 A#1 and B#29 = 210.277
ROUND 1453 A#2 and B#29 = 281.857
ROUND 1454 A#3 and B#29 = 245.578
ROUND 1455 A#4 and B#29 = 293.494
ROUND 1456 A#5 and B#29 = 235.663
ROUND 1457 A#6 and B#29 = 203.376
ROUND 1458 A#7 and B#29 = 223.234
ROUND 1459 A#8 and B#29 = 250.813
ROUND 1460 A#9 and B#29 = 293.633
ROUND 1461 A#10 and B#29 = 174.377
ROUND 1462 A#11 and B#29 = 273.704
ROUND 1463 A#12 and B#29 = 243.899
ROUND 1464 A#13 and B#29 = 208.913
ROUND 1465 A#14 and B#29 = 306.963
ROUND 1466 A#15 and B#29 = 249.399
ROUND 1467 A#16 and B#29 = 270.367
ROUND 1468 A#17 and B#29 = 199.498
ROUND 1469 A#18 and B#29 = 256.212
ROUND 1470 A#19 and B#29 = 267.202
ROUND 1471 A#20 and B#29 = 258.199
ROUND 1472 A#21 and B#29 = 208.595
ROUND 1473 A#22 and B#29 = 256.777
ROUND 1474 A#23 and B#29 = 190.576
ROUND 1475 A#24 and B#29 = 204.106
ROUND 1476 A#25 and B#29 = 289.246
ROUND 1477 A#26 and B#29 = 273.978
ROUND 1478 A#27 and B#29 = 249.013
ROUND 1479 A#28 and B#29 = 279.752
ROUND 1480 A#29 and B#29 = 261.967
ROUND 1481 A#30 and B#29 = 313.691
ROUND 1482 A#31 and B#29 = 132.665
ROUND 1483 A#32 and B#29 = 257.871
ROUND 1484 A#33 and B#29 = 232.883
ROUND 1485 A#34 and B#29 = 307.709
ROUND 1486 A#35 and B#29 = 313.489
ROUND 1487 A#36 and B#29 = 263.505
ROUND 1488 A#37 and B#29 = 244.635
ROUND 1489 A#38 and B#29 = 255.652
ROUND 1490 A#39 and B#29 = 269.62
ROUND 1491 A#40 and B#29 = 219.882
ROUND 1492 A#41 and B#29 = 271.962
ROUND 1493 A#42 and B#29 = 178.793
ROUND 1494 A#43 and B#29 = 289.06
ROUND 1495 A#44 and B#29 = 309.073
ROUND 1496 A#45 and B#29 = 319.289
ROUND 1497 A#46 and B#29 = 282.505
ROUND 1498 A#47 and B#29 = 257.767
ROUND 1499 A#48 and B#29 = 309.162
ROUND 1500 A#49 and B#29 = 307.773
ROUND 1501 A#0 and B#30 = 161.911
ROUND 1502 A#1 and B#30 = 194.397
ROUND 1503 A#2 and B#30 = 215.553
ROUND 1504 A#3 and B#30 = 374.537
ROUND 1505 A#4 and B#30 = 227.712
ROUND 1506 A#5 and B#30 = 322.866
ROUND 1507 A#6 and B#30 = 281.725
ROUND 1508 A#7 and B#30 = 197.359
ROUND 1509 A#8 and B#30 = 113.863
ROUND 1510 A#9 and B#30 = 313.138
ROUND 1511 A#10 and B#30 = 277.919
ROUND 1512 A#11 and B#30 = 135.079
ROUND 1513 A#12 and B#30 = 287.474
ROUND 1514 A#13 and B#30 = 193.176
ROUND 1515 A#14 and B#30 = 331.704
ROUND 1516 A#15 and B#30 = 289.489
ROUND 1517 A#16 and B#30 = 288.842
ROUND 1518 A#17 and B#30 = 277.391
ROUND 1519 A#18 and B#30 = 243.721
ROUND 1520 A#19 and B#30 = 332.493
ROUND 1521 A#20 and B#30 = 243.396
ROUND 1522 A#21 and B#30 = 192.365
ROUND 1523 A#22 and B#30 = 372.775
ROUND 1524 A#23 and B#30 = 289.97
ROUND 1525 A#24 and B#30 = 284.592
ROUND 1526 A#25 and B#30 = 243.44
ROUND 1527 A#26 and B#30 = 134.786
ROUND 1528 A#27 and B#30 = 287.624
ROUND 1529 A#28 and B#30 = 154.592
ROUND 1530 A#29 and B#30 = 285.159
ROUND 1531 A#30 and B#30 = 231.052
ROUND 1532 A#31 and B#30 = 293.553
ROUND 1533 A#32 and B#30 = 374.141
ROUND 1534 A#33 and B#30 = 164.145
ROUND 1535 A#34 and B#30 = 297.211
ROUND 1536 A#35 and B#30 = 229.494
ROUND 1537 A#36 and B#30 = 232.639
ROUND 1538 A#37 and B#30 = 287.294
ROUND 1539 A#38 and B#30 = 201.491
ROUND 1540 A#39 and B#30 = 138.137
ROUND 1541 A#40 and B#30 = 361.959
ROUND 1542 A#41 and B#30 = 309.749
ROUND 1543 A#42 and B#30 = 294.971
ROUND 1544 A#43 and B#30 = 161.298
ROUND 1545 A#44 and B#30 = 324.522
ROUND 1546 A#45 and B#30 = 317.398
ROUND 1547 A#46 and B#30 = 265.864
ROUND 1548 A#47 and B#30 = 310.216
ROUND 1549 A#48 and B#30 = 328.019
ROUND 1550 A#49 and B#30 = 331.314
ROUND 1551 A#0 and B#31 = 254.104
ROUND 1552 A#1 and B#31 = 223.361
ROUND 1553 A#2 and B#31 = 195.454
ROUND 1554 A#3 and B#31 = 350.297
ROUND 1555 A#4 and B#31 = 235.731
ROUND 1556 A#5 and B#31 = 238.603
ROUND 1557 A#6 and B#31 = 190.396
ROUND 1558 A#7 and B#31 = 290.483
ROUND 1559 A#8 and B#31 = 296.554
ROUND 1560 A#9 and B#31 = 62.6973
ROUND 1561 A#10 and B#31 = 185.596
ROUND 1562 A#11 and B#31 = 293.362
ROUND 1563 A#12 and B#31 = 299.124
ROUND 1564 A#13 and B#31 = 286.285
ROUND 1565 A#14 and B#31 = 293.484
ROUND 1566 A#15 and B#31 = 267.303
ROUND 1567 A#16 and B#31 = 291.922
ROUND 1568 A#17 and B#31 = 190.714
ROUND 1569 A#18 and B#31 = 148.777
ROUND 1570 A#19 and B#31 = 116.972
ROUND 1571 A#20 and B#31 = 149.736
ROUND 1572 A#21 and B#31 = 219.958
ROUND 1573 A#22 and B#31 = 238.987
ROUND 1574 A#23 and B#31 = 171.938
ROUND 1575 A#24 and B#31 = 184.063
ROUND 1576 A#25 and B#31 = 147.69
ROUND 1577 A#26 and B#31 = 292.84
ROUND 1578 A#27 and B#31 = 304.738
ROUND 1579 A#28 and B#31 = 293.018
ROUND 1580 A#29 and B#31 = 77.25
ROUND 1581 A#30 and B#31 = 293.801
ROUND 1582 A#31 and B#31 = 197.367
ROUND 1583 A#32 and B#31 = 240.231
ROUND 1584 A#33 and B#31 = 257.66
ROUND 1585 A#34 and B#31 = 287.693
ROUND 1586 A#35 and B#31 = 293.081
ROUND 1587 A#36 and B#31 = 258.563
ROUND 1588 A#37 and B#31 = 297.899
ROUND 1589 A#38 and B#31 = 149.098
ROUND 1590 A#39 and B#31 = 293.202
ROUND 1591 A#40 and B#31 = 146.823
ROUND 1592 A#41 and B#31 = 329.417
ROUND 1593 A#42 and B#31 = 186.205
ROUND 1594 A#43 and B#31 = 290.352
ROUND 1595 A#44 and B#31 = 130.168
ROUND 1596 A#45 and B#31 = 111.087
ROUND 1597 A#46 and B#31 = 290.061
ROUND 1598 A#47 and B#31 = 136.548
ROUND 1599 A#48 and B#31 = 289.393
ROUND 1600 A#49 and B#31 = 292.699
ROUND 1601 A#0 and B#32 = 164.532
ROUND 1602 A#1 and B#32 = 196.41
ROUND 1603 A#2 and B#32 = 242.587
ROUND 1604 A#3 and B#32 = 374.869
ROUND 1605 A#4 and B#32 = 228.755
ROUND 1606 A#5 and B#32 = 177.141
ROUND 1607 A#6 and B#32 = 274.287
ROUND 1608 A#7 and B#32 = 199.76
ROUND 1609 A#8 and B#32 = 113.877
ROUND 1610 A#9 and B#32 = 313.847
ROUND 1611 A#10 and B#32 = 276.728
ROUND 1612 A#11 and B#32 = 114.244
ROUND 1613 A#12 and B#32 = 288.604
ROUND 1614 A#13 and B#32 = 195.217
ROUND 1615 A#14 and B#32 = 330.935
ROUND 1616 A#15 and B#32 = 289.707
ROUND 1617 A#16 and B#32 = 289.149
ROUND 1618 A#17 and B#32 = 276.553
ROUND 1619 A#18 and B#32 = 243.621
ROUND 1620 A#19 and B#32 = 332.573
ROUND 1621 A#20 and B#32 = 243.41
ROUND 1622 A#21 and B#32 = 194.413
ROUND 1623 A#22 and B#32 = 372.624
ROUND 1624 A#23 and B#32 = 289.824
ROUND 1625 A#24 and B#32 = 284.97
ROUND 1626 A#25 and B#32 = 243.625
ROUND 1627 A#26 and B#32 = 133.784
ROUND 1628 A#27 and B#32 = 288.906
ROUND 1629 A#28 and B#32 = 153.905
ROUND 1630 A#29 and B#32 = 286.225
ROUND 1631 A#30 and B#32 = 231.423
ROUND 1632 A#31 and B#32 = 293.668
ROUND 1633 A#32 and B#32 = 373.941
ROUND 1634 A#33 and B#32 = 166.636
ROUND 1635 A#34 and B#32 = 297.992
ROUND 1636 A#35 and B#32 = 206.611
ROUND 1637 A#36 and B#32 = 230.84
ROUND 1638 A#37 and B#32 = 288.351
ROUND 1639 A#38 and B#32 = 203.011
ROUND 1640 A#39 and B#32 = 137.068
ROUND 1641 A#40 and B#32 = 361.828
ROUND 1642 A#41 and B#32 = 289.525
ROUND 1643 A#42 and B#32 = 293.689
ROUND 1644 A#43 and B#32 = 166.093
ROUND 1645 A#44 and B#32 = 323.728
ROUND 1646 A#45 and B#32 = 316.998
ROUND 1647 A#46 and B#32 = 267.301
ROUND 1648 A#47 and B#32 = 309.421
ROUND 1649 A#48 and B#32 = 327.184
ROUND 1650 A#49 and B#32 = 330.548
ROUND 1651 A#0 and B#33 = 239.926
ROUND 1652 A#1 and B#33 = 295.315
ROUND 1653 A#2 and B#33 = 157.126
ROUND 1654 A#3 and B#33 = 228.953
ROUND 1655 A#4 and B#33 = 230.749
ROUND 1656 A#5 and B#33 = 225.069
ROUND 1657 A#6 and B#33 = 178.705
ROUND 1658 A#7 and B#33 = 286.753
ROUND 1659 A#8 and B#33 = 291.628
ROUND 1660 A#9 and B#33 = 66.2754
ROUND 1661 A#10 and B#33 = 115.637
ROUND 1662 A#11 and B#33 = 292.611
ROUND 1663 A#12 and B#33 = 303.565
ROUND 1664 A#13 and B#33 = 294.566
ROUND 1665 A#14 and B#33 = 287.829
ROUND 1666 A#15 and B#33 = 256.725
ROUND 1667 A#16 and B#33 = 290.81
ROUND 1668 A#17 and B#33 = 178.312
ROUND 1669 A#18 and B#33 = 151.577
ROUND 1670 A#19 and B#33 = 122.018
ROUND 1671 A#20 and B#33 = 152.62
ROUND 1672 A#21 and B#33 = 296.187
ROUND 1673 A#22 and B#33 = 235.847
ROUND 1674 A#23 and B#33 = 96.2456
ROUND 1675 A#24 and B#33 = 174.317
ROUND 1676 A#25 and B#33 = 158.574
ROUND 1677 A#26 and B#33 = 293.172
ROUND 1678 A#27 and B#33 = 257.874
ROUND 1679 A#28 and B#33 = 288.938
ROUND 1680 A#29 and B#33 = 91.1094
ROUND 1681 A#30 and B#33 = 290.829
ROUND 1682 A#31 and B#33 = 113.287
ROUND 1683 A#32 and B#33 = 236.831
ROUND 1684 A#33 and B#33 = 242.909
ROUND 1685 A#34 and B#33 = 115.474
ROUND 1686 A#35 and B#33 = 289.983
ROUND 1687 A#36 and B#33 = 256.968
ROUND 1688 A#37 and B#33 = 261.668
ROUND 1689 A#38 and B#33 = 151.964
ROUND 1690 A#39 and B#33 = 297.133
ROUND 1691 A#40 and B#33 = 185.266
ROUND 1692 A#41 and B#33 = 332.032
ROUND 1693 A#42 and B#33 = 127.113
ROUND 1694 A#43 and B#33 = 287.136
ROUND 1695 A#44 and B#33 = 135.109
ROUND 1696 A#45 and B#33 = 117.77
ROUND 1697 A#46 and B#33 = 292.853
ROUND 1698 A#47 and B#33 = 181.312
ROUND 1699 A#48 and B#33 = 280.474
ROUND 1700 A#49 and B#33 = 286.325
ROUND 1701 A#0 and B#34 = 169.777
ROUND 1702 A#1 and B#34 = 203.415
ROUND 1703 A#2 and B#34 = 221.967
ROUND 1704 A#3 and B#34 = 145.035
ROUND 1705 A#4 and B#34 = 313.006
ROUND 1706 A#5 and B#34 = 248.814
ROUND 1707 A#6 and B#34 = 179.81
ROUND 1708 A#7 and B#34 = 253.948
ROUND 1709 A#8 and B#34 = 238.646
ROUND 1710 A#9 and B#34 = 283.826
ROUND 1711 A#10 and B#34 = 169.29
ROUND 1712 A#11 and B#34 = 237.249
ROUND 1713 A#12 and B#34 = 169.871
ROUND 1714 A#13 and B#34 = 200.433
ROUND 1715 A#14 and B#34 = 265.896
ROUND 1716 A#15 and B#34 = 266.517
ROUND 1717 A#16 and B#34 = 220.229
ROUND 1718 A#17 and B#34 = 176.156
ROUND 1719 A#18 and B#34 = 235.489
ROUND 1720 A#19 and B#34 = 184.205
ROUND 1721 A#20 and B#34 = 237.547
ROUND 1722 A#21 and B#34 = 200.898
ROUND 1723 A#22 and B#34 = 164.749
ROUND 1724 A#23 and B#34 = 168.356
ROUND 1725 A#24 and B#34 = 162.517
ROUND 1726 A#25 and B#34 = 225.738
ROUND 1727 A#26 and B#34 = 237.454
ROUND 1728 A#27 and B#34 = 179.038
ROUND 1729 A#28 and B#34 = 257.533
ROUND 1730 A#29 and B#34 = 187.026
ROUND 1731 A#30 and B#34 = 249.33
ROUND 1732 A#31 and B#34 = 161.063
ROUND 1733 A#32 and B#34 = 170.345
ROUND 1734 A#33 and B#34 = 168.992
ROUND 1735 A#34 and B#34 = 333.262
ROUND 1736 A#35 and B#34 = 250.37
ROUND 1737 A#36 and B#34 = 344.904
ROUND 1738 A#37 and B#34 = 257.274
ROUND 1739 A#38 and B#34 = 219.12
ROUND 1740 A#39 and B#34 = 222.854
ROUND 1741 A#40 and B#34 = 174.387
ROUND 1742 A#41 and B#34 = 253.965
ROUND 1743 A#42 and B#34 = 182.395
ROUND 1744 A#43 and B#34 = 154.416
ROUND 1745 A#44 and B#34 = 267.112
ROUND 1746 A#45 and B#34 = 194.009
ROUND 1747 A#46 and B#34 = 243.163
ROUND 1748 A#47 and B#34 = 257.129
ROUND 1749 A#48 and B#34 = 267.562
ROUND 1750 A#49 and B#34 = 267.14
ROUND 1751 A#0 and B#35 = 306.683
ROUND 1752 A#1 and B#35 = 352.24
ROUND 1753 A#2 and B#35 = 186.721
ROUND 1754 A#3 and B#35 = 346.913
ROUND 1755 A#4 and B#35 = 346.002
ROUND 1756 A#5 and B#35 = 301.117
ROUND 1757 A#6 and B#35 = 106.32
ROUND 1758 A#7 and B#35 = 329.434
ROUND 1759 A#8 and B#35 = 303.913
ROUND 1760 A#9 and B#35 = 298.17
ROUND 1761 A#10 and B#35 = 195.196
ROUND 1762 A#11 and B#35 = 310.096
ROUND 1763 A#12 and B#35 = 361.414
ROUND 1764 A#13 and B#35 = 349.738
ROUND 1765 A#14 and B#35 = 363.517
ROUND 1766 A#15 and B#35 = 361.855
ROUND 1767 A#16 and B#35 = 306.383
ROUND 1768 A#17 and B#35 = 101.73
ROUND 1769 A#18 and B#35 = 368.377
ROUND 1770 A#19 and B#35 = 298.49
ROUND 1771 A#20 and B#35 = 377.525
ROUND 1772 A#21 and B#35 = 350.588
ROUND 1773 A#22 and B#35 = 360.127
ROUND 1774 A#23 and B#35 = 75.6131
ROUND 1775 A#24 and B#35 = 118.984
ROUND 1776 A#25 and B#35 = 298.554
ROUND 1777 A#26 and B#35 = 309.662
ROUND 1778 A#27 and B#35 = 359.888
ROUND 1779 A#28 and B#35 = 314.535
ROUND 1780 A#29 and B#35 = 342.157
ROUND 1781 A#30 and B#35 = 329.806
ROUND 1782 A#31 and B#35 = 68.0489
ROUND 1783 A#32 and B#35 = 361.134
ROUND 1784 A#33 and B#35 = 305.712
ROUND 1785 A#34 and B#35 = 364.824
ROUND 1786 A#35 and B#35 = 330.647
ROUND 1787 A#36 and B#35 = 397.954
ROUND 1788 A#37 and B#35 = 363.934
ROUND 1789 A#38 and B#35 = 384.736
ROUND 1790 A#39 and B#35 = 304.409
ROUND 1791 A#40 and B#35 = 222.073
ROUND 1792 A#41 and B#35 = 371.055
ROUND 1793 A#42 and B#35 = 109.359
ROUND 1794 A#43 and B#35 = 302.468
ROUND 1795 A#44 and B#35 = 314.56
ROUND 1796 A#45 and B#35 = 314.819
ROUND 1797 A#46 and B#35 = 284.272
ROUND 1798 A#47 and B#35 = 348.807
ROUND 1799 A#48 and B#35 = 362.003
ROUND 1800 A#49 and B#35 = 364.655
ROUND 1801 A#0 and B#36 = 162.838
ROUND 1802 A#1 and B#36 = 255.9
ROUND 1803 A#2 and B#36 = 260.895
ROUND 1804 A#3 and B#36 = 298.273
ROUND 1805 A#4 and B#36 = 258.974
ROUND 1806 A#5 and B#36 = 174.714
ROUND 1807 A#6 and B#36 = 250.84
ROUND 1808 A#7 and B#36 = 284.675
ROUND 1809 A#8 and B#36 = 251.541
ROUND 1810 A#9 and B#36 = 305.564
ROUND 1811 A#10 and B#36 = 223.592
ROUND 1812 A#11 and B#36 = 246.47
ROUND 1813 A#12 and B#36 = 239.988
ROUND 1814 A#13 and B#36 = 254.209
ROUND 1815 A#14 and B#36 = 287.653
ROUND 1816 A#15 and B#36 = 228.793
ROUND 1817 A#16 and B#36 = 225.92
ROUND 1818 A#17 and B#36 = 248.876
ROUND 1819 A#18 and B#36 = 250.999
ROUND 1820 A#19 and B#36 = 252.66
ROUND 1821 A#20 and B#36 = 255.591
ROUND 1822 A#21 and B#36 = 254.15
ROUND 1823 A#22 and B#36 = 250.162
ROUND 1824 A#23 and B#36 = 250.353
ROUND 1825 A#24 and B#36 = 268.663
ROUND 1826 A#25 and B#36 = 265.188
ROUND 1827 A#26 and B#36 = 246.166
ROUND 1828 A#27 and B#36 = 237.65
ROUND 1829 A#28 and B#36 = 233.993
ROUND 1830 A#29 and B#36 = 245.096
ROUND 1831 A#30 and B#36 = 289.894
ROUND 1832 A#31 and B#36 = 204.191
ROUND 1833 A#32 and B#36 = 161.273
ROUND 1834 A#33 and B#36 = 164.279
ROUND 1835 A#34 and B#36 = 255.016
ROUND 1836 A#35 and B#36 = 288.46
ROUND 1837 A#36 and B#36 = 309.027
ROUND 1838 A#37 and B#36 = 231.099
ROUND 1839 A#38 and B#36 = 258.313
ROUND 1840 A#39 and B#36 = 223.169
ROUND 1841 A#40 and B#36 = 254.774
ROUND 1842 A#41 and B#36 = 308.962
ROUND 1843 A#42 and B#36 = 230.88
ROUND 1844 A#43 and B#36 = 246.264
ROUND 1845 A#44 and B#36 = 302.762
ROUND 1846 A#45 and B#36 = 279.874
ROUND 1847 A#46 and B#36 = 237.394
ROUND 1848 A#47 and B#36 = 324.331
ROUND 1849 A#48 and B#36 = 285.105
ROUND 1850 A#49 and B#36 = 284.929
ROUND 1851 A#0 and B#37 = 256.143
ROUND 1852 A#1 and B#37 = 308.834
ROUND 1853 A#2 and B#37 = 167.513
ROUND 1854 A#3 and B#37 = 180.563
ROUND 1855 A#4 and B#37 = 251.9
ROUND 1856 A#5 and B#37 = 251.472
ROUND 1857 A#6 and B#37 = 204.801
ROUND 1858 A#7 and B#37 = 265.782
ROUND 1859 A#8 and B#37 = 263.968
ROUND 1860 A#9 and B#37 = 112.353
ROUND 1861 A#10 and B#37 = 192.801
ROUND 1862 A#11 and B#37 = 221.434
ROUND 1863 A#12 and B#37 = 161.742
ROUND 1864 A#13 and B#37 = 308.801
ROUND 1865 A#14 and B#37 = 275.911
ROUND 1866 A#15 and B#37 = 240.686
ROUND 1867 A#16 and B#37 = 227.593
ROUND 1868 A#17 and B#37 = 197.666
ROUND 1869 A#18 and B#37 = 263.61
ROUND 1870 A#19 and B#37 = 198.853
ROUND 1871 A#20 and B#37 = 262.902
ROUND 1872 A#21 and B#37 = 307.697
ROUND 1873 A#22 and B#37 = 196.245
ROUND 1874 A#23 and B#37 = 211.558
ROUND 1875 A#24 and B#37 = 170.126
ROUND 1876 A#25 and B#37 = 259.481
ROUND 1877 A#26 and B#37 = 220.083
ROUND 1878 A#27 and B#37 = 168.492
ROUND 1879 A#28 and B#37 = 272.426
ROUND 1880 A#29 and B#37 = 183.586
ROUND 1881 A#30 and B#37 = 260.862
ROUND 1882 A#31 and B#37 = 211.352
ROUND 1883 A#32 and B#37 = 192.681
ROUND 1884 A#33 and B#37 = 225.824
ROUND 1885 A#34 and B#37 = 298.29
ROUND 1886 A#35 and B#37 = 262.552
ROUND 1887 A#36 and B#37 = 304.539
ROUND 1888 A#37 and B#37 = 251.228
ROUND 1889 A#38 and B#37 = 263.546
ROUND 1890 A#39 and B#37 = 229.91
ROUND 1891 A#40 and B#37 = 200.405
ROUND 1892 A#41 and B#37 = 254.362
ROUND 1893 A#42 and B#37 = 191.321
ROUND 1894 A#43 and B#37 = 171.438
ROUND 1895 A#44 and B#37 = 278.032
ROUND 1896 A#45 and B#37 = 190.469
ROUND 1897 A#46 and B#37 = 252.462
ROUND 1898 A#47 and B#37 = 267.924
ROUND 1899 A#48 and B#37 = 277.378
ROUND 1900 A#49 and B#37 = 276.859
ROUND 1901 A#0 and B#38 = 162.306
ROUND 1902 A#1 and B#38 = 194.27
ROUND 1903 A#2 and B#38 = 215.982
ROUND 1904 A#3 and B#38 = 374.939
ROUND 1905 A#4 and B#38 = 227.264
ROUND 1906 A#5 and B#38 = 323.247
ROUND 1907 A#6 and B#38 = 281.778
ROUND 1908 A#7 and B#38 = 197.164
ROUND 1909 A#8 and B#38 = 113.953
ROUND 1910 A#9 and B#38 = 313.5
ROUND 1911 A#10 and B#38 = 278.349
ROUND 1912 A#11 and B#38 = 134.868
ROUND 1913 A#12 and B#38 = 287.787
ROUND 1914 A#13 and B#38 = 193.079
ROUND 1915 A#14 and B#38 = 331.738
ROUND 1916 A#15 and B#38 = 289.419
ROUND 1917 A#16 and B#38 = 288.771
ROUND 1918 A#17 and B#38 = 277.549
ROUND 1919 A#18 and B#38 = 243.73
ROUND 1920 A#19 and B#38 = 332.606
ROUND 1921 A#20 and B#38 = 243.415
ROUND 1922 A#21 and B#38 = 192.292
ROUND 1923 A#22 and B#38 = 373.067
ROUND 1924 A#23 and B#38 = 290.017
ROUND 1925 A#24 and B#38 = 284.981
ROUND 1926 A#25 and B#38 = 243.867
ROUND 1927 A#26 and B#38 = 134.56
ROUND 1928 A#27 and B#38 = 287.909
ROUND 1929 A#28 and B#38 = 154.46
ROUND 1930 A#29 and B#38 = 285.415
ROUND 1931 A#30 and B#38 = 227.74
ROUND 1932 A#31 and B#38 = 293.48
ROUND 1933 A#32 and B#38 = 374.42
ROUND 1934 A#33 and B#38 = 164.526
ROUND 1935 A#34 and B#38 = 297.446
ROUND 1936 A#35 and B#38 = 228.335
ROUND 1937 A#36 and B#38 = 232.743
ROUND 1938 A#37 and B#38 = 287.575
ROUND 1939 A#38 and B#38 = 201.615
ROUND 1940 A#39 and B#38 = 137.905
ROUND 1941 A#40 and B#38 = 362.45
ROUND 1942 A#41 and B#38 = 310.032
ROUND 1943 A#42 and B#38 = 295.425
ROUND 1944 A#43 and B#38 = 160.55
ROUND 1945 A#44 and B#38 = 324.535
ROUND 1946 A#45 and B#38 = 317.517
ROUND 1947 A#46 and B#38 = 127.526
ROUND 1948 A#47 and B#38 = 310.158
ROUND 1949 A#48 and B#38 = 328.053
ROUND 1950 A#49 and B#38 = 331.361
ROUND 1951 A#0 and B#39 = 229.559
ROUND 1952 A#1 and B#39 = 279.196
ROUND 1953 A#2 and B#39 = 144.873
ROUND 1954 A#3 and B#39 = 189.164
ROUND 1955 A#4 and B#39 = 271.276
ROUND 1956 A#5 and B#39 = 223.294
ROUND 1957 A#6 and B#39 = 237.858
ROUND 1958 A#7 and B#39 = 281.673
ROUND 1959 A#8 and B#39 = 309.533
ROUND 1960 A#9 and B#39 = 335.915
ROUND 1961 A#10 and B#39 = 181.368
ROUND 1962 A#11 and B#39 = 308.937
ROUND 1963 A#12 and B#39 = 313.957
ROUND 1964 A#13 and B#39 = 278.576
ROUND 1965 A#14 and B#39 = 315.838
ROUND 1966 A#15 and B#39 = 323.159
ROUND 1967 A#16 and B#39 = 307.924
ROUND 1968 A#17 and B#39 = 237.469
ROUND 1969 A#18 and B#39 = 277.507
ROUND 1970 A#19 and B#39 = 137.659
ROUND 1971 A#20 and B#39 = 316.484
ROUND 1972 A#21 and B#39 = 279.208
ROUND 1973 A#22 and B#39 = 337.199
ROUND 1974 A#23 and B#39 = 181.933
ROUND 1975 A#24 and B#39 = 239.556
ROUND 1976 A#25 and B#39 = 149.741
ROUND 1977 A#26 and B#39 = 309.106
ROUND 1978 A#27 and B#39 = 321.432
ROUND 1979 A#28 and B#39 = 306.612
ROUND 1980 A#29 and B#39 = 317.274
ROUND 1981 A#30 and B#39 = 280.515
ROUND 1982 A#31 and B#39 = 186.15
ROUND 1983 A#32 and B#39 = 250.976
ROUND 1984 A#33 and B#39 = 228.365
ROUND 1985 A#34 and B#39 = 312.696
ROUND 1986 A#35 and B#39 = 279.819
ROUND 1987 A#36 and B#39 = 294.618
ROUND 1988 A#37 and B#39 = 317.102
ROUND 1989 A#38 and B#39 = 316.741
ROUND 1990 A#39 and B#39 = 311.676
ROUND 1991 A#40 and B#39 = 175.667
ROUND 1992 A#41 and B#39 = 345.823
ROUND 1993 A#42 and B#39 = 180.977
ROUND 1994 A#43 and B#39 = 304.088
ROUND 1995 A#44 and B#39 = 313.461
ROUND 1996 A#45 and B#39 = 325.914
ROUND 1997 A#46 and B#39 = 308.415
ROUND 1998 A#47 and B#39 = 311.582
ROUND 1999 A#48 and B#39 = 313.441
ROUND 2000 A#49 and B#39 = 315.667
ROUND 2001 A#0 and B#40 = 307.65
ROUND 2002 A#1 and B#40 = 352.221
ROUND 2003 A#2 and B#40 = 186.089
ROUND 2004 A#3 and B#40 = 347.137
ROUND 2005 A#4 and B#40 = 346.997
ROUND 2006 A#5 and B#40 = 301.987
ROUND 2007 A#6 and B#40 = 102.938
ROUND 2008 A#7 and B#40 = 329.708
ROUND 2009 A#8 and B#40 = 303.346
ROUND 2010 A#9 and B#40 = 297.173
ROUND 2011 A#10 and B#40 = 194.695
ROUND 2012 A#11 and B#40 = 311.621
ROUND 2013 A#12 and B#40 = 361.378
ROUND 2014 A#13 and B#40 = 349.637
ROUND 2015 A#14 and B#40 = 362.95
ROUND 2016 A#15 and B#40 = 362.052
ROUND 2017 A#16 and B#40 = 307.923
ROUND 2018 A#17 and B#40 = 98.4925
ROUND 2019 A#18 and B#40 = 367.863
ROUND 2020 A#19 and B#40 = 297.868
ROUND 2021 A#20 and B#40 = 377.023
ROUND 2022 A#21 and B#40 = 350.479
ROUND 2023 A#22 and B#40 = 360.777
ROUND 2024 A#23 and B#40 = 73.8203
ROUND 2025 A#24 and B#40 = 115.247
ROUND 2026 A#25 and B#40 = 299.501
ROUND 2027 A#26 and B#40 = 311.209
ROUND 2028 A#27 and B#40 = 360.134
ROUND 2029 A#28 and B#40 = 314.672
ROUND 2030 A#29 and B#40 = 342.438
ROUND 2031 A#30 and B#40 = 331.521
ROUND 2032 A#31 and B#40 = 66.2302
ROUND 2033 A#32 and B#40 = 361.9
ROUND 2034 A#33 and B#40 = 306.612
ROUND 2035 A#34 and B#40 = 364.811
ROUND 2036 A#35 and B#40 = 332.392
ROUND 2037 A#36 and B#40 = 399.327
ROUND 2038 A#37 and B#40 = 363.976
ROUND 2039 A#38 and B#40 = 384.286
ROUND 2040 A#39 and B#40 = 305.77
ROUND 2041 A#40 and B#40 = 221.172
ROUND 2042 A#41 and B#40 = 371.229
ROUND 2043 A#42 and B#40 = 107.988
ROUND 2044 A#43 and B#40 = 302.778
ROUND 2045 A#44 and B#40 = 314.296
ROUND 2046 A#45 and B#40 = 314.39
ROUND 2047 A#46 and B#40 = 286.216
ROUND 2048 A#47 and B#40 = 349.022
ROUND 2049 A#48 and B#40 = 361.437
ROUND 2050 A#49 and B#40 = 364.076
ROUND 2051 A#0 and B#41 = 214.105
ROUND 2052 A#1 and B#41 = 254.898
ROUND 2053 A#2 and B#41 = 151.352
ROUND 2054 A#3 and B#41 = 342.847
ROUND 2055 A#4 and B#41 = 336.712
ROUND 2056 A#5 and B#41 = 204.011
ROUND 2057 A#6 and B#41 = 121.055
ROUND 2058 A#7 and B#41 = 289.503
ROUND 2059 A#8 and B#41 = 305.123
ROUND 2060 A#9 and B#41 = 91.1089
ROUND 2061 A#10 and B#41 = 133.241
ROUND 2062 A#11 and B#41 = 308.6
ROUND 2063 A#12 and B#41 = 114.961
ROUND 2064 A#13 and B#41 = 256.043
ROUND 2065 A#14 and B#41 = 206.022
ROUND 2066 A#15 and B#41 = 63.3763
ROUND 2067 A#16 and B#41 = 306.795
ROUND 2068 A#17 and B#41 = 116.055
ROUND 2069 A#18 and B#41 = 172.84
ROUND 2070 A#19 and B#41 = 142.715
ROUND 2071 A#20 and B#41 = 174.454
ROUND 2072 A#21 and B#41 = 256.771
ROUND 2073 A#22 and B#41 = 203.902
ROUND 2074 A#23 and B#41 = 125.067
ROUND 2075 A#24 and B#41 = 185.378
ROUND 2076 A#25 and B#41 = 155.946
ROUND 2077 A#26 and B#41 = 309.006
ROUND 2078 A#27 and B#41 = 114.34
ROUND 2079 A#28 and B#41 = 301.908
ROUND 2080 A#29 and B#41 = 111.706
ROUND 2081 A#30 and B#41 = 292.797
ROUND 2082 A#31 and B#41 = 135.814
ROUND 2083 A#32 and B#41 = 206.44
ROUND 2084 A#33 and B#41 = 217.747
ROUND 2085 A#34 and B#41 = 345.117
ROUND 2086 A#35 and B#41 = 292.681
ROUND 2087 A#36 and B#41 = 281.214
ROUND 2088 A#37 and B#41 = 242.257
ROUND 2089 A#38 and B#41 = 173.141
ROUND 2090 A#39 and B#41 = 308.005
ROUND 2091 A#40 and B#41 = 256.608
ROUND 2092 A#41 and B#41 = 308.651
ROUND 2093 A#42 and B#41 = 140.095
ROUND 2094 A#43 and B#41 = 301.935
ROUND 2095 A#44 and B#41 = 198.612
ROUND 2096 A#45 and B#41 = 135.878
ROUND 2097 A#46 and B#41 = 307.02
ROUND 2098 A#47 and B#41 = 197.619
ROUND 2099 A#48 and B#41 = 208.004
ROUND 2100 A#49 and B#41 = 206.429
ROUND 2101 A#0 and B#42 = 229.738
ROUND 2102 A#1 and B#42 = 284.476
ROUND 2103 A#2 and B#42 = 144.385
ROUND 2104 A#3 and B#42 = 189.087
ROUND 2105 A#4 and B#42 = 275.769
ROUND 2106 A#5 and B#42 = 232.002
ROUND 2107 A#6 and B#42 = 239.16
ROUND 2108 A#7 and B#42 = 282.448
ROUND 2109 A#8 and B#42 = 311.087
ROUND 2110 A#9 and B#42 = 335.675
ROUND 2111 A#10 and B#42 = 182.187
ROUND 2112 A#11 and B#42 = 310.874
ROUND 2113 A#12 and B#42 = 318.165
ROUND 2114 A#13 and B#42 = 283.801
ROUND 2115 A#14 and B#42 = 315.259
ROUND 2116 A#15 and B#42 = 321.456
ROUND 2117 A#16 and B#42 = 309.95
ROUND 2118 A#17 and B#42 = 238.36
ROUND 2119 A#18 and B#42 = 277.504
ROUND 2120 A#19 and B#42 = 137.739
ROUND 2121 A#20 and B#42 = 316.133
ROUND 2122 A#21 and B#42 = 284.52
ROUND 2123 A#22 and B#42 = 334.484
ROUND 2124 A#23 and B#42 = 184.688
ROUND 2125 A#24 and B#42 = 238.939
ROUND 2126 A#25 and B#42 = 149.472
ROUND 2127 A#26 and B#42 = 310.572
ROUND 2128 A#27 and B#42 = 324.757
ROUND 2129 A#28 and B#42 = 308.473
ROUND 2130 A#29 and B#42 = 317.375
ROUND 2131 A#30 and B#42 = 281.081
ROUND 2132 A#31 and B#42 = 189.693
ROUND 2133 A#32 and B#42 = 251.899
ROUND 2134 A#33 and B#42 = 228.578
ROUND 2135 A#34 and B#42 = 311.293
ROUND 2136 A#35 and B#42 = 280.465
ROUND 2137 A#36 and B#42 = 296.131
ROUND 2138 A#37 and B#42 = 317.173
ROUND 2139 A#38 and B#42 = 316.531
ROUND 2140 A#39 and B#42 = 311.041
ROUND 2141 A#40 and B#42 = 323.236
ROUND 2142 A#41 and B#42 = 343.333
ROUND 2143 A#42 and B#42 = 181.537
ROUND 2144 A#43 and B#42 = 306.54
ROUND 2145 A#44 and B#42 = 312.673
ROUND 2146 A#45 and B#42 = 324.333
ROUND 2147 A#46 and B#42 = 307.121
ROUND 2148 A#47 and B#42 = 311.364
ROUND 2149 A#48 and B#42 = 312.673
ROUND 2150 A#49 and B#42 = 315.013
ROUND 2151 A#0 and B#43 = 216.428
ROUND 2152 A#1 and B#43 = 307.009
ROUND 2153 A#2 and B#43 = 142.298
ROUND 2154 A#3 and B#43 = 343.427
ROUND 2155 A#4 and B#43 = 269.185
ROUND 2156 A#5 and B#43 = 160.29
ROUND 2157 A#6 and B#43 = 191.005
ROUND 2158 A#7 and B#43 = 315.034
ROUND 2159 A#8 and B#43 = 310.124
ROUND 2160 A#9 and B#43 = 82.1733
ROUND 2161 A#10 and B#43 = 123.152
ROUND 2162 A#11 and B#43 = 309.27
ROUND 2163 A#12 and B#43 = 315.52
ROUND 2164 A#13 and B#43 = 306.757
ROUND 2165 A#14 and B#43 = 314.949
ROUND 2166 A#15 and B#43 = 320.862
ROUND 2167 A#16 and B#43 = 308.186
ROUND 2168 A#17 and B#43 = 191.906
ROUND 2169 A#18 and B#43 = 316.139
ROUND 2170 A#19 and B#43 = 133.865
ROUND 2171 A#20 and B#43 = 315.678
ROUND 2172 A#21 and B#43 = 307.925
ROUND 2173 A#22 and B#43 = 211.12
ROUND 2174 A#23 and B#43 = 187.584
ROUND 2175 A#24 and B#43 = 195.328
ROUND 2176 A#25 and B#43 = 147.256
ROUND 2177 A#26 and B#43 = 308.928
ROUND 2178 A#27 and B#43 = 322.139
ROUND 2179 A#28 and B#43 = 307.324
ROUND 2180 A#29 and B#43 = 106.391
ROUND 2181 A#30 and B#43 = 316.49
ROUND 2182 A#31 and B#43 = 203.49
ROUND 2183 A#32 and B#43 = 213.716
ROUND 2184 A#33 and B#43 = 220.735
ROUND 2185 A#34 and B#43 = 310.351
ROUND 2186 A#35 and B#43 = 316.11
ROUND 2187 A#36 and B#43 = 293.692
ROUND 2188 A#37 and B#43 = 315.683
ROUND 2189 A#38 and B#43 = 316.125
ROUND 2190 A#39 and B#43 = 309.829
ROUND 2191 A#40 and B#43 = 322.763
ROUND 2192 A#41 and B#43 = 342.896
ROUND 2193 A#42 and B#43 = 132.42
ROUND 2194 A#43 and B#43 = 305.139
ROUND 2195 A#44 and B#43 = 83.8352
ROUND 2196 A#45 and B#43 = 324.247
ROUND 2197 A#46 and B#43 = 306.224
ROUND 2198 A#47 and B#43 = 311.018
ROUND 2199 A#48 and B#43 = 312.308
ROUND 2200 A#49 and B#43 = 314.665
ROUND 2201 A#0 and B#44 = 263.178
ROUND 2202 A#1 and B#44 = 322.669
ROUND 2203 A#2 and B#44 = 208.318
ROUND 2204 A#3 and B#44 = 206.209
ROUND 2205 A#4 and B#44 = 254.981
ROUND 2206 A#5 and B#44 = 258.837
ROUND 2207 A#6 and B#44 = 164.207
ROUND 2208 A#7 and B#44 = 268.436
ROUND 2209 A#8 and B#44 = 245.161
ROUND 2210 A#9 and B#44 = 304.422
ROUND 2211 A#10 and B#44 = 163.465
ROUND 2212 A#11 and B#44 = 198.484
ROUND 2213 A#12 and B#44 = 149.371
ROUND 2214 A#13 and B#44 = 321.184
ROUND 2215 A#14 and B#44 = 278.463
ROUND 2216 A#15 and B#44 = 265.798
ROUND 2217 A#16 and B#44 = 201.828
ROUND 2218 A#17 and B#44 = 160.114
ROUND 2219 A#18 and B#44 = 267.837
ROUND 2220 A#19 and B#44 = 192.15
ROUND 2221 A#20 and B#44 = 267.406
ROUND 2222 A#21 and B#44 = 318.238
ROUND 2223 A#22 and B#44 = 167.596
ROUND 2224 A#23 and B#44 = 162.614
ROUND 2225 A#24 and B#44 = 156.164
ROUND 2226 A#25 and B#44 = 276.396
ROUND 2227 A#26 and B#44 = 197.088
ROUND 2228 A#27 and B#44 = 156.914
ROUND 2229 A#28 and B#44 = 253.12
ROUND 2230 A#29 and B#44 = 171.491
ROUND 2231 A#30 and B#44 = 265.375
ROUND 2232 A#31 and B#44 = 153.003
ROUND 2233 A#32 and B#44 = 168.944
ROUND 2234 A#33 and B#44 = 171.378
ROUND 2235 A#34 and B#44 = 316.314
ROUND 2236 A#35 and B#44 = 266.918
ROUND 2237 A#36 and B#44 = 330.643
ROUND 2238 A#37 and B#44 = 255.716
ROUND 2239 A#38 and B#44 = 267.876
ROUND 2240 A#39 and B#44 = 202.574
ROUND 2241 A#40 and B#44 = 226.853
ROUND 2242 A#41 and B#44 = 253.661
ROUND 2243 A#42 and B#44 = 181.285
ROUND 2244 A#43 and B#44 = 257.872
ROUND 2245 A#44 and B#44 = 280.543
ROUND 2246 A#45 and B#44 = 176.289
ROUND 2247 A#46 and B#44 = 230.114
ROUND 2248 A#47 and B#44 = 271.964
ROUND 2249 A#48 and B#44 = 279.926
ROUND 2250 A#49 and B#44 = 279.598
ROUND 2251 A#0 and B#45 = 175.502
ROUND 2252 A#1 and B#45 = 203.111
ROUND 2253 A#2 and B#45 = 213.701
ROUND 2254 A#3 and B#45 = 151.59
ROUND 2255 A#4 and B#45 = 283.834
ROUND 2256 A#5 and B#45 = 174.105
ROUND 2257 A#6 and B#45 = 161.292
ROUND 2258 A#7 and B#45 = 244.035
ROUND 2259 A#8 and B#45 = 238.755
ROUND 2260 A#9 and B#45 = 278.3
ROUND 2261 A#10 and B#45 = 157.862
ROUND 2262 A#11 and B#45 = 201.347
ROUND 2263 A#12 and B#45 = 149.59
ROUND 2264 A#13 and B#45 = 200.61
ROUND 2265 A#14 and B#45 = 258.505
ROUND 2266 A#15 and B#45 = 266
ROUND 2267 A#16 and B#45 = 205.6
ROUND 2268 A#17 and B#45 = 156.931
ROUND 2269 A#18 and B#45 = 229.224
ROUND 2270 A#19 and B#45 = 191.484
ROUND 2271 A#20 and B#45 = 228.575
ROUND 2272 A#21 and B#45 = 201.286
ROUND 2273 A#22 and B#45 = 169.562
ROUND 2274 A#23 and B#45 = 156.919
ROUND 2275 A#24 and B#45 = 152.03
ROUND 2276 A#25 and B#45 = 218.606
ROUND 2277 A#26 and B#45 = 200.489
ROUND 2278 A#27 and B#45 = 258.393
ROUND 2279 A#28 and B#45 = 124.168
ROUND 2280 A#29 and B#45 = 174.315
ROUND 2281 A#30 and B#45 = 221.927
ROUND 2282 A#31 and B#45 = 153.202
ROUND 2283 A#32 and B#45 = 169.915
ROUND 2284 A#33 and B#45 = 173.808
ROUND 2285 A#34 and B#45 = 189.962
ROUND 2286 A#35 and B#45 = 220.33
ROUND 2287 A#36 and B#45 = 335.619
ROUND 2288 A#37 and B#45 = 257.214
ROUND 2289 A#38 and B#45 = 220.711
ROUND 2290 A#39 and B#45 = 205.412
ROUND 2291 A#40 and B#45 = 176.621
ROUND 2292 A#41 and B#45 = 256.585
ROUND 2293 A#42 and B#45 = 177.819
ROUND 2294 A#43 and B#45 = 154.175
ROUND 2295 A#44 and B#45 = 204.86
ROUND 2296 A#45 and B#45 = 181.757
ROUND 2297 A#46 and B#45 = 233.028
ROUND 2298 A#47 and B#45 = 234.219
ROUND 2299 A#48 and B#45 = 260.885
ROUND 2300 A#49 and B#45 = 259.968
ROUND 2301 A#0 and B#46 = 174.484
ROUND 2302 A#1 and B#46 = 217.234
ROUND 2303 A#2 and B#46 = 218.889
ROUND 2304 A#3 and B#46 = 377.479
ROUND 2305 A#4 and B#46 = 312.76
ROUND 2306 A#5 and B#46 = 183.395
ROUND 2307 A#6 and B#46 = 286.278
ROUND 2308 A#7 and B#46 = 258.467
ROUND 2309 A#8 and B#46 = 117.048
ROUND 2310 A#9 and B#46 = 286.986
ROUND 2311 A#10 and B#46 = 285.114
ROUND 2312 A#11 and B#46 = 322.74
ROUND 2313 A#12 and B#46 = 262.854
ROUND 2314 A#13 and B#46 = 216.2
ROUND 2315 A#14 and B#46 = 285.339
ROUND 2316 A#15 and B#46 = 270.847
ROUND 2317 A#16 and B#46 = 298.553
ROUND 2318 A#17 and B#46 = 285.866
ROUND 2319 A#18 and B#46 = 293.598
ROUND 2320 A#19 and B#46 = 330.177
ROUND 2321 A#20 and B#46 = 293.013
ROUND 2322 A#21 and B#46 = 215.784
ROUND 2323 A#22 and B#46 = 144.865
ROUND 2324 A#23 and B#46 = 294.648
ROUND 2325 A#24 and B#46 = 288.84
ROUND 2326 A#25 and B#46 = 293.392
ROUND 2327 A#26 and B#46 = 321.594
ROUND 2328 A#27 and B#46 = 276.331
ROUND 2329 A#28 and B#46 = 307.389
ROUND 2330 A#29 and B#46 = 274.449
ROUND 2331 A#30 and B#46 = 263.731
ROUND 2332 A#31 and B#46 = 295.952
ROUND 2333 A#32 and B#46 = 146.332
ROUND 2334 A#33 and B#46 = 177.35
ROUND 2335 A#34 and B#46 = 263.198
ROUND 2336 A#35 and B#46 = 264.083
ROUND 2337 A#36 and B#46 = 249.898
ROUND 2338 A#37 and B#46 = 274.014
ROUND 2339 A#38 and B#46 = 293.501
ROUND 2340 A#39 and B#46 = 289.065
ROUND 2341 A#40 and B#46 = 162.194
ROUND 2342 A#41 and B#46 = 295.441
ROUND 2343 A#42 and B#46 = 302.663
ROUND 2344 A#43 and B#46 = 301.22
ROUND 2345 A#44 and B#46 = 290.237
ROUND 2346 A#45 and B#46 = 280.369
ROUND 2347 A#46 and B#46 = 278.864
ROUND 2348 A#47 and B#46 = 295.39
ROUND 2349 A#48 and B#46 = 289.391
ROUND 2350 A#49 and B#46 = 288.23
ROUND 2351 A#0 and B#47 = 203.71
ROUND 2352 A#1 and B#47 = 322.697
ROUND 2353 A#2 and B#47 = 210.818
ROUND 2354 A#3 and B#47 = 191.203
ROUND 2355 A#4 and B#47 = 266.912
ROUND 2356 A#5 and B#47 = 212.595
ROUND 2357 A#6 and B#47 = 213.049
ROUND 2358 A#7 and B#47 = 276.283
ROUND 2359 A#8 and B#47 = 262.909
ROUND 2360 A#9 and B#47 = 218.533
ROUND 2361 A#10 and B#47 = 199.038
ROUND 2362 A#11 and B#47 = 206.825
ROUND 2363 A#12 and B#47 = 140.921
ROUND 2364 A#13 and B#47 = 323.205
ROUND 2365 A#14 and B#47 = 277.241
ROUND 2366 A#15 and B#47 = 158.747
ROUND 2367 A#16 and B#47 = 211.311
ROUND 2368 A#17 and B#47 = 209.312
ROUND 2369 A#18 and B#47 = 275.111
ROUND 2370 A#19 and B#47 = 191.741
ROUND 2371 A#20 and B#47 = 225.373
ROUND 2372 A#21 and B#47 = 322.404
ROUND 2373 A#22 and B#47 = 177.259
ROUND 2374 A#23 and B#47 = 206.311
ROUND 2375 A#24 and B#47 = 177.94
ROUND 2376 A#25 and B#47 = 214.196
ROUND 2377 A#26 and B#47 = 211.712
ROUND 2378 A#27 and B#47 = 148.412
ROUND 2379 A#28 and B#47 = 258.08
ROUND 2380 A#29 and B#47 = 163.116
ROUND 2381 A#30 and B#47 = 272.022
ROUND 2382 A#31 and B#47 = 204.45
ROUND 2383 A#32 and B#47 = 175.254
ROUND 2384 A#33 and B#47 = 198.809
ROUND 2385 A#34 and B#47 = 307.836
ROUND 2386 A#35 and B#47 = 273.946
ROUND 2387 A#36 and B#47 = 304.014
ROUND 2388 A#37 and B#47 = 147.498
ROUND 2389 A#38 and B#47 = 275.237
ROUND 2390 A#39 and B#47 = 212.411
ROUND 2391 A#40 and B#47 = 232.954
ROUND 2392 A#41 and B#47 = 254.798
ROUND 2393 A#42 and B#47 = 192.027
ROUND 2394 A#43 and B#47 = 157.202
ROUND 2395 A#44 and B#47 = 281.903
ROUND 2396 A#45 and B#47 = 168.98
ROUND 2397 A#46 and B#47 = 235.093
ROUND 2398 A#47 and B#47 = 274.298
ROUND 2399 A#48 and B#47 = 281.025
ROUND 2400 A#49 and B#47 = 279.543
ROUND 2401 A#0 and B#48 = 173.663
ROUND 2402 A#1 and B#48 = 324.947
ROUND 2403 A#2 and B#48 = 207.187
ROUND 2404 A#3 and B#48 = 206.964
ROUND 2405 A#4 and B#48 = 245.948
ROUND 2406 A#5 and B#48 = 260.126
ROUND 2407 A#6 and B#48 = 164.876
ROUND 2408 A#7 and B#48 = 276.438
ROUND 2409 A#8 and B#48 = 262.112
ROUND 2410 A#9 and B#48 = 306.11
ROUND 2411 A#10 and B#48 = 162.565
ROUND 2412 A#11 and B#48 = 195.009
ROUND 2413 A#12 and B#48 = 147.69
ROUND 2414 A#13 and B#48 = 323.257
ROUND 2415 A#14 and B#48 = 278.41
ROUND 2416 A#15 and B#48 = 164.709
ROUND 2417 A#16 and B#48 = 200.079
ROUND 2418 A#17 and B#48 = 160.465
ROUND 2419 A#18 and B#48 = 228.689
ROUND 2420 A#19 and B#48 = 191.58
ROUND 2421 A#20 and B#48 = 226.457
ROUND 2422 A#21 and B#48 = 320.352
ROUND 2423 A#22 and B#48 = 167.428
ROUND 2424 A#23 and B#48 = 162.901
ROUND 2425 A#24 and B#48 = 156.1
ROUND 2426 A#25 and B#48 = 211.066
ROUND 2427 A#26 and B#48 = 194.119
ROUND 2428 A#27 and B#48 = 154.882
ROUND 2429 A#28 and B#48 = 250.555
ROUND 2430 A#29 and B#48 = 169.482
ROUND 2431 A#30 and B#48 = 272.923
ROUND 2432 A#31 and B#48 = 151.853
ROUND 2433 A#32 and B#48 = 168.966
ROUND 2434 A#33 and B#48 = 171.14
ROUND 2435 A#34 and B#48 = 317.85
ROUND 2436 A#35 and B#48 = 274.745
ROUND 2437 A#36 and B#48 = 328.193
ROUND 2438 A#37 and B#48 = 153.893
ROUND 2439 A#38 and B#48 = 276.014
ROUND 2440 A#39 and B#48 = 199.263
ROUND 2441 A#40 and B#48 = 175.203
ROUND 2442 A#41 and B#48 = 254.075
ROUND 2443 A#42 and B#48 = 180.104
ROUND 2444 A#43 and B#48 = 261.071
ROUND 2445 A#44 and B#48 = 282.972
ROUND 2446 A#45 and B#48 = 173.981
ROUND 2447 A#46 and B#48 = 227.279
ROUND 2448 A#47 and B#48 = 275.149
ROUND 2449 A#48 and B#48 = 282.094
ROUND 2450 A#49 and B#48 = 280.652
ROUND 2451 A#0 and B#49 = 182.119
ROUND 2452 A#1 and B#49 = 235.037
ROUND 2453 A#2 and B#49 = 161.527
ROUND 2454 A#3 and B#49 = 275.993
ROUND 2455 A#4 and B#49 = 247.175
ROUND 2456 A#5 and B#49 = 173.639
ROUND 2457 A#6 and B#49 = 171.348
ROUND 2458 A#7 and B#49 = 104.439
ROUND 2459 A#8 and B#49 = 123.961
ROUND 2460 A#9 and B#49 = 213.472
ROUND 2461 A#10 and B#49 = 164.062
ROUND 2462 A#11 and B#49 = 255.446
ROUND 2463 A#12 and B#49 = 114.604
ROUND 2464 A#13 and B#49 = 232.805
ROUND 2465 A#14 and B#49 = 262.275
ROUND 2466 A#15 and B#49 = 124.135
ROUND 2467 A#16 and B#49 = 253.55
ROUND 2468 A#17 and B#49 = 176.862
ROUND 2469 A#18 and B#49 = 236.542
ROUND 2470 A#19 and B#49 = 143.689
ROUND 2471 A#20 and B#49 = 261.031
ROUND 2472 A#21 and B#49 = 233.15
ROUND 2473 A#22 and B#49 = 193.665
ROUND 2474 A#23 and B#49 = 173.447
ROUND 2475 A#24 and B#49 = 165.424
ROUND 2476 A#25 and B#49 = 155.439
ROUND 2477 A#26 and B#49 = 255.122
ROUND 2478 A#27 and B#49 = 246.437
ROUND 2479 A#28 and B#49 = 251.805
ROUND 2480 A#29 and B#49 = 112.354
ROUND 2481 A#30 and B#49 = 103.525
ROUND 2482 A#31 and B#49 = 173.822
ROUND 2483 A#32 and B#49 = 195.319
ROUND 2484 A#33 and B#49 = 180.633
ROUND 2485 A#34 and B#49 = 244.499
ROUND 2486 A#35 and B#49 = 101.162
ROUND 2487 A#36 and B#49 = 265.983
ROUND 2488 A#37 and B#49 = 115.771
ROUND 2489 A#38 and B#49 = 146.277
ROUND 2490 A#39 and B#49 = 254.927
ROUND 2491 A#40 and B#49 = 198.832
ROUND 2492 A#41 and B#49 = 219.144
ROUND 2493 A#42 and B#49 = 169.027
ROUND 2494 A#43 and B#49 = 252.638
ROUND 2495 A#44 and B#49 = 279.498
ROUND 2496 A#45 and B#49 = 109.249
ROUND 2497 A#46 and B#49 = 253.389
ROUND 2498 A#47 and B#49 = 281.047
ROUND 2499 A#48 and B#49 = 258.987
ROUND 2500 A#49 and B#49 = 260.778

The best overlap is between conformer A#36 and B#27, which, after PCA followed by Steepest Descent, produces a volume overlap of 416.34
Tanimoto (Hodgkin) similarity index: 0.441453

Saving those best conformers to file...
WRITING MOLECULE TO FILE '../ALL_PAIRS_BQ123_AS_REFERENCE/ROKS3/BQ123-J104132.mol2' (WILL OVERWRITE EXISTING FILE IF ANY)...
WRITING MOLECULE TO FILE '../ALL_PAIRS_BQ123_AS_REFERENCE/ROKS3/BQ123-J104132.mol2'...
