Finished importing molecules
WARNING: LAPACK DSYEV() RETURNED NON-ZERO ERROR CODE 3
WARNING: LAPACK DSYEV() RETURNED NON-ZERO ERROR CODE 2
WARNING: LAPACK DSYEV() RETURNED NON-ZERO ERROR CODE 2
WARNING: LAPACK DSYEV() RETURNED NON-ZERO ERROR CODE 3
WARNING: LAPACK DSYEV() RETURNED NON-ZERO ERROR CODE 3
WARNING: LAPACK DSYEV() RETURNED NON-ZERO ERROR CODE 2
WARNING: LAPACK DSYEV() RETURNED NON-ZERO ERROR CODE 2
WARNING: LAPACK DSYEV() RETURNED NON-ZERO ERROR CODE 2
WARNING: LAPACK DSYEV() RETURNED NON-ZERO ERROR CODE 2
WARNING: LAPACK DSYEV() RETURNED NON-ZERO ERROR CODE 2
WARNING: LAPACK DSYEV() RETURNED NON-ZERO ERROR CODE 2
WARNING: LAPACK DSYEV() RETURNED NON-ZERO ERROR CODE 2
WARNING: LAPACK DSYEV() RETURNED NON-ZERO ERROR CODE 2
WARNING: LAPACK DSYEV() RETURNED NON-ZERO ERROR CODE 3
WARNING: LAPACK DSYEV() RETURNED NON-ZERO ERROR CODE 2
WARNING: LAPACK DSYEV() RETURNED NON-ZERO ERROR CODE 3
WARNING: LAPACK DSYEV() RETURNED NON-ZERO ERROR CODE 2
WARNING: LAPACK DSYEV() RETURNED NON-ZERO ERROR CODE 2
WARNING: LAPACK DSYEV() RETURNED NON-ZERO ERROR CODE 2
WARNING: LAPACK DSYEV() RETURNED NON-ZERO ERROR CODE 2
WARNING: LAPACK DSYEV() RETURNED NON-ZERO ERROR CODE 3
WARNING: LAPACK DSYEV() RETURNED NON-ZERO ERROR CODE 3
WARNING: LAPACK DSYEV() RETURNED NON-ZERO ERROR CODE 3
WARNING: LAPACK DSYEV() RETURNED NON-ZERO ERROR CODE 3
WARNING: LAPACK DSYEV() RETURNED NON-ZERO ERROR CODE 3
WARNING: LAPACK DSYEV() RETURNED NON-ZERO ERROR CODE 3
WARNING: LAPACK DSYEV() RETURNED NON-ZERO ERROR CODE 3
WARNING: LAPACK DSYEV() RETURNED NON-ZERO ERROR CODE 3
WARNING: LAPACK DSYEV() RETURNED NON-ZERO ERROR CODE 3
WARNING: LAPACK DSYEV() RETURNED NON-ZERO ERROR CODE 2
WARNING: LAPACK DSYEV() RETURNED NON-ZERO ERROR CODE 3
WARNING: LAPACK DSYEV() RETURNED NON-ZERO ERROR CODE 3
WARNING: LAPACK DSYEV() RETURNED NON-ZERO ERROR CODE 2
WARNING: LAPACK DSYEV() RETURNED NON-ZERO ERROR CODE 2
WARNING: LAPACK DSYEV() RETURNED NON-ZERO ERROR CODE 3
WARNING: LAPACK DSYEV() RETURNED NON-ZERO ERROR CODE 2
WARNING: LAPACK DSYEV() RETURNED NON-ZERO ERROR CODE 3
WARNING: LAPACK DSYEV() RETURNED NON-ZERO ERROR CODE 3
WARNING: LAPACK DSYEV() RETURNED NON-ZERO ERROR CODE 2
WARNING: LAPACK DSYEV() RETURNED NON-ZERO ERROR CODE 2
WARNING: LAPACK DSYEV() RETURNED NON-ZERO ERROR CODE 3
WARNING: LAPACK DSYEV() RETURNED NON-ZERO ERROR CODE 2
WARNING: LAPACK DSYEV() RETURNED NON-ZERO ERROR CODE 2
WARNING: LAPACK DSYEV() RETURNED NON-ZERO ERROR CODE 2
WARNING: LAPACK DSYEV() RETURNED NON-ZERO ERROR CODE 2
WARNING: LAPACK DSYEV() RETURNED NON-ZERO ERROR CODE 2
WARNING: LAPACK DSYEV() RETURNED NON-ZERO ERROR CODE 2
WARNING: LAPACK DSYEV() RETURNED NON-ZERO ERROR CODE 3
WARNING: LAPACK DSYEV() RETURNED NON-ZERO ERROR CODE 3
WARNING: LAPACK DSYEV() RETURNED NON-ZERO ERROR CODE 2
WARNING: LAPACK DSYEV() RETURNED NON-ZERO ERROR CODE 2
WARNING: LAPACK DSYEV() RETURNED NON-ZERO ERROR CODE 3
WARNING: LAPACK DSYEV() RETURNED NON-ZERO ERROR CODE 3
WARNING: LAPACK DSYEV() RETURNED NON-ZERO ERROR CODE 2
WARNING: LAPACK DSYEV() RETURNED NON-ZERO ERROR CODE 3
WARNING: LAPACK DSYEV() RETURNED NON-ZERO ERROR CODE 2
WARNING: LAPACK DSYEV() RETURNED NON-ZERO ERROR CODE 2
WARNING: LAPACK DSYEV() RETURNED NON-ZERO ERROR CODE 3
WARNING: LAPACK DSYEV() RETURNED NON-ZERO ERROR CODE 3
WARNING: LAPACK DSYEV() RETURNED NON-ZERO ERROR CODE 3
WARNING: LAPACK DSYEV() RETURNED NON-ZERO ERROR CODE 2
WARNING: LAPACK DSYEV() RETURNED NON-ZERO ERROR CODE 3
WARNING: LAPACK DSYEV() RETURNED NON-ZERO ERROR CODE 2
WARNING: LAPACK DSYEV() RETURNED NON-ZERO ERROR CODE 3
WARNING: LAPACK DSYEV() RETURNED NON-ZERO ERROR CODE 2
WARNING: LAPACK DSYEV() RETURNED NON-ZERO ERROR CODE 2
WARNING: LAPACK DSYEV() RETURNED NON-ZERO ERROR CODE 3
WARNING: LAPACK DSYEV() RETURNED NON-ZERO ERROR CODE 2
WARNING: LAPACK DSYEV() RETURNED NON-ZERO ERROR CODE 2
WARNING: LAPACK DSYEV() RETURNED NON-ZERO ERROR CODE 3
WARNING: LAPACK DSYEV() RETURNED NON-ZERO ERROR CODE 2
WARNING: LAPACK DSYEV() RETURNED NON-ZERO ERROR CODE 3
WARNING: LAPACK DSYEV() RETURNED NON-ZERO ERROR CODE 3
WARNING: LAPACK DSYEV() RETURNED NON-ZERO ERROR CODE 3
WARNING: LAPACK DSYEV() RETURNED NON-ZERO ERROR CODE 3
WARNING: LAPACK DSYEV() RETURNED NON-ZERO ERROR CODE 3
WARNING: LAPACK DSYEV() RETURNED NON-ZERO ERROR CODE 2
WARNING: LAPACK DSYEV() RETURNED NON-ZERO ERROR CODE 3
WARNING: LAPACK DSYEV() RETURNED NON-ZERO ERROR CODE 3
WARNING: LAPACK DSYEV() RETURNED NON-ZERO ERROR CODE 3
WARNING: LAPACK DSYEV() RETURNED NON-ZERO ERROR CODE 2
WARNING: LAPACK DSYEV() RETURNED NON-ZERO ERROR CODE 3
WARNING: LAPACK DSYEV() RETURNED NON-ZERO ERROR CODE 2
WARNING: LAPACK DSYEV() RETURNED NON-ZERO ERROR CODE 3
WARNING: LAPACK DSYEV() RETURNED NON-ZERO ERROR CODE 2
WARNING: LAPACK DSYEV() RETURNED NON-ZERO ERROR CODE 3
WARNING: LAPACK DSYEV() RETURNED NON-ZERO ERROR CODE 3
WARNING: LAPACK DSYEV() RETURNED NON-ZERO ERROR CODE 2
WARNING: LAPACK DSYEV() RETURNED NON-ZERO ERROR CODE 2
WARNING: LAPACK DSYEV() RETURNED NON-ZERO ERROR CODE 3
WARNING: LAPACK DSYEV() RETURNED NON-ZERO ERROR CODE 3
WARNING: LAPACK DSYEV() RETURNED NON-ZERO ERROR CODE 3
WARNING: LAPACK DSYEV() RETURNED NON-ZERO ERROR CODE 3
WARNING: LAPACK DSYEV() RETURNED NON-ZERO ERROR CODE 3
WARNING: LAPACK DSYEV() RETURNED NON-ZERO ERROR CODE 2
WARNING: LAPACK DSYEV() RETURNED NON-ZERO ERROR CODE 2
WARNING: LAPACK DSYEV() RETURNED NON-ZERO ERROR CODE 2
WARNING: LAPACK DSYEV() RETURNED NON-ZERO ERROR CODE 2
WARNING: LAPACK DSYEV() RETURNED NON-ZERO ERROR CODE 2
WARNING: LAPACK DSYEV() RETURNED NON-ZERO ERROR CODE 3
Finished setting up data; running search...
ROUND 1 A#0 and B#0 = 143.378
ROUND 2 A#1 and B#0 = 302.647
ROUND 3 A#2 and B#0 = 302.999
ROUND 4 A#3 and B#0 = 312.481
ROUND 5 A#4 and B#0 = 166.396
ROUND 6 A#5 and B#0 = 260.971
ROUND 7 A#6 and B#0 = 261.165
ROUND 8 A#7 and B#0 = 123.851
ROUND 9 A#8 and B#0 = 120.752
ROUND 10 A#9 and B#0 = 120.805
ROUND 11 A#10 and B#0 = 133.76
ROUND 12 A#11 and B#0 = 161.532
ROUND 13 A#12 and B#0 = 201.771
ROUND 14 A#13 and B#0 = 233.029
ROUND 15 A#14 and B#0 = 283.368
ROUND 16 A#15 and B#0 = 302.318
ROUND 17 A#16 and B#0 = 165.117
ROUND 18 A#17 and B#0 = 191.84
ROUND 19 A#18 and B#0 = 301.09
ROUND 20 A#19 and B#0 = 362.121
ROUND 21 A#20 and B#0 = 383.233
ROUND 22 A#21 and B#0 = 306.296
ROUND 23 A#22 and B#0 = 120.73
ROUND 24 A#23 and B#0 = 120.727
ROUND 25 A#24 and B#0 = 104.563
ROUND 26 A#25 and B#0 = 323.178
ROUND 27 A#26 and B#0 = 209.034
ROUND 28 A#27 and B#0 = 116.549
ROUND 29 A#28 and B#0 = 267.311
ROUND 30 A#29 and B#0 = 282.964
ROUND 31 A#30 and B#0 = 313.924
ROUND 32 A#31 and B#0 = 167.438
ROUND 33 A#32 and B#0 = 88.107
ROUND 34 A#33 and B#0 = -24.5672
ROUND 35 A#34 and B#0 = 158.215
ROUND 36 A#35 and B#0 = 148.53
ROUND 37 A#36 and B#0 = 248.822
ROUND 38 A#37 and B#0 = 304.969
ROUND 39 A#38 and B#0 = 165.738
ROUND 40 A#39 and B#0 = 177.011
ROUND 41 A#40 and B#0 = 140.661
ROUND 42 A#41 and B#0 = 249.296
ROUND 43 A#42 and B#0 = 277.147
ROUND 44 A#43 and B#0 = 282.914
ROUND 45 A#44 and B#0 = 229.672
ROUND 46 A#45 and B#0 = 185.863
ROUND 47 A#46 and B#0 = 109.945
ROUND 48 A#47 and B#0 = 191.445
ROUND 49 A#48 and B#0 = 337.758
ROUND 50 A#49 and B#0 = 276.34
ROUND 51 A#0 and B#1 = 353.722
ROUND 52 A#1 and B#1 = 336.905
ROUND 53 A#2 and B#1 = 336.836
ROUND 54 A#3 and B#1 = 170.053
ROUND 55 A#4 and B#1 = 124.106
ROUND 56 A#5 and B#1 = 280.512
ROUND 57 A#6 and B#1 = 279.618
ROUND 58 A#7 and B#1 = 203.547
ROUND 59 A#8 and B#1 = 165.641
ROUND 60 A#9 and B#1 = 165.67
ROUND 61 A#10 and B#1 = 159.732
ROUND 62 A#11 and B#1 = 292.707
ROUND 63 A#12 and B#1 = 336.671
ROUND 64 A#13 and B#1 = 347.84
ROUND 65 A#14 and B#1 = 254.747
ROUND 66 A#15 and B#1 = 141.302
ROUND 67 A#16 and B#1 = 201.966
ROUND 68 A#17 and B#1 = 331.029
ROUND 69 A#18 and B#1 = 368.588
ROUND 70 A#19 and B#1 = 337.306
ROUND 71 A#20 and B#1 = 399.349
ROUND 72 A#21 and B#1 = 379.501
ROUND 73 A#22 and B#1 = 130.6
ROUND 74 A#23 and B#1 = 130.306
ROUND 75 A#24 and B#1 = 121.265
ROUND 76 A#25 and B#1 = 261.591
ROUND 77 A#26 and B#1 = 136.118
ROUND 78 A#27 and B#1 = 157.82
ROUND 79 A#28 and B#1 = 367.654
ROUND 80 A#29 and B#1 = 307.544
ROUND 81 A#30 and B#1 = 269.855
ROUND 82 A#31 and B#1 = 149.559
ROUND 83 A#32 and B#1 = 109.758
ROUND 84 A#33 and B#1 = 146.614
ROUND 85 A#34 and B#1 = 121.381
ROUND 86 A#35 and B#1 = 319.11
ROUND 87 A#36 and B#1 = 332.798
ROUND 88 A#37 and B#1 = 117.224
ROUND 89 A#38 and B#1 = 94.8102
ROUND 90 A#39 and B#1 = -1.9298
ROUND 91 A#40 and B#1 = 130.562
ROUND 92 A#41 and B#1 = 94.7224
ROUND 93 A#42 and B#1 = 260.99
ROUND 94 A#43 and B#1 = -6.96048e-313
ROUND 95 A#44 and B#1 = 131.424
ROUND 96 A#45 and B#1 = 174.549
ROUND 97 A#46 and B#1 = 237.299
ROUND 98 A#47 and B#1 = 202.237
ROUND 99 A#48 and B#1 = 63.7573
ROUND 100 A#49 and B#1 = 97.9867
ROUND 101 A#0 and B#2 = 354.64
ROUND 102 A#1 and B#2 = 336.723
ROUND 103 A#2 and B#2 = 336.648
ROUND 104 A#3 and B#2 = 171.802
ROUND 105 A#4 and B#2 = 158.326
ROUND 106 A#5 and B#2 = 279.671
ROUND 107 A#6 and B#2 = 278.701
ROUND 108 A#7 and B#2 = 202.91
ROUND 109 A#8 and B#2 = 141.971
ROUND 110 A#9 and B#2 = 141.97
ROUND 111 A#10 and B#2 = 138.104
ROUND 112 A#11 and B#2 = 292.758
ROUND 113 A#12 and B#2 = 336.591
ROUND 114 A#13 and B#2 = 348.364
ROUND 115 A#14 and B#2 = 254.706
ROUND 116 A#15 and B#2 = 138.102
ROUND 117 A#16 and B#2 = 191.752
ROUND 118 A#17 and B#2 = 331.859
ROUND 119 A#18 and B#2 = 367.333
ROUND 120 A#19 and B#2 = 350.067
ROUND 121 A#20 and B#2 = 397.968
ROUND 122 A#21 and B#2 = 378.67
ROUND 123 A#22 and B#2 = 132.689
ROUND 124 A#23 and B#2 = 132.502
ROUND 125 A#24 and B#2 = 125.37
ROUND 126 A#25 and B#2 = 262.88
ROUND 127 A#26 and B#2 = 136.815
ROUND 128 A#27 and B#2 = 121.521
ROUND 129 A#28 and B#2 = 368.253
ROUND 130 A#29 and B#2 = 303.834
ROUND 131 A#30 and B#2 = 265.331
ROUND 132 A#31 and B#2 = 149.277
ROUND 133 A#32 and B#2 = 109.954
ROUND 134 A#33 and B#2 = 148.369
ROUND 135 A#34 and B#2 = 121.622
ROUND 136 A#35 and B#2 = 318.636
ROUND 137 A#36 and B#2 = 312.697
ROUND 138 A#37 and B#2 = 119.64
ROUND 139 A#38 and B#2 = -25.0267
ROUND 140 A#39 and B#2 = 114.658
ROUND 141 A#40 and B#2 = 130.852
ROUND 142 A#41 and B#2 = 41.29
ROUND 143 A#42 and B#2 = 170.567
ROUND 144 A#43 and B#2 = 0
ROUND 145 A#44 and B#2 = 226.64
ROUND 146 A#45 and B#2 = 218.944
ROUND 147 A#46 and B#2 = 109.427
ROUND 148 A#47 and B#2 = 202.47
ROUND 149 A#48 and B#2 = 262.364
ROUND 150 A#49 and B#2 = 99.8895
ROUND 151 A#0 and B#3 = 339.736
ROUND 152 A#1 and B#3 = 319.419
ROUND 153 A#2 and B#3 = 319.027
ROUND 154 A#3 and B#3 = 250.841
ROUND 155 A#4 and B#3 = 273.911
ROUND 156 A#5 and B#3 = 305.205
ROUND 157 A#6 and B#3 = 306.829
ROUND 158 A#7 and B#3 = 117.197
ROUND 159 A#8 and B#3 = 121.768
ROUND 160 A#9 and B#3 = 121.774
ROUND 161 A#10 and B#3 = 105.148
ROUND 162 A#11 and B#3 = 293.451
ROUND 163 A#12 and B#3 = 340.024
ROUND 164 A#13 and B#3 = 263.491
ROUND 165 A#14 and B#3 = 276.672
ROUND 166 A#15 and B#3 = 271.203
ROUND 167 A#16 and B#3 = 121.418
ROUND 168 A#17 and B#3 = 178.171
ROUND 169 A#18 and B#3 = 114.074
ROUND 170 A#19 and B#3 = 359.094
ROUND 171 A#20 and B#3 = 368.422
ROUND 172 A#21 and B#3 = 269.46
ROUND 173 A#22 and B#3 = 91.9413
ROUND 174 A#23 and B#3 = 91.9548
ROUND 175 A#24 and B#3 = 121.787
ROUND 176 A#25 and B#3 = 5.36247
ROUND 177 A#26 and B#3 = 306.256
ROUND 178 A#27 and B#3 = 146.839
ROUND 179 A#28 and B#3 = 144.529
ROUND 180 A#29 and B#3 = 333.905
ROUND 181 A#30 and B#3 = 290.341
ROUND 182 A#31 and B#3 = 140.4
ROUND 183 A#32 and B#3 = 121.381
ROUND 184 A#33 and B#3 = 81.949
ROUND 185 A#34 and B#3 = 111.971
ROUND 186 A#35 and B#3 = 281.455
ROUND 187 A#36 and B#3 = 83.2425
ROUND 188 A#37 and B#3 = 95.2567
ROUND 189 A#38 and B#3 = 144.044
ROUND 190 A#39 and B#3 = 152.274
ROUND 191 A#40 and B#3 = 115.473
ROUND 192 A#41 and B#3 = 270.895
ROUND 193 A#42 and B#3 = 102.002
ROUND 194 A#43 and B#3 = 270.484
ROUND 195 A#44 and B#3 = 229.909
ROUND 196 A#45 and B#3 = 243.929
ROUND 197 A#46 and B#3 = 110.245
ROUND 198 A#47 and B#3 = 46.0134
ROUND 199 A#48 and B#3 = 268.602
ROUND 200 A#49 and B#3 = 235.722
ROUND 201 A#0 and B#4 = 278.793
ROUND 202 A#1 and B#4 = 332.661
ROUND 203 A#2 and B#4 = 331.78
ROUND 204 A#3 and B#4 = 164.357
ROUND 205 A#4 and B#4 = 165.451
ROUND 206 A#5 and B#4 = 288.207
ROUND 207 A#6 and B#4 = 287.997
ROUND 208 A#7 and B#4 = 220.678
ROUND 209 A#8 and B#4 = 135.456
ROUND 210 A#9 and B#4 = 135.528
ROUND 211 A#10 and B#4 = 131.078
ROUND 212 A#11 and B#4 = 243.355
ROUND 213 A#12 and B#4 = 317.932
ROUND 214 A#13 and B#4 = 216.039
ROUND 215 A#14 and B#4 = 263.441
ROUND 216 A#15 and B#4 = 153.481
ROUND 217 A#16 and B#4 = 180.494
ROUND 218 A#17 and B#4 = 279.56
ROUND 219 A#18 and B#4 = 107.697
ROUND 220 A#19 and B#4 = 199.192
ROUND 221 A#20 and B#4 = 306.02
ROUND 222 A#21 and B#4 = 294.198
ROUND 223 A#22 and B#4 = 146.827
ROUND 224 A#23 and B#4 = 146.894
ROUND 225 A#24 and B#4 = 108.738
ROUND 226 A#25 and B#4 = 309.399
ROUND 227 A#26 and B#4 = 235.964
ROUND 228 A#27 and B#4 = 153.311
ROUND 229 A#28 and B#4 = 71.46
ROUND 230 A#29 and B#4 = 324.453
ROUND 231 A#30 and B#4 = 303.605
ROUND 232 A#31 and B#4 = 8.07785
ROUND 233 A#32 and B#4 = 91.1937
ROUND 234 A#33 and B#4 = 139.168
ROUND 235 A#34 and B#4 = 106.959
ROUND 236 A#35 and B#4 = 24.6181
ROUND 237 A#36 and B#4 = 98.9888
ROUND 238 A#37 and B#4 = 12.5603
ROUND 239 A#38 and B#4 = 90.1109
ROUND 240 A#39 and B#4 = 98.3863
ROUND 241 A#40 and B#4 = 124.74
ROUND 242 A#41 and B#4 = 81.3182
ROUND 243 A#42 and B#4 = 233.789
ROUND 244 A#43 and B#4 = 280.201
ROUND 245 A#44 and B#4 = 251.075
ROUND 246 A#45 and B#4 = 148.266
ROUND 247 A#46 and B#4 = 88.039
ROUND 248 A#47 and B#4 = 206.437
ROUND 249 A#48 and B#4 = 79.2376
ROUND 250 A#49 and B#4 = 166.577
ROUND 251 A#0 and B#5 = 338.787
ROUND 252 A#1 and B#5 = 317.462
ROUND 253 A#2 and B#5 = 317.065
ROUND 254 A#3 and B#5 = 205.468
ROUND 255 A#4 and B#5 = 273.4
ROUND 256 A#5 and B#5 = 302.779
ROUND 257 A#6 and B#5 = 304.605
ROUND 258 A#7 and B#5 = 138.969
ROUND 259 A#8 and B#5 = 90.7143
ROUND 260 A#9 and B#5 = 90.5483
ROUND 261 A#10 and B#5 = 103.293
ROUND 262 A#11 and B#5 = 291.085
ROUND 263 A#12 and B#5 = 112.285
ROUND 264 A#13 and B#5 = 234.397
ROUND 265 A#14 and B#5 = 255.041
ROUND 266 A#15 and B#5 = 271.312
ROUND 267 A#16 and B#5 = 152.921
ROUND 268 A#17 and B#5 = 271.123
ROUND 269 A#18 and B#5 = 270.641
ROUND 270 A#19 and B#5 = 358.037
ROUND 271 A#20 and B#5 = 271.307
ROUND 272 A#21 and B#5 = 270.065
ROUND 273 A#22 and B#5 = 145.324
ROUND 274 A#23 and B#5 = 104.207
ROUND 275 A#24 and B#5 = 115.771
ROUND 276 A#25 and B#5 = 337.436
ROUND 277 A#26 and B#5 = 278.382
ROUND 278 A#27 and B#5 = 145.601
ROUND 279 A#28 and B#5 = 139.225
ROUND 280 A#29 and B#5 = 332.505
ROUND 281 A#30 and B#5 = 263.487
ROUND 282 A#31 and B#5 = 140.423
ROUND 283 A#32 and B#5 = 121.199
ROUND 284 A#33 and B#5 = 142.621
ROUND 285 A#34 and B#5 = 107.122
ROUND 286 A#35 and B#5 = 17.3436
ROUND 287 A#36 and B#5 = 308.891
ROUND 288 A#37 and B#5 = 151.375
ROUND 289 A#38 and B#5 = 145.066
ROUND 290 A#39 and B#5 = 153.787
ROUND 291 A#40 and B#5 = 115.692
ROUND 292 A#41 and B#5 = 266.051
ROUND 293 A#42 and B#5 = 325.529
ROUND 294 A#43 and B#5 = 240.737
ROUND 295 A#44 and B#5 = 229.761
ROUND 296 A#45 and B#5 = 238.507
ROUND 297 A#46 and B#5 = 103.636
ROUND 298 A#47 and B#5 = 255.532
ROUND 299 A#48 and B#5 = 310.103
ROUND 300 A#49 and B#5 = 245.692
ROUND 301 A#0 and B#6 = 194.974
ROUND 302 A#1 and B#6 = 250.876
ROUND 303 A#2 and B#6 = 250.617
ROUND 304 A#3 and B#6 = 288.811
ROUND 305 A#4 and B#6 = 357.236
ROUND 306 A#5 and B#6 = 327.391
ROUND 307 A#6 and B#6 = 327.69
ROUND 308 A#7 and B#6 = 115.964
ROUND 309 A#8 and B#6 = 44.4952
ROUND 310 A#9 and B#6 = 44.4004
ROUND 311 A#10 and B#6 = 313.026
ROUND 312 A#11 and B#6 = 292.822
ROUND 313 A#12 and B#6 = 252.242
ROUND 314 A#13 and B#6 = 304.048
ROUND 315 A#14 and B#6 = 108.377
ROUND 316 A#15 and B#6 = 269.052
ROUND 317 A#16 and B#6 = 266.176
ROUND 318 A#17 and B#6 = 274.936
ROUND 319 A#18 and B#6 = 274.992
ROUND 320 A#19 and B#6 = 267.388
ROUND 321 A#20 and B#6 = 256.903
ROUND 322 A#21 and B#6 = 278.228
ROUND 323 A#22 and B#6 = 257.168
ROUND 324 A#23 and B#6 = 257.642
ROUND 325 A#24 and B#6 = 295.343
ROUND 326 A#25 and B#6 = 328.779
ROUND 327 A#26 and B#6 = 318.101
ROUND 328 A#27 and B#6 = 99.0563
ROUND 329 A#28 and B#6 = 252.644
ROUND 330 A#29 and B#6 = 272.92
ROUND 331 A#30 and B#6 = 294.262
ROUND 332 A#31 and B#6 = 303.255
ROUND 333 A#32 and B#6 = 113.863
ROUND 334 A#33 and B#6 = 147.451
ROUND 335 A#34 and B#6 = 169.893
ROUND 336 A#35 and B#6 = 259.542
ROUND 337 A#36 and B#6 = 331.688
ROUND 338 A#37 and B#6 = 373.861
ROUND 339 A#38 and B#6 = 156.247
ROUND 340 A#39 and B#6 = 176.32
ROUND 341 A#40 and B#6 = 142.198
ROUND 342 A#41 and B#6 = 189.267
ROUND 343 A#42 and B#6 = 305.262
ROUND 344 A#43 and B#6 = 253.027
ROUND 345 A#44 and B#6 = 255.31
ROUND 346 A#45 and B#6 = 121.625
ROUND 347 A#46 and B#6 = 244.443
ROUND 348 A#47 and B#6 = -183.857
ROUND 349 A#48 and B#6 = 112.995
ROUND 350 A#49 and B#6 = 150.241
ROUND 351 A#0 and B#7 = 354.113
ROUND 352 A#1 and B#7 = 337.767
ROUND 353 A#2 and B#7 = 337.688
ROUND 354 A#3 and B#7 = 170.324
ROUND 355 A#4 and B#7 = 125.416
ROUND 356 A#5 and B#7 = 280.376
ROUND 357 A#6 and B#7 = 279.634
ROUND 358 A#7 and B#7 = 261.281
ROUND 359 A#8 and B#7 = 166.52
ROUND 360 A#9 and B#7 = 166.549
ROUND 361 A#10 and B#7 = 160.722
ROUND 362 A#11 and B#7 = 292.774
ROUND 363 A#12 and B#7 = 336.68
ROUND 364 A#13 and B#7 = 198.604
ROUND 365 A#14 and B#7 = 254.803
ROUND 366 A#15 and B#7 = 141.282
ROUND 367 A#16 and B#7 = 202.042
ROUND 368 A#17 and B#7 = 332.171
ROUND 369 A#18 and B#7 = 369.421
ROUND 370 A#19 and B#7 = 340.716
ROUND 371 A#20 and B#7 = 399.23
ROUND 372 A#21 and B#7 = 379.424
ROUND 373 A#22 and B#7 = 130.925
ROUND 374 A#23 and B#7 = 130.592
ROUND 375 A#24 and B#7 = 121.384
ROUND 376 A#25 and B#7 = 260.455
ROUND 377 A#26 and B#7 = 137.054
ROUND 378 A#27 and B#7 = 157.915
ROUND 379 A#28 and B#7 = 367.757
ROUND 380 A#29 and B#7 = 307.556
ROUND 381 A#30 and B#7 = 270.344
ROUND 382 A#31 and B#7 = 150.634
ROUND 383 A#32 and B#7 = 109.85
ROUND 384 A#33 and B#7 = 145.981
ROUND 385 A#34 and B#7 = 121.326
ROUND 386 A#35 and B#7 = 319.071
ROUND 387 A#36 and B#7 = 153.46
ROUND 388 A#37 and B#7 = 115.574
ROUND 389 A#38 and B#7 = 94.7457
ROUND 390 A#39 and B#7 = -2.4363
ROUND 391 A#40 and B#7 = 133.158
ROUND 392 A#41 and B#7 = 94.594
ROUND 393 A#42 and B#7 = 260.993
ROUND 394 A#43 and B#7 = -2.22375e-314
ROUND 395 A#44 and B#7 = 226.632
ROUND 396 A#45 and B#7 = 174.78
ROUND 397 A#46 and B#7 = 237.867
ROUND 398 A#47 and B#7 = 202.233
ROUND 399 A#48 and B#7 = 78.4785
ROUND 400 A#49 and B#7 = 98.2138
ROUND 401 A#0 and B#8 = -26.3412
ROUND 402 A#1 and B#8 = -14.1393
ROUND 403 A#2 and B#8 = -13.7001
ROUND 404 A#3 and B#8 = 279.655
ROUND 405 A#4 and B#8 = 293.292
ROUND 406 A#5 and B#8 = 284.108
ROUND 407 A#6 and B#8 = 283.763
ROUND 408 A#7 and B#8 = 135.649
ROUND 409 A#8 and B#8 = 95.5383
ROUND 410 A#9 and B#8 = 95.4481
ROUND 411 A#10 and B#8 = 175.558
ROUND 412 A#11 and B#8 = 133.056
ROUND 413 A#12 and B#8 = 118.265
ROUND 414 A#13 and B#8 = 305.496
ROUND 415 A#14 and B#8 = 32.9905
ROUND 416 A#15 and B#8 = 168.439
ROUND 417 A#16 and B#8 = 117.67
ROUND 418 A#17 and B#8 = 113.636
ROUND 419 A#18 and B#8 = 115.058
ROUND 420 A#19 and B#8 = 287.634
ROUND 421 A#20 and B#8 = 113.167
ROUND 422 A#21 and B#8 = 112.924
ROUND 423 A#22 and B#8 = 121.906
ROUND 424 A#23 and B#8 = 118.96
ROUND 425 A#24 and B#8 = 120.805
ROUND 426 A#25 and B#8 = 368.872
ROUND 427 A#26 and B#8 = 94.46
ROUND 428 A#27 and B#8 = 114.767
ROUND 429 A#28 and B#8 = 121.285
ROUND 430 A#29 and B#8 = 268.387
ROUND 431 A#30 and B#8 = 217.871
ROUND 432 A#31 and B#8 = 172.501
ROUND 433 A#32 and B#8 = 96.9288
ROUND 434 A#33 and B#8 = 97.7605
ROUND 435 A#34 and B#8 = 114.044
ROUND 436 A#35 and B#8 = 101.772
ROUND 437 A#36 and B#8 = 101.574
ROUND 438 A#37 and B#8 = 201.253
ROUND 439 A#38 and B#8 = 103.117
ROUND 440 A#39 and B#8 = 102.971
ROUND 441 A#40 and B#8 = 161.467
ROUND 442 A#41 and B#8 = 93.2559
ROUND 443 A#42 and B#8 = 279.605
ROUND 444 A#43 and B#8 = 237.798
ROUND 445 A#44 and B#8 = 98.9532
ROUND 446 A#45 and B#8 = 102.22
ROUND 447 A#46 and B#8 = 112.303
ROUND 448 A#47 and B#8 = 96.4579
ROUND 449 A#48 and B#8 = 221.068
ROUND 450 A#49 and B#8 = 103.506
ROUND 451 A#0 and B#9 = 1.56511
ROUND 452 A#1 and B#9 = 330.507
ROUND 453 A#2 and B#9 = -19.1448
ROUND 454 A#3 and B#9 = 281.431
ROUND 455 A#4 and B#9 = 189.019
ROUND 456 A#5 and B#9 = 285.864
ROUND 457 A#6 and B#9 = 285.558
ROUND 458 A#7 and B#9 = 135.629
ROUND 459 A#8 and B#9 = 280.238
ROUND 460 A#9 and B#9 = 280.461
ROUND 461 A#10 and B#9 = 163.89
ROUND 462 A#11 and B#9 = 271.901
ROUND 463 A#12 and B#9 = 117.372
ROUND 464 A#13 and B#9 = 306.066
ROUND 465 A#14 and B#9 = 31.9582
ROUND 466 A#15 and B#9 = 166.955
ROUND 467 A#16 and B#9 = 117.785
ROUND 468 A#17 and B#9 = 112.882
ROUND 469 A#18 and B#9 = 115.081
ROUND 470 A#19 and B#9 = 294.452
ROUND 471 A#20 and B#9 = 113.201
ROUND 472 A#21 and B#9 = 111.51
ROUND 473 A#22 and B#9 = 121.888
ROUND 474 A#23 and B#9 = 121.93
ROUND 475 A#24 and B#9 = 121.03
ROUND 476 A#25 and B#9 = 84.0983
ROUND 477 A#26 and B#9 = 236.027
ROUND 478 A#27 and B#9 = 114.791
ROUND 479 A#28 and B#9 = 265.767
ROUND 480 A#29 and B#9 = 268.326
ROUND 481 A#30 and B#9 = 212.72
ROUND 482 A#31 and B#9 = 171.903
ROUND 483 A#32 and B#9 = 90.4676
ROUND 484 A#33 and B#9 = 97.1872
ROUND 485 A#34 and B#9 = 79.6777
ROUND 486 A#35 and B#9 = 100.677
ROUND 487 A#36 and B#9 = 101.611
ROUND 488 A#37 and B#9 = 202.309
ROUND 489 A#38 and B#9 = 101.721
ROUND 490 A#39 and B#9 = 101.411
ROUND 491 A#40 and B#9 = 161.104
ROUND 492 A#41 and B#9 = 103.111
ROUND 493 A#42 and B#9 = 279.426
ROUND 494 A#43 and B#9 = 238.019
ROUND 495 A#44 and B#9 = 98.8722
ROUND 496 A#45 and B#9 = 102.164
ROUND 497 A#46 and B#9 = 113.996
ROUND 498 A#47 and B#9 = 96.2815
ROUND 499 A#48 and B#9 = 221.578
ROUND 500 A#49 and B#9 = 100.088
ROUND 501 A#0 and B#10 = 346.842
ROUND 502 A#1 and B#10 = 319.416
ROUND 503 A#2 and B#10 = 319.041
ROUND 504 A#3 and B#10 = 250.914
ROUND 505 A#4 and B#10 = 273.898
ROUND 506 A#5 and B#10 = 304.865
ROUND 507 A#6 and B#10 = 306.712
ROUND 508 A#7 and B#10 = 117.653
ROUND 509 A#8 and B#10 = 102.643
ROUND 510 A#9 and B#10 = 102.615
ROUND 511 A#10 and B#10 = 105.761
ROUND 512 A#11 and B#10 = 178.599
ROUND 513 A#12 and B#10 = 340.105
ROUND 514 A#13 and B#10 = 263.701
ROUND 515 A#14 and B#10 = 276.506
ROUND 516 A#15 and B#10 = 271.228
ROUND 517 A#16 and B#10 = 121.225
ROUND 518 A#17 and B#10 = 177.985
ROUND 519 A#18 and B#10 = 120.729
ROUND 520 A#19 and B#10 = 358.692
ROUND 521 A#20 and B#10 = 368.785
ROUND 522 A#21 and B#10 = 129.706
ROUND 523 A#22 and B#10 = 91.7874
ROUND 524 A#23 and B#10 = 91.805
ROUND 525 A#24 and B#10 = 116.1
ROUND 526 A#25 and B#10 = 47.2622
ROUND 527 A#26 and B#10 = 307.57
ROUND 528 A#27 and B#10 = 146.418
ROUND 529 A#28 and B#10 = 145.015
ROUND 530 A#29 and B#10 = 333.162
ROUND 531 A#30 and B#10 = 290.179
ROUND 532 A#31 and B#10 = 137.669
ROUND 533 A#32 and B#10 = 94.1616
ROUND 534 A#33 and B#10 = 80.6507
ROUND 535 A#34 and B#10 = 113.982
ROUND 536 A#35 and B#10 = 281.488
ROUND 537 A#36 and B#10 = -0.628147
ROUND 538 A#37 and B#10 = 170.605
ROUND 539 A#38 and B#10 = 143.47
ROUND 540 A#39 and B#10 = 151.734
ROUND 541 A#40 and B#10 = 115.627
ROUND 542 A#41 and B#10 = 270.895
ROUND 543 A#42 and B#10 = 94.6627
ROUND 544 A#43 and B#10 = 270.49
ROUND 545 A#44 and B#10 = 229.328
ROUND 546 A#45 and B#10 = 207.901
ROUND 547 A#46 and B#10 = 106.711
ROUND 548 A#47 and B#10 = 45.2695
ROUND 549 A#48 and B#10 = 266.985
ROUND 550 A#49 and B#10 = 238.044
ROUND 551 A#0 and B#11 = 354.025
ROUND 552 A#1 and B#11 = 336.207
ROUND 553 A#2 and B#11 = 336.075
ROUND 554 A#3 and B#11 = 171.679
ROUND 555 A#4 and B#11 = 158.557
ROUND 556 A#5 and B#11 = 280.097
ROUND 557 A#6 and B#11 = 279.177
ROUND 558 A#7 and B#11 = 202.909
ROUND 559 A#8 and B#11 = 141.187
ROUND 560 A#9 and B#11 = 141.199
ROUND 561 A#10 and B#11 = 136.77
ROUND 562 A#11 and B#11 = 292.624
ROUND 563 A#12 and B#11 = 336.419
ROUND 564 A#13 and B#11 = 348.257
ROUND 565 A#14 and B#11 = 254.755
ROUND 566 A#15 and B#11 = 138.577
ROUND 567 A#16 and B#11 = 191.404
ROUND 568 A#17 and B#11 = 331.115
ROUND 569 A#18 and B#11 = 367.867
ROUND 570 A#19 and B#11 = 350.016
ROUND 571 A#20 and B#11 = 398.315
ROUND 572 A#21 and B#11 = 379.259
ROUND 573 A#22 and B#11 = 130.429
ROUND 574 A#23 and B#11 = 130.269
ROUND 575 A#24 and B#11 = 121.501
ROUND 576 A#25 and B#11 = 263.009
ROUND 577 A#26 and B#11 = 136.374
ROUND 578 A#27 and B#11 = 121.505
ROUND 579 A#28 and B#11 = 367.032
ROUND 580 A#29 and B#11 = 304.846
ROUND 581 A#30 and B#11 = 265.865
ROUND 582 A#31 and B#11 = 149.316
ROUND 583 A#32 and B#11 = 109.646
ROUND 584 A#33 and B#11 = 147.676
ROUND 585 A#34 and B#11 = 121.525
ROUND 586 A#35 and B#11 = 319.216
ROUND 587 A#36 and B#11 = 312.817
ROUND 588 A#37 and B#11 = 118.687
ROUND 589 A#38 and B#11 = -23.9827
ROUND 590 A#39 and B#11 = 114.425
ROUND 591 A#40 and B#11 = 130.936
ROUND 592 A#41 and B#11 = 41.8791
ROUND 593 A#42 and B#11 = 169.986
ROUND 594 A#43 and B#11 = -4.5454e-322
ROUND 595 A#44 and B#11 = 227.072
ROUND 596 A#45 and B#11 = 175.37
ROUND 597 A#46 and B#11 = 108.947
ROUND 598 A#47 and B#11 = 201.811
ROUND 599 A#48 and B#11 = 262.789
ROUND 600 A#49 and B#11 = 99.8053
ROUND 601 A#0 and B#12 = 115.671
ROUND 602 A#1 and B#12 = 184.676
ROUND 603 A#2 and B#12 = 184.372
ROUND 604 A#3 and B#12 = 300.075
ROUND 605 A#4 and B#12 = 231.578
ROUND 606 A#5 and B#12 = 283.823
ROUND 607 A#6 and B#12 = 285.566
ROUND 608 A#7 and B#12 = 154.058
ROUND 609 A#8 and B#12 = 158.839
ROUND 610 A#9 and B#12 = 158.871
ROUND 611 A#10 and B#12 = 293.622
ROUND 612 A#11 and B#12 = 289.961
ROUND 613 A#12 and B#12 = 131.354
ROUND 614 A#13 and B#12 = 191.71
ROUND 615 A#14 and B#12 = 231.021
ROUND 616 A#15 and B#12 = 279.576
ROUND 617 A#16 and B#12 = 107.065
ROUND 618 A#17 and B#12 = 270.063
ROUND 619 A#18 and B#12 = 269.795
ROUND 620 A#19 and B#12 = 276.856
ROUND 621 A#20 and B#12 = 293.063
ROUND 622 A#21 and B#12 = 267.289
ROUND 623 A#22 and B#12 = 121.187
ROUND 624 A#23 and B#12 = 121.252
ROUND 625 A#24 and B#12 = 121.915
ROUND 626 A#25 and B#12 = 90.6124
ROUND 627 A#26 and B#12 = 51.2649
ROUND 628 A#27 and B#12 = 121.968
ROUND 629 A#28 and B#12 = 268.98
ROUND 630 A#29 and B#12 = 301.152
ROUND 631 A#30 and B#12 = 226.346
ROUND 632 A#31 and B#12 = 137.511
ROUND 633 A#32 and B#12 = 121.831
ROUND 634 A#33 and B#12 = 103.89
ROUND 635 A#34 and B#12 = 119.822
ROUND 636 A#35 and B#12 = 98.1458
ROUND 637 A#36 and B#12 = 246.025
ROUND 638 A#37 and B#12 = 179.122
ROUND 639 A#38 and B#12 = 120.256
ROUND 640 A#39 and B#12 = 149.866
ROUND 641 A#40 and B#12 = 101.054
ROUND 642 A#41 and B#12 = 288.202
ROUND 643 A#42 and B#12 = 245.961
ROUND 644 A#43 and B#12 = 240.789
ROUND 645 A#44 and B#12 = 90.6637
ROUND 646 A#45 and B#12 = 220.811
ROUND 647 A#46 and B#12 = 33.9131
ROUND 648 A#47 and B#12 = 257.553
ROUND 649 A#48 and B#12 = 309.34
ROUND 650 A#49 and B#12 = 100.504
ROUND 651 A#0 and B#13 = -41.9294
ROUND 652 A#1 and B#13 = 251.942
ROUND 653 A#2 and B#13 = 252.08
ROUND 654 A#3 and B#13 = 272.797
ROUND 655 A#4 and B#13 = 270.13
ROUND 656 A#5 and B#13 = 287.94
ROUND 657 A#6 and B#13 = 288.588
ROUND 658 A#7 and B#13 = 115.394
ROUND 659 A#8 and B#13 = 82.3125
ROUND 660 A#9 and B#13 = 82.0783
ROUND 661 A#10 and B#13 = 103.507
ROUND 662 A#11 and B#13 = 348.769
ROUND 663 A#12 and B#13 = 283.797
ROUND 664 A#13 and B#13 = 287.769
ROUND 665 A#14 and B#13 = 89.4715
ROUND 666 A#15 and B#13 = 127.014
ROUND 667 A#16 and B#13 = 121.688
ROUND 668 A#17 and B#13 = 114.154
ROUND 669 A#18 and B#13 = 114.301
ROUND 670 A#19 and B#13 = 288.621
ROUND 671 A#20 and B#13 = 285.253
ROUND 672 A#21 and B#13 = 282.553
ROUND 673 A#22 and B#13 = 110.441
ROUND 674 A#23 and B#13 = 110.383
ROUND 675 A#24 and B#13 = 306.102
ROUND 676 A#25 and B#13 = 279.882
ROUND 677 A#26 and B#13 = 45.6834
ROUND 678 A#27 and B#13 = -119.089
ROUND 679 A#28 and B#13 = 145.725
ROUND 680 A#29 and B#13 = 268.774
ROUND 681 A#30 and B#13 = 306.122
ROUND 682 A#31 and B#13 = 159.409
ROUND 683 A#32 and B#13 = 116.078
ROUND 684 A#33 and B#13 = 99.2806
ROUND 685 A#34 and B#13 = 83.9989
ROUND 686 A#35 and B#13 = 260.086
ROUND 687 A#36 and B#13 = 130.617
ROUND 688 A#37 and B#13 = 142.392
ROUND 689 A#38 and B#13 = 74.7167
ROUND 690 A#39 and B#13 = 74.028
ROUND 691 A#40 and B#13 = 197.947
ROUND 692 A#41 and B#13 = 90.7738
ROUND 693 A#42 and B#13 = 314.548
ROUND 694 A#43 and B#13 = 236.812
ROUND 695 A#44 and B#13 = 291.431
ROUND 696 A#45 and B#13 = 234.586
ROUND 697 A#46 and B#13 = 67.7973
ROUND 698 A#47 and B#13 = 251.207
ROUND 699 A#48 and B#13 = 302.812
ROUND 700 A#49 and B#13 = 98.5133
ROUND 701 A#0 and B#14 = 338.963
ROUND 702 A#1 and B#14 = 316.622
ROUND 703 A#2 and B#14 = 316.215
ROUND 704 A#3 and B#14 = 252.131
ROUND 705 A#4 and B#14 = 273.022
ROUND 706 A#5 and B#14 = 296.675
ROUND 707 A#6 and B#14 = 298.214
ROUND 708 A#7 and B#14 = 116.858
ROUND 709 A#8 and B#14 = 121.789
ROUND 710 A#9 and B#14 = 121.79
ROUND 711 A#10 and B#14 = 106.279
ROUND 712 A#11 and B#14 = 293.217
ROUND 713 A#12 and B#14 = 338.682
ROUND 714 A#13 and B#14 = 263.924
ROUND 715 A#14 and B#14 = 276.765
ROUND 716 A#15 and B#14 = 271.221
ROUND 717 A#16 and B#14 = 121.459
ROUND 718 A#17 and B#14 = 297.058
ROUND 719 A#18 and B#14 = 120.707
ROUND 720 A#19 and B#14 = 356.615
ROUND 721 A#20 and B#14 = 368.993
ROUND 722 A#21 and B#14 = 135.397
ROUND 723 A#22 and B#14 = 91.6702
ROUND 724 A#23 and B#14 = 91.6682
ROUND 725 A#24 and B#14 = 121.806
ROUND 726 A#25 and B#14 = 314.514
ROUND 727 A#26 and B#14 = 305.336
ROUND 728 A#27 and B#14 = 145.59
ROUND 729 A#28 and B#14 = 89.9752
ROUND 730 A#29 and B#14 = 331.75
ROUND 731 A#30 and B#14 = 289.968
ROUND 732 A#31 and B#14 = 139.783
ROUND 733 A#32 and B#14 = 121.173
ROUND 734 A#33 and B#14 = 81.4235
ROUND 735 A#34 and B#14 = 114.162
ROUND 736 A#35 and B#14 = 281.386
ROUND 737 A#36 and B#14 = 308.702
ROUND 738 A#37 and B#14 = 87.9544
ROUND 739 A#38 and B#14 = 130.31
ROUND 740 A#39 and B#14 = 145.348
ROUND 741 A#40 and B#14 = 110.64
ROUND 742 A#41 and B#14 = 274.821
ROUND 743 A#42 and B#14 = 94.7223
ROUND 744 A#43 and B#14 = 270.238
ROUND 745 A#44 and B#14 = 229.671
ROUND 746 A#45 and B#14 = 239.34
ROUND 747 A#46 and B#14 = 107.846
ROUND 748 A#47 and B#14 = 45.9164
ROUND 749 A#48 and B#14 = 268.692
ROUND 750 A#49 and B#14 = 238.744
ROUND 751 A#0 and B#15 = 197.188
ROUND 752 A#1 and B#15 = 253.553
ROUND 753 A#2 and B#15 = 253.267
ROUND 754 A#3 and B#15 = 286.805
ROUND 755 A#4 and B#15 = 357.052
ROUND 756 A#5 and B#15 = 326.461
ROUND 757 A#6 and B#15 = 326.834
ROUND 758 A#7 and B#15 = 115.522
ROUND 759 A#8 and B#15 = 71.5859
ROUND 760 A#9 and B#15 = 71.5927
ROUND 761 A#10 and B#15 = 312.712
ROUND 762 A#11 and B#15 = 292.997
ROUND 763 A#12 and B#15 = 311.199
ROUND 764 A#13 and B#15 = 301.603
ROUND 765 A#14 and B#15 = 108.222
ROUND 766 A#15 and B#15 = 269.378
ROUND 767 A#16 and B#15 = 265.893
ROUND 768 A#17 and B#15 = 273.624
ROUND 769 A#18 and B#15 = 274.126
ROUND 770 A#19 and B#15 = 266.847
ROUND 771 A#20 and B#15 = 255.92
ROUND 772 A#21 and B#15 = 278.019
ROUND 773 A#22 and B#15 = 257.488
ROUND 774 A#23 and B#15 = 257.886
ROUND 775 A#24 and B#15 = 295.397
ROUND 776 A#25 and B#15 = 329.375
ROUND 777 A#26 and B#15 = 316.766
ROUND 778 A#27 and B#15 = 99.0177
ROUND 779 A#28 and B#15 = 252.053
ROUND 780 A#29 and B#15 = 269.749
ROUND 781 A#30 and B#15 = 294.997
ROUND 782 A#31 and B#15 = 304.011
ROUND 783 A#32 and B#15 = 113.489
ROUND 784 A#33 and B#15 = 144.861
ROUND 785 A#34 and B#15 = 168.857
ROUND 786 A#35 and B#15 = 261.527
ROUND 787 A#36 and B#15 = 88.43
ROUND 788 A#37 and B#15 = 374.01
ROUND 789 A#38 and B#15 = 155.115
ROUND 790 A#39 and B#15 = 175.204
ROUND 791 A#40 and B#15 = 142.898
ROUND 792 A#41 and B#15 = 189.142
ROUND 793 A#42 and B#15 = 303.999
ROUND 794 A#43 and B#15 = 255.016
ROUND 795 A#44 and B#15 = 256.755
ROUND 796 A#45 and B#15 = 124.622
ROUND 797 A#46 and B#15 = 243.512
ROUND 798 A#47 and B#15 = -180.066
ROUND 799 A#48 and B#15 = 226.355
ROUND 800 A#49 and B#15 = 286.178
ROUND 801 A#0 and B#16 = 317.51
ROUND 802 A#1 and B#16 = 287.796
ROUND 803 A#2 and B#16 = 287.399
ROUND 804 A#3 and B#16 = 160.928
ROUND 805 A#4 and B#16 = 203.713
ROUND 806 A#5 and B#16 = 290.86
ROUND 807 A#6 and B#16 = 290.429
ROUND 808 A#7 and B#16 = 212.72
ROUND 809 A#8 and B#16 = 128.413
ROUND 810 A#9 and B#16 = 128.464
ROUND 811 A#10 and B#16 = 124.181
ROUND 812 A#11 and B#16 = 275.325
ROUND 813 A#12 and B#16 = 171.159
ROUND 814 A#13 and B#16 = 192.529
ROUND 815 A#14 and B#16 = 316.496
ROUND 816 A#15 and B#16 = 132.169
ROUND 817 A#16 and B#16 = 174.098
ROUND 818 A#17 and B#16 = 257.378
ROUND 819 A#18 and B#16 = 274.544
ROUND 820 A#19 and B#16 = 211.991
ROUND 821 A#20 and B#16 = 373.995
ROUND 822 A#21 and B#16 = 350.814
ROUND 823 A#22 and B#16 = 166.578
ROUND 824 A#23 and B#16 = 166.32
ROUND 825 A#24 and B#16 = 159.289
ROUND 826 A#25 and B#16 = 357.823
ROUND 827 A#26 and B#16 = 241.082
ROUND 828 A#27 and B#16 = 168.441
ROUND 829 A#28 and B#16 = 155.674
ROUND 830 A#29 and B#16 = 327.049
ROUND 831 A#30 and B#16 = 262.768
ROUND 832 A#31 and B#16 = 136.898
ROUND 833 A#32 and B#16 = 119.857
ROUND 834 A#33 and B#16 = 135.712
ROUND 835 A#34 and B#16 = 144.347
ROUND 836 A#35 and B#16 = 158.7
ROUND 837 A#36 and B#16 = 385.687
ROUND 838 A#37 and B#16 = -2.06475
ROUND 839 A#38 and B#16 = 90.5524
ROUND 840 A#39 and B#16 = 101.898
ROUND 841 A#40 and B#16 = 127.047
ROUND 842 A#41 and B#16 = 216.367
ROUND 843 A#42 and B#16 = 99.6967
ROUND 844 A#43 and B#16 = 270.273
ROUND 845 A#44 and B#16 = 161.269
ROUND 846 A#45 and B#16 = 124.766
ROUND 847 A#46 and B#16 = 114.334
ROUND 848 A#47 and B#16 = 211.199
ROUND 849 A#48 and B#16 = 62.3573
ROUND 850 A#49 and B#16 = 164.066
ROUND 851 A#0 and B#17 = -131.644
ROUND 852 A#1 and B#17 = 185.616
ROUND 853 A#2 and B#17 = 185.279
ROUND 854 A#3 and B#17 = 299.536
ROUND 855 A#4 and B#17 = 232.036
ROUND 856 A#5 and B#17 = 236.324
ROUND 857 A#6 and B#17 = 284.477
ROUND 858 A#7 and B#17 = 161.262
ROUND 859 A#8 and B#17 = 71.3737
ROUND 860 A#9 and B#17 = 71.3178
ROUND 861 A#10 and B#17 = 293.47
ROUND 862 A#11 and B#17 = 299.003
ROUND 863 A#12 and B#17 = 136.239
ROUND 864 A#13 and B#17 = 189.227
ROUND 865 A#14 and B#17 = 75.807
ROUND 866 A#15 and B#17 = 270.326
ROUND 867 A#16 and B#17 = 105.879
ROUND 868 A#17 and B#17 = 270.266
ROUND 869 A#18 and B#17 = 270.155
ROUND 870 A#19 and B#17 = 263.005
ROUND 871 A#20 and B#17 = 293.11
ROUND 872 A#21 and B#17 = 284.733
ROUND 873 A#22 and B#17 = 121.546
ROUND 874 A#23 and B#17 = 121.171
ROUND 875 A#24 and B#17 = 121.692
ROUND 876 A#25 and B#17 = 51.613
ROUND 877 A#26 and B#17 = 372.8
ROUND 878 A#27 and B#17 = 121.912
ROUND 879 A#28 and B#17 = 268.159
ROUND 880 A#29 and B#17 = 300.759
ROUND 881 A#30 and B#17 = 237.419
ROUND 882 A#31 and B#17 = 136.591
ROUND 883 A#32 and B#17 = 56.3932
ROUND 884 A#33 and B#17 = 109.85
ROUND 885 A#34 and B#17 = 116.19
ROUND 886 A#35 and B#17 = 99.8622
ROUND 887 A#36 and B#17 = 246.442
ROUND 888 A#37 and B#17 = 181.078
ROUND 889 A#38 and B#17 = 89.3933
ROUND 890 A#39 and B#17 = 89.1844
ROUND 891 A#40 and B#17 = 100.44
ROUND 892 A#41 and B#17 = 286.109
ROUND 893 A#42 and B#17 = 110.764
ROUND 894 A#43 and B#17 = 240.707
ROUND 895 A#44 and B#17 = 90.7827
ROUND 896 A#45 and B#17 = 223.425
ROUND 897 A#46 and B#17 = 205.225
ROUND 898 A#47 and B#17 = 257.827
ROUND 899 A#48 and B#17 = 308.573
ROUND 900 A#49 and B#17 = 83.6063
ROUND 901 A#0 and B#18 = 151.835
ROUND 902 A#1 and B#18 = 301.318
ROUND 903 A#2 and B#18 = 301.673
ROUND 904 A#3 and B#18 = 304.866
ROUND 905 A#4 and B#18 = 170.295
ROUND 906 A#5 and B#18 = 325.737
ROUND 907 A#6 and B#18 = 327.475
ROUND 908 A#7 and B#18 = 300.056
ROUND 909 A#8 and B#18 = 133.879
ROUND 910 A#9 and B#18 = 133.895
ROUND 911 A#10 and B#18 = 134.358
ROUND 912 A#11 and B#18 = 322.009
ROUND 913 A#12 and B#18 = 129.712
ROUND 914 A#13 and B#18 = 195.937
ROUND 915 A#14 and B#18 = 242.073
ROUND 916 A#15 and B#18 = 278.442
ROUND 917 A#16 and B#18 = 165.451
ROUND 918 A#17 and B#18 = 301.536
ROUND 919 A#18 and B#18 = 299.12
ROUND 920 A#19 and B#18 = 379.308
ROUND 921 A#20 and B#18 = 278.432
ROUND 922 A#21 and B#18 = 308.341
ROUND 923 A#22 and B#18 = 131.76
ROUND 924 A#23 and B#18 = 120.68
ROUND 925 A#24 and B#18 = 118.838
ROUND 926 A#25 and B#18 = 329.681
ROUND 927 A#26 and B#18 = 190.464
ROUND 928 A#27 and B#18 = 120.258
ROUND 929 A#28 and B#18 = 84.4359
ROUND 930 A#29 and B#18 = 290.634
ROUND 931 A#30 and B#18 = 295.381
ROUND 932 A#31 and B#18 = 139.414
ROUND 933 A#32 and B#18 = 92.6974
ROUND 934 A#33 and B#18 = -9.26008
ROUND 935 A#34 and B#18 = 134.756
ROUND 936 A#35 and B#18 = 136.688
ROUND 937 A#36 and B#18 = 278.85
ROUND 938 A#37 and B#18 = 304.029
ROUND 939 A#38 and B#18 = 167.497
ROUND 940 A#39 and B#18 = 102.54
ROUND 941 A#40 and B#18 = 141.105
ROUND 942 A#41 and B#18 = 352.01
ROUND 943 A#42 and B#18 = 101.832
ROUND 944 A#43 and B#18 = 282.296
ROUND 945 A#44 and B#18 = 230.536
ROUND 946 A#45 and B#18 = 205.078
ROUND 947 A#46 and B#18 = 110.273
ROUND 948 A#47 and B#18 = 190.347
ROUND 949 A#48 and B#18 = 340.207
ROUND 950 A#49 and B#18 = 75.8502
ROUND 951 A#0 and B#19 = 150.784
ROUND 952 A#1 and B#19 = 288.227
ROUND 953 A#2 and B#19 = 287.85
ROUND 954 A#3 and B#19 = 325.248
ROUND 955 A#4 and B#19 = 329.029
ROUND 956 A#5 and B#19 = 315.301
ROUND 957 A#6 and B#19 = 311.456
ROUND 958 A#7 and B#19 = 266.805
ROUND 959 A#8 and B#19 = 314.617
ROUND 960 A#9 and B#19 = 314.214
ROUND 961 A#10 and B#19 = 266.896
ROUND 962 A#11 and B#19 = 320.036
ROUND 963 A#12 and B#19 = 116.966
ROUND 964 A#13 and B#19 = 314.296
ROUND 965 A#14 and B#19 = 289.2
ROUND 966 A#15 and B#19 = 277.542
ROUND 967 A#16 and B#19 = 156.397
ROUND 968 A#17 and B#19 = 260.527
ROUND 969 A#18 and B#19 = 257.953
ROUND 970 A#19 and B#19 = 326.456
ROUND 971 A#20 and B#19 = 238.875
ROUND 972 A#21 and B#19 = 240.017
ROUND 973 A#22 and B#19 = 238.626
ROUND 974 A#23 and B#19 = 238.458
ROUND 975 A#24 and B#19 = 256.979
ROUND 976 A#25 and B#19 = 314.019
ROUND 977 A#26 and B#19 = 117.613
ROUND 978 A#27 and B#19 = 275.909
ROUND 979 A#28 and B#19 = 259.581
ROUND 980 A#29 and B#19 = 315.006
ROUND 981 A#30 and B#19 = 304.817
ROUND 982 A#31 and B#19 = 114.023
ROUND 983 A#32 and B#19 = 86.5982
ROUND 984 A#33 and B#19 = 158.165
ROUND 985 A#34 and B#19 = 127.462
ROUND 986 A#35 and B#19 = 260.437
ROUND 987 A#36 and B#19 = 337.735
ROUND 988 A#37 and B#19 = 50.6389
ROUND 989 A#38 and B#19 = 141.706
ROUND 990 A#39 and B#19 = 164.928
ROUND 991 A#40 and B#19 = 275.223
ROUND 992 A#41 and B#19 = 93.3132
ROUND 993 A#42 and B#19 = 282.225
ROUND 994 A#43 and B#19 = 83.6626
ROUND 995 A#44 and B#19 = 240.08
ROUND 996 A#45 and B#19 = 213.24
ROUND 997 A#46 and B#19 = 243.961
ROUND 998 A#47 and B#19 = 46.6854
ROUND 999 A#48 and B#19 = 304.532
ROUND 1000 A#49 and B#19 = 147.268
ROUND 1001 A#0 and B#20 = 342.978
ROUND 1002 A#1 and B#20 = 319.601
ROUND 1003 A#2 and B#20 = 319.222
ROUND 1004 A#3 and B#20 = 251.103
ROUND 1005 A#4 and B#20 = 273.883
ROUND 1006 A#5 and B#20 = 305.475
ROUND 1007 A#6 and B#20 = 306.954
ROUND 1008 A#7 and B#20 = 117.562
ROUND 1009 A#8 and B#20 = 92.3491
ROUND 1010 A#9 and B#20 = 92.1983
ROUND 1011 A#10 and B#20 = 105.498
ROUND 1012 A#11 and B#20 = 293.753
ROUND 1013 A#12 and B#20 = 340.353
ROUND 1014 A#13 and B#20 = 263.75
ROUND 1015 A#14 and B#20 = 276.414
ROUND 1016 A#15 and B#20 = 271.205
ROUND 1017 A#16 and B#20 = 119.987
ROUND 1018 A#17 and B#20 = 178.081
ROUND 1019 A#18 and B#20 = 121.242
ROUND 1020 A#19 and B#20 = 349.781
ROUND 1021 A#20 and B#20 = 368.711
ROUND 1022 A#21 and B#20 = 349.346
ROUND 1023 A#22 and B#20 = 91.7647
ROUND 1024 A#23 and B#20 = 91.7845
ROUND 1025 A#24 and B#20 = 121.79
ROUND 1026 A#25 and B#20 = 0
ROUND 1027 A#26 and B#20 = 306.702
ROUND 1028 A#27 and B#20 = 146.654
ROUND 1029 A#28 and B#20 = 145.355
ROUND 1030 A#29 and B#20 = 333.144
ROUND 1031 A#30 and B#20 = 290.119
ROUND 1032 A#31 and B#20 = 137.436
ROUND 1033 A#32 and B#20 = 121.255
ROUND 1034 A#33 and B#20 = 94.65
ROUND 1035 A#34 and B#20 = 112.764
ROUND 1036 A#35 and B#20 = 281.387
ROUND 1037 A#36 and B#20 = -1.98876
ROUND 1038 A#37 and B#20 = 170.192
ROUND 1039 A#38 and B#20 = 143.124
ROUND 1040 A#39 and B#20 = 151.319
ROUND 1041 A#40 and B#20 = 115.615
ROUND 1042 A#41 and B#20 = 270.778
ROUND 1043 A#42 and B#20 = 99.9827
ROUND 1044 A#43 and B#20 = 270.461
ROUND 1045 A#44 and B#20 = 229.28
ROUND 1046 A#45 and B#20 = 207.931
ROUND 1047 A#46 and B#20 = 107.034
ROUND 1048 A#47 and B#20 = 46.2354
ROUND 1049 A#48 and B#20 = 267.108
ROUND 1050 A#49 and B#20 = 237.108
ROUND 1051 A#0 and B#21 = 295.205
ROUND 1052 A#1 and B#21 = 268.215
ROUND 1053 A#2 and B#21 = 268.756
ROUND 1054 A#3 and B#21 = 363.762
ROUND 1055 A#4 and B#21 = 304.924
ROUND 1056 A#5 and B#21 = 265.354
ROUND 1057 A#6 and B#21 = 263.69
ROUND 1058 A#7 and B#21 = 260.766
ROUND 1059 A#8 and B#21 = 175.254
ROUND 1060 A#9 and B#21 = 175.221
ROUND 1061 A#10 and B#21 = 169.944
ROUND 1062 A#11 and B#21 = 338.177
ROUND 1063 A#12 and B#21 = 257.323
ROUND 1064 A#13 and B#21 = 352.069
ROUND 1065 A#14 and B#21 = 204.864
ROUND 1066 A#15 and B#21 = 270.841
ROUND 1067 A#16 and B#21 = 196.574
ROUND 1068 A#17 and B#21 = 391.077
ROUND 1069 A#18 and B#21 = 360.525
ROUND 1070 A#19 and B#21 = 271.66
ROUND 1071 A#20 and B#21 = 338.778
ROUND 1072 A#21 and B#21 = 295.081
ROUND 1073 A#22 and B#21 = 120.513
ROUND 1074 A#23 and B#21 = 120.415
ROUND 1075 A#24 and B#21 = 121.148
ROUND 1076 A#25 and B#21 = 330.222
ROUND 1077 A#26 and B#21 = 333.803
ROUND 1078 A#27 and B#21 = 139.774
ROUND 1079 A#28 and B#21 = 246.077
ROUND 1080 A#29 and B#21 = 274.142
ROUND 1081 A#30 and B#21 = 234.521
ROUND 1082 A#31 and B#21 = 132.887
ROUND 1083 A#32 and B#21 = 116.035
ROUND 1084 A#33 and B#21 = 143.478
ROUND 1085 A#34 and B#21 = 59.6472
ROUND 1086 A#35 and B#21 = 147.48
ROUND 1087 A#36 and B#21 = 309.504
ROUND 1088 A#37 and B#21 = 132.59
ROUND 1089 A#38 and B#21 = 73.2716
ROUND 1090 A#39 and B#21 = 73.1069
ROUND 1091 A#40 and B#21 = 208.846
ROUND 1092 A#41 and B#21 = 349.819
ROUND 1093 A#42 and B#21 = 280.217
ROUND 1094 A#43 and B#21 = 276.078
ROUND 1095 A#44 and B#21 = -93.3546
ROUND 1096 A#45 and B#21 = 181.178
ROUND 1097 A#46 and B#21 = 217.772
ROUND 1098 A#47 and B#21 = 229.007
ROUND 1099 A#48 and B#21 = 257.968
ROUND 1100 A#49 and B#21 = 268.994
ROUND 1101 A#0 and B#22 = 315.564
ROUND 1102 A#1 and B#22 = 338.897
ROUND 1103 A#2 and B#22 = 338.497
ROUND 1104 A#3 and B#22 = 182.09
ROUND 1105 A#4 and B#22 = 237.741
ROUND 1106 A#5 and B#22 = 293.5
ROUND 1107 A#6 and B#22 = 293.049
ROUND 1108 A#7 and B#22 = 210.958
ROUND 1109 A#8 and B#22 = 180.59
ROUND 1110 A#9 and B#22 = 180.671
ROUND 1111 A#10 and B#22 = 177.312
ROUND 1112 A#11 and B#22 = 277.388
ROUND 1113 A#12 and B#22 = 177.277
ROUND 1114 A#13 and B#22 = 217.171
ROUND 1115 A#14 and B#22 = 270.295
ROUND 1116 A#15 and B#22 = 91.0256
ROUND 1117 A#16 and B#22 = 201.377
ROUND 1118 A#17 and B#22 = 307.778
ROUND 1119 A#18 and B#22 = 307.527
ROUND 1120 A#19 and B#22 = 201.182
ROUND 1121 A#20 and B#22 = 327.884
ROUND 1122 A#21 and B#22 = 289.577
ROUND 1123 A#22 and B#22 = 153.544
ROUND 1124 A#23 and B#22 = 153.74
ROUND 1125 A#24 and B#22 = 153.061
ROUND 1126 A#25 and B#22 = 312.96
ROUND 1127 A#26 and B#22 = 129.223
ROUND 1128 A#27 and B#22 = 166.989
ROUND 1129 A#28 and B#22 = 66.4901
ROUND 1130 A#29 and B#22 = 309.889
ROUND 1131 A#30 and B#22 = 292.575
ROUND 1132 A#31 and B#22 = 13.4569
ROUND 1133 A#32 and B#22 = 157.302
ROUND 1134 A#33 and B#22 = 147.484
ROUND 1135 A#34 and B#22 = 177.323
ROUND 1136 A#35 and B#22 = 276.978
ROUND 1137 A#36 and B#22 = 98.7735
ROUND 1138 A#37 and B#22 = 33.5661
ROUND 1139 A#38 and B#22 = 78.6098
ROUND 1140 A#39 and B#22 = 98.6831
ROUND 1141 A#40 and B#22 = 127.624
ROUND 1142 A#41 and B#22 = 78.1801
ROUND 1143 A#42 and B#22 = 248.928
ROUND 1144 A#43 and B#22 = 0
ROUND 1145 A#44 and B#22 = -61.621
ROUND 1146 A#45 and B#22 = 149.101
ROUND 1147 A#46 and B#22 = 112.664
ROUND 1148 A#47 and B#22 = 219.966
ROUND 1149 A#48 and B#22 = 71.9129
ROUND 1150 A#49 and B#22 = 102.261
ROUND 1151 A#0 and B#23 = 278.221
ROUND 1152 A#1 and B#23 = 333.734
ROUND 1153 A#2 and B#23 = 332.936
ROUND 1154 A#3 and B#23 = 330.103
ROUND 1155 A#4 and B#23 = 135.657
ROUND 1156 A#5 and B#23 = 291.536
ROUND 1157 A#6 and B#23 = 291.422
ROUND 1158 A#7 and B#23 = 222.591
ROUND 1159 A#8 and B#23 = 164.563
ROUND 1160 A#9 and B#23 = 164.652
ROUND 1161 A#10 and B#23 = 130.936
ROUND 1162 A#11 and B#23 = 273.571
ROUND 1163 A#12 and B#23 = 318.048
ROUND 1164 A#13 and B#23 = 111.841
ROUND 1165 A#14 and B#23 = 262.697
ROUND 1166 A#15 and B#23 = 108.76
ROUND 1167 A#16 and B#23 = 183.274
ROUND 1168 A#17 and B#23 = 248.248
ROUND 1169 A#18 and B#23 = 281.814
ROUND 1170 A#19 and B#23 = 301.981
ROUND 1171 A#20 and B#23 = 310.649
ROUND 1172 A#21 and B#23 = 251.092
ROUND 1173 A#22 and B#23 = 146.816
ROUND 1174 A#23 and B#23 = 146.832
ROUND 1175 A#24 and B#23 = 108.897
ROUND 1176 A#25 and B#23 = 268.315
ROUND 1177 A#26 and B#23 = 235.155
ROUND 1178 A#27 and B#23 = 108.234
ROUND 1179 A#28 and B#23 = 76.4259
ROUND 1180 A#29 and B#23 = 305.872
ROUND 1181 A#30 and B#23 = 308.279
ROUND 1182 A#31 and B#23 = 155.433
ROUND 1183 A#32 and B#23 = 90.9286
ROUND 1184 A#33 and B#23 = 139.962
ROUND 1185 A#34 and B#23 = 107.034
ROUND 1186 A#35 and B#23 = 149.156
ROUND 1187 A#36 and B#23 = 366.704
ROUND 1188 A#37 and B#23 = 16.019
ROUND 1189 A#38 and B#23 = 90.3576
ROUND 1190 A#39 and B#23 = 98.1008
ROUND 1191 A#40 and B#23 = 128.059
ROUND 1192 A#41 and B#23 = 71.7661
ROUND 1193 A#42 and B#23 = 221.183
ROUND 1194 A#43 and B#23 = 55.2583
ROUND 1195 A#44 and B#23 = 214.252
ROUND 1196 A#45 and B#23 = 241.499
ROUND 1197 A#46 and B#23 = 134.616
ROUND 1198 A#47 and B#23 = 205.217
ROUND 1199 A#48 and B#23 = 254.942
ROUND 1200 A#49 and B#23 = 102.119
ROUND 1201 A#0 and B#24 = 355.403
ROUND 1202 A#1 and B#24 = 335.402
ROUND 1203 A#2 and B#24 = 335.333
ROUND 1204 A#3 and B#24 = 171.688
ROUND 1205 A#4 and B#24 = 157.601
ROUND 1206 A#5 and B#24 = 279.556
ROUND 1207 A#6 and B#24 = 278.541
ROUND 1208 A#7 and B#24 = 260.516
ROUND 1209 A#8 and B#24 = 157.046
ROUND 1210 A#9 and B#24 = 157.066
ROUND 1211 A#10 and B#24 = 150.339
ROUND 1212 A#11 and B#24 = 293.142
ROUND 1213 A#12 and B#24 = 336.475
ROUND 1214 A#13 and B#24 = 194.645
ROUND 1215 A#14 and B#24 = 254.751
ROUND 1216 A#15 and B#24 = 155.129
ROUND 1217 A#16 and B#24 = 200.268
ROUND 1218 A#17 and B#24 = 335.197
ROUND 1219 A#18 and B#24 = 369.768
ROUND 1220 A#19 and B#24 = 349.408
ROUND 1221 A#20 and B#24 = 396.013
ROUND 1222 A#21 and B#24 = 378.792
ROUND 1223 A#22 and B#24 = 133.99
ROUND 1224 A#23 and B#24 = 129.633
ROUND 1225 A#24 and B#24 = 121.272
ROUND 1226 A#25 and B#24 = 263.29
ROUND 1227 A#26 and B#24 = 137.197
ROUND 1228 A#27 and B#24 = 156.921
ROUND 1229 A#28 and B#24 = 365.558
ROUND 1230 A#29 and B#24 = 303.59
ROUND 1231 A#30 and B#24 = 262.943
ROUND 1232 A#31 and B#24 = 148
ROUND 1233 A#32 and B#24 = 109.875
ROUND 1234 A#33 and B#24 = 148.643
ROUND 1235 A#34 and B#24 = 121.306
ROUND 1236 A#35 and B#24 = 319.821
ROUND 1237 A#36 and B#24 = 256.596
ROUND 1238 A#37 and B#24 = 257.483
ROUND 1239 A#38 and B#24 = 93.9649
ROUND 1240 A#39 and B#24 = -15.0489
ROUND 1241 A#40 and B#24 = 131.216
ROUND 1242 A#41 and B#24 = 80.8204
ROUND 1243 A#42 and B#24 = 170.753
ROUND 1244 A#43 and B#24 = -6.03771e-316
ROUND 1245 A#44 and B#24 = 134.118
ROUND 1246 A#45 and B#24 = 218.763
ROUND 1247 A#46 and B#24 = 108.47
ROUND 1248 A#47 and B#24 = 200.879
ROUND 1249 A#48 and B#24 = 63.3719
ROUND 1250 A#49 and B#24 = 254.045
ROUND 1251 A#0 and B#25 = 355.301
ROUND 1252 A#1 and B#25 = 335.458
ROUND 1253 A#2 and B#25 = 335.303
ROUND 1254 A#3 and B#25 = 170.931
ROUND 1255 A#4 and B#25 = 157.483
ROUND 1256 A#5 and B#25 = 279.464
ROUND 1257 A#6 and B#25 = 278.52
ROUND 1258 A#7 and B#25 = 260.218
ROUND 1259 A#8 and B#25 = 156.783
ROUND 1260 A#9 and B#25 = 156.808
ROUND 1261 A#10 and B#25 = 150.079
ROUND 1262 A#11 and B#25 = 293.115
ROUND 1263 A#12 and B#25 = 336.46
ROUND 1264 A#13 and B#25 = 194.326
ROUND 1265 A#14 and B#25 = 254.719
ROUND 1266 A#15 and B#25 = 154.775
ROUND 1267 A#16 and B#25 = 200.157
ROUND 1268 A#17 and B#25 = 334.54
ROUND 1269 A#18 and B#25 = 369.466
ROUND 1270 A#19 and B#25 = 349.417
ROUND 1271 A#20 and B#25 = 396.247
ROUND 1272 A#21 and B#25 = 379.017
ROUND 1273 A#22 and B#25 = 134.332
ROUND 1274 A#23 and B#25 = 130.224
ROUND 1275 A#24 and B#25 = 121.37
ROUND 1276 A#25 and B#25 = 263.204
ROUND 1277 A#26 and B#25 = 136.869
ROUND 1278 A#27 and B#25 = 157.106
ROUND 1279 A#28 and B#25 = 365.736
ROUND 1280 A#29 and B#25 = 303.63
ROUND 1281 A#30 and B#25 = 262.91
ROUND 1282 A#31 and B#25 = 147.622
ROUND 1283 A#32 and B#25 = 109.823
ROUND 1284 A#33 and B#25 = 148.673
ROUND 1285 A#34 and B#25 = 121.386
ROUND 1286 A#35 and B#25 = 319.736
ROUND 1287 A#36 and B#25 = 256.624
ROUND 1288 A#37 and B#25 = 257.442
ROUND 1289 A#38 and B#25 = 93.8877
ROUND 1290 A#39 and B#25 = -15.1896
ROUND 1291 A#40 and B#25 = 130.936
ROUND 1292 A#41 and B#25 = 84.2303
ROUND 1293 A#42 and B#25 = 170.396
ROUND 1294 A#43 and B#25 = 0
ROUND 1295 A#44 and B#25 = 133.709
ROUND 1296 A#45 and B#25 = 218.873
ROUND 1297 A#46 and B#25 = 108.53
ROUND 1298 A#47 and B#25 = 200.947
ROUND 1299 A#48 and B#25 = 63.2578
ROUND 1300 A#49 and B#25 = 254.084
ROUND 1301 A#0 and B#26 = 118.792
ROUND 1302 A#1 and B#26 = 174.17
ROUND 1303 A#2 and B#26 = 173.471
ROUND 1304 A#3 and B#26 = 262.062
ROUND 1305 A#4 and B#26 = 262.243
ROUND 1306 A#5 and B#26 = 271.014
ROUND 1307 A#6 and B#26 = 271.251
ROUND 1308 A#7 and B#26 = 107.66
ROUND 1309 A#8 and B#26 = 133.013
ROUND 1310 A#9 and B#26 = 132.973
ROUND 1311 A#10 and B#26 = 124.814
ROUND 1312 A#11 and B#26 = 84.6718
ROUND 1313 A#12 and B#26 = 102.552
ROUND 1314 A#13 and B#26 = 233.94
ROUND 1315 A#14 and B#26 = 246.198
ROUND 1316 A#15 and B#26 = 271.085
ROUND 1317 A#16 and B#26 = 113.738
ROUND 1318 A#17 and B#26 = 206.005
ROUND 1319 A#18 and B#26 = 114.016
ROUND 1320 A#19 and B#26 = 317.714
ROUND 1321 A#20 and B#26 = 269.781
ROUND 1322 A#21 and B#26 = 269.022
ROUND 1323 A#22 and B#26 = 87.5267
ROUND 1324 A#23 and B#26 = 87.4366
ROUND 1325 A#24 and B#26 = 120.596
ROUND 1326 A#25 and B#26 = 335.258
ROUND 1327 A#26 and B#26 = 312.474
ROUND 1328 A#27 and B#26 = 148.047
ROUND 1329 A#28 and B#26 = 164.673
ROUND 1330 A#29 and B#26 = 268.216
ROUND 1331 A#30 and B#26 = 249.26
ROUND 1332 A#31 and B#26 = 141.819
ROUND 1333 A#32 and B#26 = 120.311
ROUND 1334 A#33 and B#26 = 161.121
ROUND 1335 A#34 and B#26 = 120.515
ROUND 1336 A#35 and B#26 = 36.0826
ROUND 1337 A#36 and B#26 = 332.121
ROUND 1338 A#37 and B#26 = 120.615
ROUND 1339 A#38 and B#26 = 120.848
ROUND 1340 A#39 and B#26 = 133.494
ROUND 1341 A#40 and B#26 = 96.9616
ROUND 1342 A#41 and B#26 = 94.04
ROUND 1343 A#42 and B#26 = 266.031
ROUND 1344 A#43 and B#26 = 280.363
ROUND 1345 A#44 and B#26 = 310.842
ROUND 1346 A#45 and B#26 = 236.523
ROUND 1347 A#46 and B#26 = 99.095
ROUND 1348 A#47 and B#26 = 255.522
ROUND 1349 A#48 and B#26 = 258.048
ROUND 1350 A#49 and B#26 = 144.77
ROUND 1351 A#0 and B#27 = 126.85
ROUND 1352 A#1 and B#27 = 283.658
ROUND 1353 A#2 and B#27 = 282.546
ROUND 1354 A#3 and B#27 = 238.405
ROUND 1355 A#4 and B#27 = 336.237
ROUND 1356 A#5 and B#27 = 330.885
ROUND 1357 A#6 and B#27 = 328.249
ROUND 1358 A#7 and B#27 = 268.242
ROUND 1359 A#8 and B#27 = 307.351
ROUND 1360 A#9 and B#27 = 306.872
ROUND 1361 A#10 and B#27 = 269.627
ROUND 1362 A#11 and B#27 = 317.478
ROUND 1363 A#12 and B#27 = 119.516
ROUND 1364 A#13 and B#27 = 315.355
ROUND 1365 A#14 and B#27 = 258.805
ROUND 1366 A#15 and B#27 = 278.853
ROUND 1367 A#16 and B#27 = 267.149
ROUND 1368 A#17 and B#27 = 256.526
ROUND 1369 A#18 and B#27 = 253.767
ROUND 1370 A#19 and B#27 = 331.104
ROUND 1371 A#20 and B#27 = 243.439
ROUND 1372 A#21 and B#27 = 245.488
ROUND 1373 A#22 and B#27 = 239.681
ROUND 1374 A#23 and B#27 = 239.293
ROUND 1375 A#24 and B#27 = 257.063
ROUND 1376 A#25 and B#27 = 317.332
ROUND 1377 A#26 and B#27 = 308.859
ROUND 1378 A#27 and B#27 = 262.92
ROUND 1379 A#28 and B#27 = 204.629
ROUND 1380 A#29 and B#27 = 304.664
ROUND 1381 A#30 and B#27 = 291.327
ROUND 1382 A#31 and B#27 = 280.007
ROUND 1383 A#32 and B#27 = 111.233
ROUND 1384 A#33 and B#27 = 172.657
ROUND 1385 A#34 and B#27 = 129.147
ROUND 1386 A#35 and B#27 = 262.408
ROUND 1387 A#36 and B#27 = 338.095
ROUND 1388 A#37 and B#27 = 336.011
ROUND 1389 A#38 and B#27 = 127.561
ROUND 1390 A#39 and B#27 = 153.781
ROUND 1391 A#40 and B#27 = 274.845
ROUND 1392 A#41 and B#27 = 102.944
ROUND 1393 A#42 and B#27 = 263.421
ROUND 1394 A#43 and B#27 = 275.7
ROUND 1395 A#44 and B#27 = 212.599
ROUND 1396 A#45 and B#27 = 232.168
ROUND 1397 A#46 and B#27 = 246.101
ROUND 1398 A#47 and B#27 = 285.272
ROUND 1399 A#48 and B#27 = 278.483
ROUND 1400 A#49 and B#27 = 235.676
ROUND 1401 A#0 and B#28 = 50.7867
ROUND 1402 A#1 and B#28 = 193.381
ROUND 1403 A#2 and B#28 = 193.629
ROUND 1404 A#3 and B#28 = 282.705
ROUND 1405 A#4 and B#28 = 265.908
ROUND 1406 A#5 and B#28 = 284.661
ROUND 1407 A#6 and B#28 = 284.816
ROUND 1408 A#7 and B#28 = 113.273
ROUND 1409 A#8 and B#28 = 88.67
ROUND 1410 A#9 and B#28 = 88.2352
ROUND 1411 A#10 and B#28 = 120.896
ROUND 1412 A#11 and B#28 = 92.2256
ROUND 1413 A#12 and B#28 = 98.474
ROUND 1414 A#13 and B#28 = 211.923
ROUND 1415 A#14 and B#28 = 259.104
ROUND 1416 A#15 and B#28 = 158.811
ROUND 1417 A#16 and B#28 = 114.389
ROUND 1418 A#17 and B#28 = 94.2227
ROUND 1419 A#18 and B#28 = 115.2
ROUND 1420 A#19 and B#28 = 288.705
ROUND 1421 A#20 and B#28 = 114.852
ROUND 1422 A#21 and B#28 = 99.4153
ROUND 1423 A#22 and B#28 = 48.9024
ROUND 1424 A#23 and B#28 = 49.0252
ROUND 1425 A#24 and B#28 = 121.891
ROUND 1426 A#25 and B#28 = 85.2803
ROUND 1427 A#26 and B#28 = 266.458
ROUND 1428 A#27 and B#28 = 115.006
ROUND 1429 A#28 and B#28 = 153.25
ROUND 1430 A#29 and B#28 = 268.303
ROUND 1431 A#30 and B#28 = 304.424
ROUND 1432 A#31 and B#28 = 138.329
ROUND 1433 A#32 and B#28 = 101.761
ROUND 1434 A#33 and B#28 = 171.14
ROUND 1435 A#34 and B#28 = 105.379
ROUND 1436 A#35 and B#28 = 265.909
ROUND 1437 A#36 and B#28 = 103.542
ROUND 1438 A#37 and B#28 = 146.409
ROUND 1439 A#38 and B#28 = 73.2617
ROUND 1440 A#39 and B#28 = 73.9621
ROUND 1441 A#40 and B#28 = 191.561
ROUND 1442 A#41 and B#28 = 87.5957
ROUND 1443 A#42 and B#28 = 278.566
ROUND 1444 A#43 and B#28 = 240.588
ROUND 1445 A#44 and B#28 = 237.303
ROUND 1446 A#45 and B#28 = 93.5672
ROUND 1447 A#46 and B#28 = 85.1704
ROUND 1448 A#47 and B#28 = 247.904
ROUND 1449 A#48 and B#28 = 305.909
ROUND 1450 A#49 and B#28 = 96.8411
ROUND 1451 A#0 and B#29 = -26.8761
ROUND 1452 A#1 and B#29 = -17.1571
ROUND 1453 A#2 and B#29 = -16.6834
ROUND 1454 A#3 and B#29 = 278.985
ROUND 1455 A#4 and B#29 = 185.478
ROUND 1456 A#5 and B#29 = 283.892
ROUND 1457 A#6 and B#29 = 283.535
ROUND 1458 A#7 and B#29 = 136.399
ROUND 1459 A#8 and B#29 = 96.0753
ROUND 1460 A#9 and B#29 = 96.2024
ROUND 1461 A#10 and B#29 = 173.991
ROUND 1462 A#11 and B#29 = 324.928
ROUND 1463 A#12 and B#29 = 117.294
ROUND 1464 A#13 and B#29 = 304.694
ROUND 1465 A#14 and B#29 = 32.4796
ROUND 1466 A#15 and B#29 = 167.099
ROUND 1467 A#16 and B#29 = 117.933
ROUND 1468 A#17 and B#29 = 113.228
ROUND 1469 A#18 and B#29 = 114.946
ROUND 1470 A#19 and B#29 = 287.289
ROUND 1471 A#20 and B#29 = 112.935
ROUND 1472 A#21 and B#29 = 112.507
ROUND 1473 A#22 and B#29 = 121.919
ROUND 1474 A#23 and B#29 = 121.945
ROUND 1475 A#24 and B#29 = 120.888
ROUND 1476 A#25 and B#29 = 367.99
ROUND 1477 A#26 and B#29 = 94.4619
ROUND 1478 A#27 and B#29 = 114.657
ROUND 1479 A#28 and B#29 = 119.806
ROUND 1480 A#29 and B#29 = 268.39
ROUND 1481 A#30 and B#29 = 218.407
ROUND 1482 A#31 and B#29 = 172.547
ROUND 1483 A#32 and B#29 = 97.0761
ROUND 1484 A#33 and B#29 = 97.9766
ROUND 1485 A#34 and B#29 = 114.035
ROUND 1486 A#35 and B#29 = 101.614
ROUND 1487 A#36 and B#29 = 101.48
ROUND 1488 A#37 and B#29 = 201.108
ROUND 1489 A#38 and B#29 = 102.758
ROUND 1490 A#39 and B#29 = 102.6
ROUND 1491 A#40 and B#29 = 160.982
ROUND 1492 A#41 and B#29 = 93.5695
ROUND 1493 A#42 and B#29 = 278.577
ROUND 1494 A#43 and B#29 = 238.591
ROUND 1495 A#44 and B#29 = 98.9507
ROUND 1496 A#45 and B#29 = 102.211
ROUND 1497 A#46 and B#29 = 114.059
ROUND 1498 A#47 and B#29 = 96.2235
ROUND 1499 A#48 and B#29 = 220.873
ROUND 1500 A#49 and B#29 = 98.6645
ROUND 1501 A#0 and B#30 = 119.673
ROUND 1502 A#1 and B#30 = 185.815
ROUND 1503 A#2 and B#30 = 185.51
ROUND 1504 A#3 and B#30 = 300
ROUND 1505 A#4 and B#30 = 232.113
ROUND 1506 A#5 and B#30 = 236.222
ROUND 1507 A#6 and B#30 = 285.769
ROUND 1508 A#7 and B#30 = 160.831
ROUND 1509 A#8 and B#30 = 71.1478
ROUND 1510 A#9 and B#30 = 71.0955
ROUND 1511 A#10 and B#30 = 293.487
ROUND 1512 A#11 and B#30 = 298.986
ROUND 1513 A#12 and B#30 = 131.959
ROUND 1514 A#13 and B#30 = 190.271
ROUND 1515 A#14 and B#30 = 228.743
ROUND 1516 A#15 and B#30 = 270.294
ROUND 1517 A#16 and B#30 = 177.47
ROUND 1518 A#17 and B#30 = 270.049
ROUND 1519 A#18 and B#30 = 269.984
ROUND 1520 A#19 and B#30 = 262.233
ROUND 1521 A#20 and B#30 = 293.257
ROUND 1522 A#21 and B#30 = 286.115
ROUND 1523 A#22 and B#30 = 121.545
ROUND 1524 A#23 and B#30 = 121.108
ROUND 1525 A#24 and B#30 = 121.413
ROUND 1526 A#25 and B#30 = 51.6473
ROUND 1527 A#26 and B#30 = 374.172
ROUND 1528 A#27 and B#30 = 121.944
ROUND 1529 A#28 and B#30 = 268.302
ROUND 1530 A#29 and B#30 = 300.815
ROUND 1531 A#30 and B#30 = 233.68
ROUND 1532 A#31 and B#30 = 137.694
ROUND 1533 A#32 and B#30 = 56.4093
ROUND 1534 A#33 and B#30 = 110.102
ROUND 1535 A#34 and B#30 = 116.75
ROUND 1536 A#35 and B#30 = 95.3517
ROUND 1537 A#36 and B#30 = 246.312
ROUND 1538 A#37 and B#30 = 180.045
ROUND 1539 A#38 and B#30 = 89.3973
ROUND 1540 A#39 and B#30 = 89.1407
ROUND 1541 A#40 and B#30 = 100.273
ROUND 1542 A#41 and B#30 = 287.396
ROUND 1543 A#42 and B#30 = 110.817
ROUND 1544 A#43 and B#30 = 240.655
ROUND 1545 A#44 and B#30 = 90.6132
ROUND 1546 A#45 and B#30 = 222.289
ROUND 1547 A#46 and B#30 = 206.031
ROUND 1548 A#47 and B#30 = 257.734
ROUND 1549 A#48 and B#30 = 309.842
ROUND 1550 A#49 and B#30 = 82.8374
ROUND 1551 A#0 and B#31 = 274.686
ROUND 1552 A#1 and B#31 = 331.205
ROUND 1553 A#2 and B#31 = 330.328
ROUND 1554 A#3 and B#31 = 325.24
ROUND 1555 A#4 and B#31 = 165.343
ROUND 1556 A#5 and B#31 = 290.913
ROUND 1557 A#6 and B#31 = 313.021
ROUND 1558 A#7 and B#31 = 222.479
ROUND 1559 A#8 and B#31 = 133.267
ROUND 1560 A#9 and B#31 = 133.329
ROUND 1561 A#10 and B#31 = 129.125
ROUND 1562 A#11 and B#31 = 272.118
ROUND 1563 A#12 and B#31 = 315.539
ROUND 1564 A#13 and B#31 = 113.366
ROUND 1565 A#14 and B#31 = 260.837
ROUND 1566 A#15 and B#31 = 108.195
ROUND 1567 A#16 and B#31 = 205.805
ROUND 1568 A#17 and B#31 = 269.029
ROUND 1569 A#18 and B#31 = 272.375
ROUND 1570 A#19 and B#31 = 298.683
ROUND 1571 A#20 and B#31 = 309.124
ROUND 1572 A#21 and B#31 = 249.18
ROUND 1573 A#22 and B#31 = 144.412
ROUND 1574 A#23 and B#31 = 144.436
ROUND 1575 A#24 and B#31 = 108.108
ROUND 1576 A#25 and B#31 = 273.52
ROUND 1577 A#26 and B#31 = 240.139
ROUND 1578 A#27 and B#31 = 107.243
ROUND 1579 A#28 and B#31 = 74.9973
ROUND 1580 A#29 and B#31 = 305.127
ROUND 1581 A#30 and B#31 = 311.151
ROUND 1582 A#31 and B#31 = 153.999
ROUND 1583 A#32 and B#31 = 91.1057
ROUND 1584 A#33 and B#31 = 142.104
ROUND 1585 A#34 and B#31 = 106.422
ROUND 1586 A#35 and B#31 = 150.171
ROUND 1587 A#36 and B#31 = 366.718
ROUND 1588 A#37 and B#31 = 14.1489
ROUND 1589 A#38 and B#31 = 90.2098
ROUND 1590 A#39 and B#31 = 99.6328
ROUND 1591 A#40 and B#31 = 126.367
ROUND 1592 A#41 and B#31 = 84.337
ROUND 1593 A#42 and B#31 = 222.049
ROUND 1594 A#43 and B#31 = 260.487
ROUND 1595 A#44 and B#31 = 212.6
ROUND 1596 A#45 and B#31 = 242.845
ROUND 1597 A#46 and B#31 = 267.659
ROUND 1598 A#47 and B#31 = 41.5838
ROUND 1599 A#48 and B#31 = 253.321
ROUND 1600 A#49 and B#31 = 80.6766
ROUND 1601 A#0 and B#32 = 119.824
ROUND 1602 A#1 and B#32 = 185.588
ROUND 1603 A#2 and B#32 = 185.269
ROUND 1604 A#3 and B#32 = 300.28
ROUND 1605 A#4 and B#32 = 231.897
ROUND 1606 A#5 and B#32 = 236.055
ROUND 1607 A#6 and B#32 = 285.946
ROUND 1608 A#7 and B#32 = 160.66
ROUND 1609 A#8 and B#32 = 70.6416
ROUND 1610 A#9 and B#32 = 70.5907
ROUND 1611 A#10 and B#32 = 293.458
ROUND 1612 A#11 and B#32 = 297.888
ROUND 1613 A#12 and B#32 = 132.345
ROUND 1614 A#13 and B#32 = 190.249
ROUND 1615 A#14 and B#32 = 229.714
ROUND 1616 A#15 and B#32 = 270.347
ROUND 1617 A#16 and B#32 = 177.378
ROUND 1618 A#17 and B#32 = 270.065
ROUND 1619 A#18 and B#32 = 269.839
ROUND 1620 A#19 and B#32 = 261.515
ROUND 1621 A#20 and B#32 = 209.146
ROUND 1622 A#21 and B#32 = 285.924
ROUND 1623 A#22 and B#32 = 121.49
ROUND 1624 A#23 and B#32 = 121.282
ROUND 1625 A#24 and B#32 = 121.359
ROUND 1626 A#25 and B#32 = 51.546
ROUND 1627 A#26 and B#32 = 373.989
ROUND 1628 A#27 and B#32 = 121.931
ROUND 1629 A#28 and B#32 = 268.557
ROUND 1630 A#29 and B#32 = 301.131
ROUND 1631 A#30 and B#32 = 227.17
ROUND 1632 A#31 and B#32 = 137.668
ROUND 1633 A#32 and B#32 = 110.06
ROUND 1634 A#33 and B#32 = 56.7486
ROUND 1635 A#34 and B#32 = 117.978
ROUND 1636 A#35 and B#32 = 96.7532
ROUND 1637 A#36 and B#32 = 246.282
ROUND 1638 A#37 and B#32 = 180.244
ROUND 1639 A#38 and B#32 = 89.343
ROUND 1640 A#39 and B#32 = 89.1391
ROUND 1641 A#40 and B#32 = 100.029
ROUND 1642 A#41 and B#32 = 288.538
ROUND 1643 A#42 and B#32 = 110.769
ROUND 1644 A#43 and B#32 = 240.905
ROUND 1645 A#44 and B#32 = 90.6853
ROUND 1646 A#45 and B#32 = 221.875
ROUND 1647 A#46 and B#32 = 205.942
ROUND 1648 A#47 and B#32 = 257.669
ROUND 1649 A#48 and B#32 = 309.519
ROUND 1650 A#49 and B#32 = 82.7853
ROUND 1651 A#0 and B#33 = 278.082
ROUND 1652 A#1 and B#33 = 333.551
ROUND 1653 A#2 and B#33 = 332.718
ROUND 1654 A#3 and B#33 = 329.685
ROUND 1655 A#4 and B#33 = 137.215
ROUND 1656 A#5 and B#33 = 291.46
ROUND 1657 A#6 and B#33 = 291.283
ROUND 1658 A#7 and B#33 = 222.392
ROUND 1659 A#8 and B#33 = 164.458
ROUND 1660 A#9 and B#33 = 164.551
ROUND 1661 A#10 and B#33 = 130.734
ROUND 1662 A#11 and B#33 = 273.424
ROUND 1663 A#12 and B#33 = 317.646
ROUND 1664 A#13 and B#33 = 108.274
ROUND 1665 A#14 and B#33 = 262.731
ROUND 1666 A#15 and B#33 = 108.628
ROUND 1667 A#16 and B#33 = 183.218
ROUND 1668 A#17 and B#33 = 269.467
ROUND 1669 A#18 and B#33 = 286.43
ROUND 1670 A#19 and B#33 = 207.035
ROUND 1671 A#20 and B#33 = 310.504
ROUND 1672 A#21 and B#33 = 251.24
ROUND 1673 A#22 and B#33 = 146.756
ROUND 1674 A#23 and B#33 = 146.775
ROUND 1675 A#24 and B#33 = 108.865
ROUND 1676 A#25 and B#33 = 267.766
ROUND 1677 A#26 and B#33 = 234.431
ROUND 1678 A#27 and B#33 = 108.259
ROUND 1679 A#28 and B#33 = 75.2497
ROUND 1680 A#29 and B#33 = 305.529
ROUND 1681 A#30 and B#33 = 308.041
ROUND 1682 A#31 and B#33 = 155.459
ROUND 1683 A#32 and B#33 = 90.882
ROUND 1684 A#33 and B#33 = 139.2
ROUND 1685 A#34 and B#33 = 107.026
ROUND 1686 A#35 and B#33 = 150.71
ROUND 1687 A#36 and B#33 = 366.696
ROUND 1688 A#37 and B#33 = 17.7282
ROUND 1689 A#38 and B#33 = 90.4497
ROUND 1690 A#39 and B#33 = 98.1643
ROUND 1691 A#40 and B#33 = 127.631
ROUND 1692 A#41 and B#33 = 79.9654
ROUND 1693 A#42 and B#33 = 221.602
ROUND 1694 A#43 and B#33 = 55.2301
ROUND 1695 A#44 and B#33 = 214.271
ROUND 1696 A#45 and B#33 = 241.702
ROUND 1697 A#46 and B#33 = 134.598
ROUND 1698 A#47 and B#33 = 205.182
ROUND 1699 A#48 and B#33 = 254.782
ROUND 1700 A#49 and B#33 = 102.123
ROUND 1701 A#0 and B#34 = 311.375
ROUND 1702 A#1 and B#34 = 307.407
ROUND 1703 A#2 and B#34 = 306.656
ROUND 1704 A#3 and B#34 = 257.797
ROUND 1705 A#4 and B#34 = 254.267
ROUND 1706 A#5 and B#34 = 205.225
ROUND 1707 A#6 and B#34 = 206.017
ROUND 1708 A#7 and B#34 = 116.817
ROUND 1709 A#8 and B#34 = 91.3133
ROUND 1710 A#9 and B#34 = 91.1474
ROUND 1711 A#10 and B#34 = 104.274
ROUND 1712 A#11 and B#34 = 105.21
ROUND 1713 A#12 and B#34 = 313.165
ROUND 1714 A#13 and B#34 = 238.616
ROUND 1715 A#14 and B#34 = 276.008
ROUND 1716 A#15 and B#34 = 269.227
ROUND 1717 A#16 and B#34 = 197.94
ROUND 1718 A#17 and B#34 = 176.601
ROUND 1719 A#18 and B#34 = 106.328
ROUND 1720 A#19 and B#34 = 299.734
ROUND 1721 A#20 and B#34 = 270.546
ROUND 1722 A#21 and B#34 = 269.875
ROUND 1723 A#22 and B#34 = 88.8775
ROUND 1724 A#23 and B#34 = 88.8493
ROUND 1725 A#24 and B#34 = 157.196
ROUND 1726 A#25 and B#34 = 363.954
ROUND 1727 A#26 and B#34 = 302.638
ROUND 1728 A#27 and B#34 = 160.929
ROUND 1729 A#28 and B#34 = 138.052
ROUND 1730 A#29 and B#34 = 276.836
ROUND 1731 A#30 and B#34 = 288.464
ROUND 1732 A#31 and B#34 = 136.858
ROUND 1733 A#32 and B#34 = 111.393
ROUND 1734 A#33 and B#34 = 94.2029
ROUND 1735 A#34 and B#34 = 111.332
ROUND 1736 A#35 and B#34 = 25.6043
ROUND 1737 A#36 and B#34 = -2.05624
ROUND 1738 A#37 and B#34 = 111.665
ROUND 1739 A#38 and B#34 = 131.433
ROUND 1740 A#39 and B#34 = 139.339
ROUND 1741 A#40 and B#34 = 99.6929
ROUND 1742 A#41 and B#34 = 93.903
ROUND 1743 A#42 and B#34 = 267.051
ROUND 1744 A#43 and B#34 = -7.21643e-315
ROUND 1745 A#44 and B#34 = 218.686
ROUND 1746 A#45 and B#34 = 226.443
ROUND 1747 A#46 and B#34 = 104.669
ROUND 1748 A#47 and B#34 = 256.984
ROUND 1749 A#48 and B#34 = 278.186
ROUND 1750 A#49 and B#34 = 137.823
ROUND 1751 A#0 and B#35 = 178.937
ROUND 1752 A#1 and B#35 = 306.505
ROUND 1753 A#2 and B#35 = 306.005
ROUND 1754 A#3 and B#35 = 236.828
ROUND 1755 A#4 and B#35 = 336.947
ROUND 1756 A#5 and B#35 = 331.255
ROUND 1757 A#6 and B#35 = 328.604
ROUND 1758 A#7 and B#35 = 269.255
ROUND 1759 A#8 and B#35 = 307.795
ROUND 1760 A#9 and B#35 = 307.337
ROUND 1761 A#10 and B#35 = 268.478
ROUND 1762 A#11 and B#35 = 318.639
ROUND 1763 A#12 and B#35 = 118.922
ROUND 1764 A#13 and B#35 = 315.545
ROUND 1765 A#14 and B#35 = 124.272
ROUND 1766 A#15 and B#35 = 117.76
ROUND 1767 A#16 and B#35 = 267.226
ROUND 1768 A#17 and B#35 = 219.499
ROUND 1769 A#18 and B#35 = 254.116
ROUND 1770 A#19 and B#35 = 331.179
ROUND 1771 A#20 and B#35 = 243.041
ROUND 1772 A#21 and B#35 = 245.095
ROUND 1773 A#22 and B#35 = 239.582
ROUND 1774 A#23 and B#35 = 239.231
ROUND 1775 A#24 and B#35 = 255.865
ROUND 1776 A#25 and B#35 = 316.357
ROUND 1777 A#26 and B#35 = 136.14
ROUND 1778 A#27 and B#35 = 103.043
ROUND 1779 A#28 and B#35 = 171.603
ROUND 1780 A#29 and B#35 = 306.934
ROUND 1781 A#30 and B#35 = 265.625
ROUND 1782 A#31 and B#35 = 112.87
ROUND 1783 A#32 and B#35 = 88.4564
ROUND 1784 A#33 and B#35 = 158.109
ROUND 1785 A#34 and B#35 = 128.58
ROUND 1786 A#35 and B#35 = 262.211
ROUND 1787 A#36 and B#35 = 336.926
ROUND 1788 A#37 and B#35 = -6.28464
ROUND 1789 A#38 and B#35 = 133.304
ROUND 1790 A#39 and B#35 = 158.234
ROUND 1791 A#40 and B#35 = 275.047
ROUND 1792 A#41 and B#35 = 93.5377
ROUND 1793 A#42 and B#35 = 196.027
ROUND 1794 A#43 and B#35 = 276.534
ROUND 1795 A#44 and B#35 = 220.812
ROUND 1796 A#45 and B#35 = 231.665
ROUND 1797 A#46 and B#35 = 244.44
ROUND 1798 A#47 and B#35 = 286.13
ROUND 1799 A#48 and B#35 = 280.92
ROUND 1800 A#49 and B#35 = 234.429
ROUND 1801 A#0 and B#36 = 315.359
ROUND 1802 A#1 and B#36 = 250.505
ROUND 1803 A#2 and B#36 = 250.641
ROUND 1804 A#3 and B#36 = 270.985
ROUND 1805 A#4 and B#36 = 301.102
ROUND 1806 A#5 and B#36 = 287.347
ROUND 1807 A#6 and B#36 = 288.084
ROUND 1808 A#7 and B#36 = 114.93
ROUND 1809 A#8 and B#36 = 89.5056
ROUND 1810 A#9 and B#36 = 89.307
ROUND 1811 A#10 and B#36 = 110.32
ROUND 1812 A#11 and B#36 = 349.835
ROUND 1813 A#12 and B#36 = 287.168
ROUND 1814 A#13 and B#36 = 210.75
ROUND 1815 A#14 and B#36 = 88.8627
ROUND 1816 A#15 and B#36 = 129.546
ROUND 1817 A#16 and B#36 = 121.517
ROUND 1818 A#17 and B#36 = 309.132
ROUND 1819 A#18 and B#36 = 121.849
ROUND 1820 A#19 and B#36 = 288.568
ROUND 1821 A#20 and B#36 = 271.414
ROUND 1822 A#21 and B#36 = 268.055
ROUND 1823 A#22 and B#36 = 111.539
ROUND 1824 A#23 and B#36 = 111.463
ROUND 1825 A#24 and B#36 = 121.582
ROUND 1826 A#25 and B#36 = 284.624
ROUND 1827 A#26 and B#36 = 45.6019
ROUND 1828 A#27 and B#36 = 117.265
ROUND 1829 A#28 and B#36 = 140.19
ROUND 1830 A#29 and B#36 = 224.642
ROUND 1831 A#30 and B#36 = 249.152
ROUND 1832 A#31 and B#36 = 107.884
ROUND 1833 A#32 and B#36 = 97.5875
ROUND 1834 A#33 and B#36 = 101.953
ROUND 1835 A#34 and B#36 = 98.4476
ROUND 1836 A#35 and B#36 = 266.09
ROUND 1837 A#36 and B#36 = 60.3652
ROUND 1838 A#37 and B#36 = 140.48
ROUND 1839 A#38 and B#36 = 73.3829
ROUND 1840 A#39 and B#36 = 73.3172
ROUND 1841 A#40 and B#36 = 200.172
ROUND 1842 A#41 and B#36 = 90.6238
ROUND 1843 A#42 and B#36 = 164.557
ROUND 1844 A#43 and B#36 = 241.204
ROUND 1845 A#44 and B#36 = 241.783
ROUND 1846 A#45 and B#36 = 234.651
ROUND 1847 A#46 and B#36 = 67.8378
ROUND 1848 A#47 and B#36 = 250.658
ROUND 1849 A#48 and B#36 = 41.9841
ROUND 1850 A#49 and B#36 = 98.2799
ROUND 1851 A#0 and B#37 = 339.4
ROUND 1852 A#1 and B#37 = 319.212
ROUND 1853 A#2 and B#37 = 318.822
ROUND 1854 A#3 and B#37 = 250.471
ROUND 1855 A#4 and B#37 = 273.912
ROUND 1856 A#5 and B#37 = 304.731
ROUND 1857 A#6 and B#37 = 306.514
ROUND 1858 A#7 and B#37 = 117.192
ROUND 1859 A#8 and B#37 = 121.763
ROUND 1860 A#9 and B#37 = 121.763
ROUND 1861 A#10 and B#37 = 104.382
ROUND 1862 A#11 and B#37 = 293.281
ROUND 1863 A#12 and B#37 = 339.918
ROUND 1864 A#13 and B#37 = 263.325
ROUND 1865 A#14 and B#37 = 276.66
ROUND 1866 A#15 and B#37 = 271.224
ROUND 1867 A#16 and B#37 = 121.413
ROUND 1868 A#17 and B#37 = 270.021
ROUND 1869 A#18 and B#37 = 77.3172
ROUND 1870 A#19 and B#37 = 358.865
ROUND 1871 A#20 and B#37 = 368.514
ROUND 1872 A#21 and B#37 = 135.869
ROUND 1873 A#22 and B#37 = 92.0983
ROUND 1874 A#23 and B#37 = 92.1045
ROUND 1875 A#24 and B#37 = 121.786
ROUND 1876 A#25 and B#37 = 5.43424
ROUND 1877 A#26 and B#37 = 306.508
ROUND 1878 A#27 and B#37 = 146.69
ROUND 1879 A#28 and B#37 = 143.196
ROUND 1880 A#29 and B#37 = 333.717
ROUND 1881 A#30 and B#37 = 290.394
ROUND 1882 A#31 and B#37 = 141.317
ROUND 1883 A#32 and B#37 = 121.195
ROUND 1884 A#33 and B#37 = 81.5869
ROUND 1885 A#34 and B#37 = 112.898
ROUND 1886 A#35 and B#37 = 281.478
ROUND 1887 A#36 and B#37 = 83.3558
ROUND 1888 A#37 and B#37 = 88.8288
ROUND 1889 A#38 and B#37 = 144.871
ROUND 1890 A#39 and B#37 = 153.247
ROUND 1891 A#40 and B#37 = 115.343
ROUND 1892 A#41 and B#37 = 271.251
ROUND 1893 A#42 and B#37 = 101.469
ROUND 1894 A#43 and B#37 = 270.15
ROUND 1895 A#44 and B#37 = 229.837
ROUND 1896 A#45 and B#37 = 243.369
ROUND 1897 A#46 and B#37 = 111.762
ROUND 1898 A#47 and B#37 = 46.436
ROUND 1899 A#48 and B#37 = 270.146
ROUND 1900 A#49 and B#37 = 238.148
ROUND 1901 A#0 and B#38 = 119.703
ROUND 1902 A#1 and B#38 = 185.683
ROUND 1903 A#2 and B#38 = 185.377
ROUND 1904 A#3 and B#38 = 299.792
ROUND 1905 A#4 and B#38 = 232.266
ROUND 1906 A#5 and B#38 = 236.357
ROUND 1907 A#6 and B#38 = 285.614
ROUND 1908 A#7 and B#38 = 160.545
ROUND 1909 A#8 and B#38 = 71.403
ROUND 1910 A#9 and B#38 = 71.3446
ROUND 1911 A#10 and B#38 = 293.653
ROUND 1912 A#11 and B#38 = 299.16
ROUND 1913 A#12 and B#38 = 132.185
ROUND 1914 A#13 and B#38 = 190.2
ROUND 1915 A#14 and B#38 = 228.425
ROUND 1916 A#15 and B#38 = 270.348
ROUND 1917 A#16 and B#38 = 177.442
ROUND 1918 A#17 and B#38 = 270.043
ROUND 1919 A#18 and B#38 = 270.287
ROUND 1920 A#19 and B#38 = 262.318
ROUND 1921 A#20 and B#38 = 293.149
ROUND 1922 A#21 and B#38 = 285.373
ROUND 1923 A#22 and B#38 = 121.579
ROUND 1924 A#23 and B#38 = 121.208
ROUND 1925 A#24 and B#38 = 121.464
ROUND 1926 A#25 and B#38 = 51.6376
ROUND 1927 A#26 and B#38 = 373.635
ROUND 1928 A#27 and B#38 = 121.915
ROUND 1929 A#28 and B#38 = 268.324
ROUND 1930 A#29 and B#38 = 300.553
ROUND 1931 A#30 and B#38 = 234.003
ROUND 1932 A#31 and B#38 = 137.434
ROUND 1933 A#32 and B#38 = 56.4073
ROUND 1934 A#33 and B#38 = 109.97
ROUND 1935 A#34 and B#38 = 116.309
ROUND 1936 A#35 and B#38 = 95.786
ROUND 1937 A#36 and B#38 = 246.264
ROUND 1938 A#37 and B#38 = 179.999
ROUND 1939 A#38 and B#38 = 89.4187
ROUND 1940 A#39 and B#38 = 89.1577
ROUND 1941 A#40 and B#38 = 100.394
ROUND 1942 A#41 and B#38 = 287.147
ROUND 1943 A#42 and B#38 = 110.787
ROUND 1944 A#43 and B#38 = 240.524
ROUND 1945 A#44 and B#38 = 90.6882
ROUND 1946 A#45 and B#38 = 222.34
ROUND 1947 A#46 and B#38 = 205.567
ROUND 1948 A#47 and B#38 = 257.742
ROUND 1949 A#48 and B#38 = 309.673
ROUND 1950 A#49 and B#38 = 82.8808
ROUND 1951 A#0 and B#39 = 356.193
ROUND 1952 A#1 and B#39 = 334.591
ROUND 1953 A#2 and B#39 = 334.469
ROUND 1954 A#3 and B#39 = 171.646
ROUND 1955 A#4 and B#39 = 352.884
ROUND 1956 A#5 and B#39 = 279.554
ROUND 1957 A#6 and B#39 = 278.33
ROUND 1958 A#7 and B#39 = 201.153
ROUND 1959 A#8 and B#39 = 140.564
ROUND 1960 A#9 and B#39 = 140.565
ROUND 1961 A#10 and B#39 = 143.137
ROUND 1962 A#11 and B#39 = 287.247
ROUND 1963 A#12 and B#39 = 335.124
ROUND 1964 A#13 and B#39 = 195.776
ROUND 1965 A#14 and B#39 = 255.192
ROUND 1966 A#15 and B#39 = 143.234
ROUND 1967 A#16 and B#39 = 192.771
ROUND 1968 A#17 and B#39 = 342.968
ROUND 1969 A#18 and B#39 = 365.487
ROUND 1970 A#19 and B#39 = 347.869
ROUND 1971 A#20 and B#39 = 386.726
ROUND 1972 A#21 and B#39 = 372.75
ROUND 1973 A#22 and B#39 = 145.429
ROUND 1974 A#23 and B#39 = 145.134
ROUND 1975 A#24 and B#39 = 136.932
ROUND 1976 A#25 and B#39 = 260.047
ROUND 1977 A#26 and B#39 = 136.565
ROUND 1978 A#27 and B#39 = 121.06
ROUND 1979 A#28 and B#39 = 366.152
ROUND 1980 A#29 and B#39 = 305.173
ROUND 1981 A#30 and B#39 = 266.59
ROUND 1982 A#31 and B#39 = 149.774
ROUND 1983 A#32 and B#39 = 109.896
ROUND 1984 A#33 and B#39 = 147.142
ROUND 1985 A#34 and B#39 = 111.15
ROUND 1986 A#35 and B#39 = 273.914
ROUND 1987 A#36 and B#39 = 312.248
ROUND 1988 A#37 and B#39 = 115.358
ROUND 1989 A#38 and B#39 = 88.0811
ROUND 1990 A#39 and B#39 = 106.802
ROUND 1991 A#40 and B#39 = 132.274
ROUND 1992 A#41 and B#39 = 94.9289
ROUND 1993 A#42 and B#39 = 169.139
ROUND 1994 A#43 and B#39 = -1.27578e-319
ROUND 1995 A#44 and B#39 = 226.702
ROUND 1996 A#45 and B#39 = 217.512
ROUND 1997 A#46 and B#39 = 109.132
ROUND 1998 A#47 and B#39 = 200.371
ROUND 1999 A#48 and B#39 = 277.684
ROUND 2000 A#49 and B#39 = 254.767
ROUND 2001 A#0 and B#40 = 178.899
ROUND 2002 A#1 and B#40 = 306.838
ROUND 2003 A#2 and B#40 = 306.322
ROUND 2004 A#3 and B#40 = 235.773
ROUND 2005 A#4 and B#40 = 336.321
ROUND 2006 A#5 and B#40 = 332.865
ROUND 2007 A#6 and B#40 = 330.227
ROUND 2008 A#7 and B#40 = 268.627
ROUND 2009 A#8 and B#40 = 308.002
ROUND 2010 A#9 and B#40 = 307.522
ROUND 2011 A#10 and B#40 = 268.693
ROUND 2012 A#11 and B#40 = 318.597
ROUND 2013 A#12 and B#40 = 119.328
ROUND 2014 A#13 and B#40 = 316.066
ROUND 2015 A#14 and B#40 = 124.435
ROUND 2016 A#15 and B#40 = 115.093
ROUND 2017 A#16 and B#40 = 266.789
ROUND 2018 A#17 and B#40 = 256.974
ROUND 2019 A#18 and B#40 = 254.187
ROUND 2020 A#19 and B#40 = 330.446
ROUND 2021 A#20 and B#40 = 242.933
ROUND 2022 A#21 and B#40 = 244.934
ROUND 2023 A#22 and B#40 = 239.621
ROUND 2024 A#23 and B#40 = 239.259
ROUND 2025 A#24 and B#40 = 255.97
ROUND 2026 A#25 and B#40 = 316.352
ROUND 2027 A#26 and B#40 = 135.494
ROUND 2028 A#27 and B#40 = 103.14
ROUND 2029 A#28 and B#40 = 171.813
ROUND 2030 A#29 and B#40 = 305.219
ROUND 2031 A#30 and B#40 = 291.177
ROUND 2032 A#31 and B#40 = 112.796
ROUND 2033 A#32 and B#40 = 87.8953
ROUND 2034 A#33 and B#40 = 157.564
ROUND 2035 A#34 and B#40 = 129.555
ROUND 2036 A#35 and B#40 = 262.062
ROUND 2037 A#36 and B#40 = 337.184
ROUND 2038 A#37 and B#40 = -5.89695
ROUND 2039 A#38 and B#40 = 132.698
ROUND 2040 A#39 and B#40 = 157.975
ROUND 2041 A#40 and B#40 = 274.833
ROUND 2042 A#41 and B#40 = 93.6782
ROUND 2043 A#42 and B#40 = 195.026
ROUND 2044 A#43 and B#40 = 276.265
ROUND 2045 A#44 and B#40 = 220.228
ROUND 2046 A#45 and B#40 = 231.584
ROUND 2047 A#46 and B#40 = 245.452
ROUND 2048 A#47 and B#40 = 285.459
ROUND 2049 A#48 and B#40 = 280.047
ROUND 2050 A#49 and B#40 = 234.898
ROUND 2051 A#0 and B#41 = 315.465
ROUND 2052 A#1 and B#41 = 340.468
ROUND 2053 A#2 and B#41 = 340.026
ROUND 2054 A#3 and B#41 = 183.246
ROUND 2055 A#4 and B#41 = 312.296
ROUND 2056 A#5 and B#41 = 290.182
ROUND 2057 A#6 and B#41 = 290.143
ROUND 2058 A#7 and B#41 = 216.012
ROUND 2059 A#8 and B#41 = 175.909
ROUND 2060 A#9 and B#41 = 175.991
ROUND 2061 A#10 and B#41 = 170.91
ROUND 2062 A#11 and B#41 = 276.687
ROUND 2063 A#12 and B#41 = 327.435
ROUND 2064 A#13 and B#41 = 219.229
ROUND 2065 A#14 and B#41 = 268.917
ROUND 2066 A#15 and B#41 = 143.23
ROUND 2067 A#16 and B#41 = 199.437
ROUND 2068 A#17 and B#41 = 247.312
ROUND 2069 A#18 and B#41 = 257.348
ROUND 2070 A#19 and B#41 = 218.687
ROUND 2071 A#20 and B#41 = 326.181
ROUND 2072 A#21 and B#41 = 288.515
ROUND 2073 A#22 and B#41 = 150.103
ROUND 2074 A#23 and B#41 = 150.066
ROUND 2075 A#24 and B#41 = 153.563
ROUND 2076 A#25 and B#41 = 261.115
ROUND 2077 A#26 and B#41 = 133.578
ROUND 2078 A#27 and B#41 = 166.081
ROUND 2079 A#28 and B#41 = -22.683
ROUND 2080 A#29 and B#41 = 306.606
ROUND 2081 A#30 and B#41 = 294.881
ROUND 2082 A#31 and B#41 = 13.2632
ROUND 2083 A#32 and B#41 = 157.023
ROUND 2084 A#33 and B#41 = 145.182
ROUND 2085 A#34 and B#41 = 147.682
ROUND 2086 A#35 and B#41 = 278.211
ROUND 2087 A#36 and B#41 = 99.0946
ROUND 2088 A#37 and B#41 = 34.1881
ROUND 2089 A#38 and B#41 = 83.1477
ROUND 2090 A#39 and B#41 = 95.0973
ROUND 2091 A#40 and B#41 = 128.215
ROUND 2092 A#41 and B#41 = 80.9208
ROUND 2093 A#42 and B#41 = 213.369
ROUND 2094 A#43 and B#41 = 222.377
ROUND 2095 A#44 and B#41 = -66.9647
ROUND 2096 A#45 and B#41 = 231.081
ROUND 2097 A#46 and B#41 = 107.232
ROUND 2098 A#47 and B#41 = 221.626
ROUND 2099 A#48 and B#41 = 262.078
ROUND 2100 A#49 and B#41 = 102.076
ROUND 2101 A#0 and B#42 = 356.326
ROUND 2102 A#1 and B#42 = 333.796
ROUND 2103 A#2 and B#42 = 333.631
ROUND 2104 A#3 and B#42 = 172.772
ROUND 2105 A#4 and B#42 = 352.159
ROUND 2106 A#5 and B#42 = 279.118
ROUND 2107 A#6 and B#42 = 278.028
ROUND 2108 A#7 and B#42 = 201.527
ROUND 2109 A#8 and B#42 = 138.445
ROUND 2110 A#9 and B#42 = 138.434
ROUND 2111 A#10 and B#42 = 142.422
ROUND 2112 A#11 and B#42 = 286.809
ROUND 2113 A#12 and B#42 = 334.913
ROUND 2114 A#13 and B#42 = 195.538
ROUND 2115 A#14 and B#42 = 255.126
ROUND 2116 A#15 and B#42 = 142.543
ROUND 2117 A#16 and B#42 = 192.07
ROUND 2118 A#17 and B#42 = 343.37
ROUND 2119 A#18 and B#42 = 365.058
ROUND 2120 A#19 and B#42 = 347.56
ROUND 2121 A#20 and B#42 = 386.346
ROUND 2122 A#21 and B#42 = 372.302
ROUND 2123 A#22 and B#42 = 145.661
ROUND 2124 A#23 and B#42 = 145.384
ROUND 2125 A#24 and B#42 = 137.328
ROUND 2126 A#25 and B#42 = 261.463
ROUND 2127 A#26 and B#42 = 136.667
ROUND 2128 A#27 and B#42 = 121.508
ROUND 2129 A#28 and B#42 = 366.39
ROUND 2130 A#29 and B#42 = 304.041
ROUND 2131 A#30 and B#42 = 264.837
ROUND 2132 A#31 and B#42 = 149.247
ROUND 2133 A#32 and B#42 = 110.073
ROUND 2134 A#33 and B#42 = 148.826
ROUND 2135 A#34 and B#42 = 111.194
ROUND 2136 A#35 and B#42 = 273.212
ROUND 2137 A#36 and B#42 = 312.435
ROUND 2138 A#37 and B#42 = 117.77
ROUND 2139 A#38 and B#42 = 88.2346
ROUND 2140 A#39 and B#42 = 107.872
ROUND 2141 A#40 and B#42 = 130.832
ROUND 2142 A#41 and B#42 = 83.951
ROUND 2143 A#42 and B#42 = 168.447
ROUND 2144 A#43 and B#42 = -1.97355e-315
ROUND 2145 A#44 and B#42 = 226.532
ROUND 2146 A#45 and B#42 = 216.857
ROUND 2147 A#46 and B#42 = 109.234
ROUND 2148 A#47 and B#42 = 200.469
ROUND 2149 A#48 and B#42 = 262.926
ROUND 2150 A#49 and B#42 = 255.176
ROUND 2151 A#0 and B#43 = 314.318
ROUND 2152 A#1 and B#43 = 340.836
ROUND 2153 A#2 and B#43 = 340.367
ROUND 2154 A#3 and B#43 = 368.055
ROUND 2155 A#4 and B#43 = 162.332
ROUND 2156 A#5 and B#43 = 293.652
ROUND 2157 A#6 and B#43 = 293.724
ROUND 2158 A#7 and B#43 = 218.079
ROUND 2159 A#8 and B#43 = 157.364
ROUND 2160 A#9 and B#43 = 146.207
ROUND 2161 A#10 and B#43 = 141.067
ROUND 2162 A#11 and B#43 = 276.568
ROUND 2163 A#12 and B#43 = 327.231
ROUND 2164 A#13 and B#43 = 112.265
ROUND 2165 A#14 and B#43 = 110.405
ROUND 2166 A#15 and B#43 = 142.124
ROUND 2167 A#16 and B#43 = 192.876
ROUND 2168 A#17 and B#43 = 267.887
ROUND 2169 A#18 and B#43 = 242.618
ROUND 2170 A#19 and B#43 = 318.162
ROUND 2171 A#20 and B#43 = 335.249
ROUND 2172 A#21 and B#43 = 302.335
ROUND 2173 A#22 and B#43 = 152.626
ROUND 2174 A#23 and B#43 = 148.88
ROUND 2175 A#24 and B#43 = 151.781
ROUND 2176 A#25 and B#43 = 261.019
ROUND 2177 A#26 and B#43 = 135.169
ROUND 2178 A#27 and B#43 = 119.134
ROUND 2179 A#28 and B#43 = 357.734
ROUND 2180 A#29 and B#43 = 305.272
ROUND 2181 A#30 and B#43 = 298.214
ROUND 2182 A#31 and B#43 = 149.814
ROUND 2183 A#32 and B#43 = 156.122
ROUND 2184 A#33 and B#43 = 147.222
ROUND 2185 A#34 and B#43 = 148.059
ROUND 2186 A#35 and B#43 = 125.347
ROUND 2187 A#36 and B#43 = 360.975
ROUND 2188 A#37 and B#43 = 37.1363
ROUND 2189 A#38 and B#43 = 83.3322
ROUND 2190 A#39 and B#43 = 95.3092
ROUND 2191 A#40 and B#43 = 130.521
ROUND 2192 A#41 and B#43 = 80.4432
ROUND 2193 A#42 and B#43 = 202.834
ROUND 2194 A#43 and B#43 = 55.3882
ROUND 2195 A#44 and B#43 = 273.503
ROUND 2196 A#45 and B#43 = 206.013
ROUND 2197 A#46 and B#43 = 131.843
ROUND 2198 A#47 and B#43 = 221.478
ROUND 2199 A#48 and B#43 = 263.128
ROUND 2200 A#49 and B#43 = 100.166
ROUND 2201 A#0 and B#44 = 158.096
ROUND 2202 A#1 and B#44 = 309.283
ROUND 2203 A#2 and B#44 = 308.553
ROUND 2204 A#3 and B#44 = 262.303
ROUND 2205 A#4 and B#44 = 272.749
ROUND 2206 A#5 and B#44 = 345.154
ROUND 2207 A#6 and B#44 = 343.979
ROUND 2208 A#7 and B#44 = 116.999
ROUND 2209 A#8 and B#44 = 111.982
ROUND 2210 A#9 and B#44 = 111.824
ROUND 2211 A#10 and B#44 = 106.264
ROUND 2212 A#11 and B#44 = 105.907
ROUND 2213 A#12 and B#44 = 325.29
ROUND 2214 A#13 and B#44 = 262.964
ROUND 2215 A#14 and B#44 = 79.3942
ROUND 2216 A#15 and B#44 = 269.377
ROUND 2217 A#16 and B#44 = 109.708
ROUND 2218 A#17 and B#44 = 178.896
ROUND 2219 A#18 and B#44 = 120.975
ROUND 2220 A#19 and B#44 = 300.013
ROUND 2221 A#20 and B#44 = 249.765
ROUND 2222 A#21 and B#44 = 269.646
ROUND 2223 A#22 and B#44 = 90.9486
ROUND 2224 A#23 and B#44 = 90.9249
ROUND 2225 A#24 and B#44 = 111.15
ROUND 2226 A#25 and B#44 = 366.894
ROUND 2227 A#26 and B#44 = 306.5
ROUND 2228 A#27 and B#44 = 161.487
ROUND 2229 A#28 and B#44 = 144.062
ROUND 2230 A#29 and B#44 = 337.755
ROUND 2231 A#30 and B#44 = 290.522
ROUND 2232 A#31 and B#44 = 139.586
ROUND 2233 A#32 and B#44 = 95.3887
ROUND 2234 A#33 and B#44 = 82.0444
ROUND 2235 A#34 and B#44 = 111.886
ROUND 2236 A#35 and B#44 = 279.852
ROUND 2237 A#36 and B#44 = -0.211299
ROUND 2238 A#37 and B#44 = 111.391
ROUND 2239 A#38 and B#44 = 134.544
ROUND 2240 A#39 and B#44 = 140.747
ROUND 2241 A#40 and B#44 = 100.083
ROUND 2242 A#41 and B#44 = 93.8806
ROUND 2243 A#42 and B#44 = 264.306
ROUND 2244 A#43 and B#44 = 247.455
ROUND 2245 A#44 and B#44 = 226.801
ROUND 2246 A#45 and B#44 = 227.59
ROUND 2247 A#46 and B#44 = 110.169
ROUND 2248 A#47 and B#44 = 233.466
ROUND 2249 A#48 and B#44 = 269.213
ROUND 2250 A#49 and B#44 = 223.061
ROUND 2251 A#0 and B#45 = 311.297
ROUND 2252 A#1 and B#45 = 309.147
ROUND 2253 A#2 and B#45 = 308.464
ROUND 2254 A#3 and B#45 = 260.713
ROUND 2255 A#4 and B#45 = 272.91
ROUND 2256 A#5 and B#45 = 207.832
ROUND 2257 A#6 and B#45 = 208.246
ROUND 2258 A#7 and B#45 = 116.223
ROUND 2259 A#8 and B#45 = 103.756
ROUND 2260 A#9 and B#45 = 103.676
ROUND 2261 A#10 and B#45 = 104.308
ROUND 2262 A#11 and B#45 = 75.3105
ROUND 2263 A#12 and B#45 = 161.734
ROUND 2264 A#13 and B#45 = 238.415
ROUND 2265 A#14 and B#45 = 277.327
ROUND 2266 A#15 and B#45 = 269.493
ROUND 2267 A#16 and B#45 = 153.904
ROUND 2268 A#17 and B#45 = 179.581
ROUND 2269 A#18 and B#45 = 104.182
ROUND 2270 A#19 and B#45 = 301.389
ROUND 2271 A#20 and B#45 = 271.641
ROUND 2272 A#21 and B#45 = 270.466
ROUND 2273 A#22 and B#45 = 89.3275
ROUND 2274 A#23 and B#45 = 89.3148
ROUND 2275 A#24 and B#45 = 156.992
ROUND 2276 A#25 and B#45 = 366.206
ROUND 2277 A#26 and B#45 = 306.921
ROUND 2278 A#27 and B#45 = 161.013
ROUND 2279 A#28 and B#45 = 136.379
ROUND 2280 A#29 and B#45 = 276.441
ROUND 2281 A#30 and B#45 = 287.544
ROUND 2282 A#31 and B#45 = 139.223
ROUND 2283 A#32 and B#45 = 111.426
ROUND 2284 A#33 and B#45 = 115.416
ROUND 2285 A#34 and B#45 = 105.26
ROUND 2286 A#35 and B#45 = 29.7244
ROUND 2287 A#36 and B#45 = 3.27811
ROUND 2288 A#37 and B#45 = 111.578
ROUND 2289 A#38 and B#45 = 135.374
ROUND 2290 A#39 and B#45 = 142.108
ROUND 2291 A#40 and B#45 = 99.4802
ROUND 2292 A#41 and B#45 = 93.8969
ROUND 2293 A#42 and B#45 = 269.364
ROUND 2294 A#43 and B#45 = 55.1691
ROUND 2295 A#44 and B#45 = 255.979
ROUND 2296 A#45 and B#45 = 227.094
ROUND 2297 A#46 and B#45 = 102.613
ROUND 2298 A#47 and B#45 = 255.18
ROUND 2299 A#48 and B#45 = 197.71
ROUND 2300 A#49 and B#45 = 232.864
ROUND 2301 A#0 and B#46 = 96.2013
ROUND 2302 A#1 and B#46 = 185.387
ROUND 2303 A#2 and B#46 = 185.074
ROUND 2304 A#3 and B#46 = 272.1
ROUND 2305 A#4 and B#46 = 263.143
ROUND 2306 A#5 and B#46 = 279.799
ROUND 2307 A#6 and B#46 = 282.091
ROUND 2308 A#7 and B#46 = 99.8542
ROUND 2309 A#8 and B#46 = 121.841
ROUND 2310 A#9 and B#46 = 121.872
ROUND 2311 A#10 and B#46 = 155.379
ROUND 2312 A#11 and B#46 = 300.321
ROUND 2313 A#12 and B#46 = 133.824
ROUND 2314 A#13 and B#46 = 183.913
ROUND 2315 A#14 and B#46 = 81.1934
ROUND 2316 A#15 and B#46 = 280.689
ROUND 2317 A#16 and B#46 = 178.011
ROUND 2318 A#17 and B#46 = 269.752
ROUND 2319 A#18 and B#46 = 269.684
ROUND 2320 A#19 and B#46 = 276.429
ROUND 2321 A#20 and B#46 = 268.604
ROUND 2322 A#21 and B#46 = 267.189
ROUND 2323 A#22 and B#46 = 120.998
ROUND 2324 A#23 and B#46 = 121.153
ROUND 2325 A#24 and B#46 = 121.581
ROUND 2326 A#25 and B#46 = 51.9242
ROUND 2327 A#26 and B#46 = 51.5501
ROUND 2328 A#27 and B#46 = 121.955
ROUND 2329 A#28 and B#46 = 268.103
ROUND 2330 A#29 and B#46 = 266.612
ROUND 2331 A#30 and B#46 = 286.113
ROUND 2332 A#31 and B#46 = 136.581
ROUND 2333 A#32 and B#46 = 121.876
ROUND 2334 A#33 and B#46 = 83.8833
ROUND 2335 A#34 and B#46 = 116.641
ROUND 2336 A#35 and B#46 = 105.906
ROUND 2337 A#36 and B#46 = 107.495
ROUND 2338 A#37 and B#46 = 126.123
ROUND 2339 A#38 and B#46 = 89.4833
ROUND 2340 A#39 and B#46 = 89.2978
ROUND 2341 A#40 and B#46 = 101.572
ROUND 2342 A#41 and B#46 = 95.591
ROUND 2343 A#42 and B#46 = 101.525
ROUND 2344 A#43 and B#46 = 2.38891
ROUND 2345 A#44 and B#46 = 173.77
ROUND 2346 A#45 and B#46 = 235.098
ROUND 2347 A#46 and B#46 = 82.5896
ROUND 2348 A#47 and B#46 = 44.1764
ROUND 2349 A#48 and B#46 = 103.011
ROUND 2350 A#49 and B#46 = 171.535
ROUND 2351 A#0 and B#47 = 157.817
ROUND 2352 A#1 and B#47 = 321.943
ROUND 2353 A#2 and B#47 = 321.291
ROUND 2354 A#3 and B#47 = 251.558
ROUND 2355 A#4 and B#47 = 274.28
ROUND 2356 A#5 and B#47 = 316.687
ROUND 2357 A#6 and B#47 = 318.804
ROUND 2358 A#7 and B#47 = 118.843
ROUND 2359 A#8 and B#47 = 96.5182
ROUND 2360 A#9 and B#47 = 96.3769
ROUND 2361 A#10 and B#47 = 108.934
ROUND 2362 A#11 and B#47 = 282.093
ROUND 2363 A#12 and B#47 = 198.137
ROUND 2364 A#13 and B#47 = 263.473
ROUND 2365 A#14 and B#47 = 276.678
ROUND 2366 A#15 and B#47 = 270.478
ROUND 2367 A#16 and B#47 = 121.17
ROUND 2368 A#17 and B#47 = 177.642
ROUND 2369 A#18 and B#47 = 122.268
ROUND 2370 A#19 and B#47 = 363.934
ROUND 2371 A#20 and B#47 = 365.164
ROUND 2372 A#21 and B#47 = 269.629
ROUND 2373 A#22 and B#47 = 92.4273
ROUND 2374 A#23 and B#47 = 92.4681
ROUND 2375 A#24 and B#47 = 121.612
ROUND 2376 A#25 and B#47 = -3.77202e-316
ROUND 2377 A#26 and B#47 = 307.511
ROUND 2378 A#27 and B#47 = 149.634
ROUND 2379 A#28 and B#47 = 138.996
ROUND 2380 A#29 and B#47 = 327.388
ROUND 2381 A#30 and B#47 = 291.605
ROUND 2382 A#31 and B#47 = 179.775
ROUND 2383 A#32 and B#47 = 93.5582
ROUND 2384 A#33 and B#47 = 94.5312
ROUND 2385 A#34 and B#47 = 114.269
ROUND 2386 A#35 and B#47 = 281.237
ROUND 2387 A#36 and B#47 = -0.396681
ROUND 2388 A#37 and B#47 = 88.043
ROUND 2389 A#38 and B#47 = 127.989
ROUND 2390 A#39 and B#47 = 136.89
ROUND 2391 A#40 and B#47 = 119.558
ROUND 2392 A#41 and B#47 = 263.251
ROUND 2393 A#42 and B#47 = 99.9329
ROUND 2394 A#43 and B#47 = 271.556
ROUND 2395 A#44 and B#47 = 233.511
ROUND 2396 A#45 and B#47 = 229.491
ROUND 2397 A#46 and B#47 = 107.758
ROUND 2398 A#47 and B#47 = 46.3371
ROUND 2399 A#48 and B#47 = 268.554
ROUND 2400 A#49 and B#47 = 222.044
ROUND 2401 A#0 and B#48 = 158.165
ROUND 2402 A#1 and B#48 = 309.734
ROUND 2403 A#2 and B#48 = 309.037
ROUND 2404 A#3 and B#48 = 261.838
ROUND 2405 A#4 and B#48 = 272.949
ROUND 2406 A#5 and B#48 = 346.154
ROUND 2407 A#6 and B#48 = 344.925
ROUND 2408 A#7 and B#48 = 117.39
ROUND 2409 A#8 and B#48 = 101
ROUND 2410 A#9 and B#48 = 93.8902
ROUND 2411 A#10 and B#48 = 107.283
ROUND 2412 A#11 and B#48 = 133.318
ROUND 2413 A#12 and B#48 = 325.835
ROUND 2414 A#13 and B#48 = 263.02
ROUND 2415 A#14 and B#48 = 78.0887
ROUND 2416 A#15 and B#48 = 269.254
ROUND 2417 A#16 and B#48 = 111.413
ROUND 2418 A#17 and B#48 = 178.064
ROUND 2419 A#18 and B#48 = 121.311
ROUND 2420 A#19 and B#48 = 304.064
ROUND 2421 A#20 and B#48 = 322.023
ROUND 2422 A#21 and B#48 = 124.739
ROUND 2423 A#22 and B#48 = 90.8452
ROUND 2424 A#23 and B#48 = 90.8372
ROUND 2425 A#24 and B#48 = 110.561
ROUND 2426 A#25 and B#48 = 366.629
ROUND 2427 A#26 and B#48 = 307.155
ROUND 2428 A#27 and B#48 = 161.884
ROUND 2429 A#28 and B#48 = 145.355
ROUND 2430 A#29 and B#48 = 337.281
ROUND 2431 A#30 and B#48 = 291.006
ROUND 2432 A#31 and B#48 = 136.955
ROUND 2433 A#32 and B#48 = 111.934
ROUND 2434 A#33 and B#48 = 94.6101
ROUND 2435 A#34 and B#48 = 112.219
ROUND 2436 A#35 and B#48 = 279.876
ROUND 2437 A#36 and B#48 = -2.25758
ROUND 2438 A#37 and B#48 = 111.334
ROUND 2439 A#38 and B#48 = 133.654
ROUND 2440 A#39 and B#48 = 139.71
ROUND 2441 A#40 and B#48 = 100.251
ROUND 2442 A#41 and B#48 = 93.92
ROUND 2443 A#42 and B#48 = 94.8558
ROUND 2444 A#43 and B#48 = 247.261
ROUND 2445 A#44 and B#48 = 227.034
ROUND 2446 A#45 and B#48 = 226.977
ROUND 2447 A#46 and B#48 = 107.791
ROUND 2448 A#47 and B#48 = 233.204
ROUND 2449 A#48 and B#48 = 267.665
ROUND 2450 A#49 and B#48 = 223.614
ROUND 2451 A#0 and B#49 = 199.004
ROUND 2452 A#1 and B#49 = 89.9705
ROUND 2453 A#2 and B#49 = 90.7384
ROUND 2454 A#3 and B#49 = 261.281
ROUND 2455 A#4 and B#49 = 302.549
ROUND 2456 A#5 and B#49 = 210.915
ROUND 2457 A#6 and B#49 = 209.509
ROUND 2458 A#7 and B#49 = 220.572
ROUND 2459 A#8 and B#49 = 248.304
ROUND 2460 A#9 and B#49 = 248.237
ROUND 2461 A#10 and B#49 = 261.629
ROUND 2462 A#11 and B#49 = 275.097
ROUND 2463 A#12 and B#49 = 295.804
ROUND 2464 A#13 and B#49 = 329.966
ROUND 2465 A#14 and B#49 = 279.996
ROUND 2466 A#15 and B#49 = 281.109
ROUND 2467 A#16 and B#49 = 257.761
ROUND 2468 A#17 and B#49 = 282.707
ROUND 2469 A#18 and B#49 = 262.465
ROUND 2470 A#19 and B#49 = 316.989
ROUND 2471 A#20 and B#49 = 220.862
ROUND 2472 A#21 and B#49 = 219.025
ROUND 2473 A#22 and B#49 = 249.753
ROUND 2474 A#23 and B#49 = 249.436
ROUND 2475 A#24 and B#49 = 261.87
ROUND 2476 A#25 and B#49 = 285.402
ROUND 2477 A#26 and B#49 = 239.566
ROUND 2478 A#27 and B#49 = 299.905
ROUND 2479 A#28 and B#49 = 251.503
ROUND 2480 A#29 and B#49 = 325.428
ROUND 2481 A#30 and B#49 = 296.067
ROUND 2482 A#31 and B#49 = 308.036
ROUND 2483 A#32 and B#49 = 125.713
ROUND 2484 A#33 and B#49 = 64.8661
ROUND 2485 A#34 and B#49 = 249.276
ROUND 2486 A#35 and B#49 = 202.787
ROUND 2487 A#36 and B#49 = -24.0605
ROUND 2488 A#37 and B#49 = 66.4791
ROUND 2489 A#38 and B#49 = 168.049
ROUND 2490 A#39 and B#49 = 120.09
ROUND 2491 A#40 and B#49 = 129.991
ROUND 2492 A#41 and B#49 = 295.297
ROUND 2493 A#42 and B#49 = 235.258
ROUND 2494 A#43 and B#49 = 193.399
ROUND 2495 A#44 and B#49 = 7.28609
ROUND 2496 A#45 and B#49 = 25.3808
ROUND 2497 A#46 and B#49 = 120.972
ROUND 2498 A#47 and B#49 = 208.777
ROUND 2499 A#48 and B#49 = 330.233
ROUND 2500 A#49 and B#49 = 280.725

The best overlap is between conformer A#20 and B#1, which, after PCA followed by Steepest Descent, produces a volume overlap of 399.349
Tanimoto (Hodgkin) similarity index: 0.501761

Saving those best conformers to file...
WRITING MOLECULE TO FILE '../ALL_PAIRS_BQ123_AS_REFERENCE/ROKS3/BQ123-Macitentan.mol2' (WILL OVERWRITE EXISTING FILE IF ANY)...
WRITING MOLECULE TO FILE '../ALL_PAIRS_BQ123_AS_REFERENCE/ROKS3/BQ123-Macitentan.mol2'...
