Finished importing molecules
WARNING: LAPACK DSYEV() RETURNED NON-ZERO ERROR CODE 3
WARNING: LAPACK DSYEV() RETURNED NON-ZERO ERROR CODE 3
WARNING: LAPACK DSYEV() RETURNED NON-ZERO ERROR CODE 2
WARNING: LAPACK DSYEV() RETURNED NON-ZERO ERROR CODE 2
WARNING: LAPACK DSYEV() RETURNED NON-ZERO ERROR CODE 2
WARNING: LAPACK DSYEV() RETURNED NON-ZERO ERROR CODE 2
WARNING: LAPACK DSYEV() RETURNED NON-ZERO ERROR CODE 2
WARNING: LAPACK DSYEV() RETURNED NON-ZERO ERROR CODE 2
WARNING: LAPACK DSYEV() RETURNED NON-ZERO ERROR CODE 2
WARNING: LAPACK DSYEV() RETURNED NON-ZERO ERROR CODE 2
WARNING: LAPACK DSYEV() RETURNED NON-ZERO ERROR CODE 2
WARNING: LAPACK DSYEV() RETURNED NON-ZERO ERROR CODE 2
WARNING: LAPACK DSYEV() RETURNED NON-ZERO ERROR CODE 2
WARNING: LAPACK DSYEV() RETURNED NON-ZERO ERROR CODE 2
WARNING: LAPACK DSYEV() RETURNED NON-ZERO ERROR CODE 2
WARNING: LAPACK DSYEV() RETURNED NON-ZERO ERROR CODE 2
WARNING: LAPACK DSYEV() RETURNED NON-ZERO ERROR CODE 2
WARNING: LAPACK DSYEV() RETURNED NON-ZERO ERROR CODE 2
WARNING: LAPACK DSYEV() RETURNED NON-ZERO ERROR CODE 2
WARNING: LAPACK DSYEV() RETURNED NON-ZERO ERROR CODE 2
WARNING: LAPACK DSYEV() RETURNED NON-ZERO ERROR CODE 2
WARNING: LAPACK DSYEV() RETURNED NON-ZERO ERROR CODE 3
WARNING: LAPACK DSYEV() RETURNED NON-ZERO ERROR CODE 3
WARNING: LAPACK DSYEV() RETURNED NON-ZERO ERROR CODE 2
WARNING: LAPACK DSYEV() RETURNED NON-ZERO ERROR CODE 3
WARNING: LAPACK DSYEV() RETURNED NON-ZERO ERROR CODE 2
WARNING: LAPACK DSYEV() RETURNED NON-ZERO ERROR CODE 3
WARNING: LAPACK DSYEV() RETURNED NON-ZERO ERROR CODE 2
WARNING: LAPACK DSYEV() RETURNED NON-ZERO ERROR CODE 2
WARNING: LAPACK DSYEV() RETURNED NON-ZERO ERROR CODE 3
WARNING: LAPACK DSYEV() RETURNED NON-ZERO ERROR CODE 2
WARNING: LAPACK DSYEV() RETURNED NON-ZERO ERROR CODE 2
WARNING: LAPACK DSYEV() RETURNED NON-ZERO ERROR CODE 2
WARNING: LAPACK DSYEV() RETURNED NON-ZERO ERROR CODE 2
WARNING: LAPACK DSYEV() RETURNED NON-ZERO ERROR CODE 3
WARNING: LAPACK DSYEV() RETURNED NON-ZERO ERROR CODE 2
WARNING: LAPACK DSYEV() RETURNED NON-ZERO ERROR CODE 2
WARNING: LAPACK DSYEV() RETURNED NON-ZERO ERROR CODE 2
WARNING: LAPACK DSYEV() RETURNED NON-ZERO ERROR CODE 2
WARNING: LAPACK DSYEV() RETURNED NON-ZERO ERROR CODE 3
WARNING: LAPACK DSYEV() RETURNED NON-ZERO ERROR CODE 3
WARNING: LAPACK DSYEV() RETURNED NON-ZERO ERROR CODE 2
WARNING: LAPACK DSYEV() RETURNED NON-ZERO ERROR CODE 2
WARNING: LAPACK DSYEV() RETURNED NON-ZERO ERROR CODE 2
WARNING: LAPACK DSYEV() RETURNED NON-ZERO ERROR CODE 2
WARNING: LAPACK DSYEV() RETURNED NON-ZERO ERROR CODE 3
WARNING: LAPACK DSYEV() RETURNED NON-ZERO ERROR CODE 3
WARNING: LAPACK DSYEV() RETURNED NON-ZERO ERROR CODE 3
WARNING: LAPACK DSYEV() RETURNED NON-ZERO ERROR CODE 2
WARNING: LAPACK DSYEV() RETURNED NON-ZERO ERROR CODE 2
WARNING: LAPACK DSYEV() RETURNED NON-ZERO ERROR CODE 2
WARNING: LAPACK DSYEV() RETURNED NON-ZERO ERROR CODE 3
WARNING: LAPACK DSYEV() RETURNED NON-ZERO ERROR CODE 3
WARNING: LAPACK DSYEV() RETURNED NON-ZERO ERROR CODE 2
WARNING: LAPACK DSYEV() RETURNED NON-ZERO ERROR CODE 3
WARNING: LAPACK DSYEV() RETURNED NON-ZERO ERROR CODE 2
WARNING: LAPACK DSYEV() RETURNED NON-ZERO ERROR CODE 2
WARNING: LAPACK DSYEV() RETURNED NON-ZERO ERROR CODE 3
WARNING: LAPACK DSYEV() RETURNED NON-ZERO ERROR CODE 3
WARNING: LAPACK DSYEV() RETURNED NON-ZERO ERROR CODE 3
WARNING: LAPACK DSYEV() RETURNED NON-ZERO ERROR CODE 2
WARNING: LAPACK DSYEV() RETURNED NON-ZERO ERROR CODE 3
WARNING: LAPACK DSYEV() RETURNED NON-ZERO ERROR CODE 2
WARNING: LAPACK DSYEV() RETURNED NON-ZERO ERROR CODE 3
WARNING: LAPACK DSYEV() RETURNED NON-ZERO ERROR CODE 2
WARNING: LAPACK DSYEV() RETURNED NON-ZERO ERROR CODE 2
WARNING: LAPACK DSYEV() RETURNED NON-ZERO ERROR CODE 3
WARNING: LAPACK DSYEV() RETURNED NON-ZERO ERROR CODE 2
WARNING: LAPACK DSYEV() RETURNED NON-ZERO ERROR CODE 2
WARNING: LAPACK DSYEV() RETURNED NON-ZERO ERROR CODE 3
WARNING: LAPACK DSYEV() RETURNED NON-ZERO ERROR CODE 2
WARNING: LAPACK DSYEV() RETURNED NON-ZERO ERROR CODE 3
WARNING: LAPACK DSYEV() RETURNED NON-ZERO ERROR CODE 3
WARNING: LAPACK DSYEV() RETURNED NON-ZERO ERROR CODE 3
WARNING: LAPACK DSYEV() RETURNED NON-ZERO ERROR CODE 3
WARNING: LAPACK DSYEV() RETURNED NON-ZERO ERROR CODE 3
WARNING: LAPACK DSYEV() RETURNED NON-ZERO ERROR CODE 2
WARNING: LAPACK DSYEV() RETURNED NON-ZERO ERROR CODE 3
WARNING: LAPACK DSYEV() RETURNED NON-ZERO ERROR CODE 3
WARNING: LAPACK DSYEV() RETURNED NON-ZERO ERROR CODE 3
WARNING: LAPACK DSYEV() RETURNED NON-ZERO ERROR CODE 2
WARNING: LAPACK DSYEV() RETURNED NON-ZERO ERROR CODE 3
WARNING: LAPACK DSYEV() RETURNED NON-ZERO ERROR CODE 2
WARNING: LAPACK DSYEV() RETURNED NON-ZERO ERROR CODE 3
WARNING: LAPACK DSYEV() RETURNED NON-ZERO ERROR CODE 2
WARNING: LAPACK DSYEV() RETURNED NON-ZERO ERROR CODE 3
WARNING: LAPACK DSYEV() RETURNED NON-ZERO ERROR CODE 3
WARNING: LAPACK DSYEV() RETURNED NON-ZERO ERROR CODE 2
WARNING: LAPACK DSYEV() RETURNED NON-ZERO ERROR CODE 2
WARNING: LAPACK DSYEV() RETURNED NON-ZERO ERROR CODE 3
WARNING: LAPACK DSYEV() RETURNED NON-ZERO ERROR CODE 3
WARNING: LAPACK DSYEV() RETURNED NON-ZERO ERROR CODE 3
WARNING: LAPACK DSYEV() RETURNED NON-ZERO ERROR CODE 3
WARNING: LAPACK DSYEV() RETURNED NON-ZERO ERROR CODE 3
WARNING: LAPACK DSYEV() RETURNED NON-ZERO ERROR CODE 2
WARNING: LAPACK DSYEV() RETURNED NON-ZERO ERROR CODE 2
WARNING: LAPACK DSYEV() RETURNED NON-ZERO ERROR CODE 2
WARNING: LAPACK DSYEV() RETURNED NON-ZERO ERROR CODE 2
WARNING: LAPACK DSYEV() RETURNED NON-ZERO ERROR CODE 2
WARNING: LAPACK DSYEV() RETURNED NON-ZERO ERROR CODE 3
Finished setting up data; running search...
ROUND 1 A#0 and B#0 = 240.163
ROUND 2 A#1 and B#0 = 258.131
ROUND 3 A#2 and B#0 = 299.046
ROUND 4 A#3 and B#0 = 295.992
ROUND 5 A#4 and B#0 = 301.302
ROUND 6 A#5 and B#0 = 298.831
ROUND 7 A#6 and B#0 = 299.212
ROUND 8 A#7 and B#0 = 252.637
ROUND 9 A#8 and B#0 = 300.756
ROUND 10 A#9 and B#0 = 299.665
ROUND 11 A#10 and B#0 = 231.273
ROUND 12 A#11 and B#0 = 237.463
ROUND 13 A#12 and B#0 = 210.309
ROUND 14 A#13 and B#0 = 297.741
ROUND 15 A#14 and B#0 = 267.257
ROUND 16 A#15 and B#0 = 219.206
ROUND 17 A#16 and B#0 = 226.044
ROUND 18 A#17 and B#0 = 208.221
ROUND 19 A#18 and B#0 = 271.017
ROUND 20 A#19 and B#0 = -9.42514
ROUND 21 A#20 and B#0 = 252.644
ROUND 22 A#21 and B#0 = 254.494
ROUND 23 A#22 and B#0 = 253.855
ROUND 24 A#23 and B#0 = 233.061
ROUND 25 A#24 and B#0 = 240.042
ROUND 26 A#25 and B#0 = 216.548
ROUND 27 A#26 and B#0 = 244.776
ROUND 28 A#27 and B#0 = 232.679
ROUND 29 A#28 and B#0 = 222.868
ROUND 30 A#29 and B#0 = 177.413
ROUND 31 A#30 and B#0 = 298.411
ROUND 32 A#31 and B#0 = -8.40656
ROUND 33 A#32 and B#0 = 222.904
ROUND 34 A#33 and B#0 = 225.695
ROUND 35 A#34 and B#0 = 250.4
ROUND 36 A#35 and B#0 = 224.986
ROUND 37 A#36 and B#0 = 222.765
ROUND 38 A#37 and B#0 = 222.885
ROUND 39 A#38 and B#0 = -8.33897
ROUND 40 A#39 and B#0 = 251.135
ROUND 41 A#40 and B#0 = 244.713
ROUND 42 A#41 and B#0 = -8.66234
ROUND 43 A#42 and B#0 = 301.763
ROUND 44 A#43 and B#0 = 219.895
ROUND 45 A#44 and B#0 = -10.9668
ROUND 46 A#45 and B#0 = 247.424
ROUND 47 A#46 and B#0 = 242.406
ROUND 48 A#47 and B#0 = 246.965
ROUND 49 A#48 and B#0 = 209.648
ROUND 50 A#49 and B#0 = 210.163
ROUND 51 A#0 and B#1 = 225.835
ROUND 52 A#1 and B#1 = 220.188
ROUND 53 A#2 and B#1 = 239.616
ROUND 54 A#3 and B#1 = 237.656
ROUND 55 A#4 and B#1 = 237.447
ROUND 56 A#5 and B#1 = 239.599
ROUND 57 A#6 and B#1 = 234.044
ROUND 58 A#7 and B#1 = 252.439
ROUND 59 A#8 and B#1 = 247.584
ROUND 60 A#9 and B#1 = 248.158
ROUND 61 A#10 and B#1 = 257.225
ROUND 62 A#11 and B#1 = 254.013
ROUND 63 A#12 and B#1 = 227.699
ROUND 64 A#13 and B#1 = 243.602
ROUND 65 A#14 and B#1 = 233.647
ROUND 66 A#15 and B#1 = 248.226
ROUND 67 A#16 and B#1 = 250.679
ROUND 68 A#17 and B#1 = 236.979
ROUND 69 A#18 and B#1 = 250.858
ROUND 70 A#19 and B#1 = 201.398
ROUND 71 A#20 and B#1 = 252.444
ROUND 72 A#21 and B#1 = 226.778
ROUND 73 A#22 and B#1 = 227.062
ROUND 74 A#23 and B#1 = 234.925
ROUND 75 A#24 and B#1 = 224.168
ROUND 76 A#25 and B#1 = 245.846
ROUND 77 A#26 and B#1 = 225.017
ROUND 78 A#27 and B#1 = 243.368
ROUND 79 A#28 and B#1 = 237.32
ROUND 80 A#29 and B#1 = 148.735
ROUND 81 A#30 and B#1 = 197.833
ROUND 82 A#31 and B#1 = 198.679
ROUND 83 A#32 and B#1 = 237.159
ROUND 84 A#33 and B#1 = 248.988
ROUND 85 A#34 and B#1 = 224.991
ROUND 86 A#35 and B#1 = 248.381
ROUND 87 A#36 and B#1 = 241.155
ROUND 88 A#37 and B#1 = 241.577
ROUND 89 A#38 and B#1 = 199.985
ROUND 90 A#39 and B#1 = 225.899
ROUND 91 A#40 and B#1 = 224.529
ROUND 92 A#41 and B#1 = 201.373
ROUND 93 A#42 and B#1 = 191.303
ROUND 94 A#43 and B#1 = 247.175
ROUND 95 A#44 and B#1 = 190.815
ROUND 96 A#45 and B#1 = 225.387
ROUND 97 A#46 and B#1 = 227.692
ROUND 98 A#47 and B#1 = 224.206
ROUND 99 A#48 and B#1 = 237.594
ROUND 100 A#49 and B#1 = 238.1
ROUND 101 A#0 and B#2 = 226.214
ROUND 102 A#1 and B#2 = 219.292
ROUND 103 A#2 and B#2 = 253.972
ROUND 104 A#3 and B#2 = 238.881
ROUND 105 A#4 and B#2 = 238.826
ROUND 106 A#5 and B#2 = 254.044
ROUND 107 A#6 and B#2 = 234.539
ROUND 108 A#7 and B#2 = 252.305
ROUND 109 A#8 and B#2 = 247.562
ROUND 110 A#9 and B#2 = 249.674
ROUND 111 A#10 and B#2 = 269.143
ROUND 112 A#11 and B#2 = 266.454
ROUND 113 A#12 and B#2 = 228.238
ROUND 114 A#13 and B#2 = 244.933
ROUND 115 A#14 and B#2 = 241.507
ROUND 116 A#15 and B#2 = 248.548
ROUND 117 A#16 and B#2 = 263.348
ROUND 118 A#17 and B#2 = 237.415
ROUND 119 A#18 and B#2 = 263
ROUND 120 A#19 and B#2 = 200.097
ROUND 121 A#20 and B#2 = 252.331
ROUND 122 A#21 and B#2 = 227.385
ROUND 123 A#22 and B#2 = 227.682
ROUND 124 A#23 and B#2 = 236.187
ROUND 125 A#24 and B#2 = 224.609
ROUND 126 A#25 and B#2 = 246.119
ROUND 127 A#26 and B#2 = 225.645
ROUND 128 A#27 and B#2 = 242.971
ROUND 129 A#28 and B#2 = 236.789
ROUND 130 A#29 and B#2 = 147.651
ROUND 131 A#30 and B#2 = 253.534
ROUND 132 A#31 and B#2 = 197.387
ROUND 133 A#32 and B#2 = 236.617
ROUND 134 A#33 and B#2 = 261.98
ROUND 135 A#34 and B#2 = 225.624
ROUND 136 A#35 and B#2 = 248.247
ROUND 137 A#36 and B#2 = 240.972
ROUND 138 A#37 and B#2 = 241.394
ROUND 139 A#38 and B#2 = 198.743
ROUND 140 A#39 and B#2 = 226.492
ROUND 141 A#40 and B#2 = 225.07
ROUND 142 A#41 and B#2 = 200.238
ROUND 143 A#42 and B#2 = 189.254
ROUND 144 A#43 and B#2 = 247.007
ROUND 145 A#44 and B#2 = 189.365
ROUND 146 A#45 and B#2 = 225.928
ROUND 147 A#46 and B#2 = 228.088
ROUND 148 A#47 and B#2 = 224.759
ROUND 149 A#48 and B#2 = 237.075
ROUND 150 A#49 and B#2 = 237.602
ROUND 151 A#0 and B#3 = 236.426
ROUND 152 A#1 and B#3 = 238.555
ROUND 153 A#2 and B#3 = 268.162
ROUND 154 A#3 and B#3 = 232.677
ROUND 155 A#4 and B#3 = 232.689
ROUND 156 A#5 and B#3 = 268.172
ROUND 157 A#6 and B#3 = 253.429
ROUND 158 A#7 and B#3 = 242.363
ROUND 159 A#8 and B#3 = 215.369
ROUND 160 A#9 and B#3 = 233.205
ROUND 161 A#10 and B#3 = 232.323
ROUND 162 A#11 and B#3 = 232.996
ROUND 163 A#12 and B#3 = 222.781
ROUND 164 A#13 and B#3 = 217.199
ROUND 165 A#14 and B#3 = 223.398
ROUND 166 A#15 and B#3 = 232.182
ROUND 167 A#16 and B#3 = 217.91
ROUND 168 A#17 and B#3 = 217.31
ROUND 169 A#18 and B#3 = 217.461
ROUND 170 A#19 and B#3 = 101.003
ROUND 171 A#20 and B#3 = 246.68
ROUND 172 A#21 and B#3 = 231.875
ROUND 173 A#22 and B#3 = 232.755
ROUND 174 A#23 and B#3 = 230.085
ROUND 175 A#24 and B#3 = 245.909
ROUND 176 A#25 and B#3 = 230.187
ROUND 177 A#26 and B#3 = 235.749
ROUND 178 A#27 and B#3 = 228.272
ROUND 179 A#28 and B#3 = 221.009
ROUND 180 A#29 and B#3 = 276.179
ROUND 181 A#30 and B#3 = 187.139
ROUND 182 A#31 and B#3 = 265.332
ROUND 183 A#32 and B#3 = 220.819
ROUND 184 A#33 and B#3 = 216.123
ROUND 185 A#34 and B#3 = 235.48
ROUND 186 A#35 and B#3 = 216.027
ROUND 187 A#36 and B#3 = 217.177
ROUND 188 A#37 and B#3 = 217.099
ROUND 189 A#38 and B#3 = 202.569
ROUND 190 A#39 and B#3 = 231.609
ROUND 191 A#40 and B#3 = 234.696
ROUND 192 A#41 and B#3 = 203.696
ROUND 193 A#42 and B#3 = 266.692
ROUND 194 A#43 and B#3 = 231.35
ROUND 195 A#44 and B#3 = 99.8882
ROUND 196 A#45 and B#3 = 233.458
ROUND 197 A#46 and B#3 = 237.943
ROUND 198 A#47 and B#3 = 232.766
ROUND 199 A#48 and B#3 = 220.598
ROUND 200 A#49 and B#3 = 219.065
ROUND 201 A#0 and B#4 = 257.673
ROUND 202 A#1 and B#4 = 275.594
ROUND 203 A#2 and B#4 = 260.298
ROUND 204 A#3 and B#4 = 248.685
ROUND 205 A#4 and B#4 = 249.169
ROUND 206 A#5 and B#4 = 260.392
ROUND 207 A#6 and B#4 = 259.976
ROUND 208 A#7 and B#4 = 130.288
ROUND 209 A#8 and B#4 = 248.858
ROUND 210 A#9 and B#4 = 248.768
ROUND 211 A#10 and B#4 = 257.579
ROUND 212 A#11 and B#4 = 256.453
ROUND 213 A#12 and B#4 = 235.548
ROUND 214 A#13 and B#4 = 250.299
ROUND 215 A#14 and B#4 = 245.149
ROUND 216 A#15 and B#4 = 120.802
ROUND 217 A#16 and B#4 = 259.26
ROUND 218 A#17 and B#4 = 253.25
ROUND 219 A#18 and B#4 = 261.174
ROUND 220 A#19 and B#4 = 247.213
ROUND 221 A#20 and B#4 = 130.233
ROUND 222 A#21 and B#4 = 259.119
ROUND 223 A#22 and B#4 = 259.048
ROUND 224 A#23 and B#4 = 244.701
ROUND 225 A#24 and B#4 = 258.91
ROUND 226 A#25 and B#4 = 127.682
ROUND 227 A#26 and B#4 = 257.619
ROUND 228 A#27 and B#4 = 126.063
ROUND 229 A#28 and B#4 = 124.348
ROUND 230 A#29 and B#4 = 160.194
ROUND 231 A#30 and B#4 = 242.238
ROUND 232 A#31 and B#4 = 247.175
ROUND 233 A#32 and B#4 = 124.39
ROUND 234 A#33 and B#4 = 257.421
ROUND 235 A#34 and B#4 = 257.745
ROUND 236 A#35 and B#4 = 129.603
ROUND 237 A#36 and B#4 = 127.401
ROUND 238 A#37 and B#4 = 127.432
ROUND 239 A#38 and B#4 = 243.512
ROUND 240 A#39 and B#4 = 257.994
ROUND 241 A#40 and B#4 = 257.088
ROUND 242 A#41 and B#4 = 243.275
ROUND 243 A#42 and B#4 = 239.439
ROUND 244 A#43 and B#4 = 127.284
ROUND 245 A#44 and B#4 = 258.82
ROUND 246 A#45 and B#4 = 257.335
ROUND 247 A#46 and B#4 = 257.615
ROUND 248 A#47 and B#4 = 257.019
ROUND 249 A#48 and B#4 = 125.897
ROUND 250 A#49 and B#4 = 126.467
ROUND 251 A#0 and B#5 = 235.48
ROUND 252 A#1 and B#5 = 235.366
ROUND 253 A#2 and B#5 = 260.381
ROUND 254 A#3 and B#5 = 233.995
ROUND 255 A#4 and B#5 = 233.567
ROUND 256 A#5 and B#5 = 260.231
ROUND 257 A#6 and B#5 = 259.765
ROUND 258 A#7 and B#5 = 272.826
ROUND 259 A#8 and B#5 = 186.003
ROUND 260 A#9 and B#5 = 234.06
ROUND 261 A#10 and B#5 = 207.18
ROUND 262 A#11 and B#5 = 211.112
ROUND 263 A#12 and B#5 = 222.776
ROUND 264 A#13 and B#5 = 217.564
ROUND 265 A#14 and B#5 = 199.518
ROUND 266 A#15 and B#5 = 233.067
ROUND 267 A#16 and B#5 = 200.336
ROUND 268 A#17 and B#5 = 217.855
ROUND 269 A#18 and B#5 = 201.093
ROUND 270 A#19 and B#5 = 100.66
ROUND 271 A#20 and B#5 = 273.64
ROUND 272 A#21 and B#5 = 230.46
ROUND 273 A#22 and B#5 = 231.336
ROUND 274 A#23 and B#5 = 230.705
ROUND 275 A#24 and B#5 = 245.419
ROUND 276 A#25 and B#5 = 230.459
ROUND 277 A#26 and B#5 = 235.505
ROUND 278 A#27 and B#5 = 228.591
ROUND 279 A#28 and B#5 = 220.99
ROUND 280 A#29 and B#5 = 97.6096
ROUND 281 A#30 and B#5 = 253.76
ROUND 282 A#31 and B#5 = 258.737
ROUND 283 A#32 and B#5 = 220.804
ROUND 284 A#33 and B#5 = 201.685
ROUND 285 A#34 and B#5 = 234.986
ROUND 286 A#35 and B#5 = 216.404
ROUND 287 A#36 and B#5 = 217.228
ROUND 288 A#37 and B#5 = 217.166
ROUND 289 A#38 and B#5 = 258.2
ROUND 290 A#39 and B#5 = 231.298
ROUND 291 A#40 and B#5 = 234.358
ROUND 292 A#41 and B#5 = 100.716
ROUND 293 A#42 and B#5 = 260.363
ROUND 294 A#43 and B#5 = 232.019
ROUND 295 A#44 and B#5 = 99.786
ROUND 296 A#45 and B#5 = 233.226
ROUND 297 A#46 and B#5 = 237.191
ROUND 298 A#47 and B#5 = 232.587
ROUND 299 A#48 and B#5 = 220.583
ROUND 300 A#49 and B#5 = 219.065
ROUND 301 A#0 and B#6 = 200.062
ROUND 302 A#1 and B#6 = 209.584
ROUND 303 A#2 and B#6 = 260.817
ROUND 304 A#3 and B#6 = 151.612
ROUND 305 A#4 and B#6 = 166.201
ROUND 306 A#5 and B#6 = 261.09
ROUND 307 A#6 and B#6 = 260.445
ROUND 308 A#7 and B#6 = 296.158
ROUND 309 A#8 and B#6 = 234.25
ROUND 310 A#9 and B#6 = 252.687
ROUND 311 A#10 and B#6 = 255.236
ROUND 312 A#11 and B#6 = 254.621
ROUND 313 A#12 and B#6 = 177.912
ROUND 314 A#13 and B#6 = 252.217
ROUND 315 A#14 and B#6 = 201.921
ROUND 316 A#15 and B#6 = 200.385
ROUND 317 A#16 and B#6 = 229.047
ROUND 318 A#17 and B#6 = 255.485
ROUND 319 A#18 and B#6 = 228.821
ROUND 320 A#19 and B#6 = 260.387
ROUND 321 A#20 and B#6 = 258.521
ROUND 322 A#21 and B#6 = 207.705
ROUND 323 A#22 and B#6 = 207.539
ROUND 324 A#23 and B#6 = 242.177
ROUND 325 A#24 and B#6 = 209.98
ROUND 326 A#25 and B#6 = 252.096
ROUND 327 A#26 and B#6 = 212.825
ROUND 328 A#27 and B#6 = 228.555
ROUND 329 A#28 and B#6 = 230.851
ROUND 330 A#29 and B#6 = 20.2318
ROUND 331 A#30 and B#6 = 259.482
ROUND 332 A#31 and B#6 = 260.836
ROUND 333 A#32 and B#6 = 230.8
ROUND 334 A#33 and B#6 = 229.216
ROUND 335 A#34 and B#6 = 212.81
ROUND 336 A#35 and B#6 = 227.788
ROUND 337 A#36 and B#6 = 230.464
ROUND 338 A#37 and B#6 = 230.343
ROUND 339 A#38 and B#6 = 261.485
ROUND 340 A#39 and B#6 = 205.87
ROUND 341 A#40 and B#6 = 207.122
ROUND 342 A#41 and B#6 = 261.55
ROUND 343 A#42 and B#6 = 259.447
ROUND 344 A#43 and B#6 = 204.233
ROUND 345 A#44 and B#6 = 256.135
ROUND 346 A#45 and B#6 = 192.399
ROUND 347 A#46 and B#6 = 211.645
ROUND 348 A#47 and B#6 = 206.447
ROUND 349 A#48 and B#6 = 231.257
ROUND 350 A#49 and B#6 = 230.835
ROUND 351 A#0 and B#7 = 225.666
ROUND 352 A#1 and B#7 = 219.792
ROUND 353 A#2 and B#7 = 240.064
ROUND 354 A#3 and B#7 = 237.185
ROUND 355 A#4 and B#7 = 236.406
ROUND 356 A#5 and B#7 = 240.047
ROUND 357 A#6 and B#7 = 200.988
ROUND 358 A#7 and B#7 = 252.347
ROUND 359 A#8 and B#7 = 245.333
ROUND 360 A#9 and B#7 = 246.943
ROUND 361 A#10 and B#7 = 256.579
ROUND 362 A#11 and B#7 = 253.28
ROUND 363 A#12 and B#7 = 225.744
ROUND 364 A#13 and B#7 = 241.826
ROUND 365 A#14 and B#7 = 233.167
ROUND 366 A#15 and B#7 = 247.184
ROUND 367 A#16 and B#7 = 249.548
ROUND 368 A#17 and B#7 = 235.871
ROUND 369 A#18 and B#7 = 249.609
ROUND 370 A#19 and B#7 = 202.862
ROUND 371 A#20 and B#7 = 252.314
ROUND 372 A#21 and B#7 = 226.491
ROUND 373 A#22 and B#7 = 226.794
ROUND 374 A#23 and B#7 = 234.113
ROUND 375 A#24 and B#7 = 223.987
ROUND 376 A#25 and B#7 = 245.238
ROUND 377 A#26 and B#7 = 203.295
ROUND 378 A#27 and B#7 = 242.168
ROUND 379 A#28 and B#7 = 236.187
ROUND 380 A#29 and B#7 = 146.601
ROUND 381 A#30 and B#7 = 253.864
ROUND 382 A#31 and B#7 = 200.197
ROUND 383 A#32 and B#7 = 236.023
ROUND 384 A#33 and B#7 = 247.888
ROUND 385 A#34 and B#7 = 203.291
ROUND 386 A#35 and B#7 = 247.076
ROUND 387 A#36 and B#7 = 240.101
ROUND 388 A#37 and B#7 = 240.517
ROUND 389 A#38 and B#7 = 201.267
ROUND 390 A#39 and B#7 = 225.63
ROUND 391 A#40 and B#7 = 224.289
ROUND 392 A#41 and B#7 = 202.653
ROUND 393 A#42 and B#7 = 192.51
ROUND 394 A#43 and B#7 = 246.031
ROUND 395 A#44 and B#7 = 191.39
ROUND 396 A#45 and B#7 = 225.135
ROUND 397 A#46 and B#7 = 227.495
ROUND 398 A#47 and B#7 = 223.946
ROUND 399 A#48 and B#7 = 236.532
ROUND 400 A#49 and B#7 = 236.983
ROUND 401 A#0 and B#8 = 259.347
ROUND 402 A#1 and B#8 = 247.085
ROUND 403 A#2 and B#8 = 268.932
ROUND 404 A#3 and B#8 = 276.438
ROUND 405 A#4 and B#8 = 279.288
ROUND 406 A#5 and B#8 = 268.722
ROUND 407 A#6 and B#8 = 253.697
ROUND 408 A#7 and B#8 = 277.243
ROUND 409 A#8 and B#8 = 275.87
ROUND 410 A#9 and B#8 = 263.923
ROUND 411 A#10 and B#8 = 216.716
ROUND 412 A#11 and B#8 = 216.08
ROUND 413 A#12 and B#8 = 279.374
ROUND 414 A#13 and B#8 = 280.069
ROUND 415 A#14 and B#8 = 209.553
ROUND 416 A#15 and B#8 = 279.859
ROUND 417 A#16 and B#8 = 211.306
ROUND 418 A#17 and B#8 = 214.881
ROUND 419 A#18 and B#8 = 212.628
ROUND 420 A#19 and B#8 = 267.429
ROUND 421 A#20 and B#8 = 281.38
ROUND 422 A#21 and B#8 = 256.797
ROUND 423 A#22 and B#8 = 257.5
ROUND 424 A#23 and B#8 = 264.212
ROUND 425 A#24 and B#8 = 250.407
ROUND 426 A#25 and B#8 = 278.451
ROUND 427 A#26 and B#8 = 247.74
ROUND 428 A#27 and B#8 = 283.192
ROUND 429 A#28 and B#8 = 278.211
ROUND 430 A#29 and B#8 = 246.855
ROUND 431 A#30 and B#8 = 266.495
ROUND 432 A#31 and B#8 = 266.892
ROUND 433 A#32 and B#8 = 277.984
ROUND 434 A#33 and B#8 = 209.306
ROUND 435 A#34 and B#8 = 254.748
ROUND 436 A#35 and B#8 = 210.346
ROUND 437 A#36 and B#8 = 284.038
ROUND 438 A#37 and B#8 = 284.196
ROUND 439 A#38 and B#8 = 267.06
ROUND 440 A#39 and B#8 = 256.261
ROUND 441 A#40 and B#8 = 257.059
ROUND 442 A#41 and B#8 = 266.91
ROUND 443 A#42 and B#8 = 268.564
ROUND 444 A#43 and B#8 = 279.062
ROUND 445 A#44 and B#8 = 216.473
ROUND 446 A#45 and B#8 = 256.936
ROUND 447 A#46 and B#8 = 253.718
ROUND 448 A#47 and B#8 = 255.819
ROUND 449 A#48 and B#8 = 278.669
ROUND 450 A#49 and B#8 = 279.292
ROUND 451 A#0 and B#9 = 277.694
ROUND 452 A#1 and B#9 = 268.487
ROUND 453 A#2 and B#9 = 268.869
ROUND 454 A#3 and B#9 = 275.415
ROUND 455 A#4 and B#9 = 278.478
ROUND 456 A#5 and B#9 = 268.31
ROUND 457 A#6 and B#9 = 253.888
ROUND 458 A#7 and B#9 = 278.833
ROUND 459 A#8 and B#9 = 216.296
ROUND 460 A#9 and B#9 = 278.97
ROUND 461 A#10 and B#9 = 216.363
ROUND 462 A#11 and B#9 = 215.865
ROUND 463 A#12 and B#9 = 278.743
ROUND 464 A#13 and B#9 = 214.796
ROUND 465 A#14 and B#9 = 210.276
ROUND 466 A#15 and B#9 = 278.991
ROUND 467 A#16 and B#9 = 211.769
ROUND 468 A#17 and B#9 = 212.697
ROUND 469 A#18 and B#9 = 213.268
ROUND 470 A#19 and B#9 = 266.83
ROUND 471 A#20 and B#9 = 283.055
ROUND 472 A#21 and B#9 = 256.524
ROUND 473 A#22 and B#9 = 257.288
ROUND 474 A#23 and B#9 = 278.01
ROUND 475 A#24 and B#9 = 267.571
ROUND 476 A#25 and B#9 = 277.637
ROUND 477 A#26 and B#9 = 247.343
ROUND 478 A#27 and B#9 = 214.032
ROUND 479 A#28 and B#9 = 277.286
ROUND 480 A#29 and B#9 = 247.009
ROUND 481 A#30 and B#9 = 266.013
ROUND 482 A#31 and B#9 = 266.375
ROUND 483 A#32 and B#9 = 277.399
ROUND 484 A#33 and B#9 = 209.885
ROUND 485 A#34 and B#9 = 247.044
ROUND 486 A#35 and B#9 = 207.992
ROUND 487 A#36 and B#9 = 283.367
ROUND 488 A#37 and B#9 = 283.539
ROUND 489 A#38 and B#9 = 266.602
ROUND 490 A#39 and B#9 = 255.965
ROUND 491 A#40 and B#9 = 256.894
ROUND 492 A#41 and B#9 = 266.488
ROUND 493 A#42 and B#9 = 268.176
ROUND 494 A#43 and B#9 = 277.984
ROUND 495 A#44 and B#9 = 266.464
ROUND 496 A#45 and B#9 = 256.529
ROUND 497 A#46 and B#9 = 254.026
ROUND 498 A#47 and B#9 = 255.457
ROUND 499 A#48 and B#9 = 278.3
ROUND 500 A#49 and B#9 = 278.764
ROUND 501 A#0 and B#10 = 235.952
ROUND 502 A#1 and B#10 = 237.753
ROUND 503 A#2 and B#10 = 268.498
ROUND 504 A#3 and B#10 = 232.891
ROUND 505 A#4 and B#10 = 232.99
ROUND 506 A#5 and B#10 = 268.515
ROUND 507 A#6 and B#10 = 253.953
ROUND 508 A#7 and B#10 = 253.809
ROUND 509 A#8 and B#10 = 215.455
ROUND 510 A#9 and B#10 = 233.488
ROUND 511 A#10 and B#10 = 232.611
ROUND 512 A#11 and B#10 = 233.26
ROUND 513 A#12 and B#10 = 222.859
ROUND 514 A#13 and B#10 = 217.364
ROUND 515 A#14 and B#10 = 223.565
ROUND 516 A#15 and B#10 = 232.482
ROUND 517 A#16 and B#10 = 218.06
ROUND 518 A#17 and B#10 = 217.503
ROUND 519 A#18 and B#10 = 217.596
ROUND 520 A#19 and B#10 = 100.743
ROUND 521 A#20 and B#10 = 253.853
ROUND 522 A#21 and B#10 = 231.261
ROUND 523 A#22 and B#10 = 232.161
ROUND 524 A#23 and B#10 = 230.34
ROUND 525 A#24 and B#10 = 245.486
ROUND 526 A#25 and B#10 = 230.356
ROUND 527 A#26 and B#10 = 235.336
ROUND 528 A#27 and B#10 = 228.445
ROUND 529 A#28 and B#10 = 221.149
ROUND 530 A#29 and B#10 = 265.017
ROUND 531 A#30 and B#10 = 187.395
ROUND 532 A#31 and B#10 = 203.302
ROUND 533 A#32 and B#10 = 220.96
ROUND 534 A#33 and B#10 = 216.316
ROUND 535 A#34 and B#10 = 235.054
ROUND 536 A#35 and B#10 = 216.211
ROUND 537 A#36 and B#10 = 217.33
ROUND 538 A#37 and B#10 = 217.254
ROUND 539 A#38 and B#10 = 202.271
ROUND 540 A#39 and B#10 = 231.168
ROUND 541 A#40 and B#10 = 234.282
ROUND 542 A#41 and B#10 = 203.383
ROUND 543 A#42 and B#10 = 196.646
ROUND 544 A#43 and B#10 = 231.575
ROUND 545 A#44 and B#10 = 277.165
ROUND 546 A#45 and B#10 = 233.01
ROUND 547 A#46 and B#10 = 237.499
ROUND 548 A#47 and B#10 = 232.329
ROUND 549 A#48 and B#10 = 220.696
ROUND 550 A#49 and B#10 = 219.179
ROUND 551 A#0 and B#11 = 226.157
ROUND 552 A#1 and B#11 = 220.703
ROUND 553 A#2 and B#11 = 240.037
ROUND 554 A#3 and B#11 = 239.301
ROUND 555 A#4 and B#11 = 239.234
ROUND 556 A#5 and B#11 = 253.767
ROUND 557 A#6 and B#11 = 234.546
ROUND 558 A#7 and B#11 = 252.415
ROUND 559 A#8 and B#11 = 248.014
ROUND 560 A#9 and B#11 = 249.834
ROUND 561 A#10 and B#11 = 268.221
ROUND 562 A#11 and B#11 = 265.439
ROUND 563 A#12 and B#11 = 228.463
ROUND 564 A#13 and B#11 = 245.326
ROUND 565 A#14 and B#11 = 240.542
ROUND 566 A#15 and B#11 = 248.639
ROUND 567 A#16 and B#11 = 262.727
ROUND 568 A#17 and B#11 = 237.65
ROUND 569 A#18 and B#11 = 262.457
ROUND 570 A#19 and B#11 = 197.833
ROUND 571 A#20 and B#11 = 252.441
ROUND 572 A#21 and B#11 = 227.643
ROUND 573 A#22 and B#11 = 227.931
ROUND 574 A#23 and B#11 = 236.487
ROUND 575 A#24 and B#11 = 224.487
ROUND 576 A#25 and B#11 = 246.009
ROUND 577 A#26 and B#11 = 225.796
ROUND 578 A#27 and B#11 = 242.831
ROUND 579 A#28 and B#11 = 236.829
ROUND 580 A#29 and B#11 = 148.794
ROUND 581 A#30 and B#11 = 253.677
ROUND 582 A#31 and B#11 = 195.065
ROUND 583 A#32 and B#11 = 236.662
ROUND 584 A#33 and B#11 = 261.265
ROUND 585 A#34 and B#11 = 225.791
ROUND 586 A#35 and B#11 = 248.382
ROUND 587 A#36 and B#11 = 241.007
ROUND 588 A#37 and B#11 = 241.435
ROUND 589 A#38 and B#11 = 196.549
ROUND 590 A#39 and B#11 = 226.664
ROUND 591 A#40 and B#11 = 225.111
ROUND 592 A#41 and B#11 = 198.064
ROUND 593 A#42 and B#11 = 187.271
ROUND 594 A#43 and B#11 = 246.884
ROUND 595 A#44 and B#11 = 187.563
ROUND 596 A#45 and B#11 = 226.03
ROUND 597 A#46 and B#11 = 228.166
ROUND 598 A#47 and B#11 = 224.837
ROUND 599 A#48 and B#11 = 237.116
ROUND 600 A#49 and B#11 = 237.689
ROUND 601 A#0 and B#12 = 275.392
ROUND 602 A#1 and B#12 = 219.708
ROUND 603 A#2 and B#12 = 269.009
ROUND 604 A#3 and B#12 = 274.861
ROUND 605 A#4 and B#12 = 276.906
ROUND 606 A#5 and B#12 = 269.05
ROUND 607 A#6 and B#12 = 268.65
ROUND 608 A#7 and B#12 = 254.514
ROUND 609 A#8 and B#12 = 271.743
ROUND 610 A#9 and B#12 = 276.357
ROUND 611 A#10 and B#12 = 271.623
ROUND 612 A#11 and B#12 = 258.732
ROUND 613 A#12 and B#12 = 200.65
ROUND 614 A#13 and B#12 = 276.014
ROUND 615 A#14 and B#12 = 256.807
ROUND 616 A#15 and B#12 = 260.985
ROUND 617 A#16 and B#12 = 260.43
ROUND 618 A#17 and B#12 = 276.116
ROUND 619 A#18 and B#12 = 252.929
ROUND 620 A#19 and B#12 = 254.704
ROUND 621 A#20 and B#12 = 255.945
ROUND 622 A#21 and B#12 = 217.186
ROUND 623 A#22 and B#12 = 217.444
ROUND 624 A#23 and B#12 = 276.444
ROUND 625 A#24 and B#12 = 259.193
ROUND 626 A#25 and B#12 = 210.009
ROUND 627 A#26 and B#12 = 219.166
ROUND 628 A#27 and B#12 = 272.079
ROUND 629 A#28 and B#12 = 264
ROUND 630 A#29 and B#12 = 232.269
ROUND 631 A#30 and B#12 = 267.169
ROUND 632 A#31 and B#12 = 267.754
ROUND 633 A#32 and B#12 = 264.058
ROUND 634 A#33 and B#12 = 273.908
ROUND 635 A#34 and B#12 = 218.971
ROUND 636 A#35 and B#12 = 258.829
ROUND 637 A#36 and B#12 = 195.47
ROUND 638 A#37 and B#12 = 195.388
ROUND 639 A#38 and B#12 = 265.88
ROUND 640 A#39 and B#12 = 219.04
ROUND 641 A#40 and B#12 = 220.683
ROUND 642 A#41 and B#12 = 265.682
ROUND 643 A#42 and B#12 = 268.471
ROUND 644 A#43 and B#12 = 277.027
ROUND 645 A#44 and B#12 = 254.737
ROUND 646 A#45 and B#12 = 220.115
ROUND 647 A#46 and B#12 = 220.479
ROUND 648 A#47 and B#12 = 220.282
ROUND 649 A#48 and B#12 = 200.209
ROUND 650 A#49 and B#12 = 256.956
ROUND 651 A#0 and B#13 = 284.167
ROUND 652 A#1 and B#13 = 279.184
ROUND 653 A#2 and B#13 = 245.899
ROUND 654 A#3 and B#13 = 235.61
ROUND 655 A#4 and B#13 = 230.444
ROUND 656 A#5 and B#13 = 246.073
ROUND 657 A#6 and B#13 = 231.175
ROUND 658 A#7 and B#13 = 284.708
ROUND 659 A#8 and B#13 = 232.808
ROUND 660 A#9 and B#13 = 231.352
ROUND 661 A#10 and B#13 = 222.823
ROUND 662 A#11 and B#13 = 219.399
ROUND 663 A#12 and B#13 = 238.363
ROUND 664 A#13 and B#13 = 237.756
ROUND 665 A#14 and B#13 = 219.185
ROUND 666 A#15 and B#13 = 229.883
ROUND 667 A#16 and B#13 = 227.097
ROUND 668 A#17 and B#13 = 234.956
ROUND 669 A#18 and B#13 = 226.326
ROUND 670 A#19 and B#13 = 250.332
ROUND 671 A#20 and B#13 = 284.293
ROUND 672 A#21 and B#13 = 284.701
ROUND 673 A#22 and B#13 = 284.929
ROUND 674 A#23 and B#13 = 237.307
ROUND 675 A#24 and B#13 = 279.28
ROUND 676 A#25 and B#13 = 237.489
ROUND 677 A#26 and B#13 = 280.107
ROUND 678 A#27 and B#13 = 242.989
ROUND 679 A#28 and B#13 = 237.899
ROUND 680 A#29 and B#13 = 269.956
ROUND 681 A#30 and B#13 = 230.666
ROUND 682 A#31 and B#13 = 223.783
ROUND 683 A#32 and B#13 = 237.847
ROUND 684 A#33 and B#13 = 225.003
ROUND 685 A#34 and B#13 = 279.978
ROUND 686 A#35 and B#13 = 241.241
ROUND 687 A#36 and B#13 = 239.477
ROUND 688 A#37 and B#13 = 239.476
ROUND 689 A#38 and B#13 = 223.193
ROUND 690 A#39 and B#13 = 283.03
ROUND 691 A#40 and B#13 = 281.401
ROUND 692 A#41 and B#13 = 223.956
ROUND 693 A#42 and B#13 = 231.853
ROUND 694 A#43 and B#13 = 238.037
ROUND 695 A#44 and B#13 = 255.271
ROUND 696 A#45 and B#13 = 282.096
ROUND 697 A#46 and B#13 = 286.827
ROUND 698 A#47 and B#13 = 281.354
ROUND 699 A#48 and B#13 = 237.782
ROUND 700 A#49 and B#13 = 237.247
ROUND 701 A#0 and B#14 = 241.718
ROUND 702 A#1 and B#14 = 240.142
ROUND 703 A#2 and B#14 = 268.741
ROUND 704 A#3 and B#14 = 235.378
ROUND 705 A#4 and B#14 = 235.105
ROUND 706 A#5 and B#14 = 268.751
ROUND 707 A#6 and B#14 = 253.843
ROUND 708 A#7 and B#14 = 253.782
ROUND 709 A#8 and B#14 = 215.915
ROUND 710 A#9 and B#14 = 235.609
ROUND 711 A#10 and B#14 = 234.753
ROUND 712 A#11 and B#14 = 235.686
ROUND 713 A#12 and B#14 = 223.001
ROUND 714 A#13 and B#14 = 218.063
ROUND 715 A#14 and B#14 = 225.459
ROUND 716 A#15 and B#14 = 234.206
ROUND 717 A#16 and B#14 = 204.848
ROUND 718 A#17 and B#14 = 218.222
ROUND 719 A#18 and B#14 = 229.847
ROUND 720 A#19 and B#14 = 101.147
ROUND 721 A#20 and B#14 = 259.884
ROUND 722 A#21 and B#14 = 236.048
ROUND 723 A#22 and B#14 = 236.787
ROUND 724 A#23 and B#14 = 232.379
ROUND 725 A#24 and B#14 = 244.765
ROUND 726 A#25 and B#14 = 231.119
ROUND 727 A#26 and B#14 = 238.673
ROUND 728 A#27 and B#14 = 230.351
ROUND 729 A#28 and B#14 = 221.749
ROUND 730 A#29 and B#14 = 274.436
ROUND 731 A#30 and B#14 = 187.302
ROUND 732 A#31 and B#14 = 206.986
ROUND 733 A#32 and B#14 = 221.582
ROUND 734 A#33 and B#14 = 205.66
ROUND 735 A#34 and B#14 = 238.489
ROUND 736 A#35 and B#14 = 217.118
ROUND 737 A#36 and B#14 = 217.965
ROUND 738 A#37 and B#14 = 217.898
ROUND 739 A#38 and B#14 = 254.03
ROUND 740 A#39 and B#14 = 237.692
ROUND 741 A#40 and B#14 = 240.295
ROUND 742 A#41 and B#14 = 253.973
ROUND 743 A#42 and B#14 = 253.968
ROUND 744 A#43 and B#14 = 233.382
ROUND 745 A#44 and B#14 = 118.095
ROUND 746 A#45 and B#14 = 239.556
ROUND 747 A#46 and B#14 = 241.866
ROUND 748 A#47 and B#14 = 238.752
ROUND 749 A#48 and B#14 = 220.978
ROUND 750 A#49 and B#14 = 219.591
ROUND 751 A#0 and B#15 = 199.3
ROUND 752 A#1 and B#15 = 208.841
ROUND 753 A#2 and B#15 = 258.275
ROUND 754 A#3 and B#15 = 151.28
ROUND 755 A#4 and B#15 = 164.069
ROUND 756 A#5 and B#15 = 258.393
ROUND 757 A#6 and B#15 = 257.861
ROUND 758 A#7 and B#15 = 294.603
ROUND 759 A#8 and B#15 = 256.7
ROUND 760 A#9 and B#15 = 251.757
ROUND 761 A#10 and B#15 = 254.143
ROUND 762 A#11 and B#15 = 185.327
ROUND 763 A#12 and B#15 = 175.332
ROUND 764 A#13 and B#15 = 250.816
ROUND 765 A#14 and B#15 = 199.494
ROUND 766 A#15 and B#15 = 201.143
ROUND 767 A#16 and B#15 = 225.512
ROUND 768 A#17 and B#15 = 224.462
ROUND 769 A#18 and B#15 = 225.594
ROUND 770 A#19 and B#15 = 257.557
ROUND 771 A#20 and B#15 = 295.469
ROUND 772 A#21 and B#15 = 207.687
ROUND 773 A#22 and B#15 = 207.513
ROUND 774 A#23 and B#15 = 270.201
ROUND 775 A#24 and B#15 = 242.489
ROUND 776 A#25 and B#15 = 200.847
ROUND 777 A#26 and B#15 = 213.915
ROUND 778 A#27 and B#15 = 200.614
ROUND 779 A#28 and B#15 = 226.294
ROUND 780 A#29 and B#15 = 22.3082
ROUND 781 A#30 and B#15 = 257.137
ROUND 782 A#31 and B#15 = 258.203
ROUND 783 A#32 and B#15 = 226.342
ROUND 784 A#33 and B#15 = 225.425
ROUND 785 A#34 and B#15 = 213.876
ROUND 786 A#35 and B#15 = 224.581
ROUND 787 A#36 and B#15 = 225.907
ROUND 788 A#37 and B#15 = 225.843
ROUND 789 A#38 and B#15 = 258.498
ROUND 790 A#39 and B#15 = 205.79
ROUND 791 A#40 and B#15 = 208.423
ROUND 792 A#41 and B#15 = 258.562
ROUND 793 A#42 and B#15 = 257.178
ROUND 794 A#43 and B#15 = 204.588
ROUND 795 A#44 and B#15 = 254.206
ROUND 796 A#45 and B#15 = 208.935
ROUND 797 A#46 and B#15 = 212.186
ROUND 798 A#47 and B#15 = 207.952
ROUND 799 A#48 and B#15 = 226.753
ROUND 800 A#49 and B#15 = 226.219
ROUND 801 A#0 and B#16 = 294.882
ROUND 802 A#1 and B#16 = 277.702
ROUND 803 A#2 and B#16 = 256.238
ROUND 804 A#3 and B#16 = 258.606
ROUND 805 A#4 and B#16 = 259.424
ROUND 806 A#5 and B#16 = 256.261
ROUND 807 A#6 and B#16 = 255.934
ROUND 808 A#7 and B#16 = 244.204
ROUND 809 A#8 and B#16 = 272.597
ROUND 810 A#9 and B#16 = 270.226
ROUND 811 A#10 and B#16 = 275.252
ROUND 812 A#11 and B#16 = 272.1
ROUND 813 A#12 and B#16 = 255.727
ROUND 814 A#13 and B#16 = 272.86
ROUND 815 A#14 and B#16 = 257.442
ROUND 816 A#15 and B#16 = 274.832
ROUND 817 A#16 and B#16 = 277.701
ROUND 818 A#17 and B#16 = 264.727
ROUND 819 A#18 and B#16 = 279.551
ROUND 820 A#19 and B#16 = 259.589
ROUND 821 A#20 and B#16 = 244.846
ROUND 822 A#21 and B#16 = 293.138
ROUND 823 A#22 and B#16 = 294.018
ROUND 824 A#23 and B#16 = 256.668
ROUND 825 A#24 and B#16 = 306.518
ROUND 826 A#25 and B#16 = 270.627
ROUND 827 A#26 and B#16 = 294.299
ROUND 828 A#27 and B#16 = 270.465
ROUND 829 A#28 and B#16 = 267.081
ROUND 830 A#29 and B#16 = -7.37444
ROUND 831 A#30 and B#16 = 252.656
ROUND 832 A#31 and B#16 = 258.679
ROUND 833 A#32 and B#16 = 266.979
ROUND 834 A#33 and B#16 = 275.438
ROUND 835 A#34 and B#16 = 294.254
ROUND 836 A#35 and B#16 = 280.63
ROUND 837 A#36 and B#16 = 271.777
ROUND 838 A#37 and B#16 = 272.224
ROUND 839 A#38 and B#16 = 255.206
ROUND 840 A#39 and B#16 = 291.191
ROUND 841 A#40 and B#16 = 291.772
ROUND 842 A#41 and B#16 = 255.117
ROUND 843 A#42 and B#16 = 251.46
ROUND 844 A#43 and B#16 = 274.38
ROUND 845 A#44 and B#16 = 250.825
ROUND 846 A#45 and B#16 = 291.081
ROUND 847 A#46 and B#16 = 294.445
ROUND 848 A#47 and B#16 = 289.706
ROUND 849 A#48 and B#16 = 268.097
ROUND 850 A#49 and B#16 = 269.131
ROUND 851 A#0 and B#17 = 250.502
ROUND 852 A#1 and B#17 = 212.728
ROUND 853 A#2 and B#17 = 272.687
ROUND 854 A#3 and B#17 = 278.306
ROUND 855 A#4 and B#17 = 280.516
ROUND 856 A#5 and B#17 = 272.465
ROUND 857 A#6 and B#17 = 271.945
ROUND 858 A#7 and B#17 = 245.158
ROUND 859 A#8 and B#17 = 275.319
ROUND 860 A#9 and B#17 = 280.026
ROUND 861 A#10 and B#17 = 260.714
ROUND 862 A#11 and B#17 = 262.336
ROUND 863 A#12 and B#17 = 282.169
ROUND 864 A#13 and B#17 = 279.508
ROUND 865 A#14 and B#17 = 259.516
ROUND 866 A#15 and B#17 = 281.613
ROUND 867 A#16 and B#17 = 258.68
ROUND 868 A#17 and B#17 = 279.688
ROUND 869 A#18 and B#17 = 258.399
ROUND 870 A#19 and B#17 = 254.689
ROUND 871 A#20 and B#17 = 245.892
ROUND 872 A#21 and B#17 = 216.705
ROUND 873 A#22 and B#17 = 216.887
ROUND 874 A#23 and B#17 = 280.182
ROUND 875 A#24 and B#17 = 244.572
ROUND 876 A#25 and B#17 = 207.847
ROUND 877 A#26 and B#17 = 218.178
ROUND 878 A#27 and B#17 = 276.536
ROUND 879 A#28 and B#17 = 281.895
ROUND 880 A#29 and B#17 = 237.172
ROUND 881 A#30 and B#17 = 270.516
ROUND 882 A#31 and B#17 = 271.376
ROUND 883 A#32 and B#17 = 281.467
ROUND 884 A#33 and B#17 = 259.525
ROUND 885 A#34 and B#17 = 218.046
ROUND 886 A#35 and B#17 = 279.393
ROUND 887 A#36 and B#17 = 259.515
ROUND 888 A#37 and B#17 = 259.372
ROUND 889 A#38 and B#17 = 269.455
ROUND 890 A#39 and B#17 = 218.143
ROUND 891 A#40 and B#17 = 219.304
ROUND 892 A#41 and B#17 = 254.626
ROUND 893 A#42 and B#17 = 271.639
ROUND 894 A#43 and B#17 = 280.579
ROUND 895 A#44 and B#17 = 254.72
ROUND 896 A#45 and B#17 = 218.813
ROUND 897 A#46 and B#17 = 219.148
ROUND 898 A#47 and B#17 = 218.939
ROUND 899 A#48 and B#17 = 282.101
ROUND 900 A#49 and B#17 = 281.97
ROUND 901 A#0 and B#18 = 230.509
ROUND 902 A#1 and B#18 = 252.425
ROUND 903 A#2 and B#18 = 289.81
ROUND 904 A#3 and B#18 = 280.379
ROUND 905 A#4 and B#18 = 286.837
ROUND 906 A#5 and B#18 = 289.697
ROUND 907 A#6 and B#18 = 289.691
ROUND 908 A#7 and B#18 = 252.642
ROUND 909 A#8 and B#18 = 213.961
ROUND 910 A#9 and B#18 = 284.749
ROUND 911 A#10 and B#18 = 226.032
ROUND 912 A#11 and B#18 = 224.129
ROUND 913 A#12 and B#18 = 215.131
ROUND 914 A#13 and B#18 = 283.878
ROUND 915 A#14 and B#18 = 224.396
ROUND 916 A#15 and B#18 = 228.916
ROUND 917 A#16 and B#18 = 211.345
ROUND 918 A#17 and B#18 = 221.637
ROUND 919 A#18 and B#18 = 208.985
ROUND 920 A#19 and B#18 = -17.2158
ROUND 921 A#20 and B#18 = 252.668
ROUND 922 A#21 and B#18 = 248.099
ROUND 923 A#22 and B#18 = 247.203
ROUND 924 A#23 and B#18 = 228.325
ROUND 925 A#24 and B#18 = 230.963
ROUND 926 A#25 and B#18 = 220.995
ROUND 927 A#26 and B#18 = 239.124
ROUND 928 A#27 and B#18 = 227.326
ROUND 929 A#28 and B#18 = 214.342
ROUND 930 A#29 and B#18 = 184.455
ROUND 931 A#30 and B#18 = 294.024
ROUND 932 A#31 and B#18 = 260.704
ROUND 933 A#32 and B#18 = 214.314
ROUND 934 A#33 and B#18 = 214.185
ROUND 935 A#34 and B#18 = 244.151
ROUND 936 A#35 and B#18 = 219.383
ROUND 937 A#36 and B#18 = 216.99
ROUND 938 A#37 and B#18 = 217.107
ROUND 939 A#38 and B#18 = 290.761
ROUND 940 A#39 and B#18 = 245.253
ROUND 941 A#40 and B#18 = 238.377
ROUND 942 A#41 and B#18 = 290.525
ROUND 943 A#42 and B#18 = 296.88
ROUND 944 A#43 and B#18 = 226.177
ROUND 945 A#44 and B#18 = -17.7254
ROUND 946 A#45 and B#18 = 241.408
ROUND 947 A#46 and B#18 = 233.402
ROUND 948 A#47 and B#18 = 241.216
ROUND 949 A#48 and B#18 = 215.391
ROUND 950 A#49 and B#18 = 216.091
ROUND 951 A#0 and B#19 = 240.145
ROUND 952 A#1 and B#19 = 260.728
ROUND 953 A#2 and B#19 = 248.967
ROUND 954 A#3 and B#19 = 211.966
ROUND 955 A#4 and B#19 = 269.277
ROUND 956 A#5 and B#19 = 249.212
ROUND 957 A#6 and B#19 = 234.732
ROUND 958 A#7 and B#19 = 284.099
ROUND 959 A#8 and B#19 = 224.391
ROUND 960 A#9 and B#19 = 270.442
ROUND 961 A#10 and B#19 = 222.739
ROUND 962 A#11 and B#19 = 223.622
ROUND 963 A#12 and B#19 = 204.092
ROUND 964 A#13 and B#19 = 211.174
ROUND 965 A#14 and B#19 = 224.522
ROUND 966 A#15 and B#19 = 216.282
ROUND 967 A#16 and B#19 = 252.881
ROUND 968 A#17 and B#19 = 213.09
ROUND 969 A#18 and B#19 = 230.125
ROUND 970 A#19 and B#19 = -20.0514
ROUND 971 A#20 and B#19 = 284.208
ROUND 972 A#21 and B#19 = 211.417
ROUND 973 A#22 and B#19 = 211.82
ROUND 974 A#23 and B#19 = 267.174
ROUND 975 A#24 and B#19 = 242.237
ROUND 976 A#25 and B#19 = 207.675
ROUND 977 A#26 and B#19 = 212.826
ROUND 978 A#27 and B#19 = 214.796
ROUND 979 A#28 and B#19 = 208.725
ROUND 980 A#29 and B#19 = 207.717
ROUND 981 A#30 and B#19 = 288.434
ROUND 982 A#31 and B#19 = 254.625
ROUND 983 A#32 and B#19 = 208.74
ROUND 984 A#33 and B#19 = 265
ROUND 985 A#34 and B#19 = 214.339
ROUND 986 A#35 and B#19 = 218.173
ROUND 987 A#36 and B#19 = 204.827
ROUND 988 A#37 and B#19 = 204.82
ROUND 989 A#38 and B#19 = 254.946
ROUND 990 A#39 and B#19 = 211.69
ROUND 991 A#40 and B#19 = 236.566
ROUND 992 A#41 and B#19 = 254.884
ROUND 993 A#42 and B#19 = 281.911
ROUND 994 A#43 and B#19 = 211.04
ROUND 995 A#44 and B#19 = -24.0815
ROUND 996 A#45 and B#19 = 240.456
ROUND 997 A#46 and B#19 = 236.905
ROUND 998 A#47 and B#19 = 236.36
ROUND 999 A#48 and B#19 = 205.959
ROUND 1000 A#49 and B#19 = 207.252
ROUND 1001 A#0 and B#20 = 235.975
ROUND 1002 A#1 and B#20 = 238.323
ROUND 1003 A#2 and B#20 = 268.594
ROUND 1004 A#3 and B#20 = 232.792
ROUND 1005 A#4 and B#20 = 232.904
ROUND 1006 A#5 and B#20 = 268.582
ROUND 1007 A#6 and B#20 = 255.958
ROUND 1008 A#7 and B#20 = 253.781
ROUND 1009 A#8 and B#20 = 215.384
ROUND 1010 A#9 and B#20 = 233.407
ROUND 1011 A#10 and B#20 = 232.543
ROUND 1012 A#11 and B#20 = 233.18
ROUND 1013 A#12 and B#20 = 222.885
ROUND 1014 A#13 and B#20 = 217.341
ROUND 1015 A#14 and B#20 = 223.539
ROUND 1016 A#15 and B#20 = 232.411
ROUND 1017 A#16 and B#20 = 218.049
ROUND 1018 A#17 and B#20 = 217.477
ROUND 1019 A#18 and B#20 = 217.583
ROUND 1020 A#19 and B#20 = 210.747
ROUND 1021 A#20 and B#20 = 253.757
ROUND 1022 A#21 and B#20 = 231.47
ROUND 1023 A#22 and B#20 = 232.337
ROUND 1024 A#23 and B#20 = 230.261
ROUND 1025 A#24 and B#20 = 245.458
ROUND 1026 A#25 and B#20 = 230.339
ROUND 1027 A#26 and B#20 = 235.292
ROUND 1028 A#27 and B#20 = 228.385
ROUND 1029 A#28 and B#20 = 221.142
ROUND 1030 A#29 and B#20 = 265.189
ROUND 1031 A#30 and B#20 = 187.4
ROUND 1032 A#31 and B#20 = 203.084
ROUND 1033 A#32 and B#20 = 220.953
ROUND 1034 A#33 and B#20 = 216.284
ROUND 1035 A#34 and B#20 = 235.046
ROUND 1036 A#35 and B#20 = 216.176
ROUND 1037 A#36 and B#20 = 217.329
ROUND 1038 A#37 and B#20 = 217.254
ROUND 1039 A#38 and B#20 = 202.071
ROUND 1040 A#39 and B#20 = 231.077
ROUND 1041 A#40 and B#20 = 234.213
ROUND 1042 A#41 and B#20 = 203.178
ROUND 1043 A#42 and B#20 = 253.709
ROUND 1044 A#43 and B#20 = 231.514
ROUND 1045 A#44 and B#20 = 276.546
ROUND 1046 A#45 and B#20 = 232.952
ROUND 1047 A#46 and B#20 = 237.502
ROUND 1048 A#47 and B#20 = 232.221
ROUND 1049 A#48 and B#20 = 220.714
ROUND 1050 A#49 and B#20 = 219.19
ROUND 1051 A#0 and B#21 = 266.74
ROUND 1052 A#1 and B#21 = 272.932
ROUND 1053 A#2 and B#21 = 230.065
ROUND 1054 A#3 and B#21 = 212.323
ROUND 1055 A#4 and B#21 = 211.871
ROUND 1056 A#5 and B#21 = 230.14
ROUND 1057 A#6 and B#21 = 229.314
ROUND 1058 A#7 and B#21 = 220.851
ROUND 1059 A#8 and B#21 = 214.063
ROUND 1060 A#9 and B#21 = 215.328
ROUND 1061 A#10 and B#21 = 241.758
ROUND 1062 A#11 and B#21 = 239.156
ROUND 1063 A#12 and B#21 = 197.104
ROUND 1064 A#13 and B#21 = 202.456
ROUND 1065 A#14 and B#21 = 267.891
ROUND 1066 A#15 and B#21 = 222.897
ROUND 1067 A#16 and B#21 = 233.697
ROUND 1068 A#17 and B#21 = 188.859
ROUND 1069 A#18 and B#21 = 233.694
ROUND 1070 A#19 and B#21 = 232.127
ROUND 1071 A#20 and B#21 = 221.333
ROUND 1072 A#21 and B#21 = 294.043
ROUND 1073 A#22 and B#21 = 293.656
ROUND 1074 A#23 and B#21 = 208.043
ROUND 1075 A#24 and B#21 = 215.922
ROUND 1076 A#25 and B#21 = 217.947
ROUND 1077 A#26 and B#21 = 292.729
ROUND 1078 A#27 and B#21 = 215.739
ROUND 1079 A#28 and B#21 = 208.303
ROUND 1080 A#29 and B#21 = 252.838
ROUND 1081 A#30 and B#21 = 225.83
ROUND 1082 A#31 and B#21 = 229.332
ROUND 1083 A#32 and B#21 = 208.132
ROUND 1084 A#33 and B#21 = 231.724
ROUND 1085 A#34 and B#21 = 295.406
ROUND 1086 A#35 and B#21 = 217.188
ROUND 1087 A#36 and B#21 = 210.044
ROUND 1088 A#37 and B#21 = 210.344
ROUND 1089 A#38 and B#21 = 230.996
ROUND 1090 A#39 and B#21 = 293.967
ROUND 1091 A#40 and B#21 = 206.088
ROUND 1092 A#41 and B#21 = 232.514
ROUND 1093 A#42 and B#21 = 217.015
ROUND 1094 A#43 and B#21 = 220.761
ROUND 1095 A#44 and B#21 = 232.695
ROUND 1096 A#45 and B#21 = 275.307
ROUND 1097 A#46 and B#21 = 274.204
ROUND 1098 A#47 and B#21 = 276.181
ROUND 1099 A#48 and B#21 = 206.701
ROUND 1100 A#49 and B#21 = 207.17
ROUND 1101 A#0 and B#22 = 285.377
ROUND 1102 A#1 and B#22 = 265.009
ROUND 1103 A#2 and B#22 = 245.353
ROUND 1104 A#3 and B#22 = 243
ROUND 1105 A#4 and B#22 = 240.036
ROUND 1106 A#5 and B#22 = 245.916
ROUND 1107 A#6 and B#22 = 230.223
ROUND 1108 A#7 and B#22 = 120.549
ROUND 1109 A#8 and B#22 = 238.932
ROUND 1110 A#9 and B#22 = 240.735
ROUND 1111 A#10 and B#22 = 249.848
ROUND 1112 A#11 and B#22 = 247.344
ROUND 1113 A#12 and B#22 = 227.736
ROUND 1114 A#13 and B#22 = 242.506
ROUND 1115 A#14 and B#22 = 235.045
ROUND 1116 A#15 and B#22 = 251.007
ROUND 1117 A#16 and B#22 = 254.547
ROUND 1118 A#17 and B#22 = 244.739
ROUND 1119 A#18 and B#22 = 256.709
ROUND 1120 A#19 and B#22 = 181.359
ROUND 1121 A#20 and B#22 = 123.889
ROUND 1122 A#21 and B#22 = 251.976
ROUND 1123 A#22 and B#22 = 252.787
ROUND 1124 A#23 and B#22 = 238.102
ROUND 1125 A#24 and B#22 = 291.919
ROUND 1126 A#25 and B#22 = 243.954
ROUND 1127 A#26 and B#22 = 251.082
ROUND 1128 A#27 and B#22 = 251.385
ROUND 1129 A#28 and B#22 = 242.231
ROUND 1130 A#29 and B#22 = -14.5104
ROUND 1131 A#30 and B#22 = 180.233
ROUND 1132 A#31 and B#22 = 178.644
ROUND 1133 A#32 and B#22 = 242.116
ROUND 1134 A#33 and B#22 = 250.585
ROUND 1135 A#34 and B#22 = 285.921
ROUND 1136 A#35 and B#22 = 253.469
ROUND 1137 A#36 and B#22 = 243.505
ROUND 1138 A#37 and B#22 = 243.791
ROUND 1139 A#38 and B#22 = 180.252
ROUND 1140 A#39 and B#22 = 253.659
ROUND 1141 A#40 and B#22 = 257.189
ROUND 1142 A#41 and B#22 = 241.366
ROUND 1143 A#42 and B#22 = 232.279
ROUND 1144 A#43 and B#22 = 253.539
ROUND 1145 A#44 and B#22 = 240.283
ROUND 1146 A#45 and B#22 = 255.901
ROUND 1147 A#46 and B#22 = 255.471
ROUND 1148 A#47 and B#22 = 255.37
ROUND 1149 A#48 and B#22 = 242.078
ROUND 1150 A#49 and B#22 = 242.081
ROUND 1151 A#0 and B#23 = 257.873
ROUND 1152 A#1 and B#23 = 258.4
ROUND 1153 A#2 and B#23 = 235.083
ROUND 1154 A#3 and B#23 = 248.528
ROUND 1155 A#4 and B#23 = 249.144
ROUND 1156 A#5 and B#23 = 252.252
ROUND 1157 A#6 and B#23 = 229.349
ROUND 1158 A#7 and B#23 = 268.618
ROUND 1159 A#8 and B#23 = 248.079
ROUND 1160 A#9 and B#23 = 248.775
ROUND 1161 A#10 and B#23 = 254.078
ROUND 1162 A#11 and B#23 = 252.298
ROUND 1163 A#12 and B#23 = 235.76
ROUND 1164 A#13 and B#23 = 250.277
ROUND 1165 A#14 and B#23 = 244.319
ROUND 1166 A#15 and B#23 = 257.122
ROUND 1167 A#16 and B#23 = 257.563
ROUND 1168 A#17 and B#23 = 253.173
ROUND 1169 A#18 and B#23 = 260.608
ROUND 1170 A#19 and B#23 = 294.62
ROUND 1171 A#20 and B#23 = 269.367
ROUND 1172 A#21 and B#23 = 259.347
ROUND 1173 A#22 and B#23 = 259.265
ROUND 1174 A#23 and B#23 = 244.637
ROUND 1175 A#24 and B#23 = 259.015
ROUND 1176 A#25 and B#23 = 248.861
ROUND 1177 A#26 and B#23 = 257.92
ROUND 1178 A#27 and B#23 = 252.338
ROUND 1179 A#28 and B#23 = 246.992
ROUND 1180 A#29 and B#23 = 154.012
ROUND 1181 A#30 and B#23 = 252.482
ROUND 1182 A#31 and B#23 = 182.553
ROUND 1183 A#32 and B#23 = 246.894
ROUND 1184 A#33 and B#23 = 255.327
ROUND 1185 A#34 and B#23 = 258.045
ROUND 1186 A#35 and B#23 = 258.775
ROUND 1187 A#36 and B#23 = 250.07
ROUND 1188 A#37 and B#23 = 250.365
ROUND 1189 A#38 and B#23 = 275.678
ROUND 1190 A#39 and B#23 = 258.265
ROUND 1191 A#40 and B#23 = 257.384
ROUND 1192 A#41 and B#23 = 276.216
ROUND 1193 A#42 and B#23 = 195.786
ROUND 1194 A#43 and B#23 = 254.53
ROUND 1195 A#44 and B#23 = 159.441
ROUND 1196 A#45 and B#23 = 257.626
ROUND 1197 A#46 and B#23 = 257.853
ROUND 1198 A#47 and B#23 = 257.344
ROUND 1199 A#48 and B#23 = 247.232
ROUND 1200 A#49 and B#23 = 247.972
ROUND 1201 A#0 and B#24 = 225.68
ROUND 1202 A#1 and B#24 = 220.493
ROUND 1203 A#2 and B#24 = 253.906
ROUND 1204 A#3 and B#24 = 239.547
ROUND 1205 A#4 and B#24 = 239.868
ROUND 1206 A#5 and B#24 = 254.165
ROUND 1207 A#6 and B#24 = 235.229
ROUND 1208 A#7 and B#24 = 252.53
ROUND 1209 A#8 and B#24 = 245.66
ROUND 1210 A#9 and B#24 = 250.184
ROUND 1211 A#10 and B#24 = 265.739
ROUND 1212 A#11 and B#24 = 262.979
ROUND 1213 A#12 and B#24 = 227.257
ROUND 1214 A#13 and B#24 = 244.437
ROUND 1215 A#14 and B#24 = 237.683
ROUND 1216 A#15 and B#24 = 247.33
ROUND 1217 A#16 and B#24 = 259.729
ROUND 1218 A#17 and B#24 = 236.052
ROUND 1219 A#18 and B#24 = 259.621
ROUND 1220 A#19 and B#24 = 193.7
ROUND 1221 A#20 and B#24 = 252.339
ROUND 1222 A#21 and B#24 = 228.428
ROUND 1223 A#22 and B#24 = 228.687
ROUND 1224 A#23 and B#24 = 236.626
ROUND 1225 A#24 and B#24 = 224.123
ROUND 1226 A#25 and B#24 = 244.449
ROUND 1227 A#26 and B#24 = 226.383
ROUND 1228 A#27 and B#24 = 240.835
ROUND 1229 A#28 and B#24 = 234.559
ROUND 1230 A#29 and B#24 = 255.655
ROUND 1231 A#30 and B#24 = 209.121
ROUND 1232 A#31 and B#24 = 190.874
ROUND 1233 A#32 and B#24 = 234.385
ROUND 1234 A#33 and B#24 = 258.176
ROUND 1235 A#34 and B#24 = 226.384
ROUND 1236 A#35 and B#24 = 246.345
ROUND 1237 A#36 and B#24 = 238.814
ROUND 1238 A#37 and B#24 = 239.262
ROUND 1239 A#38 and B#24 = 192.567
ROUND 1240 A#39 and B#24 = 227.244
ROUND 1241 A#40 and B#24 = 225.247
ROUND 1242 A#41 and B#24 = 194.159
ROUND 1243 A#42 and B#24 = 203.897
ROUND 1244 A#43 and B#24 = 245.122
ROUND 1245 A#44 and B#24 = 184.269
ROUND 1246 A#45 and B#24 = 226.343
ROUND 1247 A#46 and B#24 = 228.085
ROUND 1248 A#47 and B#24 = 225.082
ROUND 1249 A#48 and B#24 = 234.809
ROUND 1250 A#49 and B#24 = 235.397
ROUND 1251 A#0 and B#25 = 225.785
ROUND 1252 A#1 and B#25 = 220.455
ROUND 1253 A#2 and B#25 = 254.233
ROUND 1254 A#3 and B#25 = 239.534
ROUND 1255 A#4 and B#25 = 239.954
ROUND 1256 A#5 and B#25 = 254.203
ROUND 1257 A#6 and B#25 = 235.084
ROUND 1258 A#7 and B#25 = 252.332
ROUND 1259 A#8 and B#25 = 246.074
ROUND 1260 A#9 and B#25 = 250.249
ROUND 1261 A#10 and B#25 = 266.143
ROUND 1262 A#11 and B#25 = 263.413
ROUND 1263 A#12 and B#25 = 227.392
ROUND 1264 A#13 and B#25 = 244.51
ROUND 1265 A#14 and B#25 = 237.88
ROUND 1266 A#15 and B#25 = 247.532
ROUND 1267 A#16 and B#25 = 260.177
ROUND 1268 A#17 and B#25 = 236.221
ROUND 1269 A#18 and B#25 = 260.085
ROUND 1270 A#19 and B#25 = 193.833
ROUND 1271 A#20 and B#25 = 252.331
ROUND 1272 A#21 and B#25 = 228.413
ROUND 1273 A#22 and B#25 = 228.68
ROUND 1274 A#23 and B#25 = 236.7
ROUND 1275 A#24 and B#25 = 224.216
ROUND 1276 A#25 and B#25 = 244.606
ROUND 1277 A#26 and B#25 = 226.38
ROUND 1278 A#27 and B#25 = 241.125
ROUND 1279 A#28 and B#25 = 234.79
ROUND 1280 A#29 and B#25 = 255.674
ROUND 1281 A#30 and B#25 = 208.968
ROUND 1282 A#31 and B#25 = 191.013
ROUND 1283 A#32 and B#25 = 234.618
ROUND 1284 A#33 and B#25 = 258.641
ROUND 1285 A#34 and B#25 = 226.392
ROUND 1286 A#35 and B#25 = 246.63
ROUND 1287 A#36 and B#25 = 239.068
ROUND 1288 A#37 and B#25 = 239.498
ROUND 1289 A#38 and B#25 = 192.746
ROUND 1290 A#39 and B#25 = 227.256
ROUND 1291 A#40 and B#25 = 225.309
ROUND 1292 A#41 and B#25 = 194.325
ROUND 1293 A#42 and B#25 = 203.713
ROUND 1294 A#43 and B#25 = 245.385
ROUND 1295 A#44 and B#25 = 184.444
ROUND 1296 A#45 and B#25 = 226.373
ROUND 1297 A#46 and B#25 = 228.141
ROUND 1298 A#47 and B#25 = 225.143
ROUND 1299 A#48 and B#25 = 235.028
ROUND 1300 A#49 and B#25 = 235.622
ROUND 1301 A#0 and B#26 = 266.937
ROUND 1302 A#1 and B#26 = 225.327
ROUND 1303 A#2 and B#26 = 262.79
ROUND 1304 A#3 and B#26 = 103.669
ROUND 1305 A#4 and B#26 = 101.575
ROUND 1306 A#5 and B#26 = 262.671
ROUND 1307 A#6 and B#26 = 262.37
ROUND 1308 A#7 and B#26 = 261.421
ROUND 1309 A#8 and B#26 = 263.815
ROUND 1310 A#9 and B#26 = 105.845
ROUND 1311 A#10 and B#26 = 250.977
ROUND 1312 A#11 and B#26 = 251.376
ROUND 1313 A#12 and B#26 = 106.208
ROUND 1314 A#13 and B#26 = 265.886
ROUND 1315 A#14 and B#26 = 250.87
ROUND 1316 A#15 and B#26 = 106.428
ROUND 1317 A#16 and B#26 = 249.053
ROUND 1318 A#17 and B#26 = 265.664
ROUND 1319 A#18 and B#26 = 249.761
ROUND 1320 A#19 and B#26 = 115.859
ROUND 1321 A#20 and B#26 = 264.201
ROUND 1322 A#21 and B#26 = 271.58
ROUND 1323 A#22 and B#26 = 271.285
ROUND 1324 A#23 and B#26 = 104.091
ROUND 1325 A#24 and B#26 = 267.385
ROUND 1326 A#25 and B#26 = 114.523
ROUND 1327 A#26 and B#26 = 270.292
ROUND 1328 A#27 and B#26 = 111.888
ROUND 1329 A#28 and B#26 = 263.232
ROUND 1330 A#29 and B#26 = 174.15
ROUND 1331 A#30 and B#26 = 259.18
ROUND 1332 A#31 and B#26 = 115.785
ROUND 1333 A#32 and B#26 = 263.286
ROUND 1334 A#33 and B#26 = 248.377
ROUND 1335 A#34 and B#26 = 270.494
ROUND 1336 A#35 and B#26 = 264.044
ROUND 1337 A#36 and B#26 = 261.907
ROUND 1338 A#37 and B#26 = 262.017
ROUND 1339 A#38 and B#26 = 116.038
ROUND 1340 A#39 and B#26 = 270.378
ROUND 1341 A#40 and B#26 = 268.42
ROUND 1342 A#41 and B#26 = 115.956
ROUND 1343 A#42 and B#26 = 115.62
ROUND 1344 A#43 and B#26 = 267.155
ROUND 1345 A#44 and B#26 = 116.189
ROUND 1346 A#45 and B#26 = 269.225
ROUND 1347 A#46 and B#26 = 268.079
ROUND 1348 A#47 and B#26 = 269.346
ROUND 1349 A#48 and B#26 = 109.821
ROUND 1350 A#49 and B#26 = 263.537
ROUND 1351 A#0 and B#27 = 224.251
ROUND 1352 A#1 and B#27 = 223.481
ROUND 1353 A#2 and B#27 = 244.647
ROUND 1354 A#3 and B#27 = 213.045
ROUND 1355 A#4 and B#27 = 245.686
ROUND 1356 A#5 and B#27 = 244.916
ROUND 1357 A#6 and B#27 = 244.298
ROUND 1358 A#7 and B#27 = 274.64
ROUND 1359 A#8 and B#27 = 229.628
ROUND 1360 A#9 and B#27 = 217.118
ROUND 1361 A#10 and B#27 = 199.959
ROUND 1362 A#11 and B#27 = 201.293
ROUND 1363 A#12 and B#27 = 208.739
ROUND 1364 A#13 and B#27 = 210.05
ROUND 1365 A#14 and B#27 = 238.44
ROUND 1366 A#15 and B#27 = 202.9
ROUND 1367 A#16 and B#27 = 265.53
ROUND 1368 A#17 and B#27 = 212.157
ROUND 1369 A#18 and B#27 = 257.219
ROUND 1370 A#19 and B#27 = -18.4926
ROUND 1371 A#20 and B#27 = 280.191
ROUND 1372 A#21 and B#27 = 223.06
ROUND 1373 A#22 and B#27 = 223.11
ROUND 1374 A#23 and B#27 = 211.802
ROUND 1375 A#24 and B#27 = 226.53
ROUND 1376 A#25 and B#27 = 194.435
ROUND 1377 A#26 and B#27 = 207.834
ROUND 1378 A#27 and B#27 = 185.672
ROUND 1379 A#28 and B#27 = 237.281
ROUND 1380 A#29 and B#27 = 200.249
ROUND 1381 A#30 and B#27 = 243.315
ROUND 1382 A#31 and B#27 = 244.75
ROUND 1383 A#32 and B#27 = 237.157
ROUND 1384 A#33 and B#27 = 200.48
ROUND 1385 A#34 and B#27 = 209.625
ROUND 1386 A#35 and B#27 = 202.298
ROUND 1387 A#36 and B#27 = 184.711
ROUND 1388 A#37 and B#27 = 184.876
ROUND 1389 A#38 and B#27 = 245.709
ROUND 1390 A#39 and B#27 = 223.442
ROUND 1391 A#40 and B#27 = 223.927
ROUND 1392 A#41 and B#27 = 245.702
ROUND 1393 A#42 and B#27 = 243.29
ROUND 1394 A#43 and B#27 = 210.157
ROUND 1395 A#44 and B#27 = -21.9879
ROUND 1396 A#45 and B#27 = 223.644
ROUND 1397 A#46 and B#27 = 224.137
ROUND 1398 A#47 and B#27 = 223.992
ROUND 1399 A#48 and B#27 = 208.621
ROUND 1400 A#49 and B#27 = 208.256
ROUND 1401 A#0 and B#28 = 238.034
ROUND 1402 A#1 and B#28 = 265.293
ROUND 1403 A#2 and B#28 = 193.64
ROUND 1404 A#3 and B#28 = 219.187
ROUND 1405 A#4 and B#28 = 213.298
ROUND 1406 A#5 and B#28 = 247.715
ROUND 1407 A#6 and B#28 = 224.431
ROUND 1408 A#7 and B#28 = 300.67
ROUND 1409 A#8 and B#28 = 223.067
ROUND 1410 A#9 and B#28 = 224.751
ROUND 1411 A#10 and B#28 = 222.594
ROUND 1412 A#11 and B#28 = 222.953
ROUND 1413 A#12 and B#28 = 273.013
ROUND 1414 A#13 and B#28 = 213.267
ROUND 1415 A#14 and B#28 = 212.732
ROUND 1416 A#15 and B#28 = 219.06
ROUND 1417 A#16 and B#28 = 222.328
ROUND 1418 A#17 and B#28 = 210.487
ROUND 1419 A#18 and B#28 = 223.22
ROUND 1420 A#19 and B#28 = 247.478
ROUND 1421 A#20 and B#28 = 300.741
ROUND 1422 A#21 and B#28 = 258.182
ROUND 1423 A#22 and B#28 = 248.552
ROUND 1424 A#23 and B#28 = 219.782
ROUND 1425 A#24 and B#28 = 252.426
ROUND 1426 A#25 and B#28 = 209.726
ROUND 1427 A#26 and B#28 = 257.138
ROUND 1428 A#27 and B#28 = 226.981
ROUND 1429 A#28 and B#28 = 213.751
ROUND 1430 A#29 and B#28 = 246.667
ROUND 1431 A#30 and B#28 = 246.912
ROUND 1432 A#31 and B#28 = 247.267
ROUND 1433 A#32 and B#28 = 213.711
ROUND 1434 A#33 and B#28 = 221.211
ROUND 1435 A#34 and B#28 = 257.069
ROUND 1436 A#35 and B#28 = 226.671
ROUND 1437 A#36 and B#28 = 210.964
ROUND 1438 A#37 and B#28 = 211.29
ROUND 1439 A#38 and B#28 = 248.142
ROUND 1440 A#39 and B#28 = 257.746
ROUND 1441 A#40 and B#28 = 226.63
ROUND 1442 A#41 and B#28 = 248.079
ROUND 1443 A#42 and B#28 = 255.945
ROUND 1444 A#43 and B#28 = 229.719
ROUND 1445 A#44 and B#28 = 249.067
ROUND 1446 A#45 and B#28 = 225.472
ROUND 1447 A#46 and B#28 = 258.403
ROUND 1448 A#47 and B#28 = 257.642
ROUND 1449 A#48 and B#28 = 210.592
ROUND 1450 A#49 and B#28 = 212.275
ROUND 1451 A#0 and B#29 = 276.759
ROUND 1452 A#1 and B#29 = 246.629
ROUND 1453 A#2 and B#29 = 269.103
ROUND 1454 A#3 and B#29 = 276.92
ROUND 1455 A#4 and B#29 = 279.976
ROUND 1456 A#5 and B#29 = 268.724
ROUND 1457 A#6 and B#29 = 253.62
ROUND 1458 A#7 and B#29 = 275.255
ROUND 1459 A#8 and B#29 = 217.058
ROUND 1460 A#9 and B#29 = 280.536
ROUND 1461 A#10 and B#29 = 216.628
ROUND 1462 A#11 and B#29 = 215.823
ROUND 1463 A#12 and B#29 = 279.869
ROUND 1464 A#13 and B#29 = 216.854
ROUND 1465 A#14 and B#29 = 209.263
ROUND 1466 A#15 and B#29 = 280.493
ROUND 1467 A#16 and B#29 = 210.862
ROUND 1468 A#17 and B#29 = 215.282
ROUND 1469 A#18 and B#29 = 212.299
ROUND 1470 A#19 and B#29 = 267.541
ROUND 1471 A#20 and B#29 = 279.402
ROUND 1472 A#21 and B#29 = 256.014
ROUND 1473 A#22 and B#29 = 256.401
ROUND 1474 A#23 and B#29 = 279.603
ROUND 1475 A#24 and B#29 = 266.772
ROUND 1476 A#25 and B#29 = 278.971
ROUND 1477 A#26 and B#29 = 248.442
ROUND 1478 A#27 and B#29 = 283.914
ROUND 1479 A#28 and B#29 = 278.576
ROUND 1480 A#29 and B#29 = 246.829
ROUND 1481 A#30 and B#29 = 266.586
ROUND 1482 A#31 and B#29 = 267.034
ROUND 1483 A#32 and B#29 = 278.262
ROUND 1484 A#33 and B#29 = 208.721
ROUND 1485 A#34 and B#29 = 248.382
ROUND 1486 A#35 and B#29 = 210.508
ROUND 1487 A#36 and B#29 = 284.262
ROUND 1488 A#37 and B#29 = 284.467
ROUND 1489 A#38 and B#29 = 267.181
ROUND 1490 A#39 and B#29 = 255.582
ROUND 1491 A#40 and B#29 = 255.995
ROUND 1492 A#41 and B#29 = 267.114
ROUND 1493 A#42 and B#29 = 268.726
ROUND 1494 A#43 and B#29 = 279.72
ROUND 1495 A#44 and B#29 = 267.206
ROUND 1496 A#45 and B#29 = 255.889
ROUND 1497 A#46 and B#29 = 252.901
ROUND 1498 A#47 and B#29 = 255.096
ROUND 1499 A#48 and B#29 = 279.332
ROUND 1500 A#49 and B#29 = 279.669
ROUND 1501 A#0 and B#30 = 249.488
ROUND 1502 A#1 and B#30 = 219.401
ROUND 1503 A#2 and B#30 = 270.614
ROUND 1504 A#3 and B#30 = 276.572
ROUND 1505 A#4 and B#30 = 278.863
ROUND 1506 A#5 and B#30 = 271.045
ROUND 1507 A#6 and B#30 = 270.288
ROUND 1508 A#7 and B#30 = 244.639
ROUND 1509 A#8 and B#30 = 273.565
ROUND 1510 A#9 and B#30 = 278.211
ROUND 1511 A#10 and B#30 = 259.146
ROUND 1512 A#11 and B#30 = 260.452
ROUND 1513 A#12 and B#30 = 280.865
ROUND 1514 A#13 and B#30 = 277.958
ROUND 1515 A#14 and B#30 = 258.485
ROUND 1516 A#15 and B#30 = 279.722
ROUND 1517 A#16 and B#30 = 257.446
ROUND 1518 A#17 and B#30 = 278.038
ROUND 1519 A#18 and B#30 = 256.499
ROUND 1520 A#19 and B#30 = 254.724
ROUND 1521 A#20 and B#30 = 246.306
ROUND 1522 A#21 and B#30 = 216.851
ROUND 1523 A#22 and B#30 = 217.114
ROUND 1524 A#23 and B#30 = 278.538
ROUND 1525 A#24 and B#30 = 243.786
ROUND 1526 A#25 and B#30 = 209.026
ROUND 1527 A#26 and B#30 = 218.769
ROUND 1528 A#27 and B#30 = 274.417
ROUND 1529 A#28 and B#30 = 264.285
ROUND 1530 A#29 and B#30 = 236.306
ROUND 1531 A#30 and B#30 = 269.033
ROUND 1532 A#31 and B#30 = 270.024
ROUND 1533 A#32 and B#30 = 264.354
ROUND 1534 A#33 and B#30 = 255.63
ROUND 1535 A#34 and B#30 = 218.696
ROUND 1536 A#35 and B#30 = 277.349
ROUND 1537 A#36 and B#30 = 195.181
ROUND 1538 A#37 and B#30 = 195.1
ROUND 1539 A#38 and B#30 = 267.818
ROUND 1540 A#39 and B#30 = 218.637
ROUND 1541 A#40 and B#30 = 220.355
ROUND 1542 A#41 and B#30 = 254.659
ROUND 1543 A#42 and B#30 = 270.173
ROUND 1544 A#43 and B#30 = 278.995
ROUND 1545 A#44 and B#30 = 254.755
ROUND 1546 A#45 and B#30 = 219.77
ROUND 1547 A#46 and B#30 = 220.179
ROUND 1548 A#47 and B#30 = 219.938
ROUND 1549 A#48 and B#30 = 280.759
ROUND 1550 A#49 and B#30 = 280.505
ROUND 1551 A#0 and B#31 = 258.062
ROUND 1552 A#1 and B#31 = 258.806
ROUND 1553 A#2 and B#31 = 252.552
ROUND 1554 A#3 and B#31 = 249.348
ROUND 1555 A#4 and B#31 = 250.287
ROUND 1556 A#5 and B#31 = 252.229
ROUND 1557 A#6 and B#31 = 230.577
ROUND 1558 A#7 and B#31 = 267.98
ROUND 1559 A#8 and B#31 = 249.328
ROUND 1560 A#9 and B#31 = 242.045
ROUND 1561 A#10 and B#31 = 252.843
ROUND 1562 A#11 and B#31 = 251.443
ROUND 1563 A#12 and B#31 = 236.744
ROUND 1564 A#13 and B#31 = 250.909
ROUND 1565 A#14 and B#31 = 245.461
ROUND 1566 A#15 and B#31 = 254.529
ROUND 1567 A#16 and B#31 = 254.407
ROUND 1568 A#17 and B#31 = 253.754
ROUND 1569 A#18 and B#31 = 256.825
ROUND 1570 A#19 and B#31 = 181.581
ROUND 1571 A#20 and B#31 = 268.602
ROUND 1572 A#21 and B#31 = 259.475
ROUND 1573 A#22 and B#31 = 259.425
ROUND 1574 A#23 and B#31 = 245.379
ROUND 1575 A#24 and B#31 = 258.548
ROUND 1576 A#25 and B#31 = 245.276
ROUND 1577 A#26 and B#31 = 258.337
ROUND 1578 A#27 and B#31 = 249.857
ROUND 1579 A#28 and B#31 = 243.871
ROUND 1580 A#29 and B#31 = 156.109
ROUND 1581 A#30 and B#31 = 252.277
ROUND 1582 A#31 and B#31 = 182.212
ROUND 1583 A#32 and B#31 = 243.781
ROUND 1584 A#33 and B#31 = 252.435
ROUND 1585 A#34 and B#31 = 258.447
ROUND 1586 A#35 and B#31 = 254.948
ROUND 1587 A#36 and B#31 = 246.44
ROUND 1588 A#37 and B#31 = 246.721
ROUND 1589 A#38 and B#31 = 180.539
ROUND 1590 A#39 and B#31 = 258.64
ROUND 1591 A#40 and B#31 = 257.864
ROUND 1592 A#41 and B#31 = 181.048
ROUND 1593 A#42 and B#31 = 198.255
ROUND 1594 A#43 and B#31 = 251.647
ROUND 1595 A#44 and B#31 = 207.576
ROUND 1596 A#45 and B#31 = 258.112
ROUND 1597 A#46 and B#31 = 258.446
ROUND 1598 A#47 and B#31 = 257.862
ROUND 1599 A#48 and B#31 = 243.728
ROUND 1600 A#49 and B#31 = 244.412
ROUND 1601 A#0 and B#32 = 249.525
ROUND 1602 A#1 and B#32 = 219.494
ROUND 1603 A#2 and B#32 = 269.959
ROUND 1604 A#3 and B#32 = 275.208
ROUND 1605 A#4 and B#32 = 277.462
ROUND 1606 A#5 and B#32 = 269.685
ROUND 1607 A#6 and B#32 = 269.366
ROUND 1608 A#7 and B#32 = 242.972
ROUND 1609 A#8 and B#32 = 272.75
ROUND 1610 A#9 and B#32 = 277.029
ROUND 1611 A#10 and B#32 = 258.418
ROUND 1612 A#11 and B#32 = 259.852
ROUND 1613 A#12 and B#32 = 279.84
ROUND 1614 A#13 and B#32 = 276.572
ROUND 1615 A#14 and B#32 = 257.423
ROUND 1616 A#15 and B#32 = 278.646
ROUND 1617 A#16 and B#32 = 254.843
ROUND 1618 A#17 and B#32 = 276.6
ROUND 1619 A#18 and B#32 = 255.613
ROUND 1620 A#19 and B#32 = 254.713
ROUND 1621 A#20 and B#32 = 246.325
ROUND 1622 A#21 and B#32 = 216.944
ROUND 1623 A#22 and B#32 = 217.198
ROUND 1624 A#23 and B#32 = 277.221
ROUND 1625 A#24 and B#32 = 243.642
ROUND 1626 A#25 and B#32 = 209.79
ROUND 1627 A#26 and B#32 = 218.893
ROUND 1628 A#27 and B#32 = 272.803
ROUND 1629 A#28 and B#32 = 263.509
ROUND 1630 A#29 and B#32 = 236.341
ROUND 1631 A#30 and B#32 = 268.151
ROUND 1632 A#31 and B#32 = 269.132
ROUND 1633 A#32 and B#32 = 263.563
ROUND 1634 A#33 and B#32 = 255.389
ROUND 1635 A#34 and B#32 = 218.807
ROUND 1636 A#35 and B#32 = 276.099
ROUND 1637 A#36 and B#32 = 195.79
ROUND 1638 A#37 and B#32 = 195.772
ROUND 1639 A#38 and B#32 = 267.014
ROUND 1640 A#39 and B#32 = 218.786
ROUND 1641 A#40 and B#32 = 220.435
ROUND 1642 A#41 and B#32 = 254.651
ROUND 1643 A#42 and B#32 = 269.517
ROUND 1644 A#43 and B#32 = 277.648
ROUND 1645 A#44 and B#32 = 254.744
ROUND 1646 A#45 and B#32 = 219.88
ROUND 1647 A#46 and B#32 = 220.28
ROUND 1648 A#47 and B#32 = 220.045
ROUND 1649 A#48 and B#32 = 279.664
ROUND 1650 A#49 and B#32 = 279.379
ROUND 1651 A#0 and B#33 = 257.916
ROUND 1652 A#1 and B#33 = 258.448
ROUND 1653 A#2 and B#33 = 252.406
ROUND 1654 A#3 and B#33 = 248.61
ROUND 1655 A#4 and B#33 = 249.223
ROUND 1656 A#5 and B#33 = 252.542
ROUND 1657 A#6 and B#33 = 229.075
ROUND 1658 A#7 and B#33 = 268.727
ROUND 1659 A#8 and B#33 = 248.103
ROUND 1660 A#9 and B#33 = 244.801
ROUND 1661 A#10 and B#33 = 254.175
ROUND 1662 A#11 and B#33 = 252.443
ROUND 1663 A#12 and B#33 = 235.771
ROUND 1664 A#13 and B#33 = 250.294
ROUND 1665 A#14 and B#33 = 244.336
ROUND 1666 A#15 and B#33 = 257.152
ROUND 1667 A#16 and B#33 = 257.616
ROUND 1668 A#17 and B#33 = 253.249
ROUND 1669 A#18 and B#33 = 260.675
ROUND 1670 A#19 and B#33 = 294.374
ROUND 1671 A#20 and B#33 = 269.429
ROUND 1672 A#21 and B#33 = 259.383
ROUND 1673 A#22 and B#33 = 259.308
ROUND 1674 A#23 and B#33 = 244.699
ROUND 1675 A#24 and B#33 = 259.038
ROUND 1676 A#25 and B#33 = 248.788
ROUND 1677 A#26 and B#33 = 257.967
ROUND 1678 A#27 and B#33 = 252.473
ROUND 1679 A#28 and B#33 = 247.052
ROUND 1680 A#29 and B#33 = 154.423
ROUND 1681 A#30 and B#33 = 252.518
ROUND 1682 A#31 and B#33 = 182.227
ROUND 1683 A#32 and B#33 = 246.955
ROUND 1684 A#33 and B#33 = 255.394
ROUND 1685 A#34 and B#33 = 258.088
ROUND 1686 A#35 and B#33 = 258.825
ROUND 1687 A#36 and B#33 = 250.113
ROUND 1688 A#37 and B#33 = 250.374
ROUND 1689 A#38 and B#33 = 276.158
ROUND 1690 A#39 and B#33 = 258.31
ROUND 1691 A#40 and B#33 = 257.429
ROUND 1692 A#41 and B#33 = 276.72
ROUND 1693 A#42 and B#33 = 195.363
ROUND 1694 A#43 and B#33 = 254.606
ROUND 1695 A#44 and B#33 = 252.298
ROUND 1696 A#45 and B#33 = 257.669
ROUND 1697 A#46 and B#33 = 257.903
ROUND 1698 A#47 and B#33 = 257.389
ROUND 1699 A#48 and B#33 = 247.198
ROUND 1700 A#49 and B#33 = 247.952
ROUND 1701 A#0 and B#34 = 255.95
ROUND 1702 A#1 and B#34 = 265.107
ROUND 1703 A#2 and B#34 = 259.495
ROUND 1704 A#3 and B#34 = 105.033
ROUND 1705 A#4 and B#34 = 261.214
ROUND 1706 A#5 and B#34 = 259.429
ROUND 1707 A#6 and B#34 = 258.915
ROUND 1708 A#7 and B#34 = 224
ROUND 1709 A#8 and B#34 = 259.325
ROUND 1710 A#9 and B#34 = 109.787
ROUND 1711 A#10 and B#34 = 257.395
ROUND 1712 A#11 and B#34 = 257.279
ROUND 1713 A#12 and B#34 = 106.017
ROUND 1714 A#13 and B#34 = 258.467
ROUND 1715 A#14 and B#34 = 255.329
ROUND 1716 A#15 and B#34 = 117.649
ROUND 1717 A#16 and B#34 = 246.18
ROUND 1718 A#17 and B#34 = 259.91
ROUND 1719 A#18 and B#34 = 246.218
ROUND 1720 A#19 and B#34 = 120.136
ROUND 1721 A#20 and B#34 = 244.481
ROUND 1722 A#21 and B#34 = 267.008
ROUND 1723 A#22 and B#34 = 266.671
ROUND 1724 A#23 and B#34 = 259.359
ROUND 1725 A#24 and B#34 = 261.861
ROUND 1726 A#25 and B#34 = 125.13
ROUND 1727 A#26 and B#34 = 264.736
ROUND 1728 A#27 and B#34 = 122.664
ROUND 1729 A#28 and B#34 = 251.217
ROUND 1730 A#29 and B#34 = 270.234
ROUND 1731 A#30 and B#34 = 252.747
ROUND 1732 A#31 and B#34 = 119.895
ROUND 1733 A#32 and B#34 = 251.285
ROUND 1734 A#33 and B#34 = 246.405
ROUND 1735 A#34 and B#34 = 264.954
ROUND 1736 A#35 and B#34 = 255.579
ROUND 1737 A#36 and B#34 = 120.106
ROUND 1738 A#37 and B#34 = 250.918
ROUND 1739 A#38 and B#34 = 119.367
ROUND 1740 A#39 and B#34 = 265.122
ROUND 1741 A#40 and B#34 = 261.703
ROUND 1742 A#41 and B#34 = 119.312
ROUND 1743 A#42 and B#34 = 120.028
ROUND 1744 A#43 and B#34 = 121.45
ROUND 1745 A#44 and B#34 = 121.388
ROUND 1746 A#45 and B#34 = 263.143
ROUND 1747 A#46 and B#34 = 261.883
ROUND 1748 A#47 and B#34 = 262.894
ROUND 1749 A#48 and B#34 = 118.744
ROUND 1750 A#49 and B#34 = 118.449
ROUND 1751 A#0 and B#35 = 225.788
ROUND 1752 A#1 and B#35 = 221.47
ROUND 1753 A#2 and B#35 = 248.356
ROUND 1754 A#3 and B#35 = 251.13
ROUND 1755 A#4 and B#35 = 249.5
ROUND 1756 A#5 and B#35 = 248.643
ROUND 1757 A#6 and B#35 = 233.775
ROUND 1758 A#7 and B#35 = 281.449
ROUND 1759 A#8 and B#35 = 228.826
ROUND 1760 A#9 and B#35 = 250.903
ROUND 1761 A#10 and B#35 = 220.503
ROUND 1762 A#11 and B#35 = 220.146
ROUND 1763 A#12 and B#35 = 271.694
ROUND 1764 A#13 and B#35 = 210.509
ROUND 1765 A#14 and B#35 = 238.349
ROUND 1766 A#15 and B#35 = 218.648
ROUND 1767 A#16 and B#35 = 252.527
ROUND 1768 A#17 and B#35 = 212.863
ROUND 1769 A#18 and B#35 = 256.481
ROUND 1770 A#19 and B#35 = -15.2854
ROUND 1771 A#20 and B#35 = 281.152
ROUND 1772 A#21 and B#35 = 208.457
ROUND 1773 A#22 and B#35 = 208.694
ROUND 1774 A#23 and B#35 = 245.724
ROUND 1775 A#24 and B#35 = 228.009
ROUND 1776 A#25 and B#35 = 242.787
ROUND 1777 A#26 and B#35 = 208.915
ROUND 1778 A#27 and B#35 = 202.329
ROUND 1779 A#28 and B#35 = 206.431
ROUND 1780 A#29 and B#35 = 198.593
ROUND 1781 A#30 and B#35 = 246.968
ROUND 1782 A#31 and B#35 = 248.295
ROUND 1783 A#32 and B#35 = 206.404
ROUND 1784 A#33 and B#35 = 252.37
ROUND 1785 A#34 and B#35 = 210.57
ROUND 1786 A#35 and B#35 = 204.846
ROUND 1787 A#36 and B#35 = 203.118
ROUND 1788 A#37 and B#35 = 203.186
ROUND 1789 A#38 and B#35 = 249.535
ROUND 1790 A#39 and B#35 = 208.262
ROUND 1791 A#40 and B#35 = 208.32
ROUND 1792 A#41 and B#35 = 249.599
ROUND 1793 A#42 and B#35 = 246.425
ROUND 1794 A#43 and B#35 = 211.06
ROUND 1795 A#44 and B#35 = -19.4245
ROUND 1796 A#45 and B#35 = 208.16
ROUND 1797 A#46 and B#35 = 210.375
ROUND 1798 A#47 and B#35 = 207.693
ROUND 1799 A#48 and B#35 = 237.181
ROUND 1800 A#49 and B#35 = 209.509
ROUND 1801 A#0 and B#36 = 282.679
ROUND 1802 A#1 and B#36 = 289.746
ROUND 1803 A#2 and B#36 = 251.253
ROUND 1804 A#3 and B#36 = 229.454
ROUND 1805 A#4 and B#36 = 264.407
ROUND 1806 A#5 and B#36 = 251.397
ROUND 1807 A#6 and B#36 = 232.252
ROUND 1808 A#7 and B#36 = 291.683
ROUND 1809 A#8 and B#36 = 262.783
ROUND 1810 A#9 and B#36 = 197.439
ROUND 1811 A#10 and B#36 = 219.066
ROUND 1812 A#11 and B#36 = 216.43
ROUND 1813 A#12 and B#36 = 204.307
ROUND 1814 A#13 and B#36 = 233.714
ROUND 1815 A#14 and B#36 = 239.932
ROUND 1816 A#15 and B#36 = 224.204
ROUND 1817 A#16 and B#36 = 268.006
ROUND 1818 A#17 and B#36 = 231.035
ROUND 1819 A#18 and B#36 = 270.045
ROUND 1820 A#19 and B#36 = 226.205
ROUND 1821 A#20 and B#36 = 290.744
ROUND 1822 A#21 and B#36 = 288.385
ROUND 1823 A#22 and B#36 = 289.458
ROUND 1824 A#23 and B#36 = 266.828
ROUND 1825 A#24 and B#36 = 292.792
ROUND 1826 A#25 and B#36 = 231.562
ROUND 1827 A#26 and B#36 = 295.468
ROUND 1828 A#27 and B#36 = 235.705
ROUND 1829 A#28 and B#36 = 231.8
ROUND 1830 A#29 and B#36 = 270.466
ROUND 1831 A#30 and B#36 = 221.382
ROUND 1832 A#31 and B#36 = 226.008
ROUND 1833 A#32 and B#36 = 231.743
ROUND 1834 A#33 and B#36 = 265.629
ROUND 1835 A#34 and B#36 = 295.258
ROUND 1836 A#35 and B#36 = 265.249
ROUND 1837 A#36 and B#36 = 253.099
ROUND 1838 A#37 and B#36 = 253.128
ROUND 1839 A#38 and B#36 = 231.975
ROUND 1840 A#39 and B#36 = 289.853
ROUND 1841 A#40 and B#36 = 291.78
ROUND 1842 A#41 and B#36 = 231.598
ROUND 1843 A#42 and B#36 = 235.142
ROUND 1844 A#43 and B#36 = 231.326
ROUND 1845 A#44 and B#36 = 260.501
ROUND 1846 A#45 and B#36 = 290.859
ROUND 1847 A#46 and B#36 = 290.056
ROUND 1848 A#47 and B#36 = 289.855
ROUND 1849 A#48 and B#36 = 232.303
ROUND 1850 A#49 and B#36 = 231.897
ROUND 1851 A#0 and B#37 = 236.833
ROUND 1852 A#1 and B#37 = 238.058
ROUND 1853 A#2 and B#37 = 267.947
ROUND 1854 A#3 and B#37 = 233.003
ROUND 1855 A#4 and B#37 = 233.004
ROUND 1856 A#5 and B#37 = 267.946
ROUND 1857 A#6 and B#37 = 253.775
ROUND 1858 A#7 and B#37 = 242.742
ROUND 1859 A#8 and B#37 = 215.517
ROUND 1860 A#9 and B#37 = 233.524
ROUND 1861 A#10 and B#37 = 232.63
ROUND 1862 A#11 and B#37 = 233.322
ROUND 1863 A#12 and B#37 = 222.879
ROUND 1864 A#13 and B#37 = 217.367
ROUND 1865 A#14 and B#37 = 223.631
ROUND 1866 A#15 and B#37 = 232.455
ROUND 1867 A#16 and B#37 = 218.069
ROUND 1868 A#17 and B#37 = 217.474
ROUND 1869 A#18 and B#37 = 217.611
ROUND 1870 A#19 and B#37 = 101
ROUND 1871 A#20 and B#37 = 247.062
ROUND 1872 A#21 and B#37 = 231.974
ROUND 1873 A#22 and B#37 = 232.864
ROUND 1874 A#23 and B#37 = 230.408
ROUND 1875 A#24 and B#37 = 246.302
ROUND 1876 A#25 and B#37 = 230.374
ROUND 1877 A#26 and B#37 = 236.208
ROUND 1878 A#27 and B#37 = 228.551
ROUND 1879 A#28 and B#37 = 221.175
ROUND 1880 A#29 and B#37 = 276.369
ROUND 1881 A#30 and B#37 = 186.949
ROUND 1882 A#31 and B#37 = 265.809
ROUND 1883 A#32 and B#37 = 220.987
ROUND 1884 A#33 and B#37 = 216.335
ROUND 1885 A#34 and B#37 = 235.832
ROUND 1886 A#35 and B#37 = 216.216
ROUND 1887 A#36 and B#37 = 217.327
ROUND 1888 A#37 and B#37 = 217.264
ROUND 1889 A#38 and B#37 = 255.269
ROUND 1890 A#39 and B#37 = 232.184
ROUND 1891 A#40 and B#37 = 235.263
ROUND 1892 A#41 and B#37 = 203.466
ROUND 1893 A#42 and B#37 = 253.96
ROUND 1894 A#43 and B#37 = 231.645
ROUND 1895 A#44 and B#37 = 99.932
ROUND 1896 A#45 and B#37 = 234.062
ROUND 1897 A#46 and B#37 = 238.313
ROUND 1898 A#47 and B#37 = 233.37
ROUND 1899 A#48 and B#37 = 220.71
ROUND 1900 A#49 and B#37 = 219.201
ROUND 1901 A#0 and B#38 = 249.808
ROUND 1902 A#1 and B#38 = 219.212
ROUND 1903 A#2 and B#38 = 270.918
ROUND 1904 A#3 and B#38 = 276.727
ROUND 1905 A#4 and B#38 = 278.845
ROUND 1906 A#5 and B#38 = 270.92
ROUND 1907 A#6 and B#38 = 270.287
ROUND 1908 A#7 and B#38 = 244.731
ROUND 1909 A#8 and B#38 = 273.724
ROUND 1910 A#9 and B#38 = 278.373
ROUND 1911 A#10 and B#38 = 259.373
ROUND 1912 A#11 and B#38 = 260.581
ROUND 1913 A#12 and B#38 = 280.979
ROUND 1914 A#13 and B#38 = 277.747
ROUND 1915 A#14 and B#38 = 258.545
ROUND 1916 A#15 and B#38 = 279.932
ROUND 1917 A#16 and B#38 = 257.257
ROUND 1918 A#17 and B#38 = 278.023
ROUND 1919 A#18 and B#38 = 256.584
ROUND 1920 A#19 and B#38 = 254.72
ROUND 1921 A#20 and B#38 = 246.352
ROUND 1922 A#21 and B#38 = 216.681
ROUND 1923 A#22 and B#38 = 216.927
ROUND 1924 A#23 and B#38 = 278.584
ROUND 1925 A#24 and B#38 = 243.92
ROUND 1926 A#25 and B#38 = 208.859
ROUND 1927 A#26 and B#38 = 218.665
ROUND 1928 A#27 and B#38 = 274.323
ROUND 1929 A#28 and B#38 = 264.184
ROUND 1930 A#29 and B#38 = 236.43
ROUND 1931 A#30 and B#38 = 269.211
ROUND 1932 A#31 and B#38 = 269.734
ROUND 1933 A#32 and B#38 = 264.257
ROUND 1934 A#33 and B#38 = 255.747
ROUND 1935 A#34 and B#38 = 218.453
ROUND 1936 A#35 and B#38 = 277.666
ROUND 1937 A#36 and B#38 = 195.023
ROUND 1938 A#37 and B#38 = 194.947
ROUND 1939 A#38 and B#38 = 267.941
ROUND 1940 A#39 and B#38 = 218.483
ROUND 1941 A#40 and B#38 = 220.194
ROUND 1942 A#41 and B#38 = 254.657
ROUND 1943 A#42 and B#38 = 270.294
ROUND 1944 A#43 and B#38 = 279.038
ROUND 1945 A#44 and B#38 = 254.751
ROUND 1946 A#45 and B#38 = 219.615
ROUND 1947 A#46 and B#38 = 220.046
ROUND 1948 A#47 and B#38 = 219.782
ROUND 1949 A#48 and B#38 = 280.895
ROUND 1950 A#49 and B#38 = 280.604
ROUND 1951 A#0 and B#39 = 221.012
ROUND 1952 A#1 and B#39 = 222.496
ROUND 1953 A#2 and B#39 = 253.897
ROUND 1954 A#3 and B#39 = 239.417
ROUND 1955 A#4 and B#39 = 238.647
ROUND 1956 A#5 and B#39 = 239.729
ROUND 1957 A#6 and B#39 = 234.273
ROUND 1958 A#7 and B#39 = 252.328
ROUND 1959 A#8 and B#39 = 245.828
ROUND 1960 A#9 and B#39 = 249.605
ROUND 1961 A#10 and B#39 = 263.279
ROUND 1962 A#11 and B#39 = 259.192
ROUND 1963 A#12 and B#39 = 227.616
ROUND 1964 A#13 and B#39 = 245.157
ROUND 1965 A#14 and B#39 = 236.048
ROUND 1966 A#15 and B#39 = 247.159
ROUND 1967 A#16 and B#39 = 258.632
ROUND 1968 A#17 and B#39 = 236.872
ROUND 1969 A#18 and B#39 = 258.605
ROUND 1970 A#19 and B#39 = 197.924
ROUND 1971 A#20 and B#39 = 252.355
ROUND 1972 A#21 and B#39 = 205.593
ROUND 1973 A#22 and B#39 = 223.306
ROUND 1974 A#23 and B#39 = 235.481
ROUND 1975 A#24 and B#39 = 220.66
ROUND 1976 A#25 and B#39 = 244.815
ROUND 1977 A#26 and B#39 = 223.22
ROUND 1978 A#27 and B#39 = 240.341
ROUND 1979 A#28 and B#39 = 235.536
ROUND 1980 A#29 and B#39 = 148.426
ROUND 1981 A#30 and B#39 = 208.959
ROUND 1982 A#31 and B#39 = 195.131
ROUND 1983 A#32 and B#39 = 235.365
ROUND 1984 A#33 and B#39 = 256.065
ROUND 1985 A#34 and B#39 = 209.014
ROUND 1986 A#35 and B#39 = 247.763
ROUND 1987 A#36 and B#39 = 239.882
ROUND 1988 A#37 and B#39 = 240.341
ROUND 1989 A#38 and B#39 = 196.217
ROUND 1990 A#39 and B#39 = 222.071
ROUND 1991 A#40 and B#39 = 220.335
ROUND 1992 A#41 and B#39 = 197.763
ROUND 1993 A#42 and B#39 = 203.782
ROUND 1994 A#43 and B#39 = 245.739
ROUND 1995 A#44 and B#39 = 190.497
ROUND 1996 A#45 and B#39 = 221.19
ROUND 1997 A#46 and B#39 = 222.662
ROUND 1998 A#47 and B#39 = 220.378
ROUND 1999 A#48 and B#39 = 236.241
ROUND 2000 A#49 and B#39 = 236.839
ROUND 2001 A#0 and B#40 = 224.744
ROUND 2002 A#1 and B#40 = 221.712
ROUND 2003 A#2 and B#40 = 247.778
ROUND 2004 A#3 and B#40 = 250.026
ROUND 2005 A#4 and B#40 = 248.239
ROUND 2006 A#5 and B#40 = 248.052
ROUND 2007 A#6 and B#40 = 233.125
ROUND 2008 A#7 and B#40 = 281.479
ROUND 2009 A#8 and B#40 = 228.435
ROUND 2010 A#9 and B#40 = 249.59
ROUND 2011 A#10 and B#40 = 220.611
ROUND 2012 A#11 and B#40 = 220.36
ROUND 2013 A#12 and B#40 = 271.491
ROUND 2014 A#13 and B#40 = 210.303
ROUND 2015 A#14 and B#40 = 238.221
ROUND 2016 A#15 and B#40 = 218.259
ROUND 2017 A#16 and B#40 = 252.793
ROUND 2018 A#17 and B#40 = 212.556
ROUND 2019 A#18 and B#40 = 263.732
ROUND 2020 A#19 and B#40 = -15.655
ROUND 2021 A#20 and B#40 = 281.127
ROUND 2022 A#21 and B#40 = 208.503
ROUND 2023 A#22 and B#40 = 208.726
ROUND 2024 A#23 and B#40 = 244.176
ROUND 2025 A#24 and B#40 = 226.95
ROUND 2026 A#25 and B#40 = 242.465
ROUND 2027 A#26 and B#40 = 208.808
ROUND 2028 A#27 and B#40 = 202.312
ROUND 2029 A#28 and B#40 = 206.149
ROUND 2030 A#29 and B#40 = 199.799
ROUND 2031 A#30 and B#40 = 245.417
ROUND 2032 A#31 and B#40 = 247.041
ROUND 2033 A#32 and B#40 = 206.08
ROUND 2034 A#33 and B#40 = 252.73
ROUND 2035 A#34 and B#40 = 210.505
ROUND 2036 A#35 and B#40 = 204.597
ROUND 2037 A#36 and B#40 = 202.921
ROUND 2038 A#37 and B#40 = 203.007
ROUND 2039 A#38 and B#40 = 248.144
ROUND 2040 A#39 and B#40 = 208.158
ROUND 2041 A#40 and B#40 = 208.172
ROUND 2042 A#41 and B#40 = 248.169
ROUND 2043 A#42 and B#40 = 245.274
ROUND 2044 A#43 and B#40 = 210.828
ROUND 2045 A#44 and B#40 = -19.6744
ROUND 2046 A#45 and B#40 = 207.998
ROUND 2047 A#46 and B#40 = 210.483
ROUND 2048 A#47 and B#40 = 207.524
ROUND 2049 A#48 and B#40 = 237.047
ROUND 2050 A#49 and B#40 = 208.785
ROUND 2051 A#0 and B#41 = 264.497
ROUND 2052 A#1 and B#41 = 275.906
ROUND 2053 A#2 and B#41 = 247.206
ROUND 2054 A#3 and B#41 = 242.001
ROUND 2055 A#4 and B#41 = 238.598
ROUND 2056 A#5 and B#41 = 247.787
ROUND 2057 A#6 and B#41 = 238.745
ROUND 2058 A#7 and B#41 = 119.413
ROUND 2059 A#8 and B#41 = 239.407
ROUND 2060 A#9 and B#41 = 239.624
ROUND 2061 A#10 and B#41 = 252.959
ROUND 2062 A#11 and B#41 = 250.896
ROUND 2063 A#12 and B#41 = 225.92
ROUND 2064 A#13 and B#41 = 240.769
ROUND 2065 A#14 and B#41 = 237.239
ROUND 2066 A#15 and B#41 = 113.808
ROUND 2067 A#16 and B#41 = 254.132
ROUND 2068 A#17 and B#41 = 243.225
ROUND 2069 A#18 and B#41 = 255.844
ROUND 2070 A#19 and B#41 = 193.996
ROUND 2071 A#20 and B#41 = 120.539
ROUND 2072 A#21 and B#41 = 256.728
ROUND 2073 A#22 and B#41 = 257.61
ROUND 2074 A#23 and B#41 = 237.571
ROUND 2075 A#24 and B#41 = 261.397
ROUND 2076 A#25 and B#41 = 117.137
ROUND 2077 A#26 and B#41 = 255.095
ROUND 2078 A#27 and B#41 = 120.642
ROUND 2079 A#28 and B#41 = 120.429
ROUND 2080 A#29 and B#41 = 167.823
ROUND 2081 A#30 and B#41 = 253.797
ROUND 2082 A#31 and B#41 = 191.014
ROUND 2083 A#32 and B#41 = 120.463
ROUND 2084 A#33 and B#41 = 250.498
ROUND 2085 A#34 and B#41 = 254.921
ROUND 2086 A#35 and B#41 = 124.281
ROUND 2087 A#36 and B#41 = 123.05
ROUND 2088 A#37 and B#41 = 123.051
ROUND 2089 A#38 and B#41 = 193.063
ROUND 2090 A#39 and B#41 = 258.202
ROUND 2091 A#40 and B#41 = 261.443
ROUND 2092 A#41 and B#41 = 268.723
ROUND 2093 A#42 and B#41 = 184.523
ROUND 2094 A#43 and B#41 = 123.275
ROUND 2095 A#44 and B#41 = 185.577
ROUND 2096 A#45 and B#41 = 260.362
ROUND 2097 A#46 and B#41 = 259.399
ROUND 2098 A#47 and B#41 = 259.596
ROUND 2099 A#48 and B#41 = 121.725
ROUND 2100 A#49 and B#41 = 122.065
ROUND 2101 A#0 and B#42 = 221.285
ROUND 2102 A#1 and B#42 = 221.97
ROUND 2103 A#2 and B#42 = 239.804
ROUND 2104 A#3 and B#42 = 239.945
ROUND 2105 A#4 and B#42 = 239.423
ROUND 2106 A#5 and B#42 = 253.805
ROUND 2107 A#6 and B#42 = 234.408
ROUND 2108 A#7 and B#42 = 252.356
ROUND 2109 A#8 and B#42 = 247.15
ROUND 2110 A#9 and B#42 = 250.76
ROUND 2111 A#10 and B#42 = 264.004
ROUND 2112 A#11 and B#42 = 260
ROUND 2113 A#12 and B#42 = 228.744
ROUND 2114 A#13 and B#42 = 246.274
ROUND 2115 A#14 and B#42 = 235.999
ROUND 2116 A#15 and B#42 = 247.727
ROUND 2117 A#16 and B#42 = 259.283
ROUND 2118 A#17 and B#42 = 237.387
ROUND 2119 A#18 and B#42 = 259.295
ROUND 2120 A#19 and B#42 = 197.035
ROUND 2121 A#20 and B#42 = 252.367
ROUND 2122 A#21 and B#42 = 223.802
ROUND 2123 A#22 and B#42 = 223.873
ROUND 2124 A#23 and B#42 = 236.191
ROUND 2125 A#24 and B#42 = 220.912
ROUND 2126 A#25 and B#42 = 245.254
ROUND 2127 A#26 and B#42 = 223.721
ROUND 2128 A#27 and B#42 = 240.962
ROUND 2129 A#28 and B#42 = 236.092
ROUND 2130 A#29 and B#42 = 149.043
ROUND 2131 A#30 and B#42 = 208.754
ROUND 2132 A#31 and B#42 = 194.21
ROUND 2133 A#32 and B#42 = 235.924
ROUND 2134 A#33 and B#42 = 256.747
ROUND 2135 A#34 and B#42 = 222.199
ROUND 2136 A#35 and B#42 = 248.332
ROUND 2137 A#36 and B#42 = 240.345
ROUND 2138 A#37 and B#42 = 240.798
ROUND 2139 A#38 and B#42 = 195.439
ROUND 2140 A#39 and B#42 = 222.63
ROUND 2141 A#40 and B#42 = 220.813
ROUND 2142 A#41 and B#42 = 196.918
ROUND 2143 A#42 and B#42 = 204.375
ROUND 2144 A#43 and B#42 = 246.392
ROUND 2145 A#44 and B#42 = 189.933
ROUND 2146 A#45 and B#42 = 221.703
ROUND 2147 A#46 and B#42 = 223.042
ROUND 2148 A#47 and B#42 = 258.009
ROUND 2149 A#48 and B#42 = 236.705
ROUND 2150 A#49 and B#42 = 237.329
ROUND 2151 A#0 and B#43 = 261.309
ROUND 2152 A#1 and B#43 = 259.673
ROUND 2153 A#2 and B#43 = 239.355
ROUND 2154 A#3 and B#43 = 242.686
ROUND 2155 A#4 and B#43 = 239.425
ROUND 2156 A#5 and B#43 = 254.104
ROUND 2157 A#6 and B#43 = 233.531
ROUND 2158 A#7 and B#43 = 271.357
ROUND 2159 A#8 and B#43 = 240.431
ROUND 2160 A#9 and B#43 = 240.177
ROUND 2161 A#10 and B#43 = 250.275
ROUND 2162 A#11 and B#43 = 248.116
ROUND 2163 A#12 and B#43 = 226.492
ROUND 2164 A#13 and B#43 = 241.742
ROUND 2165 A#14 and B#43 = 238.091
ROUND 2166 A#15 and B#43 = 247.532
ROUND 2167 A#16 and B#43 = 250.205
ROUND 2168 A#17 and B#43 = 244.426
ROUND 2169 A#18 and B#43 = 251.959
ROUND 2170 A#19 and B#43 = 193.948
ROUND 2171 A#20 and B#43 = 271.11
ROUND 2172 A#21 and B#43 = 253.275
ROUND 2173 A#22 and B#43 = 254.201
ROUND 2174 A#23 and B#43 = 238.103
ROUND 2175 A#24 and B#43 = 265.213
ROUND 2176 A#25 and B#43 = 242.625
ROUND 2177 A#26 and B#43 = 211.327
ROUND 2178 A#27 and B#43 = 246.754
ROUND 2179 A#28 and B#43 = 236.268
ROUND 2180 A#29 and B#43 = 255.261
ROUND 2181 A#30 and B#43 = 206.377
ROUND 2182 A#31 and B#43 = 191.215
ROUND 2183 A#32 and B#43 = 236.07
ROUND 2184 A#33 and B#43 = 246.17
ROUND 2185 A#34 and B#43 = 210.533
ROUND 2186 A#35 and B#43 = 247.153
ROUND 2187 A#36 and B#43 = 237.417
ROUND 2188 A#37 and B#43 = 237.71
ROUND 2189 A#38 and B#43 = 192.644
ROUND 2190 A#39 and B#43 = 254.673
ROUND 2191 A#40 and B#43 = 257.944
ROUND 2192 A#41 and B#43 = 194.138
ROUND 2193 A#42 and B#43 = 200.89
ROUND 2194 A#43 and B#43 = 249.568
ROUND 2195 A#44 and B#43 = 182.638
ROUND 2196 A#45 and B#43 = 256.817
ROUND 2197 A#46 and B#43 = 218.061
ROUND 2198 A#47 and B#43 = 255.952
ROUND 2199 A#48 and B#43 = 235.891
ROUND 2200 A#49 and B#43 = 235.605
ROUND 2201 A#0 and B#44 = 254.773
ROUND 2202 A#1 and B#44 = 265.205
ROUND 2203 A#2 and B#44 = 266.988
ROUND 2204 A#3 and B#44 = 269.683
ROUND 2205 A#4 and B#44 = 267.882
ROUND 2206 A#5 and B#44 = 266.794
ROUND 2207 A#6 and B#44 = 266.243
ROUND 2208 A#7 and B#44 = 270.56
ROUND 2209 A#8 and B#44 = 266.914
ROUND 2210 A#9 and B#44 = 268.032
ROUND 2211 A#10 and B#44 = 256.878
ROUND 2212 A#11 and B#44 = 256.834
ROUND 2213 A#12 and B#44 = 257.349
ROUND 2214 A#13 and B#44 = 265.506
ROUND 2215 A#14 and B#44 = 254.97
ROUND 2216 A#15 and B#44 = 265.197
ROUND 2217 A#16 and B#44 = 253.853
ROUND 2218 A#17 and B#44 = 266.84
ROUND 2219 A#18 and B#44 = 253.904
ROUND 2220 A#19 and B#44 = 120.326
ROUND 2221 A#20 and B#44 = 272.283
ROUND 2222 A#21 and B#44 = 267.041
ROUND 2223 A#22 and B#44 = 266.731
ROUND 2224 A#23 and B#44 = 267.413
ROUND 2225 A#24 and B#44 = 260.622
ROUND 2226 A#25 and B#44 = 257.917
ROUND 2227 A#26 and B#44 = 264.822
ROUND 2228 A#27 and B#44 = 265.733
ROUND 2229 A#28 and B#44 = 223.524
ROUND 2230 A#29 and B#44 = 275.014
ROUND 2231 A#30 and B#44 = 260.323
ROUND 2232 A#31 and B#44 = 120.11
ROUND 2233 A#32 and B#44 = 223.579
ROUND 2234 A#33 and B#44 = 253.813
ROUND 2235 A#34 and B#44 = 265.04
ROUND 2236 A#35 and B#44 = 249.449
ROUND 2237 A#36 and B#44 = 249.464
ROUND 2238 A#37 and B#44 = 249.455
ROUND 2239 A#38 and B#44 = 119.603
ROUND 2240 A#39 and B#44 = 265.205
ROUND 2241 A#40 and B#44 = 261.824
ROUND 2242 A#41 and B#44 = 119.551
ROUND 2243 A#42 and B#44 = 120.168
ROUND 2244 A#43 and B#44 = 266.837
ROUND 2245 A#44 and B#44 = 121.586
ROUND 2246 A#45 and B#44 = 263.263
ROUND 2247 A#46 and B#44 = 261.982
ROUND 2248 A#47 and B#44 = 263.003
ROUND 2249 A#48 and B#44 = 248.264
ROUND 2250 A#49 and B#44 = 249.403
ROUND 2251 A#0 and B#45 = 255.64
ROUND 2252 A#1 and B#45 = 247.305
ROUND 2253 A#2 and B#45 = 259.821
ROUND 2254 A#3 and B#45 = 106.349
ROUND 2255 A#4 and B#45 = 106.596
ROUND 2256 A#5 and B#45 = 259.784
ROUND 2257 A#6 and B#45 = 259.309
ROUND 2258 A#7 and B#45 = 223.685
ROUND 2259 A#8 and B#45 = 259.937
ROUND 2260 A#9 and B#45 = 110.628
ROUND 2261 A#10 and B#45 = 249.536
ROUND 2262 A#11 and B#45 = 250.02
ROUND 2263 A#12 and B#45 = 106.495
ROUND 2264 A#13 and B#45 = 108.424
ROUND 2265 A#14 and B#45 = 248.267
ROUND 2266 A#15 and B#45 = 117.461
ROUND 2267 A#16 and B#45 = 247.457
ROUND 2268 A#17 and B#45 = 105.074
ROUND 2269 A#18 and B#45 = 247.168
ROUND 2270 A#19 and B#45 = 120.166
ROUND 2271 A#20 and B#45 = 223.221
ROUND 2272 A#21 and B#45 = 266.783
ROUND 2273 A#22 and B#45 = 266.463
ROUND 2274 A#23 and B#45 = 107.046
ROUND 2275 A#24 and B#45 = 261.477
ROUND 2276 A#25 and B#45 = 124.843
ROUND 2277 A#26 and B#45 = 264.573
ROUND 2278 A#27 and B#45 = 122.321
ROUND 2279 A#28 and B#45 = 118.906
ROUND 2280 A#29 and B#45 = 121.062
ROUND 2281 A#30 and B#45 = 253.52
ROUND 2282 A#31 and B#45 = 119.925
ROUND 2283 A#32 and B#45 = 118.878
ROUND 2284 A#33 and B#45 = 247.77
ROUND 2285 A#34 and B#45 = 264.792
ROUND 2286 A#35 and B#45 = 119.289
ROUND 2287 A#36 and B#45 = 119.497
ROUND 2288 A#37 and B#45 = 119.593
ROUND 2289 A#38 and B#45 = 119.411
ROUND 2290 A#39 and B#45 = 264.963
ROUND 2291 A#40 and B#45 = 261.615
ROUND 2292 A#41 and B#45 = 119.361
ROUND 2293 A#42 and B#45 = 120.055
ROUND 2294 A#43 and B#45 = 121.311
ROUND 2295 A#44 and B#45 = 121.377
ROUND 2296 A#45 and B#45 = 263.03
ROUND 2297 A#46 and B#45 = 261.79
ROUND 2298 A#47 and B#45 = 262.799
ROUND 2299 A#48 and B#45 = 117.933
ROUND 2300 A#49 and B#45 = 117.611
ROUND 2301 A#0 and B#46 = 273.587
ROUND 2302 A#1 and B#46 = 217.982
ROUND 2303 A#2 and B#46 = 284.85
ROUND 2304 A#3 and B#46 = 208.694
ROUND 2305 A#4 and B#46 = 288.287
ROUND 2306 A#5 and B#46 = 284.444
ROUND 2307 A#6 and B#46 = 284.586
ROUND 2308 A#7 and B#46 = 249.155
ROUND 2309 A#8 and B#46 = 287.433
ROUND 2310 A#9 and B#46 = 287.919
ROUND 2311 A#10 and B#46 = 208.068
ROUND 2312 A#11 and B#46 = 286.669
ROUND 2313 A#12 and B#46 = 194.924
ROUND 2314 A#13 and B#46 = 287.739
ROUND 2315 A#14 and B#46 = 236.35
ROUND 2316 A#15 and B#46 = 263.162
ROUND 2317 A#16 and B#46 = 191.318
ROUND 2318 A#17 and B#46 = 262.715
ROUND 2319 A#18 and B#46 = 258.741
ROUND 2320 A#19 and B#46 = 254.856
ROUND 2321 A#20 and B#46 = 250.867
ROUND 2322 A#21 and B#46 = 217.072
ROUND 2323 A#22 and B#46 = 217.095
ROUND 2324 A#23 and B#46 = 211.04
ROUND 2325 A#24 and B#46 = 197.129
ROUND 2326 A#25 and B#46 = 203.715
ROUND 2327 A#26 and B#46 = 182.088
ROUND 2328 A#27 and B#46 = 289.413
ROUND 2329 A#28 and B#46 = 199.762
ROUND 2330 A#29 and B#46 = 269.711
ROUND 2331 A#30 and B#46 = 283.855
ROUND 2332 A#31 and B#46 = 254.774
ROUND 2333 A#32 and B#46 = 199.751
ROUND 2334 A#33 and B#46 = 277.961
ROUND 2335 A#34 and B#46 = 217.31
ROUND 2336 A#35 and B#46 = 191.004
ROUND 2337 A#36 and B#46 = 190.234
ROUND 2338 A#37 and B#46 = 190.209
ROUND 2339 A#38 and B#46 = 254.749
ROUND 2340 A#39 and B#46 = 217.576
ROUND 2341 A#40 and B#46 = 275.995
ROUND 2342 A#41 and B#46 = 254.792
ROUND 2343 A#42 and B#46 = 277.893
ROUND 2344 A#43 and B#46 = 209.45
ROUND 2345 A#44 and B#46 = 254.83
ROUND 2346 A#45 and B#46 = 217.583
ROUND 2347 A#46 and B#46 = 185.191
ROUND 2348 A#47 and B#46 = 217.64
ROUND 2349 A#48 and B#46 = 194.495
ROUND 2350 A#49 and B#46 = 194.319
ROUND 2351 A#0 and B#47 = 226.163
ROUND 2352 A#1 and B#47 = 239.065
ROUND 2353 A#2 and B#47 = 267.544
ROUND 2354 A#3 and B#47 = 226.603
ROUND 2355 A#4 and B#47 = 225.402
ROUND 2356 A#5 and B#47 = 267.499
ROUND 2357 A#6 and B#47 = 253.763
ROUND 2358 A#7 and B#47 = 269.384
ROUND 2359 A#8 and B#47 = 209.985
ROUND 2360 A#9 and B#47 = 226.303
ROUND 2361 A#10 and B#47 = 226.116
ROUND 2362 A#11 and B#47 = 226.699
ROUND 2363 A#12 and B#47 = 219.236
ROUND 2364 A#13 and B#47 = 212.742
ROUND 2365 A#14 and B#47 = 220.767
ROUND 2366 A#15 and B#47 = 223.666
ROUND 2367 A#16 and B#47 = 214.006
ROUND 2368 A#17 and B#47 = 211.8
ROUND 2369 A#18 and B#47 = 212.554
ROUND 2370 A#19 and B#47 = 102.959
ROUND 2371 A#20 and B#47 = 271.02
ROUND 2372 A#21 and B#47 = 230.312
ROUND 2373 A#22 and B#47 = 230.796
ROUND 2374 A#23 and B#47 = 225.214
ROUND 2375 A#24 and B#47 = 237.095
ROUND 2376 A#25 and B#47 = 225.126
ROUND 2377 A#26 and B#47 = 231.436
ROUND 2378 A#27 and B#47 = 224.042
ROUND 2379 A#28 and B#47 = 217.337
ROUND 2380 A#29 and B#47 = 269.048
ROUND 2381 A#30 and B#47 = 253.725
ROUND 2382 A#31 and B#47 = 253.293
ROUND 2383 A#32 and B#47 = 217.159
ROUND 2384 A#33 and B#47 = 212.103
ROUND 2385 A#34 and B#47 = 232.219
ROUND 2386 A#35 and B#47 = 211.543
ROUND 2387 A#36 and B#47 = 212.79
ROUND 2388 A#37 and B#47 = 212.738
ROUND 2389 A#38 and B#47 = 210.201
ROUND 2390 A#39 and B#47 = 227.342
ROUND 2391 A#40 and B#47 = 224.58
ROUND 2392 A#41 and B#47 = 196.638
ROUND 2393 A#42 and B#47 = 253.759
ROUND 2394 A#43 and B#47 = 226.875
ROUND 2395 A#44 and B#47 = 104.529
ROUND 2396 A#45 and B#47 = 225.204
ROUND 2397 A#46 and B#47 = 229.121
ROUND 2398 A#47 and B#47 = 223.556
ROUND 2399 A#48 and B#47 = 216.82
ROUND 2400 A#49 and B#47 = 215.19
ROUND 2401 A#0 and B#48 = 254.292
ROUND 2402 A#1 and B#48 = 265.056
ROUND 2403 A#2 and B#48 = 267.052
ROUND 2404 A#3 and B#48 = 270.004
ROUND 2405 A#4 and B#48 = 268.274
ROUND 2406 A#5 and B#48 = 266.963
ROUND 2407 A#6 and B#48 = 266.473
ROUND 2408 A#7 and B#48 = 268.886
ROUND 2409 A#8 and B#48 = 266.929
ROUND 2410 A#9 and B#48 = 268.311
ROUND 2411 A#10 and B#48 = 256.863
ROUND 2412 A#11 and B#48 = 256.756
ROUND 2413 A#12 and B#48 = 257.527
ROUND 2414 A#13 and B#48 = 265.979
ROUND 2415 A#14 and B#48 = 254.909
ROUND 2416 A#15 and B#48 = 265.918
ROUND 2417 A#16 and B#48 = 253.761
ROUND 2418 A#17 and B#48 = 267.275
ROUND 2419 A#18 and B#48 = 253.835
ROUND 2420 A#19 and B#48 = 120.167
ROUND 2421 A#20 and B#48 = 270.589
ROUND 2422 A#21 and B#48 = 266.797
ROUND 2423 A#22 and B#48 = 266.585
ROUND 2424 A#23 and B#48 = 267.641
ROUND 2425 A#24 and B#48 = 260.117
ROUND 2426 A#25 and B#48 = 258.092
ROUND 2427 A#26 and B#48 = 264.676
ROUND 2428 A#27 and B#48 = 265.849
ROUND 2429 A#28 and B#48 = 223.36
ROUND 2430 A#29 and B#48 = 274.37
ROUND 2431 A#30 and B#48 = 259.985
ROUND 2432 A#31 and B#48 = 119.943
ROUND 2433 A#32 and B#48 = 251.309
ROUND 2434 A#33 and B#48 = 253.855
ROUND 2435 A#34 and B#48 = 264.901
ROUND 2436 A#35 and B#48 = 250.232
ROUND 2437 A#36 and B#48 = 250.272
ROUND 2438 A#37 and B#48 = 250.313
ROUND 2439 A#38 and B#48 = 119.459
ROUND 2440 A#39 and B#48 = 265.056
ROUND 2441 A#40 and B#48 = 261.65
ROUND 2442 A#41 and B#48 = 119.411
ROUND 2443 A#42 and B#48 = 119.969
ROUND 2444 A#43 and B#48 = 267.016
ROUND 2445 A#44 and B#48 = 207.966
ROUND 2446 A#45 and B#48 = 263.091
ROUND 2447 A#46 and B#48 = 261.784
ROUND 2448 A#47 and B#48 = 262.832
ROUND 2449 A#48 and B#48 = 223.236
ROUND 2450 A#49 and B#48 = 250.101
ROUND 2451 A#0 and B#49 = 257.192
ROUND 2452 A#1 and B#49 = 260.042
ROUND 2453 A#2 and B#49 = 269.834
ROUND 2454 A#3 and B#49 = 252.134
ROUND 2455 A#4 and B#49 = 256.677
ROUND 2456 A#5 and B#49 = 269.786
ROUND 2457 A#6 and B#49 = 192.159
ROUND 2458 A#7 and B#49 = 282.402
ROUND 2459 A#8 and B#49 = 193.7
ROUND 2460 A#9 and B#49 = 179.674
ROUND 2461 A#10 and B#49 = 214.86
ROUND 2462 A#11 and B#49 = 259.344
ROUND 2463 A#12 and B#49 = 181.741
ROUND 2464 A#13 and B#49 = 183.669
ROUND 2465 A#14 and B#49 = 207.167
ROUND 2466 A#15 and B#49 = 257.009
ROUND 2467 A#16 and B#49 = 224.341
ROUND 2468 A#17 and B#49 = 254.202
ROUND 2469 A#18 and B#49 = 225.685
ROUND 2470 A#19 and B#49 = 220.283
ROUND 2471 A#20 and B#49 = 282.947
ROUND 2472 A#21 and B#49 = 262.791
ROUND 2473 A#22 and B#49 = 263.646
ROUND 2474 A#23 and B#49 = 173.974
ROUND 2475 A#24 and B#49 = 251.41
ROUND 2476 A#25 and B#49 = 250.675
ROUND 2477 A#26 and B#49 = 218.085
ROUND 2478 A#27 and B#49 = 215.925
ROUND 2479 A#28 and B#49 = 213.508
ROUND 2480 A#29 and B#49 = 225.283
ROUND 2481 A#30 and B#49 = 208.925
ROUND 2482 A#31 and B#49 = 220.947
ROUND 2483 A#32 and B#49 = 213.949
ROUND 2484 A#33 and B#49 = 215.412
ROUND 2485 A#34 and B#49 = 263.894
ROUND 2486 A#35 and B#49 = 252.506
ROUND 2487 A#36 and B#49 = 253.604
ROUND 2488 A#37 and B#49 = 253.58
ROUND 2489 A#38 and B#49 = 224.813
ROUND 2490 A#39 and B#49 = 263.669
ROUND 2491 A#40 and B#49 = 264.421
ROUND 2492 A#41 and B#49 = 224.287
ROUND 2493 A#42 and B#49 = 233
ROUND 2494 A#43 and B#49 = 251.388
ROUND 2495 A#44 and B#49 = 271.253
ROUND 2496 A#45 and B#49 = 264.504
ROUND 2497 A#46 and B#49 = 204.804
ROUND 2498 A#47 and B#49 = 263.207
ROUND 2499 A#48 and B#49 = 252.3
ROUND 2500 A#49 and B#49 = 252.955

The best overlap is between conformer A#24 and B#16, which, after PCA followed by Steepest Descent, produces a volume overlap of 306.518
Tanimoto (Hodgkin) similarity index: 0.378289

Saving those best conformers to file...
WRITING MOLECULE TO FILE '../ALL_PAIRS_BQ123_AS_REFERENCE/ROKS3/BQ123-Darusentan.mol2' (WILL OVERWRITE EXISTING FILE IF ANY)...
WRITING MOLECULE TO FILE '../ALL_PAIRS_BQ123_AS_REFERENCE/ROKS3/BQ123-Darusentan.mol2'...
