Finished importing molecules
WARNING: LAPACK DSYEV() RETURNED NON-ZERO ERROR CODE 2
WARNING: LAPACK DSYEV() RETURNED NON-ZERO ERROR CODE 2
WARNING: LAPACK DSYEV() RETURNED NON-ZERO ERROR CODE 3
WARNING: LAPACK DSYEV() RETURNED NON-ZERO ERROR CODE 2
WARNING: LAPACK DSYEV() RETURNED NON-ZERO ERROR CODE 2
WARNING: LAPACK DSYEV() RETURNED NON-ZERO ERROR CODE 2
WARNING: LAPACK DSYEV() RETURNED NON-ZERO ERROR CODE 3
WARNING: LAPACK DSYEV() RETURNED NON-ZERO ERROR CODE 2
WARNING: LAPACK DSYEV() RETURNED NON-ZERO ERROR CODE 3
WARNING: LAPACK DSYEV() RETURNED NON-ZERO ERROR CODE 2
WARNING: LAPACK DSYEV() RETURNED NON-ZERO ERROR CODE 3
WARNING: LAPACK DSYEV() RETURNED NON-ZERO ERROR CODE 2
WARNING: LAPACK DSYEV() RETURNED NON-ZERO ERROR CODE 2
WARNING: LAPACK DSYEV() RETURNED NON-ZERO ERROR CODE 3
WARNING: LAPACK DSYEV() RETURNED NON-ZERO ERROR CODE 2
WARNING: LAPACK DSYEV() RETURNED NON-ZERO ERROR CODE 2
WARNING: LAPACK DSYEV() RETURNED NON-ZERO ERROR CODE 2
WARNING: LAPACK DSYEV() RETURNED NON-ZERO ERROR CODE 3
WARNING: LAPACK DSYEV() RETURNED NON-ZERO ERROR CODE 3
WARNING: LAPACK DSYEV() RETURNED NON-ZERO ERROR CODE 3
WARNING: LAPACK DSYEV() RETURNED NON-ZERO ERROR CODE 3
WARNING: LAPACK DSYEV() RETURNED NON-ZERO ERROR CODE 3
WARNING: LAPACK DSYEV() RETURNED NON-ZERO ERROR CODE 3
WARNING: LAPACK DSYEV() RETURNED NON-ZERO ERROR CODE 2
WARNING: LAPACK DSYEV() RETURNED NON-ZERO ERROR CODE 2
WARNING: LAPACK DSYEV() RETURNED NON-ZERO ERROR CODE 2
WARNING: LAPACK DSYEV() RETURNED NON-ZERO ERROR CODE 3
WARNING: LAPACK DSYEV() RETURNED NON-ZERO ERROR CODE 2
WARNING: LAPACK DSYEV() RETURNED NON-ZERO ERROR CODE 2
WARNING: LAPACK DSYEV() RETURNED NON-ZERO ERROR CODE 3
WARNING: LAPACK DSYEV() RETURNED NON-ZERO ERROR CODE 2
WARNING: LAPACK DSYEV() RETURNED NON-ZERO ERROR CODE 2
WARNING: LAPACK DSYEV() RETURNED NON-ZERO ERROR CODE 2
WARNING: LAPACK DSYEV() RETURNED NON-ZERO ERROR CODE 2
WARNING: LAPACK DSYEV() RETURNED NON-ZERO ERROR CODE 2
WARNING: LAPACK DSYEV() RETURNED NON-ZERO ERROR CODE 2
WARNING: LAPACK DSYEV() RETURNED NON-ZERO ERROR CODE 2
WARNING: LAPACK DSYEV() RETURNED NON-ZERO ERROR CODE 3
WARNING: LAPACK DSYEV() RETURNED NON-ZERO ERROR CODE 2
WARNING: LAPACK DSYEV() RETURNED NON-ZERO ERROR CODE 2
WARNING: LAPACK DSYEV() RETURNED NON-ZERO ERROR CODE 3
WARNING: LAPACK DSYEV() RETURNED NON-ZERO ERROR CODE 3
WARNING: LAPACK DSYEV() RETURNED NON-ZERO ERROR CODE 2
WARNING: LAPACK DSYEV() RETURNED NON-ZERO ERROR CODE 3
WARNING: LAPACK DSYEV() RETURNED NON-ZERO ERROR CODE 2
WARNING: LAPACK DSYEV() RETURNED NON-ZERO ERROR CODE 3
WARNING: LAPACK DSYEV() RETURNED NON-ZERO ERROR CODE 2
WARNING: LAPACK DSYEV() RETURNED NON-ZERO ERROR CODE 3
WARNING: LAPACK DSYEV() RETURNED NON-ZERO ERROR CODE 3
WARNING: LAPACK DSYEV() RETURNED NON-ZERO ERROR CODE 2
WARNING: LAPACK DSYEV() RETURNED NON-ZERO ERROR CODE 2
WARNING: LAPACK DSYEV() RETURNED NON-ZERO ERROR CODE 3
WARNING: LAPACK DSYEV() RETURNED NON-ZERO ERROR CODE 3
WARNING: LAPACK DSYEV() RETURNED NON-ZERO ERROR CODE 2
WARNING: LAPACK DSYEV() RETURNED NON-ZERO ERROR CODE 3
WARNING: LAPACK DSYEV() RETURNED NON-ZERO ERROR CODE 2
WARNING: LAPACK DSYEV() RETURNED NON-ZERO ERROR CODE 2
WARNING: LAPACK DSYEV() RETURNED NON-ZERO ERROR CODE 3
WARNING: LAPACK DSYEV() RETURNED NON-ZERO ERROR CODE 3
WARNING: LAPACK DSYEV() RETURNED NON-ZERO ERROR CODE 3
WARNING: LAPACK DSYEV() RETURNED NON-ZERO ERROR CODE 2
WARNING: LAPACK DSYEV() RETURNED NON-ZERO ERROR CODE 3
WARNING: LAPACK DSYEV() RETURNED NON-ZERO ERROR CODE 2
WARNING: LAPACK DSYEV() RETURNED NON-ZERO ERROR CODE 3
WARNING: LAPACK DSYEV() RETURNED NON-ZERO ERROR CODE 2
WARNING: LAPACK DSYEV() RETURNED NON-ZERO ERROR CODE 2
WARNING: LAPACK DSYEV() RETURNED NON-ZERO ERROR CODE 3
WARNING: LAPACK DSYEV() RETURNED NON-ZERO ERROR CODE 2
WARNING: LAPACK DSYEV() RETURNED NON-ZERO ERROR CODE 2
WARNING: LAPACK DSYEV() RETURNED NON-ZERO ERROR CODE 3
WARNING: LAPACK DSYEV() RETURNED NON-ZERO ERROR CODE 2
WARNING: LAPACK DSYEV() RETURNED NON-ZERO ERROR CODE 3
WARNING: LAPACK DSYEV() RETURNED NON-ZERO ERROR CODE 3
WARNING: LAPACK DSYEV() RETURNED NON-ZERO ERROR CODE 3
WARNING: LAPACK DSYEV() RETURNED NON-ZERO ERROR CODE 3
WARNING: LAPACK DSYEV() RETURNED NON-ZERO ERROR CODE 3
WARNING: LAPACK DSYEV() RETURNED NON-ZERO ERROR CODE 2
WARNING: LAPACK DSYEV() RETURNED NON-ZERO ERROR CODE 3
WARNING: LAPACK DSYEV() RETURNED NON-ZERO ERROR CODE 3
WARNING: LAPACK DSYEV() RETURNED NON-ZERO ERROR CODE 3
WARNING: LAPACK DSYEV() RETURNED NON-ZERO ERROR CODE 2
WARNING: LAPACK DSYEV() RETURNED NON-ZERO ERROR CODE 3
WARNING: LAPACK DSYEV() RETURNED NON-ZERO ERROR CODE 2
WARNING: LAPACK DSYEV() RETURNED NON-ZERO ERROR CODE 3
WARNING: LAPACK DSYEV() RETURNED NON-ZERO ERROR CODE 2
WARNING: LAPACK DSYEV() RETURNED NON-ZERO ERROR CODE 3
WARNING: LAPACK DSYEV() RETURNED NON-ZERO ERROR CODE 3
WARNING: LAPACK DSYEV() RETURNED NON-ZERO ERROR CODE 2
WARNING: LAPACK DSYEV() RETURNED NON-ZERO ERROR CODE 2
WARNING: LAPACK DSYEV() RETURNED NON-ZERO ERROR CODE 3
WARNING: LAPACK DSYEV() RETURNED NON-ZERO ERROR CODE 3
WARNING: LAPACK DSYEV() RETURNED NON-ZERO ERROR CODE 3
WARNING: LAPACK DSYEV() RETURNED NON-ZERO ERROR CODE 3
WARNING: LAPACK DSYEV() RETURNED NON-ZERO ERROR CODE 3
WARNING: LAPACK DSYEV() RETURNED NON-ZERO ERROR CODE 2
WARNING: LAPACK DSYEV() RETURNED NON-ZERO ERROR CODE 2
WARNING: LAPACK DSYEV() RETURNED NON-ZERO ERROR CODE 2
WARNING: LAPACK DSYEV() RETURNED NON-ZERO ERROR CODE 2
WARNING: LAPACK DSYEV() RETURNED NON-ZERO ERROR CODE 2
WARNING: LAPACK DSYEV() RETURNED NON-ZERO ERROR CODE 3
Finished setting up data; running search...
ROUND 1 A#0 and B#0 = 510.506
ROUND 2 A#1 and B#0 = 287.301
ROUND 3 A#2 and B#0 = 444.906
ROUND 4 A#3 and B#0 = 461.406
ROUND 5 A#4 and B#0 = 323.859
ROUND 6 A#5 and B#0 = 360.151
ROUND 7 A#6 and B#0 = 405.737
ROUND 8 A#7 and B#0 = 447.365
ROUND 9 A#8 and B#0 = 424.986
ROUND 10 A#9 and B#0 = 514.639
ROUND 11 A#10 and B#0 = 452.747
ROUND 12 A#11 and B#0 = 491.335
ROUND 13 A#12 and B#0 = 487.212
ROUND 14 A#13 and B#0 = 418.741
ROUND 15 A#14 and B#0 = 489.47
ROUND 16 A#15 and B#0 = 549.486
ROUND 17 A#16 and B#0 = 486.11
ROUND 18 A#17 and B#0 = 526.875
ROUND 19 A#18 and B#0 = 413.032
ROUND 20 A#19 and B#0 = 433.678
ROUND 21 A#20 and B#0 = 476.03
ROUND 22 A#21 and B#0 = 458.927
ROUND 23 A#22 and B#0 = 469.858
ROUND 24 A#23 and B#0 = 443.859
ROUND 25 A#24 and B#0 = 463.989
ROUND 26 A#25 and B#0 = 507.82
ROUND 27 A#26 and B#0 = 381.169
ROUND 28 A#27 and B#0 = 444.374
ROUND 29 A#28 and B#0 = 425.895
ROUND 30 A#29 and B#0 = 451.515
ROUND 31 A#30 and B#0 = 374.118
ROUND 32 A#31 and B#0 = 436.133
ROUND 33 A#32 and B#0 = 390.531
ROUND 34 A#33 and B#0 = 536.642
ROUND 35 A#34 and B#0 = 388.589
ROUND 36 A#35 and B#0 = 444.685
ROUND 37 A#36 and B#0 = 386.989
ROUND 38 A#37 and B#0 = 418.84
ROUND 39 A#38 and B#0 = 504.035
ROUND 40 A#39 and B#0 = 416.348
ROUND 41 A#40 and B#0 = 556.885
ROUND 42 A#41 and B#0 = 557.389
ROUND 43 A#42 and B#0 = 404.636
ROUND 44 A#43 and B#0 = 416.255
ROUND 45 A#44 and B#0 = 493.173
ROUND 46 A#45 and B#0 = 560.168
ROUND 47 A#46 and B#0 = 447.403
ROUND 48 A#47 and B#0 = 466.819
ROUND 49 A#48 and B#0 = 416.797
ROUND 50 A#49 and B#0 = 375.045
ROUND 51 A#0 and B#1 = 470.291
ROUND 52 A#1 and B#1 = 291.223
ROUND 53 A#2 and B#1 = 438.408
ROUND 54 A#3 and B#1 = 562.421
ROUND 55 A#4 and B#1 = 398.678
ROUND 56 A#5 and B#1 = 390.601
ROUND 57 A#6 and B#1 = 430.347
ROUND 58 A#7 and B#1 = 515.105
ROUND 59 A#8 and B#1 = 419.055
ROUND 60 A#9 and B#1 = 407.774
ROUND 61 A#10 and B#1 = 386.817
ROUND 62 A#11 and B#1 = 501.862
ROUND 63 A#12 and B#1 = 438.082
ROUND 64 A#13 and B#1 = 513.308
ROUND 65 A#14 and B#1 = 570.058
ROUND 66 A#15 and B#1 = 436.106
ROUND 67 A#16 and B#1 = 457.498
ROUND 68 A#17 and B#1 = 426.96
ROUND 69 A#18 and B#1 = 360.982
ROUND 70 A#19 and B#1 = 412.6
ROUND 71 A#20 and B#1 = 374.95
ROUND 72 A#21 and B#1 = 463.765
ROUND 73 A#22 and B#1 = 368.975
ROUND 74 A#23 and B#1 = 437.962
ROUND 75 A#24 and B#1 = 374.062
ROUND 76 A#25 and B#1 = 455.637
ROUND 77 A#26 and B#1 = 409.485
ROUND 78 A#27 and B#1 = 444.295
ROUND 79 A#28 and B#1 = 430.053
ROUND 80 A#29 and B#1 = 509.083
ROUND 81 A#30 and B#1 = 404.422
ROUND 82 A#31 and B#1 = 430.405
ROUND 83 A#32 and B#1 = 398.64
ROUND 84 A#33 and B#1 = 491.89
ROUND 85 A#34 and B#1 = 392.442
ROUND 86 A#35 and B#1 = 444.595
ROUND 87 A#36 and B#1 = 383.132
ROUND 88 A#37 and B#1 = 453.438
ROUND 89 A#38 and B#1 = 484.284
ROUND 90 A#39 and B#1 = 351.789
ROUND 91 A#40 and B#1 = 451.402
ROUND 92 A#41 and B#1 = 403.806
ROUND 93 A#42 and B#1 = 564.36
ROUND 94 A#43 and B#1 = 371.402
ROUND 95 A#44 and B#1 = 497.289
ROUND 96 A#45 and B#1 = 406.196
ROUND 97 A#46 and B#1 = 413.376
ROUND 98 A#47 and B#1 = 513.935
ROUND 99 A#48 and B#1 = 454.837
ROUND 100 A#49 and B#1 = 408.576
ROUND 101 A#0 and B#2 = 471.495
ROUND 102 A#1 and B#2 = 286.731
ROUND 103 A#2 and B#2 = 439.244
ROUND 104 A#3 and B#2 = 564.981
ROUND 105 A#4 and B#2 = 395.597
ROUND 106 A#5 and B#2 = 387.823
ROUND 107 A#6 and B#2 = 434.062
ROUND 108 A#7 and B#2 = 515.814
ROUND 109 A#8 and B#2 = 418.024
ROUND 110 A#9 and B#2 = 376.62
ROUND 111 A#10 and B#2 = 384.639
ROUND 112 A#11 and B#2 = 503.129
ROUND 113 A#12 and B#2 = 434.177
ROUND 114 A#13 and B#2 = 480.489
ROUND 115 A#14 and B#2 = 574.893
ROUND 116 A#15 and B#2 = 503.931
ROUND 117 A#16 and B#2 = 447.554
ROUND 118 A#17 and B#2 = 432.335
ROUND 119 A#18 and B#2 = 358.366
ROUND 120 A#19 and B#2 = 423.884
ROUND 121 A#20 and B#2 = 368.612
ROUND 122 A#21 and B#2 = 467.153
ROUND 123 A#22 and B#2 = 363.224
ROUND 124 A#23 and B#2 = 378.629
ROUND 125 A#24 and B#2 = 417.675
ROUND 126 A#25 and B#2 = 449.956
ROUND 127 A#26 and B#2 = 387.221
ROUND 128 A#27 and B#2 = 443.2
ROUND 129 A#28 and B#2 = 429.098
ROUND 130 A#29 and B#2 = 512.423
ROUND 131 A#30 and B#2 = 427.064
ROUND 132 A#31 and B#2 = 431.229
ROUND 133 A#32 and B#2 = 397.325
ROUND 134 A#33 and B#2 = 492.031
ROUND 135 A#34 and B#2 = 388.948
ROUND 136 A#35 and B#2 = 443.981
ROUND 137 A#36 and B#2 = 379.654
ROUND 138 A#37 and B#2 = 454.322
ROUND 139 A#38 and B#2 = 463.518
ROUND 140 A#39 and B#2 = 351.724
ROUND 141 A#40 and B#2 = 459.908
ROUND 142 A#41 and B#2 = 405.618
ROUND 143 A#42 and B#2 = 562.204
ROUND 144 A#43 and B#2 = 453.61
ROUND 145 A#44 and B#2 = 521.78
ROUND 146 A#45 and B#2 = 408.969
ROUND 147 A#46 and B#2 = 437.5
ROUND 148 A#47 and B#2 = 529.168
ROUND 149 A#48 and B#2 = 455.468
ROUND 150 A#49 and B#2 = 430.378
ROUND 151 A#0 and B#3 = 465.562
ROUND 152 A#1 and B#3 = 279.155
ROUND 153 A#2 and B#3 = 439.939
ROUND 154 A#3 and B#3 = 484.956
ROUND 155 A#4 and B#3 = 388.448
ROUND 156 A#5 and B#3 = 412.598
ROUND 157 A#6 and B#3 = 432.326
ROUND 158 A#7 and B#3 = 472.959
ROUND 159 A#8 and B#3 = 483.894
ROUND 160 A#9 and B#3 = 469.753
ROUND 161 A#10 and B#3 = 434.998
ROUND 162 A#11 and B#3 = 455.627
ROUND 163 A#12 and B#3 = 313.786
ROUND 164 A#13 and B#3 = 453.852
ROUND 165 A#14 and B#3 = 514.391
ROUND 166 A#15 and B#3 = 342.402
ROUND 167 A#16 and B#3 = 388.553
ROUND 168 A#17 and B#3 = 513.659
ROUND 169 A#18 and B#3 = 474.216
ROUND 170 A#19 and B#3 = 388.42
ROUND 171 A#20 and B#3 = 404.916
ROUND 172 A#21 and B#3 = 434.751
ROUND 173 A#22 and B#3 = 398.279
ROUND 174 A#23 and B#3 = 450.406
ROUND 175 A#24 and B#3 = 519.937
ROUND 176 A#25 and B#3 = 558.334
ROUND 177 A#26 and B#3 = 409.667
ROUND 178 A#27 and B#3 = 406.007
ROUND 179 A#28 and B#3 = 443.026
ROUND 180 A#29 and B#3 = 450.559
ROUND 181 A#30 and B#3 = 460.97
ROUND 182 A#31 and B#3 = 386.347
ROUND 183 A#32 and B#3 = 398.826
ROUND 184 A#33 and B#3 = 492.817
ROUND 185 A#34 and B#3 = 399.372
ROUND 186 A#35 and B#3 = 398.529
ROUND 187 A#36 and B#3 = 403.088
ROUND 188 A#37 and B#3 = 439.891
ROUND 189 A#38 and B#3 = 560.433
ROUND 190 A#39 and B#3 = 497.854
ROUND 191 A#40 and B#3 = 494.538
ROUND 192 A#41 and B#3 = 467.854
ROUND 193 A#42 and B#3 = 422.904
ROUND 194 A#43 and B#3 = 442.929
ROUND 195 A#44 and B#3 = 581.675
ROUND 196 A#45 and B#3 = 469.612
ROUND 197 A#46 and B#3 = 433.895
ROUND 198 A#47 and B#3 = 476.696
ROUND 199 A#48 and B#3 = 442.563
ROUND 200 A#49 and B#3 = 462.277
ROUND 201 A#0 and B#4 = 534.218
ROUND 202 A#1 and B#4 = 246.488
ROUND 203 A#2 and B#4 = 490.812
ROUND 204 A#3 and B#4 = 553.968
ROUND 205 A#4 and B#4 = 452.658
ROUND 206 A#5 and B#4 = 343.41
ROUND 207 A#6 and B#4 = 469.007
ROUND 208 A#7 and B#4 = 561.879
ROUND 209 A#8 and B#4 = 348.522
ROUND 210 A#9 and B#4 = 463.843
ROUND 211 A#10 and B#4 = 316.578
ROUND 212 A#11 and B#4 = 492.392
ROUND 213 A#12 and B#4 = 439.952
ROUND 214 A#13 and B#4 = 385.626
ROUND 215 A#14 and B#4 = 507.063
ROUND 216 A#15 and B#4 = 389.789
ROUND 217 A#16 and B#4 = 443.089
ROUND 218 A#17 and B#4 = 470.268
ROUND 219 A#18 and B#4 = 473.404
ROUND 220 A#19 and B#4 = 467.636
ROUND 221 A#20 and B#4 = 370.269
ROUND 222 A#21 and B#4 = 480.148
ROUND 223 A#22 and B#4 = 370.106
ROUND 224 A#23 and B#4 = 459.251
ROUND 225 A#24 and B#4 = 452.602
ROUND 226 A#25 and B#4 = 451.551
ROUND 227 A#26 and B#4 = 403.524
ROUND 228 A#27 and B#4 = 444.282
ROUND 229 A#28 and B#4 = 385.738
ROUND 230 A#29 and B#4 = 552.407
ROUND 231 A#30 and B#4 = 424.557
ROUND 232 A#31 and B#4 = 450.825
ROUND 233 A#32 and B#4 = 355.229
ROUND 234 A#33 and B#4 = 429.421
ROUND 235 A#34 and B#4 = 466.841
ROUND 236 A#35 and B#4 = 467.951
ROUND 237 A#36 and B#4 = 466.205
ROUND 238 A#37 and B#4 = 505.504
ROUND 239 A#38 and B#4 = 411.62
ROUND 240 A#39 and B#4 = 365.592
ROUND 241 A#40 and B#4 = 443.318
ROUND 242 A#41 and B#4 = 441.973
ROUND 243 A#42 and B#4 = 497.121
ROUND 244 A#43 and B#4 = 505.764
ROUND 245 A#44 and B#4 = 462.354
ROUND 246 A#45 and B#4 = 446.13
ROUND 247 A#46 and B#4 = 435.572
ROUND 248 A#47 and B#4 = 536.675
ROUND 249 A#48 and B#4 = 507.166
ROUND 250 A#49 and B#4 = 433.515
ROUND 251 A#0 and B#5 = 496.863
ROUND 252 A#1 and B#5 = 287.294
ROUND 253 A#2 and B#5 = 443.023
ROUND 254 A#3 and B#5 = 578.529
ROUND 255 A#4 and B#5 = 387.113
ROUND 256 A#5 and B#5 = 411.371
ROUND 257 A#6 and B#5 = 431.072
ROUND 258 A#7 and B#5 = 580.195
ROUND 259 A#8 and B#5 = 381.831
ROUND 260 A#9 and B#5 = 475.809
ROUND 261 A#10 and B#5 = 531.385
ROUND 262 A#11 and B#5 = 449.579
ROUND 263 A#12 and B#5 = 415.641
ROUND 264 A#13 and B#5 = 458.758
ROUND 265 A#14 and B#5 = 542.364
ROUND 266 A#15 and B#5 = 400.536
ROUND 267 A#16 and B#5 = 428.517
ROUND 268 A#17 and B#5 = 516.772
ROUND 269 A#18 and B#5 = 481.69
ROUND 270 A#19 and B#5 = 476.11
ROUND 271 A#20 and B#5 = 491.182
ROUND 272 A#21 and B#5 = 444.201
ROUND 273 A#22 and B#5 = 486.901
ROUND 274 A#23 and B#5 = 453.961
ROUND 275 A#24 and B#5 = 521.492
ROUND 276 A#25 and B#5 = 445.959
ROUND 277 A#26 and B#5 = 401.026
ROUND 278 A#27 and B#5 = 426.267
ROUND 279 A#28 and B#5 = 443.667
ROUND 280 A#29 and B#5 = 442.238
ROUND 281 A#30 and B#5 = 456.085
ROUND 282 A#31 and B#5 = 417.284
ROUND 283 A#32 and B#5 = 448.478
ROUND 284 A#33 and B#5 = 456.561
ROUND 285 A#34 and B#5 = 428.658
ROUND 286 A#35 and B#5 = 533.245
ROUND 287 A#36 and B#5 = 431.521
ROUND 288 A#37 and B#5 = 431.976
ROUND 289 A#38 and B#5 = 555.372
ROUND 290 A#39 and B#5 = 413.619
ROUND 291 A#40 and B#5 = 499.809
ROUND 292 A#41 and B#5 = 474.086
ROUND 293 A#42 and B#5 = 430.311
ROUND 294 A#43 and B#5 = 431.087
ROUND 295 A#44 and B#5 = 583.694
ROUND 296 A#45 and B#5 = 475.915
ROUND 297 A#46 and B#5 = 435.515
ROUND 298 A#47 and B#5 = 407.642
ROUND 299 A#48 and B#5 = 431.266
ROUND 300 A#49 and B#5 = 457.16
ROUND 301 A#0 and B#6 = 555.028
ROUND 302 A#1 and B#6 = 423.55
ROUND 303 A#2 and B#6 = 488.299
ROUND 304 A#3 and B#6 = 576.257
ROUND 305 A#4 and B#6 = 390.879
ROUND 306 A#5 and B#6 = 435.411
ROUND 307 A#6 and B#6 = 512.1
ROUND 308 A#7 and B#6 = 548.332
ROUND 309 A#8 and B#6 = 417.447
ROUND 310 A#9 and B#6 = 546.725
ROUND 311 A#10 and B#6 = 379.009
ROUND 312 A#11 and B#6 = 478.179
ROUND 313 A#12 and B#6 = 396.261
ROUND 314 A#13 and B#6 = 542.367
ROUND 315 A#14 and B#6 = 412.9
ROUND 316 A#15 and B#6 = 468.975
ROUND 317 A#16 and B#6 = 521.152
ROUND 318 A#17 and B#6 = 425.972
ROUND 319 A#18 and B#6 = 513.418
ROUND 320 A#19 and B#6 = 487.788
ROUND 321 A#20 and B#6 = 457.234
ROUND 322 A#21 and B#6 = 470.118
ROUND 323 A#22 and B#6 = 466.78
ROUND 324 A#23 and B#6 = 482.602
ROUND 325 A#24 and B#6 = 553.799
ROUND 326 A#25 and B#6 = 457.407
ROUND 327 A#26 and B#6 = 494.302
ROUND 328 A#27 and B#6 = 435.363
ROUND 329 A#28 and B#6 = 412.634
ROUND 330 A#29 and B#6 = 465.941
ROUND 331 A#30 and B#6 = 454.648
ROUND 332 A#31 and B#6 = 407.465
ROUND 333 A#32 and B#6 = 522.094
ROUND 334 A#33 and B#6 = 361.331
ROUND 335 A#34 and B#6 = 554.68
ROUND 336 A#35 and B#6 = 464.518
ROUND 337 A#36 and B#6 = 559.669
ROUND 338 A#37 and B#6 = 522.195
ROUND 339 A#38 and B#6 = 488.477
ROUND 340 A#39 and B#6 = 431.291
ROUND 341 A#40 and B#6 = 421.438
ROUND 342 A#41 and B#6 = 422.316
ROUND 343 A#42 and B#6 = 419.81
ROUND 344 A#43 and B#6 = 519.127
ROUND 345 A#44 and B#6 = 427.669
ROUND 346 A#45 and B#6 = 423.788
ROUND 347 A#46 and B#6 = 442.77
ROUND 348 A#47 and B#6 = 574.035
ROUND 349 A#48 and B#6 = 520.597
ROUND 350 A#49 and B#6 = 451.68
ROUND 351 A#0 and B#7 = 470.74
ROUND 352 A#1 and B#7 = 168.044
ROUND 353 A#2 and B#7 = 440.887
ROUND 354 A#3 and B#7 = 560.159
ROUND 355 A#4 and B#7 = 397.116
ROUND 356 A#5 and B#7 = 392.254
ROUND 357 A#6 and B#7 = 430.376
ROUND 358 A#7 and B#7 = 513.239
ROUND 359 A#8 and B#7 = 411.932
ROUND 360 A#9 and B#7 = 407.122
ROUND 361 A#10 and B#7 = 393.762
ROUND 362 A#11 and B#7 = 500.294
ROUND 363 A#12 and B#7 = 439.014
ROUND 364 A#13 and B#7 = 519.215
ROUND 365 A#14 and B#7 = 568.785
ROUND 366 A#15 and B#7 = 437.185
ROUND 367 A#16 and B#7 = 456.584
ROUND 368 A#17 and B#7 = 428.589
ROUND 369 A#18 and B#7 = 362.717
ROUND 370 A#19 and B#7 = 411.418
ROUND 371 A#20 and B#7 = 379.749
ROUND 372 A#21 and B#7 = 464.755
ROUND 373 A#22 and B#7 = 374.746
ROUND 374 A#23 and B#7 = 438.168
ROUND 375 A#24 and B#7 = 375.187
ROUND 376 A#25 and B#7 = 456.317
ROUND 377 A#26 and B#7 = 367.406
ROUND 378 A#27 and B#7 = 441.959
ROUND 379 A#28 and B#7 = 436.067
ROUND 380 A#29 and B#7 = 399.34
ROUND 381 A#30 and B#7 = 404.672
ROUND 382 A#31 and B#7 = 427.685
ROUND 383 A#32 and B#7 = 401.122
ROUND 384 A#33 and B#7 = 494.446
ROUND 385 A#34 and B#7 = 393.209
ROUND 386 A#35 and B#7 = 444.471
ROUND 387 A#36 and B#7 = 383.87
ROUND 388 A#37 and B#7 = 455.528
ROUND 389 A#38 and B#7 = 486.017
ROUND 390 A#39 and B#7 = 349.072
ROUND 391 A#40 and B#7 = 405.429
ROUND 392 A#41 and B#7 = 404.948
ROUND 393 A#42 and B#7 = 563.653
ROUND 394 A#43 and B#7 = 373.531
ROUND 395 A#44 and B#7 = 491.754
ROUND 396 A#45 and B#7 = 407.519
ROUND 397 A#46 and B#7 = 414.396
ROUND 398 A#47 and B#7 = 514.48
ROUND 399 A#48 and B#7 = 456.631
ROUND 400 A#49 and B#7 = 409.752
ROUND 401 A#0 and B#8 = 474.103
ROUND 402 A#1 and B#8 = 328.67
ROUND 403 A#2 and B#8 = 559.273
ROUND 404 A#3 and B#8 = 519.043
ROUND 405 A#4 and B#8 = 434.904
ROUND 406 A#5 and B#8 = 435.238
ROUND 407 A#6 and B#8 = 530.901
ROUND 408 A#7 and B#8 = 458.665
ROUND 409 A#8 and B#8 = 431.253
ROUND 410 A#9 and B#8 = 347.121
ROUND 411 A#10 and B#8 = 422.821
ROUND 412 A#11 and B#8 = 537.101
ROUND 413 A#12 and B#8 = 459.011
ROUND 414 A#13 and B#8 = 521.565
ROUND 415 A#14 and B#8 = 446.091
ROUND 416 A#15 and B#8 = 484.184
ROUND 417 A#16 and B#8 = 581.292
ROUND 418 A#17 and B#8 = 533.235
ROUND 419 A#18 and B#8 = 431.279
ROUND 420 A#19 and B#8 = 410.847
ROUND 421 A#20 and B#8 = 362.268
ROUND 422 A#21 and B#8 = 458.568
ROUND 423 A#22 and B#8 = 350.919
ROUND 424 A#23 and B#8 = 462.35
ROUND 425 A#24 and B#8 = 442.809
ROUND 426 A#25 and B#8 = 518.033
ROUND 427 A#26 and B#8 = 542.183
ROUND 428 A#27 and B#8 = 446.292
ROUND 429 A#28 and B#8 = 479.643
ROUND 430 A#29 and B#8 = 476.726
ROUND 431 A#30 and B#8 = 544.376
ROUND 432 A#31 and B#8 = 469.461
ROUND 433 A#32 and B#8 = 557.578
ROUND 434 A#33 and B#8 = 314.951
ROUND 435 A#34 and B#8 = 577.493
ROUND 436 A#35 and B#8 = 412.898
ROUND 437 A#36 and B#8 = 578.279
ROUND 438 A#37 and B#8 = 555.413
ROUND 439 A#38 and B#8 = 473.484
ROUND 440 A#39 and B#8 = 484.46
ROUND 441 A#40 and B#8 = 510.115
ROUND 442 A#41 and B#8 = 510.771
ROUND 443 A#42 and B#8 = 476.341
ROUND 444 A#43 and B#8 = 558.416
ROUND 445 A#44 and B#8 = 509.497
ROUND 446 A#45 and B#8 = 510.216
ROUND 447 A#46 and B#8 = 542.007
ROUND 448 A#47 and B#8 = 441.321
ROUND 449 A#48 and B#8 = 556.961
ROUND 450 A#49 and B#8 = 547.971
ROUND 451 A#0 and B#9 = 510.574
ROUND 452 A#1 and B#9 = 327.273
ROUND 453 A#2 and B#9 = 552.531
ROUND 454 A#3 and B#9 = 525.445
ROUND 455 A#4 and B#9 = 432.438
ROUND 456 A#5 and B#9 = 451.104
ROUND 457 A#6 and B#9 = 527.017
ROUND 458 A#7 and B#9 = 482.339
ROUND 459 A#8 and B#9 = 420.529
ROUND 460 A#9 and B#9 = 369.135
ROUND 461 A#10 and B#9 = 428.503
ROUND 462 A#11 and B#9 = 525.084
ROUND 463 A#12 and B#9 = 460.362
ROUND 464 A#13 and B#9 = 515.119
ROUND 465 A#14 and B#9 = 514.795
ROUND 466 A#15 and B#9 = 427.151
ROUND 467 A#16 and B#9 = 570.23
ROUND 468 A#17 and B#9 = 525.216
ROUND 469 A#18 and B#9 = 447.812
ROUND 470 A#19 and B#9 = 417.113
ROUND 471 A#20 and B#9 = 382.461
ROUND 472 A#21 and B#9 = 454.218
ROUND 473 A#22 and B#9 = 366.203
ROUND 474 A#23 and B#9 = 398.666
ROUND 475 A#24 and B#9 = 468.059
ROUND 476 A#25 and B#9 = 519.932
ROUND 477 A#26 and B#9 = 547.098
ROUND 478 A#27 and B#9 = 447.423
ROUND 479 A#28 and B#9 = 475.212
ROUND 480 A#29 and B#9 = 462.135
ROUND 481 A#30 and B#9 = 538.244
ROUND 482 A#31 and B#9 = 465.965
ROUND 483 A#32 and B#9 = 567.197
ROUND 484 A#33 and B#9 = 311.985
ROUND 485 A#34 and B#9 = 586.824
ROUND 486 A#35 and B#9 = 423.077
ROUND 487 A#36 and B#9 = 582.098
ROUND 488 A#37 and B#9 = 545.18
ROUND 489 A#38 and B#9 = 470.039
ROUND 490 A#39 and B#9 = 374.457
ROUND 491 A#40 and B#9 = 502.674
ROUND 492 A#41 and B#9 = 503.231
ROUND 493 A#42 and B#9 = 471.2
ROUND 494 A#43 and B#9 = 548.607
ROUND 495 A#44 and B#9 = 520.385
ROUND 496 A#45 and B#9 = 502.151
ROUND 497 A#46 and B#9 = 535.307
ROUND 498 A#47 and B#9 = 421.729
ROUND 499 A#48 and B#9 = 547.026
ROUND 500 A#49 and B#9 = 541.666
ROUND 501 A#0 and B#10 = 459.551
ROUND 502 A#1 and B#10 = 276.623
ROUND 503 A#2 and B#10 = 442.661
ROUND 504 A#3 and B#10 = 474.688
ROUND 505 A#4 and B#10 = 414.96
ROUND 506 A#5 and B#10 = 411.925
ROUND 507 A#6 and B#10 = 432.72
ROUND 508 A#7 and B#10 = 468.444
ROUND 509 A#8 and B#10 = 487.02
ROUND 510 A#9 and B#10 = 463.649
ROUND 511 A#10 and B#10 = 436.493
ROUND 512 A#11 and B#10 = 456.724
ROUND 513 A#12 and B#10 = 312.142
ROUND 514 A#13 and B#10 = 459.452
ROUND 515 A#14 and B#10 = 518.076
ROUND 516 A#15 and B#10 = 338.643
ROUND 517 A#16 and B#10 = 391.55
ROUND 518 A#17 and B#10 = 515.473
ROUND 519 A#18 and B#10 = 474.944
ROUND 520 A#19 and B#10 = 388.046
ROUND 521 A#20 and B#10 = 403.821
ROUND 522 A#21 and B#10 = 420.968
ROUND 523 A#22 and B#10 = 398.055
ROUND 524 A#23 and B#10 = 452.781
ROUND 525 A#24 and B#10 = 517.358
ROUND 526 A#25 and B#10 = 557.555
ROUND 527 A#26 and B#10 = 405.427
ROUND 528 A#27 and B#10 = 408.911
ROUND 529 A#28 and B#10 = 442.392
ROUND 530 A#29 and B#10 = 446.031
ROUND 531 A#30 and B#10 = 461.092
ROUND 532 A#31 and B#10 = 390.055
ROUND 533 A#32 and B#10 = 403.286
ROUND 534 A#33 and B#10 = 493.099
ROUND 535 A#34 and B#10 = 399.457
ROUND 536 A#35 and B#10 = 398.101
ROUND 537 A#36 and B#10 = 403.2
ROUND 538 A#37 and B#10 = 440.432
ROUND 539 A#38 and B#10 = 559.974
ROUND 540 A#39 and B#10 = 502.419
ROUND 541 A#40 and B#10 = 494.73
ROUND 542 A#41 and B#10 = 469.3
ROUND 543 A#42 and B#10 = 434.654
ROUND 544 A#43 and B#10 = 442.978
ROUND 545 A#44 and B#10 = 586.453
ROUND 546 A#45 and B#10 = 471.108
ROUND 547 A#46 and B#10 = 436.538
ROUND 548 A#47 and B#10 = 476.422
ROUND 549 A#48 and B#10 = 442.547
ROUND 550 A#49 and B#10 = 462.485
ROUND 551 A#0 and B#11 = 472.194
ROUND 552 A#1 and B#11 = 286.575
ROUND 553 A#2 and B#11 = 442.659
ROUND 554 A#3 and B#11 = 564.401
ROUND 555 A#4 and B#11 = 392.278
ROUND 556 A#5 and B#11 = 387.403
ROUND 557 A#6 and B#11 = 436.061
ROUND 558 A#7 and B#11 = 517.9
ROUND 559 A#8 and B#11 = 416.034
ROUND 560 A#9 and B#11 = 258.363
ROUND 561 A#10 and B#11 = 384.275
ROUND 562 A#11 and B#11 = 506.623
ROUND 563 A#12 and B#11 = 431.202
ROUND 564 A#13 and B#11 = 482.219
ROUND 565 A#14 and B#11 = 571.885
ROUND 566 A#15 and B#11 = 501.116
ROUND 567 A#16 and B#11 = 448.02
ROUND 568 A#17 and B#11 = 436.747
ROUND 569 A#18 and B#11 = 362.245
ROUND 570 A#19 and B#11 = 427.353
ROUND 571 A#20 and B#11 = 369.893
ROUND 572 A#21 and B#11 = 468.756
ROUND 573 A#22 and B#11 = 364.775
ROUND 574 A#23 and B#11 = 375.668
ROUND 575 A#24 and B#11 = 508.248
ROUND 576 A#25 and B#11 = 452.781
ROUND 577 A#26 and B#11 = 385.997
ROUND 578 A#27 and B#11 = 443.212
ROUND 579 A#28 and B#11 = 429.546
ROUND 580 A#29 and B#11 = 511.941
ROUND 581 A#30 and B#11 = 426.873
ROUND 582 A#31 and B#11 = 431.096
ROUND 583 A#32 and B#11 = 399.168
ROUND 584 A#33 and B#11 = 491.128
ROUND 585 A#34 and B#11 = 391.489
ROUND 586 A#35 and B#11 = 444.307
ROUND 587 A#36 and B#11 = 382.311
ROUND 588 A#37 and B#11 = 457.611
ROUND 589 A#38 and B#11 = 461.356
ROUND 590 A#39 and B#11 = 353.964
ROUND 591 A#40 and B#11 = 411.298
ROUND 592 A#41 and B#11 = 410.423
ROUND 593 A#42 and B#11 = 559.742
ROUND 594 A#43 and B#11 = 456.805
ROUND 595 A#44 and B#11 = 519.934
ROUND 596 A#45 and B#11 = 413.772
ROUND 597 A#46 and B#11 = 437.448
ROUND 598 A#47 and B#11 = 527.241
ROUND 599 A#48 and B#11 = 458.616
ROUND 600 A#49 and B#11 = 430.09
ROUND 601 A#0 and B#12 = 456.364
ROUND 602 A#1 and B#12 = 288.293
ROUND 603 A#2 and B#12 = 427.849
ROUND 604 A#3 and B#12 = 425.198
ROUND 605 A#4 and B#12 = 328.471
ROUND 606 A#5 and B#12 = 453.23
ROUND 607 A#6 and B#12 = 410.369
ROUND 608 A#7 and B#12 = 412.748
ROUND 609 A#8 and B#12 = 409.095
ROUND 610 A#9 and B#12 = 384.118
ROUND 611 A#10 and B#12 = 447.361
ROUND 612 A#11 and B#12 = 413.348
ROUND 613 A#12 and B#12 = 268.392
ROUND 614 A#13 and B#12 = 469.291
ROUND 615 A#14 and B#12 = 443.029
ROUND 616 A#15 and B#12 = 469.898
ROUND 617 A#16 and B#12 = 405.591
ROUND 618 A#17 and B#12 = 541.378
ROUND 619 A#18 and B#12 = 478.559
ROUND 620 A#19 and B#12 = 523.924
ROUND 621 A#20 and B#12 = 502.327
ROUND 622 A#21 and B#12 = 429.992
ROUND 623 A#22 and B#12 = 477.199
ROUND 624 A#23 and B#12 = 374.24
ROUND 625 A#24 and B#12 = 520.125
ROUND 626 A#25 and B#12 = 556.877
ROUND 627 A#26 and B#12 = 464.438
ROUND 628 A#27 and B#12 = 486.49
ROUND 629 A#28 and B#12 = 480.858
ROUND 630 A#29 and B#12 = 437.973
ROUND 631 A#30 and B#12 = 431.208
ROUND 632 A#31 and B#12 = 501.317
ROUND 633 A#32 and B#12 = 392.522
ROUND 634 A#33 and B#12 = 432.232
ROUND 635 A#34 and B#12 = 376.015
ROUND 636 A#35 and B#12 = 393.503
ROUND 637 A#36 and B#12 = 383.034
ROUND 638 A#37 and B#12 = 410.162
ROUND 639 A#38 and B#12 = 509.535
ROUND 640 A#39 and B#12 = 451.37
ROUND 641 A#40 and B#12 = 514.027
ROUND 642 A#41 and B#12 = 499.611
ROUND 643 A#42 and B#12 = 505.36
ROUND 644 A#43 and B#12 = 407.697
ROUND 645 A#44 and B#12 = 563.012
ROUND 646 A#45 and B#12 = 503.919
ROUND 647 A#46 and B#12 = 429.294
ROUND 648 A#47 and B#12 = 482.193
ROUND 649 A#48 and B#12 = 406.856
ROUND 650 A#49 and B#12 = 430.674
ROUND 651 A#0 and B#13 = 573.1
ROUND 652 A#1 and B#13 = 407.927
ROUND 653 A#2 and B#13 = 434.501
ROUND 654 A#3 and B#13 = 465.839
ROUND 655 A#4 and B#13 = 395.483
ROUND 656 A#5 and B#13 = 345.165
ROUND 657 A#6 and B#13 = 403.155
ROUND 658 A#7 and B#13 = 513.784
ROUND 659 A#8 and B#13 = 333.359
ROUND 660 A#9 and B#13 = 395.554
ROUND 661 A#10 and B#13 = 430.344
ROUND 662 A#11 and B#13 = 598.71
ROUND 663 A#12 and B#13 = 420.181
ROUND 664 A#13 and B#13 = 551.132
ROUND 665 A#14 and B#13 = 441.627
ROUND 666 A#15 and B#13 = 458.445
ROUND 667 A#16 and B#13 = 607.016
ROUND 668 A#17 and B#13 = 413.713
ROUND 669 A#18 and B#13 = 458.986
ROUND 670 A#19 and B#13 = 479.289
ROUND 671 A#20 and B#13 = 409.38
ROUND 672 A#21 and B#13 = 463.957
ROUND 673 A#22 and B#13 = 387.257
ROUND 674 A#23 and B#13 = 467.403
ROUND 675 A#24 and B#13 = 627.182
ROUND 676 A#25 and B#13 = 435.616
ROUND 677 A#26 and B#13 = 493.151
ROUND 678 A#27 and B#13 = 460.126
ROUND 679 A#28 and B#13 = 443.232
ROUND 680 A#29 and B#13 = 451.212
ROUND 681 A#30 and B#13 = 505.348
ROUND 682 A#31 and B#13 = 494.807
ROUND 683 A#32 and B#13 = 538.17
ROUND 684 A#33 and B#13 = 414.85
ROUND 685 A#34 and B#13 = 581.736
ROUND 686 A#35 and B#13 = 492.637
ROUND 687 A#36 and B#13 = 574.759
ROUND 688 A#37 and B#13 = 438.056
ROUND 689 A#38 and B#13 = 448.655
ROUND 690 A#39 and B#13 = 447.467
ROUND 691 A#40 and B#13 = 458.636
ROUND 692 A#41 and B#13 = 460.207
ROUND 693 A#42 and B#13 = 436.686
ROUND 694 A#43 and B#13 = 448.399
ROUND 695 A#44 and B#13 = 501.318
ROUND 696 A#45 and B#13 = 461.661
ROUND 697 A#46 and B#13 = 471.228
ROUND 698 A#47 and B#13 = 459.413
ROUND 699 A#48 and B#13 = 455.201
ROUND 700 A#49 and B#13 = 511.16
ROUND 701 A#0 and B#14 = 455.419
ROUND 702 A#1 and B#14 = 279.992
ROUND 703 A#2 and B#14 = 422.913
ROUND 704 A#3 and B#14 = 474.863
ROUND 705 A#4 and B#14 = 374.866
ROUND 706 A#5 and B#14 = 405.446
ROUND 707 A#6 and B#14 = 421.461
ROUND 708 A#7 and B#14 = 477.064
ROUND 709 A#8 and B#14 = 485.003
ROUND 710 A#9 and B#14 = 460.025
ROUND 711 A#10 and B#14 = 430.013
ROUND 712 A#11 and B#14 = 444.959
ROUND 713 A#12 and B#14 = 323.82
ROUND 714 A#13 and B#14 = 448.899
ROUND 715 A#14 and B#14 = 513.156
ROUND 716 A#15 and B#14 = 365.281
ROUND 717 A#16 and B#14 = 378.963
ROUND 718 A#17 and B#14 = 521.479
ROUND 719 A#18 and B#14 = 477.25
ROUND 720 A#19 and B#14 = 375.091
ROUND 721 A#20 and B#14 = 425.454
ROUND 722 A#21 and B#14 = 460.509
ROUND 723 A#22 and B#14 = 417.482
ROUND 724 A#23 and B#14 = 461.829
ROUND 725 A#24 and B#14 = 515.056
ROUND 726 A#25 and B#14 = 556.424
ROUND 727 A#26 and B#14 = 441.989
ROUND 728 A#27 and B#14 = 405.939
ROUND 729 A#28 and B#14 = 438.283
ROUND 730 A#29 and B#14 = 446.766
ROUND 731 A#30 and B#14 = 469.747
ROUND 732 A#31 and B#14 = 389.227
ROUND 733 A#32 and B#14 = 394.719
ROUND 734 A#33 and B#14 = 485.213
ROUND 735 A#34 and B#14 = 398.41
ROUND 736 A#35 and B#14 = 397.597
ROUND 737 A#36 and B#14 = 402.681
ROUND 738 A#37 and B#14 = 425.222
ROUND 739 A#38 and B#14 = 547.281
ROUND 740 A#39 and B#14 = 498.672
ROUND 741 A#40 and B#14 = 510.465
ROUND 742 A#41 and B#14 = 481.101
ROUND 743 A#42 and B#14 = 405.516
ROUND 744 A#43 and B#14 = 429.007
ROUND 745 A#44 and B#14 = 596.038
ROUND 746 A#45 and B#14 = 482.149
ROUND 747 A#46 and B#14 = 416.025
ROUND 748 A#47 and B#14 = 475.212
ROUND 749 A#48 and B#14 = 428.672
ROUND 750 A#49 and B#14 = 470.647
ROUND 751 A#0 and B#15 = 553.93
ROUND 752 A#1 and B#15 = 376.024
ROUND 753 A#2 and B#15 = 490.745
ROUND 754 A#3 and B#15 = 578.866
ROUND 755 A#4 and B#15 = 386.213
ROUND 756 A#5 and B#15 = 437.608
ROUND 757 A#6 and B#15 = 515.645
ROUND 758 A#7 and B#15 = 548.42
ROUND 759 A#8 and B#15 = 419.732
ROUND 760 A#9 and B#15 = 543.228
ROUND 761 A#10 and B#15 = 376.338
ROUND 762 A#11 and B#15 = 477.732
ROUND 763 A#12 and B#15 = 395.234
ROUND 764 A#13 and B#15 = 539.683
ROUND 765 A#14 and B#15 = 413.584
ROUND 766 A#15 and B#15 = 468.291
ROUND 767 A#16 and B#15 = 523.334
ROUND 768 A#17 and B#15 = 425.388
ROUND 769 A#18 and B#15 = 514.591
ROUND 770 A#19 and B#15 = 488.15
ROUND 771 A#20 and B#15 = 459.491
ROUND 772 A#21 and B#15 = 468.723
ROUND 773 A#22 and B#15 = 469.041
ROUND 774 A#23 and B#15 = 482.504
ROUND 775 A#24 and B#15 = 551.862
ROUND 776 A#25 and B#15 = 458.249
ROUND 777 A#26 and B#15 = 492.984
ROUND 778 A#27 and B#15 = 433.16
ROUND 779 A#28 and B#15 = 412.828
ROUND 780 A#29 and B#15 = 466.234
ROUND 781 A#30 and B#15 = 457.703
ROUND 782 A#31 and B#15 = 405.489
ROUND 783 A#32 and B#15 = 522.556
ROUND 784 A#33 and B#15 = 356.007
ROUND 785 A#34 and B#15 = 555.136
ROUND 786 A#35 and B#15 = 466.702
ROUND 787 A#36 and B#15 = 559.567
ROUND 788 A#37 and B#15 = 520.852
ROUND 789 A#38 and B#15 = 487.92
ROUND 790 A#39 and B#15 = 434.495
ROUND 791 A#40 and B#15 = 420.478
ROUND 792 A#41 and B#15 = 421.457
ROUND 793 A#42 and B#15 = 417.928
ROUND 794 A#43 and B#15 = 517.793
ROUND 795 A#44 and B#15 = 429.438
ROUND 796 A#45 and B#15 = 422.979
ROUND 797 A#46 and B#15 = 441.332
ROUND 798 A#47 and B#15 = 573.756
ROUND 799 A#48 and B#15 = 519.454
ROUND 800 A#49 and B#15 = 455.067
ROUND 801 A#0 and B#16 = 539.871
ROUND 802 A#1 and B#16 = 196.671
ROUND 803 A#2 and B#16 = 481.241
ROUND 804 A#3 and B#16 = 544.867
ROUND 805 A#4 and B#16 = 458.478
ROUND 806 A#5 and B#16 = 371.791
ROUND 807 A#6 and B#16 = 463.201
ROUND 808 A#7 and B#16 = 560.644
ROUND 809 A#8 and B#16 = 359.021
ROUND 810 A#9 and B#16 = 531.852
ROUND 811 A#10 and B#16 = 360.256
ROUND 812 A#11 and B#16 = 498.89
ROUND 813 A#12 and B#16 = 464.73
ROUND 814 A#13 and B#16 = 404.364
ROUND 815 A#14 and B#16 = 480.404
ROUND 816 A#15 and B#16 = 430.478
ROUND 817 A#16 and B#16 = 443.16
ROUND 818 A#17 and B#16 = 450.034
ROUND 819 A#18 and B#16 = 522.901
ROUND 820 A#19 and B#16 = 453.016
ROUND 821 A#20 and B#16 = 558.813
ROUND 822 A#21 and B#16 = 484.516
ROUND 823 A#22 and B#16 = 546.768
ROUND 824 A#23 and B#16 = 464.702
ROUND 825 A#24 and B#16 = 446.561
ROUND 826 A#25 and B#16 = 479.303
ROUND 827 A#26 and B#16 = 456.129
ROUND 828 A#27 and B#16 = 442.532
ROUND 829 A#28 and B#16 = 404.318
ROUND 830 A#29 and B#16 = 428.563
ROUND 831 A#30 and B#16 = 454.328
ROUND 832 A#31 and B#16 = 442.137
ROUND 833 A#32 and B#16 = 408.839
ROUND 834 A#33 and B#16 = 444.45
ROUND 835 A#34 and B#16 = 397.432
ROUND 836 A#35 and B#16 = 477.214
ROUND 837 A#36 and B#16 = 396.111
ROUND 838 A#37 and B#16 = 439.085
ROUND 839 A#38 and B#16 = 417.146
ROUND 840 A#39 and B#16 = 437.801
ROUND 841 A#40 and B#16 = 430.986
ROUND 842 A#41 and B#16 = 429.711
ROUND 843 A#42 and B#16 = 436.611
ROUND 844 A#43 and B#16 = 441.672
ROUND 845 A#44 and B#16 = 451.568
ROUND 846 A#45 and B#16 = 432.361
ROUND 847 A#46 and B#16 = 461.474
ROUND 848 A#47 and B#16 = 494.097
ROUND 849 A#48 and B#16 = 433.732
ROUND 850 A#49 and B#16 = 460.095
ROUND 851 A#0 and B#17 = 444.79
ROUND 852 A#1 and B#17 = 281.261
ROUND 853 A#2 and B#17 = 384.899
ROUND 854 A#3 and B#17 = 419.421
ROUND 855 A#4 and B#17 = 334.103
ROUND 856 A#5 and B#17 = 426.33
ROUND 857 A#6 and B#17 = 439.45
ROUND 858 A#7 and B#17 = 424.361
ROUND 859 A#8 and B#17 = 402.438
ROUND 860 A#9 and B#17 = 382.951
ROUND 861 A#10 and B#17 = 441.905
ROUND 862 A#11 and B#17 = 398.113
ROUND 863 A#12 and B#17 = 266.739
ROUND 864 A#13 and B#17 = 478.749
ROUND 865 A#14 and B#17 = 428.249
ROUND 866 A#15 and B#17 = 463.198
ROUND 867 A#16 and B#17 = 451.095
ROUND 868 A#17 and B#17 = 509.691
ROUND 869 A#18 and B#17 = 482.81
ROUND 870 A#19 and B#17 = 520.434
ROUND 871 A#20 and B#17 = 508.323
ROUND 872 A#21 and B#17 = 402.741
ROUND 873 A#22 and B#17 = 485.139
ROUND 874 A#23 and B#17 = 452.454
ROUND 875 A#24 and B#17 = 511.773
ROUND 876 A#25 and B#17 = 530.139
ROUND 877 A#26 and B#17 = 468.228
ROUND 878 A#27 and B#17 = 488.726
ROUND 879 A#28 and B#17 = 481.217
ROUND 880 A#29 and B#17 = 430.797
ROUND 881 A#30 and B#17 = 435.112
ROUND 882 A#31 and B#17 = 503.511
ROUND 883 A#32 and B#17 = 504.532
ROUND 884 A#33 and B#17 = 443.977
ROUND 885 A#34 and B#17 = 431.209
ROUND 886 A#35 and B#17 = 403.869
ROUND 887 A#36 and B#17 = 426.02
ROUND 888 A#37 and B#17 = 393.409
ROUND 889 A#38 and B#17 = 523.135
ROUND 890 A#39 and B#17 = 449.605
ROUND 891 A#40 and B#17 = 478.38
ROUND 892 A#41 and B#17 = 457.894
ROUND 893 A#42 and B#17 = 509.545
ROUND 894 A#43 and B#17 = 391.796
ROUND 895 A#44 and B#17 = 538.246
ROUND 896 A#45 and B#17 = 463.06
ROUND 897 A#46 and B#17 = 433.461
ROUND 898 A#47 and B#17 = 470.189
ROUND 899 A#48 and B#17 = 390.586
ROUND 900 A#49 and B#17 = 434.741
ROUND 901 A#0 and B#18 = 531.451
ROUND 902 A#1 and B#18 = 281.962
ROUND 903 A#2 and B#18 = 432.222
ROUND 904 A#3 and B#18 = 462.796
ROUND 905 A#4 and B#18 = 316.147
ROUND 906 A#5 and B#18 = 367.096
ROUND 907 A#6 and B#18 = 392.65
ROUND 908 A#7 and B#18 = 456.305
ROUND 909 A#8 and B#18 = 405.546
ROUND 910 A#9 and B#18 = 503.335
ROUND 911 A#10 and B#18 = 389.435
ROUND 912 A#11 and B#18 = 504.026
ROUND 913 A#12 and B#18 = 471.532
ROUND 914 A#13 and B#18 = 413.557
ROUND 915 A#14 and B#18 = 468.642
ROUND 916 A#15 and B#18 = 537.602
ROUND 917 A#16 and B#18 = 487.036
ROUND 918 A#17 and B#18 = 554.888
ROUND 919 A#18 and B#18 = 395.204
ROUND 920 A#19 and B#18 = 430.124
ROUND 921 A#20 and B#18 = 476.692
ROUND 922 A#21 and B#18 = 444.053
ROUND 923 A#22 and B#18 = 447.793
ROUND 924 A#23 and B#18 = 438.573
ROUND 925 A#24 and B#18 = 454.888
ROUND 926 A#25 and B#18 = 495.811
ROUND 927 A#26 and B#18 = 360.79
ROUND 928 A#27 and B#18 = 444.479
ROUND 929 A#28 and B#18 = 423.967
ROUND 930 A#29 and B#18 = 449.491
ROUND 931 A#30 and B#18 = 391.887
ROUND 932 A#31 and B#18 = 441.595
ROUND 933 A#32 and B#18 = 395.485
ROUND 934 A#33 and B#18 = 554.336
ROUND 935 A#34 and B#18 = 387.513
ROUND 936 A#35 and B#18 = 435.494
ROUND 937 A#36 and B#18 = 387.139
ROUND 938 A#37 and B#18 = 400.089
ROUND 939 A#38 and B#18 = 493.705
ROUND 940 A#39 and B#18 = 429.632
ROUND 941 A#40 and B#18 = 553.162
ROUND 942 A#41 and B#18 = 553.792
ROUND 943 A#42 and B#18 = 405.66
ROUND 944 A#43 and B#18 = 397.424
ROUND 945 A#44 and B#18 = 489.912
ROUND 946 A#45 and B#18 = 556.434
ROUND 947 A#46 and B#18 = 470.143
ROUND 948 A#47 and B#18 = 492.157
ROUND 949 A#48 and B#18 = 400.564
ROUND 950 A#49 and B#18 = 392.435
ROUND 951 A#0 and B#19 = 591.514
ROUND 952 A#1 and B#19 = 412.064
ROUND 953 A#2 and B#19 = 424.408
ROUND 954 A#3 and B#19 = 539.977
ROUND 955 A#4 and B#19 = 409.308
ROUND 956 A#5 and B#19 = 441.445
ROUND 957 A#6 and B#19 = 485.68
ROUND 958 A#7 and B#19 = 575.106
ROUND 959 A#8 and B#19 = 463.694
ROUND 960 A#9 and B#19 = 415.055
ROUND 961 A#10 and B#19 = 403.43
ROUND 962 A#11 and B#19 = 526.717
ROUND 963 A#12 and B#19 = 414.74
ROUND 964 A#13 and B#19 = 532.566
ROUND 965 A#14 and B#19 = 540.631
ROUND 966 A#15 and B#19 = 409.96
ROUND 967 A#16 and B#19 = 459.212
ROUND 968 A#17 and B#19 = 454.971
ROUND 969 A#18 and B#19 = 499.199
ROUND 970 A#19 and B#19 = 429.432
ROUND 971 A#20 and B#19 = 488.157
ROUND 972 A#21 and B#19 = 440.127
ROUND 973 A#22 and B#19 = 495.53
ROUND 974 A#23 and B#19 = 508.458
ROUND 975 A#24 and B#19 = 457.459
ROUND 976 A#25 and B#19 = 509.945
ROUND 977 A#26 and B#19 = 366.578
ROUND 978 A#27 and B#19 = 452.688
ROUND 979 A#28 and B#19 = 440.599
ROUND 980 A#29 and B#19 = 516.642
ROUND 981 A#30 and B#19 = 526.112
ROUND 982 A#31 and B#19 = 465.712
ROUND 983 A#32 and B#19 = 423.75
ROUND 984 A#33 and B#19 = 442.725
ROUND 985 A#34 and B#19 = 454.335
ROUND 986 A#35 and B#19 = 460.97
ROUND 987 A#36 and B#19 = 451.643
ROUND 988 A#37 and B#19 = 452.135
ROUND 989 A#38 and B#19 = 532.495
ROUND 990 A#39 and B#19 = 492.903
ROUND 991 A#40 and B#19 = 422.199
ROUND 992 A#41 and B#19 = 420.353
ROUND 993 A#42 and B#19 = 448.663
ROUND 994 A#43 and B#19 = 462.211
ROUND 995 A#44 and B#19 = 606.226
ROUND 996 A#45 and B#19 = 421.194
ROUND 997 A#46 and B#19 = 538.765
ROUND 998 A#47 and B#19 = 518.732
ROUND 999 A#48 and B#19 = 461.891
ROUND 1000 A#49 and B#19 = 527.589
ROUND 1001 A#0 and B#20 = 454.195
ROUND 1002 A#1 and B#20 = 277.906
ROUND 1003 A#2 and B#20 = 442.994
ROUND 1004 A#3 and B#20 = 478.154
ROUND 1005 A#4 and B#20 = 395.107
ROUND 1006 A#5 and B#20 = 411.93
ROUND 1007 A#6 and B#20 = 433.039
ROUND 1008 A#7 and B#20 = 461.768
ROUND 1009 A#8 and B#20 = 490.62
ROUND 1010 A#9 and B#20 = 464.794
ROUND 1011 A#10 and B#20 = 436.791
ROUND 1012 A#11 and B#20 = 456.409
ROUND 1013 A#12 and B#20 = 311.296
ROUND 1014 A#13 and B#20 = 461.306
ROUND 1015 A#14 and B#20 = 537.704
ROUND 1016 A#15 and B#20 = 339.481
ROUND 1017 A#16 and B#20 = 394.863
ROUND 1018 A#17 and B#20 = 514.942
ROUND 1019 A#18 and B#20 = 474.545
ROUND 1020 A#19 and B#20 = 387.718
ROUND 1021 A#20 and B#20 = 402.896
ROUND 1022 A#21 and B#20 = 431.225
ROUND 1023 A#22 and B#20 = 397.365
ROUND 1024 A#23 and B#20 = 452.243
ROUND 1025 A#24 and B#20 = 506.989
ROUND 1026 A#25 and B#20 = 557.426
ROUND 1027 A#26 and B#20 = 404.791
ROUND 1028 A#27 and B#20 = 410.683
ROUND 1029 A#28 and B#20 = 442.193
ROUND 1030 A#29 and B#20 = 451.386
ROUND 1031 A#30 and B#20 = 457.967
ROUND 1032 A#31 and B#20 = 390.334
ROUND 1033 A#32 and B#20 = 401.276
ROUND 1034 A#33 and B#20 = 492.779
ROUND 1035 A#34 and B#20 = 399.429
ROUND 1036 A#35 and B#20 = 398.371
ROUND 1037 A#36 and B#20 = 403.183
ROUND 1038 A#37 and B#20 = 436.382
ROUND 1039 A#38 and B#20 = 559.309
ROUND 1040 A#39 and B#20 = 502.881
ROUND 1041 A#40 and B#20 = 493.477
ROUND 1042 A#41 and B#20 = 467.87
ROUND 1043 A#42 and B#20 = 432.016
ROUND 1044 A#43 and B#20 = 439.465
ROUND 1045 A#44 and B#20 = 586.386
ROUND 1046 A#45 and B#20 = 469.692
ROUND 1047 A#46 and B#20 = 434.652
ROUND 1048 A#47 and B#20 = 477.024
ROUND 1049 A#48 and B#20 = 439.295
ROUND 1050 A#49 and B#20 = 459.136
ROUND 1051 A#0 and B#21 = 433.021
ROUND 1052 A#1 and B#21 = 136.506
ROUND 1053 A#2 and B#21 = 382.233
ROUND 1054 A#3 and B#21 = 462.001
ROUND 1055 A#4 and B#21 = 304.645
ROUND 1056 A#5 and B#21 = 462.355
ROUND 1057 A#6 and B#21 = 444.844
ROUND 1058 A#7 and B#21 = 482.052
ROUND 1059 A#8 and B#21 = 353.162
ROUND 1060 A#9 and B#21 = 384.284
ROUND 1061 A#10 and B#21 = 407.747
ROUND 1062 A#11 and B#21 = 465.873
ROUND 1063 A#12 and B#21 = 354.001
ROUND 1064 A#13 and B#21 = 538.321
ROUND 1065 A#14 and B#21 = 480.482
ROUND 1066 A#15 and B#21 = 540.918
ROUND 1067 A#16 and B#21 = 415.093
ROUND 1068 A#17 and B#21 = 398.453
ROUND 1069 A#18 and B#21 = 539.72
ROUND 1070 A#19 and B#21 = 428.493
ROUND 1071 A#20 and B#21 = 455.04
ROUND 1072 A#21 and B#21 = 362.367
ROUND 1073 A#22 and B#21 = 435.581
ROUND 1074 A#23 and B#21 = 446.987
ROUND 1075 A#24 and B#21 = 475.335
ROUND 1076 A#25 and B#21 = 473.572
ROUND 1077 A#26 and B#21 = 429.338
ROUND 1078 A#27 and B#21 = 469.264
ROUND 1079 A#28 and B#21 = 485.258
ROUND 1080 A#29 and B#21 = 435.026
ROUND 1081 A#30 and B#21 = 388.897
ROUND 1082 A#31 and B#21 = 485.621
ROUND 1083 A#32 and B#21 = 412.905
ROUND 1084 A#33 and B#21 = 509.125
ROUND 1085 A#34 and B#21 = 396.667
ROUND 1086 A#35 and B#21 = 451.891
ROUND 1087 A#36 and B#21 = 460.592
ROUND 1088 A#37 and B#21 = 348.016
ROUND 1089 A#38 and B#21 = 539.077
ROUND 1090 A#39 and B#21 = 412.607
ROUND 1091 A#40 and B#21 = 379.179
ROUND 1092 A#41 and B#21 = 378.668
ROUND 1093 A#42 and B#21 = 554.431
ROUND 1094 A#43 and B#21 = 343.03
ROUND 1095 A#44 and B#21 = 512.029
ROUND 1096 A#45 and B#21 = 379.655
ROUND 1097 A#46 and B#21 = 399.663
ROUND 1098 A#47 and B#21 = 522.117
ROUND 1099 A#48 and B#21 = 343.16
ROUND 1100 A#49 and B#21 = 392.84
ROUND 1101 A#0 and B#22 = 496.795
ROUND 1102 A#1 and B#22 = 204.013
ROUND 1103 A#2 and B#22 = 476.562
ROUND 1104 A#3 and B#22 = 574.276
ROUND 1105 A#4 and B#22 = 427.697
ROUND 1106 A#5 and B#22 = 387.244
ROUND 1107 A#6 and B#22 = 453.272
ROUND 1108 A#7 and B#22 = 483.022
ROUND 1109 A#8 and B#22 = 405.568
ROUND 1110 A#9 and B#22 = 450.869
ROUND 1111 A#10 and B#22 = 368.465
ROUND 1112 A#11 and B#22 = 482.679
ROUND 1113 A#12 and B#22 = 431.593
ROUND 1114 A#13 and B#22 = 449.421
ROUND 1115 A#14 and B#22 = 563.084
ROUND 1116 A#15 and B#22 = 404.433
ROUND 1117 A#16 and B#22 = 435.719
ROUND 1118 A#17 and B#22 = 448.384
ROUND 1119 A#18 and B#22 = 482.686
ROUND 1120 A#19 and B#22 = 383.417
ROUND 1121 A#20 and B#22 = 486.948
ROUND 1122 A#21 and B#22 = 448.295
ROUND 1123 A#22 and B#22 = 484.941
ROUND 1124 A#23 and B#22 = 430.268
ROUND 1125 A#24 and B#22 = 446.955
ROUND 1126 A#25 and B#22 = 446.786
ROUND 1127 A#26 and B#22 = 428.955
ROUND 1128 A#27 and B#22 = 444.481
ROUND 1129 A#28 and B#22 = 423.821
ROUND 1130 A#29 and B#22 = 557.274
ROUND 1131 A#30 and B#22 = 383.683
ROUND 1132 A#31 and B#22 = 432.593
ROUND 1133 A#32 and B#22 = 360.437
ROUND 1134 A#33 and B#22 = 447.579
ROUND 1135 A#34 and B#22 = 366.252
ROUND 1136 A#35 and B#22 = 446.466
ROUND 1137 A#36 and B#22 = 368.096
ROUND 1138 A#37 and B#22 = 489.077
ROUND 1139 A#38 and B#22 = 444.628
ROUND 1140 A#39 and B#22 = 403.797
ROUND 1141 A#40 and B#22 = 412.206
ROUND 1142 A#41 and B#22 = 410.863
ROUND 1143 A#42 and B#22 = 554.406
ROUND 1144 A#43 and B#22 = 392.955
ROUND 1145 A#44 and B#22 = 443.604
ROUND 1146 A#45 and B#22 = 415.175
ROUND 1147 A#46 and B#22 = 446.084
ROUND 1148 A#47 and B#22 = 541.426
ROUND 1149 A#48 and B#22 = 490.989
ROUND 1150 A#49 and B#22 = 393.297
ROUND 1151 A#0 and B#23 = 528.324
ROUND 1152 A#1 and B#23 = 250.9
ROUND 1153 A#2 and B#23 = 493.423
ROUND 1154 A#3 and B#23 = 559.241
ROUND 1155 A#4 and B#23 = 456.596
ROUND 1156 A#5 and B#23 = 330.611
ROUND 1157 A#6 and B#23 = 476.242
ROUND 1158 A#7 and B#23 = 559.153
ROUND 1159 A#8 and B#23 = 422.692
ROUND 1160 A#9 and B#23 = 404.867
ROUND 1161 A#10 and B#23 = 330.079
ROUND 1162 A#11 and B#23 = 487.399
ROUND 1163 A#12 and B#23 = 443.014
ROUND 1164 A#13 and B#23 = 408.987
ROUND 1165 A#14 and B#23 = 508.888
ROUND 1166 A#15 and B#23 = 400.063
ROUND 1167 A#16 and B#23 = 433.804
ROUND 1168 A#17 and B#23 = 466.848
ROUND 1169 A#18 and B#23 = 346.538
ROUND 1170 A#19 and B#23 = 449.885
ROUND 1171 A#20 and B#23 = 318.282
ROUND 1172 A#21 and B#23 = 509.444
ROUND 1173 A#22 and B#23 = 315.78
ROUND 1174 A#23 and B#23 = 467.485
ROUND 1175 A#24 and B#23 = 447.169
ROUND 1176 A#25 and B#23 = 453.603
ROUND 1177 A#26 and B#23 = 406.028
ROUND 1178 A#27 and B#23 = 432.362
ROUND 1179 A#28 and B#23 = 384.513
ROUND 1180 A#29 and B#23 = 559.959
ROUND 1181 A#30 and B#23 = 421.427
ROUND 1182 A#31 and B#23 = 436.603
ROUND 1183 A#32 and B#23 = 406.159
ROUND 1184 A#33 and B#23 = 433.896
ROUND 1185 A#34 and B#23 = 455.815
ROUND 1186 A#35 and B#23 = 462.224
ROUND 1187 A#36 and B#23 = 355.946
ROUND 1188 A#37 and B#23 = 510.774
ROUND 1189 A#38 and B#23 = 390.049
ROUND 1190 A#39 and B#23 = 380.839
ROUND 1191 A#40 and B#23 = 473.339
ROUND 1192 A#41 and B#23 = 440.423
ROUND 1193 A#42 and B#23 = 502.865
ROUND 1194 A#43 and B#23 = 451.075
ROUND 1195 A#44 and B#23 = 463.026
ROUND 1196 A#45 and B#23 = 444.709
ROUND 1197 A#46 and B#23 = 464.007
ROUND 1198 A#47 and B#23 = 545.425
ROUND 1199 A#48 and B#23 = 512.743
ROUND 1200 A#49 and B#23 = 423.853
ROUND 1201 A#0 and B#24 = 475.836
ROUND 1202 A#1 and B#24 = 278.525
ROUND 1203 A#2 and B#24 = 413.017
ROUND 1204 A#3 and B#24 = 560.868
ROUND 1205 A#4 and B#24 = 379.82
ROUND 1206 A#5 and B#24 = 388.257
ROUND 1207 A#6 and B#24 = 401.465
ROUND 1208 A#7 and B#24 = 511.604
ROUND 1209 A#8 and B#24 = 417.247
ROUND 1210 A#9 and B#24 = 379.44
ROUND 1211 A#10 and B#24 = 383.908
ROUND 1212 A#11 and B#24 = 481.604
ROUND 1213 A#12 and B#24 = 420.641
ROUND 1214 A#13 and B#24 = 500.814
ROUND 1215 A#14 and B#24 = 574.206
ROUND 1216 A#15 and B#24 = 499.828
ROUND 1217 A#16 and B#24 = 449.92
ROUND 1218 A#17 and B#24 = 417.448
ROUND 1219 A#18 and B#24 = 352.113
ROUND 1220 A#19 and B#24 = 432
ROUND 1221 A#20 and B#24 = 398.752
ROUND 1222 A#21 and B#24 = 447.836
ROUND 1223 A#22 and B#24 = 361.089
ROUND 1224 A#23 and B#24 = 372.242
ROUND 1225 A#24 and B#24 = 392.502
ROUND 1226 A#25 and B#24 = 453.099
ROUND 1227 A#26 and B#24 = 390.052
ROUND 1228 A#27 and B#24 = 459.626
ROUND 1229 A#28 and B#24 = 432.441
ROUND 1230 A#29 and B#24 = 429.678
ROUND 1231 A#30 and B#24 = 411.145
ROUND 1232 A#31 and B#24 = 445.569
ROUND 1233 A#32 and B#24 = 401.018
ROUND 1234 A#33 and B#24 = 491.845
ROUND 1235 A#34 and B#24 = 391.405
ROUND 1236 A#35 and B#24 = 449.1
ROUND 1237 A#36 and B#24 = 382.282
ROUND 1238 A#37 and B#24 = 430.321
ROUND 1239 A#38 and B#24 = 464.675
ROUND 1240 A#39 and B#24 = 373.997
ROUND 1241 A#40 and B#24 = 447.752
ROUND 1242 A#41 and B#24 = 396.623
ROUND 1243 A#42 and B#24 = 558.42
ROUND 1244 A#43 and B#24 = 429.207
ROUND 1245 A#44 and B#24 = 527.342
ROUND 1246 A#45 and B#24 = 398.219
ROUND 1247 A#46 and B#24 = 423.113
ROUND 1248 A#47 and B#24 = 524.273
ROUND 1249 A#48 and B#24 = 430.702
ROUND 1250 A#49 and B#24 = 414.151
ROUND 1251 A#0 and B#25 = 475.212
ROUND 1252 A#1 and B#25 = 279.11
ROUND 1253 A#2 and B#25 = 412.855
ROUND 1254 A#3 and B#25 = 560.417
ROUND 1255 A#4 and B#25 = 381.016
ROUND 1256 A#5 and B#25 = 388.06
ROUND 1257 A#6 and B#25 = 476.568
ROUND 1258 A#7 and B#25 = 511.513
ROUND 1259 A#8 and B#25 = 419.295
ROUND 1260 A#9 and B#25 = 379.254
ROUND 1261 A#10 and B#25 = 383.482
ROUND 1262 A#11 and B#25 = 481.49
ROUND 1263 A#12 and B#25 = 421.248
ROUND 1264 A#13 and B#25 = 499.837
ROUND 1265 A#14 and B#25 = 573.926
ROUND 1266 A#15 and B#25 = 500.025
ROUND 1267 A#16 and B#25 = 450.28
ROUND 1268 A#17 and B#25 = 416.785
ROUND 1269 A#18 and B#25 = 351.429
ROUND 1270 A#19 and B#25 = 431.676
ROUND 1271 A#20 and B#25 = 398.065
ROUND 1272 A#21 and B#25 = 447.247
ROUND 1273 A#22 and B#25 = 360.04
ROUND 1274 A#23 and B#25 = 373.31
ROUND 1275 A#24 and B#25 = 393.352
ROUND 1276 A#25 and B#25 = 452.468
ROUND 1277 A#26 and B#25 = 389.149
ROUND 1278 A#27 and B#25 = 459.788
ROUND 1279 A#28 and B#25 = 431.494
ROUND 1280 A#29 and B#25 = 430.023
ROUND 1281 A#30 and B#25 = 411.9
ROUND 1282 A#31 and B#25 = 445.865
ROUND 1283 A#32 and B#25 = 400.749
ROUND 1284 A#33 and B#25 = 491.881
ROUND 1285 A#34 and B#25 = 391.325
ROUND 1286 A#35 and B#25 = 449.571
ROUND 1287 A#36 and B#25 = 382.232
ROUND 1288 A#37 and B#25 = 429.728
ROUND 1289 A#38 and B#25 = 466.668
ROUND 1290 A#39 and B#25 = 374.168
ROUND 1291 A#40 and B#25 = 448.164
ROUND 1292 A#41 and B#25 = 445.774
ROUND 1293 A#42 and B#25 = 559.038
ROUND 1294 A#43 and B#25 = 428.577
ROUND 1295 A#44 and B#25 = 526.456
ROUND 1296 A#45 and B#25 = 397.29
ROUND 1297 A#46 and B#25 = 423.918
ROUND 1298 A#47 and B#25 = 525.056
ROUND 1299 A#48 and B#25 = 430.165
ROUND 1300 A#49 and B#25 = 414.904
ROUND 1301 A#0 and B#26 = 401.846
ROUND 1302 A#1 and B#26 = 301.082
ROUND 1303 A#2 and B#26 = 473.089
ROUND 1304 A#3 and B#26 = 452.083
ROUND 1305 A#4 and B#26 = 409.06
ROUND 1306 A#5 and B#26 = 402.449
ROUND 1307 A#6 and B#26 = 463.198
ROUND 1308 A#7 and B#26 = 460.196
ROUND 1309 A#8 and B#26 = 501.037
ROUND 1310 A#9 and B#26 = 420.04
ROUND 1311 A#10 and B#26 = 409.875
ROUND 1312 A#11 and B#26 = 444.3
ROUND 1313 A#12 and B#26 = 461.8
ROUND 1314 A#13 and B#26 = 449.768
ROUND 1315 A#14 and B#26 = 508.882
ROUND 1316 A#15 and B#26 = 388.912
ROUND 1317 A#16 and B#26 = 416.492
ROUND 1318 A#17 and B#26 = 578.651
ROUND 1319 A#18 and B#26 = 435.454
ROUND 1320 A#19 and B#26 = 346.445
ROUND 1321 A#20 and B#26 = 404.521
ROUND 1322 A#21 and B#26 = 446.808
ROUND 1323 A#22 and B#26 = 333.421
ROUND 1324 A#23 and B#26 = 421.087
ROUND 1325 A#24 and B#26 = 532.008
ROUND 1326 A#25 and B#26 = 535.783
ROUND 1327 A#26 and B#26 = 383.53
ROUND 1328 A#27 and B#26 = 417.891
ROUND 1329 A#28 and B#26 = 448.66
ROUND 1330 A#29 and B#26 = 498.008
ROUND 1331 A#30 and B#26 = 378.78
ROUND 1332 A#31 and B#26 = 461.957
ROUND 1333 A#32 and B#26 = 384.191
ROUND 1334 A#33 and B#26 = 441.728
ROUND 1335 A#34 and B#26 = 400.95
ROUND 1336 A#35 and B#26 = 419.153
ROUND 1337 A#36 and B#26 = 402.435
ROUND 1338 A#37 and B#26 = 449.793
ROUND 1339 A#38 and B#26 = 541.437
ROUND 1340 A#39 and B#26 = 403.228
ROUND 1341 A#40 and B#26 = 561.506
ROUND 1342 A#41 and B#26 = 540.323
ROUND 1343 A#42 and B#26 = 461.834
ROUND 1344 A#43 and B#26 = 448.26
ROUND 1345 A#44 and B#26 = 541.06
ROUND 1346 A#45 and B#26 = 543.33
ROUND 1347 A#46 and B#26 = 402.721
ROUND 1348 A#47 and B#26 = 534.123
ROUND 1349 A#48 and B#26 = 449.237
ROUND 1350 A#49 and B#26 = 382.52
ROUND 1351 A#0 and B#27 = 581.923
ROUND 1352 A#1 and B#27 = 425.933
ROUND 1353 A#2 and B#27 = 493.58
ROUND 1354 A#3 and B#27 = 557.545
ROUND 1355 A#4 and B#27 = 403.796
ROUND 1356 A#5 and B#27 = 519.9
ROUND 1357 A#6 and B#27 = 486.203
ROUND 1358 A#7 and B#27 = 561.618
ROUND 1359 A#8 and B#27 = 473.643
ROUND 1360 A#9 and B#27 = 412.779
ROUND 1361 A#10 and B#27 = 367.672
ROUND 1362 A#11 and B#27 = 550.537
ROUND 1363 A#12 and B#27 = 409.013
ROUND 1364 A#13 and B#27 = 524.804
ROUND 1365 A#14 and B#27 = 559.465
ROUND 1366 A#15 and B#27 = 438.09
ROUND 1367 A#16 and B#27 = 462.775
ROUND 1368 A#17 and B#27 = 493.963
ROUND 1369 A#18 and B#27 = 479.713
ROUND 1370 A#19 and B#27 = 412.225
ROUND 1371 A#20 and B#27 = 464.041
ROUND 1372 A#21 and B#27 = 418.536
ROUND 1373 A#22 and B#27 = 471.181
ROUND 1374 A#23 and B#27 = 487.925
ROUND 1375 A#24 and B#27 = 473.369
ROUND 1376 A#25 and B#27 = 504.223
ROUND 1377 A#26 and B#27 = 379.419
ROUND 1378 A#27 and B#27 = 430.222
ROUND 1379 A#28 and B#27 = 450.778
ROUND 1380 A#29 and B#27 = 495.87
ROUND 1381 A#30 and B#27 = 514.344
ROUND 1382 A#31 and B#27 = 425.717
ROUND 1383 A#32 and B#27 = 414.69
ROUND 1384 A#33 and B#27 = 475.414
ROUND 1385 A#34 and B#27 = 456.449
ROUND 1386 A#35 and B#27 = 425.515
ROUND 1387 A#36 and B#27 = 451.327
ROUND 1388 A#37 and B#27 = 448.116
ROUND 1389 A#38 and B#27 = 529.277
ROUND 1390 A#39 and B#27 = 481.891
ROUND 1391 A#40 and B#27 = 416.615
ROUND 1392 A#41 and B#27 = 407.833
ROUND 1393 A#42 and B#27 = 423.789
ROUND 1394 A#43 and B#27 = 456.038
ROUND 1395 A#44 and B#27 = 598.245
ROUND 1396 A#45 and B#27 = 409.694
ROUND 1397 A#46 and B#27 = 525.811
ROUND 1398 A#47 and B#27 = 504.081
ROUND 1399 A#48 and B#27 = 457.444
ROUND 1400 A#49 and B#27 = 516.07
ROUND 1401 A#0 and B#28 = 563.988
ROUND 1402 A#1 and B#28 = 189.597
ROUND 1403 A#2 and B#28 = 462.852
ROUND 1404 A#3 and B#28 = 539.289
ROUND 1405 A#4 and B#28 = 404.2
ROUND 1406 A#5 and B#28 = 513.512
ROUND 1407 A#6 and B#28 = 444.788
ROUND 1408 A#7 and B#28 = 535.515
ROUND 1409 A#8 and B#28 = 335.046
ROUND 1410 A#9 and B#28 = 376.735
ROUND 1411 A#10 and B#28 = 439.141
ROUND 1412 A#11 and B#28 = 564.54
ROUND 1413 A#12 and B#28 = 415.999
ROUND 1414 A#13 and B#28 = 544.94
ROUND 1415 A#14 and B#28 = 419.374
ROUND 1416 A#15 and B#28 = 469.546
ROUND 1417 A#16 and B#28 = 596.876
ROUND 1418 A#17 and B#28 = 472
ROUND 1419 A#18 and B#28 = 466.317
ROUND 1420 A#19 and B#28 = 470.667
ROUND 1421 A#20 and B#28 = 404.507
ROUND 1422 A#21 and B#28 = 455.487
ROUND 1423 A#22 and B#28 = 383.194
ROUND 1424 A#23 and B#28 = 418.065
ROUND 1425 A#24 and B#28 = 543.213
ROUND 1426 A#25 and B#28 = 448.14
ROUND 1427 A#26 and B#28 = 511.503
ROUND 1428 A#27 and B#28 = 472.201
ROUND 1429 A#28 and B#28 = 449.525
ROUND 1430 A#29 and B#28 = 432.555
ROUND 1431 A#30 and B#28 = 503.791
ROUND 1432 A#31 and B#28 = 507.26
ROUND 1433 A#32 and B#28 = 545.343
ROUND 1434 A#33 and B#28 = 390.404
ROUND 1435 A#34 and B#28 = 593.878
ROUND 1436 A#35 and B#28 = 417.072
ROUND 1437 A#36 and B#28 = 587.12
ROUND 1438 A#37 and B#28 = 468.42
ROUND 1439 A#38 and B#28 = 444.463
ROUND 1440 A#39 and B#28 = 455.65
ROUND 1441 A#40 and B#28 = 451.471
ROUND 1442 A#41 and B#28 = 451.924
ROUND 1443 A#42 and B#28 = 439.165
ROUND 1444 A#43 and B#28 = 478.929
ROUND 1445 A#44 and B#28 = 496.016
ROUND 1446 A#45 and B#28 = 448.815
ROUND 1447 A#46 and B#28 = 502.872
ROUND 1448 A#47 and B#28 = 374.228
ROUND 1449 A#48 and B#28 = 482.462
ROUND 1450 A#49 and B#28 = 505.9
ROUND 1451 A#0 and B#29 = 480.338
ROUND 1452 A#1 and B#29 = 328.159
ROUND 1453 A#2 and B#29 = 560.507
ROUND 1454 A#3 and B#29 = 518.55
ROUND 1455 A#4 and B#29 = 433.027
ROUND 1456 A#5 and B#29 = 483.408
ROUND 1457 A#6 and B#29 = 532.833
ROUND 1458 A#7 and B#29 = 463.623
ROUND 1459 A#8 and B#29 = 417.066
ROUND 1460 A#9 and B#29 = 347.273
ROUND 1461 A#10 and B#29 = 420.582
ROUND 1462 A#11 and B#29 = 538.38
ROUND 1463 A#12 and B#29 = 459.302
ROUND 1464 A#13 and B#29 = 519.631
ROUND 1465 A#14 and B#29 = 445.183
ROUND 1466 A#15 and B#29 = 483.347
ROUND 1467 A#16 and B#29 = 581.366
ROUND 1468 A#17 and B#29 = 531.24
ROUND 1469 A#18 and B#29 = 423.355
ROUND 1470 A#19 and B#29 = 413.893
ROUND 1471 A#20 and B#29 = 355.904
ROUND 1472 A#21 and B#29 = 457.806
ROUND 1473 A#22 and B#29 = 345.741
ROUND 1474 A#23 and B#29 = 465.431
ROUND 1475 A#24 and B#29 = 443.571
ROUND 1476 A#25 and B#29 = 514.385
ROUND 1477 A#26 and B#29 = 546.16
ROUND 1478 A#27 and B#29 = 530.765
ROUND 1479 A#28 and B#29 = 481.258
ROUND 1480 A#29 and B#29 = 501.065
ROUND 1481 A#30 and B#29 = 544.011
ROUND 1482 A#31 and B#29 = 468.196
ROUND 1483 A#32 and B#29 = 558.528
ROUND 1484 A#33 and B#29 = 316.486
ROUND 1485 A#34 and B#29 = 577.592
ROUND 1486 A#35 and B#29 = 413.943
ROUND 1487 A#36 and B#29 = 573.984
ROUND 1488 A#37 and B#29 = 554.074
ROUND 1489 A#38 and B#29 = 475.289
ROUND 1490 A#39 and B#29 = 377.069
ROUND 1491 A#40 and B#29 = 507.907
ROUND 1492 A#41 and B#29 = 508.599
ROUND 1493 A#42 and B#29 = 473.453
ROUND 1494 A#43 and B#29 = 454.115
ROUND 1495 A#44 and B#29 = 512.671
ROUND 1496 A#45 and B#29 = 508.085
ROUND 1497 A#46 and B#29 = 542.055
ROUND 1498 A#47 and B#29 = 435.498
ROUND 1499 A#48 and B#29 = 555.486
ROUND 1500 A#49 and B#29 = 547.712
ROUND 1501 A#0 and B#30 = 450.023
ROUND 1502 A#1 and B#30 = 281.219
ROUND 1503 A#2 and B#30 = 383.73
ROUND 1504 A#3 and B#30 = 421.881
ROUND 1505 A#4 and B#30 = 332.368
ROUND 1506 A#5 and B#30 = 456.46
ROUND 1507 A#6 and B#30 = 442.006
ROUND 1508 A#7 and B#30 = 425.8
ROUND 1509 A#8 and B#30 = 396.999
ROUND 1510 A#9 and B#30 = 384.394
ROUND 1511 A#10 and B#30 = 447.173
ROUND 1512 A#11 and B#30 = 399.081
ROUND 1513 A#12 and B#30 = 267.777
ROUND 1514 A#13 and B#30 = 480.063
ROUND 1515 A#14 and B#30 = 447.346
ROUND 1516 A#15 and B#30 = 461.471
ROUND 1517 A#16 and B#30 = 452.113
ROUND 1518 A#17 and B#30 = 508.947
ROUND 1519 A#18 and B#30 = 483.139
ROUND 1520 A#19 and B#30 = 523.388
ROUND 1521 A#20 and B#30 = 506.35
ROUND 1522 A#21 and B#30 = 403.19
ROUND 1523 A#22 and B#30 = 482.264
ROUND 1524 A#23 and B#30 = 452.716
ROUND 1525 A#24 and B#30 = 515.081
ROUND 1526 A#25 and B#30 = 530.165
ROUND 1527 A#26 and B#30 = 469.782
ROUND 1528 A#27 and B#30 = 493.045
ROUND 1529 A#28 and B#30 = 483.187
ROUND 1530 A#29 and B#30 = 431.217
ROUND 1531 A#30 and B#30 = 434.298
ROUND 1532 A#31 and B#30 = 506.548
ROUND 1533 A#32 and B#30 = 504.455
ROUND 1534 A#33 and B#30 = 442.579
ROUND 1535 A#34 and B#30 = 434.056
ROUND 1536 A#35 and B#30 = 403.66
ROUND 1537 A#36 and B#30 = 428.79
ROUND 1538 A#37 and B#30 = 392.506
ROUND 1539 A#38 and B#30 = 524.7
ROUND 1540 A#39 and B#30 = 450.389
ROUND 1541 A#40 and B#30 = 478.587
ROUND 1542 A#41 and B#30 = 460.338
ROUND 1543 A#42 and B#30 = 507.123
ROUND 1544 A#43 and B#30 = 390.832
ROUND 1545 A#44 and B#30 = 538.458
ROUND 1546 A#45 and B#30 = 465.414
ROUND 1547 A#46 and B#30 = 432.475
ROUND 1548 A#47 and B#30 = 471.11
ROUND 1549 A#48 and B#30 = 389.634
ROUND 1550 A#49 and B#30 = 433.713
ROUND 1551 A#0 and B#31 = 532.847
ROUND 1552 A#1 and B#31 = 247.964
ROUND 1553 A#2 and B#31 = 496.145
ROUND 1554 A#3 and B#31 = 555.704
ROUND 1555 A#4 and B#31 = 459.401
ROUND 1556 A#5 and B#31 = 350.3
ROUND 1557 A#6 and B#31 = 479.643
ROUND 1558 A#7 and B#31 = 566.657
ROUND 1559 A#8 and B#31 = 395.68
ROUND 1560 A#9 and B#31 = 403.641
ROUND 1561 A#10 and B#31 = 320.241
ROUND 1562 A#11 and B#31 = 491.244
ROUND 1563 A#12 and B#31 = 442.883
ROUND 1564 A#13 and B#31 = 408.722
ROUND 1565 A#14 and B#31 = 504.263
ROUND 1566 A#15 and B#31 = 441.068
ROUND 1567 A#16 and B#31 = 397.783
ROUND 1568 A#17 and B#31 = 475.693
ROUND 1569 A#18 and B#31 = 339.318
ROUND 1570 A#19 and B#31 = 474.677
ROUND 1571 A#20 and B#31 = 309.832
ROUND 1572 A#21 and B#31 = 519.153
ROUND 1573 A#22 and B#31 = 308.251
ROUND 1574 A#23 and B#31 = 462.574
ROUND 1575 A#24 and B#31 = 380.051
ROUND 1576 A#25 and B#31 = 453.025
ROUND 1577 A#26 and B#31 = 399.702
ROUND 1578 A#27 and B#31 = 430.123
ROUND 1579 A#28 and B#31 = 378.223
ROUND 1580 A#29 and B#31 = 558.481
ROUND 1581 A#30 and B#31 = 466.391
ROUND 1582 A#31 and B#31 = 436.648
ROUND 1583 A#32 and B#31 = 416.186
ROUND 1584 A#33 and B#31 = 427.67
ROUND 1585 A#34 and B#31 = 469.385
ROUND 1586 A#35 and B#31 = 457.75
ROUND 1587 A#36 and B#31 = 465.726
ROUND 1588 A#37 and B#31 = 515.769
ROUND 1589 A#38 and B#31 = 419.756
ROUND 1590 A#39 and B#31 = 376.057
ROUND 1591 A#40 and B#31 = 475.693
ROUND 1592 A#41 and B#31 = 475.621
ROUND 1593 A#42 and B#31 = 500.877
ROUND 1594 A#43 and B#31 = 456.403
ROUND 1595 A#44 and B#31 = 459.581
ROUND 1596 A#45 and B#31 = 475.793
ROUND 1597 A#46 and B#31 = 496.179
ROUND 1598 A#47 and B#31 = 539.878
ROUND 1599 A#48 and B#31 = 517.675
ROUND 1600 A#49 and B#31 = 474.884
ROUND 1601 A#0 and B#32 = 450.762
ROUND 1602 A#1 and B#32 = 278.759
ROUND 1603 A#2 and B#32 = 383.968
ROUND 1604 A#3 and B#32 = 423.535
ROUND 1605 A#4 and B#32 = 331.971
ROUND 1606 A#5 and B#32 = 456.802
ROUND 1607 A#6 and B#32 = 441.959
ROUND 1608 A#7 and B#32 = 424.423
ROUND 1609 A#8 and B#32 = 397.951
ROUND 1610 A#9 and B#32 = 383.482
ROUND 1611 A#10 and B#32 = 449.676
ROUND 1612 A#11 and B#32 = 400.436
ROUND 1613 A#12 and B#32 = 267.863
ROUND 1614 A#13 and B#32 = 478.372
ROUND 1615 A#14 and B#32 = 432.466
ROUND 1616 A#15 and B#32 = 463.757
ROUND 1617 A#16 and B#32 = 451.82
ROUND 1618 A#17 and B#32 = 511.054
ROUND 1619 A#18 and B#32 = 483.474
ROUND 1620 A#19 and B#32 = 523.866
ROUND 1621 A#20 and B#32 = 506.585
ROUND 1622 A#21 and B#32 = 403.22
ROUND 1623 A#22 and B#32 = 481.815
ROUND 1624 A#23 and B#32 = 453.223
ROUND 1625 A#24 and B#32 = 516.321
ROUND 1626 A#25 and B#32 = 531.851
ROUND 1627 A#26 and B#32 = 470.012
ROUND 1628 A#27 and B#32 = 489.903
ROUND 1629 A#28 and B#32 = 482.275
ROUND 1630 A#29 and B#32 = 430.382
ROUND 1631 A#30 and B#32 = 434.303
ROUND 1632 A#31 and B#32 = 503.712
ROUND 1633 A#32 and B#32 = 503.442
ROUND 1634 A#33 and B#32 = 442.224
ROUND 1635 A#34 and B#32 = 433.238
ROUND 1636 A#35 and B#32 = 403.984
ROUND 1637 A#36 and B#32 = 428.324
ROUND 1638 A#37 and B#32 = 393.155
ROUND 1639 A#38 and B#32 = 524.591
ROUND 1640 A#39 and B#32 = 451.347
ROUND 1641 A#40 and B#32 = 480.643
ROUND 1642 A#41 and B#32 = 462.486
ROUND 1643 A#42 and B#32 = 507.554
ROUND 1644 A#43 and B#32 = 391.445
ROUND 1645 A#44 and B#32 = 539.704
ROUND 1646 A#45 and B#32 = 467.567
ROUND 1647 A#46 and B#32 = 432.28
ROUND 1648 A#47 and B#32 = 472.098
ROUND 1649 A#48 and B#32 = 390.25
ROUND 1650 A#49 and B#32 = 433.613
ROUND 1651 A#0 and B#33 = 527.018
ROUND 1652 A#1 and B#33 = 254.943
ROUND 1653 A#2 and B#33 = 495.427
ROUND 1654 A#3 and B#33 = 553.052
ROUND 1655 A#4 and B#33 = 456.645
ROUND 1656 A#5 and B#33 = 330
ROUND 1657 A#6 and B#33 = 479.107
ROUND 1658 A#7 and B#33 = 556.903
ROUND 1659 A#8 and B#33 = 421.956
ROUND 1660 A#9 and B#33 = 405.305
ROUND 1661 A#10 and B#33 = 329.596
ROUND 1662 A#11 and B#33 = 487.059
ROUND 1663 A#12 and B#33 = 442.791
ROUND 1664 A#13 and B#33 = 407.834
ROUND 1665 A#14 and B#33 = 505.026
ROUND 1666 A#15 and B#33 = 400.119
ROUND 1667 A#16 and B#33 = 435.091
ROUND 1668 A#17 and B#33 = 465.482
ROUND 1669 A#18 and B#33 = 346.357
ROUND 1670 A#19 and B#33 = 429.166
ROUND 1671 A#20 and B#33 = 317.517
ROUND 1672 A#21 and B#33 = 510.002
ROUND 1673 A#22 and B#33 = 314.354
ROUND 1674 A#23 and B#33 = 467.72
ROUND 1675 A#24 and B#33 = 446.188
ROUND 1676 A#25 and B#33 = 444.321
ROUND 1677 A#26 and B#33 = 405.916
ROUND 1678 A#27 and B#33 = 430.057
ROUND 1679 A#28 and B#33 = 385.462
ROUND 1680 A#29 and B#33 = 559.594
ROUND 1681 A#30 and B#33 = 416.932
ROUND 1682 A#31 and B#33 = 434.418
ROUND 1683 A#32 and B#33 = 404.851
ROUND 1684 A#33 and B#33 = 432.827
ROUND 1685 A#34 and B#33 = 451.562
ROUND 1686 A#35 and B#33 = 464.265
ROUND 1687 A#36 and B#33 = 450.167
ROUND 1688 A#37 and B#33 = 508.686
ROUND 1689 A#38 and B#33 = 399.108
ROUND 1690 A#39 and B#33 = 380.006
ROUND 1691 A#40 and B#33 = 478.718
ROUND 1692 A#41 and B#33 = 439.593
ROUND 1693 A#42 and B#33 = 502.408
ROUND 1694 A#43 and B#33 = 509.334
ROUND 1695 A#44 and B#33 = 455.379
ROUND 1696 A#45 and B#33 = 443.813
ROUND 1697 A#46 and B#33 = 429.588
ROUND 1698 A#47 and B#33 = 546.091
ROUND 1699 A#48 and B#33 = 510.826
ROUND 1700 A#49 and B#33 = 425.517
ROUND 1701 A#0 and B#34 = 505.135
ROUND 1702 A#1 and B#34 = 288.904
ROUND 1703 A#2 and B#34 = 482.725
ROUND 1704 A#3 and B#34 = 544.818
ROUND 1705 A#4 and B#34 = 422.899
ROUND 1706 A#5 and B#34 = 346.028
ROUND 1707 A#6 and B#34 = 473.855
ROUND 1708 A#7 and B#34 = 490.364
ROUND 1709 A#8 and B#34 = 478.858
ROUND 1710 A#9 and B#34 = 426.435
ROUND 1711 A#10 and B#34 = 368.46
ROUND 1712 A#11 and B#34 = 461.89
ROUND 1713 A#12 and B#34 = 425.475
ROUND 1714 A#13 and B#34 = 434.918
ROUND 1715 A#14 and B#34 = 503.343
ROUND 1716 A#15 and B#34 = 349.355
ROUND 1717 A#16 and B#34 = 436.001
ROUND 1718 A#17 and B#34 = 566.411
ROUND 1719 A#18 and B#34 = 476.915
ROUND 1720 A#19 and B#34 = 354.807
ROUND 1721 A#20 and B#34 = 425.565
ROUND 1722 A#21 and B#34 = 488.507
ROUND 1723 A#22 and B#34 = 414.673
ROUND 1724 A#23 and B#34 = 460.611
ROUND 1725 A#24 and B#34 = 520.274
ROUND 1726 A#25 and B#34 = 523.692
ROUND 1727 A#26 and B#34 = 425.118
ROUND 1728 A#27 and B#34 = 417.314
ROUND 1729 A#28 and B#34 = 408.286
ROUND 1730 A#29 and B#34 = 487.551
ROUND 1731 A#30 and B#34 = 464.851
ROUND 1732 A#31 and B#34 = 404.797
ROUND 1733 A#32 and B#34 = 456.895
ROUND 1734 A#33 and B#34 = 496.256
ROUND 1735 A#34 and B#34 = 436.592
ROUND 1736 A#35 and B#34 = 394.803
ROUND 1737 A#36 and B#34 = 439.04
ROUND 1738 A#37 and B#34 = 460.76
ROUND 1739 A#38 and B#34 = 487.971
ROUND 1740 A#39 and B#34 = 458.787
ROUND 1741 A#40 and B#34 = 555.363
ROUND 1742 A#41 and B#34 = 527.88
ROUND 1743 A#42 and B#34 = 487.615
ROUND 1744 A#43 and B#34 = 466.455
ROUND 1745 A#44 and B#34 = 534.36
ROUND 1746 A#45 and B#34 = 529.512
ROUND 1747 A#46 and B#34 = 437.997
ROUND 1748 A#47 and B#34 = 524.619
ROUND 1749 A#48 and B#34 = 466.319
ROUND 1750 A#49 and B#34 = 465.238
ROUND 1751 A#0 and B#35 = 585.889
ROUND 1752 A#1 and B#35 = 413.352
ROUND 1753 A#2 and B#35 = 417.216
ROUND 1754 A#3 and B#35 = 540.714
ROUND 1755 A#4 and B#35 = 406.61
ROUND 1756 A#5 and B#35 = 452.584
ROUND 1757 A#6 and B#35 = 483.403
ROUND 1758 A#7 and B#35 = 565.525
ROUND 1759 A#8 and B#35 = 476.324
ROUND 1760 A#9 and B#35 = 406.614
ROUND 1761 A#10 and B#35 = 394.851
ROUND 1762 A#11 and B#35 = 541.564
ROUND 1763 A#12 and B#35 = 412.754
ROUND 1764 A#13 and B#35 = 552.805
ROUND 1765 A#14 and B#35 = 546.965
ROUND 1766 A#15 and B#35 = 405
ROUND 1767 A#16 and B#35 = 467.636
ROUND 1768 A#17 and B#35 = 467.269
ROUND 1769 A#18 and B#35 = 496.811
ROUND 1770 A#19 and B#35 = 415.16
ROUND 1771 A#20 and B#35 = 480.484
ROUND 1772 A#21 and B#35 = 426.913
ROUND 1773 A#22 and B#35 = 483.233
ROUND 1774 A#23 and B#35 = 497.141
ROUND 1775 A#24 and B#35 = 465.268
ROUND 1776 A#25 and B#35 = 504.008
ROUND 1777 A#26 and B#35 = 359.917
ROUND 1778 A#27 and B#35 = 452.873
ROUND 1779 A#28 and B#35 = 461.803
ROUND 1780 A#29 and B#35 = 494.745
ROUND 1781 A#30 and B#35 = 517.542
ROUND 1782 A#31 and B#35 = 456.299
ROUND 1783 A#32 and B#35 = 398.703
ROUND 1784 A#33 and B#35 = 481.444
ROUND 1785 A#34 and B#35 = 465.717
ROUND 1786 A#35 and B#35 = 445.955
ROUND 1787 A#36 and B#35 = 461.159
ROUND 1788 A#37 and B#35 = 450.149
ROUND 1789 A#38 and B#35 = 538.573
ROUND 1790 A#39 and B#35 = 479.765
ROUND 1791 A#40 and B#35 = 429.306
ROUND 1792 A#41 and B#35 = 428.108
ROUND 1793 A#42 and B#35 = 451.292
ROUND 1794 A#43 and B#35 = 457.713
ROUND 1795 A#44 and B#35 = 603.084
ROUND 1796 A#45 and B#35 = 429.801
ROUND 1797 A#46 and B#35 = 529.282
ROUND 1798 A#47 and B#35 = 500.865
ROUND 1799 A#48 and B#35 = 458.69
ROUND 1800 A#49 and B#35 = 519.37
ROUND 1801 A#0 and B#36 = 586.777
ROUND 1802 A#1 and B#36 = 177.923
ROUND 1803 A#2 and B#36 = 432.397
ROUND 1804 A#3 and B#36 = 466.214
ROUND 1805 A#4 and B#36 = 306.816
ROUND 1806 A#5 and B#36 = 503.883
ROUND 1807 A#6 and B#36 = 425.122
ROUND 1808 A#7 and B#36 = 509.789
ROUND 1809 A#8 and B#36 = 339.772
ROUND 1810 A#9 and B#36 = 408.373
ROUND 1811 A#10 and B#36 = 438.705
ROUND 1812 A#11 and B#36 = 594.101
ROUND 1813 A#12 and B#36 = 419.02
ROUND 1814 A#13 and B#36 = 539.431
ROUND 1815 A#14 and B#36 = 440.719
ROUND 1816 A#15 and B#36 = 462.707
ROUND 1817 A#16 and B#36 = 599.978
ROUND 1818 A#17 and B#36 = 412.17
ROUND 1819 A#18 and B#36 = 457.788
ROUND 1820 A#19 and B#36 = 466.037
ROUND 1821 A#20 and B#36 = 411.507
ROUND 1822 A#21 and B#36 = 468.252
ROUND 1823 A#22 and B#36 = 392.78
ROUND 1824 A#23 and B#36 = 460.899
ROUND 1825 A#24 and B#36 = 439.406
ROUND 1826 A#25 and B#36 = 484.829
ROUND 1827 A#26 and B#36 = 360.941
ROUND 1828 A#27 and B#36 = 447.438
ROUND 1829 A#28 and B#36 = 443.724
ROUND 1830 A#29 and B#36 = 398.571
ROUND 1831 A#30 and B#36 = 483.169
ROUND 1832 A#31 and B#36 = 477.962
ROUND 1833 A#32 and B#36 = 531.313
ROUND 1834 A#33 and B#36 = 419.636
ROUND 1835 A#34 and B#36 = 573.503
ROUND 1836 A#35 and B#36 = 466.181
ROUND 1837 A#36 and B#36 = 566.235
ROUND 1838 A#37 and B#36 = 445.028
ROUND 1839 A#38 and B#36 = 305.607
ROUND 1840 A#39 and B#36 = 457.648
ROUND 1841 A#40 and B#36 = 447.193
ROUND 1842 A#41 and B#36 = 450.28
ROUND 1843 A#42 and B#36 = 431.507
ROUND 1844 A#43 and B#36 = 469.386
ROUND 1845 A#44 and B#36 = 500.438
ROUND 1846 A#45 and B#36 = 451.566
ROUND 1847 A#46 and B#36 = 466.592
ROUND 1848 A#47 and B#36 = 404.123
ROUND 1849 A#48 and B#36 = 471.549
ROUND 1850 A#49 and B#36 = 506.287
ROUND 1851 A#0 and B#37 = 466.101
ROUND 1852 A#1 and B#37 = 280.076
ROUND 1853 A#2 and B#37 = 441.333
ROUND 1854 A#3 and B#37 = 482.519
ROUND 1855 A#4 and B#37 = 382.492
ROUND 1856 A#5 and B#37 = 412.199
ROUND 1857 A#6 and B#37 = 433.27
ROUND 1858 A#7 and B#37 = 474.406
ROUND 1859 A#8 and B#37 = 483.952
ROUND 1860 A#9 and B#37 = 470.639
ROUND 1861 A#10 and B#37 = 433.938
ROUND 1862 A#11 and B#37 = 454.972
ROUND 1863 A#12 and B#37 = 314.249
ROUND 1864 A#13 and B#37 = 452.887
ROUND 1865 A#14 and B#37 = 515.386
ROUND 1866 A#15 and B#37 = 341.303
ROUND 1867 A#16 and B#37 = 385.601
ROUND 1868 A#17 and B#37 = 516.418
ROUND 1869 A#18 and B#37 = 475.68
ROUND 1870 A#19 and B#37 = 387.86
ROUND 1871 A#20 and B#37 = 407.894
ROUND 1872 A#21 and B#37 = 438.956
ROUND 1873 A#22 and B#37 = 400.739
ROUND 1874 A#23 and B#37 = 451.302
ROUND 1875 A#24 and B#37 = 521.672
ROUND 1876 A#25 and B#37 = 559.588
ROUND 1877 A#26 and B#37 = 409.853
ROUND 1878 A#27 and B#37 = 405.622
ROUND 1879 A#28 and B#37 = 443.211
ROUND 1880 A#29 and B#37 = 449.551
ROUND 1881 A#30 and B#37 = 461.174
ROUND 1882 A#31 and B#37 = 386.328
ROUND 1883 A#32 and B#37 = 399.15
ROUND 1884 A#33 and B#37 = 454.923
ROUND 1885 A#34 and B#37 = 400.087
ROUND 1886 A#35 and B#37 = 398.656
ROUND 1887 A#36 and B#37 = 403.753
ROUND 1888 A#37 and B#37 = 438.662
ROUND 1889 A#38 and B#37 = 561.12
ROUND 1890 A#39 and B#37 = 498.491
ROUND 1891 A#40 and B#37 = 498.009
ROUND 1892 A#41 and B#37 = 469.923
ROUND 1893 A#42 and B#37 = 422.393
ROUND 1894 A#43 and B#37 = 441.963
ROUND 1895 A#44 and B#37 = 582.667
ROUND 1896 A#45 and B#37 = 471.576
ROUND 1897 A#46 and B#37 = 434.068
ROUND 1898 A#47 and B#37 = 476.887
ROUND 1899 A#48 and B#37 = 441.538
ROUND 1900 A#49 and B#37 = 462.461
ROUND 1901 A#0 and B#38 = 449.447
ROUND 1902 A#1 and B#38 = 281.196
ROUND 1903 A#2 and B#38 = 384.172
ROUND 1904 A#3 and B#38 = 422.155
ROUND 1905 A#4 and B#38 = 332.761
ROUND 1906 A#5 and B#38 = 455.909
ROUND 1907 A#6 and B#38 = 441.41
ROUND 1908 A#7 and B#38 = 425.932
ROUND 1909 A#8 and B#38 = 397.238
ROUND 1910 A#9 and B#38 = 384.145
ROUND 1911 A#10 and B#38 = 446.68
ROUND 1912 A#11 and B#38 = 398.968
ROUND 1913 A#12 and B#38 = 267.5
ROUND 1914 A#13 and B#38 = 479.828
ROUND 1915 A#14 and B#38 = 447.051
ROUND 1916 A#15 and B#38 = 461.904
ROUND 1917 A#16 and B#38 = 451.273
ROUND 1918 A#17 and B#38 = 509.153
ROUND 1919 A#18 and B#38 = 483.1
ROUND 1920 A#19 and B#38 = 522.786
ROUND 1921 A#20 and B#38 = 506.427
ROUND 1922 A#21 and B#38 = 403.297
ROUND 1923 A#22 and B#38 = 482.477
ROUND 1924 A#23 and B#38 = 452.756
ROUND 1925 A#24 and B#38 = 514.699
ROUND 1926 A#25 and B#38 = 529.963
ROUND 1927 A#26 and B#38 = 469.68
ROUND 1928 A#27 and B#38 = 492.369
ROUND 1929 A#28 and B#38 = 482.669
ROUND 1930 A#29 and B#38 = 431.265
ROUND 1931 A#30 and B#38 = 434.424
ROUND 1932 A#31 and B#38 = 506.345
ROUND 1933 A#32 and B#38 = 504.38
ROUND 1934 A#33 and B#38 = 442.584
ROUND 1935 A#34 and B#38 = 433.505
ROUND 1936 A#35 and B#38 = 403.735
ROUND 1937 A#36 and B#38 = 426.352
ROUND 1938 A#37 and B#38 = 392.852
ROUND 1939 A#38 and B#38 = 524.548
ROUND 1940 A#39 and B#38 = 450.715
ROUND 1941 A#40 and B#38 = 478.701
ROUND 1942 A#41 and B#38 = 460.159
ROUND 1943 A#42 and B#38 = 507.284
ROUND 1944 A#43 and B#38 = 391.197
ROUND 1945 A#44 and B#38 = 538.126
ROUND 1946 A#45 and B#38 = 465.246
ROUND 1947 A#46 and B#38 = 432.709
ROUND 1948 A#47 and B#38 = 470.88
ROUND 1949 A#48 and B#38 = 389.989
ROUND 1950 A#49 and B#38 = 433.908
ROUND 1951 A#0 and B#39 = 490.726
ROUND 1952 A#1 and B#39 = 263.651
ROUND 1953 A#2 and B#39 = 450.888
ROUND 1954 A#3 and B#39 = 560.868
ROUND 1955 A#4 and B#39 = 382.463
ROUND 1956 A#5 and B#39 = 420.172
ROUND 1957 A#6 and B#39 = 438.663
ROUND 1958 A#7 and B#39 = 521.39
ROUND 1959 A#8 and B#39 = 420.385
ROUND 1960 A#9 and B#39 = 405.069
ROUND 1961 A#10 and B#39 = 394.5
ROUND 1962 A#11 and B#39 = 508.928
ROUND 1963 A#12 and B#39 = 423.782
ROUND 1964 A#13 and B#39 = 477.655
ROUND 1965 A#14 and B#39 = 565.209
ROUND 1966 A#15 and B#39 = 492.845
ROUND 1967 A#16 and B#39 = 429.137
ROUND 1968 A#17 and B#39 = 447.757
ROUND 1969 A#18 and B#39 = 362.25
ROUND 1970 A#19 and B#39 = 384.294
ROUND 1971 A#20 and B#39 = 371.208
ROUND 1972 A#21 and B#39 = 477.685
ROUND 1973 A#22 and B#39 = 367.957
ROUND 1974 A#23 and B#39 = 427.3
ROUND 1975 A#24 and B#39 = 413.393
ROUND 1976 A#25 and B#39 = 490.524
ROUND 1977 A#26 and B#39 = 390.144
ROUND 1978 A#27 and B#39 = 443.939
ROUND 1979 A#28 and B#39 = 462.687
ROUND 1980 A#29 and B#39 = 509.842
ROUND 1981 A#30 and B#39 = 422.141
ROUND 1982 A#31 and B#39 = 431.046
ROUND 1983 A#32 and B#39 = 405.683
ROUND 1984 A#33 and B#39 = 500.204
ROUND 1985 A#34 and B#39 = 393.732
ROUND 1986 A#35 and B#39 = 447.55
ROUND 1987 A#36 and B#39 = 387.358
ROUND 1988 A#37 and B#39 = 465.25
ROUND 1989 A#38 and B#39 = 506.332
ROUND 1990 A#39 and B#39 = 436.18
ROUND 1991 A#40 and B#39 = 421.055
ROUND 1992 A#41 and B#39 = 420.115
ROUND 1993 A#42 and B#39 = 548.751
ROUND 1994 A#43 and B#39 = 464.371
ROUND 1995 A#44 and B#39 = 518.004
ROUND 1996 A#45 and B#39 = 424.486
ROUND 1997 A#46 and B#39 = 433.622
ROUND 1998 A#47 and B#39 = 520.571
ROUND 1999 A#48 and B#39 = 465.62
ROUND 2000 A#49 and B#39 = 425.915
ROUND 2001 A#0 and B#40 = 586.156
ROUND 2002 A#1 and B#40 = 414.421
ROUND 2003 A#2 and B#40 = 465.573
ROUND 2004 A#3 and B#40 = 540.655
ROUND 2005 A#4 and B#40 = 406.094
ROUND 2006 A#5 and B#40 = 453.217
ROUND 2007 A#6 and B#40 = 484.201
ROUND 2008 A#7 and B#40 = 565.341
ROUND 2009 A#8 and B#40 = 474.142
ROUND 2010 A#9 and B#40 = 404.831
ROUND 2011 A#10 and B#40 = 396.499
ROUND 2012 A#11 and B#40 = 542.293
ROUND 2013 A#12 and B#40 = 412.476
ROUND 2014 A#13 and B#40 = 553.803
ROUND 2015 A#14 and B#40 = 547.052
ROUND 2016 A#15 and B#40 = 405.194
ROUND 2017 A#16 and B#40 = 468.603
ROUND 2018 A#17 and B#40 = 467.381
ROUND 2019 A#18 and B#40 = 496.73
ROUND 2020 A#19 and B#40 = 416.067
ROUND 2021 A#20 and B#40 = 480.711
ROUND 2022 A#21 and B#40 = 424.654
ROUND 2023 A#22 and B#40 = 483.389
ROUND 2024 A#23 and B#40 = 497.181
ROUND 2025 A#24 and B#40 = 465.765
ROUND 2026 A#25 and B#40 = 502.745
ROUND 2027 A#26 and B#40 = 358.656
ROUND 2028 A#27 and B#40 = 451.873
ROUND 2029 A#28 and B#40 = 462.945
ROUND 2030 A#29 and B#40 = 494.384
ROUND 2031 A#30 and B#40 = 517.239
ROUND 2032 A#31 and B#40 = 455.135
ROUND 2033 A#32 and B#40 = 400.247
ROUND 2034 A#33 and B#40 = 480.948
ROUND 2035 A#34 and B#40 = 467.717
ROUND 2036 A#35 and B#40 = 443.317
ROUND 2037 A#36 and B#40 = 463.085
ROUND 2038 A#37 and B#40 = 451.251
ROUND 2039 A#38 and B#40 = 538.545
ROUND 2040 A#39 and B#40 = 481.857
ROUND 2041 A#40 and B#40 = 429.368
ROUND 2042 A#41 and B#40 = 428.118
ROUND 2043 A#42 and B#40 = 450.494
ROUND 2044 A#43 and B#40 = 458.806
ROUND 2045 A#44 and B#40 = 601.819
ROUND 2046 A#45 and B#40 = 429.864
ROUND 2047 A#46 and B#40 = 528.231
ROUND 2048 A#47 and B#40 = 499.588
ROUND 2049 A#48 and B#40 = 460.163
ROUND 2050 A#49 and B#40 = 518.91
ROUND 2051 A#0 and B#41 = 496.405
ROUND 2052 A#1 and B#41 = 346.869
ROUND 2053 A#2 and B#41 = 478.909
ROUND 2054 A#3 and B#41 = 557.225
ROUND 2055 A#4 and B#41 = 432.719
ROUND 2056 A#5 and B#41 = 393.536
ROUND 2057 A#6 and B#41 = 452.944
ROUND 2058 A#7 and B#41 = 522.236
ROUND 2059 A#8 and B#41 = 431.108
ROUND 2060 A#9 and B#41 = 461.502
ROUND 2061 A#10 and B#41 = 362.015
ROUND 2062 A#11 and B#41 = 503.679
ROUND 2063 A#12 and B#41 = 429.299
ROUND 2064 A#13 and B#41 = 469.184
ROUND 2065 A#14 and B#41 = 558.877
ROUND 2066 A#15 and B#41 = 418.185
ROUND 2067 A#16 and B#41 = 443.133
ROUND 2068 A#17 and B#41 = 458.246
ROUND 2069 A#18 and B#41 = 483.575
ROUND 2070 A#19 and B#41 = 418.283
ROUND 2071 A#20 and B#41 = 555.511
ROUND 2072 A#21 and B#41 = 447.803
ROUND 2073 A#22 and B#41 = 341.372
ROUND 2074 A#23 and B#41 = 446.581
ROUND 2075 A#24 and B#41 = 461.319
ROUND 2076 A#25 and B#41 = 454.459
ROUND 2077 A#26 and B#41 = 428.127
ROUND 2078 A#27 and B#41 = 451.445
ROUND 2079 A#28 and B#41 = 428.515
ROUND 2080 A#29 and B#41 = 551.149
ROUND 2081 A#30 and B#41 = 407.071
ROUND 2082 A#31 and B#41 = 440.431
ROUND 2083 A#32 and B#41 = 361.025
ROUND 2084 A#33 and B#41 = 440.644
ROUND 2085 A#34 and B#41 = 366.722
ROUND 2086 A#35 and B#41 = 458.06
ROUND 2087 A#36 and B#41 = 361.25
ROUND 2088 A#37 and B#41 = 493.161
ROUND 2089 A#38 and B#41 = 461.134
ROUND 2090 A#39 and B#41 = 398.465
ROUND 2091 A#40 and B#41 = 424.809
ROUND 2092 A#41 and B#41 = 423.598
ROUND 2093 A#42 and B#41 = 544.324
ROUND 2094 A#43 and B#41 = 492.179
ROUND 2095 A#44 and B#41 = 509.975
ROUND 2096 A#45 and B#41 = 428.118
ROUND 2097 A#46 and B#41 = 420.409
ROUND 2098 A#47 and B#41 = 533.382
ROUND 2099 A#48 and B#41 = 494.078
ROUND 2100 A#49 and B#41 = 415.592
ROUND 2101 A#0 and B#42 = 474.271
ROUND 2102 A#1 and B#42 = 268.945
ROUND 2103 A#2 and B#42 = 448.991
ROUND 2104 A#3 and B#42 = 563.094
ROUND 2105 A#4 and B#42 = 382.61
ROUND 2106 A#5 and B#42 = 419.334
ROUND 2107 A#6 and B#42 = 437.711
ROUND 2108 A#7 and B#42 = 521.639
ROUND 2109 A#8 and B#42 = 426.225
ROUND 2110 A#9 and B#42 = 405.732
ROUND 2111 A#10 and B#42 = 391.797
ROUND 2112 A#11 and B#42 = 510.026
ROUND 2113 A#12 and B#42 = 421.512
ROUND 2114 A#13 and B#42 = 471.496
ROUND 2115 A#14 and B#42 = 567.073
ROUND 2116 A#15 and B#42 = 496.881
ROUND 2117 A#16 and B#42 = 428.465
ROUND 2118 A#17 and B#42 = 447.962
ROUND 2119 A#18 and B#42 = 359.665
ROUND 2120 A#19 and B#42 = 407.706
ROUND 2121 A#20 and B#42 = 366.387
ROUND 2122 A#21 and B#42 = 478.393
ROUND 2123 A#22 and B#42 = 362.435
ROUND 2124 A#23 and B#42 = 372.426
ROUND 2125 A#24 and B#42 = 418.202
ROUND 2126 A#25 and B#42 = 506.512
ROUND 2127 A#26 and B#42 = 385.772
ROUND 2128 A#27 and B#42 = 447.287
ROUND 2129 A#28 and B#42 = 459.743
ROUND 2130 A#29 and B#42 = 509.417
ROUND 2131 A#30 and B#42 = 424.861
ROUND 2132 A#31 and B#42 = 434.505
ROUND 2133 A#32 and B#42 = 404.357
ROUND 2134 A#33 and B#42 = 498.382
ROUND 2135 A#34 and B#42 = 389.443
ROUND 2136 A#35 and B#42 = 449.273
ROUND 2137 A#36 and B#42 = 383.38
ROUND 2138 A#37 and B#42 = 463.747
ROUND 2139 A#38 and B#42 = 505.767
ROUND 2140 A#39 and B#42 = 392.96
ROUND 2141 A#40 and B#42 = 421.361
ROUND 2142 A#41 and B#42 = 420.309
ROUND 2143 A#42 and B#42 = 549.441
ROUND 2144 A#43 and B#42 = 462.994
ROUND 2145 A#44 and B#42 = 520.041
ROUND 2146 A#45 and B#42 = 424.641
ROUND 2147 A#46 and B#42 = 437.668
ROUND 2148 A#47 and B#42 = 518.716
ROUND 2149 A#48 and B#42 = 464.238
ROUND 2150 A#49 and B#42 = 428.459
ROUND 2151 A#0 and B#43 = 475.483
ROUND 2152 A#1 and B#43 = 254.496
ROUND 2153 A#2 and B#43 = 485.232
ROUND 2154 A#3 and B#43 = 563.216
ROUND 2155 A#4 and B#43 = 430.642
ROUND 2156 A#5 and B#43 = 382.447
ROUND 2157 A#6 and B#43 = 460.939
ROUND 2158 A#7 and B#43 = 525.348
ROUND 2159 A#8 and B#43 = 418.614
ROUND 2160 A#9 and B#43 = 395.882
ROUND 2161 A#10 and B#43 = 370.806
ROUND 2162 A#11 and B#43 = 507.431
ROUND 2163 A#12 and B#43 = 426.655
ROUND 2164 A#13 and B#43 = 434.723
ROUND 2165 A#14 and B#43 = 561.1
ROUND 2166 A#15 and B#43 = 490.192
ROUND 2167 A#16 and B#43 = 353.437
ROUND 2168 A#17 and B#43 = 462.885
ROUND 2169 A#18 and B#43 = 340.205
ROUND 2170 A#19 and B#43 = 419.523
ROUND 2171 A#20 and B#43 = 352.569
ROUND 2172 A#21 and B#43 = 513.76
ROUND 2173 A#22 and B#43 = 349.465
ROUND 2174 A#23 and B#43 = 475.667
ROUND 2175 A#24 and B#43 = 411.19
ROUND 2176 A#25 and B#43 = 495.434
ROUND 2177 A#26 and B#43 = 425.941
ROUND 2178 A#27 and B#43 = 441.201
ROUND 2179 A#28 and B#43 = 426.844
ROUND 2180 A#29 and B#43 = 559.065
ROUND 2181 A#30 and B#43 = 451.322
ROUND 2182 A#31 and B#43 = 428.413
ROUND 2183 A#32 and B#43 = 349.188
ROUND 2184 A#33 and B#43 = 441.969
ROUND 2185 A#34 and B#43 = 453.018
ROUND 2186 A#35 and B#43 = 450.249
ROUND 2187 A#36 and B#43 = 349.802
ROUND 2188 A#37 and B#43 = 503.967
ROUND 2189 A#38 and B#43 = 453.396
ROUND 2190 A#39 and B#43 = 396.348
ROUND 2191 A#40 and B#43 = 431.982
ROUND 2192 A#41 and B#43 = 430.656
ROUND 2193 A#42 and B#43 = 545.741
ROUND 2194 A#43 and B#43 = 503.157
ROUND 2195 A#44 and B#43 = 512.701
ROUND 2196 A#45 and B#43 = 435.621
ROUND 2197 A#46 and B#43 = 480.312
ROUND 2198 A#47 and B#43 = 541.636
ROUND 2199 A#48 and B#43 = 505.053
ROUND 2200 A#49 and B#43 = 461.024
ROUND 2201 A#0 and B#44 = 446.686
ROUND 2202 A#1 and B#44 = 280.438
ROUND 2203 A#2 and B#44 = 468.145
ROUND 2204 A#3 and B#44 = 485.162
ROUND 2205 A#4 and B#44 = 422.494
ROUND 2206 A#5 and B#44 = 439.531
ROUND 2207 A#6 and B#44 = 461.612
ROUND 2208 A#7 and B#44 = 462.379
ROUND 2209 A#8 and B#44 = 464.982
ROUND 2210 A#9 and B#44 = 449.972
ROUND 2211 A#10 and B#44 = 368.97
ROUND 2212 A#11 and B#44 = 453.711
ROUND 2213 A#12 and B#44 = 313.5
ROUND 2214 A#13 and B#44 = 450.498
ROUND 2215 A#14 and B#44 = 405.592
ROUND 2216 A#15 and B#44 = 336.499
ROUND 2217 A#16 and B#44 = 374.638
ROUND 2218 A#17 and B#44 = 542.374
ROUND 2219 A#18 and B#44 = 456.797
ROUND 2220 A#19 and B#44 = 332.789
ROUND 2221 A#20 and B#44 = 386.649
ROUND 2222 A#21 and B#44 = 463.591
ROUND 2223 A#22 and B#44 = 381.274
ROUND 2224 A#23 and B#44 = 407.255
ROUND 2225 A#24 and B#44 = 508.352
ROUND 2226 A#25 and B#44 = 519.11
ROUND 2227 A#26 and B#44 = 402.868
ROUND 2228 A#27 and B#44 = 395.729
ROUND 2229 A#28 and B#44 = 417.994
ROUND 2230 A#29 and B#44 = 497.727
ROUND 2231 A#30 and B#44 = 449.689
ROUND 2232 A#31 and B#44 = 380.142
ROUND 2233 A#32 and B#44 = 347.331
ROUND 2234 A#33 and B#44 = 502.663
ROUND 2235 A#34 and B#44 = 334.67
ROUND 2236 A#35 and B#44 = 395.37
ROUND 2237 A#36 and B#44 = 333.628
ROUND 2238 A#37 and B#44 = 467.723
ROUND 2239 A#38 and B#44 = 510.079
ROUND 2240 A#39 and B#44 = 453.136
ROUND 2241 A#40 and B#44 = 523.071
ROUND 2242 A#41 and B#44 = 499.582
ROUND 2243 A#42 and B#44 = 400.239
ROUND 2244 A#43 and B#44 = 471.178
ROUND 2245 A#44 and B#44 = 537.875
ROUND 2246 A#45 and B#44 = 501.902
ROUND 2247 A#46 and B#44 = 425.614
ROUND 2248 A#47 and B#44 = 527.164
ROUND 2249 A#48 and B#44 = 471.604
ROUND 2250 A#49 and B#44 = 450.85
ROUND 2251 A#0 and B#45 = 499.229
ROUND 2252 A#1 and B#45 = 289.569
ROUND 2253 A#2 and B#45 = 472.823
ROUND 2254 A#3 and B#45 = 484.314
ROUND 2255 A#4 and B#45 = 409.187
ROUND 2256 A#5 and B#45 = 367.13
ROUND 2257 A#6 and B#45 = 462.328
ROUND 2258 A#7 and B#45 = 449.489
ROUND 2259 A#8 and B#45 = 474.786
ROUND 2260 A#9 and B#45 = 430.364
ROUND 2261 A#10 and B#45 = 367.376
ROUND 2262 A#11 and B#45 = 448.842
ROUND 2263 A#12 and B#45 = 427.431
ROUND 2264 A#13 and B#45 = 453.326
ROUND 2265 A#14 and B#45 = 500.708
ROUND 2266 A#15 and B#45 = 333.726
ROUND 2267 A#16 and B#45 = 437.871
ROUND 2268 A#17 and B#45 = 546.808
ROUND 2269 A#18 and B#45 = 465.135
ROUND 2270 A#19 and B#45 = 361.638
ROUND 2271 A#20 and B#45 = 394.336
ROUND 2272 A#21 and B#45 = 470.919
ROUND 2273 A#22 and B#45 = 382.232
ROUND 2274 A#23 and B#45 = 447.44
ROUND 2275 A#24 and B#45 = 514.011
ROUND 2276 A#25 and B#45 = 438.193
ROUND 2277 A#26 and B#45 = 400.403
ROUND 2278 A#27 and B#45 = 416.733
ROUND 2279 A#28 and B#45 = 415.851
ROUND 2280 A#29 and B#45 = 490.926
ROUND 2281 A#30 and B#45 = 447.354
ROUND 2282 A#31 and B#45 = 406.581
ROUND 2283 A#32 and B#45 = 447.501
ROUND 2284 A#33 and B#45 = 499.74
ROUND 2285 A#34 and B#45 = 431.091
ROUND 2286 A#35 and B#45 = 459.285
ROUND 2287 A#36 and B#45 = 432.282
ROUND 2288 A#37 and B#45 = 455.901
ROUND 2289 A#38 and B#45 = 508.618
ROUND 2290 A#39 and B#45 = 460.328
ROUND 2291 A#40 and B#45 = 530.643
ROUND 2292 A#41 and B#45 = 506.848
ROUND 2293 A#42 and B#45 = 432.891
ROUND 2294 A#43 and B#45 = 463.024
ROUND 2295 A#44 and B#45 = 536.025
ROUND 2296 A#45 and B#45 = 509.107
ROUND 2297 A#46 and B#45 = 426.567
ROUND 2298 A#47 and B#45 = 525.599
ROUND 2299 A#48 and B#45 = 462.947
ROUND 2300 A#49 and B#45 = 448.428
ROUND 2301 A#0 and B#46 = 443.728
ROUND 2302 A#1 and B#46 = 278.197
ROUND 2303 A#2 and B#46 = 408.029
ROUND 2304 A#3 and B#46 = 411.104
ROUND 2305 A#4 and B#46 = 397.677
ROUND 2306 A#5 and B#46 = 456.206
ROUND 2307 A#6 and B#46 = 387.426
ROUND 2308 A#7 and B#46 = 417.049
ROUND 2309 A#8 and B#46 = 416.731
ROUND 2310 A#9 and B#46 = 377.02
ROUND 2311 A#10 and B#46 = 441.911
ROUND 2312 A#11 and B#46 = 388.617
ROUND 2313 A#12 and B#46 = 375.955
ROUND 2314 A#13 and B#46 = 485.651
ROUND 2315 A#14 and B#46 = 412.021
ROUND 2316 A#15 and B#46 = 420.014
ROUND 2317 A#16 and B#46 = 435.088
ROUND 2318 A#17 and B#46 = 505.309
ROUND 2319 A#18 and B#46 = 476.829
ROUND 2320 A#19 and B#46 = 504.442
ROUND 2321 A#20 and B#46 = 514.828
ROUND 2322 A#21 and B#46 = 398.357
ROUND 2323 A#22 and B#46 = 489.676
ROUND 2324 A#23 and B#46 = 451.053
ROUND 2325 A#24 and B#46 = 519.226
ROUND 2326 A#25 and B#46 = 525.064
ROUND 2327 A#26 and B#46 = 466.927
ROUND 2328 A#27 and B#46 = 418.597
ROUND 2329 A#28 and B#46 = 477.856
ROUND 2330 A#29 and B#46 = 432.982
ROUND 2331 A#30 and B#46 = 433.229
ROUND 2332 A#31 and B#46 = 394.819
ROUND 2333 A#32 and B#46 = 397.898
ROUND 2334 A#33 and B#46 = 423.938
ROUND 2335 A#34 and B#46 = 513.15
ROUND 2336 A#35 and B#46 = 400.975
ROUND 2337 A#36 and B#46 = 512.538
ROUND 2338 A#37 and B#46 = 379.131
ROUND 2339 A#38 and B#46 = 516.669
ROUND 2340 A#39 and B#46 = 444.04
ROUND 2341 A#40 and B#46 = 472.138
ROUND 2342 A#41 and B#46 = 445.203
ROUND 2343 A#42 and B#46 = 506.987
ROUND 2344 A#43 and B#46 = 377.051
ROUND 2345 A#44 and B#46 = 534.886
ROUND 2346 A#45 and B#46 = 450.189
ROUND 2347 A#46 and B#46 = 432.115
ROUND 2348 A#47 and B#46 = 466.945
ROUND 2349 A#48 and B#46 = 375.699
ROUND 2350 A#49 and B#46 = 433.54
ROUND 2351 A#0 and B#47 = 446.607
ROUND 2352 A#1 and B#47 = 275.764
ROUND 2353 A#2 and B#47 = 451.241
ROUND 2354 A#3 and B#47 = 477.872
ROUND 2355 A#4 and B#47 = 403.379
ROUND 2356 A#5 and B#47 = 392.108
ROUND 2357 A#6 and B#47 = 435.403
ROUND 2358 A#7 and B#47 = 464.025
ROUND 2359 A#8 and B#47 = 489.822
ROUND 2360 A#9 and B#47 = 488.42
ROUND 2361 A#10 and B#47 = 434.636
ROUND 2362 A#11 and B#47 = 458.681
ROUND 2363 A#12 and B#47 = 318.878
ROUND 2364 A#13 and B#47 = 455.601
ROUND 2365 A#14 and B#47 = 403.291
ROUND 2366 A#15 and B#47 = 333.777
ROUND 2367 A#16 and B#47 = 380.741
ROUND 2368 A#17 and B#47 = 519.719
ROUND 2369 A#18 and B#47 = 477.307
ROUND 2370 A#19 and B#47 = 373.966
ROUND 2371 A#20 and B#47 = 405.527
ROUND 2372 A#21 and B#47 = 442.759
ROUND 2373 A#22 and B#47 = 398.25
ROUND 2374 A#23 and B#47 = 458.631
ROUND 2375 A#24 and B#47 = 497.754
ROUND 2376 A#25 and B#47 = 536.46
ROUND 2377 A#26 and B#47 = 392.654
ROUND 2378 A#27 and B#47 = 413.539
ROUND 2379 A#28 and B#47 = 433.179
ROUND 2380 A#29 and B#47 = 449.427
ROUND 2381 A#30 and B#47 = 452.855
ROUND 2382 A#31 and B#47 = 395.02
ROUND 2383 A#32 and B#47 = 400.888
ROUND 2384 A#33 and B#47 = 489.81
ROUND 2385 A#34 and B#47 = 410.5
ROUND 2386 A#35 and B#47 = 402.588
ROUND 2387 A#36 and B#47 = 415.164
ROUND 2388 A#37 and B#47 = 434.12
ROUND 2389 A#38 and B#47 = 541.067
ROUND 2390 A#39 and B#47 = 500.019
ROUND 2391 A#40 and B#47 = 497.52
ROUND 2392 A#41 and B#47 = 473.37
ROUND 2393 A#42 and B#47 = 437.618
ROUND 2394 A#43 and B#47 = 436.081
ROUND 2395 A#44 and B#47 = 565.151
ROUND 2396 A#45 and B#47 = 475.255
ROUND 2397 A#46 and B#47 = 444.607
ROUND 2398 A#47 and B#47 = 480.914
ROUND 2399 A#48 and B#47 = 435.571
ROUND 2400 A#49 and B#47 = 455.219
ROUND 2401 A#0 and B#48 = 493.677
ROUND 2402 A#1 and B#48 = 224.462
ROUND 2403 A#2 and B#48 = 469.454
ROUND 2404 A#3 and B#48 = 475.841
ROUND 2405 A#4 and B#48 = 425.406
ROUND 2406 A#5 and B#48 = 440.48
ROUND 2407 A#6 and B#48 = 460.657
ROUND 2408 A#7 and B#48 = 454.398
ROUND 2409 A#8 and B#48 = 471.846
ROUND 2410 A#9 and B#48 = 447.904
ROUND 2411 A#10 and B#48 = 372.411
ROUND 2412 A#11 and B#48 = 451.933
ROUND 2413 A#12 and B#48 = 310.488
ROUND 2414 A#13 and B#48 = 457.062
ROUND 2415 A#14 and B#48 = 402.076
ROUND 2416 A#15 and B#48 = 328.929
ROUND 2417 A#16 and B#48 = 372.103
ROUND 2418 A#17 and B#48 = 539.935
ROUND 2419 A#18 and B#48 = 456.09
ROUND 2420 A#19 and B#48 = 335.03
ROUND 2421 A#20 and B#48 = 383.493
ROUND 2422 A#21 and B#48 = 462.638
ROUND 2423 A#22 and B#48 = 379.109
ROUND 2424 A#23 and B#48 = 409.163
ROUND 2425 A#24 and B#48 = 495.746
ROUND 2426 A#25 and B#48 = 518.254
ROUND 2427 A#26 and B#48 = 401.568
ROUND 2428 A#27 and B#48 = 398.714
ROUND 2429 A#28 and B#48 = 417.891
ROUND 2430 A#29 and B#48 = 497.547
ROUND 2431 A#30 and B#48 = 449.798
ROUND 2432 A#31 and B#48 = 385.085
ROUND 2433 A#32 and B#48 = 348.79
ROUND 2434 A#33 and B#48 = 504.156
ROUND 2435 A#34 and B#48 = 336.221
ROUND 2436 A#35 and B#48 = 400.47
ROUND 2437 A#36 and B#48 = 353.532
ROUND 2438 A#37 and B#48 = 462.868
ROUND 2439 A#38 and B#48 = 509.936
ROUND 2440 A#39 and B#48 = 455.76
ROUND 2441 A#40 and B#48 = 518.56
ROUND 2442 A#41 and B#48 = 496.185
ROUND 2443 A#42 and B#48 = 431.327
ROUND 2444 A#43 and B#48 = 466.49
ROUND 2445 A#44 and B#48 = 542.463
ROUND 2446 A#45 and B#48 = 498.606
ROUND 2447 A#46 and B#48 = 428.347
ROUND 2448 A#47 and B#48 = 527.956
ROUND 2449 A#48 and B#48 = 466.98
ROUND 2450 A#49 and B#48 = 450.838
ROUND 2451 A#0 and B#49 = 495.75
ROUND 2452 A#1 and B#49 = 392.249
ROUND 2453 A#2 and B#49 = 547.858
ROUND 2454 A#3 and B#49 = 510.65
ROUND 2455 A#4 and B#49 = 444.984
ROUND 2456 A#5 and B#49 = 309.129
ROUND 2457 A#6 and B#49 = 566.172
ROUND 2458 A#7 and B#49 = 509.899
ROUND 2459 A#8 and B#49 = 422.045
ROUND 2460 A#9 and B#49 = 475.661
ROUND 2461 A#10 and B#49 = 332.164
ROUND 2462 A#11 and B#49 = 485.154
ROUND 2463 A#12 and B#49 = 477.886
ROUND 2464 A#13 and B#49 = 395.796
ROUND 2465 A#14 and B#49 = 537.248
ROUND 2466 A#15 and B#49 = 476.549
ROUND 2467 A#16 and B#49 = 388.714
ROUND 2468 A#17 and B#49 = 378.051
ROUND 2469 A#18 and B#49 = 407.474
ROUND 2470 A#19 and B#49 = 393.471
ROUND 2471 A#20 and B#49 = 448.084
ROUND 2472 A#21 and B#49 = 470.596
ROUND 2473 A#22 and B#49 = 456.564
ROUND 2474 A#23 and B#49 = 428.895
ROUND 2475 A#24 and B#49 = 506.484
ROUND 2476 A#25 and B#49 = 471.007
ROUND 2477 A#26 and B#49 = 381.51
ROUND 2478 A#27 and B#49 = 449.914
ROUND 2479 A#28 and B#49 = 404.108
ROUND 2480 A#29 and B#49 = 539.89
ROUND 2481 A#30 and B#49 = 501.231
ROUND 2482 A#31 and B#49 = 442.249
ROUND 2483 A#32 and B#49 = 375.561
ROUND 2484 A#33 and B#49 = 535.4
ROUND 2485 A#34 and B#49 = 387.961
ROUND 2486 A#35 and B#49 = 397.261
ROUND 2487 A#36 and B#49 = 390.538
ROUND 2488 A#37 and B#49 = 527.245
ROUND 2489 A#38 and B#49 = 485.545
ROUND 2490 A#39 and B#49 = 414.072
ROUND 2491 A#40 and B#49 = 515.613
ROUND 2492 A#41 and B#49 = 507.327
ROUND 2493 A#42 and B#49 = 422.604
ROUND 2494 A#43 and B#49 = 529.569
ROUND 2495 A#44 and B#49 = 452.789
ROUND 2496 A#45 and B#49 = 506.595
ROUND 2497 A#46 and B#49 = 560.5
ROUND 2498 A#47 and B#49 = 511.236
ROUND 2499 A#48 and B#49 = 544.165
ROUND 2500 A#49 and B#49 = 493.803

The best overlap is between conformer A#24 and B#13, which, after PCA followed by Steepest Descent, produces a volume overlap of 627.182
Tanimoto (Hodgkin) similarity index: 0.594875

Saving those best conformers to file...
WRITING MOLECULE TO FILE '../ALL_PAIRS_BQ123_AS_REFERENCE/ROKS3/BQ123-BQ788.mol2' (WILL OVERWRITE EXISTING FILE IF ANY)...
WRITING MOLECULE TO FILE '../ALL_PAIRS_BQ123_AS_REFERENCE/ROKS3/BQ123-BQ788.mol2'...
