Finished importing molecules
WARNING: LAPACK DSYEV() RETURNED NON-ZERO ERROR CODE 2
WARNING: LAPACK DSYEV() RETURNED NON-ZERO ERROR CODE 3
WARNING: LAPACK DSYEV() RETURNED NON-ZERO ERROR CODE 2
WARNING: LAPACK DSYEV() RETURNED NON-ZERO ERROR CODE 2
WARNING: LAPACK DSYEV() RETURNED NON-ZERO ERROR CODE 2
WARNING: LAPACK DSYEV() RETURNED NON-ZERO ERROR CODE 2
WARNING: LAPACK DSYEV() RETURNED NON-ZERO ERROR CODE 3
WARNING: LAPACK DSYEV() RETURNED NON-ZERO ERROR CODE 2
WARNING: LAPACK DSYEV() RETURNED NON-ZERO ERROR CODE 2
WARNING: LAPACK DSYEV() RETURNED NON-ZERO ERROR CODE 2
WARNING: LAPACK DSYEV() RETURNED NON-ZERO ERROR CODE 2
WARNING: LAPACK DSYEV() RETURNED NON-ZERO ERROR CODE 2
WARNING: LAPACK DSYEV() RETURNED NON-ZERO ERROR CODE 2
WARNING: LAPACK DSYEV() RETURNED NON-ZERO ERROR CODE 2
WARNING: LAPACK DSYEV() RETURNED NON-ZERO ERROR CODE 2
WARNING: LAPACK DSYEV() RETURNED NON-ZERO ERROR CODE 2
WARNING: LAPACK DSYEV() RETURNED NON-ZERO ERROR CODE 2
WARNING: LAPACK DSYEV() RETURNED NON-ZERO ERROR CODE 2
WARNING: LAPACK DSYEV() RETURNED NON-ZERO ERROR CODE 2
WARNING: LAPACK DSYEV() RETURNED NON-ZERO ERROR CODE 2
WARNING: LAPACK DSYEV() RETURNED NON-ZERO ERROR CODE 2
WARNING: LAPACK DSYEV() RETURNED NON-ZERO ERROR CODE 3
WARNING: LAPACK DSYEV() RETURNED NON-ZERO ERROR CODE 2
WARNING: LAPACK DSYEV() RETURNED NON-ZERO ERROR CODE 2
WARNING: LAPACK DSYEV() RETURNED NON-ZERO ERROR CODE 2
WARNING: LAPACK DSYEV() RETURNED NON-ZERO ERROR CODE 2
WARNING: LAPACK DSYEV() RETURNED NON-ZERO ERROR CODE 2
WARNING: LAPACK DSYEV() RETURNED NON-ZERO ERROR CODE 2
WARNING: LAPACK DSYEV() RETURNED NON-ZERO ERROR CODE 2
WARNING: LAPACK DSYEV() RETURNED NON-ZERO ERROR CODE 2
WARNING: LAPACK DSYEV() RETURNED NON-ZERO ERROR CODE 2
WARNING: LAPACK DSYEV() RETURNED NON-ZERO ERROR CODE 2
WARNING: LAPACK DSYEV() RETURNED NON-ZERO ERROR CODE 2
WARNING: LAPACK DSYEV() RETURNED NON-ZERO ERROR CODE 2
WARNING: LAPACK DSYEV() RETURNED NON-ZERO ERROR CODE 2
WARNING: LAPACK DSYEV() RETURNED NON-ZERO ERROR CODE 2
WARNING: LAPACK DSYEV() RETURNED NON-ZERO ERROR CODE 2
WARNING: LAPACK DSYEV() RETURNED NON-ZERO ERROR CODE 2
WARNING: LAPACK DSYEV() RETURNED NON-ZERO ERROR CODE 2
WARNING: LAPACK DSYEV() RETURNED NON-ZERO ERROR CODE 3
WARNING: LAPACK DSYEV() RETURNED NON-ZERO ERROR CODE 2
WARNING: LAPACK DSYEV() RETURNED NON-ZERO ERROR CODE 2
WARNING: LAPACK DSYEV() RETURNED NON-ZERO ERROR CODE 2
WARNING: LAPACK DSYEV() RETURNED NON-ZERO ERROR CODE 2
WARNING: LAPACK DSYEV() RETURNED NON-ZERO ERROR CODE 2
WARNING: LAPACK DSYEV() RETURNED NON-ZERO ERROR CODE 2
WARNING: LAPACK DSYEV() RETURNED NON-ZERO ERROR CODE 2
WARNING: LAPACK DSYEV() RETURNED NON-ZERO ERROR CODE 3
WARNING: LAPACK DSYEV() RETURNED NON-ZERO ERROR CODE 2
WARNING: LAPACK DSYEV() RETURNED NON-ZERO ERROR CODE 3
WARNING: LAPACK DSYEV() RETURNED NON-ZERO ERROR CODE 2
WARNING: LAPACK DSYEV() RETURNED NON-ZERO ERROR CODE 3
WARNING: LAPACK DSYEV() RETURNED NON-ZERO ERROR CODE 3
WARNING: LAPACK DSYEV() RETURNED NON-ZERO ERROR CODE 2
WARNING: LAPACK DSYEV() RETURNED NON-ZERO ERROR CODE 3
WARNING: LAPACK DSYEV() RETURNED NON-ZERO ERROR CODE 2
WARNING: LAPACK DSYEV() RETURNED NON-ZERO ERROR CODE 2
WARNING: LAPACK DSYEV() RETURNED NON-ZERO ERROR CODE 3
WARNING: LAPACK DSYEV() RETURNED NON-ZERO ERROR CODE 3
WARNING: LAPACK DSYEV() RETURNED NON-ZERO ERROR CODE 3
WARNING: LAPACK DSYEV() RETURNED NON-ZERO ERROR CODE 2
WARNING: LAPACK DSYEV() RETURNED NON-ZERO ERROR CODE 3
WARNING: LAPACK DSYEV() RETURNED NON-ZERO ERROR CODE 2
WARNING: LAPACK DSYEV() RETURNED NON-ZERO ERROR CODE 3
WARNING: LAPACK DSYEV() RETURNED NON-ZERO ERROR CODE 2
WARNING: LAPACK DSYEV() RETURNED NON-ZERO ERROR CODE 2
WARNING: LAPACK DSYEV() RETURNED NON-ZERO ERROR CODE 3
WARNING: LAPACK DSYEV() RETURNED NON-ZERO ERROR CODE 2
WARNING: LAPACK DSYEV() RETURNED NON-ZERO ERROR CODE 2
WARNING: LAPACK DSYEV() RETURNED NON-ZERO ERROR CODE 3
WARNING: LAPACK DSYEV() RETURNED NON-ZERO ERROR CODE 2
WARNING: LAPACK DSYEV() RETURNED NON-ZERO ERROR CODE 3
WARNING: LAPACK DSYEV() RETURNED NON-ZERO ERROR CODE 3
WARNING: LAPACK DSYEV() RETURNED NON-ZERO ERROR CODE 3
WARNING: LAPACK DSYEV() RETURNED NON-ZERO ERROR CODE 3
WARNING: LAPACK DSYEV() RETURNED NON-ZERO ERROR CODE 3
WARNING: LAPACK DSYEV() RETURNED NON-ZERO ERROR CODE 2
WARNING: LAPACK DSYEV() RETURNED NON-ZERO ERROR CODE 3
WARNING: LAPACK DSYEV() RETURNED NON-ZERO ERROR CODE 3
WARNING: LAPACK DSYEV() RETURNED NON-ZERO ERROR CODE 3
WARNING: LAPACK DSYEV() RETURNED NON-ZERO ERROR CODE 2
WARNING: LAPACK DSYEV() RETURNED NON-ZERO ERROR CODE 3
WARNING: LAPACK DSYEV() RETURNED NON-ZERO ERROR CODE 2
WARNING: LAPACK DSYEV() RETURNED NON-ZERO ERROR CODE 3
WARNING: LAPACK DSYEV() RETURNED NON-ZERO ERROR CODE 2
WARNING: LAPACK DSYEV() RETURNED NON-ZERO ERROR CODE 3
WARNING: LAPACK DSYEV() RETURNED NON-ZERO ERROR CODE 3
WARNING: LAPACK DSYEV() RETURNED NON-ZERO ERROR CODE 2
WARNING: LAPACK DSYEV() RETURNED NON-ZERO ERROR CODE 2
WARNING: LAPACK DSYEV() RETURNED NON-ZERO ERROR CODE 3
WARNING: LAPACK DSYEV() RETURNED NON-ZERO ERROR CODE 3
WARNING: LAPACK DSYEV() RETURNED NON-ZERO ERROR CODE 3
WARNING: LAPACK DSYEV() RETURNED NON-ZERO ERROR CODE 3
WARNING: LAPACK DSYEV() RETURNED NON-ZERO ERROR CODE 3
WARNING: LAPACK DSYEV() RETURNED NON-ZERO ERROR CODE 2
WARNING: LAPACK DSYEV() RETURNED NON-ZERO ERROR CODE 2
WARNING: LAPACK DSYEV() RETURNED NON-ZERO ERROR CODE 2
WARNING: LAPACK DSYEV() RETURNED NON-ZERO ERROR CODE 2
WARNING: LAPACK DSYEV() RETURNED NON-ZERO ERROR CODE 2
WARNING: LAPACK DSYEV() RETURNED NON-ZERO ERROR CODE 3
Finished setting up data; running search...
ROUND 1 A#0 and B#0 = 262.999
ROUND 2 A#1 and B#0 = 208.382
ROUND 3 A#2 and B#0 = 192.966
ROUND 4 A#3 and B#0 = 87.2576
ROUND 5 A#4 and B#0 = 233.831
ROUND 6 A#5 and B#0 = 233.31
ROUND 7 A#6 and B#0 = 208.135
ROUND 8 A#7 and B#0 = 82.9852
ROUND 9 A#8 and B#0 = 206.176
ROUND 10 A#9 and B#0 = 182.992
ROUND 11 A#10 and B#0 = 196.236
ROUND 12 A#11 and B#0 = 223.303
ROUND 13 A#12 and B#0 = 218.471
ROUND 14 A#13 and B#0 = 212.768
ROUND 15 A#14 and B#0 = 195.571
ROUND 16 A#15 and B#0 = 197.955
ROUND 17 A#16 and B#0 = 213.359
ROUND 18 A#17 and B#0 = 212.763
ROUND 19 A#18 and B#0 = 224.36
ROUND 20 A#19 and B#0 = 213.447
ROUND 21 A#20 and B#0 = 243.737
ROUND 22 A#21 and B#0 = 195.113
ROUND 23 A#22 and B#0 = 215.126
ROUND 24 A#23 and B#0 = 222.099
ROUND 25 A#24 and B#0 = 224.32
ROUND 26 A#25 and B#0 = 228.724
ROUND 27 A#26 and B#0 = 119
ROUND 28 A#27 and B#0 = 224.262
ROUND 29 A#28 and B#0 = 190.804
ROUND 30 A#29 and B#0 = 202.645
ROUND 31 A#30 and B#0 = 256.661
ROUND 32 A#31 and B#0 = 223.83
ROUND 33 A#32 and B#0 = 241.192
ROUND 34 A#33 and B#0 = 75.1734
ROUND 35 A#34 and B#0 = 179.325
ROUND 36 A#35 and B#0 = 200.572
ROUND 37 A#36 and B#0 = 195.729
ROUND 38 A#37 and B#0 = 209.326
ROUND 39 A#38 and B#0 = 210.565
ROUND 40 A#39 and B#0 = 181.504
ROUND 41 A#40 and B#0 = 233.474
ROUND 42 A#41 and B#0 = 240.403
ROUND 43 A#42 and B#0 = 217.964
ROUND 44 A#43 and B#0 = 229.035
ROUND 45 A#44 and B#0 = 183.445
ROUND 46 A#45 and B#0 = 202.019
ROUND 47 A#46 and B#0 = 189.146
ROUND 48 A#47 and B#0 = 216.687
ROUND 49 A#48 and B#0 = 199.796
ROUND 50 A#49 and B#0 = 196.105
ROUND 51 A#0 and B#1 = 222.894
ROUND 52 A#1 and B#1 = 158.648
ROUND 53 A#2 and B#1 = 243.054
ROUND 54 A#3 and B#1 = 170.409
ROUND 55 A#4 and B#1 = 222.28
ROUND 56 A#5 and B#1 = 229.948
ROUND 57 A#6 and B#1 = 179.616
ROUND 58 A#7 and B#1 = 210.992
ROUND 59 A#8 and B#1 = 249.6
ROUND 60 A#9 and B#1 = 218.297
ROUND 61 A#10 and B#1 = 224.799
ROUND 62 A#11 and B#1 = 217.202
ROUND 63 A#12 and B#1 = 51.0949
ROUND 64 A#13 and B#1 = 191.254
ROUND 65 A#14 and B#1 = 206.501
ROUND 66 A#15 and B#1 = 159.768
ROUND 67 A#16 and B#1 = 113.277
ROUND 68 A#17 and B#1 = 241.329
ROUND 69 A#18 and B#1 = 183.361
ROUND 70 A#19 and B#1 = 243.357
ROUND 71 A#20 and B#1 = 228.011
ROUND 72 A#21 and B#1 = 204.167
ROUND 73 A#22 and B#1 = 218.522
ROUND 74 A#23 and B#1 = 243.327
ROUND 75 A#24 and B#1 = 232.286
ROUND 76 A#25 and B#1 = 168.22
ROUND 77 A#26 and B#1 = 243.216
ROUND 78 A#27 and B#1 = 228.898
ROUND 79 A#28 and B#1 = 203.51
ROUND 80 A#29 and B#1 = 81.9249
ROUND 81 A#30 and B#1 = 220.322
ROUND 82 A#31 and B#1 = 241.909
ROUND 83 A#32 and B#1 = 167.111
ROUND 84 A#33 and B#1 = 87.1074
ROUND 85 A#34 and B#1 = 190.325
ROUND 86 A#35 and B#1 = 197.183
ROUND 87 A#36 and B#1 = 175.539
ROUND 88 A#37 and B#1 = 101.03
ROUND 89 A#38 and B#1 = 152.659
ROUND 90 A#39 and B#1 = 114.236
ROUND 91 A#40 and B#1 = 206.943
ROUND 92 A#41 and B#1 = 72.9161
ROUND 93 A#42 and B#1 = 129.228
ROUND 94 A#43 and B#1 = 111.637
ROUND 95 A#44 and B#1 = 188.709
ROUND 96 A#45 and B#1 = 191.761
ROUND 97 A#46 and B#1 = 85.8245
ROUND 98 A#47 and B#1 = 200.777
ROUND 99 A#48 and B#1 = 166.567
ROUND 100 A#49 and B#1 = 203.662
ROUND 101 A#0 and B#2 = 232.766
ROUND 102 A#1 and B#2 = 156.966
ROUND 103 A#2 and B#2 = 242.951
ROUND 104 A#3 and B#2 = 170.755
ROUND 105 A#4 and B#2 = 220.839
ROUND 106 A#5 and B#2 = 229.719
ROUND 107 A#6 and B#2 = 179.641
ROUND 108 A#7 and B#2 = 209.834
ROUND 109 A#8 and B#2 = 248.727
ROUND 110 A#9 and B#2 = 172.394
ROUND 111 A#10 and B#2 = 224.706
ROUND 112 A#11 and B#2 = 216.655
ROUND 113 A#12 and B#2 = 52.3913
ROUND 114 A#13 and B#2 = 192.086
ROUND 115 A#14 and B#2 = 179.225
ROUND 116 A#15 and B#2 = 158.091
ROUND 117 A#16 and B#2 = 113.628
ROUND 118 A#17 and B#2 = 241.202
ROUND 119 A#18 and B#2 = 197.702
ROUND 120 A#19 and B#2 = 243.288
ROUND 121 A#20 and B#2 = 223.872
ROUND 122 A#21 and B#2 = 207.037
ROUND 123 A#22 and B#2 = 218.739
ROUND 124 A#23 and B#2 = 199.476
ROUND 125 A#24 and B#2 = 231.547
ROUND 126 A#25 and B#2 = 169.715
ROUND 127 A#26 and B#2 = 243.491
ROUND 128 A#27 and B#2 = 228.937
ROUND 129 A#28 and B#2 = 203.044
ROUND 130 A#29 and B#2 = 201.816
ROUND 131 A#30 and B#2 = 219.688
ROUND 132 A#31 and B#2 = 241.487
ROUND 133 A#32 and B#2 = 166.7
ROUND 134 A#33 and B#2 = 88.538
ROUND 135 A#34 and B#2 = 190.482
ROUND 136 A#35 and B#2 = 198.461
ROUND 137 A#36 and B#2 = 172.537
ROUND 138 A#37 and B#2 = 102.586
ROUND 139 A#38 and B#2 = 152.088
ROUND 140 A#39 and B#2 = 114.069
ROUND 141 A#40 and B#2 = 218.251
ROUND 142 A#41 and B#2 = 224.402
ROUND 143 A#42 and B#2 = 135.931
ROUND 144 A#43 and B#2 = 153.948
ROUND 145 A#44 and B#2 = 188.52
ROUND 146 A#45 and B#2 = 193.038
ROUND 147 A#46 and B#2 = 87.4379
ROUND 148 A#47 and B#2 = 200.834
ROUND 149 A#48 and B#2 = 166.377
ROUND 150 A#49 and B#2 = 204.076
ROUND 151 A#0 and B#3 = 231.339
ROUND 152 A#1 and B#3 = 224.084
ROUND 153 A#2 and B#3 = 185.291
ROUND 154 A#3 and B#3 = 75.7511
ROUND 155 A#4 and B#3 = 220.177
ROUND 156 A#5 and B#3 = 220.507
ROUND 157 A#6 and B#3 = 211.605
ROUND 158 A#7 and B#3 = 210.316
ROUND 159 A#8 and B#3 = 196.754
ROUND 160 A#9 and B#3 = 198.199
ROUND 161 A#10 and B#3 = 219.915
ROUND 162 A#11 and B#3 = 210.336
ROUND 163 A#12 and B#3 = 185.623
ROUND 164 A#13 and B#3 = 239.602
ROUND 165 A#14 and B#3 = 170.704
ROUND 166 A#15 and B#3 = 238.436
ROUND 167 A#16 and B#3 = 240.396
ROUND 168 A#17 and B#3 = 188.556
ROUND 169 A#18 and B#3 = 199.116
ROUND 170 A#19 and B#3 = 197.472
ROUND 171 A#20 and B#3 = 221.798
ROUND 172 A#21 and B#3 = 224.379
ROUND 173 A#22 and B#3 = 197.07
ROUND 174 A#23 and B#3 = 241.083
ROUND 175 A#24 and B#3 = 197.085
ROUND 176 A#25 and B#3 = 192.527
ROUND 177 A#26 and B#3 = 238.634
ROUND 178 A#27 and B#3 = 143.803
ROUND 179 A#28 and B#3 = 220.62
ROUND 180 A#29 and B#3 = 199.655
ROUND 181 A#30 and B#3 = 235.546
ROUND 182 A#31 and B#3 = 220.065
ROUND 183 A#32 and B#3 = 224.366
ROUND 184 A#33 and B#3 = 223.463
ROUND 185 A#34 and B#3 = 151.164
ROUND 186 A#35 and B#3 = 211.038
ROUND 187 A#36 and B#3 = 219.686
ROUND 188 A#37 and B#3 = 221.067
ROUND 189 A#38 and B#3 = 208.826
ROUND 190 A#39 and B#3 = 238.687
ROUND 191 A#40 and B#3 = 227.385
ROUND 192 A#41 and B#3 = 222.921
ROUND 193 A#42 and B#3 = 239.124
ROUND 194 A#43 and B#3 = 219.789
ROUND 195 A#44 and B#3 = 223.205
ROUND 196 A#45 and B#3 = 222.831
ROUND 197 A#46 and B#3 = 150.468
ROUND 198 A#47 and B#3 = 214.054
ROUND 199 A#48 and B#3 = 164.059
ROUND 200 A#49 and B#3 = 210.872
ROUND 201 A#0 and B#4 = 242.085
ROUND 202 A#1 and B#4 = 244.317
ROUND 203 A#2 and B#4 = 222.595
ROUND 204 A#3 and B#4 = 234.127
ROUND 205 A#4 and B#4 = 246.966
ROUND 206 A#5 and B#4 = 227.149
ROUND 207 A#6 and B#4 = 224.986
ROUND 208 A#7 and B#4 = 201.249
ROUND 209 A#8 and B#4 = 74.3243
ROUND 210 A#9 and B#4 = 203.93
ROUND 211 A#10 and B#4 = 224.147
ROUND 212 A#11 and B#4 = 208
ROUND 213 A#12 and B#4 = 75.2834
ROUND 214 A#13 and B#4 = 217.815
ROUND 215 A#14 and B#4 = 217.689
ROUND 216 A#15 and B#4 = 203.513
ROUND 217 A#16 and B#4 = 197.864
ROUND 218 A#17 and B#4 = 240.732
ROUND 219 A#18 and B#4 = 211.176
ROUND 220 A#19 and B#4 = 203.461
ROUND 221 A#20 and B#4 = 228.554
ROUND 222 A#21 and B#4 = 168.871
ROUND 223 A#22 and B#4 = 217.34
ROUND 224 A#23 and B#4 = 134.144
ROUND 225 A#24 and B#4 = 241.202
ROUND 226 A#25 and B#4 = 218.112
ROUND 227 A#26 and B#4 = 200.977
ROUND 228 A#27 and B#4 = 225.571
ROUND 229 A#28 and B#4 = 201.765
ROUND 230 A#29 and B#4 = 235.36
ROUND 231 A#30 and B#4 = 217.666
ROUND 232 A#31 and B#4 = 240.083
ROUND 233 A#32 and B#4 = 196.602
ROUND 234 A#33 and B#4 = 109.706
ROUND 235 A#34 and B#4 = 226.23
ROUND 236 A#35 and B#4 = 228.487
ROUND 237 A#36 and B#4 = 206.704
ROUND 238 A#37 and B#4 = 119.166
ROUND 239 A#38 and B#4 = 228.177
ROUND 240 A#39 and B#4 = 227.95
ROUND 241 A#40 and B#4 = 211.521
ROUND 242 A#41 and B#4 = 195.364
ROUND 243 A#42 and B#4 = 212.596
ROUND 244 A#43 and B#4 = 211.769
ROUND 245 A#44 and B#4 = 201.581
ROUND 246 A#45 and B#4 = 205.124
ROUND 247 A#46 and B#4 = 108.379
ROUND 248 A#47 and B#4 = 212.6
ROUND 249 A#48 and B#4 = 213.334
ROUND 250 A#49 and B#4 = 243.902
ROUND 251 A#0 and B#5 = 231.94
ROUND 252 A#1 and B#5 = 172.827
ROUND 253 A#2 and B#5 = 184.893
ROUND 254 A#3 and B#5 = 191.501
ROUND 255 A#4 and B#5 = 219.375
ROUND 256 A#5 and B#5 = 200.713
ROUND 257 A#6 and B#5 = 211.546
ROUND 258 A#7 and B#5 = 218.522
ROUND 259 A#8 and B#5 = 210.804
ROUND 260 A#9 and B#5 = 197.989
ROUND 261 A#10 and B#5 = 218.099
ROUND 262 A#11 and B#5 = 241.601
ROUND 263 A#12 and B#5 = 198.98
ROUND 264 A#13 and B#5 = 181.074
ROUND 265 A#14 and B#5 = 207.444
ROUND 266 A#15 and B#5 = 237.943
ROUND 267 A#16 and B#5 = 240.344
ROUND 268 A#17 and B#5 = 242.92
ROUND 269 A#18 and B#5 = 205.256
ROUND 270 A#19 and B#5 = 197.469
ROUND 271 A#20 and B#5 = 222.108
ROUND 272 A#21 and B#5 = 222.445
ROUND 273 A#22 and B#5 = 228.459
ROUND 274 A#23 and B#5 = 242.077
ROUND 275 A#24 and B#5 = 124.316
ROUND 276 A#25 and B#5 = 217.826
ROUND 277 A#26 and B#5 = 240.436
ROUND 278 A#27 and B#5 = 142.633
ROUND 279 A#28 and B#5 = 188.256
ROUND 280 A#29 and B#5 = 199.06
ROUND 281 A#30 and B#5 = 238.646
ROUND 282 A#31 and B#5 = 160.222
ROUND 283 A#32 and B#5 = 223.554
ROUND 284 A#33 and B#5 = 222.827
ROUND 285 A#34 and B#5 = 239.441
ROUND 286 A#35 and B#5 = 242.993
ROUND 287 A#36 and B#5 = 195.19
ROUND 288 A#37 and B#5 = 203.158
ROUND 289 A#38 and B#5 = 154.425
ROUND 290 A#39 and B#5 = 52.8569
ROUND 291 A#40 and B#5 = 194.092
ROUND 292 A#41 and B#5 = 223.014
ROUND 293 A#42 and B#5 = 170.333
ROUND 294 A#43 and B#5 = 219.841
ROUND 295 A#44 and B#5 = 103.205
ROUND 296 A#45 and B#5 = 220.631
ROUND 297 A#46 and B#5 = 150.879
ROUND 298 A#47 and B#5 = 213.986
ROUND 299 A#48 and B#5 = 38.545
ROUND 300 A#49 and B#5 = 210.757
ROUND 301 A#0 and B#6 = 231.543
ROUND 302 A#1 and B#6 = 188.523
ROUND 303 A#2 and B#6 = 222.25
ROUND 304 A#3 and B#6 = 109.874
ROUND 305 A#4 and B#6 = 182.208
ROUND 306 A#5 and B#6 = 2.23003
ROUND 307 A#6 and B#6 = 210.602
ROUND 308 A#7 and B#6 = 209.433
ROUND 309 A#8 and B#6 = 209.052
ROUND 310 A#9 and B#6 = 215.734
ROUND 311 A#10 and B#6 = 190.384
ROUND 312 A#11 and B#6 = 199.932
ROUND 313 A#12 and B#6 = 228.007
ROUND 314 A#13 and B#6 = 207.708
ROUND 315 A#14 and B#6 = 227.226
ROUND 316 A#15 and B#6 = 197.127
ROUND 317 A#16 and B#6 = 206.032
ROUND 318 A#17 and B#6 = 223.412
ROUND 319 A#18 and B#6 = 232.921
ROUND 320 A#19 and B#6 = 215.541
ROUND 321 A#20 and B#6 = 211.489
ROUND 322 A#21 and B#6 = 51.2933
ROUND 323 A#22 and B#6 = 228.644
ROUND 324 A#23 and B#6 = 196.52
ROUND 325 A#24 and B#6 = 27.7204
ROUND 326 A#25 and B#6 = 139.066
ROUND 327 A#26 and B#6 = 210.836
ROUND 328 A#27 and B#6 = 197.633
ROUND 329 A#28 and B#6 = 173.091
ROUND 330 A#29 and B#6 = 225.382
ROUND 331 A#30 and B#6 = 61.2958
ROUND 332 A#31 and B#6 = 207.833
ROUND 333 A#32 and B#6 = 208.604
ROUND 334 A#33 and B#6 = 218.105
ROUND 335 A#34 and B#6 = 216.494
ROUND 336 A#35 and B#6 = 199.034
ROUND 337 A#36 and B#6 = 220.816
ROUND 338 A#37 and B#6 = 216.539
ROUND 339 A#38 and B#6 = 146.66
ROUND 340 A#39 and B#6 = 203.49
ROUND 341 A#40 and B#6 = 222.592
ROUND 342 A#41 and B#6 = 207.301
ROUND 343 A#42 and B#6 = 246.674
ROUND 344 A#43 and B#6 = 222.729
ROUND 345 A#44 and B#6 = 228.255
ROUND 346 A#45 and B#6 = 227.972
ROUND 347 A#46 and B#6 = 214.316
ROUND 348 A#47 and B#6 = 244.848
ROUND 349 A#48 and B#6 = 212.362
ROUND 350 A#49 and B#6 = 66.6096
ROUND 351 A#0 and B#7 = 223.076
ROUND 352 A#1 and B#7 = 155.517
ROUND 353 A#2 and B#7 = 243.134
ROUND 354 A#3 and B#7 = 170.45
ROUND 355 A#4 and B#7 = 224.311
ROUND 356 A#5 and B#7 = 229.963
ROUND 357 A#6 and B#7 = 179.655
ROUND 358 A#7 and B#7 = 210.366
ROUND 359 A#8 and B#7 = 250.183
ROUND 360 A#9 and B#7 = 218.023
ROUND 361 A#10 and B#7 = 224.616
ROUND 362 A#11 and B#7 = 216.317
ROUND 363 A#12 and B#7 = 51.6439
ROUND 364 A#13 and B#7 = 191.727
ROUND 365 A#14 and B#7 = 206.555
ROUND 366 A#15 and B#7 = 227.31
ROUND 367 A#16 and B#7 = 113.005
ROUND 368 A#17 and B#7 = 241.41
ROUND 369 A#18 and B#7 = 183.863
ROUND 370 A#19 and B#7 = 243.533
ROUND 371 A#20 and B#7 = 227.788
ROUND 372 A#21 and B#7 = 204.315
ROUND 373 A#22 and B#7 = 218.54
ROUND 374 A#23 and B#7 = 115.983
ROUND 375 A#24 and B#7 = 232.121
ROUND 376 A#25 and B#7 = 168.192
ROUND 377 A#26 and B#7 = 243.264
ROUND 378 A#27 and B#7 = 227.379
ROUND 379 A#28 and B#7 = 203.517
ROUND 380 A#29 and B#7 = 79.6404
ROUND 381 A#30 and B#7 = 220.335
ROUND 382 A#31 and B#7 = 241.898
ROUND 383 A#32 and B#7 = 166.781
ROUND 384 A#33 and B#7 = 84.887
ROUND 385 A#34 and B#7 = 190.123
ROUND 386 A#35 and B#7 = 196.654
ROUND 387 A#36 and B#7 = 174.757
ROUND 388 A#37 and B#7 = 103.374
ROUND 389 A#38 and B#7 = 151.936
ROUND 390 A#39 and B#7 = 112.864
ROUND 391 A#40 and B#7 = 206.776
ROUND 392 A#41 and B#7 = 71.5598
ROUND 393 A#42 and B#7 = 128.264
ROUND 394 A#43 and B#7 = 209.277
ROUND 395 A#44 and B#7 = 188.662
ROUND 396 A#45 and B#7 = 191.036
ROUND 397 A#46 and B#7 = 83.2898
ROUND 398 A#47 and B#7 = 200.416
ROUND 399 A#48 and B#7 = 165.563
ROUND 400 A#49 and B#7 = 203.233
ROUND 401 A#0 and B#8 = 243.866
ROUND 402 A#1 and B#8 = 193.067
ROUND 403 A#2 and B#8 = 211.794
ROUND 404 A#3 and B#8 = 218.898
ROUND 405 A#4 and B#8 = 213.707
ROUND 406 A#5 and B#8 = 213.459
ROUND 407 A#6 and B#8 = 55.4729
ROUND 408 A#7 and B#8 = 212.286
ROUND 409 A#8 and B#8 = 241.208
ROUND 410 A#9 and B#8 = 191.134
ROUND 411 A#10 and B#8 = 198.062
ROUND 412 A#11 and B#8 = 182.609
ROUND 413 A#12 and B#8 = 64.7787
ROUND 414 A#13 and B#8 = 200.565
ROUND 415 A#14 and B#8 = 233.812
ROUND 416 A#15 and B#8 = 220.883
ROUND 417 A#16 and B#8 = 240.633
ROUND 418 A#17 and B#8 = 232.005
ROUND 419 A#18 and B#8 = 178.835
ROUND 420 A#19 and B#8 = 190.686
ROUND 421 A#20 and B#8 = 184.691
ROUND 422 A#21 and B#8 = 182.453
ROUND 423 A#22 and B#8 = 227.19
ROUND 424 A#23 and B#8 = 189.033
ROUND 425 A#24 and B#8 = 211.862
ROUND 426 A#25 and B#8 = 187.782
ROUND 427 A#26 and B#8 = 185.446
ROUND 428 A#27 and B#8 = 212.579
ROUND 429 A#28 and B#8 = 180.586
ROUND 430 A#29 and B#8 = 227.58
ROUND 431 A#30 and B#8 = 180.239
ROUND 432 A#31 and B#8 = 200.11
ROUND 433 A#32 and B#8 = 190.977
ROUND 434 A#33 and B#8 = 176.808
ROUND 435 A#34 and B#8 = 214.738
ROUND 436 A#35 and B#8 = 214.656
ROUND 437 A#36 and B#8 = 194.862
ROUND 438 A#37 and B#8 = 239.356
ROUND 439 A#38 and B#8 = 190.889
ROUND 440 A#39 and B#8 = 220.914
ROUND 441 A#40 and B#8 = 206.775
ROUND 442 A#41 and B#8 = 224.818
ROUND 443 A#42 and B#8 = 227.989
ROUND 444 A#43 and B#8 = 188.805
ROUND 445 A#44 and B#8 = 218.509
ROUND 446 A#45 and B#8 = 221.584
ROUND 447 A#46 and B#8 = 177.841
ROUND 448 A#47 and B#8 = 57.8397
ROUND 449 A#48 and B#8 = 191.168
ROUND 450 A#49 and B#8 = 221.398
ROUND 451 A#0 and B#9 = 243.734
ROUND 452 A#1 and B#9 = 189.662
ROUND 453 A#2 and B#9 = 221.218
ROUND 454 A#3 and B#9 = 217.24
ROUND 455 A#4 and B#9 = 213.552
ROUND 456 A#5 and B#9 = 213.249
ROUND 457 A#6 and B#9 = 51.1091
ROUND 458 A#7 and B#9 = 211.872
ROUND 459 A#8 and B#9 = 241.791
ROUND 460 A#9 and B#9 = 192.28
ROUND 461 A#10 and B#9 = 196.611
ROUND 462 A#11 and B#9 = 182.08
ROUND 463 A#12 and B#9 = 68.7045
ROUND 464 A#13 and B#9 = 214.492
ROUND 465 A#14 and B#9 = 233.753
ROUND 466 A#15 and B#9 = 221.318
ROUND 467 A#16 and B#9 = 240.195
ROUND 468 A#17 and B#9 = 232.523
ROUND 469 A#18 and B#9 = 179.101
ROUND 470 A#19 and B#9 = 191.593
ROUND 471 A#20 and B#9 = 184.519
ROUND 472 A#21 and B#9 = 182.717
ROUND 473 A#22 and B#9 = 226.373
ROUND 474 A#23 and B#9 = 186.895
ROUND 475 A#24 and B#9 = 211.853
ROUND 476 A#25 and B#9 = 189.914
ROUND 477 A#26 and B#9 = 185.86
ROUND 478 A#27 and B#9 = 197.396
ROUND 479 A#28 and B#9 = 247.18
ROUND 480 A#29 and B#9 = 227.191
ROUND 481 A#30 and B#9 = 180.122
ROUND 482 A#31 and B#9 = 200.865
ROUND 483 A#32 and B#9 = 192.521
ROUND 484 A#33 and B#9 = 219.698
ROUND 485 A#34 and B#9 = 214.642
ROUND 486 A#35 and B#9 = 221.398
ROUND 487 A#36 and B#9 = 188.968
ROUND 488 A#37 and B#9 = 67.0866
ROUND 489 A#38 and B#9 = 190.536
ROUND 490 A#39 and B#9 = 195.833
ROUND 491 A#40 and B#9 = 206.619
ROUND 492 A#41 and B#9 = 222.357
ROUND 493 A#42 and B#9 = 180.133
ROUND 494 A#43 and B#9 = 186.343
ROUND 495 A#44 and B#9 = 218.518
ROUND 496 A#45 and B#9 = 235.694
ROUND 497 A#46 and B#9 = 177.886
ROUND 498 A#47 and B#9 = 63.4997
ROUND 499 A#48 and B#9 = 189.547
ROUND 500 A#49 and B#9 = 221.414
ROUND 501 A#0 and B#10 = 235.154
ROUND 502 A#1 and B#10 = 224.096
ROUND 503 A#2 and B#10 = 185.32
ROUND 504 A#3 and B#10 = 192.259
ROUND 505 A#4 and B#10 = 220.083
ROUND 506 A#5 and B#10 = 220.393
ROUND 507 A#6 and B#10 = 211.637
ROUND 508 A#7 and B#10 = 210.528
ROUND 509 A#8 and B#10 = 196.36
ROUND 510 A#9 and B#10 = 197.866
ROUND 511 A#10 and B#10 = 220.019
ROUND 512 A#11 and B#10 = 210.208
ROUND 513 A#12 and B#10 = 185.428
ROUND 514 A#13 and B#10 = 239.54
ROUND 515 A#14 and B#10 = 220.541
ROUND 516 A#15 and B#10 = 238.743
ROUND 517 A#16 and B#10 = 240.405
ROUND 518 A#17 and B#10 = 188.202
ROUND 519 A#18 and B#10 = 198.706
ROUND 520 A#19 and B#10 = 197.74
ROUND 521 A#20 and B#10 = 221.747
ROUND 522 A#21 and B#10 = 230.261
ROUND 523 A#22 and B#10 = 214.323
ROUND 524 A#23 and B#10 = 241.25
ROUND 525 A#24 and B#10 = 197.015
ROUND 526 A#25 and B#10 = 192.316
ROUND 527 A#26 and B#10 = 238.177
ROUND 528 A#27 and B#10 = 143.4
ROUND 529 A#28 and B#10 = 220.571
ROUND 530 A#29 and B#10 = 199.222
ROUND 531 A#30 and B#10 = 224.402
ROUND 532 A#31 and B#10 = 220.401
ROUND 533 A#32 and B#10 = 224.478
ROUND 534 A#33 and B#10 = 223.618
ROUND 535 A#34 and B#10 = 151.667
ROUND 536 A#35 and B#10 = 239.587
ROUND 537 A#36 and B#10 = 170.14
ROUND 538 A#37 and B#10 = 219.744
ROUND 539 A#38 and B#10 = 208.437
ROUND 540 A#39 and B#10 = 238.76
ROUND 541 A#40 and B#10 = 218.776
ROUND 542 A#41 and B#10 = 223.04
ROUND 543 A#42 and B#10 = 238.839
ROUND 544 A#43 and B#10 = 219.953
ROUND 545 A#44 and B#10 = 223.325
ROUND 546 A#45 and B#10 = 223.099
ROUND 547 A#46 and B#10 = 150.392
ROUND 548 A#47 and B#10 = 214.24
ROUND 549 A#48 and B#10 = 179.659
ROUND 550 A#49 and B#10 = 210.967
ROUND 551 A#0 and B#11 = 232.306
ROUND 552 A#1 and B#11 = 157.191
ROUND 553 A#2 and B#11 = 243.092
ROUND 554 A#3 and B#11 = 170.924
ROUND 555 A#4 and B#11 = 220.82
ROUND 556 A#5 and B#11 = 229.528
ROUND 557 A#6 and B#11 = 179.597
ROUND 558 A#7 and B#11 = 210.147
ROUND 559 A#8 and B#11 = 249.57
ROUND 560 A#9 and B#11 = 172.874
ROUND 561 A#10 and B#11 = 224.77
ROUND 562 A#11 and B#11 = 217.086
ROUND 563 A#12 and B#11 = 52.3566
ROUND 564 A#13 and B#11 = 191.209
ROUND 565 A#14 and B#11 = 179.394
ROUND 566 A#15 and B#11 = 158.002
ROUND 567 A#16 and B#11 = 115.503
ROUND 568 A#17 and B#11 = 241.292
ROUND 569 A#18 and B#11 = 197.553
ROUND 570 A#19 and B#11 = 243.3
ROUND 571 A#20 and B#11 = 223.742
ROUND 572 A#21 and B#11 = 207.641
ROUND 573 A#22 and B#11 = 218.601
ROUND 574 A#23 and B#11 = 199.365
ROUND 575 A#24 and B#11 = 232.547
ROUND 576 A#25 and B#11 = 169.802
ROUND 577 A#26 and B#11 = 243.543
ROUND 578 A#27 and B#11 = 229.484
ROUND 579 A#28 and B#11 = 203.24
ROUND 580 A#29 and B#11 = 201.701
ROUND 581 A#30 and B#11 = 219.869
ROUND 582 A#31 and B#11 = 241.471
ROUND 583 A#32 and B#11 = 167.08
ROUND 584 A#33 and B#11 = 90.7067
ROUND 585 A#34 and B#11 = 190.572
ROUND 586 A#35 and B#11 = 198.707
ROUND 587 A#36 and B#11 = 172.539
ROUND 588 A#37 and B#11 = 104.449
ROUND 589 A#38 and B#11 = 153.788
ROUND 590 A#39 and B#11 = 115.789
ROUND 591 A#40 and B#11 = 218.197
ROUND 592 A#41 and B#11 = 224.53
ROUND 593 A#42 and B#11 = 136.001
ROUND 594 A#43 and B#11 = 154.527
ROUND 595 A#44 and B#11 = 188.297
ROUND 596 A#45 and B#11 = 193.526
ROUND 597 A#46 and B#11 = 89.0596
ROUND 598 A#47 and B#11 = 200.762
ROUND 599 A#48 and B#11 = 166.649
ROUND 600 A#49 and B#11 = 203.924
ROUND 601 A#0 and B#12 = 217.205
ROUND 602 A#1 and B#12 = 212.541
ROUND 603 A#2 and B#12 = 220.738
ROUND 604 A#3 and B#12 = 30.1139
ROUND 605 A#4 and B#12 = 223.066
ROUND 606 A#5 and B#12 = 211.089
ROUND 607 A#6 and B#12 = 223.443
ROUND 608 A#7 and B#12 = 197.134
ROUND 609 A#8 and B#12 = 218.188
ROUND 610 A#9 and B#12 = 209.767
ROUND 611 A#10 and B#12 = 198.336
ROUND 612 A#11 and B#12 = 214.144
ROUND 613 A#12 and B#12 = 180.481
ROUND 614 A#13 and B#12 = 219.688
ROUND 615 A#14 and B#12 = 219.647
ROUND 616 A#15 and B#12 = 197.055
ROUND 617 A#16 and B#12 = 219.324
ROUND 618 A#17 and B#12 = 239.153
ROUND 619 A#18 and B#12 = 205.377
ROUND 620 A#19 and B#12 = 218.646
ROUND 621 A#20 and B#12 = 220.53
ROUND 622 A#21 and B#12 = 216.087
ROUND 623 A#22 and B#12 = 46.9489
ROUND 624 A#23 and B#12 = 220.577
ROUND 625 A#24 and B#12 = 197.221
ROUND 626 A#25 and B#12 = 196.676
ROUND 627 A#26 and B#12 = 241.233
ROUND 628 A#27 and B#12 = 197.875
ROUND 629 A#28 and B#12 = 58.7244
ROUND 630 A#29 and B#12 = 230.264
ROUND 631 A#30 and B#12 = 184.684
ROUND 632 A#31 and B#12 = 186.861
ROUND 633 A#32 and B#12 = 171.031
ROUND 634 A#33 and B#12 = 209.737
ROUND 635 A#34 and B#12 = 239.803
ROUND 636 A#35 and B#12 = 240.341
ROUND 637 A#36 and B#12 = 219.983
ROUND 638 A#37 and B#12 = 59.7577
ROUND 639 A#38 and B#12 = 182.364
ROUND 640 A#39 and B#12 = 223.414
ROUND 641 A#40 and B#12 = 196.434
ROUND 642 A#41 and B#12 = 195.454
ROUND 643 A#42 and B#12 = 207.764
ROUND 644 A#43 and B#12 = 218.347
ROUND 645 A#44 and B#12 = 197.818
ROUND 646 A#45 and B#12 = 179.875
ROUND 647 A#46 and B#12 = 195.303
ROUND 648 A#47 and B#12 = 177.382
ROUND 649 A#48 and B#12 = 180.25
ROUND 650 A#49 and B#12 = 238.302
ROUND 651 A#0 and B#13 = 222.091
ROUND 652 A#1 and B#13 = 209.052
ROUND 653 A#2 and B#13 = 211.762
ROUND 654 A#3 and B#13 = 218.073
ROUND 655 A#4 and B#13 = 217.659
ROUND 656 A#5 and B#13 = 199.704
ROUND 657 A#6 and B#13 = 204.63
ROUND 658 A#7 and B#13 = 225.175
ROUND 659 A#8 and B#13 = 233.29
ROUND 660 A#9 and B#13 = 164.616
ROUND 661 A#10 and B#13 = 179.198
ROUND 662 A#11 and B#13 = 160.168
ROUND 663 A#12 and B#13 = 222.655
ROUND 664 A#13 and B#13 = 226.047
ROUND 665 A#14 and B#13 = 237.583
ROUND 666 A#15 and B#13 = 13.9208
ROUND 667 A#16 and B#13 = 243.32
ROUND 668 A#17 and B#13 = 194.321
ROUND 669 A#18 and B#13 = 218.53
ROUND 670 A#19 and B#13 = 164.068
ROUND 671 A#20 and B#13 = 184.966
ROUND 672 A#21 and B#13 = 208.458
ROUND 673 A#22 and B#13 = 236.072
ROUND 674 A#23 and B#13 = 224.153
ROUND 675 A#24 and B#13 = 223.837
ROUND 676 A#25 and B#13 = 224.293
ROUND 677 A#26 and B#13 = 223.872
ROUND 678 A#27 and B#13 = 209.634
ROUND 679 A#28 and B#13 = 161.891
ROUND 680 A#29 and B#13 = 196.041
ROUND 681 A#30 and B#13 = 196.3
ROUND 682 A#31 and B#13 = 234.252
ROUND 683 A#32 and B#13 = 161.738
ROUND 684 A#33 and B#13 = 219.502
ROUND 685 A#34 and B#13 = 217.529
ROUND 686 A#35 and B#13 = 223.644
ROUND 687 A#36 and B#13 = 205.397
ROUND 688 A#37 and B#13 = 101.304
ROUND 689 A#38 and B#13 = 245.688
ROUND 690 A#39 and B#13 = 221.417
ROUND 691 A#40 and B#13 = 179.701
ROUND 692 A#41 and B#13 = 224.276
ROUND 693 A#42 and B#13 = 199.54
ROUND 694 A#43 and B#13 = 29.4556
ROUND 695 A#44 and B#13 = 238.384
ROUND 696 A#45 and B#13 = 238.967
ROUND 697 A#46 and B#13 = 177.063
ROUND 698 A#47 and B#13 = 240.183
ROUND 699 A#48 and B#13 = 239.338
ROUND 700 A#49 and B#13 = 247.141
ROUND 701 A#0 and B#14 = 230.526
ROUND 702 A#1 and B#14 = 224.419
ROUND 703 A#2 and B#14 = 195.178
ROUND 704 A#3 and B#14 = 192.326
ROUND 705 A#4 and B#14 = 219.597
ROUND 706 A#5 and B#14 = 203.08
ROUND 707 A#6 and B#14 = 209.397
ROUND 708 A#7 and B#14 = 211.508
ROUND 709 A#8 and B#14 = 196.661
ROUND 710 A#9 and B#14 = 198.187
ROUND 711 A#10 and B#14 = 219.694
ROUND 712 A#11 and B#14 = 211.598
ROUND 713 A#12 and B#14 = 219.708
ROUND 714 A#13 and B#14 = 239.613
ROUND 715 A#14 and B#14 = 170.214
ROUND 716 A#15 and B#14 = 239.136
ROUND 717 A#16 and B#14 = 240.206
ROUND 718 A#17 and B#14 = 189.396
ROUND 719 A#18 and B#14 = 198.671
ROUND 720 A#19 and B#14 = 197.472
ROUND 721 A#20 and B#14 = 220.715
ROUND 722 A#21 and B#14 = 224.578
ROUND 723 A#22 and B#14 = 196.762
ROUND 724 A#23 and B#14 = 139.299
ROUND 725 A#24 and B#14 = 196.954
ROUND 726 A#25 and B#14 = 166.237
ROUND 727 A#26 and B#14 = 236.593
ROUND 728 A#27 and B#14 = 198.05
ROUND 729 A#28 and B#14 = 201.606
ROUND 730 A#29 and B#14 = 228.996
ROUND 731 A#30 and B#14 = 223.937
ROUND 732 A#31 and B#14 = 220.993
ROUND 733 A#32 and B#14 = 223.195
ROUND 734 A#33 and B#14 = 189.715
ROUND 735 A#34 and B#14 = 151.514
ROUND 736 A#35 and B#14 = 211.117
ROUND 737 A#36 and B#14 = 153.485
ROUND 738 A#37 and B#14 = 219.887
ROUND 739 A#38 and B#14 = 213.173
ROUND 740 A#39 and B#14 = 238.528
ROUND 741 A#40 and B#14 = 226.551
ROUND 742 A#41 and B#14 = 222.55
ROUND 743 A#42 and B#14 = 247.641
ROUND 744 A#43 and B#14 = 219.816
ROUND 745 A#44 and B#14 = 222.841
ROUND 746 A#45 and B#14 = 222.437
ROUND 747 A#46 and B#14 = 211.886
ROUND 748 A#47 and B#14 = 179.145
ROUND 749 A#48 and B#14 = 165.467
ROUND 750 A#49 and B#14 = 210.812
ROUND 751 A#0 and B#15 = 231.681
ROUND 752 A#1 and B#15 = 188.155
ROUND 753 A#2 and B#15 = 222.071
ROUND 754 A#3 and B#15 = 108.703
ROUND 755 A#4 and B#15 = 183.625
ROUND 756 A#5 and B#15 = 224.112
ROUND 757 A#6 and B#15 = 210.775
ROUND 758 A#7 and B#15 = 215.598
ROUND 759 A#8 and B#15 = 211.114
ROUND 760 A#9 and B#15 = 215.639
ROUND 761 A#10 and B#15 = 222.839
ROUND 762 A#11 and B#15 = 199.929
ROUND 763 A#12 and B#15 = 229.085
ROUND 764 A#13 and B#15 = 244.06
ROUND 765 A#14 and B#15 = 226.81
ROUND 766 A#15 and B#15 = 196.41
ROUND 767 A#16 and B#15 = 206.896
ROUND 768 A#17 and B#15 = 212.415
ROUND 769 A#18 and B#15 = 233.505
ROUND 770 A#19 and B#15 = 215.429
ROUND 771 A#20 and B#15 = 211.529
ROUND 772 A#21 and B#15 = 51.0805
ROUND 773 A#22 and B#15 = 230.479
ROUND 774 A#23 and B#15 = 196.347
ROUND 775 A#24 and B#15 = 187.951
ROUND 776 A#25 and B#15 = 136.48
ROUND 777 A#26 and B#15 = 208.481
ROUND 778 A#27 and B#15 = 198.073
ROUND 779 A#28 and B#15 = 174.412
ROUND 780 A#29 and B#15 = 225.797
ROUND 781 A#30 and B#15 = 61.8937
ROUND 782 A#31 and B#15 = 209.804
ROUND 783 A#32 and B#15 = 215.442
ROUND 784 A#33 and B#15 = 213.89
ROUND 785 A#34 and B#15 = 216.453
ROUND 786 A#35 and B#15 = 198.77
ROUND 787 A#36 and B#15 = 220.67
ROUND 788 A#37 and B#15 = 217.593
ROUND 789 A#38 and B#15 = 147.798
ROUND 790 A#39 and B#15 = 203.82
ROUND 791 A#40 and B#15 = 222.54
ROUND 792 A#41 and B#15 = 215.044
ROUND 793 A#42 and B#15 = 247.108
ROUND 794 A#43 and B#15 = 222.689
ROUND 795 A#44 and B#15 = 228.187
ROUND 796 A#45 and B#15 = 227.914
ROUND 797 A#46 and B#15 = 214.94
ROUND 798 A#47 and B#15 = 245.216
ROUND 799 A#48 and B#15 = 212.06
ROUND 800 A#49 and B#15 = 67.2174
ROUND 801 A#0 and B#16 = 219.118
ROUND 802 A#1 and B#16 = 224.206
ROUND 803 A#2 and B#16 = 200.073
ROUND 804 A#3 and B#16 = 233.24
ROUND 805 A#4 and B#16 = 244.063
ROUND 806 A#5 and B#16 = 228.835
ROUND 807 A#6 and B#16 = 252.419
ROUND 808 A#7 and B#16 = 215.589
ROUND 809 A#8 and B#16 = 206.252
ROUND 810 A#9 and B#16 = 242.9
ROUND 811 A#10 and B#16 = 224.09
ROUND 812 A#11 and B#16 = 217.319
ROUND 813 A#12 and B#16 = 56.9292
ROUND 814 A#13 and B#16 = 235.404
ROUND 815 A#14 and B#16 = 207.673
ROUND 816 A#15 and B#16 = 222.155
ROUND 817 A#16 and B#16 = 117.935
ROUND 818 A#17 and B#16 = 240.4
ROUND 819 A#18 and B#16 = 194.189
ROUND 820 A#19 and B#16 = 246.98
ROUND 821 A#20 and B#16 = 225.258
ROUND 822 A#21 and B#16 = 161.394
ROUND 823 A#22 and B#16 = 214.426
ROUND 824 A#23 and B#16 = 100.794
ROUND 825 A#24 and B#16 = 212.243
ROUND 826 A#25 and B#16 = 191.124
ROUND 827 A#26 and B#16 = 199.696
ROUND 828 A#27 and B#16 = 228.198
ROUND 829 A#28 and B#16 = 210.534
ROUND 830 A#29 and B#16 = 233.645
ROUND 831 A#30 and B#16 = 220.958
ROUND 832 A#31 and B#16 = 239.186
ROUND 833 A#32 and B#16 = 228.496
ROUND 834 A#33 and B#16 = 108.388
ROUND 835 A#34 and B#16 = 209.218
ROUND 836 A#35 and B#16 = 183.608
ROUND 837 A#36 and B#16 = 192.419
ROUND 838 A#37 and B#16 = 119.372
ROUND 839 A#38 and B#16 = 221.303
ROUND 840 A#39 and B#16 = 193.749
ROUND 841 A#40 and B#16 = 213.58
ROUND 842 A#41 and B#16 = 234.117
ROUND 843 A#42 and B#16 = 190.868
ROUND 844 A#43 and B#16 = 214.204
ROUND 845 A#44 and B#16 = 185.244
ROUND 846 A#45 and B#16 = 180.419
ROUND 847 A#46 and B#16 = 97.9875
ROUND 848 A#47 and B#16 = 213.004
ROUND 849 A#48 and B#16 = 187.3
ROUND 850 A#49 and B#16 = 216.652
ROUND 851 A#0 and B#17 = 218.009
ROUND 852 A#1 and B#17 = 212.82
ROUND 853 A#2 and B#17 = 220.81
ROUND 854 A#3 and B#17 = 90.3176
ROUND 855 A#4 and B#17 = 215.913
ROUND 856 A#5 and B#17 = 210.643
ROUND 857 A#6 and B#17 = 222.688
ROUND 858 A#7 and B#17 = 219.636
ROUND 859 A#8 and B#17 = 219.398
ROUND 860 A#9 and B#17 = 218.043
ROUND 861 A#10 and B#17 = 198.724
ROUND 862 A#11 and B#17 = 196.461
ROUND 863 A#12 and B#17 = 179.999
ROUND 864 A#13 and B#17 = 72.5554
ROUND 865 A#14 and B#17 = 219.297
ROUND 866 A#15 and B#17 = 184.484
ROUND 867 A#16 and B#17 = 219.542
ROUND 868 A#17 and B#17 = 239.231
ROUND 869 A#18 and B#17 = 205.47
ROUND 870 A#19 and B#17 = 214.56
ROUND 871 A#20 and B#17 = 239.666
ROUND 872 A#21 and B#17 = 218.038
ROUND 873 A#22 and B#17 = 51.2003
ROUND 874 A#23 and B#17 = 220.223
ROUND 875 A#24 and B#17 = 214.211
ROUND 876 A#25 and B#17 = 219.706
ROUND 877 A#26 and B#17 = 240.661
ROUND 878 A#27 and B#17 = 197.974
ROUND 879 A#28 and B#17 = 65.9123
ROUND 880 A#29 and B#17 = 230.016
ROUND 881 A#30 and B#17 = 185.206
ROUND 882 A#31 and B#17 = 208.025
ROUND 883 A#32 and B#17 = 217.011
ROUND 884 A#33 and B#17 = 209.912
ROUND 885 A#34 and B#17 = 239.457
ROUND 886 A#35 and B#17 = 239.935
ROUND 887 A#36 and B#17 = 219.859
ROUND 888 A#37 and B#17 = 57.3508
ROUND 889 A#38 and B#17 = 223.824
ROUND 890 A#39 and B#17 = 223.513
ROUND 891 A#40 and B#17 = 196.578
ROUND 892 A#41 and B#17 = 31.3597
ROUND 893 A#42 and B#17 = 207.838
ROUND 894 A#43 and B#17 = 197.902
ROUND 895 A#44 and B#17 = 197.909
ROUND 896 A#45 and B#17 = 218.522
ROUND 897 A#46 and B#17 = 195.295
ROUND 898 A#47 and B#17 = 179.59
ROUND 899 A#48 and B#17 = 30.1182
ROUND 900 A#49 and B#17 = 236.188
ROUND 901 A#0 and B#18 = 263.548
ROUND 902 A#1 and B#18 = 44.2441
ROUND 903 A#2 and B#18 = 193.64
ROUND 904 A#3 and B#18 = 94.7111
ROUND 905 A#4 and B#18 = 232.466
ROUND 906 A#5 and B#18 = 231.059
ROUND 907 A#6 and B#18 = 207.829
ROUND 908 A#7 and B#18 = 84.7296
ROUND 909 A#8 and B#18 = 205.426
ROUND 910 A#9 and B#18 = 184.832
ROUND 911 A#10 and B#18 = 224.866
ROUND 912 A#11 and B#18 = 223.648
ROUND 913 A#12 and B#18 = 215.01
ROUND 914 A#13 and B#18 = 209.587
ROUND 915 A#14 and B#18 = 197.202
ROUND 916 A#15 and B#18 = 198.991
ROUND 917 A#16 and B#18 = 208.534
ROUND 918 A#17 and B#18 = 214.601
ROUND 919 A#18 and B#18 = 205.043
ROUND 920 A#19 and B#18 = 184.101
ROUND 921 A#20 and B#18 = 243.214
ROUND 922 A#21 and B#18 = 205.578
ROUND 923 A#22 and B#18 = 149.662
ROUND 924 A#23 and B#18 = 199.156
ROUND 925 A#24 and B#18 = 224.085
ROUND 926 A#25 and B#18 = 62.4609
ROUND 927 A#26 and B#18 = 126.361
ROUND 928 A#27 and B#18 = 224.738
ROUND 929 A#28 and B#18 = 33.9091
ROUND 930 A#29 and B#18 = 202.416
ROUND 931 A#30 and B#18 = 256.911
ROUND 932 A#31 and B#18 = 136.032
ROUND 933 A#32 and B#18 = 180.315
ROUND 934 A#33 and B#18 = 199.016
ROUND 935 A#34 and B#18 = 184.914
ROUND 936 A#35 and B#18 = 201.352
ROUND 937 A#36 and B#18 = 60.0817
ROUND 938 A#37 and B#18 = 203.541
ROUND 939 A#38 and B#18 = 201.094
ROUND 940 A#39 and B#18 = 179.94
ROUND 941 A#40 and B#18 = 195.987
ROUND 942 A#41 and B#18 = 240.496
ROUND 943 A#42 and B#18 = 221.687
ROUND 944 A#43 and B#18 = 72.9957
ROUND 945 A#44 and B#18 = 184.691
ROUND 946 A#45 and B#18 = 226.939
ROUND 947 A#46 and B#18 = 193.644
ROUND 948 A#47 and B#18 = 193.734
ROUND 949 A#48 and B#18 = 200.916
ROUND 950 A#49 and B#18 = 196.345
ROUND 951 A#0 and B#19 = 241.691
ROUND 952 A#1 and B#19 = 215.086
ROUND 953 A#2 and B#19 = 221.865
ROUND 954 A#3 and B#19 = 72.5421
ROUND 955 A#4 and B#19 = 112.07
ROUND 956 A#5 and B#19 = 53.0831
ROUND 957 A#6 and B#19 = 133.608
ROUND 958 A#7 and B#19 = 224.706
ROUND 959 A#8 and B#19 = 113.649
ROUND 960 A#9 and B#19 = 182.068
ROUND 961 A#10 and B#19 = 193
ROUND 962 A#11 and B#19 = 225.711
ROUND 963 A#12 and B#19 = 52.1712
ROUND 964 A#13 and B#19 = 85.1139
ROUND 965 A#14 and B#19 = 202.411
ROUND 966 A#15 and B#19 = 189.194
ROUND 967 A#16 and B#19 = 203.237
ROUND 968 A#17 and B#19 = 251.97
ROUND 969 A#18 and B#19 = 205.504
ROUND 970 A#19 and B#19 = 181.396
ROUND 971 A#20 and B#19 = 243.09
ROUND 972 A#21 and B#19 = 129.288
ROUND 973 A#22 and B#19 = 94.059
ROUND 974 A#23 and B#19 = 253.079
ROUND 975 A#24 and B#19 = 210.003
ROUND 976 A#25 and B#19 = 215.523
ROUND 977 A#26 and B#19 = 219.713
ROUND 978 A#27 and B#19 = 213.498
ROUND 979 A#28 and B#19 = 225.105
ROUND 980 A#29 and B#19 = 207.841
ROUND 981 A#30 and B#19 = 63.3623
ROUND 982 A#31 and B#19 = 213.695
ROUND 983 A#32 and B#19 = 63.818
ROUND 984 A#33 and B#19 = 227.765
ROUND 985 A#34 and B#19 = 227.21
ROUND 986 A#35 and B#19 = 224.464
ROUND 987 A#36 and B#19 = 169.838
ROUND 988 A#37 and B#19 = 225.67
ROUND 989 A#38 and B#19 = 191.992
ROUND 990 A#39 and B#19 = 223.517
ROUND 991 A#40 and B#19 = 171.332
ROUND 992 A#41 and B#19 = 226.132
ROUND 993 A#42 and B#19 = 175.754
ROUND 994 A#43 and B#19 = 225.6
ROUND 995 A#44 and B#19 = 191.814
ROUND 996 A#45 and B#19 = 192.872
ROUND 997 A#46 and B#19 = 195.696
ROUND 998 A#47 and B#19 = 197.732
ROUND 999 A#48 and B#19 = 204.45
ROUND 1000 A#49 and B#19 = 228.093
ROUND 1001 A#0 and B#20 = 234.453
ROUND 1002 A#1 and B#20 = 223.934
ROUND 1003 A#2 and B#20 = 185.31
ROUND 1004 A#3 and B#20 = 74.9678
ROUND 1005 A#4 and B#20 = 220.071
ROUND 1006 A#5 and B#20 = 220.558
ROUND 1007 A#6 and B#20 = 209.469
ROUND 1008 A#7 and B#20 = 219.91
ROUND 1009 A#8 and B#20 = 196.451
ROUND 1010 A#9 and B#20 = 197.843
ROUND 1011 A#10 and B#20 = 219.996
ROUND 1012 A#11 and B#20 = 210.138
ROUND 1013 A#12 and B#20 = 219.301
ROUND 1014 A#13 and B#20 = 239.966
ROUND 1015 A#14 and B#20 = 216.009
ROUND 1016 A#15 and B#20 = 238.586
ROUND 1017 A#16 and B#20 = 240.528
ROUND 1018 A#17 and B#20 = 188.147
ROUND 1019 A#18 and B#20 = 198.768
ROUND 1020 A#19 and B#20 = 197.449
ROUND 1021 A#20 and B#20 = 221.89
ROUND 1022 A#21 and B#20 = 229.277
ROUND 1023 A#22 and B#20 = 194.225
ROUND 1024 A#23 and B#20 = 241.216
ROUND 1025 A#24 and B#20 = 196.992
ROUND 1026 A#25 and B#20 = 219.771
ROUND 1027 A#26 and B#20 = 238.471
ROUND 1028 A#27 and B#20 = 144.406
ROUND 1029 A#28 and B#20 = 219.703
ROUND 1030 A#29 and B#20 = 199.297
ROUND 1031 A#30 and B#20 = 3.72957
ROUND 1032 A#31 and B#20 = 220.242
ROUND 1033 A#32 and B#20 = 224.328
ROUND 1034 A#33 and B#20 = 189.767
ROUND 1035 A#34 and B#20 = 151.825
ROUND 1036 A#35 and B#20 = 239.578
ROUND 1037 A#36 and B#20 = 170.351
ROUND 1038 A#37 and B#20 = 219.848
ROUND 1039 A#38 and B#20 = 208.477
ROUND 1040 A#39 and B#20 = 238.816
ROUND 1041 A#40 and B#20 = 224.755
ROUND 1042 A#41 and B#20 = 223.012
ROUND 1043 A#42 and B#20 = 238.431
ROUND 1044 A#43 and B#20 = 219.782
ROUND 1045 A#44 and B#20 = 223.346
ROUND 1046 A#45 and B#20 = 223.128
ROUND 1047 A#46 and B#20 = 150.503
ROUND 1048 A#47 and B#20 = 214.283
ROUND 1049 A#48 and B#20 = 223.41
ROUND 1050 A#49 and B#20 = 210.97
ROUND 1051 A#0 and B#21 = 240.792
ROUND 1052 A#1 and B#21 = 185.721
ROUND 1053 A#2 and B#21 = 223.151
ROUND 1054 A#3 and B#21 = 221.835
ROUND 1055 A#4 and B#21 = 208.627
ROUND 1056 A#5 and B#21 = 221.975
ROUND 1057 A#6 and B#21 = 207.821
ROUND 1058 A#7 and B#21 = 190.673
ROUND 1059 A#8 and B#21 = 201.964
ROUND 1060 A#9 and B#21 = 209.921
ROUND 1061 A#10 and B#21 = 162.744
ROUND 1062 A#11 and B#21 = 242.102
ROUND 1063 A#12 and B#21 = 93.8151
ROUND 1064 A#13 and B#21 = 201.355
ROUND 1065 A#14 and B#21 = 194.768
ROUND 1066 A#15 and B#21 = 225.908
ROUND 1067 A#16 and B#21 = 220.191
ROUND 1068 A#17 and B#21 = 223.53
ROUND 1069 A#18 and B#21 = 230.29
ROUND 1070 A#19 and B#21 = 210.21
ROUND 1071 A#20 and B#21 = 222.95
ROUND 1072 A#21 and B#21 = 218.608
ROUND 1073 A#22 and B#21 = 204.265
ROUND 1074 A#23 and B#21 = 219.012
ROUND 1075 A#24 and B#21 = 232.566
ROUND 1076 A#25 and B#21 = 144.868
ROUND 1077 A#26 and B#21 = 194.185
ROUND 1078 A#27 and B#21 = 221.671
ROUND 1079 A#28 and B#21 = 196.549
ROUND 1080 A#29 and B#21 = 221.351
ROUND 1081 A#30 and B#21 = 226.513
ROUND 1082 A#31 and B#21 = 179.813
ROUND 1083 A#32 and B#21 = 210.693
ROUND 1084 A#33 and B#21 = 77.7615
ROUND 1085 A#34 and B#21 = 210.935
ROUND 1086 A#35 and B#21 = 178.54
ROUND 1087 A#36 and B#21 = 152.204
ROUND 1088 A#37 and B#21 = 74.7953
ROUND 1089 A#38 and B#21 = 226.375
ROUND 1090 A#39 and B#21 = 197.949
ROUND 1091 A#40 and B#21 = 192.222
ROUND 1092 A#41 and B#21 = 200.157
ROUND 1093 A#42 and B#21 = 208.186
ROUND 1094 A#43 and B#21 = 143.116
ROUND 1095 A#44 and B#21 = 222.361
ROUND 1096 A#45 and B#21 = 222.423
ROUND 1097 A#46 and B#21 = 196.136
ROUND 1098 A#47 and B#21 = 214.412
ROUND 1099 A#48 and B#21 = 182.399
ROUND 1100 A#49 and B#21 = 193.834
ROUND 1101 A#0 and B#22 = 216.065
ROUND 1102 A#1 and B#22 = 220.739
ROUND 1103 A#2 and B#22 = 212.224
ROUND 1104 A#3 and B#22 = 206.257
ROUND 1105 A#4 and B#22 = 234.621
ROUND 1106 A#5 and B#22 = 229.241
ROUND 1107 A#6 and B#22 = 213.072
ROUND 1108 A#7 and B#22 = 192.417
ROUND 1109 A#8 and B#22 = 196.023
ROUND 1110 A#9 and B#22 = 199.216
ROUND 1111 A#10 and B#22 = 217.043
ROUND 1112 A#11 and B#22 = 201.001
ROUND 1113 A#12 and B#22 = 67.1938
ROUND 1114 A#13 and B#22 = 196.381
ROUND 1115 A#14 and B#22 = 213.044
ROUND 1116 A#15 and B#22 = 154.989
ROUND 1117 A#16 and B#22 = 198.43
ROUND 1118 A#17 and B#22 = 241.33
ROUND 1119 A#18 and B#22 = 189.885
ROUND 1120 A#19 and B#22 = 199.86
ROUND 1121 A#20 and B#22 = 218.203
ROUND 1122 A#21 and B#22 = 163.584
ROUND 1123 A#22 and B#22 = 219.148
ROUND 1124 A#23 and B#22 = 230.107
ROUND 1125 A#24 and B#22 = 237.07
ROUND 1126 A#25 and B#22 = 201.348
ROUND 1127 A#26 and B#22 = 221.252
ROUND 1128 A#27 and B#22 = 226.286
ROUND 1129 A#28 and B#22 = 185.714
ROUND 1130 A#29 and B#22 = 236.975
ROUND 1131 A#30 and B#22 = 226.916
ROUND 1132 A#31 and B#22 = 217.714
ROUND 1133 A#32 and B#22 = 203.635
ROUND 1134 A#33 and B#22 = 95.2695
ROUND 1135 A#34 and B#22 = 228.557
ROUND 1136 A#35 and B#22 = 215.817
ROUND 1137 A#36 and B#22 = 177.665
ROUND 1138 A#37 and B#22 = 102.254
ROUND 1139 A#38 and B#22 = 230.753
ROUND 1140 A#39 and B#22 = 225.842
ROUND 1141 A#40 and B#22 = 208.383
ROUND 1142 A#41 and B#22 = 213.032
ROUND 1143 A#42 and B#22 = 195.837
ROUND 1144 A#43 and B#22 = 225.052
ROUND 1145 A#44 and B#22 = 185.581
ROUND 1146 A#45 and B#22 = 200.37
ROUND 1147 A#46 and B#22 = 75.8545
ROUND 1148 A#47 and B#22 = 162.742
ROUND 1149 A#48 and B#22 = 227.829
ROUND 1150 A#49 and B#22 = 235.293
ROUND 1151 A#0 and B#23 = 242.888
ROUND 1152 A#1 and B#23 = 174.845
ROUND 1153 A#2 and B#23 = 223.123
ROUND 1154 A#3 and B#23 = 222.323
ROUND 1155 A#4 and B#23 = 233.396
ROUND 1156 A#5 and B#23 = 229.789
ROUND 1157 A#6 and B#23 = 224.956
ROUND 1158 A#7 and B#23 = 197.531
ROUND 1159 A#8 and B#23 = 76.6914
ROUND 1160 A#9 and B#23 = 196.843
ROUND 1161 A#10 and B#23 = 224.19
ROUND 1162 A#11 and B#23 = 218.399
ROUND 1163 A#12 and B#23 = 79.5316
ROUND 1164 A#13 and B#23 = 218.171
ROUND 1165 A#14 and B#23 = 224.003
ROUND 1166 A#15 and B#23 = 171.171
ROUND 1167 A#16 and B#23 = 111.14
ROUND 1168 A#17 and B#23 = 241.078
ROUND 1169 A#18 and B#23 = 209.596
ROUND 1170 A#19 and B#23 = 207.425
ROUND 1171 A#20 and B#23 = 171.414
ROUND 1172 A#21 and B#23 = 170.248
ROUND 1173 A#22 and B#23 = 215.415
ROUND 1174 A#23 and B#23 = 229.586
ROUND 1175 A#24 and B#23 = 219.076
ROUND 1176 A#25 and B#23 = 217.411
ROUND 1177 A#26 and B#23 = 243.556
ROUND 1178 A#27 and B#23 = 226.306
ROUND 1179 A#28 and B#23 = 236.66
ROUND 1180 A#29 and B#23 = 235.103
ROUND 1181 A#30 and B#23 = 179.473
ROUND 1182 A#31 and B#23 = 241.057
ROUND 1183 A#32 and B#23 = 208.214
ROUND 1184 A#33 and B#23 = 113.931
ROUND 1185 A#34 and B#23 = 228.063
ROUND 1186 A#35 and B#23 = 226.363
ROUND 1187 A#36 and B#23 = 221.449
ROUND 1188 A#37 and B#23 = 128.776
ROUND 1189 A#38 and B#23 = 225.152
ROUND 1190 A#39 and B#23 = 142.907
ROUND 1191 A#40 and B#23 = 211.685
ROUND 1192 A#41 and B#23 = 224.427
ROUND 1193 A#42 and B#23 = 122.476
ROUND 1194 A#43 and B#23 = 96.8582
ROUND 1195 A#44 and B#23 = 204.33
ROUND 1196 A#45 and B#23 = 201.544
ROUND 1197 A#46 and B#23 = 114.294
ROUND 1198 A#47 and B#23 = 213.271
ROUND 1199 A#48 and B#23 = 210.136
ROUND 1200 A#49 and B#23 = 242.933
ROUND 1201 A#0 and B#24 = 234.037
ROUND 1202 A#1 and B#24 = 156.747
ROUND 1203 A#2 and B#24 = 243.185
ROUND 1204 A#3 and B#24 = 171.812
ROUND 1205 A#4 and B#24 = 220.023
ROUND 1206 A#5 and B#24 = 229.868
ROUND 1207 A#6 and B#24 = 179.504
ROUND 1208 A#7 and B#24 = 208.351
ROUND 1209 A#8 and B#24 = 249.247
ROUND 1210 A#9 and B#24 = 215.588
ROUND 1211 A#10 and B#24 = 224.696
ROUND 1212 A#11 and B#24 = 215.119
ROUND 1213 A#12 and B#24 = 52.0258
ROUND 1214 A#13 and B#24 = 112.056
ROUND 1215 A#14 and B#24 = 180.007
ROUND 1216 A#15 and B#24 = 157.265
ROUND 1217 A#16 and B#24 = 116.584
ROUND 1218 A#17 and B#24 = 241.181
ROUND 1219 A#18 and B#24 = 196.658
ROUND 1220 A#19 and B#24 = 243.318
ROUND 1221 A#20 and B#24 = 224.219
ROUND 1222 A#21 and B#24 = 156.284
ROUND 1223 A#22 and B#24 = 218.782
ROUND 1224 A#23 and B#24 = 110.347
ROUND 1225 A#24 and B#24 = 233.347
ROUND 1226 A#25 and B#24 = 171.014
ROUND 1227 A#26 and B#24 = 243.799
ROUND 1228 A#27 and B#24 = 229.815
ROUND 1229 A#28 and B#24 = 202.515
ROUND 1230 A#29 and B#24 = 238.814
ROUND 1231 A#30 and B#24 = 219.294
ROUND 1232 A#31 and B#24 = 240.954
ROUND 1233 A#32 and B#24 = 166.707
ROUND 1234 A#33 and B#24 = 90.0852
ROUND 1235 A#34 and B#24 = 190.937
ROUND 1236 A#35 and B#24 = 200.385
ROUND 1237 A#36 and B#24 = 172.754
ROUND 1238 A#37 and B#24 = 106.321
ROUND 1239 A#38 and B#24 = 156.575
ROUND 1240 A#39 and B#24 = 116.703
ROUND 1241 A#40 and B#24 = 219.999
ROUND 1242 A#41 and B#24 = 224.343
ROUND 1243 A#42 and B#24 = 141.272
ROUND 1244 A#43 and B#24 = 115.651
ROUND 1245 A#44 and B#24 = 187.542
ROUND 1246 A#45 and B#24 = 195.182
ROUND 1247 A#46 and B#24 = 88.7156
ROUND 1248 A#47 and B#24 = 200.052
ROUND 1249 A#48 and B#24 = 166.469
ROUND 1250 A#49 and B#24 = 203.322
ROUND 1251 A#0 and B#25 = 234.134
ROUND 1252 A#1 and B#25 = 157.086
ROUND 1253 A#2 and B#25 = 242.998
ROUND 1254 A#3 and B#25 = 171.894
ROUND 1255 A#4 and B#25 = 219.684
ROUND 1256 A#5 and B#25 = 229.811
ROUND 1257 A#6 and B#25 = 179.505
ROUND 1258 A#7 and B#25 = 208.462
ROUND 1259 A#8 and B#25 = 249.153
ROUND 1260 A#9 and B#25 = 242.784
ROUND 1261 A#10 and B#25 = 224.645
ROUND 1262 A#11 and B#25 = 215.414
ROUND 1263 A#12 and B#25 = 51.8431
ROUND 1264 A#13 and B#25 = 111.53
ROUND 1265 A#14 and B#25 = 180.104
ROUND 1266 A#15 and B#25 = 157.649
ROUND 1267 A#16 and B#25 = 116.095
ROUND 1268 A#17 and B#25 = 241.208
ROUND 1269 A#18 and B#25 = 196.886
ROUND 1270 A#19 and B#25 = 243.244
ROUND 1271 A#20 and B#25 = 224.074
ROUND 1272 A#21 and B#25 = 156.33
ROUND 1273 A#22 and B#25 = 218.653
ROUND 1274 A#23 and B#25 = 110
ROUND 1275 A#24 and B#25 = 233.172
ROUND 1276 A#25 and B#25 = 171.019
ROUND 1277 A#26 and B#25 = 243.697
ROUND 1278 A#27 and B#25 = 229.8
ROUND 1279 A#28 and B#25 = 202.624
ROUND 1280 A#29 and B#25 = 238.874
ROUND 1281 A#30 and B#25 = 219.412
ROUND 1282 A#31 and B#25 = 241.018
ROUND 1283 A#32 and B#25 = 166.872
ROUND 1284 A#33 and B#25 = 90.008
ROUND 1285 A#34 and B#25 = 190.829
ROUND 1286 A#35 and B#25 = 200.331
ROUND 1287 A#36 and B#25 = 173.325
ROUND 1288 A#37 and B#25 = 105.656
ROUND 1289 A#38 and B#25 = 156.122
ROUND 1290 A#39 and B#25 = 116.53
ROUND 1291 A#40 and B#25 = 220.212
ROUND 1292 A#41 and B#25 = 224.349
ROUND 1293 A#42 and B#25 = 140.739
ROUND 1294 A#43 and B#25 = 115.191
ROUND 1295 A#44 and B#25 = 187.544
ROUND 1296 A#45 and B#25 = 195.161
ROUND 1297 A#46 and B#25 = 88.7401
ROUND 1298 A#47 and B#25 = 200.177
ROUND 1299 A#48 and B#25 = 166.745
ROUND 1300 A#49 and B#25 = 203.425
ROUND 1301 A#0 and B#26 = 183.958
ROUND 1302 A#1 and B#26 = 164.892
ROUND 1303 A#2 and B#26 = 197.489
ROUND 1304 A#3 and B#26 = 84.7014
ROUND 1305 A#4 and B#26 = 212.722
ROUND 1306 A#5 and B#26 = 197.029
ROUND 1307 A#6 and B#26 = 229.601
ROUND 1308 A#7 and B#26 = 219.181
ROUND 1309 A#8 and B#26 = 211.093
ROUND 1310 A#9 and B#26 = 185.14
ROUND 1311 A#10 and B#26 = 219.836
ROUND 1312 A#11 and B#26 = 196.974
ROUND 1313 A#12 and B#26 = 189.194
ROUND 1314 A#13 and B#26 = 203.652
ROUND 1315 A#14 and B#26 = 219.511
ROUND 1316 A#15 and B#26 = 157.243
ROUND 1317 A#16 and B#26 = 238.783
ROUND 1318 A#17 and B#26 = 177.587
ROUND 1319 A#18 and B#26 = 227.101
ROUND 1320 A#19 and B#26 = 179.836
ROUND 1321 A#20 and B#26 = 220.269
ROUND 1322 A#21 and B#26 = 190.824
ROUND 1323 A#22 and B#26 = 206.548
ROUND 1324 A#23 and B#26 = 239.923
ROUND 1325 A#24 and B#26 = 214.017
ROUND 1326 A#25 and B#26 = 211.683
ROUND 1327 A#26 and B#26 = 239.56
ROUND 1328 A#27 and B#26 = 137.853
ROUND 1329 A#28 and B#26 = 212.303
ROUND 1330 A#29 and B#26 = 226.784
ROUND 1331 A#30 and B#26 = 188.087
ROUND 1332 A#31 and B#26 = 194.507
ROUND 1333 A#32 and B#26 = 219.368
ROUND 1334 A#33 and B#26 = 136.546
ROUND 1335 A#34 and B#26 = 152.633
ROUND 1336 A#35 and B#26 = 211.059
ROUND 1337 A#36 and B#26 = 188.989
ROUND 1338 A#37 and B#26 = 200.112
ROUND 1339 A#38 and B#26 = 199.662
ROUND 1340 A#39 and B#26 = 237.944
ROUND 1341 A#40 and B#26 = 173.086
ROUND 1342 A#41 and B#26 = 166.942
ROUND 1343 A#42 and B#26 = 57.5006
ROUND 1344 A#43 and B#26 = 218.602
ROUND 1345 A#44 and B#26 = 215.505
ROUND 1346 A#45 and B#26 = 214.616
ROUND 1347 A#46 and B#26 = 216.286
ROUND 1348 A#47 and B#26 = 184.56
ROUND 1349 A#48 and B#26 = 218.363
ROUND 1350 A#49 and B#26 = 229.692
ROUND 1351 A#0 and B#27 = 79.3151
ROUND 1352 A#1 and B#27 = 214.571
ROUND 1353 A#2 and B#27 = 217.737
ROUND 1354 A#3 and B#27 = 166.761
ROUND 1355 A#4 and B#27 = 248.582
ROUND 1356 A#5 and B#27 = 243.339
ROUND 1357 A#6 and B#27 = 216.334
ROUND 1358 A#7 and B#27 = 225.517
ROUND 1359 A#8 and B#27 = 112.663
ROUND 1360 A#9 and B#27 = 187.138
ROUND 1361 A#10 and B#27 = 197.902
ROUND 1362 A#11 and B#27 = 226.296
ROUND 1363 A#12 and B#27 = 50.9114
ROUND 1364 A#13 and B#27 = 219.78
ROUND 1365 A#14 and B#27 = 184.241
ROUND 1366 A#15 and B#27 = 222.689
ROUND 1367 A#16 and B#27 = 205.868
ROUND 1368 A#17 and B#27 = 220.17
ROUND 1369 A#18 and B#27 = 199.113
ROUND 1370 A#19 and B#27 = 186.546
ROUND 1371 A#20 and B#27 = 242.992
ROUND 1372 A#21 and B#27 = 212.911
ROUND 1373 A#22 and B#27 = 219.918
ROUND 1374 A#23 and B#27 = 187.782
ROUND 1375 A#24 and B#27 = 210.282
ROUND 1376 A#25 and B#27 = 213.598
ROUND 1377 A#26 and B#27 = 221.288
ROUND 1378 A#27 and B#27 = 207.699
ROUND 1379 A#28 and B#27 = 225.226
ROUND 1380 A#29 and B#27 = 203.623
ROUND 1381 A#30 and B#27 = 53.4275
ROUND 1382 A#31 and B#27 = 212.92
ROUND 1383 A#32 and B#27 = 60.2123
ROUND 1384 A#33 and B#27 = 226.693
ROUND 1385 A#34 and B#27 = 226.44
ROUND 1386 A#35 and B#27 = 219.852
ROUND 1387 A#36 and B#27 = 160.016
ROUND 1388 A#37 and B#27 = 228.752
ROUND 1389 A#38 and B#27 = 194.198
ROUND 1390 A#39 and B#27 = 222.759
ROUND 1391 A#40 and B#27 = 225.391
ROUND 1392 A#41 and B#27 = 62.9099
ROUND 1393 A#42 and B#27 = 189.09
ROUND 1394 A#43 and B#27 = 224.705
ROUND 1395 A#44 and B#27 = 212.524
ROUND 1396 A#45 and B#27 = 223.176
ROUND 1397 A#46 and B#27 = 56.1325
ROUND 1398 A#47 and B#27 = 191.778
ROUND 1399 A#48 and B#27 = 215.884
ROUND 1400 A#49 and B#27 = 227.283
ROUND 1401 A#0 and B#28 = 224.916
ROUND 1402 A#1 and B#28 = 183.676
ROUND 1403 A#2 and B#28 = 187.159
ROUND 1404 A#3 and B#28 = 217.394
ROUND 1405 A#4 and B#28 = 239.236
ROUND 1406 A#5 and B#28 = 235.262
ROUND 1407 A#6 and B#28 = 240.444
ROUND 1408 A#7 and B#28 = 229.115
ROUND 1409 A#8 and B#28 = 230.46
ROUND 1410 A#9 and B#28 = 213.976
ROUND 1411 A#10 and B#28 = 199.539
ROUND 1412 A#11 and B#28 = 229.433
ROUND 1413 A#12 and B#28 = 185.295
ROUND 1414 A#13 and B#28 = 193.207
ROUND 1415 A#14 and B#28 = 227.699
ROUND 1416 A#15 and B#28 = 181.176
ROUND 1417 A#16 and B#28 = 222.834
ROUND 1418 A#17 and B#28 = 243.263
ROUND 1419 A#18 and B#28 = 227.409
ROUND 1420 A#19 and B#28 = 212.932
ROUND 1421 A#20 and B#28 = 244.553
ROUND 1422 A#21 and B#28 = 185.056
ROUND 1423 A#22 and B#28 = 235.285
ROUND 1424 A#23 and B#28 = 177.87
ROUND 1425 A#24 and B#28 = 217.233
ROUND 1426 A#25 and B#28 = 182.644
ROUND 1427 A#26 and B#28 = 227.145
ROUND 1428 A#27 and B#28 = 181.526
ROUND 1429 A#28 and B#28 = 133.774
ROUND 1430 A#29 and B#28 = 199.85
ROUND 1431 A#30 and B#28 = 177.937
ROUND 1432 A#31 and B#28 = 187.309
ROUND 1433 A#32 and B#28 = 186.129
ROUND 1434 A#33 and B#28 = 178.516
ROUND 1435 A#34 and B#28 = 217.071
ROUND 1436 A#35 and B#28 = 222.627
ROUND 1437 A#36 and B#28 = 178.178
ROUND 1438 A#37 and B#28 = 186.348
ROUND 1439 A#38 and B#28 = 196.545
ROUND 1440 A#39 and B#28 = 180.526
ROUND 1441 A#40 and B#28 = 181.665
ROUND 1442 A#41 and B#28 = 223.869
ROUND 1443 A#42 and B#28 = 209.772
ROUND 1444 A#43 and B#28 = 223.936
ROUND 1445 A#44 and B#28 = 226.21
ROUND 1446 A#45 and B#28 = 226.801
ROUND 1447 A#46 and B#28 = 203.869
ROUND 1448 A#47 and B#28 = 239.116
ROUND 1449 A#48 and B#28 = 226.866
ROUND 1450 A#49 and B#28 = 220.826
ROUND 1451 A#0 and B#29 = 243.816
ROUND 1452 A#1 and B#29 = 189.638
ROUND 1453 A#2 and B#29 = 211.749
ROUND 1454 A#3 and B#29 = 216.986
ROUND 1455 A#4 and B#29 = 213.665
ROUND 1456 A#5 and B#29 = 213.363
ROUND 1457 A#6 and B#29 = 55.7012
ROUND 1458 A#7 and B#29 = 211.575
ROUND 1459 A#8 and B#29 = 241.156
ROUND 1460 A#9 and B#29 = 192.004
ROUND 1461 A#10 and B#29 = 196.635
ROUND 1462 A#11 and B#29 = 182.249
ROUND 1463 A#12 and B#29 = 64.2179
ROUND 1464 A#13 and B#29 = 200.471
ROUND 1465 A#14 and B#29 = 233.768
ROUND 1466 A#15 and B#29 = 221.571
ROUND 1467 A#16 and B#29 = 240.47
ROUND 1468 A#17 and B#29 = 230.021
ROUND 1469 A#18 and B#29 = 179.814
ROUND 1470 A#19 and B#29 = 191.449
ROUND 1471 A#20 and B#29 = 184.731
ROUND 1472 A#21 and B#29 = 182.383
ROUND 1473 A#22 and B#29 = 227.371
ROUND 1474 A#23 and B#29 = 186.733
ROUND 1475 A#24 and B#29 = 211.832
ROUND 1476 A#25 and B#29 = 217.434
ROUND 1477 A#26 and B#29 = 185.761
ROUND 1478 A#27 and B#29 = 197.434
ROUND 1479 A#28 and B#29 = 247.728
ROUND 1480 A#29 and B#29 = 227.58
ROUND 1481 A#30 and B#29 = 180.352
ROUND 1482 A#31 and B#29 = 235.804
ROUND 1483 A#32 and B#29 = 192.229
ROUND 1484 A#33 and B#29 = 176.727
ROUND 1485 A#34 and B#29 = 214.638
ROUND 1486 A#35 and B#29 = 220.964
ROUND 1487 A#36 and B#29 = 189.488
ROUND 1488 A#37 and B#29 = 68.3668
ROUND 1489 A#38 and B#29 = 190.933
ROUND 1490 A#39 and B#29 = 220.7
ROUND 1491 A#40 and B#29 = 207.035
ROUND 1492 A#41 and B#29 = 221.983
ROUND 1493 A#42 and B#29 = 227.622
ROUND 1494 A#43 and B#29 = 188.607
ROUND 1495 A#44 and B#29 = 218.383
ROUND 1496 A#45 and B#29 = 235.853
ROUND 1497 A#46 and B#29 = 177.843
ROUND 1498 A#47 and B#29 = 58.586
ROUND 1499 A#48 and B#29 = 189.62
ROUND 1500 A#49 and B#29 = 221.287
ROUND 1501 A#0 and B#30 = 218.074
ROUND 1502 A#1 and B#30 = 212.692
ROUND 1503 A#2 and B#30 = 220.826
ROUND 1504 A#3 and B#30 = 219.16
ROUND 1505 A#4 and B#30 = 215.985
ROUND 1506 A#5 and B#30 = 211.189
ROUND 1507 A#6 and B#30 = 222.79
ROUND 1508 A#7 and B#30 = 197.258
ROUND 1509 A#8 and B#30 = 219.617
ROUND 1510 A#9 and B#30 = 217.781
ROUND 1511 A#10 and B#30 = 198.634
ROUND 1512 A#11 and B#30 = 196.08
ROUND 1513 A#12 and B#30 = 180.257
ROUND 1514 A#13 and B#30 = 64.1773
ROUND 1515 A#14 and B#30 = 219.644
ROUND 1516 A#15 and B#30 = 220.943
ROUND 1517 A#16 and B#30 = 219.644
ROUND 1518 A#17 and B#30 = 239.077
ROUND 1519 A#18 and B#30 = 205.448
ROUND 1520 A#19 and B#30 = 214.4
ROUND 1521 A#20 and B#30 = 239.807
ROUND 1522 A#21 and B#30 = 217.649
ROUND 1523 A#22 and B#30 = 49.7842
ROUND 1524 A#23 and B#30 = 220.417
ROUND 1525 A#24 and B#30 = 214.202
ROUND 1526 A#25 and B#30 = 219.875
ROUND 1527 A#26 and B#30 = 241.132
ROUND 1528 A#27 and B#30 = 214.313
ROUND 1529 A#28 and B#30 = 70.7347
ROUND 1530 A#29 and B#30 = 230.125
ROUND 1531 A#30 and B#30 = 184.87
ROUND 1532 A#31 and B#30 = 208.075
ROUND 1533 A#32 and B#30 = 216.955
ROUND 1534 A#33 and B#30 = 209.911
ROUND 1535 A#34 and B#30 = 239.559
ROUND 1536 A#35 and B#30 = 240.083
ROUND 1537 A#36 and B#30 = 220.086
ROUND 1538 A#37 and B#30 = 50.6831
ROUND 1539 A#38 and B#30 = 223.817
ROUND 1540 A#39 and B#30 = 223.414
ROUND 1541 A#40 and B#30 = 189.864
ROUND 1542 A#41 and B#30 = 30.6253
ROUND 1543 A#42 and B#30 = 207.848
ROUND 1544 A#43 and B#30 = 197.367
ROUND 1545 A#44 and B#30 = 197.893
ROUND 1546 A#45 and B#30 = 196.839
ROUND 1547 A#46 and B#30 = 188.86
ROUND 1548 A#47 and B#30 = 178.998
ROUND 1549 A#48 and B#30 = 187.44
ROUND 1550 A#49 and B#30 = 238.222
ROUND 1551 A#0 and B#31 = 242.527
ROUND 1552 A#1 and B#31 = 245.308
ROUND 1553 A#2 and B#31 = 222.557
ROUND 1554 A#3 and B#31 = 225.192
ROUND 1555 A#4 and B#31 = 228.558
ROUND 1556 A#5 and B#31 = 232.387
ROUND 1557 A#6 and B#31 = 224.793
ROUND 1558 A#7 and B#31 = 204.439
ROUND 1559 A#8 and B#31 = 247.095
ROUND 1560 A#9 and B#31 = 200.973
ROUND 1561 A#10 and B#31 = 224.112
ROUND 1562 A#11 and B#31 = 219.169
ROUND 1563 A#12 and B#31 = 76.3663
ROUND 1564 A#13 and B#31 = 218.347
ROUND 1565 A#14 and B#31 = 225.728
ROUND 1566 A#15 and B#31 = 174.214
ROUND 1567 A#16 and B#31 = 122.528
ROUND 1568 A#17 and B#31 = 240.777
ROUND 1569 A#18 and B#31 = 211.356
ROUND 1570 A#19 and B#31 = 211.209
ROUND 1571 A#20 and B#31 = 171.527
ROUND 1572 A#21 and B#31 = 172.258
ROUND 1573 A#22 and B#31 = 215.112
ROUND 1574 A#23 and B#31 = 231.064
ROUND 1575 A#24 and B#31 = 218.721
ROUND 1576 A#25 and B#31 = 222.08
ROUND 1577 A#26 and B#31 = 201.56
ROUND 1578 A#27 and B#31 = 226.132
ROUND 1579 A#28 and B#31 = 206.722
ROUND 1580 A#29 and B#31 = 234.75
ROUND 1581 A#30 and B#31 = 180.204
ROUND 1582 A#31 and B#31 = 239.683
ROUND 1583 A#32 and B#31 = 210.905
ROUND 1584 A#33 and B#31 = 113.757
ROUND 1585 A#34 and B#31 = 229.378
ROUND 1586 A#35 and B#31 = 228.95
ROUND 1587 A#36 and B#31 = 206.777
ROUND 1588 A#37 and B#31 = 129.058
ROUND 1589 A#38 and B#31 = 161.902
ROUND 1590 A#39 and B#31 = 143.692
ROUND 1591 A#40 and B#31 = 218.771
ROUND 1592 A#41 and B#31 = 224.248
ROUND 1593 A#42 and B#31 = 135.35
ROUND 1594 A#43 and B#31 = 117.13
ROUND 1595 A#44 and B#31 = 204.478
ROUND 1596 A#45 and B#31 = 204.956
ROUND 1597 A#46 and B#31 = 114.514
ROUND 1598 A#47 and B#31 = 214.494
ROUND 1599 A#48 and B#31 = 213.086
ROUND 1600 A#49 and B#31 = 243.76
ROUND 1601 A#0 and B#32 = 218.094
ROUND 1602 A#1 and B#32 = 212.732
ROUND 1603 A#2 and B#32 = 220.831
ROUND 1604 A#3 and B#32 = 219.221
ROUND 1605 A#4 and B#32 = 216.787
ROUND 1606 A#5 and B#32 = 211.231
ROUND 1607 A#6 and B#32 = 222.96
ROUND 1608 A#7 and B#32 = 197.084
ROUND 1609 A#8 and B#32 = 218.714
ROUND 1610 A#9 and B#32 = 217.821
ROUND 1611 A#10 and B#32 = 198.376
ROUND 1612 A#11 and B#32 = 195.958
ROUND 1613 A#12 and B#32 = 179.937
ROUND 1614 A#13 and B#32 = 64.1149
ROUND 1615 A#14 and B#32 = 219.679
ROUND 1616 A#15 and B#32 = 196.473
ROUND 1617 A#16 and B#32 = 219.558
ROUND 1618 A#17 and B#32 = 239.192
ROUND 1619 A#18 and B#32 = 205.436
ROUND 1620 A#19 and B#32 = 214.495
ROUND 1621 A#20 and B#32 = 239.984
ROUND 1622 A#21 and B#32 = 216.825
ROUND 1623 A#22 and B#32 = 51.4627
ROUND 1624 A#23 and B#32 = 231.573
ROUND 1625 A#24 and B#32 = 197.176
ROUND 1626 A#25 and B#32 = 219.698
ROUND 1627 A#26 and B#32 = 241.23
ROUND 1628 A#27 and B#32 = 214.379
ROUND 1629 A#28 and B#32 = 70.417
ROUND 1630 A#29 and B#32 = 230.261
ROUND 1631 A#30 and B#32 = 184.696
ROUND 1632 A#31 and B#32 = 208.031
ROUND 1633 A#32 and B#32 = 216.888
ROUND 1634 A#33 and B#32 = 209.881
ROUND 1635 A#34 and B#32 = 239.748
ROUND 1636 A#35 and B#32 = 240.273
ROUND 1637 A#36 and B#32 = 220.241
ROUND 1638 A#37 and B#32 = 51.4053
ROUND 1639 A#38 and B#32 = 223.84
ROUND 1640 A#39 and B#32 = 223.515
ROUND 1641 A#40 and B#32 = 192.101
ROUND 1642 A#41 and B#32 = 31.282
ROUND 1643 A#42 and B#32 = 207.796
ROUND 1644 A#43 and B#32 = 218.699
ROUND 1645 A#44 and B#32 = 197.881
ROUND 1646 A#45 and B#32 = 197.029
ROUND 1647 A#46 and B#32 = 195.327
ROUND 1648 A#47 and B#32 = 178.063
ROUND 1649 A#48 and B#32 = 187.243
ROUND 1650 A#49 and B#32 = 238.357
ROUND 1651 A#0 and B#33 = 242.703
ROUND 1652 A#1 and B#33 = 178.403
ROUND 1653 A#2 and B#33 = 223.251
ROUND 1654 A#3 and B#33 = 223.273
ROUND 1655 A#4 and B#33 = 232.707
ROUND 1656 A#5 and B#33 = 232.316
ROUND 1657 A#6 and B#33 = 225.085
ROUND 1658 A#7 and B#33 = 199.295
ROUND 1659 A#8 and B#33 = 72.4774
ROUND 1660 A#9 and B#33 = 197.03
ROUND 1661 A#10 and B#33 = 223.835
ROUND 1662 A#11 and B#33 = 218.556
ROUND 1663 A#12 and B#33 = 77.3319
ROUND 1664 A#13 and B#33 = 218.231
ROUND 1665 A#14 and B#33 = 224.279
ROUND 1666 A#15 and B#33 = 180.255
ROUND 1667 A#16 and B#33 = 195.343
ROUND 1668 A#17 and B#33 = 241.017
ROUND 1669 A#18 and B#33 = 209.54
ROUND 1670 A#19 and B#33 = 207.599
ROUND 1671 A#20 and B#33 = 171.058
ROUND 1672 A#21 and B#33 = 169.362
ROUND 1673 A#22 and B#33 = 215.514
ROUND 1674 A#23 and B#33 = 134.053
ROUND 1675 A#24 and B#33 = 219.08
ROUND 1676 A#25 and B#33 = 218.217
ROUND 1677 A#26 and B#33 = 243.482
ROUND 1678 A#27 and B#33 = 226.225
ROUND 1679 A#28 and B#33 = 228.722
ROUND 1680 A#29 and B#33 = 235.146
ROUND 1681 A#30 and B#33 = 217.72
ROUND 1682 A#31 and B#33 = 241.101
ROUND 1683 A#32 and B#33 = 95.6686
ROUND 1684 A#33 and B#33 = 112.407
ROUND 1685 A#34 and B#33 = 227.985
ROUND 1686 A#35 and B#33 = 226.433
ROUND 1687 A#36 and B#33 = 223.136
ROUND 1688 A#37 and B#33 = 126.458
ROUND 1689 A#38 and B#33 = 225.282
ROUND 1690 A#39 and B#33 = 229.222
ROUND 1691 A#40 and B#33 = 211.819
ROUND 1692 A#41 and B#33 = 224.403
ROUND 1693 A#42 and B#33 = 121.932
ROUND 1694 A#43 and B#33 = 199.853
ROUND 1695 A#44 and B#33 = 204.066
ROUND 1696 A#45 and B#33 = 201.589
ROUND 1697 A#46 and B#33 = 113.806
ROUND 1698 A#47 and B#33 = 213.068
ROUND 1699 A#48 and B#33 = 210.19
ROUND 1700 A#49 and B#33 = 242.953
ROUND 1701 A#0 and B#34 = 230.473
ROUND 1702 A#1 and B#34 = 222.459
ROUND 1703 A#2 and B#34 = 232.51
ROUND 1704 A#3 and B#34 = 111.317
ROUND 1705 A#4 and B#34 = 207.462
ROUND 1706 A#5 and B#34 = 214.06
ROUND 1707 A#6 and B#34 = 202.597
ROUND 1708 A#7 and B#34 = 228.867
ROUND 1709 A#8 and B#34 = 222.811
ROUND 1710 A#9 and B#34 = 230.362
ROUND 1711 A#10 and B#34 = 222.649
ROUND 1712 A#11 and B#34 = 205.676
ROUND 1713 A#12 and B#34 = 223.399
ROUND 1714 A#13 and B#34 = 215.227
ROUND 1715 A#14 and B#34 = 200.098
ROUND 1716 A#15 and B#34 = 173.707
ROUND 1717 A#16 and B#34 = 214.034
ROUND 1718 A#17 and B#34 = 162.418
ROUND 1719 A#18 and B#34 = 238.99
ROUND 1720 A#19 and B#34 = 228.748
ROUND 1721 A#20 and B#34 = 216.138
ROUND 1722 A#21 and B#34 = 210.214
ROUND 1723 A#22 and B#34 = 202.544
ROUND 1724 A#23 and B#34 = 240.302
ROUND 1725 A#24 and B#34 = 202.4
ROUND 1726 A#25 and B#34 = 223.131
ROUND 1727 A#26 and B#34 = 232.239
ROUND 1728 A#27 and B#34 = 155.162
ROUND 1729 A#28 and B#34 = 221.705
ROUND 1730 A#29 and B#34 = 238.089
ROUND 1731 A#30 and B#34 = 189.045
ROUND 1732 A#31 and B#34 = 218.639
ROUND 1733 A#32 and B#34 = 228.976
ROUND 1734 A#33 and B#34 = 166.028
ROUND 1735 A#34 and B#34 = 167.944
ROUND 1736 A#35 and B#34 = 238.851
ROUND 1737 A#36 and B#34 = 210.526
ROUND 1738 A#37 and B#34 = 213.163
ROUND 1739 A#38 and B#34 = 213.775
ROUND 1740 A#39 and B#34 = 212.277
ROUND 1741 A#40 and B#34 = 194.722
ROUND 1742 A#41 and B#34 = 227.962
ROUND 1743 A#42 and B#34 = 221.923
ROUND 1744 A#43 and B#34 = 210.729
ROUND 1745 A#44 and B#34 = 217.881
ROUND 1746 A#45 and B#34 = 199.24
ROUND 1747 A#46 and B#34 = 227.569
ROUND 1748 A#47 and B#34 = 190.57
ROUND 1749 A#48 and B#34 = 218.837
ROUND 1750 A#49 and B#34 = 236.752
ROUND 1751 A#0 and B#35 = 233.161
ROUND 1752 A#1 and B#35 = 214.719
ROUND 1753 A#2 and B#35 = 216.666
ROUND 1754 A#3 and B#35 = 70.3879
ROUND 1755 A#4 and B#35 = 249.127
ROUND 1756 A#5 and B#35 = 198.239
ROUND 1757 A#6 and B#35 = 135.037
ROUND 1758 A#7 and B#35 = 225.695
ROUND 1759 A#8 and B#35 = 114.491
ROUND 1760 A#9 and B#35 = 185.63
ROUND 1761 A#10 and B#35 = 195.768
ROUND 1762 A#11 and B#35 = 226.479
ROUND 1763 A#12 and B#35 = 126.681
ROUND 1764 A#13 and B#35 = 93.2153
ROUND 1765 A#14 and B#35 = 207.169
ROUND 1766 A#15 and B#35 = 222.879
ROUND 1767 A#16 and B#35 = 192.833
ROUND 1768 A#17 and B#35 = 247.443
ROUND 1769 A#18 and B#35 = 199.638
ROUND 1770 A#19 and B#35 = 185.142
ROUND 1771 A#20 and B#35 = 243.211
ROUND 1772 A#21 and B#35 = 215.275
ROUND 1773 A#22 and B#35 = 91.8415
ROUND 1774 A#23 and B#35 = 187.134
ROUND 1775 A#24 and B#35 = 199.555
ROUND 1776 A#25 and B#35 = 212.748
ROUND 1777 A#26 and B#35 = 221.32
ROUND 1778 A#27 and B#35 = 207.862
ROUND 1779 A#28 and B#35 = 225.403
ROUND 1780 A#29 and B#35 = 211.423
ROUND 1781 A#30 and B#35 = 52.3824
ROUND 1782 A#31 and B#35 = 202.826
ROUND 1783 A#32 and B#35 = 65.3777
ROUND 1784 A#33 and B#35 = 227.072
ROUND 1785 A#34 and B#35 = 226.607
ROUND 1786 A#35 and B#35 = 218.22
ROUND 1787 A#36 and B#35 = 159.209
ROUND 1788 A#37 and B#35 = 229.329
ROUND 1789 A#38 and B#35 = 184.078
ROUND 1790 A#39 and B#35 = 223.029
ROUND 1791 A#40 and B#35 = 225.53
ROUND 1792 A#41 and B#35 = 225.21
ROUND 1793 A#42 and B#35 = 179.272
ROUND 1794 A#43 and B#35 = 179.271
ROUND 1795 A#44 and B#35 = 195.964
ROUND 1796 A#45 and B#35 = 223.908
ROUND 1797 A#46 and B#35 = 212.974
ROUND 1798 A#47 and B#35 = 194.565
ROUND 1799 A#48 and B#35 = 200.353
ROUND 1800 A#49 and B#35 = 227.682
ROUND 1801 A#0 and B#36 = 221.379
ROUND 1802 A#1 and B#36 = 185.437
ROUND 1803 A#2 and B#36 = 223.697
ROUND 1804 A#3 and B#36 = 216.761
ROUND 1805 A#4 and B#36 = 221.677
ROUND 1806 A#5 and B#36 = 223.488
ROUND 1807 A#6 and B#36 = 245.711
ROUND 1808 A#7 and B#36 = 224.88
ROUND 1809 A#8 and B#36 = 199.505
ROUND 1810 A#9 and B#36 = 168.451
ROUND 1811 A#10 and B#36 = 222.528
ROUND 1812 A#11 and B#36 = 167.734
ROUND 1813 A#12 and B#36 = 223.511
ROUND 1814 A#13 and B#36 = 241.819
ROUND 1815 A#14 and B#36 = 237.013
ROUND 1816 A#15 and B#36 = 0.72362
ROUND 1817 A#16 and B#36 = 243.069
ROUND 1818 A#17 and B#36 = 217.068
ROUND 1819 A#18 and B#36 = 220.56
ROUND 1820 A#19 and B#36 = 181.541
ROUND 1821 A#20 and B#36 = 218.336
ROUND 1822 A#21 and B#36 = 208.159
ROUND 1823 A#22 and B#36 = 239.143
ROUND 1824 A#23 and B#36 = 241.78
ROUND 1825 A#24 and B#36 = 222.587
ROUND 1826 A#25 and B#36 = 217.803
ROUND 1827 A#26 and B#36 = 208.928
ROUND 1828 A#27 and B#36 = 217.706
ROUND 1829 A#28 and B#36 = 157.801
ROUND 1830 A#29 and B#36 = 198.174
ROUND 1831 A#30 and B#36 = 192.691
ROUND 1832 A#31 and B#36 = 233.933
ROUND 1833 A#32 and B#36 = 184.791
ROUND 1834 A#33 and B#36 = 219.301
ROUND 1835 A#34 and B#36 = 223.465
ROUND 1836 A#35 and B#36 = 236.276
ROUND 1837 A#36 and B#36 = 180.881
ROUND 1838 A#37 and B#36 = 103.006
ROUND 1839 A#38 and B#36 = 193.076
ROUND 1840 A#39 and B#36 = 114.336
ROUND 1841 A#40 and B#36 = 204.285
ROUND 1842 A#41 and B#36 = 179.208
ROUND 1843 A#42 and B#36 = 98.2978
ROUND 1844 A#43 and B#36 = 223.866
ROUND 1845 A#44 and B#36 = 236.946
ROUND 1846 A#45 and B#36 = 238.621
ROUND 1847 A#46 and B#36 = 223.632
ROUND 1848 A#47 and B#36 = 81.6153
ROUND 1849 A#48 and B#36 = 184.763
ROUND 1850 A#49 and B#36 = 247.64
ROUND 1851 A#0 and B#37 = 228.836
ROUND 1852 A#1 and B#37 = 223.849
ROUND 1853 A#2 and B#37 = 185.333
ROUND 1854 A#3 and B#37 = 192.364
ROUND 1855 A#4 and B#37 = 220.406
ROUND 1856 A#5 and B#37 = 220.747
ROUND 1857 A#6 and B#37 = 211.611
ROUND 1858 A#7 and B#37 = 210.535
ROUND 1859 A#8 and B#37 = 196.709
ROUND 1860 A#9 and B#37 = 198.06
ROUND 1861 A#10 and B#37 = 219.649
ROUND 1862 A#11 and B#37 = 210.599
ROUND 1863 A#12 and B#37 = 185.746
ROUND 1864 A#13 and B#37 = 239.686
ROUND 1865 A#14 and B#37 = 170.942
ROUND 1866 A#15 and B#37 = 238.483
ROUND 1867 A#16 and B#37 = 240.33
ROUND 1868 A#17 and B#37 = 188.764
ROUND 1869 A#18 and B#37 = 199.069
ROUND 1870 A#19 and B#37 = 197.598
ROUND 1871 A#20 and B#37 = 216.991
ROUND 1872 A#21 and B#37 = 224.615
ROUND 1873 A#22 and B#37 = 193.488
ROUND 1874 A#23 and B#37 = 241.073
ROUND 1875 A#24 and B#37 = 197.072
ROUND 1876 A#25 and B#37 = 192.459
ROUND 1877 A#26 and B#37 = 238.767
ROUND 1878 A#27 and B#37 = 143.581
ROUND 1879 A#28 and B#37 = 188.004
ROUND 1880 A#29 and B#37 = 199.613
ROUND 1881 A#30 and B#37 = 235.603
ROUND 1882 A#31 and B#37 = 219.633
ROUND 1883 A#32 and B#37 = 150.13
ROUND 1884 A#33 and B#37 = 223.442
ROUND 1885 A#34 and B#37 = 150.979
ROUND 1886 A#35 and B#37 = 211.028
ROUND 1887 A#36 and B#37 = 219.679
ROUND 1888 A#37 and B#37 = 220.986
ROUND 1889 A#38 and B#37 = 208.905
ROUND 1890 A#39 and B#37 = 238.692
ROUND 1891 A#40 and B#37 = 226.028
ROUND 1892 A#41 and B#37 = 222.935
ROUND 1893 A#42 and B#37 = 239.081
ROUND 1894 A#43 and B#37 = 219.628
ROUND 1895 A#44 and B#37 = 223.205
ROUND 1896 A#45 and B#37 = 222.696
ROUND 1897 A#46 and B#37 = 150.544
ROUND 1898 A#47 and B#37 = 214.109
ROUND 1899 A#48 and B#37 = 164.588
ROUND 1900 A#49 and B#37 = 210.933
ROUND 1901 A#0 and B#38 = 217.962
ROUND 1902 A#1 and B#38 = 212.71
ROUND 1903 A#2 and B#38 = 220.815
ROUND 1904 A#3 and B#38 = 219.215
ROUND 1905 A#4 and B#38 = 216.075
ROUND 1906 A#5 and B#38 = 210.824
ROUND 1907 A#6 and B#38 = 222.849
ROUND 1908 A#7 and B#38 = 219.439
ROUND 1909 A#8 and B#38 = 219.659
ROUND 1910 A#9 and B#38 = 217.931
ROUND 1911 A#10 and B#38 = 198.693
ROUND 1912 A#11 and B#38 = 196.045
ROUND 1913 A#12 and B#38 = 180.262
ROUND 1914 A#13 and B#38 = 64.4014
ROUND 1915 A#14 and B#38 = 219.588
ROUND 1916 A#15 and B#38 = 195.988
ROUND 1917 A#16 and B#38 = 219.218
ROUND 1918 A#17 and B#38 = 238.99
ROUND 1919 A#18 and B#38 = 205.375
ROUND 1920 A#19 and B#38 = 214.578
ROUND 1921 A#20 and B#38 = 239.828
ROUND 1922 A#21 and B#38 = 217.711
ROUND 1923 A#22 and B#38 = 49.5549
ROUND 1924 A#23 and B#38 = 220.352
ROUND 1925 A#24 and B#38 = 214.176
ROUND 1926 A#25 and B#38 = 220.038
ROUND 1927 A#26 and B#38 = 241.088
ROUND 1928 A#27 and B#38 = 214.308
ROUND 1929 A#28 and B#38 = 70.5127
ROUND 1930 A#29 and B#38 = 230.153
ROUND 1931 A#30 and B#38 = 184.74
ROUND 1932 A#31 and B#38 = 207.658
ROUND 1933 A#32 and B#38 = 216.967
ROUND 1934 A#33 and B#38 = 209.879
ROUND 1935 A#34 and B#38 = 239.454
ROUND 1936 A#35 and B#38 = 239.984
ROUND 1937 A#36 and B#38 = 219.909
ROUND 1938 A#37 and B#38 = 50.5626
ROUND 1939 A#38 and B#38 = 223.749
ROUND 1940 A#39 and B#38 = 223.448
ROUND 1941 A#40 and B#38 = 189.845
ROUND 1942 A#41 and B#38 = 30.6118
ROUND 1943 A#42 and B#38 = 207.834
ROUND 1944 A#43 and B#38 = 197.328
ROUND 1945 A#44 and B#38 = 197.585
ROUND 1946 A#45 and B#38 = 197.302
ROUND 1947 A#46 and B#38 = 195.291
ROUND 1948 A#47 and B#38 = 179.231
ROUND 1949 A#48 and B#38 = 187.248
ROUND 1950 A#49 and B#38 = 238.183
ROUND 1951 A#0 and B#39 = 228.233
ROUND 1952 A#1 and B#39 = 154.591
ROUND 1953 A#2 and B#39 = 243.056
ROUND 1954 A#3 and B#39 = 170.499
ROUND 1955 A#4 and B#39 = 223.251
ROUND 1956 A#5 and B#39 = 229.38
ROUND 1957 A#6 and B#39 = 180.103
ROUND 1958 A#7 and B#39 = 208.981
ROUND 1959 A#8 and B#39 = 205.035
ROUND 1960 A#9 and B#39 = 172.342
ROUND 1961 A#10 and B#39 = 224.646
ROUND 1962 A#11 and B#39 = 215.324
ROUND 1963 A#12 and B#39 = 53.3066
ROUND 1964 A#13 and B#39 = 109.205
ROUND 1965 A#14 and B#39 = 179.915
ROUND 1966 A#15 and B#39 = 227.121
ROUND 1967 A#16 and B#39 = 117.491
ROUND 1968 A#17 and B#39 = 241.304
ROUND 1969 A#18 and B#39 = 196.291
ROUND 1970 A#19 and B#39 = 172.337
ROUND 1971 A#20 and B#39 = 225.855
ROUND 1972 A#21 and B#39 = 202.551
ROUND 1973 A#22 and B#39 = 218.969
ROUND 1974 A#23 and B#39 = 140.6
ROUND 1975 A#24 and B#39 = 234.016
ROUND 1976 A#25 and B#39 = 169.256
ROUND 1977 A#26 and B#39 = 243.624
ROUND 1978 A#27 and B#39 = 231.724
ROUND 1979 A#28 and B#39 = 199.304
ROUND 1980 A#29 and B#39 = 223.197
ROUND 1981 A#30 and B#39 = 219.166
ROUND 1982 A#31 and B#39 = 241.708
ROUND 1983 A#32 and B#39 = 84.65
ROUND 1984 A#33 and B#39 = 91.143
ROUND 1985 A#34 and B#39 = 190.671
ROUND 1986 A#35 and B#39 = 199.235
ROUND 1987 A#36 and B#39 = 172.768
ROUND 1988 A#37 and B#39 = 107.356
ROUND 1989 A#38 and B#39 = 156.104
ROUND 1990 A#39 and B#39 = 117.198
ROUND 1991 A#40 and B#39 = 211.167
ROUND 1992 A#41 and B#39 = 224.281
ROUND 1993 A#42 and B#39 = 135.685
ROUND 1994 A#43 and B#39 = 154.685
ROUND 1995 A#44 and B#39 = 187.729
ROUND 1996 A#45 and B#39 = 193.979
ROUND 1997 A#46 and B#39 = 88.8993
ROUND 1998 A#47 and B#39 = 200.361
ROUND 1999 A#48 and B#39 = 166.196
ROUND 2000 A#49 and B#39 = 203.793
ROUND 2001 A#0 and B#40 = 232.84
ROUND 2002 A#1 and B#40 = 214.521
ROUND 2003 A#2 and B#40 = 217.43
ROUND 2004 A#3 and B#40 = 70.1325
ROUND 2005 A#4 and B#40 = 248.877
ROUND 2006 A#5 and B#40 = 197.794
ROUND 2007 A#6 and B#40 = 134.603
ROUND 2008 A#7 and B#40 = 225.617
ROUND 2009 A#8 and B#40 = 114.081
ROUND 2010 A#9 and B#40 = 185.981
ROUND 2011 A#10 and B#40 = 195.847
ROUND 2012 A#11 and B#40 = 226.402
ROUND 2013 A#12 and B#40 = 125.928
ROUND 2014 A#13 and B#40 = 92.7548
ROUND 2015 A#14 and B#40 = 207.384
ROUND 2016 A#15 and B#40 = 222.817
ROUND 2017 A#16 and B#40 = 192.286
ROUND 2018 A#17 and B#40 = 247.31
ROUND 2019 A#18 and B#40 = 199.538
ROUND 2020 A#19 and B#40 = 185.433
ROUND 2021 A#20 and B#40 = 243.114
ROUND 2022 A#21 and B#40 = 215.313
ROUND 2023 A#22 and B#40 = 219.429
ROUND 2024 A#23 and B#40 = 187.457
ROUND 2025 A#24 and B#40 = 200.097
ROUND 2026 A#25 and B#40 = 213.227
ROUND 2027 A#26 and B#40 = 221.162
ROUND 2028 A#27 and B#40 = 207.909
ROUND 2029 A#28 and B#40 = 225.539
ROUND 2030 A#29 and B#40 = 211.307
ROUND 2031 A#30 and B#40 = 52.1418
ROUND 2032 A#31 and B#40 = 203.52
ROUND 2033 A#32 and B#40 = 196.567
ROUND 2034 A#33 and B#40 = 226.885
ROUND 2035 A#34 and B#40 = 226.578
ROUND 2036 A#35 and B#40 = 218.014
ROUND 2037 A#36 and B#40 = 159.027
ROUND 2038 A#37 and B#40 = 229.159
ROUND 2039 A#38 and B#40 = 184.291
ROUND 2040 A#39 and B#40 = 222.947
ROUND 2041 A#40 and B#40 = 225.532
ROUND 2042 A#41 and B#40 = 225.286
ROUND 2043 A#42 and B#40 = 179.303
ROUND 2044 A#43 and B#40 = 179.2
ROUND 2045 A#44 and B#40 = 215.821
ROUND 2046 A#45 and B#40 = 223.701
ROUND 2047 A#46 and B#40 = 212.942
ROUND 2048 A#47 and B#40 = 216.073
ROUND 2049 A#48 and B#40 = 200.545
ROUND 2050 A#49 and B#40 = 227.484
ROUND 2051 A#0 and B#41 = 96.6592
ROUND 2052 A#1 and B#41 = 162.63
ROUND 2053 A#2 and B#41 = 213.186
ROUND 2054 A#3 and B#41 = 205.952
ROUND 2055 A#4 and B#41 = 206.004
ROUND 2056 A#5 and B#41 = 228.947
ROUND 2057 A#6 and B#41 = 214.116
ROUND 2058 A#7 and B#41 = 206.832
ROUND 2059 A#8 and B#41 = 61.2475
ROUND 2060 A#9 and B#41 = 201.003
ROUND 2061 A#10 and B#41 = 224.52
ROUND 2062 A#11 and B#41 = 209.326
ROUND 2063 A#12 and B#41 = 67.3753
ROUND 2064 A#13 and B#41 = 199.498
ROUND 2065 A#14 and B#41 = 205.635
ROUND 2066 A#15 and B#41 = 165.844
ROUND 2067 A#16 and B#41 = 198.032
ROUND 2068 A#17 and B#41 = 240.963
ROUND 2069 A#18 and B#41 = 204.753
ROUND 2070 A#19 and B#41 = 227.043
ROUND 2071 A#20 and B#41 = 218.168
ROUND 2072 A#21 and B#41 = 160.314
ROUND 2073 A#22 and B#41 = 218.67
ROUND 2074 A#23 and B#41 = 230.953
ROUND 2075 A#24 and B#41 = 237.896
ROUND 2076 A#25 and B#41 = 203.313
ROUND 2077 A#26 and B#41 = 242.952
ROUND 2078 A#27 and B#41 = 225.855
ROUND 2079 A#28 and B#41 = 191.855
ROUND 2080 A#29 and B#41 = 117.197
ROUND 2081 A#30 and B#41 = 163.977
ROUND 2082 A#31 and B#41 = 241.83
ROUND 2083 A#32 and B#41 = 165.135
ROUND 2084 A#33 and B#41 = 98.373
ROUND 2085 A#34 and B#41 = 216.98
ROUND 2086 A#35 and B#41 = 227.479
ROUND 2087 A#36 and B#41 = 203.242
ROUND 2088 A#37 and B#41 = 100.449
ROUND 2089 A#38 and B#41 = 231.487
ROUND 2090 A#39 and B#41 = 223.568
ROUND 2091 A#40 and B#41 = 203.843
ROUND 2092 A#41 and B#41 = 174.24
ROUND 2093 A#42 and B#41 = 196.428
ROUND 2094 A#43 and B#41 = 197.198
ROUND 2095 A#44 and B#41 = 191.396
ROUND 2096 A#45 and B#41 = 201.668
ROUND 2097 A#46 and B#41 = 96.1284
ROUND 2098 A#47 and B#41 = 207.53
ROUND 2099 A#48 and B#41 = 211.092
ROUND 2100 A#49 and B#41 = 235.343
ROUND 2101 A#0 and B#42 = 229.215
ROUND 2102 A#1 and B#42 = 156.909
ROUND 2103 A#2 and B#42 = 242.758
ROUND 2104 A#3 and B#42 = 170.872
ROUND 2105 A#4 and B#42 = 220.31
ROUND 2106 A#5 and B#42 = 229.514
ROUND 2107 A#6 and B#42 = 180.077
ROUND 2108 A#7 and B#42 = 208.538
ROUND 2109 A#8 and B#42 = 249.197
ROUND 2110 A#9 and B#42 = 172.856
ROUND 2111 A#10 and B#42 = 224.508
ROUND 2112 A#11 and B#42 = 215.018
ROUND 2113 A#12 and B#42 = 52.7817
ROUND 2114 A#13 and B#42 = 111.187
ROUND 2115 A#14 and B#42 = 180.366
ROUND 2116 A#15 and B#42 = 157.996
ROUND 2117 A#16 and B#42 = 117.266
ROUND 2118 A#17 and B#42 = 241.226
ROUND 2119 A#18 and B#42 = 196.919
ROUND 2120 A#19 and B#42 = 172.879
ROUND 2121 A#20 and B#42 = 224.263
ROUND 2122 A#21 and B#42 = 156.101
ROUND 2123 A#22 and B#42 = 219.116
ROUND 2124 A#23 and B#42 = 200.944
ROUND 2125 A#24 and B#42 = 234.072
ROUND 2126 A#25 and B#42 = 169.805
ROUND 2127 A#26 and B#42 = 243.58
ROUND 2128 A#27 and B#42 = 231.738
ROUND 2129 A#28 and B#42 = 199.013
ROUND 2130 A#29 and B#42 = 223.236
ROUND 2131 A#30 and B#42 = 227.566
ROUND 2132 A#31 and B#42 = 241.563
ROUND 2133 A#32 and B#42 = 84.0257
ROUND 2134 A#33 and B#42 = 91.0296
ROUND 2135 A#34 and B#42 = 191.434
ROUND 2136 A#35 and B#42 = 241.575
ROUND 2137 A#36 and B#42 = 171.315
ROUND 2138 A#37 and B#42 = 107.082
ROUND 2139 A#38 and B#42 = 156.978
ROUND 2140 A#39 and B#42 = 117.977
ROUND 2141 A#40 and B#42 = 212.03
ROUND 2142 A#41 and B#42 = 224.166
ROUND 2143 A#42 and B#42 = 138.463
ROUND 2144 A#43 and B#42 = 154.702
ROUND 2145 A#44 and B#42 = 188.034
ROUND 2146 A#45 and B#42 = 194.968
ROUND 2147 A#46 and B#42 = 89.3082
ROUND 2148 A#47 and B#42 = 200.599
ROUND 2149 A#48 and B#42 = 166.854
ROUND 2150 A#49 and B#42 = 204.284
ROUND 2151 A#0 and B#43 = 220.879
ROUND 2152 A#1 and B#43 = 164.559
ROUND 2153 A#2 and B#43 = 214.441
ROUND 2154 A#3 and B#43 = 207.474
ROUND 2155 A#4 and B#43 = 222.924
ROUND 2156 A#5 and B#43 = 228.311
ROUND 2157 A#6 and B#43 = 215.365
ROUND 2158 A#7 and B#43 = 205.632
ROUND 2159 A#8 and B#43 = 61.4047
ROUND 2160 A#9 and B#43 = 178.756
ROUND 2161 A#10 and B#43 = 224.762
ROUND 2162 A#11 and B#43 = 214.232
ROUND 2163 A#12 and B#43 = 68.9776
ROUND 2164 A#13 and B#43 = 198.525
ROUND 2165 A#14 and B#43 = 211.759
ROUND 2166 A#15 and B#43 = 160.008
ROUND 2167 A#16 and B#43 = 117.184
ROUND 2168 A#17 and B#43 = 241.243
ROUND 2169 A#18 and B#43 = 193.232
ROUND 2170 A#19 and B#43 = 188.94
ROUND 2171 A#20 and B#43 = 218.314
ROUND 2172 A#21 and B#43 = 162.349
ROUND 2173 A#22 and B#43 = 218.806
ROUND 2174 A#23 and B#43 = 232.157
ROUND 2175 A#24 and B#43 = 222.589
ROUND 2176 A#25 and B#43 = 205.336
ROUND 2177 A#26 and B#43 = 243.575
ROUND 2178 A#27 and B#43 = 226.55
ROUND 2179 A#28 and B#43 = 195.736
ROUND 2180 A#29 and B#43 = 119.057
ROUND 2181 A#30 and B#43 = 166.163
ROUND 2182 A#31 and B#43 = 241.88
ROUND 2183 A#32 and B#43 = 87.8644
ROUND 2184 A#33 and B#43 = 101.742
ROUND 2185 A#34 and B#43 = 220.219
ROUND 2186 A#35 and B#43 = 229.241
ROUND 2187 A#36 and B#43 = 205.625
ROUND 2188 A#37 and B#43 = 109.164
ROUND 2189 A#38 and B#43 = 156.433
ROUND 2190 A#39 and B#43 = 122.029
ROUND 2191 A#40 and B#43 = 215.654
ROUND 2192 A#41 and B#43 = 224.39
ROUND 2193 A#42 and B#43 = 135.642
ROUND 2194 A#43 and B#43 = 115.514
ROUND 2195 A#44 and B#43 = 186.757
ROUND 2196 A#45 and B#43 = 201.726
ROUND 2197 A#46 and B#43 = 102.138
ROUND 2198 A#47 and B#43 = 208.742
ROUND 2199 A#48 and B#43 = 204.876
ROUND 2200 A#49 and B#43 = 236.211
ROUND 2201 A#0 and B#44 = 230.655
ROUND 2202 A#1 and B#44 = 223.859
ROUND 2203 A#2 and B#44 = 212.218
ROUND 2204 A#3 and B#44 = 117.621
ROUND 2205 A#4 and B#44 = 204.98
ROUND 2206 A#5 and B#44 = 220.321
ROUND 2207 A#6 and B#44 = 202.379
ROUND 2208 A#7 and B#44 = 229.005
ROUND 2209 A#8 and B#44 = 221.682
ROUND 2210 A#9 and B#44 = 230.412
ROUND 2211 A#10 and B#44 = 220.131
ROUND 2212 A#11 and B#44 = 206.839
ROUND 2213 A#12 and B#44 = 195.152
ROUND 2214 A#13 and B#44 = 214.084
ROUND 2215 A#14 and B#44 = 202.412
ROUND 2216 A#15 and B#44 = 238.346
ROUND 2217 A#16 and B#44 = 213.433
ROUND 2218 A#17 and B#44 = 163.222
ROUND 2219 A#18 and B#44 = 238.898
ROUND 2220 A#19 and B#44 = 228.862
ROUND 2221 A#20 and B#44 = 216.712
ROUND 2222 A#21 and B#44 = 217.132
ROUND 2223 A#22 and B#44 = 189.402
ROUND 2224 A#23 and B#44 = 190.815
ROUND 2225 A#24 and B#44 = 140.816
ROUND 2226 A#25 and B#44 = 223.228
ROUND 2227 A#26 and B#44 = 238.759
ROUND 2228 A#27 and B#44 = 155.968
ROUND 2229 A#28 and B#44 = 221.166
ROUND 2230 A#29 and B#44 = 237.836
ROUND 2231 A#30 and B#44 = 24.5225
ROUND 2232 A#31 and B#44 = 219.327
ROUND 2233 A#32 and B#44 = 229.086
ROUND 2234 A#33 and B#44 = 189.582
ROUND 2235 A#34 and B#44 = 167.036
ROUND 2236 A#35 and B#44 = 200.374
ROUND 2237 A#36 and B#44 = 209.925
ROUND 2238 A#37 and B#44 = 214.665
ROUND 2239 A#38 and B#44 = 213.511
ROUND 2240 A#39 and B#44 = 211.72
ROUND 2241 A#40 and B#44 = 227.859
ROUND 2242 A#41 and B#44 = 228.089
ROUND 2243 A#42 and B#44 = 190.799
ROUND 2244 A#43 and B#44 = 219.945
ROUND 2245 A#44 and B#44 = 191.047
ROUND 2246 A#45 and B#44 = 218.044
ROUND 2247 A#46 and B#44 = 227.705
ROUND 2248 A#47 and B#44 = 194.704
ROUND 2249 A#48 and B#44 = 228.965
ROUND 2250 A#49 and B#44 = 236.643
ROUND 2251 A#0 and B#45 = 230.942
ROUND 2252 A#1 and B#45 = 182.197
ROUND 2253 A#2 and B#45 = 232.544
ROUND 2254 A#3 and B#45 = 112.639
ROUND 2255 A#4 and B#45 = 204.103
ROUND 2256 A#5 and B#45 = 223.965
ROUND 2257 A#6 and B#45 = 210.101
ROUND 2258 A#7 and B#45 = 228.914
ROUND 2259 A#8 and B#45 = 222.217
ROUND 2260 A#9 and B#45 = 230.387
ROUND 2261 A#10 and B#45 = 192.014
ROUND 2262 A#11 and B#45 = 205.731
ROUND 2263 A#12 and B#45 = 224.027
ROUND 2264 A#13 and B#45 = 215.709
ROUND 2265 A#14 and B#45 = 200.147
ROUND 2266 A#15 and B#45 = 188.919
ROUND 2267 A#16 and B#45 = 214.202
ROUND 2268 A#17 and B#45 = 162.71
ROUND 2269 A#18 and B#45 = 238.843
ROUND 2270 A#19 and B#45 = 228.779
ROUND 2271 A#20 and B#45 = 161.16
ROUND 2272 A#21 and B#45 = 222.034
ROUND 2273 A#22 and B#45 = 228.321
ROUND 2274 A#23 and B#45 = 241.33
ROUND 2275 A#24 and B#45 = 140.845
ROUND 2276 A#25 and B#45 = 223.005
ROUND 2277 A#26 and B#45 = 239.791
ROUND 2278 A#27 and B#45 = 155.078
ROUND 2279 A#28 and B#45 = 221.569
ROUND 2280 A#29 and B#45 = 238.238
ROUND 2281 A#30 and B#45 = 18.0425
ROUND 2282 A#31 and B#45 = 197.793
ROUND 2283 A#32 and B#45 = 229.003
ROUND 2284 A#33 and B#45 = 222.44
ROUND 2285 A#34 and B#45 = 167.699
ROUND 2286 A#35 and B#45 = 230.586
ROUND 2287 A#36 and B#45 = 210.343
ROUND 2288 A#37 and B#45 = 213.164
ROUND 2289 A#38 and B#45 = 215.006
ROUND 2290 A#39 and B#45 = 212.221
ROUND 2291 A#40 and B#45 = 195.125
ROUND 2292 A#41 and B#45 = 227.988
ROUND 2293 A#42 and B#45 = 191.548
ROUND 2294 A#43 and B#45 = 205.091
ROUND 2295 A#44 and B#45 = 218.135
ROUND 2296 A#45 and B#45 = 199.259
ROUND 2297 A#46 and B#45 = 227.604
ROUND 2298 A#47 and B#45 = 191.49
ROUND 2299 A#48 and B#45 = 198.518
ROUND 2300 A#49 and B#45 = 236.793
ROUND 2301 A#0 and B#46 = 218.139
ROUND 2302 A#1 and B#46 = 212.826
ROUND 2303 A#2 and B#46 = 238.027
ROUND 2304 A#3 and B#46 = 189.137
ROUND 2305 A#4 and B#46 = 212.255
ROUND 2306 A#5 and B#46 = 209.806
ROUND 2307 A#6 and B#46 = 218.26
ROUND 2308 A#7 and B#46 = 201.266
ROUND 2309 A#8 and B#46 = 210.637
ROUND 2310 A#9 and B#46 = 213.681
ROUND 2311 A#10 and B#46 = 198.819
ROUND 2312 A#11 and B#46 = 197.149
ROUND 2313 A#12 and B#46 = 186.717
ROUND 2314 A#13 and B#46 = 238.738
ROUND 2315 A#14 and B#46 = 219.495
ROUND 2316 A#15 and B#46 = 183.587
ROUND 2317 A#16 and B#46 = 238.731
ROUND 2318 A#17 and B#46 = 161.281
ROUND 2319 A#18 and B#46 = 205.376
ROUND 2320 A#19 and B#46 = 209.739
ROUND 2321 A#20 and B#46 = 222.165
ROUND 2322 A#21 and B#46 = 213.245
ROUND 2323 A#22 and B#46 = 218.894
ROUND 2324 A#23 and B#46 = 219.931
ROUND 2325 A#24 and B#46 = 214.306
ROUND 2326 A#25 and B#46 = 196.403
ROUND 2327 A#26 and B#46 = 238.67
ROUND 2328 A#27 and B#46 = 214.42
ROUND 2329 A#28 and B#46 = 187.054
ROUND 2330 A#29 and B#46 = 229.718
ROUND 2331 A#30 and B#46 = 220.041
ROUND 2332 A#31 and B#46 = 179.647
ROUND 2333 A#32 and B#46 = 171.559
ROUND 2334 A#33 and B#46 = 220.202
ROUND 2335 A#34 and B#46 = 211.296
ROUND 2336 A#35 and B#46 = 220.439
ROUND 2337 A#36 and B#46 = 203.097
ROUND 2338 A#37 and B#46 = 179.978
ROUND 2339 A#38 and B#46 = 218.759
ROUND 2340 A#39 and B#46 = 238.97
ROUND 2341 A#40 and B#46 = 196.823
ROUND 2342 A#41 and B#46 = 238.241
ROUND 2343 A#42 and B#46 = 179.178
ROUND 2344 A#43 and B#46 = 217.889
ROUND 2345 A#44 and B#46 = 217.55
ROUND 2346 A#45 and B#46 = 237.837
ROUND 2347 A#46 and B#46 = 189.424
ROUND 2348 A#47 and B#46 = 180.528
ROUND 2349 A#48 and B#46 = 195.476
ROUND 2350 A#49 and B#46 = 237.388
ROUND 2351 A#0 and B#47 = 233.702
ROUND 2352 A#1 and B#47 = 223.755
ROUND 2353 A#2 and B#47 = 195.488
ROUND 2354 A#3 and B#47 = 82.1097
ROUND 2355 A#4 and B#47 = 215.23
ROUND 2356 A#5 and B#47 = 220.421
ROUND 2357 A#6 and B#47 = 209.509
ROUND 2358 A#7 and B#47 = 212.117
ROUND 2359 A#8 and B#47 = 190.363
ROUND 2360 A#9 and B#47 = 198.248
ROUND 2361 A#10 and B#47 = 219.935
ROUND 2362 A#11 and B#47 = 211.532
ROUND 2363 A#12 and B#47 = 219.672
ROUND 2364 A#13 and B#47 = 239.892
ROUND 2365 A#14 and B#47 = 214.913
ROUND 2366 A#15 and B#47 = 238.659
ROUND 2367 A#16 and B#47 = 240.604
ROUND 2368 A#17 and B#47 = 190.842
ROUND 2369 A#18 and B#47 = 201.331
ROUND 2370 A#19 and B#47 = 197.731
ROUND 2371 A#20 and B#47 = 223.138
ROUND 2372 A#21 and B#47 = 228.587
ROUND 2373 A#22 and B#47 = 193.583
ROUND 2374 A#23 and B#47 = 241.268
ROUND 2375 A#24 and B#47 = 124.368
ROUND 2376 A#25 and B#47 = 194.645
ROUND 2377 A#26 and B#47 = 238.975
ROUND 2378 A#27 and B#47 = 144.674
ROUND 2379 A#28 and B#47 = 219.126
ROUND 2380 A#29 and B#47 = 201.921
ROUND 2381 A#30 and B#47 = 224.207
ROUND 2382 A#31 and B#47 = 218.51
ROUND 2383 A#32 and B#47 = 214.204
ROUND 2384 A#33 and B#47 = 189.893
ROUND 2385 A#34 and B#47 = 152.952
ROUND 2386 A#35 and B#47 = 239.608
ROUND 2387 A#36 and B#47 = 169.161
ROUND 2388 A#37 and B#47 = 219.61
ROUND 2389 A#38 and B#47 = 207.373
ROUND 2390 A#39 and B#47 = 238.815
ROUND 2391 A#40 and B#47 = 224.215
ROUND 2392 A#41 and B#47 = 189.731
ROUND 2393 A#42 and B#47 = 235.486
ROUND 2394 A#43 and B#47 = 220.041
ROUND 2395 A#44 and B#47 = 223.23
ROUND 2396 A#45 and B#47 = 223.031
ROUND 2397 A#46 and B#47 = 212.927
ROUND 2398 A#47 and B#47 = 214.215
ROUND 2399 A#48 and B#47 = 225.432
ROUND 2400 A#49 and B#47 = 210.855
ROUND 2401 A#0 and B#48 = 233.693
ROUND 2402 A#1 and B#48 = 223.809
ROUND 2403 A#2 and B#48 = 211.214
ROUND 2404 A#3 and B#48 = 118.052
ROUND 2405 A#4 and B#48 = 206.022
ROUND 2406 A#5 and B#48 = 220.6
ROUND 2407 A#6 and B#48 = 201.76
ROUND 2408 A#7 and B#48 = 228.543
ROUND 2409 A#8 and B#48 = 221.378
ROUND 2410 A#9 and B#48 = 229.841
ROUND 2411 A#10 and B#48 = 198.667
ROUND 2412 A#11 and B#48 = 206.849
ROUND 2413 A#12 and B#48 = 196.102
ROUND 2414 A#13 and B#48 = 214.881
ROUND 2415 A#14 and B#48 = 199.261
ROUND 2416 A#15 and B#48 = 238.497
ROUND 2417 A#16 and B#48 = 211.75
ROUND 2418 A#17 and B#48 = 162.379
ROUND 2419 A#18 and B#48 = 238.515
ROUND 2420 A#19 and B#48 = 228.398
ROUND 2421 A#20 and B#48 = 219.523
ROUND 2422 A#21 and B#48 = 228.579
ROUND 2423 A#22 and B#48 = 189.546
ROUND 2424 A#23 and B#48 = 241.012
ROUND 2425 A#24 and B#48 = 139.854
ROUND 2426 A#25 and B#48 = 222.974
ROUND 2427 A#26 and B#48 = 238.778
ROUND 2428 A#27 and B#48 = 156.065
ROUND 2429 A#28 and B#48 = 220.748
ROUND 2430 A#29 and B#48 = 237.209
ROUND 2431 A#30 and B#48 = 26.0108
ROUND 2432 A#31 and B#48 = 219.139
ROUND 2433 A#32 and B#48 = 228.601
ROUND 2434 A#33 and B#48 = 189.603
ROUND 2435 A#34 and B#48 = 167.366
ROUND 2436 A#35 and B#48 = 199.771
ROUND 2437 A#36 and B#48 = 208.978
ROUND 2438 A#37 and B#48 = 212.565
ROUND 2439 A#38 and B#48 = 216.295
ROUND 2440 A#39 and B#48 = 210.386
ROUND 2441 A#40 and B#48 = 224.425
ROUND 2442 A#41 and B#48 = 227.681
ROUND 2443 A#42 and B#48 = 236.437
ROUND 2444 A#43 and B#48 = 220.139
ROUND 2445 A#44 and B#48 = 215.399
ROUND 2446 A#45 and B#48 = 218.345
ROUND 2447 A#46 and B#48 = 227.313
ROUND 2448 A#47 and B#48 = 195.402
ROUND 2449 A#48 and B#48 = 203.309
ROUND 2450 A#49 and B#48 = 211.121
ROUND 2451 A#0 and B#49 = 206.842
ROUND 2452 A#1 and B#49 = 119.136
ROUND 2453 A#2 and B#49 = 217.213
ROUND 2454 A#3 and B#49 = 213.98
ROUND 2455 A#4 and B#49 = 180.497
ROUND 2456 A#5 and B#49 = 221.991
ROUND 2457 A#6 and B#49 = 160.767
ROUND 2458 A#7 and B#49 = 213.754
ROUND 2459 A#8 and B#49 = 189.259
ROUND 2460 A#9 and B#49 = 237.659
ROUND 2461 A#10 and B#49 = 213.87
ROUND 2462 A#11 and B#49 = 196.677
ROUND 2463 A#12 and B#49 = 216.272
ROUND 2464 A#13 and B#49 = 203.618
ROUND 2465 A#14 and B#49 = 214.793
ROUND 2466 A#15 and B#49 = 215.745
ROUND 2467 A#16 and B#49 = 240.443
ROUND 2468 A#17 and B#49 = 188.249
ROUND 2469 A#18 and B#49 = 196.142
ROUND 2470 A#19 and B#49 = 240.188
ROUND 2471 A#20 and B#49 = 218.186
ROUND 2472 A#21 and B#49 = 186.835
ROUND 2473 A#22 and B#49 = 157.23
ROUND 2474 A#23 and B#49 = 226.863
ROUND 2475 A#24 and B#49 = 129.841
ROUND 2476 A#25 and B#49 = 193.625
ROUND 2477 A#26 and B#49 = 216.484
ROUND 2478 A#27 and B#49 = 218.229
ROUND 2479 A#28 and B#49 = 128.096
ROUND 2480 A#29 and B#49 = 242.968
ROUND 2481 A#30 and B#49 = 196.916
ROUND 2482 A#31 and B#49 = 212.408
ROUND 2483 A#32 and B#49 = 254.049
ROUND 2484 A#33 and B#49 = 214.259
ROUND 2485 A#34 and B#49 = 210.928
ROUND 2486 A#35 and B#49 = 221.544
ROUND 2487 A#36 and B#49 = 207.531
ROUND 2488 A#37 and B#49 = 210.974
ROUND 2489 A#38 and B#49 = 209.677
ROUND 2490 A#39 and B#49 = 221.961
ROUND 2491 A#40 and B#49 = 213.976
ROUND 2492 A#41 and B#49 = 265.801
ROUND 2493 A#42 and B#49 = 239.264
ROUND 2494 A#43 and B#49 = 239.514
ROUND 2495 A#44 and B#49 = 169.515
ROUND 2496 A#45 and B#49 = 170.171
ROUND 2497 A#46 and B#49 = 33.5341
ROUND 2498 A#47 and B#49 = 60.781
ROUND 2499 A#48 and B#49 = 200.198
ROUND 2500 A#49 and B#49 = 188.617

The best overlap is between conformer A#41 and B#49, which, after PCA followed by Steepest Descent, produces a volume overlap of 265.801
Tanimoto (Hodgkin) similarity index: 0.351142

Saving those best conformers to file...
WRITING MOLECULE TO FILE '../ALL_PAIRS_BQ123_AS_REFERENCE/ROKS3/BQ123-TBC3711.mol2' (WILL OVERWRITE EXISTING FILE IF ANY)...
WRITING MOLECULE TO FILE '../ALL_PAIRS_BQ123_AS_REFERENCE/ROKS3/BQ123-TBC3711.mol2'...
