==============================
*** Open Babel Warning  in parseAtomRecord
  WARNING: Problems reading a PDB file
  Problems reading a HETATM or ATOM record.
  According to the PDB specification,
  columns 77-78 should contain the element symbol of an atom.
  but OpenBabel found '  ' (atom 1)
==============================
*** Open Babel Warning  in parseAtomRecord
  WARNING: Problems reading a PDB file
  Problems reading a HETATM or ATOM record.
  According to the PDB specification,
  columns 77-78 should contain the element symbol of an atom.
  but OpenBabel found '  ' (atom 2)
==============================
*** Open Babel Warning  in parseAtomRecord
  WARNING: Problems reading a PDB file
  Problems reading a HETATM or ATOM record.
  According to the PDB specification,
  columns 77-78 should contain the element symbol of an atom.
  but OpenBabel found '  ' (atom 3)
==============================
*** Open Babel Warning  in parseAtomRecord
  WARNING: Problems reading a PDB file
  Problems reading a HETATM or ATOM record.
  According to the PDB specification,
  columns 77-78 should contain the element symbol of an atom.
  but OpenBabel found '  ' (atom 4)
==============================
*** Open Babel Warning  in parseAtomRecord
  WARNING: Problems reading a PDB file
  Problems reading a HETATM or ATOM record.
  According to the PDB specification,
  columns 77-78 should contain the element symbol of an atom.
  but OpenBabel found '  ' (atom 5)
==============================
*** Open Babel Warning  in parseAtomRecord
  WARNING: Problems reading a PDB file
  Problems reading a HETATM or ATOM record.
  According to the PDB specification,
  columns 77-78 should contain the element symbol of an atom.
  but OpenBabel found '  ' (atom 6)
==============================
*** Open Babel Warning  in parseAtomRecord
  WARNING: Problems reading a PDB file
  Problems reading a HETATM or ATOM record.
  According to the PDB specification,
  columns 77-78 should contain the element symbol of an atom.
  but OpenBabel found '  ' (atom 7)
==============================
*** Open Babel Warning  in parseAtomRecord
  WARNING: Problems reading a PDB file
  Problems reading a HETATM or ATOM record.
  According to the PDB specification,
  columns 77-78 should contain the element symbol of an atom.
  but OpenBabel found '  ' (atom 8)
==============================
*** Open Babel Warning  in parseAtomRecord
  WARNING: Problems reading a PDB file
  Problems reading a HETATM or ATOM record.
  According to the PDB specification,
  columns 77-78 should contain the element symbol of an atom.
  but OpenBabel found '  ' (atom 9)
==============================
*** Open Babel Warning  in parseAtomRecord
  WARNING: Problems reading a PDB file
  Problems reading a HETATM or ATOM record.
  According to the PDB specification,
  columns 77-78 should contain the element symbol of an atom.
  but OpenBabel found '  ' (atom 10)
==============================
*** Open Babel Warning  in parseAtomRecord
  WARNING: Problems reading a PDB file
  Problems reading a HETATM or ATOM record.
  According to the PDB specification,
  columns 77-78 should contain the element symbol of an atom.
  but OpenBabel found '  ' (atom 11)
==============================
*** Open Babel Warning  in parseAtomRecord
  WARNING: Problems reading a PDB file
  Problems reading a HETATM or ATOM record.
  According to the PDB specification,
  columns 77-78 should contain the element symbol of an atom.
  but OpenBabel found '  ' (atom 12)
==============================
*** Open Babel Warning  in parseAtomRecord
  WARNING: Problems reading a PDB file
  Problems reading a HETATM or ATOM record.
  According to the PDB specification,
  columns 77-78 should contain the element symbol of an atom.
  but OpenBabel found '  ' (atom 13)
==============================
*** Open Babel Warning  in parseAtomRecord
  WARNING: Problems reading a PDB file
  Problems reading a HETATM or ATOM record.
  According to the PDB specification,
  columns 77-78 should contain the element symbol of an atom.
  but OpenBabel found '  ' (atom 14)
==============================
*** Open Babel Warning  in parseAtomRecord
  WARNING: Problems reading a PDB file
  Problems reading a HETATM or ATOM record.
  According to the PDB specification,
  columns 77-78 should contain the element symbol of an atom.
  but OpenBabel found '  ' (atom 15)
==============================
*** Open Babel Warning  in parseAtomRecord
  WARNING: Problems reading a PDB file
  Problems reading a HETATM or ATOM record.
  According to the PDB specification,
  columns 77-78 should contain the element symbol of an atom.
  but OpenBabel found '  ' (atom 16)
==============================
*** Open Babel Warning  in parseAtomRecord
  WARNING: Problems reading a PDB file
  Problems reading a HETATM or ATOM record.
  According to the PDB specification,
  columns 77-78 should contain the element symbol of an atom.
  but OpenBabel found '  ' (atom 17)
==============================
*** Open Babel Warning  in parseAtomRecord
  WARNING: Problems reading a PDB file
  Problems reading a HETATM or ATOM record.
  According to the PDB specification,
  columns 77-78 should contain the element symbol of an atom.
  but OpenBabel found '  ' (atom 18)
==============================
*** Open Babel Warning  in parseAtomRecord
  WARNING: Problems reading a PDB file
  Problems reading a HETATM or ATOM record.
  According to the PDB specification,
  columns 77-78 should contain the element symbol of an atom.
  but OpenBabel found '  ' (atom 19)
==============================
*** Open Babel Warning  in parseAtomRecord
  WARNING: Problems reading a PDB file
  Problems reading a HETATM or ATOM record.
  According to the PDB specification,
  columns 77-78 should contain the element symbol of an atom.
  but OpenBabel found '  ' (atom 20)
==============================
*** Open Babel Warning  in parseAtomRecord
  WARNING: Problems reading a PDB file
  Problems reading a HETATM or ATOM record.
  According to the PDB specification,
  columns 77-78 should contain the element symbol of an atom.
  but OpenBabel found '  ' (atom 21)
==============================
*** Open Babel Warning  in parseAtomRecord
  WARNING: Problems reading a PDB file
  Problems reading a HETATM or ATOM record.
  According to the PDB specification,
  columns 77-78 should contain the element symbol of an atom.
  but OpenBabel found '  ' (atom 22)
==============================
*** Open Babel Warning  in parseAtomRecord
  WARNING: Problems reading a PDB file
  Problems reading a HETATM or ATOM record.
  According to the PDB specification,
  columns 77-78 should contain the element symbol of an atom.
  but OpenBabel found '  ' (atom 23)
==============================
*** Open Babel Warning  in parseAtomRecord
  WARNING: Problems reading a PDB file
  Problems reading a HETATM or ATOM record.
  According to the PDB specification,
  columns 77-78 should contain the element symbol of an atom.
  but OpenBabel found '  ' (atom 24)
==============================
*** Open Babel Warning  in parseAtomRecord
  WARNING: Problems reading a PDB file
  Problems reading a HETATM or ATOM record.
  According to the PDB specification,
  columns 77-78 should contain the element symbol of an atom.
  but OpenBabel found '  ' (atom 25)
==============================
*** Open Babel Warning  in parseAtomRecord
  WARNING: Problems reading a PDB file
  Problems reading a HETATM or ATOM record.
  According to the PDB specification,
  columns 77-78 should contain the element symbol of an atom.
  but OpenBabel found '  ' (atom 26)
Finished importing molecules
WARNING: LAPACK DSYEV() RETURNED NON-ZERO ERROR CODE 2
WARNING: LAPACK DSYEV() RETURNED NON-ZERO ERROR CODE 3
WARNING: LAPACK DSYEV() RETURNED NON-ZERO ERROR CODE 2
WARNING: LAPACK DSYEV() RETURNED NON-ZERO ERROR CODE 2
WARNING: LAPACK DSYEV() RETURNED NON-ZERO ERROR CODE 2
WARNING: LAPACK DSYEV() RETURNED NON-ZERO ERROR CODE 2
WARNING: LAPACK DSYEV() RETURNED NON-ZERO ERROR CODE 2
WARNING: LAPACK DSYEV() RETURNED NON-ZERO ERROR CODE 2
WARNING: LAPACK DSYEV() RETURNED NON-ZERO ERROR CODE 2
WARNING: LAPACK DSYEV() RETURNED NON-ZERO ERROR CODE 2
WARNING: LAPACK DSYEV() RETURNED NON-ZERO ERROR CODE 2
WARNING: LAPACK DSYEV() RETURNED NON-ZERO ERROR CODE 2
WARNING: LAPACK DSYEV() RETURNED NON-ZERO ERROR CODE 2
WARNING: LAPACK DSYEV() RETURNED NON-ZERO ERROR CODE 2
WARNING: LAPACK DSYEV() RETURNED NON-ZERO ERROR CODE 2
WARNING: LAPACK DSYEV() RETURNED NON-ZERO ERROR CODE 3
WARNING: LAPACK DSYEV() RETURNED NON-ZERO ERROR CODE 2
WARNING: LAPACK DSYEV() RETURNED NON-ZERO ERROR CODE 3
WARNING: LAPACK DSYEV() RETURNED NON-ZERO ERROR CODE 2
WARNING: LAPACK DSYEV() RETURNED NON-ZERO ERROR CODE 3
WARNING: LAPACK DSYEV() RETURNED NON-ZERO ERROR CODE 2
WARNING: LAPACK DSYEV() RETURNED NON-ZERO ERROR CODE 2
WARNING: LAPACK DSYEV() RETURNED NON-ZERO ERROR CODE 2
WARNING: LAPACK DSYEV() RETURNED NON-ZERO ERROR CODE 2
WARNING: LAPACK DSYEV() RETURNED NON-ZERO ERROR CODE 2
WARNING: LAPACK DSYEV() RETURNED NON-ZERO ERROR CODE 2
WARNING: LAPACK DSYEV() RETURNED NON-ZERO ERROR CODE 2
WARNING: LAPACK DSYEV() RETURNED NON-ZERO ERROR CODE 2
WARNING: LAPACK DSYEV() RETURNED NON-ZERO ERROR CODE 2
WARNING: LAPACK DSYEV() RETURNED NON-ZERO ERROR CODE 3
WARNING: LAPACK DSYEV() RETURNED NON-ZERO ERROR CODE 3
WARNING: LAPACK DSYEV() RETURNED NON-ZERO ERROR CODE 2
WARNING: LAPACK DSYEV() RETURNED NON-ZERO ERROR CODE 2
WARNING: LAPACK DSYEV() RETURNED NON-ZERO ERROR CODE 2
WARNING: LAPACK DSYEV() RETURNED NON-ZERO ERROR CODE 2
WARNING: LAPACK DSYEV() RETURNED NON-ZERO ERROR CODE 2
WARNING: LAPACK DSYEV() RETURNED NON-ZERO ERROR CODE 2
WARNING: LAPACK DSYEV() RETURNED NON-ZERO ERROR CODE 3
WARNING: LAPACK DSYEV() RETURNED NON-ZERO ERROR CODE 3
WARNING: LAPACK DSYEV() RETURNED NON-ZERO ERROR CODE 2
WARNING: LAPACK DSYEV() RETURNED NON-ZERO ERROR CODE 2
WARNING: LAPACK DSYEV() RETURNED NON-ZERO ERROR CODE 2
WARNING: LAPACK DSYEV() RETURNED NON-ZERO ERROR CODE 2
WARNING: LAPACK DSYEV() RETURNED NON-ZERO ERROR CODE 2
WARNING: LAPACK DSYEV() RETURNED NON-ZERO ERROR CODE 3
WARNING: LAPACK DSYEV() RETURNED NON-ZERO ERROR CODE 2
WARNING: LAPACK DSYEV() RETURNED NON-ZERO ERROR CODE 2
WARNING: LAPACK DSYEV() RETURNED NON-ZERO ERROR CODE 2
WARNING: LAPACK DSYEV() RETURNED NON-ZERO ERROR CODE 2
WARNING: LAPACK DSYEV() RETURNED NON-ZERO ERROR CODE 2
WARNING: LAPACK DSYEV() RETURNED NON-ZERO ERROR CODE 2
Finished setting up data; running search...
ROUND 1 A#0 and B#0 = 609.193
ROUND 2 A#1 and B#0 = 617.145
ROUND 3 A#2 and B#0 = 650.196
ROUND 4 A#3 and B#0 = 650.586
ROUND 5 A#4 and B#0 = 652.979
ROUND 6 A#5 and B#0 = 585.636
ROUND 7 A#6 and B#0 = 602.296
ROUND 8 A#7 and B#0 = 585.87
ROUND 9 A#8 and B#0 = 517.18
ROUND 10 A#9 and B#0 = 578.392
ROUND 11 A#10 and B#0 = 587.886
ROUND 12 A#11 and B#0 = 650.299
ROUND 13 A#12 and B#0 = 624.102
ROUND 14 A#13 and B#0 = 550.358
ROUND 15 A#14 and B#0 = 591.805
ROUND 16 A#15 and B#0 = 509.352
ROUND 17 A#16 and B#0 = 591.626
ROUND 18 A#17 and B#0 = 520.687
ROUND 19 A#18 and B#0 = 619.62
ROUND 20 A#19 and B#0 = 525.472
ROUND 21 A#20 and B#0 = 566.813
ROUND 22 A#21 and B#0 = 594.836
ROUND 23 A#22 and B#0 = 583.947
ROUND 24 A#23 and B#0 = 548.355
ROUND 25 A#24 and B#0 = 656.118
ROUND 26 A#25 and B#0 = 611.769
ROUND 27 A#26 and B#0 = 549.978
ROUND 28 A#27 and B#0 = 601.809
ROUND 29 A#28 and B#0 = 597.306
ROUND 30 A#29 and B#0 = 616.347
ROUND 31 A#30 and B#0 = 563.884
ROUND 32 A#31 and B#0 = 619.243
ROUND 33 A#32 and B#0 = 595.196
ROUND 34 A#33 and B#0 = 560.013
ROUND 35 A#34 and B#0 = 555.668
ROUND 36 A#35 and B#0 = 552.223
ROUND 37 A#36 and B#0 = 550.73
ROUND 38 A#37 and B#0 = 516.782
ROUND 39 A#38 and B#0 = 578.251
ROUND 40 A#39 and B#0 = 528.198
ROUND 41 A#40 and B#0 = 568.724
ROUND 42 A#41 and B#0 = 549.461
ROUND 43 A#42 and B#0 = 623.162
ROUND 44 A#43 and B#0 = 529.676
ROUND 45 A#44 and B#0 = 516.225
ROUND 46 A#45 and B#0 = 565.325
ROUND 47 A#46 and B#0 = 567.574
ROUND 48 A#47 and B#0 = 563.578
ROUND 49 A#48 and B#0 = 608.417
ROUND 50 A#49 and B#0 = 567.712

The best overlap is between conformer A#24 and B#0, which, after PCA followed by Steepest Descent, produces a volume overlap of 656.118
Tanimoto (Hodgkin) similarity index: 0.485976

Saving those best conformers to file...
==============================
*** Open Babel Warning  in parseAtomRecord
  WARNING: Problems reading a PDB file
  Problems reading a HETATM or ATOM record.
  According to the PDB specification,
  columns 77-78 should contain the element symbol of an atom.
  but OpenBabel found '  ' (atom 1)
==============================
*** Open Babel Warning  in parseAtomRecord
  WARNING: Problems reading a PDB file
  Problems reading a HETATM or ATOM record.
  According to the PDB specification,
  columns 77-78 should contain the element symbol of an atom.
  but OpenBabel found '  ' (atom 2)
==============================
*** Open Babel Warning  in parseAtomRecord
  WARNING: Problems reading a PDB file
  Problems reading a HETATM or ATOM record.
  According to the PDB specification,
  columns 77-78 should contain the element symbol of an atom.
  but OpenBabel found '  ' (atom 3)
==============================
*** Open Babel Warning  in parseAtomRecord
  WARNING: Problems reading a PDB file
  Problems reading a HETATM or ATOM record.
  According to the PDB specification,
  columns 77-78 should contain the element symbol of an atom.
  but OpenBabel found '  ' (atom 4)
==============================
*** Open Babel Warning  in parseAtomRecord
  WARNING: Problems reading a PDB file
  Problems reading a HETATM or ATOM record.
  According to the PDB specification,
  columns 77-78 should contain the element symbol of an atom.
  but OpenBabel found '  ' (atom 5)
==============================
*** Open Babel Warning  in parseAtomRecord
  WARNING: Problems reading a PDB file
  Problems reading a HETATM or ATOM record.
  According to the PDB specification,
  columns 77-78 should contain the element symbol of an atom.
  but OpenBabel found '  ' (atom 6)
==============================
*** Open Babel Warning  in parseAtomRecord
  WARNING: Problems reading a PDB file
  Problems reading a HETATM or ATOM record.
  According to the PDB specification,
  columns 77-78 should contain the element symbol of an atom.
  but OpenBabel found '  ' (atom 7)
==============================
*** Open Babel Warning  in parseAtomRecord
  WARNING: Problems reading a PDB file
  Problems reading a HETATM or ATOM record.
  According to the PDB specification,
  columns 77-78 should contain the element symbol of an atom.
  but OpenBabel found '  ' (atom 8)
==============================
*** Open Babel Warning  in parseAtomRecord
  WARNING: Problems reading a PDB file
  Problems reading a HETATM or ATOM record.
  According to the PDB specification,
  columns 77-78 should contain the element symbol of an atom.
  but OpenBabel found '  ' (atom 9)
==============================
*** Open Babel Warning  in parseAtomRecord
  WARNING: Problems reading a PDB file
  Problems reading a HETATM or ATOM record.
  According to the PDB specification,
  columns 77-78 should contain the element symbol of an atom.
  but OpenBabel found '  ' (atom 10)
==============================
*** Open Babel Warning  in parseAtomRecord
  WARNING: Problems reading a PDB file
  Problems reading a HETATM or ATOM record.
  According to the PDB specification,
  columns 77-78 should contain the element symbol of an atom.
  but OpenBabel found '  ' (atom 11)
==============================
*** Open Babel Warning  in parseAtomRecord
  WARNING: Problems reading a PDB file
  Problems reading a HETATM or ATOM record.
  According to the PDB specification,
  columns 77-78 should contain the element symbol of an atom.
  but OpenBabel found '  ' (atom 12)
==============================
*** Open Babel Warning  in parseAtomRecord
  WARNING: Problems reading a PDB file
  Problems reading a HETATM or ATOM record.
  According to the PDB specification,
  columns 77-78 should contain the element symbol of an atom.
  but OpenBabel found '  ' (atom 13)
==============================
*** Open Babel Warning  in parseAtomRecord
  WARNING: Problems reading a PDB file
  Problems reading a HETATM or ATOM record.
  According to the PDB specification,
  columns 77-78 should contain the element symbol of an atom.
  but OpenBabel found '  ' (atom 14)
==============================
*** Open Babel Warning  in parseAtomRecord
  WARNING: Problems reading a PDB file
  Problems reading a HETATM or ATOM record.
  According to the PDB specification,
  columns 77-78 should contain the element symbol of an atom.
  but OpenBabel found '  ' (atom 15)
==============================
*** Open Babel Warning  in parseAtomRecord
  WARNING: Problems reading a PDB file
  Problems reading a HETATM or ATOM record.
  According to the PDB specification,
  columns 77-78 should contain the element symbol of an atom.
  but OpenBabel found '  ' (atom 16)
==============================
*** Open Babel Warning  in parseAtomRecord
  WARNING: Problems reading a PDB file
  Problems reading a HETATM or ATOM record.
  According to the PDB specification,
  columns 77-78 should contain the element symbol of an atom.
  but OpenBabel found '  ' (atom 17)
==============================
*** Open Babel Warning  in parseAtomRecord
  WARNING: Problems reading a PDB file
  Problems reading a HETATM or ATOM record.
  According to the PDB specification,
  columns 77-78 should contain the element symbol of an atom.
  but OpenBabel found '  ' (atom 18)
==============================
*** Open Babel Warning  in parseAtomRecord
  WARNING: Problems reading a PDB file
  Problems reading a HETATM or ATOM record.
  According to the PDB specification,
  columns 77-78 should contain the element symbol of an atom.
  but OpenBabel found '  ' (atom 19)
==============================
*** Open Babel Warning  in parseAtomRecord
  WARNING: Problems reading a PDB file
  Problems reading a HETATM or ATOM record.
  According to the PDB specification,
  columns 77-78 should contain the element symbol of an atom.
  but OpenBabel found '  ' (atom 20)
==============================
*** Open Babel Warning  in parseAtomRecord
  WARNING: Problems reading a PDB file
  Problems reading a HETATM or ATOM record.
  According to the PDB specification,
  columns 77-78 should contain the element symbol of an atom.
  but OpenBabel found '  ' (atom 21)
==============================
*** Open Babel Warning  in parseAtomRecord
  WARNING: Problems reading a PDB file
  Problems reading a HETATM or ATOM record.
  According to the PDB specification,
  columns 77-78 should contain the element symbol of an atom.
  but OpenBabel found '  ' (atom 22)
==============================
*** Open Babel Warning  in parseAtomRecord
  WARNING: Problems reading a PDB file
  Problems reading a HETATM or ATOM record.
  According to the PDB specification,
  columns 77-78 should contain the element symbol of an atom.
  but OpenBabel found '  ' (atom 23)
==============================
*** Open Babel Warning  in parseAtomRecord
  WARNING: Problems reading a PDB file
  Problems reading a HETATM or ATOM record.
  According to the PDB specification,
  columns 77-78 should contain the element symbol of an atom.
  but OpenBabel found '  ' (atom 24)
==============================
*** Open Babel Warning  in parseAtomRecord
  WARNING: Problems reading a PDB file
  Problems reading a HETATM or ATOM record.
  According to the PDB specification,
  columns 77-78 should contain the element symbol of an atom.
  but OpenBabel found '  ' (atom 25)
==============================
*** Open Babel Warning  in parseAtomRecord
  WARNING: Problems reading a PDB file
  Problems reading a HETATM or ATOM record.
  According to the PDB specification,
  columns 77-78 should contain the element symbol of an atom.
  but OpenBabel found '  ' (atom 26)
==============================
*** Open Babel Warning  in parseAtomRecord
  WARNING: Problems reading a PDB file
  Problems reading a HETATM or ATOM record.
  According to the PDB specification,
  columns 77-78 should contain the element symbol of an atom.
  but OpenBabel found '  ' (atom 27)
==============================
*** Open Babel Warning  in parseAtomRecord
  WARNING: Problems reading a PDB file
  Problems reading a HETATM or ATOM record.
  According to the PDB specification,
  columns 77-78 should contain the element symbol of an atom.
  but OpenBabel found '  ' (atom 28)
==============================
*** Open Babel Warning  in parseAtomRecord
  WARNING: Problems reading a PDB file
  Problems reading a HETATM or ATOM record.
  According to the PDB specification,
  columns 77-78 should contain the element symbol of an atom.
  but OpenBabel found '  ' (atom 29)
==============================
*** Open Babel Warning  in parseAtomRecord
  WARNING: Problems reading a PDB file
  Problems reading a HETATM or ATOM record.
  According to the PDB specification,
  columns 77-78 should contain the element symbol of an atom.
  but OpenBabel found '  ' (atom 30)
==============================
*** Open Babel Warning  in parseAtomRecord
  WARNING: Problems reading a PDB file
  Problems reading a HETATM or ATOM record.
  According to the PDB specification,
  columns 77-78 should contain the element symbol of an atom.
  but OpenBabel found '  ' (atom 31)
==============================
*** Open Babel Warning  in parseAtomRecord
  WARNING: Problems reading a PDB file
  Problems reading a HETATM or ATOM record.
  According to the PDB specification,
  columns 77-78 should contain the element symbol of an atom.
  but OpenBabel found '  ' (atom 32)
==============================
*** Open Babel Warning  in parseAtomRecord
  WARNING: Problems reading a PDB file
  Problems reading a HETATM or ATOM record.
  According to the PDB specification,
  columns 77-78 should contain the element symbol of an atom.
  but OpenBabel found '  ' (atom 33)
==============================
*** Open Babel Warning  in parseAtomRecord
  WARNING: Problems reading a PDB file
  Problems reading a HETATM or ATOM record.
  According to the PDB specification,
  columns 77-78 should contain the element symbol of an atom.
  but OpenBabel found '  ' (atom 34)
==============================
*** Open Babel Warning  in parseAtomRecord
  WARNING: Problems reading a PDB file
  Problems reading a HETATM or ATOM record.
  According to the PDB specification,
  columns 77-78 should contain the element symbol of an atom.
  but OpenBabel found '  ' (atom 35)
==============================
*** Open Babel Warning  in parseAtomRecord
  WARNING: Problems reading a PDB file
  Problems reading a HETATM or ATOM record.
  According to the PDB specification,
  columns 77-78 should contain the element symbol of an atom.
  but OpenBabel found '  ' (atom 36)
==============================
*** Open Babel Warning  in parseAtomRecord
  WARNING: Problems reading a PDB file
  Problems reading a HETATM or ATOM record.
  According to the PDB specification,
  columns 77-78 should contain the element symbol of an atom.
  but OpenBabel found '  ' (atom 37)
==============================
*** Open Babel Warning  in parseAtomRecord
  WARNING: Problems reading a PDB file
  Problems reading a HETATM or ATOM record.
  According to the PDB specification,
  columns 77-78 should contain the element symbol of an atom.
  but OpenBabel found '  ' (atom 38)
==============================
*** Open Babel Warning  in parseAtomRecord
  WARNING: Problems reading a PDB file
  Problems reading a HETATM or ATOM record.
  According to the PDB specification,
  columns 77-78 should contain the element symbol of an atom.
  but OpenBabel found '  ' (atom 39)
==============================
*** Open Babel Warning  in parseAtomRecord
  WARNING: Problems reading a PDB file
  Problems reading a HETATM or ATOM record.
  According to the PDB specification,
  columns 77-78 should contain the element symbol of an atom.
  but OpenBabel found '  ' (atom 40)
==============================
*** Open Babel Warning  in parseAtomRecord
  WARNING: Problems reading a PDB file
  Problems reading a HETATM or ATOM record.
  According to the PDB specification,
  columns 77-78 should contain the element symbol of an atom.
  but OpenBabel found '  ' (atom 41)
==============================
*** Open Babel Warning  in parseAtomRecord
  WARNING: Problems reading a PDB file
  Problems reading a HETATM or ATOM record.
  According to the PDB specification,
  columns 77-78 should contain the element symbol of an atom.
  but OpenBabel found '  ' (atom 42)
==============================
*** Open Babel Warning  in parseAtomRecord
  WARNING: Problems reading a PDB file
  Problems reading a HETATM or ATOM record.
  According to the PDB specification,
  columns 77-78 should contain the element symbol of an atom.
  but OpenBabel found '  ' (atom 43)
==============================
*** Open Babel Warning  in parseAtomRecord
  WARNING: Problems reading a PDB file
  Problems reading a HETATM or ATOM record.
  According to the PDB specification,
  columns 77-78 should contain the element symbol of an atom.
  but OpenBabel found '  ' (atom 44)
==============================
*** Open Babel Warning  in parseAtomRecord
  WARNING: Problems reading a PDB file
  Problems reading a HETATM or ATOM record.
  According to the PDB specification,
  columns 77-78 should contain the element symbol of an atom.
  but OpenBabel found '  ' (atom 45)
==============================
*** Open Babel Warning  in parseAtomRecord
  WARNING: Problems reading a PDB file
  Problems reading a HETATM or ATOM record.
  According to the PDB specification,
  columns 77-78 should contain the element symbol of an atom.
  but OpenBabel found '  ' (atom 46)
==============================
*** Open Babel Warning  in parseAtomRecord
  WARNING: Problems reading a PDB file
  Problems reading a HETATM or ATOM record.
  According to the PDB specification,
  columns 77-78 should contain the element symbol of an atom.
  but OpenBabel found '  ' (atom 47)
WRITING MOLECULE TO FILE '../1EDN_SUPERIMPOSITIONS/CUT2/PCA1_17-21__PD156707.mol2' (WILL OVERWRITE EXISTING FILE IF ANY)...
WRITING MOLECULE TO FILE '../1EDN_SUPERIMPOSITIONS/CUT2/PCA1_17-21__PD156707.mol2'...
WRITING MOLECULE TO FILE '../1EDN_SUPERIMPOSITIONS/CUT2/PCA1_17-21__PD156707.mol2'...
