#>>Similarities in List format<<
#COMMAND lkcombu -M A -con T -mtd 1 -idl .
#DATE_START Jul 10,2013 13:54:21
#LIBRARY_DIRECTORY .
#NMOL_IN_LIBRARY 31
#DATA 0 ./234551.mol 234551.mol
#DATA 1 ./737004.mol 11672244
#DATA 2 ./A216546.mol 01012527H
#DATA 3 ./ACT132577.mol ACT132577.mol
#DATA 4 ./Ambrisentan.sdf 6918493
#DATA 5 ./Atrasentan.sdf 159594
#DATA 6 ./Avosentan.sdf 9912992
#DATA 7 ./BMS193884.sdf 9843631
#DATA 8 ./Bosentan.sdf 104865
#DATA 9 ./BQ123.sdf 16219006
#DATA 10 ./BQ788.sdf 23693553
#DATA 11 ./BSF302146.mol CDK0517131425
#DATA 12 ./ClazosentanSodium.sdf 46174076
#DATA 13 ./Darusentan.sdf 177236
#DATA 14 ./EdonentanHydrate.mol EdonentanHydrate.mol
#DATA 15 ./Enrasentan.sdf 178103
#DATA 16 ./FR139317.sdf 107810
#DATA 17 ./J104132.sdf 3047752
#DATA 18 ./Macitentan.sdf 16004692
#DATA 19 ./Nebentan.sdf 9957262
#DATA 20 ./PD156707.mol 9871593
#DATA 21 ./PS433540.mol 02228316B
#DATA 22 ./S1255.mol 01479498K
#DATA 23 ./SB209670.mol SB209670.mol
#DATA 24 ./SitaxentanSodium.sdf 46174111
#DATA 25 ./TA0201.mol CDK0517131406
#DATA 26 ./TAK044.sdf 123882
#DATA 27 ./TBC3711.sdf 9911482
#DATA 28 ./TezosentanDisodium.sdf 9939443
#DATA 29 ./ZD1611.mol 01178588C
#DATA 30 ./Zibotentan.sdf 9910224
0 234551.mol 1 737004.mol 0.190476
0 234551.mol 2 A216546.mol 0.257576
0 234551.mol 3 ACT132577.mol 0.213115
0 234551.mol 4 Ambrisentan.sdf 0.237288
0 234551.mol 5 Atrasentan.sdf 0.242424
0 234551.mol 6 Avosentan.sdf 0.196970
0 234551.mol 7 BMS193884.sdf 0.216667
0 234551.mol 8 Bosentan.sdf 0.217391
0 234551.mol 9 BQ123.sdf 0.202703
0 234551.mol 10 BQ788.sdf 0.243243
0 234551.mol 11 BSF302146.mol 0.241379
0 234551.mol 12 ClazosentanSodium.sdf 0.189189
0 234551.mol 13 Darusentan.sdf 0.250000
0 234551.mol 14 EdonentanHydrate.mol 0.217391
0 234551.mol 15 Enrasentan.sdf 0.301587
0 234551.mol 16 FR139317.sdf 0.253521
0 234551.mol 17 J104132.sdf 0.312500
0 234551.mol 18 Macitentan.sdf 0.166667
0 234551.mol 19 Nebentan.sdf 0.212121
0 234551.mol 20 PD156707.mol 0.338710
0 234551.mol 21 PS433540.mol 0.242857
0 234551.mol 22 S1255.mol 0.316667
0 234551.mol 23 SB209670.mol 0.296875
0 234551.mol 24 SitaxentanSodium.sdf 0.271186
0 234551.mol 25 TA0201.mol 0.150685
0 234551.mol 26 TAK044.sdf 0.189474
0 234551.mol 27 TBC3711.sdf 0.250000
0 234551.mol 28 TezosentanDisodium.sdf 0.200000
0 234551.mol 29 ZD1611.mol 0.283333
0 234551.mol 30 Zibotentan.sdf 0.271186
1 737004.mol 2 A216546.mol 0.192308
1 737004.mol 3 ACT132577.mol 0.135135
1 737004.mol 4 Ambrisentan.sdf 0.185714
1 737004.mol 5 Atrasentan.sdf 0.210526
1 737004.mol 6 Avosentan.sdf 0.186667
1 737004.mol 7 BMS193884.sdf 0.169014
1 737004.mol 8 Bosentan.sdf 0.189873
1 737004.mol 9 BQ123.sdf 0.164706
1 737004.mol 10 BQ788.sdf 0.214286
1 737004.mol 11 BSF302146.mol 0.188406
1 737004.mol 12 ClazosentanSodium.sdf 0.166667
1 737004.mol 13 Darusentan.sdf 0.164384
1 737004.mol 14 EdonentanHydrate.mol 0.205128
1 737004.mol 15 Enrasentan.sdf 0.226667
1 737004.mol 16 FR139317.sdf 0.222222
1 737004.mol 17 J104132.sdf 0.236842
1 737004.mol 18 Macitentan.sdf 0.144737
1 737004.mol 19 Nebentan.sdf 0.285714
1 737004.mol 20 PD156707.mol 0.162500
1 737004.mol 21 PS433540.mol 0.182927
1 737004.mol 22 S1255.mol 0.202703
1 737004.mol 23 SB209670.mol 0.192308
1 737004.mol 24 SitaxentanSodium.sdf 0.164384
1 737004.mol 25 TA0201.mol 0.270270
1 737004.mol 26 TAK044.sdf 0.217822
1 737004.mol 27 TBC3711.sdf 0.180556
1 737004.mol 28 TezosentanDisodium.sdf 0.162791
1 737004.mol 29 ZD1611.mol 0.175676
1 737004.mol 30 Zibotentan.sdf 0.180556
2 A216546.mol 3 ACT132577.mol 0.218182
2 A216546.mol 4 Ambrisentan.sdf 0.222222
2 A216546.mol 5 Atrasentan.sdf 0.666667
2 A216546.mol 6 Avosentan.sdf 0.200000
2 A216546.mol 7 BMS193884.sdf 0.200000
2 A216546.mol 8 Bosentan.sdf 0.222222
2 A216546.mol 9 BQ123.sdf 0.301587
2 A216546.mol 10 BQ788.sdf 0.250000
2 A216546.mol 11 BSF302146.mol 0.226415
2 A216546.mol 12 ClazosentanSodium.sdf 0.208955
2 A216546.mol 13 Darusentan.sdf 0.214286
2 A216546.mol 14 EdonentanHydrate.mol 0.184615
2 A216546.mol 15 Enrasentan.sdf 0.388889
2 A216546.mol 16 FR139317.sdf 0.281250
2 A216546.mol 17 J104132.sdf 0.425926
2 A216546.mol 18 Macitentan.sdf 0.296296
2 A216546.mol 19 Nebentan.sdf 0.216667
2 A216546.mol 20 PD156707.mol 0.266667
2 A216546.mol 21 PS433540.mol 0.269841
2 A216546.mol 22 S1255.mol 0.333333
2 A216546.mol 23 SB209670.mol 0.381818
2 A216546.mol 24 SitaxentanSodium.sdf 0.259259
2 A216546.mol 25 TA0201.mol 0.203125
2 A216546.mol 26 TAK044.sdf 0.247059
2 A216546.mol 27 TBC3711.sdf 0.172414
2 A216546.mol 28 TezosentanDisodium.sdf 0.169014
2 A216546.mol 29 ZD1611.mol 0.228070
2 A216546.mol 30 Zibotentan.sdf 0.192982
3 ACT132577.mol 4 Ambrisentan.sdf 0.212766
3 ACT132577.mol 5 Atrasentan.sdf 0.222222
3 ACT132577.mol 6 Avosentan.sdf 0.235294
3 ACT132577.mol 7 BMS193884.sdf 0.295455
3 ACT132577.mol 8 Bosentan.sdf 0.360000
3 ACT132577.mol 9 BQ123.sdf 0.216667
3 ACT132577.mol 10 BQ788.sdf 0.151515
3 ACT132577.mol 11 BSF302146.mol 0.217391
3 ACT132577.mol 12 ClazosentanSodium.sdf 0.333333
3 ACT132577.mol 13 Darusentan.sdf 0.204082
3 ACT132577.mol 14 EdonentanHydrate.mol 0.214286
3 ACT132577.mol 15 Enrasentan.sdf 0.200000
3 ACT132577.mol 16 FR139317.sdf 0.237288
3 ACT132577.mol 17 J104132.sdf 0.259259
3 ACT132577.mol 18 Macitentan.sdf 0.848485
3 ACT132577.mol 19 Nebentan.sdf 0.306122
3 ACT132577.mol 20 PD156707.mol 0.175439
3 ACT132577.mol 21 PS433540.mol 0.224138
3 ACT132577.mol 22 S1255.mol 0.235294
3 ACT132577.mol 23 SB209670.mol 0.196429
3 ACT132577.mol 24 SitaxentanSodium.sdf 0.229167
3 ACT132577.mol 25 TA0201.mol 0.658537
3 ACT132577.mol 26 TAK044.sdf 0.141176
3 ACT132577.mol 27 TBC3711.sdf 0.229167
3 ACT132577.mol 28 TezosentanDisodium.sdf 0.321429
3 ACT132577.mol 29 ZD1611.mol 0.270833
3 ACT132577.mol 30 Zibotentan.sdf 0.282609
4 Ambrisentan.sdf 5 Atrasentan.sdf 0.274510
4 Ambrisentan.sdf 6 Avosentan.sdf 0.240000
4 Ambrisentan.sdf 7 BMS193884.sdf 0.302326
4 Ambrisentan.sdf 8 Bosentan.sdf 0.240741
4 Ambrisentan.sdf 9 BQ123.sdf 0.200000
4 Ambrisentan.sdf 10 BQ788.sdf 0.171875
4 Ambrisentan.sdf 11 BSF302146.mol 0.896552
4 Ambrisentan.sdf 12 ClazosentanSodium.sdf 0.183333
4 Ambrisentan.sdf 13 Darusentan.sdf 0.812500
4 Ambrisentan.sdf 14 EdonentanHydrate.mol 0.240741
4 Ambrisentan.sdf 15 Enrasentan.sdf 0.326531
4 Ambrisentan.sdf 16 FR139317.sdf 0.220339
4 Ambrisentan.sdf 17 J104132.sdf 0.313726
4 Ambrisentan.sdf 18 Macitentan.sdf 0.200000
4 Ambrisentan.sdf 19 Nebentan.sdf 0.285714
4 Ambrisentan.sdf 20 PD156707.mol 0.320000
4 Ambrisentan.sdf 21 PS433540.mol 0.250000
4 Ambrisentan.sdf 22 S1255.mol 0.377778
4 Ambrisentan.sdf 23 SB209670.mol 0.320000
4 Ambrisentan.sdf 24 SitaxentanSodium.sdf 0.208333
4 Ambrisentan.sdf 25 TA0201.mol 0.218182
4 Ambrisentan.sdf 26 TAK044.sdf 0.142857
4 Ambrisentan.sdf 27 TBC3711.sdf 0.208333
4 Ambrisentan.sdf 28 TezosentanDisodium.sdf 0.177419
4 Ambrisentan.sdf 29 ZD1611.mol 0.276596
4 Ambrisentan.sdf 30 Zibotentan.sdf 0.234043
5 Atrasentan.sdf 6 Avosentan.sdf 0.245614
5 Atrasentan.sdf 7 BMS193884.sdf 0.274510
5 Atrasentan.sdf 8 Bosentan.sdf 0.206349
5 Atrasentan.sdf 9 BQ123.sdf 0.246154
5 Atrasentan.sdf 10 BQ788.sdf 0.292308
5 Atrasentan.sdf 11 BSF302146.mol 0.280000
5 Atrasentan.sdf 12 ClazosentanSodium.sdf 0.230769
5 Atrasentan.sdf 13 Darusentan.sdf 0.288462
5 Atrasentan.sdf 14 EdonentanHydrate.mol 0.288136
5 Atrasentan.sdf 15 Enrasentan.sdf 0.574468
5 Atrasentan.sdf 16 FR139317.sdf 0.208955
5 Atrasentan.sdf 17 J104132.sdf 0.583333
5 Atrasentan.sdf 18 Macitentan.sdf 0.277778
5 Atrasentan.sdf 19 Nebentan.sdf 0.220339
5 Atrasentan.sdf 20 PD156707.mol 0.442308
5 Atrasentan.sdf 21 PS433540.mol 0.253968
5 Atrasentan.sdf 22 S1255.mol 0.543478
5 Atrasentan.sdf 23 SB209670.mol 0.562500
5 Atrasentan.sdf 24 SitaxentanSodium.sdf 0.313726
5 Atrasentan.sdf 25 TA0201.mol 0.245902
5 Atrasentan.sdf 26 TAK044.sdf 0.193182
5 Atrasentan.sdf 27 TBC3711.sdf 0.240741
5 Atrasentan.sdf 28 TezosentanDisodium.sdf 0.223881
5 Atrasentan.sdf 29 ZD1611.mol 0.277778
5 Atrasentan.sdf 30 Zibotentan.sdf 0.264151
6 Avosentan.sdf 7 BMS193884.sdf 0.265306
6 Avosentan.sdf 8 Bosentan.sdf 0.697674
6 Avosentan.sdf 9 BQ123.sdf 0.164179
6 Avosentan.sdf 10 BQ788.sdf 0.140845
6 Avosentan.sdf 11 BSF302146.mol 0.220000
6 Avosentan.sdf 12 ClazosentanSodium.sdf 0.790698
6 Avosentan.sdf 13 Darusentan.sdf 0.207547
6 Avosentan.sdf 14 EdonentanHydrate.mol 0.216667
6 Avosentan.sdf 15 Enrasentan.sdf 0.245614
6 Avosentan.sdf 16 FR139317.sdf 0.164179
6 Avosentan.sdf 17 J104132.sdf 0.237288
6 Avosentan.sdf 18 Macitentan.sdf 0.320000
6 Avosentan.sdf 19 Nebentan.sdf 0.642857
6 Avosentan.sdf 20 PD156707.mol 0.263158
6 Avosentan.sdf 21 PS433540.mol 0.225806
6 Avosentan.sdf 22 S1255.mol 0.236364
6 Avosentan.sdf 23 SB209670.mol 0.241379
6 Avosentan.sdf 24 SitaxentanSodium.sdf 0.306122
6 Avosentan.sdf 25 TA0201.mol 0.403846
6 Avosentan.sdf 26 TAK044.sdf 0.108696
6 Avosentan.sdf 27 TBC3711.sdf 0.306122
6 Avosentan.sdf 28 TezosentanDisodium.sdf 0.755556
6 Avosentan.sdf 29 ZD1611.mol 0.269231
6 Avosentan.sdf 30 Zibotentan.sdf 0.280000
7 BMS193884.sdf 8 Bosentan.sdf 0.264151
7 BMS193884.sdf 9 BQ123.sdf 0.200000
7 BMS193884.sdf 10 BQ788.sdf 0.190476
7 BMS193884.sdf 11 BSF302146.mol 0.309524
7 BMS193884.sdf 12 ClazosentanSodium.sdf 0.290909
7 BMS193884.sdf 13 Darusentan.sdf 0.208333
7 BMS193884.sdf 14 EdonentanHydrate.mol 0.634146
7 BMS193884.sdf 15 Enrasentan.sdf 0.300000
7 BMS193884.sdf 16 FR139317.sdf 0.200000
7 BMS193884.sdf 17 J104132.sdf 0.264151
7 BMS193884.sdf 18 Macitentan.sdf 0.304348
7 BMS193884.sdf 19 Nebentan.sdf 0.235294
7 BMS193884.sdf 20 PD156707.mol 0.222222
7 BMS193884.sdf 21 PS433540.mol 0.521739
7 BMS193884.sdf 22 S1255.mol 0.291667
7 BMS193884.sdf 23 SB209670.mol 0.320000
7 BMS193884.sdf 24 SitaxentanSodium.sdf 0.526316
7 BMS193884.sdf 25 TA0201.mol 0.313726
7 BMS193884.sdf 26 TAK044.sdf 0.116279
7 BMS193884.sdf 27 TBC3711.sdf 0.487179
7 BMS193884.sdf 28 TezosentanDisodium.sdf 0.237288
7 BMS193884.sdf 29 ZD1611.mol 0.463415
7 BMS193884.sdf 30 Zibotentan.sdf 0.657143
8 Bosentan.sdf 9 BQ123.sdf 0.169014
8 Bosentan.sdf 10 BQ788.sdf 0.162162
8 Bosentan.sdf 11 BSF302146.mol 0.222222
8 Bosentan.sdf 12 ClazosentanSodium.sdf 0.640000
8 Bosentan.sdf 13 Darusentan.sdf 0.189655
8 Bosentan.sdf 14 EdonentanHydrate.mol 0.218750
8 Bosentan.sdf 15 Enrasentan.sdf 0.266667
8 Bosentan.sdf 16 FR139317.sdf 0.185714
8 Bosentan.sdf 17 J104132.sdf 0.218750
8 Bosentan.sdf 18 Macitentan.sdf 0.339623
8 Bosentan.sdf 19 Nebentan.sdf 0.681818
8 Bosentan.sdf 20 PD156707.mol 0.283333
8 Bosentan.sdf 21 PS433540.mol 0.227273
8 Bosentan.sdf 22 S1255.mol 0.216667
8 Bosentan.sdf 23 SB209670.mol 0.262295
8 Bosentan.sdf 24 SitaxentanSodium.sdf 0.277778
8 Bosentan.sdf 25 TA0201.mol 0.560000
8 Bosentan.sdf 26 TAK044.sdf 0.114583
8 Bosentan.sdf 27 TBC3711.sdf 0.277778
8 Bosentan.sdf 28 TezosentanDisodium.sdf 0.680000
8 Bosentan.sdf 29 ZD1611.mol 0.314815
8 Bosentan.sdf 30 Zibotentan.sdf 0.277778
9 BQ123.sdf 10 BQ788.sdf 0.358209
9 BQ123.sdf 11 BSF302146.mol 0.203390
9 BQ123.sdf 12 ClazosentanSodium.sdf 0.160000
9 BQ123.sdf 13 Darusentan.sdf 0.193548
9 BQ123.sdf 14 EdonentanHydrate.mol 0.238806
9 BQ123.sdf 15 Enrasentan.sdf 0.191176
9 BQ123.sdf 16 FR139317.sdf 0.491525
9 BQ123.sdf 17 J104132.sdf 0.238806
9 BQ123.sdf 18 Macitentan.sdf 0.225806
9 BQ123.sdf 19 Nebentan.sdf 0.196970
9 BQ123.sdf 20 PD156707.mol 0.188406
9 BQ123.sdf 21 PS433540.mol 0.211268
9 BQ123.sdf 22 S1255.mol 0.181818
9 BQ123.sdf 23 SB209670.mol 0.205882
9 BQ123.sdf 24 SitaxentanSodium.sdf 0.193548
9 BQ123.sdf 25 TA0201.mol 0.185714
9 BQ123.sdf 26 TAK044.sdf 0.382716
9 BQ123.sdf 27 TBC3711.sdf 0.174603
9 BQ123.sdf 28 TezosentanDisodium.sdf 0.155844
9 BQ123.sdf 29 ZD1611.mol 0.206349
9 BQ123.sdf 30 Zibotentan.sdf 0.213115
10 BQ788.sdf 11 BSF302146.mol 0.156250
10 BQ788.sdf 12 ClazosentanSodium.sdf 0.125000
10 BQ788.sdf 13 Darusentan.sdf 0.166667
10 BQ788.sdf 14 EdonentanHydrate.mol 0.211268
10 BQ788.sdf 15 Enrasentan.sdf 0.135135
10 BQ788.sdf 16 FR139317.sdf 0.467742
10 BQ788.sdf 17 J104132.sdf 0.178082
10 BQ788.sdf 18 Macitentan.sdf 0.196970
10 BQ788.sdf 19 Nebentan.sdf 0.188406
10 BQ788.sdf 20 PD156707.mol 0.164384
10 BQ788.sdf 21 PS433540.mol 0.186667
10 BQ788.sdf 22 S1255.mol 0.157143
10 BQ788.sdf 23 SB209670.mol 0.180556
10 BQ788.sdf 24 SitaxentanSodium.sdf 0.184615
10 BQ788.sdf 25 TA0201.mol 0.178082
10 BQ788.sdf 26 TAK044.sdf 0.292135
10 BQ788.sdf 27 TBC3711.sdf 0.184615
10 BQ788.sdf 28 TezosentanDisodium.sdf 0.135802
10 BQ788.sdf 29 ZD1611.mol 0.196970
10 BQ788.sdf 30 Zibotentan.sdf 0.166667
11 BSF302146.mol 12 ClazosentanSodium.sdf 0.186441
11 BSF302146.mol 13 Darusentan.sdf 0.727273
11 BSF302146.mol 14 EdonentanHydrate.mol 0.245283
11 BSF302146.mol 15 Enrasentan.sdf 0.333333
11 BSF302146.mol 16 FR139317.sdf 0.224138
11 BSF302146.mol 17 J104132.sdf 0.320000
11 BSF302146.mol 18 Macitentan.sdf 0.204082
11 BSF302146.mol 19 Nebentan.sdf 0.291667
11 BSF302146.mol 20 PD156707.mol 0.326531
11 BSF302146.mol 21 PS433540.mol 0.254545
11 BSF302146.mol 22 S1255.mol 0.386364
11 BSF302146.mol 23 SB209670.mol 0.326531
11 BSF302146.mol 24 SitaxentanSodium.sdf 0.212766
11 BSF302146.mol 25 TA0201.mol 0.222222
11 BSF302146.mol 26 TAK044.sdf 0.144578
11 BSF302146.mol 27 TBC3711.sdf 0.212766
11 BSF302146.mol 28 TezosentanDisodium.sdf 0.180328
11 BSF302146.mol 29 ZD1611.mol 0.282609
11 BSF302146.mol 30 Zibotentan.sdf 0.295455
12 ClazosentanSodium.sdf 13 Darusentan.sdf 0.177419
12 ClazosentanSodium.sdf 14 EdonentanHydrate.mol 0.242424
12 ClazosentanSodium.sdf 15 Enrasentan.sdf 0.250000
12 ClazosentanSodium.sdf 16 FR139317.sdf 0.175676
12 ClazosentanSodium.sdf 17 J104132.sdf 0.223881
12 ClazosentanSodium.sdf 18 Macitentan.sdf 0.315789
12 ClazosentanSodium.sdf 19 Nebentan.sdf 0.529412
12 ClazosentanSodium.sdf 20 PD156707.mol 0.265625
12 ClazosentanSodium.sdf 21 PS433540.mol 0.214286
12 ClazosentanSodium.sdf 22 S1255.mol 0.241935
12 ClazosentanSodium.sdf 23 SB209670.mol 0.246154
12 ClazosentanSodium.sdf 24 SitaxentanSodium.sdf 0.258621
12 ClazosentanSodium.sdf 25 TA0201.mol 0.413793
12 ClazosentanSodium.sdf 26 TAK044.sdf 0.110000
12 ClazosentanSodium.sdf 27 TBC3711.sdf 0.258621
12 ClazosentanSodium.sdf 28 TezosentanDisodium.sdf 0.872340
12 ClazosentanSodium.sdf 29 ZD1611.mol 0.250000
12 ClazosentanSodium.sdf 30 Zibotentan.sdf 0.303571
13 Darusentan.sdf 14 EdonentanHydrate.mol 0.210526
13 Darusentan.sdf 15 Enrasentan.sdf 0.395833
13 Darusentan.sdf 16 FR139317.sdf 0.193548
13 Darusentan.sdf 17 J104132.sdf 0.352941
13 Darusentan.sdf 18 Macitentan.sdf 0.192308
13 Darusentan.sdf 19 Nebentan.sdf 0.326531
13 Darusentan.sdf 20 PD156707.mol 0.360000
13 Darusentan.sdf 21 PS433540.mol 0.200000
13 Darusentan.sdf 22 S1255.mol 0.361702
13 Darusentan.sdf 23 SB209670.mol 0.387755
13 Darusentan.sdf 24 SitaxentanSodium.sdf 0.224490
13 Darusentan.sdf 25 TA0201.mol 0.189655
13 Darusentan.sdf 26 TAK044.sdf 0.139535
13 Darusentan.sdf 27 TBC3711.sdf 0.176471
13 Darusentan.sdf 28 TezosentanDisodium.sdf 0.171875
13 Darusentan.sdf 29 ZD1611.mol 0.319149
13 Darusentan.sdf 30 Zibotentan.sdf 0.333333
14 EdonentanHydrate.mol 15 Enrasentan.sdf 0.266667
14 EdonentanHydrate.mol 16 FR139317.sdf 0.238806
14 EdonentanHydrate.mol 17 J104132.sdf 0.300000
14 EdonentanHydrate.mol 18 Macitentan.sdf 0.245614
14 EdonentanHydrate.mol 19 Nebentan.sdf 0.254237
14 EdonentanHydrate.mol 20 PD156707.mol 0.149254
14 EdonentanHydrate.mol 21 PS433540.mol 0.557692
14 EdonentanHydrate.mol 22 S1255.mol 0.280702
14 EdonentanHydrate.mol 23 SB209670.mol 0.283333
14 EdonentanHydrate.mol 24 SitaxentanSodium.sdf 0.352941
14 EdonentanHydrate.mol 25 TA0201.mol 0.238095
14 EdonentanHydrate.mol 26 TAK044.sdf 0.175824
14 EdonentanHydrate.mol 27 TBC3711.sdf 0.380000
14 EdonentanHydrate.mol 28 TezosentanDisodium.sdf 0.200000
14 EdonentanHydrate.mol 29 ZD1611.mol 0.392157
14 EdonentanHydrate.mol 30 Zibotentan.sdf 0.500000
15 Enrasentan.sdf 16 FR139317.sdf 0.173913
15 Enrasentan.sdf 17 J104132.sdf 0.809524
15 Enrasentan.sdf 18 Macitentan.sdf 0.232143
15 Enrasentan.sdf 19 Nebentan.sdf 0.200000
15 Enrasentan.sdf 20 PD156707.mol 0.442308
15 Enrasentan.sdf 21 PS433540.mol 0.253968
15 Enrasentan.sdf 22 S1255.mol 0.775000
15 Enrasentan.sdf 23 SB209670.mol 0.973684
15 Enrasentan.sdf 24 SitaxentanSodium.sdf 0.340000
15 Enrasentan.sdf 25 TA0201.mol 0.225806
15 Enrasentan.sdf 26 TAK044.sdf 0.153846
15 Enrasentan.sdf 27 TBC3711.sdf 0.288462
15 Enrasentan.sdf 28 TezosentanDisodium.sdf 0.242424
15 Enrasentan.sdf 29 ZD1611.mol 0.301887
15 Enrasentan.sdf 30 Zibotentan.sdf 0.313726
16 FR139317.sdf 17 J104132.sdf 0.220588
16 FR139317.sdf 18 Macitentan.sdf 0.225806
16 FR139317.sdf 19 Nebentan.sdf 0.234375
16 FR139317.sdf 20 PD156707.mol 0.188406
16 FR139317.sdf 21 PS433540.mol 0.194444
16 FR139317.sdf 22 S1255.mol 0.181818
16 FR139317.sdf 23 SB209670.mol 0.188406
16 FR139317.sdf 24 SitaxentanSodium.sdf 0.193548
16 FR139317.sdf 25 TA0201.mol 0.202899
16 FR139317.sdf 26 TAK044.sdf 0.272727
16 FR139317.sdf 27 TBC3711.sdf 0.174603
16 FR139317.sdf 28 TezosentanDisodium.sdf 0.171053
16 FR139317.sdf 29 ZD1611.mol 0.169231
16 FR139317.sdf 30 Zibotentan.sdf 0.174603
17 J104132.sdf 18 Macitentan.sdf 0.224138
17 J104132.sdf 19 Nebentan.sdf 0.193548
17 J104132.sdf 20 PD156707.mol 0.425926
17 J104132.sdf 21 PS433540.mol 0.246154
17 J104132.sdf 22 S1255.mol 0.659091
17 J104132.sdf 23 SB209670.mol 0.833333
17 J104132.sdf 24 SitaxentanSodium.sdf 0.301887
17 J104132.sdf 25 TA0201.mol 0.278689
17 J104132.sdf 26 TAK044.sdf 0.188889
17 J104132.sdf 27 TBC3711.sdf 0.277778
17 J104132.sdf 28 TezosentanDisodium.sdf 0.200000
17 J104132.sdf 29 ZD1611.mol 0.365385
17 J104132.sdf 30 Zibotentan.sdf 0.277778
18 Macitentan.sdf 19 Nebentan.sdf 0.313726
18 Macitentan.sdf 20 PD156707.mol 0.166667
18 Macitentan.sdf 21 PS433540.mol 0.233333
18 Macitentan.sdf 22 S1255.mol 0.245283
18 Macitentan.sdf 23 SB209670.mol 0.228070
18 Macitentan.sdf 24 SitaxentanSodium.sdf 0.240000
18 Macitentan.sdf 25 TA0201.mol 0.651163
18 Macitentan.sdf 26 TAK044.sdf 0.162791
18 Macitentan.sdf 27 TBC3711.sdf 0.265306
18 Macitentan.sdf 28 TezosentanDisodium.sdf 0.305085
18 Macitentan.sdf 29 ZD1611.mol 0.254902
18 Macitentan.sdf 30 Zibotentan.sdf 0.265306
19 Nebentan.sdf 20 PD156707.mol 0.237288
19 Nebentan.sdf 21 PS433540.mol 0.222222
19 Nebentan.sdf 22 S1255.mol 0.232143
19 Nebentan.sdf 23 SB209670.mol 0.237288
19 Nebentan.sdf 24 SitaxentanSodium.sdf 0.250000
19 Nebentan.sdf 25 TA0201.mol 0.345455
19 Nebentan.sdf 26 TAK044.sdf 0.131868
19 Nebentan.sdf 27 TBC3711.sdf 0.274510
19 Nebentan.sdf 28 TezosentanDisodium.sdf 0.509434
19 Nebentan.sdf 29 ZD1611.mol 0.313726
19 Nebentan.sdf 30 Zibotentan.sdf 0.326531
20 PD156707.mol 21 PS433540.mol 0.176471
20 PD156707.mol 22 S1255.mol 0.469388
20 PD156707.mol 23 SB209670.mol 0.433962
20 PD156707.mol 24 SitaxentanSodium.sdf 0.307692
20 PD156707.mol 25 TA0201.mol 0.241935
20 PD156707.mol 26 TAK044.sdf 0.127660
20 PD156707.mol 27 TBC3711.sdf 0.172414
20 PD156707.mol 28 TezosentanDisodium.sdf 0.257576
20 PD156707.mol 29 ZD1611.mol 0.272727
20 PD156707.mol 30 Zibotentan.sdf 0.259259
21 PS433540.mol 22 S1255.mol 0.206349
21 PS433540.mol 23 SB209670.mol 0.269841
21 PS433540.mol 24 SitaxentanSodium.sdf 0.285714
21 PS433540.mol 25 TA0201.mol 0.208955
21 PS433540.mol 26 TAK044.sdf 0.145833
21 PS433540.mol 27 TBC3711.sdf 0.333333
21 PS433540.mol 28 TezosentanDisodium.sdf 0.208333
21 PS433540.mol 29 ZD1611.mol 0.423077
21 PS433540.mol 30 Zibotentan.sdf 0.411765
22 S1255.mol 23 SB209670.mol 0.756098
22 S1255.mol 24 SitaxentanSodium.sdf 0.391304
22 S1255.mol 25 TA0201.mol 0.280702
22 S1255.mol 26 TAK044.sdf 0.133333
22 S1255.mol 27 TBC3711.sdf 0.254902
22 S1255.mol 28 TezosentanDisodium.sdf 0.215385
22 S1255.mol 29 ZD1611.mol 0.346939
22 S1255.mol 30 Zibotentan.sdf 0.306122
23 SB209670.mol 24 SitaxentanSodium.sdf 0.333333
23 SB209670.mol 25 TA0201.mol 0.222222
23 SB209670.mol 26 TAK044.sdf 0.164835
23 SB209670.mol 27 TBC3711.sdf 0.283019
23 SB209670.mol 28 TezosentanDisodium.sdf 0.238806
23 SB209670.mol 29 ZD1611.mol 0.296296
23 SB209670.mol 30 Zibotentan.sdf 0.307692
24 SitaxentanSodium.sdf 25 TA0201.mol 0.254545
24 SitaxentanSodium.sdf 26 TAK044.sdf 0.126437
24 SitaxentanSodium.sdf 27 TBC3711.sdf 0.666667
24 SitaxentanSodium.sdf 28 TezosentanDisodium.sdf 0.209677
24 SitaxentanSodium.sdf 29 ZD1611.mol 0.319149
24 SitaxentanSodium.sdf 30 Zibotentan.sdf 0.428571
25 TA0201.mol 26 TAK044.sdf 0.150538
25 TA0201.mol 27 TBC3711.sdf 0.301887
25 TA0201.mol 28 TezosentanDisodium.sdf 0.448276
25 TA0201.mol 29 ZD1611.mol 0.314815
25 TA0201.mol 30 Zibotentan.sdf 0.254545
26 TAK044.sdf 27 TBC3711.sdf 0.126437
26 TAK044.sdf 28 TezosentanDisodium.sdf 0.107843
26 TAK044.sdf 29 ZD1611.mol 0.149425
26 TAK044.sdf 30 Zibotentan.sdf 0.101124
27 TBC3711.sdf 28 TezosentanDisodium.sdf 0.250000
27 TBC3711.sdf 29 ZD1611.mol 0.347826
27 TBC3711.sdf 30 Zibotentan.sdf 0.363636
28 TezosentanDisodium.sdf 29 ZD1611.mol 0.241935
28 TezosentanDisodium.sdf 30 Zibotentan.sdf 0.293103
29 ZD1611.mol 30 Zibotentan.sdf 0.675676
