==============================
*** Open Babel Warning  in parseAtomRecord
  WARNING: Problems reading a PDB file
  Problems reading a HETATM or ATOM record.
  According to the PDB specification,
  columns 77-78 should contain the element symbol of an atom.
  but OpenBabel found '  ' (atom 1)
==============================
*** Open Babel Warning  in parseAtomRecord
  WARNING: Problems reading a PDB file
  Problems reading a HETATM or ATOM record.
  According to the PDB specification,
  columns 77-78 should contain the element symbol of an atom.
  but OpenBabel found '  ' (atom 2)
==============================
*** Open Babel Warning  in parseAtomRecord
  WARNING: Problems reading a PDB file
  Problems reading a HETATM or ATOM record.
  According to the PDB specification,
  columns 77-78 should contain the element symbol of an atom.
  but OpenBabel found '  ' (atom 3)
==============================
*** Open Babel Warning  in parseAtomRecord
  WARNING: Problems reading a PDB file
  Problems reading a HETATM or ATOM record.
  According to the PDB specification,
  columns 77-78 should contain the element symbol of an atom.
  but OpenBabel found '  ' (atom 4)
==============================
*** Open Babel Warning  in parseAtomRecord
  WARNING: Problems reading a PDB file
  Problems reading a HETATM or ATOM record.
  According to the PDB specification,
  columns 77-78 should contain the element symbol of an atom.
  but OpenBabel found '  ' (atom 5)
==============================
*** Open Babel Warning  in parseAtomRecord
  WARNING: Problems reading a PDB file
  Problems reading a HETATM or ATOM record.
  According to the PDB specification,
  columns 77-78 should contain the element symbol of an atom.
  but OpenBabel found '  ' (atom 6)
==============================
*** Open Babel Warning  in parseAtomRecord
  WARNING: Problems reading a PDB file
  Problems reading a HETATM or ATOM record.
  According to the PDB specification,
  columns 77-78 should contain the element symbol of an atom.
  but OpenBabel found '  ' (atom 7)
==============================
*** Open Babel Warning  in parseAtomRecord
  WARNING: Problems reading a PDB file
  Problems reading a HETATM or ATOM record.
  According to the PDB specification,
  columns 77-78 should contain the element symbol of an atom.
  but OpenBabel found '  ' (atom 8)
==============================
*** Open Babel Warning  in parseAtomRecord
  WARNING: Problems reading a PDB file
  Problems reading a HETATM or ATOM record.
  According to the PDB specification,
  columns 77-78 should contain the element symbol of an atom.
  but OpenBabel found '  ' (atom 9)
==============================
*** Open Babel Warning  in parseAtomRecord
  WARNING: Problems reading a PDB file
  Problems reading a HETATM or ATOM record.
  According to the PDB specification,
  columns 77-78 should contain the element symbol of an atom.
  but OpenBabel found '  ' (atom 10)
==============================
*** Open Babel Warning  in parseAtomRecord
  WARNING: Problems reading a PDB file
  Problems reading a HETATM or ATOM record.
  According to the PDB specification,
  columns 77-78 should contain the element symbol of an atom.
  but OpenBabel found '  ' (atom 11)
==============================
*** Open Babel Warning  in parseAtomRecord
  WARNING: Problems reading a PDB file
  Problems reading a HETATM or ATOM record.
  According to the PDB specification,
  columns 77-78 should contain the element symbol of an atom.
  but OpenBabel found '  ' (atom 12)
==============================
*** Open Babel Warning  in parseAtomRecord
  WARNING: Problems reading a PDB file
  Problems reading a HETATM or ATOM record.
  According to the PDB specification,
  columns 77-78 should contain the element symbol of an atom.
  but OpenBabel found '  ' (atom 13)
==============================
*** Open Babel Warning  in parseAtomRecord
  WARNING: Problems reading a PDB file
  Problems reading a HETATM or ATOM record.
  According to the PDB specification,
  columns 77-78 should contain the element symbol of an atom.
  but OpenBabel found '  ' (atom 14)
==============================
*** Open Babel Warning  in parseAtomRecord
  WARNING: Problems reading a PDB file
  Problems reading a HETATM or ATOM record.
  According to the PDB specification,
  columns 77-78 should contain the element symbol of an atom.
  but OpenBabel found '  ' (atom 15)
==============================
*** Open Babel Warning  in parseAtomRecord
  WARNING: Problems reading a PDB file
  Problems reading a HETATM or ATOM record.
  According to the PDB specification,
  columns 77-78 should contain the element symbol of an atom.
  but OpenBabel found '  ' (atom 16)
==============================
*** Open Babel Warning  in parseAtomRecord
  WARNING: Problems reading a PDB file
  Problems reading a HETATM or ATOM record.
  According to the PDB specification,
  columns 77-78 should contain the element symbol of an atom.
  but OpenBabel found '  ' (atom 17)
==============================
*** Open Babel Warning  in parseAtomRecord
  WARNING: Problems reading a PDB file
  Problems reading a HETATM or ATOM record.
  According to the PDB specification,
  columns 77-78 should contain the element symbol of an atom.
  but OpenBabel found '  ' (atom 18)
==============================
*** Open Babel Warning  in parseAtomRecord
  WARNING: Problems reading a PDB file
  Problems reading a HETATM or ATOM record.
  According to the PDB specification,
  columns 77-78 should contain the element symbol of an atom.
  but OpenBabel found '  ' (atom 19)
==============================
*** Open Babel Warning  in parseAtomRecord
  WARNING: Problems reading a PDB file
  Problems reading a HETATM or ATOM record.
  According to the PDB specification,
  columns 77-78 should contain the element symbol of an atom.
  but OpenBabel found '  ' (atom 20)
==============================
*** Open Babel Warning  in parseAtomRecord
  WARNING: Problems reading a PDB file
  Problems reading a HETATM or ATOM record.
  According to the PDB specification,
  columns 77-78 should contain the element symbol of an atom.
  but OpenBabel found '  ' (atom 21)
==============================
*** Open Babel Warning  in parseAtomRecord
  WARNING: Problems reading a PDB file
  Problems reading a HETATM or ATOM record.
  According to the PDB specification,
  columns 77-78 should contain the element symbol of an atom.
  but OpenBabel found '  ' (atom 22)
==============================
*** Open Babel Warning  in parseAtomRecord
  WARNING: Problems reading a PDB file
  Problems reading a HETATM or ATOM record.
  According to the PDB specification,
  columns 77-78 should contain the element symbol of an atom.
  but OpenBabel found '  ' (atom 23)
==============================
*** Open Babel Warning  in parseAtomRecord
  WARNING: Problems reading a PDB file
  Problems reading a HETATM or ATOM record.
  According to the PDB specification,
  columns 77-78 should contain the element symbol of an atom.
  but OpenBabel found '  ' (atom 24)
==============================
*** Open Babel Warning  in parseAtomRecord
  WARNING: Problems reading a PDB file
  Problems reading a HETATM or ATOM record.
  According to the PDB specification,
  columns 77-78 should contain the element symbol of an atom.
  but OpenBabel found '  ' (atom 25)
==============================
*** Open Babel Warning  in parseAtomRecord
  WARNING: Problems reading a PDB file
  Problems reading a HETATM or ATOM record.
  According to the PDB specification,
  columns 77-78 should contain the element symbol of an atom.
  but OpenBabel found '  ' (atom 26)
Finished importing molecules
WARNING: LAPACK DSYEV() RETURNED NON-ZERO ERROR CODE 2
WARNING: LAPACK DSYEV() RETURNED NON-ZERO ERROR CODE 2
WARNING: LAPACK DSYEV() RETURNED NON-ZERO ERROR CODE 3
WARNING: LAPACK DSYEV() RETURNED NON-ZERO ERROR CODE 3
WARNING: LAPACK DSYEV() RETURNED NON-ZERO ERROR CODE 2
WARNING: LAPACK DSYEV() RETURNED NON-ZERO ERROR CODE 3
WARNING: LAPACK DSYEV() RETURNED NON-ZERO ERROR CODE 3
WARNING: LAPACK DSYEV() RETURNED NON-ZERO ERROR CODE 2
WARNING: LAPACK DSYEV() RETURNED NON-ZERO ERROR CODE 3
WARNING: LAPACK DSYEV() RETURNED NON-ZERO ERROR CODE 2
WARNING: LAPACK DSYEV() RETURNED NON-ZERO ERROR CODE 3
WARNING: LAPACK DSYEV() RETURNED NON-ZERO ERROR CODE 2
WARNING: LAPACK DSYEV() RETURNED NON-ZERO ERROR CODE 2
WARNING: LAPACK DSYEV() RETURNED NON-ZERO ERROR CODE 2
WARNING: LAPACK DSYEV() RETURNED NON-ZERO ERROR CODE 3
WARNING: LAPACK DSYEV() RETURNED NON-ZERO ERROR CODE 2
WARNING: LAPACK DSYEV() RETURNED NON-ZERO ERROR CODE 3
WARNING: LAPACK DSYEV() RETURNED NON-ZERO ERROR CODE 3
WARNING: LAPACK DSYEV() RETURNED NON-ZERO ERROR CODE 2
WARNING: LAPACK DSYEV() RETURNED NON-ZERO ERROR CODE 2
WARNING: LAPACK DSYEV() RETURNED NON-ZERO ERROR CODE 2
WARNING: LAPACK DSYEV() RETURNED NON-ZERO ERROR CODE 2
WARNING: LAPACK DSYEV() RETURNED NON-ZERO ERROR CODE 2
WARNING: LAPACK DSYEV() RETURNED NON-ZERO ERROR CODE 3
WARNING: LAPACK DSYEV() RETURNED NON-ZERO ERROR CODE 3
WARNING: LAPACK DSYEV() RETURNED NON-ZERO ERROR CODE 3
WARNING: LAPACK DSYEV() RETURNED NON-ZERO ERROR CODE 2
WARNING: LAPACK DSYEV() RETURNED NON-ZERO ERROR CODE 3
WARNING: LAPACK DSYEV() RETURNED NON-ZERO ERROR CODE 2
WARNING: LAPACK DSYEV() RETURNED NON-ZERO ERROR CODE 2
WARNING: LAPACK DSYEV() RETURNED NON-ZERO ERROR CODE 3
WARNING: LAPACK DSYEV() RETURNED NON-ZERO ERROR CODE 2
WARNING: LAPACK DSYEV() RETURNED NON-ZERO ERROR CODE 3
WARNING: LAPACK DSYEV() RETURNED NON-ZERO ERROR CODE 2
WARNING: LAPACK DSYEV() RETURNED NON-ZERO ERROR CODE 2
WARNING: LAPACK DSYEV() RETURNED NON-ZERO ERROR CODE 3
WARNING: LAPACK DSYEV() RETURNED NON-ZERO ERROR CODE 2
WARNING: LAPACK DSYEV() RETURNED NON-ZERO ERROR CODE 2
WARNING: LAPACK DSYEV() RETURNED NON-ZERO ERROR CODE 3
WARNING: LAPACK DSYEV() RETURNED NON-ZERO ERROR CODE 3
WARNING: LAPACK DSYEV() RETURNED NON-ZERO ERROR CODE 2
WARNING: LAPACK DSYEV() RETURNED NON-ZERO ERROR CODE 2
WARNING: LAPACK DSYEV() RETURNED NON-ZERO ERROR CODE 2
WARNING: LAPACK DSYEV() RETURNED NON-ZERO ERROR CODE 2
WARNING: LAPACK DSYEV() RETURNED NON-ZERO ERROR CODE 2
WARNING: LAPACK DSYEV() RETURNED NON-ZERO ERROR CODE 2
WARNING: LAPACK DSYEV() RETURNED NON-ZERO ERROR CODE 2
WARNING: LAPACK DSYEV() RETURNED NON-ZERO ERROR CODE 2
WARNING: LAPACK DSYEV() RETURNED NON-ZERO ERROR CODE 2
WARNING: LAPACK DSYEV() RETURNED NON-ZERO ERROR CODE 3
WARNING: LAPACK DSYEV() RETURNED NON-ZERO ERROR CODE 2
Finished setting up data; running search...
ROUND 1 A#0 and B#0 = 564.622
ROUND 2 A#1 and B#0 = 630.999
ROUND 3 A#2 and B#0 = 549.888
ROUND 4 A#3 and B#0 = 484.585
ROUND 5 A#4 and B#0 = 581.274
ROUND 6 A#5 and B#0 = 481.262
ROUND 7 A#6 and B#0 = 527.387
ROUND 8 A#7 and B#0 = 569.652
ROUND 9 A#8 and B#0 = 490.67
ROUND 10 A#9 and B#0 = 583.987
ROUND 11 A#10 and B#0 = 484.743
ROUND 12 A#11 and B#0 = 624.611
ROUND 13 A#12 and B#0 = 700.283
ROUND 14 A#13 and B#0 = 635.27
ROUND 15 A#14 and B#0 = 484.411
ROUND 16 A#15 and B#0 = 531.897
ROUND 17 A#16 and B#0 = 554.522
ROUND 18 A#17 and B#0 = 485.067
ROUND 19 A#18 and B#0 = 570.097
ROUND 20 A#19 and B#0 = 510.101
ROUND 21 A#20 and B#0 = 578.054
ROUND 22 A#21 and B#0 = 612.07
ROUND 23 A#22 and B#0 = 570.239
ROUND 24 A#23 and B#0 = 493.197
ROUND 25 A#24 and B#0 = 543.983
ROUND 26 A#25 and B#0 = 625.622
ROUND 27 A#26 and B#0 = 596.969
ROUND 28 A#27 and B#0 = 647.027
ROUND 29 A#28 and B#0 = 529.198
ROUND 30 A#29 and B#0 = 603.244
ROUND 31 A#30 and B#0 = 625.335
ROUND 32 A#31 and B#0 = 593.268
ROUND 33 A#32 and B#0 = 546.086
ROUND 34 A#33 and B#0 = 676.582
ROUND 35 A#34 and B#0 = 590.323
ROUND 36 A#35 and B#0 = 548.42
ROUND 37 A#36 and B#0 = 594.105
ROUND 38 A#37 and B#0 = 560.666
ROUND 39 A#38 and B#0 = 641.661
ROUND 40 A#39 and B#0 = 636.424
ROUND 41 A#40 and B#0 = 504.711
ROUND 42 A#41 and B#0 = 510.592
ROUND 43 A#42 and B#0 = 570.273
ROUND 44 A#43 and B#0 = 557.283
ROUND 45 A#44 and B#0 = 541.261
ROUND 46 A#45 and B#0 = 519.658
ROUND 47 A#46 and B#0 = 541.456
ROUND 48 A#47 and B#0 = 518.519
ROUND 49 A#48 and B#0 = 602.159
ROUND 50 A#49 and B#0 = 624.253

The best overlap is between conformer A#12 and B#0, which, after PCA followed by Steepest Descent, produces a volume overlap of 700.283
Tanimoto (Hodgkin) similarity index: 0.506644

Saving those best conformers to file...
==============================
*** Open Babel Warning  in parseAtomRecord
  WARNING: Problems reading a PDB file
  Problems reading a HETATM or ATOM record.
  According to the PDB specification,
  columns 77-78 should contain the element symbol of an atom.
  but OpenBabel found '  ' (atom 1)
==============================
*** Open Babel Warning  in parseAtomRecord
  WARNING: Problems reading a PDB file
  Problems reading a HETATM or ATOM record.
  According to the PDB specification,
  columns 77-78 should contain the element symbol of an atom.
  but OpenBabel found '  ' (atom 2)
==============================
*** Open Babel Warning  in parseAtomRecord
  WARNING: Problems reading a PDB file
  Problems reading a HETATM or ATOM record.
  According to the PDB specification,
  columns 77-78 should contain the element symbol of an atom.
  but OpenBabel found '  ' (atom 3)
==============================
*** Open Babel Warning  in parseAtomRecord
  WARNING: Problems reading a PDB file
  Problems reading a HETATM or ATOM record.
  According to the PDB specification,
  columns 77-78 should contain the element symbol of an atom.
  but OpenBabel found '  ' (atom 4)
==============================
*** Open Babel Warning  in parseAtomRecord
  WARNING: Problems reading a PDB file
  Problems reading a HETATM or ATOM record.
  According to the PDB specification,
  columns 77-78 should contain the element symbol of an atom.
  but OpenBabel found '  ' (atom 5)
==============================
*** Open Babel Warning  in parseAtomRecord
  WARNING: Problems reading a PDB file
  Problems reading a HETATM or ATOM record.
  According to the PDB specification,
  columns 77-78 should contain the element symbol of an atom.
  but OpenBabel found '  ' (atom 6)
==============================
*** Open Babel Warning  in parseAtomRecord
  WARNING: Problems reading a PDB file
  Problems reading a HETATM or ATOM record.
  According to the PDB specification,
  columns 77-78 should contain the element symbol of an atom.
  but OpenBabel found '  ' (atom 7)
==============================
*** Open Babel Warning  in parseAtomRecord
  WARNING: Problems reading a PDB file
  Problems reading a HETATM or ATOM record.
  According to the PDB specification,
  columns 77-78 should contain the element symbol of an atom.
  but OpenBabel found '  ' (atom 8)
==============================
*** Open Babel Warning  in parseAtomRecord
  WARNING: Problems reading a PDB file
  Problems reading a HETATM or ATOM record.
  According to the PDB specification,
  columns 77-78 should contain the element symbol of an atom.
  but OpenBabel found '  ' (atom 9)
==============================
*** Open Babel Warning  in parseAtomRecord
  WARNING: Problems reading a PDB file
  Problems reading a HETATM or ATOM record.
  According to the PDB specification,
  columns 77-78 should contain the element symbol of an atom.
  but OpenBabel found '  ' (atom 10)
==============================
*** Open Babel Warning  in parseAtomRecord
  WARNING: Problems reading a PDB file
  Problems reading a HETATM or ATOM record.
  According to the PDB specification,
  columns 77-78 should contain the element symbol of an atom.
  but OpenBabel found '  ' (atom 11)
==============================
*** Open Babel Warning  in parseAtomRecord
  WARNING: Problems reading a PDB file
  Problems reading a HETATM or ATOM record.
  According to the PDB specification,
  columns 77-78 should contain the element symbol of an atom.
  but OpenBabel found '  ' (atom 12)
==============================
*** Open Babel Warning  in parseAtomRecord
  WARNING: Problems reading a PDB file
  Problems reading a HETATM or ATOM record.
  According to the PDB specification,
  columns 77-78 should contain the element symbol of an atom.
  but OpenBabel found '  ' (atom 13)
==============================
*** Open Babel Warning  in parseAtomRecord
  WARNING: Problems reading a PDB file
  Problems reading a HETATM or ATOM record.
  According to the PDB specification,
  columns 77-78 should contain the element symbol of an atom.
  but OpenBabel found '  ' (atom 14)
==============================
*** Open Babel Warning  in parseAtomRecord
  WARNING: Problems reading a PDB file
  Problems reading a HETATM or ATOM record.
  According to the PDB specification,
  columns 77-78 should contain the element symbol of an atom.
  but OpenBabel found '  ' (atom 15)
==============================
*** Open Babel Warning  in parseAtomRecord
  WARNING: Problems reading a PDB file
  Problems reading a HETATM or ATOM record.
  According to the PDB specification,
  columns 77-78 should contain the element symbol of an atom.
  but OpenBabel found '  ' (atom 16)
==============================
*** Open Babel Warning  in parseAtomRecord
  WARNING: Problems reading a PDB file
  Problems reading a HETATM or ATOM record.
  According to the PDB specification,
  columns 77-78 should contain the element symbol of an atom.
  but OpenBabel found '  ' (atom 17)
==============================
*** Open Babel Warning  in parseAtomRecord
  WARNING: Problems reading a PDB file
  Problems reading a HETATM or ATOM record.
  According to the PDB specification,
  columns 77-78 should contain the element symbol of an atom.
  but OpenBabel found '  ' (atom 18)
==============================
*** Open Babel Warning  in parseAtomRecord
  WARNING: Problems reading a PDB file
  Problems reading a HETATM or ATOM record.
  According to the PDB specification,
  columns 77-78 should contain the element symbol of an atom.
  but OpenBabel found '  ' (atom 19)
==============================
*** Open Babel Warning  in parseAtomRecord
  WARNING: Problems reading a PDB file
  Problems reading a HETATM or ATOM record.
  According to the PDB specification,
  columns 77-78 should contain the element symbol of an atom.
  but OpenBabel found '  ' (atom 20)
==============================
*** Open Babel Warning  in parseAtomRecord
  WARNING: Problems reading a PDB file
  Problems reading a HETATM or ATOM record.
  According to the PDB specification,
  columns 77-78 should contain the element symbol of an atom.
  but OpenBabel found '  ' (atom 21)
==============================
*** Open Babel Warning  in parseAtomRecord
  WARNING: Problems reading a PDB file
  Problems reading a HETATM or ATOM record.
  According to the PDB specification,
  columns 77-78 should contain the element symbol of an atom.
  but OpenBabel found '  ' (atom 22)
==============================
*** Open Babel Warning  in parseAtomRecord
  WARNING: Problems reading a PDB file
  Problems reading a HETATM or ATOM record.
  According to the PDB specification,
  columns 77-78 should contain the element symbol of an atom.
  but OpenBabel found '  ' (atom 23)
==============================
*** Open Babel Warning  in parseAtomRecord
  WARNING: Problems reading a PDB file
  Problems reading a HETATM or ATOM record.
  According to the PDB specification,
  columns 77-78 should contain the element symbol of an atom.
  but OpenBabel found '  ' (atom 24)
==============================
*** Open Babel Warning  in parseAtomRecord
  WARNING: Problems reading a PDB file
  Problems reading a HETATM or ATOM record.
  According to the PDB specification,
  columns 77-78 should contain the element symbol of an atom.
  but OpenBabel found '  ' (atom 25)
==============================
*** Open Babel Warning  in parseAtomRecord
  WARNING: Problems reading a PDB file
  Problems reading a HETATM or ATOM record.
  According to the PDB specification,
  columns 77-78 should contain the element symbol of an atom.
  but OpenBabel found '  ' (atom 26)
==============================
*** Open Babel Warning  in parseAtomRecord
  WARNING: Problems reading a PDB file
  Problems reading a HETATM or ATOM record.
  According to the PDB specification,
  columns 77-78 should contain the element symbol of an atom.
  but OpenBabel found '  ' (atom 27)
==============================
*** Open Babel Warning  in parseAtomRecord
  WARNING: Problems reading a PDB file
  Problems reading a HETATM or ATOM record.
  According to the PDB specification,
  columns 77-78 should contain the element symbol of an atom.
  but OpenBabel found '  ' (atom 28)
==============================
*** Open Babel Warning  in parseAtomRecord
  WARNING: Problems reading a PDB file
  Problems reading a HETATM or ATOM record.
  According to the PDB specification,
  columns 77-78 should contain the element symbol of an atom.
  but OpenBabel found '  ' (atom 29)
==============================
*** Open Babel Warning  in parseAtomRecord
  WARNING: Problems reading a PDB file
  Problems reading a HETATM or ATOM record.
  According to the PDB specification,
  columns 77-78 should contain the element symbol of an atom.
  but OpenBabel found '  ' (atom 30)
==============================
*** Open Babel Warning  in parseAtomRecord
  WARNING: Problems reading a PDB file
  Problems reading a HETATM or ATOM record.
  According to the PDB specification,
  columns 77-78 should contain the element symbol of an atom.
  but OpenBabel found '  ' (atom 31)
==============================
*** Open Babel Warning  in parseAtomRecord
  WARNING: Problems reading a PDB file
  Problems reading a HETATM or ATOM record.
  According to the PDB specification,
  columns 77-78 should contain the element symbol of an atom.
  but OpenBabel found '  ' (atom 32)
==============================
*** Open Babel Warning  in parseAtomRecord
  WARNING: Problems reading a PDB file
  Problems reading a HETATM or ATOM record.
  According to the PDB specification,
  columns 77-78 should contain the element symbol of an atom.
  but OpenBabel found '  ' (atom 33)
==============================
*** Open Babel Warning  in parseAtomRecord
  WARNING: Problems reading a PDB file
  Problems reading a HETATM or ATOM record.
  According to the PDB specification,
  columns 77-78 should contain the element symbol of an atom.
  but OpenBabel found '  ' (atom 34)
==============================
*** Open Babel Warning  in parseAtomRecord
  WARNING: Problems reading a PDB file
  Problems reading a HETATM or ATOM record.
  According to the PDB specification,
  columns 77-78 should contain the element symbol of an atom.
  but OpenBabel found '  ' (atom 35)
==============================
*** Open Babel Warning  in parseAtomRecord
  WARNING: Problems reading a PDB file
  Problems reading a HETATM or ATOM record.
  According to the PDB specification,
  columns 77-78 should contain the element symbol of an atom.
  but OpenBabel found '  ' (atom 36)
==============================
*** Open Babel Warning  in parseAtomRecord
  WARNING: Problems reading a PDB file
  Problems reading a HETATM or ATOM record.
  According to the PDB specification,
  columns 77-78 should contain the element symbol of an atom.
  but OpenBabel found '  ' (atom 37)
==============================
*** Open Babel Warning  in parseAtomRecord
  WARNING: Problems reading a PDB file
  Problems reading a HETATM or ATOM record.
  According to the PDB specification,
  columns 77-78 should contain the element symbol of an atom.
  but OpenBabel found '  ' (atom 38)
==============================
*** Open Babel Warning  in parseAtomRecord
  WARNING: Problems reading a PDB file
  Problems reading a HETATM or ATOM record.
  According to the PDB specification,
  columns 77-78 should contain the element symbol of an atom.
  but OpenBabel found '  ' (atom 39)
==============================
*** Open Babel Warning  in parseAtomRecord
  WARNING: Problems reading a PDB file
  Problems reading a HETATM or ATOM record.
  According to the PDB specification,
  columns 77-78 should contain the element symbol of an atom.
  but OpenBabel found '  ' (atom 40)
==============================
*** Open Babel Warning  in parseAtomRecord
  WARNING: Problems reading a PDB file
  Problems reading a HETATM or ATOM record.
  According to the PDB specification,
  columns 77-78 should contain the element symbol of an atom.
  but OpenBabel found '  ' (atom 41)
==============================
*** Open Babel Warning  in parseAtomRecord
  WARNING: Problems reading a PDB file
  Problems reading a HETATM or ATOM record.
  According to the PDB specification,
  columns 77-78 should contain the element symbol of an atom.
  but OpenBabel found '  ' (atom 42)
==============================
*** Open Babel Warning  in parseAtomRecord
  WARNING: Problems reading a PDB file
  Problems reading a HETATM or ATOM record.
  According to the PDB specification,
  columns 77-78 should contain the element symbol of an atom.
  but OpenBabel found '  ' (atom 43)
==============================
*** Open Babel Warning  in parseAtomRecord
  WARNING: Problems reading a PDB file
  Problems reading a HETATM or ATOM record.
  According to the PDB specification,
  columns 77-78 should contain the element symbol of an atom.
  but OpenBabel found '  ' (atom 44)
==============================
*** Open Babel Warning  in parseAtomRecord
  WARNING: Problems reading a PDB file
  Problems reading a HETATM or ATOM record.
  According to the PDB specification,
  columns 77-78 should contain the element symbol of an atom.
  but OpenBabel found '  ' (atom 45)
==============================
*** Open Babel Warning  in parseAtomRecord
  WARNING: Problems reading a PDB file
  Problems reading a HETATM or ATOM record.
  According to the PDB specification,
  columns 77-78 should contain the element symbol of an atom.
  but OpenBabel found '  ' (atom 46)
==============================
*** Open Babel Warning  in parseAtomRecord
  WARNING: Problems reading a PDB file
  Problems reading a HETATM or ATOM record.
  According to the PDB specification,
  columns 77-78 should contain the element symbol of an atom.
  but OpenBabel found '  ' (atom 47)
WRITING MOLECULE TO FILE '../1EDN_SUPERIMPOSITIONS/ALPHA1_BETAN1_NOBACKBONE/PCA1_17-21__SB209670.mol2' (WILL OVERWRITE EXISTING FILE IF ANY)...
WRITING MOLECULE TO FILE '../1EDN_SUPERIMPOSITIONS/ALPHA1_BETAN1_NOBACKBONE/PCA1_17-21__SB209670.mol2'...
WRITING MOLECULE TO FILE '../1EDN_SUPERIMPOSITIONS/ALPHA1_BETAN1_NOBACKBONE/PCA1_17-21__SB209670.mol2'...
