==============================
*** Open Babel Warning  in parseAtomRecord
  WARNING: Problems reading a PDB file
  Problems reading a HETATM or ATOM record.
  According to the PDB specification,
  columns 77-78 should contain the element symbol of an atom.
  but OpenBabel found '  ' (atom 1)
==============================
*** Open Babel Warning  in parseAtomRecord
  WARNING: Problems reading a PDB file
  Problems reading a HETATM or ATOM record.
  According to the PDB specification,
  columns 77-78 should contain the element symbol of an atom.
  but OpenBabel found '  ' (atom 2)
==============================
*** Open Babel Warning  in parseAtomRecord
  WARNING: Problems reading a PDB file
  Problems reading a HETATM or ATOM record.
  According to the PDB specification,
  columns 77-78 should contain the element symbol of an atom.
  but OpenBabel found '  ' (atom 3)
==============================
*** Open Babel Warning  in parseAtomRecord
  WARNING: Problems reading a PDB file
  Problems reading a HETATM or ATOM record.
  According to the PDB specification,
  columns 77-78 should contain the element symbol of an atom.
  but OpenBabel found '  ' (atom 4)
==============================
*** Open Babel Warning  in parseAtomRecord
  WARNING: Problems reading a PDB file
  Problems reading a HETATM or ATOM record.
  According to the PDB specification,
  columns 77-78 should contain the element symbol of an atom.
  but OpenBabel found '  ' (atom 5)
==============================
*** Open Babel Warning  in parseAtomRecord
  WARNING: Problems reading a PDB file
  Problems reading a HETATM or ATOM record.
  According to the PDB specification,
  columns 77-78 should contain the element symbol of an atom.
  but OpenBabel found '  ' (atom 6)
==============================
*** Open Babel Warning  in parseAtomRecord
  WARNING: Problems reading a PDB file
  Problems reading a HETATM or ATOM record.
  According to the PDB specification,
  columns 77-78 should contain the element symbol of an atom.
  but OpenBabel found '  ' (atom 7)
==============================
*** Open Babel Warning  in parseAtomRecord
  WARNING: Problems reading a PDB file
  Problems reading a HETATM or ATOM record.
  According to the PDB specification,
  columns 77-78 should contain the element symbol of an atom.
  but OpenBabel found '  ' (atom 8)
==============================
*** Open Babel Warning  in parseAtomRecord
  WARNING: Problems reading a PDB file
  Problems reading a HETATM or ATOM record.
  According to the PDB specification,
  columns 77-78 should contain the element symbol of an atom.
  but OpenBabel found '  ' (atom 9)
==============================
*** Open Babel Warning  in parseAtomRecord
  WARNING: Problems reading a PDB file
  Problems reading a HETATM or ATOM record.
  According to the PDB specification,
  columns 77-78 should contain the element symbol of an atom.
  but OpenBabel found '  ' (atom 10)
==============================
*** Open Babel Warning  in parseAtomRecord
  WARNING: Problems reading a PDB file
  Problems reading a HETATM or ATOM record.
  According to the PDB specification,
  columns 77-78 should contain the element symbol of an atom.
  but OpenBabel found '  ' (atom 11)
==============================
*** Open Babel Warning  in parseAtomRecord
  WARNING: Problems reading a PDB file
  Problems reading a HETATM or ATOM record.
  According to the PDB specification,
  columns 77-78 should contain the element symbol of an atom.
  but OpenBabel found '  ' (atom 12)
==============================
*** Open Babel Warning  in parseAtomRecord
  WARNING: Problems reading a PDB file
  Problems reading a HETATM or ATOM record.
  According to the PDB specification,
  columns 77-78 should contain the element symbol of an atom.
  but OpenBabel found '  ' (atom 13)
==============================
*** Open Babel Warning  in parseAtomRecord
  WARNING: Problems reading a PDB file
  Problems reading a HETATM or ATOM record.
  According to the PDB specification,
  columns 77-78 should contain the element symbol of an atom.
  but OpenBabel found '  ' (atom 14)
==============================
*** Open Babel Warning  in parseAtomRecord
  WARNING: Problems reading a PDB file
  Problems reading a HETATM or ATOM record.
  According to the PDB specification,
  columns 77-78 should contain the element symbol of an atom.
  but OpenBabel found '  ' (atom 15)
==============================
*** Open Babel Warning  in parseAtomRecord
  WARNING: Problems reading a PDB file
  Problems reading a HETATM or ATOM record.
  According to the PDB specification,
  columns 77-78 should contain the element symbol of an atom.
  but OpenBabel found '  ' (atom 16)
==============================
*** Open Babel Warning  in parseAtomRecord
  WARNING: Problems reading a PDB file
  Problems reading a HETATM or ATOM record.
  According to the PDB specification,
  columns 77-78 should contain the element symbol of an atom.
  but OpenBabel found '  ' (atom 17)
==============================
*** Open Babel Warning  in parseAtomRecord
  WARNING: Problems reading a PDB file
  Problems reading a HETATM or ATOM record.
  According to the PDB specification,
  columns 77-78 should contain the element symbol of an atom.
  but OpenBabel found '  ' (atom 18)
==============================
*** Open Babel Warning  in parseAtomRecord
  WARNING: Problems reading a PDB file
  Problems reading a HETATM or ATOM record.
  According to the PDB specification,
  columns 77-78 should contain the element symbol of an atom.
  but OpenBabel found '  ' (atom 19)
==============================
*** Open Babel Warning  in parseAtomRecord
  WARNING: Problems reading a PDB file
  Problems reading a HETATM or ATOM record.
  According to the PDB specification,
  columns 77-78 should contain the element symbol of an atom.
  but OpenBabel found '  ' (atom 20)
==============================
*** Open Babel Warning  in parseAtomRecord
  WARNING: Problems reading a PDB file
  Problems reading a HETATM or ATOM record.
  According to the PDB specification,
  columns 77-78 should contain the element symbol of an atom.
  but OpenBabel found '  ' (atom 21)
==============================
*** Open Babel Warning  in parseAtomRecord
  WARNING: Problems reading a PDB file
  Problems reading a HETATM or ATOM record.
  According to the PDB specification,
  columns 77-78 should contain the element symbol of an atom.
  but OpenBabel found '  ' (atom 22)
==============================
*** Open Babel Warning  in parseAtomRecord
  WARNING: Problems reading a PDB file
  Problems reading a HETATM or ATOM record.
  According to the PDB specification,
  columns 77-78 should contain the element symbol of an atom.
  but OpenBabel found '  ' (atom 23)
==============================
*** Open Babel Warning  in parseAtomRecord
  WARNING: Problems reading a PDB file
  Problems reading a HETATM or ATOM record.
  According to the PDB specification,
  columns 77-78 should contain the element symbol of an atom.
  but OpenBabel found '  ' (atom 24)
==============================
*** Open Babel Warning  in parseAtomRecord
  WARNING: Problems reading a PDB file
  Problems reading a HETATM or ATOM record.
  According to the PDB specification,
  columns 77-78 should contain the element symbol of an atom.
  but OpenBabel found '  ' (atom 25)
==============================
*** Open Babel Warning  in parseAtomRecord
  WARNING: Problems reading a PDB file
  Problems reading a HETATM or ATOM record.
  According to the PDB specification,
  columns 77-78 should contain the element symbol of an atom.
  but OpenBabel found '  ' (atom 26)
Finished importing molecules
WARNING: LAPACK DSYEV() RETURNED NON-ZERO ERROR CODE 2
WARNING: LAPACK DSYEV() RETURNED NON-ZERO ERROR CODE 2
WARNING: LAPACK DSYEV() RETURNED NON-ZERO ERROR CODE 3
WARNING: LAPACK DSYEV() RETURNED NON-ZERO ERROR CODE 2
WARNING: LAPACK DSYEV() RETURNED NON-ZERO ERROR CODE 2
WARNING: LAPACK DSYEV() RETURNED NON-ZERO ERROR CODE 2
WARNING: LAPACK DSYEV() RETURNED NON-ZERO ERROR CODE 3
WARNING: LAPACK DSYEV() RETURNED NON-ZERO ERROR CODE 3
WARNING: LAPACK DSYEV() RETURNED NON-ZERO ERROR CODE 2
WARNING: LAPACK DSYEV() RETURNED NON-ZERO ERROR CODE 2
WARNING: LAPACK DSYEV() RETURNED NON-ZERO ERROR CODE 2
WARNING: LAPACK DSYEV() RETURNED NON-ZERO ERROR CODE 2
WARNING: LAPACK DSYEV() RETURNED NON-ZERO ERROR CODE 2
WARNING: LAPACK DSYEV() RETURNED NON-ZERO ERROR CODE 3
WARNING: LAPACK DSYEV() RETURNED NON-ZERO ERROR CODE 3
WARNING: LAPACK DSYEV() RETURNED NON-ZERO ERROR CODE 2
WARNING: LAPACK DSYEV() RETURNED NON-ZERO ERROR CODE 3
WARNING: LAPACK DSYEV() RETURNED NON-ZERO ERROR CODE 2
WARNING: LAPACK DSYEV() RETURNED NON-ZERO ERROR CODE 2
WARNING: LAPACK DSYEV() RETURNED NON-ZERO ERROR CODE 2
WARNING: LAPACK DSYEV() RETURNED NON-ZERO ERROR CODE 3
WARNING: LAPACK DSYEV() RETURNED NON-ZERO ERROR CODE 2
WARNING: LAPACK DSYEV() RETURNED NON-ZERO ERROR CODE 3
WARNING: LAPACK DSYEV() RETURNED NON-ZERO ERROR CODE 2
WARNING: LAPACK DSYEV() RETURNED NON-ZERO ERROR CODE 2
WARNING: LAPACK DSYEV() RETURNED NON-ZERO ERROR CODE 2
WARNING: LAPACK DSYEV() RETURNED NON-ZERO ERROR CODE 2
WARNING: LAPACK DSYEV() RETURNED NON-ZERO ERROR CODE 2
WARNING: LAPACK DSYEV() RETURNED NON-ZERO ERROR CODE 2
WARNING: LAPACK DSYEV() RETURNED NON-ZERO ERROR CODE 3
WARNING: LAPACK DSYEV() RETURNED NON-ZERO ERROR CODE 3
WARNING: LAPACK DSYEV() RETURNED NON-ZERO ERROR CODE 2
WARNING: LAPACK DSYEV() RETURNED NON-ZERO ERROR CODE 2
WARNING: LAPACK DSYEV() RETURNED NON-ZERO ERROR CODE 2
WARNING: LAPACK DSYEV() RETURNED NON-ZERO ERROR CODE 2
WARNING: LAPACK DSYEV() RETURNED NON-ZERO ERROR CODE 2
WARNING: LAPACK DSYEV() RETURNED NON-ZERO ERROR CODE 3
WARNING: LAPACK DSYEV() RETURNED NON-ZERO ERROR CODE 2
WARNING: LAPACK DSYEV() RETURNED NON-ZERO ERROR CODE 3
WARNING: LAPACK DSYEV() RETURNED NON-ZERO ERROR CODE 3
WARNING: LAPACK DSYEV() RETURNED NON-ZERO ERROR CODE 3
WARNING: LAPACK DSYEV() RETURNED NON-ZERO ERROR CODE 2
WARNING: LAPACK DSYEV() RETURNED NON-ZERO ERROR CODE 3
WARNING: LAPACK DSYEV() RETURNED NON-ZERO ERROR CODE 2
WARNING: LAPACK DSYEV() RETURNED NON-ZERO ERROR CODE 2
WARNING: LAPACK DSYEV() RETURNED NON-ZERO ERROR CODE 3
WARNING: LAPACK DSYEV() RETURNED NON-ZERO ERROR CODE 2
WARNING: LAPACK DSYEV() RETURNED NON-ZERO ERROR CODE 2
WARNING: LAPACK DSYEV() RETURNED NON-ZERO ERROR CODE 2
WARNING: LAPACK DSYEV() RETURNED NON-ZERO ERROR CODE 2
WARNING: LAPACK DSYEV() RETURNED NON-ZERO ERROR CODE 2
Finished setting up data; running search...
ROUND 1 A#0 and B#0 = 170.701
ROUND 2 A#1 and B#0 = 170.946
ROUND 3 A#2 and B#0 = 139.761
ROUND 4 A#3 and B#0 = 33.0488
ROUND 5 A#4 and B#0 = 177.625
ROUND 6 A#5 and B#0 = 168.658
ROUND 7 A#6 and B#0 = 141.978
ROUND 8 A#7 and B#0 = 153.771
ROUND 9 A#8 and B#0 = 180.653
ROUND 10 A#9 and B#0 = 193.049
ROUND 11 A#10 and B#0 = 32.7507
ROUND 12 A#11 and B#0 = 220.613
ROUND 13 A#12 and B#0 = 171.963
ROUND 14 A#13 and B#0 = 141.612
ROUND 15 A#14 and B#0 = 157.228
ROUND 16 A#15 and B#0 = 201.369
ROUND 17 A#16 and B#0 = 160.379
ROUND 18 A#17 and B#0 = 203.441
ROUND 19 A#18 and B#0 = 178.351
ROUND 20 A#19 and B#0 = 144.53
ROUND 21 A#20 and B#0 = 156.642
ROUND 22 A#21 and B#0 = 144.16
ROUND 23 A#22 and B#0 = 159.058
ROUND 24 A#23 and B#0 = 146.594
ROUND 25 A#24 and B#0 = 183.111
ROUND 26 A#25 and B#0 = 207.26
ROUND 27 A#26 and B#0 = 182.097
ROUND 28 A#27 and B#0 = 186.93
ROUND 29 A#28 and B#0 = 26.5175
ROUND 30 A#29 and B#0 = 8.11576
ROUND 31 A#30 and B#0 = 192.772
ROUND 32 A#31 and B#0 = 166.231
ROUND 33 A#32 and B#0 = 185.994
ROUND 34 A#33 and B#0 = 171.997
ROUND 35 A#34 and B#0 = 216.801
ROUND 36 A#35 and B#0 = 200.966
ROUND 37 A#36 and B#0 = 19.2754
ROUND 38 A#37 and B#0 = 187.17
ROUND 39 A#38 and B#0 = 19.8046
ROUND 40 A#39 and B#0 = 166.678
ROUND 41 A#40 and B#0 = 146.379
ROUND 42 A#41 and B#0 = 172.056
ROUND 43 A#42 and B#0 = 174.998
ROUND 44 A#43 and B#0 = 130.805
ROUND 45 A#44 and B#0 = 135.679
ROUND 46 A#45 and B#0 = 139.416
ROUND 47 A#46 and B#0 = 30.3392
ROUND 48 A#47 and B#0 = 219.585
ROUND 49 A#48 and B#0 = 154.029
ROUND 50 A#49 and B#0 = 191.43

The best overlap is between conformer A#11 and B#0, which, after PCA followed by Steepest Descent, produces a volume overlap of 220.613
Tanimoto (Hodgkin) similarity index: 0.305026

Saving those best conformers to file...
==============================
*** Open Babel Warning  in parseAtomRecord
  WARNING: Problems reading a PDB file
  Problems reading a HETATM or ATOM record.
  According to the PDB specification,
  columns 77-78 should contain the element symbol of an atom.
  but OpenBabel found '  ' (atom 1)
==============================
*** Open Babel Warning  in parseAtomRecord
  WARNING: Problems reading a PDB file
  Problems reading a HETATM or ATOM record.
  According to the PDB specification,
  columns 77-78 should contain the element symbol of an atom.
  but OpenBabel found '  ' (atom 2)
==============================
*** Open Babel Warning  in parseAtomRecord
  WARNING: Problems reading a PDB file
  Problems reading a HETATM or ATOM record.
  According to the PDB specification,
  columns 77-78 should contain the element symbol of an atom.
  but OpenBabel found '  ' (atom 3)
==============================
*** Open Babel Warning  in parseAtomRecord
  WARNING: Problems reading a PDB file
  Problems reading a HETATM or ATOM record.
  According to the PDB specification,
  columns 77-78 should contain the element symbol of an atom.
  but OpenBabel found '  ' (atom 4)
==============================
*** Open Babel Warning  in parseAtomRecord
  WARNING: Problems reading a PDB file
  Problems reading a HETATM or ATOM record.
  According to the PDB specification,
  columns 77-78 should contain the element symbol of an atom.
  but OpenBabel found '  ' (atom 5)
==============================
*** Open Babel Warning  in parseAtomRecord
  WARNING: Problems reading a PDB file
  Problems reading a HETATM or ATOM record.
  According to the PDB specification,
  columns 77-78 should contain the element symbol of an atom.
  but OpenBabel found '  ' (atom 6)
==============================
*** Open Babel Warning  in parseAtomRecord
  WARNING: Problems reading a PDB file
  Problems reading a HETATM or ATOM record.
  According to the PDB specification,
  columns 77-78 should contain the element symbol of an atom.
  but OpenBabel found '  ' (atom 7)
==============================
*** Open Babel Warning  in parseAtomRecord
  WARNING: Problems reading a PDB file
  Problems reading a HETATM or ATOM record.
  According to the PDB specification,
  columns 77-78 should contain the element symbol of an atom.
  but OpenBabel found '  ' (atom 8)
==============================
*** Open Babel Warning  in parseAtomRecord
  WARNING: Problems reading a PDB file
  Problems reading a HETATM or ATOM record.
  According to the PDB specification,
  columns 77-78 should contain the element symbol of an atom.
  but OpenBabel found '  ' (atom 9)
==============================
*** Open Babel Warning  in parseAtomRecord
  WARNING: Problems reading a PDB file
  Problems reading a HETATM or ATOM record.
  According to the PDB specification,
  columns 77-78 should contain the element symbol of an atom.
  but OpenBabel found '  ' (atom 10)
==============================
*** Open Babel Warning  in parseAtomRecord
  WARNING: Problems reading a PDB file
  Problems reading a HETATM or ATOM record.
  According to the PDB specification,
  columns 77-78 should contain the element symbol of an atom.
  but OpenBabel found '  ' (atom 11)
==============================
*** Open Babel Warning  in parseAtomRecord
  WARNING: Problems reading a PDB file
  Problems reading a HETATM or ATOM record.
  According to the PDB specification,
  columns 77-78 should contain the element symbol of an atom.
  but OpenBabel found '  ' (atom 12)
==============================
*** Open Babel Warning  in parseAtomRecord
  WARNING: Problems reading a PDB file
  Problems reading a HETATM or ATOM record.
  According to the PDB specification,
  columns 77-78 should contain the element symbol of an atom.
  but OpenBabel found '  ' (atom 13)
==============================
*** Open Babel Warning  in parseAtomRecord
  WARNING: Problems reading a PDB file
  Problems reading a HETATM or ATOM record.
  According to the PDB specification,
  columns 77-78 should contain the element symbol of an atom.
  but OpenBabel found '  ' (atom 14)
==============================
*** Open Babel Warning  in parseAtomRecord
  WARNING: Problems reading a PDB file
  Problems reading a HETATM or ATOM record.
  According to the PDB specification,
  columns 77-78 should contain the element symbol of an atom.
  but OpenBabel found '  ' (atom 15)
==============================
*** Open Babel Warning  in parseAtomRecord
  WARNING: Problems reading a PDB file
  Problems reading a HETATM or ATOM record.
  According to the PDB specification,
  columns 77-78 should contain the element symbol of an atom.
  but OpenBabel found '  ' (atom 16)
==============================
*** Open Babel Warning  in parseAtomRecord
  WARNING: Problems reading a PDB file
  Problems reading a HETATM or ATOM record.
  According to the PDB specification,
  columns 77-78 should contain the element symbol of an atom.
  but OpenBabel found '  ' (atom 17)
==============================
*** Open Babel Warning  in parseAtomRecord
  WARNING: Problems reading a PDB file
  Problems reading a HETATM or ATOM record.
  According to the PDB specification,
  columns 77-78 should contain the element symbol of an atom.
  but OpenBabel found '  ' (atom 18)
==============================
*** Open Babel Warning  in parseAtomRecord
  WARNING: Problems reading a PDB file
  Problems reading a HETATM or ATOM record.
  According to the PDB specification,
  columns 77-78 should contain the element symbol of an atom.
  but OpenBabel found '  ' (atom 19)
==============================
*** Open Babel Warning  in parseAtomRecord
  WARNING: Problems reading a PDB file
  Problems reading a HETATM or ATOM record.
  According to the PDB specification,
  columns 77-78 should contain the element symbol of an atom.
  but OpenBabel found '  ' (atom 20)
==============================
*** Open Babel Warning  in parseAtomRecord
  WARNING: Problems reading a PDB file
  Problems reading a HETATM or ATOM record.
  According to the PDB specification,
  columns 77-78 should contain the element symbol of an atom.
  but OpenBabel found '  ' (atom 21)
==============================
*** Open Babel Warning  in parseAtomRecord
  WARNING: Problems reading a PDB file
  Problems reading a HETATM or ATOM record.
  According to the PDB specification,
  columns 77-78 should contain the element symbol of an atom.
  but OpenBabel found '  ' (atom 22)
==============================
*** Open Babel Warning  in parseAtomRecord
  WARNING: Problems reading a PDB file
  Problems reading a HETATM or ATOM record.
  According to the PDB specification,
  columns 77-78 should contain the element symbol of an atom.
  but OpenBabel found '  ' (atom 23)
==============================
*** Open Babel Warning  in parseAtomRecord
  WARNING: Problems reading a PDB file
  Problems reading a HETATM or ATOM record.
  According to the PDB specification,
  columns 77-78 should contain the element symbol of an atom.
  but OpenBabel found '  ' (atom 24)
==============================
*** Open Babel Warning  in parseAtomRecord
  WARNING: Problems reading a PDB file
  Problems reading a HETATM or ATOM record.
  According to the PDB specification,
  columns 77-78 should contain the element symbol of an atom.
  but OpenBabel found '  ' (atom 25)
==============================
*** Open Babel Warning  in parseAtomRecord
  WARNING: Problems reading a PDB file
  Problems reading a HETATM or ATOM record.
  According to the PDB specification,
  columns 77-78 should contain the element symbol of an atom.
  but OpenBabel found '  ' (atom 26)
==============================
*** Open Babel Warning  in parseAtomRecord
  WARNING: Problems reading a PDB file
  Problems reading a HETATM or ATOM record.
  According to the PDB specification,
  columns 77-78 should contain the element symbol of an atom.
  but OpenBabel found '  ' (atom 27)
==============================
*** Open Babel Warning  in parseAtomRecord
  WARNING: Problems reading a PDB file
  Problems reading a HETATM or ATOM record.
  According to the PDB specification,
  columns 77-78 should contain the element symbol of an atom.
  but OpenBabel found '  ' (atom 28)
==============================
*** Open Babel Warning  in parseAtomRecord
  WARNING: Problems reading a PDB file
  Problems reading a HETATM or ATOM record.
  According to the PDB specification,
  columns 77-78 should contain the element symbol of an atom.
  but OpenBabel found '  ' (atom 29)
==============================
*** Open Babel Warning  in parseAtomRecord
  WARNING: Problems reading a PDB file
  Problems reading a HETATM or ATOM record.
  According to the PDB specification,
  columns 77-78 should contain the element symbol of an atom.
  but OpenBabel found '  ' (atom 30)
==============================
*** Open Babel Warning  in parseAtomRecord
  WARNING: Problems reading a PDB file
  Problems reading a HETATM or ATOM record.
  According to the PDB specification,
  columns 77-78 should contain the element symbol of an atom.
  but OpenBabel found '  ' (atom 31)
==============================
*** Open Babel Warning  in parseAtomRecord
  WARNING: Problems reading a PDB file
  Problems reading a HETATM or ATOM record.
  According to the PDB specification,
  columns 77-78 should contain the element symbol of an atom.
  but OpenBabel found '  ' (atom 32)
==============================
*** Open Babel Warning  in parseAtomRecord
  WARNING: Problems reading a PDB file
  Problems reading a HETATM or ATOM record.
  According to the PDB specification,
  columns 77-78 should contain the element symbol of an atom.
  but OpenBabel found '  ' (atom 33)
==============================
*** Open Babel Warning  in parseAtomRecord
  WARNING: Problems reading a PDB file
  Problems reading a HETATM or ATOM record.
  According to the PDB specification,
  columns 77-78 should contain the element symbol of an atom.
  but OpenBabel found '  ' (atom 34)
==============================
*** Open Babel Warning  in parseAtomRecord
  WARNING: Problems reading a PDB file
  Problems reading a HETATM or ATOM record.
  According to the PDB specification,
  columns 77-78 should contain the element symbol of an atom.
  but OpenBabel found '  ' (atom 35)
==============================
*** Open Babel Warning  in parseAtomRecord
  WARNING: Problems reading a PDB file
  Problems reading a HETATM or ATOM record.
  According to the PDB specification,
  columns 77-78 should contain the element symbol of an atom.
  but OpenBabel found '  ' (atom 36)
==============================
*** Open Babel Warning  in parseAtomRecord
  WARNING: Problems reading a PDB file
  Problems reading a HETATM or ATOM record.
  According to the PDB specification,
  columns 77-78 should contain the element symbol of an atom.
  but OpenBabel found '  ' (atom 37)
==============================
*** Open Babel Warning  in parseAtomRecord
  WARNING: Problems reading a PDB file
  Problems reading a HETATM or ATOM record.
  According to the PDB specification,
  columns 77-78 should contain the element symbol of an atom.
  but OpenBabel found '  ' (atom 38)
==============================
*** Open Babel Warning  in parseAtomRecord
  WARNING: Problems reading a PDB file
  Problems reading a HETATM or ATOM record.
  According to the PDB specification,
  columns 77-78 should contain the element symbol of an atom.
  but OpenBabel found '  ' (atom 39)
==============================
*** Open Babel Warning  in parseAtomRecord
  WARNING: Problems reading a PDB file
  Problems reading a HETATM or ATOM record.
  According to the PDB specification,
  columns 77-78 should contain the element symbol of an atom.
  but OpenBabel found '  ' (atom 40)
==============================
*** Open Babel Warning  in parseAtomRecord
  WARNING: Problems reading a PDB file
  Problems reading a HETATM or ATOM record.
  According to the PDB specification,
  columns 77-78 should contain the element symbol of an atom.
  but OpenBabel found '  ' (atom 41)
==============================
*** Open Babel Warning  in parseAtomRecord
  WARNING: Problems reading a PDB file
  Problems reading a HETATM or ATOM record.
  According to the PDB specification,
  columns 77-78 should contain the element symbol of an atom.
  but OpenBabel found '  ' (atom 42)
==============================
*** Open Babel Warning  in parseAtomRecord
  WARNING: Problems reading a PDB file
  Problems reading a HETATM or ATOM record.
  According to the PDB specification,
  columns 77-78 should contain the element symbol of an atom.
  but OpenBabel found '  ' (atom 43)
==============================
*** Open Babel Warning  in parseAtomRecord
  WARNING: Problems reading a PDB file
  Problems reading a HETATM or ATOM record.
  According to the PDB specification,
  columns 77-78 should contain the element symbol of an atom.
  but OpenBabel found '  ' (atom 44)
==============================
*** Open Babel Warning  in parseAtomRecord
  WARNING: Problems reading a PDB file
  Problems reading a HETATM or ATOM record.
  According to the PDB specification,
  columns 77-78 should contain the element symbol of an atom.
  but OpenBabel found '  ' (atom 45)
==============================
*** Open Babel Warning  in parseAtomRecord
  WARNING: Problems reading a PDB file
  Problems reading a HETATM or ATOM record.
  According to the PDB specification,
  columns 77-78 should contain the element symbol of an atom.
  but OpenBabel found '  ' (atom 46)
==============================
*** Open Babel Warning  in parseAtomRecord
  WARNING: Problems reading a PDB file
  Problems reading a HETATM or ATOM record.
  According to the PDB specification,
  columns 77-78 should contain the element symbol of an atom.
  but OpenBabel found '  ' (atom 47)
WRITING MOLECULE TO FILE '../1EDN_SUPERIMPOSITIONS/ALPHA1_BETAN1_NOBACKBONE/PCA1_17-21__Avosentan.mol2' (WILL OVERWRITE EXISTING FILE IF ANY)...
WRITING MOLECULE TO FILE '../1EDN_SUPERIMPOSITIONS/ALPHA1_BETAN1_NOBACKBONE/PCA1_17-21__Avosentan.mol2'...
WRITING MOLECULE TO FILE '../1EDN_SUPERIMPOSITIONS/ALPHA1_BETAN1_NOBACKBONE/PCA1_17-21__Avosentan.mol2'...
