==============================
*** Open Babel Warning  in parseAtomRecord
  WARNING: Problems reading a PDB file
  Problems reading a HETATM or ATOM record.
  According to the PDB specification,
  columns 77-78 should contain the element symbol of an atom.
  but OpenBabel found '  ' (atom 1)
==============================
*** Open Babel Warning  in parseAtomRecord
  WARNING: Problems reading a PDB file
  Problems reading a HETATM or ATOM record.
  According to the PDB specification,
  columns 77-78 should contain the element symbol of an atom.
  but OpenBabel found '  ' (atom 2)
==============================
*** Open Babel Warning  in parseAtomRecord
  WARNING: Problems reading a PDB file
  Problems reading a HETATM or ATOM record.
  According to the PDB specification,
  columns 77-78 should contain the element symbol of an atom.
  but OpenBabel found '  ' (atom 3)
==============================
*** Open Babel Warning  in parseAtomRecord
  WARNING: Problems reading a PDB file
  Problems reading a HETATM or ATOM record.
  According to the PDB specification,
  columns 77-78 should contain the element symbol of an atom.
  but OpenBabel found '  ' (atom 4)
==============================
*** Open Babel Warning  in parseAtomRecord
  WARNING: Problems reading a PDB file
  Problems reading a HETATM or ATOM record.
  According to the PDB specification,
  columns 77-78 should contain the element symbol of an atom.
  but OpenBabel found '  ' (atom 5)
==============================
*** Open Babel Warning  in parseAtomRecord
  WARNING: Problems reading a PDB file
  Problems reading a HETATM or ATOM record.
  According to the PDB specification,
  columns 77-78 should contain the element symbol of an atom.
  but OpenBabel found '  ' (atom 6)
==============================
*** Open Babel Warning  in parseAtomRecord
  WARNING: Problems reading a PDB file
  Problems reading a HETATM or ATOM record.
  According to the PDB specification,
  columns 77-78 should contain the element symbol of an atom.
  but OpenBabel found '  ' (atom 7)
==============================
*** Open Babel Warning  in parseAtomRecord
  WARNING: Problems reading a PDB file
  Problems reading a HETATM or ATOM record.
  According to the PDB specification,
  columns 77-78 should contain the element symbol of an atom.
  but OpenBabel found '  ' (atom 8)
==============================
*** Open Babel Warning  in parseAtomRecord
  WARNING: Problems reading a PDB file
  Problems reading a HETATM or ATOM record.
  According to the PDB specification,
  columns 77-78 should contain the element symbol of an atom.
  but OpenBabel found '  ' (atom 9)
==============================
*** Open Babel Warning  in parseAtomRecord
  WARNING: Problems reading a PDB file
  Problems reading a HETATM or ATOM record.
  According to the PDB specification,
  columns 77-78 should contain the element symbol of an atom.
  but OpenBabel found '  ' (atom 10)
==============================
*** Open Babel Warning  in parseAtomRecord
  WARNING: Problems reading a PDB file
  Problems reading a HETATM or ATOM record.
  According to the PDB specification,
  columns 77-78 should contain the element symbol of an atom.
  but OpenBabel found '  ' (atom 11)
==============================
*** Open Babel Warning  in parseAtomRecord
  WARNING: Problems reading a PDB file
  Problems reading a HETATM or ATOM record.
  According to the PDB specification,
  columns 77-78 should contain the element symbol of an atom.
  but OpenBabel found '  ' (atom 12)
==============================
*** Open Babel Warning  in parseAtomRecord
  WARNING: Problems reading a PDB file
  Problems reading a HETATM or ATOM record.
  According to the PDB specification,
  columns 77-78 should contain the element symbol of an atom.
  but OpenBabel found '  ' (atom 13)
==============================
*** Open Babel Warning  in parseAtomRecord
  WARNING: Problems reading a PDB file
  Problems reading a HETATM or ATOM record.
  According to the PDB specification,
  columns 77-78 should contain the element symbol of an atom.
  but OpenBabel found '  ' (atom 14)
==============================
*** Open Babel Warning  in parseAtomRecord
  WARNING: Problems reading a PDB file
  Problems reading a HETATM or ATOM record.
  According to the PDB specification,
  columns 77-78 should contain the element symbol of an atom.
  but OpenBabel found '  ' (atom 15)
==============================
*** Open Babel Warning  in parseAtomRecord
  WARNING: Problems reading a PDB file
  Problems reading a HETATM or ATOM record.
  According to the PDB specification,
  columns 77-78 should contain the element symbol of an atom.
  but OpenBabel found '  ' (atom 16)
==============================
*** Open Babel Warning  in parseAtomRecord
  WARNING: Problems reading a PDB file
  Problems reading a HETATM or ATOM record.
  According to the PDB specification,
  columns 77-78 should contain the element symbol of an atom.
  but OpenBabel found '  ' (atom 17)
==============================
*** Open Babel Warning  in parseAtomRecord
  WARNING: Problems reading a PDB file
  Problems reading a HETATM or ATOM record.
  According to the PDB specification,
  columns 77-78 should contain the element symbol of an atom.
  but OpenBabel found '  ' (atom 18)
==============================
*** Open Babel Warning  in parseAtomRecord
  WARNING: Problems reading a PDB file
  Problems reading a HETATM or ATOM record.
  According to the PDB specification,
  columns 77-78 should contain the element symbol of an atom.
  but OpenBabel found '  ' (atom 19)
==============================
*** Open Babel Warning  in parseAtomRecord
  WARNING: Problems reading a PDB file
  Problems reading a HETATM or ATOM record.
  According to the PDB specification,
  columns 77-78 should contain the element symbol of an atom.
  but OpenBabel found '  ' (atom 20)
==============================
*** Open Babel Warning  in parseAtomRecord
  WARNING: Problems reading a PDB file
  Problems reading a HETATM or ATOM record.
  According to the PDB specification,
  columns 77-78 should contain the element symbol of an atom.
  but OpenBabel found '  ' (atom 21)
==============================
*** Open Babel Warning  in parseAtomRecord
  WARNING: Problems reading a PDB file
  Problems reading a HETATM or ATOM record.
  According to the PDB specification,
  columns 77-78 should contain the element symbol of an atom.
  but OpenBabel found '  ' (atom 22)
==============================
*** Open Babel Warning  in parseAtomRecord
  WARNING: Problems reading a PDB file
  Problems reading a HETATM or ATOM record.
  According to the PDB specification,
  columns 77-78 should contain the element symbol of an atom.
  but OpenBabel found '  ' (atom 23)
==============================
*** Open Babel Warning  in parseAtomRecord
  WARNING: Problems reading a PDB file
  Problems reading a HETATM or ATOM record.
  According to the PDB specification,
  columns 77-78 should contain the element symbol of an atom.
  but OpenBabel found '  ' (atom 24)
==============================
*** Open Babel Warning  in parseAtomRecord
  WARNING: Problems reading a PDB file
  Problems reading a HETATM or ATOM record.
  According to the PDB specification,
  columns 77-78 should contain the element symbol of an atom.
  but OpenBabel found '  ' (atom 25)
==============================
*** Open Babel Warning  in parseAtomRecord
  WARNING: Problems reading a PDB file
  Problems reading a HETATM or ATOM record.
  According to the PDB specification,
  columns 77-78 should contain the element symbol of an atom.
  but OpenBabel found '  ' (atom 26)
Finished importing molecules
WARNING: LAPACK DSYEV() RETURNED NON-ZERO ERROR CODE 2
WARNING: LAPACK DSYEV() RETURNED NON-ZERO ERROR CODE 2
WARNING: LAPACK DSYEV() RETURNED NON-ZERO ERROR CODE 2
WARNING: LAPACK DSYEV() RETURNED NON-ZERO ERROR CODE 2
WARNING: LAPACK DSYEV() RETURNED NON-ZERO ERROR CODE 2
WARNING: LAPACK DSYEV() RETURNED NON-ZERO ERROR CODE 2
WARNING: LAPACK DSYEV() RETURNED NON-ZERO ERROR CODE 3
WARNING: LAPACK DSYEV() RETURNED NON-ZERO ERROR CODE 3
WARNING: LAPACK DSYEV() RETURNED NON-ZERO ERROR CODE 2
WARNING: LAPACK DSYEV() RETURNED NON-ZERO ERROR CODE 2
WARNING: LAPACK DSYEV() RETURNED NON-ZERO ERROR CODE 2
WARNING: LAPACK DSYEV() RETURNED NON-ZERO ERROR CODE 2
WARNING: LAPACK DSYEV() RETURNED NON-ZERO ERROR CODE 2
WARNING: LAPACK DSYEV() RETURNED NON-ZERO ERROR CODE 3
WARNING: LAPACK DSYEV() RETURNED NON-ZERO ERROR CODE 3
WARNING: LAPACK DSYEV() RETURNED NON-ZERO ERROR CODE 3
WARNING: LAPACK DSYEV() RETURNED NON-ZERO ERROR CODE 3
WARNING: LAPACK DSYEV() RETURNED NON-ZERO ERROR CODE 2
WARNING: LAPACK DSYEV() RETURNED NON-ZERO ERROR CODE 2
WARNING: LAPACK DSYEV() RETURNED NON-ZERO ERROR CODE 2
WARNING: LAPACK DSYEV() RETURNED NON-ZERO ERROR CODE 3
WARNING: LAPACK DSYEV() RETURNED NON-ZERO ERROR CODE 2
WARNING: LAPACK DSYEV() RETURNED NON-ZERO ERROR CODE 3
WARNING: LAPACK DSYEV() RETURNED NON-ZERO ERROR CODE 2
WARNING: LAPACK DSYEV() RETURNED NON-ZERO ERROR CODE 2
WARNING: LAPACK DSYEV() RETURNED NON-ZERO ERROR CODE 2
WARNING: LAPACK DSYEV() RETURNED NON-ZERO ERROR CODE 2
WARNING: LAPACK DSYEV() RETURNED NON-ZERO ERROR CODE 2
WARNING: LAPACK DSYEV() RETURNED NON-ZERO ERROR CODE 3
WARNING: LAPACK DSYEV() RETURNED NON-ZERO ERROR CODE 3
WARNING: LAPACK DSYEV() RETURNED NON-ZERO ERROR CODE 3
WARNING: LAPACK DSYEV() RETURNED NON-ZERO ERROR CODE 2
WARNING: LAPACK DSYEV() RETURNED NON-ZERO ERROR CODE 2
WARNING: LAPACK DSYEV() RETURNED NON-ZERO ERROR CODE 2
WARNING: LAPACK DSYEV() RETURNED NON-ZERO ERROR CODE 2
WARNING: LAPACK DSYEV() RETURNED NON-ZERO ERROR CODE 2
WARNING: LAPACK DSYEV() RETURNED NON-ZERO ERROR CODE 2
WARNING: LAPACK DSYEV() RETURNED NON-ZERO ERROR CODE 2
WARNING: LAPACK DSYEV() RETURNED NON-ZERO ERROR CODE 2
WARNING: LAPACK DSYEV() RETURNED NON-ZERO ERROR CODE 3
WARNING: LAPACK DSYEV() RETURNED NON-ZERO ERROR CODE 3
WARNING: LAPACK DSYEV() RETURNED NON-ZERO ERROR CODE 2
WARNING: LAPACK DSYEV() RETURNED NON-ZERO ERROR CODE 3
WARNING: LAPACK DSYEV() RETURNED NON-ZERO ERROR CODE 2
WARNING: LAPACK DSYEV() RETURNED NON-ZERO ERROR CODE 2
WARNING: LAPACK DSYEV() RETURNED NON-ZERO ERROR CODE 3
WARNING: LAPACK DSYEV() RETURNED NON-ZERO ERROR CODE 2
WARNING: LAPACK DSYEV() RETURNED NON-ZERO ERROR CODE 2
WARNING: LAPACK DSYEV() RETURNED NON-ZERO ERROR CODE 2
WARNING: LAPACK DSYEV() RETURNED NON-ZERO ERROR CODE 2
WARNING: LAPACK DSYEV() RETURNED NON-ZERO ERROR CODE 2
Finished setting up data; running search...
ROUND 1 A#0 and B#0 = 536.059
ROUND 2 A#1 and B#0 = 535.913
ROUND 3 A#2 and B#0 = 521.517
ROUND 4 A#3 and B#0 = 538.159
ROUND 5 A#4 and B#0 = 522.361
ROUND 6 A#5 and B#0 = 572.144
ROUND 7 A#6 and B#0 = 524.423
ROUND 8 A#7 and B#0 = 504.697
ROUND 9 A#8 and B#0 = 496.733
ROUND 10 A#9 and B#0 = 494.037
ROUND 11 A#10 and B#0 = 543.504
ROUND 12 A#11 and B#0 = 492.593
ROUND 13 A#12 and B#0 = 542.845
ROUND 14 A#13 and B#0 = 488.765
ROUND 15 A#14 and B#0 = 551.838
ROUND 16 A#15 and B#0 = 542.094
ROUND 17 A#16 and B#0 = 540.892
ROUND 18 A#17 and B#0 = 551.755
ROUND 19 A#18 and B#0 = 594.91
ROUND 20 A#19 and B#0 = 485.991
ROUND 21 A#20 and B#0 = 539.428
ROUND 22 A#21 and B#0 = 485.007
ROUND 23 A#22 and B#0 = 553.191
ROUND 24 A#23 and B#0 = 479.327
ROUND 25 A#24 and B#0 = 471.983
ROUND 26 A#25 and B#0 = 546.04
ROUND 27 A#26 and B#0 = 594.839
ROUND 28 A#27 and B#0 = 485.117
ROUND 29 A#28 and B#0 = 599.295
ROUND 30 A#29 and B#0 = 501.595
ROUND 31 A#30 and B#0 = 540.335
ROUND 32 A#31 and B#0 = 545.451
ROUND 33 A#32 and B#0 = 585.587
ROUND 34 A#33 and B#0 = 586.362
ROUND 35 A#34 and B#0 = 556.183
ROUND 36 A#35 and B#0 = 579.471
ROUND 37 A#36 and B#0 = 477.296
ROUND 38 A#37 and B#0 = 591.874
ROUND 39 A#38 and B#0 = 468.347
ROUND 40 A#39 and B#0 = 513.793
ROUND 41 A#40 and B#0 = 489.709
ROUND 42 A#41 and B#0 = 553.867
ROUND 43 A#42 and B#0 = 607.219
ROUND 44 A#43 and B#0 = 598.724
ROUND 45 A#44 and B#0 = 505.619
ROUND 46 A#45 and B#0 = 534.229
ROUND 47 A#46 and B#0 = 620.093
ROUND 48 A#47 and B#0 = 471.438
ROUND 49 A#48 and B#0 = 466.765
ROUND 50 A#49 and B#0 = 570.273

The best overlap is between conformer A#46 and B#0, which, after PCA followed by Steepest Descent, produces a volume overlap of 620.093
Tanimoto (Hodgkin) similarity index: 0.490086

Saving those best conformers to file...
==============================
*** Open Babel Warning  in parseAtomRecord
  WARNING: Problems reading a PDB file
  Problems reading a HETATM or ATOM record.
  According to the PDB specification,
  columns 77-78 should contain the element symbol of an atom.
  but OpenBabel found '  ' (atom 1)
==============================
*** Open Babel Warning  in parseAtomRecord
  WARNING: Problems reading a PDB file
  Problems reading a HETATM or ATOM record.
  According to the PDB specification,
  columns 77-78 should contain the element symbol of an atom.
  but OpenBabel found '  ' (atom 2)
==============================
*** Open Babel Warning  in parseAtomRecord
  WARNING: Problems reading a PDB file
  Problems reading a HETATM or ATOM record.
  According to the PDB specification,
  columns 77-78 should contain the element symbol of an atom.
  but OpenBabel found '  ' (atom 3)
==============================
*** Open Babel Warning  in parseAtomRecord
  WARNING: Problems reading a PDB file
  Problems reading a HETATM or ATOM record.
  According to the PDB specification,
  columns 77-78 should contain the element symbol of an atom.
  but OpenBabel found '  ' (atom 4)
==============================
*** Open Babel Warning  in parseAtomRecord
  WARNING: Problems reading a PDB file
  Problems reading a HETATM or ATOM record.
  According to the PDB specification,
  columns 77-78 should contain the element symbol of an atom.
  but OpenBabel found '  ' (atom 5)
==============================
*** Open Babel Warning  in parseAtomRecord
  WARNING: Problems reading a PDB file
  Problems reading a HETATM or ATOM record.
  According to the PDB specification,
  columns 77-78 should contain the element symbol of an atom.
  but OpenBabel found '  ' (atom 6)
==============================
*** Open Babel Warning  in parseAtomRecord
  WARNING: Problems reading a PDB file
  Problems reading a HETATM or ATOM record.
  According to the PDB specification,
  columns 77-78 should contain the element symbol of an atom.
  but OpenBabel found '  ' (atom 7)
==============================
*** Open Babel Warning  in parseAtomRecord
  WARNING: Problems reading a PDB file
  Problems reading a HETATM or ATOM record.
  According to the PDB specification,
  columns 77-78 should contain the element symbol of an atom.
  but OpenBabel found '  ' (atom 8)
==============================
*** Open Babel Warning  in parseAtomRecord
  WARNING: Problems reading a PDB file
  Problems reading a HETATM or ATOM record.
  According to the PDB specification,
  columns 77-78 should contain the element symbol of an atom.
  but OpenBabel found '  ' (atom 9)
==============================
*** Open Babel Warning  in parseAtomRecord
  WARNING: Problems reading a PDB file
  Problems reading a HETATM or ATOM record.
  According to the PDB specification,
  columns 77-78 should contain the element symbol of an atom.
  but OpenBabel found '  ' (atom 10)
==============================
*** Open Babel Warning  in parseAtomRecord
  WARNING: Problems reading a PDB file
  Problems reading a HETATM or ATOM record.
  According to the PDB specification,
  columns 77-78 should contain the element symbol of an atom.
  but OpenBabel found '  ' (atom 11)
==============================
*** Open Babel Warning  in parseAtomRecord
  WARNING: Problems reading a PDB file
  Problems reading a HETATM or ATOM record.
  According to the PDB specification,
  columns 77-78 should contain the element symbol of an atom.
  but OpenBabel found '  ' (atom 12)
==============================
*** Open Babel Warning  in parseAtomRecord
  WARNING: Problems reading a PDB file
  Problems reading a HETATM or ATOM record.
  According to the PDB specification,
  columns 77-78 should contain the element symbol of an atom.
  but OpenBabel found '  ' (atom 13)
==============================
*** Open Babel Warning  in parseAtomRecord
  WARNING: Problems reading a PDB file
  Problems reading a HETATM or ATOM record.
  According to the PDB specification,
  columns 77-78 should contain the element symbol of an atom.
  but OpenBabel found '  ' (atom 14)
==============================
*** Open Babel Warning  in parseAtomRecord
  WARNING: Problems reading a PDB file
  Problems reading a HETATM or ATOM record.
  According to the PDB specification,
  columns 77-78 should contain the element symbol of an atom.
  but OpenBabel found '  ' (atom 15)
==============================
*** Open Babel Warning  in parseAtomRecord
  WARNING: Problems reading a PDB file
  Problems reading a HETATM or ATOM record.
  According to the PDB specification,
  columns 77-78 should contain the element symbol of an atom.
  but OpenBabel found '  ' (atom 16)
==============================
*** Open Babel Warning  in parseAtomRecord
  WARNING: Problems reading a PDB file
  Problems reading a HETATM or ATOM record.
  According to the PDB specification,
  columns 77-78 should contain the element symbol of an atom.
  but OpenBabel found '  ' (atom 17)
==============================
*** Open Babel Warning  in parseAtomRecord
  WARNING: Problems reading a PDB file
  Problems reading a HETATM or ATOM record.
  According to the PDB specification,
  columns 77-78 should contain the element symbol of an atom.
  but OpenBabel found '  ' (atom 18)
==============================
*** Open Babel Warning  in parseAtomRecord
  WARNING: Problems reading a PDB file
  Problems reading a HETATM or ATOM record.
  According to the PDB specification,
  columns 77-78 should contain the element symbol of an atom.
  but OpenBabel found '  ' (atom 19)
==============================
*** Open Babel Warning  in parseAtomRecord
  WARNING: Problems reading a PDB file
  Problems reading a HETATM or ATOM record.
  According to the PDB specification,
  columns 77-78 should contain the element symbol of an atom.
  but OpenBabel found '  ' (atom 20)
==============================
*** Open Babel Warning  in parseAtomRecord
  WARNING: Problems reading a PDB file
  Problems reading a HETATM or ATOM record.
  According to the PDB specification,
  columns 77-78 should contain the element symbol of an atom.
  but OpenBabel found '  ' (atom 21)
==============================
*** Open Babel Warning  in parseAtomRecord
  WARNING: Problems reading a PDB file
  Problems reading a HETATM or ATOM record.
  According to the PDB specification,
  columns 77-78 should contain the element symbol of an atom.
  but OpenBabel found '  ' (atom 22)
==============================
*** Open Babel Warning  in parseAtomRecord
  WARNING: Problems reading a PDB file
  Problems reading a HETATM or ATOM record.
  According to the PDB specification,
  columns 77-78 should contain the element symbol of an atom.
  but OpenBabel found '  ' (atom 23)
==============================
*** Open Babel Warning  in parseAtomRecord
  WARNING: Problems reading a PDB file
  Problems reading a HETATM or ATOM record.
  According to the PDB specification,
  columns 77-78 should contain the element symbol of an atom.
  but OpenBabel found '  ' (atom 24)
==============================
*** Open Babel Warning  in parseAtomRecord
  WARNING: Problems reading a PDB file
  Problems reading a HETATM or ATOM record.
  According to the PDB specification,
  columns 77-78 should contain the element symbol of an atom.
  but OpenBabel found '  ' (atom 25)
==============================
*** Open Babel Warning  in parseAtomRecord
  WARNING: Problems reading a PDB file
  Problems reading a HETATM or ATOM record.
  According to the PDB specification,
  columns 77-78 should contain the element symbol of an atom.
  but OpenBabel found '  ' (atom 26)
==============================
*** Open Babel Warning  in parseAtomRecord
  WARNING: Problems reading a PDB file
  Problems reading a HETATM or ATOM record.
  According to the PDB specification,
  columns 77-78 should contain the element symbol of an atom.
  but OpenBabel found '  ' (atom 27)
==============================
*** Open Babel Warning  in parseAtomRecord
  WARNING: Problems reading a PDB file
  Problems reading a HETATM or ATOM record.
  According to the PDB specification,
  columns 77-78 should contain the element symbol of an atom.
  but OpenBabel found '  ' (atom 28)
==============================
*** Open Babel Warning  in parseAtomRecord
  WARNING: Problems reading a PDB file
  Problems reading a HETATM or ATOM record.
  According to the PDB specification,
  columns 77-78 should contain the element symbol of an atom.
  but OpenBabel found '  ' (atom 29)
==============================
*** Open Babel Warning  in parseAtomRecord
  WARNING: Problems reading a PDB file
  Problems reading a HETATM or ATOM record.
  According to the PDB specification,
  columns 77-78 should contain the element symbol of an atom.
  but OpenBabel found '  ' (atom 30)
==============================
*** Open Babel Warning  in parseAtomRecord
  WARNING: Problems reading a PDB file
  Problems reading a HETATM or ATOM record.
  According to the PDB specification,
  columns 77-78 should contain the element symbol of an atom.
  but OpenBabel found '  ' (atom 31)
==============================
*** Open Babel Warning  in parseAtomRecord
  WARNING: Problems reading a PDB file
  Problems reading a HETATM or ATOM record.
  According to the PDB specification,
  columns 77-78 should contain the element symbol of an atom.
  but OpenBabel found '  ' (atom 32)
==============================
*** Open Babel Warning  in parseAtomRecord
  WARNING: Problems reading a PDB file
  Problems reading a HETATM or ATOM record.
  According to the PDB specification,
  columns 77-78 should contain the element symbol of an atom.
  but OpenBabel found '  ' (atom 33)
==============================
*** Open Babel Warning  in parseAtomRecord
  WARNING: Problems reading a PDB file
  Problems reading a HETATM or ATOM record.
  According to the PDB specification,
  columns 77-78 should contain the element symbol of an atom.
  but OpenBabel found '  ' (atom 34)
==============================
*** Open Babel Warning  in parseAtomRecord
  WARNING: Problems reading a PDB file
  Problems reading a HETATM or ATOM record.
  According to the PDB specification,
  columns 77-78 should contain the element symbol of an atom.
  but OpenBabel found '  ' (atom 35)
==============================
*** Open Babel Warning  in parseAtomRecord
  WARNING: Problems reading a PDB file
  Problems reading a HETATM or ATOM record.
  According to the PDB specification,
  columns 77-78 should contain the element symbol of an atom.
  but OpenBabel found '  ' (atom 36)
==============================
*** Open Babel Warning  in parseAtomRecord
  WARNING: Problems reading a PDB file
  Problems reading a HETATM or ATOM record.
  According to the PDB specification,
  columns 77-78 should contain the element symbol of an atom.
  but OpenBabel found '  ' (atom 37)
==============================
*** Open Babel Warning  in parseAtomRecord
  WARNING: Problems reading a PDB file
  Problems reading a HETATM or ATOM record.
  According to the PDB specification,
  columns 77-78 should contain the element symbol of an atom.
  but OpenBabel found '  ' (atom 38)
==============================
*** Open Babel Warning  in parseAtomRecord
  WARNING: Problems reading a PDB file
  Problems reading a HETATM or ATOM record.
  According to the PDB specification,
  columns 77-78 should contain the element symbol of an atom.
  but OpenBabel found '  ' (atom 39)
==============================
*** Open Babel Warning  in parseAtomRecord
  WARNING: Problems reading a PDB file
  Problems reading a HETATM or ATOM record.
  According to the PDB specification,
  columns 77-78 should contain the element symbol of an atom.
  but OpenBabel found '  ' (atom 40)
==============================
*** Open Babel Warning  in parseAtomRecord
  WARNING: Problems reading a PDB file
  Problems reading a HETATM or ATOM record.
  According to the PDB specification,
  columns 77-78 should contain the element symbol of an atom.
  but OpenBabel found '  ' (atom 41)
==============================
*** Open Babel Warning  in parseAtomRecord
  WARNING: Problems reading a PDB file
  Problems reading a HETATM or ATOM record.
  According to the PDB specification,
  columns 77-78 should contain the element symbol of an atom.
  but OpenBabel found '  ' (atom 42)
==============================
*** Open Babel Warning  in parseAtomRecord
  WARNING: Problems reading a PDB file
  Problems reading a HETATM or ATOM record.
  According to the PDB specification,
  columns 77-78 should contain the element symbol of an atom.
  but OpenBabel found '  ' (atom 43)
==============================
*** Open Babel Warning  in parseAtomRecord
  WARNING: Problems reading a PDB file
  Problems reading a HETATM or ATOM record.
  According to the PDB specification,
  columns 77-78 should contain the element symbol of an atom.
  but OpenBabel found '  ' (atom 44)
==============================
*** Open Babel Warning  in parseAtomRecord
  WARNING: Problems reading a PDB file
  Problems reading a HETATM or ATOM record.
  According to the PDB specification,
  columns 77-78 should contain the element symbol of an atom.
  but OpenBabel found '  ' (atom 45)
==============================
*** Open Babel Warning  in parseAtomRecord
  WARNING: Problems reading a PDB file
  Problems reading a HETATM or ATOM record.
  According to the PDB specification,
  columns 77-78 should contain the element symbol of an atom.
  but OpenBabel found '  ' (atom 46)
==============================
*** Open Babel Warning  in parseAtomRecord
  WARNING: Problems reading a PDB file
  Problems reading a HETATM or ATOM record.
  According to the PDB specification,
  columns 77-78 should contain the element symbol of an atom.
  but OpenBabel found '  ' (atom 47)
WRITING MOLECULE TO FILE '../1EDN_SUPERIMPOSITIONS/CUT2/PCA3_17-21__Avosentan.mol2' (WILL OVERWRITE EXISTING FILE IF ANY)...
WRITING MOLECULE TO FILE '../1EDN_SUPERIMPOSITIONS/CUT2/PCA3_17-21__Avosentan.mol2'...
WRITING MOLECULE TO FILE '../1EDN_SUPERIMPOSITIONS/CUT2/PCA3_17-21__Avosentan.mol2'...
