Finished importing molecules
WARNING: LAPACK DSYEV() RETURNED NON-ZERO ERROR CODE 2
WARNING: LAPACK DSYEV() RETURNED NON-ZERO ERROR CODE 2
WARNING: LAPACK DSYEV() RETURNED NON-ZERO ERROR CODE 2
WARNING: LAPACK DSYEV() RETURNED NON-ZERO ERROR CODE 3
WARNING: LAPACK DSYEV() RETURNED NON-ZERO ERROR CODE 2
WARNING: LAPACK DSYEV() RETURNED NON-ZERO ERROR CODE 3
WARNING: LAPACK DSYEV() RETURNED NON-ZERO ERROR CODE 2
WARNING: LAPACK DSYEV() RETURNED NON-ZERO ERROR CODE 2
WARNING: LAPACK DSYEV() RETURNED NON-ZERO ERROR CODE 2
WARNING: LAPACK DSYEV() RETURNED NON-ZERO ERROR CODE 2
WARNING: LAPACK DSYEV() RETURNED NON-ZERO ERROR CODE 2
WARNING: LAPACK DSYEV() RETURNED NON-ZERO ERROR CODE 2
WARNING: LAPACK DSYEV() RETURNED NON-ZERO ERROR CODE 3
WARNING: LAPACK DSYEV() RETURNED NON-ZERO ERROR CODE 2
WARNING: LAPACK DSYEV() RETURNED NON-ZERO ERROR CODE 2
WARNING: LAPACK DSYEV() RETURNED NON-ZERO ERROR CODE 2
WARNING: LAPACK DSYEV() RETURNED NON-ZERO ERROR CODE 2
WARNING: LAPACK DSYEV() RETURNED NON-ZERO ERROR CODE 2
WARNING: LAPACK DSYEV() RETURNED NON-ZERO ERROR CODE 2
WARNING: LAPACK DSYEV() RETURNED NON-ZERO ERROR CODE 2
WARNING: LAPACK DSYEV() RETURNED NON-ZERO ERROR CODE 2
WARNING: LAPACK DSYEV() RETURNED NON-ZERO ERROR CODE 2
WARNING: LAPACK DSYEV() RETURNED NON-ZERO ERROR CODE 2
WARNING: LAPACK DSYEV() RETURNED NON-ZERO ERROR CODE 2
WARNING: LAPACK DSYEV() RETURNED NON-ZERO ERROR CODE 2
WARNING: LAPACK DSYEV() RETURNED NON-ZERO ERROR CODE 2
WARNING: LAPACK DSYEV() RETURNED NON-ZERO ERROR CODE 3
WARNING: LAPACK DSYEV() RETURNED NON-ZERO ERROR CODE 3
WARNING: LAPACK DSYEV() RETURNED NON-ZERO ERROR CODE 3
WARNING: LAPACK DSYEV() RETURNED NON-ZERO ERROR CODE 3
WARNING: LAPACK DSYEV() RETURNED NON-ZERO ERROR CODE 3
WARNING: LAPACK DSYEV() RETURNED NON-ZERO ERROR CODE 3
WARNING: LAPACK DSYEV() RETURNED NON-ZERO ERROR CODE 2
WARNING: LAPACK DSYEV() RETURNED NON-ZERO ERROR CODE 3
WARNING: LAPACK DSYEV() RETURNED NON-ZERO ERROR CODE 2
WARNING: LAPACK DSYEV() RETURNED NON-ZERO ERROR CODE 2
WARNING: LAPACK DSYEV() RETURNED NON-ZERO ERROR CODE 2
WARNING: LAPACK DSYEV() RETURNED NON-ZERO ERROR CODE 3
WARNING: LAPACK DSYEV() RETURNED NON-ZERO ERROR CODE 2
WARNING: LAPACK DSYEV() RETURNED NON-ZERO ERROR CODE 2
WARNING: LAPACK DSYEV() RETURNED NON-ZERO ERROR CODE 2
WARNING: LAPACK DSYEV() RETURNED NON-ZERO ERROR CODE 2
WARNING: LAPACK DSYEV() RETURNED NON-ZERO ERROR CODE 2
WARNING: LAPACK DSYEV() RETURNED NON-ZERO ERROR CODE 2
WARNING: LAPACK DSYEV() RETURNED NON-ZERO ERROR CODE 2
WARNING: LAPACK DSYEV() RETURNED NON-ZERO ERROR CODE 2
WARNING: LAPACK DSYEV() RETURNED NON-ZERO ERROR CODE 2
WARNING: LAPACK DSYEV() RETURNED NON-ZERO ERROR CODE 2
WARNING: LAPACK DSYEV() RETURNED NON-ZERO ERROR CODE 3
WARNING: LAPACK DSYEV() RETURNED NON-ZERO ERROR CODE 2
WARNING: LAPACK DSYEV() RETURNED NON-ZERO ERROR CODE 2
WARNING: LAPACK DSYEV() RETURNED NON-ZERO ERROR CODE 3
WARNING: LAPACK DSYEV() RETURNED NON-ZERO ERROR CODE 3
WARNING: LAPACK DSYEV() RETURNED NON-ZERO ERROR CODE 2
WARNING: LAPACK DSYEV() RETURNED NON-ZERO ERROR CODE 3
WARNING: LAPACK DSYEV() RETURNED NON-ZERO ERROR CODE 2
WARNING: LAPACK DSYEV() RETURNED NON-ZERO ERROR CODE 2
WARNING: LAPACK DSYEV() RETURNED NON-ZERO ERROR CODE 3
WARNING: LAPACK DSYEV() RETURNED NON-ZERO ERROR CODE 3
WARNING: LAPACK DSYEV() RETURNED NON-ZERO ERROR CODE 3
WARNING: LAPACK DSYEV() RETURNED NON-ZERO ERROR CODE 2
WARNING: LAPACK DSYEV() RETURNED NON-ZERO ERROR CODE 3
WARNING: LAPACK DSYEV() RETURNED NON-ZERO ERROR CODE 2
WARNING: LAPACK DSYEV() RETURNED NON-ZERO ERROR CODE 3
WARNING: LAPACK DSYEV() RETURNED NON-ZERO ERROR CODE 2
WARNING: LAPACK DSYEV() RETURNED NON-ZERO ERROR CODE 2
WARNING: LAPACK DSYEV() RETURNED NON-ZERO ERROR CODE 3
WARNING: LAPACK DSYEV() RETURNED NON-ZERO ERROR CODE 2
WARNING: LAPACK DSYEV() RETURNED NON-ZERO ERROR CODE 2
WARNING: LAPACK DSYEV() RETURNED NON-ZERO ERROR CODE 3
WARNING: LAPACK DSYEV() RETURNED NON-ZERO ERROR CODE 2
WARNING: LAPACK DSYEV() RETURNED NON-ZERO ERROR CODE 3
WARNING: LAPACK DSYEV() RETURNED NON-ZERO ERROR CODE 3
WARNING: LAPACK DSYEV() RETURNED NON-ZERO ERROR CODE 3
WARNING: LAPACK DSYEV() RETURNED NON-ZERO ERROR CODE 3
WARNING: LAPACK DSYEV() RETURNED NON-ZERO ERROR CODE 3
WARNING: LAPACK DSYEV() RETURNED NON-ZERO ERROR CODE 2
WARNING: LAPACK DSYEV() RETURNED NON-ZERO ERROR CODE 3
WARNING: LAPACK DSYEV() RETURNED NON-ZERO ERROR CODE 3
WARNING: LAPACK DSYEV() RETURNED NON-ZERO ERROR CODE 3
WARNING: LAPACK DSYEV() RETURNED NON-ZERO ERROR CODE 2
WARNING: LAPACK DSYEV() RETURNED NON-ZERO ERROR CODE 3
WARNING: LAPACK DSYEV() RETURNED NON-ZERO ERROR CODE 2
WARNING: LAPACK DSYEV() RETURNED NON-ZERO ERROR CODE 3
WARNING: LAPACK DSYEV() RETURNED NON-ZERO ERROR CODE 2
WARNING: LAPACK DSYEV() RETURNED NON-ZERO ERROR CODE 3
WARNING: LAPACK DSYEV() RETURNED NON-ZERO ERROR CODE 3
WARNING: LAPACK DSYEV() RETURNED NON-ZERO ERROR CODE 2
WARNING: LAPACK DSYEV() RETURNED NON-ZERO ERROR CODE 2
WARNING: LAPACK DSYEV() RETURNED NON-ZERO ERROR CODE 3
WARNING: LAPACK DSYEV() RETURNED NON-ZERO ERROR CODE 3
WARNING: LAPACK DSYEV() RETURNED NON-ZERO ERROR CODE 3
WARNING: LAPACK DSYEV() RETURNED NON-ZERO ERROR CODE 3
WARNING: LAPACK DSYEV() RETURNED NON-ZERO ERROR CODE 3
WARNING: LAPACK DSYEV() RETURNED NON-ZERO ERROR CODE 2
WARNING: LAPACK DSYEV() RETURNED NON-ZERO ERROR CODE 2
WARNING: LAPACK DSYEV() RETURNED NON-ZERO ERROR CODE 2
WARNING: LAPACK DSYEV() RETURNED NON-ZERO ERROR CODE 2
WARNING: LAPACK DSYEV() RETURNED NON-ZERO ERROR CODE 2
WARNING: LAPACK DSYEV() RETURNED NON-ZERO ERROR CODE 3
Finished setting up data; running search...
ROUND 1 A#0 and B#0 = 379.885
ROUND 2 A#1 and B#0 = 248.649
ROUND 3 A#2 and B#0 = 225.777
ROUND 4 A#3 and B#0 = 412.342
ROUND 5 A#4 and B#0 = 276.853
ROUND 6 A#5 and B#0 = 100.814
ROUND 7 A#6 and B#0 = 360.623
ROUND 8 A#7 and B#0 = 425.565
ROUND 9 A#8 and B#0 = 408.143
ROUND 10 A#9 and B#0 = 392.561
ROUND 11 A#10 and B#0 = 305.344
ROUND 12 A#11 and B#0 = 401.848
ROUND 13 A#12 and B#0 = 4.47883
ROUND 14 A#13 and B#0 = 439.829
ROUND 15 A#14 and B#0 = 433.9
ROUND 16 A#15 and B#0 = 387.585
ROUND 17 A#16 and B#0 = 444.795
ROUND 18 A#17 and B#0 = 360.054
ROUND 19 A#18 and B#0 = 234.61
ROUND 20 A#19 and B#0 = 327.419
ROUND 21 A#20 and B#0 = 410.064
ROUND 22 A#21 and B#0 = 260.569
ROUND 23 A#22 and B#0 = 414.065
ROUND 24 A#23 and B#0 = 296.803
ROUND 25 A#24 and B#0 = 401.033
ROUND 26 A#25 and B#0 = 291.401
ROUND 27 A#26 and B#0 = 375.776
ROUND 28 A#27 and B#0 = 139.815
ROUND 29 A#28 and B#0 = 301.783
ROUND 30 A#29 and B#0 = 302.904
ROUND 31 A#30 and B#0 = 208.753
ROUND 32 A#31 and B#0 = 76.1292
ROUND 33 A#32 and B#0 = 379.77
ROUND 34 A#33 and B#0 = 294.743
ROUND 35 A#34 and B#0 = 405.161
ROUND 36 A#35 and B#0 = 261.16
ROUND 37 A#36 and B#0 = 409.282
ROUND 38 A#37 and B#0 = 311.84
ROUND 39 A#38 and B#0 = 310.495
ROUND 40 A#39 and B#0 = 274.798
ROUND 41 A#40 and B#0 = 376.524
ROUND 42 A#41 and B#0 = 412.767
ROUND 43 A#42 and B#0 = 205.178
ROUND 44 A#43 and B#0 = 76.0643
ROUND 45 A#44 and B#0 = 380.189
ROUND 46 A#45 and B#0 = 147.865
ROUND 47 A#46 and B#0 = 99.3364
ROUND 48 A#47 and B#0 = 104.896
ROUND 49 A#48 and B#0 = 343.773
ROUND 50 A#49 and B#0 = 142.715
ROUND 51 A#0 and B#1 = 346.54
ROUND 52 A#1 and B#1 = 335.569
ROUND 53 A#2 and B#1 = 312.68
ROUND 54 A#3 and B#1 = 96.6323
ROUND 55 A#4 and B#1 = 274.601
ROUND 56 A#5 and B#1 = 128.633
ROUND 57 A#6 and B#1 = 379.608
ROUND 58 A#7 and B#1 = 435.52
ROUND 59 A#8 and B#1 = 309.903
ROUND 60 A#9 and B#1 = 111.9
ROUND 61 A#10 and B#1 = 393.157
ROUND 62 A#11 and B#1 = 269.275
ROUND 63 A#12 and B#1 = 295.259
ROUND 64 A#13 and B#1 = 256.248
ROUND 65 A#14 and B#1 = 275.157
ROUND 66 A#15 and B#1 = 304.345
ROUND 67 A#16 and B#1 = 280.546
ROUND 68 A#17 and B#1 = 342.995
ROUND 69 A#18 and B#1 = 334.871
ROUND 70 A#19 and B#1 = 414.951
ROUND 71 A#20 and B#1 = 88.7628
ROUND 72 A#21 and B#1 = 363.838
ROUND 73 A#22 and B#1 = 362.9
ROUND 74 A#23 and B#1 = 270.065
ROUND 75 A#24 and B#1 = 72.7793
ROUND 76 A#25 and B#1 = 311.542
ROUND 77 A#26 and B#1 = 305.291
ROUND 78 A#27 and B#1 = 149.488
ROUND 79 A#28 and B#1 = 112.02
ROUND 80 A#29 and B#1 = 328.735
ROUND 81 A#30 and B#1 = 134.237
ROUND 82 A#31 and B#1 = 135.075
ROUND 83 A#32 and B#1 = 352.957
ROUND 84 A#33 and B#1 = 387.341
ROUND 85 A#34 and B#1 = 357.495
ROUND 86 A#35 and B#1 = 335.531
ROUND 87 A#36 and B#1 = 399.964
ROUND 88 A#37 and B#1 = 381.726
ROUND 89 A#38 and B#1 = 23.175
ROUND 90 A#39 and B#1 = 344.362
ROUND 91 A#40 and B#1 = 321.292
ROUND 92 A#41 and B#1 = 355.121
ROUND 93 A#42 and B#1 = 5.07127
ROUND 94 A#43 and B#1 = 191.019
ROUND 95 A#44 and B#1 = 398.635
ROUND 96 A#45 and B#1 = 109.859
ROUND 97 A#46 and B#1 = 4.34764
ROUND 98 A#47 and B#1 = 8.8946
ROUND 99 A#48 and B#1 = 381.772
ROUND 100 A#49 and B#1 = 111.894
ROUND 101 A#0 and B#2 = 366.974
ROUND 102 A#1 and B#2 = 364.94
ROUND 103 A#2 and B#2 = 315.427
ROUND 104 A#3 and B#2 = 109.04
ROUND 105 A#4 and B#2 = 276.784
ROUND 106 A#5 and B#2 = 129.436
ROUND 107 A#6 and B#2 = 380.45
ROUND 108 A#7 and B#2 = 433.724
ROUND 109 A#8 and B#2 = 413.893
ROUND 110 A#9 and B#2 = 58.2033
ROUND 111 A#10 and B#2 = 396.2
ROUND 112 A#11 and B#2 = -3.58153e-319
ROUND 113 A#12 and B#2 = 371.142
ROUND 114 A#13 and B#2 = 379.675
ROUND 115 A#14 and B#2 = 277.439
ROUND 116 A#15 and B#2 = 306.375
ROUND 117 A#16 and B#2 = 282.834
ROUND 118 A#17 and B#2 = 363.231
ROUND 119 A#18 and B#2 = 336.347
ROUND 120 A#19 and B#2 = 418.666
ROUND 121 A#20 and B#2 = 229.621
ROUND 122 A#21 and B#2 = 365.848
ROUND 123 A#22 and B#2 = 364.835
ROUND 124 A#23 and B#2 = 273.21
ROUND 125 A#24 and B#2 = 13.2201
ROUND 126 A#25 and B#2 = 320.882
ROUND 127 A#26 and B#2 = 318.501
ROUND 128 A#27 and B#2 = 366.285
ROUND 129 A#28 and B#2 = 320.23
ROUND 130 A#29 and B#2 = 327.752
ROUND 131 A#30 and B#2 = 130.419
ROUND 132 A#31 and B#2 = 114.932
ROUND 133 A#32 and B#2 = 371.794
ROUND 134 A#33 and B#2 = 388.699
ROUND 135 A#34 and B#2 = 358.695
ROUND 136 A#35 and B#2 = 335.967
ROUND 137 A#36 and B#2 = 398.242
ROUND 138 A#37 and B#2 = 336.275
ROUND 139 A#38 and B#2 = 154.045
ROUND 140 A#39 and B#2 = 345.583
ROUND 141 A#40 and B#2 = 328.932
ROUND 142 A#41 and B#2 = 381.769
ROUND 143 A#42 and B#2 = 5.44119
ROUND 144 A#43 and B#2 = 192.299
ROUND 145 A#44 and B#2 = 398.746
ROUND 146 A#45 and B#2 = 137.388
ROUND 147 A#46 and B#2 = 67.6698
ROUND 148 A#47 and B#2 = 70.4319
ROUND 149 A#48 and B#2 = 333.354
ROUND 150 A#49 and B#2 = 118.204
ROUND 151 A#0 and B#3 = 280.893
ROUND 152 A#1 and B#3 = 299.506
ROUND 153 A#2 and B#3 = 311.138
ROUND 154 A#3 and B#3 = 362.161
ROUND 155 A#4 and B#3 = 276.947
ROUND 156 A#5 and B#3 = 74.8154
ROUND 157 A#6 and B#3 = 389.47
ROUND 158 A#7 and B#3 = 370.49
ROUND 159 A#8 and B#3 = 338.3
ROUND 160 A#9 and B#3 = 340.453
ROUND 161 A#10 and B#3 = 170.772
ROUND 162 A#11 and B#3 = 315.203
ROUND 163 A#12 and B#3 = 229.368
ROUND 164 A#13 and B#3 = 290.649
ROUND 165 A#14 and B#3 = 283.706
ROUND 166 A#15 and B#3 = 305.011
ROUND 167 A#16 and B#3 = 273.916
ROUND 168 A#17 and B#3 = 368.277
ROUND 169 A#18 and B#3 = 350.507
ROUND 170 A#19 and B#3 = 412.312
ROUND 171 A#20 and B#3 = 281.88
ROUND 172 A#21 and B#3 = 293.525
ROUND 173 A#22 and B#3 = 291.258
ROUND 174 A#23 and B#3 = 376.406
ROUND 175 A#24 and B#3 = 294.585
ROUND 176 A#25 and B#3 = 253.588
ROUND 177 A#26 and B#3 = 299.309
ROUND 178 A#27 and B#3 = 104.46
ROUND 179 A#28 and B#3 = 376.264
ROUND 180 A#29 and B#3 = 109.965
ROUND 181 A#30 and B#3 = 372.033
ROUND 182 A#31 and B#3 = 109.968
ROUND 183 A#32 and B#3 = 275.877
ROUND 184 A#33 and B#3 = 375.548
ROUND 185 A#34 and B#3 = 297.215
ROUND 186 A#35 and B#3 = 351.014
ROUND 187 A#36 and B#3 = 338.379
ROUND 188 A#37 and B#3 = 161.021
ROUND 189 A#38 and B#3 = 305.583
ROUND 190 A#39 and B#3 = 371.333
ROUND 191 A#40 and B#3 = 305.942
ROUND 192 A#41 and B#3 = 397.574
ROUND 193 A#42 and B#3 = 351.809
ROUND 194 A#43 and B#3 = 56.2107
ROUND 195 A#44 and B#3 = 302.728
ROUND 196 A#45 and B#3 = 183.102
ROUND 197 A#46 and B#3 = 302.027
ROUND 198 A#47 and B#3 = 307.051
ROUND 199 A#48 and B#3 = 359.819
ROUND 200 A#49 and B#3 = 299.413
ROUND 201 A#0 and B#4 = 281.644
ROUND 202 A#1 and B#4 = 266.905
ROUND 203 A#2 and B#4 = 243.919
ROUND 204 A#3 and B#4 = 156.635
ROUND 205 A#4 and B#4 = 183.025
ROUND 206 A#5 and B#4 = 123.038
ROUND 207 A#6 and B#4 = 375.975
ROUND 208 A#7 and B#4 = 233.463
ROUND 209 A#8 and B#4 = 314.469
ROUND 210 A#9 and B#4 = 62.5333
ROUND 211 A#10 and B#4 = 342.853
ROUND 212 A#11 and B#4 = 288.044
ROUND 213 A#12 and B#4 = 371.948
ROUND 214 A#13 and B#4 = 370.551
ROUND 215 A#14 and B#4 = 196
ROUND 216 A#15 and B#4 = 395.509
ROUND 217 A#16 and B#4 = 204.742
ROUND 218 A#17 and B#4 = 327.588
ROUND 219 A#18 and B#4 = 278.633
ROUND 220 A#19 and B#4 = 341.9
ROUND 221 A#20 and B#4 = 177.626
ROUND 222 A#21 and B#4 = 286.893
ROUND 223 A#22 and B#4 = 339.808
ROUND 224 A#23 and B#4 = 295.46
ROUND 225 A#24 and B#4 = -62.7973
ROUND 226 A#25 and B#4 = 333.959
ROUND 227 A#26 and B#4 = 260.722
ROUND 228 A#27 and B#4 = 307.918
ROUND 229 A#28 and B#4 = 107.929
ROUND 230 A#29 and B#4 = 127.874
ROUND 231 A#30 and B#4 = 117.228
ROUND 232 A#31 and B#4 = 117.05
ROUND 233 A#32 and B#4 = 342.329
ROUND 234 A#33 and B#4 = 329.007
ROUND 235 A#34 and B#4 = 347.834
ROUND 236 A#35 and B#4 = 257.802
ROUND 237 A#36 and B#4 = 225.437
ROUND 238 A#37 and B#4 = 256.017
ROUND 239 A#38 and B#4 = 182.723
ROUND 240 A#39 and B#4 = 397.654
ROUND 241 A#40 and B#4 = 254.703
ROUND 242 A#41 and B#4 = 364.669
ROUND 243 A#42 and B#4 = 261.407
ROUND 244 A#43 and B#4 = 171.045
ROUND 245 A#44 and B#4 = 342.155
ROUND 246 A#45 and B#4 = 339.596
ROUND 247 A#46 and B#4 = 5.79871
ROUND 248 A#47 and B#4 = 75.0943
ROUND 249 A#48 and B#4 = 156.65
ROUND 250 A#49 and B#4 = 63.2516
ROUND 251 A#0 and B#5 = 257.45
ROUND 252 A#1 and B#5 = 335.92
ROUND 253 A#2 and B#5 = 320.481
ROUND 254 A#3 and B#5 = 69.1538
ROUND 255 A#4 and B#5 = 277.973
ROUND 256 A#5 and B#5 = 120.49
ROUND 257 A#6 and B#5 = 335.59
ROUND 258 A#7 and B#5 = 374.83
ROUND 259 A#8 and B#5 = 330.818
ROUND 260 A#9 and B#5 = 345.139
ROUND 261 A#10 and B#5 = 159.392
ROUND 262 A#11 and B#5 = 315.673
ROUND 263 A#12 and B#5 = 234.766
ROUND 264 A#13 and B#5 = 290.746
ROUND 265 A#14 and B#5 = 283.558
ROUND 266 A#15 and B#5 = 300.988
ROUND 267 A#16 and B#5 = 274.262
ROUND 268 A#17 and B#5 = 369.236
ROUND 269 A#18 and B#5 = 346.355
ROUND 270 A#19 and B#5 = 342.132
ROUND 271 A#20 and B#5 = 282.343
ROUND 272 A#21 and B#5 = 294.185
ROUND 273 A#22 and B#5 = 291.411
ROUND 274 A#23 and B#5 = 284.802
ROUND 275 A#24 and B#5 = 294.685
ROUND 276 A#25 and B#5 = 248.743
ROUND 277 A#26 and B#5 = 294.75
ROUND 278 A#27 and B#5 = 316.829
ROUND 279 A#28 and B#5 = 373.715
ROUND 280 A#29 and B#5 = 381.577
ROUND 281 A#30 and B#5 = 255.959
ROUND 282 A#31 and B#5 = 366.829
ROUND 283 A#32 and B#5 = 270.931
ROUND 284 A#33 and B#5 = 373.407
ROUND 285 A#34 and B#5 = 297.478
ROUND 286 A#35 and B#5 = 354.821
ROUND 287 A#36 and B#5 = 332.783
ROUND 288 A#37 and B#5 = 355.066
ROUND 289 A#38 and B#5 = 306.505
ROUND 290 A#39 and B#5 = 368.544
ROUND 291 A#40 and B#5 = 413.56
ROUND 292 A#41 and B#5 = 324.856
ROUND 293 A#42 and B#5 = 354.482
ROUND 294 A#43 and B#5 = 277.804
ROUND 295 A#44 and B#5 = 298.235
ROUND 296 A#45 and B#5 = 182.778
ROUND 297 A#46 and B#5 = 303.706
ROUND 298 A#47 and B#5 = 310.59
ROUND 299 A#48 and B#5 = 341.597
ROUND 300 A#49 and B#5 = 300.771
ROUND 301 A#0 and B#6 = 404.312
ROUND 302 A#1 and B#6 = 517.951
ROUND 303 A#2 and B#6 = 476.655
ROUND 304 A#3 and B#6 = 177.028
ROUND 305 A#4 and B#6 = 95.9699
ROUND 306 A#5 and B#6 = 223.778
ROUND 307 A#6 and B#6 = 404.564
ROUND 308 A#7 and B#6 = 303.941
ROUND 309 A#8 and B#6 = 312.503
ROUND 310 A#9 and B#6 = 502.765
ROUND 311 A#10 and B#6 = 440.652
ROUND 312 A#11 and B#6 = 297.976
ROUND 313 A#12 and B#6 = 364.19
ROUND 314 A#13 and B#6 = 312.167
ROUND 315 A#14 and B#6 = 329.575
ROUND 316 A#15 and B#6 = 318.339
ROUND 317 A#16 and B#6 = 339.466
ROUND 318 A#17 and B#6 = 357.015
ROUND 319 A#18 and B#6 = 325.826
ROUND 320 A#19 and B#6 = 437.603
ROUND 321 A#20 and B#6 = 447.107
ROUND 322 A#21 and B#6 = 364.026
ROUND 323 A#22 and B#6 = 354.183
ROUND 324 A#23 and B#6 = 414.264
ROUND 325 A#24 and B#6 = 419.846
ROUND 326 A#25 and B#6 = 406.972
ROUND 327 A#26 and B#6 = 404.587
ROUND 328 A#27 and B#6 = 541.214
ROUND 329 A#28 and B#6 = 321.613
ROUND 330 A#29 and B#6 = 297.759
ROUND 331 A#30 and B#6 = 275.335
ROUND 332 A#31 and B#6 = 273.962
ROUND 333 A#32 and B#6 = 434.074
ROUND 334 A#33 and B#6 = 321.312
ROUND 335 A#34 and B#6 = 398.064
ROUND 336 A#35 and B#6 = 323.379
ROUND 337 A#36 and B#6 = 85.8255
ROUND 338 A#37 and B#6 = 370.359
ROUND 339 A#38 and B#6 = 305.627
ROUND 340 A#39 and B#6 = 281.582
ROUND 341 A#40 and B#6 = 284.261
ROUND 342 A#41 and B#6 = 359.546
ROUND 343 A#42 and B#6 = 538.374
ROUND 344 A#43 and B#6 = 358.489
ROUND 345 A#44 and B#6 = 402.518
ROUND 346 A#45 and B#6 = 415.742
ROUND 347 A#46 and B#6 = 64.702
ROUND 348 A#47 and B#6 = 81.4418
ROUND 349 A#48 and B#6 = 292.805
ROUND 350 A#49 and B#6 = 296.926
ROUND 351 A#0 and B#7 = 348.158
ROUND 352 A#1 and B#7 = 332.318
ROUND 353 A#2 and B#7 = 310.977
ROUND 354 A#3 and B#7 = 96.4394
ROUND 355 A#4 and B#7 = 274.214
ROUND 356 A#5 and B#7 = 131.974
ROUND 357 A#6 and B#7 = 379.137
ROUND 358 A#7 and B#7 = 438.023
ROUND 359 A#8 and B#7 = 308.937
ROUND 360 A#9 and B#7 = 215.528
ROUND 361 A#10 and B#7 = 393.352
ROUND 362 A#11 and B#7 = 269.157
ROUND 363 A#12 and B#7 = 295.927
ROUND 364 A#13 and B#7 = 255.364
ROUND 365 A#14 and B#7 = 274.709
ROUND 366 A#15 and B#7 = 304.943
ROUND 367 A#16 and B#7 = 280.55
ROUND 368 A#17 and B#7 = 336.641
ROUND 369 A#18 and B#7 = 333.883
ROUND 370 A#19 and B#7 = 357.637
ROUND 371 A#20 and B#7 = 88.9883
ROUND 372 A#21 and B#7 = 331.329
ROUND 373 A#22 and B#7 = 363.04
ROUND 374 A#23 and B#7 = 269.611
ROUND 375 A#24 and B#7 = 359.612
ROUND 376 A#25 and B#7 = 311.656
ROUND 377 A#26 and B#7 = 303.287
ROUND 378 A#27 and B#7 = 150.35
ROUND 379 A#28 and B#7 = 319.327
ROUND 380 A#29 and B#7 = 328.918
ROUND 381 A#30 and B#7 = 134.358
ROUND 382 A#31 and B#7 = 135.085
ROUND 383 A#32 and B#7 = 365.084
ROUND 384 A#33 and B#7 = 386.906
ROUND 385 A#34 and B#7 = 357.253
ROUND 386 A#35 and B#7 = 334.893
ROUND 387 A#36 and B#7 = 401.862
ROUND 388 A#37 and B#7 = 340.303
ROUND 389 A#38 and B#7 = 323.653
ROUND 390 A#39 and B#7 = 343.515
ROUND 391 A#40 and B#7 = 320.204
ROUND 392 A#41 and B#7 = 390.622
ROUND 393 A#42 and B#7 = 141.927
ROUND 394 A#43 and B#7 = 196.077
ROUND 395 A#44 and B#7 = 400.446
ROUND 396 A#45 and B#7 = 109.592
ROUND 397 A#46 and B#7 = 4.43568
ROUND 398 A#47 and B#7 = 4.54802
ROUND 399 A#48 and B#7 = 339.44
ROUND 400 A#49 and B#7 = 104.218
ROUND 401 A#0 and B#8 = 328.224
ROUND 402 A#1 and B#8 = 181.348
ROUND 403 A#2 and B#8 = 345.883
ROUND 404 A#3 and B#8 = 187.212
ROUND 405 A#4 and B#8 = 92.3046
ROUND 406 A#5 and B#8 = 263.87
ROUND 407 A#6 and B#8 = 258.452
ROUND 408 A#7 and B#8 = 289.234
ROUND 409 A#8 and B#8 = 290.095
ROUND 410 A#9 and B#8 = 363.292
ROUND 411 A#10 and B#8 = 195.52
ROUND 412 A#11 and B#8 = 346.482
ROUND 413 A#12 and B#8 = 375.394
ROUND 414 A#13 and B#8 = 175.561
ROUND 415 A#14 and B#8 = 146.577
ROUND 416 A#15 and B#8 = 175.672
ROUND 417 A#16 and B#8 = 157.1
ROUND 418 A#17 and B#8 = 349.158
ROUND 419 A#18 and B#8 = 199.797
ROUND 420 A#19 and B#8 = 363.147
ROUND 421 A#20 and B#8 = 436.736
ROUND 422 A#21 and B#8 = 357.113
ROUND 423 A#22 and B#8 = 357.58
ROUND 424 A#23 and B#8 = 333.985
ROUND 425 A#24 and B#8 = 361.951
ROUND 426 A#25 and B#8 = 290.779
ROUND 427 A#26 and B#8 = 302.565
ROUND 428 A#27 and B#8 = 445.101
ROUND 429 A#28 and B#8 = 411.043
ROUND 430 A#29 and B#8 = 126.177
ROUND 431 A#30 and B#8 = 392.446
ROUND 432 A#31 and B#8 = 407.125
ROUND 433 A#32 and B#8 = 373.934
ROUND 434 A#33 and B#8 = 411.453
ROUND 435 A#34 and B#8 = 358.375
ROUND 436 A#35 and B#8 = 263.504
ROUND 437 A#36 and B#8 = 238.512
ROUND 438 A#37 and B#8 = 324.813
ROUND 439 A#38 and B#8 = 173.558
ROUND 440 A#39 and B#8 = 242.33
ROUND 441 A#40 and B#8 = 284.925
ROUND 442 A#41 and B#8 = 255.149
ROUND 443 A#42 and B#8 = 72.0983
ROUND 444 A#43 and B#8 = 151.735
ROUND 445 A#44 and B#8 = 298.464
ROUND 446 A#45 and B#8 = 160.723
ROUND 447 A#46 and B#8 = 174.719
ROUND 448 A#47 and B#8 = 165.437
ROUND 449 A#48 and B#8 = 295.222
ROUND 450 A#49 and B#8 = 158.198
ROUND 451 A#0 and B#9 = 323.4
ROUND 452 A#1 and B#9 = 168.447
ROUND 453 A#2 and B#9 = 354.555
ROUND 454 A#3 and B#9 = 159.153
ROUND 455 A#4 and B#9 = 143.764
ROUND 456 A#5 and B#9 = 75.3361
ROUND 457 A#6 and B#9 = 278.048
ROUND 458 A#7 and B#9 = 307.623
ROUND 459 A#8 and B#9 = 290.609
ROUND 460 A#9 and B#9 = 378.928
ROUND 461 A#10 and B#9 = 194.626
ROUND 462 A#11 and B#9 = 135.781
ROUND 463 A#12 and B#9 = 223.415
ROUND 464 A#13 and B#9 = 159.558
ROUND 465 A#14 and B#9 = 143.091
ROUND 466 A#15 and B#9 = 157.082
ROUND 467 A#16 and B#9 = 155.025
ROUND 468 A#17 and B#9 = 351.399
ROUND 469 A#18 and B#9 = 215.26
ROUND 470 A#19 and B#9 = 374.857
ROUND 471 A#20 and B#9 = 143.731
ROUND 472 A#21 and B#9 = 376.755
ROUND 473 A#22 and B#9 = 358.182
ROUND 474 A#23 and B#9 = 335.169
ROUND 475 A#24 and B#9 = 420.781
ROUND 476 A#25 and B#9 = 284.491
ROUND 477 A#26 and B#9 = 321.775
ROUND 478 A#27 and B#9 = 265.534
ROUND 479 A#28 and B#9 = 441.228
ROUND 480 A#29 and B#9 = 136.999
ROUND 481 A#30 and B#9 = 117.636
ROUND 482 A#31 and B#9 = 407.171
ROUND 483 A#32 and B#9 = 376.62
ROUND 484 A#33 and B#9 = 407.91
ROUND 485 A#34 and B#9 = 358.885
ROUND 486 A#35 and B#9 = 428.845
ROUND 487 A#36 and B#9 = 254.597
ROUND 488 A#37 and B#9 = 333.099
ROUND 489 A#38 and B#9 = 71.7522
ROUND 490 A#39 and B#9 = 246.47
ROUND 491 A#40 and B#9 = 300.478
ROUND 492 A#41 and B#9 = 257.673
ROUND 493 A#42 and B#9 = 134.8
ROUND 494 A#43 and B#9 = 153.084
ROUND 495 A#44 and B#9 = 300.743
ROUND 496 A#45 and B#9 = 160.344
ROUND 497 A#46 and B#9 = 173.628
ROUND 498 A#47 and B#9 = 166.517
ROUND 499 A#48 and B#9 = 337.882
ROUND 500 A#49 and B#9 = 137.799
ROUND 501 A#0 and B#10 = 279.805
ROUND 502 A#1 and B#10 = 289.07
ROUND 503 A#2 and B#10 = 312.568
ROUND 504 A#3 and B#10 = 365.057
ROUND 505 A#4 and B#10 = 275.006
ROUND 506 A#5 and B#10 = 195.821
ROUND 507 A#6 and B#10 = 339.339
ROUND 508 A#7 and B#10 = 373.134
ROUND 509 A#8 and B#10 = 337.576
ROUND 510 A#9 and B#10 = 341.189
ROUND 511 A#10 and B#10 = 79.3021
ROUND 512 A#11 and B#10 = 313.393
ROUND 513 A#12 and B#10 = 228.146
ROUND 514 A#13 and B#10 = 289.565
ROUND 515 A#14 and B#10 = 281.59
ROUND 516 A#15 and B#10 = 304.457
ROUND 517 A#16 and B#10 = 271.14
ROUND 518 A#17 and B#10 = 368.297
ROUND 519 A#18 and B#10 = 339.871
ROUND 520 A#19 and B#10 = 416.598
ROUND 521 A#20 and B#10 = 278.877
ROUND 522 A#21 and B#10 = 291.396
ROUND 523 A#22 and B#10 = 288.294
ROUND 524 A#23 and B#10 = 374.403
ROUND 525 A#24 and B#10 = 292.539
ROUND 526 A#25 and B#10 = 254.767
ROUND 527 A#26 and B#10 = 298.765
ROUND 528 A#27 and B#10 = 110.135
ROUND 529 A#28 and B#10 = 374.571
ROUND 530 A#29 and B#10 = 109.393
ROUND 531 A#30 and B#10 = 371.55
ROUND 532 A#31 and B#10 = 109.279
ROUND 533 A#32 and B#10 = 274.252
ROUND 534 A#33 and B#10 = 374.067
ROUND 535 A#34 and B#10 = 295.307
ROUND 536 A#35 and B#10 = 350.426
ROUND 537 A#36 and B#10 = 336.872
ROUND 538 A#37 and B#10 = 163.093
ROUND 539 A#38 and B#10 = 306.596
ROUND 540 A#39 and B#10 = 370.185
ROUND 541 A#40 and B#10 = 302.676
ROUND 542 A#41 and B#10 = 396.064
ROUND 543 A#42 and B#10 = 352.888
ROUND 544 A#43 and B#10 = 56.2509
ROUND 545 A#44 and B#10 = 300.961
ROUND 546 A#45 and B#10 = 180.853
ROUND 547 A#46 and B#10 = 303.159
ROUND 548 A#47 and B#10 = 308.126
ROUND 549 A#48 and B#10 = 361.908
ROUND 550 A#49 and B#10 = 300.431
ROUND 551 A#0 and B#11 = 364.223
ROUND 552 A#1 and B#11 = 364.338
ROUND 553 A#2 and B#11 = 314.851
ROUND 554 A#3 and B#11 = 109.019
ROUND 555 A#4 and B#11 = 276.173
ROUND 556 A#5 and B#11 = 129.639
ROUND 557 A#6 and B#11 = 379.258
ROUND 558 A#7 and B#11 = 433.034
ROUND 559 A#8 and B#11 = 413.635
ROUND 560 A#9 and B#11 = 57.8234
ROUND 561 A#10 and B#11 = 393.801
ROUND 562 A#11 and B#11 = -1.31205e-318
ROUND 563 A#12 and B#11 = 331.082
ROUND 564 A#13 and B#11 = 258.028
ROUND 565 A#14 and B#11 = 276.492
ROUND 566 A#15 and B#11 = 304.678
ROUND 567 A#16 and B#11 = 281.794
ROUND 568 A#17 and B#11 = 360.32
ROUND 569 A#18 and B#11 = 336.343
ROUND 570 A#19 and B#11 = 418.174
ROUND 571 A#20 and B#11 = 226.534
ROUND 572 A#21 and B#11 = 363.515
ROUND 573 A#22 and B#11 = 362.633
ROUND 574 A#23 and B#11 = 272.744
ROUND 575 A#24 and B#11 = 14.9431
ROUND 576 A#25 and B#11 = 319.633
ROUND 577 A#26 and B#11 = 320.445
ROUND 578 A#27 and B#11 = 366.091
ROUND 579 A#28 and B#11 = 319.41
ROUND 580 A#29 and B#11 = 327.791
ROUND 581 A#30 and B#11 = 130.374
ROUND 582 A#31 and B#11 = 114.032
ROUND 583 A#32 and B#11 = 368.955
ROUND 584 A#33 and B#11 = 388.068
ROUND 585 A#34 and B#11 = 357.639
ROUND 586 A#35 and B#11 = 335.135
ROUND 587 A#36 and B#11 = 397.539
ROUND 588 A#37 and B#11 = 335.257
ROUND 589 A#38 and B#11 = 152.715
ROUND 590 A#39 and B#11 = 344.532
ROUND 591 A#40 and B#11 = 329.022
ROUND 592 A#41 and B#11 = 402.136
ROUND 593 A#42 and B#11 = 5.48758
ROUND 594 A#43 and B#11 = 192.079
ROUND 595 A#44 and B#11 = 398.183
ROUND 596 A#45 and B#11 = 432.238
ROUND 597 A#46 and B#11 = 67.7217
ROUND 598 A#47 and B#11 = 70.5147
ROUND 599 A#48 and B#11 = 329.91
ROUND 600 A#49 and B#11 = 117.877
ROUND 601 A#0 and B#12 = 274.02
ROUND 602 A#1 and B#12 = 255.001
ROUND 603 A#2 and B#12 = 323.003
ROUND 604 A#3 and B#12 = 436.671
ROUND 605 A#4 and B#12 = 224.729
ROUND 606 A#5 and B#12 = 218.183
ROUND 607 A#6 and B#12 = 362.217
ROUND 608 A#7 and B#12 = 339.142
ROUND 609 A#8 and B#12 = 292.312
ROUND 610 A#9 and B#12 = 322.17
ROUND 611 A#10 and B#12 = 230.79
ROUND 612 A#11 and B#12 = 369.303
ROUND 613 A#12 and B#12 = 97.7279
ROUND 614 A#13 and B#12 = 379.03
ROUND 615 A#14 and B#12 = 213.501
ROUND 616 A#15 and B#12 = 339.942
ROUND 617 A#16 and B#12 = 218.461
ROUND 618 A#17 and B#12 = 405.827
ROUND 619 A#18 and B#12 = 167.282
ROUND 620 A#19 and B#12 = 440.755
ROUND 621 A#20 and B#12 = 361.914
ROUND 622 A#21 and B#12 = 368.203
ROUND 623 A#22 and B#12 = 377.016
ROUND 624 A#23 and B#12 = 310.283
ROUND 625 A#24 and B#12 = 377.832
ROUND 626 A#25 and B#12 = 277.481
ROUND 627 A#26 and B#12 = 447.078
ROUND 628 A#27 and B#12 = 152.965
ROUND 629 A#28 and B#12 = 198.759
ROUND 630 A#29 and B#12 = 101.047
ROUND 631 A#30 and B#12 = 240.14
ROUND 632 A#31 and B#12 = 239.892
ROUND 633 A#32 and B#12 = 374.742
ROUND 634 A#33 and B#12 = 377.987
ROUND 635 A#34 and B#12 = 373.59
ROUND 636 A#35 and B#12 = 319.315
ROUND 637 A#36 and B#12 = 305.351
ROUND 638 A#37 and B#12 = 453.908
ROUND 639 A#38 and B#12 = 171.862
ROUND 640 A#39 and B#12 = 327.774
ROUND 641 A#40 and B#12 = 301.822
ROUND 642 A#41 and B#12 = 356.463
ROUND 643 A#42 and B#12 = 408.504
ROUND 644 A#43 and B#12 = 59.3682
ROUND 645 A#44 and B#12 = 297.699
ROUND 646 A#45 and B#12 = 178.444
ROUND 647 A#46 and B#12 = 126.362
ROUND 648 A#47 and B#12 = 127.863
ROUND 649 A#48 and B#12 = 225.133
ROUND 650 A#49 and B#12 = 79.9017
ROUND 651 A#0 and B#13 = 317.764
ROUND 652 A#1 and B#13 = 383.081
ROUND 653 A#2 and B#13 = 269.875
ROUND 654 A#3 and B#13 = 291.397
ROUND 655 A#4 and B#13 = 130.487
ROUND 656 A#5 and B#13 = 297.693
ROUND 657 A#6 and B#13 = 342.046
ROUND 658 A#7 and B#13 = 364.768
ROUND 659 A#8 and B#13 = 342.915
ROUND 660 A#9 and B#13 = 338.222
ROUND 661 A#10 and B#13 = 340.821
ROUND 662 A#11 and B#13 = 192.826
ROUND 663 A#12 and B#13 = 253.668
ROUND 664 A#13 and B#13 = 141.674
ROUND 665 A#14 and B#13 = 168.89
ROUND 666 A#15 and B#13 = 189.285
ROUND 667 A#16 and B#13 = 174.848
ROUND 668 A#17 and B#13 = 325.225
ROUND 669 A#18 and B#13 = 101.435
ROUND 670 A#19 and B#13 = 314.173
ROUND 671 A#20 and B#13 = 338.577
ROUND 672 A#21 and B#13 = 341.474
ROUND 673 A#22 and B#13 = 340.434
ROUND 674 A#23 and B#13 = 308.539
ROUND 675 A#24 and B#13 = 193.151
ROUND 676 A#25 and B#13 = 332.282
ROUND 677 A#26 and B#13 = 319.151
ROUND 678 A#27 and B#13 = 243.194
ROUND 679 A#28 and B#13 = 294.438
ROUND 680 A#29 and B#13 = 273.798
ROUND 681 A#30 and B#13 = 274.67
ROUND 682 A#31 and B#13 = 275.575
ROUND 683 A#32 and B#13 = 406.174
ROUND 684 A#33 and B#13 = 289.945
ROUND 685 A#34 and B#13 = 174.947
ROUND 686 A#35 and B#13 = 307.838
ROUND 687 A#36 and B#13 = 269.118
ROUND 688 A#37 and B#13 = 320.163
ROUND 689 A#38 and B#13 = 170.586
ROUND 690 A#39 and B#13 = 435.655
ROUND 691 A#40 and B#13 = 329.867
ROUND 692 A#41 and B#13 = 387.062
ROUND 693 A#42 and B#13 = 181.614
ROUND 694 A#43 and B#13 = 183.389
ROUND 695 A#44 and B#13 = 350.268
ROUND 696 A#45 and B#13 = 165.784
ROUND 697 A#46 and B#13 = 179.474
ROUND 698 A#47 and B#13 = 163.083
ROUND 699 A#48 and B#13 = 320.678
ROUND 700 A#49 and B#13 = 196.856
ROUND 701 A#0 and B#14 = 260.031
ROUND 702 A#1 and B#14 = 174.845
ROUND 703 A#2 and B#14 = 325.624
ROUND 704 A#3 and B#14 = 370.312
ROUND 705 A#4 and B#14 = 289.596
ROUND 706 A#5 and B#14 = 208.899
ROUND 707 A#6 and B#14 = 348.533
ROUND 708 A#7 and B#14 = 372.15
ROUND 709 A#8 and B#14 = 339.007
ROUND 710 A#9 and B#14 = 354.413
ROUND 711 A#10 and B#14 = 168.655
ROUND 712 A#11 and B#14 = 333.682
ROUND 713 A#12 and B#14 = 238.934
ROUND 714 A#13 and B#14 = 311.693
ROUND 715 A#14 and B#14 = 298.139
ROUND 716 A#15 and B#14 = 328.576
ROUND 717 A#16 and B#14 = 285.745
ROUND 718 A#17 and B#14 = 391.96
ROUND 719 A#18 and B#14 = 354.929
ROUND 720 A#19 and B#14 = 244.159
ROUND 721 A#20 and B#14 = 297.594
ROUND 722 A#21 and B#14 = 305.211
ROUND 723 A#22 and B#14 = 298.043
ROUND 724 A#23 and B#14 = 302.254
ROUND 725 A#24 and B#14 = 305.272
ROUND 726 A#25 and B#14 = 247.19
ROUND 727 A#26 and B#14 = 299.349
ROUND 728 A#27 and B#14 = 131.002
ROUND 729 A#28 and B#14 = 376.553
ROUND 730 A#29 and B#14 = 106.931
ROUND 731 A#30 and B#14 = 371.575
ROUND 732 A#31 and B#14 = 106.803
ROUND 733 A#32 and B#14 = 265.155
ROUND 734 A#33 and B#14 = 360.584
ROUND 735 A#34 and B#14 = 309.042
ROUND 736 A#35 and B#14 = 328.333
ROUND 737 A#36 and B#14 = 334.743
ROUND 738 A#37 and B#14 = 122.498
ROUND 739 A#38 and B#14 = 299.297
ROUND 740 A#39 and B#14 = 359.265
ROUND 741 A#40 and B#14 = 307.027
ROUND 742 A#41 and B#14 = 397.345
ROUND 743 A#42 and B#14 = 347.942
ROUND 744 A#43 and B#14 = 56.2301
ROUND 745 A#44 and B#14 = 299.429
ROUND 746 A#45 and B#14 = 293.24
ROUND 747 A#46 and B#14 = 312.006
ROUND 748 A#47 and B#14 = 307.618
ROUND 749 A#48 and B#14 = 388.288
ROUND 750 A#49 and B#14 = 294.957
ROUND 751 A#0 and B#15 = 405.852
ROUND 752 A#1 and B#15 = 521.152
ROUND 753 A#2 and B#15 = 480.585
ROUND 754 A#3 and B#15 = 176.653
ROUND 755 A#4 and B#15 = 329.336
ROUND 756 A#5 and B#15 = 227.407
ROUND 757 A#6 and B#15 = 404.736
ROUND 758 A#7 and B#15 = 298.426
ROUND 759 A#8 and B#15 = 315.512
ROUND 760 A#9 and B#15 = 505.785
ROUND 761 A#10 and B#15 = 443.892
ROUND 762 A#11 and B#15 = 298.285
ROUND 763 A#12 and B#15 = 366.948
ROUND 764 A#13 and B#15 = 312.051
ROUND 765 A#14 and B#15 = 329.539
ROUND 766 A#15 and B#15 = 318.447
ROUND 767 A#16 and B#15 = 339.362
ROUND 768 A#17 and B#15 = 361.253
ROUND 769 A#18 and B#15 = 327.373
ROUND 770 A#19 and B#15 = 435.126
ROUND 771 A#20 and B#15 = 444.551
ROUND 772 A#21 and B#15 = 363.143
ROUND 773 A#22 and B#15 = 512.893
ROUND 774 A#23 and B#15 = 416.552
ROUND 775 A#24 and B#15 = 415.977
ROUND 776 A#25 and B#15 = 408.858
ROUND 777 A#26 and B#15 = 406.233
ROUND 778 A#27 and B#15 = 544.349
ROUND 779 A#28 and B#15 = 320.988
ROUND 780 A#29 and B#15 = 263.324
ROUND 781 A#30 and B#15 = 273.943
ROUND 782 A#31 and B#15 = 272.383
ROUND 783 A#32 and B#15 = 435.06
ROUND 784 A#33 and B#15 = 320.566
ROUND 785 A#34 and B#15 = 397.979
ROUND 786 A#35 and B#15 = 322.926
ROUND 787 A#36 and B#15 = 256.25
ROUND 788 A#37 and B#15 = 372.963
ROUND 789 A#38 and B#15 = 306
ROUND 790 A#39 and B#15 = 283.978
ROUND 791 A#40 and B#15 = 279.747
ROUND 792 A#41 and B#15 = 353.011
ROUND 793 A#42 and B#15 = 541.319
ROUND 794 A#43 and B#15 = 358.793
ROUND 795 A#44 and B#15 = 402.87
ROUND 796 A#45 and B#15 = 118.248
ROUND 797 A#46 and B#15 = 121.972
ROUND 798 A#47 and B#15 = 125.379
ROUND 799 A#48 and B#15 = 292.711
ROUND 800 A#49 and B#15 = 297.056
ROUND 801 A#0 and B#16 = 278.428
ROUND 802 A#1 and B#16 = 289.798
ROUND 803 A#2 and B#16 = 282.549
ROUND 804 A#3 and B#16 = 104.115
ROUND 805 A#4 and B#16 = 231.64
ROUND 806 A#5 and B#16 = 238.593
ROUND 807 A#6 and B#16 = 372.843
ROUND 808 A#7 and B#16 = 252.569
ROUND 809 A#8 and B#16 = 313.411
ROUND 810 A#9 and B#16 = 319.171
ROUND 811 A#10 and B#16 = 325.604
ROUND 812 A#11 and B#16 = 338.717
ROUND 813 A#12 and B#16 = 318.4
ROUND 814 A#13 and B#16 = 315.889
ROUND 815 A#14 and B#16 = 347.429
ROUND 816 A#15 and B#16 = 293.543
ROUND 817 A#16 and B#16 = 248.331
ROUND 818 A#17 and B#16 = 367.309
ROUND 819 A#18 and B#16 = 335.014
ROUND 820 A#19 and B#16 = 353.885
ROUND 821 A#20 and B#16 = 228.563
ROUND 822 A#21 and B#16 = 297.396
ROUND 823 A#22 and B#16 = 295.749
ROUND 824 A#23 and B#16 = 293.34
ROUND 825 A#24 and B#16 = 75.9972
ROUND 826 A#25 and B#16 = 326.628
ROUND 827 A#26 and B#16 = 318.136
ROUND 828 A#27 and B#16 = 120.281
ROUND 829 A#28 and B#16 = 111.404
ROUND 830 A#29 and B#16 = 69.1162
ROUND 831 A#30 and B#16 = 112.057
ROUND 832 A#31 and B#16 = 73.6058
ROUND 833 A#32 and B#16 = 334.278
ROUND 834 A#33 and B#16 = 129.052
ROUND 835 A#34 and B#16 = 285.817
ROUND 836 A#35 and B#16 = 349.362
ROUND 837 A#36 and B#16 = 235.365
ROUND 838 A#37 and B#16 = 343.639
ROUND 839 A#38 and B#16 = 69.3687
ROUND 840 A#39 and B#16 = 329.725
ROUND 841 A#40 and B#16 = 286.027
ROUND 842 A#41 and B#16 = 363.813
ROUND 843 A#42 and B#16 = 121.514
ROUND 844 A#43 and B#16 = 184.797
ROUND 845 A#44 and B#16 = 327.388
ROUND 846 A#45 and B#16 = 132.744
ROUND 847 A#46 and B#16 = 4.704
ROUND 848 A#47 and B#16 = 70.1062
ROUND 849 A#48 and B#16 = 120.27
ROUND 850 A#49 and B#16 = 94.2882
ROUND 851 A#0 and B#17 = 360.511
ROUND 852 A#1 and B#17 = 248.997
ROUND 853 A#2 and B#17 = 322.001
ROUND 854 A#3 and B#17 = 427.531
ROUND 855 A#4 and B#17 = 125.838
ROUND 856 A#5 and B#17 = 222.871
ROUND 857 A#6 and B#17 = 373.843
ROUND 858 A#7 and B#17 = 343.818
ROUND 859 A#8 and B#17 = 292.116
ROUND 860 A#9 and B#17 = 320.735
ROUND 861 A#10 and B#17 = 53.3215
ROUND 862 A#11 and B#17 = 363.694
ROUND 863 A#12 and B#17 = 96.7632
ROUND 864 A#13 and B#17 = 365.201
ROUND 865 A#14 and B#17 = 168.123
ROUND 866 A#15 and B#17 = 343.085
ROUND 867 A#16 and B#17 = 164.942
ROUND 868 A#17 and B#17 = 385.732
ROUND 869 A#18 and B#17 = 166.25
ROUND 870 A#19 and B#17 = 436.326
ROUND 871 A#20 and B#17 = 349.338
ROUND 872 A#21 and B#17 = 361.451
ROUND 873 A#22 and B#17 = 358.404
ROUND 874 A#23 and B#17 = 312.51
ROUND 875 A#24 and B#17 = 372.565
ROUND 876 A#25 and B#17 = 276.827
ROUND 877 A#26 and B#17 = 153.447
ROUND 878 A#27 and B#17 = 156.24
ROUND 879 A#28 and B#17 = 195.513
ROUND 880 A#29 and B#17 = 206.969
ROUND 881 A#30 and B#17 = 221.935
ROUND 882 A#31 and B#17 = 221.92
ROUND 883 A#32 and B#17 = 372.136
ROUND 884 A#33 and B#17 = 321.908
ROUND 885 A#34 and B#17 = 366.612
ROUND 886 A#35 and B#17 = 316.849
ROUND 887 A#36 and B#17 = 289.213
ROUND 888 A#37 and B#17 = 360.316
ROUND 889 A#38 and B#17 = 167.772
ROUND 890 A#39 and B#17 = 317.951
ROUND 891 A#40 and B#17 = 295.536
ROUND 892 A#41 and B#17 = 336.864
ROUND 893 A#42 and B#17 = 412.744
ROUND 894 A#43 and B#17 = 232.444
ROUND 895 A#44 and B#17 = 301.254
ROUND 896 A#45 and B#17 = 178.819
ROUND 897 A#46 and B#17 = 167.43
ROUND 898 A#47 and B#17 = 155.9
ROUND 899 A#48 and B#17 = 224.627
ROUND 900 A#49 and B#17 = 167.317
ROUND 901 A#0 and B#18 = 292.918
ROUND 902 A#1 and B#18 = 301.171
ROUND 903 A#2 and B#18 = 230.299
ROUND 904 A#3 and B#18 = 408.353
ROUND 905 A#4 and B#18 = 328.895
ROUND 906 A#5 and B#18 = 103.748
ROUND 907 A#6 and B#18 = 354.208
ROUND 908 A#7 and B#18 = 312.062
ROUND 909 A#8 and B#18 = 311.26
ROUND 910 A#9 and B#18 = 395.114
ROUND 911 A#10 and B#18 = 204.043
ROUND 912 A#11 and B#18 = 264.073
ROUND 913 A#12 and B#18 = 123.495
ROUND 914 A#13 and B#18 = 418.594
ROUND 915 A#14 and B#18 = 361.522
ROUND 916 A#15 and B#18 = 115.148
ROUND 917 A#16 and B#18 = 345.877
ROUND 918 A#17 and B#18 = 365.775
ROUND 919 A#18 and B#18 = 310.907
ROUND 920 A#19 and B#18 = 325.719
ROUND 921 A#20 and B#18 = 399.677
ROUND 922 A#21 and B#18 = 259.771
ROUND 923 A#22 and B#18 = 258.609
ROUND 924 A#23 and B#18 = 291.94
ROUND 925 A#24 and B#18 = 394.531
ROUND 926 A#25 and B#18 = 298.714
ROUND 927 A#26 and B#18 = 368.575
ROUND 928 A#27 and B#18 = 102.648
ROUND 929 A#28 and B#18 = 296.05
ROUND 930 A#29 and B#18 = 297.628
ROUND 931 A#30 and B#18 = 206.263
ROUND 932 A#31 and B#18 = 283.218
ROUND 933 A#32 and B#18 = 361.714
ROUND 934 A#33 and B#18 = 295.693
ROUND 935 A#34 and B#18 = 399.121
ROUND 936 A#35 and B#18 = 346.583
ROUND 937 A#36 and B#18 = 394.954
ROUND 938 A#37 and B#18 = 307.728
ROUND 939 A#38 and B#18 = 360.744
ROUND 940 A#39 and B#18 = 273.963
ROUND 941 A#40 and B#18 = 314.886
ROUND 942 A#41 and B#18 = 401.81
ROUND 943 A#42 and B#18 = 204.067
ROUND 944 A#43 and B#18 = 212.128
ROUND 945 A#44 and B#18 = 361.72
ROUND 946 A#45 and B#18 = 135.048
ROUND 947 A#46 and B#18 = 108.057
ROUND 948 A#47 and B#18 = 108.849
ROUND 949 A#48 and B#18 = 329.027
ROUND 950 A#49 and B#18 = 146.204
ROUND 951 A#0 and B#19 = 206.878
ROUND 952 A#1 and B#19 = 218.398
ROUND 953 A#2 and B#19 = 374.064
ROUND 954 A#3 and B#19 = 424.103
ROUND 955 A#4 and B#19 = 337.561
ROUND 956 A#5 and B#19 = 267.528
ROUND 957 A#6 and B#19 = 382.564
ROUND 958 A#7 and B#19 = 255.774
ROUND 959 A#8 and B#19 = 438.408
ROUND 960 A#9 and B#19 = 345.456
ROUND 961 A#10 and B#19 = 216.324
ROUND 962 A#11 and B#19 = 358.65
ROUND 963 A#12 and B#19 = 363.066
ROUND 964 A#13 and B#19 = 331.822
ROUND 965 A#14 and B#19 = 336.539
ROUND 966 A#15 and B#19 = 341.401
ROUND 967 A#16 and B#19 = 341.324
ROUND 968 A#17 and B#19 = 351.097
ROUND 969 A#18 and B#19 = 287.087
ROUND 970 A#19 and B#19 = 342.959
ROUND 971 A#20 and B#19 = 344.725
ROUND 972 A#21 and B#19 = 356.235
ROUND 973 A#22 and B#19 = 359.655
ROUND 974 A#23 and B#19 = 390.939
ROUND 975 A#24 and B#19 = 348.538
ROUND 976 A#25 and B#19 = 379.287
ROUND 977 A#26 and B#19 = 330.168
ROUND 978 A#27 and B#19 = 469.872
ROUND 979 A#28 and B#19 = 328.011
ROUND 980 A#29 and B#19 = 332.389
ROUND 981 A#30 and B#19 = 325.849
ROUND 982 A#31 and B#19 = 332.449
ROUND 983 A#32 and B#19 = 374.999
ROUND 984 A#33 and B#19 = 415.125
ROUND 985 A#34 and B#19 = 355.625
ROUND 986 A#35 and B#19 = 382.281
ROUND 987 A#36 and B#19 = 174.292
ROUND 988 A#37 and B#19 = 381.702
ROUND 989 A#38 and B#19 = 316.338
ROUND 990 A#39 and B#19 = 288.974
ROUND 991 A#40 and B#19 = 300.313
ROUND 992 A#41 and B#19 = 354.463
ROUND 993 A#42 and B#19 = 374.356
ROUND 994 A#43 and B#19 = 337.196
ROUND 995 A#44 and B#19 = 387.337
ROUND 996 A#45 and B#19 = 158.195
ROUND 997 A#46 and B#19 = 379.696
ROUND 998 A#47 and B#19 = 151.994
ROUND 999 A#48 and B#19 = 350.624
ROUND 1000 A#49 and B#19 = 318.107
ROUND 1001 A#0 and B#20 = 278.621
ROUND 1002 A#1 and B#20 = 290.751
ROUND 1003 A#2 and B#20 = 313.261
ROUND 1004 A#3 and B#20 = 351.916
ROUND 1005 A#4 and B#20 = 274.355
ROUND 1006 A#5 and B#20 = 195.494
ROUND 1007 A#6 and B#20 = 344.707
ROUND 1008 A#7 and B#20 = 373.286
ROUND 1009 A#8 and B#20 = 333.319
ROUND 1010 A#9 and B#20 = 341.038
ROUND 1011 A#10 and B#20 = 171.451
ROUND 1012 A#11 and B#20 = 312.964
ROUND 1013 A#12 and B#20 = 226.411
ROUND 1014 A#13 and B#20 = 289.206
ROUND 1015 A#14 and B#20 = 281.161
ROUND 1016 A#15 and B#20 = 304.413
ROUND 1017 A#16 and B#20 = 270.857
ROUND 1018 A#17 and B#20 = 367.397
ROUND 1019 A#18 and B#20 = 349.824
ROUND 1020 A#19 and B#20 = 416.792
ROUND 1021 A#20 and B#20 = 278.23
ROUND 1022 A#21 and B#20 = 290.6
ROUND 1023 A#22 and B#20 = 287.599
ROUND 1024 A#23 and B#20 = 374.872
ROUND 1025 A#24 and B#20 = 292.058
ROUND 1026 A#25 and B#20 = 255.808
ROUND 1027 A#26 and B#20 = 298.436
ROUND 1028 A#27 and B#20 = 115.965
ROUND 1029 A#28 and B#20 = 374.406
ROUND 1030 A#29 and B#20 = 109.832
ROUND 1031 A#30 and B#20 = 107.263
ROUND 1032 A#31 and B#20 = 109.726
ROUND 1033 A#32 and B#20 = 273.497
ROUND 1034 A#33 and B#20 = 373.864
ROUND 1035 A#34 and B#20 = 294.809
ROUND 1036 A#35 and B#20 = 350.453
ROUND 1037 A#36 and B#20 = 340.761
ROUND 1038 A#37 and B#20 = 163.491
ROUND 1039 A#38 and B#20 = 306.315
ROUND 1040 A#39 and B#20 = 369.899
ROUND 1041 A#40 and B#20 = 302.289
ROUND 1042 A#41 and B#20 = 397.469
ROUND 1043 A#42 and B#20 = 354.027
ROUND 1044 A#43 and B#20 = 54.498
ROUND 1045 A#44 and B#20 = 316.562
ROUND 1046 A#45 and B#20 = 181.644
ROUND 1047 A#46 and B#20 = 302.754
ROUND 1048 A#47 and B#20 = 307.422
ROUND 1049 A#48 and B#20 = 360.808
ROUND 1050 A#49 and B#20 = 300.142
ROUND 1051 A#0 and B#21 = 320.771
ROUND 1052 A#1 and B#21 = 290.066
ROUND 1053 A#2 and B#21 = 347.199
ROUND 1054 A#3 and B#21 = 424.109
ROUND 1055 A#4 and B#21 = 132.67
ROUND 1056 A#5 and B#21 = 130.248
ROUND 1057 A#6 and B#21 = 368.754
ROUND 1058 A#7 and B#21 = 453.035
ROUND 1059 A#8 and B#21 = 365.877
ROUND 1060 A#9 and B#21 = 208.341
ROUND 1061 A#10 and B#21 = 418.353
ROUND 1062 A#11 and B#21 = 9.13136
ROUND 1063 A#12 and B#21 = 86.0846
ROUND 1064 A#13 and B#21 = 186.039
ROUND 1065 A#14 and B#21 = 175.336
ROUND 1066 A#15 and B#21 = 178.666
ROUND 1067 A#16 and B#21 = 177.812
ROUND 1068 A#17 and B#21 = 466.017
ROUND 1069 A#18 and B#21 = 177.868
ROUND 1070 A#19 and B#21 = 452.471
ROUND 1071 A#20 and B#21 = 307.446
ROUND 1072 A#21 and B#21 = 357.82
ROUND 1073 A#22 and B#21 = 357.32
ROUND 1074 A#23 and B#21 = 304.321
ROUND 1075 A#24 and B#21 = 360.99
ROUND 1076 A#25 and B#21 = 284.894
ROUND 1077 A#26 and B#21 = 363.776
ROUND 1078 A#27 and B#21 = 145.453
ROUND 1079 A#28 and B#21 = 181.197
ROUND 1080 A#29 and B#21 = 152.095
ROUND 1081 A#30 and B#21 = 331.781
ROUND 1082 A#31 and B#21 = 119.189
ROUND 1083 A#32 and B#21 = 394.759
ROUND 1084 A#33 and B#21 = 337.564
ROUND 1085 A#34 and B#21 = 359.678
ROUND 1086 A#35 and B#21 = 308.967
ROUND 1087 A#36 and B#21 = 399.39
ROUND 1088 A#37 and B#21 = 478.467
ROUND 1089 A#38 and B#21 = 177.227
ROUND 1090 A#39 and B#21 = 289.295
ROUND 1091 A#40 and B#21 = 345.36
ROUND 1092 A#41 and B#21 = 469.771
ROUND 1093 A#42 and B#21 = 151.548
ROUND 1094 A#43 and B#21 = 169.3
ROUND 1095 A#44 and B#21 = 316.824
ROUND 1096 A#45 and B#21 = 154.091
ROUND 1097 A#46 and B#21 = 8.66199
ROUND 1098 A#47 and B#21 = 171.165
ROUND 1099 A#48 and B#21 = 145.844
ROUND 1100 A#49 and B#21 = 210.296
ROUND 1101 A#0 and B#22 = 324.958
ROUND 1102 A#1 and B#22 = 237.702
ROUND 1103 A#2 and B#22 = 280.623
ROUND 1104 A#3 and B#22 = 152.497
ROUND 1105 A#4 and B#22 = 180.559
ROUND 1106 A#5 and B#22 = 253.826
ROUND 1107 A#6 and B#22 = 377.586
ROUND 1108 A#7 and B#22 = 214.966
ROUND 1109 A#8 and B#22 = 332.659
ROUND 1110 A#9 and B#22 = 358.556
ROUND 1111 A#10 and B#22 = 329.613
ROUND 1112 A#11 and B#22 = 272.377
ROUND 1113 A#12 and B#22 = 273.996
ROUND 1114 A#13 and B#22 = 33.5235
ROUND 1115 A#14 and B#22 = 33.2486
ROUND 1116 A#15 and B#22 = 286.534
ROUND 1117 A#16 and B#22 = 33.2255
ROUND 1118 A#17 and B#22 = 327.975
ROUND 1119 A#18 and B#22 = 288.667
ROUND 1120 A#19 and B#22 = 348.658
ROUND 1121 A#20 and B#22 = 212.627
ROUND 1122 A#21 and B#22 = 303.927
ROUND 1123 A#22 and B#22 = 332.668
ROUND 1124 A#23 and B#22 = 298.145
ROUND 1125 A#24 and B#22 = 296.065
ROUND 1126 A#25 and B#22 = 298.056
ROUND 1127 A#26 and B#22 = 263.621
ROUND 1128 A#27 and B#22 = 120.743
ROUND 1129 A#28 and B#22 = 94.8342
ROUND 1130 A#29 and B#22 = 328.343
ROUND 1131 A#30 and B#22 = 117.02
ROUND 1132 A#31 and B#22 = 94.8273
ROUND 1133 A#32 and B#22 = 337.077
ROUND 1134 A#33 and B#22 = 141.918
ROUND 1135 A#34 and B#22 = 304.991
ROUND 1136 A#35 and B#22 = 302.668
ROUND 1137 A#36 and B#22 = 236.768
ROUND 1138 A#37 and B#22 = 302.109
ROUND 1139 A#38 and B#22 = -7.54967e-316
ROUND 1140 A#39 and B#22 = 320.311
ROUND 1141 A#40 and B#22 = 284.021
ROUND 1142 A#41 and B#22 = 355.825
ROUND 1143 A#42 and B#22 = 419.612
ROUND 1144 A#43 and B#22 = 227.3
ROUND 1145 A#44 and B#22 = 340.405
ROUND 1146 A#45 and B#22 = 23.5358
ROUND 1147 A#46 and B#22 = 23.9059
ROUND 1148 A#47 and B#22 = 23.8881
ROUND 1149 A#48 and B#22 = 155.51
ROUND 1150 A#49 and B#22 = 40.2074
ROUND 1151 A#0 and B#23 = 273.959
ROUND 1152 A#1 and B#23 = 202.072
ROUND 1153 A#2 and B#23 = 242.965
ROUND 1154 A#3 and B#23 = 74.0832
ROUND 1155 A#4 and B#23 = 183.522
ROUND 1156 A#5 and B#23 = 124.248
ROUND 1157 A#6 and B#23 = 374.101
ROUND 1158 A#7 and B#23 = 222.326
ROUND 1159 A#8 and B#23 = 372.261
ROUND 1160 A#9 and B#23 = 325.702
ROUND 1161 A#10 and B#23 = 423.451
ROUND 1162 A#11 and B#23 = 325.805
ROUND 1163 A#12 and B#23 = 366.566
ROUND 1164 A#13 and B#23 = 367.131
ROUND 1165 A#14 and B#23 = 197.907
ROUND 1166 A#15 and B#23 = 261.508
ROUND 1167 A#16 and B#23 = 207.867
ROUND 1168 A#17 and B#23 = 332.055
ROUND 1169 A#18 and B#23 = 269.965
ROUND 1170 A#19 and B#23 = 250.238
ROUND 1171 A#20 and B#23 = 181.676
ROUND 1172 A#21 and B#23 = 312.662
ROUND 1173 A#22 and B#23 = 282.027
ROUND 1174 A#23 and B#23 = 152.12
ROUND 1175 A#24 and B#23 = -60.0103
ROUND 1176 A#25 and B#23 = 366.595
ROUND 1177 A#26 and B#23 = 259.943
ROUND 1178 A#27 and B#23 = 306.127
ROUND 1179 A#28 and B#23 = 105.606
ROUND 1180 A#29 and B#23 = 108.573
ROUND 1181 A#30 and B#23 = 116.565
ROUND 1182 A#31 and B#23 = 116.914
ROUND 1183 A#32 and B#23 = 336.21
ROUND 1184 A#33 and B#23 = 384.497
ROUND 1185 A#34 and B#23 = 223.645
ROUND 1186 A#35 and B#23 = 252.985
ROUND 1187 A#36 and B#23 = 218.683
ROUND 1188 A#37 and B#23 = 138.138
ROUND 1189 A#38 and B#23 = 202.674
ROUND 1190 A#39 and B#23 = 397.145
ROUND 1191 A#40 and B#23 = 254.823
ROUND 1192 A#41 and B#23 = 162.319
ROUND 1193 A#42 and B#23 = 298.448
ROUND 1194 A#43 and B#23 = 184.416
ROUND 1195 A#44 and B#23 = 377.293
ROUND 1196 A#45 and B#23 = 69.5668
ROUND 1197 A#46 and B#23 = 4.97852
ROUND 1198 A#47 and B#23 = 5.08473
ROUND 1199 A#48 and B#23 = 267.606
ROUND 1200 A#49 and B#23 = 53.5826
ROUND 1201 A#0 and B#24 = 368.707
ROUND 1202 A#1 and B#24 = 350.832
ROUND 1203 A#2 and B#24 = 315.845
ROUND 1204 A#3 and B#24 = 106.411
ROUND 1205 A#4 and B#24 = 276.991
ROUND 1206 A#5 and B#24 = 130.069
ROUND 1207 A#6 and B#24 = 378.068
ROUND 1208 A#7 and B#24 = 432.555
ROUND 1209 A#8 and B#24 = 413.942
ROUND 1210 A#9 and B#24 = 214.796
ROUND 1211 A#10 and B#24 = 394.181
ROUND 1212 A#11 and B#24 = 269.239
ROUND 1213 A#12 and B#24 = 296.942
ROUND 1214 A#13 and B#24 = 258.69
ROUND 1215 A#14 and B#24 = 276.849
ROUND 1216 A#15 and B#24 = 304.538
ROUND 1217 A#16 and B#24 = 281.994
ROUND 1218 A#17 and B#24 = 363.674
ROUND 1219 A#18 and B#24 = 330.238
ROUND 1220 A#19 and B#24 = 420.712
ROUND 1221 A#20 and B#24 = 99.1923
ROUND 1222 A#21 and B#24 = 361.661
ROUND 1223 A#22 and B#24 = 360.886
ROUND 1224 A#23 and B#24 = 276.74
ROUND 1225 A#24 and B#24 = 367.931
ROUND 1226 A#25 and B#24 = 316.393
ROUND 1227 A#26 and B#24 = 299.523
ROUND 1228 A#27 and B#24 = 154.704
ROUND 1229 A#28 and B#24 = 117.795
ROUND 1230 A#29 and B#24 = 326.837
ROUND 1231 A#30 and B#24 = 127.543
ROUND 1232 A#31 and B#24 = 124.215
ROUND 1233 A#32 and B#24 = 374.002
ROUND 1234 A#33 and B#24 = 388.741
ROUND 1235 A#34 and B#24 = 357.321
ROUND 1236 A#35 and B#24 = 322.884
ROUND 1237 A#36 and B#24 = 399.398
ROUND 1238 A#37 and B#24 = 349.402
ROUND 1239 A#38 and B#24 = 178.704
ROUND 1240 A#39 and B#24 = 343.798
ROUND 1241 A#40 and B#24 = 316.392
ROUND 1242 A#41 and B#24 = 383.067
ROUND 1243 A#42 and B#24 = 5.60779
ROUND 1244 A#43 and B#24 = 194.329
ROUND 1245 A#44 and B#24 = 398.316
ROUND 1246 A#45 and B#24 = 194.605
ROUND 1247 A#46 and B#24 = 70.6284
ROUND 1248 A#47 and B#24 = 72.8645
ROUND 1249 A#48 and B#24 = 347.287
ROUND 1250 A#49 and B#24 = 117.442
ROUND 1251 A#0 and B#25 = 368.726
ROUND 1252 A#1 and B#25 = 351.225
ROUND 1253 A#2 and B#25 = 315.739
ROUND 1254 A#3 and B#25 = 107.096
ROUND 1255 A#4 and B#25 = 276.452
ROUND 1256 A#5 and B#25 = 130.015
ROUND 1257 A#6 and B#25 = 378.242
ROUND 1258 A#7 and B#25 = 432.388
ROUND 1259 A#8 and B#25 = 414.205
ROUND 1260 A#9 and B#25 = 214.809
ROUND 1261 A#10 and B#25 = 394.264
ROUND 1262 A#11 and B#25 = 269.283
ROUND 1263 A#12 and B#25 = 296.064
ROUND 1264 A#13 and B#25 = 258.386
ROUND 1265 A#14 and B#25 = 276.541
ROUND 1266 A#15 and B#25 = 304.353
ROUND 1267 A#16 and B#25 = 281.514
ROUND 1268 A#17 and B#25 = 364.273
ROUND 1269 A#18 and B#25 = 329.723
ROUND 1270 A#19 and B#25 = 420.886
ROUND 1271 A#20 and B#25 = 99.1993
ROUND 1272 A#21 and B#25 = 361.885
ROUND 1273 A#22 and B#25 = 361.1
ROUND 1274 A#23 and B#25 = 276.349
ROUND 1275 A#24 and B#25 = 367.206
ROUND 1276 A#25 and B#25 = 316.304
ROUND 1277 A#26 and B#25 = 299.744
ROUND 1278 A#27 and B#25 = 154.985
ROUND 1279 A#28 and B#25 = 117.787
ROUND 1280 A#29 and B#25 = 326.792
ROUND 1281 A#30 and B#25 = 127.606
ROUND 1282 A#31 and B#25 = 124.485
ROUND 1283 A#32 and B#25 = 374.008
ROUND 1284 A#33 and B#25 = 388.709
ROUND 1285 A#34 and B#25 = 357.399
ROUND 1286 A#35 and B#25 = 322.527
ROUND 1287 A#36 and B#25 = 399.148
ROUND 1288 A#37 and B#25 = 348.667
ROUND 1289 A#38 and B#25 = 178.705
ROUND 1290 A#39 and B#25 = 343.934
ROUND 1291 A#40 and B#25 = 316.907
ROUND 1292 A#41 and B#25 = 383.147
ROUND 1293 A#42 and B#25 = 5.76712
ROUND 1294 A#43 and B#25 = 193.107
ROUND 1295 A#44 and B#25 = 398.524
ROUND 1296 A#45 and B#25 = 195.938
ROUND 1297 A#46 and B#25 = 70.6024
ROUND 1298 A#47 and B#25 = 72.8345
ROUND 1299 A#48 and B#25 = 346.773
ROUND 1300 A#49 and B#25 = 118.352
ROUND 1301 A#0 and B#26 = 365.048
ROUND 1302 A#1 and B#26 = 274.135
ROUND 1303 A#2 and B#26 = 377.973
ROUND 1304 A#3 and B#26 = 354.404
ROUND 1305 A#4 and B#26 = 326.553
ROUND 1306 A#5 and B#26 = 99.8211
ROUND 1307 A#6 and B#26 = 389.294
ROUND 1308 A#7 and B#26 = 389.369
ROUND 1309 A#8 and B#26 = 338.806
ROUND 1310 A#9 and B#26 = 406.538
ROUND 1311 A#10 and B#26 = 121.001
ROUND 1312 A#11 and B#26 = 386.772
ROUND 1313 A#12 and B#26 = 86.8885
ROUND 1314 A#13 and B#26 = 355.511
ROUND 1315 A#14 and B#26 = 326.033
ROUND 1316 A#15 and B#26 = 316.599
ROUND 1317 A#16 and B#26 = 317.082
ROUND 1318 A#17 and B#26 = 410.907
ROUND 1319 A#18 and B#26 = 301.44
ROUND 1320 A#19 and B#26 = 353.9
ROUND 1321 A#20 and B#26 = 349.239
ROUND 1322 A#21 and B#26 = 351.324
ROUND 1323 A#22 and B#26 = 348.845
ROUND 1324 A#23 and B#26 = 351.289
ROUND 1325 A#24 and B#26 = 348.063
ROUND 1326 A#25 and B#26 = 324.324
ROUND 1327 A#26 and B#26 = 401.763
ROUND 1328 A#27 and B#26 = 113.846
ROUND 1329 A#28 and B#26 = 354.479
ROUND 1330 A#29 and B#26 = 358.015
ROUND 1331 A#30 and B#26 = 358.998
ROUND 1332 A#31 and B#26 = 355.99
ROUND 1333 A#32 and B#26 = 354.349
ROUND 1334 A#33 and B#26 = 353.565
ROUND 1335 A#34 and B#26 = 354.059
ROUND 1336 A#35 and B#26 = 299.647
ROUND 1337 A#36 and B#26 = 345.909
ROUND 1338 A#37 and B#26 = 377.53
ROUND 1339 A#38 and B#26 = 264.04
ROUND 1340 A#39 and B#26 = 333.797
ROUND 1341 A#40 and B#26 = 362.898
ROUND 1342 A#41 and B#26 = 406.502
ROUND 1343 A#42 and B#26 = 373.523
ROUND 1344 A#43 and B#26 = 54.9174
ROUND 1345 A#44 and B#26 = 340.735
ROUND 1346 A#45 and B#26 = 185.797
ROUND 1347 A#46 and B#26 = 126.795
ROUND 1348 A#47 and B#26 = 298.954
ROUND 1349 A#48 and B#26 = 132.39
ROUND 1350 A#49 and B#26 = 334.507
ROUND 1351 A#0 and B#27 = 290.16
ROUND 1352 A#1 and B#27 = 207.965
ROUND 1353 A#2 and B#27 = 430.041
ROUND 1354 A#3 and B#27 = 547.59
ROUND 1355 A#4 and B#27 = 399.716
ROUND 1356 A#5 and B#27 = 290.975
ROUND 1357 A#6 and B#27 = 413.29
ROUND 1358 A#7 and B#27 = 303.199
ROUND 1359 A#8 and B#27 = 339.831
ROUND 1360 A#9 and B#27 = 383.282
ROUND 1361 A#10 and B#27 = 216.995
ROUND 1362 A#11 and B#27 = 414.744
ROUND 1363 A#12 and B#27 = 417.113
ROUND 1364 A#13 and B#27 = 402.391
ROUND 1365 A#14 and B#27 = 397.181
ROUND 1366 A#15 and B#27 = 397.691
ROUND 1367 A#16 and B#27 = 402.339
ROUND 1368 A#17 and B#27 = 391.672
ROUND 1369 A#18 and B#27 = 298.759
ROUND 1370 A#19 and B#27 = 362.412
ROUND 1371 A#20 and B#27 = 409.11
ROUND 1372 A#21 and B#27 = 403.843
ROUND 1373 A#22 and B#27 = 407.222
ROUND 1374 A#23 and B#27 = 435.496
ROUND 1375 A#24 and B#27 = 399.848
ROUND 1376 A#25 and B#27 = 355.659
ROUND 1377 A#26 and B#27 = 384.974
ROUND 1378 A#27 and B#27 = 507.59
ROUND 1379 A#28 and B#27 = 346.323
ROUND 1380 A#29 and B#27 = 351.843
ROUND 1381 A#30 and B#27 = 344.666
ROUND 1382 A#31 and B#27 = 351.1
ROUND 1383 A#32 and B#27 = 423.941
ROUND 1384 A#33 and B#27 = 430.228
ROUND 1385 A#34 and B#27 = 406.264
ROUND 1386 A#35 and B#27 = 396.854
ROUND 1387 A#36 and B#27 = 218.617
ROUND 1388 A#37 and B#27 = 408.174
ROUND 1389 A#38 and B#27 = 405.55
ROUND 1390 A#39 and B#27 = 552.418
ROUND 1391 A#40 and B#27 = 314.574
ROUND 1392 A#41 and B#27 = 371.636
ROUND 1393 A#42 and B#27 = 434.938
ROUND 1394 A#43 and B#27 = 359.528
ROUND 1395 A#44 and B#27 = 364.662
ROUND 1396 A#45 and B#27 = 409.242
ROUND 1397 A#46 and B#27 = 388.181
ROUND 1398 A#47 and B#27 = 380.616
ROUND 1399 A#48 and B#27 = 391.992
ROUND 1400 A#49 and B#27 = 385.981
ROUND 1401 A#0 and B#28 = 316.926
ROUND 1402 A#1 and B#28 = 311.959
ROUND 1403 A#2 and B#28 = 270.094
ROUND 1404 A#3 and B#28 = 166.717
ROUND 1405 A#4 and B#28 = 133.913
ROUND 1406 A#5 and B#28 = 130.867
ROUND 1407 A#6 and B#28 = 238.727
ROUND 1408 A#7 and B#28 = 308.291
ROUND 1409 A#8 and B#28 = 333.861
ROUND 1410 A#9 and B#28 = 341.659
ROUND 1411 A#10 and B#28 = 309.795
ROUND 1412 A#11 and B#28 = 167.359
ROUND 1413 A#12 and B#28 = 217.186
ROUND 1414 A#13 and B#28 = 77.3576
ROUND 1415 A#14 and B#28 = 118.393
ROUND 1416 A#15 and B#28 = 195.41
ROUND 1417 A#16 and B#28 = 119.59
ROUND 1418 A#17 and B#28 = 352.524
ROUND 1419 A#18 and B#28 = 153.439
ROUND 1420 A#19 and B#28 = 374.095
ROUND 1421 A#20 and B#28 = 153.676
ROUND 1422 A#21 and B#28 = 115.778
ROUND 1423 A#22 and B#28 = 342.176
ROUND 1424 A#23 and B#28 = 323.708
ROUND 1425 A#24 and B#28 = 169.035
ROUND 1426 A#25 and B#28 = 321.605
ROUND 1427 A#26 and B#28 = 318.985
ROUND 1428 A#27 and B#28 = 175.063
ROUND 1429 A#28 and B#28 = 294.954
ROUND 1430 A#29 and B#28 = 112.066
ROUND 1431 A#30 and B#28 = 372.89
ROUND 1432 A#31 and B#28 = 126.255
ROUND 1433 A#32 and B#28 = 340.849
ROUND 1434 A#33 and B#28 = 437.474
ROUND 1435 A#34 and B#28 = 143.696
ROUND 1436 A#35 and B#28 = 113.784
ROUND 1437 A#36 and B#28 = 228.968
ROUND 1438 A#37 and B#28 = 292.262
ROUND 1439 A#38 and B#28 = 170.616
ROUND 1440 A#39 and B#28 = 187.449
ROUND 1441 A#40 and B#28 = 294.845
ROUND 1442 A#41 and B#28 = 317.692
ROUND 1443 A#42 and B#28 = 72.626
ROUND 1444 A#43 and B#28 = 159.694
ROUND 1445 A#44 and B#28 = 335.806
ROUND 1446 A#45 and B#28 = 165.115
ROUND 1447 A#46 and B#28 = 170.144
ROUND 1448 A#47 and B#28 = 178.648
ROUND 1449 A#48 and B#28 = 213.356
ROUND 1450 A#49 and B#28 = 142.511
ROUND 1451 A#0 and B#29 = 328.88
ROUND 1452 A#1 and B#29 = 182.582
ROUND 1453 A#2 and B#29 = 301.892
ROUND 1454 A#3 and B#29 = 184.342
ROUND 1455 A#4 and B#29 = 132.776
ROUND 1456 A#5 and B#29 = 263.888
ROUND 1457 A#6 and B#29 = 262.847
ROUND 1458 A#7 and B#29 = 293.16
ROUND 1459 A#8 and B#29 = 292.134
ROUND 1460 A#9 and B#29 = 364.415
ROUND 1461 A#10 and B#29 = 195.929
ROUND 1462 A#11 and B#29 = 152.611
ROUND 1463 A#12 and B#29 = 222.567
ROUND 1464 A#13 and B#29 = 173.602
ROUND 1465 A#14 and B#29 = 157.458
ROUND 1466 A#15 and B#29 = 175.926
ROUND 1467 A#16 and B#29 = 155.984
ROUND 1468 A#17 and B#29 = 349.269
ROUND 1469 A#18 and B#29 = 199.122
ROUND 1470 A#19 and B#29 = 366.485
ROUND 1471 A#20 and B#29 = 133.896
ROUND 1472 A#21 and B#29 = 358.773
ROUND 1473 A#22 and B#29 = 359.19
ROUND 1474 A#23 and B#29 = 335.567
ROUND 1475 A#24 and B#29 = 363.797
ROUND 1476 A#25 and B#29 = 292.388
ROUND 1477 A#26 and B#29 = 305.009
ROUND 1478 A#27 and B#29 = 435.186
ROUND 1479 A#28 and B#29 = 446.22
ROUND 1480 A#29 and B#29 = 126.641
ROUND 1481 A#30 and B#29 = 393.824
ROUND 1482 A#31 and B#29 = 99.2516
ROUND 1483 A#32 and B#29 = 375.364
ROUND 1484 A#33 and B#29 = 404.321
ROUND 1485 A#34 and B#29 = 360.361
ROUND 1486 A#35 and B#29 = 272.349
ROUND 1487 A#36 and B#29 = 242.412
ROUND 1488 A#37 and B#29 = 404.557
ROUND 1489 A#38 and B#29 = 173.432
ROUND 1490 A#39 and B#29 = 244.626
ROUND 1491 A#40 and B#29 = 288.419
ROUND 1492 A#41 and B#29 = 257.31
ROUND 1493 A#42 and B#29 = 75.2001
ROUND 1494 A#43 and B#29 = 143.101
ROUND 1495 A#44 and B#29 = 298.951
ROUND 1496 A#45 and B#29 = 160.532
ROUND 1497 A#46 and B#29 = 174.665
ROUND 1498 A#47 and B#29 = 165.115
ROUND 1499 A#48 and B#29 = 298.105
ROUND 1500 A#49 and B#29 = 148.183
ROUND 1501 A#0 and B#30 = 363.696
ROUND 1502 A#1 and B#30 = 248.986
ROUND 1503 A#2 and B#30 = 316.711
ROUND 1504 A#3 and B#30 = 427.035
ROUND 1505 A#4 and B#30 = 125.044
ROUND 1506 A#5 and B#30 = 182.894
ROUND 1507 A#6 and B#30 = 374.083
ROUND 1508 A#7 and B#30 = 338.273
ROUND 1509 A#8 and B#30 = 290.718
ROUND 1510 A#9 and B#30 = 320.929
ROUND 1511 A#10 and B#30 = 53.7774
ROUND 1512 A#11 and B#30 = 365.279
ROUND 1513 A#12 and B#30 = 97.2109
ROUND 1514 A#13 and B#30 = 223.356
ROUND 1515 A#14 and B#30 = 169.252
ROUND 1516 A#15 and B#30 = 342.774
ROUND 1517 A#16 and B#30 = 166.714
ROUND 1518 A#17 and B#30 = 384.122
ROUND 1519 A#18 and B#30 = 167.973
ROUND 1520 A#19 and B#30 = 434.916
ROUND 1521 A#20 and B#30 = 350.691
ROUND 1522 A#21 and B#30 = 361.885
ROUND 1523 A#22 and B#30 = 358.488
ROUND 1524 A#23 and B#30 = 312.191
ROUND 1525 A#24 and B#30 = 372.509
ROUND 1526 A#25 and B#30 = 276.419
ROUND 1527 A#26 and B#30 = 155.727
ROUND 1528 A#27 and B#30 = 154.831
ROUND 1529 A#28 and B#30 = 195.265
ROUND 1530 A#29 and B#30 = 239.935
ROUND 1531 A#30 and B#30 = 224.65
ROUND 1532 A#31 and B#30 = 224.123
ROUND 1533 A#32 and B#30 = 371.124
ROUND 1534 A#33 and B#30 = 320.001
ROUND 1535 A#34 and B#30 = 366.794
ROUND 1536 A#35 and B#30 = 316.064
ROUND 1537 A#36 and B#30 = 286.322
ROUND 1538 A#37 and B#30 = 361.314
ROUND 1539 A#38 and B#30 = 168.886
ROUND 1540 A#39 and B#30 = 315.975
ROUND 1541 A#40 and B#30 = 293.904
ROUND 1542 A#41 and B#30 = 337.487
ROUND 1543 A#42 and B#30 = 412.033
ROUND 1544 A#43 and B#30 = 233.813
ROUND 1545 A#44 and B#30 = 296.664
ROUND 1546 A#45 and B#30 = 179.671
ROUND 1547 A#46 and B#30 = 168.937
ROUND 1548 A#47 and B#30 = 127.641
ROUND 1549 A#48 and B#30 = 224.919
ROUND 1550 A#49 and B#30 = 168.531
ROUND 1551 A#0 and B#31 = 290.632
ROUND 1552 A#1 and B#31 = 212.697
ROUND 1553 A#2 and B#31 = 245.453
ROUND 1554 A#3 and B#31 = 64.8292
ROUND 1555 A#4 and B#31 = 184.532
ROUND 1556 A#5 and B#31 = 159.173
ROUND 1557 A#6 and B#31 = 374.356
ROUND 1558 A#7 and B#31 = 234.627
ROUND 1559 A#8 and B#31 = 370.257
ROUND 1560 A#9 and B#31 = 415.08
ROUND 1561 A#10 and B#31 = 432.531
ROUND 1562 A#11 and B#31 = 223.765
ROUND 1563 A#12 and B#31 = 371.909
ROUND 1564 A#13 and B#31 = 366.781
ROUND 1565 A#14 and B#31 = 198.834
ROUND 1566 A#15 and B#31 = 398.107
ROUND 1567 A#16 and B#31 = 208.553
ROUND 1568 A#17 and B#31 = 250.494
ROUND 1569 A#18 and B#31 = 275.481
ROUND 1570 A#19 and B#31 = 349.52
ROUND 1571 A#20 and B#31 = 179.976
ROUND 1572 A#21 and B#31 = 315.512
ROUND 1573 A#22 and B#31 = 283.629
ROUND 1574 A#23 and B#31 = 152.128
ROUND 1575 A#24 and B#31 = -58.8502
ROUND 1576 A#25 and B#31 = 294.069
ROUND 1577 A#26 and B#31 = 272.237
ROUND 1578 A#27 and B#31 = 296.432
ROUND 1579 A#28 and B#31 = 386.315
ROUND 1580 A#29 and B#31 = 128.137
ROUND 1581 A#30 and B#31 = 131.781
ROUND 1582 A#31 and B#31 = 230.703
ROUND 1583 A#32 and B#31 = 260.46
ROUND 1584 A#33 and B#31 = 386.288
ROUND 1585 A#34 and B#31 = 351.505
ROUND 1586 A#35 and B#31 = 255.379
ROUND 1587 A#36 and B#31 = 242.743
ROUND 1588 A#37 and B#31 = 147.774
ROUND 1589 A#38 and B#31 = 203.853
ROUND 1590 A#39 and B#31 = 399.162
ROUND 1591 A#40 and B#31 = 257.135
ROUND 1592 A#41 and B#31 = 159.107
ROUND 1593 A#42 and B#31 = 301.683
ROUND 1594 A#43 and B#31 = 179.887
ROUND 1595 A#44 and B#31 = 375.566
ROUND 1596 A#45 and B#31 = 70.724
ROUND 1597 A#46 and B#31 = 68.1161
ROUND 1598 A#47 and B#31 = 70.3821
ROUND 1599 A#48 and B#31 = 178.149
ROUND 1600 A#49 and B#31 = 77.1977
ROUND 1601 A#0 and B#32 = 362.127
ROUND 1602 A#1 and B#32 = 249.824
ROUND 1603 A#2 and B#32 = 319
ROUND 1604 A#3 and B#32 = 428.501
ROUND 1605 A#4 and B#32 = 125.086
ROUND 1606 A#5 and B#32 = 183.182
ROUND 1607 A#6 and B#32 = 374.247
ROUND 1608 A#7 and B#32 = 338.23
ROUND 1609 A#8 and B#32 = 290.202
ROUND 1610 A#9 and B#32 = 320.264
ROUND 1611 A#10 and B#32 = 54.4598
ROUND 1612 A#11 and B#32 = 364.995
ROUND 1613 A#12 and B#32 = 97.0189
ROUND 1614 A#13 and B#32 = 222.425
ROUND 1615 A#14 and B#32 = 169.24
ROUND 1616 A#15 and B#32 = 342.401
ROUND 1617 A#16 and B#32 = 166.553
ROUND 1618 A#17 and B#32 = 385.452
ROUND 1619 A#18 and B#32 = 167.799
ROUND 1620 A#19 and B#32 = 435.296
ROUND 1621 A#20 and B#32 = 349.258
ROUND 1622 A#21 and B#32 = 361.628
ROUND 1623 A#22 and B#32 = 358.657
ROUND 1624 A#23 and B#32 = 312.304
ROUND 1625 A#24 and B#32 = 372.633
ROUND 1626 A#25 and B#32 = 275.899
ROUND 1627 A#26 and B#32 = 155.354
ROUND 1628 A#27 and B#32 = 154.817
ROUND 1629 A#28 and B#32 = 196.036
ROUND 1630 A#29 and B#32 = 206.439
ROUND 1631 A#30 and B#32 = 224.641
ROUND 1632 A#31 and B#32 = 224.069
ROUND 1633 A#32 and B#32 = 372.081
ROUND 1634 A#33 and B#32 = 321.619
ROUND 1635 A#34 and B#32 = 366.716
ROUND 1636 A#35 and B#32 = 317.279
ROUND 1637 A#36 and B#32 = 286.54
ROUND 1638 A#37 and B#32 = 361.251
ROUND 1639 A#38 and B#32 = 169.086
ROUND 1640 A#39 and B#32 = 316.402
ROUND 1641 A#40 and B#32 = 293.57
ROUND 1642 A#41 and B#32 = 337.989
ROUND 1643 A#42 and B#32 = 412.88
ROUND 1644 A#43 and B#32 = 235.326
ROUND 1645 A#44 and B#32 = 296.651
ROUND 1646 A#45 and B#32 = 179.113
ROUND 1647 A#46 and B#32 = 169.171
ROUND 1648 A#47 and B#32 = 157.142
ROUND 1649 A#48 and B#32 = 224.404
ROUND 1650 A#49 and B#32 = 168.667
ROUND 1651 A#0 and B#33 = 274.296
ROUND 1652 A#1 and B#33 = 203.754
ROUND 1653 A#2 and B#33 = 241.851
ROUND 1654 A#3 and B#33 = 74.6362
ROUND 1655 A#4 and B#33 = 182.286
ROUND 1656 A#5 and B#33 = 124.126
ROUND 1657 A#6 and B#33 = 373.922
ROUND 1658 A#7 and B#33 = 222.879
ROUND 1659 A#8 and B#33 = 375.179
ROUND 1660 A#9 and B#33 = 403.616
ROUND 1661 A#10 and B#33 = 422.97
ROUND 1662 A#11 and B#33 = 325.851
ROUND 1663 A#12 and B#33 = 365.863
ROUND 1664 A#13 and B#33 = 366.544
ROUND 1665 A#14 and B#33 = 196.747
ROUND 1666 A#15 and B#33 = 260.289
ROUND 1667 A#16 and B#33 = 206.592
ROUND 1668 A#17 and B#33 = 332.542
ROUND 1669 A#18 and B#33 = 269.165
ROUND 1670 A#19 and B#33 = 250.205
ROUND 1671 A#20 and B#33 = 180.491
ROUND 1672 A#21 and B#33 = 312.669
ROUND 1673 A#22 and B#33 = 282.018
ROUND 1674 A#23 and B#33 = 297.177
ROUND 1675 A#24 and B#33 = -58.2322
ROUND 1676 A#25 and B#33 = 366.658
ROUND 1677 A#26 and B#33 = 259.763
ROUND 1678 A#27 and B#33 = 304.289
ROUND 1679 A#28 and B#33 = 105.569
ROUND 1680 A#29 and B#33 = 122.978
ROUND 1681 A#30 and B#33 = 116.85
ROUND 1682 A#31 and B#33 = 116.916
ROUND 1683 A#32 and B#33 = 336.853
ROUND 1684 A#33 and B#33 = 384.249
ROUND 1685 A#34 and B#33 = 169.867
ROUND 1686 A#35 and B#33 = 252.295
ROUND 1687 A#36 and B#33 = 218.082
ROUND 1688 A#37 and B#33 = 137.766
ROUND 1689 A#38 and B#33 = 201.399
ROUND 1690 A#39 and B#33 = 396.521
ROUND 1691 A#40 and B#33 = 254.576
ROUND 1692 A#41 and B#33 = 162.61
ROUND 1693 A#42 and B#33 = 299.248
ROUND 1694 A#43 and B#33 = 183.883
ROUND 1695 A#44 and B#33 = 379.133
ROUND 1696 A#45 and B#33 = 9.21699
ROUND 1697 A#46 and B#33 = 4.99679
ROUND 1698 A#47 and B#33 = 5.09883
ROUND 1699 A#48 and B#33 = 333.651
ROUND 1700 A#49 and B#33 = 58.8555
ROUND 1701 A#0 and B#34 = 250.389
ROUND 1702 A#1 and B#34 = 272.567
ROUND 1703 A#2 and B#34 = 286.426
ROUND 1704 A#3 and B#34 = 349.086
ROUND 1705 A#4 and B#34 = 273.523
ROUND 1706 A#5 and B#34 = 103.208
ROUND 1707 A#6 and B#34 = 354.818
ROUND 1708 A#7 and B#34 = 364.28
ROUND 1709 A#8 and B#34 = 340.141
ROUND 1710 A#9 and B#34 = 450.932
ROUND 1711 A#10 and B#34 = 151.132
ROUND 1712 A#11 and B#34 = 310.679
ROUND 1713 A#12 and B#34 = 116.548
ROUND 1714 A#13 and B#34 = 346.327
ROUND 1715 A#14 and B#34 = 274.48
ROUND 1716 A#15 and B#34 = 278.649
ROUND 1717 A#16 and B#34 = 239.584
ROUND 1718 A#17 and B#34 = 386.312
ROUND 1719 A#18 and B#34 = 293.081
ROUND 1720 A#19 and B#34 = 352.7
ROUND 1721 A#20 and B#34 = 353.13
ROUND 1722 A#21 and B#34 = 305.651
ROUND 1723 A#22 and B#34 = 297.697
ROUND 1724 A#23 and B#34 = 348.445
ROUND 1725 A#24 and B#34 = 301.356
ROUND 1726 A#25 and B#34 = 342.446
ROUND 1727 A#26 and B#34 = 337.628
ROUND 1728 A#27 and B#34 = 342.099
ROUND 1729 A#28 and B#34 = 335.804
ROUND 1730 A#29 and B#34 = 347.754
ROUND 1731 A#30 and B#34 = 340.564
ROUND 1732 A#31 and B#34 = 341.259
ROUND 1733 A#32 and B#34 = 343.973
ROUND 1734 A#33 and B#34 = 337.27
ROUND 1735 A#34 and B#34 = 308.452
ROUND 1736 A#35 and B#34 = 309.479
ROUND 1737 A#36 and B#34 = 355.167
ROUND 1738 A#37 and B#34 = 364.066
ROUND 1739 A#38 and B#34 = 240.938
ROUND 1740 A#39 and B#34 = 333.072
ROUND 1741 A#40 and B#34 = 403.397
ROUND 1742 A#41 and B#34 = 381.412
ROUND 1743 A#42 and B#34 = 362.022
ROUND 1744 A#43 and B#34 = 66.0284
ROUND 1745 A#44 and B#34 = 345.645
ROUND 1746 A#45 and B#34 = 243.192
ROUND 1747 A#46 and B#34 = 287.45
ROUND 1748 A#47 and B#34 = 237.789
ROUND 1749 A#48 and B#34 = 158.087
ROUND 1750 A#49 and B#34 = 235.244
ROUND 1751 A#0 and B#35 = 244.906
ROUND 1752 A#1 and B#35 = 219.596
ROUND 1753 A#2 and B#35 = 409.755
ROUND 1754 A#3 and B#35 = 445.468
ROUND 1755 A#4 and B#35 = 369.252
ROUND 1756 A#5 and B#35 = 298.516
ROUND 1757 A#6 and B#35 = 390.929
ROUND 1758 A#7 and B#35 = 269.847
ROUND 1759 A#8 and B#35 = 441.326
ROUND 1760 A#9 and B#35 = 362.7
ROUND 1761 A#10 and B#35 = 231.49
ROUND 1762 A#11 and B#35 = 381.213
ROUND 1763 A#12 and B#35 = 408.942
ROUND 1764 A#13 and B#35 = 367.243
ROUND 1765 A#14 and B#35 = 366.773
ROUND 1766 A#15 and B#35 = 370.79
ROUND 1767 A#16 and B#35 = 370.678
ROUND 1768 A#17 and B#35 = 380.336
ROUND 1769 A#18 and B#35 = 294.568
ROUND 1770 A#19 and B#35 = 319.539
ROUND 1771 A#20 and B#35 = 372.971
ROUND 1772 A#21 and B#35 = 375.205
ROUND 1773 A#22 and B#35 = 377.492
ROUND 1774 A#23 and B#35 = 428.484
ROUND 1775 A#24 and B#35 = 369.461
ROUND 1776 A#25 and B#35 = 353.524
ROUND 1777 A#26 and B#35 = 350.497
ROUND 1778 A#27 and B#35 = 489.365
ROUND 1779 A#28 and B#35 = 334.227
ROUND 1780 A#29 and B#35 = 337.896
ROUND 1781 A#30 and B#35 = 335.075
ROUND 1782 A#31 and B#35 = 338.745
ROUND 1783 A#32 and B#35 = 409.684
ROUND 1784 A#33 and B#35 = 429.999
ROUND 1785 A#34 and B#35 = 376.923
ROUND 1786 A#35 and B#35 = 291.751
ROUND 1787 A#36 and B#35 = 191.5
ROUND 1788 A#37 and B#35 = 400.737
ROUND 1789 A#38 and B#35 = 373.578
ROUND 1790 A#39 and B#35 = 288.865
ROUND 1791 A#40 and B#35 = 300.465
ROUND 1792 A#41 and B#35 = 355.559
ROUND 1793 A#42 and B#35 = 409.672
ROUND 1794 A#43 and B#35 = 336.254
ROUND 1795 A#44 and B#35 = 405.148
ROUND 1796 A#45 and B#35 = 170.068
ROUND 1797 A#46 and B#35 = 358.538
ROUND 1798 A#47 and B#35 = 376.503
ROUND 1799 A#48 and B#35 = 414.456
ROUND 1800 A#49 and B#35 = 353.226
ROUND 1801 A#0 and B#36 = 319.564
ROUND 1802 A#1 and B#36 = 310.077
ROUND 1803 A#2 and B#36 = 274.087
ROUND 1804 A#3 and B#36 = 295.444
ROUND 1805 A#4 and B#36 = 126.639
ROUND 1806 A#5 and B#36 = 126.484
ROUND 1807 A#6 and B#36 = 269.038
ROUND 1808 A#7 and B#36 = 366.66
ROUND 1809 A#8 and B#36 = 347.767
ROUND 1810 A#9 and B#36 = 337.948
ROUND 1811 A#10 and B#36 = 327.282
ROUND 1812 A#11 and B#36 = 192.73
ROUND 1813 A#12 and B#36 = 340.292
ROUND 1814 A#13 and B#36 = 396.718
ROUND 1815 A#14 and B#36 = 294.537
ROUND 1816 A#15 and B#36 = 188.645
ROUND 1817 A#16 and B#36 = 174.124
ROUND 1818 A#17 and B#36 = 331.595
ROUND 1819 A#18 and B#36 = 135.541
ROUND 1820 A#19 and B#36 = 405.543
ROUND 1821 A#20 and B#36 = 404.038
ROUND 1822 A#21 and B#36 = 340.685
ROUND 1823 A#22 and B#36 = 340.951
ROUND 1824 A#23 and B#36 = 310.432
ROUND 1825 A#24 and B#36 = 193.053
ROUND 1826 A#25 and B#36 = 335.708
ROUND 1827 A#26 and B#36 = 317.259
ROUND 1828 A#27 and B#36 = 289.193
ROUND 1829 A#28 and B#36 = 295.404
ROUND 1830 A#29 and B#36 = 275.039
ROUND 1831 A#30 and B#36 = 110.447
ROUND 1832 A#31 and B#36 = 277.235
ROUND 1833 A#32 and B#36 = 295.405
ROUND 1834 A#33 and B#36 = 360.231
ROUND 1835 A#34 and B#36 = 174.779
ROUND 1836 A#35 and B#36 = 311.366
ROUND 1837 A#36 and B#36 = 277.629
ROUND 1838 A#37 and B#36 = 213.762
ROUND 1839 A#38 and B#36 = 170.145
ROUND 1840 A#39 and B#36 = 190.148
ROUND 1841 A#40 and B#36 = 335.159
ROUND 1842 A#41 and B#36 = 309.99
ROUND 1843 A#42 and B#36 = 181.606
ROUND 1844 A#43 and B#36 = 179.013
ROUND 1845 A#44 and B#36 = 354.466
ROUND 1846 A#45 and B#36 = 170.916
ROUND 1847 A#46 and B#36 = 178.731
ROUND 1848 A#47 and B#36 = 160.757
ROUND 1849 A#48 and B#36 = 205.89
ROUND 1850 A#49 and B#36 = 194.813
ROUND 1851 A#0 and B#37 = 281.146
ROUND 1852 A#1 and B#37 = 298.914
ROUND 1853 A#2 and B#37 = 313.428
ROUND 1854 A#3 and B#37 = 364.073
ROUND 1855 A#4 and B#37 = 278.38
ROUND 1856 A#5 and B#37 = 75.3147
ROUND 1857 A#6 and B#37 = 389.431
ROUND 1858 A#7 and B#37 = 371.049
ROUND 1859 A#8 and B#37 = 339.004
ROUND 1860 A#9 and B#37 = 342.909
ROUND 1861 A#10 and B#37 = 170.827
ROUND 1862 A#11 and B#37 = 316.681
ROUND 1863 A#12 and B#37 = 230.029
ROUND 1864 A#13 and B#37 = 292.045
ROUND 1865 A#14 and B#37 = 284.988
ROUND 1866 A#15 and B#37 = 306.363
ROUND 1867 A#16 and B#37 = 275.179
ROUND 1868 A#17 and B#37 = 370.437
ROUND 1869 A#18 and B#37 = 348.95
ROUND 1870 A#19 and B#37 = 413.49
ROUND 1871 A#20 and B#37 = 283.49
ROUND 1872 A#21 and B#37 = 294.868
ROUND 1873 A#22 and B#37 = 292.449
ROUND 1874 A#23 and B#37 = 376.189
ROUND 1875 A#24 and B#37 = 295.682
ROUND 1876 A#25 and B#37 = 252.862
ROUND 1877 A#26 and B#37 = 299.895
ROUND 1878 A#27 and B#37 = 130.316
ROUND 1879 A#28 and B#37 = 375.615
ROUND 1880 A#29 and B#37 = 109.796
ROUND 1881 A#30 and B#37 = 371.935
ROUND 1882 A#31 and B#37 = 109.821
ROUND 1883 A#32 and B#37 = 275.863
ROUND 1884 A#33 and B#37 = 375.011
ROUND 1885 A#34 and B#37 = 298.346
ROUND 1886 A#35 and B#37 = 350.803
ROUND 1887 A#36 and B#37 = 337.223
ROUND 1888 A#37 and B#37 = 159.596
ROUND 1889 A#38 and B#37 = 306.106
ROUND 1890 A#39 and B#37 = 371.394
ROUND 1891 A#40 and B#37 = 307.325
ROUND 1892 A#41 and B#37 = 397.767
ROUND 1893 A#42 and B#37 = 352.873
ROUND 1894 A#43 and B#37 = 55.6971
ROUND 1895 A#44 and B#37 = 302.331
ROUND 1896 A#45 and B#37 = 183.092
ROUND 1897 A#46 and B#37 = 302.38
ROUND 1898 A#47 and B#37 = 308.329
ROUND 1899 A#48 and B#37 = 361.232
ROUND 1900 A#49 and B#37 = 299.638
ROUND 1901 A#0 and B#38 = 363.382
ROUND 1902 A#1 and B#38 = 249.741
ROUND 1903 A#2 and B#38 = 317.041
ROUND 1904 A#3 and B#38 = 427.056
ROUND 1905 A#4 and B#38 = 125.2
ROUND 1906 A#5 and B#38 = 222.211
ROUND 1907 A#6 and B#38 = 373.945
ROUND 1908 A#7 and B#38 = 338.519
ROUND 1909 A#8 and B#38 = 291.189
ROUND 1910 A#9 and B#38 = 320.794
ROUND 1911 A#10 and B#38 = 53.7708
ROUND 1912 A#11 and B#38 = 365.033
ROUND 1913 A#12 and B#38 = 97.0589
ROUND 1914 A#13 and B#38 = 221.287
ROUND 1915 A#14 and B#38 = 169.103
ROUND 1916 A#15 and B#38 = 343.398
ROUND 1917 A#16 and B#38 = 166.369
ROUND 1918 A#17 and B#38 = 384.351
ROUND 1919 A#18 and B#38 = 167.467
ROUND 1920 A#19 and B#38 = 435.586
ROUND 1921 A#20 and B#38 = 350.973
ROUND 1922 A#21 and B#38 = 361.467
ROUND 1923 A#22 and B#38 = 358.256
ROUND 1924 A#23 and B#38 = 312.482
ROUND 1925 A#24 and B#38 = 372.397
ROUND 1926 A#25 and B#38 = 276.489
ROUND 1927 A#26 and B#38 = 155.476
ROUND 1928 A#27 and B#38 = 154.944
ROUND 1929 A#28 and B#38 = 195.277
ROUND 1930 A#29 and B#38 = 239.229
ROUND 1931 A#30 and B#38 = 224.433
ROUND 1932 A#31 and B#38 = 223.977
ROUND 1933 A#32 and B#38 = 371.408
ROUND 1934 A#33 and B#38 = 320.971
ROUND 1935 A#34 and B#38 = 366.503
ROUND 1936 A#35 and B#38 = 316.356
ROUND 1937 A#36 and B#38 = 286.825
ROUND 1938 A#37 and B#38 = 361.071
ROUND 1939 A#38 and B#38 = 168.864
ROUND 1940 A#39 and B#38 = 316.605
ROUND 1941 A#40 and B#38 = 294.018
ROUND 1942 A#41 and B#38 = 337.03
ROUND 1943 A#42 and B#38 = 411.978
ROUND 1944 A#43 and B#38 = 233.6
ROUND 1945 A#44 and B#38 = 296.666
ROUND 1946 A#45 and B#38 = 179.311
ROUND 1947 A#46 and B#38 = 168.865
ROUND 1948 A#47 and B#38 = 127.544
ROUND 1949 A#48 and B#38 = 224.865
ROUND 1950 A#49 and B#38 = 168.449
ROUND 1951 A#0 and B#39 = 367.45
ROUND 1952 A#1 and B#39 = 352.62
ROUND 1953 A#2 and B#39 = 311.758
ROUND 1954 A#3 and B#39 = 103.667
ROUND 1955 A#4 and B#39 = 273.173
ROUND 1956 A#5 and B#39 = 131.566
ROUND 1957 A#6 and B#39 = 376.683
ROUND 1958 A#7 and B#39 = 444.186
ROUND 1959 A#8 and B#39 = 414.728
ROUND 1960 A#9 and B#39 = 66.2324
ROUND 1961 A#10 and B#39 = 401.625
ROUND 1962 A#11 and B#39 = 346.616
ROUND 1963 A#12 and B#39 = 364.108
ROUND 1964 A#13 and B#39 = 363.165
ROUND 1965 A#14 and B#39 = 273.711
ROUND 1966 A#15 and B#39 = 303.289
ROUND 1967 A#16 and B#39 = 279.103
ROUND 1968 A#17 and B#39 = 353.881
ROUND 1969 A#18 and B#39 = 342.318
ROUND 1970 A#19 and B#39 = 419.871
ROUND 1971 A#20 and B#39 = 224.063
ROUND 1972 A#21 and B#39 = 358.585
ROUND 1973 A#22 and B#39 = 357.898
ROUND 1974 A#23 and B#39 = 283.102
ROUND 1975 A#24 and B#39 = 12.7505
ROUND 1976 A#25 and B#39 = 320.035
ROUND 1977 A#26 and B#39 = 322.391
ROUND 1978 A#27 and B#39 = 375.404
ROUND 1979 A#28 and B#39 = 321.51
ROUND 1980 A#29 and B#39 = 311.703
ROUND 1981 A#30 and B#39 = 299.719
ROUND 1982 A#31 and B#39 = 105.059
ROUND 1983 A#32 and B#39 = 374.82
ROUND 1984 A#33 and B#39 = 386.539
ROUND 1985 A#34 and B#39 = 355.7
ROUND 1986 A#35 and B#39 = 341.389
ROUND 1987 A#36 and B#39 = 412.659
ROUND 1988 A#37 and B#39 = 340.406
ROUND 1989 A#38 and B#39 = 214.959
ROUND 1990 A#39 and B#39 = 342.095
ROUND 1991 A#40 and B#39 = 326.273
ROUND 1992 A#41 and B#39 = 387.551
ROUND 1993 A#42 and B#39 = 189.771
ROUND 1994 A#43 and B#39 = 196.808
ROUND 1995 A#44 and B#39 = 399.521
ROUND 1996 A#45 and B#39 = 106.607
ROUND 1997 A#46 and B#39 = 68.1543
ROUND 1998 A#47 and B#39 = 70.6278
ROUND 1999 A#48 and B#39 = 329.332
ROUND 2000 A#49 and B#39 = 99.7199
ROUND 2001 A#0 and B#40 = 245.579
ROUND 2002 A#1 and B#40 = 219.309
ROUND 2003 A#2 and B#40 = 410.968
ROUND 2004 A#3 and B#40 = 446.644
ROUND 2005 A#4 and B#40 = 370.981
ROUND 2006 A#5 and B#40 = 299.39
ROUND 2007 A#6 and B#40 = 391.381
ROUND 2008 A#7 and B#40 = 269.919
ROUND 2009 A#8 and B#40 = 441.524
ROUND 2010 A#9 and B#40 = 363.633
ROUND 2011 A#10 and B#40 = 231.844
ROUND 2012 A#11 and B#40 = 381.894
ROUND 2013 A#12 and B#40 = 410.973
ROUND 2014 A#13 and B#40 = 367.939
ROUND 2015 A#14 and B#40 = 368.624
ROUND 2016 A#15 and B#40 = 372.534
ROUND 2017 A#16 and B#40 = 372.204
ROUND 2018 A#17 and B#40 = 380.718
ROUND 2019 A#18 and B#40 = 290.848
ROUND 2020 A#19 and B#40 = 319.633
ROUND 2021 A#20 and B#40 = 373.956
ROUND 2022 A#21 and B#40 = 376.058
ROUND 2023 A#22 and B#40 = 378.255
ROUND 2024 A#23 and B#40 = 429.927
ROUND 2025 A#24 and B#40 = 370.406
ROUND 2026 A#25 and B#40 = 354.789
ROUND 2027 A#26 and B#40 = 350.651
ROUND 2028 A#27 and B#40 = 489.714
ROUND 2029 A#28 and B#40 = 334.43
ROUND 2030 A#29 and B#40 = 338.061
ROUND 2031 A#30 and B#40 = 335.777
ROUND 2032 A#31 and B#40 = 339.129
ROUND 2033 A#32 and B#40 = 409.941
ROUND 2034 A#33 and B#40 = 429.705
ROUND 2035 A#34 and B#40 = 377.618
ROUND 2036 A#35 and B#40 = 287.854
ROUND 2037 A#36 and B#40 = 188.558
ROUND 2038 A#37 and B#40 = 402.418
ROUND 2039 A#38 and B#40 = 374.831
ROUND 2040 A#39 and B#40 = 287.592
ROUND 2041 A#40 and B#40 = 299.718
ROUND 2042 A#41 and B#40 = 413.268
ROUND 2043 A#42 and B#40 = 410.63
ROUND 2044 A#43 and B#40 = 341.325
ROUND 2045 A#44 and B#40 = 404.945
ROUND 2046 A#45 and B#40 = 170.108
ROUND 2047 A#46 and B#40 = 399.835
ROUND 2048 A#47 and B#40 = 377.471
ROUND 2049 A#48 and B#40 = 415.648
ROUND 2050 A#49 and B#40 = 354.381
ROUND 2051 A#0 and B#41 = 336.129
ROUND 2052 A#1 and B#41 = 250.089
ROUND 2053 A#2 and B#41 = 277.497
ROUND 2054 A#3 and B#41 = 183.121
ROUND 2055 A#4 and B#41 = 180.111
ROUND 2056 A#5 and B#41 = 129.385
ROUND 2057 A#6 and B#41 = 380.545
ROUND 2058 A#7 and B#41 = 226.605
ROUND 2059 A#8 and B#41 = 286.539
ROUND 2060 A#9 and B#41 = 62.5984
ROUND 2061 A#10 and B#41 = 330.047
ROUND 2062 A#11 and B#41 = -1.21244e-313
ROUND 2063 A#12 and B#41 = 273.956
ROUND 2064 A#13 and B#41 = -1.51871e-319
ROUND 2065 A#14 and B#41 = -7.60614e-320
ROUND 2066 A#15 and B#41 = 286.453
ROUND 2067 A#16 and B#41 = 26.0597
ROUND 2068 A#17 and B#41 = 329.014
ROUND 2069 A#18 and B#41 = 294.304
ROUND 2070 A#19 and B#41 = 396.522
ROUND 2071 A#20 and B#41 = 331.766
ROUND 2072 A#21 and B#41 = 415.066
ROUND 2073 A#22 and B#41 = 414.136
ROUND 2074 A#23 and B#41 = 302.233
ROUND 2075 A#24 and B#41 = 360.751
ROUND 2076 A#25 and B#41 = 351.156
ROUND 2077 A#26 and B#41 = 271.355
ROUND 2078 A#27 and B#41 = 207.027
ROUND 2079 A#28 and B#41 = 101.258
ROUND 2080 A#29 and B#41 = 325.768
ROUND 2081 A#30 and B#41 = 117.254
ROUND 2082 A#31 and B#41 = 86.3992
ROUND 2083 A#32 and B#41 = 356.138
ROUND 2084 A#33 and B#41 = 330.131
ROUND 2085 A#34 and B#41 = 358.388
ROUND 2086 A#35 and B#41 = 286.209
ROUND 2087 A#36 and B#41 = 389.384
ROUND 2088 A#37 and B#41 = 308.537
ROUND 2089 A#38 and B#41 = 4.67334
ROUND 2090 A#39 and B#41 = 319.064
ROUND 2091 A#40 and B#41 = 280.941
ROUND 2092 A#41 and B#41 = 360.774
ROUND 2093 A#42 and B#41 = 275.563
ROUND 2094 A#43 and B#41 = 183.058
ROUND 2095 A#44 and B#41 = 341.232
ROUND 2096 A#45 and B#41 = 208.657
ROUND 2097 A#46 and B#41 = 8.51399
ROUND 2098 A#47 and B#41 = 8.53466
ROUND 2099 A#48 and B#41 = 157.018
ROUND 2100 A#49 and B#41 = 65.8255
ROUND 2101 A#0 and B#42 = 367.02
ROUND 2102 A#1 and B#42 = 358.496
ROUND 2103 A#2 and B#42 = 315.081
ROUND 2104 A#3 and B#42 = 100.719
ROUND 2105 A#4 and B#42 = 275.616
ROUND 2106 A#5 and B#42 = 188.315
ROUND 2107 A#6 and B#42 = 377.576
ROUND 2108 A#7 and B#42 = 443.535
ROUND 2109 A#8 and B#42 = 413.987
ROUND 2110 A#9 and B#42 = 62.878
ROUND 2111 A#10 and B#42 = 403.533
ROUND 2112 A#11 and B#42 = 238.04
ROUND 2113 A#12 and B#42 = 365.862
ROUND 2114 A#13 and B#42 = 257.525
ROUND 2115 A#14 and B#42 = 275.935
ROUND 2116 A#15 and B#42 = 304.181
ROUND 2117 A#16 and B#42 = 281.124
ROUND 2118 A#17 and B#42 = 361.682
ROUND 2119 A#18 and B#42 = 345.765
ROUND 2120 A#19 and B#42 = 422.878
ROUND 2121 A#20 and B#42 = 223.864
ROUND 2122 A#21 and B#42 = 359.478
ROUND 2123 A#22 and B#42 = 358.807
ROUND 2124 A#23 and B#42 = 283.931
ROUND 2125 A#24 and B#42 = 11.7412
ROUND 2126 A#25 and B#42 = 324.328
ROUND 2127 A#26 and B#42 = 323.254
ROUND 2128 A#27 and B#42 = 374.805
ROUND 2129 A#28 and B#42 = 287.713
ROUND 2130 A#29 and B#42 = 311.703
ROUND 2131 A#30 and B#42 = 299.759
ROUND 2132 A#31 and B#42 = 323.121
ROUND 2133 A#32 and B#42 = 372.355
ROUND 2134 A#33 and B#42 = 387.561
ROUND 2135 A#34 and B#42 = 356.603
ROUND 2136 A#35 and B#42 = 343.858
ROUND 2137 A#36 and B#42 = 412.661
ROUND 2138 A#37 and B#42 = 342.248
ROUND 2139 A#38 and B#42 = 264.883
ROUND 2140 A#39 and B#42 = 343.518
ROUND 2141 A#40 and B#42 = 325.387
ROUND 2142 A#41 and B#42 = 387.945
ROUND 2143 A#42 and B#42 = 174.903
ROUND 2144 A#43 and B#42 = 194.368
ROUND 2145 A#44 and B#42 = 398.179
ROUND 2146 A#45 and B#42 = 106.937
ROUND 2147 A#46 and B#42 = 67.7824
ROUND 2148 A#47 and B#42 = 70.2218
ROUND 2149 A#48 and B#42 = 330.632
ROUND 2150 A#49 and B#42 = 106.746
ROUND 2151 A#0 and B#43 = 348.12
ROUND 2152 A#1 and B#43 = 349.596
ROUND 2153 A#2 and B#43 = 278.952
ROUND 2154 A#3 and B#43 = 200.381
ROUND 2155 A#4 and B#43 = 229.552
ROUND 2156 A#5 and B#43 = 129.535
ROUND 2157 A#6 and B#43 = 377.97
ROUND 2158 A#7 and B#43 = 223.672
ROUND 2159 A#8 and B#43 = 405.908
ROUND 2160 A#9 and B#43 = 63.785
ROUND 2161 A#10 and B#43 = 418.811
ROUND 2162 A#11 and B#43 = -4.75802e-318
ROUND 2163 A#12 and B#43 = 365.744
ROUND 2164 A#13 and B#43 = 224.383
ROUND 2165 A#14 and B#43 = 237.312
ROUND 2166 A#15 and B#43 = 289.063
ROUND 2167 A#16 and B#43 = 245.841
ROUND 2168 A#17 and B#43 = 339.903
ROUND 2169 A#18 and B#43 = 288.457
ROUND 2170 A#19 and B#43 = 379.817
ROUND 2171 A#20 and B#43 = 224.182
ROUND 2172 A#21 and B#43 = 348.091
ROUND 2173 A#22 and B#43 = 412.528
ROUND 2174 A#23 and B#43 = 238.688
ROUND 2175 A#24 and B#43 = 358.951
ROUND 2176 A#25 and B#43 = 295.718
ROUND 2177 A#26 and B#43 = 280.077
ROUND 2178 A#27 and B#43 = 326.731
ROUND 2179 A#28 and B#43 = 387.137
ROUND 2180 A#29 and B#43 = 325.925
ROUND 2181 A#30 and B#43 = 297.798
ROUND 2182 A#31 and B#43 = 230.745
ROUND 2183 A#32 and B#43 = 342.077
ROUND 2184 A#33 and B#43 = 387.46
ROUND 2185 A#34 and B#43 = 356.437
ROUND 2186 A#35 and B#43 = 284.18
ROUND 2187 A#36 and B#43 = 246.43
ROUND 2188 A#37 and B#43 = 70.5569
ROUND 2189 A#38 and B#43 = 240.535
ROUND 2190 A#39 and B#43 = 316.788
ROUND 2191 A#40 and B#43 = 283.988
ROUND 2192 A#41 and B#43 = 361.848
ROUND 2193 A#42 and B#43 = 390.613
ROUND 2194 A#43 and B#43 = 193.518
ROUND 2195 A#44 and B#43 = 396.731
ROUND 2196 A#45 and B#43 = 70.8246
ROUND 2197 A#46 and B#43 = 68.1407
ROUND 2198 A#47 and B#43 = 70.5086
ROUND 2199 A#48 and B#43 = 315.173
ROUND 2200 A#49 and B#43 = 74.5378
ROUND 2201 A#0 and B#44 = 359.407
ROUND 2202 A#1 and B#44 = 271.652
ROUND 2203 A#2 and B#44 = 262.636
ROUND 2204 A#3 and B#44 = 349.234
ROUND 2205 A#4 and B#44 = 353.987
ROUND 2206 A#5 and B#44 = 81.9866
ROUND 2207 A#6 and B#44 = 338.212
ROUND 2208 A#7 and B#44 = 364.131
ROUND 2209 A#8 and B#44 = 331.756
ROUND 2210 A#9 and B#44 = 342.611
ROUND 2211 A#10 and B#44 = 341.566
ROUND 2212 A#11 and B#44 = 296.635
ROUND 2213 A#12 and B#44 = 115.338
ROUND 2214 A#13 and B#44 = 341.28
ROUND 2215 A#14 and B#44 = 261.546
ROUND 2216 A#15 and B#44 = 266.411
ROUND 2217 A#16 and B#44 = 248.58
ROUND 2218 A#17 and B#44 = 362.468
ROUND 2219 A#18 and B#44 = 297.804
ROUND 2220 A#19 and B#44 = 374.218
ROUND 2221 A#20 and B#44 = 252.69
ROUND 2222 A#21 and B#44 = 289.773
ROUND 2223 A#22 and B#44 = 286.758
ROUND 2224 A#23 and B#44 = 352.619
ROUND 2225 A#24 and B#44 = 287.467
ROUND 2226 A#25 and B#44 = 222.489
ROUND 2227 A#26 and B#44 = 266.446
ROUND 2228 A#27 and B#44 = 116.483
ROUND 2229 A#28 and B#44 = 346.396
ROUND 2230 A#29 and B#44 = 356.004
ROUND 2231 A#30 and B#44 = 340.387
ROUND 2232 A#31 and B#44 = 341.776
ROUND 2233 A#32 and B#44 = 289.384
ROUND 2234 A#33 and B#44 = 347.066
ROUND 2235 A#34 and B#44 = 293.226
ROUND 2236 A#35 and B#44 = 300.061
ROUND 2237 A#36 and B#44 = 337.25
ROUND 2238 A#37 and B#44 = 120.21
ROUND 2239 A#38 and B#44 = 356
ROUND 2240 A#39 and B#44 = 324.297
ROUND 2241 A#40 and B#44 = 324.15
ROUND 2242 A#41 and B#44 = 378.989
ROUND 2243 A#42 and B#44 = 352.724
ROUND 2244 A#43 and B#44 = 54.1026
ROUND 2245 A#44 and B#44 = 367.726
ROUND 2246 A#45 and B#44 = 185.311
ROUND 2247 A#46 and B#44 = 274.598
ROUND 2248 A#47 and B#44 = 345.466
ROUND 2249 A#48 and B#44 = 327.159
ROUND 2250 A#49 and B#44 = 359.039
ROUND 2251 A#0 and B#45 = 369.287
ROUND 2252 A#1 and B#45 = 274.474
ROUND 2253 A#2 and B#45 = 265.114
ROUND 2254 A#3 and B#45 = 348.715
ROUND 2255 A#4 and B#45 = 228.902
ROUND 2256 A#5 and B#45 = 357.283
ROUND 2257 A#6 and B#45 = 338.96
ROUND 2258 A#7 and B#45 = 371.271
ROUND 2259 A#8 and B#45 = 331.097
ROUND 2260 A#9 and B#45 = 435.571
ROUND 2261 A#10 and B#45 = 157.854
ROUND 2262 A#11 and B#45 = 303.9
ROUND 2263 A#12 and B#45 = 113.777
ROUND 2264 A#13 and B#45 = 339.85
ROUND 2265 A#14 and B#45 = 239.922
ROUND 2266 A#15 and B#45 = 258.375
ROUND 2267 A#16 and B#45 = 355.935
ROUND 2268 A#17 and B#45 = 365.675
ROUND 2269 A#18 and B#45 = 288.162
ROUND 2270 A#19 and B#45 = 345.591
ROUND 2271 A#20 and B#45 = 359.558
ROUND 2272 A#21 and B#45 = 297.618
ROUND 2273 A#22 and B#45 = 293.657
ROUND 2274 A#23 and B#45 = 348.93
ROUND 2275 A#24 and B#45 = 294.825
ROUND 2276 A#25 and B#45 = 331.793
ROUND 2277 A#26 and B#45 = 329.014
ROUND 2278 A#27 and B#45 = 331.676
ROUND 2279 A#28 and B#45 = 344.845
ROUND 2280 A#29 and B#45 = 353.808
ROUND 2281 A#30 and B#45 = 337.646
ROUND 2282 A#31 and B#45 = 338.407
ROUND 2283 A#32 and B#45 = 290.426
ROUND 2284 A#33 and B#45 = 345.628
ROUND 2285 A#34 and B#45 = 300.715
ROUND 2286 A#35 and B#45 = 302.681
ROUND 2287 A#36 and B#45 = 354.354
ROUND 2288 A#37 and B#45 = 304.618
ROUND 2289 A#38 and B#45 = 243.408
ROUND 2290 A#39 and B#45 = 321.073
ROUND 2291 A#40 and B#45 = 402.016
ROUND 2292 A#41 and B#45 = 381.451
ROUND 2293 A#42 and B#45 = 356.438
ROUND 2294 A#43 and B#45 = 277.54
ROUND 2295 A#44 and B#45 = 339.679
ROUND 2296 A#45 and B#45 = 186.34
ROUND 2297 A#46 and B#45 = 355.659
ROUND 2298 A#47 and B#45 = 253.528
ROUND 2299 A#48 and B#45 = 145.722
ROUND 2300 A#49 and B#45 = 355.55
ROUND 2301 A#0 and B#46 = 352.93
ROUND 2302 A#1 and B#46 = 158.843
ROUND 2303 A#2 and B#46 = 333.321
ROUND 2304 A#3 and B#46 = 74.293
ROUND 2305 A#4 and B#46 = 126.812
ROUND 2306 A#5 and B#46 = 224.364
ROUND 2307 A#6 and B#46 = 373.848
ROUND 2308 A#7 and B#46 = 341.31
ROUND 2309 A#8 and B#46 = 295.32
ROUND 2310 A#9 and B#46 = 322.891
ROUND 2311 A#10 and B#46 = 50.1941
ROUND 2312 A#11 and B#46 = 342.007
ROUND 2313 A#12 and B#46 = 96.1707
ROUND 2314 A#13 and B#46 = 379.128
ROUND 2315 A#14 and B#46 = 342.842
ROUND 2316 A#15 and B#46 = 454.877
ROUND 2317 A#16 and B#46 = 344.993
ROUND 2318 A#17 and B#46 = 390.708
ROUND 2319 A#18 and B#46 = 161.072
ROUND 2320 A#19 and B#46 = 433.393
ROUND 2321 A#20 and B#46 = 353.705
ROUND 2322 A#21 and B#46 = 344.896
ROUND 2323 A#22 and B#46 = 352.392
ROUND 2324 A#23 and B#46 = 349.446
ROUND 2325 A#24 and B#46 = 345.208
ROUND 2326 A#25 and B#46 = 145.495
ROUND 2327 A#26 and B#46 = 454.85
ROUND 2328 A#27 and B#46 = 160.205
ROUND 2329 A#28 and B#46 = 400.935
ROUND 2330 A#29 and B#46 = 98.4263
ROUND 2331 A#30 and B#46 = 100.564
ROUND 2332 A#31 and B#46 = 102.529
ROUND 2333 A#32 and B#46 = 402.921
ROUND 2334 A#33 and B#46 = 365.041
ROUND 2335 A#34 and B#46 = 347.898
ROUND 2336 A#35 and B#46 = 312.484
ROUND 2337 A#36 and B#46 = 339.34
ROUND 2338 A#37 and B#46 = 360.874
ROUND 2339 A#38 and B#46 = 68.6816
ROUND 2340 A#39 and B#46 = 316.349
ROUND 2341 A#40 and B#46 = 386.359
ROUND 2342 A#41 and B#46 = 281.236
ROUND 2343 A#42 and B#46 = 369.029
ROUND 2344 A#43 and B#46 = 165.797
ROUND 2345 A#44 and B#46 = 151.702
ROUND 2346 A#45 and B#46 = 178.049
ROUND 2347 A#46 and B#46 = 126.921
ROUND 2348 A#47 and B#46 = 128.437
ROUND 2349 A#48 and B#46 = 356.401
ROUND 2350 A#49 and B#46 = 68.8897
ROUND 2351 A#0 and B#47 = 307.896
ROUND 2352 A#1 and B#47 = 287.305
ROUND 2353 A#2 and B#47 = 322.373
ROUND 2354 A#3 and B#47 = 346.607
ROUND 2355 A#4 and B#47 = 273.559
ROUND 2356 A#5 and B#47 = 103.616
ROUND 2357 A#6 and B#47 = 347.152
ROUND 2358 A#7 and B#47 = 378.318
ROUND 2359 A#8 and B#47 = 334.682
ROUND 2360 A#9 and B#47 = 342.207
ROUND 2361 A#10 and B#47 = 165.214
ROUND 2362 A#11 and B#47 = 309.47
ROUND 2363 A#12 and B#47 = 108.888
ROUND 2364 A#13 and B#47 = 287.435
ROUND 2365 A#14 and B#47 = 280.401
ROUND 2366 A#15 and B#47 = 303.283
ROUND 2367 A#16 and B#47 = 269.935
ROUND 2368 A#17 and B#47 = 370.946
ROUND 2369 A#18 and B#47 = 351.036
ROUND 2370 A#19 and B#47 = 330.131
ROUND 2371 A#20 and B#47 = 274.281
ROUND 2372 A#21 and B#47 = 288.85
ROUND 2373 A#22 and B#47 = 284.704
ROUND 2374 A#23 and B#47 = 369.599
ROUND 2375 A#24 and B#47 = 291.064
ROUND 2376 A#25 and B#47 = 277.572
ROUND 2377 A#26 and B#47 = 287.548
ROUND 2378 A#27 and B#47 = 96.2782
ROUND 2379 A#28 and B#47 = 366.645
ROUND 2380 A#29 and B#47 = 373.604
ROUND 2381 A#30 and B#47 = 360.491
ROUND 2382 A#31 and B#47 = 361.05
ROUND 2383 A#32 and B#47 = 270.273
ROUND 2384 A#33 and B#47 = 365.812
ROUND 2385 A#34 and B#47 = 293.336
ROUND 2386 A#35 and B#47 = 347.607
ROUND 2387 A#36 and B#47 = 341.011
ROUND 2388 A#37 and B#47 = 163.368
ROUND 2389 A#38 and B#47 = 294.099
ROUND 2390 A#39 and B#47 = 359.434
ROUND 2391 A#40 and B#47 = 297.675
ROUND 2392 A#41 and B#47 = 397.923
ROUND 2393 A#42 and B#47 = 355.188
ROUND 2394 A#43 and B#47 = 53.9999
ROUND 2395 A#44 and B#47 = 316.738
ROUND 2396 A#45 and B#47 = 177.285
ROUND 2397 A#46 and B#47 = 294.02
ROUND 2398 A#47 and B#47 = 299.34
ROUND 2399 A#48 and B#47 = 357.552
ROUND 2400 A#49 and B#47 = 289.561
ROUND 2401 A#0 and B#48 = 359.474
ROUND 2402 A#1 and B#48 = 261.691
ROUND 2403 A#2 and B#48 = 261.204
ROUND 2404 A#3 and B#48 = 342.803
ROUND 2405 A#4 and B#48 = 355.993
ROUND 2406 A#5 and B#48 = 84.6842
ROUND 2407 A#6 and B#48 = 345.193
ROUND 2408 A#7 and B#48 = 364.079
ROUND 2409 A#8 and B#48 = 327.015
ROUND 2410 A#9 and B#48 = 342.426
ROUND 2411 A#10 and B#48 = 339.396
ROUND 2412 A#11 and B#48 = 293.242
ROUND 2413 A#12 and B#48 = 115.389
ROUND 2414 A#13 and B#48 = 341.723
ROUND 2415 A#14 and B#48 = 257.762
ROUND 2416 A#15 and B#48 = 241.422
ROUND 2417 A#16 and B#48 = 244.071
ROUND 2418 A#17 and B#48 = 360.83
ROUND 2419 A#18 and B#48 = 311.786
ROUND 2420 A#19 and B#48 = 376.286
ROUND 2421 A#20 and B#48 = 248.067
ROUND 2422 A#21 and B#48 = 285.562
ROUND 2423 A#22 and B#48 = 282.027
ROUND 2424 A#23 and B#48 = 354.587
ROUND 2425 A#24 and B#48 = 283.709
ROUND 2426 A#25 and B#48 = 222.126
ROUND 2427 A#26 and B#48 = 338.743
ROUND 2428 A#27 and B#48 = 96.8826
ROUND 2429 A#28 and B#48 = 346.437
ROUND 2430 A#29 and B#48 = 356.446
ROUND 2431 A#30 and B#48 = 341.437
ROUND 2432 A#31 and B#48 = 343.014
ROUND 2433 A#32 and B#48 = 290.105
ROUND 2434 A#33 and B#48 = 347.308
ROUND 2435 A#34 and B#48 = 289.667
ROUND 2436 A#35 and B#48 = 300.246
ROUND 2437 A#36 and B#48 = 351.909
ROUND 2438 A#37 and B#48 = 117.704
ROUND 2439 A#38 and B#48 = 358.188
ROUND 2440 A#39 and B#48 = 325.028
ROUND 2441 A#40 and B#48 = 321.97
ROUND 2442 A#41 and B#48 = 379.972
ROUND 2443 A#42 and B#48 = 353.453
ROUND 2444 A#43 and B#48 = 58.3009
ROUND 2445 A#44 and B#48 = 367.109
ROUND 2446 A#45 and B#48 = 184.532
ROUND 2447 A#46 and B#48 = 363.059
ROUND 2448 A#47 and B#48 = 248.618
ROUND 2449 A#48 and B#48 = 330.747
ROUND 2450 A#49 and B#48 = 361.03
ROUND 2451 A#0 and B#49 = 306.705
ROUND 2452 A#1 and B#49 = 425.412
ROUND 2453 A#2 and B#49 = 231.165
ROUND 2454 A#3 and B#49 = 419.971
ROUND 2455 A#4 and B#49 = 350.183
ROUND 2456 A#5 and B#49 = 435.453
ROUND 2457 A#6 and B#49 = 349.978
ROUND 2458 A#7 and B#49 = 372.704
ROUND 2459 A#8 and B#49 = 279.042
ROUND 2460 A#9 and B#49 = 413.161
ROUND 2461 A#10 and B#49 = 343.166
ROUND 2462 A#11 and B#49 = 357.853
ROUND 2463 A#12 and B#49 = 297.287
ROUND 2464 A#13 and B#49 = 285.286
ROUND 2465 A#14 and B#49 = 350.223
ROUND 2466 A#15 and B#49 = 287.899
ROUND 2467 A#16 and B#49 = 294.372
ROUND 2468 A#17 and B#49 = 329.16
ROUND 2469 A#18 and B#49 = 335.069
ROUND 2470 A#19 and B#49 = 382.851
ROUND 2471 A#20 and B#49 = 279.229
ROUND 2472 A#21 and B#49 = 352.809
ROUND 2473 A#22 and B#49 = 281.451
ROUND 2474 A#23 and B#49 = 237.401
ROUND 2475 A#24 and B#49 = 353.108
ROUND 2476 A#25 and B#49 = 253.157
ROUND 2477 A#26 and B#49 = 357.755
ROUND 2478 A#27 and B#49 = 351.634
ROUND 2479 A#28 and B#49 = 322.53
ROUND 2480 A#29 and B#49 = 377.357
ROUND 2481 A#30 and B#49 = 275.079
ROUND 2482 A#31 and B#49 = 274.952
ROUND 2483 A#32 and B#49 = 358.446
ROUND 2484 A#33 and B#49 = 357.595
ROUND 2485 A#34 and B#49 = 397.011
ROUND 2486 A#35 and B#49 = 363.538
ROUND 2487 A#36 and B#49 = 372.418
ROUND 2488 A#37 and B#49 = 215.389
ROUND 2489 A#38 and B#49 = 410.796
ROUND 2490 A#39 and B#49 = 349.195
ROUND 2491 A#40 and B#49 = 374.473
ROUND 2492 A#41 and B#49 = 393.342
ROUND 2493 A#42 and B#49 = 401.992
ROUND 2494 A#43 and B#49 = 379.55
ROUND 2495 A#44 and B#49 = 328.079
ROUND 2496 A#45 and B#49 = 402.987
ROUND 2497 A#46 and B#49 = 413.127
ROUND 2498 A#47 and B#49 = 385.44
ROUND 2499 A#48 and B#49 = 322.824
ROUND 2500 A#49 and B#49 = 417.011

The best overlap is between conformer A#39 and B#27, which, after PCA followed by Steepest Descent, produces a volume overlap of 552.418
Tanimoto (Hodgkin) similarity index: 0.549672

Saving those best conformers to file...
WRITING MOLECULE TO FILE '../ALL_PAIRS_BQ123_AS_REFERENCE/ROKS3/BQ123-PS433540.mol2' (WILL OVERWRITE EXISTING FILE IF ANY)...
WRITING MOLECULE TO FILE '../ALL_PAIRS_BQ123_AS_REFERENCE/ROKS3/BQ123-PS433540.mol2'...
