Finished importing molecules
WARNING: LAPACK DSYEV() RETURNED NON-ZERO ERROR CODE 3
WARNING: LAPACK DSYEV() RETURNED NON-ZERO ERROR CODE 3
WARNING: LAPACK DSYEV() RETURNED NON-ZERO ERROR CODE 3
WARNING: LAPACK DSYEV() RETURNED NON-ZERO ERROR CODE 3
WARNING: LAPACK DSYEV() RETURNED NON-ZERO ERROR CODE 3
WARNING: LAPACK DSYEV() RETURNED NON-ZERO ERROR CODE 3
WARNING: LAPACK DSYEV() RETURNED NON-ZERO ERROR CODE 3
WARNING: LAPACK DSYEV() RETURNED NON-ZERO ERROR CODE 3
WARNING: LAPACK DSYEV() RETURNED NON-ZERO ERROR CODE 3
WARNING: LAPACK DSYEV() RETURNED NON-ZERO ERROR CODE 3
WARNING: LAPACK DSYEV() RETURNED NON-ZERO ERROR CODE 3
WARNING: LAPACK DSYEV() RETURNED NON-ZERO ERROR CODE 3
WARNING: LAPACK DSYEV() RETURNED NON-ZERO ERROR CODE 3
WARNING: LAPACK DSYEV() RETURNED NON-ZERO ERROR CODE 3
WARNING: LAPACK DSYEV() RETURNED NON-ZERO ERROR CODE 3
WARNING: LAPACK DSYEV() RETURNED NON-ZERO ERROR CODE 3
WARNING: LAPACK DSYEV() RETURNED NON-ZERO ERROR CODE 3
WARNING: LAPACK DSYEV() RETURNED NON-ZERO ERROR CODE 3
WARNING: LAPACK DSYEV() RETURNED NON-ZERO ERROR CODE 3
WARNING: LAPACK DSYEV() RETURNED NON-ZERO ERROR CODE 3
WARNING: LAPACK DSYEV() RETURNED NON-ZERO ERROR CODE 3
WARNING: LAPACK DSYEV() RETURNED NON-ZERO ERROR CODE 3
WARNING: LAPACK DSYEV() RETURNED NON-ZERO ERROR CODE 3
WARNING: LAPACK DSYEV() RETURNED NON-ZERO ERROR CODE 3
WARNING: LAPACK DSYEV() RETURNED NON-ZERO ERROR CODE 3
WARNING: LAPACK DSYEV() RETURNED NON-ZERO ERROR CODE 3
WARNING: LAPACK DSYEV() RETURNED NON-ZERO ERROR CODE 3
WARNING: LAPACK DSYEV() RETURNED NON-ZERO ERROR CODE 3
WARNING: LAPACK DSYEV() RETURNED NON-ZERO ERROR CODE 3
WARNING: LAPACK DSYEV() RETURNED NON-ZERO ERROR CODE 3
WARNING: LAPACK DSYEV() RETURNED NON-ZERO ERROR CODE 3
WARNING: LAPACK DSYEV() RETURNED NON-ZERO ERROR CODE 3
WARNING: LAPACK DSYEV() RETURNED NON-ZERO ERROR CODE 3
WARNING: LAPACK DSYEV() RETURNED NON-ZERO ERROR CODE 3
WARNING: LAPACK DSYEV() RETURNED NON-ZERO ERROR CODE 3
WARNING: LAPACK DSYEV() RETURNED NON-ZERO ERROR CODE 3
WARNING: LAPACK DSYEV() RETURNED NON-ZERO ERROR CODE 3
WARNING: LAPACK DSYEV() RETURNED NON-ZERO ERROR CODE 3
WARNING: LAPACK DSYEV() RETURNED NON-ZERO ERROR CODE 3
WARNING: LAPACK DSYEV() RETURNED NON-ZERO ERROR CODE 3
WARNING: LAPACK DSYEV() RETURNED NON-ZERO ERROR CODE 3
WARNING: LAPACK DSYEV() RETURNED NON-ZERO ERROR CODE 3
WARNING: LAPACK DSYEV() RETURNED NON-ZERO ERROR CODE 3
WARNING: LAPACK DSYEV() RETURNED NON-ZERO ERROR CODE 3
WARNING: LAPACK DSYEV() RETURNED NON-ZERO ERROR CODE 3
WARNING: LAPACK DSYEV() RETURNED NON-ZERO ERROR CODE 3
WARNING: LAPACK DSYEV() RETURNED NON-ZERO ERROR CODE 3
WARNING: LAPACK DSYEV() RETURNED NON-ZERO ERROR CODE 3
WARNING: LAPACK DSYEV() RETURNED NON-ZERO ERROR CODE 3
WARNING: LAPACK DSYEV() RETURNED NON-ZERO ERROR CODE 3
WARNING: LAPACK DSYEV() RETURNED NON-ZERO ERROR CODE 2
WARNING: LAPACK DSYEV() RETURNED NON-ZERO ERROR CODE 3
WARNING: LAPACK DSYEV() RETURNED NON-ZERO ERROR CODE 3
WARNING: LAPACK DSYEV() RETURNED NON-ZERO ERROR CODE 2
WARNING: LAPACK DSYEV() RETURNED NON-ZERO ERROR CODE 3
WARNING: LAPACK DSYEV() RETURNED NON-ZERO ERROR CODE 2
WARNING: LAPACK DSYEV() RETURNED NON-ZERO ERROR CODE 2
WARNING: LAPACK DSYEV() RETURNED NON-ZERO ERROR CODE 3
WARNING: LAPACK DSYEV() RETURNED NON-ZERO ERROR CODE 3
WARNING: LAPACK DSYEV() RETURNED NON-ZERO ERROR CODE 3
WARNING: LAPACK DSYEV() RETURNED NON-ZERO ERROR CODE 2
WARNING: LAPACK DSYEV() RETURNED NON-ZERO ERROR CODE 3
WARNING: LAPACK DSYEV() RETURNED NON-ZERO ERROR CODE 2
WARNING: LAPACK DSYEV() RETURNED NON-ZERO ERROR CODE 3
WARNING: LAPACK DSYEV() RETURNED NON-ZERO ERROR CODE 2
WARNING: LAPACK DSYEV() RETURNED NON-ZERO ERROR CODE 2
WARNING: LAPACK DSYEV() RETURNED NON-ZERO ERROR CODE 3
WARNING: LAPACK DSYEV() RETURNED NON-ZERO ERROR CODE 2
WARNING: LAPACK DSYEV() RETURNED NON-ZERO ERROR CODE 2
WARNING: LAPACK DSYEV() RETURNED NON-ZERO ERROR CODE 3
WARNING: LAPACK DSYEV() RETURNED NON-ZERO ERROR CODE 2
WARNING: LAPACK DSYEV() RETURNED NON-ZERO ERROR CODE 3
WARNING: LAPACK DSYEV() RETURNED NON-ZERO ERROR CODE 3
WARNING: LAPACK DSYEV() RETURNED NON-ZERO ERROR CODE 3
WARNING: LAPACK DSYEV() RETURNED NON-ZERO ERROR CODE 3
WARNING: LAPACK DSYEV() RETURNED NON-ZERO ERROR CODE 3
WARNING: LAPACK DSYEV() RETURNED NON-ZERO ERROR CODE 2
WARNING: LAPACK DSYEV() RETURNED NON-ZERO ERROR CODE 3
WARNING: LAPACK DSYEV() RETURNED NON-ZERO ERROR CODE 3
WARNING: LAPACK DSYEV() RETURNED NON-ZERO ERROR CODE 3
WARNING: LAPACK DSYEV() RETURNED NON-ZERO ERROR CODE 2
WARNING: LAPACK DSYEV() RETURNED NON-ZERO ERROR CODE 3
WARNING: LAPACK DSYEV() RETURNED NON-ZERO ERROR CODE 2
WARNING: LAPACK DSYEV() RETURNED NON-ZERO ERROR CODE 3
WARNING: LAPACK DSYEV() RETURNED NON-ZERO ERROR CODE 2
WARNING: LAPACK DSYEV() RETURNED NON-ZERO ERROR CODE 3
WARNING: LAPACK DSYEV() RETURNED NON-ZERO ERROR CODE 3
WARNING: LAPACK DSYEV() RETURNED NON-ZERO ERROR CODE 2
WARNING: LAPACK DSYEV() RETURNED NON-ZERO ERROR CODE 2
WARNING: LAPACK DSYEV() RETURNED NON-ZERO ERROR CODE 3
WARNING: LAPACK DSYEV() RETURNED NON-ZERO ERROR CODE 3
WARNING: LAPACK DSYEV() RETURNED NON-ZERO ERROR CODE 3
WARNING: LAPACK DSYEV() RETURNED NON-ZERO ERROR CODE 3
WARNING: LAPACK DSYEV() RETURNED NON-ZERO ERROR CODE 3
WARNING: LAPACK DSYEV() RETURNED NON-ZERO ERROR CODE 2
WARNING: LAPACK DSYEV() RETURNED NON-ZERO ERROR CODE 2
WARNING: LAPACK DSYEV() RETURNED NON-ZERO ERROR CODE 2
WARNING: LAPACK DSYEV() RETURNED NON-ZERO ERROR CODE 2
WARNING: LAPACK DSYEV() RETURNED NON-ZERO ERROR CODE 2
WARNING: LAPACK DSYEV() RETURNED NON-ZERO ERROR CODE 3
Finished setting up data; running search...
ROUND 1 A#0 and B#0 = 284.252
ROUND 2 A#1 and B#0 = 318.726
ROUND 3 A#2 and B#0 = 312.532
ROUND 4 A#3 and B#0 = 294.878
ROUND 5 A#4 and B#0 = 313.367
ROUND 6 A#5 and B#0 = 284.928
ROUND 7 A#6 and B#0 = 272.317
ROUND 8 A#7 and B#0 = 319.04
ROUND 9 A#8 and B#0 = 312.944
ROUND 10 A#9 and B#0 = 293.733
ROUND 11 A#10 and B#0 = 337.755
ROUND 12 A#11 and B#0 = 300.534
ROUND 13 A#12 and B#0 = 284.81
ROUND 14 A#13 and B#0 = 337.424
ROUND 15 A#14 and B#0 = 337.41
ROUND 16 A#15 and B#0 = 285.078
ROUND 17 A#16 and B#0 = 284.703
ROUND 18 A#17 and B#0 = 284.046
ROUND 19 A#18 and B#0 = 284.944
ROUND 20 A#19 and B#0 = 284.512
ROUND 21 A#20 and B#0 = 312.603
ROUND 22 A#21 and B#0 = 318.772
ROUND 23 A#22 and B#0 = 300.043
ROUND 24 A#23 and B#0 = 309.382
ROUND 25 A#24 and B#0 = 318.774
ROUND 26 A#25 and B#0 = 293.13
ROUND 27 A#26 and B#0 = 285.028
ROUND 28 A#27 and B#0 = 318.669
ROUND 29 A#28 and B#0 = 317.186
ROUND 30 A#29 and B#0 = 312.954
ROUND 31 A#30 and B#0 = 294.354
ROUND 32 A#31 and B#0 = 308.581
ROUND 33 A#32 and B#0 = 294.177
ROUND 34 A#33 and B#0 = 318.301
ROUND 35 A#34 and B#0 = 284.658
ROUND 36 A#35 and B#0 = 320.332
ROUND 37 A#36 and B#0 = 295.008
ROUND 38 A#37 and B#0 = 337.207
ROUND 39 A#38 and B#0 = 304.653
ROUND 40 A#39 and B#0 = 318.972
ROUND 41 A#40 and B#0 = 284.719
ROUND 42 A#41 and B#0 = 308.781
ROUND 43 A#42 and B#0 = 308.821
ROUND 44 A#43 and B#0 = 308.536
ROUND 45 A#44 and B#0 = 318.595
ROUND 46 A#45 and B#0 = 308.428
ROUND 47 A#46 and B#0 = 318.176
ROUND 48 A#47 and B#0 = 295.537
ROUND 49 A#48 and B#0 = 318.595
ROUND 50 A#49 and B#0 = 295.255
ROUND 51 A#0 and B#1 = 341.907
ROUND 52 A#1 and B#1 = 284.225
ROUND 53 A#2 and B#1 = 304.924
ROUND 54 A#3 and B#1 = 284.428
ROUND 55 A#4 and B#1 = 308.362
ROUND 56 A#5 and B#1 = 344.746
ROUND 57 A#6 and B#1 = 280.166
ROUND 58 A#7 and B#1 = 306.566
ROUND 59 A#8 and B#1 = 307.193
ROUND 60 A#9 and B#1 = 266.006
ROUND 61 A#10 and B#1 = 287.577
ROUND 62 A#11 and B#1 = 286.386
ROUND 63 A#12 and B#1 = 299.151
ROUND 64 A#13 and B#1 = 293.443
ROUND 65 A#14 and B#1 = 288.715
ROUND 66 A#15 and B#1 = 317.71
ROUND 67 A#16 and B#1 = 341.544
ROUND 68 A#17 and B#1 = 300.018
ROUND 69 A#18 and B#1 = 299.324
ROUND 70 A#19 and B#1 = 338.553
ROUND 71 A#20 and B#1 = 305.554
ROUND 72 A#21 and B#1 = 284.298
ROUND 73 A#22 and B#1 = 285.883
ROUND 74 A#23 and B#1 = 30.2302
ROUND 75 A#24 and B#1 = 311.218
ROUND 76 A#25 and B#1 = 337.545
ROUND 77 A#26 and B#1 = 338.622
ROUND 78 A#27 and B#1 = 285.549
ROUND 79 A#28 and B#1 = 288.914
ROUND 80 A#29 and B#1 = 306.885
ROUND 81 A#30 and B#1 = 313.476
ROUND 82 A#31 and B#1 = 315.573
ROUND 83 A#32 and B#1 = 284.628
ROUND 84 A#33 and B#1 = 289.184
ROUND 85 A#34 and B#1 = 315.549
ROUND 86 A#35 and B#1 = 249.33
ROUND 87 A#36 and B#1 = 314.604
ROUND 88 A#37 and B#1 = 293.59
ROUND 89 A#38 and B#1 = 284.179
ROUND 90 A#39 and B#1 = 285.593
ROUND 91 A#40 and B#1 = 337.625
ROUND 92 A#41 and B#1 = 315.5
ROUND 93 A#42 and B#1 = 30.2268
ROUND 94 A#43 and B#1 = 285.105
ROUND 95 A#44 and B#1 = 285.361
ROUND 96 A#45 and B#1 = 284.15
ROUND 97 A#46 and B#1 = 286.96
ROUND 98 A#47 and B#1 = 315.801
ROUND 99 A#48 and B#1 = 286.075
ROUND 100 A#49 and B#1 = 314.552
ROUND 101 A#0 and B#2 = 341.744
ROUND 102 A#1 and B#2 = 284.087
ROUND 103 A#2 and B#2 = 305.388
ROUND 104 A#3 and B#2 = 284.509
ROUND 105 A#4 and B#2 = 308.832
ROUND 106 A#5 and B#2 = 344.591
ROUND 107 A#6 and B#2 = 298.215
ROUND 108 A#7 and B#2 = 307.048
ROUND 109 A#8 and B#2 = 307.792
ROUND 110 A#9 and B#2 = 263.815
ROUND 111 A#10 and B#2 = 286.85
ROUND 112 A#11 and B#2 = 284.994
ROUND 113 A#12 and B#2 = 337.919
ROUND 114 A#13 and B#2 = 287.529
ROUND 115 A#14 and B#2 = 287.377
ROUND 116 A#15 and B#2 = 317.836
ROUND 117 A#16 and B#2 = 341.285
ROUND 118 A#17 and B#2 = 302.453
ROUND 119 A#18 and B#2 = 338.189
ROUND 120 A#19 and B#2 = 338.408
ROUND 121 A#20 and B#2 = 306.109
ROUND 122 A#21 and B#2 = 284.206
ROUND 123 A#22 and B#2 = 284.326
ROUND 124 A#23 and B#2 = 30.3719
ROUND 125 A#24 and B#2 = 284.08
ROUND 126 A#25 and B#2 = 337.53
ROUND 127 A#26 and B#2 = 338.448
ROUND 128 A#27 and B#2 = 285.516
ROUND 129 A#28 and B#2 = 252.561
ROUND 130 A#29 and B#2 = 307.43
ROUND 131 A#30 and B#2 = 282.339
ROUND 132 A#31 and B#2 = 284.878
ROUND 133 A#32 and B#2 = 284.702
ROUND 134 A#33 and B#2 = 250.997
ROUND 135 A#34 and B#2 = 316.035
ROUND 136 A#35 and B#2 = 248.443
ROUND 137 A#36 and B#2 = 282.526
ROUND 138 A#37 and B#2 = 287.528
ROUND 139 A#38 and B#2 = 284.088
ROUND 140 A#39 and B#2 = 285.499
ROUND 141 A#40 and B#2 = 337.549
ROUND 142 A#41 and B#2 = 314.951
ROUND 143 A#42 and B#2 = 30.4695
ROUND 144 A#43 and B#2 = 285.009
ROUND 145 A#44 and B#2 = 285.286
ROUND 146 A#45 and B#2 = 284.192
ROUND 147 A#46 and B#2 = 250.691
ROUND 148 A#47 and B#2 = 316.214
ROUND 149 A#48 and B#2 = 252.191
ROUND 150 A#49 and B#2 = 314.992
ROUND 151 A#0 and B#3 = 317.629
ROUND 152 A#1 and B#3 = 285.174
ROUND 153 A#2 and B#3 = 284.974
ROUND 154 A#3 and B#3 = 285.405
ROUND 155 A#4 and B#3 = 285.537
ROUND 156 A#5 and B#3 = 318.968
ROUND 157 A#6 and B#3 = 296.948
ROUND 158 A#7 and B#3 = 285.021
ROUND 159 A#8 and B#3 = 285.443
ROUND 160 A#9 and B#3 = 285.867
ROUND 161 A#10 and B#3 = 285.465
ROUND 162 A#11 and B#3 = 285.579
ROUND 163 A#12 and B#3 = 319.332
ROUND 164 A#13 and B#3 = 285.912
ROUND 165 A#14 and B#3 = 285.443
ROUND 166 A#15 and B#3 = 337.066
ROUND 167 A#16 and B#3 = 317.92
ROUND 168 A#17 and B#3 = 256.72
ROUND 169 A#18 and B#3 = 319.371
ROUND 170 A#19 and B#3 = 319.506
ROUND 171 A#20 and B#3 = 285.304
ROUND 172 A#21 and B#3 = 285.152
ROUND 173 A#22 and B#3 = 269.303
ROUND 174 A#23 and B#3 = 284.443
ROUND 175 A#24 and B#3 = 270.791
ROUND 176 A#25 and B#3 = 318.738
ROUND 177 A#26 and B#3 = 319.684
ROUND 178 A#27 and B#3 = 270.438
ROUND 179 A#28 and B#3 = 285.731
ROUND 180 A#29 and B#3 = 285.452
ROUND 181 A#30 and B#3 = 320.801
ROUND 182 A#31 and B#3 = 285.583
ROUND 183 A#32 and B#3 = 285.485
ROUND 184 A#33 and B#3 = 285.496
ROUND 185 A#34 and B#3 = 320.587
ROUND 186 A#35 and B#3 = 285.867
ROUND 187 A#36 and B#3 = 320.543
ROUND 188 A#37 and B#3 = 285.438
ROUND 189 A#38 and B#3 = 335.105
ROUND 190 A#39 and B#3 = 311.817
ROUND 191 A#40 and B#3 = 320.339
ROUND 192 A#41 and B#3 = 285.358
ROUND 193 A#42 and B#3 = 284.907
ROUND 194 A#43 and B#3 = 285.668
ROUND 195 A#44 and B#3 = 271.267
ROUND 196 A#45 and B#3 = 285.261
ROUND 197 A#46 and B#3 = 285.837
ROUND 198 A#47 and B#3 = 320.667
ROUND 199 A#48 and B#3 = 285.456
ROUND 200 A#49 and B#3 = 320.368
ROUND 201 A#0 and B#4 = 325.145
ROUND 202 A#1 and B#4 = 281.432
ROUND 203 A#2 and B#4 = 304.941
ROUND 204 A#3 and B#4 = 280.776
ROUND 205 A#4 and B#4 = 282.774
ROUND 206 A#5 and B#4 = 323.91
ROUND 207 A#6 and B#4 = 320.54
ROUND 208 A#7 and B#4 = 281.607
ROUND 209 A#8 and B#4 = 306.238
ROUND 210 A#9 and B#4 = 282.202
ROUND 211 A#10 and B#4 = 280.551
ROUND 212 A#11 and B#4 = 282.886
ROUND 213 A#12 and B#4 = 318.404
ROUND 214 A#13 and B#4 = 281.73
ROUND 215 A#14 and B#4 = 280.535
ROUND 216 A#15 and B#4 = 316.597
ROUND 217 A#16 and B#4 = 325.299
ROUND 218 A#17 and B#4 = 340.548
ROUND 219 A#18 and B#4 = 294.776
ROUND 220 A#19 and B#4 = 299.741
ROUND 221 A#20 and B#4 = 305.643
ROUND 222 A#21 and B#4 = 281.452
ROUND 223 A#22 and B#4 = 282.637
ROUND 224 A#23 and B#4 = 281.759
ROUND 225 A#24 and B#4 = 306.689
ROUND 226 A#25 and B#4 = 268.293
ROUND 227 A#26 and B#4 = 276.541
ROUND 228 A#27 and B#4 = 282.659
ROUND 229 A#28 and B#4 = 281.726
ROUND 230 A#29 and B#4 = 306.114
ROUND 231 A#30 and B#4 = 320.533
ROUND 232 A#31 and B#4 = 283.668
ROUND 233 A#32 and B#4 = 280.792
ROUND 234 A#33 and B#4 = 280.367
ROUND 235 A#34 and B#4 = 320.249
ROUND 236 A#35 and B#4 = 281.247
ROUND 237 A#36 and B#4 = 320.256
ROUND 238 A#37 and B#4 = 280.65
ROUND 239 A#38 and B#4 = 281.024
ROUND 240 A#39 and B#4 = 307.019
ROUND 241 A#40 and B#4 = 320.374
ROUND 242 A#41 and B#4 = 283.225
ROUND 243 A#42 and B#4 = 281.771
ROUND 244 A#43 and B#4 = 283.861
ROUND 245 A#44 and B#4 = 307.098
ROUND 246 A#45 and B#4 = 282.273
ROUND 247 A#46 and B#4 = 281.616
ROUND 248 A#47 and B#4 = 320.199
ROUND 249 A#48 and B#4 = 280.323
ROUND 250 A#49 and B#4 = 320.11
ROUND 251 A#0 and B#5 = 265.406
ROUND 252 A#1 and B#5 = 297.379
ROUND 253 A#2 and B#5 = 293.958
ROUND 254 A#3 and B#5 = 284.289
ROUND 255 A#4 and B#5 = 297.382
ROUND 256 A#5 and B#5 = 264.857
ROUND 257 A#6 and B#5 = 335.984
ROUND 258 A#7 and B#5 = 295.215
ROUND 259 A#8 and B#5 = 295.552
ROUND 260 A#9 and B#5 = 285.677
ROUND 261 A#10 and B#5 = 284.479
ROUND 262 A#11 and B#5 = 275.667
ROUND 263 A#12 and B#5 = 321.69
ROUND 264 A#13 and B#5 = 285.525
ROUND 265 A#14 and B#5 = 284.557
ROUND 266 A#15 and B#5 = 337.18
ROUND 267 A#16 and B#5 = 263.371
ROUND 268 A#17 and B#5 = 221.222
ROUND 269 A#18 and B#5 = 321.422
ROUND 270 A#19 and B#5 = 337.394
ROUND 271 A#20 and B#5 = 293.249
ROUND 272 A#21 and B#5 = 297.375
ROUND 273 A#22 and B#5 = 269.962
ROUND 274 A#23 and B#5 = 277.201
ROUND 275 A#24 and B#5 = 271.613
ROUND 276 A#25 and B#5 = 336.501
ROUND 277 A#26 and B#5 = 337.394
ROUND 278 A#27 and B#5 = 271.194
ROUND 279 A#28 and B#5 = 288.009
ROUND 280 A#29 and B#5 = 295.543
ROUND 281 A#30 and B#5 = 320.815
ROUND 282 A#31 and B#5 = 298.091
ROUND 283 A#32 and B#5 = 283.909
ROUND 284 A#33 and B#5 = 289.509
ROUND 285 A#34 and B#5 = 320.596
ROUND 286 A#35 and B#5 = 291.816
ROUND 287 A#36 and B#5 = 320.554
ROUND 288 A#37 and B#5 = 284.611
ROUND 289 A#38 and B#5 = 266.261
ROUND 290 A#39 and B#5 = 271.722
ROUND 291 A#40 and B#5 = 320.286
ROUND 292 A#41 and B#5 = 311.105
ROUND 293 A#42 and B#5 = 278.485
ROUND 294 A#43 and B#5 = 297.154
ROUND 295 A#44 and B#5 = 271.921
ROUND 296 A#45 and B#5 = 299.64
ROUND 297 A#46 and B#5 = 289.094
ROUND 298 A#47 and B#5 = 320.642
ROUND 299 A#48 and B#5 = 289.823
ROUND 300 A#49 and B#5 = 320.407
ROUND 301 A#0 and B#6 = 286.287
ROUND 302 A#1 and B#6 = 283.914
ROUND 303 A#2 and B#6 = 279.988
ROUND 304 A#3 and B#6 = 287.693
ROUND 305 A#4 and B#6 = 282.182
ROUND 306 A#5 and B#6 = 286.512
ROUND 307 A#6 and B#6 = 331.21
ROUND 308 A#7 and B#6 = 282.629
ROUND 309 A#8 and B#6 = 281.899
ROUND 310 A#9 and B#6 = 288.46
ROUND 311 A#10 and B#6 = 259.707
ROUND 312 A#11 and B#6 = 272.954
ROUND 313 A#12 and B#6 = 332.838
ROUND 314 A#13 and B#6 = 287.193
ROUND 315 A#14 and B#6 = 265.312
ROUND 316 A#15 and B#6 = 332.078
ROUND 317 A#16 and B#6 = 285.982
ROUND 318 A#17 and B#6 = 332.155
ROUND 319 A#18 and B#6 = 332.919
ROUND 320 A#19 and B#6 = 332.51
ROUND 321 A#20 and B#6 = 281.48
ROUND 322 A#21 and B#6 = 283.01
ROUND 323 A#22 and B#6 = 242.859
ROUND 324 A#23 and B#6 = 272.777
ROUND 325 A#24 and B#6 = 272.467
ROUND 326 A#25 and B#6 = 332.459
ROUND 327 A#26 and B#6 = 332.664
ROUND 328 A#27 and B#6 = 272.036
ROUND 329 A#28 and B#6 = 281.467
ROUND 330 A#29 and B#6 = 281.363
ROUND 331 A#30 and B#6 = 297.306
ROUND 332 A#31 and B#6 = 283.047
ROUND 333 A#32 and B#6 = 288.632
ROUND 334 A#33 and B#6 = 282.303
ROUND 335 A#34 and B#6 = 292.639
ROUND 336 A#35 and B#6 = 284.45
ROUND 337 A#36 and B#6 = 296.61
ROUND 338 A#37 and B#6 = 265.272
ROUND 339 A#38 and B#6 = 267.761
ROUND 340 A#39 and B#6 = 272.325
ROUND 341 A#40 and B#6 = 292.903
ROUND 342 A#41 and B#6 = 282.678
ROUND 343 A#42 and B#6 = 280.288
ROUND 344 A#43 and B#6 = 283.037
ROUND 345 A#44 and B#6 = 272.961
ROUND 346 A#45 and B#6 = 283.283
ROUND 347 A#46 and B#6 = 282.021
ROUND 348 A#47 and B#6 = 292.489
ROUND 349 A#48 and B#6 = 283.158
ROUND 350 A#49 and B#6 = 292.556
ROUND 351 A#0 and B#7 = 341.993
ROUND 352 A#1 and B#7 = 308.8
ROUND 353 A#2 and B#7 = 304.99
ROUND 354 A#3 and B#7 = 284.383
ROUND 355 A#4 and B#7 = 308.282
ROUND 356 A#5 and B#7 = 344.876
ROUND 357 A#6 and B#7 = 298.376
ROUND 358 A#7 and B#7 = 306.58
ROUND 359 A#8 and B#7 = 307.252
ROUND 360 A#9 and B#7 = 265.781
ROUND 361 A#10 and B#7 = 287.897
ROUND 362 A#11 and B#7 = 286.34
ROUND 363 A#12 and B#7 = 298.362
ROUND 364 A#13 and B#7 = 293.494
ROUND 365 A#14 and B#7 = 288.763
ROUND 366 A#15 and B#7 = 317.87
ROUND 367 A#16 and B#7 = 341.671
ROUND 368 A#17 and B#7 = 299.705
ROUND 369 A#18 and B#7 = 298.657
ROUND 370 A#19 and B#7 = 313.655
ROUND 371 A#20 and B#7 = 305.479
ROUND 372 A#21 and B#7 = 308.102
ROUND 373 A#22 and B#7 = 285.749
ROUND 374 A#23 and B#7 = 30.2488
ROUND 375 A#24 and B#7 = 284.298
ROUND 376 A#25 and B#7 = 312.667
ROUND 377 A#26 and B#7 = 338.591
ROUND 378 A#27 and B#7 = 285.496
ROUND 379 A#28 and B#7 = 299.04
ROUND 380 A#29 and B#7 = 306.88
ROUND 381 A#30 and B#7 = 314.11
ROUND 382 A#31 and B#7 = 315.641
ROUND 383 A#32 and B#7 = 284.551
ROUND 384 A#33 and B#7 = 251.259
ROUND 385 A#34 and B#7 = 316.146
ROUND 386 A#35 and B#7 = 248.624
ROUND 387 A#36 and B#7 = 315.23
ROUND 388 A#37 and B#7 = 293.353
ROUND 389 A#38 and B#7 = 284.464
ROUND 390 A#39 and B#7 = 285.525
ROUND 391 A#40 and B#7 = 337.683
ROUND 392 A#41 and B#7 = 315.558
ROUND 393 A#42 and B#7 = 30.2955
ROUND 394 A#43 and B#7 = 315.586
ROUND 395 A#44 and B#7 = 285.302
ROUND 396 A#45 and B#7 = 284.125
ROUND 397 A#46 and B#7 = 299.19
ROUND 398 A#47 and B#7 = 316.399
ROUND 399 A#48 and B#7 = 252.519
ROUND 400 A#49 and B#7 = 315.064
ROUND 401 A#0 and B#8 = 184.827
ROUND 402 A#1 and B#8 = 287.666
ROUND 403 A#2 and B#8 = 287.809
ROUND 404 A#3 and B#8 = 288.805
ROUND 405 A#4 and B#8 = 287.371
ROUND 406 A#5 and B#8 = 181.715
ROUND 407 A#6 and B#8 = 285.368
ROUND 408 A#7 and B#8 = 287.775
ROUND 409 A#8 and B#8 = 287.086
ROUND 410 A#9 and B#8 = 287.654
ROUND 411 A#10 and B#8 = 288.986
ROUND 412 A#11 and B#8 = 287.395
ROUND 413 A#12 and B#8 = 312.494
ROUND 414 A#13 and B#8 = 82.483
ROUND 415 A#14 and B#8 = 83.2408
ROUND 416 A#15 and B#8 = 317.148
ROUND 417 A#16 and B#8 = 184.954
ROUND 418 A#17 and B#8 = 313.294
ROUND 419 A#18 and B#8 = 310.623
ROUND 420 A#19 and B#8 = 281.109
ROUND 421 A#20 and B#8 = 287.289
ROUND 422 A#21 and B#8 = 287.744
ROUND 423 A#22 and B#8 = 286.468
ROUND 424 A#23 and B#8 = 287.154
ROUND 425 A#24 and B#8 = 288.174
ROUND 426 A#25 and B#8 = 314.002
ROUND 427 A#26 and B#8 = 280.999
ROUND 428 A#27 and B#8 = 287.76
ROUND 429 A#28 and B#8 = 288.801
ROUND 430 A#29 and B#8 = 287.086
ROUND 431 A#30 and B#8 = 286.037
ROUND 432 A#31 and B#8 = 287.12
ROUND 433 A#32 and B#8 = 288.579
ROUND 434 A#33 and B#8 = 288.979
ROUND 435 A#34 and B#8 = 285.874
ROUND 436 A#35 and B#8 = 288.323
ROUND 437 A#36 and B#8 = 286.183
ROUND 438 A#37 and B#8 = 83.248
ROUND 439 A#38 and B#8 = 287.578
ROUND 440 A#39 and B#8 = 287.544
ROUND 441 A#40 and B#8 = 132.15
ROUND 442 A#41 and B#8 = 287.776
ROUND 443 A#42 and B#8 = 287.737
ROUND 444 A#43 and B#8 = 287.279
ROUND 445 A#44 and B#8 = 287.369
ROUND 446 A#45 and B#8 = 287.759
ROUND 447 A#46 and B#8 = 288.848
ROUND 448 A#47 and B#8 = 285.555
ROUND 449 A#48 and B#8 = 288.785
ROUND 450 A#49 and B#8 = 285.427
ROUND 451 A#0 and B#9 = 187.089
ROUND 452 A#1 and B#9 = 288.112
ROUND 453 A#2 and B#9 = 288.106
ROUND 454 A#3 and B#9 = 288.274
ROUND 455 A#4 and B#9 = 286.99
ROUND 456 A#5 and B#9 = 184.31
ROUND 457 A#6 and B#9 = 285.221
ROUND 458 A#7 and B#9 = 288.021
ROUND 459 A#8 and B#9 = 287.683
ROUND 460 A#9 and B#9 = 287.711
ROUND 461 A#10 and B#9 = 285.248
ROUND 462 A#11 and B#9 = 287.302
ROUND 463 A#12 and B#9 = 313.084
ROUND 464 A#13 and B#9 = 282.537
ROUND 465 A#14 and B#9 = 288.405
ROUND 466 A#15 and B#9 = 316.91
ROUND 467 A#16 and B#9 = 187.037
ROUND 468 A#17 and B#9 = 280.316
ROUND 469 A#18 and B#9 = 311.238
ROUND 470 A#19 and B#9 = 281.054
ROUND 471 A#20 and B#9 = 287.124
ROUND 472 A#21 and B#9 = 287.56
ROUND 473 A#22 and B#9 = 286.279
ROUND 474 A#23 and B#9 = 287.859
ROUND 475 A#24 and B#9 = 287.997
ROUND 476 A#25 and B#9 = 314.304
ROUND 477 A#26 and B#9 = 280.843
ROUND 478 A#27 and B#9 = 286.92
ROUND 479 A#28 and B#9 = 288.531
ROUND 480 A#29 and B#9 = 287.07
ROUND 481 A#30 and B#9 = 286.066
ROUND 482 A#31 and B#9 = 287.121
ROUND 483 A#32 and B#9 = 288.27
ROUND 484 A#33 and B#9 = 280.301
ROUND 485 A#34 and B#9 = 285.503
ROUND 486 A#35 and B#9 = 288.236
ROUND 487 A#36 and B#9 = 286.155
ROUND 488 A#37 and B#9 = 288.492
ROUND 489 A#38 and B#9 = 287.688
ROUND 490 A#39 and B#9 = 287.932
ROUND 491 A#40 and B#9 = 134.114
ROUND 492 A#41 and B#9 = 287.465
ROUND 493 A#42 and B#9 = 287.171
ROUND 494 A#43 and B#9 = 287.35
ROUND 495 A#44 and B#9 = 287.586
ROUND 496 A#45 and B#9 = 287.338
ROUND 497 A#46 and B#9 = 288.673
ROUND 498 A#47 and B#9 = 285.471
ROUND 499 A#48 and B#9 = 288.638
ROUND 500 A#49 and B#9 = 285.611
ROUND 501 A#0 and B#10 = 317.145
ROUND 502 A#1 and B#10 = 285.182
ROUND 503 A#2 and B#10 = 284.971
ROUND 504 A#3 and B#10 = 285.466
ROUND 505 A#4 and B#10 = 285.569
ROUND 506 A#5 and B#10 = 318.467
ROUND 507 A#6 and B#10 = 282.275
ROUND 508 A#7 and B#10 = 285.058
ROUND 509 A#8 and B#10 = 285.528
ROUND 510 A#9 and B#10 = 285.833
ROUND 511 A#10 and B#10 = 285.481
ROUND 512 A#11 and B#10 = 285.621
ROUND 513 A#12 and B#10 = 319.183
ROUND 514 A#13 and B#10 = 285.871
ROUND 515 A#14 and B#10 = 285.463
ROUND 516 A#15 and B#10 = 337.368
ROUND 517 A#16 and B#10 = 317.374
ROUND 518 A#17 and B#10 = 336.635
ROUND 519 A#18 and B#10 = 319.383
ROUND 520 A#19 and B#10 = 319.545
ROUND 521 A#20 and B#10 = 285.381
ROUND 522 A#21 and B#10 = 285.216
ROUND 523 A#22 and B#10 = 269.33
ROUND 524 A#23 and B#10 = 284.42
ROUND 525 A#24 and B#10 = 271.195
ROUND 526 A#25 and B#10 = 318.735
ROUND 527 A#26 and B#10 = 319.683
ROUND 528 A#27 and B#10 = 312.37
ROUND 529 A#28 and B#10 = 285.845
ROUND 530 A#29 and B#10 = 285.49
ROUND 531 A#30 and B#10 = 320.821
ROUND 532 A#31 and B#10 = 285.592
ROUND 533 A#32 and B#10 = 285.487
ROUND 534 A#33 and B#10 = 285.533
ROUND 535 A#34 and B#10 = 320.642
ROUND 536 A#35 and B#10 = 285.883
ROUND 537 A#36 and B#10 = 320.584
ROUND 538 A#37 and B#10 = 285.401
ROUND 539 A#38 and B#10 = 335.243
ROUND 540 A#39 and B#10 = 285.65
ROUND 541 A#40 and B#10 = 320.342
ROUND 542 A#41 and B#10 = 285.599
ROUND 543 A#42 and B#10 = 284.925
ROUND 544 A#43 and B#10 = 285.662
ROUND 545 A#44 and B#10 = 271.477
ROUND 546 A#45 and B#10 = 285.197
ROUND 547 A#46 and B#10 = 285.893
ROUND 548 A#47 and B#10 = 320.736
ROUND 549 A#48 and B#10 = 285.468
ROUND 550 A#49 and B#10 = 320.39
ROUND 551 A#0 and B#11 = 341.566
ROUND 552 A#1 and B#11 = 284.449
ROUND 553 A#2 and B#11 = 304.979
ROUND 554 A#3 and B#11 = 284.593
ROUND 555 A#4 and B#11 = 308.325
ROUND 556 A#5 and B#11 = 344.412
ROUND 557 A#6 and B#11 = 279.818
ROUND 558 A#7 and B#11 = 284.09
ROUND 559 A#8 and B#11 = 307.307
ROUND 560 A#9 and B#11 = 264.396
ROUND 561 A#10 and B#11 = 299.831
ROUND 562 A#11 and B#11 = 285.153
ROUND 563 A#12 and B#11 = 338.336
ROUND 564 A#13 and B#11 = 292.851
ROUND 565 A#14 and B#11 = 287.716
ROUND 566 A#15 and B#11 = 317.931
ROUND 567 A#16 and B#11 = 341.154
ROUND 568 A#17 and B#11 = 302.495
ROUND 569 A#18 and B#11 = 338.456
ROUND 570 A#19 and B#11 = 338.569
ROUND 571 A#20 and B#11 = 305.723
ROUND 572 A#21 and B#11 = 284.229
ROUND 573 A#22 and B#11 = 284.282
ROUND 574 A#23 and B#11 = 30.3266
ROUND 575 A#24 and B#11 = 284.166
ROUND 576 A#25 and B#11 = 337.616
ROUND 577 A#26 and B#11 = 338.769
ROUND 578 A#27 and B#11 = 285.658
ROUND 579 A#28 and B#11 = 253.175
ROUND 580 A#29 and B#11 = 306.957
ROUND 581 A#30 and B#11 = 282.425
ROUND 582 A#31 and B#11 = 315.34
ROUND 583 A#32 and B#11 = 284.473
ROUND 584 A#33 and B#11 = 251.615
ROUND 585 A#34 and B#11 = 315.627
ROUND 586 A#35 and B#11 = 249.012
ROUND 587 A#36 and B#11 = 282.685
ROUND 588 A#37 and B#11 = 293.092
ROUND 589 A#38 and B#11 = 284.097
ROUND 590 A#39 and B#11 = 285.623
ROUND 591 A#40 and B#11 = 337.692
ROUND 592 A#41 and B#11 = 315.243
ROUND 593 A#42 and B#11 = 300.302
ROUND 594 A#43 and B#11 = 285.007
ROUND 595 A#44 and B#11 = 285.412
ROUND 596 A#45 and B#11 = 284.125
ROUND 597 A#46 and B#11 = 251.286
ROUND 598 A#47 and B#11 = 315.806
ROUND 599 A#48 and B#11 = 252.788
ROUND 600 A#49 and B#11 = 283.378
ROUND 601 A#0 and B#12 = 94.2747
ROUND 602 A#1 and B#12 = 285.335
ROUND 603 A#2 and B#12 = 284.498
ROUND 604 A#3 and B#12 = 285.158
ROUND 605 A#4 and B#12 = 284.29
ROUND 606 A#5 and B#12 = 91.0811
ROUND 607 A#6 and B#12 = 82.6891
ROUND 608 A#7 and B#12 = 284.869
ROUND 609 A#8 and B#12 = 283.939
ROUND 610 A#9 and B#12 = 284.752
ROUND 611 A#10 and B#12 = 284.849
ROUND 612 A#11 and B#12 = 283.627
ROUND 613 A#12 and B#12 = 82.8355
ROUND 614 A#13 and B#12 = 285.646
ROUND 615 A#14 and B#12 = 285
ROUND 616 A#15 and B#12 = 309.806
ROUND 617 A#16 and B#12 = 89.2603
ROUND 618 A#17 and B#12 = 309.202
ROUND 619 A#18 and B#12 = 82.7318
ROUND 620 A#19 and B#12 = 101.929
ROUND 621 A#20 and B#12 = 283.489
ROUND 622 A#21 and B#12 = 285.245
ROUND 623 A#22 and B#12 = 282.116
ROUND 624 A#23 and B#12 = 295.579
ROUND 625 A#24 and B#12 = 285.166
ROUND 626 A#25 and B#12 = 101.279
ROUND 627 A#26 and B#12 = 101.867
ROUND 628 A#27 and B#12 = 284.057
ROUND 629 A#28 and B#12 = 284.528
ROUND 630 A#29 and B#12 = 283.917
ROUND 631 A#30 and B#12 = 82.8562
ROUND 632 A#31 and B#12 = 292.541
ROUND 633 A#32 and B#12 = 285.514
ROUND 634 A#33 and B#12 = 285.018
ROUND 635 A#34 and B#12 = 83.2903
ROUND 636 A#35 and B#12 = 284.828
ROUND 637 A#36 and B#12 = 82.8487
ROUND 638 A#37 and B#12 = 284.909
ROUND 639 A#38 and B#12 = 284.682
ROUND 640 A#39 and B#12 = 284.182
ROUND 641 A#40 and B#12 = 291.747
ROUND 642 A#41 and B#12 = 293.319
ROUND 643 A#42 and B#12 = 295.711
ROUND 644 A#43 and B#12 = 291.666
ROUND 645 A#44 and B#12 = 284.043
ROUND 646 A#45 and B#12 = 295.675
ROUND 647 A#46 and B#12 = 284.707
ROUND 648 A#47 and B#12 = 83.3394
ROUND 649 A#48 and B#12 = 285.054
ROUND 650 A#49 and B#12 = 83.235
ROUND 651 A#0 and B#13 = 308.155
ROUND 652 A#1 and B#13 = 285.699
ROUND 653 A#2 and B#13 = 285.801
ROUND 654 A#3 and B#13 = 279.347
ROUND 655 A#4 and B#13 = 284.655
ROUND 656 A#5 and B#13 = 285.403
ROUND 657 A#6 and B#13 = 295.481
ROUND 658 A#7 and B#13 = 285.599
ROUND 659 A#8 and B#13 = 285.476
ROUND 660 A#9 and B#13 = 277.578
ROUND 661 A#10 and B#13 = 272.144
ROUND 662 A#11 and B#13 = 285.224
ROUND 663 A#12 and B#13 = 319.767
ROUND 664 A#13 and B#13 = 330.35
ROUND 665 A#14 and B#13 = 270.517
ROUND 666 A#15 and B#13 = 205.787
ROUND 667 A#16 and B#13 = 284.425
ROUND 668 A#17 and B#13 = 207.495
ROUND 669 A#18 and B#13 = 317.894
ROUND 670 A#19 and B#13 = 201.743
ROUND 671 A#20 and B#13 = 285.183
ROUND 672 A#21 and B#13 = 285.837
ROUND 673 A#22 and B#13 = 283.819
ROUND 674 A#23 and B#13 = 285.339
ROUND 675 A#24 and B#13 = 285.777
ROUND 676 A#25 and B#13 = 220.07
ROUND 677 A#26 and B#13 = 203.596
ROUND 678 A#27 and B#13 = 285.468
ROUND 679 A#28 and B#13 = 265.376
ROUND 680 A#29 and B#13 = 285.085
ROUND 681 A#30 and B#13 = 310.481
ROUND 682 A#31 and B#13 = 285.132
ROUND 683 A#32 and B#13 = 275.817
ROUND 684 A#33 and B#13 = 263.519
ROUND 685 A#34 and B#13 = 313.82
ROUND 686 A#35 and B#13 = 260.502
ROUND 687 A#36 and B#13 = 311.934
ROUND 688 A#37 and B#13 = 269.954
ROUND 689 A#38 and B#13 = 285.53
ROUND 690 A#39 and B#13 = 285.239
ROUND 691 A#40 and B#13 = 284.495
ROUND 692 A#41 and B#13 = 285.761
ROUND 693 A#42 and B#13 = 285.66
ROUND 694 A#43 and B#13 = 285.001
ROUND 695 A#44 and B#13 = 285.213
ROUND 696 A#45 and B#13 = 285.792
ROUND 697 A#46 and B#13 = 263.44
ROUND 698 A#47 and B#13 = 314.038
ROUND 699 A#48 and B#13 = 263.912
ROUND 700 A#49 and B#13 = 312.169
ROUND 701 A#0 and B#14 = 318.224
ROUND 702 A#1 and B#14 = 285.256
ROUND 703 A#2 and B#14 = 284.934
ROUND 704 A#3 and B#14 = 285.393
ROUND 705 A#4 and B#14 = 285.618
ROUND 706 A#5 and B#14 = 319.5
ROUND 707 A#6 and B#14 = 296.791
ROUND 708 A#7 and B#14 = 285.031
ROUND 709 A#8 and B#14 = 285.432
ROUND 710 A#9 and B#14 = 285.775
ROUND 711 A#10 and B#14 = 285.403
ROUND 712 A#11 and B#14 = 285.58
ROUND 713 A#12 and B#14 = 319.233
ROUND 714 A#13 and B#14 = 285.815
ROUND 715 A#14 and B#14 = 285.512
ROUND 716 A#15 and B#14 = 263.959
ROUND 717 A#16 and B#14 = 318.489
ROUND 718 A#17 and B#14 = 311.157
ROUND 719 A#18 and B#14 = 319.162
ROUND 720 A#19 and B#14 = 319.413
ROUND 721 A#20 and B#14 = 285.312
ROUND 722 A#21 and B#14 = 285.144
ROUND 723 A#22 and B#14 = 311.182
ROUND 724 A#23 and B#14 = 284.422
ROUND 725 A#24 and B#14 = 285.103
ROUND 726 A#25 and B#14 = 318.614
ROUND 727 A#26 and B#14 = 319.533
ROUND 728 A#27 and B#14 = 285.477
ROUND 729 A#28 and B#14 = 285.774
ROUND 730 A#29 and B#14 = 285.452
ROUND 731 A#30 and B#14 = 320.61
ROUND 732 A#31 and B#14 = 285.569
ROUND 733 A#32 and B#14 = 285.457
ROUND 734 A#33 and B#14 = 285.519
ROUND 735 A#34 and B#14 = 320.432
ROUND 736 A#35 and B#14 = 285.79
ROUND 737 A#36 and B#14 = 320.342
ROUND 738 A#37 and B#14 = 285.357
ROUND 739 A#38 and B#14 = 334.81
ROUND 740 A#39 and B#14 = 285.613
ROUND 741 A#40 and B#14 = 320.192
ROUND 742 A#41 and B#14 = 285.473
ROUND 743 A#42 and B#14 = 284.91
ROUND 744 A#43 and B#14 = 285.665
ROUND 745 A#44 and B#14 = 285.574
ROUND 746 A#45 and B#14 = 285.191
ROUND 747 A#46 and B#14 = 285.807
ROUND 748 A#47 and B#14 = 320.485
ROUND 749 A#48 and B#14 = 285.473
ROUND 750 A#49 and B#14 = 296.986
ROUND 751 A#0 and B#15 = 286.691
ROUND 752 A#1 and B#15 = 282.935
ROUND 753 A#2 and B#15 = 278.862
ROUND 754 A#3 and B#15 = 286.685
ROUND 755 A#4 and B#15 = 281.11
ROUND 756 A#5 and B#15 = 286.501
ROUND 757 A#6 and B#15 = 330.088
ROUND 758 A#7 and B#15 = 281.571
ROUND 759 A#8 and B#15 = 280.816
ROUND 760 A#9 and B#15 = 287.45
ROUND 761 A#10 and B#15 = 259.142
ROUND 762 A#11 and B#15 = 269.783
ROUND 763 A#12 and B#15 = 331.932
ROUND 764 A#13 and B#15 = 287.134
ROUND 765 A#14 and B#15 = 265.646
ROUND 766 A#15 and B#15 = 330.986
ROUND 767 A#16 and B#15 = 286.406
ROUND 768 A#17 and B#15 = 331.227
ROUND 769 A#18 and B#15 = 332.083
ROUND 770 A#19 and B#15 = 331.742
ROUND 771 A#20 and B#15 = 280.432
ROUND 772 A#21 and B#15 = 281.976
ROUND 773 A#22 and B#15 = 268.252
ROUND 774 A#23 and B#15 = 271.083
ROUND 775 A#24 and B#15 = 271.546
ROUND 776 A#25 and B#15 = 331.699
ROUND 777 A#26 and B#15 = 331.72
ROUND 778 A#27 and B#15 = 271.021
ROUND 779 A#28 and B#15 = 281.138
ROUND 780 A#29 and B#15 = 280.268
ROUND 781 A#30 and B#15 = 297.375
ROUND 782 A#31 and B#15 = 281.003
ROUND 783 A#32 and B#15 = 287.639
ROUND 784 A#33 and B#15 = 281.898
ROUND 785 A#34 and B#15 = 292.687
ROUND 786 A#35 and B#15 = 283.974
ROUND 787 A#36 and B#15 = 297.131
ROUND 788 A#37 and B#15 = 265.929
ROUND 789 A#38 and B#15 = 266.15
ROUND 790 A#39 and B#15 = 271.362
ROUND 791 A#40 and B#15 = 293.377
ROUND 792 A#41 and B#15 = 280.661
ROUND 793 A#42 and B#15 = 278.402
ROUND 794 A#43 and B#15 = 280.981
ROUND 795 A#44 and B#15 = 271.888
ROUND 796 A#45 and B#15 = 281.265
ROUND 797 A#46 and B#15 = 281.565
ROUND 798 A#47 and B#15 = 292.803
ROUND 799 A#48 and B#15 = 282.897
ROUND 800 A#49 and B#15 = 292.852
ROUND 801 A#0 and B#16 = 339.953
ROUND 802 A#1 and B#16 = 280.966
ROUND 803 A#2 and B#16 = 299.728
ROUND 804 A#3 and B#16 = 278.98
ROUND 805 A#4 and B#16 = 281.816
ROUND 806 A#5 and B#16 = 332.877
ROUND 807 A#6 and B#16 = 340.178
ROUND 808 A#7 and B#16 = 280.949
ROUND 809 A#8 and B#16 = 301.44
ROUND 810 A#9 and B#16 = 279.559
ROUND 811 A#10 and B#16 = 278.533
ROUND 812 A#11 and B#16 = 281.887
ROUND 813 A#12 and B#16 = 317.644
ROUND 814 A#13 and B#16 = 278.839
ROUND 815 A#14 and B#16 = 277.962
ROUND 816 A#15 and B#16 = 315.718
ROUND 817 A#16 and B#16 = 339.929
ROUND 818 A#17 and B#16 = 340.848
ROUND 819 A#18 and B#16 = 317.666
ROUND 820 A#19 and B#16 = 311.83
ROUND 821 A#20 and B#16 = 300.556
ROUND 822 A#21 and B#16 = 280.92
ROUND 823 A#22 and B#16 = 281.862
ROUND 824 A#23 and B#16 = 280.798
ROUND 825 A#24 and B#16 = 305.035
ROUND 826 A#25 and B#16 = 303.822
ROUND 827 A#26 and B#16 = 313.614
ROUND 828 A#27 and B#16 = 281.711
ROUND 829 A#28 and B#16 = 279.102
ROUND 830 A#29 and B#16 = 301.268
ROUND 831 A#30 and B#16 = 340.935
ROUND 832 A#31 and B#16 = 281.437
ROUND 833 A#32 and B#16 = 278.625
ROUND 834 A#33 and B#16 = 277.868
ROUND 835 A#34 and B#16 = 340.618
ROUND 836 A#35 and B#16 = 277.906
ROUND 837 A#36 and B#16 = 340.799
ROUND 838 A#37 and B#16 = 277.967
ROUND 839 A#38 and B#16 = 279.854
ROUND 840 A#39 and B#16 = 305.341
ROUND 841 A#40 and B#16 = 340.615
ROUND 842 A#41 and B#16 = 281.661
ROUND 843 A#42 and B#16 = 280.801
ROUND 844 A#43 and B#16 = 281.216
ROUND 845 A#44 and B#16 = 305.343
ROUND 846 A#45 and B#16 = 280.452
ROUND 847 A#46 and B#16 = 278.777
ROUND 848 A#47 and B#16 = 340.493
ROUND 849 A#48 and B#16 = 277.661
ROUND 850 A#49 and B#16 = 340.685
ROUND 851 A#0 and B#17 = 290.828
ROUND 852 A#1 and B#17 = 285.234
ROUND 853 A#2 and B#17 = 284.159
ROUND 854 A#3 and B#17 = 285.146
ROUND 855 A#4 and B#17 = 284.146
ROUND 856 A#5 and B#17 = 281.824
ROUND 857 A#6 and B#17 = 83.1844
ROUND 858 A#7 and B#17 = 284.794
ROUND 859 A#8 and B#17 = 283.767
ROUND 860 A#9 and B#17 = 284.782
ROUND 861 A#10 and B#17 = 285.023
ROUND 862 A#11 and B#17 = 283.429
ROUND 863 A#12 and B#17 = 284.766
ROUND 864 A#13 and B#17 = 285.855
ROUND 865 A#14 and B#17 = 284.909
ROUND 866 A#15 and B#17 = 309.147
ROUND 867 A#16 and B#17 = 275.522
ROUND 868 A#17 and B#17 = 331.127
ROUND 869 A#18 and B#17 = 284.561
ROUND 870 A#19 and B#17 = 286.248
ROUND 871 A#20 and B#17 = 283.252
ROUND 872 A#21 and B#17 = 285.162
ROUND 873 A#22 and B#17 = 282.157
ROUND 874 A#23 and B#17 = 281.943
ROUND 875 A#24 and B#17 = 285.165
ROUND 876 A#25 and B#17 = 100.715
ROUND 877 A#26 and B#17 = 246.901
ROUND 878 A#27 and B#17 = 283.876
ROUND 879 A#28 and B#17 = 285.462
ROUND 880 A#29 and B#17 = 283.582
ROUND 881 A#30 and B#17 = 83.1082
ROUND 882 A#31 and B#17 = 32.6557
ROUND 883 A#32 and B#17 = 285.558
ROUND 884 A#33 and B#17 = 285.095
ROUND 885 A#34 and B#17 = 83.4739
ROUND 886 A#35 and B#17 = 285.711
ROUND 887 A#36 and B#17 = 83.1948
ROUND 888 A#37 and B#17 = 284.809
ROUND 889 A#38 and B#17 = 284.669
ROUND 890 A#39 and B#17 = 284.283
ROUND 891 A#40 and B#17 = 287.111
ROUND 892 A#41 and B#17 = 32.5016
ROUND 893 A#42 and B#17 = 280.72
ROUND 894 A#43 and B#17 = 280.427
ROUND 895 A#44 and B#17 = 283.972
ROUND 896 A#45 and B#17 = 280.512
ROUND 897 A#46 and B#17 = 285.746
ROUND 898 A#47 and B#17 = 83.4609
ROUND 899 A#48 and B#17 = 284.964
ROUND 900 A#49 and B#17 = 83.2971
ROUND 901 A#0 and B#18 = 306.347
ROUND 902 A#1 and B#18 = 337.586
ROUND 903 A#2 and B#18 = 337.408
ROUND 904 A#3 and B#18 = 336.32
ROUND 905 A#4 and B#18 = 337.371
ROUND 906 A#5 and B#18 = 308.641
ROUND 907 A#6 and B#18 = 284.542
ROUND 908 A#7 and B#18 = 337.461
ROUND 909 A#8 and B#18 = 337.573
ROUND 910 A#9 and B#18 = 336.122
ROUND 911 A#10 and B#18 = 335.983
ROUND 912 A#11 and B#18 = 239.265
ROUND 913 A#12 and B#18 = 282.486
ROUND 914 A#13 and B#18 = 335.574
ROUND 915 A#14 and B#18 = 335.669
ROUND 916 A#15 and B#18 = 284.95
ROUND 917 A#16 and B#18 = 306.793
ROUND 918 A#17 and B#18 = 284.325
ROUND 919 A#18 and B#18 = 282.936
ROUND 920 A#19 and B#18 = 299.041
ROUND 921 A#20 and B#18 = 337.583
ROUND 922 A#21 and B#18 = 337.403
ROUND 923 A#22 and B#18 = 300.117
ROUND 924 A#23 and B#18 = 306.566
ROUND 925 A#24 and B#18 = 299.581
ROUND 926 A#25 and B#18 = 288.071
ROUND 927 A#26 and B#18 = 299.471
ROUND 928 A#27 and B#18 = 301.083
ROUND 929 A#28 and B#18 = 335.485
ROUND 930 A#29 and B#18 = 337.526
ROUND 931 A#30 and B#18 = 287.201
ROUND 932 A#31 and B#18 = 309.338
ROUND 933 A#32 and B#18 = 336.098
ROUND 934 A#33 and B#18 = 335.009
ROUND 935 A#34 and B#18 = 286.371
ROUND 936 A#35 and B#18 = 333.778
ROUND 937 A#36 and B#18 = 287.113
ROUND 938 A#37 and B#18 = 335.441
ROUND 939 A#38 and B#18 = 150.823
ROUND 940 A#39 and B#18 = 301.492
ROUND 941 A#40 and B#18 = 300.458
ROUND 942 A#41 and B#18 = 309.591
ROUND 943 A#42 and B#18 = 306.876
ROUND 944 A#43 and B#18 = 309.138
ROUND 945 A#44 and B#18 = 301.252
ROUND 946 A#45 and B#18 = 308.977
ROUND 947 A#46 and B#18 = 335.088
ROUND 948 A#47 and B#18 = 286.628
ROUND 949 A#48 and B#18 = 332.731
ROUND 950 A#49 and B#18 = 286.36
ROUND 951 A#0 and B#19 = 285.276
ROUND 952 A#1 and B#19 = 336.44
ROUND 953 A#2 and B#19 = 336.301
ROUND 954 A#3 and B#19 = 335.954
ROUND 955 A#4 and B#19 = 283.112
ROUND 956 A#5 and B#19 = 286.654
ROUND 957 A#6 and B#19 = 287.002
ROUND 958 A#7 and B#19 = 336.435
ROUND 959 A#8 and B#19 = 283.661
ROUND 960 A#9 and B#19 = 335.976
ROUND 961 A#10 and B#19 = 335.324
ROUND 962 A#11 and B#19 = 336.702
ROUND 963 A#12 and B#19 = 282.662
ROUND 964 A#13 and B#19 = 335.144
ROUND 965 A#14 and B#19 = 335.179
ROUND 966 A#15 and B#19 = 265.421
ROUND 967 A#16 and B#19 = 284.827
ROUND 968 A#17 and B#19 = 286.037
ROUND 969 A#18 and B#19 = 280.446
ROUND 970 A#19 and B#19 = 288.3
ROUND 971 A#20 and B#19 = 284.42
ROUND 972 A#21 and B#19 = 336.443
ROUND 973 A#22 and B#19 = 335.471
ROUND 974 A#23 and B#19 = 335.235
ROUND 975 A#24 and B#19 = 336.312
ROUND 976 A#25 and B#19 = 282.181
ROUND 977 A#26 and B#19 = 287.188
ROUND 978 A#27 and B#19 = 336.322
ROUND 979 A#28 and B#19 = 285.005
ROUND 980 A#29 and B#19 = 283.806
ROUND 981 A#30 and B#19 = 266.733
ROUND 982 A#31 and B#19 = 336.376
ROUND 983 A#32 and B#19 = 335.849
ROUND 984 A#33 and B#19 = 285.123
ROUND 985 A#34 and B#19 = 269.855
ROUND 986 A#35 and B#19 = 284.335
ROUND 987 A#36 and B#19 = 268.11
ROUND 988 A#37 and B#19 = 334.979
ROUND 989 A#38 and B#19 = 336.166
ROUND 990 A#39 and B#19 = 336.483
ROUND 991 A#40 and B#19 = 280.431
ROUND 992 A#41 and B#19 = 336.427
ROUND 993 A#42 and B#19 = 336.153
ROUND 994 A#43 and B#19 = 336.168
ROUND 995 A#44 and B#19 = 336.318
ROUND 996 A#45 and B#19 = 336.256
ROUND 997 A#46 and B#19 = 285.22
ROUND 998 A#47 and B#19 = 270.322
ROUND 999 A#48 and B#19 = 284.977
ROUND 1000 A#49 and B#19 = 268.096
ROUND 1001 A#0 and B#20 = 317.174
ROUND 1002 A#1 and B#20 = 285.211
ROUND 1003 A#2 and B#20 = 285.023
ROUND 1004 A#3 and B#20 = 285.398
ROUND 1005 A#4 and B#20 = 285.577
ROUND 1006 A#5 and B#20 = 318.49
ROUND 1007 A#6 and B#20 = 282.3
ROUND 1008 A#7 and B#20 = 285.105
ROUND 1009 A#8 and B#20 = 285.457
ROUND 1010 A#9 and B#20 = 285.854
ROUND 1011 A#10 and B#20 = 285.395
ROUND 1012 A#11 and B#20 = 285.608
ROUND 1013 A#12 and B#20 = 319.386
ROUND 1014 A#13 and B#20 = 285.913
ROUND 1015 A#14 and B#20 = 285.511
ROUND 1016 A#15 and B#20 = 337.38
ROUND 1017 A#16 and B#20 = 317.43
ROUND 1018 A#17 and B#20 = 336.676
ROUND 1019 A#18 and B#20 = 319.365
ROUND 1020 A#19 and B#20 = 319.566
ROUND 1021 A#20 and B#20 = 285.334
ROUND 1022 A#21 and B#20 = 285.19
ROUND 1023 A#22 and B#20 = 269.381
ROUND 1024 A#23 and B#20 = 284.445
ROUND 1025 A#24 and B#20 = 271.279
ROUND 1026 A#25 and B#20 = 318.744
ROUND 1027 A#26 and B#20 = 319.7
ROUND 1028 A#27 and B#20 = 270.819
ROUND 1029 A#28 and B#20 = 285.784
ROUND 1030 A#29 and B#20 = 285.449
ROUND 1031 A#30 and B#20 = 320.84
ROUND 1032 A#31 and B#20 = 285.598
ROUND 1033 A#32 and B#20 = 285.452
ROUND 1034 A#33 and B#20 = 285.517
ROUND 1035 A#34 and B#20 = 320.63
ROUND 1036 A#35 and B#20 = 285.809
ROUND 1037 A#36 and B#20 = 320.622
ROUND 1038 A#37 and B#20 = 285.399
ROUND 1039 A#38 and B#20 = 335.179
ROUND 1040 A#39 and B#20 = 271.343
ROUND 1041 A#40 and B#20 = 320.383
ROUND 1042 A#41 and B#20 = 285.479
ROUND 1043 A#42 and B#20 = 284.907
ROUND 1044 A#43 and B#20 = 285.69
ROUND 1045 A#44 and B#20 = 271.664
ROUND 1046 A#45 and B#20 = 285.183
ROUND 1047 A#46 and B#20 = 285.827
ROUND 1048 A#47 and B#20 = 271.998
ROUND 1049 A#48 and B#20 = 285.442
ROUND 1050 A#49 and B#20 = 320.428
ROUND 1051 A#0 and B#21 = 279.608
ROUND 1052 A#1 and B#21 = 305.49
ROUND 1053 A#2 and B#21 = 307.406
ROUND 1054 A#3 and B#21 = 245.657
ROUND 1055 A#4 and B#21 = 306.797
ROUND 1056 A#5 and B#21 = 279.636
ROUND 1057 A#6 and B#21 = 329.659
ROUND 1058 A#7 and B#21 = 306.688
ROUND 1059 A#8 and B#21 = 307.505
ROUND 1060 A#9 and B#21 = 243.211
ROUND 1061 A#10 and B#21 = 262.548
ROUND 1062 A#11 and B#21 = 254.891
ROUND 1063 A#12 and B#21 = 250.697
ROUND 1064 A#13 and B#21 = 261.885
ROUND 1065 A#14 and B#21 = 262.17
ROUND 1066 A#15 and B#21 = 266.973
ROUND 1067 A#16 and B#21 = 279.141
ROUND 1068 A#17 and B#21 = 286.854
ROUND 1069 A#18 and B#21 = 251.997
ROUND 1070 A#19 and B#21 = 288.089
ROUND 1071 A#20 and B#21 = 308.024
ROUND 1072 A#21 and B#21 = 305.919
ROUND 1073 A#22 and B#21 = 329.925
ROUND 1074 A#23 and B#21 = 251.785
ROUND 1075 A#24 and B#21 = 332.832
ROUND 1076 A#25 and B#21 = 287.672
ROUND 1077 A#26 and B#21 = 288.548
ROUND 1078 A#27 and B#21 = 332.882
ROUND 1079 A#28 and B#21 = 277.495
ROUND 1080 A#29 and B#21 = 307.54
ROUND 1081 A#30 and B#21 = 343.99
ROUND 1082 A#31 and B#21 = 235.061
ROUND 1083 A#32 and B#21 = 242.58
ROUND 1084 A#33 and B#21 = 278.819
ROUND 1085 A#34 and B#21 = 345.3
ROUND 1086 A#35 and B#21 = 280.516
ROUND 1087 A#36 and B#21 = 345.03
ROUND 1088 A#37 and B#21 = 261.937
ROUND 1089 A#38 and B#21 = 284.783
ROUND 1090 A#39 and B#21 = 332.825
ROUND 1091 A#40 and B#21 = 330.408
ROUND 1092 A#41 and B#21 = 238.348
ROUND 1093 A#42 and B#21 = 244.264
ROUND 1094 A#43 and B#21 = 231.789
ROUND 1095 A#44 and B#21 = 333.142
ROUND 1096 A#45 and B#21 = 235.061
ROUND 1097 A#46 and B#21 = 278.402
ROUND 1098 A#47 and B#21 = 345.42
ROUND 1099 A#48 and B#21 = 279.028
ROUND 1100 A#49 and B#21 = 344.582
ROUND 1101 A#0 and B#22 = 315.509
ROUND 1102 A#1 and B#22 = 307.721
ROUND 1103 A#2 and B#22 = 287.632
ROUND 1104 A#3 and B#22 = 246.179
ROUND 1105 A#4 and B#22 = 289.28
ROUND 1106 A#5 and B#22 = 313.528
ROUND 1107 A#6 and B#22 = 306.826
ROUND 1108 A#7 and B#22 = 288.506
ROUND 1109 A#8 and B#22 = 289.218
ROUND 1110 A#9 and B#22 = 244.985
ROUND 1111 A#10 and B#22 = 284.29
ROUND 1112 A#11 and B#22 = 274.974
ROUND 1113 A#12 and B#22 = 298.733
ROUND 1114 A#13 and B#22 = 252.718
ROUND 1115 A#14 and B#22 = 284.538
ROUND 1116 A#15 and B#22 = 308.762
ROUND 1117 A#16 and B#22 = 315.9
ROUND 1118 A#17 and B#22 = 312.365
ROUND 1119 A#18 and B#22 = 298.774
ROUND 1120 A#19 and B#22 = 309.179
ROUND 1121 A#20 and B#22 = 289.529
ROUND 1122 A#21 and B#22 = 307.637
ROUND 1123 A#22 and B#22 = 306.244
ROUND 1124 A#23 and B#22 = 283.285
ROUND 1125 A#24 and B#22 = 310.507
ROUND 1126 A#25 and B#22 = 317.94
ROUND 1127 A#26 and B#22 = 309.315
ROUND 1128 A#27 and B#22 = 270.868
ROUND 1129 A#28 and B#22 = 287.987
ROUND 1130 A#29 and B#22 = 289.028
ROUND 1131 A#30 and B#22 = 306.001
ROUND 1132 A#31 and B#22 = 291.86
ROUND 1133 A#32 and B#22 = 244.609
ROUND 1134 A#33 and B#22 = 284.421
ROUND 1135 A#34 and B#22 = 305.324
ROUND 1136 A#35 and B#22 = 285.27
ROUND 1137 A#36 and B#22 = 305.461
ROUND 1138 A#37 and B#22 = 284.514
ROUND 1139 A#38 and B#22 = 284.133
ROUND 1140 A#39 and B#22 = 270.446
ROUND 1141 A#40 and B#22 = 306.228
ROUND 1142 A#41 and B#22 = 291.749
ROUND 1143 A#42 and B#22 = 288.985
ROUND 1144 A#43 and B#22 = 292.49
ROUND 1145 A#44 and B#22 = 269.981
ROUND 1146 A#45 and B#22 = 232.886
ROUND 1147 A#46 and B#22 = 287.618
ROUND 1148 A#47 and B#22 = 305.178
ROUND 1149 A#48 and B#22 = 284.613
ROUND 1150 A#49 and B#22 = 305.321
ROUND 1151 A#0 and B#23 = 325.33
ROUND 1152 A#1 and B#23 = 305.89
ROUND 1153 A#2 and B#23 = 303.793
ROUND 1154 A#3 and B#23 = 280.638
ROUND 1155 A#4 and B#23 = 305.68
ROUND 1156 A#5 and B#23 = 324.102
ROUND 1157 A#6 and B#23 = 278.381
ROUND 1158 A#7 and B#23 = 304.698
ROUND 1159 A#8 and B#23 = 305.28
ROUND 1160 A#9 and B#23 = 281.968
ROUND 1161 A#10 and B#23 = 280.512
ROUND 1162 A#11 and B#23 = 276.638
ROUND 1163 A#12 and B#23 = 323.508
ROUND 1164 A#13 and B#23 = 281.442
ROUND 1165 A#14 and B#23 = 280.264
ROUND 1166 A#15 and B#23 = 316.543
ROUND 1167 A#16 and B#23 = 325.391
ROUND 1168 A#17 and B#23 = 316.539
ROUND 1169 A#18 and B#23 = 324.241
ROUND 1170 A#19 and B#23 = 320.29
ROUND 1171 A#20 and B#23 = 304.512
ROUND 1172 A#21 and B#23 = 281.298
ROUND 1173 A#22 and B#23 = 282.472
ROUND 1174 A#23 and B#23 = 281.542
ROUND 1175 A#24 and B#23 = 281.356
ROUND 1176 A#25 and B#23 = 326.189
ROUND 1177 A#26 and B#23 = 320.344
ROUND 1178 A#27 and B#23 = 282.583
ROUND 1179 A#28 and B#23 = 287.482
ROUND 1180 A#29 and B#23 = 305.134
ROUND 1181 A#30 and B#23 = 319.487
ROUND 1182 A#31 and B#23 = 283.311
ROUND 1183 A#32 and B#23 = 280.522
ROUND 1184 A#33 and B#23 = 287.763
ROUND 1185 A#34 and B#23 = 319.26
ROUND 1186 A#35 and B#23 = 285.933
ROUND 1187 A#36 and B#23 = 319.314
ROUND 1188 A#37 and B#23 = 280.234
ROUND 1189 A#38 and B#23 = 280.835
ROUND 1190 A#39 and B#23 = 307.14
ROUND 1191 A#40 and B#23 = 319.528
ROUND 1192 A#41 and B#23 = 283.112
ROUND 1193 A#42 and B#23 = 281.668
ROUND 1194 A#43 and B#23 = 283.62
ROUND 1195 A#44 and B#23 = 282.481
ROUND 1196 A#45 and B#23 = 281.999
ROUND 1197 A#46 and B#23 = 287.133
ROUND 1198 A#47 and B#23 = 319.33
ROUND 1199 A#48 and B#23 = 280.133
ROUND 1200 A#49 and B#23 = 319.168
ROUND 1201 A#0 and B#24 = 340.574
ROUND 1202 A#1 and B#24 = 284.297
ROUND 1203 A#2 and B#24 = 305.422
ROUND 1204 A#3 and B#24 = 265.197
ROUND 1205 A#4 and B#24 = 308.68
ROUND 1206 A#5 and B#24 = 343.491
ROUND 1207 A#6 and B#24 = 280.05
ROUND 1208 A#7 and B#24 = 284.316
ROUND 1209 A#8 and B#24 = 307.639
ROUND 1210 A#9 and B#24 = 262.726
ROUND 1211 A#10 and B#24 = 286.444
ROUND 1212 A#11 and B#24 = 285.124
ROUND 1213 A#12 and B#24 = 338.385
ROUND 1214 A#13 and B#24 = 287.211
ROUND 1215 A#14 and B#24 = 286.992
ROUND 1216 A#15 and B#24 = 317.86
ROUND 1217 A#16 and B#24 = 340.21
ROUND 1218 A#17 and B#24 = 300.658
ROUND 1219 A#18 and B#24 = 338.377
ROUND 1220 A#19 and B#24 = 338.628
ROUND 1221 A#20 and B#24 = 306.114
ROUND 1222 A#21 and B#24 = 284.119
ROUND 1223 A#22 and B#24 = 285.89
ROUND 1224 A#23 and B#24 = 283.239
ROUND 1225 A#24 and B#24 = 284.544
ROUND 1226 A#25 and B#24 = 337.597
ROUND 1227 A#26 and B#24 = 338.613
ROUND 1228 A#27 and B#24 = 285.672
ROUND 1229 A#28 and B#24 = 286.993
ROUND 1230 A#29 and B#24 = 307.268
ROUND 1231 A#30 and B#24 = 282.854
ROUND 1232 A#31 and B#24 = 284.988
ROUND 1233 A#32 and B#24 = 284.597
ROUND 1234 A#33 and B#24 = 286.316
ROUND 1235 A#34 and B#24 = 317.13
ROUND 1236 A#35 and B#24 = 247.769
ROUND 1237 A#36 and B#24 = 316.208
ROUND 1238 A#37 and B#24 = 287.832
ROUND 1239 A#38 and B#24 = 284.043
ROUND 1240 A#39 and B#24 = 285.575
ROUND 1241 A#40 and B#24 = 337.68
ROUND 1242 A#41 and B#24 = 284.803
ROUND 1243 A#42 and B#24 = 283.829
ROUND 1244 A#43 and B#24 = 284.925
ROUND 1245 A#44 and B#24 = 285.53
ROUND 1246 A#45 and B#24 = 284.317
ROUND 1247 A#46 and B#24 = 250.017
ROUND 1248 A#47 and B#24 = 317.374
ROUND 1249 A#48 and B#24 = 251.444
ROUND 1250 A#49 and B#24 = 316.114
ROUND 1251 A#0 and B#25 = 340.678
ROUND 1252 A#1 and B#25 = 284.225
ROUND 1253 A#2 and B#25 = 305.373
ROUND 1254 A#3 and B#25 = 265.376
ROUND 1255 A#4 and B#25 = 308.739
ROUND 1256 A#5 and B#25 = 343.594
ROUND 1257 A#6 and B#25 = 280.106
ROUND 1258 A#7 and B#25 = 284.385
ROUND 1259 A#8 and B#25 = 307.673
ROUND 1260 A#9 and B#25 = 262.948
ROUND 1261 A#10 and B#25 = 300.491
ROUND 1262 A#11 and B#25 = 284.969
ROUND 1263 A#12 and B#25 = 338.336
ROUND 1264 A#13 and B#25 = 287.632
ROUND 1265 A#14 and B#25 = 286.684
ROUND 1266 A#15 and B#25 = 317.886
ROUND 1267 A#16 and B#25 = 340.314
ROUND 1268 A#17 and B#25 = 300.7
ROUND 1269 A#18 and B#25 = 338.363
ROUND 1270 A#19 and B#25 = 338.567
ROUND 1271 A#20 and B#25 = 306.033
ROUND 1272 A#21 and B#25 = 284.184
ROUND 1273 A#22 and B#25 = 285.946
ROUND 1274 A#23 and B#25 = 283.289
ROUND 1275 A#24 and B#25 = 284.564
ROUND 1276 A#25 and B#25 = 337.611
ROUND 1277 A#26 and B#25 = 338.624
ROUND 1278 A#27 and B#25 = 285.571
ROUND 1279 A#28 and B#25 = 289.297
ROUND 1280 A#29 and B#25 = 307.286
ROUND 1281 A#30 and B#25 = 282.754
ROUND 1282 A#31 and B#25 = 285.515
ROUND 1283 A#32 and B#25 = 284.612
ROUND 1284 A#33 and B#25 = 286.278
ROUND 1285 A#34 and B#25 = 316.909
ROUND 1286 A#35 and B#25 = 248.085
ROUND 1287 A#36 and B#25 = 315.962
ROUND 1288 A#37 and B#25 = 286.926
ROUND 1289 A#38 and B#25 = 284.097
ROUND 1290 A#39 and B#25 = 285.598
ROUND 1291 A#40 and B#25 = 337.776
ROUND 1292 A#41 and B#25 = 284.873
ROUND 1293 A#42 and B#25 = 283.817
ROUND 1294 A#43 and B#25 = 285.054
ROUND 1295 A#44 and B#25 = 285.545
ROUND 1296 A#45 and B#25 = 284.427
ROUND 1297 A#46 and B#25 = 250.386
ROUND 1298 A#47 and B#25 = 317.066
ROUND 1299 A#48 and B#25 = 251.775
ROUND 1300 A#49 and B#25 = 315.774
ROUND 1301 A#0 and B#26 = 277.871
ROUND 1302 A#1 and B#26 = 262.734
ROUND 1303 A#2 and B#26 = 259
ROUND 1304 A#3 and B#26 = 284.536
ROUND 1305 A#4 and B#26 = 261.122
ROUND 1306 A#5 and B#26 = 278.343
ROUND 1307 A#6 and B#26 = 305.88
ROUND 1308 A#7 and B#26 = 260.581
ROUND 1309 A#8 and B#26 = 260.056
ROUND 1310 A#9 and B#26 = 285.621
ROUND 1311 A#10 and B#26 = 284.555
ROUND 1312 A#11 and B#26 = 330.793
ROUND 1313 A#12 and B#26 = 316.293
ROUND 1314 A#13 and B#26 = 285.436
ROUND 1315 A#14 and B#26 = 284.547
ROUND 1316 A#15 and B#26 = 215.892
ROUND 1317 A#16 and B#26 = 277.345
ROUND 1318 A#17 and B#26 = 279.963
ROUND 1319 A#18 and B#26 = 315.743
ROUND 1320 A#19 and B#26 = 217.864
ROUND 1321 A#20 and B#26 = 258.67
ROUND 1322 A#21 and B#26 = 262.272
ROUND 1323 A#22 and B#26 = 282.463
ROUND 1324 A#23 and B#26 = 252.428
ROUND 1325 A#24 and B#26 = 330.468
ROUND 1326 A#25 and B#26 = 216.491
ROUND 1327 A#26 and B#26 = 283.161
ROUND 1328 A#27 and B#26 = 330.388
ROUND 1329 A#28 and B#26 = 254.029
ROUND 1330 A#29 and B#26 = 259.799
ROUND 1331 A#30 and B#26 = 316.834
ROUND 1332 A#31 and B#26 = 287.183
ROUND 1333 A#32 and B#26 = 292.753
ROUND 1334 A#33 and B#26 = 255.443
ROUND 1335 A#34 and B#26 = 316.329
ROUND 1336 A#35 and B#26 = 256.143
ROUND 1337 A#36 and B#26 = 316.36
ROUND 1338 A#37 and B#26 = 284.622
ROUND 1339 A#38 and B#26 = 330.829
ROUND 1340 A#39 and B#26 = 330.498
ROUND 1341 A#40 and B#26 = 294.483
ROUND 1342 A#41 and B#26 = 287.543
ROUND 1343 A#42 and B#26 = 252.808
ROUND 1344 A#43 and B#26 = 286.576
ROUND 1345 A#44 and B#26 = 330.806
ROUND 1346 A#45 and B#26 = 286.437
ROUND 1347 A#46 and B#26 = 254.502
ROUND 1348 A#47 and B#26 = 316.332
ROUND 1349 A#48 and B#26 = 255.682
ROUND 1350 A#49 and B#26 = 316.214
ROUND 1351 A#0 and B#27 = 270.197
ROUND 1352 A#1 and B#27 = 286.666
ROUND 1353 A#2 and B#27 = 286.88
ROUND 1354 A#3 and B#27 = 328.818
ROUND 1355 A#4 and B#27 = 286.227
ROUND 1356 A#5 and B#27 = 270.698
ROUND 1357 A#6 and B#27 = 326.29
ROUND 1358 A#7 and B#27 = 286.778
ROUND 1359 A#8 and B#27 = 286.389
ROUND 1360 A#9 and B#27 = 328.73
ROUND 1361 A#10 and B#27 = 293.816
ROUND 1362 A#11 and B#27 = 331.654
ROUND 1363 A#12 and B#27 = 272.218
ROUND 1364 A#13 and B#27 = 327.43
ROUND 1365 A#14 and B#27 = 327.297
ROUND 1366 A#15 and B#27 = 266.243
ROUND 1367 A#16 and B#27 = 269.919
ROUND 1368 A#17 and B#27 = 295.931
ROUND 1369 A#18 and B#27 = 270.615
ROUND 1370 A#19 and B#27 = 287.169
ROUND 1371 A#20 and B#27 = 286.562
ROUND 1372 A#21 and B#27 = 286.599
ROUND 1373 A#22 and B#27 = 330.804
ROUND 1374 A#23 and B#27 = 330.914
ROUND 1375 A#24 and B#27 = 331.159
ROUND 1376 A#25 and B#27 = 277.34
ROUND 1377 A#26 and B#27 = 286.595
ROUND 1378 A#27 and B#27 = 331.121
ROUND 1379 A#28 and B#27 = 297.928
ROUND 1380 A#29 and B#27 = 286.513
ROUND 1381 A#30 and B#27 = 269.673
ROUND 1382 A#31 and B#27 = 330.602
ROUND 1383 A#32 and B#27 = 328.602
ROUND 1384 A#33 and B#27 = 293.642
ROUND 1385 A#34 and B#27 = 272.341
ROUND 1386 A#35 and B#27 = 297.22
ROUND 1387 A#36 and B#27 = 270.618
ROUND 1388 A#37 and B#27 = 327.198
ROUND 1389 A#38 and B#27 = 330.289
ROUND 1390 A#39 and B#27 = 331.341
ROUND 1391 A#40 and B#27 = 287.863
ROUND 1392 A#41 and B#27 = 330.95
ROUND 1393 A#42 and B#27 = 331.163
ROUND 1394 A#43 and B#27 = 330.108
ROUND 1395 A#44 and B#27 = 330.986
ROUND 1396 A#45 and B#27 = 330.438
ROUND 1397 A#46 and B#27 = 297.819
ROUND 1398 A#47 and B#27 = 272.139
ROUND 1399 A#48 and B#27 = 293.027
ROUND 1400 A#49 and B#27 = 271.006
ROUND 1401 A#0 and B#28 = 282.688
ROUND 1402 A#1 and B#28 = 286.241
ROUND 1403 A#2 and B#28 = 285.747
ROUND 1404 A#3 and B#28 = 318.579
ROUND 1405 A#4 and B#28 = 285.592
ROUND 1406 A#5 and B#28 = 282.737
ROUND 1407 A#6 and B#28 = 307.294
ROUND 1408 A#7 and B#28 = 285.833
ROUND 1409 A#8 and B#28 = 285.643
ROUND 1410 A#9 and B#28 = 321.737
ROUND 1411 A#10 and B#28 = 280.785
ROUND 1412 A#11 and B#28 = 285.906
ROUND 1413 A#12 and B#28 = 328.634
ROUND 1414 A#13 and B#28 = 278.579
ROUND 1415 A#14 and B#28 = 279.162
ROUND 1416 A#15 and B#28 = 289.329
ROUND 1417 A#16 and B#28 = 281.953
ROUND 1418 A#17 and B#28 = 290.309
ROUND 1419 A#18 and B#28 = 326.372
ROUND 1420 A#19 and B#28 = 332.134
ROUND 1421 A#20 and B#28 = 285.498
ROUND 1422 A#21 and B#28 = 286.364
ROUND 1423 A#22 and B#28 = 284.255
ROUND 1424 A#23 and B#28 = 285.532
ROUND 1425 A#24 and B#28 = 285.754
ROUND 1426 A#25 and B#28 = 329.045
ROUND 1427 A#26 and B#28 = 331.173
ROUND 1428 A#27 and B#28 = 285.236
ROUND 1429 A#28 and B#28 = 272.632
ROUND 1430 A#29 and B#28 = 285.457
ROUND 1431 A#30 and B#28 = 300.996
ROUND 1432 A#31 and B#28 = 285.603
ROUND 1433 A#32 and B#28 = 320.907
ROUND 1434 A#33 and B#28 = 270.795
ROUND 1435 A#34 and B#28 = 301.1
ROUND 1436 A#35 and B#28 = 267.704
ROUND 1437 A#36 and B#28 = 300.668
ROUND 1438 A#37 and B#28 = 278.763
ROUND 1439 A#38 and B#28 = 286.293
ROUND 1440 A#39 and B#28 = 285.296
ROUND 1441 A#40 and B#28 = 298.897
ROUND 1442 A#41 and B#28 = 285.829
ROUND 1443 A#42 and B#28 = 286.25
ROUND 1444 A#43 and B#28 = 285.448
ROUND 1445 A#44 and B#28 = 285.078
ROUND 1446 A#45 and B#28 = 285.959
ROUND 1447 A#46 and B#28 = 271.073
ROUND 1448 A#47 and B#28 = 300.81
ROUND 1449 A#48 and B#28 = 271.237
ROUND 1450 A#49 and B#28 = 301.247
ROUND 1451 A#0 and B#29 = 183.999
ROUND 1452 A#1 and B#29 = 287.745
ROUND 1453 A#2 and B#29 = 288.066
ROUND 1454 A#3 and B#29 = 288.391
ROUND 1455 A#4 and B#29 = 287.311
ROUND 1456 A#5 and B#29 = 180.847
ROUND 1457 A#6 and B#29 = 285.384
ROUND 1458 A#7 and B#29 = 287.683
ROUND 1459 A#8 and B#29 = 287.342
ROUND 1460 A#9 and B#29 = 288.012
ROUND 1461 A#10 and B#29 = 289.12
ROUND 1462 A#11 and B#29 = 287.424
ROUND 1463 A#12 and B#29 = 311.57
ROUND 1464 A#13 and B#29 = 82.8591
ROUND 1465 A#14 and B#29 = 288.48
ROUND 1466 A#15 and B#29 = 316.447
ROUND 1467 A#16 and B#29 = 183.901
ROUND 1468 A#17 and B#29 = 281.19
ROUND 1469 A#18 and B#29 = 309.687
ROUND 1470 A#19 and B#29 = 280.948
ROUND 1471 A#20 and B#29 = 286.86
ROUND 1472 A#21 and B#29 = 287.833
ROUND 1473 A#22 and B#29 = 286.417
ROUND 1474 A#23 and B#29 = 287.468
ROUND 1475 A#24 and B#29 = 288.288
ROUND 1476 A#25 and B#29 = 313.349
ROUND 1477 A#26 and B#29 = 281.095
ROUND 1478 A#27 and B#29 = 287.037
ROUND 1479 A#28 and B#29 = 288.647
ROUND 1480 A#29 and B#29 = 287.228
ROUND 1481 A#30 and B#29 = 286.075
ROUND 1482 A#31 and B#29 = 287.198
ROUND 1483 A#32 and B#29 = 288.527
ROUND 1484 A#33 and B#29 = 289.161
ROUND 1485 A#34 and B#29 = 285.522
ROUND 1486 A#35 and B#29 = 288.358
ROUND 1487 A#36 and B#29 = 286.166
ROUND 1488 A#37 and B#29 = 83.5223
ROUND 1489 A#38 and B#29 = 287.94
ROUND 1490 A#39 and B#29 = 287.592
ROUND 1491 A#40 and B#29 = 285.591
ROUND 1492 A#41 and B#29 = 287.443
ROUND 1493 A#42 and B#29 = 287.545
ROUND 1494 A#43 and B#29 = 287.559
ROUND 1495 A#44 and B#29 = 287.388
ROUND 1496 A#45 and B#29 = 287.581
ROUND 1497 A#46 and B#29 = 288.596
ROUND 1498 A#47 and B#29 = 285.551
ROUND 1499 A#48 and B#29 = 288.832
ROUND 1500 A#49 and B#29 = 285.864
ROUND 1501 A#0 and B#30 = 291.022
ROUND 1502 A#1 and B#30 = 285.274
ROUND 1503 A#2 and B#30 = 284.151
ROUND 1504 A#3 and B#30 = 285.19
ROUND 1505 A#4 and B#30 = 284.114
ROUND 1506 A#5 and B#30 = 280.741
ROUND 1507 A#6 and B#30 = 83.1633
ROUND 1508 A#7 and B#30 = 284.816
ROUND 1509 A#8 and B#30 = 283.685
ROUND 1510 A#9 and B#30 = 284.279
ROUND 1511 A#10 and B#30 = 284.871
ROUND 1512 A#11 and B#30 = 283.5
ROUND 1513 A#12 and B#30 = 284.616
ROUND 1514 A#13 and B#30 = 285.902
ROUND 1515 A#14 and B#30 = 284.98
ROUND 1516 A#15 and B#30 = 309.695
ROUND 1517 A#16 and B#30 = 279.335
ROUND 1518 A#17 and B#30 = 331.467
ROUND 1519 A#18 and B#30 = 284.513
ROUND 1520 A#19 and B#30 = 101.563
ROUND 1521 A#20 and B#30 = 283.301
ROUND 1522 A#21 and B#30 = 285.188
ROUND 1523 A#22 and B#30 = 282.128
ROUND 1524 A#23 and B#30 = 281.935
ROUND 1525 A#24 and B#30 = 285.141
ROUND 1526 A#25 and B#30 = 100.925
ROUND 1527 A#26 and B#30 = 280.496
ROUND 1528 A#27 and B#30 = 283.842
ROUND 1529 A#28 and B#30 = 306.982
ROUND 1530 A#29 and B#30 = 283.625
ROUND 1531 A#30 and B#30 = 83.0409
ROUND 1532 A#31 and B#30 = 280.554
ROUND 1533 A#32 and B#30 = 285.602
ROUND 1534 A#33 and B#30 = 306.885
ROUND 1535 A#34 and B#30 = 83.4006
ROUND 1536 A#35 and B#30 = 306.922
ROUND 1537 A#36 and B#30 = 83.1218
ROUND 1538 A#37 and B#30 = 284.849
ROUND 1539 A#38 and B#30 = 284.682
ROUND 1540 A#39 and B#30 = 283.949
ROUND 1541 A#40 and B#30 = 292.158
ROUND 1542 A#41 and B#30 = 280.567
ROUND 1543 A#42 and B#30 = 280.69
ROUND 1544 A#43 and B#30 = 280.442
ROUND 1545 A#44 and B#30 = 284.037
ROUND 1546 A#45 and B#30 = 32.8462
ROUND 1547 A#46 and B#30 = 285.663
ROUND 1548 A#47 and B#30 = 83.4243
ROUND 1549 A#48 and B#30 = 285.044
ROUND 1550 A#49 and B#30 = 83.2624
ROUND 1551 A#0 and B#31 = 325.44
ROUND 1552 A#1 and B#31 = 37.0475
ROUND 1553 A#2 and B#31 = 26.3356
ROUND 1554 A#3 and B#31 = 74.3033
ROUND 1555 A#4 and B#31 = 53.2129
ROUND 1556 A#5 and B#31 = 324.227
ROUND 1557 A#6 and B#31 = 277.872
ROUND 1558 A#7 and B#31 = 26.0965
ROUND 1559 A#8 and B#31 = 26.1094
ROUND 1560 A#9 and B#31 = 58.7003
ROUND 1561 A#10 and B#31 = 279.793
ROUND 1562 A#11 and B#31 = 277.158
ROUND 1563 A#12 and B#31 = 323.508
ROUND 1564 A#13 and B#31 = 280.774
ROUND 1565 A#14 and B#31 = 279.577
ROUND 1566 A#15 and B#31 = 316.574
ROUND 1567 A#16 and B#31 = 325.621
ROUND 1568 A#17 and B#31 = 316.3
ROUND 1569 A#18 and B#31 = 324.504
ROUND 1570 A#19 and B#31 = 320.046
ROUND 1571 A#20 and B#31 = 37.3568
ROUND 1572 A#21 and B#31 = 53.3934
ROUND 1573 A#22 and B#31 = 282.141
ROUND 1574 A#23 and B#31 = 278.509
ROUND 1575 A#24 and B#31 = 278.168
ROUND 1576 A#25 and B#31 = 326.11
ROUND 1577 A#26 and B#31 = 320.087
ROUND 1578 A#27 and B#31 = 277.79
ROUND 1579 A#28 and B#31 = 287.437
ROUND 1580 A#29 and B#31 = 53.2526
ROUND 1581 A#30 and B#31 = 319.813
ROUND 1582 A#31 and B#31 = 277.757
ROUND 1583 A#32 and B#31 = 74.4681
ROUND 1584 A#33 and B#31 = 287.745
ROUND 1585 A#34 and B#31 = 319.499
ROUND 1586 A#35 and B#31 = 285.984
ROUND 1587 A#36 and B#31 = 319.56
ROUND 1588 A#37 and B#31 = 279.565
ROUND 1589 A#38 and B#31 = 280.294
ROUND 1590 A#39 and B#31 = 278.137
ROUND 1591 A#40 and B#31 = 319.721
ROUND 1592 A#41 and B#31 = 54.6638
ROUND 1593 A#42 and B#31 = 278.35
ROUND 1594 A#43 and B#31 = 277.478
ROUND 1595 A#44 and B#31 = 277.804
ROUND 1596 A#45 and B#31 = 277.832
ROUND 1597 A#46 and B#31 = 287.119
ROUND 1598 A#47 and B#31 = 319.57
ROUND 1599 A#48 and B#31 = 287.557
ROUND 1600 A#49 and B#31 = 319.248
ROUND 1601 A#0 and B#32 = 291.065
ROUND 1602 A#1 and B#32 = 285.266
ROUND 1603 A#2 and B#32 = 284.235
ROUND 1604 A#3 and B#32 = 285.217
ROUND 1605 A#4 and B#32 = 284.132
ROUND 1606 A#5 and B#32 = 280.173
ROUND 1607 A#6 and B#32 = 83.1843
ROUND 1608 A#7 and B#32 = 284.822
ROUND 1609 A#8 and B#32 = 283.725
ROUND 1610 A#9 and B#32 = 284.228
ROUND 1611 A#10 and B#32 = 284.942
ROUND 1612 A#11 and B#32 = 283.699
ROUND 1613 A#12 and B#32 = 287.091
ROUND 1614 A#13 and B#32 = 285.661
ROUND 1615 A#14 and B#32 = 284.872
ROUND 1616 A#15 and B#32 = 309.769
ROUND 1617 A#16 and B#32 = 278.831
ROUND 1618 A#17 and B#32 = 331.577
ROUND 1619 A#18 and B#32 = 286.953
ROUND 1620 A#19 and B#32 = 101.818
ROUND 1621 A#20 and B#32 = 283.295
ROUND 1622 A#21 and B#32 = 285.184
ROUND 1623 A#22 and B#32 = 282.142
ROUND 1624 A#23 and B#32 = 282.011
ROUND 1625 A#24 and B#32 = 285.244
ROUND 1626 A#25 and B#32 = 101.187
ROUND 1627 A#26 and B#32 = 245.86
ROUND 1628 A#27 and B#32 = 283.792
ROUND 1629 A#28 and B#32 = 306.726
ROUND 1630 A#29 and B#32 = 283.703
ROUND 1631 A#30 and B#32 = 83.1333
ROUND 1632 A#31 and B#32 = 280.49
ROUND 1633 A#32 and B#32 = 285.632
ROUND 1634 A#33 and B#32 = 285.057
ROUND 1635 A#34 and B#32 = 83.5036
ROUND 1636 A#35 and B#32 = 306.692
ROUND 1637 A#36 and B#32 = 83.2246
ROUND 1638 A#37 and B#32 = 285.153
ROUND 1639 A#38 and B#32 = 284.661
ROUND 1640 A#39 and B#32 = 283.979
ROUND 1641 A#40 and B#32 = 292.267
ROUND 1642 A#41 and B#32 = 32.5287
ROUND 1643 A#42 and B#32 = 32.6314
ROUND 1644 A#43 and B#32 = 32.8405
ROUND 1645 A#44 and B#32 = 284.227
ROUND 1646 A#45 and B#32 = 280.226
ROUND 1647 A#46 and B#32 = 285.6
ROUND 1648 A#47 and B#32 = 83.4817
ROUND 1649 A#48 and B#32 = 284.916
ROUND 1650 A#49 and B#32 = 83.3622
ROUND 1651 A#0 and B#33 = 325.22
ROUND 1652 A#1 and B#33 = 305.818
ROUND 1653 A#2 and B#33 = 303.708
ROUND 1654 A#3 and B#33 = 280.631
ROUND 1655 A#4 and B#33 = 305.59
ROUND 1656 A#5 and B#33 = 324.11
ROUND 1657 A#6 and B#33 = 278.424
ROUND 1658 A#7 and B#33 = 304.533
ROUND 1659 A#8 and B#33 = 305.2
ROUND 1660 A#9 and B#33 = 281.983
ROUND 1661 A#10 and B#33 = 280.339
ROUND 1662 A#11 and B#33 = 276.64
ROUND 1663 A#12 and B#33 = 323.392
ROUND 1664 A#13 and B#33 = 281.479
ROUND 1665 A#14 and B#33 = 280.235
ROUND 1666 A#15 and B#33 = 316.801
ROUND 1667 A#16 and B#33 = 325.367
ROUND 1668 A#17 and B#33 = 316.613
ROUND 1669 A#18 and B#33 = 324.317
ROUND 1670 A#19 and B#33 = 277.26
ROUND 1671 A#20 and B#33 = 304.427
ROUND 1672 A#21 and B#33 = 305.548
ROUND 1673 A#22 and B#33 = 282.495
ROUND 1674 A#23 and B#33 = 281.628
ROUND 1675 A#24 and B#33 = 281.398
ROUND 1676 A#25 and B#33 = 326.093
ROUND 1677 A#26 and B#33 = 320.301
ROUND 1678 A#27 and B#33 = 282.636
ROUND 1679 A#28 and B#33 = 287.347
ROUND 1680 A#29 and B#33 = 305.052
ROUND 1681 A#30 and B#33 = 319.655
ROUND 1682 A#31 and B#33 = 283.36
ROUND 1683 A#32 and B#33 = 280.533
ROUND 1684 A#33 and B#33 = 280.223
ROUND 1685 A#34 and B#33 = 319.382
ROUND 1686 A#35 and B#33 = 285.82
ROUND 1687 A#36 and B#33 = 319.401
ROUND 1688 A#37 and B#33 = 280.1
ROUND 1689 A#38 and B#33 = 281.027
ROUND 1690 A#39 and B#33 = 282.656
ROUND 1691 A#40 and B#33 = 319.678
ROUND 1692 A#41 and B#33 = 282.97
ROUND 1693 A#42 and B#33 = 281.605
ROUND 1694 A#43 and B#33 = 283.546
ROUND 1695 A#44 and B#33 = 282.535
ROUND 1696 A#45 and B#33 = 281.857
ROUND 1697 A#46 and B#33 = 286.995
ROUND 1698 A#47 and B#33 = 319.357
ROUND 1699 A#48 and B#33 = 280.147
ROUND 1700 A#49 and B#33 = 319.213
ROUND 1701 A#0 and B#34 = 269.267
ROUND 1702 A#1 and B#34 = 287.617
ROUND 1703 A#2 and B#34 = 282.653
ROUND 1704 A#3 and B#34 = 282.975
ROUND 1705 A#4 and B#34 = 286.386
ROUND 1706 A#5 and B#34 = 318.492
ROUND 1707 A#6 and B#34 = 300.825
ROUND 1708 A#7 and B#34 = 285.038
ROUND 1709 A#8 and B#34 = 284.843
ROUND 1710 A#9 and B#34 = 283.8
ROUND 1711 A#10 and B#34 = 282.749
ROUND 1712 A#11 and B#34 = 266.35
ROUND 1713 A#12 and B#34 = 319.873
ROUND 1714 A#13 and B#34 = 283.551
ROUND 1715 A#14 and B#34 = 282.731
ROUND 1716 A#15 and B#34 = 320.193
ROUND 1717 A#16 and B#34 = 317.426
ROUND 1718 A#17 and B#34 = 321.622
ROUND 1719 A#18 and B#34 = 319.69
ROUND 1720 A#19 and B#34 = 308.882
ROUND 1721 A#20 and B#34 = 281.421
ROUND 1722 A#21 and B#34 = 286.855
ROUND 1723 A#22 and B#34 = 330.369
ROUND 1724 A#23 and B#34 = 280.548
ROUND 1725 A#24 and B#34 = 255.082
ROUND 1726 A#25 and B#34 = 304.692
ROUND 1727 A#26 and B#34 = 308.62
ROUND 1728 A#27 and B#34 = 254.262
ROUND 1729 A#28 and B#34 = 283.404
ROUND 1730 A#29 and B#34 = 280.856
ROUND 1731 A#30 and B#34 = 320.183
ROUND 1732 A#31 and B#34 = 288.039
ROUND 1733 A#32 and B#34 = 282.936
ROUND 1734 A#33 and B#34 = 291.571
ROUND 1735 A#34 and B#34 = 319.855
ROUND 1736 A#35 and B#34 = 283.336
ROUND 1737 A#36 and B#34 = 319.871
ROUND 1738 A#37 and B#34 = 282.786
ROUND 1739 A#38 and B#34 = 334.163
ROUND 1740 A#39 and B#34 = 255.349
ROUND 1741 A#40 and B#34 = 319.854
ROUND 1742 A#41 and B#34 = 286.618
ROUND 1743 A#42 and B#34 = 284.857
ROUND 1744 A#43 and B#34 = 289.382
ROUND 1745 A#44 and B#34 = 255.536
ROUND 1746 A#45 and B#34 = 288.369
ROUND 1747 A#46 and B#34 = 283.423
ROUND 1748 A#47 and B#34 = 319.883
ROUND 1749 A#48 and B#34 = 282.538
ROUND 1750 A#49 and B#34 = 319.689
ROUND 1751 A#0 and B#35 = 278.169
ROUND 1752 A#1 and B#35 = 286.401
ROUND 1753 A#2 and B#35 = 286.537
ROUND 1754 A#3 and B#35 = 330.18
ROUND 1755 A#4 and B#35 = 286.073
ROUND 1756 A#5 and B#35 = 279.041
ROUND 1757 A#6 and B#35 = 287.343
ROUND 1758 A#7 and B#35 = 286.847
ROUND 1759 A#8 and B#35 = 286.327
ROUND 1760 A#9 and B#35 = 330.052
ROUND 1761 A#10 and B#35 = 329.25
ROUND 1762 A#11 and B#35 = 332.722
ROUND 1763 A#12 and B#35 = 272.107
ROUND 1764 A#13 and B#35 = 328.866
ROUND 1765 A#14 and B#35 = 328.735
ROUND 1766 A#15 and B#35 = 266.05
ROUND 1767 A#16 and B#35 = 277.717
ROUND 1768 A#17 and B#35 = 286.618
ROUND 1769 A#18 and B#35 = 270.347
ROUND 1770 A#19 and B#35 = 279.444
ROUND 1771 A#20 and B#35 = 286.58
ROUND 1772 A#21 and B#35 = 286.486
ROUND 1773 A#22 and B#35 = 331.81
ROUND 1774 A#23 and B#35 = 331.841
ROUND 1775 A#24 and B#35 = 332.256
ROUND 1776 A#25 and B#35 = 273.31
ROUND 1777 A#26 and B#35 = 278.405
ROUND 1778 A#27 and B#35 = 332.218
ROUND 1779 A#28 and B#35 = 286.029
ROUND 1780 A#29 and B#35 = 286.381
ROUND 1781 A#30 and B#35 = 265.855
ROUND 1782 A#31 and B#35 = 331.813
ROUND 1783 A#32 and B#35 = 329.885
ROUND 1784 A#33 and B#35 = 293.783
ROUND 1785 A#34 and B#35 = 268.83
ROUND 1786 A#35 and B#35 = 285.025
ROUND 1787 A#36 and B#35 = 267.202
ROUND 1788 A#37 and B#35 = 328.623
ROUND 1789 A#38 and B#35 = 331.454
ROUND 1790 A#39 and B#35 = 332.423
ROUND 1791 A#40 and B#35 = 276.942
ROUND 1792 A#41 and B#35 = 332.112
ROUND 1793 A#42 and B#35 = 332.224
ROUND 1794 A#43 and B#35 = 331.382
ROUND 1795 A#44 and B#35 = 332.117
ROUND 1796 A#45 and B#35 = 331.664
ROUND 1797 A#46 and B#35 = 297.819
ROUND 1798 A#47 and B#35 = 269.278
ROUND 1799 A#48 and B#35 = 293.072
ROUND 1800 A#49 and B#35 = 267.116
ROUND 1801 A#0 and B#36 = 283.858
ROUND 1802 A#1 and B#36 = 285.72
ROUND 1803 A#2 and B#36 = 285.292
ROUND 1804 A#3 and B#36 = 201.966
ROUND 1805 A#4 and B#36 = 284.599
ROUND 1806 A#5 and B#36 = 284.518
ROUND 1807 A#6 and B#36 = 309.771
ROUND 1808 A#7 and B#36 = 285.329
ROUND 1809 A#8 and B#36 = 284.725
ROUND 1810 A#9 and B#36 = 200.639
ROUND 1811 A#10 and B#36 = 339.038
ROUND 1812 A#11 and B#36 = 284.838
ROUND 1813 A#12 and B#36 = 315.388
ROUND 1814 A#13 and B#36 = 339.112
ROUND 1815 A#14 and B#36 = 339.141
ROUND 1816 A#15 and B#36 = -59.0255
ROUND 1817 A#16 and B#36 = 284.431
ROUND 1818 A#17 and B#36 = 294.884
ROUND 1819 A#18 and B#36 = 315.035
ROUND 1820 A#19 and B#36 = 229.971
ROUND 1821 A#20 and B#36 = 284.97
ROUND 1822 A#21 and B#36 = 285.941
ROUND 1823 A#22 and B#36 = 283.163
ROUND 1824 A#23 and B#36 = 285.301
ROUND 1825 A#24 and B#36 = 285.502
ROUND 1826 A#25 and B#36 = 303.328
ROUND 1827 A#26 and B#36 = 304.383
ROUND 1828 A#27 and B#36 = 284.651
ROUND 1829 A#28 and B#36 = 339.217
ROUND 1830 A#29 and B#36 = 284.717
ROUND 1831 A#30 and B#36 = 321.079
ROUND 1832 A#31 and B#36 = 285.079
ROUND 1833 A#32 and B#36 = 201.07
ROUND 1834 A#33 and B#36 = 286.808
ROUND 1835 A#34 and B#36 = 284.277
ROUND 1836 A#35 and B#36 = 338.335
ROUND 1837 A#36 and B#36 = 321.533
ROUND 1838 A#37 and B#36 = 339.018
ROUND 1839 A#38 and B#36 = 285.439
ROUND 1840 A#39 and B#36 = 284.9
ROUND 1841 A#40 and B#36 = 307.975
ROUND 1842 A#41 and B#36 = 285.304
ROUND 1843 A#42 and B#36 = 285.366
ROUND 1844 A#43 and B#36 = 284.864
ROUND 1845 A#44 and B#36 = 284.706
ROUND 1846 A#45 and B#36 = 285.369
ROUND 1847 A#46 and B#36 = 339.214
ROUND 1848 A#47 and B#36 = 284.587
ROUND 1849 A#48 and B#36 = 286.145
ROUND 1850 A#49 and B#36 = 292.413
ROUND 1851 A#0 and B#37 = 318.134
ROUND 1852 A#1 and B#37 = 285.167
ROUND 1853 A#2 and B#37 = 284.976
ROUND 1854 A#3 and B#37 = 285.389
ROUND 1855 A#4 and B#37 = 285.548
ROUND 1856 A#5 and B#37 = 319.499
ROUND 1857 A#6 and B#37 = 296.844
ROUND 1858 A#7 and B#37 = 285.004
ROUND 1859 A#8 and B#37 = 285.476
ROUND 1860 A#9 and B#37 = 285.793
ROUND 1861 A#10 and B#37 = 285.381
ROUND 1862 A#11 and B#37 = 285.587
ROUND 1863 A#12 and B#37 = 319.322
ROUND 1864 A#13 and B#37 = 285.95
ROUND 1865 A#14 and B#37 = 285.303
ROUND 1866 A#15 and B#37 = 262.437
ROUND 1867 A#16 and B#37 = 318.391
ROUND 1868 A#17 and B#37 = 257.12
ROUND 1869 A#18 and B#37 = 319.355
ROUND 1870 A#19 and B#37 = 319.39
ROUND 1871 A#20 and B#37 = 285.324
ROUND 1872 A#21 and B#37 = 285.133
ROUND 1873 A#22 and B#37 = 269.251
ROUND 1874 A#23 and B#37 = 284.354
ROUND 1875 A#24 and B#37 = 285.224
ROUND 1876 A#25 and B#37 = 318.693
ROUND 1877 A#26 and B#37 = 319.216
ROUND 1878 A#27 and B#37 = 285.6
ROUND 1879 A#28 and B#37 = 285.783
ROUND 1880 A#29 and B#37 = 285.42
ROUND 1881 A#30 and B#37 = 320.783
ROUND 1882 A#31 and B#37 = 285.607
ROUND 1883 A#32 and B#37 = 285.408
ROUND 1884 A#33 and B#37 = 285.476
ROUND 1885 A#34 and B#37 = 320.585
ROUND 1886 A#35 and B#37 = 285.865
ROUND 1887 A#36 and B#37 = 320.56
ROUND 1888 A#37 and B#37 = 285.371
ROUND 1889 A#38 and B#37 = 334.901
ROUND 1890 A#39 and B#37 = 285.527
ROUND 1891 A#40 and B#37 = 320.272
ROUND 1892 A#41 and B#37 = 285.468
ROUND 1893 A#42 and B#37 = 284.865
ROUND 1894 A#43 and B#37 = 285.662
ROUND 1895 A#44 and B#37 = 285.694
ROUND 1896 A#45 and B#37 = 285.206
ROUND 1897 A#46 and B#37 = 285.801
ROUND 1898 A#47 and B#37 = 320.658
ROUND 1899 A#48 and B#37 = 285.399
ROUND 1900 A#49 and B#37 = 320.363
ROUND 1901 A#0 and B#38 = 291.031
ROUND 1902 A#1 and B#38 = 285.226
ROUND 1903 A#2 and B#38 = 284.221
ROUND 1904 A#3 and B#38 = 285.18
ROUND 1905 A#4 and B#38 = 284.123
ROUND 1906 A#5 and B#38 = 280.77
ROUND 1907 A#6 and B#38 = 83.1341
ROUND 1908 A#7 and B#38 = 284.773
ROUND 1909 A#8 and B#38 = 283.655
ROUND 1910 A#9 and B#38 = 284.313
ROUND 1911 A#10 and B#38 = 285.104
ROUND 1912 A#11 and B#38 = 283.397
ROUND 1913 A#12 and B#38 = 284.593
ROUND 1914 A#13 and B#38 = 285.673
ROUND 1915 A#14 and B#38 = 284.859
ROUND 1916 A#15 and B#38 = 309.419
ROUND 1917 A#16 and B#38 = 279.36
ROUND 1918 A#17 and B#38 = 331.282
ROUND 1919 A#18 and B#38 = 284.588
ROUND 1920 A#19 and B#38 = 286.842
ROUND 1921 A#20 and B#38 = 283.251
ROUND 1922 A#21 and B#38 = 285.17
ROUND 1923 A#22 and B#38 = 282.103
ROUND 1924 A#23 and B#38 = 281.906
ROUND 1925 A#24 and B#38 = 285.121
ROUND 1926 A#25 and B#38 = 100.9
ROUND 1927 A#26 and B#38 = 280.494
ROUND 1928 A#27 and B#38 = 283.891
ROUND 1929 A#28 and B#38 = 306.988
ROUND 1930 A#29 and B#38 = 283.658
ROUND 1931 A#30 and B#38 = 83.0378
ROUND 1932 A#31 and B#38 = 280.525
ROUND 1933 A#32 and B#38 = 285.591
ROUND 1934 A#33 and B#38 = 285.08
ROUND 1935 A#34 and B#38 = 83.4248
ROUND 1936 A#35 and B#38 = 306.863
ROUND 1937 A#36 and B#38 = 83.1355
ROUND 1938 A#37 and B#38 = 285.135
ROUND 1939 A#38 and B#38 = 284.655
ROUND 1940 A#39 and B#38 = 283.943
ROUND 1941 A#40 and B#38 = 292.204
ROUND 1942 A#41 and B#38 = 280.547
ROUND 1943 A#42 and B#38 = 280.755
ROUND 1944 A#43 and B#38 = 280.463
ROUND 1945 A#44 and B#38 = 284
ROUND 1946 A#45 and B#38 = 280.481
ROUND 1947 A#46 and B#38 = 285.552
ROUND 1948 A#47 and B#38 = 83.4143
ROUND 1949 A#48 and B#38 = 285.172
ROUND 1950 A#49 and B#38 = 83.2885
ROUND 1951 A#0 and B#39 = 335.517
ROUND 1952 A#1 and B#39 = 284.275
ROUND 1953 A#2 and B#39 = 283.865
ROUND 1954 A#3 and B#39 = 284.807
ROUND 1955 A#4 and B#39 = 306.862
ROUND 1956 A#5 and B#39 = 338.1
ROUND 1957 A#6 and B#39 = 318.725
ROUND 1958 A#7 and B#39 = 284.059
ROUND 1959 A#8 and B#39 = 305.975
ROUND 1960 A#9 and B#39 = 264.555
ROUND 1961 A#10 and B#39 = 285.586
ROUND 1962 A#11 and B#39 = 284.848
ROUND 1963 A#12 and B#39 = 337.224
ROUND 1964 A#13 and B#39 = 286.447
ROUND 1965 A#14 and B#39 = 286.447
ROUND 1966 A#15 and B#39 = 317.951
ROUND 1967 A#16 and B#39 = 335.254
ROUND 1968 A#17 and B#39 = 301.675
ROUND 1969 A#18 and B#39 = 337.274
ROUND 1970 A#19 and B#39 = 337.508
ROUND 1971 A#20 and B#39 = 240.132
ROUND 1972 A#21 and B#39 = 284.335
ROUND 1973 A#22 and B#39 = 284.276
ROUND 1974 A#23 and B#39 = 283.721
ROUND 1975 A#24 and B#39 = 284.603
ROUND 1976 A#25 and B#39 = 337.046
ROUND 1977 A#26 and B#39 = 337.498
ROUND 1978 A#27 and B#39 = 283.983
ROUND 1979 A#28 and B#39 = 253.512
ROUND 1980 A#29 and B#39 = 305.775
ROUND 1981 A#30 and B#39 = 282.83
ROUND 1982 A#31 and B#39 = 285.07
ROUND 1983 A#32 and B#39 = 284.815
ROUND 1984 A#33 and B#39 = 251.895
ROUND 1985 A#34 and B#39 = 284.309
ROUND 1986 A#35 and B#39 = 249.334
ROUND 1987 A#36 and B#39 = 283.049
ROUND 1988 A#37 and B#39 = 286.588
ROUND 1989 A#38 and B#39 = 284.369
ROUND 1990 A#39 and B#39 = 283.757
ROUND 1991 A#40 and B#39 = 336.376
ROUND 1992 A#41 and B#39 = 284.671
ROUND 1993 A#42 and B#39 = 283.924
ROUND 1994 A#43 and B#39 = 284.966
ROUND 1995 A#44 and B#39 = 283.397
ROUND 1996 A#45 and B#39 = 284.235
ROUND 1997 A#46 and B#39 = 251.571
ROUND 1998 A#47 and B#39 = 284.348
ROUND 1999 A#48 and B#39 = 253.13
ROUND 2000 A#49 and B#39 = 283.839
ROUND 2001 A#0 and B#40 = 277.652
ROUND 2002 A#1 and B#40 = 286.435
ROUND 2003 A#2 and B#40 = 286.765
ROUND 2004 A#3 and B#40 = 329.293
ROUND 2005 A#4 and B#40 = 286.206
ROUND 2006 A#5 and B#40 = 278.434
ROUND 2007 A#6 and B#40 = 287.257
ROUND 2008 A#7 and B#40 = 286.769
ROUND 2009 A#8 and B#40 = 286.425
ROUND 2010 A#9 and B#40 = 329.145
ROUND 2011 A#10 and B#40 = 328.42
ROUND 2012 A#11 and B#40 = 332.078
ROUND 2013 A#12 and B#40 = 270.687
ROUND 2014 A#13 and B#40 = 327.929
ROUND 2015 A#14 and B#40 = 327.807
ROUND 2016 A#15 and B#40 = 265.958
ROUND 2017 A#16 and B#40 = 277.197
ROUND 2018 A#17 and B#40 = 286.843
ROUND 2019 A#18 and B#40 = 268.978
ROUND 2020 A#19 and B#40 = 278.661
ROUND 2021 A#20 and B#40 = 286.622
ROUND 2022 A#21 and B#40 = 331.475
ROUND 2023 A#22 and B#40 = 331.314
ROUND 2024 A#23 and B#40 = 331.421
ROUND 2025 A#24 and B#40 = 331.629
ROUND 2026 A#25 and B#40 = 272.844
ROUND 2027 A#26 and B#40 = 277.645
ROUND 2028 A#27 and B#40 = 331.657
ROUND 2029 A#28 and B#40 = 285.808
ROUND 2030 A#29 and B#40 = 286.227
ROUND 2031 A#30 and B#40 = 264.389
ROUND 2032 A#31 and B#40 = 331.111
ROUND 2033 A#32 and B#40 = 329.021
ROUND 2034 A#33 and B#40 = 293.856
ROUND 2035 A#34 and B#40 = 267.299
ROUND 2036 A#35 and B#40 = 284.975
ROUND 2037 A#36 and B#40 = 265.702
ROUND 2038 A#37 and B#40 = 327.681
ROUND 2039 A#38 and B#40 = 330.715
ROUND 2040 A#39 and B#40 = 331.788
ROUND 2041 A#40 and B#40 = 276.208
ROUND 2042 A#41 and B#40 = 331.439
ROUND 2043 A#42 and B#40 = 331.666
ROUND 2044 A#43 and B#40 = 330.623
ROUND 2045 A#44 and B#40 = 331.445
ROUND 2046 A#45 and B#40 = 330.982
ROUND 2047 A#46 and B#40 = 297.957
ROUND 2048 A#47 and B#40 = 267.761
ROUND 2049 A#48 and B#40 = 285.521
ROUND 2050 A#49 and B#40 = 265.62
ROUND 2051 A#0 and B#41 = 298.272
ROUND 2052 A#1 and B#41 = 284.243
ROUND 2053 A#2 and B#41 = 306.22
ROUND 2054 A#3 and B#41 = 284.604
ROUND 2055 A#4 and B#41 = 307.57
ROUND 2056 A#5 and B#41 = 300.132
ROUND 2057 A#6 and B#41 = 306.946
ROUND 2058 A#7 and B#41 = 306.8
ROUND 2059 A#8 and B#41 = 307.395
ROUND 2060 A#9 and B#41 = 285.022
ROUND 2061 A#10 and B#41 = 284.452
ROUND 2062 A#11 and B#41 = 284.914
ROUND 2063 A#12 and B#41 = 296.578
ROUND 2064 A#13 and B#41 = 284.972
ROUND 2065 A#14 and B#41 = 284.599
ROUND 2066 A#15 and B#41 = 317.499
ROUND 2067 A#16 and B#41 = 300.338
ROUND 2068 A#17 and B#41 = 297.849
ROUND 2069 A#18 and B#41 = 296.472
ROUND 2070 A#19 and B#41 = 318.171
ROUND 2071 A#20 and B#41 = 306.902
ROUND 2072 A#21 and B#41 = 284.265
ROUND 2073 A#22 and B#41 = 284.388
ROUND 2074 A#23 and B#41 = 314.371
ROUND 2075 A#24 and B#41 = 310.848
ROUND 2076 A#25 and B#41 = 263.703
ROUND 2077 A#26 and B#41 = 318.443
ROUND 2078 A#27 and B#41 = 250.177
ROUND 2079 A#28 and B#41 = 284.963
ROUND 2080 A#29 and B#41 = 307.309
ROUND 2081 A#30 and B#41 = 306.046
ROUND 2082 A#31 and B#41 = 285.046
ROUND 2083 A#32 and B#41 = 284.538
ROUND 2084 A#33 and B#41 = 284.588
ROUND 2085 A#34 and B#41 = 305.262
ROUND 2086 A#35 and B#41 = 285.021
ROUND 2087 A#36 and B#41 = 305.654
ROUND 2088 A#37 and B#41 = 284.399
ROUND 2089 A#38 and B#41 = 284.087
ROUND 2090 A#39 and B#41 = 311.201
ROUND 2091 A#40 and B#41 = 197.515
ROUND 2092 A#41 and B#41 = 284.692
ROUND 2093 A#42 and B#41 = 284.036
ROUND 2094 A#43 and B#41 = 285.167
ROUND 2095 A#44 and B#41 = 311.292
ROUND 2096 A#45 and B#41 = 284.1
ROUND 2097 A#46 and B#41 = 284.942
ROUND 2098 A#47 and B#41 = 305.167
ROUND 2099 A#48 and B#41 = 284.289
ROUND 2100 A#49 and B#41 = 305.484
ROUND 2101 A#0 and B#42 = 335.377
ROUND 2102 A#1 and B#42 = 284.398
ROUND 2103 A#2 and B#42 = 283.946
ROUND 2104 A#3 and B#42 = 284.925
ROUND 2105 A#4 and B#42 = 307.022
ROUND 2106 A#5 and B#42 = 337.772
ROUND 2107 A#6 and B#42 = 318.688
ROUND 2108 A#7 and B#42 = 284.163
ROUND 2109 A#8 and B#42 = 306.083
ROUND 2110 A#9 and B#42 = 263.347
ROUND 2111 A#10 and B#42 = 284.832
ROUND 2112 A#11 and B#42 = 285.056
ROUND 2113 A#12 and B#42 = 337.012
ROUND 2114 A#13 and B#42 = 285.225
ROUND 2115 A#14 and B#42 = 285.555
ROUND 2116 A#15 and B#42 = 317.675
ROUND 2117 A#16 and B#42 = 335.043
ROUND 2118 A#17 and B#42 = 302.038
ROUND 2119 A#18 and B#42 = 337.127
ROUND 2120 A#19 and B#42 = 337.198
ROUND 2121 A#20 and B#42 = 239.303
ROUND 2122 A#21 and B#42 = 284.536
ROUND 2123 A#22 and B#42 = 284.344
ROUND 2124 A#23 and B#42 = 283.508
ROUND 2125 A#24 and B#42 = 284.204
ROUND 2126 A#25 and B#42 = 336.832
ROUND 2127 A#26 and B#42 = 337.265
ROUND 2128 A#27 and B#42 = 284.839
ROUND 2129 A#28 and B#42 = 253.437
ROUND 2130 A#29 and B#42 = 305.917
ROUND 2131 A#30 and B#42 = 282.771
ROUND 2132 A#31 and B#42 = 284.875
ROUND 2133 A#32 and B#42 = 285.018
ROUND 2134 A#33 and B#42 = 251.804
ROUND 2135 A#34 and B#42 = 284.204
ROUND 2136 A#35 and B#42 = 249.225
ROUND 2137 A#36 and B#42 = 283.025
ROUND 2138 A#37 and B#42 = 285.573
ROUND 2139 A#38 and B#42 = 284.148
ROUND 2140 A#39 and B#42 = 284.996
ROUND 2141 A#40 and B#42 = 336.04
ROUND 2142 A#41 and B#42 = 284.79
ROUND 2143 A#42 and B#42 = 284.056
ROUND 2144 A#43 and B#42 = 285.343
ROUND 2145 A#44 and B#42 = 284.931
ROUND 2146 A#45 and B#42 = 284.397
ROUND 2147 A#46 and B#42 = 251.514
ROUND 2148 A#47 and B#42 = 320.954
ROUND 2149 A#48 and B#42 = 252.98
ROUND 2150 A#49 and B#42 = 283.786
ROUND 2151 A#0 and B#43 = 314.69
ROUND 2152 A#1 and B#43 = 284.144
ROUND 2153 A#2 and B#43 = 306.754
ROUND 2154 A#3 and B#43 = 284.575
ROUND 2155 A#4 and B#43 = 308.142
ROUND 2156 A#5 and B#43 = 312.72
ROUND 2157 A#6 and B#43 = 297.771
ROUND 2158 A#7 and B#43 = 307.423
ROUND 2159 A#8 and B#43 = 307.941
ROUND 2160 A#9 and B#43 = 260.698
ROUND 2161 A#10 and B#43 = 284.415
ROUND 2162 A#11 and B#43 = 284.914
ROUND 2163 A#12 and B#43 = 310.171
ROUND 2164 A#13 and B#43 = 263.771
ROUND 2165 A#14 and B#43 = 284.414
ROUND 2166 A#15 and B#43 = 317.373
ROUND 2167 A#16 and B#43 = 314.991
ROUND 2168 A#17 and B#43 = 299.365
ROUND 2169 A#18 and B#43 = 311.667
ROUND 2170 A#19 and B#43 = 269.68
ROUND 2171 A#20 and B#43 = 307.448
ROUND 2172 A#21 and B#43 = 284.127
ROUND 2173 A#22 and B#43 = 284.311
ROUND 2174 A#23 and B#43 = 283.444
ROUND 2175 A#24 and B#43 = 284.459
ROUND 2176 A#25 and B#43 = 265.274
ROUND 2177 A#26 and B#43 = 269.075
ROUND 2178 A#27 and B#43 = 310.853
ROUND 2179 A#28 and B#43 = 288.994
ROUND 2180 A#29 and B#43 = 307.841
ROUND 2181 A#30 and B#43 = 282.342
ROUND 2182 A#31 and B#43 = 284.803
ROUND 2183 A#32 and B#43 = 284.417
ROUND 2184 A#33 and B#43 = 289.268
ROUND 2185 A#34 and B#43 = 283.731
ROUND 2186 A#35 and B#43 = 287.752
ROUND 2187 A#36 and B#43 = 282.588
ROUND 2188 A#37 and B#43 = 284.3
ROUND 2189 A#38 and B#43 = 284.049
ROUND 2190 A#39 and B#43 = 311.406
ROUND 2191 A#40 and B#43 = 302.971
ROUND 2192 A#41 and B#43 = 284.405
ROUND 2193 A#42 and B#43 = 284.084
ROUND 2194 A#43 and B#43 = 284.881
ROUND 2195 A#44 and B#43 = 311.466
ROUND 2196 A#45 and B#43 = 284.121
ROUND 2197 A#46 and B#43 = 251.579
ROUND 2198 A#47 and B#43 = 301.907
ROUND 2199 A#48 and B#43 = 253.156
ROUND 2200 A#49 and B#43 = 283.217
ROUND 2201 A#0 and B#44 = 316.882
ROUND 2202 A#1 and B#44 = 283.608
ROUND 2203 A#2 and B#44 = 283.818
ROUND 2204 A#3 and B#44 = 283.203
ROUND 2205 A#4 and B#44 = 284.048
ROUND 2206 A#5 and B#44 = 318.16
ROUND 2207 A#6 and B#44 = 279.382
ROUND 2208 A#7 and B#44 = 283.763
ROUND 2209 A#8 and B#44 = 284.155
ROUND 2210 A#9 and B#44 = 283.631
ROUND 2211 A#10 and B#44 = 283.03
ROUND 2212 A#11 and B#44 = 284.281
ROUND 2213 A#12 and B#44 = 319.027
ROUND 2214 A#13 and B#44 = 283.562
ROUND 2215 A#14 and B#44 = 282.982
ROUND 2216 A#15 and B#44 = 215.319
ROUND 2217 A#16 and B#44 = 317.119
ROUND 2218 A#17 and B#44 = 210.595
ROUND 2219 A#18 and B#44 = 319.019
ROUND 2220 A#19 and B#44 = 319.236
ROUND 2221 A#20 and B#44 = 284.245
ROUND 2222 A#21 and B#44 = 283.66
ROUND 2223 A#22 and B#44 = 331.006
ROUND 2224 A#23 and B#44 = 283.68
ROUND 2225 A#24 and B#44 = 255.424
ROUND 2226 A#25 and B#44 = 318.509
ROUND 2227 A#26 and B#44 = 319.332
ROUND 2228 A#27 and B#44 = 254.713
ROUND 2229 A#28 and B#44 = 283.272
ROUND 2230 A#29 and B#44 = 284.216
ROUND 2231 A#30 and B#44 = 275.634
ROUND 2232 A#31 and B#44 = 284.015
ROUND 2233 A#32 and B#44 = 283.115
ROUND 2234 A#33 and B#44 = 282.839
ROUND 2235 A#34 and B#44 = 272.901
ROUND 2236 A#35 and B#44 = 283.057
ROUND 2237 A#36 and B#44 = 273.597
ROUND 2238 A#37 and B#44 = 282.904
ROUND 2239 A#38 and B#44 = 277.559
ROUND 2240 A#39 and B#44 = 255.717
ROUND 2241 A#40 and B#44 = 319.875
ROUND 2242 A#41 and B#44 = 284.123
ROUND 2243 A#42 and B#44 = 283.783
ROUND 2244 A#43 and B#44 = 283.97
ROUND 2245 A#44 and B#44 = 255.998
ROUND 2246 A#45 and B#44 = 283.627
ROUND 2247 A#46 and B#44 = 283.318
ROUND 2248 A#47 and B#44 = 272.251
ROUND 2249 A#48 and B#44 = 282.652
ROUND 2250 A#49 and B#44 = 274.578
ROUND 2251 A#0 and B#45 = 294.101
ROUND 2252 A#1 and B#45 = 286.839
ROUND 2253 A#2 and B#45 = 281.935
ROUND 2254 A#3 and B#45 = 282.71
ROUND 2255 A#4 and B#45 = 285.726
ROUND 2256 A#5 and B#45 = 296.81
ROUND 2257 A#6 and B#45 = 319.504
ROUND 2258 A#7 and B#45 = 284.217
ROUND 2259 A#8 and B#45 = 284.201
ROUND 2260 A#9 and B#45 = 283.74
ROUND 2261 A#10 and B#45 = 282.45
ROUND 2262 A#11 and B#45 = 265.836
ROUND 2263 A#12 and B#45 = 321.029
ROUND 2264 A#13 and B#45 = 283.435
ROUND 2265 A#14 and B#45 = 282.472
ROUND 2266 A#15 and B#45 = 319.926
ROUND 2267 A#16 and B#45 = 297.309
ROUND 2268 A#17 and B#45 = 321.576
ROUND 2269 A#18 and B#45 = 320.778
ROUND 2270 A#19 and B#45 = 322.866
ROUND 2271 A#20 and B#45 = 282.37
ROUND 2272 A#21 and B#45 = 286.093
ROUND 2273 A#22 and B#45 = 330.46
ROUND 2274 A#23 and B#45 = 279.826
ROUND 2275 A#24 and B#45 = 254.75
ROUND 2276 A#25 and B#45 = 294.8
ROUND 2277 A#26 and B#45 = 300.465
ROUND 2278 A#27 and B#45 = 253.905
ROUND 2279 A#28 and B#45 = 293.643
ROUND 2280 A#29 and B#45 = 283.792
ROUND 2281 A#30 and B#45 = 320.28
ROUND 2282 A#31 and B#45 = 287.258
ROUND 2283 A#32 and B#45 = 282.716
ROUND 2284 A#33 and B#45 = 278.485
ROUND 2285 A#34 and B#45 = 320.002
ROUND 2286 A#35 and B#45 = 280.481
ROUND 2287 A#36 and B#45 = 319.988
ROUND 2288 A#37 and B#45 = 282.386
ROUND 2289 A#38 and B#45 = 334.165
ROUND 2290 A#39 and B#45 = 255.054
ROUND 2291 A#40 and B#45 = 274.757
ROUND 2292 A#41 and B#45 = 285.819
ROUND 2293 A#42 and B#45 = 284.121
ROUND 2294 A#43 and B#45 = 288.546
ROUND 2295 A#44 and B#45 = 255.183
ROUND 2296 A#45 and B#45 = 287.602
ROUND 2297 A#46 and B#45 = 293.374
ROUND 2298 A#47 and B#45 = 320.053
ROUND 2299 A#48 and B#45 = 278.517
ROUND 2300 A#49 and B#45 = 319.809
ROUND 2301 A#0 and B#46 = 93.1006
ROUND 2302 A#1 and B#46 = 285.048
ROUND 2303 A#2 and B#46 = 284.751
ROUND 2304 A#3 and B#46 = 285.594
ROUND 2305 A#4 and B#46 = 285.432
ROUND 2306 A#5 and B#46 = 91.7695
ROUND 2307 A#6 and B#46 = 308.381
ROUND 2308 A#7 and B#46 = 284.715
ROUND 2309 A#8 and B#46 = 285.234
ROUND 2310 A#9 and B#46 = 285.779
ROUND 2311 A#10 and B#46 = 285.677
ROUND 2312 A#11 and B#46 = 319.682
ROUND 2313 A#12 and B#46 = 87.8548
ROUND 2314 A#13 and B#46 = 286.053
ROUND 2315 A#14 and B#46 = 284.643
ROUND 2316 A#15 and B#46 = 284.766
ROUND 2317 A#16 and B#46 = 90.6003
ROUND 2318 A#17 and B#46 = 307.981
ROUND 2319 A#18 and B#46 = 87.5961
ROUND 2320 A#19 and B#46 = 82.6532
ROUND 2321 A#20 and B#46 = 285.039
ROUND 2322 A#21 and B#46 = 284.977
ROUND 2323 A#22 and B#46 = 198.728
ROUND 2324 A#23 and B#46 = 243.508
ROUND 2325 A#24 and B#46 = 324.339
ROUND 2326 A#25 and B#46 = 82.8001
ROUND 2327 A#26 and B#46 = 82.5197
ROUND 2328 A#27 and B#46 = 295.487
ROUND 2329 A#28 and B#46 = 285.592
ROUND 2330 A#29 and B#46 = 285.176
ROUND 2331 A#30 and B#46 = 82.9234
ROUND 2332 A#31 and B#46 = 240.183
ROUND 2333 A#32 and B#46 = 285.161
ROUND 2334 A#33 and B#46 = 285.5
ROUND 2335 A#34 and B#46 = 83.2751
ROUND 2336 A#35 and B#46 = 285.718
ROUND 2337 A#36 and B#46 = 83.08
ROUND 2338 A#37 and B#46 = 284.438
ROUND 2339 A#38 and B#46 = 324.677
ROUND 2340 A#39 and B#46 = 295.716
ROUND 2341 A#40 and B#46 = 83.3
ROUND 2342 A#41 and B#46 = 240.253
ROUND 2343 A#42 and B#46 = 242.248
ROUND 2344 A#43 and B#46 = 240
ROUND 2345 A#44 and B#46 = 295.463
ROUND 2346 A#45 and B#46 = 240.17
ROUND 2347 A#46 and B#46 = 285.69
ROUND 2348 A#47 and B#46 = 83.2699
ROUND 2349 A#48 and B#46 = 285.38
ROUND 2350 A#49 and B#46 = 83.1127
ROUND 2351 A#0 and B#47 = 317.487
ROUND 2352 A#1 and B#47 = 285.206
ROUND 2353 A#2 and B#47 = 284.9
ROUND 2354 A#3 and B#47 = 285.163
ROUND 2355 A#4 and B#47 = 285.546
ROUND 2356 A#5 and B#47 = 318.841
ROUND 2357 A#6 and B#47 = 281.707
ROUND 2358 A#7 and B#47 = 284.998
ROUND 2359 A#8 and B#47 = 285.36
ROUND 2360 A#9 and B#47 = 285.535
ROUND 2361 A#10 and B#47 = 285.106
ROUND 2362 A#11 and B#47 = 285.531
ROUND 2363 A#12 and B#47 = 319.554
ROUND 2364 A#13 and B#47 = 285.554
ROUND 2365 A#14 and B#47 = 285.042
ROUND 2366 A#15 and B#47 = 337.351
ROUND 2367 A#16 and B#47 = 317.722
ROUND 2368 A#17 and B#47 = 252.783
ROUND 2369 A#18 and B#47 = 319.522
ROUND 2370 A#19 and B#47 = 319.749
ROUND 2371 A#20 and B#47 = 285.242
ROUND 2372 A#21 and B#47 = 285.098
ROUND 2373 A#22 and B#47 = 284.858
ROUND 2374 A#23 and B#47 = 284.307
ROUND 2375 A#24 and B#47 = 285.117
ROUND 2376 A#25 and B#47 = 318.807
ROUND 2377 A#26 and B#47 = 319.882
ROUND 2378 A#27 and B#47 = 285.501
ROUND 2379 A#28 and B#47 = 285.489
ROUND 2380 A#29 and B#47 = 285.353
ROUND 2381 A#30 and B#47 = 277
ROUND 2382 A#31 and B#47 = 285.45
ROUND 2383 A#32 and B#47 = 285.189
ROUND 2384 A#33 and B#47 = 285.182
ROUND 2385 A#34 and B#47 = 274.485
ROUND 2386 A#35 and B#47 = 285.491
ROUND 2387 A#36 and B#47 = 275.015
ROUND 2388 A#37 and B#47 = 285.139
ROUND 2389 A#38 and B#47 = 284.981
ROUND 2390 A#39 and B#47 = 285.391
ROUND 2391 A#40 and B#47 = 320.486
ROUND 2392 A#41 and B#47 = 285.359
ROUND 2393 A#42 and B#47 = 284.81
ROUND 2394 A#43 and B#47 = 285.548
ROUND 2395 A#44 and B#47 = 274.271
ROUND 2396 A#45 and B#47 = 285.038
ROUND 2397 A#46 and B#47 = 285.539
ROUND 2398 A#47 and B#47 = 273.872
ROUND 2399 A#48 and B#47 = 285.064
ROUND 2400 A#49 and B#47 = 276.284
ROUND 2401 A#0 and B#48 = 316.583
ROUND 2402 A#1 and B#48 = 283.584
ROUND 2403 A#2 and B#48 = 283.844
ROUND 2404 A#3 and B#48 = 283.167
ROUND 2405 A#4 and B#48 = 284.009
ROUND 2406 A#5 and B#48 = 317.842
ROUND 2407 A#6 and B#48 = 278.068
ROUND 2408 A#7 and B#48 = 283.755
ROUND 2409 A#8 and B#48 = 284.17
ROUND 2410 A#9 and B#48 = 283.637
ROUND 2411 A#10 and B#48 = 283.061
ROUND 2412 A#11 and B#48 = 284.257
ROUND 2413 A#12 and B#48 = 319.124
ROUND 2414 A#13 and B#48 = 283.43
ROUND 2415 A#14 and B#48 = 282.854
ROUND 2416 A#15 and B#48 = 216.176
ROUND 2417 A#16 and B#48 = 316.81
ROUND 2418 A#17 and B#48 = 323.119
ROUND 2419 A#18 and B#48 = 319.154
ROUND 2420 A#19 and B#48 = 319.323
ROUND 2421 A#20 and B#48 = 284.226
ROUND 2422 A#21 and B#48 = 283.611
ROUND 2423 A#22 and B#48 = 330.927
ROUND 2424 A#23 and B#48 = 283.723
ROUND 2425 A#24 and B#48 = 256.616
ROUND 2426 A#25 and B#48 = 318.585
ROUND 2427 A#26 and B#48 = 319.017
ROUND 2428 A#27 and B#48 = 255.902
ROUND 2429 A#28 and B#48 = 283.304
ROUND 2430 A#29 and B#48 = 284.195
ROUND 2431 A#30 and B#48 = 275.929
ROUND 2432 A#31 and B#48 = 283.978
ROUND 2433 A#32 and B#48 = 283.081
ROUND 2434 A#33 and B#48 = 282.721
ROUND 2435 A#34 and B#48 = 273.322
ROUND 2436 A#35 and B#48 = 283.051
ROUND 2437 A#36 and B#48 = 273.949
ROUND 2438 A#37 and B#48 = 282.812
ROUND 2439 A#38 and B#48 = 278.089
ROUND 2440 A#39 and B#48 = 256.98
ROUND 2441 A#40 and B#48 = 319.986
ROUND 2442 A#41 and B#48 = 284.119
ROUND 2443 A#42 and B#48 = 283.76
ROUND 2444 A#43 and B#48 = 283.836
ROUND 2445 A#44 and B#48 = 257.25
ROUND 2446 A#45 and B#48 = 283.528
ROUND 2447 A#46 and B#48 = 283.21
ROUND 2448 A#47 and B#48 = 272.68
ROUND 2449 A#48 and B#48 = 282.629
ROUND 2450 A#49 and B#48 = 275.133
ROUND 2451 A#0 and B#49 = 197.962
ROUND 2452 A#1 and B#49 = 280.234
ROUND 2453 A#2 and B#49 = 281.588
ROUND 2454 A#3 and B#49 = 300.075
ROUND 2455 A#4 and B#49 = 280.464
ROUND 2456 A#5 and B#49 = 198.94
ROUND 2457 A#6 and B#49 = 287.662
ROUND 2458 A#7 and B#49 = 281.677
ROUND 2459 A#8 and B#49 = 281.306
ROUND 2460 A#9 and B#49 = 297.967
ROUND 2461 A#10 and B#49 = 299.987
ROUND 2462 A#11 and B#49 = 297.115
ROUND 2463 A#12 and B#49 = 175.178
ROUND 2464 A#13 and B#49 = 298.043
ROUND 2465 A#14 and B#49 = 299.81
ROUND 2466 A#15 and B#49 = 287.508
ROUND 2467 A#16 and B#49 = 197.539
ROUND 2468 A#17 and B#49 = 287.121
ROUND 2469 A#18 and B#49 = 174.546
ROUND 2470 A#19 and B#49 = 157.222
ROUND 2471 A#20 and B#49 = 282.56
ROUND 2472 A#21 and B#49 = 280.652
ROUND 2473 A#22 and B#49 = 294.906
ROUND 2474 A#23 and B#49 = 298.01
ROUND 2475 A#24 and B#49 = 299.293
ROUND 2476 A#25 and B#49 = 153.685
ROUND 2477 A#26 and B#49 = 156.751
ROUND 2478 A#27 and B#49 = 297.075
ROUND 2479 A#28 and B#49 = 298.825
ROUND 2480 A#29 and B#49 = 281.3
ROUND 2481 A#30 and B#49 = 288.114
ROUND 2482 A#31 and B#49 = 296.553
ROUND 2483 A#32 and B#49 = 299.913
ROUND 2484 A#33 and B#49 = 300.13
ROUND 2485 A#34 and B#49 = 288.13
ROUND 2486 A#35 and B#49 = 297.422
ROUND 2487 A#36 and B#49 = 287.976
ROUND 2488 A#37 and B#49 = 299.79
ROUND 2489 A#38 and B#49 = 299.677
ROUND 2490 A#39 and B#49 = 297.627
ROUND 2491 A#40 and B#49 = 287.911
ROUND 2492 A#41 and B#49 = 296.983
ROUND 2493 A#42 and B#49 = 297.374
ROUND 2494 A#43 and B#49 = 296.058
ROUND 2495 A#44 and B#49 = 297.091
ROUND 2496 A#45 and B#49 = 296.31
ROUND 2497 A#46 and B#49 = 298.698
ROUND 2498 A#47 and B#49 = 288.183
ROUND 2499 A#48 and B#49 = 299.61
ROUND 2500 A#49 and B#49 = 288.149

The best overlap is between conformer A#47 and B#21, which, after PCA followed by Steepest Descent, produces a volume overlap of 345.42
Tanimoto (Hodgkin) similarity index: 0.4093

Saving those best conformers to file...
WRITING MOLECULE TO FILE '../ALL_PAIRS_BQ123_AS_REFERENCE/ROKS3/BQ123-BMS193884.mol2' (WILL OVERWRITE EXISTING FILE IF ANY)...
WRITING MOLECULE TO FILE '../ALL_PAIRS_BQ123_AS_REFERENCE/ROKS3/BQ123-BMS193884.mol2'...
