Finished importing molecules
WARNING: LAPACK DSYEV() RETURNED NON-ZERO ERROR CODE 2
WARNING: LAPACK DSYEV() RETURNED NON-ZERO ERROR CODE 2
WARNING: LAPACK DSYEV() RETURNED NON-ZERO ERROR CODE 3
WARNING: LAPACK DSYEV() RETURNED NON-ZERO ERROR CODE 3
WARNING: LAPACK DSYEV() RETURNED NON-ZERO ERROR CODE 3
WARNING: LAPACK DSYEV() RETURNED NON-ZERO ERROR CODE 3
WARNING: LAPACK DSYEV() RETURNED NON-ZERO ERROR CODE 3
WARNING: LAPACK DSYEV() RETURNED NON-ZERO ERROR CODE 3
WARNING: LAPACK DSYEV() RETURNED NON-ZERO ERROR CODE 3
WARNING: LAPACK DSYEV() RETURNED NON-ZERO ERROR CODE 2
WARNING: LAPACK DSYEV() RETURNED NON-ZERO ERROR CODE 3
WARNING: LAPACK DSYEV() RETURNED NON-ZERO ERROR CODE 2
WARNING: LAPACK DSYEV() RETURNED NON-ZERO ERROR CODE 2
WARNING: LAPACK DSYEV() RETURNED NON-ZERO ERROR CODE 3
WARNING: LAPACK DSYEV() RETURNED NON-ZERO ERROR CODE 3
WARNING: LAPACK DSYEV() RETURNED NON-ZERO ERROR CODE 2
WARNING: LAPACK DSYEV() RETURNED NON-ZERO ERROR CODE 3
WARNING: LAPACK DSYEV() RETURNED NON-ZERO ERROR CODE 3
WARNING: LAPACK DSYEV() RETURNED NON-ZERO ERROR CODE 2
WARNING: LAPACK DSYEV() RETURNED NON-ZERO ERROR CODE 2
WARNING: LAPACK DSYEV() RETURNED NON-ZERO ERROR CODE 2
WARNING: LAPACK DSYEV() RETURNED NON-ZERO ERROR CODE 2
WARNING: LAPACK DSYEV() RETURNED NON-ZERO ERROR CODE 2
WARNING: LAPACK DSYEV() RETURNED NON-ZERO ERROR CODE 3
WARNING: LAPACK DSYEV() RETURNED NON-ZERO ERROR CODE 3
WARNING: LAPACK DSYEV() RETURNED NON-ZERO ERROR CODE 2
WARNING: LAPACK DSYEV() RETURNED NON-ZERO ERROR CODE 2
WARNING: LAPACK DSYEV() RETURNED NON-ZERO ERROR CODE 3
WARNING: LAPACK DSYEV() RETURNED NON-ZERO ERROR CODE 2
WARNING: LAPACK DSYEV() RETURNED NON-ZERO ERROR CODE 2
WARNING: LAPACK DSYEV() RETURNED NON-ZERO ERROR CODE 3
WARNING: LAPACK DSYEV() RETURNED NON-ZERO ERROR CODE 2
WARNING: LAPACK DSYEV() RETURNED NON-ZERO ERROR CODE 3
WARNING: LAPACK DSYEV() RETURNED NON-ZERO ERROR CODE 2
WARNING: LAPACK DSYEV() RETURNED NON-ZERO ERROR CODE 2
WARNING: LAPACK DSYEV() RETURNED NON-ZERO ERROR CODE 3
WARNING: LAPACK DSYEV() RETURNED NON-ZERO ERROR CODE 2
WARNING: LAPACK DSYEV() RETURNED NON-ZERO ERROR CODE 2
WARNING: LAPACK DSYEV() RETURNED NON-ZERO ERROR CODE 3
WARNING: LAPACK DSYEV() RETURNED NON-ZERO ERROR CODE 3
WARNING: LAPACK DSYEV() RETURNED NON-ZERO ERROR CODE 2
WARNING: LAPACK DSYEV() RETURNED NON-ZERO ERROR CODE 2
WARNING: LAPACK DSYEV() RETURNED NON-ZERO ERROR CODE 2
WARNING: LAPACK DSYEV() RETURNED NON-ZERO ERROR CODE 2
WARNING: LAPACK DSYEV() RETURNED NON-ZERO ERROR CODE 2
WARNING: LAPACK DSYEV() RETURNED NON-ZERO ERROR CODE 2
WARNING: LAPACK DSYEV() RETURNED NON-ZERO ERROR CODE 2
WARNING: LAPACK DSYEV() RETURNED NON-ZERO ERROR CODE 2
WARNING: LAPACK DSYEV() RETURNED NON-ZERO ERROR CODE 2
WARNING: LAPACK DSYEV() RETURNED NON-ZERO ERROR CODE 3
WARNING: LAPACK DSYEV() RETURNED NON-ZERO ERROR CODE 2
WARNING: LAPACK DSYEV() RETURNED NON-ZERO ERROR CODE 3
WARNING: LAPACK DSYEV() RETURNED NON-ZERO ERROR CODE 3
WARNING: LAPACK DSYEV() RETURNED NON-ZERO ERROR CODE 2
WARNING: LAPACK DSYEV() RETURNED NON-ZERO ERROR CODE 3
WARNING: LAPACK DSYEV() RETURNED NON-ZERO ERROR CODE 2
WARNING: LAPACK DSYEV() RETURNED NON-ZERO ERROR CODE 2
WARNING: LAPACK DSYEV() RETURNED NON-ZERO ERROR CODE 3
WARNING: LAPACK DSYEV() RETURNED NON-ZERO ERROR CODE 3
WARNING: LAPACK DSYEV() RETURNED NON-ZERO ERROR CODE 3
WARNING: LAPACK DSYEV() RETURNED NON-ZERO ERROR CODE 2
WARNING: LAPACK DSYEV() RETURNED NON-ZERO ERROR CODE 3
WARNING: LAPACK DSYEV() RETURNED NON-ZERO ERROR CODE 2
WARNING: LAPACK DSYEV() RETURNED NON-ZERO ERROR CODE 3
WARNING: LAPACK DSYEV() RETURNED NON-ZERO ERROR CODE 2
WARNING: LAPACK DSYEV() RETURNED NON-ZERO ERROR CODE 2
WARNING: LAPACK DSYEV() RETURNED NON-ZERO ERROR CODE 3
WARNING: LAPACK DSYEV() RETURNED NON-ZERO ERROR CODE 2
WARNING: LAPACK DSYEV() RETURNED NON-ZERO ERROR CODE 2
WARNING: LAPACK DSYEV() RETURNED NON-ZERO ERROR CODE 3
WARNING: LAPACK DSYEV() RETURNED NON-ZERO ERROR CODE 2
WARNING: LAPACK DSYEV() RETURNED NON-ZERO ERROR CODE 3
WARNING: LAPACK DSYEV() RETURNED NON-ZERO ERROR CODE 3
WARNING: LAPACK DSYEV() RETURNED NON-ZERO ERROR CODE 3
WARNING: LAPACK DSYEV() RETURNED NON-ZERO ERROR CODE 3
WARNING: LAPACK DSYEV() RETURNED NON-ZERO ERROR CODE 3
WARNING: LAPACK DSYEV() RETURNED NON-ZERO ERROR CODE 2
WARNING: LAPACK DSYEV() RETURNED NON-ZERO ERROR CODE 3
WARNING: LAPACK DSYEV() RETURNED NON-ZERO ERROR CODE 3
WARNING: LAPACK DSYEV() RETURNED NON-ZERO ERROR CODE 3
WARNING: LAPACK DSYEV() RETURNED NON-ZERO ERROR CODE 2
WARNING: LAPACK DSYEV() RETURNED NON-ZERO ERROR CODE 3
WARNING: LAPACK DSYEV() RETURNED NON-ZERO ERROR CODE 2
WARNING: LAPACK DSYEV() RETURNED NON-ZERO ERROR CODE 3
WARNING: LAPACK DSYEV() RETURNED NON-ZERO ERROR CODE 2
WARNING: LAPACK DSYEV() RETURNED NON-ZERO ERROR CODE 3
WARNING: LAPACK DSYEV() RETURNED NON-ZERO ERROR CODE 3
WARNING: LAPACK DSYEV() RETURNED NON-ZERO ERROR CODE 2
WARNING: LAPACK DSYEV() RETURNED NON-ZERO ERROR CODE 2
WARNING: LAPACK DSYEV() RETURNED NON-ZERO ERROR CODE 3
WARNING: LAPACK DSYEV() RETURNED NON-ZERO ERROR CODE 3
WARNING: LAPACK DSYEV() RETURNED NON-ZERO ERROR CODE 3
WARNING: LAPACK DSYEV() RETURNED NON-ZERO ERROR CODE 3
WARNING: LAPACK DSYEV() RETURNED NON-ZERO ERROR CODE 3
WARNING: LAPACK DSYEV() RETURNED NON-ZERO ERROR CODE 2
WARNING: LAPACK DSYEV() RETURNED NON-ZERO ERROR CODE 2
WARNING: LAPACK DSYEV() RETURNED NON-ZERO ERROR CODE 2
WARNING: LAPACK DSYEV() RETURNED NON-ZERO ERROR CODE 2
WARNING: LAPACK DSYEV() RETURNED NON-ZERO ERROR CODE 2
WARNING: LAPACK DSYEV() RETURNED NON-ZERO ERROR CODE 3
Finished setting up data; running search...
ROUND 1 A#0 and B#0 = 85.5093
ROUND 2 A#1 and B#0 = 246.332
ROUND 3 A#2 and B#0 = 295.132
ROUND 4 A#3 and B#0 = 293.54
ROUND 5 A#4 and B#0 = 207.047
ROUND 6 A#5 and B#0 = 296.111
ROUND 7 A#6 and B#0 = 292.517
ROUND 8 A#7 and B#0 = 293.344
ROUND 9 A#8 and B#0 = 293.16
ROUND 10 A#9 and B#0 = 212.672
ROUND 11 A#10 and B#0 = 298.036
ROUND 12 A#11 and B#0 = 176.007
ROUND 13 A#12 and B#0 = 187.663
ROUND 14 A#13 and B#0 = 121.926
ROUND 15 A#14 and B#0 = 252.369
ROUND 16 A#15 and B#0 = 124.928
ROUND 17 A#16 and B#0 = 251.084
ROUND 18 A#17 and B#0 = 205.68
ROUND 19 A#18 and B#0 = 235.8
ROUND 20 A#19 and B#0 = 222.613
ROUND 21 A#20 and B#0 = 216.574
ROUND 22 A#21 and B#0 = 206.672
ROUND 23 A#22 and B#0 = 235.466
ROUND 24 A#23 and B#0 = 291.077
ROUND 25 A#24 and B#0 = 125.719
ROUND 26 A#25 and B#0 = 79.5486
ROUND 27 A#26 and B#0 = 131.473
ROUND 28 A#27 and B#0 = 265.879
ROUND 29 A#28 and B#0 = 159.133
ROUND 30 A#29 and B#0 = 257.707
ROUND 31 A#30 and B#0 = 256.87
ROUND 32 A#31 and B#0 = 96.2627
ROUND 33 A#32 and B#0 = 245.543
ROUND 34 A#33 and B#0 = 123.222
ROUND 35 A#34 and B#0 = 277.091
ROUND 36 A#35 and B#0 = 252.227
ROUND 37 A#36 and B#0 = 138.079
ROUND 38 A#37 and B#0 = 95.3994
ROUND 39 A#38 and B#0 = 266.363
ROUND 40 A#39 and B#0 = 265.572
ROUND 41 A#40 and B#0 = 110.274
ROUND 42 A#41 and B#0 = 109.011
ROUND 43 A#42 and B#0 = 131.675
ROUND 44 A#43 and B#0 = 189.078
ROUND 45 A#44 and B#0 = 128.762
ROUND 46 A#45 and B#0 = 187.462
ROUND 47 A#46 and B#0 = 128.358
ROUND 48 A#47 and B#0 = 185.465
ROUND 49 A#48 and B#0 = 103.045
ROUND 50 A#49 and B#0 = 253.403
ROUND 51 A#0 and B#1 = 232.155
ROUND 52 A#1 and B#1 = 217.005
ROUND 53 A#2 and B#1 = 138.673
ROUND 54 A#3 and B#1 = 172.147
ROUND 55 A#4 and B#1 = 220.481
ROUND 56 A#5 and B#1 = 170.562
ROUND 57 A#6 and B#1 = 179.419
ROUND 58 A#7 and B#1 = 171.112
ROUND 59 A#8 and B#1 = 214.793
ROUND 60 A#9 and B#1 = 307.658
ROUND 61 A#10 and B#1 = 168.212
ROUND 62 A#11 and B#1 = 297.179
ROUND 63 A#12 and B#1 = 306.522
ROUND 64 A#13 and B#1 = 170.304
ROUND 65 A#14 and B#1 = 197.037
ROUND 66 A#15 and B#1 = 264.478
ROUND 67 A#16 and B#1 = 259.271
ROUND 68 A#17 and B#1 = 198.228
ROUND 69 A#18 and B#1 = 236.874
ROUND 70 A#19 and B#1 = 225.954
ROUND 71 A#20 and B#1 = 254.303
ROUND 72 A#21 and B#1 = 228.901
ROUND 73 A#22 and B#1 = 237.075
ROUND 74 A#23 and B#1 = 213.565
ROUND 75 A#24 and B#1 = 195.902
ROUND 76 A#25 and B#1 = 156.301
ROUND 77 A#26 and B#1 = 247.649
ROUND 78 A#27 and B#1 = 71.8312
ROUND 79 A#28 and B#1 = 69.4332
ROUND 80 A#29 and B#1 = 224.589
ROUND 81 A#30 and B#1 = 82.342
ROUND 82 A#31 and B#1 = 252.014
ROUND 83 A#32 and B#1 = 225.921
ROUND 84 A#33 and B#1 = 282.374
ROUND 85 A#34 and B#1 = 99.6161
ROUND 86 A#35 and B#1 = 264.847
ROUND 87 A#36 and B#1 = 229.369
ROUND 88 A#37 and B#1 = 280.968
ROUND 89 A#38 and B#1 = 249.426
ROUND 90 A#39 and B#1 = 249.578
ROUND 91 A#40 and B#1 = 168.3
ROUND 92 A#41 and B#1 = 171.222
ROUND 93 A#42 and B#1 = 153.221
ROUND 94 A#43 and B#1 = 268.764
ROUND 95 A#44 and B#1 = 236.692
ROUND 96 A#45 and B#1 = 246.605
ROUND 97 A#46 and B#1 = 235.638
ROUND 98 A#47 and B#1 = 246.828
ROUND 99 A#48 and B#1 = 231.771
ROUND 100 A#49 and B#1 = 248.574
ROUND 101 A#0 and B#2 = 232.711
ROUND 102 A#1 and B#2 = 218.401
ROUND 103 A#2 and B#2 = 139.532
ROUND 104 A#3 and B#2 = 169.655
ROUND 105 A#4 and B#2 = 217.93
ROUND 106 A#5 and B#2 = 167.771
ROUND 107 A#6 and B#2 = 174.401
ROUND 108 A#7 and B#2 = 294.739
ROUND 109 A#8 and B#2 = 209.79
ROUND 110 A#9 and B#2 = 305.521
ROUND 111 A#10 and B#2 = 170.255
ROUND 112 A#11 and B#2 = 295.681
ROUND 113 A#12 and B#2 = 304.387
ROUND 114 A#13 and B#2 = 163.862
ROUND 115 A#14 and B#2 = 198.146
ROUND 116 A#15 and B#2 = 216.897
ROUND 117 A#16 and B#2 = 262.598
ROUND 118 A#17 and B#2 = 199.272
ROUND 119 A#18 and B#2 = 225.425
ROUND 120 A#19 and B#2 = 225.998
ROUND 121 A#20 and B#2 = 255.221
ROUND 122 A#21 and B#2 = 228.811
ROUND 123 A#22 and B#2 = 225.582
ROUND 124 A#23 and B#2 = 208.482
ROUND 125 A#24 and B#2 = 196.788
ROUND 126 A#25 and B#2 = 153.942
ROUND 127 A#26 and B#2 = 247.999
ROUND 128 A#27 and B#2 = 251.422
ROUND 129 A#28 and B#2 = 236.092
ROUND 130 A#29 and B#2 = 225.052
ROUND 131 A#30 and B#2 = 93.6675
ROUND 132 A#31 and B#2 = 252.958
ROUND 133 A#32 and B#2 = 198.842
ROUND 134 A#33 and B#2 = 283.916
ROUND 135 A#34 and B#2 = 121.421
ROUND 136 A#35 and B#2 = 267.11
ROUND 137 A#36 and B#2 = 229.818
ROUND 138 A#37 and B#2 = 280.908
ROUND 139 A#38 and B#2 = 250.384
ROUND 140 A#39 and B#2 = 250.543
ROUND 141 A#40 and B#2 = 165.346
ROUND 142 A#41 and B#2 = 168.321
ROUND 143 A#42 and B#2 = 248.084
ROUND 144 A#43 and B#2 = 166.719
ROUND 145 A#44 and B#2 = 210.466
ROUND 146 A#45 and B#2 = 166.998
ROUND 147 A#46 and B#2 = 235.892
ROUND 148 A#47 and B#2 = 164.652
ROUND 149 A#48 and B#2 = 232.252
ROUND 150 A#49 and B#2 = 249.641
ROUND 151 A#0 and B#3 = 249.684
ROUND 152 A#1 and B#3 = 239.827
ROUND 153 A#2 and B#3 = 235.689
ROUND 154 A#3 and B#3 = 210.416
ROUND 155 A#4 and B#3 = 132.217
ROUND 156 A#5 and B#3 = 210.642
ROUND 157 A#6 and B#3 = 185.792
ROUND 158 A#7 and B#3 = 210.187
ROUND 159 A#8 and B#3 = 137.005
ROUND 160 A#9 and B#3 = 292.551
ROUND 161 A#10 and B#3 = 210.763
ROUND 162 A#11 and B#3 = 123.5
ROUND 163 A#12 and B#3 = 288.474
ROUND 164 A#13 and B#3 = 138.774
ROUND 165 A#14 and B#3 = 201.828
ROUND 166 A#15 and B#3 = 199.929
ROUND 167 A#16 and B#3 = 227.056
ROUND 168 A#17 and B#3 = 202.179
ROUND 169 A#18 and B#3 = 229.999
ROUND 170 A#19 and B#3 = 226.869
ROUND 171 A#20 and B#3 = 215.57
ROUND 172 A#21 and B#3 = 272.334
ROUND 173 A#22 and B#3 = 229.822
ROUND 174 A#23 and B#3 = 138.578
ROUND 175 A#24 and B#3 = 267.992
ROUND 176 A#25 and B#3 = 249.078
ROUND 177 A#26 and B#3 = 225.484
ROUND 178 A#27 and B#3 = 174.322
ROUND 179 A#28 and B#3 = 151.418
ROUND 180 A#29 and B#3 = 236.674
ROUND 181 A#30 and B#3 = 175.44
ROUND 182 A#31 and B#3 = 239.509
ROUND 183 A#32 and B#3 = 215.037
ROUND 184 A#33 and B#3 = 235.266
ROUND 185 A#34 and B#3 = 237.128
ROUND 186 A#35 and B#3 = 249.506
ROUND 187 A#36 and B#3 = 210.444
ROUND 188 A#37 and B#3 = 259.647
ROUND 189 A#38 and B#3 = 183.329
ROUND 190 A#39 and B#3 = 182.412
ROUND 191 A#40 and B#3 = 238.532
ROUND 192 A#41 and B#3 = 238.574
ROUND 193 A#42 and B#3 = 236.05
ROUND 194 A#43 and B#3 = 275.164
ROUND 195 A#44 and B#3 = 207.154
ROUND 196 A#45 and B#3 = 279.433
ROUND 197 A#46 and B#3 = 205.545
ROUND 198 A#47 and B#3 = 280.062
ROUND 199 A#48 and B#3 = 246.258
ROUND 200 A#49 and B#3 = 269.176
ROUND 201 A#0 and B#4 = 119.557
ROUND 202 A#1 and B#4 = 223.671
ROUND 203 A#2 and B#4 = 118.559
ROUND 204 A#3 and B#4 = 134.579
ROUND 205 A#4 and B#4 = 235.369
ROUND 206 A#5 and B#4 = 194.097
ROUND 207 A#6 and B#4 = 193.535
ROUND 208 A#7 and B#4 = 160.7
ROUND 209 A#8 and B#4 = 188.205
ROUND 210 A#9 and B#4 = 208.672
ROUND 211 A#10 and B#4 = 193.656
ROUND 212 A#11 and B#4 = 185.241
ROUND 213 A#12 and B#4 = 218.509
ROUND 214 A#13 and B#4 = 120.976
ROUND 215 A#14 and B#4 = 124.902
ROUND 216 A#15 and B#4 = 263.082
ROUND 217 A#16 and B#4 = 252.11
ROUND 218 A#17 and B#4 = 124.71
ROUND 219 A#18 and B#4 = 232.335
ROUND 220 A#19 and B#4 = 205.105
ROUND 221 A#20 and B#4 = 211.729
ROUND 222 A#21 and B#4 = 219.866
ROUND 223 A#22 and B#4 = 232.652
ROUND 224 A#23 and B#4 = 185.972
ROUND 225 A#24 and B#4 = 104.871
ROUND 226 A#25 and B#4 = 215.37
ROUND 227 A#26 and B#4 = 248.227
ROUND 228 A#27 and B#4 = 243.38
ROUND 229 A#28 and B#4 = 206.597
ROUND 230 A#29 and B#4 = 199.649
ROUND 231 A#30 and B#4 = 233.038
ROUND 232 A#31 and B#4 = 224.145
ROUND 233 A#32 and B#4 = 205.042
ROUND 234 A#33 and B#4 = 198.843
ROUND 235 A#34 and B#4 = 185.686
ROUND 236 A#35 and B#4 = 256.683
ROUND 237 A#36 and B#4 = 226.958
ROUND 238 A#37 and B#4 = 267.795
ROUND 239 A#38 and B#4 = 248.524
ROUND 240 A#39 and B#4 = 91.8404
ROUND 241 A#40 and B#4 = 202.947
ROUND 242 A#41 and B#4 = 201.061
ROUND 243 A#42 and B#4 = 202.134
ROUND 244 A#43 and B#4 = 216.154
ROUND 245 A#44 and B#4 = 200.715
ROUND 246 A#45 and B#4 = 147.267
ROUND 247 A#46 and B#4 = 201.22
ROUND 248 A#47 and B#4 = 147.888
ROUND 249 A#48 and B#4 = 231.346
ROUND 250 A#49 and B#4 = 87.4397
ROUND 251 A#0 and B#5 = 167.34
ROUND 252 A#1 and B#5 = 218.12
ROUND 253 A#2 and B#5 = 208.597
ROUND 254 A#3 and B#5 = 209.903
ROUND 255 A#4 and B#5 = 234.764
ROUND 256 A#5 and B#5 = 232.561
ROUND 257 A#6 and B#5 = 206.725
ROUND 258 A#7 and B#5 = 209.753
ROUND 259 A#8 and B#5 = 204.967
ROUND 260 A#9 and B#5 = 295.224
ROUND 261 A#10 and B#5 = 210.279
ROUND 262 A#11 and B#5 = 237.994
ROUND 263 A#12 and B#5 = 293.703
ROUND 264 A#13 and B#5 = 230.137
ROUND 265 A#14 and B#5 = 187.493
ROUND 266 A#15 and B#5 = 96.4928
ROUND 267 A#16 and B#5 = 173.419
ROUND 268 A#17 and B#5 = 188.291
ROUND 269 A#18 and B#5 = 268.167
ROUND 270 A#19 and B#5 = 251.072
ROUND 271 A#20 and B#5 = 251.077
ROUND 272 A#21 and B#5 = 200.582
ROUND 273 A#22 and B#5 = 268.063
ROUND 274 A#23 and B#5 = 207.094
ROUND 275 A#24 and B#5 = 177.507
ROUND 276 A#25 and B#5 = 154.503
ROUND 277 A#26 and B#5 = 95.507
ROUND 278 A#27 and B#5 = 130.146
ROUND 279 A#28 and B#5 = 155.19
ROUND 280 A#29 and B#5 = 263.163
ROUND 281 A#30 and B#5 = 167.63
ROUND 282 A#31 and B#5 = 210.847
ROUND 283 A#32 and B#5 = 215.805
ROUND 284 A#33 and B#5 = 234.516
ROUND 285 A#34 and B#5 = 238.585
ROUND 286 A#35 and B#5 = 199.486
ROUND 287 A#36 and B#5 = 204.852
ROUND 288 A#37 and B#5 = 260.412
ROUND 289 A#38 and B#5 = 175.802
ROUND 290 A#39 and B#5 = 174.921
ROUND 291 A#40 and B#5 = 183.737
ROUND 292 A#41 and B#5 = 183.757
ROUND 293 A#42 and B#5 = 237.329
ROUND 294 A#43 and B#5 = 238.018
ROUND 295 A#44 and B#5 = 98.3915
ROUND 296 A#45 and B#5 = 241.906
ROUND 297 A#46 and B#5 = 94.1131
ROUND 298 A#47 and B#5 = 239.526
ROUND 299 A#48 and B#5 = 185.472
ROUND 300 A#49 and B#5 = 159.506
ROUND 301 A#0 and B#6 = 259.626
ROUND 302 A#1 and B#6 = 188.206
ROUND 303 A#2 and B#6 = 234.608
ROUND 304 A#3 and B#6 = 236.671
ROUND 305 A#4 and B#6 = 224.56
ROUND 306 A#5 and B#6 = 234.077
ROUND 307 A#6 and B#6 = 229.912
ROUND 308 A#7 and B#6 = 144.914
ROUND 309 A#8 and B#6 = 239.854
ROUND 310 A#9 and B#6 = 34.3788
ROUND 311 A#10 and B#6 = 237.308
ROUND 312 A#11 and B#6 = 70.926
ROUND 313 A#12 and B#6 = 39.0909
ROUND 314 A#13 and B#6 = 217.226
ROUND 315 A#14 and B#6 = 283.091
ROUND 316 A#15 and B#6 = 343.493
ROUND 317 A#16 and B#6 = 133.78
ROUND 318 A#17 and B#6 = 282.027
ROUND 319 A#18 and B#6 = 333.768
ROUND 320 A#19 and B#6 = 330.827
ROUND 321 A#20 and B#6 = 315.765
ROUND 322 A#21 and B#6 = 196.942
ROUND 323 A#22 and B#6 = 333.159
ROUND 324 A#23 and B#6 = 242.142
ROUND 325 A#24 and B#6 = 211.736
ROUND 326 A#25 and B#6 = 196.564
ROUND 327 A#26 and B#6 = 238.964
ROUND 328 A#27 and B#6 = 152.733
ROUND 329 A#28 and B#6 = 186.081
ROUND 330 A#29 and B#6 = 353.578
ROUND 331 A#30 and B#6 = 160.117
ROUND 332 A#31 and B#6 = 232.359
ROUND 333 A#32 and B#6 = 272.307
ROUND 334 A#33 and B#6 = 281.208
ROUND 335 A#34 and B#6 = 182.725
ROUND 336 A#35 and B#6 = 213.393
ROUND 337 A#36 and B#6 = 323.802
ROUND 338 A#37 and B#6 = 282.413
ROUND 339 A#38 and B#6 = 175.218
ROUND 340 A#39 and B#6 = 174.706
ROUND 341 A#40 and B#6 = 299.472
ROUND 342 A#41 and B#6 = 295.885
ROUND 343 A#42 and B#6 = 285.962
ROUND 344 A#43 and B#6 = 290.613
ROUND 345 A#44 and B#6 = 258.102
ROUND 346 A#45 and B#6 = 284.209
ROUND 347 A#46 and B#6 = 257.829
ROUND 348 A#47 and B#6 = 286.338
ROUND 349 A#48 and B#6 = 258.908
ROUND 350 A#49 and B#6 = 177.786
ROUND 351 A#0 and B#7 = 206.511
ROUND 352 A#1 and B#7 = 216.858
ROUND 353 A#2 and B#7 = 133.87
ROUND 354 A#3 and B#7 = 165.588
ROUND 355 A#4 and B#7 = 213.974
ROUND 356 A#5 and B#7 = 163.7
ROUND 357 A#6 and B#7 = 174.598
ROUND 358 A#7 and B#7 = 162.958
ROUND 359 A#8 and B#7 = 209.841
ROUND 360 A#9 and B#7 = 306.578
ROUND 361 A#10 and B#7 = 167.161
ROUND 362 A#11 and B#7 = 300.079
ROUND 363 A#12 and B#7 = 160.037
ROUND 364 A#13 and B#7 = 166.253
ROUND 365 A#14 and B#7 = 196.931
ROUND 366 A#15 and B#7 = 216.103
ROUND 367 A#16 and B#7 = 259.443
ROUND 368 A#17 and B#7 = 198.071
ROUND 369 A#18 and B#7 = 139.222
ROUND 370 A#19 and B#7 = 226.177
ROUND 371 A#20 and B#7 = 251.86
ROUND 372 A#21 and B#7 = 226.829
ROUND 373 A#22 and B#7 = 140.143
ROUND 374 A#23 and B#7 = 209.15
ROUND 375 A#24 and B#7 = 196.364
ROUND 376 A#25 and B#7 = 154.999
ROUND 377 A#26 and B#7 = 246.053
ROUND 378 A#27 and B#7 = 71.4585
ROUND 379 A#28 and B#7 = 111.135
ROUND 380 A#29 and B#7 = 224.428
ROUND 381 A#30 and B#7 = 82.0565
ROUND 382 A#31 and B#7 = 225.183
ROUND 383 A#32 and B#7 = 225.895
ROUND 384 A#33 and B#7 = 282.506
ROUND 385 A#34 and B#7 = 101.178
ROUND 386 A#35 and B#7 = 262.997
ROUND 387 A#36 and B#7 = 236.55
ROUND 388 A#37 and B#7 = 230.024
ROUND 389 A#38 and B#7 = 249.015
ROUND 390 A#39 and B#7 = 249.155
ROUND 391 A#40 and B#7 = 168.032
ROUND 392 A#41 and B#7 = 170.68
ROUND 393 A#42 and B#7 = 154.265
ROUND 394 A#43 and B#7 = 159.597
ROUND 395 A#44 and B#7 = 209.832
ROUND 396 A#45 and B#7 = 160.115
ROUND 397 A#46 and B#7 = 234.993
ROUND 398 A#47 and B#7 = 157.872
ROUND 399 A#48 and B#7 = 231.209
ROUND 400 A#49 and B#7 = 248.16
ROUND 401 A#0 and B#8 = 216.259
ROUND 402 A#1 and B#8 = 301.506
ROUND 403 A#2 and B#8 = 215.766
ROUND 404 A#3 and B#8 = 236.664
ROUND 405 A#4 and B#8 = 213.741
ROUND 406 A#5 and B#8 = 238.052
ROUND 407 A#6 and B#8 = 237.179
ROUND 408 A#7 and B#8 = 237.069
ROUND 409 A#8 and B#8 = 236.685
ROUND 410 A#9 and B#8 = 238.053
ROUND 411 A#10 and B#8 = 242.42
ROUND 412 A#11 and B#8 = 217.119
ROUND 413 A#12 and B#8 = 77.8763
ROUND 414 A#13 and B#8 = 240.421
ROUND 415 A#14 and B#8 = 250.056
ROUND 416 A#15 and B#8 = 274.464
ROUND 417 A#16 and B#8 = 278.026
ROUND 418 A#17 and B#8 = 255.935
ROUND 419 A#18 and B#8 = 225.403
ROUND 420 A#19 and B#8 = 199.928
ROUND 421 A#20 and B#8 = 223.619
ROUND 422 A#21 and B#8 = 283.871
ROUND 423 A#22 and B#8 = 225.392
ROUND 424 A#23 and B#8 = 237.145
ROUND 425 A#24 and B#8 = 267.036
ROUND 426 A#25 and B#8 = 246.011
ROUND 427 A#26 and B#8 = 292.577
ROUND 428 A#27 and B#8 = 197.14
ROUND 429 A#28 and B#8 = 240.738
ROUND 430 A#29 and B#8 = 308.324
ROUND 431 A#30 and B#8 = 209.614
ROUND 432 A#31 and B#8 = 253.872
ROUND 433 A#32 and B#8 = 232.659
ROUND 434 A#33 and B#8 = 243.715
ROUND 435 A#34 and B#8 = 222.749
ROUND 436 A#35 and B#8 = 272.282
ROUND 437 A#36 and B#8 = 231.755
ROUND 438 A#37 and B#8 = 232.412
ROUND 439 A#38 and B#8 = 216.752
ROUND 440 A#39 and B#8 = 216.085
ROUND 441 A#40 and B#8 = 234.904
ROUND 442 A#41 and B#8 = 236.794
ROUND 443 A#42 and B#8 = 235.333
ROUND 444 A#43 and B#8 = 314.706
ROUND 445 A#44 and B#8 = 264.188
ROUND 446 A#45 and B#8 = 314.593
ROUND 447 A#46 and B#8 = 263.546
ROUND 448 A#47 and B#8 = 312.79
ROUND 449 A#48 and B#8 = 214.775
ROUND 450 A#49 and B#8 = 254.862
ROUND 451 A#0 and B#9 = 215.828
ROUND 452 A#1 and B#9 = 301.75
ROUND 453 A#2 and B#9 = 211.322
ROUND 454 A#3 and B#9 = 234.568
ROUND 455 A#4 and B#9 = 215.507
ROUND 456 A#5 and B#9 = 235.579
ROUND 457 A#6 and B#9 = 238.457
ROUND 458 A#7 and B#9 = 234.005
ROUND 459 A#8 and B#9 = 226.577
ROUND 460 A#9 and B#9 = 210.821
ROUND 461 A#10 and B#9 = 235.842
ROUND 462 A#11 and B#9 = 216.893
ROUND 463 A#12 and B#9 = 308.797
ROUND 464 A#13 and B#9 = 238.706
ROUND 465 A#14 and B#9 = 250.828
ROUND 466 A#15 and B#9 = 275.761
ROUND 467 A#16 and B#9 = 276.126
ROUND 468 A#17 and B#9 = 256.666
ROUND 469 A#18 and B#9 = 225.127
ROUND 470 A#19 and B#9 = 199.909
ROUND 471 A#20 and B#9 = 201.13
ROUND 472 A#21 and B#9 = 284.188
ROUND 473 A#22 and B#9 = 225.395
ROUND 474 A#23 and B#9 = 223.889
ROUND 475 A#24 and B#9 = 268.792
ROUND 476 A#25 and B#9 = 246.958
ROUND 477 A#26 and B#9 = 293.237
ROUND 478 A#27 and B#9 = 196.903
ROUND 479 A#28 and B#9 = 208.087
ROUND 480 A#29 and B#9 = 307.475
ROUND 481 A#30 and B#9 = 256.24
ROUND 482 A#31 and B#9 = 254.21
ROUND 483 A#32 and B#9 = 233.055
ROUND 484 A#33 and B#9 = 240.923
ROUND 485 A#34 and B#9 = 223.044
ROUND 486 A#35 and B#9 = 276.812
ROUND 487 A#36 and B#9 = 220.968
ROUND 488 A#37 and B#9 = 231.723
ROUND 489 A#38 and B#9 = 252.492
ROUND 490 A#39 and B#9 = 252.421
ROUND 491 A#40 and B#9 = 280.466
ROUND 492 A#41 and B#9 = 280.574
ROUND 493 A#42 and B#9 = 297.08
ROUND 494 A#43 and B#9 = 314.309
ROUND 495 A#44 and B#9 = 265.22
ROUND 496 A#45 and B#9 = 314.313
ROUND 497 A#46 and B#9 = 264.923
ROUND 498 A#47 and B#9 = 312.408
ROUND 499 A#48 and B#9 = 214.733
ROUND 500 A#49 and B#9 = 171.276
ROUND 501 A#0 and B#10 = 251.83
ROUND 502 A#1 and B#10 = 239.776
ROUND 503 A#2 and B#10 = 235.419
ROUND 504 A#3 and B#10 = 210.533
ROUND 505 A#4 and B#10 = 138.698
ROUND 506 A#5 and B#10 = 103.289
ROUND 507 A#6 and B#10 = 185.772
ROUND 508 A#7 and B#10 = 210.151
ROUND 509 A#8 and B#10 = 139.753
ROUND 510 A#9 and B#10 = 297.151
ROUND 511 A#10 and B#10 = 210.624
ROUND 512 A#11 and B#10 = 126.914
ROUND 513 A#12 and B#10 = 290.675
ROUND 514 A#13 and B#10 = 228.428
ROUND 515 A#14 and B#10 = 204.737
ROUND 516 A#15 and B#10 = 199.346
ROUND 517 A#16 and B#10 = 270.31
ROUND 518 A#17 and B#10 = 205.276
ROUND 519 A#18 and B#10 = 250.914
ROUND 520 A#19 and B#10 = 227.728
ROUND 521 A#20 and B#10 = 256.556
ROUND 522 A#21 and B#10 = 273.661
ROUND 523 A#22 and B#10 = 250.706
ROUND 524 A#23 and B#10 = 140.837
ROUND 525 A#24 and B#10 = 272.068
ROUND 526 A#25 and B#10 = 249.225
ROUND 527 A#26 and B#10 = 228.476
ROUND 528 A#27 and B#10 = 172.059
ROUND 529 A#28 and B#10 = 151.643
ROUND 530 A#29 and B#10 = 264.439
ROUND 531 A#30 and B#10 = 172.572
ROUND 532 A#31 and B#10 = 244.103
ROUND 533 A#32 and B#10 = 195.229
ROUND 534 A#33 and B#10 = 235.508
ROUND 535 A#34 and B#10 = 253.183
ROUND 536 A#35 and B#10 = 200.167
ROUND 537 A#36 and B#10 = 210.585
ROUND 538 A#37 and B#10 = 259.604
ROUND 539 A#38 and B#10 = 180.178
ROUND 540 A#39 and B#10 = 179.277
ROUND 541 A#40 and B#10 = 238.491
ROUND 542 A#41 and B#10 = 184.419
ROUND 543 A#42 and B#10 = 239.292
ROUND 544 A#43 and B#10 = 276.028
ROUND 545 A#44 and B#10 = 211.837
ROUND 546 A#45 and B#10 = 280.76
ROUND 547 A#46 and B#10 = 213.448
ROUND 548 A#47 and B#10 = 280.335
ROUND 549 A#48 and B#10 = 246.928
ROUND 550 A#49 and B#10 = 160.059
ROUND 551 A#0 and B#11 = 232.261
ROUND 552 A#1 and B#11 = 218.077
ROUND 553 A#2 and B#11 = 140.212
ROUND 554 A#3 and B#11 = 169.563
ROUND 555 A#4 and B#11 = 218.563
ROUND 556 A#5 and B#11 = 167.759
ROUND 557 A#6 and B#11 = 174.92
ROUND 558 A#7 and B#11 = 293.608
ROUND 559 A#8 and B#11 = 210.084
ROUND 560 A#9 and B#11 = 305.651
ROUND 561 A#10 and B#11 = 170.173
ROUND 562 A#11 and B#11 = 295.923
ROUND 563 A#12 and B#11 = 304.534
ROUND 564 A#13 and B#11 = 164.046
ROUND 565 A#14 and B#11 = 197.914
ROUND 566 A#15 and B#11 = 216.808
ROUND 567 A#16 and B#11 = 261.774
ROUND 568 A#17 and B#11 = 199.049
ROUND 569 A#18 and B#11 = 224.871
ROUND 570 A#19 and B#11 = 226.011
ROUND 571 A#20 and B#11 = 254.99
ROUND 572 A#21 and B#11 = 228.313
ROUND 573 A#22 and B#11 = 225.051
ROUND 574 A#23 and B#11 = 208.809
ROUND 575 A#24 and B#11 = 196.662
ROUND 576 A#25 and B#11 = 155.163
ROUND 577 A#26 and B#11 = 247.89
ROUND 578 A#27 and B#11 = 251.222
ROUND 579 A#28 and B#11 = 236.146
ROUND 580 A#29 and B#11 = 223.349
ROUND 581 A#30 and B#11 = 242.859
ROUND 582 A#31 and B#11 = 252.748
ROUND 583 A#32 and B#11 = 199.568
ROUND 584 A#33 and B#11 = 283.661
ROUND 585 A#34 and B#11 = 121.44
ROUND 586 A#35 and B#11 = 266.273
ROUND 587 A#36 and B#11 = 229.864
ROUND 588 A#37 and B#11 = 280.631
ROUND 589 A#38 and B#11 = 250.577
ROUND 590 A#39 and B#11 = 250.742
ROUND 591 A#40 and B#11 = 168.065
ROUND 592 A#41 and B#11 = 171.038
ROUND 593 A#42 and B#11 = 248.083
ROUND 594 A#43 and B#11 = 167.607
ROUND 595 A#44 and B#11 = 236.63
ROUND 596 A#45 and B#11 = 167.985
ROUND 597 A#46 and B#11 = 235.732
ROUND 598 A#47 and B#11 = 165.592
ROUND 599 A#48 and B#11 = 231.857
ROUND 600 A#49 and B#11 = 249.814
ROUND 601 A#0 and B#12 = 225.325
ROUND 602 A#1 and B#12 = 208.687
ROUND 603 A#2 and B#12 = 325.278
ROUND 604 A#3 and B#12 = 194.498
ROUND 605 A#4 and B#12 = 235.1
ROUND 606 A#5 and B#12 = 227.877
ROUND 607 A#6 and B#12 = 243.191
ROUND 608 A#7 and B#12 = 230.816
ROUND 609 A#8 and B#12 = 261.584
ROUND 610 A#9 and B#12 = 252.752
ROUND 611 A#10 and B#12 = 321.701
ROUND 612 A#11 and B#12 = 244.939
ROUND 613 A#12 and B#12 = 41.1612
ROUND 614 A#13 and B#12 = 283.03
ROUND 615 A#14 and B#12 = 262.301
ROUND 616 A#15 and B#12 = 150.149
ROUND 617 A#16 and B#12 = 216.461
ROUND 618 A#17 and B#12 = 261.708
ROUND 619 A#18 and B#12 = 237.988
ROUND 620 A#19 and B#12 = 225.857
ROUND 621 A#20 and B#12 = 192.367
ROUND 622 A#21 and B#12 = 213.749
ROUND 623 A#22 and B#12 = 237.991
ROUND 624 A#23 and B#12 = 261.338
ROUND 625 A#24 and B#12 = 230.513
ROUND 626 A#25 and B#12 = 291.328
ROUND 627 A#26 and B#12 = 130.968
ROUND 628 A#27 and B#12 = 307.011
ROUND 629 A#28 and B#12 = 211.415
ROUND 630 A#29 and B#12 = 239.342
ROUND 631 A#30 and B#12 = 247.593
ROUND 632 A#31 and B#12 = 191.502
ROUND 633 A#32 and B#12 = 270.752
ROUND 634 A#33 and B#12 = 257.13
ROUND 635 A#34 and B#12 = 263.362
ROUND 636 A#35 and B#12 = 240.274
ROUND 637 A#36 and B#12 = 96.9824
ROUND 638 A#37 and B#12 = 237.283
ROUND 639 A#38 and B#12 = 298.835
ROUND 640 A#39 and B#12 = 298.823
ROUND 641 A#40 and B#12 = 238.171
ROUND 642 A#41 and B#12 = 238.13
ROUND 643 A#42 and B#12 = 255.893
ROUND 644 A#43 and B#12 = 96.7699
ROUND 645 A#44 and B#12 = 152.228
ROUND 646 A#45 and B#12 = 100.681
ROUND 647 A#46 and B#12 = 148.539
ROUND 648 A#47 and B#12 = 98.4178
ROUND 649 A#48 and B#12 = 189.514
ROUND 650 A#49 and B#12 = 292.088
ROUND 651 A#0 and B#13 = 210.411
ROUND 652 A#1 and B#13 = 208.401
ROUND 653 A#2 and B#13 = 227.603
ROUND 654 A#3 and B#13 = 265.433
ROUND 655 A#4 and B#13 = 232.58
ROUND 656 A#5 and B#13 = 266.044
ROUND 657 A#6 and B#13 = 265.951
ROUND 658 A#7 and B#13 = 266.006
ROUND 659 A#8 and B#13 = 265.737
ROUND 660 A#9 and B#13 = 246.49
ROUND 661 A#10 and B#13 = 266.194
ROUND 662 A#11 and B#13 = 225.988
ROUND 663 A#12 and B#13 = 247.443
ROUND 664 A#13 and B#13 = 284.911
ROUND 665 A#14 and B#13 = 270.339
ROUND 666 A#15 and B#13 = 198.858
ROUND 667 A#16 and B#13 = 206.318
ROUND 668 A#17 and B#13 = 208.764
ROUND 669 A#18 and B#13 = 222.255
ROUND 670 A#19 and B#13 = 197.41
ROUND 671 A#20 and B#13 = 193.635
ROUND 672 A#21 and B#13 = 202.544
ROUND 673 A#22 and B#13 = 222.204
ROUND 674 A#23 and B#13 = 265.83
ROUND 675 A#24 and B#13 = 210.955
ROUND 676 A#25 and B#13 = 248.76
ROUND 677 A#26 and B#13 = 198.235
ROUND 678 A#27 and B#13 = 213.396
ROUND 679 A#28 and B#13 = 189.308
ROUND 680 A#29 and B#13 = 248.786
ROUND 681 A#30 and B#13 = 210.415
ROUND 682 A#31 and B#13 = 205.668
ROUND 683 A#32 and B#13 = 248.447
ROUND 684 A#33 and B#13 = 117.862
ROUND 685 A#34 and B#13 = 220.226
ROUND 686 A#35 and B#13 = 278.352
ROUND 687 A#36 and B#13 = 193.787
ROUND 688 A#37 and B#13 = 242.907
ROUND 689 A#38 and B#13 = 240.025
ROUND 690 A#39 and B#13 = 238.906
ROUND 691 A#40 and B#13 = 282.226
ROUND 692 A#41 and B#13 = 282.044
ROUND 693 A#42 and B#13 = 216.142
ROUND 694 A#43 and B#13 = 255.041
ROUND 695 A#44 and B#13 = 210.565
ROUND 696 A#45 and B#13 = 254.894
ROUND 697 A#46 and B#13 = 213.694
ROUND 698 A#47 and B#13 = 248.653
ROUND 699 A#48 and B#13 = 206.2
ROUND 700 A#49 and B#13 = 238.972
ROUND 701 A#0 and B#14 = 246.254
ROUND 702 A#1 and B#14 = 232.242
ROUND 703 A#2 and B#14 = 235.403
ROUND 704 A#3 and B#14 = 210.43
ROUND 705 A#4 and B#14 = 142.573
ROUND 706 A#5 and B#14 = 112.116
ROUND 707 A#6 and B#14 = 184.348
ROUND 708 A#7 and B#14 = 210.517
ROUND 709 A#8 and B#14 = 205.157
ROUND 710 A#9 and B#14 = 134.608
ROUND 711 A#10 and B#14 = 112.083
ROUND 712 A#11 and B#14 = 122.124
ROUND 713 A#12 and B#14 = 289.445
ROUND 714 A#13 and B#14 = 153.557
ROUND 715 A#14 and B#14 = 215.09
ROUND 716 A#15 and B#14 = 202.242
ROUND 717 A#16 and B#14 = 228.187
ROUND 718 A#17 and B#14 = 215.915
ROUND 719 A#18 and B#14 = 249.901
ROUND 720 A#19 and B#14 = 222.184
ROUND 721 A#20 and B#14 = 214.548
ROUND 722 A#21 and B#14 = 269.778
ROUND 723 A#22 and B#14 = 249.796
ROUND 724 A#23 and B#14 = 207.922
ROUND 725 A#24 and B#14 = 223.175
ROUND 726 A#25 and B#14 = 128.759
ROUND 727 A#26 and B#14 = 222.66
ROUND 728 A#27 and B#14 = 169.884
ROUND 729 A#28 and B#14 = 157.525
ROUND 730 A#29 and B#14 = 236.562
ROUND 731 A#30 and B#14 = 264.2
ROUND 732 A#31 and B#14 = 215.639
ROUND 733 A#32 and B#14 = 215.403
ROUND 734 A#33 and B#14 = 275.219
ROUND 735 A#34 and B#14 = 253.234
ROUND 736 A#35 and B#14 = 236.055
ROUND 737 A#36 and B#14 = 207.574
ROUND 738 A#37 and B#14 = 259.094
ROUND 739 A#38 and B#14 = 267.085
ROUND 740 A#39 and B#14 = 194.885
ROUND 741 A#40 and B#14 = 238.528
ROUND 742 A#41 and B#14 = 238.545
ROUND 743 A#42 and B#14 = 238.662
ROUND 744 A#43 and B#14 = 267.115
ROUND 745 A#44 and B#14 = 202.614
ROUND 746 A#45 and B#14 = 273.69
ROUND 747 A#46 and B#14 = 203.289
ROUND 748 A#47 and B#14 = 272.974
ROUND 749 A#48 and B#14 = 239.495
ROUND 750 A#49 and B#14 = 166.885
ROUND 751 A#0 and B#15 = 260.864
ROUND 752 A#1 and B#15 = 188.779
ROUND 753 A#2 and B#15 = 237.126
ROUND 754 A#3 and B#15 = 237.065
ROUND 755 A#4 and B#15 = 225.957
ROUND 756 A#5 and B#15 = 236.106
ROUND 757 A#6 and B#15 = 231.31
ROUND 758 A#7 and B#15 = 235.874
ROUND 759 A#8 and B#15 = 240.703
ROUND 760 A#9 and B#15 = 29.1881
ROUND 761 A#10 and B#15 = 233.557
ROUND 762 A#11 and B#15 = 67.6001
ROUND 763 A#12 and B#15 = 33.8858
ROUND 764 A#13 and B#15 = 214.813
ROUND 765 A#14 and B#15 = 281.51
ROUND 766 A#15 and B#15 = 347.863
ROUND 767 A#16 and B#15 = 138.543
ROUND 768 A#17 and B#15 = 280.769
ROUND 769 A#18 and B#15 = 337.614
ROUND 770 A#19 and B#15 = 335.303
ROUND 771 A#20 and B#15 = 318.509
ROUND 772 A#21 and B#15 = 196.509
ROUND 773 A#22 and B#15 = 337.032
ROUND 774 A#23 and B#15 = 242.707
ROUND 775 A#24 and B#15 = 213.866
ROUND 776 A#25 and B#15 = 197.48
ROUND 777 A#26 and B#15 = 241.78
ROUND 778 A#27 and B#15 = 157.212
ROUND 779 A#28 and B#15 = 231.589
ROUND 780 A#29 and B#15 = 357.96
ROUND 781 A#30 and B#15 = 164.257
ROUND 782 A#31 and B#15 = 235.168
ROUND 783 A#32 and B#15 = 270.796
ROUND 784 A#33 and B#15 = 285.904
ROUND 785 A#34 and B#15 = 267.352
ROUND 786 A#35 and B#15 = 215.943
ROUND 787 A#36 and B#15 = 327.492
ROUND 788 A#37 and B#15 = 285.873
ROUND 789 A#38 and B#15 = 180.84
ROUND 790 A#39 and B#15 = 180.41
ROUND 791 A#40 and B#15 = 304.255
ROUND 792 A#41 and B#15 = 299.004
ROUND 793 A#42 and B#15 = 290.482
ROUND 794 A#43 and B#15 = 292.268
ROUND 795 A#44 and B#15 = 260.084
ROUND 796 A#45 and B#15 = 285.537
ROUND 797 A#46 and B#15 = 259.464
ROUND 798 A#47 and B#15 = 287.759
ROUND 799 A#48 and B#15 = 259.644
ROUND 800 A#49 and B#15 = 183.719
ROUND 801 A#0 and B#16 = 110.807
ROUND 802 A#1 and B#16 = 221.918
ROUND 803 A#2 and B#16 = 210.23
ROUND 804 A#3 and B#16 = 134.282
ROUND 805 A#4 and B#16 = 203.039
ROUND 806 A#5 and B#16 = 287.611
ROUND 807 A#6 and B#16 = 159.759
ROUND 808 A#7 and B#16 = 196.751
ROUND 809 A#8 and B#16 = 186.7
ROUND 810 A#9 and B#16 = 210.836
ROUND 811 A#10 and B#16 = 196.421
ROUND 812 A#11 and B#16 = 197.413
ROUND 813 A#12 and B#16 = 232.64
ROUND 814 A#13 and B#16 = 149.465
ROUND 815 A#14 and B#16 = 131.787
ROUND 816 A#15 and B#16 = 231.332
ROUND 817 A#16 and B#16 = 198.027
ROUND 818 A#17 and B#16 = 131.39
ROUND 819 A#18 and B#16 = 151.484
ROUND 820 A#19 and B#16 = 204.862
ROUND 821 A#20 and B#16 = 210.618
ROUND 822 A#21 and B#16 = 222.607
ROUND 823 A#22 and B#16 = 151.613
ROUND 824 A#23 and B#16 = 184.638
ROUND 825 A#24 and B#16 = 109.363
ROUND 826 A#25 and B#16 = 211.834
ROUND 827 A#26 and B#16 = 265.077
ROUND 828 A#27 and B#16 = 225.87
ROUND 829 A#28 and B#16 = 119.562
ROUND 830 A#29 and B#16 = 263.631
ROUND 831 A#30 and B#16 = 111.892
ROUND 832 A#31 and B#16 = 229.674
ROUND 833 A#32 and B#16 = 220.175
ROUND 834 A#33 and B#16 = 264.402
ROUND 835 A#34 and B#16 = 218.71
ROUND 836 A#35 and B#16 = 210.645
ROUND 837 A#36 and B#16 = 264.314
ROUND 838 A#37 and B#16 = 255.477
ROUND 839 A#38 and B#16 = 236.408
ROUND 840 A#39 and B#16 = 95.2681
ROUND 841 A#40 and B#16 = 138.562
ROUND 842 A#41 and B#16 = 137.573
ROUND 843 A#42 and B#16 = 140.795
ROUND 844 A#43 and B#16 = 260.862
ROUND 845 A#44 and B#16 = 261.709
ROUND 846 A#45 and B#16 = 245.72
ROUND 847 A#46 and B#16 = 261.906
ROUND 848 A#47 and B#16 = 247.043
ROUND 849 A#48 and B#16 = 224.743
ROUND 850 A#49 and B#16 = 91.707
ROUND 851 A#0 and B#17 = 237.569
ROUND 852 A#1 and B#17 = 207.625
ROUND 853 A#2 and B#17 = 326.303
ROUND 854 A#3 and B#17 = 230.487
ROUND 855 A#4 and B#17 = 235.072
ROUND 856 A#5 and B#17 = 226.548
ROUND 857 A#6 and B#17 = 230.406
ROUND 858 A#7 and B#17 = 230.433
ROUND 859 A#8 and B#17 = 230.652
ROUND 860 A#9 and B#17 = 253.1
ROUND 861 A#10 and B#17 = 322.868
ROUND 862 A#11 and B#17 = 235.885
ROUND 863 A#12 and B#17 = 41.38
ROUND 864 A#13 and B#17 = 282.722
ROUND 865 A#14 and B#17 = 264.465
ROUND 866 A#15 and B#17 = 145.389
ROUND 867 A#16 and B#17 = 272.887
ROUND 868 A#17 and B#17 = 263.791
ROUND 869 A#18 and B#17 = 236.032
ROUND 870 A#19 and B#17 = 225.776
ROUND 871 A#20 and B#17 = 200.539
ROUND 872 A#21 and B#17 = 214.711
ROUND 873 A#22 and B#17 = 236.022
ROUND 874 A#23 and B#17 = 230.367
ROUND 875 A#24 and B#17 = 248.455
ROUND 876 A#25 and B#17 = 204.12
ROUND 877 A#26 and B#17 = 124.156
ROUND 878 A#27 and B#17 = 307.812
ROUND 879 A#28 and B#17 = 208.411
ROUND 880 A#29 and B#17 = 239.725
ROUND 881 A#30 and B#17 = 295.125
ROUND 882 A#31 and B#17 = 97.0035
ROUND 883 A#32 and B#17 = 273.226
ROUND 884 A#33 and B#17 = 256.577
ROUND 885 A#34 and B#17 = 307.215
ROUND 886 A#35 and B#17 = 228.072
ROUND 887 A#36 and B#17 = 82.5892
ROUND 888 A#37 and B#17 = 234.862
ROUND 889 A#38 and B#17 = 300.831
ROUND 890 A#39 and B#17 = 301.193
ROUND 891 A#40 and B#17 = 242.028
ROUND 892 A#41 and B#17 = 242.185
ROUND 893 A#42 and B#17 = 255.988
ROUND 894 A#43 and B#17 = 70.3215
ROUND 895 A#44 and B#17 = 145.035
ROUND 896 A#45 and B#17 = 203.322
ROUND 897 A#46 and B#17 = 251.996
ROUND 898 A#47 and B#17 = 62.8936
ROUND 899 A#48 and B#17 = 197.597
ROUND 900 A#49 and B#17 = 293.407
ROUND 901 A#0 and B#18 = 261.236
ROUND 902 A#1 and B#18 = 235.33
ROUND 903 A#2 and B#18 = 272.186
ROUND 904 A#3 and B#18 = 293.623
ROUND 905 A#4 and B#18 = 198.915
ROUND 906 A#5 and B#18 = 84.1597
ROUND 907 A#6 and B#18 = 290.852
ROUND 908 A#7 and B#18 = 292.18
ROUND 909 A#8 and B#18 = 292.075
ROUND 910 A#9 and B#18 = 177.217
ROUND 911 A#10 and B#18 = 290.963
ROUND 912 A#11 and B#18 = 150.757
ROUND 913 A#12 and B#18 = 155.459
ROUND 914 A#13 and B#18 = 235.825
ROUND 915 A#14 and B#18 = 140.167
ROUND 916 A#15 and B#18 = 131.206
ROUND 917 A#16 and B#18 = 212.636
ROUND 918 A#17 and B#18 = 136.759
ROUND 919 A#18 and B#18 = 235.729
ROUND 920 A#19 and B#18 = 222.76
ROUND 921 A#20 and B#18 = 259.19
ROUND 922 A#21 and B#18 = 236.37
ROUND 923 A#22 and B#18 = 235.337
ROUND 924 A#23 and B#18 = 289.877
ROUND 925 A#24 and B#18 = 240.973
ROUND 926 A#25 and B#18 = 89.4435
ROUND 927 A#26 and B#18 = 133.119
ROUND 928 A#27 and B#18 = 230.795
ROUND 929 A#28 and B#18 = 149.268
ROUND 930 A#29 and B#18 = 11.9063
ROUND 931 A#30 and B#18 = 230.334
ROUND 932 A#31 and B#18 = 260.335
ROUND 933 A#32 and B#18 = 247.043
ROUND 934 A#33 and B#18 = 122.885
ROUND 935 A#34 and B#18 = 247.293
ROUND 936 A#35 and B#18 = 252.869
ROUND 937 A#36 and B#18 = 218.087
ROUND 938 A#37 and B#18 = 96.685
ROUND 939 A#38 and B#18 = 248.438
ROUND 940 A#39 and B#18 = 248.466
ROUND 941 A#40 and B#18 = 105.956
ROUND 942 A#41 and B#18 = 104.633
ROUND 943 A#42 and B#18 = 239.279
ROUND 944 A#43 and B#18 = 158.231
ROUND 945 A#44 and B#18 = 131.802
ROUND 946 A#45 and B#18 = 157.211
ROUND 947 A#46 and B#18 = 131.598
ROUND 948 A#47 and B#18 = 153.262
ROUND 949 A#48 and B#18 = 262.286
ROUND 950 A#49 and B#18 = 247.446
ROUND 951 A#0 and B#19 = 249.416
ROUND 952 A#1 and B#19 = 266.28
ROUND 953 A#2 and B#19 = 108.45
ROUND 954 A#3 and B#19 = 241.165
ROUND 955 A#4 and B#19 = 290.924
ROUND 956 A#5 and B#19 = 33.7916
ROUND 957 A#6 and B#19 = 31.3666
ROUND 958 A#7 and B#19 = 327.21
ROUND 959 A#8 and B#19 = 205.589
ROUND 960 A#9 and B#19 = 228.126
ROUND 961 A#10 and B#19 = 177.15
ROUND 962 A#11 and B#19 = 226.587
ROUND 963 A#12 and B#19 = 254.441
ROUND 964 A#13 and B#19 = 76.4604
ROUND 965 A#14 and B#19 = 181.383
ROUND 966 A#15 and B#19 = 281.411
ROUND 967 A#16 and B#19 = 290.098
ROUND 968 A#17 and B#19 = 180.646
ROUND 969 A#18 and B#19 = 300.757
ROUND 970 A#19 and B#19 = 267.501
ROUND 971 A#20 and B#19 = 245.558
ROUND 972 A#21 and B#19 = 254.234
ROUND 973 A#22 and B#19 = 301.206
ROUND 974 A#23 and B#19 = 207.938
ROUND 975 A#24 and B#19 = 184.825
ROUND 976 A#25 and B#19 = 228.596
ROUND 977 A#26 and B#19 = 294.255
ROUND 978 A#27 and B#19 = 269.807
ROUND 979 A#28 and B#19 = 170.289
ROUND 980 A#29 and B#19 = 270.866
ROUND 981 A#30 and B#19 = 268.518
ROUND 982 A#31 and B#19 = 234.843
ROUND 983 A#32 and B#19 = 286.13
ROUND 984 A#33 and B#19 = 163.478
ROUND 985 A#34 and B#19 = 280.11
ROUND 986 A#35 and B#19 = 260.612
ROUND 987 A#36 and B#19 = 311.055
ROUND 988 A#37 and B#19 = 171.407
ROUND 989 A#38 and B#19 = 279.416
ROUND 990 A#39 and B#19 = 279.364
ROUND 991 A#40 and B#19 = 251.026
ROUND 992 A#41 and B#19 = 245.56
ROUND 993 A#42 and B#19 = 290.596
ROUND 994 A#43 and B#19 = 300.822
ROUND 995 A#44 and B#19 = 267.555
ROUND 996 A#45 and B#19 = 300.971
ROUND 997 A#46 and B#19 = 266.707
ROUND 998 A#47 and B#19 = 302.346
ROUND 999 A#48 and B#19 = 265.06
ROUND 1000 A#49 and B#19 = 281.671
ROUND 1001 A#0 and B#20 = 249.979
ROUND 1002 A#1 and B#20 = 239.831
ROUND 1003 A#2 and B#20 = 235.7
ROUND 1004 A#3 and B#20 = 210.436
ROUND 1005 A#4 and B#20 = 200.724
ROUND 1006 A#5 and B#20 = 92.6547
ROUND 1007 A#6 and B#20 = 185.501
ROUND 1008 A#7 and B#20 = 210.496
ROUND 1009 A#8 and B#20 = 203.048
ROUND 1010 A#9 and B#20 = 290.098
ROUND 1011 A#10 and B#20 = 210.791
ROUND 1012 A#11 and B#20 = 124.082
ROUND 1013 A#12 and B#20 = 290.769
ROUND 1014 A#13 and B#20 = 228.153
ROUND 1015 A#14 and B#20 = 202.382
ROUND 1016 A#15 and B#20 = 198.129
ROUND 1017 A#16 and B#20 = 270.071
ROUND 1018 A#17 and B#20 = 202.795
ROUND 1019 A#18 and B#20 = 230.455
ROUND 1020 A#19 and B#20 = 226.727
ROUND 1021 A#20 and B#20 = 254.51
ROUND 1022 A#21 and B#20 = 273.339
ROUND 1023 A#22 and B#20 = 230.342
ROUND 1024 A#23 and B#20 = 205.183
ROUND 1025 A#24 and B#20 = 273.901
ROUND 1026 A#25 and B#20 = 249.445
ROUND 1027 A#26 and B#20 = 226.009
ROUND 1028 A#27 and B#20 = 171.608
ROUND 1029 A#28 and B#20 = 149.64
ROUND 1030 A#29 and B#20 = 265.058
ROUND 1031 A#30 and B#20 = 172.012
ROUND 1032 A#31 and B#20 = 243.045
ROUND 1033 A#32 and B#20 = 195.418
ROUND 1034 A#33 and B#20 = 235.203
ROUND 1035 A#34 and B#20 = 237.202
ROUND 1036 A#35 and B#20 = 199.529
ROUND 1037 A#36 and B#20 = 209.563
ROUND 1038 A#37 and B#20 = 259.601
ROUND 1039 A#38 and B#20 = 179.672
ROUND 1040 A#39 and B#20 = 178.784
ROUND 1041 A#40 and B#20 = 55.8418
ROUND 1042 A#41 and B#20 = 184.52
ROUND 1043 A#42 and B#20 = 239.542
ROUND 1044 A#43 and B#20 = 274.315
ROUND 1045 A#44 and B#20 = 210.148
ROUND 1046 A#45 and B#20 = 278.003
ROUND 1047 A#46 and B#20 = 218.311
ROUND 1048 A#47 and B#20 = 278.479
ROUND 1049 A#48 and B#20 = 245.012
ROUND 1050 A#49 and B#20 = 159.728
ROUND 1051 A#0 and B#21 = 177.887
ROUND 1052 A#1 and B#21 = 208.188
ROUND 1053 A#2 and B#21 = 257.233
ROUND 1054 A#3 and B#21 = 180.785
ROUND 1055 A#4 and B#21 = 232.768
ROUND 1056 A#5 and B#21 = 210.868
ROUND 1057 A#6 and B#21 = 226.254
ROUND 1058 A#7 and B#21 = 179.454
ROUND 1059 A#8 and B#21 = 227.91
ROUND 1060 A#9 and B#21 = 285.969
ROUND 1061 A#10 and B#21 = 180.013
ROUND 1062 A#11 and B#21 = 256.199
ROUND 1063 A#12 and B#21 = 285.169
ROUND 1064 A#13 and B#21 = 230.356
ROUND 1065 A#14 and B#21 = 184.563
ROUND 1066 A#15 and B#21 = 263.986
ROUND 1067 A#16 and B#21 = 208.117
ROUND 1068 A#17 and B#21 = 185.067
ROUND 1069 A#18 and B#21 = 237.336
ROUND 1070 A#19 and B#21 = 233.361
ROUND 1071 A#20 and B#21 = 250.486
ROUND 1072 A#21 and B#21 = 235.64
ROUND 1073 A#22 and B#21 = 237.37
ROUND 1074 A#23 and B#21 = 225.647
ROUND 1075 A#24 and B#21 = 210.317
ROUND 1076 A#25 and B#21 = 134.582
ROUND 1077 A#26 and B#21 = 240.236
ROUND 1078 A#27 and B#21 = 248.598
ROUND 1079 A#28 and B#21 = 98.6628
ROUND 1080 A#29 and B#21 = 258.677
ROUND 1081 A#30 and B#21 = 137.712
ROUND 1082 A#31 and B#21 = 226.859
ROUND 1083 A#32 and B#21 = 173.763
ROUND 1084 A#33 and B#21 = 184.724
ROUND 1085 A#34 and B#21 = 243.221
ROUND 1086 A#35 and B#21 = 141.286
ROUND 1087 A#36 and B#21 = 234.209
ROUND 1088 A#37 and B#21 = 265.402
ROUND 1089 A#38 and B#21 = 271.03
ROUND 1090 A#39 and B#21 = 271.012
ROUND 1091 A#40 and B#21 = 215.073
ROUND 1092 A#41 and B#21 = 215.806
ROUND 1093 A#42 and B#21 = 232.808
ROUND 1094 A#43 and B#21 = 242.685
ROUND 1095 A#44 and B#21 = 214.099
ROUND 1096 A#45 and B#21 = 241.645
ROUND 1097 A#46 and B#21 = 213.617
ROUND 1098 A#47 and B#21 = 238.314
ROUND 1099 A#48 and B#21 = 222.772
ROUND 1100 A#49 and B#21 = 260.677
ROUND 1101 A#0 and B#22 = 175.746
ROUND 1102 A#1 and B#22 = 219.657
ROUND 1103 A#2 and B#22 = 105.844
ROUND 1104 A#3 and B#22 = 131.277
ROUND 1105 A#4 and B#22 = 176.584
ROUND 1106 A#5 and B#22 = 130.975
ROUND 1107 A#6 and B#22 = 123.518
ROUND 1108 A#7 and B#22 = 131.064
ROUND 1109 A#8 and B#22 = 157.942
ROUND 1110 A#9 and B#22 = 197.928
ROUND 1111 A#10 and B#22 = 128.553
ROUND 1112 A#11 and B#22 = 110.197
ROUND 1113 A#12 and B#22 = 185.732
ROUND 1114 A#13 and B#22 = 130.179
ROUND 1115 A#14 and B#22 = 84.0085
ROUND 1116 A#15 and B#22 = 263.66
ROUND 1117 A#16 and B#22 = 241.855
ROUND 1118 A#17 and B#22 = 85.0439
ROUND 1119 A#18 and B#22 = 258.418
ROUND 1120 A#19 and B#22 = 225.59
ROUND 1121 A#20 and B#22 = 255.497
ROUND 1122 A#21 and B#22 = 226.974
ROUND 1123 A#22 and B#22 = 258.469
ROUND 1124 A#23 and B#22 = 155.162
ROUND 1125 A#24 and B#22 = 247.494
ROUND 1126 A#25 and B#22 = 207.175
ROUND 1127 A#26 and B#22 = 251.366
ROUND 1128 A#27 and B#22 = 88.9998
ROUND 1129 A#28 and B#22 = 236.077
ROUND 1130 A#29 and B#22 = 219.582
ROUND 1131 A#30 and B#22 = 103.955
ROUND 1132 A#31 and B#22 = 246.611
ROUND 1133 A#32 and B#22 = 218.279
ROUND 1134 A#33 and B#22 = 218.6
ROUND 1135 A#34 and B#22 = 178.013
ROUND 1136 A#35 and B#22 = 265.877
ROUND 1137 A#36 and B#22 = 264.129
ROUND 1138 A#37 and B#22 = 240.206
ROUND 1139 A#38 and B#22 = 92.2543
ROUND 1140 A#39 and B#22 = 101.675
ROUND 1141 A#40 and B#22 = 183.772
ROUND 1142 A#41 and B#22 = 183.562
ROUND 1143 A#42 and B#22 = 182.965
ROUND 1144 A#43 and B#22 = 271.113
ROUND 1145 A#44 and B#22 = 211.226
ROUND 1146 A#45 and B#22 = 248.468
ROUND 1147 A#46 and B#22 = 211.43
ROUND 1148 A#47 and B#22 = 268.149
ROUND 1149 A#48 and B#22 = 233.155
ROUND 1150 A#49 and B#22 = 247.22
ROUND 1151 A#0 and B#23 = 280.904
ROUND 1152 A#1 and B#23 = 223.006
ROUND 1153 A#2 and B#23 = 125.857
ROUND 1154 A#3 and B#23 = 194.199
ROUND 1155 A#4 and B#23 = 210.926
ROUND 1156 A#5 and B#23 = 193.326
ROUND 1157 A#6 and B#23 = 161.936
ROUND 1158 A#7 and B#23 = 175.652
ROUND 1159 A#8 and B#23 = 193.525
ROUND 1160 A#9 and B#23 = 211.035
ROUND 1161 A#10 and B#23 = 192.905
ROUND 1162 A#11 and B#23 = 275.274
ROUND 1163 A#12 and B#23 = 222.219
ROUND 1164 A#13 and B#23 = 116.535
ROUND 1165 A#14 and B#23 = 186.849
ROUND 1166 A#15 and B#23 = 241.014
ROUND 1167 A#16 and B#23 = 233.097
ROUND 1168 A#17 and B#23 = 186.387
ROUND 1169 A#18 and B#23 = 137.865
ROUND 1170 A#19 and B#23 = 203.283
ROUND 1171 A#20 and B#23 = 210.155
ROUND 1172 A#21 and B#23 = 217.725
ROUND 1173 A#22 and B#23 = 138.844
ROUND 1174 A#23 and B#23 = 192.234
ROUND 1175 A#24 and B#23 = 188.879
ROUND 1176 A#25 and B#23 = 217.544
ROUND 1177 A#26 and B#23 = 246.978
ROUND 1178 A#27 and B#23 = 237.742
ROUND 1179 A#28 and B#23 = 218.312
ROUND 1180 A#29 and B#23 = 271.466
ROUND 1181 A#30 and B#23 = 226.951
ROUND 1182 A#31 and B#23 = 223.928
ROUND 1183 A#32 and B#23 = 203.458
ROUND 1184 A#33 and B#23 = 194.874
ROUND 1185 A#34 and B#23 = 143.872
ROUND 1186 A#35 and B#23 = 249.945
ROUND 1187 A#36 and B#23 = 236.224
ROUND 1188 A#37 and B#23 = 235.232
ROUND 1189 A#38 and B#23 = 70.2546
ROUND 1190 A#39 and B#23 = 72.7627
ROUND 1191 A#40 and B#23 = 196.582
ROUND 1192 A#41 and B#23 = 196.494
ROUND 1193 A#42 and B#23 = 197.357
ROUND 1194 A#43 and B#23 = 136.176
ROUND 1195 A#44 and B#23 = 224.813
ROUND 1196 A#45 and B#23 = 136.894
ROUND 1197 A#46 and B#23 = 225.06
ROUND 1198 A#47 and B#23 = 136.353
ROUND 1199 A#48 and B#23 = 249.422
ROUND 1200 A#49 and B#23 = 274.347
ROUND 1201 A#0 and B#24 = 232.457
ROUND 1202 A#1 and B#24 = 219.896
ROUND 1203 A#2 and B#24 = 139.736
ROUND 1204 A#3 and B#24 = 169.793
ROUND 1205 A#4 and B#24 = 217.97
ROUND 1206 A#5 and B#24 = 158.794
ROUND 1207 A#6 and B#24 = 171.563
ROUND 1208 A#7 and B#24 = 168.764
ROUND 1209 A#8 and B#24 = 209.03
ROUND 1210 A#9 and B#24 = 304.8
ROUND 1211 A#10 and B#24 = 170.314
ROUND 1212 A#11 and B#24 = 295.412
ROUND 1213 A#12 and B#24 = 303.709
ROUND 1214 A#13 and B#24 = 160.678
ROUND 1215 A#14 and B#24 = 199.329
ROUND 1216 A#15 and B#24 = 217.544
ROUND 1217 A#16 and B#24 = 265.676
ROUND 1218 A#17 and B#24 = 200.395
ROUND 1219 A#18 and B#24 = 236.842
ROUND 1220 A#19 and B#24 = 226.049
ROUND 1221 A#20 and B#24 = 253.831
ROUND 1222 A#21 and B#24 = 205.283
ROUND 1223 A#22 and B#24 = 236.883
ROUND 1224 A#23 and B#24 = 207.657
ROUND 1225 A#24 and B#24 = 197.988
ROUND 1226 A#25 and B#24 = 152.07
ROUND 1227 A#26 and B#24 = 247.436
ROUND 1228 A#27 and B#24 = 253.779
ROUND 1229 A#28 and B#24 = 236.174
ROUND 1230 A#29 and B#24 = 221.429
ROUND 1231 A#30 and B#24 = 245.775
ROUND 1232 A#31 and B#24 = 223.586
ROUND 1233 A#32 and B#24 = 227.476
ROUND 1234 A#33 and B#24 = 285.372
ROUND 1235 A#34 and B#24 = 122.218
ROUND 1236 A#35 and B#24 = 267.563
ROUND 1237 A#36 and B#24 = 230.656
ROUND 1238 A#37 and B#24 = 281.736
ROUND 1239 A#38 and B#24 = 251.244
ROUND 1240 A#39 and B#24 = 251.417
ROUND 1241 A#40 and B#24 = 219.925
ROUND 1242 A#41 and B#24 = 174.642
ROUND 1243 A#42 and B#24 = 247.508
ROUND 1244 A#43 and B#24 = 176.544
ROUND 1245 A#44 and B#24 = 210.939
ROUND 1246 A#45 and B#24 = 177.35
ROUND 1247 A#46 and B#24 = 236.191
ROUND 1248 A#47 and B#24 = 175.223
ROUND 1249 A#48 and B#24 = 231.791
ROUND 1250 A#49 and B#24 = 250.485
ROUND 1251 A#0 and B#25 = 232.628
ROUND 1252 A#1 and B#25 = 219.886
ROUND 1253 A#2 and B#25 = 139.569
ROUND 1254 A#3 and B#25 = 170.179
ROUND 1255 A#4 and B#25 = 218.353
ROUND 1256 A#5 and B#25 = 157.386
ROUND 1257 A#6 and B#25 = 171.556
ROUND 1258 A#7 and B#25 = 169.191
ROUND 1259 A#8 and B#25 = 209.05
ROUND 1260 A#9 and B#25 = 305.057
ROUND 1261 A#10 and B#25 = 169.867
ROUND 1262 A#11 and B#25 = 295.521
ROUND 1263 A#12 and B#25 = 304.011
ROUND 1264 A#13 and B#25 = 160.929
ROUND 1265 A#14 and B#25 = 199.302
ROUND 1266 A#15 and B#25 = 217.674
ROUND 1267 A#16 and B#25 = 265.318
ROUND 1268 A#17 and B#25 = 200.372
ROUND 1269 A#18 and B#25 = 236.778
ROUND 1270 A#19 and B#25 = 226.108
ROUND 1271 A#20 and B#25 = 254.065
ROUND 1272 A#21 and B#25 = 205.055
ROUND 1273 A#22 and B#25 = 236.781
ROUND 1274 A#23 and B#25 = 207.554
ROUND 1275 A#24 and B#25 = 197.966
ROUND 1276 A#25 and B#25 = 151.856
ROUND 1277 A#26 and B#25 = 247.71
ROUND 1278 A#27 and B#25 = 253.655
ROUND 1279 A#28 and B#25 = 236.174
ROUND 1280 A#29 and B#25 = 221.579
ROUND 1281 A#30 and B#25 = 245.591
ROUND 1282 A#31 and B#25 = 223.632
ROUND 1283 A#32 and B#25 = 227.345
ROUND 1284 A#33 and B#25 = 285.163
ROUND 1285 A#34 and B#25 = 121.778
ROUND 1286 A#35 and B#25 = 267.702
ROUND 1287 A#36 and B#25 = 230.779
ROUND 1288 A#37 and B#25 = 281.81
ROUND 1289 A#38 and B#25 = 251.184
ROUND 1290 A#39 and B#25 = 251.376
ROUND 1291 A#40 and B#25 = 219.954
ROUND 1292 A#41 and B#25 = 174.126
ROUND 1293 A#42 and B#25 = 247.504
ROUND 1294 A#43 and B#25 = 175.844
ROUND 1295 A#44 and B#25 = 210.917
ROUND 1296 A#45 and B#25 = 176.572
ROUND 1297 A#46 and B#25 = 236.285
ROUND 1298 A#47 and B#25 = 174.446
ROUND 1299 A#48 and B#25 = 232.031
ROUND 1300 A#49 and B#25 = 250.454
ROUND 1301 A#0 and B#26 = 228.361
ROUND 1302 A#1 and B#26 = 214.532
ROUND 1303 A#2 and B#26 = 169.484
ROUND 1304 A#3 and B#26 = 206.899
ROUND 1305 A#4 and B#26 = 223.785
ROUND 1306 A#5 and B#26 = 245.636
ROUND 1307 A#6 and B#26 = 206.877
ROUND 1308 A#7 and B#26 = 206.906
ROUND 1309 A#8 and B#26 = 228.586
ROUND 1310 A#9 and B#26 = 235.002
ROUND 1311 A#10 and B#26 = 257.802
ROUND 1312 A#11 and B#26 = 189.25
ROUND 1313 A#12 and B#26 = 322.243
ROUND 1314 A#13 and B#26 = 235.013
ROUND 1315 A#14 and B#26 = 159.47
ROUND 1316 A#15 and B#26 = 210.479
ROUND 1317 A#16 and B#26 = 218.131
ROUND 1318 A#17 and B#26 = 160.053
ROUND 1319 A#18 and B#26 = 245.164
ROUND 1320 A#19 and B#26 = 255.177
ROUND 1321 A#20 and B#26 = 189.122
ROUND 1322 A#21 and B#26 = 204.946
ROUND 1323 A#22 and B#26 = 245.477
ROUND 1324 A#23 and B#26 = 229.979
ROUND 1325 A#24 and B#26 = 184.452
ROUND 1326 A#25 and B#26 = 232.837
ROUND 1327 A#26 and B#26 = 116.112
ROUND 1328 A#27 and B#26 = 171.858
ROUND 1329 A#28 and B#26 = 295.95
ROUND 1330 A#29 and B#26 = 254.877
ROUND 1331 A#30 and B#26 = 257.962
ROUND 1332 A#31 and B#26 = 187.399
ROUND 1333 A#32 and B#26 = 231.274
ROUND 1334 A#33 and B#26 = 236.047
ROUND 1335 A#34 and B#26 = 237.882
ROUND 1336 A#35 and B#26 = 230.289
ROUND 1337 A#36 and B#26 = 215.964
ROUND 1338 A#37 and B#26 = 254.698
ROUND 1339 A#38 and B#26 = 246.746
ROUND 1340 A#39 and B#26 = 246.68
ROUND 1341 A#40 and B#26 = 237.229
ROUND 1342 A#41 and B#26 = 237.367
ROUND 1343 A#42 and B#26 = 237.342
ROUND 1344 A#43 and B#26 = 251.365
ROUND 1345 A#44 and B#26 = 165.952
ROUND 1346 A#45 and B#26 = 252.657
ROUND 1347 A#46 and B#26 = 166.456
ROUND 1348 A#47 and B#26 = 249.95
ROUND 1349 A#48 and B#26 = 188.364
ROUND 1350 A#49 and B#26 = 246.701
ROUND 1351 A#0 and B#27 = 257.29
ROUND 1352 A#1 and B#27 = 273.277
ROUND 1353 A#2 and B#27 = 323.321
ROUND 1354 A#3 and B#27 = 232.357
ROUND 1355 A#4 and B#27 = 28.4608
ROUND 1356 A#5 and B#27 = 322.584
ROUND 1357 A#6 and B#27 = 202.188
ROUND 1358 A#7 and B#27 = 345.584
ROUND 1359 A#8 and B#27 = 206.027
ROUND 1360 A#9 and B#27 = 232.099
ROUND 1361 A#10 and B#27 = 270.105
ROUND 1362 A#11 and B#27 = 218.934
ROUND 1363 A#12 and B#27 = 249.277
ROUND 1364 A#13 and B#27 = 65.1873
ROUND 1365 A#14 and B#27 = 202.966
ROUND 1366 A#15 and B#27 = 292.276
ROUND 1367 A#16 and B#27 = 256.099
ROUND 1368 A#17 and B#27 = 203.297
ROUND 1369 A#18 and B#27 = 305.018
ROUND 1370 A#19 and B#27 = 277.039
ROUND 1371 A#20 and B#27 = 250.073
ROUND 1372 A#21 and B#27 = 201.223
ROUND 1373 A#22 and B#27 = 305.375
ROUND 1374 A#23 and B#27 = 208.033
ROUND 1375 A#24 and B#27 = 202.624
ROUND 1376 A#25 and B#27 = 186.774
ROUND 1377 A#26 and B#27 = 303.378
ROUND 1378 A#27 and B#27 = 269.02
ROUND 1379 A#28 and B#27 = 177.318
ROUND 1380 A#29 and B#27 = 243.255
ROUND 1381 A#30 and B#27 = 270.872
ROUND 1382 A#31 and B#27 = 236.719
ROUND 1383 A#32 and B#27 = 295.286
ROUND 1384 A#33 and B#27 = 168.738
ROUND 1385 A#34 and B#27 = 268.408
ROUND 1386 A#35 and B#27 = 222.045
ROUND 1387 A#36 and B#27 = 320.049
ROUND 1388 A#37 and B#27 = 174.712
ROUND 1389 A#38 and B#27 = 287.722
ROUND 1390 A#39 and B#27 = 287.914
ROUND 1391 A#40 and B#27 = 276.185
ROUND 1392 A#41 and B#27 = 272.847
ROUND 1393 A#42 and B#27 = 299.215
ROUND 1394 A#43 and B#27 = 291.771
ROUND 1395 A#44 and B#27 = 277.286
ROUND 1396 A#45 and B#27 = 290.673
ROUND 1397 A#46 and B#27 = 276.599
ROUND 1398 A#47 and B#27 = 291.131
ROUND 1399 A#48 and B#27 = 275.64
ROUND 1400 A#49 and B#27 = 293.378
ROUND 1401 A#0 and B#28 = 219.519
ROUND 1402 A#1 and B#28 = 210.508
ROUND 1403 A#2 and B#28 = 212.99
ROUND 1404 A#3 and B#28 = 243.98
ROUND 1405 A#4 and B#28 = 223.97
ROUND 1406 A#5 and B#28 = 245.058
ROUND 1407 A#6 and B#28 = 236.693
ROUND 1408 A#7 and B#28 = 244.558
ROUND 1409 A#8 and B#28 = 229.397
ROUND 1410 A#9 and B#28 = 168.05
ROUND 1411 A#10 and B#28 = 241.881
ROUND 1412 A#11 and B#28 = 228.016
ROUND 1413 A#12 and B#28 = 193.764
ROUND 1414 A#13 and B#28 = 282.358
ROUND 1415 A#14 and B#28 = 273.042
ROUND 1416 A#15 and B#28 = 203.167
ROUND 1417 A#16 and B#28 = 223.723
ROUND 1418 A#17 and B#28 = 270.633
ROUND 1419 A#18 and B#28 = 201.452
ROUND 1420 A#19 and B#28 = 207.362
ROUND 1421 A#20 and B#28 = 200.021
ROUND 1422 A#21 and B#28 = 199.894
ROUND 1423 A#22 and B#28 = 201.452
ROUND 1424 A#23 and B#28 = 227.632
ROUND 1425 A#24 and B#28 = 213.512
ROUND 1426 A#25 and B#28 = 165.256
ROUND 1427 A#26 and B#28 = 245.087
ROUND 1428 A#27 and B#28 = 173.817
ROUND 1429 A#28 and B#28 = 74.5831
ROUND 1430 A#29 and B#28 = 249.675
ROUND 1431 A#30 and B#28 = 205.354
ROUND 1432 A#31 and B#28 = 221.691
ROUND 1433 A#32 and B#28 = 263.375
ROUND 1434 A#33 and B#28 = 260.311
ROUND 1435 A#34 and B#28 = 221.46
ROUND 1436 A#35 and B#28 = 288.192
ROUND 1437 A#36 and B#28 = 249.403
ROUND 1438 A#37 and B#28 = 93.8579
ROUND 1439 A#38 and B#28 = 219.848
ROUND 1440 A#39 and B#28 = 218.225
ROUND 1441 A#40 and B#28 = 122.406
ROUND 1442 A#41 and B#28 = 119.911
ROUND 1443 A#42 and B#28 = 215.459
ROUND 1444 A#43 and B#28 = 221.604
ROUND 1445 A#44 and B#28 = 207.451
ROUND 1446 A#45 and B#28 = 278.131
ROUND 1447 A#46 and B#28 = 205.806
ROUND 1448 A#47 and B#28 = 220.926
ROUND 1449 A#48 and B#28 = 220.695
ROUND 1450 A#49 and B#28 = 218.471
ROUND 1451 A#0 and B#29 = 216.428
ROUND 1452 A#1 and B#29 = 301.251
ROUND 1453 A#2 and B#29 = 235.921
ROUND 1454 A#3 and B#29 = 235.566
ROUND 1455 A#4 and B#29 = 212.775
ROUND 1456 A#5 and B#29 = 236.981
ROUND 1457 A#6 and B#29 = 236.313
ROUND 1458 A#7 and B#29 = 236.754
ROUND 1459 A#8 and B#29 = 235.296
ROUND 1460 A#9 and B#29 = 108.354
ROUND 1461 A#10 and B#29 = 239.514
ROUND 1462 A#11 and B#29 = 218.73
ROUND 1463 A#12 and B#29 = 307.707
ROUND 1464 A#13 and B#29 = 239.496
ROUND 1465 A#14 and B#29 = 249.878
ROUND 1466 A#15 and B#29 = 273.809
ROUND 1467 A#16 and B#29 = 278.718
ROUND 1468 A#17 and B#29 = 255.686
ROUND 1469 A#18 and B#29 = 223.945
ROUND 1470 A#19 and B#29 = 199.754
ROUND 1471 A#20 and B#29 = 221.762
ROUND 1472 A#21 and B#29 = 282.993
ROUND 1473 A#22 and B#29 = 223.969
ROUND 1474 A#23 and B#29 = 235.633
ROUND 1475 A#24 and B#29 = 266.481
ROUND 1476 A#25 and B#29 = 247.95
ROUND 1477 A#26 and B#29 = 293.063
ROUND 1478 A#27 and B#29 = 196.255
ROUND 1479 A#28 and B#29 = 240.111
ROUND 1480 A#29 and B#29 = 307.644
ROUND 1481 A#30 and B#29 = 208.74
ROUND 1482 A#31 and B#29 = 253.639
ROUND 1483 A#32 and B#29 = 227.033
ROUND 1484 A#33 and B#29 = 242.682
ROUND 1485 A#34 and B#29 = 223.153
ROUND 1486 A#35 and B#29 = 274.695
ROUND 1487 A#36 and B#29 = 231.122
ROUND 1488 A#37 and B#29 = 232.003
ROUND 1489 A#38 and B#29 = 215.251
ROUND 1490 A#39 and B#29 = 213.829
ROUND 1491 A#40 and B#29 = 234.749
ROUND 1492 A#41 and B#29 = 237.009
ROUND 1493 A#42 and B#29 = 296.407
ROUND 1494 A#43 and B#29 = 315.204
ROUND 1495 A#44 and B#29 = 263.998
ROUND 1496 A#45 and B#29 = 315.165
ROUND 1497 A#46 and B#29 = 263.404
ROUND 1498 A#47 and B#29 = 313.277
ROUND 1499 A#48 and B#29 = 214.536
ROUND 1500 A#49 and B#29 = 255.944
ROUND 1501 A#0 and B#30 = 227.405
ROUND 1502 A#1 and B#30 = 206.676
ROUND 1503 A#2 and B#30 = 324.79
ROUND 1504 A#3 and B#30 = 231.527
ROUND 1505 A#4 and B#30 = 235.235
ROUND 1506 A#5 and B#30 = 227.078
ROUND 1507 A#6 and B#30 = 231.534
ROUND 1508 A#7 and B#30 = 231.58
ROUND 1509 A#8 and B#30 = 231.515
ROUND 1510 A#9 and B#30 = 252.861
ROUND 1511 A#10 and B#30 = 321.468
ROUND 1512 A#11 and B#30 = 235.852
ROUND 1513 A#12 and B#30 = 37.0935
ROUND 1514 A#13 and B#30 = 282.395
ROUND 1515 A#14 and B#30 = 264.135
ROUND 1516 A#15 and B#30 = 144.861
ROUND 1517 A#16 and B#30 = 219.105
ROUND 1518 A#17 and B#30 = 263.53
ROUND 1519 A#18 and B#30 = 236.038
ROUND 1520 A#19 and B#30 = 225.709
ROUND 1521 A#20 and B#30 = 192.376
ROUND 1522 A#21 and B#30 = 213.878
ROUND 1523 A#22 and B#30 = 236.027
ROUND 1524 A#23 and B#30 = 231.602
ROUND 1525 A#24 and B#30 = 241.96
ROUND 1526 A#25 and B#30 = 205.311
ROUND 1527 A#26 and B#30 = 123.452
ROUND 1528 A#27 and B#30 = 306.727
ROUND 1529 A#28 and B#30 = 207.836
ROUND 1530 A#29 and B#30 = 239.896
ROUND 1531 A#30 and B#30 = 293.905
ROUND 1532 A#31 and B#30 = 191.23
ROUND 1533 A#32 and B#30 = 272.074
ROUND 1534 A#33 and B#30 = 257.105
ROUND 1535 A#34 and B#30 = 306.207
ROUND 1536 A#35 and B#30 = 227.682
ROUND 1537 A#36 and B#30 = 84.0247
ROUND 1538 A#37 and B#30 = 236.894
ROUND 1539 A#38 and B#30 = 299.298
ROUND 1540 A#39 and B#30 = 299.314
ROUND 1541 A#40 and B#30 = 238.317
ROUND 1542 A#41 and B#30 = 236.166
ROUND 1543 A#42 and B#30 = 254.285
ROUND 1544 A#43 and B#30 = 71.7815
ROUND 1545 A#44 and B#30 = 144.368
ROUND 1546 A#45 and B#30 = 203.398
ROUND 1547 A#46 and B#30 = 141.346
ROUND 1548 A#47 and B#30 = 64.7466
ROUND 1549 A#48 and B#30 = 189.254
ROUND 1550 A#49 and B#30 = 291.942
ROUND 1551 A#0 and B#31 = 280.063
ROUND 1552 A#1 and B#31 = 222.343
ROUND 1553 A#2 and B#31 = 127.625
ROUND 1554 A#3 and B#31 = 195.504
ROUND 1555 A#4 and B#31 = 213.196
ROUND 1556 A#5 and B#31 = 194.737
ROUND 1557 A#6 and B#31 = 158.64
ROUND 1558 A#7 and B#31 = 178.253
ROUND 1559 A#8 and B#31 = 189.229
ROUND 1560 A#9 and B#31 = 218.587
ROUND 1561 A#10 and B#31 = 194.114
ROUND 1562 A#11 and B#31 = 199.088
ROUND 1563 A#12 and B#31 = 225.807
ROUND 1564 A#13 and B#31 = 124.744
ROUND 1565 A#14 and B#31 = 188.793
ROUND 1566 A#15 and B#31 = 224.777
ROUND 1567 A#16 and B#31 = 234.741
ROUND 1568 A#17 and B#31 = 188.058
ROUND 1569 A#18 and B#31 = 236.764
ROUND 1570 A#19 and B#31 = 239.671
ROUND 1571 A#20 and B#31 = 237.483
ROUND 1572 A#21 and B#31 = 218.348
ROUND 1573 A#22 and B#31 = 229.347
ROUND 1574 A#23 and B#31 = 187.627
ROUND 1575 A#24 and B#31 = 190.891
ROUND 1576 A#25 and B#31 = 214.008
ROUND 1577 A#26 and B#31 = 248.865
ROUND 1578 A#27 and B#31 = 239.356
ROUND 1579 A#28 and B#31 = 222.64
ROUND 1580 A#29 and B#31 = 270.231
ROUND 1581 A#30 and B#31 = 229.172
ROUND 1582 A#31 and B#31 = 221.709
ROUND 1583 A#32 and B#31 = 203.51
ROUND 1584 A#33 and B#31 = 196.813
ROUND 1585 A#34 and B#31 = 147.39
ROUND 1586 A#35 and B#31 = 255.945
ROUND 1587 A#36 and B#31 = 235.975
ROUND 1588 A#37 and B#31 = 270.43
ROUND 1589 A#38 and B#31 = 248.853
ROUND 1590 A#39 and B#31 = 248.69
ROUND 1591 A#40 and B#31 = 200.124
ROUND 1592 A#41 and B#31 = 198.256
ROUND 1593 A#42 and B#31 = 257.843
ROUND 1594 A#43 and B#31 = 143.212
ROUND 1595 A#44 and B#31 = 246.025
ROUND 1596 A#45 and B#31 = 143.798
ROUND 1597 A#46 and B#31 = 247.3
ROUND 1598 A#47 and B#31 = 143.153
ROUND 1599 A#48 and B#31 = 229.154
ROUND 1600 A#49 and B#31 = 274.242
ROUND 1601 A#0 and B#32 = 226.26
ROUND 1602 A#1 and B#32 = 206.329
ROUND 1603 A#2 and B#32 = 325.014
ROUND 1604 A#3 and B#32 = 231.504
ROUND 1605 A#4 and B#32 = 235.225
ROUND 1606 A#5 and B#32 = 227.43
ROUND 1607 A#6 and B#32 = 231.255
ROUND 1608 A#7 and B#32 = 231.322
ROUND 1609 A#8 and B#32 = 231.632
ROUND 1610 A#9 and B#32 = 253.266
ROUND 1611 A#10 and B#32 = 321.767
ROUND 1612 A#11 and B#32 = 235.612
ROUND 1613 A#12 and B#32 = 37.9526
ROUND 1614 A#13 and B#32 = 282.745
ROUND 1615 A#14 and B#32 = 263.911
ROUND 1616 A#15 and B#32 = 147.11
ROUND 1617 A#16 and B#32 = 219.155
ROUND 1618 A#17 and B#32 = 263.324
ROUND 1619 A#18 and B#32 = 236.038
ROUND 1620 A#19 and B#32 = 225.815
ROUND 1621 A#20 and B#32 = 192.723
ROUND 1622 A#21 and B#32 = 214.047
ROUND 1623 A#22 and B#32 = 236.028
ROUND 1624 A#23 and B#32 = 231.506
ROUND 1625 A#24 and B#32 = 241.397
ROUND 1626 A#25 and B#32 = 204.882
ROUND 1627 A#26 and B#32 = 127.884
ROUND 1628 A#27 and B#32 = 306.882
ROUND 1629 A#28 and B#32 = 208.938
ROUND 1630 A#29 and B#32 = 240.092
ROUND 1631 A#30 and B#32 = 247.944
ROUND 1632 A#31 and B#32 = 191.84
ROUND 1633 A#32 and B#32 = 272.016
ROUND 1634 A#33 and B#32 = 257.53
ROUND 1635 A#34 and B#32 = 306.598
ROUND 1636 A#35 and B#32 = 241.059
ROUND 1637 A#36 and B#32 = 88.9448
ROUND 1638 A#37 and B#32 = 236.496
ROUND 1639 A#38 and B#32 = 299.261
ROUND 1640 A#39 and B#32 = 299.381
ROUND 1641 A#40 and B#32 = 238.31
ROUND 1642 A#41 and B#32 = 238.311
ROUND 1643 A#42 and B#32 = 254.811
ROUND 1644 A#43 and B#32 = 71.7233
ROUND 1645 A#44 and B#32 = 147.44
ROUND 1646 A#45 and B#32 = 203.887
ROUND 1647 A#46 and B#32 = 144.125
ROUND 1648 A#47 and B#32 = 65.4981
ROUND 1649 A#48 and B#32 = 189.734
ROUND 1650 A#49 and B#32 = 292.199
ROUND 1651 A#0 and B#33 = 280.223
ROUND 1652 A#1 and B#33 = 222.992
ROUND 1653 A#2 and B#33 = 124.945
ROUND 1654 A#3 and B#33 = 193.947
ROUND 1655 A#4 and B#33 = 214.224
ROUND 1656 A#5 and B#33 = 193.147
ROUND 1657 A#6 and B#33 = 166.474
ROUND 1658 A#7 and B#33 = 139.835
ROUND 1659 A#8 and B#33 = 198.135
ROUND 1660 A#9 and B#33 = 211.388
ROUND 1661 A#10 and B#33 = 192.606
ROUND 1662 A#11 and B#33 = 189.456
ROUND 1663 A#12 and B#33 = 222.199
ROUND 1664 A#13 and B#33 = 123.216
ROUND 1665 A#14 and B#33 = 186.849
ROUND 1666 A#15 and B#33 = 240.946
ROUND 1667 A#16 and B#33 = 233.08
ROUND 1668 A#17 and B#33 = 186.396
ROUND 1669 A#18 and B#33 = 221.187
ROUND 1670 A#19 and B#33 = 203.186
ROUND 1671 A#20 and B#33 = 210.17
ROUND 1672 A#21 and B#33 = 192.776
ROUND 1673 A#22 and B#33 = 221.401
ROUND 1674 A#23 and B#33 = 197.018
ROUND 1675 A#24 and B#33 = 188.913
ROUND 1676 A#25 and B#33 = 216.923
ROUND 1677 A#26 and B#33 = 246.606
ROUND 1678 A#27 and B#33 = 237.584
ROUND 1679 A#28 and B#33 = 218.397
ROUND 1680 A#29 and B#33 = 271.39
ROUND 1681 A#30 and B#33 = 226.963
ROUND 1682 A#31 and B#33 = 223.891
ROUND 1683 A#32 and B#33 = 203.436
ROUND 1684 A#33 and B#33 = 194.524
ROUND 1685 A#34 and B#33 = 142.805
ROUND 1686 A#35 and B#33 = 249.294
ROUND 1687 A#36 and B#33 = 236.31
ROUND 1688 A#37 and B#33 = 235.07
ROUND 1689 A#38 and B#33 = 69.1391
ROUND 1690 A#39 and B#33 = 71.4679
ROUND 1691 A#40 and B#33 = 196.208
ROUND 1692 A#41 and B#33 = 196.055
ROUND 1693 A#42 and B#33 = 197.117
ROUND 1694 A#43 and B#33 = 136.622
ROUND 1695 A#44 and B#33 = 224.941
ROUND 1696 A#45 and B#33 = 137.215
ROUND 1697 A#46 and B#33 = 225.192
ROUND 1698 A#47 and B#33 = 137.043
ROUND 1699 A#48 and B#33 = 230.488
ROUND 1700 A#49 and B#33 = 270.272
ROUND 1701 A#0 and B#34 = 211.215
ROUND 1702 A#1 and B#34 = 227.674
ROUND 1703 A#2 and B#34 = 218.761
ROUND 1704 A#3 and B#34 = 210.991
ROUND 1705 A#4 and B#34 = 119.614
ROUND 1706 A#5 and B#34 = 211.105
ROUND 1707 A#6 and B#34 = 183.775
ROUND 1708 A#7 and B#34 = 210.883
ROUND 1709 A#8 and B#34 = 195.374
ROUND 1710 A#9 and B#34 = 231.422
ROUND 1711 A#10 and B#34 = 211.448
ROUND 1712 A#11 and B#34 = 288.251
ROUND 1713 A#12 and B#34 = 231.423
ROUND 1714 A#13 and B#34 = 235.01
ROUND 1715 A#14 and B#34 = 195.411
ROUND 1716 A#15 and B#34 = 198.652
ROUND 1717 A#16 and B#34 = 150.6
ROUND 1718 A#17 and B#34 = 196.526
ROUND 1719 A#18 and B#34 = 253.757
ROUND 1720 A#19 and B#34 = 204.811
ROUND 1721 A#20 and B#34 = 251.11
ROUND 1722 A#21 and B#34 = 202.136
ROUND 1723 A#22 and B#34 = 253.812
ROUND 1724 A#23 and B#34 = 197.753
ROUND 1725 A#24 and B#34 = 181.427
ROUND 1726 A#25 and B#34 = 191.827
ROUND 1727 A#26 and B#34 = 208.773
ROUND 1728 A#27 and B#34 = 155.307
ROUND 1729 A#28 and B#34 = 261.089
ROUND 1730 A#29 and B#34 = 262.801
ROUND 1731 A#30 and B#34 = 169.144
ROUND 1732 A#31 and B#34 = 203.012
ROUND 1733 A#32 and B#34 = 264.384
ROUND 1734 A#33 and B#34 = 281.58
ROUND 1735 A#34 and B#34 = 237.5
ROUND 1736 A#35 and B#34 = 220.756
ROUND 1737 A#36 and B#34 = 203.409
ROUND 1738 A#37 and B#34 = 258.387
ROUND 1739 A#38 and B#34 = 183.754
ROUND 1740 A#39 and B#34 = 182.887
ROUND 1741 A#40 and B#34 = 238.152
ROUND 1742 A#41 and B#34 = 238.174
ROUND 1743 A#42 and B#34 = 238.226
ROUND 1744 A#43 and B#34 = 265.749
ROUND 1745 A#44 and B#34 = 229.559
ROUND 1746 A#45 and B#34 = 270.257
ROUND 1747 A#46 and B#34 = 230.193
ROUND 1748 A#47 and B#34 = 267.763
ROUND 1749 A#48 and B#34 = 213.942
ROUND 1750 A#49 and B#34 = 254.964
ROUND 1751 A#0 and B#35 = 259.813
ROUND 1752 A#1 and B#35 = 274.277
ROUND 1753 A#2 and B#35 = 323.906
ROUND 1754 A#3 and B#35 = 233.391
ROUND 1755 A#4 and B#35 = 296.376
ROUND 1756 A#5 and B#35 = 24.5804
ROUND 1757 A#6 and B#35 = 22.2858
ROUND 1758 A#7 and B#35 = 342.491
ROUND 1759 A#8 and B#35 = 23.7872
ROUND 1760 A#9 and B#35 = 231.172
ROUND 1761 A#10 and B#35 = 143.882
ROUND 1762 A#11 and B#35 = 218.87
ROUND 1763 A#12 and B#35 = 254.094
ROUND 1764 A#13 and B#35 = 66.9496
ROUND 1765 A#14 and B#35 = 186.164
ROUND 1766 A#15 and B#35 = 290.635
ROUND 1767 A#16 and B#35 = 296.733
ROUND 1768 A#17 and B#35 = 185.16
ROUND 1769 A#18 and B#35 = 306.167
ROUND 1770 A#19 and B#35 = 278.251
ROUND 1771 A#20 and B#35 = 252.818
ROUND 1772 A#21 and B#35 = 261.469
ROUND 1773 A#22 and B#35 = 306.598
ROUND 1774 A#23 and B#35 = 209.531
ROUND 1775 A#24 and B#35 = 191.035
ROUND 1776 A#25 and B#35 = 234.134
ROUND 1777 A#26 and B#35 = 303.804
ROUND 1778 A#27 and B#35 = 262.41
ROUND 1779 A#28 and B#35 = 172.799
ROUND 1780 A#29 and B#35 = 273.327
ROUND 1781 A#30 and B#35 = 262.681
ROUND 1782 A#31 and B#35 = 237.602
ROUND 1783 A#32 and B#35 = 292.953
ROUND 1784 A#33 and B#35 = 165.062
ROUND 1785 A#34 and B#35 = 274.01
ROUND 1786 A#35 and B#35 = 261.177
ROUND 1787 A#36 and B#35 = 320.353
ROUND 1788 A#37 and B#35 = 174.375
ROUND 1789 A#38 and B#35 = 277.834
ROUND 1790 A#39 and B#35 = 277.875
ROUND 1791 A#40 and B#35 = 276.849
ROUND 1792 A#41 and B#35 = 273.501
ROUND 1793 A#42 and B#35 = 299.443
ROUND 1794 A#43 and B#35 = 299.038
ROUND 1795 A#44 and B#35 = 277.385
ROUND 1796 A#45 and B#35 = 298.588
ROUND 1797 A#46 and B#35 = 276.631
ROUND 1798 A#47 and B#35 = 299.679
ROUND 1799 A#48 and B#35 = 275.985
ROUND 1800 A#49 and B#35 = 282.126
ROUND 1801 A#0 and B#36 = 293.223
ROUND 1802 A#1 and B#36 = 273.294
ROUND 1803 A#2 and B#36 = 239.6
ROUND 1804 A#3 and B#36 = 269.979
ROUND 1805 A#4 and B#36 = 232.911
ROUND 1806 A#5 and B#36 = 270.821
ROUND 1807 A#6 and B#36 = 270.272
ROUND 1808 A#7 and B#36 = 192.398
ROUND 1809 A#8 and B#36 = 238.722
ROUND 1810 A#9 and B#36 = 246.445
ROUND 1811 A#10 and B#36 = 270.618
ROUND 1812 A#11 and B#36 = 266.836
ROUND 1813 A#12 and B#36 = 247.004
ROUND 1814 A#13 and B#36 = 208.92
ROUND 1815 A#14 and B#36 = 269.736
ROUND 1816 A#15 and B#36 = 198.971
ROUND 1817 A#16 and B#36 = 209.426
ROUND 1818 A#17 and B#36 = 267.441
ROUND 1819 A#18 and B#36 = 219.48
ROUND 1820 A#19 and B#36 = 193.556
ROUND 1821 A#20 and B#36 = 190.336
ROUND 1822 A#21 and B#36 = 252.752
ROUND 1823 A#22 and B#36 = 219.359
ROUND 1824 A#23 and B#36 = 237.225
ROUND 1825 A#24 and B#36 = 256.51
ROUND 1826 A#25 and B#36 = 260.819
ROUND 1827 A#26 and B#36 = 196.066
ROUND 1828 A#27 and B#36 = 230.684
ROUND 1829 A#28 and B#36 = 201.534
ROUND 1830 A#29 and B#36 = 235.275
ROUND 1831 A#30 and B#36 = 226.359
ROUND 1832 A#31 and B#36 = 201.665
ROUND 1833 A#32 and B#36 = 253.684
ROUND 1834 A#33 and B#36 = 137.789
ROUND 1835 A#34 and B#36 = 216.465
ROUND 1836 A#35 and B#36 = 281.604
ROUND 1837 A#36 and B#36 = 193
ROUND 1838 A#37 and B#36 = 250.519
ROUND 1839 A#38 and B#36 = 193.924
ROUND 1840 A#39 and B#36 = 193.52
ROUND 1841 A#40 and B#36 = 282.017
ROUND 1842 A#41 and B#36 = 281.853
ROUND 1843 A#42 and B#36 = 215.834
ROUND 1844 A#43 and B#36 = 251.199
ROUND 1845 A#44 and B#36 = 209.092
ROUND 1846 A#45 and B#36 = 251.001
ROUND 1847 A#46 and B#36 = 211.361
ROUND 1848 A#47 and B#36 = 245.728
ROUND 1849 A#48 and B#36 = 202.697
ROUND 1850 A#49 and B#36 = 194.622
ROUND 1851 A#0 and B#37 = 249.748
ROUND 1852 A#1 and B#37 = 238.746
ROUND 1853 A#2 and B#37 = 235.701
ROUND 1854 A#3 and B#37 = 210.186
ROUND 1855 A#4 and B#37 = 136.11
ROUND 1856 A#5 and B#37 = 210.73
ROUND 1857 A#6 and B#37 = 186.077
ROUND 1858 A#7 and B#37 = 210.321
ROUND 1859 A#8 and B#37 = 137.157
ROUND 1860 A#9 and B#37 = 295.222
ROUND 1861 A#10 and B#37 = 210.852
ROUND 1862 A#11 and B#37 = 125.664
ROUND 1863 A#12 and B#37 = 290.129
ROUND 1864 A#13 and B#37 = 143.629
ROUND 1865 A#14 and B#37 = 201.769
ROUND 1866 A#15 and B#37 = 199.868
ROUND 1867 A#16 and B#37 = 227.304
ROUND 1868 A#17 and B#37 = 202.085
ROUND 1869 A#18 and B#37 = 230.017
ROUND 1870 A#19 and B#37 = 226.571
ROUND 1871 A#20 and B#37 = 215.259
ROUND 1872 A#21 and B#37 = 273.039
ROUND 1873 A#22 and B#37 = 229.814
ROUND 1874 A#23 and B#37 = 138.652
ROUND 1875 A#24 and B#37 = 266.249
ROUND 1876 A#25 and B#37 = 249.027
ROUND 1877 A#26 and B#37 = 225.903
ROUND 1878 A#27 and B#37 = 174.581
ROUND 1879 A#28 and B#37 = 152.507
ROUND 1880 A#29 and B#37 = 236.659
ROUND 1881 A#30 and B#37 = 175.684
ROUND 1882 A#31 and B#37 = 242.148
ROUND 1883 A#32 and B#37 = 215.031
ROUND 1884 A#33 and B#37 = 235.557
ROUND 1885 A#34 and B#37 = 253.171
ROUND 1886 A#35 and B#37 = 247.614
ROUND 1887 A#36 and B#37 = 210.024
ROUND 1888 A#37 and B#37 = 259.719
ROUND 1889 A#38 and B#37 = 183.886
ROUND 1890 A#39 and B#37 = 182.991
ROUND 1891 A#40 and B#37 = 238.531
ROUND 1892 A#41 and B#37 = 238.53
ROUND 1893 A#42 and B#37 = 236.734
ROUND 1894 A#43 and B#37 = 273.788
ROUND 1895 A#44 and B#37 = 208.049
ROUND 1896 A#45 and B#37 = 278.341
ROUND 1897 A#46 and B#37 = 207.512
ROUND 1898 A#47 and B#37 = 278.574
ROUND 1899 A#48 and B#37 = 245.638
ROUND 1900 A#49 and B#37 = 269.624
ROUND 1901 A#0 and B#38 = 227.334
ROUND 1902 A#1 and B#38 = 206.94
ROUND 1903 A#2 and B#38 = 325.397
ROUND 1904 A#3 and B#38 = 231.557
ROUND 1905 A#4 and B#38 = 235.271
ROUND 1906 A#5 and B#38 = 227.079
ROUND 1907 A#6 and B#38 = 231.714
ROUND 1908 A#7 and B#38 = 231.767
ROUND 1909 A#8 and B#38 = 231.558
ROUND 1910 A#9 and B#38 = 252.676
ROUND 1911 A#10 and B#38 = 322.037
ROUND 1912 A#11 and B#38 = 235.799
ROUND 1913 A#12 and B#38 = 37.3967
ROUND 1914 A#13 and B#38 = 282.445
ROUND 1915 A#14 and B#38 = 264.057
ROUND 1916 A#15 and B#38 = 145.007
ROUND 1917 A#16 and B#38 = 219.359
ROUND 1918 A#17 and B#38 = 263.473
ROUND 1919 A#18 and B#38 = 236.027
ROUND 1920 A#19 and B#38 = 225.68
ROUND 1921 A#20 and B#38 = 192.189
ROUND 1922 A#21 and B#38 = 213.68
ROUND 1923 A#22 and B#38 = 236.016
ROUND 1924 A#23 and B#38 = 231.472
ROUND 1925 A#24 and B#38 = 242.054
ROUND 1926 A#25 and B#38 = 204.938
ROUND 1927 A#26 and B#38 = 123.067
ROUND 1928 A#27 and B#38 = 307.135
ROUND 1929 A#28 and B#38 = 208.109
ROUND 1930 A#29 and B#38 = 239.589
ROUND 1931 A#30 and B#38 = 294.53
ROUND 1932 A#31 and B#38 = 224.158
ROUND 1933 A#32 and B#38 = 272.148
ROUND 1934 A#33 and B#38 = 256.943
ROUND 1935 A#34 and B#38 = 306.914
ROUND 1936 A#35 and B#38 = 227.712
ROUND 1937 A#36 and B#38 = 83.5586
ROUND 1938 A#37 and B#38 = 236.481
ROUND 1939 A#38 and B#38 = 299.941
ROUND 1940 A#39 and B#38 = 300.075
ROUND 1941 A#40 and B#38 = 238.356
ROUND 1942 A#41 and B#38 = 236.179
ROUND 1943 A#42 and B#38 = 254.746
ROUND 1944 A#43 and B#38 = 71.8041
ROUND 1945 A#44 and B#38 = 144.502
ROUND 1946 A#45 and B#38 = 203.528
ROUND 1947 A#46 and B#38 = 141.665
ROUND 1948 A#47 and B#38 = 64.6385
ROUND 1949 A#48 and B#38 = 189.032
ROUND 1950 A#49 and B#38 = 292.494
ROUND 1951 A#0 and B#39 = 232.081
ROUND 1952 A#1 and B#39 = 218.544
ROUND 1953 A#2 and B#39 = 135.849
ROUND 1954 A#3 and B#39 = 166.618
ROUND 1955 A#4 and B#39 = 219.438
ROUND 1956 A#5 and B#39 = 164.885
ROUND 1957 A#6 and B#39 = 202.507
ROUND 1958 A#7 and B#39 = 164.892
ROUND 1959 A#8 and B#39 = 212.969
ROUND 1960 A#9 and B#39 = 305.874
ROUND 1961 A#10 and B#39 = 167.316
ROUND 1962 A#11 and B#39 = 299.234
ROUND 1963 A#12 and B#39 = 304.676
ROUND 1964 A#13 and B#39 = 144.792
ROUND 1965 A#14 and B#39 = 199.546
ROUND 1966 A#15 and B#39 = 216.883
ROUND 1967 A#16 and B#39 = 263.062
ROUND 1968 A#17 and B#39 = 200.587
ROUND 1969 A#18 and B#39 = 232.672
ROUND 1970 A#19 and B#39 = 225.933
ROUND 1971 A#20 and B#39 = 226.054
ROUND 1972 A#21 and B#39 = 225.836
ROUND 1973 A#22 and B#39 = 232.802
ROUND 1974 A#23 and B#39 = 212.147
ROUND 1975 A#24 and B#39 = 198.101
ROUND 1976 A#25 and B#39 = 160.27
ROUND 1977 A#26 and B#39 = 246.592
ROUND 1978 A#27 and B#39 = 252.361
ROUND 1979 A#28 and B#39 = 105.614
ROUND 1980 A#29 and B#39 = 221.812
ROUND 1981 A#30 and B#39 = 118.532
ROUND 1982 A#31 and B#39 = 224.979
ROUND 1983 A#32 and B#39 = 200.472
ROUND 1984 A#33 and B#39 = 284.271
ROUND 1985 A#34 and B#39 = 117.639
ROUND 1986 A#35 and B#39 = 264.512
ROUND 1987 A#36 and B#39 = 230.698
ROUND 1988 A#37 and B#39 = 281.182
ROUND 1989 A#38 and B#39 = 251.11
ROUND 1990 A#39 and B#39 = 251.283
ROUND 1991 A#40 and B#39 = 157.696
ROUND 1992 A#41 and B#39 = 158.737
ROUND 1993 A#42 and B#39 = 247.327
ROUND 1994 A#43 and B#39 = 167.521
ROUND 1995 A#44 and B#39 = 210.031
ROUND 1996 A#45 and B#39 = 168.278
ROUND 1997 A#46 and B#39 = 235.533
ROUND 1998 A#47 and B#39 = 166.08
ROUND 1999 A#48 and B#39 = 230.12
ROUND 2000 A#49 and B#39 = 250.303
ROUND 2001 A#0 and B#40 = 259.146
ROUND 2002 A#1 and B#40 = 273.281
ROUND 2003 A#2 and B#40 = 323.943
ROUND 2004 A#3 and B#40 = 232.625
ROUND 2005 A#4 and B#40 = 298.299
ROUND 2006 A#5 and B#40 = 23.0827
ROUND 2007 A#6 and B#40 = 230.798
ROUND 2008 A#7 and B#40 = 344.488
ROUND 2009 A#8 and B#40 = 22.0923
ROUND 2010 A#9 and B#40 = 232.342
ROUND 2011 A#10 and B#40 = 143.177
ROUND 2012 A#11 and B#40 = 219.442
ROUND 2013 A#12 and B#40 = 254.419
ROUND 2014 A#13 and B#40 = 64.7429
ROUND 2015 A#14 and B#40 = 185.994
ROUND 2016 A#15 and B#40 = 291.09
ROUND 2017 A#16 and B#40 = 298.97
ROUND 2018 A#17 and B#40 = 202.773
ROUND 2019 A#18 and B#40 = 305.327
ROUND 2020 A#19 and B#40 = 277.59
ROUND 2021 A#20 and B#40 = 252.128
ROUND 2022 A#21 and B#40 = 261.277
ROUND 2023 A#22 and B#40 = 305.743
ROUND 2024 A#23 and B#40 = 208.843
ROUND 2025 A#24 and B#40 = 190.859
ROUND 2026 A#25 and B#40 = 234.712
ROUND 2027 A#26 and B#40 = 303.388
ROUND 2028 A#27 and B#40 = 263.074
ROUND 2029 A#28 and B#40 = 173.5
ROUND 2030 A#29 and B#40 = 273.199
ROUND 2031 A#30 and B#40 = 263.399
ROUND 2032 A#31 and B#40 = 243.678
ROUND 2033 A#32 and B#40 = 295.389
ROUND 2034 A#33 and B#40 = 165.635
ROUND 2035 A#34 and B#40 = 273.428
ROUND 2036 A#35 and B#40 = 261.262
ROUND 2037 A#36 and B#40 = 320.309
ROUND 2038 A#37 and B#40 = 174.882
ROUND 2039 A#38 and B#40 = 279.018
ROUND 2040 A#39 and B#40 = 279.081
ROUND 2041 A#40 and B#40 = 275.895
ROUND 2042 A#41 and B#40 = 272.806
ROUND 2043 A#42 and B#40 = 298.278
ROUND 2044 A#43 and B#40 = 298.322
ROUND 2045 A#44 and B#40 = 276.861
ROUND 2046 A#45 and B#40 = 297.824
ROUND 2047 A#46 and B#40 = 276.198
ROUND 2048 A#47 and B#40 = 298.945
ROUND 2049 A#48 and B#40 = 275.71
ROUND 2050 A#49 and B#40 = 283.488
ROUND 2051 A#0 and B#41 = 133.064
ROUND 2052 A#1 and B#41 = 221.519
ROUND 2053 A#2 and B#41 = 130.58
ROUND 2054 A#3 and B#41 = 162.294
ROUND 2055 A#4 and B#41 = 217.818
ROUND 2056 A#5 and B#41 = 160.875
ROUND 2057 A#6 and B#41 = 173.646
ROUND 2058 A#7 and B#41 = 180.623
ROUND 2059 A#8 and B#41 = 207.098
ROUND 2060 A#9 and B#41 = 202.275
ROUND 2061 A#10 and B#41 = 157.662
ROUND 2062 A#11 and B#41 = 118.947
ROUND 2063 A#12 and B#41 = 190.38
ROUND 2064 A#13 and B#41 = 145.624
ROUND 2065 A#14 and B#41 = 146.082
ROUND 2066 A#15 and B#41 = 264.186
ROUND 2067 A#16 and B#41 = 262.619
ROUND 2068 A#17 and B#41 = 145.975
ROUND 2069 A#18 and B#41 = 225.503
ROUND 2070 A#19 and B#41 = 237.754
ROUND 2071 A#20 and B#41 = 255.54
ROUND 2072 A#21 and B#41 = 223.689
ROUND 2073 A#22 and B#41 = 225.705
ROUND 2074 A#23 and B#41 = 205.517
ROUND 2075 A#24 and B#41 = 186.304
ROUND 2076 A#25 and B#41 = 217.159
ROUND 2077 A#26 and B#41 = 248.785
ROUND 2078 A#27 and B#41 = 253.306
ROUND 2079 A#28 and B#41 = 135.914
ROUND 2080 A#29 and B#41 = 221.472
ROUND 2081 A#30 and B#41 = 98.5992
ROUND 2082 A#31 and B#41 = 236.495
ROUND 2083 A#32 and B#41 = 256.597
ROUND 2084 A#33 and B#41 = 220.917
ROUND 2085 A#34 and B#41 = 178.455
ROUND 2086 A#35 and B#41 = 268.604
ROUND 2087 A#36 and B#41 = 202.693
ROUND 2088 A#37 and B#41 = 272.259
ROUND 2089 A#38 and B#41 = 87.8149
ROUND 2090 A#39 and B#41 = 98.1606
ROUND 2091 A#40 and B#41 = 192.657
ROUND 2092 A#41 and B#41 = 191.082
ROUND 2093 A#42 and B#41 = 191.102
ROUND 2094 A#43 and B#41 = 271.643
ROUND 2095 A#44 and B#41 = 212.802
ROUND 2096 A#45 and B#41 = 161.596
ROUND 2097 A#46 and B#41 = 212.914
ROUND 2098 A#47 and B#41 = 268.245
ROUND 2099 A#48 and B#41 = 234.775
ROUND 2100 A#49 and B#41 = 94.1921
ROUND 2101 A#0 and B#42 = 232.715
ROUND 2102 A#1 and B#42 = 219.229
ROUND 2103 A#2 and B#42 = 139.898
ROUND 2104 A#3 and B#42 = 169.801
ROUND 2105 A#4 and B#42 = 223.026
ROUND 2106 A#5 and B#42 = 167.984
ROUND 2107 A#6 and B#42 = 180.377
ROUND 2108 A#7 and B#42 = 168.485
ROUND 2109 A#8 and B#42 = 213.745
ROUND 2110 A#9 and B#42 = 306.132
ROUND 2111 A#10 and B#42 = 170.529
ROUND 2112 A#11 and B#42 = 296.633
ROUND 2113 A#12 and B#42 = 305.085
ROUND 2114 A#13 and B#42 = 149.302
ROUND 2115 A#14 and B#42 = 200.229
ROUND 2116 A#15 and B#42 = 217.669
ROUND 2117 A#16 and B#42 = 264.895
ROUND 2118 A#17 and B#42 = 201.271
ROUND 2119 A#18 and B#42 = 232.556
ROUND 2120 A#19 and B#42 = 235.241
ROUND 2121 A#20 and B#42 = 254.914
ROUND 2122 A#21 and B#42 = 227.791
ROUND 2123 A#22 and B#42 = 232.678
ROUND 2124 A#23 and B#42 = 212.45
ROUND 2125 A#24 and B#42 = 198.7
ROUND 2126 A#25 and B#42 = 163.596
ROUND 2127 A#26 and B#42 = 248.417
ROUND 2128 A#27 and B#42 = 253.016
ROUND 2129 A#28 and B#42 = 236.188
ROUND 2130 A#29 and B#42 = 223.167
ROUND 2131 A#30 and B#42 = 244.86
ROUND 2132 A#31 and B#42 = 224.605
ROUND 2133 A#32 and B#42 = 200.1
ROUND 2134 A#33 and B#42 = 284.634
ROUND 2135 A#34 and B#42 = 118.629
ROUND 2136 A#35 and B#42 = 267.665
ROUND 2137 A#36 and B#42 = 231.325
ROUND 2138 A#37 and B#42 = 280.699
ROUND 2139 A#38 and B#42 = 251.839
ROUND 2140 A#39 and B#42 = 252.042
ROUND 2141 A#40 and B#42 = 157.522
ROUND 2142 A#41 and B#42 = 158.895
ROUND 2143 A#42 and B#42 = 247.288
ROUND 2144 A#43 and B#42 = 169.808
ROUND 2145 A#44 and B#42 = 210.549
ROUND 2146 A#45 and B#42 = 170.295
ROUND 2147 A#46 and B#42 = 210.362
ROUND 2148 A#47 and B#42 = 168.012
ROUND 2149 A#48 and B#42 = 230.739
ROUND 2150 A#49 and B#42 = 251.108
ROUND 2151 A#0 and B#43 = 236.64
ROUND 2152 A#1 and B#43 = 221.36
ROUND 2153 A#2 and B#43 = 136.65
ROUND 2154 A#3 and B#43 = 166.135
ROUND 2155 A#4 and B#43 = 221.545
ROUND 2156 A#5 and B#43 = 164.312
ROUND 2157 A#6 and B#43 = 178.185
ROUND 2158 A#7 and B#43 = 163.868
ROUND 2159 A#8 and B#43 = 212.087
ROUND 2160 A#9 and B#43 = 207.923
ROUND 2161 A#10 and B#43 = 167.654
ROUND 2162 A#11 and B#43 = 297.202
ROUND 2163 A#12 and B#43 = 304.393
ROUND 2164 A#13 and B#43 = 144.935
ROUND 2165 A#14 and B#43 = 195.9
ROUND 2166 A#15 and B#43 = 221.925
ROUND 2167 A#16 and B#43 = 261.074
ROUND 2168 A#17 and B#43 = 196.205
ROUND 2169 A#18 and B#43 = 224.576
ROUND 2170 A#19 and B#43 = 235.84
ROUND 2171 A#20 and B#43 = 234.708
ROUND 2172 A#21 and B#43 = 219.852
ROUND 2173 A#22 and B#43 = 224.768
ROUND 2174 A#23 and B#43 = 210.985
ROUND 2175 A#24 and B#43 = 193.849
ROUND 2176 A#25 and B#43 = 206.996
ROUND 2177 A#26 and B#43 = 248.464
ROUND 2178 A#27 and B#43 = 251.646
ROUND 2179 A#28 and B#43 = 236.114
ROUND 2180 A#29 and B#43 = 221.468
ROUND 2181 A#30 and B#43 = 243.033
ROUND 2182 A#31 and B#43 = 229.555
ROUND 2183 A#32 and B#43 = 266.891
ROUND 2184 A#33 and B#43 = 220.356
ROUND 2185 A#34 and B#43 = 154.078
ROUND 2186 A#35 and B#43 = 266.201
ROUND 2187 A#36 and B#43 = 237.938
ROUND 2188 A#37 and B#43 = 280.363
ROUND 2189 A#38 and B#43 = 251.266
ROUND 2190 A#39 and B#43 = 251.436
ROUND 2191 A#40 and B#43 = 189
ROUND 2192 A#41 and B#43 = 188.568
ROUND 2193 A#42 and B#43 = 250.228
ROUND 2194 A#43 and B#43 = 166.878
ROUND 2195 A#44 and B#43 = 213.093
ROUND 2196 A#45 and B#43 = 167.207
ROUND 2197 A#46 and B#43 = 235.154
ROUND 2198 A#47 and B#43 = 165.708
ROUND 2199 A#48 and B#43 = 233.789
ROUND 2200 A#49 and B#43 = 250.483
ROUND 2201 A#0 and B#44 = 247.806
ROUND 2202 A#1 and B#44 = 240.388
ROUND 2203 A#2 and B#44 = 235.524
ROUND 2204 A#3 and B#44 = 219.768
ROUND 2205 A#4 and B#44 = 124.481
ROUND 2206 A#5 and B#44 = 216.422
ROUND 2207 A#6 and B#44 = 180.23
ROUND 2208 A#7 and B#44 = 219.611
ROUND 2209 A#8 and B#44 = 199.875
ROUND 2210 A#9 and B#44 = 322.578
ROUND 2211 A#10 and B#44 = 216.797
ROUND 2212 A#11 and B#44 = 310.649
ROUND 2213 A#12 and B#44 = 314.838
ROUND 2214 A#13 and B#44 = 235.714
ROUND 2215 A#14 and B#44 = 190.091
ROUND 2216 A#15 and B#44 = 197.864
ROUND 2217 A#16 and B#44 = 226.545
ROUND 2218 A#17 and B#44 = 190.252
ROUND 2219 A#18 and B#44 = 227.194
ROUND 2220 A#19 and B#44 = 223.437
ROUND 2221 A#20 and B#44 = 213.415
ROUND 2222 A#21 and B#44 = 205.878
ROUND 2223 A#22 and B#44 = 226.961
ROUND 2224 A#23 and B#44 = 202.317
ROUND 2225 A#24 and B#44 = 268.491
ROUND 2226 A#25 and B#44 = 247.847
ROUND 2227 A#26 and B#44 = 219.863
ROUND 2228 A#27 and B#44 = 128.262
ROUND 2229 A#28 and B#44 = 162.419
ROUND 2230 A#29 and B#44 = 236.37
ROUND 2231 A#30 and B#44 = 161.951
ROUND 2232 A#31 and B#44 = 253.207
ROUND 2233 A#32 and B#44 = 263.737
ROUND 2234 A#33 and B#44 = 235.128
ROUND 2235 A#34 and B#44 = 258.564
ROUND 2236 A#35 and B#44 = 249.745
ROUND 2237 A#36 and B#44 = 206.73
ROUND 2238 A#37 and B#44 = 259.218
ROUND 2239 A#38 and B#44 = 176.761
ROUND 2240 A#39 and B#44 = 175.825
ROUND 2241 A#40 and B#44 = 248.956
ROUND 2242 A#41 and B#44 = 237.346
ROUND 2243 A#42 and B#44 = 251.199
ROUND 2244 A#43 and B#44 = 279.155
ROUND 2245 A#44 and B#44 = 198.603
ROUND 2246 A#45 and B#44 = 283.428
ROUND 2247 A#46 and B#44 = 197.463
ROUND 2248 A#47 and B#44 = 283.592
ROUND 2249 A#48 and B#44 = 243.872
ROUND 2250 A#49 and B#44 = 261.663
ROUND 2251 A#0 and B#45 = 187.368
ROUND 2252 A#1 and B#45 = 224.552
ROUND 2253 A#2 and B#45 = 270.105
ROUND 2254 A#3 and B#45 = 211.512
ROUND 2255 A#4 and B#45 = 234.613
ROUND 2256 A#5 and B#45 = 211.689
ROUND 2257 A#6 and B#45 = 211.489
ROUND 2258 A#7 and B#45 = 211.44
ROUND 2259 A#8 and B#45 = 198.45
ROUND 2260 A#9 and B#45 = 231.407
ROUND 2261 A#10 and B#45 = 212.087
ROUND 2262 A#11 and B#45 = 311.57
ROUND 2263 A#12 and B#45 = 231.415
ROUND 2264 A#13 and B#45 = 234.939
ROUND 2265 A#14 and B#45 = 184.048
ROUND 2266 A#15 and B#45 = 198.22
ROUND 2267 A#16 and B#45 = 139.238
ROUND 2268 A#17 and B#45 = 184.675
ROUND 2269 A#18 and B#45 = 253.86
ROUND 2270 A#19 and B#45 = 250.216
ROUND 2271 A#20 and B#45 = 249.759
ROUND 2272 A#21 and B#45 = 200.065
ROUND 2273 A#22 and B#45 = 253.918
ROUND 2274 A#23 and B#45 = 200.633
ROUND 2275 A#24 and B#45 = 172.646
ROUND 2276 A#25 and B#45 = 195.647
ROUND 2277 A#26 and B#45 = 83.8164
ROUND 2278 A#27 and B#45 = 125.141
ROUND 2279 A#28 and B#45 = 261.086
ROUND 2280 A#29 and B#45 = 262.244
ROUND 2281 A#30 and B#45 = 151.711
ROUND 2282 A#31 and B#45 = 181.588
ROUND 2283 A#32 and B#45 = 202.478
ROUND 2284 A#33 and B#45 = 233.422
ROUND 2285 A#34 and B#45 = 237.553
ROUND 2286 A#35 and B#45 = 195.714
ROUND 2287 A#36 and B#45 = 204.435
ROUND 2288 A#37 and B#45 = 259.503
ROUND 2289 A#38 and B#45 = 167.337
ROUND 2290 A#39 and B#45 = 166.376
ROUND 2291 A#40 and B#45 = 238.038
ROUND 2292 A#41 and B#45 = 237.755
ROUND 2293 A#42 and B#45 = 37.0269
ROUND 2294 A#43 and B#45 = 254.858
ROUND 2295 A#44 and B#45 = 87.9596
ROUND 2296 A#45 and B#45 = 258.368
ROUND 2297 A#46 and B#45 = 83.6346
ROUND 2298 A#47 and B#45 = 255.554
ROUND 2299 A#48 and B#45 = 193.409
ROUND 2300 A#49 and B#45 = 252.598
ROUND 2301 A#0 and B#46 = 275.472
ROUND 2302 A#1 and B#46 = 224.061
ROUND 2303 A#2 and B#46 = 281.308
ROUND 2304 A#3 and B#46 = 266.213
ROUND 2305 A#4 and B#46 = 213.876
ROUND 2306 A#5 and B#46 = 129.499
ROUND 2307 A#6 and B#46 = 263.838
ROUND 2308 A#7 and B#46 = 264.374
ROUND 2309 A#8 and B#46 = 198.208
ROUND 2310 A#9 and B#46 = 47.6531
ROUND 2311 A#10 and B#46 = 323.765
ROUND 2312 A#11 and B#46 = 240.639
ROUND 2313 A#12 and B#46 = 48.7084
ROUND 2314 A#13 and B#46 = 242.23
ROUND 2315 A#14 and B#46 = 267.939
ROUND 2316 A#15 and B#46 = 199.834
ROUND 2317 A#16 and B#46 = 243.271
ROUND 2318 A#17 and B#46 = 266.939
ROUND 2319 A#18 and B#46 = 275.127
ROUND 2320 A#19 and B#46 = 245.592
ROUND 2321 A#20 and B#46 = 180.16
ROUND 2322 A#21 and B#46 = 234.612
ROUND 2323 A#22 and B#46 = 275.038
ROUND 2324 A#23 and B#46 = 199.589
ROUND 2325 A#24 and B#46 = 282.051
ROUND 2326 A#25 and B#46 = 301.044
ROUND 2327 A#26 and B#46 = 187.973
ROUND 2328 A#27 and B#46 = 308.863
ROUND 2329 A#28 and B#46 = 207.758
ROUND 2330 A#29 and B#46 = 238.728
ROUND 2331 A#30 and B#46 = 296.896
ROUND 2332 A#31 and B#46 = 257.35
ROUND 2333 A#32 and B#46 = 277.703
ROUND 2334 A#33 and B#46 = 255.959
ROUND 2335 A#34 and B#46 = 239.911
ROUND 2336 A#35 and B#46 = 228.765
ROUND 2337 A#36 and B#46 = 236.756
ROUND 2338 A#37 and B#46 = 233.55
ROUND 2339 A#38 and B#46 = 302.76
ROUND 2340 A#39 and B#46 = 236.333
ROUND 2341 A#40 and B#46 = 247.236
ROUND 2342 A#41 and B#46 = 247.101
ROUND 2343 A#42 and B#46 = 276.524
ROUND 2344 A#43 and B#46 = 265.968
ROUND 2345 A#44 and B#46 = 233.072
ROUND 2346 A#45 and B#46 = 265.31
ROUND 2347 A#46 and B#46 = 225.775
ROUND 2348 A#47 and B#46 = 263.94
ROUND 2349 A#48 and B#46 = 228.285
ROUND 2350 A#49 and B#46 = 294.723
ROUND 2351 A#0 and B#47 = 248.955
ROUND 2352 A#1 and B#47 = 238.4
ROUND 2353 A#2 and B#47 = 235.674
ROUND 2354 A#3 and B#47 = 210.549
ROUND 2355 A#4 and B#47 = 196.328
ROUND 2356 A#5 and B#47 = 210.568
ROUND 2357 A#6 and B#47 = 178.516
ROUND 2358 A#7 and B#47 = 210.205
ROUND 2359 A#8 and B#47 = 198.394
ROUND 2360 A#9 and B#47 = 291.836
ROUND 2361 A#10 and B#47 = 210.85
ROUND 2362 A#11 and B#47 = 281.541
ROUND 2363 A#12 and B#47 = 287.723
ROUND 2364 A#13 and B#47 = 235.847
ROUND 2365 A#14 and B#47 = 157.933
ROUND 2366 A#15 and B#47 = 194.493
ROUND 2367 A#16 and B#47 = 226.296
ROUND 2368 A#17 and B#47 = 161.458
ROUND 2369 A#18 and B#47 = 226.745
ROUND 2370 A#19 and B#47 = 222.32
ROUND 2371 A#20 and B#47 = 213.158
ROUND 2372 A#21 and B#47 = 273.109
ROUND 2373 A#22 and B#47 = 226.614
ROUND 2374 A#23 and B#47 = 200.849
ROUND 2375 A#24 and B#47 = 272.396
ROUND 2376 A#25 and B#47 = 250.115
ROUND 2377 A#26 and B#47 = 222.905
ROUND 2378 A#27 and B#47 = 167.886
ROUND 2379 A#28 and B#47 = 149.297
ROUND 2380 A#29 and B#47 = 265.052
ROUND 2381 A#30 and B#47 = 168.077
ROUND 2382 A#31 and B#47 = 244.363
ROUND 2383 A#32 and B#47 = 215.565
ROUND 2384 A#33 and B#47 = 235.045
ROUND 2385 A#34 and B#47 = 156.345
ROUND 2386 A#35 and B#47 = 197.462
ROUND 2387 A#36 and B#47 = 206.744
ROUND 2388 A#37 and B#47 = 259.99
ROUND 2389 A#38 and B#47 = 175.815
ROUND 2390 A#39 and B#47 = 174.919
ROUND 2391 A#40 and B#47 = 184.025
ROUND 2392 A#41 and B#47 = 183.984
ROUND 2393 A#42 and B#47 = 238.625
ROUND 2394 A#43 and B#47 = 273.688
ROUND 2395 A#44 and B#47 = 207.83
ROUND 2396 A#45 and B#47 = 277.222
ROUND 2397 A#46 and B#47 = 221.236
ROUND 2398 A#47 and B#47 = 277.403
ROUND 2399 A#48 and B#47 = 243.569
ROUND 2400 A#49 and B#47 = 153.859
ROUND 2401 A#0 and B#48 = 251.505
ROUND 2402 A#1 and B#48 = 241.832
ROUND 2403 A#2 and B#48 = 235.187
ROUND 2404 A#3 and B#48 = 219.806
ROUND 2405 A#4 and B#48 = 196.969
ROUND 2406 A#5 and B#48 = 169.227
ROUND 2407 A#6 and B#48 = 180.596
ROUND 2408 A#7 and B#48 = 219.653
ROUND 2409 A#8 and B#48 = 200.276
ROUND 2410 A#9 and B#48 = 324.682
ROUND 2411 A#10 and B#48 = 220.059
ROUND 2412 A#11 and B#48 = 310.367
ROUND 2413 A#12 and B#48 = 316.759
ROUND 2414 A#13 and B#48 = 235.592
ROUND 2415 A#14 and B#48 = 169.526
ROUND 2416 A#15 and B#48 = 195.836
ROUND 2417 A#16 and B#48 = 226.131
ROUND 2418 A#17 and B#48 = 190.278
ROUND 2419 A#18 and B#48 = 228.52
ROUND 2420 A#19 and B#48 = 224.465
ROUND 2421 A#20 and B#48 = 214.117
ROUND 2422 A#21 and B#48 = 203.694
ROUND 2423 A#22 and B#48 = 228.38
ROUND 2424 A#23 and B#48 = 202.747
ROUND 2425 A#24 and B#48 = 273.165
ROUND 2426 A#25 and B#48 = 248.634
ROUND 2427 A#26 and B#48 = 223.727
ROUND 2428 A#27 and B#48 = 126.53
ROUND 2429 A#28 and B#48 = 262.423
ROUND 2430 A#29 and B#48 = 256.813
ROUND 2431 A#30 and B#48 = 161.187
ROUND 2432 A#31 and B#48 = 253.949
ROUND 2433 A#32 and B#48 = 262.914
ROUND 2434 A#33 and B#48 = 235.356
ROUND 2435 A#34 and B#48 = 236.95
ROUND 2436 A#35 and B#48 = 195.539
ROUND 2437 A#36 and B#48 = 205.83
ROUND 2438 A#37 and B#48 = 82.3119
ROUND 2439 A#38 and B#48 = 175.273
ROUND 2440 A#39 and B#48 = 174.368
ROUND 2441 A#40 and B#48 = 238.952
ROUND 2442 A#41 and B#48 = 238.686
ROUND 2443 A#42 and B#48 = 238.435
ROUND 2444 A#43 and B#48 = 278.085
ROUND 2445 A#44 and B#48 = 230.947
ROUND 2446 A#45 and B#48 = 282.232
ROUND 2447 A#46 and B#48 = 230.981
ROUND 2448 A#47 and B#48 = 282.33
ROUND 2449 A#48 and B#48 = 245.734
ROUND 2450 A#49 and B#48 = 261.804
ROUND 2451 A#0 and B#49 = 225.702
ROUND 2452 A#1 and B#49 = 203.362
ROUND 2453 A#2 and B#49 = 111.903
ROUND 2454 A#3 and B#49 = 259.143
ROUND 2455 A#4 and B#49 = 125.771
ROUND 2456 A#5 and B#49 = 115.302
ROUND 2457 A#6 and B#49 = 258.59
ROUND 2458 A#7 and B#49 = 259.486
ROUND 2459 A#8 and B#49 = 116.893
ROUND 2460 A#9 and B#49 = 236.849
ROUND 2461 A#10 and B#49 = 261.043
ROUND 2462 A#11 and B#49 = 289.004
ROUND 2463 A#12 and B#49 = 103.682
ROUND 2464 A#13 and B#49 = 79.6868
ROUND 2465 A#14 and B#49 = 168.167
ROUND 2466 A#15 and B#49 = 212.293
ROUND 2467 A#16 and B#49 = 211.368
ROUND 2468 A#17 and B#49 = 136.018
ROUND 2469 A#18 and B#49 = 220.747
ROUND 2470 A#19 and B#49 = 202.769
ROUND 2471 A#20 and B#49 = 202.387
ROUND 2472 A#21 and B#49 = 193.999
ROUND 2473 A#22 and B#49 = 221.508
ROUND 2474 A#23 and B#49 = 118.222
ROUND 2475 A#24 and B#49 = 105.274
ROUND 2476 A#25 and B#49 = 159.141
ROUND 2477 A#26 and B#49 = 209.104
ROUND 2478 A#27 and B#49 = 251.951
ROUND 2479 A#28 and B#49 = 113.23
ROUND 2480 A#29 and B#49 = 181.805
ROUND 2481 A#30 and B#49 = 252.47
ROUND 2482 A#31 and B#49 = 191.247
ROUND 2483 A#32 and B#49 = 268.07
ROUND 2484 A#33 and B#49 = 68.3173
ROUND 2485 A#34 and B#49 = 213.917
ROUND 2486 A#35 and B#49 = 201.35
ROUND 2487 A#36 and B#49 = 199.493
ROUND 2488 A#37 and B#49 = 200.375
ROUND 2489 A#38 and B#49 = 251.279
ROUND 2490 A#39 and B#49 = 245.986
ROUND 2491 A#40 and B#49 = 186.813
ROUND 2492 A#41 and B#49 = 187.764
ROUND 2493 A#42 and B#49 = 174.929
ROUND 2494 A#43 and B#49 = 208.094
ROUND 2495 A#44 and B#49 = 209.638
ROUND 2496 A#45 and B#49 = 206.814
ROUND 2497 A#46 and B#49 = 210.253
ROUND 2498 A#47 and B#49 = 204.1
ROUND 2499 A#48 and B#49 = 202.05
ROUND 2500 A#49 and B#49 = 166.637

The best overlap is between conformer A#29 and B#15, which, after PCA followed by Steepest Descent, produces a volume overlap of 357.96
Tanimoto (Hodgkin) similarity index: 0.386529

Saving those best conformers to file...
WRITING MOLECULE TO FILE '../ALL_PAIRS_BQ123_AS_REFERENCE/ROKS3/BQ123-SB209670.mol2' (WILL OVERWRITE EXISTING FILE IF ANY)...
WRITING MOLECULE TO FILE '../ALL_PAIRS_BQ123_AS_REFERENCE/ROKS3/BQ123-SB209670.mol2'...
