Finished importing molecules
WARNING: LAPACK DSYEV() RETURNED NON-ZERO ERROR CODE 2
WARNING: LAPACK DSYEV() RETURNED NON-ZERO ERROR CODE 2
WARNING: LAPACK DSYEV() RETURNED NON-ZERO ERROR CODE 3
WARNING: LAPACK DSYEV() RETURNED NON-ZERO ERROR CODE 2
WARNING: LAPACK DSYEV() RETURNED NON-ZERO ERROR CODE 2
WARNING: LAPACK DSYEV() RETURNED NON-ZERO ERROR CODE 2
WARNING: LAPACK DSYEV() RETURNED NON-ZERO ERROR CODE 3
WARNING: LAPACK DSYEV() RETURNED NON-ZERO ERROR CODE 3
WARNING: LAPACK DSYEV() RETURNED NON-ZERO ERROR CODE 2
WARNING: LAPACK DSYEV() RETURNED NON-ZERO ERROR CODE 2
WARNING: LAPACK DSYEV() RETURNED NON-ZERO ERROR CODE 2
WARNING: LAPACK DSYEV() RETURNED NON-ZERO ERROR CODE 2
WARNING: LAPACK DSYEV() RETURNED NON-ZERO ERROR CODE 2
WARNING: LAPACK DSYEV() RETURNED NON-ZERO ERROR CODE 3
WARNING: LAPACK DSYEV() RETURNED NON-ZERO ERROR CODE 3
WARNING: LAPACK DSYEV() RETURNED NON-ZERO ERROR CODE 2
WARNING: LAPACK DSYEV() RETURNED NON-ZERO ERROR CODE 3
WARNING: LAPACK DSYEV() RETURNED NON-ZERO ERROR CODE 2
WARNING: LAPACK DSYEV() RETURNED NON-ZERO ERROR CODE 2
WARNING: LAPACK DSYEV() RETURNED NON-ZERO ERROR CODE 2
WARNING: LAPACK DSYEV() RETURNED NON-ZERO ERROR CODE 3
WARNING: LAPACK DSYEV() RETURNED NON-ZERO ERROR CODE 2
WARNING: LAPACK DSYEV() RETURNED NON-ZERO ERROR CODE 3
WARNING: LAPACK DSYEV() RETURNED NON-ZERO ERROR CODE 2
WARNING: LAPACK DSYEV() RETURNED NON-ZERO ERROR CODE 2
WARNING: LAPACK DSYEV() RETURNED NON-ZERO ERROR CODE 2
WARNING: LAPACK DSYEV() RETURNED NON-ZERO ERROR CODE 2
WARNING: LAPACK DSYEV() RETURNED NON-ZERO ERROR CODE 2
WARNING: LAPACK DSYEV() RETURNED NON-ZERO ERROR CODE 2
WARNING: LAPACK DSYEV() RETURNED NON-ZERO ERROR CODE 3
WARNING: LAPACK DSYEV() RETURNED NON-ZERO ERROR CODE 3
WARNING: LAPACK DSYEV() RETURNED NON-ZERO ERROR CODE 2
WARNING: LAPACK DSYEV() RETURNED NON-ZERO ERROR CODE 2
WARNING: LAPACK DSYEV() RETURNED NON-ZERO ERROR CODE 2
WARNING: LAPACK DSYEV() RETURNED NON-ZERO ERROR CODE 2
WARNING: LAPACK DSYEV() RETURNED NON-ZERO ERROR CODE 2
WARNING: LAPACK DSYEV() RETURNED NON-ZERO ERROR CODE 3
WARNING: LAPACK DSYEV() RETURNED NON-ZERO ERROR CODE 2
WARNING: LAPACK DSYEV() RETURNED NON-ZERO ERROR CODE 3
WARNING: LAPACK DSYEV() RETURNED NON-ZERO ERROR CODE 3
WARNING: LAPACK DSYEV() RETURNED NON-ZERO ERROR CODE 3
WARNING: LAPACK DSYEV() RETURNED NON-ZERO ERROR CODE 2
WARNING: LAPACK DSYEV() RETURNED NON-ZERO ERROR CODE 3
WARNING: LAPACK DSYEV() RETURNED NON-ZERO ERROR CODE 2
WARNING: LAPACK DSYEV() RETURNED NON-ZERO ERROR CODE 2
WARNING: LAPACK DSYEV() RETURNED NON-ZERO ERROR CODE 3
WARNING: LAPACK DSYEV() RETURNED NON-ZERO ERROR CODE 2
WARNING: LAPACK DSYEV() RETURNED NON-ZERO ERROR CODE 2
WARNING: LAPACK DSYEV() RETURNED NON-ZERO ERROR CODE 2
WARNING: LAPACK DSYEV() RETURNED NON-ZERO ERROR CODE 2
WARNING: LAPACK DSYEV() RETURNED NON-ZERO ERROR CODE 2
WARNING: LAPACK DSYEV() RETURNED NON-ZERO ERROR CODE 3
WARNING: LAPACK DSYEV() RETURNED NON-ZERO ERROR CODE 3
WARNING: LAPACK DSYEV() RETURNED NON-ZERO ERROR CODE 2
WARNING: LAPACK DSYEV() RETURNED NON-ZERO ERROR CODE 3
WARNING: LAPACK DSYEV() RETURNED NON-ZERO ERROR CODE 2
WARNING: LAPACK DSYEV() RETURNED NON-ZERO ERROR CODE 2
WARNING: LAPACK DSYEV() RETURNED NON-ZERO ERROR CODE 3
WARNING: LAPACK DSYEV() RETURNED NON-ZERO ERROR CODE 3
WARNING: LAPACK DSYEV() RETURNED NON-ZERO ERROR CODE 3
WARNING: LAPACK DSYEV() RETURNED NON-ZERO ERROR CODE 2
WARNING: LAPACK DSYEV() RETURNED NON-ZERO ERROR CODE 3
WARNING: LAPACK DSYEV() RETURNED NON-ZERO ERROR CODE 2
WARNING: LAPACK DSYEV() RETURNED NON-ZERO ERROR CODE 3
WARNING: LAPACK DSYEV() RETURNED NON-ZERO ERROR CODE 2
WARNING: LAPACK DSYEV() RETURNED NON-ZERO ERROR CODE 2
WARNING: LAPACK DSYEV() RETURNED NON-ZERO ERROR CODE 3
WARNING: LAPACK DSYEV() RETURNED NON-ZERO ERROR CODE 2
WARNING: LAPACK DSYEV() RETURNED NON-ZERO ERROR CODE 2
WARNING: LAPACK DSYEV() RETURNED NON-ZERO ERROR CODE 3
WARNING: LAPACK DSYEV() RETURNED NON-ZERO ERROR CODE 2
WARNING: LAPACK DSYEV() RETURNED NON-ZERO ERROR CODE 3
WARNING: LAPACK DSYEV() RETURNED NON-ZERO ERROR CODE 3
WARNING: LAPACK DSYEV() RETURNED NON-ZERO ERROR CODE 3
WARNING: LAPACK DSYEV() RETURNED NON-ZERO ERROR CODE 3
WARNING: LAPACK DSYEV() RETURNED NON-ZERO ERROR CODE 3
WARNING: LAPACK DSYEV() RETURNED NON-ZERO ERROR CODE 2
WARNING: LAPACK DSYEV() RETURNED NON-ZERO ERROR CODE 3
WARNING: LAPACK DSYEV() RETURNED NON-ZERO ERROR CODE 3
WARNING: LAPACK DSYEV() RETURNED NON-ZERO ERROR CODE 3
WARNING: LAPACK DSYEV() RETURNED NON-ZERO ERROR CODE 2
WARNING: LAPACK DSYEV() RETURNED NON-ZERO ERROR CODE 3
WARNING: LAPACK DSYEV() RETURNED NON-ZERO ERROR CODE 2
WARNING: LAPACK DSYEV() RETURNED NON-ZERO ERROR CODE 3
WARNING: LAPACK DSYEV() RETURNED NON-ZERO ERROR CODE 2
WARNING: LAPACK DSYEV() RETURNED NON-ZERO ERROR CODE 3
WARNING: LAPACK DSYEV() RETURNED NON-ZERO ERROR CODE 3
WARNING: LAPACK DSYEV() RETURNED NON-ZERO ERROR CODE 2
WARNING: LAPACK DSYEV() RETURNED NON-ZERO ERROR CODE 2
WARNING: LAPACK DSYEV() RETURNED NON-ZERO ERROR CODE 3
WARNING: LAPACK DSYEV() RETURNED NON-ZERO ERROR CODE 3
WARNING: LAPACK DSYEV() RETURNED NON-ZERO ERROR CODE 3
WARNING: LAPACK DSYEV() RETURNED NON-ZERO ERROR CODE 3
WARNING: LAPACK DSYEV() RETURNED NON-ZERO ERROR CODE 3
WARNING: LAPACK DSYEV() RETURNED NON-ZERO ERROR CODE 2
WARNING: LAPACK DSYEV() RETURNED NON-ZERO ERROR CODE 2
WARNING: LAPACK DSYEV() RETURNED NON-ZERO ERROR CODE 2
WARNING: LAPACK DSYEV() RETURNED NON-ZERO ERROR CODE 2
WARNING: LAPACK DSYEV() RETURNED NON-ZERO ERROR CODE 2
WARNING: LAPACK DSYEV() RETURNED NON-ZERO ERROR CODE 3
Finished setting up data; running search...
ROUND 1 A#0 and B#0 = 203.232
ROUND 2 A#1 and B#0 = 203.125
ROUND 3 A#2 and B#0 = 219.444
ROUND 4 A#3 and B#0 = 242.015
ROUND 5 A#4 and B#0 = 270.884
ROUND 6 A#5 and B#0 = 207.906
ROUND 7 A#6 and B#0 = 223.265
ROUND 8 A#7 and B#0 = 195.281
ROUND 9 A#8 and B#0 = 269.187
ROUND 10 A#9 and B#0 = 269.822
ROUND 11 A#10 and B#0 = 237.806
ROUND 12 A#11 and B#0 = 200.551
ROUND 13 A#12 and B#0 = 205.375
ROUND 14 A#13 and B#0 = 215.04
ROUND 15 A#14 and B#0 = 224.806
ROUND 16 A#15 and B#0 = 227.387
ROUND 17 A#16 and B#0 = 225.898
ROUND 18 A#17 and B#0 = 225.319
ROUND 19 A#18 and B#0 = 206.276
ROUND 20 A#19 and B#0 = 93.7831
ROUND 21 A#20 and B#0 = 214.426
ROUND 22 A#21 and B#0 = 93.979
ROUND 23 A#22 and B#0 = 248.867
ROUND 24 A#23 and B#0 = 87.2966
ROUND 25 A#24 and B#0 = 90.32
ROUND 26 A#25 and B#0 = 213.317
ROUND 27 A#26 and B#0 = 207.206
ROUND 28 A#27 and B#0 = 226.15
ROUND 29 A#28 and B#0 = 156.433
ROUND 30 A#29 and B#0 = 240.899
ROUND 31 A#30 and B#0 = 228.544
ROUND 32 A#31 and B#0 = 215.523
ROUND 33 A#32 and B#0 = 218.526
ROUND 34 A#33 and B#0 = 227.433
ROUND 35 A#34 and B#0 = 265.758
ROUND 36 A#35 and B#0 = 274.522
ROUND 37 A#36 and B#0 = 245.081
ROUND 38 A#37 and B#0 = 205.225
ROUND 39 A#38 and B#0 = 81.9374
ROUND 40 A#39 and B#0 = 55.2272
ROUND 41 A#40 and B#0 = 215.072
ROUND 42 A#41 and B#0 = 280.887
ROUND 43 A#42 and B#0 = 246.927
ROUND 44 A#43 and B#0 = 193.49
ROUND 45 A#44 and B#0 = 220.033
ROUND 46 A#45 and B#0 = 213.901
ROUND 47 A#46 and B#0 = 210.832
ROUND 48 A#47 and B#0 = 234.516
ROUND 49 A#48 and B#0 = 232.395
ROUND 50 A#49 and B#0 = 206.712
ROUND 51 A#0 and B#1 = 166.703
ROUND 52 A#1 and B#1 = 166.842
ROUND 53 A#2 and B#1 = 212.278
ROUND 54 A#3 and B#1 = 246.412
ROUND 55 A#4 and B#1 = 227.856
ROUND 56 A#5 and B#1 = 268.647
ROUND 57 A#6 and B#1 = 270.82
ROUND 58 A#7 and B#1 = -146.043
ROUND 59 A#8 and B#1 = 252.573
ROUND 60 A#9 and B#1 = 252.911
ROUND 61 A#10 and B#1 = 246.29
ROUND 62 A#11 and B#1 = 237.037
ROUND 63 A#12 and B#1 = 229.005
ROUND 64 A#13 and B#1 = 246.039
ROUND 65 A#14 and B#1 = 168.263
ROUND 66 A#15 and B#1 = 227.471
ROUND 67 A#16 and B#1 = 224.11
ROUND 68 A#17 and B#1 = 207.403
ROUND 69 A#18 and B#1 = 218.143
ROUND 70 A#19 and B#1 = 216.725
ROUND 71 A#20 and B#1 = 208.882
ROUND 72 A#21 and B#1 = 222.417
ROUND 73 A#22 and B#1 = 84.8375
ROUND 74 A#23 and B#1 = 205.624
ROUND 75 A#24 and B#1 = 186.088
ROUND 76 A#25 and B#1 = 285.641
ROUND 77 A#26 and B#1 = 216.309
ROUND 78 A#27 and B#1 = 274.34
ROUND 79 A#28 and B#1 = 249.844
ROUND 80 A#29 and B#1 = 226.683
ROUND 81 A#30 and B#1 = 228.552
ROUND 82 A#31 and B#1 = 228.729
ROUND 83 A#32 and B#1 = 220.668
ROUND 84 A#33 and B#1 = 204.63
ROUND 85 A#34 and B#1 = 265.012
ROUND 86 A#35 and B#1 = 284.509
ROUND 87 A#36 and B#1 = 226.378
ROUND 88 A#37 and B#1 = 218
ROUND 89 A#38 and B#1 = 225.374
ROUND 90 A#39 and B#1 = 215.372
ROUND 91 A#40 and B#1 = 215.466
ROUND 92 A#41 and B#1 = 246.789
ROUND 93 A#42 and B#1 = 246.983
ROUND 94 A#43 and B#1 = 170.764
ROUND 95 A#44 and B#1 = 173.146
ROUND 96 A#45 and B#1 = 217.668
ROUND 97 A#46 and B#1 = 184.122
ROUND 98 A#47 and B#1 = 247.904
ROUND 99 A#48 and B#1 = 247.879
ROUND 100 A#49 and B#1 = 218.929
ROUND 101 A#0 and B#2 = 166.69
ROUND 102 A#1 and B#2 = 166.706
ROUND 103 A#2 and B#2 = 212.22
ROUND 104 A#3 and B#2 = 246.283
ROUND 105 A#4 and B#2 = 227.838
ROUND 106 A#5 and B#2 = 268.202
ROUND 107 A#6 and B#2 = 271.105
ROUND 108 A#7 and B#2 = 179.218
ROUND 109 A#8 and B#2 = 252.597
ROUND 110 A#9 and B#2 = 252.905
ROUND 111 A#10 and B#2 = 246.17
ROUND 112 A#11 and B#2 = 247.824
ROUND 113 A#12 and B#2 = 228.976
ROUND 114 A#13 and B#2 = 246.214
ROUND 115 A#14 and B#2 = 218.463
ROUND 116 A#15 and B#2 = 227.426
ROUND 117 A#16 and B#2 = 211.844
ROUND 118 A#17 and B#2 = 207.867
ROUND 119 A#18 and B#2 = 217.997
ROUND 120 A#19 and B#2 = 216.706
ROUND 121 A#20 and B#2 = 247.587
ROUND 122 A#21 and B#2 = 222.602
ROUND 123 A#22 and B#2 = 89.3015
ROUND 124 A#23 and B#2 = 205.448
ROUND 125 A#24 and B#2 = 206.145
ROUND 126 A#25 and B#2 = 285.667
ROUND 127 A#26 and B#2 = 216.235
ROUND 128 A#27 and B#2 = 169.482
ROUND 129 A#28 and B#2 = 247.464
ROUND 130 A#29 and B#2 = 226.519
ROUND 131 A#30 and B#2 = 165.309
ROUND 132 A#31 and B#2 = 228.711
ROUND 133 A#32 and B#2 = 220.738
ROUND 134 A#33 and B#2 = 204.884
ROUND 135 A#34 and B#2 = 264.505
ROUND 136 A#35 and B#2 = 284.848
ROUND 137 A#36 and B#2 = 226.318
ROUND 138 A#37 and B#2 = 217.91
ROUND 139 A#38 and B#2 = 225.329
ROUND 140 A#39 and B#2 = 215.542
ROUND 141 A#40 and B#2 = 176.678
ROUND 142 A#41 and B#2 = 246.749
ROUND 143 A#42 and B#2 = 246.835
ROUND 144 A#43 and B#2 = 170.642
ROUND 145 A#44 and B#2 = 189.623
ROUND 146 A#45 and B#2 = 218.094
ROUND 147 A#46 and B#2 = 215.587
ROUND 148 A#47 and B#2 = 247.887
ROUND 149 A#48 and B#2 = 247.836
ROUND 150 A#49 and B#2 = 218.844
ROUND 151 A#0 and B#3 = 228.376
ROUND 152 A#1 and B#3 = 228.478
ROUND 153 A#2 and B#3 = 212.078
ROUND 154 A#3 and B#3 = 229.522
ROUND 155 A#4 and B#3 = 181.973
ROUND 156 A#5 and B#3 = 259.759
ROUND 157 A#6 and B#3 = 228.105
ROUND 158 A#7 and B#3 = 91.6427
ROUND 159 A#8 and B#3 = 205.942
ROUND 160 A#9 and B#3 = 204.245
ROUND 161 A#10 and B#3 = 229.945
ROUND 162 A#11 and B#3 = 228.223
ROUND 163 A#12 and B#3 = 228.87
ROUND 164 A#13 and B#3 = 228.773
ROUND 165 A#14 and B#3 = 220.529
ROUND 166 A#15 and B#3 = 191.602
ROUND 167 A#16 and B#3 = 199.242
ROUND 168 A#17 and B#3 = 243.142
ROUND 169 A#18 and B#3 = 227.923
ROUND 170 A#19 and B#3 = 228.315
ROUND 171 A#20 and B#3 = 214.537
ROUND 172 A#21 and B#3 = 228.464
ROUND 173 A#22 and B#3 = 197.95
ROUND 174 A#23 and B#3 = 224.794
ROUND 175 A#24 and B#3 = 248.99
ROUND 176 A#25 and B#3 = 238.217
ROUND 177 A#26 and B#3 = 227.852
ROUND 178 A#27 and B#3 = 225.564
ROUND 179 A#28 and B#3 = 225.008
ROUND 180 A#29 and B#3 = 197.813
ROUND 181 A#30 and B#3 = 228.684
ROUND 182 A#31 and B#3 = 228.769
ROUND 183 A#32 and B#3 = 214.169
ROUND 184 A#33 and B#3 = 228.014
ROUND 185 A#34 and B#3 = 259.303
ROUND 186 A#35 and B#3 = 262.068
ROUND 187 A#36 and B#3 = 198.012
ROUND 188 A#37 and B#3 = 228.507
ROUND 189 A#38 and B#3 = 208.752
ROUND 190 A#39 and B#3 = 228.285
ROUND 191 A#40 and B#3 = 227.859
ROUND 192 A#41 and B#3 = 261.34
ROUND 193 A#42 and B#3 = 263.081
ROUND 194 A#43 and B#3 = 182.011
ROUND 195 A#44 and B#3 = 212.844
ROUND 196 A#45 and B#3 = 228.19
ROUND 197 A#46 and B#3 = 266.683
ROUND 198 A#47 and B#3 = 247.569
ROUND 199 A#48 and B#3 = 247.547
ROUND 200 A#49 and B#3 = 228.296
ROUND 201 A#0 and B#4 = 273.834
ROUND 202 A#1 and B#4 = 273.801
ROUND 203 A#2 and B#4 = 94.5566
ROUND 204 A#3 and B#4 = 243.1
ROUND 205 A#4 and B#4 = 227.023
ROUND 206 A#5 and B#4 = 236.886
ROUND 207 A#6 and B#4 = 222.612
ROUND 208 A#7 and B#4 = 227.93
ROUND 209 A#8 and B#4 = 250.553
ROUND 210 A#9 and B#4 = 250.73
ROUND 211 A#10 and B#4 = 241.576
ROUND 212 A#11 and B#4 = 241.605
ROUND 213 A#12 and B#4 = 232.008
ROUND 214 A#13 and B#4 = 230.044
ROUND 215 A#14 and B#4 = 246.97
ROUND 216 A#15 and B#4 = -5.7699
ROUND 217 A#16 and B#4 = 240.743
ROUND 218 A#17 and B#4 = 247.875
ROUND 219 A#18 and B#4 = 253.542
ROUND 220 A#19 and B#4 = 227.751
ROUND 221 A#20 and B#4 = 212.878
ROUND 222 A#21 and B#4 = 227.884
ROUND 223 A#22 and B#4 = 88.4874
ROUND 224 A#23 and B#4 = 226.967
ROUND 225 A#24 and B#4 = 226.987
ROUND 226 A#25 and B#4 = 238.395
ROUND 227 A#26 and B#4 = 258.408
ROUND 228 A#27 and B#4 = 226.109
ROUND 229 A#28 and B#4 = 162.429
ROUND 230 A#29 and B#4 = 226.668
ROUND 231 A#30 and B#4 = 228.198
ROUND 232 A#31 and B#4 = 231.633
ROUND 233 A#32 and B#4 = 270.138
ROUND 234 A#33 and B#4 = 240.073
ROUND 235 A#34 and B#4 = 238.853
ROUND 236 A#35 and B#4 = 285.22
ROUND 237 A#36 and B#4 = 226.569
ROUND 238 A#37 and B#4 = 262.569
ROUND 239 A#38 and B#4 = 224.307
ROUND 240 A#39 and B#4 = 227.471
ROUND 241 A#40 and B#4 = 111.477
ROUND 242 A#41 and B#4 = 242.004
ROUND 243 A#42 and B#4 = 258.541
ROUND 244 A#43 and B#4 = 160.854
ROUND 245 A#44 and B#4 = 204.56
ROUND 246 A#45 and B#4 = 182.547
ROUND 247 A#46 and B#4 = 270.822
ROUND 248 A#47 and B#4 = 247.259
ROUND 249 A#48 and B#4 = 247.244
ROUND 250 A#49 and B#4 = 259.229
ROUND 251 A#0 and B#5 = 228.374
ROUND 252 A#1 and B#5 = 228.451
ROUND 253 A#2 and B#5 = 225.094
ROUND 254 A#3 and B#5 = 228.473
ROUND 255 A#4 and B#5 = 227.313
ROUND 256 A#5 and B#5 = 249.056
ROUND 257 A#6 and B#5 = 227.489
ROUND 258 A#7 and B#5 = 210.887
ROUND 259 A#8 and B#5 = 250.386
ROUND 260 A#9 and B#5 = 250.564
ROUND 261 A#10 and B#5 = 243.53
ROUND 262 A#11 and B#5 = 228.205
ROUND 263 A#12 and B#5 = 228.767
ROUND 264 A#13 and B#5 = 228.801
ROUND 265 A#14 and B#5 = 224.266
ROUND 266 A#15 and B#5 = 226.842
ROUND 267 A#16 and B#5 = 200.842
ROUND 268 A#17 and B#5 = 244.161
ROUND 269 A#18 and B#5 = 228.906
ROUND 270 A#19 and B#5 = 212.469
ROUND 271 A#20 and B#5 = 213.987
ROUND 272 A#21 and B#5 = 215.817
ROUND 273 A#22 and B#5 = 199.393
ROUND 274 A#23 and B#5 = 215.898
ROUND 275 A#24 and B#5 = 215.909
ROUND 276 A#25 and B#5 = 228.202
ROUND 277 A#26 and B#5 = 228.223
ROUND 278 A#27 and B#5 = -82.8063
ROUND 279 A#28 and B#5 = 249.577
ROUND 280 A#29 and B#5 = 221.091
ROUND 281 A#30 and B#5 = 165.339
ROUND 282 A#31 and B#5 = 228.748
ROUND 283 A#32 and B#5 = 208.003
ROUND 284 A#33 and B#5 = 213.652
ROUND 285 A#34 and B#5 = 249.586
ROUND 286 A#35 and B#5 = 275.032
ROUND 287 A#36 and B#5 = 219.536
ROUND 288 A#37 and B#5 = 228.576
ROUND 289 A#38 and B#5 = 103.538
ROUND 290 A#39 and B#5 = 34.3235
ROUND 291 A#40 and B#5 = 170.679
ROUND 292 A#41 and B#5 = 249.45
ROUND 293 A#42 and B#5 = 260.176
ROUND 294 A#43 and B#5 = 182.523
ROUND 295 A#44 and B#5 = 213.635
ROUND 296 A#45 and B#5 = 227.824
ROUND 297 A#46 and B#5 = 266.231
ROUND 298 A#47 and B#5 = 228.206
ROUND 299 A#48 and B#5 = 228.136
ROUND 300 A#49 and B#5 = 228.698
ROUND 301 A#0 and B#6 = 173.545
ROUND 302 A#1 and B#6 = 173.525
ROUND 303 A#2 and B#6 = 47.1904
ROUND 304 A#3 and B#6 = 214.291
ROUND 305 A#4 and B#6 = 258.663
ROUND 306 A#5 and B#6 = 225.65
ROUND 307 A#6 and B#6 = 264.314
ROUND 308 A#7 and B#6 = 200.144
ROUND 309 A#8 and B#6 = 230.098
ROUND 310 A#9 and B#6 = 242.814
ROUND 311 A#10 and B#6 = 214.607
ROUND 312 A#11 and B#6 = 225.896
ROUND 313 A#12 and B#6 = 245.895
ROUND 314 A#13 and B#6 = 247.313
ROUND 315 A#14 and B#6 = 232.084
ROUND 316 A#15 and B#6 = 267.419
ROUND 317 A#16 and B#6 = 43.9729
ROUND 318 A#17 and B#6 = 215.489
ROUND 319 A#18 and B#6 = 59.7159
ROUND 320 A#19 and B#6 = 44.3491
ROUND 321 A#20 and B#6 = -12.8861
ROUND 322 A#21 and B#6 = 44.2603
ROUND 323 A#22 and B#6 = 40.0467
ROUND 324 A#23 and B#6 = 227.484
ROUND 325 A#24 and B#6 = 229.097
ROUND 326 A#25 and B#6 = 223.387
ROUND 327 A#26 and B#6 = 59.9843
ROUND 328 A#27 and B#6 = 235.958
ROUND 329 A#28 and B#6 = 252.085
ROUND 330 A#29 and B#6 = 38.8489
ROUND 331 A#30 and B#6 = 57.8932
ROUND 332 A#31 and B#6 = 247.938
ROUND 333 A#32 and B#6 = 204.945
ROUND 334 A#33 and B#6 = 202.779
ROUND 335 A#34 and B#6 = 234.774
ROUND 336 A#35 and B#6 = 253.278
ROUND 337 A#36 and B#6 = 38.1661
ROUND 338 A#37 and B#6 = 82.3478
ROUND 339 A#38 and B#6 = 27.3383
ROUND 340 A#39 and B#6 = 30.3409
ROUND 341 A#40 and B#6 = 176.291
ROUND 342 A#41 and B#6 = 170.183
ROUND 343 A#42 and B#6 = 213.128
ROUND 344 A#43 and B#6 = 227.795
ROUND 345 A#44 and B#6 = 247.385
ROUND 346 A#45 and B#6 = 247.539
ROUND 347 A#46 and B#6 = 201.694
ROUND 348 A#47 and B#6 = 187.615
ROUND 349 A#48 and B#6 = 186.616
ROUND 350 A#49 and B#6 = 68.1845
ROUND 351 A#0 and B#7 = 166.75
ROUND 352 A#1 and B#7 = 166.865
ROUND 353 A#2 and B#7 = 212.159
ROUND 354 A#3 and B#7 = 206.143
ROUND 355 A#4 and B#7 = 227.894
ROUND 356 A#5 and B#7 = 268.49
ROUND 357 A#6 and B#7 = 270.997
ROUND 358 A#7 and B#7 = 216.702
ROUND 359 A#8 and B#7 = 252.621
ROUND 360 A#9 and B#7 = 252.944
ROUND 361 A#10 and B#7 = 246.197
ROUND 362 A#11 and B#7 = 285.538
ROUND 363 A#12 and B#7 = 228.951
ROUND 364 A#13 and B#7 = 246.103
ROUND 365 A#14 and B#7 = 179.442
ROUND 366 A#15 and B#7 = 227.441
ROUND 367 A#16 and B#7 = 223.906
ROUND 368 A#17 and B#7 = 246.29
ROUND 369 A#18 and B#7 = 218.054
ROUND 370 A#19 and B#7 = 216.6
ROUND 371 A#20 and B#7 = 208.98
ROUND 372 A#21 and B#7 = 222.473
ROUND 373 A#22 and B#7 = 227.675
ROUND 374 A#23 and B#7 = 205.602
ROUND 375 A#24 and B#7 = 205.86
ROUND 376 A#25 and B#7 = 285.568
ROUND 377 A#26 and B#7 = 216.283
ROUND 378 A#27 and B#7 = 169.154
ROUND 379 A#28 and B#7 = 249.864
ROUND 380 A#29 and B#7 = 226.607
ROUND 381 A#30 and B#7 = 202.425
ROUND 382 A#31 and B#7 = 228.694
ROUND 383 A#32 and B#7 = 220.606
ROUND 384 A#33 and B#7 = 204.596
ROUND 385 A#34 and B#7 = 264.87
ROUND 386 A#35 and B#7 = 284.448
ROUND 387 A#36 and B#7 = 226.337
ROUND 388 A#37 and B#7 = 217.967
ROUND 389 A#38 and B#7 = 211.572
ROUND 390 A#39 and B#7 = 206.271
ROUND 391 A#40 and B#7 = 215.535
ROUND 392 A#41 and B#7 = 246.814
ROUND 393 A#42 and B#7 = 246.987
ROUND 394 A#43 and B#7 = 170.686
ROUND 395 A#44 and B#7 = 246.824
ROUND 396 A#45 and B#7 = 216.47
ROUND 397 A#46 and B#7 = 183.775
ROUND 398 A#47 and B#7 = 247.848
ROUND 399 A#48 and B#7 = 247.878
ROUND 400 A#49 and B#7 = 218.903
ROUND 401 A#0 and B#8 = 239.311
ROUND 402 A#1 and B#8 = 239.292
ROUND 403 A#2 and B#8 = 233.006
ROUND 404 A#3 and B#8 = 247.537
ROUND 405 A#4 and B#8 = 242.322
ROUND 406 A#5 and B#8 = 285.704
ROUND 407 A#6 and B#8 = 223.082
ROUND 408 A#7 and B#8 = 202.528
ROUND 409 A#8 and B#8 = 190.662
ROUND 410 A#9 and B#8 = 190.518
ROUND 411 A#10 and B#8 = 247.22
ROUND 412 A#11 and B#8 = 219.15
ROUND 413 A#12 and B#8 = 226.698
ROUND 414 A#13 and B#8 = 239.249
ROUND 415 A#14 and B#8 = 187.128
ROUND 416 A#15 and B#8 = 249.929
ROUND 417 A#16 and B#8 = 189.412
ROUND 418 A#17 and B#8 = 262.267
ROUND 419 A#18 and B#8 = 197.498
ROUND 420 A#19 and B#8 = 249.939
ROUND 421 A#20 and B#8 = 239.96
ROUND 422 A#21 and B#8 = 250.165
ROUND 423 A#22 and B#8 = 187.356
ROUND 424 A#23 and B#8 = 248.51
ROUND 425 A#24 and B#8 = 248.785
ROUND 426 A#25 and B#8 = 223.377
ROUND 427 A#26 and B#8 = 194.771
ROUND 428 A#27 and B#8 = 263.395
ROUND 429 A#28 and B#8 = 15.7239
ROUND 430 A#29 and B#8 = 251.864
ROUND 431 A#30 and B#8 = 168.359
ROUND 432 A#31 and B#8 = 223.531
ROUND 433 A#32 and B#8 = 238.057
ROUND 434 A#33 and B#8 = 229.882
ROUND 435 A#34 and B#8 = 211.833
ROUND 436 A#35 and B#8 = 262.969
ROUND 437 A#36 and B#8 = 254.865
ROUND 438 A#37 and B#8 = 228.626
ROUND 439 A#38 and B#8 = 221.75
ROUND 440 A#39 and B#8 = 158.027
ROUND 441 A#40 and B#8 = 163.572
ROUND 442 A#41 and B#8 = 249.035
ROUND 443 A#42 and B#8 = 188.011
ROUND 444 A#43 and B#8 = 164.978
ROUND 445 A#44 and B#8 = 207.556
ROUND 446 A#45 and B#8 = 208.372
ROUND 447 A#46 and B#8 = 166.005
ROUND 448 A#47 and B#8 = 200.42
ROUND 449 A#48 and B#8 = 199.383
ROUND 450 A#49 and B#8 = 228.793
ROUND 451 A#0 and B#9 = 224.504
ROUND 452 A#1 and B#9 = 221.046
ROUND 453 A#2 and B#9 = 233.269
ROUND 454 A#3 and B#9 = 246.024
ROUND 455 A#4 and B#9 = 29.6867
ROUND 456 A#5 and B#9 = 285.078
ROUND 457 A#6 and B#9 = 223.379
ROUND 458 A#7 and B#9 = 202.525
ROUND 459 A#8 and B#9 = 224.438
ROUND 460 A#9 and B#9 = 224.377
ROUND 461 A#10 and B#9 = 261.813
ROUND 462 A#11 and B#9 = 217.312
ROUND 463 A#12 and B#9 = 228.91
ROUND 464 A#13 and B#9 = 237.358
ROUND 465 A#14 and B#9 = 186.808
ROUND 466 A#15 and B#9 = 251.376
ROUND 467 A#16 and B#9 = 189.101
ROUND 468 A#17 and B#9 = 244.869
ROUND 469 A#18 and B#9 = 199.042
ROUND 470 A#19 and B#9 = 249.892
ROUND 471 A#20 and B#9 = 237.867
ROUND 472 A#21 and B#9 = 250.026
ROUND 473 A#22 and B#9 = 187.239
ROUND 474 A#23 and B#9 = 248.549
ROUND 475 A#24 and B#9 = 248.354
ROUND 476 A#25 and B#9 = 220.61
ROUND 477 A#26 and B#9 = 196.324
ROUND 478 A#27 and B#9 = 263.376
ROUND 479 A#28 and B#9 = 22.7123
ROUND 480 A#29 and B#9 = 211.274
ROUND 481 A#30 and B#9 = 168.603
ROUND 482 A#31 and B#9 = 215.365
ROUND 483 A#32 and B#9 = 243.514
ROUND 484 A#33 and B#9 = 232.396
ROUND 485 A#34 and B#9 = 213.527
ROUND 486 A#35 and B#9 = 262.882
ROUND 487 A#36 and B#9 = 206.712
ROUND 488 A#37 and B#9 = 228.638
ROUND 489 A#38 and B#9 = 221.697
ROUND 490 A#39 and B#9 = 157.935
ROUND 491 A#40 and B#9 = 164.494
ROUND 492 A#41 and B#9 = 250.043
ROUND 493 A#42 and B#9 = 188.582
ROUND 494 A#43 and B#9 = 165.388
ROUND 495 A#44 and B#9 = 208.346
ROUND 496 A#45 and B#9 = 209.196
ROUND 497 A#46 and B#9 = 165.847
ROUND 498 A#47 and B#9 = 197.493
ROUND 499 A#48 and B#9 = 198.99
ROUND 500 A#49 and B#9 = 193.145
ROUND 501 A#0 and B#10 = 228.406
ROUND 502 A#1 and B#10 = 228.473
ROUND 503 A#2 and B#10 = 212.678
ROUND 504 A#3 and B#10 = 228.936
ROUND 505 A#4 and B#10 = 182.258
ROUND 506 A#5 and B#10 = 264.905
ROUND 507 A#6 and B#10 = 228.096
ROUND 508 A#7 and B#10 = 90.8982
ROUND 509 A#8 and B#10 = 205.213
ROUND 510 A#9 and B#10 = 203.502
ROUND 511 A#10 and B#10 = 230.033
ROUND 512 A#11 and B#10 = 228.251
ROUND 513 A#12 and B#10 = 228.896
ROUND 514 A#13 and B#10 = 228.814
ROUND 515 A#14 and B#10 = 220.685
ROUND 516 A#15 and B#10 = 191.749
ROUND 517 A#16 and B#10 = 198.606
ROUND 518 A#17 and B#10 = 243.226
ROUND 519 A#18 and B#10 = 227.938
ROUND 520 A#19 and B#10 = 228.452
ROUND 521 A#20 and B#10 = 202.964
ROUND 522 A#21 and B#10 = 228.519
ROUND 523 A#22 and B#10 = 197.497
ROUND 524 A#23 and B#10 = 229.756
ROUND 525 A#24 and B#10 = -20.8147
ROUND 526 A#25 and B#10 = 238.562
ROUND 527 A#26 and B#10 = 227.978
ROUND 528 A#27 and B#10 = 222.782
ROUND 529 A#28 and B#10 = 224.891
ROUND 530 A#29 and B#10 = 197.64
ROUND 531 A#30 and B#10 = 219.008
ROUND 532 A#31 and B#10 = 228.794
ROUND 533 A#32 and B#10 = 228.566
ROUND 534 A#33 and B#10 = 228.026
ROUND 535 A#34 and B#10 = 265.818
ROUND 536 A#35 and B#10 = 262.35
ROUND 537 A#36 and B#10 = 197.644
ROUND 538 A#37 and B#10 = 228.584
ROUND 539 A#38 and B#10 = 208.894
ROUND 540 A#39 and B#10 = 228.311
ROUND 541 A#40 and B#10 = 227.88
ROUND 542 A#41 and B#10 = 260.687
ROUND 543 A#42 and B#10 = 263.243
ROUND 544 A#43 and B#10 = 182.232
ROUND 545 A#44 and B#10 = 213.385
ROUND 546 A#45 and B#10 = 228.217
ROUND 547 A#46 and B#10 = 266.787
ROUND 548 A#47 and B#10 = 247.724
ROUND 549 A#48 and B#10 = 247.681
ROUND 550 A#49 and B#10 = 228.308
ROUND 551 A#0 and B#11 = 166.67
ROUND 552 A#1 and B#11 = 166.802
ROUND 553 A#2 and B#11 = 212.931
ROUND 554 A#3 and B#11 = 246.295
ROUND 555 A#4 and B#11 = 227.885
ROUND 556 A#5 and B#11 = 268.465
ROUND 557 A#6 and B#11 = 270.767
ROUND 558 A#7 and B#11 = 179.007
ROUND 559 A#8 and B#11 = 252.598
ROUND 560 A#9 and B#11 = 252.908
ROUND 561 A#10 and B#11 = 246.175
ROUND 562 A#11 and B#11 = 247.795
ROUND 563 A#12 and B#11 = 229.186
ROUND 564 A#13 and B#11 = 246.053
ROUND 565 A#14 and B#11 = 179.692
ROUND 566 A#15 and B#11 = 227.468
ROUND 567 A#16 and B#11 = 211.797
ROUND 568 A#17 and B#11 = 207.514
ROUND 569 A#18 and B#11 = 218.072
ROUND 570 A#19 and B#11 = 216.624
ROUND 571 A#20 and B#11 = 247.265
ROUND 572 A#21 and B#11 = 222.417
ROUND 573 A#22 and B#11 = 89.5384
ROUND 574 A#23 and B#11 = 205.844
ROUND 575 A#24 and B#11 = 206.076
ROUND 576 A#25 and B#11 = 285.621
ROUND 577 A#26 and B#11 = 216.306
ROUND 578 A#27 and B#11 = 170.36
ROUND 579 A#28 and B#11 = 247.337
ROUND 580 A#29 and B#11 = 226.507
ROUND 581 A#30 and B#11 = 165.445
ROUND 582 A#31 and B#11 = 228.788
ROUND 583 A#32 and B#11 = 220.58
ROUND 584 A#33 and B#11 = 204.838
ROUND 585 A#34 and B#11 = 264.833
ROUND 586 A#35 and B#11 = 284.704
ROUND 587 A#36 and B#11 = 226.322
ROUND 588 A#37 and B#11 = 217.995
ROUND 589 A#38 and B#11 = 225.305
ROUND 590 A#39 and B#11 = 215.408
ROUND 591 A#40 and B#11 = 176.562
ROUND 592 A#41 and B#11 = 246.675
ROUND 593 A#42 and B#11 = 246.777
ROUND 594 A#43 and B#11 = 170.533
ROUND 595 A#44 and B#11 = 189.918
ROUND 596 A#45 and B#11 = 218.157
ROUND 597 A#46 and B#11 = 219.465
ROUND 598 A#47 and B#11 = 247.889
ROUND 599 A#48 and B#11 = 247.841
ROUND 600 A#49 and B#11 = 218.911
ROUND 601 A#0 and B#12 = 228.288
ROUND 602 A#1 and B#12 = 228.406
ROUND 603 A#2 and B#12 = 230.437
ROUND 604 A#3 and B#12 = 225.415
ROUND 605 A#4 and B#12 = 169.742
ROUND 606 A#5 and B#12 = 259.192
ROUND 607 A#6 and B#12 = 263.041
ROUND 608 A#7 and B#12 = 202.452
ROUND 609 A#8 and B#12 = 267.202
ROUND 610 A#9 and B#12 = 266.837
ROUND 611 A#10 and B#12 = 205.395
ROUND 612 A#11 and B#12 = 195.483
ROUND 613 A#12 and B#12 = 83.1594
ROUND 614 A#13 and B#12 = 228.866
ROUND 615 A#14 and B#12 = 209.236
ROUND 616 A#15 and B#12 = 223.495
ROUND 617 A#16 and B#12 = 197.888
ROUND 618 A#17 and B#12 = 203.447
ROUND 619 A#18 and B#12 = 206.975
ROUND 620 A#19 and B#12 = 152.566
ROUND 621 A#20 and B#12 = 273.017
ROUND 622 A#21 and B#12 = 151.485
ROUND 623 A#22 and B#12 = 197.171
ROUND 624 A#23 and B#12 = 190.978
ROUND 625 A#24 and B#12 = 214.904
ROUND 626 A#25 and B#12 = 147.883
ROUND 627 A#26 and B#12 = 227.951
ROUND 628 A#27 and B#12 = 278.813
ROUND 629 A#28 and B#12 = 136.625
ROUND 630 A#29 and B#12 = 194.961
ROUND 631 A#30 and B#12 = 206.093
ROUND 632 A#31 and B#12 = 215.273
ROUND 633 A#32 and B#12 = 212.361
ROUND 634 A#33 and B#12 = 184.99
ROUND 635 A#34 and B#12 = 259.154
ROUND 636 A#35 and B#12 = 199.663
ROUND 637 A#36 and B#12 = 195.713
ROUND 638 A#37 and B#12 = 228.33
ROUND 639 A#38 and B#12 = 198.149
ROUND 640 A#39 and B#12 = 170.528
ROUND 641 A#40 and B#12 = 158.677
ROUND 642 A#41 and B#12 = 247.439
ROUND 643 A#42 and B#12 = 262.095
ROUND 644 A#43 and B#12 = 194.462
ROUND 645 A#44 and B#12 = 214.975
ROUND 646 A#45 and B#12 = 200.929
ROUND 647 A#46 and B#12 = 166.936
ROUND 648 A#47 and B#12 = 196.749
ROUND 649 A#48 and B#12 = 195.087
ROUND 650 A#49 and B#12 = 203.235
ROUND 651 A#0 and B#13 = 185.209
ROUND 652 A#1 and B#13 = 185.217
ROUND 653 A#2 and B#13 = 230.568
ROUND 654 A#3 and B#13 = 245.585
ROUND 655 A#4 and B#13 = 266.285
ROUND 656 A#5 and B#13 = 234.501
ROUND 657 A#6 and B#13 = 204.468
ROUND 658 A#7 and B#13 = 191.411
ROUND 659 A#8 and B#13 = 263.336
ROUND 660 A#9 and B#13 = 264.158
ROUND 661 A#10 and B#13 = 245.489
ROUND 662 A#11 and B#13 = 204.113
ROUND 663 A#12 and B#13 = 223.552
ROUND 664 A#13 and B#13 = 224.855
ROUND 665 A#14 and B#13 = 228.343
ROUND 666 A#15 and B#13 = 229.524
ROUND 667 A#16 and B#13 = 227.78
ROUND 668 A#17 and B#13 = 246.42
ROUND 669 A#18 and B#13 = 206.261
ROUND 670 A#19 and B#13 = 185.214
ROUND 671 A#20 and B#13 = 228.385
ROUND 672 A#21 and B#13 = 185.007
ROUND 673 A#22 and B#13 = 227.816
ROUND 674 A#23 and B#13 = 192.884
ROUND 675 A#24 and B#13 = 200.726
ROUND 676 A#25 and B#13 = 227.851
ROUND 677 A#26 and B#13 = 204.765
ROUND 678 A#27 and B#13 = 235.384
ROUND 679 A#28 and B#13 = 168.918
ROUND 680 A#29 and B#13 = 181.512
ROUND 681 A#30 and B#13 = 166.065
ROUND 682 A#31 and B#13 = 223.225
ROUND 683 A#32 and B#13 = 219.645
ROUND 684 A#33 and B#13 = 221.948
ROUND 685 A#34 and B#13 = 218.39
ROUND 686 A#35 and B#13 = 206.252
ROUND 687 A#36 and B#13 = 176.082
ROUND 688 A#37 and B#13 = 214.721
ROUND 689 A#38 and B#13 = 234.289
ROUND 690 A#39 and B#13 = 156.769
ROUND 691 A#40 and B#13 = 165.576
ROUND 692 A#41 and B#13 = 243.529
ROUND 693 A#42 and B#13 = 263.566
ROUND 694 A#43 and B#13 = 174.912
ROUND 695 A#44 and B#13 = 205.525
ROUND 696 A#45 and B#13 = 206.573
ROUND 697 A#46 and B#13 = 264.146
ROUND 698 A#47 and B#13 = 227.843
ROUND 699 A#48 and B#13 = 206.429
ROUND 700 A#49 and B#13 = 214.808
ROUND 701 A#0 and B#14 = 228.234
ROUND 702 A#1 and B#14 = 228.393
ROUND 703 A#2 and B#14 = 208.744
ROUND 704 A#3 and B#14 = 229.176
ROUND 705 A#4 and B#14 = 181.136
ROUND 706 A#5 and B#14 = 259.801
ROUND 707 A#6 and B#14 = 263.83
ROUND 708 A#7 and B#14 = 196.744
ROUND 709 A#8 and B#14 = 221.836
ROUND 710 A#9 and B#14 = 220.064
ROUND 711 A#10 and B#14 = 230.894
ROUND 712 A#11 and B#14 = 247.896
ROUND 713 A#12 and B#14 = 228.844
ROUND 714 A#13 and B#14 = 228.78
ROUND 715 A#14 and B#14 = 219.721
ROUND 716 A#15 and B#14 = 191.619
ROUND 717 A#16 and B#14 = 205.865
ROUND 718 A#17 and B#14 = 242.965
ROUND 719 A#18 and B#14 = 227.882
ROUND 720 A#19 and B#14 = 228.308
ROUND 721 A#20 and B#14 = 212.093
ROUND 722 A#21 and B#14 = 228.431
ROUND 723 A#22 and B#14 = 204.442
ROUND 724 A#23 and B#14 = 224.797
ROUND 725 A#24 and B#14 = 224.738
ROUND 726 A#25 and B#14 = 228.216
ROUND 727 A#26 and B#14 = 227.96
ROUND 728 A#27 and B#14 = 225.185
ROUND 729 A#28 and B#14 = 225.281
ROUND 730 A#29 and B#14 = 197.315
ROUND 731 A#30 and B#14 = 199.91
ROUND 732 A#31 and B#14 = 228.791
ROUND 733 A#32 and B#14 = 213.657
ROUND 734 A#33 and B#14 = 216.571
ROUND 735 A#34 and B#14 = 259.892
ROUND 736 A#35 and B#14 = 261.879
ROUND 737 A#36 and B#14 = 197.512
ROUND 738 A#37 and B#14 = 213.119
ROUND 739 A#38 and B#14 = 208.162
ROUND 740 A#39 and B#14 = 228.282
ROUND 741 A#40 and B#14 = 227.869
ROUND 742 A#41 and B#14 = 107.122
ROUND 743 A#42 and B#14 = 272.308
ROUND 744 A#43 and B#14 = 182.421
ROUND 745 A#44 and B#14 = 228.161
ROUND 746 A#45 and B#14 = 228.273
ROUND 747 A#46 and B#14 = 266.27
ROUND 748 A#47 and B#14 = 247.473
ROUND 749 A#48 and B#14 = 247.448
ROUND 750 A#49 and B#14 = 215.179
ROUND 751 A#0 and B#15 = 174.094
ROUND 752 A#1 and B#15 = 174.034
ROUND 753 A#2 and B#15 = 45.3836
ROUND 754 A#3 and B#15 = 213.257
ROUND 755 A#4 and B#15 = 258.747
ROUND 756 A#5 and B#15 = 226.384
ROUND 757 A#6 and B#15 = 264.202
ROUND 758 A#7 and B#15 = 200.009
ROUND 759 A#8 and B#15 = 228.707
ROUND 760 A#9 and B#15 = 244.917
ROUND 761 A#10 and B#15 = 213.736
ROUND 762 A#11 and B#15 = 229.957
ROUND 763 A#12 and B#15 = 247.826
ROUND 764 A#13 and B#15 = 247.487
ROUND 765 A#14 and B#15 = 232.472
ROUND 766 A#15 and B#15 = 269.384
ROUND 767 A#16 and B#15 = 42.505
ROUND 768 A#17 and B#15 = 215.461
ROUND 769 A#18 and B#15 = 58.7406
ROUND 770 A#19 and B#15 = 272.658
ROUND 771 A#20 and B#15 = -13.3945
ROUND 772 A#21 and B#15 = 44.8404
ROUND 773 A#22 and B#15 = 38.4364
ROUND 774 A#23 and B#15 = 229.168
ROUND 775 A#24 and B#15 = 230.911
ROUND 776 A#25 and B#15 = 228.774
ROUND 777 A#26 and B#15 = 59.1473
ROUND 778 A#27 and B#15 = 234.154
ROUND 779 A#28 and B#15 = 254.393
ROUND 780 A#29 and B#15 = 227.954
ROUND 781 A#30 and B#15 = 56.8433
ROUND 782 A#31 and B#15 = 247.929
ROUND 783 A#32 and B#15 = 193.435
ROUND 784 A#33 and B#15 = 200.403
ROUND 785 A#34 and B#15 = 234.65
ROUND 786 A#35 and B#15 = 261.427
ROUND 787 A#36 and B#15 = 33.3157
ROUND 788 A#37 and B#15 = 80.4853
ROUND 789 A#38 and B#15 = 22.9143
ROUND 790 A#39 and B#15 = 30.8481
ROUND 791 A#40 and B#15 = 180.665
ROUND 792 A#41 and B#15 = 170.074
ROUND 793 A#42 and B#15 = 213.147
ROUND 794 A#43 and B#15 = 227.787
ROUND 795 A#44 and B#15 = 247.517
ROUND 796 A#45 and B#15 = 247.526
ROUND 797 A#46 and B#15 = 201.641
ROUND 798 A#47 and B#15 = 186.84
ROUND 799 A#48 and B#15 = 185.868
ROUND 800 A#49 and B#15 = 67.3473
ROUND 801 A#0 and B#16 = 274.574
ROUND 802 A#1 and B#16 = 274.387
ROUND 803 A#2 and B#16 = 86.3934
ROUND 804 A#3 and B#16 = 239.698
ROUND 805 A#4 and B#16 = 225.298
ROUND 806 A#5 and B#16 = 295.743
ROUND 807 A#6 and B#16 = 174.809
ROUND 808 A#7 and B#16 = 226.96
ROUND 809 A#8 and B#16 = 249.949
ROUND 810 A#9 and B#16 = 250.099
ROUND 811 A#10 and B#16 = 237.905
ROUND 812 A#11 and B#16 = 208.785
ROUND 813 A#12 and B#16 = 231.626
ROUND 814 A#13 and B#16 = 210.08
ROUND 815 A#14 and B#16 = 243.124
ROUND 816 A#15 and B#16 = 6.76214
ROUND 817 A#16 and B#16 = 239.014
ROUND 818 A#17 and B#16 = 243.101
ROUND 819 A#18 and B#16 = 217.905
ROUND 820 A#19 and B#16 = 71.7508
ROUND 821 A#20 and B#16 = 40.7025
ROUND 822 A#21 and B#16 = 72.32
ROUND 823 A#22 and B#16 = 222.25
ROUND 824 A#23 and B#16 = 226.19
ROUND 825 A#24 and B#16 = 226.23
ROUND 826 A#25 and B#16 = 209.749
ROUND 827 A#26 and B#16 = 216.041
ROUND 828 A#27 and B#16 = 240.08
ROUND 829 A#28 and B#16 = 58.8882
ROUND 830 A#29 and B#16 = 226.399
ROUND 831 A#30 and B#16 = 63.5997
ROUND 832 A#31 and B#16 = 231.3
ROUND 833 A#32 and B#16 = 212.652
ROUND 834 A#33 and B#16 = 203.82
ROUND 835 A#34 and B#16 = 293.249
ROUND 836 A#35 and B#16 = 277.393
ROUND 837 A#36 and B#16 = 226.14
ROUND 838 A#37 and B#16 = 214.634
ROUND 839 A#38 and B#16 = 221.922
ROUND 840 A#39 and B#16 = 68.2254
ROUND 841 A#40 and B#16 = 75.4909
ROUND 842 A#41 and B#16 = 247.587
ROUND 843 A#42 and B#16 = 261.836
ROUND 844 A#43 and B#16 = 164.937
ROUND 845 A#44 and B#16 = 211.453
ROUND 846 A#45 and B#16 = 211.967
ROUND 847 A#46 and B#16 = 270.835
ROUND 848 A#47 and B#16 = 200.01
ROUND 849 A#48 and B#16 = 156.763
ROUND 850 A#49 and B#16 = 120.538
ROUND 851 A#0 and B#17 = 169.484
ROUND 852 A#1 and B#17 = 169.464
ROUND 853 A#2 and B#17 = 206.285
ROUND 854 A#3 and B#17 = 224.988
ROUND 855 A#4 and B#17 = 258.946
ROUND 856 A#5 and B#17 = 248.689
ROUND 857 A#6 and B#17 = 225.007
ROUND 858 A#7 and B#17 = 202.056
ROUND 859 A#8 and B#17 = 267.571
ROUND 860 A#9 and B#17 = 267.206
ROUND 861 A#10 and B#17 = 205.985
ROUND 862 A#11 and B#17 = 195.087
ROUND 863 A#12 and B#17 = 86.2112
ROUND 864 A#13 and B#17 = 215.689
ROUND 865 A#14 and B#17 = 210.118
ROUND 866 A#15 and B#17 = 223.29
ROUND 867 A#16 and B#17 = 198.718
ROUND 868 A#17 and B#17 = 190.282
ROUND 869 A#18 and B#17 = 209.266
ROUND 870 A#19 and B#17 = 213.003
ROUND 871 A#20 and B#17 = 273.78
ROUND 872 A#21 and B#17 = 213.413
ROUND 873 A#22 and B#17 = 197.367
ROUND 874 A#23 and B#17 = 185.847
ROUND 875 A#24 and B#17 = 187.499
ROUND 876 A#25 and B#17 = 148.921
ROUND 877 A#26 and B#17 = 227.849
ROUND 878 A#27 and B#17 = 279.07
ROUND 879 A#28 and B#17 = 136.39
ROUND 880 A#29 and B#17 = 194.72
ROUND 881 A#30 and B#17 = 161.769
ROUND 882 A#31 and B#17 = 215.106
ROUND 883 A#32 and B#17 = 201.745
ROUND 884 A#33 and B#17 = 186.863
ROUND 885 A#34 and B#17 = 258.533
ROUND 886 A#35 and B#17 = 199.268
ROUND 887 A#36 and B#17 = 195.608
ROUND 888 A#37 and B#17 = 228.318
ROUND 889 A#38 and B#17 = 177.289
ROUND 890 A#39 and B#17 = 170.839
ROUND 891 A#40 and B#17 = 158.76
ROUND 892 A#41 and B#17 = 199.864
ROUND 893 A#42 and B#17 = 262.219
ROUND 894 A#43 and B#17 = 194.322
ROUND 895 A#44 and B#17 = 215.024
ROUND 896 A#45 and B#17 = 200.356
ROUND 897 A#46 and B#17 = 166.95
ROUND 898 A#47 and B#17 = 196.357
ROUND 899 A#48 and B#17 = 194.668
ROUND 900 A#49 and B#17 = 192.468
ROUND 901 A#0 and B#18 = 202.668
ROUND 902 A#1 and B#18 = 202.535
ROUND 903 A#2 and B#18 = 213.699
ROUND 904 A#3 and B#18 = 201.991
ROUND 905 A#4 and B#18 = 272.566
ROUND 906 A#5 and B#18 = 207.994
ROUND 907 A#6 and B#18 = 224.434
ROUND 908 A#7 and B#18 = 195.995
ROUND 909 A#8 and B#18 = 163.249
ROUND 910 A#9 and B#18 = 147.189
ROUND 911 A#10 and B#18 = 232.461
ROUND 912 A#11 and B#18 = 195.866
ROUND 913 A#12 and B#18 = 207.834
ROUND 914 A#13 and B#18 = 42.6988
ROUND 915 A#14 and B#18 = 223.938
ROUND 916 A#15 and B#18 = 232.383
ROUND 917 A#16 and B#18 = 200.651
ROUND 918 A#17 and B#18 = 225.45
ROUND 919 A#18 and B#18 = 201.699
ROUND 920 A#19 and B#18 = 87.419
ROUND 921 A#20 and B#18 = 213.235
ROUND 922 A#21 and B#18 = 87.589
ROUND 923 A#22 and B#18 = 197.319
ROUND 924 A#23 and B#18 = 225.485
ROUND 925 A#24 and B#18 = 225.56
ROUND 926 A#25 and B#18 = 169.433
ROUND 927 A#26 and B#18 = 203.259
ROUND 928 A#27 and B#18 = 231.802
ROUND 929 A#28 and B#18 = -54.4034
ROUND 930 A#29 and B#18 = 203.396
ROUND 931 A#30 and B#18 = 228.481
ROUND 932 A#31 and B#18 = 30.6102
ROUND 933 A#32 and B#18 = 246.486
ROUND 934 A#33 and B#18 = 227.068
ROUND 935 A#34 and B#18 = 273.649
ROUND 936 A#35 and B#18 = 275.899
ROUND 937 A#36 and B#18 = 204.507
ROUND 938 A#37 and B#18 = 200.904
ROUND 939 A#38 and B#18 = 192.102
ROUND 940 A#39 and B#18 = 217.09
ROUND 941 A#40 and B#18 = 215.269
ROUND 942 A#41 and B#18 = 276.157
ROUND 943 A#42 and B#18 = 270.022
ROUND 944 A#43 and B#18 = 191.378
ROUND 945 A#44 and B#18 = 220.69
ROUND 946 A#45 and B#18 = 213.851
ROUND 947 A#46 and B#18 = 161.991
ROUND 948 A#47 and B#18 = 233.094
ROUND 949 A#48 and B#18 = 230.597
ROUND 950 A#49 and B#18 = 201.736
ROUND 951 A#0 and B#19 = 29.4122
ROUND 952 A#1 and B#19 = 28.5706
ROUND 953 A#2 and B#19 = 210.361
ROUND 954 A#3 and B#19 = 226.848
ROUND 955 A#4 and B#19 = 174.325
ROUND 956 A#5 and B#19 = 227.558
ROUND 957 A#6 and B#19 = 268.606
ROUND 958 A#7 and B#19 = 32.0838
ROUND 959 A#8 and B#19 = 228.056
ROUND 960 A#9 and B#19 = 228.016
ROUND 961 A#10 and B#19 = 246.337
ROUND 962 A#11 and B#19 = 198.299
ROUND 963 A#12 and B#19 = 215.376
ROUND 964 A#13 and B#19 = 275.782
ROUND 965 A#14 and B#19 = 204.65
ROUND 966 A#15 and B#19 = 247.196
ROUND 967 A#16 and B#19 = 219.747
ROUND 968 A#17 and B#19 = 28.6273
ROUND 969 A#18 and B#19 = -32.9156
ROUND 970 A#19 and B#19 = 232.999
ROUND 971 A#20 and B#19 = 185.464
ROUND 972 A#21 and B#19 = 231.279
ROUND 973 A#22 and B#19 = 226.691
ROUND 974 A#23 and B#19 = 242.72
ROUND 975 A#24 and B#19 = 235.865
ROUND 976 A#25 and B#19 = 238.313
ROUND 977 A#26 and B#19 = -39.0572
ROUND 978 A#27 and B#19 = 263.544
ROUND 979 A#28 and B#19 = 202.574
ROUND 980 A#29 and B#19 = 226.574
ROUND 981 A#30 and B#19 = 169.968
ROUND 982 A#31 and B#19 = 215.433
ROUND 983 A#32 and B#19 = 32.7654
ROUND 984 A#33 and B#19 = 34.4222
ROUND 985 A#34 and B#19 = 227.671
ROUND 986 A#35 and B#19 = 269.991
ROUND 987 A#36 and B#19 = 220.961
ROUND 988 A#37 and B#19 = -32.6208
ROUND 989 A#38 and B#19 = 218.467
ROUND 990 A#39 and B#19 = 129.164
ROUND 991 A#40 and B#19 = 168.315
ROUND 992 A#41 and B#19 = 210.687
ROUND 993 A#42 and B#19 = 169.286
ROUND 994 A#43 and B#19 = 201.395
ROUND 995 A#44 and B#19 = 215.323
ROUND 996 A#45 and B#19 = 215.366
ROUND 997 A#46 and B#19 = 189.523
ROUND 998 A#47 and B#19 = 227.422
ROUND 999 A#48 and B#19 = 227.409
ROUND 1000 A#49 and B#19 = -47.1426
ROUND 1001 A#0 and B#20 = 228.09
ROUND 1002 A#1 and B#20 = 228.472
ROUND 1003 A#2 and B#20 = 212.4
ROUND 1004 A#3 and B#20 = 229.605
ROUND 1005 A#4 and B#20 = 260.004
ROUND 1006 A#5 and B#20 = 265.43
ROUND 1007 A#6 and B#20 = 228.109
ROUND 1008 A#7 and B#20 = 196.488
ROUND 1009 A#8 and B#20 = 204.529
ROUND 1010 A#9 and B#20 = 202.824
ROUND 1011 A#10 and B#20 = 230.152
ROUND 1012 A#11 and B#20 = 228.234
ROUND 1013 A#12 and B#20 = 228.728
ROUND 1014 A#13 and B#20 = 228.81
ROUND 1015 A#14 and B#20 = 193.216
ROUND 1016 A#15 and B#20 = 191.768
ROUND 1017 A#16 and B#20 = 198.721
ROUND 1018 A#17 and B#20 = 243.212
ROUND 1019 A#18 and B#20 = 227.938
ROUND 1020 A#19 and B#20 = 228.348
ROUND 1021 A#20 and B#20 = 202.077
ROUND 1022 A#21 and B#20 = 228.489
ROUND 1023 A#22 and B#20 = 197.665
ROUND 1024 A#23 and B#20 = 226.119
ROUND 1025 A#24 and B#20 = 249.047
ROUND 1026 A#25 and B#20 = 238.561
ROUND 1027 A#26 and B#20 = 227.978
ROUND 1028 A#27 and B#20 = 223.955
ROUND 1029 A#28 and B#20 = 224.977
ROUND 1030 A#29 and B#20 = 197.723
ROUND 1031 A#30 and B#20 = 211.744
ROUND 1032 A#31 and B#20 = 228.788
ROUND 1033 A#32 and B#20 = 228.548
ROUND 1034 A#33 and B#20 = 227.978
ROUND 1035 A#34 and B#20 = 265.099
ROUND 1036 A#35 and B#20 = 262.349
ROUND 1037 A#36 and B#20 = 197.713
ROUND 1038 A#37 and B#20 = 228.576
ROUND 1039 A#38 and B#20 = 208.878
ROUND 1040 A#39 and B#20 = 228.303
ROUND 1041 A#40 and B#20 = 227.907
ROUND 1042 A#41 and B#20 = 95.6035
ROUND 1043 A#42 and B#20 = 263.155
ROUND 1044 A#43 and B#20 = 182.155
ROUND 1045 A#44 and B#20 = 213.379
ROUND 1046 A#45 and B#20 = 228.164
ROUND 1047 A#46 and B#20 = 266.911
ROUND 1048 A#47 and B#20 = 247.601
ROUND 1049 A#48 and B#20 = 247.568
ROUND 1050 A#49 and B#20 = 228.227
ROUND 1051 A#0 and B#21 = 281.663
ROUND 1052 A#1 and B#21 = 284.35
ROUND 1053 A#2 and B#21 = 216.482
ROUND 1054 A#3 and B#21 = 280.206
ROUND 1055 A#4 and B#21 = 258.495
ROUND 1056 A#5 and B#21 = 249.7
ROUND 1057 A#6 and B#21 = 263.14
ROUND 1058 A#7 and B#21 = 168.924
ROUND 1059 A#8 and B#21 = 257.894
ROUND 1060 A#9 and B#21 = 257.64
ROUND 1061 A#10 and B#21 = 181.322
ROUND 1062 A#11 and B#21 = 180.23
ROUND 1063 A#12 and B#21 = 228.792
ROUND 1064 A#13 and B#21 = 249.099
ROUND 1065 A#14 and B#21 = 210.756
ROUND 1066 A#15 and B#21 = 191.606
ROUND 1067 A#16 and B#21 = 182.114
ROUND 1068 A#17 and B#21 = 247.376
ROUND 1069 A#18 and B#21 = 218.302
ROUND 1070 A#19 and B#21 = 249.15
ROUND 1071 A#20 and B#21 = 216.467
ROUND 1072 A#21 and B#21 = 249.18
ROUND 1073 A#22 and B#21 = 229.216
ROUND 1074 A#23 and B#21 = 249.149
ROUND 1075 A#24 and B#21 = 115.36
ROUND 1076 A#25 and B#21 = 180.637
ROUND 1077 A#26 and B#21 = 216.107
ROUND 1078 A#27 and B#21 = 233.231
ROUND 1079 A#28 and B#21 = 169.756
ROUND 1080 A#29 and B#21 = 193.036
ROUND 1081 A#30 and B#21 = 215.081
ROUND 1082 A#31 and B#21 = 228.709
ROUND 1083 A#32 and B#21 = 232.155
ROUND 1084 A#33 and B#21 = 197.536
ROUND 1085 A#34 and B#21 = 243.855
ROUND 1086 A#35 and B#21 = 272.287
ROUND 1087 A#36 and B#21 = 193.565
ROUND 1088 A#37 and B#21 = 218.343
ROUND 1089 A#38 and B#21 = 227.563
ROUND 1090 A#39 and B#21 = 187.913
ROUND 1091 A#40 and B#21 = 199.35
ROUND 1092 A#41 and B#21 = 247.826
ROUND 1093 A#42 and B#21 = 269.213
ROUND 1094 A#43 and B#21 = -3.08907
ROUND 1095 A#44 and B#21 = 220.831
ROUND 1096 A#45 and B#21 = 181.812
ROUND 1097 A#46 and B#21 = 183.638
ROUND 1098 A#47 and B#21 = 220.392
ROUND 1099 A#48 and B#21 = 220.909
ROUND 1100 A#49 and B#21 = 219.201
ROUND 1101 A#0 and B#22 = 273.945
ROUND 1102 A#1 and B#22 = 274.047
ROUND 1103 A#2 and B#22 = 54.5776
ROUND 1104 A#3 and B#22 = 267.212
ROUND 1105 A#4 and B#22 = 227.844
ROUND 1106 A#5 and B#22 = 227.788
ROUND 1107 A#6 and B#22 = 210.484
ROUND 1108 A#7 and B#22 = 228.401
ROUND 1109 A#8 and B#22 = 251.94
ROUND 1110 A#9 and B#22 = 252.293
ROUND 1111 A#10 and B#22 = 273.435
ROUND 1112 A#11 and B#22 = 247.336
ROUND 1113 A#12 and B#22 = 229.215
ROUND 1114 A#13 and B#22 = 226.177
ROUND 1115 A#14 and B#22 = 214.519
ROUND 1116 A#15 and B#22 = 227.425
ROUND 1117 A#16 and B#22 = 224.444
ROUND 1118 A#17 and B#22 = 245.354
ROUND 1119 A#18 and B#22 = 244.617
ROUND 1120 A#19 and B#22 = 212.283
ROUND 1121 A#20 and B#22 = 214.199
ROUND 1122 A#21 and B#22 = 218.728
ROUND 1123 A#22 and B#22 = 225.557
ROUND 1124 A#23 and B#22 = 207.661
ROUND 1125 A#24 and B#22 = 208.219
ROUND 1126 A#25 and B#22 = 243.065
ROUND 1127 A#26 and B#22 = 244.731
ROUND 1128 A#27 and B#22 = 222.252
ROUND 1129 A#28 and B#22 = 68.0952
ROUND 1130 A#29 and B#22 = 194.118
ROUND 1131 A#30 and B#22 = 221.656
ROUND 1132 A#31 and B#22 = 228.598
ROUND 1133 A#32 and B#22 = 245.91
ROUND 1134 A#33 and B#22 = 245.986
ROUND 1135 A#34 and B#22 = 230.238
ROUND 1136 A#35 and B#22 = 291.818
ROUND 1137 A#36 and B#22 = 226.593
ROUND 1138 A#37 and B#22 = 246.225
ROUND 1139 A#38 and B#22 = 225.441
ROUND 1140 A#39 and B#22 = 218.906
ROUND 1141 A#40 and B#22 = 212.183
ROUND 1142 A#41 and B#22 = 70.8892
ROUND 1143 A#42 and B#22 = 260.709
ROUND 1144 A#43 and B#22 = 170.445
ROUND 1145 A#44 and B#22 = 225.595
ROUND 1146 A#45 and B#22 = 219.8
ROUND 1147 A#46 and B#22 = 228.721
ROUND 1148 A#47 and B#22 = 238.615
ROUND 1149 A#48 and B#22 = 235.971
ROUND 1150 A#49 and B#22 = 243.418
ROUND 1151 A#0 and B#23 = 28.6618
ROUND 1152 A#1 and B#23 = 23.3548
ROUND 1153 A#2 and B#23 = 244.943
ROUND 1154 A#3 and B#23 = 192.491
ROUND 1155 A#4 and B#23 = 227.013
ROUND 1156 A#5 and B#23 = 240.734
ROUND 1157 A#6 and B#23 = 248.534
ROUND 1158 A#7 and B#23 = 182.74
ROUND 1159 A#8 and B#23 = 251.577
ROUND 1160 A#9 and B#23 = 229.34
ROUND 1161 A#10 and B#23 = 194.883
ROUND 1162 A#11 and B#23 = 247.09
ROUND 1163 A#12 and B#23 = 232.18
ROUND 1164 A#13 and B#23 = 256.356
ROUND 1165 A#14 and B#23 = 245.116
ROUND 1166 A#15 and B#23 = 202.961
ROUND 1167 A#16 and B#23 = 238.411
ROUND 1168 A#17 and B#23 = 202.681
ROUND 1169 A#18 and B#23 = 257.434
ROUND 1170 A#19 and B#23 = 210.721
ROUND 1171 A#20 and B#23 = 219.935
ROUND 1172 A#21 and B#23 = 215.982
ROUND 1173 A#22 and B#23 = 224.19
ROUND 1174 A#23 and B#23 = 199.273
ROUND 1175 A#24 and B#23 = 199.714
ROUND 1176 A#25 and B#23 = 241.714
ROUND 1177 A#26 and B#23 = 259.43
ROUND 1178 A#27 and B#23 = 168.918
ROUND 1179 A#28 and B#23 = 52.8652
ROUND 1180 A#29 and B#23 = 226.349
ROUND 1181 A#30 and B#23 = 59.2749
ROUND 1182 A#31 and B#23 = 231.689
ROUND 1183 A#32 and B#23 = 270.34
ROUND 1184 A#33 and B#23 = 270.451
ROUND 1185 A#34 and B#23 = 265.077
ROUND 1186 A#35 and B#23 = 287.173
ROUND 1187 A#36 and B#23 = 226.245
ROUND 1188 A#37 and B#23 = 55.7682
ROUND 1189 A#38 and B#23 = 224.24
ROUND 1190 A#39 and B#23 = 172.635
ROUND 1191 A#40 and B#23 = 111.628
ROUND 1192 A#41 and B#23 = 265.95
ROUND 1193 A#42 and B#23 = 258.044
ROUND 1194 A#43 and B#23 = 160.676
ROUND 1195 A#44 and B#23 = 226.95
ROUND 1196 A#45 and B#23 = 219.984
ROUND 1197 A#46 and B#23 = 270.894
ROUND 1198 A#47 and B#23 = 247.297
ROUND 1199 A#48 and B#23 = 247.263
ROUND 1200 A#49 and B#23 = 218.64
ROUND 1201 A#0 and B#24 = 166.904
ROUND 1202 A#1 and B#24 = 167.072
ROUND 1203 A#2 and B#24 = 214.182
ROUND 1204 A#3 and B#24 = 246.392
ROUND 1205 A#4 and B#24 = 227.961
ROUND 1206 A#5 and B#24 = 268.04
ROUND 1207 A#6 and B#24 = 270.645
ROUND 1208 A#7 and B#24 = 178.741
ROUND 1209 A#8 and B#24 = 252.575
ROUND 1210 A#9 and B#24 = 252.937
ROUND 1211 A#10 and B#24 = 246.355
ROUND 1212 A#11 and B#24 = 248.121
ROUND 1213 A#12 and B#24 = 229.369
ROUND 1214 A#13 and B#24 = 246.123
ROUND 1215 A#14 and B#24 = 245.695
ROUND 1216 A#15 and B#24 = 227.454
ROUND 1217 A#16 and B#24 = 238.047
ROUND 1218 A#17 and B#24 = 207.813
ROUND 1219 A#18 and B#24 = 218.014
ROUND 1220 A#19 and B#24 = 216.707
ROUND 1221 A#20 and B#24 = 208.978
ROUND 1222 A#21 and B#24 = 222.503
ROUND 1223 A#22 and B#24 = 227.985
ROUND 1224 A#23 and B#24 = 205.919
ROUND 1225 A#24 and B#24 = 206.112
ROUND 1226 A#25 and B#24 = 284.978
ROUND 1227 A#26 and B#24 = 216.222
ROUND 1228 A#27 and B#24 = 171.605
ROUND 1229 A#28 and B#24 = 247.118
ROUND 1230 A#29 and B#24 = 226.464
ROUND 1231 A#30 and B#24 = 202.894
ROUND 1232 A#31 and B#24 = 228.69
ROUND 1233 A#32 and B#24 = 220.755
ROUND 1234 A#33 and B#24 = 204.888
ROUND 1235 A#34 and B#24 = 264.069
ROUND 1236 A#35 and B#24 = 284.32
ROUND 1237 A#36 and B#24 = 226.311
ROUND 1238 A#37 and B#24 = 217.903
ROUND 1239 A#38 and B#24 = 225.704
ROUND 1240 A#39 and B#24 = 206.466
ROUND 1241 A#40 and B#24 = 176.158
ROUND 1242 A#41 and B#24 = 246.421
ROUND 1243 A#42 and B#24 = 246.931
ROUND 1244 A#43 and B#24 = 170.447
ROUND 1245 A#44 and B#24 = 189.703
ROUND 1246 A#45 and B#24 = 217.409
ROUND 1247 A#46 and B#24 = 219.399
ROUND 1248 A#47 and B#24 = 247.875
ROUND 1249 A#48 and B#24 = 247.833
ROUND 1250 A#49 and B#24 = 218.836
ROUND 1251 A#0 and B#25 = 166.781
ROUND 1252 A#1 and B#25 = 167.007
ROUND 1253 A#2 and B#25 = 214.048
ROUND 1254 A#3 and B#25 = 246.387
ROUND 1255 A#4 and B#25 = 227.945
ROUND 1256 A#5 and B#25 = 267.998
ROUND 1257 A#6 and B#25 = 270.666
ROUND 1258 A#7 and B#25 = 178.791
ROUND 1259 A#8 and B#25 = 252.562
ROUND 1260 A#9 and B#25 = 252.859
ROUND 1261 A#10 and B#25 = 246.462
ROUND 1262 A#11 and B#25 = 248.097
ROUND 1263 A#12 and B#25 = 229.344
ROUND 1264 A#13 and B#25 = 246.136
ROUND 1265 A#14 and B#25 = 245.484
ROUND 1266 A#15 and B#25 = 227.446
ROUND 1267 A#16 and B#25 = 238.117
ROUND 1268 A#17 and B#25 = 207.655
ROUND 1269 A#18 and B#25 = 218
ROUND 1270 A#19 and B#25 = 216.763
ROUND 1271 A#20 and B#25 = 208.694
ROUND 1272 A#21 and B#25 = 222.541
ROUND 1273 A#22 and B#25 = 227.979
ROUND 1274 A#23 and B#25 = 205.921
ROUND 1275 A#24 and B#25 = 206.137
ROUND 1276 A#25 and B#25 = 285.012
ROUND 1277 A#26 and B#25 = 216.236
ROUND 1278 A#27 and B#25 = 171.53
ROUND 1279 A#28 and B#25 = 247.34
ROUND 1280 A#29 and B#25 = 226.55
ROUND 1281 A#30 and B#25 = 202.913
ROUND 1282 A#31 and B#25 = 228.688
ROUND 1283 A#32 and B#25 = 220.616
ROUND 1284 A#33 and B#25 = 204.892
ROUND 1285 A#34 and B#25 = 264.09
ROUND 1286 A#35 and B#25 = 284.301
ROUND 1287 A#36 and B#25 = 226.334
ROUND 1288 A#37 and B#25 = 218.026
ROUND 1289 A#38 and B#25 = 225.429
ROUND 1290 A#39 and B#25 = 206.438
ROUND 1291 A#40 and B#25 = 176.244
ROUND 1292 A#41 and B#25 = 246.403
ROUND 1293 A#42 and B#25 = 246.935
ROUND 1294 A#43 and B#25 = 170.522
ROUND 1295 A#44 and B#25 = 189.707
ROUND 1296 A#45 and B#25 = 217.496
ROUND 1297 A#46 and B#25 = 219.402
ROUND 1298 A#47 and B#25 = 247.871
ROUND 1299 A#48 and B#25 = 247.831
ROUND 1300 A#49 and B#25 = 218.844
ROUND 1301 A#0 and B#26 = 228.265
ROUND 1302 A#1 and B#26 = 228.361
ROUND 1303 A#2 and B#26 = 220.28
ROUND 1304 A#3 and B#26 = 228.495
ROUND 1305 A#4 and B#26 = 227.208
ROUND 1306 A#5 and B#26 = 253.531
ROUND 1307 A#6 and B#26 = 227.545
ROUND 1308 A#7 and B#26 = 221.603
ROUND 1309 A#8 and B#26 = 234.873
ROUND 1310 A#9 and B#26 = 232.872
ROUND 1311 A#10 and B#26 = 228.659
ROUND 1312 A#11 and B#26 = 228.226
ROUND 1313 A#12 and B#26 = 228.861
ROUND 1314 A#13 and B#26 = 228.717
ROUND 1315 A#14 and B#26 = 221.897
ROUND 1316 A#15 and B#26 = 212.616
ROUND 1317 A#16 and B#26 = 205.892
ROUND 1318 A#17 and B#26 = 129.223
ROUND 1319 A#18 and B#26 = 202.792
ROUND 1320 A#19 and B#26 = 209.876
ROUND 1321 A#20 and B#26 = 243.962
ROUND 1322 A#21 and B#26 = 214.417
ROUND 1323 A#22 and B#26 = 227.345
ROUND 1324 A#23 and B#26 = 211.01
ROUND 1325 A#24 and B#26 = 211.403
ROUND 1326 A#25 and B#26 = 228.215
ROUND 1327 A#26 and B#26 = 227.907
ROUND 1328 A#27 and B#26 = 201.771
ROUND 1329 A#28 and B#26 = 173.998
ROUND 1330 A#29 and B#26 = 202.603
ROUND 1331 A#30 and B#26 = 229.596
ROUND 1332 A#31 and B#26 = 228.767
ROUND 1333 A#32 and B#26 = 209.528
ROUND 1334 A#33 and B#26 = 212.925
ROUND 1335 A#34 and B#26 = 253.392
ROUND 1336 A#35 and B#26 = 259.965
ROUND 1337 A#36 and B#26 = 202.99
ROUND 1338 A#37 and B#26 = 228.458
ROUND 1339 A#38 and B#26 = 208.455
ROUND 1340 A#39 and B#26 = 228.283
ROUND 1341 A#40 and B#26 = 227.895
ROUND 1342 A#41 and B#26 = 249.134
ROUND 1343 A#42 and B#26 = 37.4174
ROUND 1344 A#43 and B#26 = 194.011
ROUND 1345 A#44 and B#26 = 227.865
ROUND 1346 A#45 and B#26 = 228.056
ROUND 1347 A#46 and B#26 = 117.473
ROUND 1348 A#47 and B#26 = 228.217
ROUND 1349 A#48 and B#26 = 228.127
ROUND 1350 A#49 and B#26 = 228.678
ROUND 1351 A#0 and B#27 = 177.762
ROUND 1352 A#1 and B#27 = 178.063
ROUND 1353 A#2 and B#27 = 42.0969
ROUND 1354 A#3 and B#27 = 226.304
ROUND 1355 A#4 and B#27 = 173.486
ROUND 1356 A#5 and B#27 = 227.819
ROUND 1357 A#6 and B#27 = 263.61
ROUND 1358 A#7 and B#27 = 27.5974
ROUND 1359 A#8 and B#27 = 228.412
ROUND 1360 A#9 and B#27 = 228.392
ROUND 1361 A#10 and B#27 = 249.095
ROUND 1362 A#11 and B#27 = 199.291
ROUND 1363 A#12 and B#27 = 215.979
ROUND 1364 A#13 and B#27 = 264.604
ROUND 1365 A#14 and B#27 = 164.178
ROUND 1366 A#15 and B#27 = 247.628
ROUND 1367 A#16 and B#27 = 232.422
ROUND 1368 A#17 and B#27 = 31.5132
ROUND 1369 A#18 and B#27 = 228.39
ROUND 1370 A#19 and B#27 = 227.426
ROUND 1371 A#20 and B#27 = 193.191
ROUND 1372 A#21 and B#27 = 227.703
ROUND 1373 A#22 and B#27 = 237.669
ROUND 1374 A#23 and B#27 = 227.67
ROUND 1375 A#24 and B#27 = 229.158
ROUND 1376 A#25 and B#27 = 235.303
ROUND 1377 A#26 and B#27 = 228.131
ROUND 1378 A#27 and B#27 = 236.973
ROUND 1379 A#28 and B#27 = 201.289
ROUND 1380 A#29 and B#27 = 237.877
ROUND 1381 A#30 and B#27 = 169.064
ROUND 1382 A#31 and B#27 = 281.357
ROUND 1383 A#32 and B#27 = 171.565
ROUND 1384 A#33 and B#27 = 38.2375
ROUND 1385 A#34 and B#27 = 214.112
ROUND 1386 A#35 and B#27 = 265.212
ROUND 1387 A#36 and B#27 = 231.862
ROUND 1388 A#37 and B#27 = -21.2569
ROUND 1389 A#38 and B#27 = 232.057
ROUND 1390 A#39 and B#27 = 130.394
ROUND 1391 A#40 and B#27 = 162.244
ROUND 1392 A#41 and B#27 = 82.7135
ROUND 1393 A#42 and B#27 = 131.329
ROUND 1394 A#43 and B#27 = 200.528
ROUND 1395 A#44 and B#27 = 215.752
ROUND 1396 A#45 and B#27 = 215.824
ROUND 1397 A#46 and B#27 = 197.111
ROUND 1398 A#47 and B#27 = 201.224
ROUND 1399 A#48 and B#27 = 268.723
ROUND 1400 A#49 and B#27 = 200.797
ROUND 1401 A#0 and B#28 = 227.954
ROUND 1402 A#1 and B#28 = 228.06
ROUND 1403 A#2 and B#28 = 179.079
ROUND 1404 A#3 and B#28 = 28.758
ROUND 1405 A#4 and B#28 = 5.59071
ROUND 1406 A#5 and B#28 = 214.58
ROUND 1407 A#6 and B#28 = 187.469
ROUND 1408 A#7 and B#28 = 191.323
ROUND 1409 A#8 and B#28 = 193.051
ROUND 1410 A#9 and B#28 = 194.889
ROUND 1411 A#10 and B#28 = 245.723
ROUND 1412 A#11 and B#28 = 211.563
ROUND 1413 A#12 and B#28 = 192.538
ROUND 1414 A#13 and B#28 = 192.511
ROUND 1415 A#14 and B#28 = 178.446
ROUND 1416 A#15 and B#28 = 270.987
ROUND 1417 A#16 and B#28 = 181.977
ROUND 1418 A#17 and B#28 = 126.812
ROUND 1419 A#18 and B#28 = 203.135
ROUND 1420 A#19 and B#28 = 188.255
ROUND 1421 A#20 and B#28 = 223.629
ROUND 1422 A#21 and B#28 = 188.434
ROUND 1423 A#22 and B#28 = 181.77
ROUND 1424 A#23 and B#28 = 208.744
ROUND 1425 A#24 and B#28 = 208.793
ROUND 1426 A#25 and B#28 = 212.377
ROUND 1427 A#26 and B#28 = 201.923
ROUND 1428 A#27 and B#28 = 262.365
ROUND 1429 A#28 and B#28 = 145.05
ROUND 1430 A#29 and B#28 = 183.46
ROUND 1431 A#30 and B#28 = 212.843
ROUND 1432 A#31 and B#28 = 192.767
ROUND 1433 A#32 and B#28 = 234.647
ROUND 1434 A#33 and B#28 = 225.608
ROUND 1435 A#34 and B#28 = 218.649
ROUND 1436 A#35 and B#28 = 193.98
ROUND 1437 A#36 and B#28 = 213.58
ROUND 1438 A#37 and B#28 = 228.429
ROUND 1439 A#38 and B#28 = 181.176
ROUND 1440 A#39 and B#28 = 156.883
ROUND 1441 A#40 and B#28 = 165.296
ROUND 1442 A#41 and B#28 = 256.985
ROUND 1443 A#42 and B#28 = 196.279
ROUND 1444 A#43 and B#28 = 170.013
ROUND 1445 A#44 and B#28 = 212.76
ROUND 1446 A#45 and B#28 = 213.731
ROUND 1447 A#46 and B#28 = 162.719
ROUND 1448 A#47 and B#28 = 211.193
ROUND 1449 A#48 and B#28 = 211.556
ROUND 1450 A#49 and B#28 = 228.487
ROUND 1451 A#0 and B#29 = 242.797
ROUND 1452 A#1 and B#29 = 218.577
ROUND 1453 A#2 and B#29 = 233.393
ROUND 1454 A#3 and B#29 = 247.517
ROUND 1455 A#4 and B#29 = 171.647
ROUND 1456 A#5 and B#29 = 285.629
ROUND 1457 A#6 and B#29 = 222.884
ROUND 1458 A#7 and B#29 = 202.475
ROUND 1459 A#8 and B#29 = 224.029
ROUND 1460 A#9 and B#29 = 223.907
ROUND 1461 A#10 and B#29 = 261.366
ROUND 1462 A#11 and B#29 = 215.883
ROUND 1463 A#12 and B#29 = 226.375
ROUND 1464 A#13 and B#29 = 236.741
ROUND 1465 A#14 and B#29 = 206.621
ROUND 1466 A#15 and B#29 = 249.203
ROUND 1467 A#16 and B#29 = 189.588
ROUND 1468 A#17 and B#29 = 262.715
ROUND 1469 A#18 and B#29 = 196.443
ROUND 1470 A#19 and B#29 = 249.992
ROUND 1471 A#20 and B#29 = 237.071
ROUND 1472 A#21 and B#29 = 250.07
ROUND 1473 A#22 and B#29 = 187.479
ROUND 1474 A#23 and B#29 = 248.811
ROUND 1475 A#24 and B#29 = 248.831
ROUND 1476 A#25 and B#29 = 249.775
ROUND 1477 A#26 and B#29 = 193.742
ROUND 1478 A#27 and B#29 = 263.164
ROUND 1479 A#28 and B#29 = 15.7872
ROUND 1480 A#29 and B#29 = 211.09
ROUND 1481 A#30 and B#29 = 168.166
ROUND 1482 A#31 and B#29 = 223.889
ROUND 1483 A#32 and B#29 = 244.523
ROUND 1484 A#33 and B#29 = 233.518
ROUND 1485 A#34 and B#29 = 213.442
ROUND 1486 A#35 and B#29 = 262.876
ROUND 1487 A#36 and B#29 = 207.213
ROUND 1488 A#37 and B#29 = 228.652
ROUND 1489 A#38 and B#29 = 222.594
ROUND 1490 A#39 and B#29 = 157.973
ROUND 1491 A#40 and B#29 = 164.42
ROUND 1492 A#41 and B#29 = 250.048
ROUND 1493 A#42 and B#29 = 187.912
ROUND 1494 A#43 and B#29 = 164.879
ROUND 1495 A#44 and B#29 = 228.078
ROUND 1496 A#45 and B#29 = 209.08
ROUND 1497 A#46 and B#29 = 165.929
ROUND 1498 A#47 and B#29 = 199.806
ROUND 1499 A#48 and B#29 = 199.554
ROUND 1500 A#49 and B#29 = 228.792
ROUND 1501 A#0 and B#30 = 169.97
ROUND 1502 A#1 and B#30 = 169.845
ROUND 1503 A#2 and B#30 = 229.716
ROUND 1504 A#3 and B#30 = 225.389
ROUND 1505 A#4 and B#30 = 258.854
ROUND 1506 A#5 and B#30 = 249.362
ROUND 1507 A#6 and B#30 = 225.109
ROUND 1508 A#7 and B#30 = 202.311
ROUND 1509 A#8 and B#30 = 267.306
ROUND 1510 A#9 and B#30 = 267.041
ROUND 1511 A#10 and B#30 = 206.145
ROUND 1512 A#11 and B#30 = 195.413
ROUND 1513 A#12 and B#30 = 84.9386
ROUND 1514 A#13 and B#30 = 215.747
ROUND 1515 A#14 and B#30 = 209.14
ROUND 1516 A#15 and B#30 = 223.632
ROUND 1517 A#16 and B#30 = 198.393
ROUND 1518 A#17 and B#30 = 190.314
ROUND 1519 A#18 and B#30 = 208.086
ROUND 1520 A#19 and B#30 = 152.452
ROUND 1521 A#20 and B#30 = 273.151
ROUND 1522 A#21 and B#30 = 213.076
ROUND 1523 A#22 and B#30 = 197.377
ROUND 1524 A#23 and B#30 = 214.816
ROUND 1525 A#24 and B#30 = 185.693
ROUND 1526 A#25 and B#30 = 148.65
ROUND 1527 A#26 and B#30 = 227.966
ROUND 1528 A#27 and B#30 = 278.342
ROUND 1529 A#28 and B#30 = 137.226
ROUND 1530 A#29 and B#30 = 194.906
ROUND 1531 A#30 and B#30 = 205.795
ROUND 1532 A#31 and B#30 = 215.258
ROUND 1533 A#32 and B#30 = 212.646
ROUND 1534 A#33 and B#30 = 185.577
ROUND 1535 A#34 and B#30 = 258.276
ROUND 1536 A#35 and B#30 = 200.169
ROUND 1537 A#36 and B#30 = 195.765
ROUND 1538 A#37 and B#30 = 228.267
ROUND 1539 A#38 and B#30 = 176.81
ROUND 1540 A#39 and B#30 = 170.689
ROUND 1541 A#40 and B#30 = 159.474
ROUND 1542 A#41 and B#30 = 247.367
ROUND 1543 A#42 and B#30 = 262.378
ROUND 1544 A#43 and B#30 = 194.231
ROUND 1545 A#44 and B#30 = 215.602
ROUND 1546 A#45 and B#30 = 200.721
ROUND 1547 A#46 and B#30 = 166.922
ROUND 1548 A#47 and B#30 = 196.607
ROUND 1549 A#48 and B#30 = 194.941
ROUND 1550 A#49 and B#30 = 195.188
ROUND 1551 A#0 and B#31 = 145.133
ROUND 1552 A#1 and B#31 = 145.249
ROUND 1553 A#2 and B#31 = 244.99
ROUND 1554 A#3 and B#31 = 189.651
ROUND 1555 A#4 and B#31 = 226.88
ROUND 1556 A#5 and B#31 = 248.356
ROUND 1557 A#6 and B#31 = 247.162
ROUND 1558 A#7 and B#31 = 182.717
ROUND 1559 A#8 and B#31 = 262.536
ROUND 1560 A#9 and B#31 = 266.402
ROUND 1561 A#10 and B#31 = 195.301
ROUND 1562 A#11 and B#31 = 247.449
ROUND 1563 A#12 and B#31 = 232.387
ROUND 1564 A#13 and B#31 = 256.673
ROUND 1565 A#14 and B#31 = 245.515
ROUND 1566 A#15 and B#31 = 201.822
ROUND 1567 A#16 and B#31 = 240.27
ROUND 1568 A#17 and B#31 = 226.993
ROUND 1569 A#18 and B#31 = 215.741
ROUND 1570 A#19 and B#31 = 210.253
ROUND 1571 A#20 and B#31 = 220.143
ROUND 1572 A#21 and B#31 = 215.465
ROUND 1573 A#22 and B#31 = 223.837
ROUND 1574 A#23 and B#31 = 198.4
ROUND 1575 A#24 and B#31 = 198.924
ROUND 1576 A#25 and B#31 = 240.762
ROUND 1577 A#26 and B#31 = 211.928
ROUND 1578 A#27 and B#31 = 168.877
ROUND 1579 A#28 and B#31 = 162.85
ROUND 1580 A#29 and B#31 = 226.339
ROUND 1581 A#30 and B#31 = 63.863
ROUND 1582 A#31 and B#31 = 231.786
ROUND 1583 A#32 and B#31 = 270.262
ROUND 1584 A#33 and B#31 = 270.249
ROUND 1585 A#34 and B#31 = 265.93
ROUND 1586 A#35 and B#31 = 285.979
ROUND 1587 A#36 and B#31 = 226.364
ROUND 1588 A#37 and B#31 = 54.3592
ROUND 1589 A#38 and B#31 = 223.736
ROUND 1590 A#39 and B#31 = 173.835
ROUND 1591 A#40 and B#31 = 189.807
ROUND 1592 A#41 and B#31 = 138.327
ROUND 1593 A#42 and B#31 = 257.938
ROUND 1594 A#43 and B#31 = 160.873
ROUND 1595 A#44 and B#31 = 226.792
ROUND 1596 A#45 and B#31 = 221.411
ROUND 1597 A#46 and B#31 = 270.814
ROUND 1598 A#47 and B#31 = 247.295
ROUND 1599 A#48 and B#31 = 247.243
ROUND 1600 A#49 and B#31 = 218.533
ROUND 1601 A#0 and B#32 = 169.874
ROUND 1602 A#1 and B#32 = 169.827
ROUND 1603 A#2 and B#32 = 205.295
ROUND 1604 A#3 and B#32 = 225.551
ROUND 1605 A#4 and B#32 = 258.923
ROUND 1606 A#5 and B#32 = 249.263
ROUND 1607 A#6 and B#32 = 225.043
ROUND 1608 A#7 and B#32 = 202.415
ROUND 1609 A#8 and B#32 = 267.713
ROUND 1610 A#9 and B#32 = 267.368
ROUND 1611 A#10 and B#32 = 206.217
ROUND 1612 A#11 and B#32 = 195.327
ROUND 1613 A#12 and B#32 = 84.7476
ROUND 1614 A#13 and B#32 = 215.506
ROUND 1615 A#14 and B#32 = 209.071
ROUND 1616 A#15 and B#32 = 223.678
ROUND 1617 A#16 and B#32 = 197.832
ROUND 1618 A#17 and B#32 = 190.194
ROUND 1619 A#18 and B#32 = 207.832
ROUND 1620 A#19 and B#32 = 152.647
ROUND 1621 A#20 and B#32 = 273.163
ROUND 1622 A#21 and B#32 = 213.229
ROUND 1623 A#22 and B#32 = 197.025
ROUND 1624 A#23 and B#32 = 215.03
ROUND 1625 A#24 and B#32 = 185.832
ROUND 1626 A#25 and B#32 = 148.539
ROUND 1627 A#26 and B#32 = 227.792
ROUND 1628 A#27 and B#32 = 278.531
ROUND 1629 A#28 and B#32 = 136.896
ROUND 1630 A#29 and B#32 = 194.663
ROUND 1631 A#30 and B#32 = 205.896
ROUND 1632 A#31 and B#32 = 215.3
ROUND 1633 A#32 and B#32 = 212.496
ROUND 1634 A#33 and B#32 = 185.652
ROUND 1635 A#34 and B#32 = 259.343
ROUND 1636 A#35 and B#32 = 200.04
ROUND 1637 A#36 and B#32 = 195.477
ROUND 1638 A#37 and B#32 = 228.239
ROUND 1639 A#38 and B#32 = 176.728
ROUND 1640 A#39 and B#32 = 170.687
ROUND 1641 A#40 and B#32 = 159.152
ROUND 1642 A#41 and B#32 = 247.326
ROUND 1643 A#42 and B#32 = 262.005
ROUND 1644 A#43 and B#32 = 194.259
ROUND 1645 A#44 and B#32 = 215.509
ROUND 1646 A#45 and B#32 = 200.516
ROUND 1647 A#46 and B#32 = 166.925
ROUND 1648 A#47 and B#32 = 196.535
ROUND 1649 A#48 and B#32 = 194.882
ROUND 1650 A#49 and B#32 = 195.385
ROUND 1651 A#0 and B#33 = 28.3355
ROUND 1652 A#1 and B#33 = 22.9585
ROUND 1653 A#2 and B#33 = 244.968
ROUND 1654 A#3 and B#33 = 192.419
ROUND 1655 A#4 and B#33 = 226.855
ROUND 1656 A#5 and B#33 = 240.616
ROUND 1657 A#6 and B#33 = 210.638
ROUND 1658 A#7 and B#33 = 182.707
ROUND 1659 A#8 and B#33 = 251.649
ROUND 1660 A#9 and B#33 = 251.844
ROUND 1661 A#10 and B#33 = 194.593
ROUND 1662 A#11 and B#33 = 247.411
ROUND 1663 A#12 and B#33 = 232.191
ROUND 1664 A#13 and B#33 = 256.357
ROUND 1665 A#14 and B#33 = 245.16
ROUND 1666 A#15 and B#33 = 202.876
ROUND 1667 A#16 and B#33 = 238.412
ROUND 1668 A#17 and B#33 = 239.489
ROUND 1669 A#18 and B#33 = 257.572
ROUND 1670 A#19 and B#33 = 210.913
ROUND 1671 A#20 and B#33 = 219.826
ROUND 1672 A#21 and B#33 = 216.209
ROUND 1673 A#22 and B#33 = 224.376
ROUND 1674 A#23 and B#33 = 199.105
ROUND 1675 A#24 and B#33 = 199.511
ROUND 1676 A#25 and B#33 = 241.811
ROUND 1677 A#26 and B#33 = 259.656
ROUND 1678 A#27 and B#33 = 227.025
ROUND 1679 A#28 and B#33 = 162.386
ROUND 1680 A#29 and B#33 = 226.394
ROUND 1681 A#30 and B#33 = 59.3606
ROUND 1682 A#31 and B#33 = 231.682
ROUND 1683 A#32 and B#33 = 270.634
ROUND 1684 A#33 and B#33 = 270.392
ROUND 1685 A#34 and B#33 = 265.236
ROUND 1686 A#35 and B#33 = 287.048
ROUND 1687 A#36 and B#33 = 226.226
ROUND 1688 A#37 and B#33 = 264.01
ROUND 1689 A#38 and B#33 = 224.248
ROUND 1690 A#39 and B#33 = 172.653
ROUND 1691 A#40 and B#33 = 111.777
ROUND 1692 A#41 and B#33 = 242.59
ROUND 1693 A#42 and B#33 = 258.037
ROUND 1694 A#43 and B#33 = 171.604
ROUND 1695 A#44 and B#33 = 226.941
ROUND 1696 A#45 and B#33 = 219.697
ROUND 1697 A#46 and B#33 = 271.015
ROUND 1698 A#47 and B#33 = 247.291
ROUND 1699 A#48 and B#33 = 247.248
ROUND 1700 A#49 and B#33 = 218.625
ROUND 1701 A#0 and B#34 = 228.015
ROUND 1702 A#1 and B#34 = 228.226
ROUND 1703 A#2 and B#34 = 231.538
ROUND 1704 A#3 and B#34 = 228.294
ROUND 1705 A#4 and B#34 = 227.464
ROUND 1706 A#5 and B#34 = 247.12
ROUND 1707 A#6 and B#34 = 227.97
ROUND 1708 A#7 and B#34 = 211.946
ROUND 1709 A#8 and B#34 = 221.058
ROUND 1710 A#9 and B#34 = 218.78
ROUND 1711 A#10 and B#34 = 210.514
ROUND 1712 A#11 and B#34 = 228.015
ROUND 1713 A#12 and B#34 = 228.602
ROUND 1714 A#13 and B#34 = 228.606
ROUND 1715 A#14 and B#34 = 225.961
ROUND 1716 A#15 and B#34 = 203.475
ROUND 1717 A#16 and B#34 = 196.433
ROUND 1718 A#17 and B#34 = 242.44
ROUND 1719 A#18 and B#34 = 226.762
ROUND 1720 A#19 and B#34 = 211.567
ROUND 1721 A#20 and B#34 = 246.382
ROUND 1722 A#21 and B#34 = 216.9
ROUND 1723 A#22 and B#34 = 164.874
ROUND 1724 A#23 and B#34 = 206.614
ROUND 1725 A#24 and B#34 = 206.888
ROUND 1726 A#25 and B#34 = 228.008
ROUND 1727 A#26 and B#34 = 228.233
ROUND 1728 A#27 and B#34 = 227.382
ROUND 1729 A#28 and B#34 = 173.327
ROUND 1730 A#29 and B#34 = 194.694
ROUND 1731 A#30 and B#34 = 215.661
ROUND 1732 A#31 and B#34 = 228.594
ROUND 1733 A#32 and B#34 = 133.35
ROUND 1734 A#33 and B#34 = 212.883
ROUND 1735 A#34 and B#34 = 247.118
ROUND 1736 A#35 and B#34 = 257.834
ROUND 1737 A#36 and B#34 = 194.878
ROUND 1738 A#37 and B#34 = 228.403
ROUND 1739 A#38 and B#34 = 200.908
ROUND 1740 A#39 and B#34 = 228.096
ROUND 1741 A#40 and B#34 = 227.661
ROUND 1742 A#41 and B#34 = 250.345
ROUND 1743 A#42 and B#34 = 10.6633
ROUND 1744 A#43 and B#34 = 199.174
ROUND 1745 A#44 and B#34 = 227.993
ROUND 1746 A#45 and B#34 = 228.098
ROUND 1747 A#46 and B#34 = 264.588
ROUND 1748 A#47 and B#34 = 235.238
ROUND 1749 A#48 and B#34 = 245.592
ROUND 1750 A#49 and B#34 = 174.808
ROUND 1751 A#0 and B#35 = 33.5956
ROUND 1752 A#1 and B#35 = 32.8701
ROUND 1753 A#2 and B#35 = 228.54
ROUND 1754 A#3 and B#35 = 228.433
ROUND 1755 A#4 and B#35 = 173.636
ROUND 1756 A#5 and B#35 = 227.804
ROUND 1757 A#6 and B#35 = 265.497
ROUND 1758 A#7 and B#35 = 26.351
ROUND 1759 A#8 and B#35 = 228.378
ROUND 1760 A#9 and B#35 = 228.392
ROUND 1761 A#10 and B#35 = 249.125
ROUND 1762 A#11 and B#35 = 235.018
ROUND 1763 A#12 and B#35 = 215.93
ROUND 1764 A#13 and B#35 = 274.262
ROUND 1765 A#14 and B#35 = 230.826
ROUND 1766 A#15 and B#35 = 247.58
ROUND 1767 A#16 and B#35 = 230.904
ROUND 1768 A#17 and B#35 = 26.3751
ROUND 1769 A#18 and B#35 = 228.381
ROUND 1770 A#19 and B#35 = 236.039
ROUND 1771 A#20 and B#35 = 193.004
ROUND 1772 A#21 and B#35 = 233.443
ROUND 1773 A#22 and B#35 = 236.254
ROUND 1774 A#23 and B#35 = 242.852
ROUND 1775 A#24 and B#35 = 232.381
ROUND 1776 A#25 and B#35 = 235.665
ROUND 1777 A#26 and B#35 = 228.114
ROUND 1778 A#27 and B#35 = 264.205
ROUND 1779 A#28 and B#35 = 201.568
ROUND 1780 A#29 and B#35 = 236.807
ROUND 1781 A#30 and B#35 = 169.202
ROUND 1782 A#31 and B#35 = 215.995
ROUND 1783 A#32 and B#35 = 36.4613
ROUND 1784 A#33 and B#35 = 34.954
ROUND 1785 A#34 and B#35 = 213.847
ROUND 1786 A#35 and B#35 = 267.281
ROUND 1787 A#36 and B#35 = 230.538
ROUND 1788 A#37 and B#35 = -20.0438
ROUND 1789 A#38 and B#35 = 230.866
ROUND 1790 A#39 and B#35 = 130.668
ROUND 1791 A#40 and B#35 = 159.321
ROUND 1792 A#41 and B#35 = 213.979
ROUND 1793 A#42 and B#35 = 127.216
ROUND 1794 A#43 and B#35 = 200.852
ROUND 1795 A#44 and B#35 = 215.663
ROUND 1796 A#45 and B#35 = 215.785
ROUND 1797 A#46 and B#35 = 196.441
ROUND 1798 A#47 and B#35 = 227.724
ROUND 1799 A#48 and B#35 = 227.737
ROUND 1800 A#49 and B#35 = 199.969
ROUND 1801 A#0 and B#36 = 186.687
ROUND 1802 A#1 and B#36 = 186.801
ROUND 1803 A#2 and B#36 = 229.992
ROUND 1804 A#3 and B#36 = 26.8418
ROUND 1805 A#4 and B#36 = 85.173
ROUND 1806 A#5 and B#36 = 245.941
ROUND 1807 A#6 and B#36 = 205.405
ROUND 1808 A#7 and B#36 = 227.681
ROUND 1809 A#8 and B#36 = 193.164
ROUND 1810 A#9 and B#36 = 227.823
ROUND 1811 A#10 and B#36 = 245.426
ROUND 1812 A#11 and B#36 = 211.993
ROUND 1813 A#12 and B#36 = 228.536
ROUND 1814 A#13 and B#36 = 228.303
ROUND 1815 A#14 and B#36 = 234.233
ROUND 1816 A#15 and B#36 = 208.781
ROUND 1817 A#16 and B#36 = 227.689
ROUND 1818 A#17 and B#36 = 245.775
ROUND 1819 A#18 and B#36 = 199.343
ROUND 1820 A#19 and B#36 = 184.817
ROUND 1821 A#20 and B#36 = 227.784
ROUND 1822 A#21 and B#36 = 184.582
ROUND 1823 A#22 and B#36 = 177.723
ROUND 1824 A#23 and B#36 = 191.828
ROUND 1825 A#24 and B#36 = 202.023
ROUND 1826 A#25 and B#36 = 212.936
ROUND 1827 A#26 and B#36 = 201.547
ROUND 1828 A#27 and B#36 = 256.48
ROUND 1829 A#28 and B#36 = 169.079
ROUND 1830 A#29 and B#36 = 174.089
ROUND 1831 A#30 and B#36 = 172.399
ROUND 1832 A#31 and B#36 = 228.005
ROUND 1833 A#32 and B#36 = 217.737
ROUND 1834 A#33 and B#36 = 219.89
ROUND 1835 A#34 and B#36 = 220.346
ROUND 1836 A#35 and B#36 = 235.481
ROUND 1837 A#36 and B#36 = 219.423
ROUND 1838 A#37 and B#36 = 195.042
ROUND 1839 A#38 and B#36 = 232.022
ROUND 1840 A#39 and B#36 = 156.431
ROUND 1841 A#40 and B#36 = 172.937
ROUND 1842 A#41 and B#36 = 243.827
ROUND 1843 A#42 and B#36 = 194.79
ROUND 1844 A#43 and B#36 = 170.807
ROUND 1845 A#44 and B#36 = 213.143
ROUND 1846 A#45 and B#36 = 214.601
ROUND 1847 A#46 and B#36 = 245.871
ROUND 1848 A#47 and B#36 = 227.72
ROUND 1849 A#48 and B#36 = 212.76
ROUND 1850 A#49 and B#36 = 228.395
ROUND 1851 A#0 and B#37 = 228.366
ROUND 1852 A#1 and B#37 = 228.49
ROUND 1853 A#2 and B#37 = 212.346
ROUND 1854 A#3 and B#37 = 229.623
ROUND 1855 A#4 and B#37 = 181.706
ROUND 1856 A#5 and B#37 = 261.09
ROUND 1857 A#6 and B#37 = 228.117
ROUND 1858 A#7 and B#37 = 92.1865
ROUND 1859 A#8 and B#37 = 208.186
ROUND 1860 A#9 and B#37 = 206.456
ROUND 1861 A#10 and B#37 = 230.095
ROUND 1862 A#11 and B#37 = 228.225
ROUND 1863 A#12 and B#37 = 228.874
ROUND 1864 A#13 and B#37 = 228.757
ROUND 1865 A#14 and B#37 = 220.477
ROUND 1866 A#15 and B#37 = 191.688
ROUND 1867 A#16 and B#37 = 199.225
ROUND 1868 A#17 and B#37 = 243.208
ROUND 1869 A#18 and B#37 = 227.931
ROUND 1870 A#19 and B#37 = 228.351
ROUND 1871 A#20 and B#37 = 214.493
ROUND 1872 A#21 and B#37 = 228.473
ROUND 1873 A#22 and B#37 = 197.89
ROUND 1874 A#23 and B#37 = 225.514
ROUND 1875 A#24 and B#37 = 249.048
ROUND 1876 A#25 and B#37 = 238.308
ROUND 1877 A#26 and B#37 = 228.004
ROUND 1878 A#27 and B#37 = 225.161
ROUND 1879 A#28 and B#37 = 225.132
ROUND 1880 A#29 and B#37 = 197.733
ROUND 1881 A#30 and B#37 = 228.585
ROUND 1882 A#31 and B#37 = 228.764
ROUND 1883 A#32 and B#37 = 214.047
ROUND 1884 A#33 and B#37 = 217.314
ROUND 1885 A#34 and B#37 = 261.301
ROUND 1886 A#35 and B#37 = 262.127
ROUND 1887 A#36 and B#37 = 197.872
ROUND 1888 A#37 and B#37 = 228.653
ROUND 1889 A#38 and B#37 = 208.75
ROUND 1890 A#39 and B#37 = 228.282
ROUND 1891 A#40 and B#37 = 227.862
ROUND 1892 A#41 and B#37 = 94.6262
ROUND 1893 A#42 and B#37 = 272.108
ROUND 1894 A#43 and B#37 = 182.095
ROUND 1895 A#44 and B#37 = 212.973
ROUND 1896 A#45 and B#37 = 228.183
ROUND 1897 A#46 and B#37 = 266.885
ROUND 1898 A#47 and B#37 = 248.147
ROUND 1899 A#48 and B#37 = 247.612
ROUND 1900 A#49 and B#37 = 228.233
ROUND 1901 A#0 and B#38 = 169.892
ROUND 1902 A#1 and B#38 = 169.675
ROUND 1903 A#2 and B#38 = 229.734
ROUND 1904 A#3 and B#38 = 225.231
ROUND 1905 A#4 and B#38 = 258.82
ROUND 1906 A#5 and B#38 = 249.066
ROUND 1907 A#6 and B#38 = 224.978
ROUND 1908 A#7 and B#38 = 202.17
ROUND 1909 A#8 and B#38 = 267.39
ROUND 1910 A#9 and B#38 = 267.065
ROUND 1911 A#10 and B#38 = 206.146
ROUND 1912 A#11 and B#38 = 195.271
ROUND 1913 A#12 and B#38 = 84.4009
ROUND 1914 A#13 and B#38 = 215.555
ROUND 1915 A#14 and B#38 = 208.936
ROUND 1916 A#15 and B#38 = 223.536
ROUND 1917 A#16 and B#38 = 198.359
ROUND 1918 A#17 and B#38 = 190.324
ROUND 1919 A#18 and B#38 = 208.144
ROUND 1920 A#19 and B#38 = 212.652
ROUND 1921 A#20 and B#38 = 273.202
ROUND 1922 A#21 and B#38 = 213.178
ROUND 1923 A#22 and B#38 = 197.424
ROUND 1924 A#23 and B#38 = 214.804
ROUND 1925 A#24 and B#38 = 185.706
ROUND 1926 A#25 and B#38 = 148.366
ROUND 1927 A#26 and B#38 = 227.835
ROUND 1928 A#27 and B#38 = 278.543
ROUND 1929 A#28 and B#38 = 136.946
ROUND 1930 A#29 and B#38 = 195.033
ROUND 1931 A#30 and B#38 = 205.735
ROUND 1932 A#31 and B#38 = 215.156
ROUND 1933 A#32 and B#38 = 212.392
ROUND 1934 A#33 and B#38 = 185.647
ROUND 1935 A#34 and B#38 = 258.378
ROUND 1936 A#35 and B#38 = 199.803
ROUND 1937 A#36 and B#38 = 195.88
ROUND 1938 A#37 and B#38 = 228.291
ROUND 1939 A#38 and B#38 = 176.811
ROUND 1940 A#39 and B#38 = 170.708
ROUND 1941 A#40 and B#38 = 159.139
ROUND 1942 A#41 and B#38 = 199.854
ROUND 1943 A#42 and B#38 = 262.395
ROUND 1944 A#43 and B#38 = 194.194
ROUND 1945 A#44 and B#38 = 215.361
ROUND 1946 A#45 and B#38 = 200.592
ROUND 1947 A#46 and B#38 = 166.931
ROUND 1948 A#47 and B#38 = 196.502
ROUND 1949 A#48 and B#38 = 194.832
ROUND 1950 A#49 and B#38 = 195.256
ROUND 1951 A#0 and B#39 = 167.366
ROUND 1952 A#1 and B#39 = 167.415
ROUND 1953 A#2 and B#39 = 215.938
ROUND 1954 A#3 and B#39 = 246.459
ROUND 1955 A#4 and B#39 = 226.308
ROUND 1956 A#5 and B#39 = 267.222
ROUND 1957 A#6 and B#39 = 271.417
ROUND 1958 A#7 and B#39 = 216.708
ROUND 1959 A#8 and B#39 = 252.662
ROUND 1960 A#9 and B#39 = 252.999
ROUND 1961 A#10 and B#39 = 246.393
ROUND 1962 A#11 and B#39 = 248.116
ROUND 1963 A#12 and B#39 = 229.065
ROUND 1964 A#13 and B#39 = 246.332
ROUND 1965 A#14 and B#39 = 269.068
ROUND 1966 A#15 and B#39 = 272.905
ROUND 1967 A#16 and B#39 = 211.552
ROUND 1968 A#17 and B#39 = 207.223
ROUND 1969 A#18 and B#39 = 218.154
ROUND 1970 A#19 and B#39 = 216.345
ROUND 1971 A#20 and B#39 = 247.241
ROUND 1972 A#21 and B#39 = 222.141
ROUND 1973 A#22 and B#39 = 198.024
ROUND 1974 A#23 and B#39 = 205.667
ROUND 1975 A#24 and B#39 = 205.883
ROUND 1976 A#25 and B#39 = 286.646
ROUND 1977 A#26 and B#39 = 216.108
ROUND 1978 A#27 and B#39 = 240.18
ROUND 1979 A#28 and B#39 = 248.037
ROUND 1980 A#29 and B#39 = 226.737
ROUND 1981 A#30 and B#39 = 165.011
ROUND 1982 A#31 and B#39 = 228.737
ROUND 1983 A#32 and B#39 = 220.326
ROUND 1984 A#33 and B#39 = 204.65
ROUND 1985 A#34 and B#39 = 263.445
ROUND 1986 A#35 and B#39 = 285.879
ROUND 1987 A#36 and B#39 = 226.4
ROUND 1988 A#37 and B#39 = 218.077
ROUND 1989 A#38 and B#39 = 197.279
ROUND 1990 A#39 and B#39 = 205.734
ROUND 1991 A#40 and B#39 = 14.4514
ROUND 1992 A#41 and B#39 = 28.7529
ROUND 1993 A#42 and B#39 = 246.977
ROUND 1994 A#43 and B#39 = 170.294
ROUND 1995 A#44 and B#39 = 173.314
ROUND 1996 A#45 and B#39 = 216.528
ROUND 1997 A#46 and B#39 = 219.641
ROUND 1998 A#47 and B#39 = 247.894
ROUND 1999 A#48 and B#39 = 247.875
ROUND 2000 A#49 and B#39 = 218.993
ROUND 2001 A#0 and B#40 = 33.0655
ROUND 2002 A#1 and B#40 = 32.3391
ROUND 2003 A#2 and B#40 = 228.104
ROUND 2004 A#3 and B#40 = 227.98
ROUND 2005 A#4 and B#40 = 173.605
ROUND 2006 A#5 and B#40 = 227.797
ROUND 2007 A#6 and B#40 = 264.946
ROUND 2008 A#7 and B#40 = 26.6121
ROUND 2009 A#8 and B#40 = 228.389
ROUND 2010 A#9 and B#40 = 228.383
ROUND 2011 A#10 and B#40 = 249.129
ROUND 2012 A#11 and B#40 = 235.137
ROUND 2013 A#12 and B#40 = 215.919
ROUND 2014 A#13 and B#40 = 265.473
ROUND 2015 A#14 and B#40 = 230.853
ROUND 2016 A#15 and B#40 = 247.591
ROUND 2017 A#16 and B#40 = 231.77
ROUND 2018 A#17 and B#40 = 25.3438
ROUND 2019 A#18 and B#40 = 228.372
ROUND 2020 A#19 and B#40 = 236.064
ROUND 2021 A#20 and B#40 = 192.944
ROUND 2022 A#21 and B#40 = 233.571
ROUND 2023 A#22 and B#40 = 237.057
ROUND 2024 A#23 and B#40 = 242.597
ROUND 2025 A#24 and B#40 = 232.357
ROUND 2026 A#25 and B#40 = 235.524
ROUND 2027 A#26 and B#40 = 228.114
ROUND 2028 A#27 and B#40 = 264.248
ROUND 2029 A#28 and B#40 = 201.491
ROUND 2030 A#29 and B#40 = 237.394
ROUND 2031 A#30 and B#40 = 169.208
ROUND 2032 A#31 and B#40 = 216.004
ROUND 2033 A#32 and B#40 = 170.608
ROUND 2034 A#33 and B#40 = 33.9944
ROUND 2035 A#34 and B#40 = 213.808
ROUND 2036 A#35 and B#40 = 266.688
ROUND 2037 A#36 and B#40 = 231.2
ROUND 2038 A#37 and B#40 = -22.3231
ROUND 2039 A#38 and B#40 = 231.468
ROUND 2040 A#39 and B#40 = 165.008
ROUND 2041 A#40 and B#40 = 159.024
ROUND 2042 A#41 and B#40 = 213.769
ROUND 2043 A#42 and B#40 = 126.413
ROUND 2044 A#43 and B#40 = 200.716
ROUND 2045 A#44 and B#40 = 215.648
ROUND 2046 A#45 and B#40 = 215.799
ROUND 2047 A#46 and B#40 = 196.369
ROUND 2048 A#47 and B#40 = 227.733
ROUND 2049 A#48 and B#40 = 227.739
ROUND 2050 A#49 and B#40 = 228.592
ROUND 2051 A#0 and B#41 = 272.859
ROUND 2052 A#1 and B#41 = 273.044
ROUND 2053 A#2 and B#41 = 56.6592
ROUND 2054 A#3 and B#41 = 246.357
ROUND 2055 A#4 and B#41 = 227.949
ROUND 2056 A#5 and B#41 = 225.104
ROUND 2057 A#6 and B#41 = 234.635
ROUND 2058 A#7 and B#41 = 216.511
ROUND 2059 A#8 and B#41 = 247.629
ROUND 2060 A#9 and B#41 = 247.612
ROUND 2061 A#10 and B#41 = 246.16
ROUND 2062 A#11 and B#41 = 244.633
ROUND 2063 A#12 and B#41 = 228.988
ROUND 2064 A#13 and B#41 = 220.004
ROUND 2065 A#14 and B#41 = 214.723
ROUND 2066 A#15 and B#41 = 231.983
ROUND 2067 A#16 and B#41 = 224.525
ROUND 2068 A#17 and B#41 = 245.085
ROUND 2069 A#18 and B#41 = 246.63
ROUND 2070 A#19 and B#41 = 228.084
ROUND 2071 A#20 and B#41 = 214.458
ROUND 2072 A#21 and B#41 = 228.221
ROUND 2073 A#22 and B#41 = 225.944
ROUND 2074 A#23 and B#41 = 227.205
ROUND 2075 A#24 and B#41 = 227.361
ROUND 2076 A#25 and B#41 = 240.633
ROUND 2077 A#26 and B#41 = 248.493
ROUND 2078 A#27 and B#41 = 224.222
ROUND 2079 A#28 and B#41 = 161.811
ROUND 2080 A#29 and B#41 = 202.176
ROUND 2081 A#30 and B#41 = 228.496
ROUND 2082 A#31 and B#41 = 228.698
ROUND 2083 A#32 and B#41 = 217.687
ROUND 2084 A#33 and B#41 = 206.26
ROUND 2085 A#34 and B#41 = 237.052
ROUND 2086 A#35 and B#41 = 296.268
ROUND 2087 A#36 and B#41 = 202.073
ROUND 2088 A#37 and B#41 = 252.721
ROUND 2089 A#38 and B#41 = 207.744
ROUND 2090 A#39 and B#41 = 220.144
ROUND 2091 A#40 and B#41 = 213.366
ROUND 2092 A#41 and B#41 = 229.436
ROUND 2093 A#42 and B#41 = 246.944
ROUND 2094 A#43 and B#41 = 170.778
ROUND 2095 A#44 and B#41 = 195.05
ROUND 2096 A#45 and B#41 = 179.192
ROUND 2097 A#46 and B#41 = 229.262
ROUND 2098 A#47 and B#41 = 247.478
ROUND 2099 A#48 and B#41 = 247.562
ROUND 2100 A#49 and B#41 = 252.457
ROUND 2101 A#0 and B#42 = 167.455
ROUND 2102 A#1 and B#42 = 167.516
ROUND 2103 A#2 and B#42 = 215.991
ROUND 2104 A#3 and B#42 = 246.452
ROUND 2105 A#4 and B#42 = 228.031
ROUND 2106 A#5 and B#42 = 246.95
ROUND 2107 A#6 and B#42 = 271.337
ROUND 2108 A#7 and B#42 = 178.75
ROUND 2109 A#8 and B#42 = 252.67
ROUND 2110 A#9 and B#42 = 253.001
ROUND 2111 A#10 and B#42 = 246.555
ROUND 2112 A#11 and B#42 = 248.137
ROUND 2113 A#12 and B#42 = 229.048
ROUND 2114 A#13 and B#42 = 246.267
ROUND 2115 A#14 and B#42 = 209.482
ROUND 2116 A#15 and B#42 = 272.999
ROUND 2117 A#16 and B#42 = 211.597
ROUND 2118 A#17 and B#42 = 207.233
ROUND 2119 A#18 and B#42 = 218.093
ROUND 2120 A#19 and B#42 = 216.501
ROUND 2121 A#20 and B#42 = 247.539
ROUND 2122 A#21 and B#42 = 222.272
ROUND 2123 A#22 and B#42 = 198.935
ROUND 2124 A#23 and B#42 = 205.821
ROUND 2125 A#24 and B#42 = 206.031
ROUND 2126 A#25 and B#42 = 286.742
ROUND 2127 A#26 and B#42 = 216.315
ROUND 2128 A#27 and B#42 = 240.813
ROUND 2129 A#28 and B#42 = 248.291
ROUND 2130 A#29 and B#42 = 226.712
ROUND 2131 A#30 and B#42 = 164.803
ROUND 2132 A#31 and B#42 = 219.771
ROUND 2133 A#32 and B#42 = 220.445
ROUND 2134 A#33 and B#42 = 204.84
ROUND 2135 A#34 and B#42 = 263.152
ROUND 2136 A#35 and B#42 = 286.08
ROUND 2137 A#36 and B#42 = 226.459
ROUND 2138 A#37 and B#42 = 218.024
ROUND 2139 A#38 and B#42 = 225.534
ROUND 2140 A#39 and B#42 = 41.9587
ROUND 2141 A#40 and B#42 = 177.369
ROUND 2142 A#41 and B#42 = 28.8716
ROUND 2143 A#42 and B#42 = 246.98
ROUND 2144 A#43 and B#42 = 170.235
ROUND 2145 A#44 and B#42 = 187.507
ROUND 2146 A#45 and B#42 = 217.498
ROUND 2147 A#46 and B#42 = 219.493
ROUND 2148 A#47 and B#42 = 247.907
ROUND 2149 A#48 and B#42 = 247.87
ROUND 2150 A#49 and B#42 = 218.939
ROUND 2151 A#0 and B#43 = 152.855
ROUND 2152 A#1 and B#43 = 4.77814
ROUND 2153 A#2 and B#43 = 228.323
ROUND 2154 A#3 and B#43 = 246.246
ROUND 2155 A#4 and B#43 = 227.865
ROUND 2156 A#5 and B#43 = 236.375
ROUND 2157 A#6 and B#43 = 286.559
ROUND 2158 A#7 and B#43 = 186.706
ROUND 2159 A#8 and B#43 = 252.049
ROUND 2160 A#9 and B#43 = 252.376
ROUND 2161 A#10 and B#43 = 246.033
ROUND 2162 A#11 and B#43 = 247.796
ROUND 2163 A#12 and B#43 = 229.279
ROUND 2164 A#13 and B#43 = 58.4582
ROUND 2165 A#14 and B#43 = 218.052
ROUND 2166 A#15 and B#43 = 210.3
ROUND 2167 A#16 and B#43 = 208.111
ROUND 2168 A#17 and B#43 = 245.172
ROUND 2169 A#18 and B#43 = 218.012
ROUND 2170 A#19 and B#43 = 213.874
ROUND 2171 A#20 and B#43 = 249.709
ROUND 2172 A#21 and B#43 = 220.235
ROUND 2173 A#22 and B#43 = 247.895
ROUND 2174 A#23 and B#43 = 209.157
ROUND 2175 A#24 and B#43 = 209.615
ROUND 2176 A#25 and B#43 = 243.261
ROUND 2177 A#26 and B#43 = 216.277
ROUND 2178 A#27 and B#43 = 222.576
ROUND 2179 A#28 and B#43 = 63.1738
ROUND 2180 A#29 and B#43 = 201.742
ROUND 2181 A#30 and B#43 = 181.553
ROUND 2182 A#31 and B#43 = 228.665
ROUND 2183 A#32 and B#43 = 270.72
ROUND 2184 A#33 and B#43 = 270.823
ROUND 2185 A#34 and B#43 = 251.316
ROUND 2186 A#35 and B#43 = 297.068
ROUND 2187 A#36 and B#43 = 201.668
ROUND 2188 A#37 and B#43 = 217.928
ROUND 2189 A#38 and B#43 = 207.997
ROUND 2190 A#39 and B#43 = 157.573
ROUND 2191 A#40 and B#43 = 203.156
ROUND 2192 A#41 and B#43 = 247.615
ROUND 2193 A#42 and B#43 = 246.933
ROUND 2194 A#43 and B#43 = 170.63
ROUND 2195 A#44 and B#43 = 227.736
ROUND 2196 A#45 and B#43 = 217.832
ROUND 2197 A#46 and B#43 = 262.697
ROUND 2198 A#47 and B#43 = 247.861
ROUND 2199 A#48 and B#43 = 247.823
ROUND 2200 A#49 and B#43 = 218.813
ROUND 2201 A#0 and B#44 = 228.242
ROUND 2202 A#1 and B#44 = 228.37
ROUND 2203 A#2 and B#44 = 228.767
ROUND 2204 A#3 and B#44 = 219.796
ROUND 2205 A#4 and B#44 = 210.396
ROUND 2206 A#5 and B#44 = 259.187
ROUND 2207 A#6 and B#44 = 227.974
ROUND 2208 A#7 and B#44 = 211.924
ROUND 2209 A#8 and B#44 = 201.672
ROUND 2210 A#9 and B#44 = 199.37
ROUND 2211 A#10 and B#44 = 216.94
ROUND 2212 A#11 and B#44 = 247.821
ROUND 2213 A#12 and B#44 = 228.711
ROUND 2214 A#13 and B#44 = 228.653
ROUND 2215 A#14 and B#44 = 214.933
ROUND 2216 A#15 and B#44 = 189.24
ROUND 2217 A#16 and B#44 = 200.179
ROUND 2218 A#17 and B#44 = 243.082
ROUND 2219 A#18 and B#44 = 233.761
ROUND 2220 A#19 and B#44 = 228.193
ROUND 2221 A#20 and B#44 = 247.037
ROUND 2222 A#21 and B#44 = 228.328
ROUND 2223 A#22 and B#44 = 199.073
ROUND 2224 A#23 and B#44 = 224.402
ROUND 2225 A#24 and B#44 = 224.328
ROUND 2226 A#25 and B#44 = 247.925
ROUND 2227 A#26 and B#44 = 249.156
ROUND 2228 A#27 and B#44 = 219.099
ROUND 2229 A#28 and B#44 = 168.679
ROUND 2230 A#29 and B#44 = 195.656
ROUND 2231 A#30 and B#44 = 186.427
ROUND 2232 A#31 and B#44 = 228.629
ROUND 2233 A#32 and B#44 = 214.489
ROUND 2234 A#33 and B#44 = 217.875
ROUND 2235 A#34 and B#44 = 257.966
ROUND 2236 A#35 and B#44 = 261.833
ROUND 2237 A#36 and B#44 = 195.794
ROUND 2238 A#37 and B#44 = 228.381
ROUND 2239 A#38 and B#44 = 201.258
ROUND 2240 A#39 and B#44 = 228.154
ROUND 2241 A#40 and B#44 = 227.743
ROUND 2242 A#41 and B#44 = 113.482
ROUND 2243 A#42 and B#44 = 279.804
ROUND 2244 A#43 and B#44 = 199.464
ROUND 2245 A#44 and B#44 = 227.962
ROUND 2246 A#45 and B#44 = 228.03
ROUND 2247 A#46 and B#44 = 174.42
ROUND 2248 A#47 and B#44 = 247.419
ROUND 2249 A#48 and B#44 = 247.401
ROUND 2250 A#49 and B#44 = 267.127
ROUND 2251 A#0 and B#45 = 228.179
ROUND 2252 A#1 and B#45 = 228.273
ROUND 2253 A#2 and B#45 = 223.398
ROUND 2254 A#3 and B#45 = 228.278
ROUND 2255 A#4 and B#45 = 227.367
ROUND 2256 A#5 and B#45 = 249.1
ROUND 2257 A#6 and B#45 = 227.334
ROUND 2258 A#7 and B#45 = 212.19
ROUND 2259 A#8 and B#45 = 228.261
ROUND 2260 A#9 and B#45 = 227.032
ROUND 2261 A#10 and B#45 = 129.732
ROUND 2262 A#11 and B#45 = 228.013
ROUND 2263 A#12 and B#45 = 228.641
ROUND 2264 A#13 and B#45 = 228.588
ROUND 2265 A#14 and B#45 = 225.537
ROUND 2266 A#15 and B#45 = 202.692
ROUND 2267 A#16 and B#45 = 224.701
ROUND 2268 A#17 and B#45 = 243.871
ROUND 2269 A#18 and B#45 = 228.698
ROUND 2270 A#19 and B#45 = 211.538
ROUND 2271 A#20 and B#45 = 250.967
ROUND 2272 A#21 and B#45 = 217.113
ROUND 2273 A#22 and B#45 = 199.121
ROUND 2274 A#23 and B#45 = 206.866
ROUND 2275 A#24 and B#45 = 207.159
ROUND 2276 A#25 and B#45 = 228.007
ROUND 2277 A#26 and B#45 = 228.111
ROUND 2278 A#27 and B#45 = 227.81
ROUND 2279 A#28 and B#45 = 174.545
ROUND 2280 A#29 and B#45 = 221.103
ROUND 2281 A#30 and B#45 = 229.261
ROUND 2282 A#31 and B#45 = 228.564
ROUND 2283 A#32 and B#45 = 271.097
ROUND 2284 A#33 and B#45 = 213.477
ROUND 2285 A#34 and B#45 = 249.526
ROUND 2286 A#35 and B#45 = 259.173
ROUND 2287 A#36 and B#45 = 219.35
ROUND 2288 A#37 and B#45 = 228.443
ROUND 2289 A#38 and B#45 = 202.7
ROUND 2290 A#39 and B#45 = 228.082
ROUND 2291 A#40 and B#45 = 228.061
ROUND 2292 A#41 and B#45 = 251.971
ROUND 2293 A#42 and B#45 = 8.47479
ROUND 2294 A#43 and B#45 = 199.223
ROUND 2295 A#44 and B#45 = 227.399
ROUND 2296 A#45 and B#45 = 227.664
ROUND 2297 A#46 and B#45 = 264.369
ROUND 2298 A#47 and B#45 = 234.615
ROUND 2299 A#48 and B#45 = 227.937
ROUND 2300 A#49 and B#45 = 155.88
ROUND 2301 A#0 and B#46 = 211.044
ROUND 2302 A#1 and B#46 = 180.189
ROUND 2303 A#2 and B#46 = 228.406
ROUND 2304 A#3 and B#46 = 228.498
ROUND 2305 A#4 and B#46 = 259.131
ROUND 2306 A#5 and B#46 = 193.142
ROUND 2307 A#6 and B#46 = 247.566
ROUND 2308 A#7 and B#46 = 201.869
ROUND 2309 A#8 and B#46 = 246.062
ROUND 2310 A#9 and B#46 = 246.614
ROUND 2311 A#10 and B#46 = 228.637
ROUND 2312 A#11 and B#46 = 228.146
ROUND 2313 A#12 and B#46 = 228.91
ROUND 2314 A#13 and B#46 = -28.6811
ROUND 2315 A#14 and B#46 = 216.683
ROUND 2316 A#15 and B#46 = 222.88
ROUND 2317 A#16 and B#46 = 199.731
ROUND 2318 A#17 and B#46 = 227.87
ROUND 2319 A#18 and B#46 = 190.991
ROUND 2320 A#19 and B#46 = 228.23
ROUND 2321 A#20 and B#46 = 211.722
ROUND 2322 A#21 and B#46 = 228.33
ROUND 2323 A#22 and B#46 = 199.433
ROUND 2324 A#23 and B#46 = 208.327
ROUND 2325 A#24 and B#46 = 185.757
ROUND 2326 A#25 and B#46 = 228.191
ROUND 2327 A#26 and B#46 = 190.673
ROUND 2328 A#27 and B#46 = 262.014
ROUND 2329 A#28 and B#46 = 249.424
ROUND 2330 A#29 and B#46 = 247.429
ROUND 2331 A#30 and B#46 = 228.842
ROUND 2332 A#31 and B#46 = 228.807
ROUND 2333 A#32 and B#46 = 207.54
ROUND 2334 A#33 and B#46 = 186.233
ROUND 2335 A#34 and B#46 = 263.21
ROUND 2336 A#35 and B#46 = 204.378
ROUND 2337 A#36 and B#46 = 209.17
ROUND 2338 A#37 and B#46 = 228.737
ROUND 2339 A#38 and B#46 = 225.582
ROUND 2340 A#39 and B#46 = 228.287
ROUND 2341 A#40 and B#46 = 177.754
ROUND 2342 A#41 and B#46 = 247.767
ROUND 2343 A#42 and B#46 = 262.067
ROUND 2344 A#43 and B#46 = 194.778
ROUND 2345 A#44 and B#46 = 214.696
ROUND 2346 A#45 and B#46 = 137.293
ROUND 2347 A#46 and B#46 = 199.506
ROUND 2348 A#47 and B#46 = 228.248
ROUND 2349 A#48 and B#46 = 228.123
ROUND 2350 A#49 and B#46 = 193.118
ROUND 2351 A#0 and B#47 = 232.216
ROUND 2352 A#1 and B#47 = 191.917
ROUND 2353 A#2 and B#47 = 201.177
ROUND 2354 A#3 and B#47 = 234.996
ROUND 2355 A#4 and B#47 = 227.572
ROUND 2356 A#5 and B#47 = 267.548
ROUND 2357 A#6 and B#47 = 228.104
ROUND 2358 A#7 and B#47 = 196.674
ROUND 2359 A#8 and B#47 = 207.502
ROUND 2360 A#9 and B#47 = 206.718
ROUND 2361 A#10 and B#47 = 228.612
ROUND 2362 A#11 and B#47 = 247.988
ROUND 2363 A#12 and B#47 = 228.799
ROUND 2364 A#13 and B#47 = 228.777
ROUND 2365 A#14 and B#47 = 218.927
ROUND 2366 A#15 and B#47 = 192.281
ROUND 2367 A#16 and B#47 = 202.817
ROUND 2368 A#17 and B#47 = 243.351
ROUND 2369 A#18 and B#47 = 227.928
ROUND 2370 A#19 and B#47 = 228.373
ROUND 2371 A#20 and B#47 = 210.817
ROUND 2372 A#21 and B#47 = 228.505
ROUND 2373 A#22 and B#47 = 202.222
ROUND 2374 A#23 and B#47 = 225.759
ROUND 2375 A#24 and B#47 = 225.726
ROUND 2376 A#25 and B#47 = 234.563
ROUND 2377 A#26 and B#47 = 227.946
ROUND 2378 A#27 and B#47 = 228.414
ROUND 2379 A#28 and B#47 = 171.091
ROUND 2380 A#29 and B#47 = 196.342
ROUND 2381 A#30 and B#47 = 199.188
ROUND 2382 A#31 and B#47 = 228.76
ROUND 2383 A#32 and B#47 = 249.151
ROUND 2384 A#33 and B#47 = 218.009
ROUND 2385 A#34 and B#47 = 267.621
ROUND 2386 A#35 and B#47 = 262.232
ROUND 2387 A#36 and B#47 = 196.127
ROUND 2388 A#37 and B#47 = 228.559
ROUND 2389 A#38 and B#47 = 202.243
ROUND 2390 A#39 and B#47 = 228.282
ROUND 2391 A#40 and B#47 = 227.843
ROUND 2392 A#41 and B#47 = 101.606
ROUND 2393 A#42 and B#47 = 263.053
ROUND 2394 A#43 and B#47 = 194.276
ROUND 2395 A#44 and B#47 = 228.062
ROUND 2396 A#45 and B#47 = 228.204
ROUND 2397 A#46 and B#47 = 266.46
ROUND 2398 A#47 and B#47 = 247.692
ROUND 2399 A#48 and B#47 = 247.655
ROUND 2400 A#49 and B#47 = 228.246
ROUND 2401 A#0 and B#48 = 228.288
ROUND 2402 A#1 and B#48 = 231.59
ROUND 2403 A#2 and B#48 = 228.793
ROUND 2404 A#3 and B#48 = 220.596
ROUND 2405 A#4 and B#48 = 210.566
ROUND 2406 A#5 and B#48 = 269.356
ROUND 2407 A#6 and B#48 = 227.975
ROUND 2408 A#7 and B#48 = 211.237
ROUND 2409 A#8 and B#48 = 199.085
ROUND 2410 A#9 and B#48 = 196.869
ROUND 2411 A#10 and B#48 = 217.897
ROUND 2412 A#11 and B#48 = 247.851
ROUND 2413 A#12 and B#48 = 228.681
ROUND 2414 A#13 and B#48 = 228.667
ROUND 2415 A#14 and B#48 = 215.283
ROUND 2416 A#15 and B#48 = 189.584
ROUND 2417 A#16 and B#48 = 200.178
ROUND 2418 A#17 and B#48 = 243.16
ROUND 2419 A#18 and B#48 = 233.621
ROUND 2420 A#19 and B#48 = 228.23
ROUND 2421 A#20 and B#48 = 252.007
ROUND 2422 A#21 and B#48 = 228.377
ROUND 2423 A#22 and B#48 = 199.07
ROUND 2424 A#23 and B#48 = 225.594
ROUND 2425 A#24 and B#48 = 225.543
ROUND 2426 A#25 and B#48 = 247.984
ROUND 2427 A#26 and B#48 = 232.394
ROUND 2428 A#27 and B#48 = 218.786
ROUND 2429 A#28 and B#48 = 169.538
ROUND 2430 A#29 and B#48 = 195.779
ROUND 2431 A#30 and B#48 = 186.423
ROUND 2432 A#31 and B#48 = 228.643
ROUND 2433 A#32 and B#48 = 215.135
ROUND 2434 A#33 and B#48 = 217.794
ROUND 2435 A#34 and B#48 = 269.135
ROUND 2436 A#35 and B#48 = 262.084
ROUND 2437 A#36 and B#48 = 195.885
ROUND 2438 A#37 and B#48 = 228.041
ROUND 2439 A#38 and B#48 = 201.006
ROUND 2440 A#39 and B#48 = 228.168
ROUND 2441 A#40 and B#48 = 227.807
ROUND 2442 A#41 and B#48 = 115.248
ROUND 2443 A#42 and B#48 = 262.96
ROUND 2444 A#43 and B#48 = 199.509
ROUND 2445 A#44 and B#48 = 227.937
ROUND 2446 A#45 and B#48 = 228.048
ROUND 2447 A#46 and B#48 = 173.968
ROUND 2448 A#47 and B#48 = 247.548
ROUND 2449 A#48 and B#48 = 247.547
ROUND 2450 A#49 and B#48 = 268.662
ROUND 2451 A#0 and B#49 = 54.3554
ROUND 2452 A#1 and B#49 = 52.1569
ROUND 2453 A#2 and B#49 = 33.3291
ROUND 2454 A#3 and B#49 = 205.466
ROUND 2455 A#4 and B#49 = 53.6834
ROUND 2456 A#5 and B#49 = 250.871
ROUND 2457 A#6 and B#49 = 258.021
ROUND 2458 A#7 and B#49 = 197.858
ROUND 2459 A#8 and B#49 = 277.197
ROUND 2460 A#9 and B#49 = 280.291
ROUND 2461 A#10 and B#49 = 227.92
ROUND 2462 A#11 and B#49 = 218.433
ROUND 2463 A#12 and B#49 = 210.836
ROUND 2464 A#13 and B#49 = 39.7872
ROUND 2465 A#14 and B#49 = 60.9191
ROUND 2466 A#15 and B#49 = 44.0036
ROUND 2467 A#16 and B#49 = 51.0648
ROUND 2468 A#17 and B#49 = 213.435
ROUND 2469 A#18 and B#49 = 230.594
ROUND 2470 A#19 and B#49 = 226.513
ROUND 2471 A#20 and B#49 = 25.3327
ROUND 2472 A#21 and B#49 = 226.934
ROUND 2473 A#22 and B#49 = 52.9782
ROUND 2474 A#23 and B#49 = 98.904
ROUND 2475 A#24 and B#49 = 217.163
ROUND 2476 A#25 and B#49 = 55.2879
ROUND 2477 A#26 and B#49 = 252.841
ROUND 2478 A#27 and B#49 = 201.539
ROUND 2479 A#28 and B#49 = 188.985
ROUND 2480 A#29 and B#49 = 207.711
ROUND 2481 A#30 and B#49 = 225.086
ROUND 2482 A#31 and B#49 = 202.193
ROUND 2483 A#32 and B#49 = 229.17
ROUND 2484 A#33 and B#49 = 221.459
ROUND 2485 A#34 and B#49 = 244.836
ROUND 2486 A#35 and B#49 = 246.444
ROUND 2487 A#36 and B#49 = 213.827
ROUND 2488 A#37 and B#49 = 247.366
ROUND 2489 A#38 and B#49 = 215.102
ROUND 2490 A#39 and B#49 = 227.16
ROUND 2491 A#40 and B#49 = 99.8553
ROUND 2492 A#41 and B#49 = 173.508
ROUND 2493 A#42 and B#49 = 35.3538
ROUND 2494 A#43 and B#49 = 184.739
ROUND 2495 A#44 and B#49 = 221.665
ROUND 2496 A#45 and B#49 = 222.457
ROUND 2497 A#46 and B#49 = 213.64
ROUND 2498 A#47 and B#49 = 189.444
ROUND 2499 A#48 and B#49 = 245.908
ROUND 2500 A#49 and B#49 = 260.816

The best overlap is between conformer A#35 and B#43, which, after PCA followed by Steepest Descent, produces a volume overlap of 297.068
Tanimoto (Hodgkin) similarity index: 0.354993

Saving those best conformers to file...
WRITING MOLECULE TO FILE '../ALL_PAIRS_BQ123_AS_REFERENCE/ROKS3/BQ123-Avosentan.mol2' (WILL OVERWRITE EXISTING FILE IF ANY)...
WRITING MOLECULE TO FILE '../ALL_PAIRS_BQ123_AS_REFERENCE/ROKS3/BQ123-Avosentan.mol2'...
