Finished importing molecules
WARNING: LAPACK DSYEV() RETURNED NON-ZERO ERROR CODE 3
WARNING: LAPACK DSYEV() RETURNED NON-ZERO ERROR CODE 3
WARNING: LAPACK DSYEV() RETURNED NON-ZERO ERROR CODE 3
WARNING: LAPACK DSYEV() RETURNED NON-ZERO ERROR CODE 3
WARNING: LAPACK DSYEV() RETURNED NON-ZERO ERROR CODE 3
WARNING: LAPACK DSYEV() RETURNED NON-ZERO ERROR CODE 3
WARNING: LAPACK DSYEV() RETURNED NON-ZERO ERROR CODE 3
WARNING: LAPACK DSYEV() RETURNED NON-ZERO ERROR CODE 3
WARNING: LAPACK DSYEV() RETURNED NON-ZERO ERROR CODE 3
WARNING: LAPACK DSYEV() RETURNED NON-ZERO ERROR CODE 3
WARNING: LAPACK DSYEV() RETURNED NON-ZERO ERROR CODE 3
WARNING: LAPACK DSYEV() RETURNED NON-ZERO ERROR CODE 3
WARNING: LAPACK DSYEV() RETURNED NON-ZERO ERROR CODE 3
WARNING: LAPACK DSYEV() RETURNED NON-ZERO ERROR CODE 3
WARNING: LAPACK DSYEV() RETURNED NON-ZERO ERROR CODE 3
WARNING: LAPACK DSYEV() RETURNED NON-ZERO ERROR CODE 3
WARNING: LAPACK DSYEV() RETURNED NON-ZERO ERROR CODE 3
WARNING: LAPACK DSYEV() RETURNED NON-ZERO ERROR CODE 3
WARNING: LAPACK DSYEV() RETURNED NON-ZERO ERROR CODE 3
WARNING: LAPACK DSYEV() RETURNED NON-ZERO ERROR CODE 3
WARNING: LAPACK DSYEV() RETURNED NON-ZERO ERROR CODE 3
WARNING: LAPACK DSYEV() RETURNED NON-ZERO ERROR CODE 3
WARNING: LAPACK DSYEV() RETURNED NON-ZERO ERROR CODE 3
WARNING: LAPACK DSYEV() RETURNED NON-ZERO ERROR CODE 3
WARNING: LAPACK DSYEV() RETURNED NON-ZERO ERROR CODE 3
WARNING: LAPACK DSYEV() RETURNED NON-ZERO ERROR CODE 3
WARNING: LAPACK DSYEV() RETURNED NON-ZERO ERROR CODE 3
WARNING: LAPACK DSYEV() RETURNED NON-ZERO ERROR CODE 3
WARNING: LAPACK DSYEV() RETURNED NON-ZERO ERROR CODE 3
WARNING: LAPACK DSYEV() RETURNED NON-ZERO ERROR CODE 3
WARNING: LAPACK DSYEV() RETURNED NON-ZERO ERROR CODE 3
WARNING: LAPACK DSYEV() RETURNED NON-ZERO ERROR CODE 3
WARNING: LAPACK DSYEV() RETURNED NON-ZERO ERROR CODE 3
WARNING: LAPACK DSYEV() RETURNED NON-ZERO ERROR CODE 3
WARNING: LAPACK DSYEV() RETURNED NON-ZERO ERROR CODE 3
WARNING: LAPACK DSYEV() RETURNED NON-ZERO ERROR CODE 3
WARNING: LAPACK DSYEV() RETURNED NON-ZERO ERROR CODE 3
WARNING: LAPACK DSYEV() RETURNED NON-ZERO ERROR CODE 3
WARNING: LAPACK DSYEV() RETURNED NON-ZERO ERROR CODE 3
WARNING: LAPACK DSYEV() RETURNED NON-ZERO ERROR CODE 3
WARNING: LAPACK DSYEV() RETURNED NON-ZERO ERROR CODE 3
WARNING: LAPACK DSYEV() RETURNED NON-ZERO ERROR CODE 3
WARNING: LAPACK DSYEV() RETURNED NON-ZERO ERROR CODE 3
WARNING: LAPACK DSYEV() RETURNED NON-ZERO ERROR CODE 3
WARNING: LAPACK DSYEV() RETURNED NON-ZERO ERROR CODE 3
WARNING: LAPACK DSYEV() RETURNED NON-ZERO ERROR CODE 3
WARNING: LAPACK DSYEV() RETURNED NON-ZERO ERROR CODE 3
WARNING: LAPACK DSYEV() RETURNED NON-ZERO ERROR CODE 3
WARNING: LAPACK DSYEV() RETURNED NON-ZERO ERROR CODE 3
WARNING: LAPACK DSYEV() RETURNED NON-ZERO ERROR CODE 3
WARNING: LAPACK DSYEV() RETURNED NON-ZERO ERROR CODE 2
WARNING: LAPACK DSYEV() RETURNED NON-ZERO ERROR CODE 3
WARNING: LAPACK DSYEV() RETURNED NON-ZERO ERROR CODE 3
WARNING: LAPACK DSYEV() RETURNED NON-ZERO ERROR CODE 2
WARNING: LAPACK DSYEV() RETURNED NON-ZERO ERROR CODE 3
WARNING: LAPACK DSYEV() RETURNED NON-ZERO ERROR CODE 2
WARNING: LAPACK DSYEV() RETURNED NON-ZERO ERROR CODE 2
WARNING: LAPACK DSYEV() RETURNED NON-ZERO ERROR CODE 3
WARNING: LAPACK DSYEV() RETURNED NON-ZERO ERROR CODE 3
WARNING: LAPACK DSYEV() RETURNED NON-ZERO ERROR CODE 3
WARNING: LAPACK DSYEV() RETURNED NON-ZERO ERROR CODE 2
WARNING: LAPACK DSYEV() RETURNED NON-ZERO ERROR CODE 3
WARNING: LAPACK DSYEV() RETURNED NON-ZERO ERROR CODE 2
WARNING: LAPACK DSYEV() RETURNED NON-ZERO ERROR CODE 3
WARNING: LAPACK DSYEV() RETURNED NON-ZERO ERROR CODE 2
WARNING: LAPACK DSYEV() RETURNED NON-ZERO ERROR CODE 2
WARNING: LAPACK DSYEV() RETURNED NON-ZERO ERROR CODE 3
WARNING: LAPACK DSYEV() RETURNED NON-ZERO ERROR CODE 2
WARNING: LAPACK DSYEV() RETURNED NON-ZERO ERROR CODE 2
WARNING: LAPACK DSYEV() RETURNED NON-ZERO ERROR CODE 3
WARNING: LAPACK DSYEV() RETURNED NON-ZERO ERROR CODE 2
WARNING: LAPACK DSYEV() RETURNED NON-ZERO ERROR CODE 3
WARNING: LAPACK DSYEV() RETURNED NON-ZERO ERROR CODE 3
WARNING: LAPACK DSYEV() RETURNED NON-ZERO ERROR CODE 3
WARNING: LAPACK DSYEV() RETURNED NON-ZERO ERROR CODE 3
WARNING: LAPACK DSYEV() RETURNED NON-ZERO ERROR CODE 3
WARNING: LAPACK DSYEV() RETURNED NON-ZERO ERROR CODE 2
WARNING: LAPACK DSYEV() RETURNED NON-ZERO ERROR CODE 3
WARNING: LAPACK DSYEV() RETURNED NON-ZERO ERROR CODE 3
WARNING: LAPACK DSYEV() RETURNED NON-ZERO ERROR CODE 3
WARNING: LAPACK DSYEV() RETURNED NON-ZERO ERROR CODE 2
WARNING: LAPACK DSYEV() RETURNED NON-ZERO ERROR CODE 3
WARNING: LAPACK DSYEV() RETURNED NON-ZERO ERROR CODE 2
WARNING: LAPACK DSYEV() RETURNED NON-ZERO ERROR CODE 3
WARNING: LAPACK DSYEV() RETURNED NON-ZERO ERROR CODE 2
WARNING: LAPACK DSYEV() RETURNED NON-ZERO ERROR CODE 3
WARNING: LAPACK DSYEV() RETURNED NON-ZERO ERROR CODE 3
WARNING: LAPACK DSYEV() RETURNED NON-ZERO ERROR CODE 2
WARNING: LAPACK DSYEV() RETURNED NON-ZERO ERROR CODE 2
WARNING: LAPACK DSYEV() RETURNED NON-ZERO ERROR CODE 3
WARNING: LAPACK DSYEV() RETURNED NON-ZERO ERROR CODE 3
WARNING: LAPACK DSYEV() RETURNED NON-ZERO ERROR CODE 3
WARNING: LAPACK DSYEV() RETURNED NON-ZERO ERROR CODE 3
WARNING: LAPACK DSYEV() RETURNED NON-ZERO ERROR CODE 3
WARNING: LAPACK DSYEV() RETURNED NON-ZERO ERROR CODE 2
WARNING: LAPACK DSYEV() RETURNED NON-ZERO ERROR CODE 2
WARNING: LAPACK DSYEV() RETURNED NON-ZERO ERROR CODE 2
WARNING: LAPACK DSYEV() RETURNED NON-ZERO ERROR CODE 2
WARNING: LAPACK DSYEV() RETURNED NON-ZERO ERROR CODE 2
WARNING: LAPACK DSYEV() RETURNED NON-ZERO ERROR CODE 3
Finished setting up data; running search...
ROUND 1 A#0 and B#0 = 237.347
ROUND 2 A#1 and B#0 = 208.543
ROUND 3 A#2 and B#0 = 233.28
ROUND 4 A#3 and B#0 = 25.8193
ROUND 5 A#4 and B#0 = 232.636
ROUND 6 A#5 and B#0 = 178.608
ROUND 7 A#6 and B#0 = 105.283
ROUND 8 A#7 and B#0 = 236.122
ROUND 9 A#8 and B#0 = 235.951
ROUND 10 A#9 and B#0 = 237.174
ROUND 11 A#10 and B#0 = 280.051
ROUND 12 A#11 and B#0 = 233.764
ROUND 13 A#12 and B#0 = 300.931
ROUND 14 A#13 and B#0 = 237.002
ROUND 15 A#14 and B#0 = 225.632
ROUND 16 A#15 and B#0 = 224.903
ROUND 17 A#16 and B#0 = 231.365
ROUND 18 A#17 and B#0 = 233.642
ROUND 19 A#18 and B#0 = 262.89
ROUND 20 A#19 and B#0 = 237.405
ROUND 21 A#20 and B#0 = 224.755
ROUND 22 A#21 and B#0 = 237.47
ROUND 23 A#22 and B#0 = 245.61
ROUND 24 A#23 and B#0 = 224.926
ROUND 25 A#24 and B#0 = 235.802
ROUND 26 A#25 and B#0 = 235.834
ROUND 27 A#26 and B#0 = 235.838
ROUND 28 A#27 and B#0 = 293.906
ROUND 29 A#28 and B#0 = 31.6346
ROUND 30 A#29 and B#0 = 276.943
ROUND 31 A#30 and B#0 = 276.955
ROUND 32 A#31 and B#0 = 167.508
ROUND 33 A#32 and B#0 = 29.9819
ROUND 34 A#33 and B#0 = 237.567
ROUND 35 A#34 and B#0 = 262.877
ROUND 36 A#35 and B#0 = 237.361
ROUND 37 A#36 and B#0 = 237.403
ROUND 38 A#37 and B#0 = 235.745
ROUND 39 A#38 and B#0 = 178.163
ROUND 40 A#39 and B#0 = 178.091
ROUND 41 A#40 and B#0 = 26.9703
ROUND 42 A#41 and B#0 = 35.8307
ROUND 43 A#42 and B#0 = 271.368
ROUND 44 A#43 and B#0 = 270.548
ROUND 45 A#44 and B#0 = 237.483
ROUND 46 A#45 and B#0 = 218.867
ROUND 47 A#46 and B#0 = 296.759
ROUND 48 A#47 and B#0 = 220.73
ROUND 49 A#48 and B#0 = 227.269
ROUND 50 A#49 and B#0 = 237.331
ROUND 51 A#0 and B#1 = 70.6637
ROUND 52 A#1 and B#1 = 293.039
ROUND 53 A#2 and B#1 = 79.4257
ROUND 54 A#3 and B#1 = 329.939
ROUND 55 A#4 and B#1 = 129.119
ROUND 56 A#5 and B#1 = 293.482
ROUND 57 A#6 and B#1 = 321.21
ROUND 58 A#7 and B#1 = 244.217
ROUND 59 A#8 and B#1 = 218.366
ROUND 60 A#9 and B#1 = 277.443
ROUND 61 A#10 and B#1 = 293.899
ROUND 62 A#11 and B#1 = 65.3258
ROUND 63 A#12 and B#1 = 200.202
ROUND 64 A#13 and B#1 = 277.295
ROUND 65 A#14 and B#1 = 227.991
ROUND 66 A#15 and B#1 = 21.8952
ROUND 67 A#16 and B#1 = 219.61
ROUND 68 A#17 and B#1 = 215.857
ROUND 69 A#18 and B#1 = 280.979
ROUND 70 A#19 and B#1 = 281.169
ROUND 71 A#20 and B#1 = 186.091
ROUND 72 A#21 and B#1 = 281.225
ROUND 73 A#22 and B#1 = 345.057
ROUND 74 A#23 and B#1 = 186.618
ROUND 75 A#24 and B#1 = 253.19
ROUND 76 A#25 and B#1 = 301.496
ROUND 77 A#26 and B#1 = 299.153
ROUND 78 A#27 and B#1 = 230.585
ROUND 79 A#28 and B#1 = 302.889
ROUND 80 A#29 and B#1 = 88.5903
ROUND 81 A#30 and B#1 = 90.6273
ROUND 82 A#31 and B#1 = 127.463
ROUND 83 A#32 and B#1 = 303.062
ROUND 84 A#33 and B#1 = 231.31
ROUND 85 A#34 and B#1 = 280.972
ROUND 86 A#35 and B#1 = 281.137
ROUND 87 A#36 and B#1 = 281.177
ROUND 88 A#37 and B#1 = 254.446
ROUND 89 A#38 and B#1 = 294.303
ROUND 90 A#39 and B#1 = 294.552
ROUND 91 A#40 and B#1 = 302.411
ROUND 92 A#41 and B#1 = 301.344
ROUND 93 A#42 and B#1 = 295.689
ROUND 94 A#43 and B#1 = 137.764
ROUND 95 A#44 and B#1 = 259.758
ROUND 96 A#45 and B#1 = 297.806
ROUND 97 A#46 and B#1 = 225.577
ROUND 98 A#47 and B#1 = 301.275
ROUND 99 A#48 and B#1 = 221.736
ROUND 100 A#49 and B#1 = 281.172
ROUND 101 A#0 and B#2 = 232.179
ROUND 102 A#1 and B#2 = 293.444
ROUND 103 A#2 and B#2 = 105.24
ROUND 104 A#3 and B#2 = 158.383
ROUND 105 A#4 and B#2 = 133.07
ROUND 106 A#5 and B#2 = 294.303
ROUND 107 A#6 and B#2 = 325.249
ROUND 108 A#7 and B#2 = 243.99
ROUND 109 A#8 and B#2 = 218.385
ROUND 110 A#9 and B#2 = 191.923
ROUND 111 A#10 and B#2 = 294.81
ROUND 112 A#11 and B#2 = 281.367
ROUND 113 A#12 and B#2 = 200.067
ROUND 114 A#13 and B#2 = 277.146
ROUND 115 A#14 and B#2 = 228.42
ROUND 116 A#15 and B#2 = 236.294
ROUND 117 A#16 and B#2 = 220.13
ROUND 118 A#17 and B#2 = 295.655
ROUND 119 A#18 and B#2 = 280.812
ROUND 120 A#19 and B#2 = 281.003
ROUND 121 A#20 and B#2 = 14.4695
ROUND 122 A#21 and B#2 = 281.062
ROUND 123 A#22 and B#2 = 350.23
ROUND 124 A#23 and B#2 = 186.725
ROUND 125 A#24 and B#2 = 253.131
ROUND 126 A#25 and B#2 = 128.317
ROUND 127 A#26 and B#2 = 129.014
ROUND 128 A#27 and B#2 = 236.495
ROUND 129 A#28 and B#2 = 303.267
ROUND 130 A#29 and B#2 = 128.592
ROUND 131 A#30 and B#2 = 129.206
ROUND 132 A#31 and B#2 = 127.956
ROUND 133 A#32 and B#2 = 303.463
ROUND 134 A#33 and B#2 = 185.391
ROUND 135 A#34 and B#2 = 280.798
ROUND 136 A#35 and B#2 = 280.975
ROUND 137 A#36 and B#2 = 281.021
ROUND 138 A#37 and B#2 = 253.826
ROUND 139 A#38 and B#2 = 295.134
ROUND 140 A#39 and B#2 = 295.321
ROUND 141 A#40 and B#2 = 302.915
ROUND 142 A#41 and B#2 = 301.755
ROUND 143 A#42 and B#2 = 296.481
ROUND 144 A#43 and B#2 = 137.868
ROUND 145 A#44 and B#2 = 259.76
ROUND 146 A#45 and B#2 = 298.834
ROUND 147 A#46 and B#2 = 226.515
ROUND 148 A#47 and B#2 = 302.147
ROUND 149 A#48 and B#2 = 207.242
ROUND 150 A#49 and B#2 = 281.008
ROUND 151 A#0 and B#3 = 232.563
ROUND 152 A#1 and B#3 = 250.741
ROUND 153 A#2 and B#3 = 269.816
ROUND 154 A#3 and B#3 = 118.341
ROUND 155 A#4 and B#3 = 267.713
ROUND 156 A#5 and B#3 = 268.378
ROUND 157 A#6 and B#3 = 141.831
ROUND 158 A#7 and B#3 = 266.651
ROUND 159 A#8 and B#3 = 266.602
ROUND 160 A#9 and B#3 = 147.2
ROUND 161 A#10 and B#3 = 268.371
ROUND 162 A#11 and B#3 = 268.362
ROUND 163 A#12 and B#3 = 138.799
ROUND 164 A#13 and B#3 = 163.411
ROUND 165 A#14 and B#3 = 230.335
ROUND 166 A#15 and B#3 = 261.729
ROUND 167 A#16 and B#3 = 267.225
ROUND 168 A#17 and B#3 = 268.411
ROUND 169 A#18 and B#3 = 163.082
ROUND 170 A#19 and B#3 = 166.165
ROUND 171 A#20 and B#3 = 260.915
ROUND 172 A#21 and B#3 = 162.821
ROUND 173 A#22 and B#3 = 256.889
ROUND 174 A#23 and B#3 = 251.748
ROUND 175 A#24 and B#3 = 266.899
ROUND 176 A#25 and B#3 = 261.058
ROUND 177 A#26 and B#3 = 266.414
ROUND 178 A#27 and B#3 = 163.386
ROUND 179 A#28 and B#3 = 294.05
ROUND 180 A#29 and B#3 = 261.457
ROUND 181 A#30 and B#3 = 266.662
ROUND 182 A#31 and B#3 = 139.291
ROUND 183 A#32 and B#3 = 294.228
ROUND 184 A#33 and B#3 = 232.627
ROUND 185 A#34 and B#3 = 163.056
ROUND 186 A#35 and B#3 = 169.127
ROUND 187 A#36 and B#3 = 134.79
ROUND 188 A#37 and B#3 = 264.588
ROUND 189 A#38 and B#3 = 261.732
ROUND 190 A#39 and B#3 = 262.141
ROUND 191 A#40 and B#3 = 294.738
ROUND 192 A#41 and B#3 = 292.934
ROUND 193 A#42 and B#3 = 267.168
ROUND 194 A#43 and B#3 = 236.746
ROUND 195 A#44 and B#3 = 163.6
ROUND 196 A#45 and B#3 = 131.028
ROUND 197 A#46 and B#3 = 290.934
ROUND 198 A#47 and B#3 = 291.389
ROUND 199 A#48 and B#3 = 278.785
ROUND 200 A#49 and B#3 = 134.841
ROUND 201 A#0 and B#4 = 54.8636
ROUND 202 A#1 and B#4 = 318.352
ROUND 203 A#2 and B#4 = 70.1931
ROUND 204 A#3 and B#4 = 285.023
ROUND 205 A#4 and B#4 = 318.541
ROUND 206 A#5 and B#4 = 69.8752
ROUND 207 A#6 and B#4 = 286.764
ROUND 208 A#7 and B#4 = 236.358
ROUND 209 A#8 and B#4 = 231.371
ROUND 210 A#9 and B#4 = 277.685
ROUND 211 A#10 and B#4 = 76.8493
ROUND 212 A#11 and B#4 = 318.614
ROUND 213 A#12 and B#4 = 275.791
ROUND 214 A#13 and B#4 = 277.388
ROUND 215 A#14 and B#4 = 318.271
ROUND 216 A#15 and B#4 = 61.5368
ROUND 217 A#16 and B#4 = 309.259
ROUND 218 A#17 and B#4 = 309.08
ROUND 219 A#18 and B#4 = 281.034
ROUND 220 A#19 and B#4 = 281.132
ROUND 221 A#20 and B#4 = 57.2234
ROUND 222 A#21 and B#4 = 281.185
ROUND 223 A#22 and B#4 = 296.494
ROUND 224 A#23 and B#4 = 51.235
ROUND 225 A#24 and B#4 = 280.993
ROUND 226 A#25 and B#4 = 72.8642
ROUND 227 A#26 and B#4 = 230.487
ROUND 228 A#27 and B#4 = 275.889
ROUND 229 A#28 and B#4 = 229.93
ROUND 230 A#29 and B#4 = 237.771
ROUND 231 A#30 and B#4 = 64.1637
ROUND 232 A#31 and B#4 = 281.349
ROUND 233 A#32 and B#4 = 229.748
ROUND 234 A#33 and B#4 = 60.2797
ROUND 235 A#34 and B#4 = 281.03
ROUND 236 A#35 and B#4 = 281.034
ROUND 237 A#36 and B#4 = 281.127
ROUND 238 A#37 and B#4 = 237.008
ROUND 239 A#38 and B#4 = 71.5894
ROUND 240 A#39 and B#4 = 71.5012
ROUND 241 A#40 and B#4 = 230.489
ROUND 242 A#41 and B#4 = 230.422
ROUND 243 A#42 and B#4 = 84.7282
ROUND 244 A#43 and B#4 = 50.54
ROUND 245 A#44 and B#4 = 281.118
ROUND 246 A#45 and B#4 = 168.076
ROUND 247 A#46 and B#4 = 318.209
ROUND 248 A#47 and B#4 = 230.386
ROUND 249 A#48 and B#4 = 16.2378
ROUND 250 A#49 and B#4 = 281.114
ROUND 251 A#0 and B#5 = 233.22
ROUND 252 A#1 and B#5 = 156.077
ROUND 253 A#2 and B#5 = 153.933
ROUND 254 A#3 and B#5 = 118.249
ROUND 255 A#4 and B#5 = 220.743
ROUND 256 A#5 and B#5 = 133.08
ROUND 257 A#6 and B#5 = 147.306
ROUND 258 A#7 and B#5 = 220.432
ROUND 259 A#8 and B#5 = 193.425
ROUND 260 A#9 and B#5 = 234.792
ROUND 261 A#10 and B#5 = 151.895
ROUND 262 A#11 and B#5 = 147.178
ROUND 263 A#12 and B#5 = 256.281
ROUND 264 A#13 and B#5 = 247.281
ROUND 265 A#14 and B#5 = 236.516
ROUND 266 A#15 and B#5 = 188.631
ROUND 267 A#16 and B#5 = 222.051
ROUND 268 A#17 and B#5 = 204.156
ROUND 269 A#18 and B#5 = 240.724
ROUND 270 A#19 and B#5 = 233.835
ROUND 271 A#20 and B#5 = 185.31
ROUND 272 A#21 and B#5 = 233.89
ROUND 273 A#22 and B#5 = 287.584
ROUND 274 A#23 and B#5 = 206.852
ROUND 275 A#24 and B#5 = 191.742
ROUND 276 A#25 and B#5 = 177.395
ROUND 277 A#26 and B#5 = 188.739
ROUND 278 A#27 and B#5 = 242.836
ROUND 279 A#28 and B#5 = 149.072
ROUND 280 A#29 and B#5 = 170.295
ROUND 281 A#30 and B#5 = 181.944
ROUND 282 A#31 and B#5 = 134.771
ROUND 283 A#32 and B#5 = 151.658
ROUND 284 A#33 and B#5 = 186.041
ROUND 285 A#34 and B#5 = 241.443
ROUND 286 A#35 and B#5 = 233.793
ROUND 287 A#36 and B#5 = 233.8
ROUND 288 A#37 and B#5 = 220.4
ROUND 289 A#38 and B#5 = 144.527
ROUND 290 A#39 and B#5 = 142.326
ROUND 291 A#40 and B#5 = 158.115
ROUND 292 A#41 and B#5 = 221.376
ROUND 293 A#42 and B#5 = 161.1
ROUND 294 A#43 and B#5 = 300.19
ROUND 295 A#44 and B#5 = 233.935
ROUND 296 A#45 and B#5 = 157.453
ROUND 297 A#46 and B#5 = 290.94
ROUND 298 A#47 and B#5 = 157.206
ROUND 299 A#48 and B#5 = 227.973
ROUND 300 A#49 and B#5 = 233.835
ROUND 301 A#0 and B#6 = 237.578
ROUND 302 A#1 and B#6 = 236.861
ROUND 303 A#2 and B#6 = 228.954
ROUND 304 A#3 and B#6 = 127.424
ROUND 305 A#4 and B#6 = 237.246
ROUND 306 A#5 and B#6 = 237.629
ROUND 307 A#6 and B#6 = -128.034
ROUND 308 A#7 and B#6 = 167.651
ROUND 309 A#8 and B#6 = 153.922
ROUND 310 A#9 and B#6 = 224.67
ROUND 311 A#10 and B#6 = 236.93
ROUND 312 A#11 and B#6 = 237.172
ROUND 313 A#12 and B#6 = 222.093
ROUND 314 A#13 and B#6 = 228.867
ROUND 315 A#14 and B#6 = 237.266
ROUND 316 A#15 and B#6 = 236.597
ROUND 317 A#16 and B#6 = 237.053
ROUND 318 A#17 and B#6 = 236.966
ROUND 319 A#18 and B#6 = 230.633
ROUND 320 A#19 and B#6 = 231.287
ROUND 321 A#20 and B#6 = 236.659
ROUND 322 A#21 and B#6 = 231.417
ROUND 323 A#22 and B#6 = 127.547
ROUND 324 A#23 and B#6 = 236.55
ROUND 325 A#24 and B#6 = 158.766
ROUND 326 A#25 and B#6 = 237.449
ROUND 327 A#26 and B#6 = 156.956
ROUND 328 A#27 and B#6 = 225.535
ROUND 329 A#28 and B#6 = 237.184
ROUND 330 A#29 and B#6 = 209.678
ROUND 331 A#30 and B#6 = 164.854
ROUND 332 A#31 and B#6 = 231.678
ROUND 333 A#32 and B#6 = 191.989
ROUND 334 A#33 and B#6 = 259.898
ROUND 335 A#34 and B#6 = 230.501
ROUND 336 A#35 and B#6 = 231.313
ROUND 337 A#36 and B#6 = 231.266
ROUND 338 A#37 and B#6 = 151.603
ROUND 339 A#38 and B#6 = 237.449
ROUND 340 A#39 and B#6 = 237.48
ROUND 341 A#40 and B#6 = 190.614
ROUND 342 A#41 and B#6 = 236.913
ROUND 343 A#42 and B#6 = 227.598
ROUND 344 A#43 and B#6 = 127.569
ROUND 345 A#44 and B#6 = 231.657
ROUND 346 A#45 and B#6 = 236.957
ROUND 347 A#46 and B#6 = 129.325
ROUND 348 A#47 and B#6 = 236.891
ROUND 349 A#48 and B#6 = 229.904
ROUND 350 A#49 and B#6 = 231.297
ROUND 351 A#0 and B#7 = 69.0032
ROUND 352 A#1 and B#7 = 292.543
ROUND 353 A#2 and B#7 = 78.5905
ROUND 354 A#3 and B#7 = 333.456
ROUND 355 A#4 and B#7 = 217.678
ROUND 356 A#5 and B#7 = 293.484
ROUND 357 A#6 and B#7 = 323.551
ROUND 358 A#7 and B#7 = 243.887
ROUND 359 A#8 and B#7 = 299.588
ROUND 360 A#9 and B#7 = 277.508
ROUND 361 A#10 and B#7 = 293.827
ROUND 362 A#11 and B#7 = 281.68
ROUND 363 A#12 and B#7 = 200.479
ROUND 364 A#13 and B#7 = 277.371
ROUND 365 A#14 and B#7 = 227.982
ROUND 366 A#15 and B#7 = 272.157
ROUND 367 A#16 and B#7 = 219.623
ROUND 368 A#17 and B#7 = 215.889
ROUND 369 A#18 and B#7 = 281.106
ROUND 370 A#19 and B#7 = 281.298
ROUND 371 A#20 and B#7 = 270.652
ROUND 372 A#21 and B#7 = 281.355
ROUND 373 A#22 and B#7 = 348.479
ROUND 374 A#23 and B#7 = 186.716
ROUND 375 A#24 and B#7 = 253.133
ROUND 376 A#25 and B#7 = 248.998
ROUND 377 A#26 and B#7 = 298.722
ROUND 378 A#27 and B#7 = 236.45
ROUND 379 A#28 and B#7 = 302.675
ROUND 380 A#29 and B#7 = 251.206
ROUND 381 A#30 and B#7 = 92.2627
ROUND 382 A#31 and B#7 = -75.8317
ROUND 383 A#32 and B#7 = 302.842
ROUND 384 A#33 and B#7 = 231.674
ROUND 385 A#34 and B#7 = 281.093
ROUND 386 A#35 and B#7 = 281.267
ROUND 387 A#36 and B#7 = 281.3
ROUND 388 A#37 and B#7 = 254.033
ROUND 389 A#38 and B#7 = 294.192
ROUND 390 A#39 and B#7 = 294.461
ROUND 391 A#40 and B#7 = 302.102
ROUND 392 A#41 and B#7 = 301.132
ROUND 393 A#42 and B#7 = 295.427
ROUND 394 A#43 and B#7 = 139.524
ROUND 395 A#44 and B#7 = 281.342
ROUND 396 A#45 and B#7 = 297.531
ROUND 397 A#46 and B#7 = 224.516
ROUND 398 A#47 and B#7 = 300.804
ROUND 399 A#48 and B#7 = 222.332
ROUND 400 A#49 and B#7 = 281.297
ROUND 401 A#0 and B#8 = 130.424
ROUND 402 A#1 and B#8 = 239.024
ROUND 403 A#2 and B#8 = 230.696
ROUND 404 A#3 and B#8 = 259.022
ROUND 405 A#4 and B#8 = 226.818
ROUND 406 A#5 and B#8 = 211.616
ROUND 407 A#6 and B#8 = 229.796
ROUND 408 A#7 and B#8 = 250.538
ROUND 409 A#8 and B#8 = 247.071
ROUND 410 A#9 and B#8 = 125.393
ROUND 411 A#10 and B#8 = 224.34
ROUND 412 A#11 and B#8 = 225.551
ROUND 413 A#12 and B#8 = 208.763
ROUND 414 A#13 and B#8 = 202.089
ROUND 415 A#14 and B#8 = 261.128
ROUND 416 A#15 and B#8 = 242.268
ROUND 417 A#16 and B#8 = 225.782
ROUND 418 A#17 and B#8 = 225.045
ROUND 419 A#18 and B#8 = 197.404
ROUND 420 A#19 and B#8 = 193.352
ROUND 421 A#20 and B#8 = 225.055
ROUND 422 A#21 and B#8 = 195.205
ROUND 423 A#22 and B#8 = 274.011
ROUND 424 A#23 and B#8 = 221.878
ROUND 425 A#24 and B#8 = 248.749
ROUND 426 A#25 and B#8 = 245.275
ROUND 427 A#26 and B#8 = 245.273
ROUND 428 A#27 and B#8 = 202.625
ROUND 429 A#28 and B#8 = 251.567
ROUND 430 A#29 and B#8 = 223.907
ROUND 431 A#30 and B#8 = 222.994
ROUND 432 A#31 and B#8 = 125.803
ROUND 433 A#32 and B#8 = 232.316
ROUND 434 A#33 and B#8 = 233.085
ROUND 435 A#34 and B#8 = 198.634
ROUND 436 A#35 and B#8 = 196.918
ROUND 437 A#36 and B#8 = 199.264
ROUND 438 A#37 and B#8 = 249.593
ROUND 439 A#38 and B#8 = 212.153
ROUND 440 A#39 and B#8 = 213.631
ROUND 441 A#40 and B#8 = 232.88
ROUND 442 A#41 and B#8 = 246.209
ROUND 443 A#42 and B#8 = 237.117
ROUND 444 A#43 and B#8 = 88.351
ROUND 445 A#44 and B#8 = 125.602
ROUND 446 A#45 and B#8 = 248.712
ROUND 447 A#46 and B#8 = 249.316
ROUND 448 A#47 and B#8 = 251.693
ROUND 449 A#48 and B#8 = 249.287
ROUND 450 A#49 and B#8 = 181.768
ROUND 451 A#0 and B#9 = 131.394
ROUND 452 A#1 and B#9 = 240.027
ROUND 453 A#2 and B#9 = 230.562
ROUND 454 A#3 and B#9 = 247.279
ROUND 455 A#4 and B#9 = 228.073
ROUND 456 A#5 and B#9 = 212.93
ROUND 457 A#6 and B#9 = 229.722
ROUND 458 A#7 and B#9 = 237.339
ROUND 459 A#8 and B#9 = 236.871
ROUND 460 A#9 and B#9 = 194.354
ROUND 461 A#10 and B#9 = 225.755
ROUND 462 A#11 and B#9 = 226.818
ROUND 463 A#12 and B#9 = 210.758
ROUND 464 A#13 and B#9 = 204.081
ROUND 465 A#14 and B#9 = 261.123
ROUND 466 A#15 and B#9 = 243.365
ROUND 467 A#16 and B#9 = 227.177
ROUND 468 A#17 and B#9 = 226.309
ROUND 469 A#18 and B#9 = 199.351
ROUND 470 A#19 and B#9 = 195.497
ROUND 471 A#20 and B#9 = 242.615
ROUND 472 A#21 and B#9 = 197.183
ROUND 473 A#22 and B#9 = 273.894
ROUND 474 A#23 and B#9 = 243.551
ROUND 475 A#24 and B#9 = 231.41
ROUND 476 A#25 and B#9 = 245.078
ROUND 477 A#26 and B#9 = 231.405
ROUND 478 A#27 and B#9 = 204.693
ROUND 479 A#28 and B#9 = 252.398
ROUND 480 A#29 and B#9 = 179.831
ROUND 481 A#30 and B#9 = 180.656
ROUND 482 A#31 and B#9 = 189.276
ROUND 483 A#32 and B#9 = 252.983
ROUND 484 A#33 and B#9 = 233.061
ROUND 485 A#34 and B#9 = 200.563
ROUND 486 A#35 and B#9 = 198.906
ROUND 487 A#36 and B#9 = 201.049
ROUND 488 A#37 and B#9 = 249.037
ROUND 489 A#38 and B#9 = 213.456
ROUND 490 A#39 and B#9 = 214.671
ROUND 491 A#40 and B#9 = 232.912
ROUND 492 A#41 and B#9 = 246.857
ROUND 493 A#42 and B#9 = 238.288
ROUND 494 A#43 and B#9 = 273.505
ROUND 495 A#44 and B#9 = 187.999
ROUND 496 A#45 and B#9 = 249.454
ROUND 497 A#46 and B#9 = 252.57
ROUND 498 A#47 and B#9 = 252.505
ROUND 499 A#48 and B#9 = 249.129
ROUND 500 A#49 and B#9 = 183.449
ROUND 501 A#0 and B#10 = 232.005
ROUND 502 A#1 and B#10 = 242.808
ROUND 503 A#2 and B#10 = 269.263
ROUND 504 A#3 and B#10 = 118.386
ROUND 505 A#4 and B#10 = 267.684
ROUND 506 A#5 and B#10 = 268.217
ROUND 507 A#6 and B#10 = 141.288
ROUND 508 A#7 and B#10 = 266.811
ROUND 509 A#8 and B#10 = 266.358
ROUND 510 A#9 and B#10 = 164.029
ROUND 511 A#10 and B#10 = 268.307
ROUND 512 A#11 and B#10 = 268.246
ROUND 513 A#12 and B#10 = 138.805
ROUND 514 A#13 and B#10 = 163.842
ROUND 515 A#14 and B#10 = 230.465
ROUND 516 A#15 and B#10 = 261.214
ROUND 517 A#16 and B#10 = 267.076
ROUND 518 A#17 and B#10 = 268.314
ROUND 519 A#18 and B#10 = 163.516
ROUND 520 A#19 and B#10 = 166.717
ROUND 521 A#20 and B#10 = 260.261
ROUND 522 A#21 and B#10 = 163.25
ROUND 523 A#22 and B#10 = 251.696
ROUND 524 A#23 and B#10 = 251.092
ROUND 525 A#24 and B#10 = 266.63
ROUND 526 A#25 and B#10 = 261.291
ROUND 527 A#26 and B#10 = 266.242
ROUND 528 A#27 and B#10 = 134.864
ROUND 529 A#28 and B#10 = 293.787
ROUND 530 A#29 and B#10 = 261.574
ROUND 531 A#30 and B#10 = 266.428
ROUND 532 A#31 and B#10 = 139.308
ROUND 533 A#32 and B#10 = 293.961
ROUND 534 A#33 and B#10 = 232.445
ROUND 535 A#34 and B#10 = 163.487
ROUND 536 A#35 and B#10 = 169.587
ROUND 537 A#36 and B#10 = 134.864
ROUND 538 A#37 and B#10 = 264.248
ROUND 539 A#38 and B#10 = 261.16
ROUND 540 A#39 and B#10 = 261.463
ROUND 541 A#40 and B#10 = 294.408
ROUND 542 A#41 and B#10 = 292.609
ROUND 543 A#42 and B#10 = 266.41
ROUND 544 A#43 and B#10 = 300.831
ROUND 545 A#44 and B#10 = 164.115
ROUND 546 A#45 and B#10 = 264.29
ROUND 547 A#46 and B#10 = 290.667
ROUND 548 A#47 and B#10 = 290.569
ROUND 549 A#48 and B#10 = 278.12
ROUND 550 A#49 and B#10 = 134.857
ROUND 551 A#0 and B#11 = 74.4731
ROUND 552 A#1 and B#11 = 293.352
ROUND 553 A#2 and B#11 = 106.092
ROUND 554 A#3 and B#11 = 156.98
ROUND 555 A#4 and B#11 = 133.13
ROUND 556 A#5 and B#11 = 293.9
ROUND 557 A#6 and B#11 = 324.851
ROUND 558 A#7 and B#11 = 244.731
ROUND 559 A#8 and B#11 = 218.316
ROUND 560 A#9 and B#11 = 277.403
ROUND 561 A#10 and B#11 = 294.556
ROUND 562 A#11 and B#11 = 281.51
ROUND 563 A#12 and B#11 = 199.762
ROUND 564 A#13 and B#11 = 277.205
ROUND 565 A#14 and B#11 = 245.481
ROUND 566 A#15 and B#11 = 236.671
ROUND 567 A#16 and B#11 = 220.141
ROUND 568 A#17 and B#11 = 216.408
ROUND 569 A#18 and B#11 = 280.976
ROUND 570 A#19 and B#11 = 281.163
ROUND 571 A#20 and B#11 = 16.2656
ROUND 572 A#21 and B#11 = 281.214
ROUND 573 A#22 and B#11 = 349.581
ROUND 574 A#23 and B#11 = 88.9377
ROUND 575 A#24 and B#11 = 253.506
ROUND 576 A#25 and B#11 = 128.706
ROUND 577 A#26 and B#11 = 129.268
ROUND 578 A#27 and B#11 = 236.45
ROUND 579 A#28 and B#11 = 303.391
ROUND 580 A#29 and B#11 = 129.303
ROUND 581 A#30 and B#11 = 129.893
ROUND 582 A#31 and B#11 = 126.623
ROUND 583 A#32 and B#11 = 303.401
ROUND 584 A#33 and B#11 = 184.81
ROUND 585 A#34 and B#11 = 280.968
ROUND 586 A#35 and B#11 = 281.132
ROUND 587 A#36 and B#11 = 281.171
ROUND 588 A#37 and B#11 = 254.157
ROUND 589 A#38 and B#11 = 294.887
ROUND 590 A#39 and B#11 = 294.823
ROUND 591 A#40 and B#11 = 302.936
ROUND 592 A#41 and B#11 = 301.76
ROUND 593 A#42 and B#11 = 296.017
ROUND 594 A#43 and B#11 = 135.875
ROUND 595 A#44 and B#11 = 288.999
ROUND 596 A#45 and B#11 = 298.985
ROUND 597 A#46 and B#11 = 225.514
ROUND 598 A#47 and B#11 = 302.131
ROUND 599 A#48 and B#11 = 207.255
ROUND 600 A#49 and B#11 = 281.164
ROUND 601 A#0 and B#12 = 193.614
ROUND 602 A#1 and B#12 = 138.538
ROUND 603 A#2 and B#12 = 147.323
ROUND 604 A#3 and B#12 = 129.44
ROUND 605 A#4 and B#12 = 141.756
ROUND 606 A#5 and B#12 = 123.689
ROUND 607 A#6 and B#12 = 129.553
ROUND 608 A#7 and B#12 = 232.931
ROUND 609 A#8 and B#12 = 176.943
ROUND 610 A#9 and B#12 = 123.788
ROUND 611 A#10 and B#12 = 136.702
ROUND 612 A#11 and B#12 = 141.341
ROUND 613 A#12 and B#12 = 172.978
ROUND 614 A#13 and B#12 = 174.373
ROUND 615 A#14 and B#12 = 245.543
ROUND 616 A#15 and B#12 = 137.309
ROUND 617 A#16 and B#12 = 138.802
ROUND 618 A#17 and B#12 = 137.282
ROUND 619 A#18 and B#12 = 174.829
ROUND 620 A#19 and B#12 = 177.969
ROUND 621 A#20 and B#12 = 137.93
ROUND 622 A#21 and B#12 = 174.509
ROUND 623 A#22 and B#12 = 273.409
ROUND 624 A#23 and B#12 = 137.952
ROUND 625 A#24 and B#12 = 177.022
ROUND 626 A#25 and B#12 = 232.185
ROUND 627 A#26 and B#12 = 232.281
ROUND 628 A#27 and B#12 = 173.104
ROUND 629 A#28 and B#12 = 132.269
ROUND 630 A#29 and B#12 = 173.513
ROUND 631 A#30 and B#12 = 172.214
ROUND 632 A#31 and B#12 = 177.071
ROUND 633 A#32 and B#12 = 143.954
ROUND 634 A#33 and B#12 = 223.54
ROUND 635 A#34 and B#12 = 174.686
ROUND 636 A#35 and B#12 = 169.933
ROUND 637 A#36 and B#12 = 165.75
ROUND 638 A#37 and B#12 = 186.883
ROUND 639 A#38 and B#12 = 124.159
ROUND 640 A#39 and B#12 = 136.737
ROUND 641 A#40 and B#12 = 141.322
ROUND 642 A#41 and B#12 = 138.465
ROUND 643 A#42 and B#12 = 145.86
ROUND 644 A#43 and B#12 = 275.885
ROUND 645 A#44 and B#12 = 171.938
ROUND 646 A#45 and B#12 = 140.052
ROUND 647 A#46 and B#12 = 240.267
ROUND 648 A#47 and B#12 = 140.193
ROUND 649 A#48 and B#12 = 245.997
ROUND 650 A#49 and B#12 = 176.439
ROUND 651 A#0 and B#13 = 230.98
ROUND 652 A#1 and B#13 = 217.191
ROUND 653 A#2 and B#13 = 211.697
ROUND 654 A#3 and B#13 = 142.988
ROUND 655 A#4 and B#13 = 242.39
ROUND 656 A#5 and B#13 = 210.203
ROUND 657 A#6 and B#13 = 153.315
ROUND 658 A#7 and B#13 = 232.649
ROUND 659 A#8 and B#13 = 234.994
ROUND 660 A#9 and B#13 = 177.157
ROUND 661 A#10 and B#13 = 195.843
ROUND 662 A#11 and B#13 = 250.496
ROUND 663 A#12 and B#13 = 136.823
ROUND 664 A#13 and B#13 = 143.235
ROUND 665 A#14 and B#13 = 171.505
ROUND 666 A#15 and B#13 = 210.597
ROUND 667 A#16 and B#13 = 195.575
ROUND 668 A#17 and B#13 = 213.982
ROUND 669 A#18 and B#13 = 145.563
ROUND 670 A#19 and B#13 = 144.592
ROUND 671 A#20 and B#13 = 207.37
ROUND 672 A#21 and B#13 = 146.222
ROUND 673 A#22 and B#13 = 129.143
ROUND 674 A#23 and B#13 = 198.499
ROUND 675 A#24 and B#13 = 233.573
ROUND 676 A#25 and B#13 = 233.103
ROUND 677 A#26 and B#13 = 233.025
ROUND 678 A#27 and B#13 = 136.534
ROUND 679 A#28 and B#13 = 179.948
ROUND 680 A#29 and B#13 = 225.021
ROUND 681 A#30 and B#13 = 224.385
ROUND 682 A#31 and B#13 = 199.248
ROUND 683 A#32 and B#13 = 180.415
ROUND 684 A#33 and B#13 = 62.0104
ROUND 685 A#34 and B#13 = 145.731
ROUND 686 A#35 and B#13 = 144.591
ROUND 687 A#36 and B#13 = 145.079
ROUND 688 A#37 and B#13 = 236.214
ROUND 689 A#38 and B#13 = 210.524
ROUND 690 A#39 and B#13 = 209.617
ROUND 691 A#40 and B#13 = 178.714
ROUND 692 A#41 and B#13 = 230.641
ROUND 693 A#42 and B#13 = 227.827
ROUND 694 A#43 and B#13 = 234.087
ROUND 695 A#44 and B#13 = 149.118
ROUND 696 A#45 and B#13 = 179.565
ROUND 697 A#46 and B#13 = 109.341
ROUND 698 A#47 and B#13 = 182.446
ROUND 699 A#48 and B#13 = 231.413
ROUND 700 A#49 and B#13 = 145.614
ROUND 701 A#0 and B#14 = 193.717
ROUND 702 A#1 and B#14 = 241.484
ROUND 703 A#2 and B#14 = 268.275
ROUND 704 A#3 and B#14 = 118.239
ROUND 705 A#4 and B#14 = 266.9
ROUND 706 A#5 and B#14 = 267.122
ROUND 707 A#6 and B#14 = 118.72
ROUND 708 A#7 and B#14 = 266.789
ROUND 709 A#8 and B#14 = 265.063
ROUND 710 A#9 and B#14 = -16.4389
ROUND 711 A#10 and B#14 = 267.111
ROUND 712 A#11 and B#14 = 266.957
ROUND 713 A#12 and B#14 = -31.8893
ROUND 714 A#13 and B#14 = -28.8988
ROUND 715 A#14 and B#14 = 233.213
ROUND 716 A#15 and B#14 = 259.647
ROUND 717 A#16 and B#14 = 265.845
ROUND 718 A#17 and B#14 = 267.406
ROUND 719 A#18 and B#14 = -26.6978
ROUND 720 A#19 and B#14 = 126.136
ROUND 721 A#20 and B#14 = 258.989
ROUND 722 A#21 and B#14 = 139.273
ROUND 723 A#22 and B#14 = 287.752
ROUND 724 A#23 and B#14 = 250.164
ROUND 725 A#24 and B#14 = 265.221
ROUND 726 A#25 and B#14 = 261.016
ROUND 727 A#26 and B#14 = 265.142
ROUND 728 A#27 and B#14 = -26.4036
ROUND 729 A#28 and B#14 = 294.924
ROUND 730 A#29 and B#14 = 261.407
ROUND 731 A#30 and B#14 = 265.308
ROUND 732 A#31 and B#14 = -26.621
ROUND 733 A#32 and B#14 = 295.095
ROUND 734 A#33 and B#14 = 191.335
ROUND 735 A#34 and B#14 = -26.5332
ROUND 736 A#35 and B#14 = 126.454
ROUND 737 A#36 and B#14 = 138.956
ROUND 738 A#37 and B#14 = 262.709
ROUND 739 A#38 and B#14 = 259.05
ROUND 740 A#39 and B#14 = 259.21
ROUND 741 A#40 and B#14 = 295.557
ROUND 742 A#41 and B#14 = 293.617
ROUND 743 A#42 and B#14 = 264.39
ROUND 744 A#43 and B#14 = 300.453
ROUND 745 A#44 and B#14 = -14.6285
ROUND 746 A#45 and B#14 = 137.315
ROUND 747 A#46 and B#14 = 291.68
ROUND 748 A#47 and B#14 = 291.652
ROUND 749 A#48 and B#14 = 278.524
ROUND 750 A#49 and B#14 = 139.082
ROUND 751 A#0 and B#15 = 237.378
ROUND 752 A#1 and B#15 = 237.795
ROUND 753 A#2 and B#15 = 227.419
ROUND 754 A#3 and B#15 = 143.24
ROUND 755 A#4 and B#15 = 237.251
ROUND 756 A#5 and B#15 = 237.62
ROUND 757 A#6 and B#15 = -123.301
ROUND 758 A#7 and B#15 = 165.919
ROUND 759 A#8 and B#15 = 151.092
ROUND 760 A#9 and B#15 = 223.868
ROUND 761 A#10 and B#15 = 237.372
ROUND 762 A#11 and B#15 = 237.676
ROUND 763 A#12 and B#15 = 223.725
ROUND 764 A#13 and B#15 = 229.105
ROUND 765 A#14 and B#15 = 237.273
ROUND 766 A#15 and B#15 = 237.489
ROUND 767 A#16 and B#15 = 237
ROUND 768 A#17 and B#15 = 236.894
ROUND 769 A#18 and B#15 = 229.918
ROUND 770 A#19 and B#15 = 230.961
ROUND 771 A#20 and B#15 = 237.564
ROUND 772 A#21 and B#15 = 231.188
ROUND 773 A#22 and B#15 = 127.505
ROUND 774 A#23 and B#15 = 237.504
ROUND 775 A#24 and B#15 = 157.326
ROUND 776 A#25 and B#15 = 236.992
ROUND 777 A#26 and B#15 = 153.86
ROUND 778 A#27 and B#15 = 227.112
ROUND 779 A#28 and B#15 = 237.212
ROUND 780 A#29 and B#15 = 208.481
ROUND 781 A#30 and B#15 = 162.596
ROUND 782 A#31 and B#15 = 231.925
ROUND 783 A#32 and B#15 = 237.116
ROUND 784 A#33 and B#15 = 259.538
ROUND 785 A#34 and B#15 = 229.783
ROUND 786 A#35 and B#15 = 231.011
ROUND 787 A#36 and B#15 = 230.676
ROUND 788 A#37 and B#15 = 150.3
ROUND 789 A#38 and B#15 = 237.454
ROUND 790 A#39 and B#15 = 237.533
ROUND 791 A#40 and B#15 = 236.905
ROUND 792 A#41 and B#15 = 236.829
ROUND 793 A#42 and B#15 = 228.149
ROUND 794 A#43 and B#15 = 126.64
ROUND 795 A#44 and B#15 = 231.373
ROUND 796 A#45 and B#15 = 237.487
ROUND 797 A#46 and B#15 = 144.127
ROUND 798 A#47 and B#15 = 236.947
ROUND 799 A#48 and B#15 = 228.143
ROUND 800 A#49 and B#15 = 231.065
ROUND 801 A#0 and B#16 = 82.0061
ROUND 802 A#1 and B#16 = 228.749
ROUND 803 A#2 and B#16 = 185.287
ROUND 804 A#3 and B#16 = 146.907
ROUND 805 A#4 and B#16 = 99.0296
ROUND 806 A#5 and B#16 = 281.889
ROUND 807 A#6 and B#16 = 134.954
ROUND 808 A#7 and B#16 = -71.4498
ROUND 809 A#8 and B#16 = -62.5992
ROUND 810 A#9 and B#16 = 297.853
ROUND 811 A#10 and B#16 = 274.038
ROUND 812 A#11 and B#16 = 100.912
ROUND 813 A#12 and B#16 = 298.552
ROUND 814 A#13 and B#16 = 297.595
ROUND 815 A#14 and B#16 = 204.814
ROUND 816 A#15 and B#16 = 172.922
ROUND 817 A#16 and B#16 = 99.423
ROUND 818 A#17 and B#16 = 100.262
ROUND 819 A#18 and B#16 = 297.373
ROUND 820 A#19 and B#16 = 295.682
ROUND 821 A#20 and B#16 = 173.051
ROUND 822 A#21 and B#16 = 297.345
ROUND 823 A#22 and B#16 = 85.5461
ROUND 824 A#23 and B#16 = 167.748
ROUND 825 A#24 and B#16 = -59.7899
ROUND 826 A#25 and B#16 = 58.0388
ROUND 827 A#26 and B#16 = -60.3971
ROUND 828 A#27 and B#16 = 296.747
ROUND 829 A#28 and B#16 = 207.643
ROUND 830 A#29 and B#16 = 63.7533
ROUND 831 A#30 and B#16 = -76.9262
ROUND 832 A#31 and B#16 = 287.664
ROUND 833 A#32 and B#16 = 209.778
ROUND 834 A#33 and B#16 = 77.176
ROUND 835 A#34 and B#16 = 297.726
ROUND 836 A#35 and B#16 = 293.224
ROUND 837 A#36 and B#16 = 294.884
ROUND 838 A#37 and B#16 = -63.0759
ROUND 839 A#38 and B#16 = 276.353
ROUND 840 A#39 and B#16 = 282.359
ROUND 841 A#40 and B#16 = 207.849
ROUND 842 A#41 and B#16 = 207.46
ROUND 843 A#42 and B#16 = 232.527
ROUND 844 A#43 and B#16 = 56.7475
ROUND 845 A#44 and B#16 = 288.969
ROUND 846 A#45 and B#16 = 198.302
ROUND 847 A#46 and B#16 = 27.9736
ROUND 848 A#47 and B#16 = 282.478
ROUND 849 A#48 and B#16 = 181.641
ROUND 850 A#49 and B#16 = 288.408
ROUND 851 A#0 and B#17 = 194.287
ROUND 852 A#1 and B#17 = 247.12
ROUND 853 A#2 and B#17 = 152.793
ROUND 854 A#3 and B#17 = 129.545
ROUND 855 A#4 and B#17 = 146.668
ROUND 856 A#5 and B#17 = 128.092
ROUND 857 A#6 and B#17 = 129.67
ROUND 858 A#7 and B#17 = 232.793
ROUND 859 A#8 and B#17 = 230.864
ROUND 860 A#9 and B#17 = 124.432
ROUND 861 A#10 and B#17 = 246.628
ROUND 862 A#11 and B#17 = 145.994
ROUND 863 A#12 and B#17 = 172.565
ROUND 864 A#13 and B#17 = 260.004
ROUND 865 A#14 and B#17 = 245.64
ROUND 866 A#15 and B#17 = 246.485
ROUND 867 A#16 and B#17 = 149.87
ROUND 868 A#17 and B#17 = 148.882
ROUND 869 A#18 and B#17 = 174.445
ROUND 870 A#19 and B#17 = 177.075
ROUND 871 A#20 and B#17 = 246.416
ROUND 872 A#21 and B#17 = 174.167
ROUND 873 A#22 and B#17 = 197.243
ROUND 874 A#23 and B#17 = 246.585
ROUND 875 A#24 and B#17 = 232.096
ROUND 876 A#25 and B#17 = 231.995
ROUND 877 A#26 and B#17 = 231.726
ROUND 878 A#27 and B#17 = 172.693
ROUND 879 A#28 and B#17 = 139.666
ROUND 880 A#29 and B#17 = 179.867
ROUND 881 A#30 and B#17 = 178.113
ROUND 882 A#31 and B#17 = 176.647
ROUND 883 A#32 and B#17 = 149.134
ROUND 884 A#33 and B#17 = 224.316
ROUND 885 A#34 and B#17 = 174.304
ROUND 886 A#35 and B#17 = 168.987
ROUND 887 A#36 and B#17 = 165.195
ROUND 888 A#37 and B#17 = 193.976
ROUND 889 A#38 and B#17 = 246.696
ROUND 890 A#39 and B#17 = 141.59
ROUND 891 A#40 and B#17 = 152.539
ROUND 892 A#41 and B#17 = 149.583
ROUND 893 A#42 and B#17 = 246.185
ROUND 894 A#43 and B#17 = 237.765
ROUND 895 A#44 and B#17 = 171.879
ROUND 896 A#45 and B#17 = 246.051
ROUND 897 A#46 and B#17 = 245.829
ROUND 898 A#47 and B#17 = 151.724
ROUND 899 A#48 and B#17 = 245.978
ROUND 900 A#49 and B#17 = 176.153
ROUND 901 A#0 and B#18 = 237.278
ROUND 902 A#1 and B#18 = 248.687
ROUND 903 A#2 and B#18 = 232.607
ROUND 904 A#3 and B#18 = 25.3521
ROUND 905 A#4 and B#18 = 208.68
ROUND 906 A#5 and B#18 = 75.7702
ROUND 907 A#6 and B#18 = 125.321
ROUND 908 A#7 and B#18 = 236.229
ROUND 909 A#8 and B#18 = 236.002
ROUND 910 A#9 and B#18 = 237.473
ROUND 911 A#10 and B#18 = 231.456
ROUND 912 A#11 and B#18 = 229.101
ROUND 913 A#12 and B#18 = 300.251
ROUND 914 A#13 and B#18 = 265.908
ROUND 915 A#14 and B#18 = 43.8941
ROUND 916 A#15 and B#18 = 207.776
ROUND 917 A#16 and B#18 = 209.728
ROUND 918 A#17 and B#18 = 230.486
ROUND 919 A#18 and B#18 = 265.222
ROUND 920 A#19 and B#18 = 282.002
ROUND 921 A#20 and B#18 = 208.537
ROUND 922 A#21 and B#18 = 281.794
ROUND 923 A#22 and B#18 = 227.43
ROUND 924 A#23 and B#18 = 207.493
ROUND 925 A#24 and B#18 = 235.874
ROUND 926 A#25 and B#18 = 235.894
ROUND 927 A#26 and B#18 = 235.89
ROUND 928 A#27 and B#18 = 293.292
ROUND 929 A#28 and B#18 = 35.6882
ROUND 930 A#29 and B#18 = 276.997
ROUND 931 A#30 and B#18 = 276.979
ROUND 932 A#31 and B#18 = 159.537
ROUND 933 A#32 and B#18 = 34.7841
ROUND 934 A#33 and B#18 = 237.58
ROUND 935 A#34 and B#18 = 265.351
ROUND 936 A#35 and B#18 = 237.793
ROUND 937 A#36 and B#18 = 237.696
ROUND 938 A#37 and B#18 = 235.806
ROUND 939 A#38 and B#18 = 281.3
ROUND 940 A#39 and B#18 = 276.755
ROUND 941 A#40 and B#18 = 264.52
ROUND 942 A#41 and B#18 = 236.336
ROUND 943 A#42 and B#18 = 232.718
ROUND 944 A#43 and B#18 = 133.794
ROUND 945 A#44 and B#18 = 238.097
ROUND 946 A#45 and B#18 = 271.51
ROUND 947 A#46 and B#18 = 65.9162
ROUND 948 A#47 and B#18 = 220.618
ROUND 949 A#48 and B#18 = 228.048
ROUND 950 A#49 and B#18 = 281.906
ROUND 951 A#0 and B#19 = 233.263
ROUND 952 A#1 and B#19 = 278.069
ROUND 953 A#2 and B#19 = 184.125
ROUND 954 A#3 and B#19 = 145.717
ROUND 955 A#4 and B#19 = 61.3532
ROUND 956 A#5 and B#19 = 231.512
ROUND 957 A#6 and B#19 = 16.6505
ROUND 958 A#7 and B#19 = 82.8661
ROUND 959 A#8 and B#19 = 82.3381
ROUND 960 A#9 and B#19 = 234.751
ROUND 961 A#10 and B#19 = 55.7449
ROUND 962 A#11 and B#19 = 57.0858
ROUND 963 A#12 and B#19 = 235.334
ROUND 964 A#13 and B#19 = 234.913
ROUND 965 A#14 and B#19 = 277.919
ROUND 966 A#15 and B#19 = 230.357
ROUND 967 A#16 and B#19 = 62.3985
ROUND 968 A#17 and B#19 = 57.0393
ROUND 969 A#18 and B#19 = 78.5143
ROUND 970 A#19 and B#19 = 78.4894
ROUND 971 A#20 and B#19 = 230.292
ROUND 972 A#21 and B#19 = 233.86
ROUND 973 A#22 and B#19 = 14.9671
ROUND 974 A#23 and B#19 = 278.081
ROUND 975 A#24 and B#19 = 82.2927
ROUND 976 A#25 and B#19 = 81.8367
ROUND 977 A#26 and B#19 = 83.3139
ROUND 978 A#27 and B#19 = 235.206
ROUND 979 A#28 and B#19 = 270.801
ROUND 980 A#29 and B#19 = 66.7597
ROUND 981 A#30 and B#19 = 68.396
ROUND 982 A#31 and B#19 = 233.01
ROUND 983 A#32 and B#19 = 276.909
ROUND 984 A#33 and B#19 = 68.9072
ROUND 985 A#34 and B#19 = 234.049
ROUND 986 A#35 and B#19 = 78.1325
ROUND 987 A#36 and B#19 = 78.383
ROUND 988 A#37 and B#19 = 95.4569
ROUND 989 A#38 and B#19 = 232.332
ROUND 990 A#39 and B#19 = 231.969
ROUND 991 A#40 and B#19 = 278.231
ROUND 992 A#41 and B#19 = 70.6629
ROUND 993 A#42 and B#19 = 71.0757
ROUND 994 A#43 and B#19 = 134.753
ROUND 995 A#44 and B#19 = 233.824
ROUND 996 A#45 and B#19 = 278.194
ROUND 997 A#46 and B#19 = 41.7149
ROUND 998 A#47 and B#19 = 278.024
ROUND 999 A#48 and B#19 = 185.51
ROUND 1000 A#49 and B#19 = 234.01
ROUND 1001 A#0 and B#20 = 232.59
ROUND 1002 A#1 and B#20 = 250.536
ROUND 1003 A#2 and B#20 = 134.312
ROUND 1004 A#3 and B#20 = 118.307
ROUND 1005 A#4 and B#20 = 267.632
ROUND 1006 A#5 and B#20 = 268.471
ROUND 1007 A#6 and B#20 = 141.548
ROUND 1008 A#7 and B#20 = 267.086
ROUND 1009 A#8 and B#20 = 266.649
ROUND 1010 A#9 and B#20 = 147.035
ROUND 1011 A#10 and B#20 = 268.54
ROUND 1012 A#11 and B#20 = 268.451
ROUND 1013 A#12 and B#20 = 138.779
ROUND 1014 A#13 and B#20 = 163.704
ROUND 1015 A#14 and B#20 = 230.407
ROUND 1016 A#15 and B#20 = 261.637
ROUND 1017 A#16 and B#20 = 267.115
ROUND 1018 A#17 and B#20 = 268.474
ROUND 1019 A#18 and B#20 = 163.376
ROUND 1020 A#19 and B#20 = 166.568
ROUND 1021 A#20 and B#20 = 260.679
ROUND 1022 A#21 and B#20 = 163.111
ROUND 1023 A#22 and B#20 = 250.975
ROUND 1024 A#23 and B#20 = 251.394
ROUND 1025 A#24 and B#20 = 266.896
ROUND 1026 A#25 and B#20 = 261.115
ROUND 1027 A#26 and B#20 = 266.475
ROUND 1028 A#27 and B#20 = 134.848
ROUND 1029 A#28 and B#20 = 293.664
ROUND 1030 A#29 and B#20 = 261.44
ROUND 1031 A#30 and B#20 = 266.698
ROUND 1032 A#31 and B#20 = -41.3316
ROUND 1033 A#32 and B#20 = 293.841
ROUND 1034 A#33 and B#20 = 232.614
ROUND 1035 A#34 and B#20 = 163.348
ROUND 1036 A#35 and B#20 = 169.488
ROUND 1037 A#36 and B#20 = 167.353
ROUND 1038 A#37 and B#20 = 264.586
ROUND 1039 A#38 and B#20 = 261.616
ROUND 1040 A#39 and B#20 = 261.933
ROUND 1041 A#40 and B#20 = 294.391
ROUND 1042 A#41 and B#20 = 292.52
ROUND 1043 A#42 and B#20 = 266.86
ROUND 1044 A#43 and B#20 = 231.369
ROUND 1045 A#44 and B#20 = 139.214
ROUND 1046 A#45 and B#20 = 130.132
ROUND 1047 A#46 and B#20 = 290.563
ROUND 1048 A#47 and B#20 = 290.596
ROUND 1049 A#48 and B#20 = 278.121
ROUND 1050 A#49 and B#20 = 154.782
ROUND 1051 A#0 and B#21 = 237.695
ROUND 1052 A#1 and B#21 = 237.793
ROUND 1053 A#2 and B#21 = 236.14
ROUND 1054 A#3 and B#21 = 180.615
ROUND 1055 A#4 and B#21 = 237.868
ROUND 1056 A#5 and B#21 = 181.646
ROUND 1057 A#6 and B#21 = 173.662
ROUND 1058 A#7 and B#21 = 210.647
ROUND 1059 A#8 and B#21 = 209.916
ROUND 1060 A#9 and B#21 = 166.936
ROUND 1061 A#10 and B#21 = 182.188
ROUND 1062 A#11 and B#21 = 182.137
ROUND 1063 A#12 and B#21 = 221.914
ROUND 1064 A#13 and B#21 = 209.974
ROUND 1065 A#14 and B#21 = 211.416
ROUND 1066 A#15 and B#21 = 25.4657
ROUND 1067 A#16 and B#21 = 175.516
ROUND 1068 A#17 and B#21 = 176.365
ROUND 1069 A#18 and B#21 = 171.526
ROUND 1070 A#19 and B#21 = 169.681
ROUND 1071 A#20 and B#21 = 52.8692
ROUND 1072 A#21 and B#21 = 170.941
ROUND 1073 A#22 and B#21 = 174.5
ROUND 1074 A#23 and B#21 = 49.9458
ROUND 1075 A#24 and B#21 = 209.454
ROUND 1076 A#25 and B#21 = 209.625
ROUND 1077 A#26 and B#21 = 209.563
ROUND 1078 A#27 and B#21 = 215.069
ROUND 1079 A#28 and B#21 = 210.581
ROUND 1080 A#29 and B#21 = 206.08
ROUND 1081 A#30 and B#21 = 206.356
ROUND 1082 A#31 and B#21 = 186.909
ROUND 1083 A#32 and B#21 = 212.15
ROUND 1084 A#33 and B#21 = 238.17
ROUND 1085 A#34 and B#21 = 204.286
ROUND 1086 A#35 and B#21 = 198.145
ROUND 1087 A#36 and B#21 = 199.933
ROUND 1088 A#37 and B#21 = 208.071
ROUND 1089 A#38 and B#21 = 292.243
ROUND 1090 A#39 and B#21 = 182.068
ROUND 1091 A#40 and B#21 = 214.232
ROUND 1092 A#41 and B#21 = 213.548
ROUND 1093 A#42 and B#21 = 183.982
ROUND 1094 A#43 and B#21 = 191.042
ROUND 1095 A#44 and B#21 = 165.681
ROUND 1096 A#45 and B#21 = 237.817
ROUND 1097 A#46 and B#21 = 237.85
ROUND 1098 A#47 and B#21 = 237.636
ROUND 1099 A#48 and B#21 = 229.36
ROUND 1100 A#49 and B#21 = 175.648
ROUND 1101 A#0 and B#22 = 276.962
ROUND 1102 A#1 and B#22 = 180.833
ROUND 1103 A#2 and B#22 = 278.554
ROUND 1104 A#3 and B#22 = 347.621
ROUND 1105 A#4 and B#22 = 62.7834
ROUND 1106 A#5 and B#22 = 296.086
ROUND 1107 A#6 and B#22 = 347.179
ROUND 1108 A#7 and B#22 = 237.145
ROUND 1109 A#8 and B#22 = 237.261
ROUND 1110 A#9 and B#22 = 263.725
ROUND 1111 A#10 and B#22 = 277.405
ROUND 1112 A#11 and B#22 = 62.9714
ROUND 1113 A#12 and B#22 = 305.575
ROUND 1114 A#13 and B#22 = 305.308
ROUND 1115 A#14 and B#22 = 79.8073
ROUND 1116 A#15 and B#22 = 277.374
ROUND 1117 A#16 and B#22 = 62.6438
ROUND 1118 A#17 and B#22 = 62.88
ROUND 1119 A#18 and B#22 = 305.27
ROUND 1120 A#19 and B#22 = 280.852
ROUND 1121 A#20 and B#22 = 277.408
ROUND 1122 A#21 and B#22 = 304.921
ROUND 1123 A#22 and B#22 = 350.38
ROUND 1124 A#23 and B#22 = 277.398
ROUND 1125 A#24 and B#22 = 237.328
ROUND 1126 A#25 and B#22 = 237.287
ROUND 1127 A#26 and B#22 = 237.274
ROUND 1128 A#27 and B#22 = 289.494
ROUND 1129 A#28 and B#22 = 227.848
ROUND 1130 A#29 and B#22 = 237.961
ROUND 1131 A#30 and B#22 = 237.877
ROUND 1132 A#31 and B#22 = 281.044
ROUND 1133 A#32 and B#22 = 228.039
ROUND 1134 A#33 and B#22 = 185.14
ROUND 1135 A#34 and B#22 = 305.508
ROUND 1136 A#35 and B#22 = 280.866
ROUND 1137 A#36 and B#22 = 259.738
ROUND 1138 A#37 and B#22 = 237.234
ROUND 1139 A#38 and B#22 = 236.568
ROUND 1140 A#39 and B#22 = 280.29
ROUND 1141 A#40 and B#22 = 228.245
ROUND 1142 A#41 and B#22 = 228.132
ROUND 1143 A#42 and B#22 = 62.3727
ROUND 1144 A#43 and B#22 = 342.356
ROUND 1145 A#44 and B#22 = 312.733
ROUND 1146 A#45 and B#22 = 228.38
ROUND 1147 A#46 and B#22 = 294.498
ROUND 1148 A#47 and B#22 = 228.13
ROUND 1149 A#48 and B#22 = 289.629
ROUND 1150 A#49 and B#22 = 307.937
ROUND 1151 A#0 and B#23 = 231.053
ROUND 1152 A#1 and B#23 = 100.145
ROUND 1153 A#2 and B#23 = 71.9561
ROUND 1154 A#3 and B#23 = 329.198
ROUND 1155 A#4 and B#23 = 164.289
ROUND 1156 A#5 and B#23 = 70.3932
ROUND 1157 A#6 and B#23 = 330.665
ROUND 1158 A#7 and B#23 = 232.1
ROUND 1159 A#8 and B#23 = 231.27
ROUND 1160 A#9 and B#23 = 278.159
ROUND 1161 A#10 and B#23 = 74.7429
ROUND 1162 A#11 and B#23 = 163.847
ROUND 1163 A#12 and B#23 = 276.124
ROUND 1164 A#13 and B#23 = 277.831
ROUND 1165 A#14 and B#23 = -16.3595
ROUND 1166 A#15 and B#23 = 67.2778
ROUND 1167 A#16 and B#23 = 163.216
ROUND 1168 A#17 and B#23 = 165.567
ROUND 1169 A#18 and B#23 = 281.458
ROUND 1170 A#19 and B#23 = 281.511
ROUND 1171 A#20 and B#23 = 52.3548
ROUND 1172 A#21 and B#23 = 281.625
ROUND 1173 A#22 and B#23 = 341.607
ROUND 1174 A#23 and B#23 = 57.3446
ROUND 1175 A#24 and B#23 = 281.484
ROUND 1176 A#25 and B#23 = 52.4006
ROUND 1177 A#26 and B#23 = 230.297
ROUND 1178 A#27 and B#23 = 276.02
ROUND 1179 A#28 and B#23 = 109.625
ROUND 1180 A#29 and B#23 = 53.5734
ROUND 1181 A#30 and B#23 = 229.087
ROUND 1182 A#31 and B#23 = 281.745
ROUND 1183 A#32 and B#23 = 109.63
ROUND 1184 A#33 and B#23 = 230.392
ROUND 1185 A#34 and B#23 = 281.455
ROUND 1186 A#35 and B#23 = 281.529
ROUND 1187 A#36 and B#23 = 281.591
ROUND 1188 A#37 and B#23 = 281.493
ROUND 1189 A#38 and B#23 = 72.4561
ROUND 1190 A#39 and B#23 = 281.261
ROUND 1191 A#40 and B#23 = 113.93
ROUND 1192 A#41 and B#23 = -11.6709
ROUND 1193 A#42 and B#23 = 81.107
ROUND 1194 A#43 and B#23 = 58.5614
ROUND 1195 A#44 and B#23 = 281.577
ROUND 1196 A#45 and B#23 = -4.75669
ROUND 1197 A#46 and B#23 = 318.011
ROUND 1198 A#47 and B#23 = 91.3394
ROUND 1199 A#48 and B#23 = 20.762
ROUND 1200 A#49 and B#23 = 281.604
ROUND 1201 A#0 and B#24 = 75.3442
ROUND 1202 A#1 and B#24 = 292.93
ROUND 1203 A#2 and B#24 = 302.138
ROUND 1204 A#3 and B#24 = 157.516
ROUND 1205 A#4 and B#24 = 297.065
ROUND 1206 A#5 and B#24 = 294.702
ROUND 1207 A#6 and B#24 = 161.329
ROUND 1208 A#7 and B#24 = 245.123
ROUND 1209 A#8 and B#24 = 253.287
ROUND 1210 A#9 and B#24 = 192.106
ROUND 1211 A#10 and B#24 = 295.102
ROUND 1212 A#11 and B#24 = 295.423
ROUND 1213 A#12 and B#24 = 200.01
ROUND 1214 A#13 and B#24 = 276.989
ROUND 1215 A#14 and B#24 = 246.24
ROUND 1216 A#15 and B#24 = 271.597
ROUND 1217 A#16 and B#24 = 297.85
ROUND 1218 A#17 and B#24 = 296.021
ROUND 1219 A#18 and B#24 = 280.684
ROUND 1220 A#19 and B#24 = 280.867
ROUND 1221 A#20 and B#24 = 270.492
ROUND 1222 A#21 and B#24 = 280.925
ROUND 1223 A#22 and B#24 = 351.092
ROUND 1224 A#23 and B#24 = -4.92137
ROUND 1225 A#24 and B#24 = 253.577
ROUND 1226 A#25 and B#24 = 249.855
ROUND 1227 A#26 and B#24 = 251.791
ROUND 1228 A#27 and B#24 = 198.654
ROUND 1229 A#28 and B#24 = 303.626
ROUND 1230 A#29 and B#24 = 251.909
ROUND 1231 A#30 and B#24 = 252.516
ROUND 1232 A#31 and B#24 = 285.704
ROUND 1233 A#32 and B#24 = 303.798
ROUND 1234 A#33 and B#24 = 184.891
ROUND 1235 A#34 and B#24 = 280.673
ROUND 1236 A#35 and B#24 = 280.836
ROUND 1237 A#36 and B#24 = 280.876
ROUND 1238 A#37 and B#24 = 254.421
ROUND 1239 A#38 and B#24 = 295.779
ROUND 1240 A#39 and B#24 = 295.742
ROUND 1241 A#40 and B#24 = 302.969
ROUND 1242 A#41 and B#24 = 302.072
ROUND 1243 A#42 and B#24 = 296.772
ROUND 1244 A#43 and B#24 = 138.153
ROUND 1245 A#44 and B#24 = 289.27
ROUND 1246 A#45 and B#24 = 298.769
ROUND 1247 A#46 and B#24 = 224.777
ROUND 1248 A#47 and B#24 = 302.091
ROUND 1249 A#48 and B#24 = 208.408
ROUND 1250 A#49 and B#24 = 280.868
ROUND 1251 A#0 and B#25 = 74.1957
ROUND 1252 A#1 and B#25 = 292.937
ROUND 1253 A#2 and B#25 = 302.296
ROUND 1254 A#3 and B#25 = 157.062
ROUND 1255 A#4 and B#25 = 297.046
ROUND 1256 A#5 and B#25 = 294.677
ROUND 1257 A#6 and B#25 = 160.935
ROUND 1258 A#7 and B#25 = 245.303
ROUND 1259 A#8 and B#25 = 253.227
ROUND 1260 A#9 and B#25 = 230.523
ROUND 1261 A#10 and B#25 = 295.206
ROUND 1262 A#11 and B#25 = 295.14
ROUND 1263 A#12 and B#25 = 199.897
ROUND 1264 A#13 and B#25 = 277.017
ROUND 1265 A#14 and B#25 = 246.118
ROUND 1266 A#15 and B#25 = 271.946
ROUND 1267 A#16 and B#25 = 297.856
ROUND 1268 A#17 and B#25 = 295.992
ROUND 1269 A#18 and B#25 = 280.7
ROUND 1270 A#19 and B#25 = 280.878
ROUND 1271 A#20 and B#25 = 270.519
ROUND 1272 A#21 and B#25 = 280.929
ROUND 1273 A#22 and B#25 = 350.719
ROUND 1274 A#23 and B#25 = 86.611
ROUND 1275 A#24 and B#25 = 253.577
ROUND 1276 A#25 and B#25 = 249.886
ROUND 1277 A#26 and B#25 = 251.621
ROUND 1278 A#27 and B#25 = 198.532
ROUND 1279 A#28 and B#25 = 303.581
ROUND 1280 A#29 and B#25 = 252.031
ROUND 1281 A#30 and B#25 = 252.706
ROUND 1282 A#31 and B#25 = 126.953
ROUND 1283 A#32 and B#25 = 303.747
ROUND 1284 A#33 and B#25 = 184.895
ROUND 1285 A#34 and B#25 = 280.678
ROUND 1286 A#35 and B#25 = 280.845
ROUND 1287 A#36 and B#25 = 280.878
ROUND 1288 A#37 and B#25 = 254.385
ROUND 1289 A#38 and B#25 = 295.664
ROUND 1290 A#39 and B#25 = 295.832
ROUND 1291 A#40 and B#25 = 302.93
ROUND 1292 A#41 and B#25 = 302.013
ROUND 1293 A#42 and B#25 = 296.682
ROUND 1294 A#43 and B#25 = 137.643
ROUND 1295 A#44 and B#25 = 289.312
ROUND 1296 A#45 and B#25 = 298.883
ROUND 1297 A#46 and B#25 = 224.929
ROUND 1298 A#47 and B#25 = 302.14
ROUND 1299 A#48 and B#25 = 208.201
ROUND 1300 A#49 and B#25 = 280.87
ROUND 1301 A#0 and B#26 = 191.601
ROUND 1302 A#1 and B#26 = 257.967
ROUND 1303 A#2 and B#26 = 181.904
ROUND 1304 A#3 and B#26 = 272.839
ROUND 1305 A#4 and B#26 = 271.377
ROUND 1306 A#5 and B#26 = 271.197
ROUND 1307 A#6 and B#26 = 271.964
ROUND 1308 A#7 and B#26 = 169.814
ROUND 1309 A#8 and B#26 = 262.289
ROUND 1310 A#9 and B#26 = -1.6854
ROUND 1311 A#10 and B#26 = 270.429
ROUND 1312 A#11 and B#26 = 270.336
ROUND 1313 A#12 and B#26 = -28.2332
ROUND 1314 A#13 and B#26 = -27.426
ROUND 1315 A#14 and B#26 = 266.661
ROUND 1316 A#15 and B#26 = 263.884
ROUND 1317 A#16 and B#26 = 271.767
ROUND 1318 A#17 and B#26 = 270.89
ROUND 1319 A#18 and B#26 = -25.2358
ROUND 1320 A#19 and B#26 = -17.951
ROUND 1321 A#20 and B#26 = 264.302
ROUND 1322 A#21 and B#26 = -14.8245
ROUND 1323 A#22 and B#26 = 274.914
ROUND 1324 A#23 and B#26 = 266.163
ROUND 1325 A#24 and B#26 = 262.033
ROUND 1326 A#25 and B#26 = 247.979
ROUND 1327 A#26 and B#26 = 262.804
ROUND 1328 A#27 and B#26 = 131.905
ROUND 1329 A#28 and B#26 = 313.164
ROUND 1330 A#29 and B#26 = 247.689
ROUND 1331 A#30 and B#26 = 263.122
ROUND 1332 A#31 and B#26 = -15.5921
ROUND 1333 A#32 and B#26 = 313.226
ROUND 1334 A#33 and B#26 = 204.471
ROUND 1335 A#34 and B#26 = -24.9068
ROUND 1336 A#35 and B#26 = -23.1012
ROUND 1337 A#36 and B#26 = 131.883
ROUND 1338 A#37 and B#26 = 254.318
ROUND 1339 A#38 and B#26 = 255.835
ROUND 1340 A#39 and B#26 = 255.73
ROUND 1341 A#40 and B#26 = 309.39
ROUND 1342 A#41 and B#26 = 312.61
ROUND 1343 A#42 and B#26 = 254.844
ROUND 1344 A#43 and B#26 = 278.292
ROUND 1345 A#44 and B#26 = -0.631943
ROUND 1346 A#45 and B#26 = 309.079
ROUND 1347 A#46 and B#26 = 309.678
ROUND 1348 A#47 and B#26 = 310.133
ROUND 1349 A#48 and B#26 = 157.736
ROUND 1350 A#49 and B#26 = -10.9432
ROUND 1351 A#0 and B#27 = 110.43
ROUND 1352 A#1 and B#27 = 277.588
ROUND 1353 A#2 and B#27 = 205.49
ROUND 1354 A#3 and B#27 = 162.498
ROUND 1355 A#4 and B#27 = 232.228
ROUND 1356 A#5 and B#27 = 231.396
ROUND 1357 A#6 and B#27 = 163.893
ROUND 1358 A#7 and B#27 = 82.6968
ROUND 1359 A#8 and B#27 = 85.4248
ROUND 1360 A#9 and B#27 = 234.456
ROUND 1361 A#10 and B#27 = 232.633
ROUND 1362 A#11 and B#27 = 232.057
ROUND 1363 A#12 and B#27 = 234.711
ROUND 1364 A#13 and B#27 = 234.549
ROUND 1365 A#14 and B#27 = 277.799
ROUND 1366 A#15 and B#27 = 232.624
ROUND 1367 A#16 and B#27 = 232.712
ROUND 1368 A#17 and B#27 = 232.901
ROUND 1369 A#18 and B#27 = 233.795
ROUND 1370 A#19 and B#27 = 233.83
ROUND 1371 A#20 and B#27 = 232.586
ROUND 1372 A#21 and B#27 = 233.632
ROUND 1373 A#22 and B#27 = 220.866
ROUND 1374 A#23 and B#27 = 232.66
ROUND 1375 A#24 and B#27 = 83.1442
ROUND 1376 A#25 and B#27 = 82.6163
ROUND 1377 A#26 and B#27 = 83.68
ROUND 1378 A#27 and B#27 = 234.465
ROUND 1379 A#28 and B#27 = 271.89
ROUND 1380 A#29 and B#27 = 231.096
ROUND 1381 A#30 and B#27 = 209.452
ROUND 1382 A#31 and B#27 = 232.702
ROUND 1383 A#32 and B#27 = 270.464
ROUND 1384 A#33 and B#27 = 237.474
ROUND 1385 A#34 and B#27 = 233.828
ROUND 1386 A#35 and B#27 = 233.826
ROUND 1387 A#36 and B#27 = 233.782
ROUND 1388 A#37 and B#27 = 82.5685
ROUND 1389 A#38 and B#27 = 232.297
ROUND 1390 A#39 and B#27 = 231.809
ROUND 1391 A#40 and B#27 = 277.585
ROUND 1392 A#41 and B#27 = 277.414
ROUND 1393 A#42 and B#27 = 221.813
ROUND 1394 A#43 and B#27 = 219.723
ROUND 1395 A#44 and B#27 = 233.598
ROUND 1396 A#45 and B#27 = 277.775
ROUND 1397 A#46 and B#27 = 186.504
ROUND 1398 A#47 and B#27 = 277.481
ROUND 1399 A#48 and B#27 = 195.058
ROUND 1400 A#49 and B#27 = 233.792
ROUND 1401 A#0 and B#28 = 232.02
ROUND 1402 A#1 and B#28 = 198.604
ROUND 1403 A#2 and B#28 = 253.693
ROUND 1404 A#3 and B#28 = 120.751
ROUND 1405 A#4 and B#28 = 253.621
ROUND 1406 A#5 and B#28 = 208.677
ROUND 1407 A#6 and B#28 = 232.657
ROUND 1408 A#7 and B#28 = 234.935
ROUND 1409 A#8 and B#28 = 239.136
ROUND 1410 A#9 and B#28 = 188.457
ROUND 1411 A#10 and B#28 = 253.304
ROUND 1412 A#11 and B#28 = 154.967
ROUND 1413 A#12 and B#28 = 208.131
ROUND 1414 A#13 and B#28 = 202.218
ROUND 1415 A#14 and B#28 = 184.306
ROUND 1416 A#15 and B#28 = 253.394
ROUND 1417 A#16 and B#28 = 253.149
ROUND 1418 A#17 and B#28 = 207.97
ROUND 1419 A#18 and B#28 = 200.029
ROUND 1420 A#19 and B#28 = 196.464
ROUND 1421 A#20 and B#28 = 253.683
ROUND 1422 A#21 and B#28 = 199.025
ROUND 1423 A#22 and B#28 = 239.641
ROUND 1424 A#23 and B#28 = 252.877
ROUND 1425 A#24 and B#28 = 238.411
ROUND 1426 A#25 and B#28 = 238.075
ROUND 1427 A#26 and B#28 = 238.028
ROUND 1428 A#27 and B#28 = 202.184
ROUND 1429 A#28 and B#28 = 230.25
ROUND 1430 A#29 and B#28 = 234.172
ROUND 1431 A#30 and B#28 = 233.942
ROUND 1432 A#31 and B#28 = 207.853
ROUND 1433 A#32 and B#28 = 229.967
ROUND 1434 A#33 and B#28 = 232.457
ROUND 1435 A#34 and B#28 = 201.083
ROUND 1436 A#35 and B#28 = 195.662
ROUND 1437 A#36 and B#28 = 197.528
ROUND 1438 A#37 and B#28 = 239.691
ROUND 1439 A#38 and B#28 = 207.081
ROUND 1440 A#39 and B#28 = 206.26
ROUND 1441 A#40 and B#28 = 230.435
ROUND 1442 A#41 and B#28 = 230.792
ROUND 1443 A#42 and B#28 = 211.388
ROUND 1444 A#43 and B#28 = 115.926
ROUND 1445 A#44 and B#28 = 194.293
ROUND 1446 A#45 and B#28 = 176.323
ROUND 1447 A#46 and B#28 = 264.446
ROUND 1448 A#47 and B#28 = 179.051
ROUND 1449 A#48 and B#28 = 230.574
ROUND 1450 A#49 and B#28 = 190.805
ROUND 1451 A#0 and B#29 = 128.389
ROUND 1452 A#1 and B#29 = 238.37
ROUND 1453 A#2 and B#29 = 230.805
ROUND 1454 A#3 and B#29 = 247.005
ROUND 1455 A#4 and B#29 = 225.465
ROUND 1456 A#5 and B#29 = 210.15
ROUND 1457 A#6 and B#29 = 229.887
ROUND 1458 A#7 and B#29 = 251.384
ROUND 1459 A#8 and B#29 = 247.873
ROUND 1460 A#9 and B#29 = 125.514
ROUND 1461 A#10 and B#29 = 222.876
ROUND 1462 A#11 and B#29 = 224.043
ROUND 1463 A#12 and B#29 = 208.731
ROUND 1464 A#13 and B#29 = 202.203
ROUND 1465 A#14 and B#29 = 261.099
ROUND 1466 A#15 and B#29 = 241.645
ROUND 1467 A#16 and B#29 = 224.428
ROUND 1468 A#17 and B#29 = 223.675
ROUND 1469 A#18 and B#29 = 197.621
ROUND 1470 A#19 and B#29 = 193.619
ROUND 1471 A#20 and B#29 = 223.82
ROUND 1472 A#21 and B#29 = 195.45
ROUND 1473 A#22 and B#29 = 273.778
ROUND 1474 A#23 and B#29 = 220.793
ROUND 1475 A#24 and B#29 = 249.627
ROUND 1476 A#25 and B#29 = 246.194
ROUND 1477 A#26 and B#29 = 246.046
ROUND 1478 A#27 and B#29 = 202.576
ROUND 1479 A#28 and B#29 = 251.113
ROUND 1480 A#29 and B#29 = 224.746
ROUND 1481 A#30 and B#29 = 223.715
ROUND 1482 A#31 and B#29 = 125.53
ROUND 1483 A#32 and B#29 = 251.824
ROUND 1484 A#33 and B#29 = 233.103
ROUND 1485 A#34 and B#29 = 198.875
ROUND 1486 A#35 and B#29 = 197.103
ROUND 1487 A#36 and B#29 = 199.468
ROUND 1488 A#37 and B#29 = 250.365
ROUND 1489 A#38 and B#29 = 210.663
ROUND 1490 A#39 and B#29 = 211.92
ROUND 1491 A#40 and B#29 = 232.801
ROUND 1492 A#41 and B#29 = 245.973
ROUND 1493 A#42 and B#29 = 236.025
ROUND 1494 A#43 and B#29 = 88.1389
ROUND 1495 A#44 and B#29 = 125.593
ROUND 1496 A#45 and B#29 = 248.262
ROUND 1497 A#46 and B#29 = 251.99
ROUND 1498 A#47 and B#29 = 233.09
ROUND 1499 A#48 and B#29 = 249.253
ROUND 1500 A#49 and B#29 = 181.986
ROUND 1501 A#0 and B#30 = 194.213
ROUND 1502 A#1 and B#30 = 247.379
ROUND 1503 A#2 and B#30 = 151.354
ROUND 1504 A#3 and B#30 = 129.44
ROUND 1505 A#4 and B#30 = 145.124
ROUND 1506 A#5 and B#30 = 127.027
ROUND 1507 A#6 and B#30 = 129.527
ROUND 1508 A#7 and B#30 = 232.95
ROUND 1509 A#8 and B#30 = 231.067
ROUND 1510 A#9 and B#30 = 124.014
ROUND 1511 A#10 and B#30 = 246.813
ROUND 1512 A#11 and B#30 = 144.384
ROUND 1513 A#12 and B#30 = 172.652
ROUND 1514 A#13 and B#30 = 174.064
ROUND 1515 A#14 and B#30 = 237.296
ROUND 1516 A#15 and B#30 = 246.705
ROUND 1517 A#16 and B#30 = 247.365
ROUND 1518 A#17 and B#30 = 247.068
ROUND 1519 A#18 and B#30 = 174.539
ROUND 1520 A#19 and B#30 = 177.288
ROUND 1521 A#20 and B#30 = 246.606
ROUND 1522 A#21 and B#30 = 174.26
ROUND 1523 A#22 and B#30 = 196.518
ROUND 1524 A#23 and B#30 = 246.748
ROUND 1525 A#24 and B#30 = 232.352
ROUND 1526 A#25 and B#30 = 232.005
ROUND 1527 A#26 and B#30 = 232.123
ROUND 1528 A#27 and B#30 = 172.78
ROUND 1529 A#28 and B#30 = 137.648
ROUND 1530 A#29 and B#30 = 175.214
ROUND 1531 A#30 and B#30 = 172.699
ROUND 1532 A#31 and B#30 = 176.773
ROUND 1533 A#32 and B#30 = 147.641
ROUND 1534 A#33 and B#30 = 224.163
ROUND 1535 A#34 and B#30 = 174.403
ROUND 1536 A#35 and B#30 = 169.185
ROUND 1537 A#36 and B#30 = 165.235
ROUND 1538 A#37 and B#30 = 186.779
ROUND 1539 A#38 and B#30 = 246.974
ROUND 1540 A#39 and B#30 = 140.475
ROUND 1541 A#40 and B#30 = 151.178
ROUND 1542 A#41 and B#30 = 144.378
ROUND 1543 A#42 and B#30 = 246.36
ROUND 1544 A#43 and B#30 = 237.673
ROUND 1545 A#44 and B#30 = 172.019
ROUND 1546 A#45 and B#30 = 246.451
ROUND 1547 A#46 and B#30 = 245.883
ROUND 1548 A#47 and B#30 = 150.266
ROUND 1549 A#48 and B#30 = 246.091
ROUND 1550 A#49 and B#30 = 176.324
ROUND 1551 A#0 and B#31 = 332.392
ROUND 1552 A#1 and B#31 = 101.934
ROUND 1553 A#2 and B#31 = 104.505
ROUND 1554 A#3 and B#31 = 330.548
ROUND 1555 A#4 and B#31 = 166.243
ROUND 1556 A#5 and B#31 = 70.2784
ROUND 1557 A#6 and B#31 = 332.045
ROUND 1558 A#7 and B#31 = 231.39
ROUND 1559 A#8 and B#31 = 276.102
ROUND 1560 A#9 and B#31 = 277.978
ROUND 1561 A#10 and B#31 = 93.3303
ROUND 1562 A#11 and B#31 = 165.803
ROUND 1563 A#12 and B#31 = 275.849
ROUND 1564 A#13 and B#31 = 277.676
ROUND 1565 A#14 and B#31 = 95.5477
ROUND 1566 A#15 and B#31 = 71.5216
ROUND 1567 A#16 and B#31 = 164.801
ROUND 1568 A#17 and B#31 = 167.404
ROUND 1569 A#18 and B#31 = 281.168
ROUND 1570 A#19 and B#31 = 281.231
ROUND 1571 A#20 and B#31 = 70.0361
ROUND 1572 A#21 and B#31 = 281.256
ROUND 1573 A#22 and B#31 = 343.165
ROUND 1574 A#23 and B#31 = 95.402
ROUND 1575 A#24 and B#31 = 281.076
ROUND 1576 A#25 and B#31 = 281.138
ROUND 1577 A#26 and B#31 = 230.194
ROUND 1578 A#27 and B#31 = 275.721
ROUND 1579 A#28 and B#31 = 111.071
ROUND 1580 A#29 and B#31 = 281.271
ROUND 1581 A#30 and B#31 = 281.356
ROUND 1582 A#31 and B#31 = 281.403
ROUND 1583 A#32 and B#31 = 111.456
ROUND 1584 A#33 and B#31 = 331.543
ROUND 1585 A#34 and B#31 = 281.134
ROUND 1586 A#35 and B#31 = 281.206
ROUND 1587 A#36 and B#31 = 281.203
ROUND 1588 A#37 and B#31 = 281.083
ROUND 1589 A#38 and B#31 = 87.5945
ROUND 1590 A#39 and B#31 = 319.169
ROUND 1591 A#40 and B#31 = 115.591
ROUND 1592 A#41 and B#31 = 113.894
ROUND 1593 A#42 and B#31 = 80.3926
ROUND 1594 A#43 and B#31 = 58.908
ROUND 1595 A#44 and B#31 = 281.158
ROUND 1596 A#45 and B#31 = 230.348
ROUND 1597 A#46 and B#31 = -5.15817
ROUND 1598 A#47 and B#31 = 105.753
ROUND 1599 A#48 and B#31 = 13.187
ROUND 1600 A#49 and B#31 = 281.202
ROUND 1601 A#0 and B#32 = 194.235
ROUND 1602 A#1 and B#32 = 247.275
ROUND 1603 A#2 and B#32 = 151.526
ROUND 1604 A#3 and B#32 = 129.43
ROUND 1605 A#4 and B#32 = 145.492
ROUND 1606 A#5 and B#32 = 127.898
ROUND 1607 A#6 and B#32 = 129.568
ROUND 1608 A#7 and B#32 = 232.974
ROUND 1609 A#8 and B#32 = 177.565
ROUND 1610 A#9 and B#32 = 124.09
ROUND 1611 A#10 and B#32 = 246.764
ROUND 1612 A#11 and B#32 = 144.909
ROUND 1613 A#12 and B#32 = 172.527
ROUND 1614 A#13 and B#32 = 173.948
ROUND 1615 A#14 and B#32 = 236.634
ROUND 1616 A#15 and B#32 = 246.585
ROUND 1617 A#16 and B#32 = 247.364
ROUND 1618 A#17 and B#32 = 246.956
ROUND 1619 A#18 and B#32 = 174.419
ROUND 1620 A#19 and B#32 = 177.325
ROUND 1621 A#20 and B#32 = 246.395
ROUND 1622 A#21 and B#32 = 174.124
ROUND 1623 A#22 and B#32 = 196.381
ROUND 1624 A#23 and B#32 = 246.584
ROUND 1625 A#24 and B#32 = 177.555
ROUND 1626 A#25 and B#32 = 232.247
ROUND 1627 A#26 and B#32 = 232.295
ROUND 1628 A#27 and B#32 = 172.657
ROUND 1629 A#28 and B#32 = 137.826
ROUND 1630 A#29 and B#32 = 174.912
ROUND 1631 A#30 and B#32 = 172.898
ROUND 1632 A#31 and B#32 = 176.718
ROUND 1633 A#32 and B#32 = 147.958
ROUND 1634 A#33 and B#32 = 224.203
ROUND 1635 A#34 and B#32 = 174.276
ROUND 1636 A#35 and B#32 = 169.209
ROUND 1637 A#36 and B#32 = 165.132
ROUND 1638 A#37 and B#32 = 187.364
ROUND 1639 A#38 and B#32 = 246.614
ROUND 1640 A#39 and B#32 = 140.857
ROUND 1641 A#40 and B#32 = 151.277
ROUND 1642 A#41 and B#32 = 148.499
ROUND 1643 A#42 and B#32 = 245.942
ROUND 1644 A#43 and B#32 = 237.751
ROUND 1645 A#44 and B#32 = 171.992
ROUND 1646 A#45 and B#32 = 246.295
ROUND 1647 A#46 and B#32 = 245.881
ROUND 1648 A#47 and B#32 = 150.556
ROUND 1649 A#48 and B#32 = 245.93
ROUND 1650 A#49 and B#32 = 176.208
ROUND 1651 A#0 and B#33 = 230.99
ROUND 1652 A#1 and B#33 = 100.221
ROUND 1653 A#2 and B#33 = 72.1236
ROUND 1654 A#3 and B#33 = 325.95
ROUND 1655 A#4 and B#33 = 164.91
ROUND 1656 A#5 and B#33 = 319.314
ROUND 1657 A#6 and B#33 = 327.531
ROUND 1658 A#7 and B#33 = 231.217
ROUND 1659 A#8 and B#33 = 230.905
ROUND 1660 A#9 and B#33 = 278.012
ROUND 1661 A#10 and B#33 = 164.512
ROUND 1662 A#11 and B#33 = 164.551
ROUND 1663 A#12 and B#33 = 276.031
ROUND 1664 A#13 and B#33 = 277.758
ROUND 1665 A#14 and B#33 = -17.2434
ROUND 1666 A#15 and B#33 = 56.6816
ROUND 1667 A#16 and B#33 = 163.726
ROUND 1668 A#17 and B#33 = 166.019
ROUND 1669 A#18 and B#33 = 281.478
ROUND 1670 A#19 and B#33 = 281.481
ROUND 1671 A#20 and B#33 = 52.3844
ROUND 1672 A#21 and B#33 = 281.597
ROUND 1673 A#22 and B#33 = 337.635
ROUND 1674 A#23 and B#33 = 94.1462
ROUND 1675 A#24 and B#33 = 53.4237
ROUND 1676 A#25 and B#33 = 52.3602
ROUND 1677 A#26 and B#33 = 230.098
ROUND 1678 A#27 and B#33 = 275.975
ROUND 1679 A#28 and B#33 = 109.672
ROUND 1680 A#29 and B#33 = 53.4651
ROUND 1681 A#30 and B#33 = 228.796
ROUND 1682 A#31 and B#33 = 281.686
ROUND 1683 A#32 and B#33 = 109.735
ROUND 1684 A#33 and B#33 = 329.28
ROUND 1685 A#34 and B#33 = 281.453
ROUND 1686 A#35 and B#33 = 281.454
ROUND 1687 A#36 and B#33 = 281.552
ROUND 1688 A#37 and B#33 = 230.236
ROUND 1689 A#38 and B#33 = 72.6241
ROUND 1690 A#39 and B#33 = 316.8
ROUND 1691 A#40 and B#33 = 114.012
ROUND 1692 A#41 and B#33 = 230.61
ROUND 1693 A#42 and B#33 = 81.2098
ROUND 1694 A#43 and B#33 = 57.8321
ROUND 1695 A#44 and B#33 = 281.493
ROUND 1696 A#45 and B#33 = -6.26682
ROUND 1697 A#46 and B#33 = 318.066
ROUND 1698 A#47 and B#33 = 91.4655
ROUND 1699 A#48 and B#33 = 19.1364
ROUND 1700 A#49 and B#33 = 281.496
ROUND 1701 A#0 and B#34 = 232.793
ROUND 1702 A#1 and B#34 = 276.322
ROUND 1703 A#2 and B#34 = 295.393
ROUND 1704 A#3 and B#34 = 301.579
ROUND 1705 A#4 and B#34 = 288.644
ROUND 1706 A#5 and B#34 = 275.516
ROUND 1707 A#6 and B#34 = 309.363
ROUND 1708 A#7 and B#34 = 233.273
ROUND 1709 A#8 and B#34 = 301.933
ROUND 1710 A#9 and B#34 = 163.252
ROUND 1711 A#10 and B#34 = 274.22
ROUND 1712 A#11 and B#34 = 274.271
ROUND 1713 A#12 and B#34 = 138.902
ROUND 1714 A#13 and B#34 = -30.4173
ROUND 1715 A#14 and B#34 = 180.663
ROUND 1716 A#15 and B#34 = 299.075
ROUND 1717 A#16 and B#34 = 276.977
ROUND 1718 A#17 and B#34 = 299.703
ROUND 1719 A#18 and B#34 = -30.0299
ROUND 1720 A#19 and B#34 = 154.755
ROUND 1721 A#20 and B#34 = 299.02
ROUND 1722 A#21 and B#34 = 154.833
ROUND 1723 A#22 and B#34 = 303.227
ROUND 1724 A#23 and B#34 = 298.891
ROUND 1725 A#24 and B#34 = 232.103
ROUND 1726 A#25 and B#34 = 305.383
ROUND 1727 A#26 and B#34 = 305.407
ROUND 1728 A#27 and B#34 = 139.045
ROUND 1729 A#28 and B#34 = 315.264
ROUND 1730 A#29 and B#34 = 271.314
ROUND 1731 A#30 and B#34 = 286.799
ROUND 1732 A#31 and B#34 = 156.007
ROUND 1733 A#32 and B#34 = 315.531
ROUND 1734 A#33 and B#34 = 176.318
ROUND 1735 A#34 and B#34 = -29.8469
ROUND 1736 A#35 and B#34 = 156.851
ROUND 1737 A#36 and B#34 = 151.715
ROUND 1738 A#37 and B#34 = 232.037
ROUND 1739 A#38 and B#34 = 263.719
ROUND 1740 A#39 and B#34 = 263.87
ROUND 1741 A#40 and B#34 = 316.17
ROUND 1742 A#41 and B#34 = 174.173
ROUND 1743 A#42 and B#34 = 303.757
ROUND 1744 A#43 and B#34 = 314.055
ROUND 1745 A#44 and B#34 = 151.936
ROUND 1746 A#45 and B#34 = 317.364
ROUND 1747 A#46 and B#34 = 312.609
ROUND 1748 A#47 and B#34 = 315.469
ROUND 1749 A#48 and B#34 = 303.639
ROUND 1750 A#49 and B#34 = -26.7939
ROUND 1751 A#0 and B#35 = 79.1447
ROUND 1752 A#1 and B#35 = 278.118
ROUND 1753 A#2 and B#35 = 241.019
ROUND 1754 A#3 and B#35 = 162.532
ROUND 1755 A#4 and B#35 = 232.266
ROUND 1756 A#5 and B#35 = 231.345
ROUND 1757 A#6 and B#35 = 163.813
ROUND 1758 A#7 and B#35 = 81.3316
ROUND 1759 A#8 and B#35 = 88.9406
ROUND 1760 A#9 and B#35 = 234.45
ROUND 1761 A#10 and B#35 = 232.594
ROUND 1762 A#11 and B#35 = 232.05
ROUND 1763 A#12 and B#35 = 234.828
ROUND 1764 A#13 and B#35 = 234.561
ROUND 1765 A#14 and B#35 = 278.055
ROUND 1766 A#15 and B#35 = 232.61
ROUND 1767 A#16 and B#35 = 232.801
ROUND 1768 A#17 and B#35 = 232.928
ROUND 1769 A#18 and B#35 = 233.796
ROUND 1770 A#19 and B#35 = 233.798
ROUND 1771 A#20 and B#35 = 232.556
ROUND 1772 A#21 and B#35 = 233.603
ROUND 1773 A#22 and B#35 = 9.49288
ROUND 1774 A#23 and B#35 = 277.974
ROUND 1775 A#24 and B#35 = 84.7091
ROUND 1776 A#25 and B#35 = 232.564
ROUND 1777 A#26 and B#35 = 86.6134
ROUND 1778 A#27 and B#35 = 234.797
ROUND 1779 A#28 and B#35 = 272.096
ROUND 1780 A#29 and B#35 = 231.068
ROUND 1781 A#30 and B#35 = 209.65
ROUND 1782 A#31 and B#35 = 232.732
ROUND 1783 A#32 and B#35 = 271.802
ROUND 1784 A#33 and B#35 = 89.5505
ROUND 1785 A#34 and B#35 = 233.796
ROUND 1786 A#35 and B#35 = 233.804
ROUND 1787 A#36 and B#35 = 233.776
ROUND 1788 A#37 and B#35 = 85.5758
ROUND 1789 A#38 and B#35 = 232.282
ROUND 1790 A#39 and B#35 = 231.81
ROUND 1791 A#40 and B#35 = 277.975
ROUND 1792 A#41 and B#35 = 65.663
ROUND 1793 A#42 and B#35 = 221.333
ROUND 1794 A#43 and B#35 = 135.006
ROUND 1795 A#44 and B#35 = 233.59
ROUND 1796 A#45 and B#35 = 278.175
ROUND 1797 A#46 and B#35 = 186.883
ROUND 1798 A#47 and B#35 = 277.977
ROUND 1799 A#48 and B#35 = 239.433
ROUND 1800 A#49 and B#35 = 233.723
ROUND 1801 A#0 and B#36 = 197.436
ROUND 1802 A#1 and B#36 = 81.8776
ROUND 1803 A#2 and B#36 = 252.966
ROUND 1804 A#3 and B#36 = 150.666
ROUND 1805 A#4 and B#36 = 44.6751
ROUND 1806 A#5 and B#36 = 225.673
ROUND 1807 A#6 and B#36 = 160.205
ROUND 1808 A#7 and B#36 = 232.85
ROUND 1809 A#8 and B#36 = 232.544
ROUND 1810 A#9 and B#36 = 240.303
ROUND 1811 A#10 and B#36 = 250.106
ROUND 1812 A#11 and B#36 = 249.851
ROUND 1813 A#12 and B#36 = 138.431
ROUND 1814 A#13 and B#36 = 144.442
ROUND 1815 A#14 and B#36 = 177.934
ROUND 1816 A#15 and B#36 = 250.668
ROUND 1817 A#16 and B#36 = 45.4064
ROUND 1818 A#17 and B#36 = 44.9295
ROUND 1819 A#18 and B#36 = 146.586
ROUND 1820 A#19 and B#36 = 145.886
ROUND 1821 A#20 and B#36 = 251.121
ROUND 1822 A#21 and B#36 = 147.383
ROUND 1823 A#22 and B#36 = 133.88
ROUND 1824 A#23 and B#36 = 230.657
ROUND 1825 A#24 and B#36 = 232.499
ROUND 1826 A#25 and B#36 = 242.039
ROUND 1827 A#26 and B#36 = 204.512
ROUND 1828 A#27 and B#36 = 137.949
ROUND 1829 A#28 and B#36 = 254.147
ROUND 1830 A#29 and B#36 = 24.8718
ROUND 1831 A#30 and B#36 = 23.0889
ROUND 1832 A#31 and B#36 = 202.519
ROUND 1833 A#32 and B#36 = 254.356
ROUND 1834 A#33 and B#36 = 226.244
ROUND 1835 A#34 and B#36 = 146.976
ROUND 1836 A#35 and B#36 = 145.607
ROUND 1837 A#36 and B#36 = 146.049
ROUND 1838 A#37 and B#36 = 204.332
ROUND 1839 A#38 and B#36 = 211.266
ROUND 1840 A#39 and B#36 = 233.172
ROUND 1841 A#40 and B#36 = 253.661
ROUND 1842 A#41 and B#36 = 180.684
ROUND 1843 A#42 and B#36 = 235.115
ROUND 1844 A#43 and B#36 = 233.375
ROUND 1845 A#44 and B#36 = 151.122
ROUND 1846 A#45 and B#36 = 254.101
ROUND 1847 A#46 and B#36 = 112.428
ROUND 1848 A#47 and B#36 = 254.286
ROUND 1849 A#48 and B#36 = 227.817
ROUND 1850 A#49 and B#36 = 147.886
ROUND 1851 A#0 and B#37 = 232.33
ROUND 1852 A#1 and B#37 = 250.617
ROUND 1853 A#2 and B#37 = 269.63
ROUND 1854 A#3 and B#37 = 118.303
ROUND 1855 A#4 and B#37 = 267.627
ROUND 1856 A#5 and B#37 = 268.126
ROUND 1857 A#6 and B#37 = 142.245
ROUND 1858 A#7 and B#37 = 266.941
ROUND 1859 A#8 and B#37 = 266.443
ROUND 1860 A#9 and B#37 = 147.262
ROUND 1861 A#10 and B#37 = 268.221
ROUND 1862 A#11 and B#37 = 268.383
ROUND 1863 A#12 and B#37 = 138.787
ROUND 1864 A#13 and B#37 = 138.93
ROUND 1865 A#14 and B#37 = 230.4
ROUND 1866 A#15 and B#37 = 261.404
ROUND 1867 A#16 and B#37 = 266.803
ROUND 1868 A#17 and B#37 = 268.197
ROUND 1869 A#18 and B#37 = 163.272
ROUND 1870 A#19 and B#37 = 166.334
ROUND 1871 A#20 and B#37 = 260.747
ROUND 1872 A#21 and B#37 = 134.848
ROUND 1873 A#22 and B#37 = 258.09
ROUND 1874 A#23 and B#37 = 251.482
ROUND 1875 A#24 and B#37 = 266.728
ROUND 1876 A#25 and B#37 = 261.121
ROUND 1877 A#26 and B#37 = 266.283
ROUND 1878 A#27 and B#37 = 163.565
ROUND 1879 A#28 and B#37 = 294.157
ROUND 1880 A#29 and B#37 = 261.488
ROUND 1881 A#30 and B#37 = 266.518
ROUND 1882 A#31 and B#37 = 139.272
ROUND 1883 A#32 and B#37 = 294.353
ROUND 1884 A#33 and B#37 = 232.59
ROUND 1885 A#34 and B#37 = 163.246
ROUND 1886 A#35 and B#37 = 169.239
ROUND 1887 A#36 and B#37 = 167.195
ROUND 1888 A#37 and B#37 = 264.311
ROUND 1889 A#38 and B#37 = 261.534
ROUND 1890 A#39 and B#37 = 261.868
ROUND 1891 A#40 and B#37 = 294.82
ROUND 1892 A#41 and B#37 = 293.002
ROUND 1893 A#42 and B#37 = 266.818
ROUND 1894 A#43 and B#37 = 237.826
ROUND 1895 A#44 and B#37 = 163.763
ROUND 1896 A#45 and B#37 = 132.861
ROUND 1897 A#46 and B#37 = 291.042
ROUND 1898 A#47 and B#37 = 291.392
ROUND 1899 A#48 and B#37 = 278.795
ROUND 1900 A#49 and B#37 = 134.808
ROUND 1901 A#0 and B#38 = 194.243
ROUND 1902 A#1 and B#38 = 247.374
ROUND 1903 A#2 and B#38 = 150.817
ROUND 1904 A#3 and B#38 = 129.438
ROUND 1905 A#4 and B#38 = 145.321
ROUND 1906 A#5 and B#38 = 126.976
ROUND 1907 A#6 and B#38 = 129.531
ROUND 1908 A#7 and B#38 = 233.007
ROUND 1909 A#8 and B#38 = 231.127
ROUND 1910 A#9 and B#38 = 123.845
ROUND 1911 A#10 and B#38 = 246.804
ROUND 1912 A#11 and B#38 = 144.443
ROUND 1913 A#12 and B#38 = 172.652
ROUND 1914 A#13 and B#38 = 174.055
ROUND 1915 A#14 and B#38 = 236.717
ROUND 1916 A#15 and B#38 = 246.69
ROUND 1917 A#16 and B#38 = 247.455
ROUND 1918 A#17 and B#38 = 247.097
ROUND 1919 A#18 and B#38 = 174.537
ROUND 1920 A#19 and B#38 = 177.214
ROUND 1921 A#20 and B#38 = 246.541
ROUND 1922 A#21 and B#38 = 174.255
ROUND 1923 A#22 and B#38 = 196.816
ROUND 1924 A#23 and B#38 = 246.695
ROUND 1925 A#24 and B#38 = 232.298
ROUND 1926 A#25 and B#38 = 232.092
ROUND 1927 A#26 and B#38 = 232.08
ROUND 1928 A#27 and B#38 = 172.782
ROUND 1929 A#28 and B#38 = 137.676
ROUND 1930 A#29 and B#38 = 175.185
ROUND 1931 A#30 and B#38 = 172.706
ROUND 1932 A#31 and B#38 = 176.737
ROUND 1933 A#32 and B#38 = 147.482
ROUND 1934 A#33 and B#38 = 224.183
ROUND 1935 A#34 and B#38 = 174.394
ROUND 1936 A#35 and B#38 = 169.123
ROUND 1937 A#36 and B#38 = 165.258
ROUND 1938 A#37 and B#38 = 187.166
ROUND 1939 A#38 and B#38 = 247.087
ROUND 1940 A#39 and B#38 = 140.678
ROUND 1941 A#40 and B#38 = 150.997
ROUND 1942 A#41 and B#38 = 143.986
ROUND 1943 A#42 and B#38 = 246.382
ROUND 1944 A#43 and B#38 = 237.655
ROUND 1945 A#44 and B#38 = 171.946
ROUND 1946 A#45 and B#38 = 246.509
ROUND 1947 A#46 and B#38 = 245.812
ROUND 1948 A#47 and B#38 = 150.155
ROUND 1949 A#48 and B#38 = 246.149
ROUND 1950 A#49 and B#38 = 176.278
ROUND 1951 A#0 and B#39 = 232.562
ROUND 1952 A#1 and B#39 = 293.9
ROUND 1953 A#2 and B#39 = 91.487
ROUND 1954 A#3 and B#39 = 335.551
ROUND 1955 A#4 and B#39 = 42.8009
ROUND 1956 A#5 and B#39 = 301.377
ROUND 1957 A#6 and B#39 = 324.506
ROUND 1958 A#7 and B#39 = 299.186
ROUND 1959 A#8 and B#39 = 230.347
ROUND 1960 A#9 and B#39 = 301.669
ROUND 1961 A#10 and B#39 = 236.294
ROUND 1962 A#11 and B#39 = 281.314
ROUND 1963 A#12 and B#39 = 200.115
ROUND 1964 A#13 and B#39 = 193.183
ROUND 1965 A#14 and B#39 = 228.023
ROUND 1966 A#15 and B#39 = 236.232
ROUND 1967 A#16 and B#39 = 236.275
ROUND 1968 A#17 and B#39 = 236.256
ROUND 1969 A#18 and B#39 = 115.381
ROUND 1970 A#19 and B#39 = 114.512
ROUND 1971 A#20 and B#39 = 6.08784
ROUND 1972 A#21 and B#39 = 113.805
ROUND 1973 A#22 and B#39 = 350.808
ROUND 1974 A#23 and B#39 = 187.842
ROUND 1975 A#24 and B#39 = 118.28
ROUND 1976 A#25 and B#39 = 229.037
ROUND 1977 A#26 and B#39 = 229.009
ROUND 1978 A#27 and B#39 = 198.873
ROUND 1979 A#28 and B#39 = 305.084
ROUND 1980 A#29 and B#39 = 229.238
ROUND 1981 A#30 and B#39 = 229.564
ROUND 1982 A#31 and B#39 = 127.94
ROUND 1983 A#32 and B#39 = 305.131
ROUND 1984 A#33 and B#39 = 184.581
ROUND 1985 A#34 and B#39 = 116.458
ROUND 1986 A#35 and B#39 = 237.481
ROUND 1987 A#36 and B#39 = 280.912
ROUND 1988 A#37 and B#39 = 118.625
ROUND 1989 A#38 and B#39 = 303.078
ROUND 1990 A#39 and B#39 = 303.382
ROUND 1991 A#40 and B#39 = 304.022
ROUND 1992 A#41 and B#39 = 303.422
ROUND 1993 A#42 and B#39 = 303.558
ROUND 1994 A#43 and B#39 = 328.024
ROUND 1995 A#44 and B#39 = 230.888
ROUND 1996 A#45 and B#39 = 187.089
ROUND 1997 A#46 and B#39 = 224.043
ROUND 1998 A#47 and B#39 = 246.779
ROUND 1999 A#48 and B#39 = 208.34
ROUND 2000 A#49 and B#39 = 289.389
ROUND 2001 A#0 and B#40 = 78.7529
ROUND 2002 A#1 and B#40 = 277.947
ROUND 2003 A#2 and B#40 = 191.026
ROUND 2004 A#3 and B#40 = 162.563
ROUND 2005 A#4 and B#40 = 232.296
ROUND 2006 A#5 and B#40 = 231.347
ROUND 2007 A#6 and B#40 = 163.89
ROUND 2008 A#7 and B#40 = 79.2225
ROUND 2009 A#8 and B#40 = 87.8431
ROUND 2010 A#9 and B#40 = 234.465
ROUND 2011 A#10 and B#40 = 232.596
ROUND 2012 A#11 and B#40 = 232.053
ROUND 2013 A#12 and B#40 = 234.74
ROUND 2014 A#13 and B#40 = 234.657
ROUND 2015 A#14 and B#40 = 236.056
ROUND 2016 A#15 and B#40 = 232.602
ROUND 2017 A#16 and B#40 = 232.733
ROUND 2018 A#17 and B#40 = 232.933
ROUND 2019 A#18 and B#40 = 233.814
ROUND 2020 A#19 and B#40 = 233.841
ROUND 2021 A#20 and B#40 = 232.567
ROUND 2022 A#21 and B#40 = 233.662
ROUND 2023 A#22 and B#40 = 7.2648
ROUND 2024 A#23 and B#40 = 277.865
ROUND 2025 A#24 and B#40 = 83.5902
ROUND 2026 A#25 and B#40 = 232.556
ROUND 2027 A#26 and B#40 = 85.5532
ROUND 2028 A#27 and B#40 = 234.873
ROUND 2029 A#28 and B#40 = 272.027
ROUND 2030 A#29 and B#40 = 231.043
ROUND 2031 A#30 and B#40 = 209.436
ROUND 2032 A#31 and B#40 = 232.732
ROUND 2033 A#32 and B#40 = 271.324
ROUND 2034 A#33 and B#40 = 88.5497
ROUND 2035 A#34 and B#40 = 233.837
ROUND 2036 A#35 and B#40 = 233.835
ROUND 2037 A#36 and B#40 = 233.776
ROUND 2038 A#37 and B#40 = 84.4628
ROUND 2039 A#38 and B#40 = 232.292
ROUND 2040 A#39 and B#40 = 231.823
ROUND 2041 A#40 and B#40 = 277.938
ROUND 2042 A#41 and B#40 = 64.1699
ROUND 2043 A#42 and B#40 = 221.461
ROUND 2044 A#43 and B#40 = 134.966
ROUND 2045 A#44 and B#40 = 233.646
ROUND 2046 A#45 and B#40 = 278.013
ROUND 2047 A#46 and B#40 = 186.027
ROUND 2048 A#47 and B#40 = 277.812
ROUND 2049 A#48 and B#40 = 194.459
ROUND 2050 A#49 and B#40 = 233.832
ROUND 2051 A#0 and B#41 = 14.1752
ROUND 2052 A#1 and B#41 = 296.166
ROUND 2053 A#2 and B#41 = 41.4305
ROUND 2054 A#3 and B#41 = 304.688
ROUND 2055 A#4 and B#41 = 281.02
ROUND 2056 A#5 and B#41 = 298.312
ROUND 2057 A#6 and B#41 = 304.646
ROUND 2058 A#7 and B#41 = 237.102
ROUND 2059 A#8 and B#41 = 28.3276
ROUND 2060 A#9 and B#41 = 327.315
ROUND 2061 A#10 and B#41 = 277.358
ROUND 2062 A#11 and B#41 = 281.09
ROUND 2063 A#12 and B#41 = 308.12
ROUND 2064 A#13 and B#41 = 307.939
ROUND 2065 A#14 and B#41 = 295.884
ROUND 2066 A#15 and B#41 = 63.6886
ROUND 2067 A#16 and B#41 = 236.156
ROUND 2068 A#17 and B#41 = 236.067
ROUND 2069 A#18 and B#41 = 308.162
ROUND 2070 A#19 and B#41 = 307.511
ROUND 2071 A#20 and B#41 = 16.7499
ROUND 2072 A#21 and B#41 = 308.297
ROUND 2073 A#22 and B#41 = 300.03
ROUND 2074 A#23 and B#41 = 4.03601
ROUND 2075 A#24 and B#41 = 237.26
ROUND 2076 A#25 and B#41 = 28.0894
ROUND 2077 A#26 and B#41 = 30.0738
ROUND 2078 A#27 and B#41 = 307.84
ROUND 2079 A#28 and B#41 = 227.945
ROUND 2080 A#29 and B#41 = 20.0252
ROUND 2081 A#30 and B#41 = 21.2969
ROUND 2082 A#31 and B#41 = 301.006
ROUND 2083 A#32 and B#41 = 228.078
ROUND 2084 A#33 and B#41 = 185.576
ROUND 2085 A#34 and B#41 = 308.295
ROUND 2086 A#35 and B#41 = 301.564
ROUND 2087 A#36 and B#41 = 302.732
ROUND 2088 A#37 and B#41 = 237.324
ROUND 2089 A#38 and B#41 = 291.09
ROUND 2090 A#39 and B#41 = 280.019
ROUND 2091 A#40 and B#41 = 228.196
ROUND 2092 A#41 and B#41 = 228.069
ROUND 2093 A#42 and B#41 = 222.666
ROUND 2094 A#43 and B#41 = 306.95
ROUND 2095 A#44 and B#41 = 316.763
ROUND 2096 A#45 and B#41 = 179.553
ROUND 2097 A#46 and B#41 = 296.716
ROUND 2098 A#47 and B#41 = 228.263
ROUND 2099 A#48 and B#41 = 291.48
ROUND 2100 A#49 and B#41 = 312.334
ROUND 2101 A#0 and B#42 = 232.637
ROUND 2102 A#1 and B#42 = 29.9819
ROUND 2103 A#2 and B#42 = 91.6832
ROUND 2104 A#3 and B#42 = 335.87
ROUND 2105 A#4 and B#42 = 42.8535
ROUND 2106 A#5 and B#42 = 301.923
ROUND 2107 A#6 and B#42 = 324.79
ROUND 2108 A#7 and B#42 = 246.849
ROUND 2109 A#8 and B#42 = 230.476
ROUND 2110 A#9 and B#42 = 301.948
ROUND 2111 A#10 and B#42 = 75.5353
ROUND 2112 A#11 and B#42 = 70.9613
ROUND 2113 A#12 and B#42 = 200.156
ROUND 2114 A#13 and B#42 = 117.688
ROUND 2115 A#14 and B#42 = 228.302
ROUND 2116 A#15 and B#42 = 236.22
ROUND 2117 A#16 and B#42 = 236.26
ROUND 2118 A#17 and B#42 = 236.307
ROUND 2119 A#18 and B#42 = 115.785
ROUND 2120 A#19 and B#42 = 115.031
ROUND 2121 A#20 and B#42 = 187.463
ROUND 2122 A#21 and B#42 = 114.135
ROUND 2123 A#22 and B#42 = 351.139
ROUND 2124 A#23 and B#42 = 77.5463
ROUND 2125 A#24 and B#42 = 218.66
ROUND 2126 A#25 and B#42 = 229.124
ROUND 2127 A#26 and B#42 = 229.211
ROUND 2128 A#27 and B#42 = 198.955
ROUND 2129 A#28 and B#42 = 305.258
ROUND 2130 A#29 and B#42 = 229.302
ROUND 2131 A#30 and B#42 = 229.429
ROUND 2132 A#31 and B#42 = 128.332
ROUND 2133 A#32 and B#42 = 305.372
ROUND 2134 A#33 and B#42 = 184.934
ROUND 2135 A#34 and B#42 = 116.834
ROUND 2136 A#35 and B#42 = 280.609
ROUND 2137 A#36 and B#42 = 280.688
ROUND 2138 A#37 and B#42 = 218.928
ROUND 2139 A#38 and B#42 = 303.644
ROUND 2140 A#39 and B#42 = 303.888
ROUND 2141 A#40 and B#42 = 304.301
ROUND 2142 A#41 and B#42 = 187.906
ROUND 2143 A#42 and B#42 = 303.996
ROUND 2144 A#43 and B#42 = 149.605
ROUND 2145 A#44 and B#42 = 230.871
ROUND 2146 A#45 and B#42 = 187.322
ROUND 2147 A#46 and B#42 = 225.717
ROUND 2148 A#47 and B#42 = 246.471
ROUND 2149 A#48 and B#42 = 208.452
ROUND 2150 A#49 and B#42 = 289.77
ROUND 2151 A#0 and B#43 = 12.7861
ROUND 2152 A#1 and B#43 = 27.668
ROUND 2153 A#2 and B#43 = 83.2359
ROUND 2154 A#3 and B#43 = 362.749
ROUND 2155 A#4 and B#43 = 281.329
ROUND 2156 A#5 and B#43 = 300.454
ROUND 2157 A#6 and B#43 = 362.988
ROUND 2158 A#7 and B#43 = 231.058
ROUND 2159 A#8 and B#43 = 29.8815
ROUND 2160 A#9 and B#43 = 277.44
ROUND 2161 A#10 and B#43 = 236.193
ROUND 2162 A#11 and B#43 = 281.371
ROUND 2163 A#12 and B#43 = 308.655
ROUND 2164 A#13 and B#43 = 305.416
ROUND 2165 A#14 and B#43 = 245.104
ROUND 2166 A#15 and B#43 = 277.351
ROUND 2167 A#16 and B#43 = 235.957
ROUND 2168 A#17 and B#43 = 235.98
ROUND 2169 A#18 and B#43 = 314.548
ROUND 2170 A#19 and B#43 = 308.227
ROUND 2171 A#20 and B#43 = 2.55375
ROUND 2172 A#21 and B#43 = 314.284
ROUND 2173 A#22 and B#43 = 362.673
ROUND 2174 A#23 and B#43 = 70.1549
ROUND 2175 A#24 and B#43 = 30.3329
ROUND 2176 A#25 and B#43 = 31.0217
ROUND 2177 A#26 and B#43 = 32.8656
ROUND 2178 A#27 and B#43 = 308.394
ROUND 2179 A#28 and B#43 = 83.9492
ROUND 2180 A#29 and B#43 = -35.1404
ROUND 2181 A#30 and B#43 = 21.2351
ROUND 2182 A#31 and B#43 = 314.832
ROUND 2183 A#32 and B#43 = 85.134
ROUND 2184 A#33 and B#43 = 230.32
ROUND 2185 A#34 and B#43 = 314.625
ROUND 2186 A#35 and B#43 = 302.368
ROUND 2187 A#36 and B#43 = 281.045
ROUND 2188 A#37 and B#43 = -7.95374
ROUND 2189 A#38 and B#43 = 299.922
ROUND 2190 A#39 and B#43 = 285.083
ROUND 2191 A#40 and B#43 = 90.622
ROUND 2192 A#41 and B#43 = 228.49
ROUND 2193 A#42 and B#43 = 53.2596
ROUND 2194 A#43 and B#43 = 279.703
ROUND 2195 A#44 and B#43 = 281.057
ROUND 2196 A#45 and B#43 = 179.799
ROUND 2197 A#46 and B#43 = 299.001
ROUND 2198 A#47 and B#43 = 227.969
ROUND 2199 A#48 and B#43 = 293.659
ROUND 2200 A#49 and B#43 = 314.108
ROUND 2201 A#0 and B#44 = 232.479
ROUND 2202 A#1 and B#44 = 316.909
ROUND 2203 A#2 and B#44 = 316.755
ROUND 2204 A#3 and B#44 = 226.71
ROUND 2205 A#4 and B#44 = 277.538
ROUND 2206 A#5 and B#44 = 276.397
ROUND 2207 A#6 and B#44 = 309.383
ROUND 2208 A#7 and B#44 = 298.43
ROUND 2209 A#8 and B#44 = 282.849
ROUND 2210 A#9 and B#44 = -24.0847
ROUND 2211 A#10 and B#44 = 275.121
ROUND 2212 A#11 and B#44 = 307.584
ROUND 2213 A#12 and B#44 = -34.2695
ROUND 2214 A#13 and B#44 = -33.0408
ROUND 2215 A#14 and B#44 = 304.431
ROUND 2216 A#15 and B#44 = 272.3
ROUND 2217 A#16 and B#44 = 278.8
ROUND 2218 A#17 and B#44 = 276.838
ROUND 2219 A#18 and B#44 = -31.7856
ROUND 2220 A#19 and B#44 = -31.1243
ROUND 2221 A#20 and B#44 = 274.888
ROUND 2222 A#21 and B#44 = -28.7673
ROUND 2223 A#22 and B#44 = 302.193
ROUND 2224 A#23 and B#44 = 278.778
ROUND 2225 A#24 and B#44 = 282.776
ROUND 2226 A#25 and B#44 = 271.275
ROUND 2227 A#26 and B#44 = 283.184
ROUND 2228 A#27 and B#44 = 138.817
ROUND 2229 A#28 and B#44 = 315.166
ROUND 2230 A#29 and B#44 = 271.581
ROUND 2231 A#30 and B#44 = 283.461
ROUND 2232 A#31 and B#44 = -35.5926
ROUND 2233 A#32 and B#44 = 315.313
ROUND 2234 A#33 and B#44 = 228.401
ROUND 2235 A#34 and B#44 = -31.5423
ROUND 2236 A#35 and B#44 = -31.6422
ROUND 2237 A#36 and B#44 = 138.771
ROUND 2238 A#37 and B#44 = 275.794
ROUND 2239 A#38 and B#44 = 306.488
ROUND 2240 A#39 and B#44 = 306.205
ROUND 2241 A#40 and B#44 = 316.17
ROUND 2242 A#41 and B#44 = 315.973
ROUND 2243 A#42 and B#44 = 309.413
ROUND 2244 A#43 and B#44 = 314.068
ROUND 2245 A#44 and B#44 = -21.5455
ROUND 2246 A#45 and B#44 = 318.096
ROUND 2247 A#46 and B#44 = 312.501
ROUND 2248 A#47 and B#44 = 315.847
ROUND 2249 A#48 and B#44 = 322.26
ROUND 2250 A#49 and B#44 = -30.0802
ROUND 2251 A#0 and B#45 = 233.157
ROUND 2252 A#1 and B#45 = 276.565
ROUND 2253 A#2 and B#45 = 295.348
ROUND 2254 A#3 and B#45 = 301.767
ROUND 2255 A#4 and B#45 = 174.084
ROUND 2256 A#5 and B#45 = 276.41
ROUND 2257 A#6 and B#45 = 309.529
ROUND 2258 A#7 and B#45 = 167.851
ROUND 2259 A#8 and B#45 = 175.177
ROUND 2260 A#9 and B#45 = 163.538
ROUND 2261 A#10 and B#45 = 299.284
ROUND 2262 A#11 and B#45 = 275.201
ROUND 2263 A#12 and B#45 = 153.328
ROUND 2264 A#13 and B#45 = 153.636
ROUND 2265 A#14 and B#45 = 180.063
ROUND 2266 A#15 and B#45 = 299.32
ROUND 2267 A#16 and B#45 = 176.277
ROUND 2268 A#17 and B#45 = 175.585
ROUND 2269 A#18 and B#45 = 154.069
ROUND 2270 A#19 and B#45 = 155.09
ROUND 2271 A#20 and B#45 = 299.29
ROUND 2272 A#21 and B#45 = 155.052
ROUND 2273 A#22 and B#45 = 301.725
ROUND 2274 A#23 and B#45 = 299.194
ROUND 2275 A#24 and B#45 = 173.509
ROUND 2276 A#25 and B#45 = 49.4532
ROUND 2277 A#26 and B#45 = 170.451
ROUND 2278 A#27 and B#45 = 123.681
ROUND 2279 A#28 and B#45 = 315.534
ROUND 2280 A#29 and B#45 = 303.052
ROUND 2281 A#30 and B#45 = 161.899
ROUND 2282 A#31 and B#45 = 156.328
ROUND 2283 A#32 and B#45 = 150.5
ROUND 2284 A#33 and B#45 = 194.462
ROUND 2285 A#34 and B#45 = 154.098
ROUND 2286 A#35 and B#45 = 157.209
ROUND 2287 A#36 and B#45 = 157.439
ROUND 2288 A#37 and B#45 = 178.594
ROUND 2289 A#38 and B#45 = 263.444
ROUND 2290 A#39 and B#45 = 263.415
ROUND 2291 A#40 and B#45 = 316.518
ROUND 2292 A#41 and B#45 = 175.212
ROUND 2293 A#42 and B#45 = 303.824
ROUND 2294 A#43 and B#45 = 314.393
ROUND 2295 A#44 and B#45 = 152.768
ROUND 2296 A#45 and B#45 = 299.351
ROUND 2297 A#46 and B#45 = 312.881
ROUND 2298 A#47 and B#45 = 174.858
ROUND 2299 A#48 and B#45 = 303.692
ROUND 2300 A#49 and B#45 = 158.986
ROUND 2301 A#0 and B#46 = 232.104
ROUND 2302 A#1 and B#46 = 191.717
ROUND 2303 A#2 and B#46 = 179.251
ROUND 2304 A#3 and B#46 = 127.287
ROUND 2305 A#4 and B#46 = 241.797
ROUND 2306 A#5 and B#46 = 213.744
ROUND 2307 A#6 and B#46 = 125.172
ROUND 2308 A#7 and B#46 = 214.154
ROUND 2309 A#8 and B#46 = 216.058
ROUND 2310 A#9 and B#46 = 124.12
ROUND 2311 A#10 and B#46 = 214.011
ROUND 2312 A#11 and B#46 = 214.058
ROUND 2313 A#12 and B#46 = 172.64
ROUND 2314 A#13 and B#46 = 174.006
ROUND 2315 A#14 and B#46 = 213.042
ROUND 2316 A#15 and B#46 = 243.199
ROUND 2317 A#16 and B#46 = 240.838
ROUND 2318 A#17 and B#46 = 213.256
ROUND 2319 A#18 and B#46 = 174.488
ROUND 2320 A#19 and B#46 = 129.085
ROUND 2321 A#20 and B#46 = 243.003
ROUND 2322 A#21 and B#46 = 174.255
ROUND 2323 A#22 and B#46 = 123.73
ROUND 2324 A#23 and B#46 = 243.007
ROUND 2325 A#24 and B#46 = 218.88
ROUND 2326 A#25 and B#46 = 212.317
ROUND 2327 A#26 and B#46 = 212.351
ROUND 2328 A#27 and B#46 = 172.775
ROUND 2329 A#28 and B#46 = 241.507
ROUND 2330 A#29 and B#46 = 204.511
ROUND 2331 A#30 and B#46 = 203.377
ROUND 2332 A#31 and B#46 = 176.352
ROUND 2333 A#32 and B#46 = 241.794
ROUND 2334 A#33 and B#46 = 223.381
ROUND 2335 A#34 and B#46 = 174.361
ROUND 2336 A#35 and B#46 = 168.881
ROUND 2337 A#36 and B#46 = 165.356
ROUND 2338 A#37 and B#46 = 225.54
ROUND 2339 A#38 and B#46 = 260.652
ROUND 2340 A#39 and B#46 = 261.018
ROUND 2341 A#40 and B#46 = 238.607
ROUND 2342 A#41 and B#46 = 169.45
ROUND 2343 A#42 and B#46 = 247.159
ROUND 2344 A#43 and B#46 = 123.842
ROUND 2345 A#44 and B#46 = 171.784
ROUND 2346 A#45 and B#46 = 233.301
ROUND 2347 A#46 and B#46 = 245.324
ROUND 2348 A#47 and B#46 = 238.786
ROUND 2349 A#48 and B#46 = 246.655
ROUND 2350 A#49 and B#46 = 175.865
ROUND 2351 A#0 and B#47 = 232.432
ROUND 2352 A#1 and B#47 = 294.531
ROUND 2353 A#2 and B#47 = 298.663
ROUND 2354 A#3 and B#47 = 216.078
ROUND 2355 A#4 and B#47 = 270.999
ROUND 2356 A#5 and B#47 = 270.977
ROUND 2357 A#6 and B#47 = 142.407
ROUND 2358 A#7 and B#47 = 275.699
ROUND 2359 A#8 and B#47 = 278.273
ROUND 2360 A#9 and B#47 = 141.669
ROUND 2361 A#10 and B#47 = 270.799
ROUND 2362 A#11 and B#47 = 270.803
ROUND 2363 A#12 and B#47 = 138.901
ROUND 2364 A#13 and B#47 = 158.191
ROUND 2365 A#14 and B#47 = 224.47
ROUND 2366 A#15 and B#47 = 265.83
ROUND 2367 A#16 and B#47 = 270.89
ROUND 2368 A#17 and B#47 = 138.791
ROUND 2369 A#18 and B#47 = 157.873
ROUND 2370 A#19 and B#47 = 159.014
ROUND 2371 A#20 and B#47 = 267.741
ROUND 2372 A#21 and B#47 = 157.533
ROUND 2373 A#22 and B#47 = 251.766
ROUND 2374 A#23 and B#47 = 254.211
ROUND 2375 A#24 and B#47 = 278.783
ROUND 2376 A#25 and B#47 = 266.583
ROUND 2377 A#26 and B#47 = 277.834
ROUND 2378 A#27 and B#47 = 139.03
ROUND 2379 A#28 and B#47 = 294.247
ROUND 2380 A#29 and B#47 = 268.081
ROUND 2381 A#30 and B#47 = 278.111
ROUND 2382 A#31 and B#47 = -42.6962
ROUND 2383 A#32 and B#47 = 294.585
ROUND 2384 A#33 and B#47 = 186.528
ROUND 2385 A#34 and B#47 = 157.875
ROUND 2386 A#35 and B#47 = 161.69
ROUND 2387 A#36 and B#47 = 162.767
ROUND 2388 A#37 and B#47 = 277.843
ROUND 2389 A#38 and B#47 = 269.719
ROUND 2390 A#39 and B#47 = 269.983
ROUND 2391 A#40 and B#47 = 295.292
ROUND 2392 A#41 and B#47 = 293.662
ROUND 2393 A#42 and B#47 = 290.121
ROUND 2394 A#43 and B#47 = 301.234
ROUND 2395 A#44 and B#47 = 148.767
ROUND 2396 A#45 and B#47 = 290.778
ROUND 2397 A#46 and B#47 = 290.934
ROUND 2398 A#47 and B#47 = 292.62
ROUND 2399 A#48 and B#47 = 279.207
ROUND 2400 A#49 and B#47 = 152.087
ROUND 2401 A#0 and B#48 = 232.504
ROUND 2402 A#1 and B#48 = 316.446
ROUND 2403 A#2 and B#48 = 316.245
ROUND 2404 A#3 and B#48 = 302.189
ROUND 2405 A#4 and B#48 = 278.359
ROUND 2406 A#5 and B#48 = 277.027
ROUND 2407 A#6 and B#48 = 309.199
ROUND 2408 A#7 and B#48 = 284.407
ROUND 2409 A#8 and B#48 = 283.922
ROUND 2410 A#9 and B#48 = 162.861
ROUND 2411 A#10 and B#48 = 275.819
ROUND 2412 A#11 and B#48 = 275.809
ROUND 2413 A#12 and B#48 = 138.703
ROUND 2414 A#13 and B#48 = -35.689
ROUND 2415 A#14 and B#48 = 303.794
ROUND 2416 A#15 and B#48 = 272.946
ROUND 2417 A#16 and B#48 = 279.498
ROUND 2418 A#17 and B#48 = 277.592
ROUND 2419 A#18 and B#48 = -34.7135
ROUND 2420 A#19 and B#48 = 153.724
ROUND 2421 A#20 and B#48 = 275.473
ROUND 2422 A#21 and B#48 = 154.881
ROUND 2423 A#22 and B#48 = 259.033
ROUND 2424 A#23 and B#48 = 279.653
ROUND 2425 A#24 and B#48 = 283.843
ROUND 2426 A#25 and B#48 = 272.052
ROUND 2427 A#26 and B#48 = 284.243
ROUND 2428 A#27 and B#48 = 138.816
ROUND 2429 A#28 and B#48 = 314.858
ROUND 2430 A#29 and B#48 = 272.439
ROUND 2431 A#30 and B#48 = 284.622
ROUND 2432 A#31 and B#48 = -38.4155
ROUND 2433 A#32 and B#48 = 315.073
ROUND 2434 A#33 and B#48 = 232.883
ROUND 2435 A#34 and B#48 = -34.4289
ROUND 2436 A#35 and B#48 = 156.309
ROUND 2437 A#36 and B#48 = 138.803
ROUND 2438 A#37 and B#48 = 276.704
ROUND 2439 A#38 and B#48 = 306.184
ROUND 2440 A#39 and B#48 = 305.93
ROUND 2441 A#40 and B#48 = 315.735
ROUND 2442 A#41 and B#48 = 315.674
ROUND 2443 A#42 and B#48 = 309.174
ROUND 2444 A#43 and B#48 = 313.82
ROUND 2445 A#44 and B#48 = 152.463
ROUND 2446 A#45 and B#48 = 317.606
ROUND 2447 A#46 and B#48 = 312.144
ROUND 2448 A#47 and B#48 = 315.443
ROUND 2449 A#48 and B#48 = 321.719
ROUND 2450 A#49 and B#48 = -32.8232
ROUND 2451 A#0 and B#49 = 144.234
ROUND 2452 A#1 and B#49 = 95.9263
ROUND 2453 A#2 and B#49 = 95.4363
ROUND 2454 A#3 and B#49 = 138.268
ROUND 2455 A#4 and B#49 = 117.653
ROUND 2456 A#5 and B#49 = 117.722
ROUND 2457 A#6 and B#49 = 34.4805
ROUND 2458 A#7 and B#49 = 80.6877
ROUND 2459 A#8 and B#49 = 81.6267
ROUND 2460 A#9 and B#49 = 240.799
ROUND 2461 A#10 and B#49 = 110.584
ROUND 2462 A#11 and B#49 = 111.123
ROUND 2463 A#12 and B#49 = 13.0769
ROUND 2464 A#13 and B#49 = 9.17818
ROUND 2465 A#14 and B#49 = 85.2232
ROUND 2466 A#15 and B#49 = 121.777
ROUND 2467 A#16 and B#49 = 118.445
ROUND 2468 A#17 and B#49 = 113.906
ROUND 2469 A#18 and B#49 = 5.74844
ROUND 2470 A#19 and B#49 = 35.558
ROUND 2471 A#20 and B#49 = 121.909
ROUND 2472 A#21 and B#49 = 232.093
ROUND 2473 A#22 and B#49 = 148.144
ROUND 2474 A#23 and B#49 = 109.635
ROUND 2475 A#24 and B#49 = 93.8667
ROUND 2476 A#25 and B#49 = 79.2868
ROUND 2477 A#26 and B#49 = 82.5271
ROUND 2478 A#27 and B#49 = 5.75086
ROUND 2479 A#28 and B#49 = 67.0846
ROUND 2480 A#29 and B#49 = 109.289
ROUND 2481 A#30 and B#49 = 106.57
ROUND 2482 A#31 and B#49 = 27.8968
ROUND 2483 A#32 and B#49 = 66.6066
ROUND 2484 A#33 and B#49 = 125.119
ROUND 2485 A#34 and B#49 = 5.30058
ROUND 2486 A#35 and B#49 = 271.072
ROUND 2487 A#36 and B#49 = 232.137
ROUND 2488 A#37 and B#49 = 93.731
ROUND 2489 A#38 and B#49 = 87.3044
ROUND 2490 A#39 and B#49 = 87.5207
ROUND 2491 A#40 and B#49 = 68.51
ROUND 2492 A#41 and B#49 = 64.5383
ROUND 2493 A#42 and B#49 = 65.7623
ROUND 2494 A#43 and B#49 = 13.1419
ROUND 2495 A#44 and B#49 = 247.045
ROUND 2496 A#45 and B#49 = 68.1614
ROUND 2497 A#46 and B#49 = 242.104
ROUND 2498 A#47 and B#49 = 66.3074
ROUND 2499 A#48 and B#49 = 49.7908
ROUND 2500 A#49 and B#49 = 30.7519

The best overlap is between conformer A#6 and B#43, which, after PCA followed by Steepest Descent, produces a volume overlap of 362.988
Tanimoto (Hodgkin) similarity index: 0.401134

Saving those best conformers to file...
WRITING MOLECULE TO FILE '../ALL_PAIRS_BQ123_AS_REFERENCE/ROKS3/BQ123-Bosentan.mol2' (WILL OVERWRITE EXISTING FILE IF ANY)...
WRITING MOLECULE TO FILE '../ALL_PAIRS_BQ123_AS_REFERENCE/ROKS3/BQ123-Bosentan.mol2'...
