Finished importing molecules
WARNING: LAPACK DSYEV() RETURNED NON-ZERO ERROR CODE 3
WARNING: LAPACK DSYEV() RETURNED NON-ZERO ERROR CODE 2
WARNING: LAPACK DSYEV() RETURNED NON-ZERO ERROR CODE 2
WARNING: LAPACK DSYEV() RETURNED NON-ZERO ERROR CODE 2
WARNING: LAPACK DSYEV() RETURNED NON-ZERO ERROR CODE 2
WARNING: LAPACK DSYEV() RETURNED NON-ZERO ERROR CODE 3
WARNING: LAPACK DSYEV() RETURNED NON-ZERO ERROR CODE 3
WARNING: LAPACK DSYEV() RETURNED NON-ZERO ERROR CODE 3
WARNING: LAPACK DSYEV() RETURNED NON-ZERO ERROR CODE 3
WARNING: LAPACK DSYEV() RETURNED NON-ZERO ERROR CODE 3
WARNING: LAPACK DSYEV() RETURNED NON-ZERO ERROR CODE 2
WARNING: LAPACK DSYEV() RETURNED NON-ZERO ERROR CODE 2
WARNING: LAPACK DSYEV() RETURNED NON-ZERO ERROR CODE 3
WARNING: LAPACK DSYEV() RETURNED NON-ZERO ERROR CODE 2
WARNING: LAPACK DSYEV() RETURNED NON-ZERO ERROR CODE 3
WARNING: LAPACK DSYEV() RETURNED NON-ZERO ERROR CODE 3
WARNING: LAPACK DSYEV() RETURNED NON-ZERO ERROR CODE 3
WARNING: LAPACK DSYEV() RETURNED NON-ZERO ERROR CODE 2
WARNING: LAPACK DSYEV() RETURNED NON-ZERO ERROR CODE 3
WARNING: LAPACK DSYEV() RETURNED NON-ZERO ERROR CODE 3
WARNING: LAPACK DSYEV() RETURNED NON-ZERO ERROR CODE 2
WARNING: LAPACK DSYEV() RETURNED NON-ZERO ERROR CODE 2
WARNING: LAPACK DSYEV() RETURNED NON-ZERO ERROR CODE 3
WARNING: LAPACK DSYEV() RETURNED NON-ZERO ERROR CODE 2
WARNING: LAPACK DSYEV() RETURNED NON-ZERO ERROR CODE 2
WARNING: LAPACK DSYEV() RETURNED NON-ZERO ERROR CODE 3
WARNING: LAPACK DSYEV() RETURNED NON-ZERO ERROR CODE 2
WARNING: LAPACK DSYEV() RETURNED NON-ZERO ERROR CODE 3
WARNING: LAPACK DSYEV() RETURNED NON-ZERO ERROR CODE 2
WARNING: LAPACK DSYEV() RETURNED NON-ZERO ERROR CODE 2
WARNING: LAPACK DSYEV() RETURNED NON-ZERO ERROR CODE 3
WARNING: LAPACK DSYEV() RETURNED NON-ZERO ERROR CODE 2
WARNING: LAPACK DSYEV() RETURNED NON-ZERO ERROR CODE 2
WARNING: LAPACK DSYEV() RETURNED NON-ZERO ERROR CODE 2
WARNING: LAPACK DSYEV() RETURNED NON-ZERO ERROR CODE 3
WARNING: LAPACK DSYEV() RETURNED NON-ZERO ERROR CODE 2
WARNING: LAPACK DSYEV() RETURNED NON-ZERO ERROR CODE 2
WARNING: LAPACK DSYEV() RETURNED NON-ZERO ERROR CODE 2
WARNING: LAPACK DSYEV() RETURNED NON-ZERO ERROR CODE 2
WARNING: LAPACK DSYEV() RETURNED NON-ZERO ERROR CODE 3
WARNING: LAPACK DSYEV() RETURNED NON-ZERO ERROR CODE 2
WARNING: LAPACK DSYEV() RETURNED NON-ZERO ERROR CODE 2
WARNING: LAPACK DSYEV() RETURNED NON-ZERO ERROR CODE 3
WARNING: LAPACK DSYEV() RETURNED NON-ZERO ERROR CODE 2
WARNING: LAPACK DSYEV() RETURNED NON-ZERO ERROR CODE 3
WARNING: LAPACK DSYEV() RETURNED NON-ZERO ERROR CODE 3
WARNING: LAPACK DSYEV() RETURNED NON-ZERO ERROR CODE 2
WARNING: LAPACK DSYEV() RETURNED NON-ZERO ERROR CODE 2
WARNING: LAPACK DSYEV() RETURNED NON-ZERO ERROR CODE 2
WARNING: LAPACK DSYEV() RETURNED NON-ZERO ERROR CODE 2
WARNING: LAPACK DSYEV() RETURNED NON-ZERO ERROR CODE 2
WARNING: LAPACK DSYEV() RETURNED NON-ZERO ERROR CODE 3
WARNING: LAPACK DSYEV() RETURNED NON-ZERO ERROR CODE 3
WARNING: LAPACK DSYEV() RETURNED NON-ZERO ERROR CODE 2
WARNING: LAPACK DSYEV() RETURNED NON-ZERO ERROR CODE 3
WARNING: LAPACK DSYEV() RETURNED NON-ZERO ERROR CODE 2
WARNING: LAPACK DSYEV() RETURNED NON-ZERO ERROR CODE 2
WARNING: LAPACK DSYEV() RETURNED NON-ZERO ERROR CODE 3
WARNING: LAPACK DSYEV() RETURNED NON-ZERO ERROR CODE 3
WARNING: LAPACK DSYEV() RETURNED NON-ZERO ERROR CODE 3
WARNING: LAPACK DSYEV() RETURNED NON-ZERO ERROR CODE 2
WARNING: LAPACK DSYEV() RETURNED NON-ZERO ERROR CODE 3
WARNING: LAPACK DSYEV() RETURNED NON-ZERO ERROR CODE 2
WARNING: LAPACK DSYEV() RETURNED NON-ZERO ERROR CODE 3
WARNING: LAPACK DSYEV() RETURNED NON-ZERO ERROR CODE 2
WARNING: LAPACK DSYEV() RETURNED NON-ZERO ERROR CODE 2
WARNING: LAPACK DSYEV() RETURNED NON-ZERO ERROR CODE 3
WARNING: LAPACK DSYEV() RETURNED NON-ZERO ERROR CODE 2
WARNING: LAPACK DSYEV() RETURNED NON-ZERO ERROR CODE 2
WARNING: LAPACK DSYEV() RETURNED NON-ZERO ERROR CODE 3
WARNING: LAPACK DSYEV() RETURNED NON-ZERO ERROR CODE 2
WARNING: LAPACK DSYEV() RETURNED NON-ZERO ERROR CODE 3
WARNING: LAPACK DSYEV() RETURNED NON-ZERO ERROR CODE 3
WARNING: LAPACK DSYEV() RETURNED NON-ZERO ERROR CODE 3
WARNING: LAPACK DSYEV() RETURNED NON-ZERO ERROR CODE 3
WARNING: LAPACK DSYEV() RETURNED NON-ZERO ERROR CODE 3
WARNING: LAPACK DSYEV() RETURNED NON-ZERO ERROR CODE 2
WARNING: LAPACK DSYEV() RETURNED NON-ZERO ERROR CODE 3
WARNING: LAPACK DSYEV() RETURNED NON-ZERO ERROR CODE 3
WARNING: LAPACK DSYEV() RETURNED NON-ZERO ERROR CODE 3
WARNING: LAPACK DSYEV() RETURNED NON-ZERO ERROR CODE 2
WARNING: LAPACK DSYEV() RETURNED NON-ZERO ERROR CODE 3
WARNING: LAPACK DSYEV() RETURNED NON-ZERO ERROR CODE 2
WARNING: LAPACK DSYEV() RETURNED NON-ZERO ERROR CODE 3
WARNING: LAPACK DSYEV() RETURNED NON-ZERO ERROR CODE 2
WARNING: LAPACK DSYEV() RETURNED NON-ZERO ERROR CODE 3
WARNING: LAPACK DSYEV() RETURNED NON-ZERO ERROR CODE 3
WARNING: LAPACK DSYEV() RETURNED NON-ZERO ERROR CODE 2
WARNING: LAPACK DSYEV() RETURNED NON-ZERO ERROR CODE 2
WARNING: LAPACK DSYEV() RETURNED NON-ZERO ERROR CODE 3
WARNING: LAPACK DSYEV() RETURNED NON-ZERO ERROR CODE 3
WARNING: LAPACK DSYEV() RETURNED NON-ZERO ERROR CODE 3
WARNING: LAPACK DSYEV() RETURNED NON-ZERO ERROR CODE 3
WARNING: LAPACK DSYEV() RETURNED NON-ZERO ERROR CODE 3
WARNING: LAPACK DSYEV() RETURNED NON-ZERO ERROR CODE 2
WARNING: LAPACK DSYEV() RETURNED NON-ZERO ERROR CODE 2
WARNING: LAPACK DSYEV() RETURNED NON-ZERO ERROR CODE 2
WARNING: LAPACK DSYEV() RETURNED NON-ZERO ERROR CODE 2
WARNING: LAPACK DSYEV() RETURNED NON-ZERO ERROR CODE 2
WARNING: LAPACK DSYEV() RETURNED NON-ZERO ERROR CODE 3
Finished setting up data; running search...
ROUND 1 A#0 and B#0 = 575.142
ROUND 2 A#1 and B#0 = 476.687
ROUND 3 A#2 and B#0 = 428.773
ROUND 4 A#3 and B#0 = 470.902
ROUND 5 A#4 and B#0 = 443.81
ROUND 6 A#5 and B#0 = 497.192
ROUND 7 A#6 and B#0 = 549.478
ROUND 8 A#7 and B#0 = 544.644
ROUND 9 A#8 and B#0 = 462.212
ROUND 10 A#9 and B#0 = 418.084
ROUND 11 A#10 and B#0 = 473.362
ROUND 12 A#11 and B#0 = 442.779
ROUND 13 A#12 and B#0 = 554.092
ROUND 14 A#13 and B#0 = 495.499
ROUND 15 A#14 and B#0 = 604.569
ROUND 16 A#15 and B#0 = 548.711
ROUND 17 A#16 and B#0 = 491.603
ROUND 18 A#17 and B#0 = 582.506
ROUND 19 A#18 and B#0 = 499.174
ROUND 20 A#19 and B#0 = 491.309
ROUND 21 A#20 and B#0 = 489.584
ROUND 22 A#21 and B#0 = 409.398
ROUND 23 A#22 and B#0 = 414.029
ROUND 24 A#23 and B#0 = 413.896
ROUND 25 A#24 and B#0 = 413.6
ROUND 26 A#25 and B#0 = 414.136
ROUND 27 A#26 and B#0 = 513.193
ROUND 28 A#27 and B#0 = 496.436
ROUND 29 A#28 and B#0 = 401.74
ROUND 30 A#29 and B#0 = 596.545
ROUND 31 A#30 and B#0 = 586.991
ROUND 32 A#31 and B#0 = 546.298
ROUND 33 A#32 and B#0 = 512.118
ROUND 34 A#33 and B#0 = 523.622
ROUND 35 A#34 and B#0 = 438.194
ROUND 36 A#35 and B#0 = 598.259
ROUND 37 A#36 and B#0 = 408.384
ROUND 38 A#37 and B#0 = 570.209
ROUND 39 A#38 and B#0 = 597.179
ROUND 40 A#39 and B#0 = 475.299
ROUND 41 A#40 and B#0 = 526.182
ROUND 42 A#41 and B#0 = 484.244
ROUND 43 A#42 and B#0 = 534.143
ROUND 44 A#43 and B#0 = 482.181
ROUND 45 A#44 and B#0 = 534.418
ROUND 46 A#45 and B#0 = 538.253
ROUND 47 A#46 and B#0 = 503.515
ROUND 48 A#47 and B#0 = 483.973
ROUND 49 A#48 and B#0 = 565.602
ROUND 50 A#49 and B#0 = 466.505
ROUND 51 A#0 and B#1 = 559.933
ROUND 52 A#1 and B#1 = 548.479
ROUND 53 A#2 and B#1 = 401.521
ROUND 54 A#3 and B#1 = 571.946
ROUND 55 A#4 and B#1 = 552
ROUND 56 A#5 and B#1 = 549.242
ROUND 57 A#6 and B#1 = 486.108
ROUND 58 A#7 and B#1 = 484.929
ROUND 59 A#8 and B#1 = 530.062
ROUND 60 A#9 and B#1 = 463.36
ROUND 61 A#10 and B#1 = 569.727
ROUND 62 A#11 and B#1 = 553.599
ROUND 63 A#12 and B#1 = 479.191
ROUND 64 A#13 and B#1 = 475.36
ROUND 65 A#14 and B#1 = 556.289
ROUND 66 A#15 and B#1 = 485.809
ROUND 67 A#16 and B#1 = 496.008
ROUND 68 A#17 and B#1 = 463.385
ROUND 69 A#18 and B#1 = 590.029
ROUND 70 A#19 and B#1 = 501.68
ROUND 71 A#20 and B#1 = 506.213
ROUND 72 A#21 and B#1 = 591.799
ROUND 73 A#22 and B#1 = 618.537
ROUND 74 A#23 and B#1 = 318.782
ROUND 75 A#24 and B#1 = 628.474
ROUND 76 A#25 and B#1 = 620.026
ROUND 77 A#26 and B#1 = 518.71
ROUND 78 A#27 and B#1 = 493.696
ROUND 79 A#28 and B#1 = 277.655
ROUND 80 A#29 and B#1 = 551.618
ROUND 81 A#30 and B#1 = 612.673
ROUND 82 A#31 and B#1 = 571.608
ROUND 83 A#32 and B#1 = 492.741
ROUND 84 A#33 and B#1 = 550.726
ROUND 85 A#34 and B#1 = 402.356
ROUND 86 A#35 and B#1 = 563.234
ROUND 87 A#36 and B#1 = 617.827
ROUND 88 A#37 and B#1 = 587.98
ROUND 89 A#38 and B#1 = 563.777
ROUND 90 A#39 and B#1 = 317.593
ROUND 91 A#40 and B#1 = 560.465
ROUND 92 A#41 and B#1 = 570.415
ROUND 93 A#42 and B#1 = 535.386
ROUND 94 A#43 and B#1 = 517.193
ROUND 95 A#44 and B#1 = 534.96
ROUND 96 A#45 and B#1 = 539.276
ROUND 97 A#46 and B#1 = 556.3
ROUND 98 A#47 and B#1 = 575.588
ROUND 99 A#48 and B#1 = 573.386
ROUND 100 A#49 and B#1 = 529.083
ROUND 101 A#0 and B#2 = 556.844
ROUND 102 A#1 and B#2 = 540.703
ROUND 103 A#2 and B#2 = 401.141
ROUND 104 A#3 and B#2 = 566.883
ROUND 105 A#4 and B#2 = 541.792
ROUND 106 A#5 and B#2 = 546.45
ROUND 107 A#6 and B#2 = 511.255
ROUND 108 A#7 and B#2 = 508.651
ROUND 109 A#8 and B#2 = 521.048
ROUND 110 A#9 and B#2 = 466.916
ROUND 111 A#10 and B#2 = 565.53
ROUND 112 A#11 and B#2 = 541.866
ROUND 113 A#12 and B#2 = 568.403
ROUND 114 A#13 and B#2 = 472.177
ROUND 115 A#14 and B#2 = 563.884
ROUND 116 A#15 and B#2 = 511.67
ROUND 117 A#16 and B#2 = 477.608
ROUND 118 A#17 and B#2 = 410.405
ROUND 119 A#18 and B#2 = 604.375
ROUND 120 A#19 and B#2 = 482.592
ROUND 121 A#20 and B#2 = 521.929
ROUND 122 A#21 and B#2 = 612.228
ROUND 123 A#22 and B#2 = 631.099
ROUND 124 A#23 and B#2 = 635.121
ROUND 125 A#24 and B#2 = 634.669
ROUND 126 A#25 and B#2 = 631.422
ROUND 127 A#26 and B#2 = 505.13
ROUND 128 A#27 and B#2 = 495.864
ROUND 129 A#28 and B#2 = 296.62
ROUND 130 A#29 and B#2 = 557.034
ROUND 131 A#30 and B#2 = 625.082
ROUND 132 A#31 and B#2 = 561.013
ROUND 133 A#32 and B#2 = 494.001
ROUND 134 A#33 and B#2 = 491.649
ROUND 135 A#34 and B#2 = 324.561
ROUND 136 A#35 and B#2 = 564.474
ROUND 137 A#36 and B#2 = 618.797
ROUND 138 A#37 and B#2 = 597.305
ROUND 139 A#38 and B#2 = 564.914
ROUND 140 A#39 and B#2 = 591.635
ROUND 141 A#40 and B#2 = 566.442
ROUND 142 A#41 and B#2 = 575.583
ROUND 143 A#42 and B#2 = 529.05
ROUND 144 A#43 and B#2 = 519.996
ROUND 145 A#44 and B#2 = 530.128
ROUND 146 A#45 and B#2 = 534.4
ROUND 147 A#46 and B#2 = 525.38
ROUND 148 A#47 and B#2 = 565.933
ROUND 149 A#48 and B#2 = 563.008
ROUND 150 A#49 and B#2 = 499.951
ROUND 151 A#0 and B#3 = 570.764
ROUND 152 A#1 and B#3 = 448.138
ROUND 153 A#2 and B#3 = 515.413
ROUND 154 A#3 and B#3 = 473.526
ROUND 155 A#4 and B#3 = 364.952
ROUND 156 A#5 and B#3 = 564.135
ROUND 157 A#6 and B#3 = 504.51
ROUND 158 A#7 and B#3 = 505.168
ROUND 159 A#8 and B#3 = 508.977
ROUND 160 A#9 and B#3 = 502.05
ROUND 161 A#10 and B#3 = 471.577
ROUND 162 A#11 and B#3 = 362.698
ROUND 163 A#12 and B#3 = 495.45
ROUND 164 A#13 and B#3 = 425.282
ROUND 165 A#14 and B#3 = 496.643
ROUND 166 A#15 and B#3 = 504.822
ROUND 167 A#16 and B#3 = 485.352
ROUND 168 A#17 and B#3 = 592.063
ROUND 169 A#18 and B#3 = 558.715
ROUND 170 A#19 and B#3 = 482.816
ROUND 171 A#20 and B#3 = 507.481
ROUND 172 A#21 and B#3 = 559.718
ROUND 173 A#22 and B#3 = 559.384
ROUND 174 A#23 and B#3 = 560.653
ROUND 175 A#24 and B#3 = 561.998
ROUND 176 A#25 and B#3 = 559.44
ROUND 177 A#26 and B#3 = 499.484
ROUND 178 A#27 and B#3 = 516.593
ROUND 179 A#28 and B#3 = 407.383
ROUND 180 A#29 and B#3 = 498.04
ROUND 181 A#30 and B#3 = 560.832
ROUND 182 A#31 and B#3 = 536.552
ROUND 183 A#32 and B#3 = 494.054
ROUND 184 A#33 and B#3 = 546.177
ROUND 185 A#34 and B#3 = 474.264
ROUND 186 A#35 and B#3 = 610.6
ROUND 187 A#36 and B#3 = 553.285
ROUND 188 A#37 and B#3 = 563.947
ROUND 189 A#38 and B#3 = 610.459
ROUND 190 A#39 and B#3 = 559.77
ROUND 191 A#40 and B#3 = 527.556
ROUND 192 A#41 and B#3 = 472.66
ROUND 193 A#42 and B#3 = 532.565
ROUND 194 A#43 and B#3 = 513.528
ROUND 195 A#44 and B#3 = 528.313
ROUND 196 A#45 and B#3 = 536.855
ROUND 197 A#46 and B#3 = 601.631
ROUND 198 A#47 and B#3 = 482.579
ROUND 199 A#48 and B#3 = 479.769
ROUND 200 A#49 and B#3 = 503.31
ROUND 201 A#0 and B#4 = 427.559
ROUND 202 A#1 and B#4 = 458.691
ROUND 203 A#2 and B#4 = 480.347
ROUND 204 A#3 and B#4 = 592.414
ROUND 205 A#4 and B#4 = 587.003
ROUND 206 A#5 and B#4 = 451.533
ROUND 207 A#6 and B#4 = 488.857
ROUND 208 A#7 and B#4 = 489.526
ROUND 209 A#8 and B#4 = 421.063
ROUND 210 A#9 and B#4 = 522.95
ROUND 211 A#10 and B#4 = 593.642
ROUND 212 A#11 and B#4 = 585.914
ROUND 213 A#12 and B#4 = 516.99
ROUND 214 A#13 and B#4 = 415.694
ROUND 215 A#14 and B#4 = 529.658
ROUND 216 A#15 and B#4 = 489.124
ROUND 217 A#16 and B#4 = 531.962
ROUND 218 A#17 and B#4 = 404.04
ROUND 219 A#18 and B#4 = 532.408
ROUND 220 A#19 and B#4 = 537.381
ROUND 221 A#20 and B#4 = 516.426
ROUND 222 A#21 and B#4 = 341.302
ROUND 223 A#22 and B#4 = 560.851
ROUND 224 A#23 and B#4 = 454.753
ROUND 225 A#24 and B#4 = 519.796
ROUND 226 A#25 and B#4 = 455.59
ROUND 227 A#26 and B#4 = 483.258
ROUND 228 A#27 and B#4 = 524.965
ROUND 229 A#28 and B#4 = 330.375
ROUND 230 A#29 and B#4 = 523.344
ROUND 231 A#30 and B#4 = 563.302
ROUND 232 A#31 and B#4 = 607.306
ROUND 233 A#32 and B#4 = 524.071
ROUND 234 A#33 and B#4 = 567.405
ROUND 235 A#34 and B#4 = 439.466
ROUND 236 A#35 and B#4 = 507.723
ROUND 237 A#36 and B#4 = 570.175
ROUND 238 A#37 and B#4 = 453.33
ROUND 239 A#38 and B#4 = 508.791
ROUND 240 A#39 and B#4 = 465.489
ROUND 241 A#40 and B#4 = 583.212
ROUND 242 A#41 and B#4 = 527.095
ROUND 243 A#42 and B#4 = 408.339
ROUND 244 A#43 and B#4 = 503.834
ROUND 245 A#44 and B#4 = 406.449
ROUND 246 A#45 and B#4 = 406.74
ROUND 247 A#46 and B#4 = 479.461
ROUND 248 A#47 and B#4 = 543.337
ROUND 249 A#48 and B#4 = 547.764
ROUND 250 A#49 and B#4 = 541.643
ROUND 251 A#0 and B#5 = 582.651
ROUND 252 A#1 and B#5 = 448.647
ROUND 253 A#2 and B#5 = 513.539
ROUND 254 A#3 and B#5 = 568.06
ROUND 255 A#4 and B#5 = 578.119
ROUND 256 A#5 and B#5 = 576.698
ROUND 257 A#6 and B#5 = 517.761
ROUND 258 A#7 and B#5 = 517.118
ROUND 259 A#8 and B#5 = 535.073
ROUND 260 A#9 and B#5 = 439.352
ROUND 261 A#10 and B#5 = 524.279
ROUND 262 A#11 and B#5 = 581.913
ROUND 263 A#12 and B#5 = 529.093
ROUND 264 A#13 and B#5 = 433.306
ROUND 265 A#14 and B#5 = 633.384
ROUND 266 A#15 and B#5 = 518.082
ROUND 267 A#16 and B#5 = 494.995
ROUND 268 A#17 and B#5 = 314.738
ROUND 269 A#18 and B#5 = 506.556
ROUND 270 A#19 and B#5 = 495.246
ROUND 271 A#20 and B#5 = 559.705
ROUND 272 A#21 and B#5 = 555.974
ROUND 273 A#22 and B#5 = 555.277
ROUND 274 A#23 and B#5 = 556.556
ROUND 275 A#24 and B#5 = 557.973
ROUND 276 A#25 and B#5 = 555.414
ROUND 277 A#26 and B#5 = 534.114
ROUND 278 A#27 and B#5 = 502.665
ROUND 279 A#28 and B#5 = 415.68
ROUND 280 A#29 and B#5 = 632.136
ROUND 281 A#30 and B#5 = 556.757
ROUND 282 A#31 and B#5 = 560.928
ROUND 283 A#32 and B#5 = 506.853
ROUND 284 A#33 and B#5 = 548.552
ROUND 285 A#34 and B#5 = 630.253
ROUND 286 A#35 and B#5 = 618.106
ROUND 287 A#36 and B#5 = 549.838
ROUND 288 A#37 and B#5 = 568.668
ROUND 289 A#38 and B#5 = 618.047
ROUND 290 A#39 and B#5 = 556.067
ROUND 291 A#40 and B#5 = 536.224
ROUND 292 A#41 and B#5 = 557.3
ROUND 293 A#42 and B#5 = 544.722
ROUND 294 A#43 and B#5 = 558.388
ROUND 295 A#44 and B#5 = 416.855
ROUND 296 A#45 and B#5 = 414.316
ROUND 297 A#46 and B#5 = 531.402
ROUND 298 A#47 and B#5 = 552.041
ROUND 299 A#48 and B#5 = 555.772
ROUND 300 A#49 and B#5 = 482.877
ROUND 301 A#0 and B#6 = 527.53
ROUND 302 A#1 and B#6 = 532.297
ROUND 303 A#2 and B#6 = 425.092
ROUND 304 A#3 and B#6 = 524.685
ROUND 305 A#4 and B#6 = 522.084
ROUND 306 A#5 and B#6 = 579.845
ROUND 307 A#6 and B#6 = 560.816
ROUND 308 A#7 and B#6 = 563.986
ROUND 309 A#8 and B#6 = 468.858
ROUND 310 A#9 and B#6 = 444.719
ROUND 311 A#10 and B#6 = 521.343
ROUND 312 A#11 and B#6 = 527.312
ROUND 313 A#12 and B#6 = 545.306
ROUND 314 A#13 and B#6 = 515.62
ROUND 315 A#14 and B#6 = 449.352
ROUND 316 A#15 and B#6 = 561.128
ROUND 317 A#16 and B#6 = 622.618
ROUND 318 A#17 and B#6 = 522.799
ROUND 319 A#18 and B#6 = 552.143
ROUND 320 A#19 and B#6 = 622.596
ROUND 321 A#20 and B#6 = 589.755
ROUND 322 A#21 and B#6 = 572.072
ROUND 323 A#22 and B#6 = 570.813
ROUND 324 A#23 and B#6 = 570.512
ROUND 325 A#24 and B#6 = 564.559
ROUND 326 A#25 and B#6 = 571.181
ROUND 327 A#26 and B#6 = 519.787
ROUND 328 A#27 and B#6 = 647.612
ROUND 329 A#28 and B#6 = 387.991
ROUND 330 A#29 and B#6 = 459.548
ROUND 331 A#30 and B#6 = 567.271
ROUND 332 A#31 and B#6 = 510.737
ROUND 333 A#32 and B#6 = 495.499
ROUND 334 A#33 and B#6 = 534.836
ROUND 335 A#34 and B#6 = 305.371
ROUND 336 A#35 and B#6 = 525.485
ROUND 337 A#36 and B#6 = 549.429
ROUND 338 A#37 and B#6 = 533.596
ROUND 339 A#38 and B#6 = 525.94
ROUND 340 A#39 and B#6 = 543.103
ROUND 341 A#40 and B#6 = 576.437
ROUND 342 A#41 and B#6 = 534.422
ROUND 343 A#42 and B#6 = 547.752
ROUND 344 A#43 and B#6 = 479.527
ROUND 345 A#44 and B#6 = 525.24
ROUND 346 A#45 and B#6 = 522.479
ROUND 347 A#46 and B#6 = 489.392
ROUND 348 A#47 and B#6 = 541.661
ROUND 349 A#48 and B#6 = 550.204
ROUND 350 A#49 and B#6 = 554.926
ROUND 351 A#0 and B#7 = 567.542
ROUND 352 A#1 and B#7 = 547.129
ROUND 353 A#2 and B#7 = 405.237
ROUND 354 A#3 and B#7 = 571.138
ROUND 355 A#4 and B#7 = 551.915
ROUND 356 A#5 and B#7 = 558.207
ROUND 357 A#6 and B#7 = 485.908
ROUND 358 A#7 and B#7 = 484.624
ROUND 359 A#8 and B#7 = 528.566
ROUND 360 A#9 and B#7 = 468.024
ROUND 361 A#10 and B#7 = 568.884
ROUND 362 A#11 and B#7 = 553.743
ROUND 363 A#12 and B#7 = 482.141
ROUND 364 A#13 and B#7 = 477.593
ROUND 365 A#14 and B#7 = 559.955
ROUND 366 A#15 and B#7 = 485.63
ROUND 367 A#16 and B#7 = 496.695
ROUND 368 A#17 and B#7 = 465.459
ROUND 369 A#18 and B#7 = 590.432
ROUND 370 A#19 and B#7 = 501.748
ROUND 371 A#20 and B#7 = 501.803
ROUND 372 A#21 and B#7 = 593.757
ROUND 373 A#22 and B#7 = 620.29
ROUND 374 A#23 and B#7 = 629.592
ROUND 375 A#24 and B#7 = 631.01
ROUND 376 A#25 and B#7 = 621.734
ROUND 377 A#26 and B#7 = 516.866
ROUND 378 A#27 and B#7 = 490.889
ROUND 379 A#28 and B#7 = 278.619
ROUND 380 A#29 and B#7 = 552.737
ROUND 381 A#30 and B#7 = 614.355
ROUND 382 A#31 and B#7 = 571.483
ROUND 383 A#32 and B#7 = 494.783
ROUND 384 A#33 and B#7 = 549.338
ROUND 385 A#34 and B#7 = 400.542
ROUND 386 A#35 and B#7 = 567.38
ROUND 387 A#36 and B#7 = 621.317
ROUND 388 A#37 and B#7 = 589.801
ROUND 389 A#38 and B#7 = 568.038
ROUND 390 A#39 and B#7 = 600.244
ROUND 391 A#40 and B#7 = 561.866
ROUND 392 A#41 and B#7 = 570.051
ROUND 393 A#42 and B#7 = 540.979
ROUND 394 A#43 and B#7 = 523.724
ROUND 395 A#44 and B#7 = 540.62
ROUND 396 A#45 and B#7 = 544.854
ROUND 397 A#46 and B#7 = 531.48
ROUND 398 A#47 and B#7 = 574.042
ROUND 399 A#48 and B#7 = 572.381
ROUND 400 A#49 and B#7 = 530.1
ROUND 401 A#0 and B#8 = 356.373
ROUND 402 A#1 and B#8 = 595.283
ROUND 403 A#2 and B#8 = 541.61
ROUND 404 A#3 and B#8 = 589
ROUND 405 A#4 and B#8 = 616.705
ROUND 406 A#5 and B#8 = 582.882
ROUND 407 A#6 and B#8 = 528.781
ROUND 408 A#7 and B#8 = 537.133
ROUND 409 A#8 and B#8 = 587.818
ROUND 410 A#9 and B#8 = 531.454
ROUND 411 A#10 and B#8 = 594.408
ROUND 412 A#11 and B#8 = 620.603
ROUND 413 A#12 and B#8 = 334.646
ROUND 414 A#13 and B#8 = 343.561
ROUND 415 A#14 and B#8 = 357.468
ROUND 416 A#15 and B#8 = 529.277
ROUND 417 A#16 and B#8 = 604.502
ROUND 418 A#17 and B#8 = 335.223
ROUND 419 A#18 and B#8 = 540.308
ROUND 420 A#19 and B#8 = 603
ROUND 421 A#20 and B#8 = 560.72
ROUND 422 A#21 and B#8 = 551.718
ROUND 423 A#22 and B#8 = 647.657
ROUND 424 A#23 and B#8 = 650.338
ROUND 425 A#24 and B#8 = 651.773
ROUND 426 A#25 and B#8 = 647.741
ROUND 427 A#26 and B#8 = 530.309
ROUND 428 A#27 and B#8 = 562.089
ROUND 429 A#28 and B#8 = 386.758
ROUND 430 A#29 and B#8 = 354.611
ROUND 431 A#30 and B#8 = 531.001
ROUND 432 A#31 and B#8 = 632.304
ROUND 433 A#32 and B#8 = 544.596
ROUND 434 A#33 and B#8 = 548.021
ROUND 435 A#34 and B#8 = 365.598
ROUND 436 A#35 and B#8 = 477.841
ROUND 437 A#36 and B#8 = 538.556
ROUND 438 A#37 and B#8 = 536.309
ROUND 439 A#38 and B#8 = 478.379
ROUND 440 A#39 and B#8 = 556.408
ROUND 441 A#40 and B#8 = 595.499
ROUND 442 A#41 and B#8 = 566.148
ROUND 443 A#42 and B#8 = 346.925
ROUND 444 A#43 and B#8 = 557.861
ROUND 445 A#44 and B#8 = 538.43
ROUND 446 A#45 and B#8 = 536.091
ROUND 447 A#46 and B#8 = 555.645
ROUND 448 A#47 and B#8 = 615.3
ROUND 449 A#48 and B#8 = 622.919
ROUND 450 A#49 and B#8 = 575.845
ROUND 451 A#0 and B#9 = 362.041
ROUND 452 A#1 and B#9 = 605.083
ROUND 453 A#2 and B#9 = 532.087
ROUND 454 A#3 and B#9 = 597.827
ROUND 455 A#4 and B#9 = 623.071
ROUND 456 A#5 and B#9 = 597.578
ROUND 457 A#6 and B#9 = 503.406
ROUND 458 A#7 and B#9 = 502.262
ROUND 459 A#8 and B#9 = 577.18
ROUND 460 A#9 and B#9 = 525.24
ROUND 461 A#10 and B#9 = 603.216
ROUND 462 A#11 and B#9 = 626.963
ROUND 463 A#12 and B#9 = 465.216
ROUND 464 A#13 and B#9 = 338.063
ROUND 465 A#14 and B#9 = 474.824
ROUND 466 A#15 and B#9 = 503.655
ROUND 467 A#16 and B#9 = 613.202
ROUND 468 A#17 and B#9 = 337.868
ROUND 469 A#18 and B#9 = 557.306
ROUND 470 A#19 and B#9 = 611.627
ROUND 471 A#20 and B#9 = 566.512
ROUND 472 A#21 and B#9 = 562.373
ROUND 473 A#22 and B#9 = 652.812
ROUND 474 A#23 and B#9 = 655.382
ROUND 475 A#24 and B#9 = 656.619
ROUND 476 A#25 and B#9 = 652.964
ROUND 477 A#26 and B#9 = 538.407
ROUND 478 A#27 and B#9 = 567.734
ROUND 479 A#28 and B#9 = 390.085
ROUND 480 A#29 and B#9 = 308.808
ROUND 481 A#30 and B#9 = 547.451
ROUND 482 A#31 and B#9 = 640.118
ROUND 483 A#32 and B#9 = 541.832
ROUND 484 A#33 and B#9 = 546.315
ROUND 485 A#34 and B#9 = 359.362
ROUND 486 A#35 and B#9 = 520.524
ROUND 487 A#36 and B#9 = 548.197
ROUND 488 A#37 and B#9 = 553.243
ROUND 489 A#38 and B#9 = 522.01
ROUND 490 A#39 and B#9 = 566.197
ROUND 491 A#40 and B#9 = 604.816
ROUND 492 A#41 and B#9 = 578.924
ROUND 493 A#42 and B#9 = 325.111
ROUND 494 A#43 and B#9 = 553.367
ROUND 495 A#44 and B#9 = 407.828
ROUND 496 A#45 and B#9 = 406.365
ROUND 497 A#46 and B#9 = 571.401
ROUND 498 A#47 and B#9 = 623.962
ROUND 499 A#48 and B#9 = 631.328
ROUND 500 A#49 and B#9 = 583.299
ROUND 501 A#0 and B#10 = 570.827
ROUND 502 A#1 and B#10 = 442.474
ROUND 503 A#2 and B#10 = 520.101
ROUND 504 A#3 and B#10 = 520.686
ROUND 505 A#4 and B#10 = 402.182
ROUND 506 A#5 and B#10 = 564.008
ROUND 507 A#6 and B#10 = 509.392
ROUND 508 A#7 and B#10 = 509.914
ROUND 509 A#8 and B#10 = 510.316
ROUND 510 A#9 and B#10 = 514.378
ROUND 511 A#10 and B#10 = 467.061
ROUND 512 A#11 and B#10 = 387.699
ROUND 513 A#12 and B#10 = 499.291
ROUND 514 A#13 and B#10 = 425.162
ROUND 515 A#14 and B#10 = 514.962
ROUND 516 A#15 and B#10 = 509.711
ROUND 517 A#16 and B#10 = 474.57
ROUND 518 A#17 and B#10 = 589.377
ROUND 519 A#18 and B#10 = 557.916
ROUND 520 A#19 and B#10 = 457.809
ROUND 521 A#20 and B#10 = 512.436
ROUND 522 A#21 and B#10 = 558.173
ROUND 523 A#22 and B#10 = 558.249
ROUND 524 A#23 and B#10 = 559.466
ROUND 525 A#24 and B#10 = 560.799
ROUND 526 A#25 and B#10 = 558.291
ROUND 527 A#26 and B#10 = 503.937
ROUND 528 A#27 and B#10 = 519.865
ROUND 529 A#28 and B#10 = 407.143
ROUND 530 A#29 and B#10 = 514.137
ROUND 531 A#30 and B#10 = 559.664
ROUND 532 A#31 and B#10 = 535.065
ROUND 533 A#32 and B#10 = 507.825
ROUND 534 A#33 and B#10 = 546.484
ROUND 535 A#34 and B#10 = 473.473
ROUND 536 A#35 and B#10 = 612.517
ROUND 537 A#36 and B#10 = 552.666
ROUND 538 A#37 and B#10 = 566.057
ROUND 539 A#38 and B#10 = 612.33
ROUND 540 A#39 and B#10 = 558.681
ROUND 541 A#40 and B#10 = 531.645
ROUND 542 A#41 and B#10 = 468.59
ROUND 543 A#42 and B#10 = 531.46
ROUND 544 A#43 and B#10 = 523.335
ROUND 545 A#44 and B#10 = 527.662
ROUND 546 A#45 and B#10 = 535.375
ROUND 547 A#46 and B#10 = 602.77
ROUND 548 A#47 and B#10 = 472.973
ROUND 549 A#48 and B#10 = 469.658
ROUND 550 A#49 and B#10 = 505.944
ROUND 551 A#0 and B#11 = 561.476
ROUND 552 A#1 and B#11 = 540.454
ROUND 553 A#2 and B#11 = 400.565
ROUND 554 A#3 and B#11 = 567.441
ROUND 555 A#4 and B#11 = 541.581
ROUND 556 A#5 and B#11 = 551.098
ROUND 557 A#6 and B#11 = 512.264
ROUND 558 A#7 and B#11 = 510.078
ROUND 559 A#8 and B#11 = 523.014
ROUND 560 A#9 and B#11 = 466.52
ROUND 561 A#10 and B#11 = 566.288
ROUND 562 A#11 and B#11 = 541.703
ROUND 563 A#12 and B#11 = 566.162
ROUND 564 A#13 and B#11 = 473.726
ROUND 565 A#14 and B#11 = 560.971
ROUND 566 A#15 and B#11 = 511.831
ROUND 567 A#16 and B#11 = 478.88
ROUND 568 A#17 and B#11 = 462.678
ROUND 569 A#18 and B#11 = 603.449
ROUND 570 A#19 and B#11 = 483.881
ROUND 571 A#20 and B#11 = 522.28
ROUND 572 A#21 and B#11 = 611.699
ROUND 573 A#22 and B#11 = 630.597
ROUND 574 A#23 and B#11 = 634.363
ROUND 575 A#24 and B#11 = 631.606
ROUND 576 A#25 and B#11 = 630.906
ROUND 577 A#26 and B#11 = 505.814
ROUND 578 A#27 and B#11 = 497.934
ROUND 579 A#28 and B#11 = 288.197
ROUND 580 A#29 and B#11 = 554.911
ROUND 581 A#30 and B#11 = 624.26
ROUND 582 A#31 and B#11 = 561.843
ROUND 583 A#32 and B#11 = 494.03
ROUND 584 A#33 and B#11 = 491.937
ROUND 585 A#34 and B#11 = 323.683
ROUND 586 A#35 and B#11 = 566.922
ROUND 587 A#36 and B#11 = 618.11
ROUND 588 A#37 and B#11 = 596.94
ROUND 589 A#38 and B#11 = 567.319
ROUND 590 A#39 and B#11 = 590.517
ROUND 591 A#40 and B#11 = 569.165
ROUND 592 A#41 and B#11 = 577.841
ROUND 593 A#42 and B#11 = 534.111
ROUND 594 A#43 and B#11 = 517.631
ROUND 595 A#44 and B#11 = 535.187
ROUND 596 A#45 and B#11 = 539.37
ROUND 597 A#46 and B#11 = 486.431
ROUND 598 A#47 and B#11 = 567.03
ROUND 599 A#48 and B#11 = 564.116
ROUND 600 A#49 and B#11 = 509.269
ROUND 601 A#0 and B#12 = 584.274
ROUND 602 A#1 and B#12 = 447.705
ROUND 603 A#2 and B#12 = 507.376
ROUND 604 A#3 and B#12 = 452.168
ROUND 605 A#4 and B#12 = 532.868
ROUND 606 A#5 and B#12 = 562.851
ROUND 607 A#6 and B#12 = 479.588
ROUND 608 A#7 and B#12 = 478.896
ROUND 609 A#8 and B#12 = 547.428
ROUND 610 A#9 and B#12 = 560.354
ROUND 611 A#10 and B#12 = 524.209
ROUND 612 A#11 and B#12 = 461.751
ROUND 613 A#12 and B#12 = 624.793
ROUND 614 A#13 and B#12 = 558.559
ROUND 615 A#14 and B#12 = 639.373
ROUND 616 A#15 and B#12 = 480.509
ROUND 617 A#16 and B#12 = 514.839
ROUND 618 A#17 and B#12 = 533.205
ROUND 619 A#18 and B#12 = 516.332
ROUND 620 A#19 and B#12 = 510.064
ROUND 621 A#20 and B#12 = 562.948
ROUND 622 A#21 and B#12 = 466.821
ROUND 623 A#22 and B#12 = 538.486
ROUND 624 A#23 and B#12 = 476.161
ROUND 625 A#24 and B#12 = 537.533
ROUND 626 A#25 and B#12 = 538.368
ROUND 627 A#26 and B#12 = 593.336
ROUND 628 A#27 and B#12 = 513.487
ROUND 629 A#28 and B#12 = 428.292
ROUND 630 A#29 and B#12 = 630.268
ROUND 631 A#30 and B#12 = 539.568
ROUND 632 A#31 and B#12 = 520.95
ROUND 633 A#32 and B#12 = 561.545
ROUND 634 A#33 and B#12 = 574.218
ROUND 635 A#34 and B#12 = 568.383
ROUND 636 A#35 and B#12 = 642.61
ROUND 637 A#36 and B#12 = 454.339
ROUND 638 A#37 and B#12 = 608.928
ROUND 639 A#38 and B#12 = 643.309
ROUND 640 A#39 and B#12 = 539.753
ROUND 641 A#40 and B#12 = 565.246
ROUND 642 A#41 and B#12 = 545.464
ROUND 643 A#42 and B#12 = 530.367
ROUND 644 A#43 and B#12 = 545.255
ROUND 645 A#44 and B#12 = 446.442
ROUND 646 A#45 and B#12 = 533.064
ROUND 647 A#46 and B#12 = 599.398
ROUND 648 A#47 and B#12 = 457.467
ROUND 649 A#48 and B#12 = 461.057
ROUND 650 A#49 and B#12 = 447.852
ROUND 651 A#0 and B#13 = 572.267
ROUND 652 A#1 and B#13 = 586.461
ROUND 653 A#2 and B#13 = 509.811
ROUND 654 A#3 and B#13 = 533.17
ROUND 655 A#4 and B#13 = 554.626
ROUND 656 A#5 and B#13 = 560.658
ROUND 657 A#6 and B#13 = 472.656
ROUND 658 A#7 and B#13 = 461.851
ROUND 659 A#8 and B#13 = 554.235
ROUND 660 A#9 and B#13 = 469.446
ROUND 661 A#10 and B#13 = 533.556
ROUND 662 A#11 and B#13 = 554.802
ROUND 663 A#12 and B#13 = 452.718
ROUND 664 A#13 and B#13 = 531.958
ROUND 665 A#14 and B#13 = 461.075
ROUND 666 A#15 and B#13 = 473.75
ROUND 667 A#16 and B#13 = 493.322
ROUND 668 A#17 and B#13 = 400.229
ROUND 669 A#18 and B#13 = 518.065
ROUND 670 A#19 and B#13 = 482.382
ROUND 671 A#20 and B#13 = 402.196
ROUND 672 A#21 and B#13 = 501.972
ROUND 673 A#22 and B#13 = 528.892
ROUND 674 A#23 and B#13 = 527.801
ROUND 675 A#24 and B#13 = 524.512
ROUND 676 A#25 and B#13 = 529.672
ROUND 677 A#26 and B#13 = 520.844
ROUND 678 A#27 and B#13 = 518.681
ROUND 679 A#28 and B#13 = 362.113
ROUND 680 A#29 and B#13 = 461.709
ROUND 681 A#30 and B#13 = 441.605
ROUND 682 A#31 and B#13 = 549.012
ROUND 683 A#32 and B#13 = 504.937
ROUND 684 A#33 and B#13 = 508.053
ROUND 685 A#34 and B#13 = 332.086
ROUND 686 A#35 and B#13 = 574.816
ROUND 687 A#36 and B#13 = 524.179
ROUND 688 A#37 and B#13 = 554.103
ROUND 689 A#38 and B#13 = 573.701
ROUND 690 A#39 and B#13 = 440.308
ROUND 691 A#40 and B#13 = 550.286
ROUND 692 A#41 and B#13 = 470.139
ROUND 693 A#42 and B#13 = 475.745
ROUND 694 A#43 and B#13 = 636.348
ROUND 695 A#44 and B#13 = 486.601
ROUND 696 A#45 and B#13 = 582.996
ROUND 697 A#46 and B#13 = 602.133
ROUND 698 A#47 and B#13 = 537.536
ROUND 699 A#48 and B#13 = 541.267
ROUND 700 A#49 and B#13 = 599.993
ROUND 701 A#0 and B#14 = 566.343
ROUND 702 A#1 and B#14 = 501.889
ROUND 703 A#2 and B#14 = 517.345
ROUND 704 A#3 and B#14 = 464.969
ROUND 705 A#4 and B#14 = 378.781
ROUND 706 A#5 and B#14 = 558.966
ROUND 707 A#6 and B#14 = 495.605
ROUND 708 A#7 and B#14 = 493.771
ROUND 709 A#8 and B#14 = 520.558
ROUND 710 A#9 and B#14 = 508.46
ROUND 711 A#10 and B#14 = 463.595
ROUND 712 A#11 and B#14 = 376.729
ROUND 713 A#12 and B#14 = 491.58
ROUND 714 A#13 and B#14 = 583.331
ROUND 715 A#14 and B#14 = 498.642
ROUND 716 A#15 and B#14 = 496.63
ROUND 717 A#16 and B#14 = 497.901
ROUND 718 A#17 and B#14 = 588.902
ROUND 719 A#18 and B#14 = 450.12
ROUND 720 A#19 and B#14 = 516.088
ROUND 721 A#20 and B#14 = 516.816
ROUND 722 A#21 and B#14 = 537.932
ROUND 723 A#22 and B#14 = 542.18
ROUND 724 A#23 and B#14 = 543.766
ROUND 725 A#24 and B#14 = 544.663
ROUND 726 A#25 and B#14 = 542.577
ROUND 727 A#26 and B#14 = 567.888
ROUND 728 A#27 and B#14 = 510.516
ROUND 729 A#28 and B#14 = 412.122
ROUND 730 A#29 and B#14 = 493.905
ROUND 731 A#30 and B#14 = 544.674
ROUND 732 A#31 and B#14 = 464.03
ROUND 733 A#32 and B#14 = 501.516
ROUND 734 A#33 and B#14 = 545.142
ROUND 735 A#34 and B#14 = 456.321
ROUND 736 A#35 and B#14 = 622.015
ROUND 737 A#36 and B#14 = 532.446
ROUND 738 A#37 and B#14 = 575.72
ROUND 739 A#38 and B#14 = 621.743
ROUND 740 A#39 and B#14 = 537.542
ROUND 741 A#40 and B#14 = 540.335
ROUND 742 A#41 and B#14 = 469.644
ROUND 743 A#42 and B#14 = 529.035
ROUND 744 A#43 and B#14 = 518.547
ROUND 745 A#44 and B#14 = 527.599
ROUND 746 A#45 and B#14 = 532.901
ROUND 747 A#46 and B#14 = 602.257
ROUND 748 A#47 and B#14 = 473.003
ROUND 749 A#48 and B#14 = 469.086
ROUND 750 A#49 and B#14 = 504.105
ROUND 751 A#0 and B#15 = 597.341
ROUND 752 A#1 and B#15 = 531.391
ROUND 753 A#2 and B#15 = 425.042
ROUND 754 A#3 and B#15 = 529.195
ROUND 755 A#4 and B#15 = 525.53
ROUND 756 A#5 and B#15 = 579.424
ROUND 757 A#6 and B#15 = 563.222
ROUND 758 A#7 and B#15 = 566.163
ROUND 759 A#8 and B#15 = 490.104
ROUND 760 A#9 and B#15 = 446.43
ROUND 761 A#10 and B#15 = 524.697
ROUND 762 A#11 and B#15 = 531.005
ROUND 763 A#12 and B#15 = 571.878
ROUND 764 A#13 and B#15 = 516.485
ROUND 765 A#14 and B#15 = 446.775
ROUND 766 A#15 and B#15 = 586.046
ROUND 767 A#16 and B#15 = 624.074
ROUND 768 A#17 and B#15 = 522.68
ROUND 769 A#18 and B#15 = 550.015
ROUND 770 A#19 and B#15 = 623.637
ROUND 771 A#20 and B#15 = 593.139
ROUND 772 A#21 and B#15 = 567.315
ROUND 773 A#22 and B#15 = 565.974
ROUND 774 A#23 and B#15 = 562.293
ROUND 775 A#24 and B#15 = 555.699
ROUND 776 A#25 and B#15 = 566.394
ROUND 777 A#26 and B#15 = 526.188
ROUND 778 A#27 and B#15 = 649.458
ROUND 779 A#28 and B#15 = 306.45
ROUND 780 A#29 and B#15 = 452.363
ROUND 781 A#30 and B#15 = 563.281
ROUND 782 A#31 and B#15 = 513.862
ROUND 783 A#32 and B#15 = 487.711
ROUND 784 A#33 and B#15 = 525.888
ROUND 785 A#34 and B#15 = 293.52
ROUND 786 A#35 and B#15 = 520.604
ROUND 787 A#36 and B#15 = 539.557
ROUND 788 A#37 and B#15 = 531.185
ROUND 789 A#38 and B#15 = 520.894
ROUND 790 A#39 and B#15 = 547.207
ROUND 791 A#40 and B#15 = 556.702
ROUND 792 A#41 and B#15 = 533.98
ROUND 793 A#42 and B#15 = 544.142
ROUND 794 A#43 and B#15 = 478.317
ROUND 795 A#44 and B#15 = 528.316
ROUND 796 A#45 and B#15 = 527.316
ROUND 797 A#46 and B#15 = 492.607
ROUND 798 A#47 and B#15 = 543.498
ROUND 799 A#48 and B#15 = 552.664
ROUND 800 A#49 and B#15 = 554.609
ROUND 801 A#0 and B#16 = 564.404
ROUND 802 A#1 and B#16 = 524.131
ROUND 803 A#2 and B#16 = 504.372
ROUND 804 A#3 and B#16 = 586.657
ROUND 805 A#4 and B#16 = 575.23
ROUND 806 A#5 and B#16 = 548.199
ROUND 807 A#6 and B#16 = 512.795
ROUND 808 A#7 and B#16 = 513.245
ROUND 809 A#8 and B#16 = 513.061
ROUND 810 A#9 and B#16 = 539.871
ROUND 811 A#10 and B#16 = 585.376
ROUND 812 A#11 and B#16 = 572.769
ROUND 813 A#12 and B#16 = 522.842
ROUND 814 A#13 and B#16 = 435.69
ROUND 815 A#14 and B#16 = 539.457
ROUND 816 A#15 and B#16 = 512.827
ROUND 817 A#16 and B#16 = 559.582
ROUND 818 A#17 and B#16 = 414.034
ROUND 819 A#18 and B#16 = 550.272
ROUND 820 A#19 and B#16 = 562.636
ROUND 821 A#20 and B#16 = 555.112
ROUND 822 A#21 and B#16 = 334.134
ROUND 823 A#22 and B#16 = 330.153
ROUND 824 A#23 and B#16 = 326.819
ROUND 825 A#24 and B#16 = 544.365
ROUND 826 A#25 and B#16 = 330.689
ROUND 827 A#26 and B#16 = 541.76
ROUND 828 A#27 and B#16 = 540.036
ROUND 829 A#28 and B#16 = 392.418
ROUND 830 A#29 and B#16 = 544.101
ROUND 831 A#30 and B#16 = 529.13
ROUND 832 A#31 and B#16 = 558.623
ROUND 833 A#32 and B#16 = 539.338
ROUND 834 A#33 and B#16 = 544.722
ROUND 835 A#34 and B#16 = 611.922
ROUND 836 A#35 and B#16 = 566.749
ROUND 837 A#36 and B#16 = 315.668
ROUND 838 A#37 and B#16 = 513.235
ROUND 839 A#38 and B#16 = 567.024
ROUND 840 A#39 and B#16 = 523.475
ROUND 841 A#40 and B#16 = 581.571
ROUND 842 A#41 and B#16 = 540.685
ROUND 843 A#42 and B#16 = 546.628
ROUND 844 A#43 and B#16 = 505.029
ROUND 845 A#44 and B#16 = 544.247
ROUND 846 A#45 and B#16 = 544.297
ROUND 847 A#46 and B#16 = 545.251
ROUND 848 A#47 and B#16 = 555.032
ROUND 849 A#48 and B#16 = 555.467
ROUND 850 A#49 and B#16 = 517.886
ROUND 851 A#0 and B#17 = 548.256
ROUND 852 A#1 and B#17 = 554.715
ROUND 853 A#2 and B#17 = 501.621
ROUND 854 A#3 and B#17 = 525.218
ROUND 855 A#4 and B#17 = 530.418
ROUND 856 A#5 and B#17 = 547.29
ROUND 857 A#6 and B#17 = 637.695
ROUND 858 A#7 and B#17 = 632.494
ROUND 859 A#8 and B#17 = 552.195
ROUND 860 A#9 and B#17 = 566.434
ROUND 861 A#10 and B#17 = 523.206
ROUND 862 A#11 and B#17 = 532.591
ROUND 863 A#12 and B#17 = 613.971
ROUND 864 A#13 and B#17 = 550.256
ROUND 865 A#14 and B#17 = 632.261
ROUND 866 A#15 and B#17 = 636.695
ROUND 867 A#16 and B#17 = 488.977
ROUND 868 A#17 and B#17 = 524.511
ROUND 869 A#18 and B#17 = 506.785
ROUND 870 A#19 and B#17 = 570.337
ROUND 871 A#20 and B#17 = 548.965
ROUND 872 A#21 and B#17 = 464.867
ROUND 873 A#22 and B#17 = 511.643
ROUND 874 A#23 and B#17 = 473.263
ROUND 875 A#24 and B#17 = 473.731
ROUND 876 A#25 and B#17 = 473.315
ROUND 877 A#26 and B#17 = 587.132
ROUND 878 A#27 and B#17 = 504.976
ROUND 879 A#28 and B#17 = 421.852
ROUND 880 A#29 and B#17 = 624.295
ROUND 881 A#30 and B#17 = 513.049
ROUND 882 A#31 and B#17 = 509.315
ROUND 883 A#32 and B#17 = 534.649
ROUND 884 A#33 and B#17 = 568.631
ROUND 885 A#34 and B#17 = 562.458
ROUND 886 A#35 and B#17 = 636.047
ROUND 887 A#36 and B#17 = 452.878
ROUND 888 A#37 and B#17 = 602.646
ROUND 889 A#38 and B#17 = 636.738
ROUND 890 A#39 and B#17 = 516.566
ROUND 891 A#40 and B#17 = 557.201
ROUND 892 A#41 and B#17 = 534.01
ROUND 893 A#42 and B#17 = 515.407
ROUND 894 A#43 and B#17 = 542.649
ROUND 895 A#44 and B#17 = 436.012
ROUND 896 A#45 and B#17 = 520.241
ROUND 897 A#46 and B#17 = 473.654
ROUND 898 A#47 and B#17 = 510.807
ROUND 899 A#48 and B#17 = 504.515
ROUND 900 A#49 and B#17 = 541.646
ROUND 901 A#0 and B#18 = 548.315
ROUND 902 A#1 and B#18 = 484.984
ROUND 903 A#2 and B#18 = 431.97
ROUND 904 A#3 and B#18 = 473.088
ROUND 905 A#4 and B#18 = 450.151
ROUND 906 A#5 and B#18 = 510.167
ROUND 907 A#6 and B#18 = 549.589
ROUND 908 A#7 and B#18 = 549.383
ROUND 909 A#8 and B#18 = 532.877
ROUND 910 A#9 and B#18 = 487.362
ROUND 911 A#10 and B#18 = 477.694
ROUND 912 A#11 and B#18 = 449.974
ROUND 913 A#12 and B#18 = 556.765
ROUND 914 A#13 and B#18 = 429.27
ROUND 915 A#14 and B#18 = 609.575
ROUND 916 A#15 and B#18 = 548.974
ROUND 917 A#16 and B#18 = 518.059
ROUND 918 A#17 and B#18 = 430.599
ROUND 919 A#18 and B#18 = 529.691
ROUND 920 A#19 and B#18 = 517.616
ROUND 921 A#20 and B#18 = 475.285
ROUND 922 A#21 and B#18 = 404.543
ROUND 923 A#22 and B#18 = 412.246
ROUND 924 A#23 and B#18 = 412.341
ROUND 925 A#24 and B#18 = 411.51
ROUND 926 A#25 and B#18 = 412.305
ROUND 927 A#26 and B#18 = 508.47
ROUND 928 A#27 and B#18 = 503.91
ROUND 929 A#28 and B#18 = 391.742
ROUND 930 A#29 and B#18 = 605.556
ROUND 931 A#30 and B#18 = 411.606
ROUND 932 A#31 and B#18 = 564.969
ROUND 933 A#32 and B#18 = 512.736
ROUND 934 A#33 and B#18 = 518.284
ROUND 935 A#34 and B#18 = 428.638
ROUND 936 A#35 and B#18 = 588.643
ROUND 937 A#36 and B#18 = 406.195
ROUND 938 A#37 and B#18 = 562.296
ROUND 939 A#38 and B#18 = 587.622
ROUND 940 A#39 and B#18 = 477.808
ROUND 941 A#40 and B#18 = 537.192
ROUND 942 A#41 and B#18 = 488.067
ROUND 943 A#42 and B#18 = 506.57
ROUND 944 A#43 and B#18 = 460.077
ROUND 945 A#44 and B#18 = 508.666
ROUND 946 A#45 and B#18 = 513.494
ROUND 947 A#46 and B#18 = 498.848
ROUND 948 A#47 and B#18 = 483.136
ROUND 949 A#48 and B#18 = 564.592
ROUND 950 A#49 and B#18 = 475.85
ROUND 951 A#0 and B#19 = 633.682
ROUND 952 A#1 and B#19 = 539.186
ROUND 953 A#2 and B#19 = 414.253
ROUND 954 A#3 and B#19 = 579.186
ROUND 955 A#4 and B#19 = 582.539
ROUND 956 A#5 and B#19 = 640.333
ROUND 957 A#6 and B#19 = 528.825
ROUND 958 A#7 and B#19 = 527.811
ROUND 959 A#8 and B#19 = 506.383
ROUND 960 A#9 and B#19 = 481.673
ROUND 961 A#10 and B#19 = 591.567
ROUND 962 A#11 and B#19 = 586.054
ROUND 963 A#12 and B#19 = 528.154
ROUND 964 A#13 and B#19 = 534.407
ROUND 965 A#14 and B#19 = 492.213
ROUND 966 A#15 and B#19 = 529.796
ROUND 967 A#16 and B#19 = 597.733
ROUND 968 A#17 and B#19 = 541.775
ROUND 969 A#18 and B#19 = 596.682
ROUND 970 A#19 and B#19 = 601.768
ROUND 971 A#20 and B#19 = 470.814
ROUND 972 A#21 and B#19 = 567.601
ROUND 973 A#22 and B#19 = 571.723
ROUND 974 A#23 and B#19 = 577.567
ROUND 975 A#24 and B#19 = 581.222
ROUND 976 A#25 and B#19 = 572.083
ROUND 977 A#26 and B#19 = 600.076
ROUND 978 A#27 and B#19 = 540.799
ROUND 979 A#28 and B#19 = 352.347
ROUND 980 A#29 and B#19 = 508.641
ROUND 981 A#30 and B#19 = 566.393
ROUND 982 A#31 and B#19 = 593.13
ROUND 983 A#32 and B#19 = 484.536
ROUND 984 A#33 and B#19 = 494.501
ROUND 985 A#34 and B#19 = 377.251
ROUND 986 A#35 and B#19 = 553.825
ROUND 987 A#36 and B#19 = 574.506
ROUND 988 A#37 and B#19 = 584.881
ROUND 989 A#38 and B#19 = 553.031
ROUND 990 A#39 and B#19 = 566.227
ROUND 991 A#40 and B#19 = 571.223
ROUND 992 A#41 and B#19 = 500.215
ROUND 993 A#42 and B#19 = 616.465
ROUND 994 A#43 and B#19 = 514.973
ROUND 995 A#44 and B#19 = 636.567
ROUND 996 A#45 and B#19 = 634.034
ROUND 997 A#46 and B#19 = 575.808
ROUND 998 A#47 and B#19 = 598.917
ROUND 999 A#48 and B#19 = 595.789
ROUND 1000 A#49 and B#19 = 572.932
ROUND 1001 A#0 and B#20 = 570.949
ROUND 1002 A#1 and B#20 = 439.091
ROUND 1003 A#2 and B#20 = 522.049
ROUND 1004 A#3 and B#20 = 520.973
ROUND 1005 A#4 and B#20 = 402.815
ROUND 1006 A#5 and B#20 = 564.028
ROUND 1007 A#6 and B#20 = 506.08
ROUND 1008 A#7 and B#20 = 506.558
ROUND 1009 A#8 and B#20 = 509.793
ROUND 1010 A#9 and B#20 = 510.92
ROUND 1011 A#10 and B#20 = 459.663
ROUND 1012 A#11 and B#20 = 366.091
ROUND 1013 A#12 and B#20 = 517.672
ROUND 1014 A#13 and B#20 = 424.846
ROUND 1015 A#14 and B#20 = 504.048
ROUND 1016 A#15 and B#20 = 506.495
ROUND 1017 A#16 and B#20 = 481.88
ROUND 1018 A#17 and B#20 = 590.19
ROUND 1019 A#18 and B#20 = 558.343
ROUND 1020 A#19 and B#20 = 457.561
ROUND 1021 A#20 and B#20 = 508.76
ROUND 1022 A#21 and B#20 = 558.591
ROUND 1023 A#22 and B#20 = 558.64
ROUND 1024 A#23 and B#20 = 559.836
ROUND 1025 A#24 and B#20 = 561.203
ROUND 1026 A#25 and B#20 = 558.738
ROUND 1027 A#26 and B#20 = 501.953
ROUND 1028 A#27 and B#20 = 519.471
ROUND 1029 A#28 and B#20 = 403.132
ROUND 1030 A#29 and B#20 = 506.356
ROUND 1031 A#30 and B#20 = 560.079
ROUND 1032 A#31 and B#20 = 535.068
ROUND 1033 A#32 and B#20 = 513.034
ROUND 1034 A#33 and B#20 = 545.941
ROUND 1035 A#34 and B#20 = 474.83
ROUND 1036 A#35 and B#20 = 611.239
ROUND 1037 A#36 and B#20 = 553.037
ROUND 1038 A#37 and B#20 = 565.436
ROUND 1039 A#38 and B#20 = 611.056
ROUND 1040 A#39 and B#20 = 559.027
ROUND 1041 A#40 and B#20 = 530.778
ROUND 1042 A#41 and B#20 = 463.854
ROUND 1043 A#42 and B#20 = 531.412
ROUND 1044 A#43 and B#20 = 520.093
ROUND 1045 A#44 and B#20 = 413.68
ROUND 1046 A#45 and B#20 = 536.15
ROUND 1047 A#46 and B#20 = 602.382
ROUND 1048 A#47 and B#20 = 550.477
ROUND 1049 A#48 and B#20 = 525.692
ROUND 1050 A#49 and B#20 = 504.237
ROUND 1051 A#0 and B#21 = 574.301
ROUND 1052 A#1 and B#21 = 495.428
ROUND 1053 A#2 and B#21 = 529.996
ROUND 1054 A#3 and B#21 = 586.658
ROUND 1055 A#4 and B#21 = 609.649
ROUND 1056 A#5 and B#21 = 563.138
ROUND 1057 A#6 and B#21 = 469.543
ROUND 1058 A#7 and B#21 = 467.869
ROUND 1059 A#8 and B#21 = 561.288
ROUND 1060 A#9 and B#21 = 556.869
ROUND 1061 A#10 and B#21 = 559.944
ROUND 1062 A#11 and B#21 = 567.211
ROUND 1063 A#12 and B#21 = 456.635
ROUND 1064 A#13 and B#21 = 453.679
ROUND 1065 A#14 and B#21 = 441.156
ROUND 1066 A#15 and B#21 = 470.135
ROUND 1067 A#16 and B#21 = 427.88
ROUND 1068 A#17 and B#21 = 438.901
ROUND 1069 A#18 and B#21 = 456.824
ROUND 1070 A#19 and B#21 = 424.105
ROUND 1071 A#20 and B#21 = 516.116
ROUND 1072 A#21 and B#21 = 301.171
ROUND 1073 A#22 and B#21 = 445.516
ROUND 1074 A#23 and B#21 = 441.543
ROUND 1075 A#24 and B#21 = 465.432
ROUND 1076 A#25 and B#21 = 445.387
ROUND 1077 A#26 and B#21 = 612.301
ROUND 1078 A#27 and B#21 = 459.444
ROUND 1079 A#28 and B#21 = 408.012
ROUND 1080 A#29 and B#21 = 599.47
ROUND 1081 A#30 and B#21 = 460.322
ROUND 1082 A#31 and B#21 = 603.045
ROUND 1083 A#32 and B#21 = 546.468
ROUND 1084 A#33 and B#21 = 549.864
ROUND 1085 A#34 and B#21 = 360.077
ROUND 1086 A#35 and B#21 = 524.706
ROUND 1087 A#36 and B#21 = 412.84
ROUND 1088 A#37 and B#21 = 621.073
ROUND 1089 A#38 and B#21 = 524.675
ROUND 1090 A#39 and B#21 = 479.631
ROUND 1091 A#40 and B#21 = 546.605
ROUND 1092 A#41 and B#21 = 549.759
ROUND 1093 A#42 and B#21 = 520.75
ROUND 1094 A#43 and B#21 = 519.862
ROUND 1095 A#44 and B#21 = 540.817
ROUND 1096 A#45 and B#21 = 542.57
ROUND 1097 A#46 and B#21 = 602.687
ROUND 1098 A#47 and B#21 = 593.833
ROUND 1099 A#48 and B#21 = 587.722
ROUND 1100 A#49 and B#21 = 509.185
ROUND 1101 A#0 and B#22 = 427.874
ROUND 1102 A#1 and B#22 = 551.25
ROUND 1103 A#2 and B#22 = 506.233
ROUND 1104 A#3 and B#22 = 543.513
ROUND 1105 A#4 and B#22 = 569.6
ROUND 1106 A#5 and B#22 = 445.596
ROUND 1107 A#6 and B#22 = 481.699
ROUND 1108 A#7 and B#22 = 480.728
ROUND 1109 A#8 and B#22 = 415.777
ROUND 1110 A#9 and B#22 = 513.954
ROUND 1111 A#10 and B#22 = 583.402
ROUND 1112 A#11 and B#22 = 560.192
ROUND 1113 A#12 and B#22 = 498.693
ROUND 1114 A#13 and B#22 = 421.335
ROUND 1115 A#14 and B#22 = 476.099
ROUND 1116 A#15 and B#22 = 481.781
ROUND 1117 A#16 and B#22 = 497.461
ROUND 1118 A#17 and B#22 = 411.095
ROUND 1119 A#18 and B#22 = 490.162
ROUND 1120 A#19 and B#22 = 504.858
ROUND 1121 A#20 and B#22 = 496.183
ROUND 1122 A#21 and B#22 = 345.911
ROUND 1123 A#22 and B#22 = 466.287
ROUND 1124 A#23 and B#22 = 473.541
ROUND 1125 A#24 and B#22 = 482.076
ROUND 1126 A#25 and B#22 = 465.611
ROUND 1127 A#26 and B#22 = 544.057
ROUND 1128 A#27 and B#22 = 538.598
ROUND 1129 A#28 and B#22 = 429.279
ROUND 1130 A#29 and B#22 = 560.475
ROUND 1131 A#30 and B#22 = 470.739
ROUND 1132 A#31 and B#22 = 585.31
ROUND 1133 A#32 and B#22 = 553.17
ROUND 1134 A#33 and B#22 = 570.031
ROUND 1135 A#34 and B#22 = 417.81
ROUND 1136 A#35 and B#22 = 488.23
ROUND 1137 A#36 and B#22 = 346.836
ROUND 1138 A#37 and B#22 = 535.867
ROUND 1139 A#38 and B#22 = 489.874
ROUND 1140 A#39 and B#22 = 469.156
ROUND 1141 A#40 and B#22 = 550.814
ROUND 1142 A#41 and B#22 = 580.094
ROUND 1143 A#42 and B#22 = 408.654
ROUND 1144 A#43 and B#22 = 519.482
ROUND 1145 A#44 and B#22 = 410.436
ROUND 1146 A#45 and B#22 = 410.938
ROUND 1147 A#46 and B#22 = 478.949
ROUND 1148 A#47 and B#22 = 527.283
ROUND 1149 A#48 and B#22 = 536.801
ROUND 1150 A#49 and B#22 = 442.044
ROUND 1151 A#0 and B#23 = 424.238
ROUND 1152 A#1 and B#23 = 574.93
ROUND 1153 A#2 and B#23 = 439.346
ROUND 1154 A#3 and B#23 = 590.367
ROUND 1155 A#4 and B#23 = 566.075
ROUND 1156 A#5 and B#23 = 454.246
ROUND 1157 A#6 and B#23 = 483.93
ROUND 1158 A#7 and B#23 = 485.023
ROUND 1159 A#8 and B#23 = 425.136
ROUND 1160 A#9 and B#23 = 510.415
ROUND 1161 A#10 and B#23 = 591.395
ROUND 1162 A#11 and B#23 = 570.589
ROUND 1163 A#12 and B#23 = 621.694
ROUND 1164 A#13 and B#23 = 423.907
ROUND 1165 A#14 and B#23 = 538.278
ROUND 1166 A#15 and B#23 = 484.052
ROUND 1167 A#16 and B#23 = 538.821
ROUND 1168 A#17 and B#23 = 448.913
ROUND 1169 A#18 and B#23 = 565.759
ROUND 1170 A#19 and B#23 = 543.539
ROUND 1171 A#20 and B#23 = 604.555
ROUND 1172 A#21 and B#23 = 589.874
ROUND 1173 A#22 and B#23 = 565.828
ROUND 1174 A#23 and B#23 = 567.418
ROUND 1175 A#24 and B#23 = 568.35
ROUND 1176 A#25 and B#23 = 565.703
ROUND 1177 A#26 and B#23 = 565.61
ROUND 1178 A#27 and B#23 = 527.024
ROUND 1179 A#28 and B#23 = 330.656
ROUND 1180 A#29 and B#23 = 531.42
ROUND 1181 A#30 and B#23 = 568.436
ROUND 1182 A#31 and B#23 = 605.924
ROUND 1183 A#32 and B#23 = 504.224
ROUND 1184 A#33 and B#23 = 553.098
ROUND 1185 A#34 and B#23 = 437.708
ROUND 1186 A#35 and B#23 = 507.186
ROUND 1187 A#36 and B#23 = 574.269
ROUND 1188 A#37 and B#23 = 476.923
ROUND 1189 A#38 and B#23 = 508.41
ROUND 1190 A#39 and B#23 = 574.494
ROUND 1191 A#40 and B#23 = 522.268
ROUND 1192 A#41 and B#23 = 608.22
ROUND 1193 A#42 and B#23 = 399.162
ROUND 1194 A#43 and B#23 = 502.23
ROUND 1195 A#44 and B#23 = 401.413
ROUND 1196 A#45 and B#23 = 401.571
ROUND 1197 A#46 and B#23 = 574.144
ROUND 1198 A#47 and B#23 = 532.784
ROUND 1199 A#48 and B#23 = 603.74
ROUND 1200 A#49 and B#23 = 535.879
ROUND 1201 A#0 and B#24 = 557.848
ROUND 1202 A#1 and B#24 = 548.055
ROUND 1203 A#2 and B#24 = 402.016
ROUND 1204 A#3 and B#24 = 577.412
ROUND 1205 A#4 and B#24 = 548.898
ROUND 1206 A#5 and B#24 = 547.716
ROUND 1207 A#6 and B#24 = 484.654
ROUND 1208 A#7 and B#24 = 483.18
ROUND 1209 A#8 and B#24 = 541.743
ROUND 1210 A#9 and B#24 = 470.615
ROUND 1211 A#10 and B#24 = 575.084
ROUND 1212 A#11 and B#24 = 549.177
ROUND 1213 A#12 and B#24 = 567.133
ROUND 1214 A#13 and B#24 = 411.244
ROUND 1215 A#14 and B#24 = 563.932
ROUND 1216 A#15 and B#24 = 484.774
ROUND 1217 A#16 and B#24 = 485.884
ROUND 1218 A#17 and B#24 = 477.053
ROUND 1219 A#18 and B#24 = 601.419
ROUND 1220 A#19 and B#24 = 489.939
ROUND 1221 A#20 and B#24 = 514.667
ROUND 1222 A#21 and B#24 = 610.671
ROUND 1223 A#22 and B#24 = 623.409
ROUND 1224 A#23 and B#24 = 634.616
ROUND 1225 A#24 and B#24 = 635.594
ROUND 1226 A#25 and B#24 = 625.37
ROUND 1227 A#26 and B#24 = 524.291
ROUND 1228 A#27 and B#24 = 474.505
ROUND 1229 A#28 and B#24 = 420.541
ROUND 1230 A#29 and B#24 = 559.036
ROUND 1231 A#30 and B#24 = 616.528
ROUND 1232 A#31 and B#24 = 569.249
ROUND 1233 A#32 and B#24 = 563.16
ROUND 1234 A#33 and B#24 = 561.101
ROUND 1235 A#34 and B#24 = 402.378
ROUND 1236 A#35 and B#24 = 570.322
ROUND 1237 A#36 and B#24 = 621.005
ROUND 1238 A#37 and B#24 = 599.946
ROUND 1239 A#38 and B#24 = 570.674
ROUND 1240 A#39 and B#24 = 597.777
ROUND 1241 A#40 and B#24 = 557.387
ROUND 1242 A#41 and B#24 = 577.679
ROUND 1243 A#42 and B#24 = 528.424
ROUND 1244 A#43 and B#24 = 521.885
ROUND 1245 A#44 and B#24 = 530.225
ROUND 1246 A#45 and B#24 = 534.176
ROUND 1247 A#46 and B#24 = 536.257
ROUND 1248 A#47 and B#24 = 574.517
ROUND 1249 A#48 and B#24 = 571.561
ROUND 1250 A#49 and B#24 = 520.125
ROUND 1251 A#0 and B#25 = 556.938
ROUND 1252 A#1 and B#25 = 548.42
ROUND 1253 A#2 and B#25 = 401.985
ROUND 1254 A#3 and B#25 = 577.715
ROUND 1255 A#4 and B#25 = 549.267
ROUND 1256 A#5 and B#25 = 546.774
ROUND 1257 A#6 and B#25 = 484.692
ROUND 1258 A#7 and B#25 = 483.161
ROUND 1259 A#8 and B#25 = 541.377
ROUND 1260 A#9 and B#25 = 470.918
ROUND 1261 A#10 and B#25 = 575.439
ROUND 1262 A#11 and B#25 = 549.48
ROUND 1263 A#12 and B#25 = 566.923
ROUND 1264 A#13 and B#25 = 411.095
ROUND 1265 A#14 and B#25 = 563.982
ROUND 1266 A#15 and B#25 = 484.791
ROUND 1267 A#16 and B#25 = 485.543
ROUND 1268 A#17 and B#25 = 476.223
ROUND 1269 A#18 and B#25 = 602.344
ROUND 1270 A#19 and B#25 = 489.729
ROUND 1271 A#20 and B#25 = 514.411
ROUND 1272 A#21 and B#25 = 610.545
ROUND 1273 A#22 and B#25 = 623.917
ROUND 1274 A#23 and B#25 = 634.945
ROUND 1275 A#24 and B#25 = 635.974
ROUND 1276 A#25 and B#25 = 625.943
ROUND 1277 A#26 and B#25 = 525.239
ROUND 1278 A#27 and B#25 = 472.791
ROUND 1279 A#28 and B#25 = 419.798
ROUND 1280 A#29 and B#25 = 559.104
ROUND 1281 A#30 and B#25 = 617.175
ROUND 1282 A#31 and B#25 = 569.402
ROUND 1283 A#32 and B#25 = 562.777
ROUND 1284 A#33 and B#25 = 560.808
ROUND 1285 A#34 and B#25 = 402.426
ROUND 1286 A#35 and B#25 = 569.796
ROUND 1287 A#36 and B#25 = 621.125
ROUND 1288 A#37 and B#25 = 599.901
ROUND 1289 A#38 and B#25 = 570.132
ROUND 1290 A#39 and B#25 = 598.106
ROUND 1291 A#40 and B#25 = 557.24
ROUND 1292 A#41 and B#25 = 577.76
ROUND 1293 A#42 and B#25 = 527.83
ROUND 1294 A#43 and B#25 = 521.57
ROUND 1295 A#44 and B#25 = 529.558
ROUND 1296 A#45 and B#25 = 533.526
ROUND 1297 A#46 and B#25 = 536.611
ROUND 1298 A#47 and B#25 = 574.822
ROUND 1299 A#48 and B#25 = 571.8
ROUND 1300 A#49 and B#25 = 520.48
ROUND 1301 A#0 and B#26 = 456.465
ROUND 1302 A#1 and B#26 = 467.215
ROUND 1303 A#2 and B#26 = 555.161
ROUND 1304 A#3 and B#26 = 523.312
ROUND 1305 A#4 and B#26 = 450.362
ROUND 1306 A#5 and B#26 = 559.353
ROUND 1307 A#6 and B#26 = 496.146
ROUND 1308 A#7 and B#26 = 495.077
ROUND 1309 A#8 and B#26 = 508.218
ROUND 1310 A#9 and B#26 = 480.46
ROUND 1311 A#10 and B#26 = 464.951
ROUND 1312 A#11 and B#26 = 377.299
ROUND 1313 A#12 and B#26 = 502.904
ROUND 1314 A#13 and B#26 = 365.031
ROUND 1315 A#14 and B#26 = 493.324
ROUND 1316 A#15 and B#26 = 496.791
ROUND 1317 A#16 and B#26 = 526.325
ROUND 1318 A#17 and B#26 = 352.067
ROUND 1319 A#18 and B#26 = 566.289
ROUND 1320 A#19 and B#26 = 524.958
ROUND 1321 A#20 and B#26 = 525.62
ROUND 1322 A#21 and B#26 = 564.62
ROUND 1323 A#22 and B#26 = 566.695
ROUND 1324 A#23 and B#26 = 567.07
ROUND 1325 A#24 and B#26 = 567.011
ROUND 1326 A#25 and B#26 = 566.704
ROUND 1327 A#26 and B#26 = 508.812
ROUND 1328 A#27 and B#26 = 568.078
ROUND 1329 A#28 and B#26 = 434.233
ROUND 1330 A#29 and B#26 = 598.315
ROUND 1331 A#30 and B#26 = 568.157
ROUND 1332 A#31 and B#26 = 518.066
ROUND 1333 A#32 and B#26 = 507.591
ROUND 1334 A#33 and B#26 = 499.523
ROUND 1335 A#34 and B#26 = 290.218
ROUND 1336 A#35 and B#26 = 553.627
ROUND 1337 A#36 and B#26 = 559.749
ROUND 1338 A#37 and B#26 = 559.947
ROUND 1339 A#38 and B#26 = 554.989
ROUND 1340 A#39 and B#26 = 567.282
ROUND 1341 A#40 and B#26 = 570.174
ROUND 1342 A#41 and B#26 = 564.117
ROUND 1343 A#42 and B#26 = 454.841
ROUND 1344 A#43 and B#26 = 534.963
ROUND 1345 A#44 and B#26 = 454.583
ROUND 1346 A#45 and B#26 = 455.102
ROUND 1347 A#46 and B#26 = 623.619
ROUND 1348 A#47 and B#26 = 473.919
ROUND 1349 A#48 and B#26 = 514.754
ROUND 1350 A#49 and B#26 = 480.517
ROUND 1351 A#0 and B#27 = 639.869
ROUND 1352 A#1 and B#27 = 568.119
ROUND 1353 A#2 and B#27 = 410.439
ROUND 1354 A#3 and B#27 = 570.919
ROUND 1355 A#4 and B#27 = 592.53
ROUND 1356 A#5 and B#27 = 645.034
ROUND 1357 A#6 and B#27 = 532.609
ROUND 1358 A#7 and B#27 = 532.423
ROUND 1359 A#8 and B#27 = 486.352
ROUND 1360 A#9 and B#27 = 457.845
ROUND 1361 A#10 and B#27 = 564.762
ROUND 1362 A#11 and B#27 = 597.357
ROUND 1363 A#12 and B#27 = 528.248
ROUND 1364 A#13 and B#27 = 538.084
ROUND 1365 A#14 and B#27 = 512.941
ROUND 1366 A#15 and B#27 = 533.025
ROUND 1367 A#16 and B#27 = 623.271
ROUND 1368 A#17 and B#27 = 550.045
ROUND 1369 A#18 and B#27 = 627.469
ROUND 1370 A#19 and B#27 = 624.212
ROUND 1371 A#20 and B#27 = 431.598
ROUND 1372 A#21 and B#27 = 589.775
ROUND 1373 A#22 and B#27 = 601.446
ROUND 1374 A#23 and B#27 = 605.864
ROUND 1375 A#24 and B#27 = 609.015
ROUND 1376 A#25 and B#27 = 601.887
ROUND 1377 A#26 and B#27 = 569.75
ROUND 1378 A#27 and B#27 = 551.053
ROUND 1379 A#28 and B#27 = 336.924
ROUND 1380 A#29 and B#27 = 512.081
ROUND 1381 A#30 and B#27 = 596.644
ROUND 1382 A#31 and B#27 = 566.711
ROUND 1383 A#32 and B#27 = 476.105
ROUND 1384 A#33 and B#27 = 474.232
ROUND 1385 A#34 and B#27 = 286.572
ROUND 1386 A#35 and B#27 = 531.873
ROUND 1387 A#36 and B#27 = 596.346
ROUND 1388 A#37 and B#27 = 527.288
ROUND 1389 A#38 and B#27 = 531.048
ROUND 1390 A#39 and B#27 = 589.061
ROUND 1391 A#40 and B#27 = 548.811
ROUND 1392 A#41 and B#27 = 573.306
ROUND 1393 A#42 and B#27 = 627.251
ROUND 1394 A#43 and B#27 = 484.928
ROUND 1395 A#44 and B#27 = 643.691
ROUND 1396 A#45 and B#27 = 640.415
ROUND 1397 A#46 and B#27 = 488.469
ROUND 1398 A#47 and B#27 = 576.153
ROUND 1399 A#48 and B#27 = 572.589
ROUND 1400 A#49 and B#27 = 550.162
ROUND 1401 A#0 and B#28 = 492.459
ROUND 1402 A#1 and B#28 = 628.334
ROUND 1403 A#2 and B#28 = 532.007
ROUND 1404 A#3 and B#28 = 554.293
ROUND 1405 A#4 and B#28 = 564.655
ROUND 1406 A#5 and B#28 = 573.063
ROUND 1407 A#6 and B#28 = 443.007
ROUND 1408 A#7 and B#28 = 438.909
ROUND 1409 A#8 and B#28 = 588.306
ROUND 1410 A#9 and B#28 = 549.941
ROUND 1411 A#10 and B#28 = 554.684
ROUND 1412 A#11 and B#28 = 564.841
ROUND 1413 A#12 and B#28 = 453.615
ROUND 1414 A#13 and B#28 = 339.504
ROUND 1415 A#14 and B#28 = 440.586
ROUND 1416 A#15 and B#28 = 443.357
ROUND 1417 A#16 and B#28 = 607.576
ROUND 1418 A#17 and B#28 = 470.585
ROUND 1419 A#18 and B#28 = 451.09
ROUND 1420 A#19 and B#28 = 496.864
ROUND 1421 A#20 and B#28 = 442.847
ROUND 1422 A#21 and B#28 = 515.675
ROUND 1423 A#22 and B#28 = 538.276
ROUND 1424 A#23 and B#28 = 538.839
ROUND 1425 A#24 and B#28 = 537.159
ROUND 1426 A#25 and B#28 = 538.977
ROUND 1427 A#26 and B#28 = 562.946
ROUND 1428 A#27 and B#28 = 493.111
ROUND 1429 A#28 and B#28 = 296.692
ROUND 1430 A#29 and B#28 = 439.339
ROUND 1431 A#30 and B#28 = 535.38
ROUND 1432 A#31 and B#28 = 578.832
ROUND 1433 A#32 and B#28 = 539.383
ROUND 1434 A#33 and B#28 = 540.704
ROUND 1435 A#34 and B#28 = 372.416
ROUND 1436 A#35 and B#28 = 357.428
ROUND 1437 A#36 and B#28 = 525.028
ROUND 1438 A#37 and B#28 = 531.83
ROUND 1439 A#38 and B#28 = 357.41
ROUND 1440 A#39 and B#28 = 433.251
ROUND 1441 A#40 and B#28 = 547.864
ROUND 1442 A#41 and B#28 = 482.344
ROUND 1443 A#42 and B#28 = 448.15
ROUND 1444 A#43 and B#28 = 639.699
ROUND 1445 A#44 and B#28 = 405.333
ROUND 1446 A#45 and B#28 = 405.531
ROUND 1447 A#46 and B#28 = 582.071
ROUND 1448 A#47 and B#28 = 569.247
ROUND 1449 A#48 and B#28 = 574.344
ROUND 1450 A#49 and B#28 = 635.248
ROUND 1451 A#0 and B#29 = 350.717
ROUND 1452 A#1 and B#29 = 597.021
ROUND 1453 A#2 and B#29 = 540.389
ROUND 1454 A#3 and B#29 = 589.379
ROUND 1455 A#4 and B#29 = 616.676
ROUND 1456 A#5 and B#29 = 588.305
ROUND 1457 A#6 and B#29 = 488.216
ROUND 1458 A#7 and B#29 = 487.758
ROUND 1459 A#8 and B#29 = 584.939
ROUND 1460 A#9 and B#29 = 537.233
ROUND 1461 A#10 and B#29 = 594.867
ROUND 1462 A#11 and B#29 = 620.607
ROUND 1463 A#12 and B#29 = 490.143
ROUND 1464 A#13 and B#29 = 346.459
ROUND 1465 A#14 and B#29 = 447.46
ROUND 1466 A#15 and B#29 = 487.498
ROUND 1467 A#16 and B#29 = 608.088
ROUND 1468 A#17 and B#29 = 337.163
ROUND 1469 A#18 and B#29 = 546.106
ROUND 1470 A#19 and B#29 = 606.564
ROUND 1471 A#20 and B#29 = 562.403
ROUND 1472 A#21 and B#29 = 554.345
ROUND 1473 A#22 and B#29 = 649.245
ROUND 1474 A#23 and B#29 = 651.884
ROUND 1475 A#24 and B#29 = 653.377
ROUND 1476 A#25 and B#29 = 649.304
ROUND 1477 A#26 and B#29 = 530.118
ROUND 1478 A#27 and B#29 = 559.351
ROUND 1479 A#28 and B#29 = 381.13
ROUND 1480 A#29 and B#29 = 350.391
ROUND 1481 A#30 and B#29 = 537.037
ROUND 1482 A#31 and B#29 = 632.79
ROUND 1483 A#32 and B#29 = 546.313
ROUND 1484 A#33 and B#29 = 550.53
ROUND 1485 A#34 and B#29 = 362.46
ROUND 1486 A#35 and B#29 = 508.415
ROUND 1487 A#36 and B#29 = 363.383
ROUND 1488 A#37 and B#29 = 535.763
ROUND 1489 A#38 and B#29 = 509.844
ROUND 1490 A#39 and B#29 = 558.632
ROUND 1491 A#40 and B#29 = 596.072
ROUND 1492 A#41 and B#29 = 569.021
ROUND 1493 A#42 and B#29 = 357.453
ROUND 1494 A#43 and B#29 = 558.6
ROUND 1495 A#44 and B#29 = 536.452
ROUND 1496 A#45 and B#29 = 534.199
ROUND 1497 A#46 and B#29 = 555.236
ROUND 1498 A#47 and B#29 = 615.313
ROUND 1499 A#48 and B#29 = 623.331
ROUND 1500 A#49 and B#29 = 575.838
ROUND 1501 A#0 and B#30 = 550.784
ROUND 1502 A#1 and B#30 = 554.771
ROUND 1503 A#2 and B#30 = 501.116
ROUND 1504 A#3 and B#30 = 525.517
ROUND 1505 A#4 and B#30 = 531.667
ROUND 1506 A#5 and B#30 = 549.339
ROUND 1507 A#6 and B#30 = 636.94
ROUND 1508 A#7 and B#30 = 631.649
ROUND 1509 A#8 and B#30 = 547.517
ROUND 1510 A#9 and B#30 = 566.754
ROUND 1511 A#10 and B#30 = 523.462
ROUND 1512 A#11 and B#30 = 533.856
ROUND 1513 A#12 and B#30 = 613.169
ROUND 1514 A#13 and B#30 = 551.199
ROUND 1515 A#14 and B#30 = 632.457
ROUND 1516 A#15 and B#30 = 636.005
ROUND 1517 A#16 and B#30 = 489.641
ROUND 1518 A#17 and B#30 = 297.493
ROUND 1519 A#18 and B#30 = 506.857
ROUND 1520 A#19 and B#30 = 570.666
ROUND 1521 A#20 and B#30 = 550.262
ROUND 1522 A#21 and B#30 = 464.839
ROUND 1523 A#22 and B#30 = 511.05
ROUND 1524 A#23 and B#30 = 473.117
ROUND 1525 A#24 and B#30 = 473.824
ROUND 1526 A#25 and B#30 = 473.052
ROUND 1527 A#26 and B#30 = 588.001
ROUND 1528 A#27 and B#30 = 504.965
ROUND 1529 A#28 and B#30 = 422.828
ROUND 1530 A#29 and B#30 = 623.83
ROUND 1531 A#30 and B#30 = 512.573
ROUND 1532 A#31 and B#30 = 509.171
ROUND 1533 A#32 and B#30 = 534.731
ROUND 1534 A#33 and B#30 = 568.107
ROUND 1535 A#34 and B#30 = 562.705
ROUND 1536 A#35 and B#30 = 637.352
ROUND 1537 A#36 and B#30 = 452.524
ROUND 1538 A#37 and B#30 = 605.225
ROUND 1539 A#38 and B#30 = 638.04
ROUND 1540 A#39 and B#30 = 516.124
ROUND 1541 A#40 and B#30 = 558.501
ROUND 1542 A#41 and B#30 = 534.086
ROUND 1543 A#42 and B#30 = 515.86
ROUND 1544 A#43 and B#30 = 543.261
ROUND 1545 A#44 and B#30 = 436.953
ROUND 1546 A#45 and B#30 = 519.777
ROUND 1547 A#46 and B#30 = 471.515
ROUND 1548 A#47 and B#30 = 511.11
ROUND 1549 A#48 and B#30 = 504.867
ROUND 1550 A#49 and B#30 = 542.135
ROUND 1551 A#0 and B#31 = 416.714
ROUND 1552 A#1 and B#31 = 530.067
ROUND 1553 A#2 and B#31 = 436.089
ROUND 1554 A#3 and B#31 = 582.176
ROUND 1555 A#4 and B#31 = 597.55
ROUND 1556 A#5 and B#31 = 512.392
ROUND 1557 A#6 and B#31 = 583.482
ROUND 1558 A#7 and B#31 = 590.07
ROUND 1559 A#8 and B#31 = 452.378
ROUND 1560 A#9 and B#31 = 506.004
ROUND 1561 A#10 and B#31 = 582.663
ROUND 1562 A#11 and B#31 = 557.707
ROUND 1563 A#12 and B#31 = 625.137
ROUND 1564 A#13 and B#31 = 422.472
ROUND 1565 A#14 and B#31 = 541.029
ROUND 1566 A#15 and B#31 = 583.457
ROUND 1567 A#16 and B#31 = 546.046
ROUND 1568 A#17 and B#31 = 447.68
ROUND 1569 A#18 and B#31 = 588.589
ROUND 1570 A#19 and B#31 = 552.159
ROUND 1571 A#20 and B#31 = 598.394
ROUND 1572 A#21 and B#31 = 615.284
ROUND 1573 A#22 and B#31 = 594.433
ROUND 1574 A#23 and B#31 = 601.634
ROUND 1575 A#24 and B#31 = 607.217
ROUND 1576 A#25 and B#31 = 593.339
ROUND 1577 A#26 and B#31 = 547.34
ROUND 1578 A#27 and B#31 = 486.761
ROUND 1579 A#28 and B#31 = 394.051
ROUND 1580 A#29 and B#31 = 535.367
ROUND 1581 A#30 and B#31 = 592.295
ROUND 1582 A#31 and B#31 = 591.693
ROUND 1583 A#32 and B#31 = 510.489
ROUND 1584 A#33 and B#31 = 556.633
ROUND 1585 A#34 and B#31 = 469.693
ROUND 1586 A#35 and B#31 = 505.064
ROUND 1587 A#36 and B#31 = 602.107
ROUND 1588 A#37 and B#31 = 472.033
ROUND 1589 A#38 and B#31 = 506.334
ROUND 1590 A#39 and B#31 = 587.704
ROUND 1591 A#40 and B#31 = 517.293
ROUND 1592 A#41 and B#31 = 539.642
ROUND 1593 A#42 and B#31 = 392.906
ROUND 1594 A#43 and B#31 = 493.166
ROUND 1595 A#44 and B#31 = 396.211
ROUND 1596 A#45 and B#31 = 396.584
ROUND 1597 A#46 and B#31 = 455.767
ROUND 1598 A#47 and B#31 = 548.352
ROUND 1599 A#48 and B#31 = 591.068
ROUND 1600 A#49 and B#31 = 505.674
ROUND 1601 A#0 and B#32 = 554.14
ROUND 1602 A#1 and B#32 = 554.723
ROUND 1603 A#2 and B#32 = 499.831
ROUND 1604 A#3 and B#32 = 525.808
ROUND 1605 A#4 and B#32 = 532.017
ROUND 1606 A#5 and B#32 = 552.859
ROUND 1607 A#6 and B#32 = 638.987
ROUND 1608 A#7 and B#32 = 633.894
ROUND 1609 A#8 and B#32 = 548.24
ROUND 1610 A#9 and B#32 = 565.888
ROUND 1611 A#10 and B#32 = 523.77
ROUND 1612 A#11 and B#32 = 534.276
ROUND 1613 A#12 and B#32 = 614.996
ROUND 1614 A#13 and B#32 = 552.272
ROUND 1615 A#14 and B#32 = 632.464
ROUND 1616 A#15 and B#32 = 638.083
ROUND 1617 A#16 and B#32 = 491.921
ROUND 1618 A#17 and B#32 = 296.805
ROUND 1619 A#18 and B#32 = 508.252
ROUND 1620 A#19 and B#32 = 487.331
ROUND 1621 A#20 and B#32 = 552.202
ROUND 1622 A#21 and B#32 = 464.377
ROUND 1623 A#22 and B#32 = 511.509
ROUND 1624 A#23 and B#32 = 473.107
ROUND 1625 A#24 and B#32 = 473.79
ROUND 1626 A#25 and B#32 = 511.417
ROUND 1627 A#26 and B#32 = 587.602
ROUND 1628 A#27 and B#32 = 506.41
ROUND 1629 A#28 and B#32 = 423.529
ROUND 1630 A#29 and B#32 = 623.856
ROUND 1631 A#30 and B#32 = 513.015
ROUND 1632 A#31 and B#32 = 510.029
ROUND 1633 A#32 and B#32 = 535.067
ROUND 1634 A#33 and B#32 = 568.841
ROUND 1635 A#34 and B#32 = 562.701
ROUND 1636 A#35 and B#32 = 637.002
ROUND 1637 A#36 and B#32 = 451.976
ROUND 1638 A#37 and B#32 = 603.949
ROUND 1639 A#38 and B#32 = 637.705
ROUND 1640 A#39 and B#32 = 516.405
ROUND 1641 A#40 and B#32 = 558.849
ROUND 1642 A#41 and B#32 = 534.232
ROUND 1643 A#42 and B#32 = 517.936
ROUND 1644 A#43 and B#32 = 541.976
ROUND 1645 A#44 and B#32 = 437.516
ROUND 1646 A#45 and B#32 = 521.993
ROUND 1647 A#46 and B#32 = 472.18
ROUND 1648 A#47 and B#32 = 511.165
ROUND 1649 A#48 and B#32 = 505.545
ROUND 1650 A#49 and B#32 = 543.095
ROUND 1651 A#0 and B#33 = 424.204
ROUND 1652 A#1 and B#33 = 574.213
ROUND 1653 A#2 and B#33 = 438.169
ROUND 1654 A#3 and B#33 = 590.959
ROUND 1655 A#4 and B#33 = 566.315
ROUND 1656 A#5 and B#33 = 457.224
ROUND 1657 A#6 and B#33 = 490.539
ROUND 1658 A#7 and B#33 = 491.104
ROUND 1659 A#8 and B#33 = 421.902
ROUND 1660 A#9 and B#33 = 519.915
ROUND 1661 A#10 and B#33 = 592.225
ROUND 1662 A#11 and B#33 = 570.765
ROUND 1663 A#12 and B#33 = 620.589
ROUND 1664 A#13 and B#33 = 421.017
ROUND 1665 A#14 and B#33 = 532.121
ROUND 1666 A#15 and B#33 = 491.482
ROUND 1667 A#16 and B#33 = 544.036
ROUND 1668 A#17 and B#33 = 446.492
ROUND 1669 A#18 and B#33 = 566.222
ROUND 1670 A#19 and B#33 = 548.739
ROUND 1671 A#20 and B#33 = 596.565
ROUND 1672 A#21 and B#33 = 590.382
ROUND 1673 A#22 and B#33 = 566.546
ROUND 1674 A#23 and B#33 = 567.814
ROUND 1675 A#24 and B#33 = 568.888
ROUND 1676 A#25 and B#33 = 566.321
ROUND 1677 A#26 and B#33 = 567.991
ROUND 1678 A#27 and B#33 = 527.41
ROUND 1679 A#28 and B#33 = 330.461
ROUND 1680 A#29 and B#33 = 529.428
ROUND 1681 A#30 and B#33 = 569.505
ROUND 1682 A#31 and B#33 = 606.403
ROUND 1683 A#32 and B#33 = 500.511
ROUND 1684 A#33 and B#33 = 552.463
ROUND 1685 A#34 and B#33 = 437.804
ROUND 1686 A#35 and B#33 = 513.714
ROUND 1687 A#36 and B#33 = 574.067
ROUND 1688 A#37 and B#33 = 477.2
ROUND 1689 A#38 and B#33 = 514.863
ROUND 1690 A#39 and B#33 = 575.522
ROUND 1691 A#40 and B#33 = 530.344
ROUND 1692 A#41 and B#33 = 609.838
ROUND 1693 A#42 and B#33 = 396.961
ROUND 1694 A#43 and B#33 = 504.249
ROUND 1695 A#44 and B#33 = 398.893
ROUND 1696 A#45 and B#33 = 399.089
ROUND 1697 A#46 and B#33 = 576.615
ROUND 1698 A#47 and B#33 = 533.654
ROUND 1699 A#48 and B#33 = 604.49
ROUND 1700 A#49 and B#33 = 532.768
ROUND 1701 A#0 and B#34 = 457.805
ROUND 1702 A#1 and B#34 = 466.839
ROUND 1703 A#2 and B#34 = 513.198
ROUND 1704 A#3 and B#34 = 486.847
ROUND 1705 A#4 and B#34 = 380.489
ROUND 1706 A#5 and B#34 = 512.381
ROUND 1707 A#6 and B#34 = 511.102
ROUND 1708 A#7 and B#34 = 510.691
ROUND 1709 A#8 and B#34 = 441.031
ROUND 1710 A#9 and B#34 = 436.943
ROUND 1711 A#10 and B#34 = 485.875
ROUND 1712 A#11 and B#34 = 376.372
ROUND 1713 A#12 and B#34 = 522.965
ROUND 1714 A#13 and B#34 = 402.944
ROUND 1715 A#14 and B#34 = 443.602
ROUND 1716 A#15 and B#34 = 511.768
ROUND 1717 A#16 and B#34 = 498.973
ROUND 1718 A#17 and B#34 = 377.29
ROUND 1719 A#18 and B#34 = 591.179
ROUND 1720 A#19 and B#34 = 498.558
ROUND 1721 A#20 and B#34 = 520.084
ROUND 1722 A#21 and B#34 = 582.012
ROUND 1723 A#22 and B#34 = 586.733
ROUND 1724 A#23 and B#34 = 588.204
ROUND 1725 A#24 and B#34 = 588.945
ROUND 1726 A#25 and B#34 = 586.89
ROUND 1727 A#26 and B#34 = 524.932
ROUND 1728 A#27 and B#34 = 592.455
ROUND 1729 A#28 and B#34 = 423.457
ROUND 1730 A#29 and B#34 = 417.609
ROUND 1731 A#30 and B#34 = 588.061
ROUND 1732 A#31 and B#34 = 524.992
ROUND 1733 A#32 and B#34 = 500.323
ROUND 1734 A#33 and B#34 = 457.037
ROUND 1735 A#34 and B#34 = 440.719
ROUND 1736 A#35 and B#34 = 525.764
ROUND 1737 A#36 and B#34 = 577.274
ROUND 1738 A#37 and B#34 = 489.834
ROUND 1739 A#38 and B#34 = 526.053
ROUND 1740 A#39 and B#34 = 583.687
ROUND 1741 A#40 and B#34 = 547.211
ROUND 1742 A#41 and B#34 = 497.054
ROUND 1743 A#42 and B#34 = 455.407
ROUND 1744 A#43 and B#34 = 523.81
ROUND 1745 A#44 and B#34 = 455.232
ROUND 1746 A#45 and B#34 = 455.642
ROUND 1747 A#46 and B#34 = 601.536
ROUND 1748 A#47 and B#34 = 554.565
ROUND 1749 A#48 and B#34 = 519.683
ROUND 1750 A#49 and B#34 = 523.135
ROUND 1751 A#0 and B#35 = 633.034
ROUND 1752 A#1 and B#35 = 567.221
ROUND 1753 A#2 and B#35 = 411.59
ROUND 1754 A#3 and B#35 = 592.129
ROUND 1755 A#4 and B#35 = 585.621
ROUND 1756 A#5 and B#35 = 638.03
ROUND 1757 A#6 and B#35 = 529.545
ROUND 1758 A#7 and B#35 = 528.271
ROUND 1759 A#8 and B#35 = 493.978
ROUND 1760 A#9 and B#35 = 484.956
ROUND 1761 A#10 and B#35 = 593.262
ROUND 1762 A#11 and B#35 = 589.701
ROUND 1763 A#12 and B#35 = 527.929
ROUND 1764 A#13 and B#35 = 534.737
ROUND 1765 A#14 and B#35 = 502.306
ROUND 1766 A#15 and B#35 = 530.558
ROUND 1767 A#16 and B#35 = 606.757
ROUND 1768 A#17 and B#35 = 544.174
ROUND 1769 A#18 and B#35 = 621.008
ROUND 1770 A#19 and B#35 = 604.126
ROUND 1771 A#20 and B#35 = 472.681
ROUND 1772 A#21 and B#35 = 588.261
ROUND 1773 A#22 and B#35 = 597.275
ROUND 1774 A#23 and B#35 = 602.289
ROUND 1775 A#24 and B#35 = 605.681
ROUND 1776 A#25 and B#35 = 597.753
ROUND 1777 A#26 and B#35 = 600.043
ROUND 1778 A#27 and B#35 = 545.64
ROUND 1779 A#28 and B#35 = 359.729
ROUND 1780 A#29 and B#35 = 516.929
ROUND 1781 A#30 and B#35 = 592.123
ROUND 1782 A#31 and B#35 = 590.069
ROUND 1783 A#32 and B#35 = 486.536
ROUND 1784 A#33 and B#35 = 480.938
ROUND 1785 A#34 and B#35 = 382.898
ROUND 1786 A#35 and B#35 = 543.198
ROUND 1787 A#36 and B#35 = 593.15
ROUND 1788 A#37 and B#35 = 582.887
ROUND 1789 A#38 and B#35 = 542.275
ROUND 1790 A#39 and B#35 = 586.826
ROUND 1791 A#40 and B#35 = 569.39
ROUND 1792 A#41 and B#35 = 589.681
ROUND 1793 A#42 and B#35 = 615.34
ROUND 1794 A#43 and B#35 = 520.858
ROUND 1795 A#44 and B#35 = 634.926
ROUND 1796 A#45 and B#35 = 631.994
ROUND 1797 A#46 and B#35 = 573.647
ROUND 1798 A#47 and B#35 = 599.114
ROUND 1799 A#48 and B#35 = 594.136
ROUND 1800 A#49 and B#35 = 558.633
ROUND 1801 A#0 and B#36 = 328.557
ROUND 1802 A#1 and B#36 = 588.712
ROUND 1803 A#2 and B#36 = 519.73
ROUND 1804 A#3 and B#36 = 535.498
ROUND 1805 A#4 and B#36 = 554.289
ROUND 1806 A#5 and B#36 = 553.334
ROUND 1807 A#6 and B#36 = 448.953
ROUND 1808 A#7 and B#36 = 443.899
ROUND 1809 A#8 and B#36 = 556.013
ROUND 1810 A#9 and B#36 = 502.064
ROUND 1811 A#10 and B#36 = 535.401
ROUND 1812 A#11 and B#36 = 553.992
ROUND 1813 A#12 and B#36 = 464.134
ROUND 1814 A#13 and B#36 = 313.37
ROUND 1815 A#14 and B#36 = 472.622
ROUND 1816 A#15 and B#36 = 450.286
ROUND 1817 A#16 and B#36 = 484.899
ROUND 1818 A#17 and B#36 = 503.805
ROUND 1819 A#18 and B#36 = 448.653
ROUND 1820 A#19 and B#36 = 486.078
ROUND 1821 A#20 and B#36 = 356.855
ROUND 1822 A#21 and B#36 = 492.361
ROUND 1823 A#22 and B#36 = 519.847
ROUND 1824 A#23 and B#36 = 518.555
ROUND 1825 A#24 and B#36 = 515.153
ROUND 1826 A#25 and B#36 = 520.656
ROUND 1827 A#26 and B#36 = 522.731
ROUND 1828 A#27 and B#36 = 511.65
ROUND 1829 A#28 and B#36 = 553.589
ROUND 1830 A#29 and B#36 = 472.239
ROUND 1831 A#30 and B#36 = 516.887
ROUND 1832 A#31 and B#36 = 548.826
ROUND 1833 A#32 and B#36 = 511.876
ROUND 1834 A#33 and B#36 = 512.886
ROUND 1835 A#34 and B#36 = 352.094
ROUND 1836 A#35 and B#36 = 362.206
ROUND 1837 A#36 and B#36 = 438.855
ROUND 1838 A#37 and B#36 = 560.831
ROUND 1839 A#38 and B#36 = 362.009
ROUND 1840 A#39 and B#36 = 442.925
ROUND 1841 A#40 and B#36 = 558.683
ROUND 1842 A#41 and B#36 = 476.045
ROUND 1843 A#42 and B#36 = 335.946
ROUND 1844 A#43 and B#36 = 640.011
ROUND 1845 A#44 and B#36 = 413.724
ROUND 1846 A#45 and B#36 = 413.371
ROUND 1847 A#46 and B#36 = 605.008
ROUND 1848 A#47 and B#36 = 537.173
ROUND 1849 A#48 and B#36 = 540.898
ROUND 1850 A#49 and B#36 = 602.241
ROUND 1851 A#0 and B#37 = 572.862
ROUND 1852 A#1 and B#37 = 438.72
ROUND 1853 A#2 and B#37 = 515.242
ROUND 1854 A#3 and B#37 = 467.448
ROUND 1855 A#4 and B#37 = 364.659
ROUND 1856 A#5 and B#37 = 566.397
ROUND 1857 A#6 and B#37 = 505.378
ROUND 1858 A#7 and B#37 = 505.944
ROUND 1859 A#8 and B#37 = 509.269
ROUND 1860 A#9 and B#37 = 505.491
ROUND 1861 A#10 and B#37 = 465.362
ROUND 1862 A#11 and B#37 = 362.369
ROUND 1863 A#12 and B#37 = 496.791
ROUND 1864 A#13 and B#37 = 426.676
ROUND 1865 A#14 and B#37 = 495.969
ROUND 1866 A#15 and B#37 = 503.708
ROUND 1867 A#16 and B#37 = 485.848
ROUND 1868 A#17 and B#37 = 593.65
ROUND 1869 A#18 and B#37 = 558.672
ROUND 1870 A#19 and B#37 = 388.361
ROUND 1871 A#20 and B#37 = 506.972
ROUND 1872 A#21 and B#37 = 559.427
ROUND 1873 A#22 and B#37 = 559.13
ROUND 1874 A#23 and B#37 = 560.403
ROUND 1875 A#24 and B#37 = 561.793
ROUND 1876 A#25 and B#37 = 559.218
ROUND 1877 A#26 and B#37 = 498.196
ROUND 1878 A#27 and B#37 = 517.879
ROUND 1879 A#28 and B#37 = 409.166
ROUND 1880 A#29 and B#37 = 497.316
ROUND 1881 A#30 and B#37 = 560.567
ROUND 1882 A#31 and B#37 = 536.898
ROUND 1883 A#32 and B#37 = 496.554
ROUND 1884 A#33 and B#37 = 547.048
ROUND 1885 A#34 and B#37 = 474.12
ROUND 1886 A#35 and B#37 = 612.002
ROUND 1887 A#36 and B#37 = 552.904
ROUND 1888 A#37 and B#37 = 564.686
ROUND 1889 A#38 and B#37 = 611.847
ROUND 1890 A#39 and B#37 = 559.443
ROUND 1891 A#40 and B#37 = 528.98
ROUND 1892 A#41 and B#37 = 464.844
ROUND 1893 A#42 and B#37 = 534.834
ROUND 1894 A#43 and B#37 = 513.153
ROUND 1895 A#44 and B#37 = 530.555
ROUND 1896 A#45 and B#37 = 538.068
ROUND 1897 A#46 and B#37 = 600.141
ROUND 1898 A#47 and B#37 = 476.677
ROUND 1899 A#48 and B#37 = 473.865
ROUND 1900 A#49 and B#37 = 502.757
ROUND 1901 A#0 and B#38 = 550.612
ROUND 1902 A#1 and B#38 = 554.793
ROUND 1903 A#2 and B#38 = 501.326
ROUND 1904 A#3 and B#38 = 525.436
ROUND 1905 A#4 and B#38 = 531.265
ROUND 1906 A#5 and B#38 = 549.145
ROUND 1907 A#6 and B#38 = 637.12
ROUND 1908 A#7 and B#38 = 631.889
ROUND 1909 A#8 and B#38 = 547.599
ROUND 1910 A#9 and B#38 = 566.536
ROUND 1911 A#10 and B#38 = 523.393
ROUND 1912 A#11 and B#38 = 533.616
ROUND 1913 A#12 and B#38 = 613.388
ROUND 1914 A#13 and B#38 = 551.08
ROUND 1915 A#14 and B#38 = 632.658
ROUND 1916 A#15 and B#38 = 636.204
ROUND 1917 A#16 and B#38 = 489.869
ROUND 1918 A#17 and B#38 = 297.548
ROUND 1919 A#18 and B#38 = 506.459
ROUND 1920 A#19 and B#38 = 570.295
ROUND 1921 A#20 and B#38 = 549.99
ROUND 1922 A#21 and B#38 = 464.985
ROUND 1923 A#22 and B#38 = 511.117
ROUND 1924 A#23 and B#38 = 473.224
ROUND 1925 A#24 and B#38 = 473.926
ROUND 1926 A#25 and B#38 = 473.165
ROUND 1927 A#26 and B#38 = 587.953
ROUND 1928 A#27 and B#38 = 504.683
ROUND 1929 A#28 and B#38 = 422.792
ROUND 1930 A#29 and B#38 = 624.089
ROUND 1931 A#30 and B#38 = 512.641
ROUND 1932 A#31 and B#38 = 509.262
ROUND 1933 A#32 and B#38 = 534.6
ROUND 1934 A#33 and B#38 = 568.18
ROUND 1935 A#34 and B#38 = 562.63
ROUND 1936 A#35 and B#38 = 637.257
ROUND 1937 A#36 and B#38 = 452.694
ROUND 1938 A#37 and B#38 = 604.728
ROUND 1939 A#38 and B#38 = 637.942
ROUND 1940 A#39 and B#38 = 516.178
ROUND 1941 A#40 and B#38 = 558.168
ROUND 1942 A#41 and B#38 = 533.981
ROUND 1943 A#42 and B#38 = 515.768
ROUND 1944 A#43 and B#38 = 543.404
ROUND 1945 A#44 and B#38 = 437.028
ROUND 1946 A#45 and B#38 = 519.86
ROUND 1947 A#46 and B#38 = 471.904
ROUND 1948 A#47 and B#38 = 511.136
ROUND 1949 A#48 and B#38 = 504.682
ROUND 1950 A#49 and B#38 = 542.092
ROUND 1951 A#0 and B#39 = 550.421
ROUND 1952 A#1 and B#39 = 537.437
ROUND 1953 A#2 and B#39 = 402.949
ROUND 1954 A#3 and B#39 = 566.548
ROUND 1955 A#4 and B#39 = 541.589
ROUND 1956 A#5 and B#39 = 540.145
ROUND 1957 A#6 and B#39 = 510.707
ROUND 1958 A#7 and B#39 = 508.41
ROUND 1959 A#8 and B#39 = 529.707
ROUND 1960 A#9 and B#39 = 468.926
ROUND 1961 A#10 and B#39 = 564.439
ROUND 1962 A#11 and B#39 = 541.871
ROUND 1963 A#12 and B#39 = 561.805
ROUND 1964 A#13 and B#39 = 472.45
ROUND 1965 A#14 and B#39 = 564.997
ROUND 1966 A#15 and B#39 = 510.547
ROUND 1967 A#16 and B#39 = 482.654
ROUND 1968 A#17 and B#39 = 457.103
ROUND 1969 A#18 and B#39 = 588.604
ROUND 1970 A#19 and B#39 = 490.743
ROUND 1971 A#20 and B#39 = 523.857
ROUND 1972 A#21 and B#39 = 599.935
ROUND 1973 A#22 and B#39 = 619.738
ROUND 1974 A#23 and B#39 = 622.042
ROUND 1975 A#24 and B#39 = 616.991
ROUND 1976 A#25 and B#39 = 619.416
ROUND 1977 A#26 and B#39 = 513.377
ROUND 1978 A#27 and B#39 = 493.656
ROUND 1979 A#28 and B#39 = 415.496
ROUND 1980 A#29 and B#39 = 556.084
ROUND 1981 A#30 and B#39 = 612.319
ROUND 1982 A#31 and B#39 = 562.217
ROUND 1983 A#32 and B#39 = 489.009
ROUND 1984 A#33 and B#39 = 485.702
ROUND 1985 A#34 and B#39 = 415.098
ROUND 1986 A#35 and B#39 = 562.233
ROUND 1987 A#36 and B#39 = 605.643
ROUND 1988 A#37 and B#39 = 599.769
ROUND 1989 A#38 and B#39 = 562.956
ROUND 1990 A#39 and B#39 = 580.585
ROUND 1991 A#40 and B#39 = 548.374
ROUND 1992 A#41 and B#39 = 576.57
ROUND 1993 A#42 and B#39 = 522.289
ROUND 1994 A#43 and B#39 = 519.071
ROUND 1995 A#44 and B#39 = 522.824
ROUND 1996 A#45 and B#39 = 526.664
ROUND 1997 A#46 and B#39 = 488.224
ROUND 1998 A#47 and B#39 = 566.31
ROUND 1999 A#48 and B#39 = 564.124
ROUND 2000 A#49 and B#39 = 513.976
ROUND 2001 A#0 and B#40 = 634.125
ROUND 2002 A#1 and B#40 = 566.725
ROUND 2003 A#2 and B#40 = 411.908
ROUND 2004 A#3 and B#40 = 593.713
ROUND 2005 A#4 and B#40 = 586.177
ROUND 2006 A#5 and B#40 = 638.855
ROUND 2007 A#6 and B#40 = 529.598
ROUND 2008 A#7 and B#40 = 528.286
ROUND 2009 A#8 and B#40 = 494.085
ROUND 2010 A#9 and B#40 = 486.095
ROUND 2011 A#10 and B#40 = 594.888
ROUND 2012 A#11 and B#40 = 590.198
ROUND 2013 A#12 and B#40 = 527.872
ROUND 2014 A#13 and B#40 = 534.814
ROUND 2015 A#14 and B#40 = 503.19
ROUND 2016 A#15 and B#40 = 530.614
ROUND 2017 A#16 and B#40 = 608.203
ROUND 2018 A#17 and B#40 = 544.253
ROUND 2019 A#18 and B#40 = 622.046
ROUND 2020 A#19 and B#40 = 605.506
ROUND 2021 A#20 and B#40 = 473.101
ROUND 2022 A#21 and B#40 = 587.506
ROUND 2023 A#22 and B#40 = 596.324
ROUND 2024 A#23 and B#40 = 601.229
ROUND 2025 A#24 and B#40 = 604.759
ROUND 2026 A#25 and B#40 = 596.762
ROUND 2027 A#26 and B#40 = 600.604
ROUND 2028 A#27 and B#40 = 544.635
ROUND 2029 A#28 and B#40 = 358.726
ROUND 2030 A#29 and B#40 = 517.625
ROUND 2031 A#30 and B#40 = 591.665
ROUND 2032 A#31 and B#40 = 589.638
ROUND 2033 A#32 and B#40 = 488.436
ROUND 2034 A#33 and B#40 = 481.282
ROUND 2035 A#34 and B#40 = 383.57
ROUND 2036 A#35 and B#40 = 542.483
ROUND 2037 A#36 and B#40 = 592.742
ROUND 2038 A#37 and B#40 = 584.221
ROUND 2039 A#38 and B#40 = 541.692
ROUND 2040 A#39 and B#40 = 586.251
ROUND 2041 A#40 and B#40 = 569.239
ROUND 2042 A#41 and B#40 = 589.487
ROUND 2043 A#42 and B#40 = 617.679
ROUND 2044 A#43 and B#40 = 520.667
ROUND 2045 A#44 and B#40 = 637.232
ROUND 2046 A#45 and B#40 = 634.339
ROUND 2047 A#46 and B#40 = 574.465
ROUND 2048 A#47 and B#40 = 599.442
ROUND 2049 A#48 and B#40 = 594.041
ROUND 2050 A#49 and B#40 = 558.476
ROUND 2051 A#0 and B#41 = 424.566
ROUND 2052 A#1 and B#41 = 434.401
ROUND 2053 A#2 and B#41 = 509.605
ROUND 2054 A#3 and B#41 = 587.357
ROUND 2055 A#4 and B#41 = 579.117
ROUND 2056 A#5 and B#41 = 447.369
ROUND 2057 A#6 and B#41 = 478.781
ROUND 2058 A#7 and B#41 = 478.099
ROUND 2059 A#8 and B#41 = 426.69
ROUND 2060 A#9 and B#41 = 538.768
ROUND 2061 A#10 and B#41 = 584.647
ROUND 2062 A#11 and B#41 = 580.177
ROUND 2063 A#12 and B#41 = 500.911
ROUND 2064 A#13 and B#41 = 415.45
ROUND 2065 A#14 and B#41 = 556.501
ROUND 2066 A#15 and B#41 = 478.886
ROUND 2067 A#16 and B#41 = 497.752
ROUND 2068 A#17 and B#41 = 403.094
ROUND 2069 A#18 and B#41 = 497.538
ROUND 2070 A#19 and B#41 = 505.072
ROUND 2071 A#20 and B#41 = 515.466
ROUND 2072 A#21 and B#41 = 340.59
ROUND 2073 A#22 and B#41 = 456.721
ROUND 2074 A#23 and B#41 = 456.435
ROUND 2075 A#24 and B#41 = 486.591
ROUND 2076 A#25 and B#41 = 456.48
ROUND 2077 A#26 and B#41 = 542.088
ROUND 2078 A#27 and B#41 = 492.649
ROUND 2079 A#28 and B#41 = 425.472
ROUND 2080 A#29 and B#41 = 546.508
ROUND 2081 A#30 and B#41 = 478.076
ROUND 2082 A#31 and B#41 = 588.534
ROUND 2083 A#32 and B#41 = 545.429
ROUND 2084 A#33 and B#41 = 564.897
ROUND 2085 A#34 and B#41 = 322.359
ROUND 2086 A#35 and B#41 = 489.847
ROUND 2087 A#36 and B#41 = 339.738
ROUND 2088 A#37 and B#41 = 454.093
ROUND 2089 A#38 and B#41 = 491.701
ROUND 2090 A#39 and B#41 = 492.029
ROUND 2091 A#40 and B#41 = 547.784
ROUND 2092 A#41 and B#41 = 513.198
ROUND 2093 A#42 and B#41 = 405.307
ROUND 2094 A#43 and B#41 = 528.395
ROUND 2095 A#44 and B#41 = 404.497
ROUND 2096 A#45 and B#41 = 404.731
ROUND 2097 A#46 and B#41 = 483.444
ROUND 2098 A#47 and B#41 = 539.206
ROUND 2099 A#48 and B#41 = 550.505
ROUND 2100 A#49 and B#41 = 535.893
ROUND 2101 A#0 and B#42 = 544.134
ROUND 2102 A#1 and B#42 = 537.58
ROUND 2103 A#2 and B#42 = 400.507
ROUND 2104 A#3 and B#42 = 567.933
ROUND 2105 A#4 and B#42 = 543.053
ROUND 2106 A#5 and B#42 = 532.467
ROUND 2107 A#6 and B#42 = 510.699
ROUND 2108 A#7 and B#42 = 508.375
ROUND 2109 A#8 and B#42 = 532.412
ROUND 2110 A#9 and B#42 = 539.617
ROUND 2111 A#10 and B#42 = 566.113
ROUND 2112 A#11 and B#42 = 543.233
ROUND 2113 A#12 and B#42 = 562.197
ROUND 2114 A#13 and B#42 = 471.996
ROUND 2115 A#14 and B#42 = 563.729
ROUND 2116 A#15 and B#42 = 499.484
ROUND 2117 A#16 and B#42 = 482.428
ROUND 2118 A#17 and B#42 = 456.484
ROUND 2119 A#18 and B#42 = 590.522
ROUND 2120 A#19 and B#42 = 487.378
ROUND 2121 A#20 and B#42 = 525.272
ROUND 2122 A#21 and B#42 = 599.68
ROUND 2123 A#22 and B#42 = 621.305
ROUND 2124 A#23 and B#42 = 622.915
ROUND 2125 A#24 and B#42 = 617.689
ROUND 2126 A#25 and B#42 = 620.924
ROUND 2127 A#26 and B#42 = 511.883
ROUND 2128 A#27 and B#42 = 495.488
ROUND 2129 A#28 and B#42 = 297.779
ROUND 2130 A#29 and B#42 = 557.715
ROUND 2131 A#30 and B#42 = 614.108
ROUND 2132 A#31 and B#42 = 562.739
ROUND 2133 A#32 and B#42 = 487.869
ROUND 2134 A#33 and B#42 = 484.549
ROUND 2135 A#34 and B#42 = 414.373
ROUND 2136 A#35 and B#42 = 560.45
ROUND 2137 A#36 and B#42 = 605.521
ROUND 2138 A#37 and B#42 = 600.459
ROUND 2139 A#38 and B#42 = 561.061
ROUND 2140 A#39 and B#42 = 580.999
ROUND 2141 A#40 and B#42 = 549.079
ROUND 2142 A#41 and B#42 = 577.166
ROUND 2143 A#42 and B#42 = 516.667
ROUND 2144 A#43 and B#42 = 515.149
ROUND 2145 A#44 and B#42 = 517.646
ROUND 2146 A#45 and B#42 = 521.521
ROUND 2147 A#46 and B#42 = 486.32
ROUND 2148 A#47 and B#42 = 567.653
ROUND 2149 A#48 and B#42 = 565.096
ROUND 2150 A#49 and B#42 = 513.842
ROUND 2151 A#0 and B#43 = 413.15
ROUND 2152 A#1 and B#43 = 536.363
ROUND 2153 A#2 and B#43 = 470.522
ROUND 2154 A#3 and B#43 = 580.756
ROUND 2155 A#4 and B#43 = 551.649
ROUND 2156 A#5 and B#43 = 446.458
ROUND 2157 A#6 and B#43 = 500.385
ROUND 2158 A#7 and B#43 = 499.175
ROUND 2159 A#8 and B#43 = 414.175
ROUND 2160 A#9 and B#43 = 526.156
ROUND 2161 A#10 and B#43 = 576.592
ROUND 2162 A#11 and B#43 = 555.247
ROUND 2163 A#12 and B#43 = 622.243
ROUND 2164 A#13 and B#43 = 436.403
ROUND 2165 A#14 and B#43 = 570.31
ROUND 2166 A#15 and B#43 = 500.806
ROUND 2167 A#16 and B#43 = 488.555
ROUND 2168 A#17 and B#43 = 454.588
ROUND 2169 A#18 and B#43 = 585.82
ROUND 2170 A#19 and B#43 = 495.49
ROUND 2171 A#20 and B#43 = 626.365
ROUND 2172 A#21 and B#43 = 641.351
ROUND 2173 A#22 and B#43 = 614.275
ROUND 2174 A#23 and B#43 = 621.886
ROUND 2175 A#24 and B#43 = 626.815
ROUND 2176 A#25 and B#43 = 613
ROUND 2177 A#26 and B#43 = 534.259
ROUND 2178 A#27 and B#43 = 468.176
ROUND 2179 A#28 and B#43 = 320.424
ROUND 2180 A#29 and B#43 = 559.568
ROUND 2181 A#30 and B#43 = 610.247
ROUND 2182 A#31 and B#43 = 575.846
ROUND 2183 A#32 and B#43 = 534.338
ROUND 2184 A#33 and B#43 = 460.175
ROUND 2185 A#34 and B#43 = 341.817
ROUND 2186 A#35 and B#43 = 483.185
ROUND 2187 A#36 and B#43 = 615.175
ROUND 2188 A#37 and B#43 = 514.15
ROUND 2189 A#38 and B#43 = 484.683
ROUND 2190 A#39 and B#43 = 596.114
ROUND 2191 A#40 and B#43 = 538.789
ROUND 2192 A#41 and B#43 = 588.31
ROUND 2193 A#42 and B#43 = 392.586
ROUND 2194 A#43 and B#43 = 522.008
ROUND 2195 A#44 and B#43 = 395.623
ROUND 2196 A#45 and B#43 = 396.067
ROUND 2197 A#46 and B#43 = 485.345
ROUND 2198 A#47 and B#43 = 544.089
ROUND 2199 A#48 and B#43 = 577.398
ROUND 2200 A#49 and B#43 = 509.394
ROUND 2201 A#0 and B#44 = 540.59
ROUND 2202 A#1 and B#44 = 502.965
ROUND 2203 A#2 and B#44 = 548.669
ROUND 2204 A#3 and B#44 = 494.666
ROUND 2205 A#4 and B#44 = 363.003
ROUND 2206 A#5 and B#44 = 487.422
ROUND 2207 A#6 and B#44 = 495.185
ROUND 2208 A#7 and B#44 = 494.945
ROUND 2209 A#8 and B#44 = 437.178
ROUND 2210 A#9 and B#44 = 431.215
ROUND 2211 A#10 and B#44 = 492.859
ROUND 2212 A#11 and B#44 = 359.117
ROUND 2213 A#12 and B#44 = 510.77
ROUND 2214 A#13 and B#44 = 390.537
ROUND 2215 A#14 and B#44 = 494.56
ROUND 2216 A#15 and B#44 = 495.68
ROUND 2217 A#16 and B#44 = 491.398
ROUND 2218 A#17 and B#44 = 289.052
ROUND 2219 A#18 and B#44 = 576.4
ROUND 2220 A#19 and B#44 = 460.465
ROUND 2221 A#20 and B#44 = 383.802
ROUND 2222 A#21 and B#44 = 517.018
ROUND 2223 A#22 and B#44 = 493.263
ROUND 2224 A#23 and B#44 = 496.684
ROUND 2225 A#24 and B#44 = 498.182
ROUND 2226 A#25 and B#44 = 575.295
ROUND 2227 A#26 and B#44 = 589.184
ROUND 2228 A#27 and B#44 = 487.91
ROUND 2229 A#28 and B#44 = 421.96
ROUND 2230 A#29 and B#44 = 497.227
ROUND 2231 A#30 and B#44 = 577.401
ROUND 2232 A#31 and B#44 = 536.192
ROUND 2233 A#32 and B#44 = 490.899
ROUND 2234 A#33 and B#44 = 516.724
ROUND 2235 A#34 and B#44 = 370.433
ROUND 2236 A#35 and B#44 = 507.853
ROUND 2237 A#36 and B#44 = 569.544
ROUND 2238 A#37 and B#44 = 482.432
ROUND 2239 A#38 and B#44 = 508.723
ROUND 2240 A#39 and B#44 = 577.451
ROUND 2241 A#40 and B#44 = 560.389
ROUND 2242 A#41 and B#44 = 498.581
ROUND 2243 A#42 and B#44 = 513.497
ROUND 2244 A#43 and B#44 = 536.169
ROUND 2245 A#44 and B#44 = 452.387
ROUND 2246 A#45 and B#44 = 452.512
ROUND 2247 A#46 and B#44 = 604.673
ROUND 2248 A#47 and B#44 = 503.061
ROUND 2249 A#48 and B#44 = 497.975
ROUND 2250 A#49 and B#44 = 534.647
ROUND 2251 A#0 and B#45 = 455.591
ROUND 2252 A#1 and B#45 = 452.102
ROUND 2253 A#2 and B#45 = 517.176
ROUND 2254 A#3 and B#45 = 522.489
ROUND 2255 A#4 and B#45 = 532.614
ROUND 2256 A#5 and B#45 = 533.603
ROUND 2257 A#6 and B#45 = 511.568
ROUND 2258 A#7 and B#45 = 509.979
ROUND 2259 A#8 and B#45 = 439.104
ROUND 2260 A#9 and B#45 = 433.538
ROUND 2261 A#10 and B#45 = 526.59
ROUND 2262 A#11 and B#45 = 580.34
ROUND 2263 A#12 and B#45 = 525.878
ROUND 2264 A#13 and B#45 = 379.073
ROUND 2265 A#14 and B#45 = 510.387
ROUND 2266 A#15 and B#45 = 511.933
ROUND 2267 A#16 and B#45 = 483.534
ROUND 2268 A#17 and B#45 = 377.489
ROUND 2269 A#18 and B#45 = 503.877
ROUND 2270 A#19 and B#45 = 482.268
ROUND 2271 A#20 and B#45 = 497.03
ROUND 2272 A#21 and B#45 = 568.809
ROUND 2273 A#22 and B#45 = 569.517
ROUND 2274 A#23 and B#45 = 570.913
ROUND 2275 A#24 and B#45 = 572.083
ROUND 2276 A#25 and B#45 = 569.542
ROUND 2277 A#26 and B#45 = 525.742
ROUND 2278 A#27 and B#45 = 499.756
ROUND 2279 A#28 and B#45 = 417.776
ROUND 2280 A#29 and B#45 = 514.559
ROUND 2281 A#30 and B#45 = 502.434
ROUND 2282 A#31 and B#45 = 535.408
ROUND 2283 A#32 and B#45 = 499.713
ROUND 2284 A#33 and B#45 = 472.662
ROUND 2285 A#34 and B#45 = 363.913
ROUND 2286 A#35 and B#45 = 515.867
ROUND 2287 A#36 and B#45 = 564.218
ROUND 2288 A#37 and B#45 = 485.031
ROUND 2289 A#38 and B#45 = 516.739
ROUND 2290 A#39 and B#45 = 571.99
ROUND 2291 A#40 and B#45 = 569.176
ROUND 2292 A#41 and B#45 = 571.114
ROUND 2293 A#42 and B#45 = 454.084
ROUND 2294 A#43 and B#45 = 525.679
ROUND 2295 A#44 and B#45 = 454.204
ROUND 2296 A#45 and B#45 = 454.455
ROUND 2297 A#46 and B#45 = 602.419
ROUND 2298 A#47 and B#45 = 549.329
ROUND 2299 A#48 and B#45 = 527.537
ROUND 2300 A#49 and B#45 = 505.222
ROUND 2301 A#0 and B#46 = 565.341
ROUND 2302 A#1 and B#46 = 434.162
ROUND 2303 A#2 and B#46 = 506.952
ROUND 2304 A#3 and B#46 = 454.535
ROUND 2305 A#4 and B#46 = 464.429
ROUND 2306 A#5 and B#46 = 556.875
ROUND 2307 A#6 and B#46 = 472.425
ROUND 2308 A#7 and B#46 = 469.985
ROUND 2309 A#8 and B#46 = 564.434
ROUND 2310 A#9 and B#46 = 415.212
ROUND 2311 A#10 and B#46 = 450.615
ROUND 2312 A#11 and B#46 = 369.838
ROUND 2313 A#12 and B#46 = 481.563
ROUND 2314 A#13 and B#46 = 327.053
ROUND 2315 A#14 and B#46 = 630.484
ROUND 2316 A#15 and B#46 = 472.654
ROUND 2317 A#16 and B#46 = 542.695
ROUND 2318 A#17 and B#46 = 338.23
ROUND 2319 A#18 and B#46 = 492.176
ROUND 2320 A#19 and B#46 = 543.613
ROUND 2321 A#20 and B#46 = 536.295
ROUND 2322 A#21 and B#46 = 517.724
ROUND 2323 A#22 and B#46 = 512.245
ROUND 2324 A#23 and B#46 = 512.171
ROUND 2325 A#24 and B#46 = 511.842
ROUND 2326 A#25 and B#46 = 512.116
ROUND 2327 A#26 and B#46 = 473.233
ROUND 2328 A#27 and B#46 = 454.578
ROUND 2329 A#28 and B#46 = 414.329
ROUND 2330 A#29 and B#46 = 623.193
ROUND 2331 A#30 and B#46 = 503.3
ROUND 2332 A#31 and B#46 = 511.37
ROUND 2333 A#32 and B#46 = 548.645
ROUND 2334 A#33 and B#46 = 538.873
ROUND 2335 A#34 and B#46 = 424.746
ROUND 2336 A#35 and B#46 = 632.415
ROUND 2337 A#36 and B#46 = 409.31
ROUND 2338 A#37 and B#46 = 600.331
ROUND 2339 A#38 and B#46 = 633.021
ROUND 2340 A#39 and B#46 = 517.412
ROUND 2341 A#40 and B#46 = 549.739
ROUND 2342 A#41 and B#46 = 445.996
ROUND 2343 A#42 and B#46 = 471.195
ROUND 2344 A#43 and B#46 = 527.173
ROUND 2345 A#44 and B#46 = 427.625
ROUND 2346 A#45 and B#46 = 426.965
ROUND 2347 A#46 and B#46 = 572.173
ROUND 2348 A#47 and B#46 = 470.175
ROUND 2349 A#48 and B#46 = 469.986
ROUND 2350 A#49 and B#46 = 434.359
ROUND 2351 A#0 and B#47 = 543.075
ROUND 2352 A#1 and B#47 = 457.638
ROUND 2353 A#2 and B#47 = 521.229
ROUND 2354 A#3 and B#47 = 521.477
ROUND 2355 A#4 and B#47 = 395.872
ROUND 2356 A#5 and B#47 = 537.419
ROUND 2357 A#6 and B#47 = 511.428
ROUND 2358 A#7 and B#47 = 511.934
ROUND 2359 A#8 and B#47 = 523.09
ROUND 2360 A#9 and B#47 = 508.493
ROUND 2361 A#10 and B#47 = 456.791
ROUND 2362 A#11 and B#47 = 385.733
ROUND 2363 A#12 and B#47 = 522.905
ROUND 2364 A#13 and B#47 = 432.903
ROUND 2365 A#14 and B#47 = 515.116
ROUND 2366 A#15 and B#47 = 511.722
ROUND 2367 A#16 and B#47 = 489.855
ROUND 2368 A#17 and B#47 = 595.647
ROUND 2369 A#18 and B#47 = 562.128
ROUND 2370 A#19 and B#47 = 457.846
ROUND 2371 A#20 and B#47 = 509.169
ROUND 2372 A#21 and B#47 = 564.079
ROUND 2373 A#22 and B#47 = 507.878
ROUND 2374 A#23 and B#47 = 564.417
ROUND 2375 A#24 and B#47 = 565.467
ROUND 2376 A#25 and B#47 = 508.255
ROUND 2377 A#26 and B#47 = 503.807
ROUND 2378 A#27 and B#47 = 518.471
ROUND 2379 A#28 and B#47 = 406.402
ROUND 2380 A#29 and B#47 = 503.877
ROUND 2381 A#30 and B#47 = 499.257
ROUND 2382 A#31 and B#47 = 536.797
ROUND 2383 A#32 and B#47 = 509.725
ROUND 2384 A#33 and B#47 = 519.412
ROUND 2385 A#34 and B#47 = 473.442
ROUND 2386 A#35 and B#47 = 600.349
ROUND 2387 A#36 and B#47 = 557.394
ROUND 2388 A#37 and B#47 = 557.422
ROUND 2389 A#38 and B#47 = 600.227
ROUND 2390 A#39 and B#47 = 562.579
ROUND 2391 A#40 and B#47 = 562.078
ROUND 2392 A#41 and B#47 = 466.221
ROUND 2393 A#42 and B#47 = 504.973
ROUND 2394 A#43 and B#47 = 510.431
ROUND 2395 A#44 and B#47 = 425.1
ROUND 2396 A#45 and B#47 = 424.551
ROUND 2397 A#46 and B#47 = 603.013
ROUND 2398 A#47 and B#47 = 551.514
ROUND 2399 A#48 and B#47 = 527.969
ROUND 2400 A#49 and B#47 = 508.772
ROUND 2401 A#0 and B#48 = 541.482
ROUND 2402 A#1 and B#48 = 366.661
ROUND 2403 A#2 and B#48 = 553.941
ROUND 2404 A#3 and B#48 = 523.73
ROUND 2405 A#4 and B#48 = 390.58
ROUND 2406 A#5 and B#48 = 476.811
ROUND 2407 A#6 and B#48 = 494.452
ROUND 2408 A#7 and B#48 = 494.466
ROUND 2409 A#8 and B#48 = 454.081
ROUND 2410 A#9 and B#48 = 435.056
ROUND 2411 A#10 and B#48 = 477.078
ROUND 2412 A#11 and B#48 = 360.277
ROUND 2413 A#12 and B#48 = 510.031
ROUND 2414 A#13 and B#48 = 399.682
ROUND 2415 A#14 and B#48 = 502.519
ROUND 2416 A#15 and B#48 = 494.902
ROUND 2417 A#16 and B#48 = 495.008
ROUND 2418 A#17 and B#48 = 299.64
ROUND 2419 A#18 and B#48 = 577.88
ROUND 2420 A#19 and B#48 = 456.099
ROUND 2421 A#20 and B#48 = 388.051
ROUND 2422 A#21 and B#48 = 521.342
ROUND 2423 A#22 and B#48 = 576.37
ROUND 2424 A#23 and B#48 = 500.817
ROUND 2425 A#24 and B#48 = 502.265
ROUND 2426 A#25 and B#48 = 576.461
ROUND 2427 A#26 and B#48 = 526.639
ROUND 2428 A#27 and B#48 = 513.954
ROUND 2429 A#28 and B#48 = 418.588
ROUND 2430 A#29 and B#48 = 504.371
ROUND 2431 A#30 and B#48 = 578.571
ROUND 2432 A#31 and B#48 = 536.284
ROUND 2433 A#32 and B#48 = 508.63
ROUND 2434 A#33 and B#48 = 519.06
ROUND 2435 A#34 and B#48 = 374.793
ROUND 2436 A#35 and B#48 = 507.725
ROUND 2437 A#36 and B#48 = 570.698
ROUND 2438 A#37 and B#48 = 483.773
ROUND 2439 A#38 and B#48 = 508.583
ROUND 2440 A#39 and B#48 = 578.496
ROUND 2441 A#40 and B#48 = 561.413
ROUND 2442 A#41 and B#48 = 487.496
ROUND 2443 A#42 and B#48 = 513.562
ROUND 2444 A#43 and B#48 = 541.234
ROUND 2445 A#44 and B#48 = 452.65
ROUND 2446 A#45 and B#48 = 452.776
ROUND 2447 A#46 and B#48 = 607.252
ROUND 2448 A#47 and B#48 = 544.717
ROUND 2449 A#48 and B#48 = 528.482
ROUND 2450 A#49 and B#48 = 531.32
ROUND 2451 A#0 and B#49 = 570.977
ROUND 2452 A#1 and B#49 = 483.973
ROUND 2453 A#2 and B#49 = 601.157
ROUND 2454 A#3 and B#49 = 565.432
ROUND 2455 A#4 and B#49 = 533.426
ROUND 2456 A#5 and B#49 = 561.317
ROUND 2457 A#6 and B#49 = 493.561
ROUND 2458 A#7 and B#49 = 489.951
ROUND 2459 A#8 and B#49 = 384.749
ROUND 2460 A#9 and B#49 = 565.729
ROUND 2461 A#10 and B#49 = 358.747
ROUND 2462 A#11 and B#49 = 533.47
ROUND 2463 A#12 and B#49 = 486.136
ROUND 2464 A#13 and B#49 = 352.984
ROUND 2465 A#14 and B#49 = 520.232
ROUND 2466 A#15 and B#49 = 494.726
ROUND 2467 A#16 and B#49 = 581.015
ROUND 2468 A#17 and B#49 = 313.53
ROUND 2469 A#18 and B#49 = 584.669
ROUND 2470 A#19 and B#49 = 587.61
ROUND 2471 A#20 and B#49 = 504.784
ROUND 2472 A#21 and B#49 = 430.156
ROUND 2473 A#22 and B#49 = 567.117
ROUND 2474 A#23 and B#49 = 429.202
ROUND 2475 A#24 and B#49 = 541.941
ROUND 2476 A#25 and B#49 = 565.739
ROUND 2477 A#26 and B#49 = 555.348
ROUND 2478 A#27 and B#49 = 585.105
ROUND 2479 A#28 and B#49 = 455.757
ROUND 2480 A#29 and B#49 = 535.369
ROUND 2481 A#30 and B#49 = 572.637
ROUND 2482 A#31 and B#49 = 516.504
ROUND 2483 A#32 and B#49 = 564.732
ROUND 2484 A#33 and B#49 = 587.99
ROUND 2485 A#34 and B#49 = 335.885
ROUND 2486 A#35 and B#49 = 492.339
ROUND 2487 A#36 and B#49 = 428.234
ROUND 2488 A#37 and B#49 = 595.356
ROUND 2489 A#38 and B#49 = 492.343
ROUND 2490 A#39 and B#49 = 429.792
ROUND 2491 A#40 and B#49 = 404.035
ROUND 2492 A#41 and B#49 = 562.727
ROUND 2493 A#42 and B#49 = 486.109
ROUND 2494 A#43 and B#49 = 558.625
ROUND 2495 A#44 and B#49 = 546.865
ROUND 2496 A#45 and B#49 = 548.83
ROUND 2497 A#46 and B#49 = 563.435
ROUND 2498 A#47 and B#49 = 540.328
ROUND 2499 A#48 and B#49 = 525.788
ROUND 2500 A#49 and B#49 = 627.093

The best overlap is between conformer A#24 and B#9, which, after PCA followed by Steepest Descent, produces a volume overlap of 656.619
Tanimoto (Hodgkin) similarity index: 0.487126

Saving those best conformers to file...
WRITING MOLECULE TO FILE '../ALL_PAIRS_BQ123_AS_REFERENCE/ROKS3/BQ123-737004.mol2' (WILL OVERWRITE EXISTING FILE IF ANY)...
WRITING MOLECULE TO FILE '../ALL_PAIRS_BQ123_AS_REFERENCE/ROKS3/BQ123-737004.mol2'...
