Finished importing molecules
WARNING: LAPACK DSYEV() RETURNED NON-ZERO ERROR CODE 2
WARNING: LAPACK DSYEV() RETURNED NON-ZERO ERROR CODE 2
WARNING: LAPACK DSYEV() RETURNED NON-ZERO ERROR CODE 3
WARNING: LAPACK DSYEV() RETURNED NON-ZERO ERROR CODE 2
WARNING: LAPACK DSYEV() RETURNED NON-ZERO ERROR CODE 2
WARNING: LAPACK DSYEV() RETURNED NON-ZERO ERROR CODE 2
WARNING: LAPACK DSYEV() RETURNED NON-ZERO ERROR CODE 3
WARNING: LAPACK DSYEV() RETURNED NON-ZERO ERROR CODE 2
WARNING: LAPACK DSYEV() RETURNED NON-ZERO ERROR CODE 3
WARNING: LAPACK DSYEV() RETURNED NON-ZERO ERROR CODE 2
WARNING: LAPACK DSYEV() RETURNED NON-ZERO ERROR CODE 2
WARNING: LAPACK DSYEV() RETURNED NON-ZERO ERROR CODE 3
WARNING: LAPACK DSYEV() RETURNED NON-ZERO ERROR CODE 2
WARNING: LAPACK DSYEV() RETURNED NON-ZERO ERROR CODE 2
WARNING: LAPACK DSYEV() RETURNED NON-ZERO ERROR CODE 2
WARNING: LAPACK DSYEV() RETURNED NON-ZERO ERROR CODE 3
WARNING: LAPACK DSYEV() RETURNED NON-ZERO ERROR CODE 2
WARNING: LAPACK DSYEV() RETURNED NON-ZERO ERROR CODE 3
WARNING: LAPACK DSYEV() RETURNED NON-ZERO ERROR CODE 3
WARNING: LAPACK DSYEV() RETURNED NON-ZERO ERROR CODE 3
WARNING: LAPACK DSYEV() RETURNED NON-ZERO ERROR CODE 2
WARNING: LAPACK DSYEV() RETURNED NON-ZERO ERROR CODE 3
WARNING: LAPACK DSYEV() RETURNED NON-ZERO ERROR CODE 2
WARNING: LAPACK DSYEV() RETURNED NON-ZERO ERROR CODE 3
WARNING: LAPACK DSYEV() RETURNED NON-ZERO ERROR CODE 3
WARNING: LAPACK DSYEV() RETURNED NON-ZERO ERROR CODE 2
WARNING: LAPACK DSYEV() RETURNED NON-ZERO ERROR CODE 3
WARNING: LAPACK DSYEV() RETURNED NON-ZERO ERROR CODE 3
WARNING: LAPACK DSYEV() RETURNED NON-ZERO ERROR CODE 3
WARNING: LAPACK DSYEV() RETURNED NON-ZERO ERROR CODE 3
WARNING: LAPACK DSYEV() RETURNED NON-ZERO ERROR CODE 2
WARNING: LAPACK DSYEV() RETURNED NON-ZERO ERROR CODE 3
WARNING: LAPACK DSYEV() RETURNED NON-ZERO ERROR CODE 3
WARNING: LAPACK DSYEV() RETURNED NON-ZERO ERROR CODE 3
WARNING: LAPACK DSYEV() RETURNED NON-ZERO ERROR CODE 3
WARNING: LAPACK DSYEV() RETURNED NON-ZERO ERROR CODE 3
WARNING: LAPACK DSYEV() RETURNED NON-ZERO ERROR CODE 3
WARNING: LAPACK DSYEV() RETURNED NON-ZERO ERROR CODE 3
WARNING: LAPACK DSYEV() RETURNED NON-ZERO ERROR CODE 3
WARNING: LAPACK DSYEV() RETURNED NON-ZERO ERROR CODE 3
WARNING: LAPACK DSYEV() RETURNED NON-ZERO ERROR CODE 3
WARNING: LAPACK DSYEV() RETURNED NON-ZERO ERROR CODE 3
WARNING: LAPACK DSYEV() RETURNED NON-ZERO ERROR CODE 2
WARNING: LAPACK DSYEV() RETURNED NON-ZERO ERROR CODE 2
WARNING: LAPACK DSYEV() RETURNED NON-ZERO ERROR CODE 2
WARNING: LAPACK DSYEV() RETURNED NON-ZERO ERROR CODE 3
WARNING: LAPACK DSYEV() RETURNED NON-ZERO ERROR CODE 2
WARNING: LAPACK DSYEV() RETURNED NON-ZERO ERROR CODE 3
WARNING: LAPACK DSYEV() RETURNED NON-ZERO ERROR CODE 3
WARNING: LAPACK DSYEV() RETURNED NON-ZERO ERROR CODE 3
WARNING: LAPACK DSYEV() RETURNED NON-ZERO ERROR CODE 2
WARNING: LAPACK DSYEV() RETURNED NON-ZERO ERROR CODE 3
WARNING: LAPACK DSYEV() RETURNED NON-ZERO ERROR CODE 3
WARNING: LAPACK DSYEV() RETURNED NON-ZERO ERROR CODE 2
WARNING: LAPACK DSYEV() RETURNED NON-ZERO ERROR CODE 3
WARNING: LAPACK DSYEV() RETURNED NON-ZERO ERROR CODE 2
WARNING: LAPACK DSYEV() RETURNED NON-ZERO ERROR CODE 2
WARNING: LAPACK DSYEV() RETURNED NON-ZERO ERROR CODE 3
WARNING: LAPACK DSYEV() RETURNED NON-ZERO ERROR CODE 3
WARNING: LAPACK DSYEV() RETURNED NON-ZERO ERROR CODE 3
WARNING: LAPACK DSYEV() RETURNED NON-ZERO ERROR CODE 2
WARNING: LAPACK DSYEV() RETURNED NON-ZERO ERROR CODE 3
WARNING: LAPACK DSYEV() RETURNED NON-ZERO ERROR CODE 2
WARNING: LAPACK DSYEV() RETURNED NON-ZERO ERROR CODE 3
WARNING: LAPACK DSYEV() RETURNED NON-ZERO ERROR CODE 2
WARNING: LAPACK DSYEV() RETURNED NON-ZERO ERROR CODE 2
WARNING: LAPACK DSYEV() RETURNED NON-ZERO ERROR CODE 3
WARNING: LAPACK DSYEV() RETURNED NON-ZERO ERROR CODE 2
WARNING: LAPACK DSYEV() RETURNED NON-ZERO ERROR CODE 2
WARNING: LAPACK DSYEV() RETURNED NON-ZERO ERROR CODE 3
WARNING: LAPACK DSYEV() RETURNED NON-ZERO ERROR CODE 2
WARNING: LAPACK DSYEV() RETURNED NON-ZERO ERROR CODE 3
WARNING: LAPACK DSYEV() RETURNED NON-ZERO ERROR CODE 3
WARNING: LAPACK DSYEV() RETURNED NON-ZERO ERROR CODE 3
WARNING: LAPACK DSYEV() RETURNED NON-ZERO ERROR CODE 3
WARNING: LAPACK DSYEV() RETURNED NON-ZERO ERROR CODE 3
WARNING: LAPACK DSYEV() RETURNED NON-ZERO ERROR CODE 2
WARNING: LAPACK DSYEV() RETURNED NON-ZERO ERROR CODE 3
WARNING: LAPACK DSYEV() RETURNED NON-ZERO ERROR CODE 3
WARNING: LAPACK DSYEV() RETURNED NON-ZERO ERROR CODE 3
WARNING: LAPACK DSYEV() RETURNED NON-ZERO ERROR CODE 2
WARNING: LAPACK DSYEV() RETURNED NON-ZERO ERROR CODE 3
WARNING: LAPACK DSYEV() RETURNED NON-ZERO ERROR CODE 2
WARNING: LAPACK DSYEV() RETURNED NON-ZERO ERROR CODE 3
WARNING: LAPACK DSYEV() RETURNED NON-ZERO ERROR CODE 2
WARNING: LAPACK DSYEV() RETURNED NON-ZERO ERROR CODE 3
WARNING: LAPACK DSYEV() RETURNED NON-ZERO ERROR CODE 3
WARNING: LAPACK DSYEV() RETURNED NON-ZERO ERROR CODE 2
WARNING: LAPACK DSYEV() RETURNED NON-ZERO ERROR CODE 2
WARNING: LAPACK DSYEV() RETURNED NON-ZERO ERROR CODE 3
WARNING: LAPACK DSYEV() RETURNED NON-ZERO ERROR CODE 3
WARNING: LAPACK DSYEV() RETURNED NON-ZERO ERROR CODE 3
WARNING: LAPACK DSYEV() RETURNED NON-ZERO ERROR CODE 3
WARNING: LAPACK DSYEV() RETURNED NON-ZERO ERROR CODE 3
WARNING: LAPACK DSYEV() RETURNED NON-ZERO ERROR CODE 2
WARNING: LAPACK DSYEV() RETURNED NON-ZERO ERROR CODE 2
WARNING: LAPACK DSYEV() RETURNED NON-ZERO ERROR CODE 2
WARNING: LAPACK DSYEV() RETURNED NON-ZERO ERROR CODE 2
WARNING: LAPACK DSYEV() RETURNED NON-ZERO ERROR CODE 2
WARNING: LAPACK DSYEV() RETURNED NON-ZERO ERROR CODE 3
Finished setting up data; running search...
ROUND 1 A#0 and B#0 = 129.906
ROUND 2 A#1 and B#0 = 136.593
ROUND 3 A#2 and B#0 = 292.84
ROUND 4 A#3 and B#0 = 104.795
ROUND 5 A#4 and B#0 = 131.133
ROUND 6 A#5 and B#0 = 131.05
ROUND 7 A#6 and B#0 = 106.081
ROUND 8 A#7 and B#0 = 131.165
ROUND 9 A#8 and B#0 = 111.78
ROUND 10 A#9 and B#0 = 129.994
ROUND 11 A#10 and B#0 = 131.182
ROUND 12 A#11 and B#0 = 197.275
ROUND 13 A#12 and B#0 = 84.0817
ROUND 14 A#13 and B#0 = 126.385
ROUND 15 A#14 and B#0 = 160.372
ROUND 16 A#15 and B#0 = 116.225
ROUND 17 A#16 and B#0 = 133.87
ROUND 18 A#17 and B#0 = 131.677
ROUND 19 A#18 and B#0 = 117.384
ROUND 20 A#19 and B#0 = 81.6783
ROUND 21 A#20 and B#0 = 264.694
ROUND 22 A#21 and B#0 = 214.843
ROUND 23 A#22 and B#0 = 161.082
ROUND 24 A#23 and B#0 = 148.488
ROUND 25 A#24 and B#0 = 107.257
ROUND 26 A#25 and B#0 = 206.56
ROUND 27 A#26 and B#0 = 207.162
ROUND 28 A#27 and B#0 = 105.986
ROUND 29 A#28 and B#0 = 131.319
ROUND 30 A#29 and B#0 = 167.75
ROUND 31 A#30 and B#0 = 134.179
ROUND 32 A#31 and B#0 = 149.476
ROUND 33 A#32 and B#0 = 131.783
ROUND 34 A#33 and B#0 = 125.527
ROUND 35 A#34 and B#0 = 189.391
ROUND 36 A#35 and B#0 = 109.357
ROUND 37 A#36 and B#0 = 132.167
ROUND 38 A#37 and B#0 = 148.666
ROUND 39 A#38 and B#0 = 121.537
ROUND 40 A#39 and B#0 = 130.789
ROUND 41 A#40 and B#0 = 124.347
ROUND 42 A#41 and B#0 = 130.774
ROUND 43 A#42 and B#0 = 170.189
ROUND 44 A#43 and B#0 = 134.158
ROUND 45 A#44 and B#0 = 119.31
ROUND 46 A#45 and B#0 = 131.317
ROUND 47 A#46 and B#0 = 128.146
ROUND 48 A#47 and B#0 = 104.446
ROUND 49 A#48 and B#0 = 100.225
ROUND 50 A#49 and B#0 = 107.356
ROUND 51 A#0 and B#1 = 284.746
ROUND 52 A#1 and B#1 = 135.459
ROUND 53 A#2 and B#1 = 261.333
ROUND 54 A#3 and B#1 = 119.328
ROUND 55 A#4 and B#1 = 175.127
ROUND 56 A#5 and B#1 = 147.815
ROUND 57 A#6 and B#1 = 345.653
ROUND 58 A#7 and B#1 = 175.981
ROUND 59 A#8 and B#1 = 357.843
ROUND 60 A#9 and B#1 = 284.777
ROUND 61 A#10 and B#1 = 176.822
ROUND 62 A#11 and B#1 = 127.33
ROUND 63 A#12 and B#1 = 133.371
ROUND 64 A#13 and B#1 = 127.116
ROUND 65 A#14 and B#1 = 259.38
ROUND 66 A#15 and B#1 = 322.577
ROUND 67 A#16 and B#1 = 168.439
ROUND 68 A#17 and B#1 = 251.117
ROUND 69 A#18 and B#1 = 119.332
ROUND 70 A#19 and B#1 = 131.374
ROUND 71 A#20 and B#1 = 126.186
ROUND 72 A#21 and B#1 = 131.807
ROUND 73 A#22 and B#1 = 259.401
ROUND 74 A#23 and B#1 = 173.391
ROUND 75 A#24 and B#1 = 108.636
ROUND 76 A#25 and B#1 = 340.249
ROUND 77 A#26 and B#1 = 127.46
ROUND 78 A#27 and B#1 = 335.899
ROUND 79 A#28 and B#1 = 159.139
ROUND 80 A#29 and B#1 = 147.756
ROUND 81 A#30 and B#1 = 121.066
ROUND 82 A#31 and B#1 = 173.172
ROUND 83 A#32 and B#1 = 134.79
ROUND 84 A#33 and B#1 = 130.12
ROUND 85 A#34 and B#1 = 135.072
ROUND 86 A#35 and B#1 = 107.986
ROUND 87 A#36 and B#1 = 97.2435
ROUND 88 A#37 and B#1 = 34.0443
ROUND 89 A#38 and B#1 = 132.922
ROUND 90 A#39 and B#1 = 140.315
ROUND 91 A#40 and B#1 = 98.5192
ROUND 92 A#41 and B#1 = 121.644
ROUND 93 A#42 and B#1 = 122.313
ROUND 94 A#43 and B#1 = 128.125
ROUND 95 A#44 and B#1 = 30.5041
ROUND 96 A#45 and B#1 = 166.955
ROUND 97 A#46 and B#1 = 29.6312
ROUND 98 A#47 and B#1 = 352.025
ROUND 99 A#48 and B#1 = 98.7077
ROUND 100 A#49 and B#1 = 98.29
ROUND 101 A#0 and B#2 = 284.64
ROUND 102 A#1 and B#2 = 136.755
ROUND 103 A#2 and B#2 = 260.881
ROUND 104 A#3 and B#2 = 137.086
ROUND 105 A#4 and B#2 = 260.508
ROUND 106 A#5 and B#2 = 139.495
ROUND 107 A#6 and B#2 = 345.639
ROUND 108 A#7 and B#2 = 260.46
ROUND 109 A#8 and B#2 = 282.014
ROUND 110 A#9 and B#2 = 284.73
ROUND 111 A#10 and B#2 = 177.313
ROUND 112 A#11 and B#2 = 130.663
ROUND 113 A#12 and B#2 = 148.013
ROUND 114 A#13 and B#2 = 292.197
ROUND 115 A#14 and B#2 = 259.273
ROUND 116 A#15 and B#2 = 322.632
ROUND 117 A#16 and B#2 = 171.74
ROUND 118 A#17 and B#2 = 250.349
ROUND 119 A#18 and B#2 = 94.0234
ROUND 120 A#19 and B#2 = 133.638
ROUND 121 A#20 and B#2 = 126.067
ROUND 122 A#21 and B#2 = 237.725
ROUND 123 A#22 and B#2 = 259.307
ROUND 124 A#23 and B#2 = 27.9209
ROUND 125 A#24 and B#2 = 108.169
ROUND 126 A#25 and B#2 = 200.063
ROUND 127 A#26 and B#2 = 127.758
ROUND 128 A#27 and B#2 = 99.5124
ROUND 129 A#28 and B#2 = 297.993
ROUND 130 A#29 and B#2 = 150.49
ROUND 131 A#30 and B#2 = 120.688
ROUND 132 A#31 and B#2 = 27.0585
ROUND 133 A#32 and B#2 = 134.346
ROUND 134 A#33 and B#2 = 129.69
ROUND 135 A#34 and B#2 = 255.964
ROUND 136 A#35 and B#2 = 102.784
ROUND 137 A#36 and B#2 = 98.3721
ROUND 138 A#37 and B#2 = 27.7489
ROUND 139 A#38 and B#2 = 138.539
ROUND 140 A#39 and B#2 = 124.746
ROUND 141 A#40 and B#2 = 99.2574
ROUND 142 A#41 and B#2 = 124.083
ROUND 143 A#42 and B#2 = 137.312
ROUND 144 A#43 and B#2 = 177.599
ROUND 145 A#44 and B#2 = 30.6095
ROUND 146 A#45 and B#2 = 138.132
ROUND 147 A#46 and B#2 = 136.477
ROUND 148 A#47 and B#2 = 87.6848
ROUND 149 A#48 and B#2 = 99.2964
ROUND 150 A#49 and B#2 = 141.4
ROUND 151 A#0 and B#3 = 100.969
ROUND 152 A#1 and B#3 = 98.74
ROUND 153 A#2 and B#3 = 259.389
ROUND 154 A#3 and B#3 = 131.244
ROUND 155 A#4 and B#3 = 262.196
ROUND 156 A#5 and B#3 = 261.274
ROUND 157 A#6 and B#3 = 249.692
ROUND 158 A#7 and B#3 = 262.183
ROUND 159 A#8 and B#3 = 281.912
ROUND 160 A#9 and B#3 = 100.661
ROUND 161 A#10 and B#3 = 262.268
ROUND 162 A#11 and B#3 = 80.0703
ROUND 163 A#12 and B#3 = 117.374
ROUND 164 A#13 and B#3 = 90.7184
ROUND 165 A#14 and B#3 = 261.486
ROUND 166 A#15 and B#3 = 320.749
ROUND 167 A#16 and B#3 = 133.597
ROUND 168 A#17 and B#3 = 252.601
ROUND 169 A#18 and B#3 = 119.658
ROUND 170 A#19 and B#3 = 63.291
ROUND 171 A#20 and B#3 = 130.511
ROUND 172 A#21 and B#3 = 80.0286
ROUND 173 A#22 and B#3 = 261.46
ROUND 174 A#23 and B#3 = 91.2041
ROUND 175 A#24 and B#3 = 246.702
ROUND 176 A#25 and B#3 = 111.609
ROUND 177 A#26 and B#3 = 79.3534
ROUND 178 A#27 and B#3 = 186.258
ROUND 179 A#28 and B#3 = 32.3431
ROUND 180 A#29 and B#3 = 80.1404
ROUND 181 A#30 and B#3 = 138.564
ROUND 182 A#31 and B#3 = 90.9925
ROUND 183 A#32 and B#3 = 95.0788
ROUND 184 A#33 and B#3 = 255.738
ROUND 185 A#34 and B#3 = 108.067
ROUND 186 A#35 and B#3 = 97.6216
ROUND 187 A#36 and B#3 = 131.857
ROUND 188 A#37 and B#3 = 89.733
ROUND 189 A#38 and B#3 = 105.323
ROUND 190 A#39 and B#3 = 96.1557
ROUND 191 A#40 and B#3 = 68.2171
ROUND 192 A#41 and B#3 = 67.8391
ROUND 193 A#42 and B#3 = 128.262
ROUND 194 A#43 and B#3 = 133.192
ROUND 195 A#44 and B#3 = 272.459
ROUND 196 A#45 and B#3 = 127.881
ROUND 197 A#46 and B#3 = 121.175
ROUND 198 A#47 and B#3 = 257.976
ROUND 199 A#48 and B#3 = 88.111
ROUND 200 A#49 and B#3 = 256.225
ROUND 201 A#0 and B#4 = 350.027
ROUND 202 A#1 and B#4 = -40.7024
ROUND 203 A#2 and B#4 = 119.409
ROUND 204 A#3 and B#4 = 94.3308
ROUND 205 A#4 and B#4 = 176.387
ROUND 206 A#5 and B#4 = 203.2
ROUND 207 A#6 and B#4 = 323.515
ROUND 208 A#7 and B#4 = 176.273
ROUND 209 A#8 and B#4 = 144.349
ROUND 210 A#9 and B#4 = 349.797
ROUND 211 A#10 and B#4 = 175.973
ROUND 212 A#11 and B#4 = 97.1254
ROUND 213 A#12 and B#4 = 95.3103
ROUND 214 A#13 and B#4 = 136.258
ROUND 215 A#14 and B#4 = 156.309
ROUND 216 A#15 and B#4 = 195.722
ROUND 217 A#16 and B#4 = 155.919
ROUND 218 A#17 and B#4 = 95.7441
ROUND 219 A#18 and B#4 = 104.803
ROUND 220 A#19 and B#4 = 130.39
ROUND 221 A#20 and B#4 = 125.829
ROUND 222 A#21 and B#4 = 80.0232
ROUND 223 A#22 and B#4 = 155.281
ROUND 224 A#23 and B#4 = 192.695
ROUND 225 A#24 and B#4 = 337.379
ROUND 226 A#25 and B#4 = 267.835
ROUND 227 A#26 and B#4 = 121.165
ROUND 228 A#27 and B#4 = 173.911
ROUND 229 A#28 and B#4 = 130.265
ROUND 230 A#29 and B#4 = 176.43
ROUND 231 A#30 and B#4 = 121.212
ROUND 232 A#31 and B#4 = 192.728
ROUND 233 A#32 and B#4 = 177.16
ROUND 234 A#33 and B#4 = 124.866
ROUND 235 A#34 and B#4 = 202.603
ROUND 236 A#35 and B#4 = 118.083
ROUND 237 A#36 and B#4 = 117.22
ROUND 238 A#37 and B#4 = 193.399
ROUND 239 A#38 and B#4 = 108.058
ROUND 240 A#39 and B#4 = 131.764
ROUND 241 A#40 and B#4 = -6.62208
ROUND 242 A#41 and B#4 = 124.87
ROUND 243 A#42 and B#4 = 93.3604
ROUND 244 A#43 and B#4 = 155.14
ROUND 245 A#44 and B#4 = 125.616
ROUND 246 A#45 and B#4 = 119.124
ROUND 247 A#46 and B#4 = 125.922
ROUND 248 A#47 and B#4 = 137.036
ROUND 249 A#48 and B#4 = 96.8858
ROUND 250 A#49 and B#4 = 134.318
ROUND 251 A#0 and B#5 = 154.652
ROUND 252 A#1 and B#5 = 98.6569
ROUND 253 A#2 and B#5 = 267.506
ROUND 254 A#3 and B#5 = 38.5051
ROUND 255 A#4 and B#5 = 131.164
ROUND 256 A#5 and B#5 = 137.783
ROUND 257 A#6 and B#5 = 243.588
ROUND 258 A#7 and B#5 = 131.175
ROUND 259 A#8 and B#5 = 249.958
ROUND 260 A#9 and B#5 = 154.457
ROUND 261 A#10 and B#5 = 131.243
ROUND 262 A#11 and B#5 = 133.524
ROUND 263 A#12 and B#5 = 96.8076
ROUND 264 A#13 and B#5 = 90.818
ROUND 265 A#14 and B#5 = 129.844
ROUND 266 A#15 and B#5 = 316.989
ROUND 267 A#16 and B#5 = 138.079
ROUND 268 A#17 and B#5 = 127.343
ROUND 269 A#18 and B#5 = 98.6992
ROUND 270 A#19 and B#5 = 66.7531
ROUND 271 A#20 and B#5 = 135.353
ROUND 272 A#21 and B#5 = 78.2595
ROUND 273 A#22 and B#5 = 129.888
ROUND 274 A#23 and B#5 = 95.5403
ROUND 275 A#24 and B#5 = 239.432
ROUND 276 A#25 and B#5 = 109.448
ROUND 277 A#26 and B#5 = 78.1568
ROUND 278 A#27 and B#5 = 251.97
ROUND 279 A#28 and B#5 = 227.356
ROUND 280 A#29 and B#5 = 84.0833
ROUND 281 A#30 and B#5 = 216.776
ROUND 282 A#31 and B#5 = 95.2418
ROUND 283 A#32 and B#5 = 97.6228
ROUND 284 A#33 and B#5 = 252.109
ROUND 285 A#34 and B#5 = 106.459
ROUND 286 A#35 and B#5 = -9.11702
ROUND 287 A#36 and B#5 = 127.584
ROUND 288 A#37 and B#5 = 93.7647
ROUND 289 A#38 and B#5 = 104.972
ROUND 290 A#39 and B#5 = 106.157
ROUND 291 A#40 and B#5 = 68.9323
ROUND 292 A#41 and B#5 = 106.064
ROUND 293 A#42 and B#5 = 41.4333
ROUND 294 A#43 and B#5 = 133.966
ROUND 295 A#44 and B#5 = 135.594
ROUND 296 A#45 and B#5 = 107.249
ROUND 297 A#46 and B#5 = 134.383
ROUND 298 A#47 and B#5 = 248.219
ROUND 299 A#48 and B#5 = 89.0608
ROUND 300 A#49 and B#5 = 248.569
ROUND 301 A#0 and B#6 = 279.722
ROUND 302 A#1 and B#6 = 151.264
ROUND 303 A#2 and B#6 = 271.56
ROUND 304 A#3 and B#6 = 181.826
ROUND 305 A#4 and B#6 = 211.183
ROUND 306 A#5 and B#6 = 211.688
ROUND 307 A#6 and B#6 = 129.338
ROUND 308 A#7 and B#6 = 204.722
ROUND 309 A#8 and B#6 = 262.702
ROUND 310 A#9 and B#6 = 279.512
ROUND 311 A#10 and B#6 = 198.46
ROUND 312 A#11 and B#6 = 126.075
ROUND 313 A#12 and B#6 = 168.73
ROUND 314 A#13 and B#6 = 287.912
ROUND 315 A#14 and B#6 = 200.914
ROUND 316 A#15 and B#6 = 206.226
ROUND 317 A#16 and B#6 = 224.556
ROUND 318 A#17 and B#6 = 295.407
ROUND 319 A#18 and B#6 = 147.818
ROUND 320 A#19 and B#6 = 167.276
ROUND 321 A#20 and B#6 = 202.772
ROUND 322 A#21 and B#6 = 161.636
ROUND 323 A#22 and B#6 = 207.042
ROUND 324 A#23 and B#6 = 137.45
ROUND 325 A#24 and B#6 = 295.912
ROUND 326 A#25 and B#6 = 133.543
ROUND 327 A#26 and B#6 = 191.597
ROUND 328 A#27 and B#6 = 255.786
ROUND 329 A#28 and B#6 = 157.49
ROUND 330 A#29 and B#6 = 143.205
ROUND 331 A#30 and B#6 = 209.832
ROUND 332 A#31 and B#6 = 137.439
ROUND 333 A#32 and B#6 = 204.285
ROUND 334 A#33 and B#6 = 192.845
ROUND 335 A#34 and B#6 = 180.884
ROUND 336 A#35 and B#6 = 233.584
ROUND 337 A#36 and B#6 = 205.618
ROUND 338 A#37 and B#6 = 137.46
ROUND 339 A#38 and B#6 = 173.486
ROUND 340 A#39 and B#6 = 336.956
ROUND 341 A#40 and B#6 = 164.274
ROUND 342 A#41 and B#6 = 186.909
ROUND 343 A#42 and B#6 = 179.661
ROUND 344 A#43 and B#6 = 213.522
ROUND 345 A#44 and B#6 = 204.357
ROUND 346 A#45 and B#6 = 174.384
ROUND 347 A#46 and B#6 = 210.091
ROUND 348 A#47 and B#6 = 309.273
ROUND 349 A#48 and B#6 = 127.515
ROUND 350 A#49 and B#6 = 301.583
ROUND 351 A#0 and B#7 = 128.664
ROUND 352 A#1 and B#7 = 123.811
ROUND 353 A#2 and B#7 = 261.111
ROUND 354 A#3 and B#7 = 135.898
ROUND 355 A#4 and B#7 = 173.918
ROUND 356 A#5 and B#7 = 148.096
ROUND 357 A#6 and B#7 = 345.236
ROUND 358 A#7 and B#7 = 174.715
ROUND 359 A#8 and B#7 = 357.408
ROUND 360 A#9 and B#7 = 128.684
ROUND 361 A#10 and B#7 = 175.453
ROUND 362 A#11 and B#7 = 127.259
ROUND 363 A#12 and B#7 = 135.618
ROUND 364 A#13 and B#7 = 127.206
ROUND 365 A#14 and B#7 = 259.34
ROUND 366 A#15 and B#7 = 323.091
ROUND 367 A#16 and B#7 = 168.349
ROUND 368 A#17 and B#7 = 250.63
ROUND 369 A#18 and B#7 = 99.3523
ROUND 370 A#19 and B#7 = 131.776
ROUND 371 A#20 and B#7 = 126.213
ROUND 372 A#21 and B#7 = 131.702
ROUND 373 A#22 and B#7 = 259.363
ROUND 374 A#23 and B#7 = 170.732
ROUND 375 A#24 and B#7 = 104.734
ROUND 376 A#25 and B#7 = 339.807
ROUND 377 A#26 and B#7 = 133.745
ROUND 378 A#27 and B#7 = 95.0479
ROUND 379 A#28 and B#7 = 158.73
ROUND 380 A#29 and B#7 = 147.622
ROUND 381 A#30 and B#7 = 120.998
ROUND 382 A#31 and B#7 = 170.614
ROUND 383 A#32 and B#7 = 134.685
ROUND 384 A#33 and B#7 = 130.049
ROUND 385 A#34 and B#7 = 135.041
ROUND 386 A#35 and B#7 = 98.2866
ROUND 387 A#36 and B#7 = 96.6999
ROUND 388 A#37 and B#7 = 33.4337
ROUND 389 A#38 and B#7 = 132.81
ROUND 390 A#39 and B#7 = 141.134
ROUND 391 A#40 and B#7 = 110.058
ROUND 392 A#41 and B#7 = 121.464
ROUND 393 A#42 and B#7 = 136.229
ROUND 394 A#43 and B#7 = 128.592
ROUND 395 A#44 and B#7 = 30.4539
ROUND 396 A#45 and B#7 = 164.27
ROUND 397 A#46 and B#7 = 29.6385
ROUND 398 A#47 and B#7 = 351.645
ROUND 399 A#48 and B#7 = 110.05
ROUND 400 A#49 and B#7 = 142.391
ROUND 401 A#0 and B#8 = 127.921
ROUND 402 A#1 and B#8 = 141.029
ROUND 403 A#2 and B#8 = 129.381
ROUND 404 A#3 and B#8 = 136.251
ROUND 405 A#4 and B#8 = 121.724
ROUND 406 A#5 and B#8 = 133.835
ROUND 407 A#6 and B#8 = 104.313
ROUND 408 A#7 and B#8 = 121.55
ROUND 409 A#8 and B#8 = 130.171
ROUND 410 A#9 and B#8 = 128.162
ROUND 411 A#10 and B#8 = 121.569
ROUND 412 A#11 and B#8 = 131.995
ROUND 413 A#12 and B#8 = 135.971
ROUND 414 A#13 and B#8 = 99.6744
ROUND 415 A#14 and B#8 = 141.028
ROUND 416 A#15 and B#8 = -81.8629
ROUND 417 A#16 and B#8 = 137.629
ROUND 418 A#17 and B#8 = 128.984
ROUND 419 A#18 and B#8 = 135.468
ROUND 420 A#19 and B#8 = 132.396
ROUND 421 A#20 and B#8 = 150.834
ROUND 422 A#21 and B#8 = 72.2987
ROUND 423 A#22 and B#8 = 127.291
ROUND 424 A#23 and B#8 = 132.096
ROUND 425 A#24 and B#8 = 133.559
ROUND 426 A#25 and B#8 = 50.4212
ROUND 427 A#26 and B#8 = 71.0423
ROUND 428 A#27 and B#8 = 135.402
ROUND 429 A#28 and B#8 = 129.735
ROUND 430 A#29 and B#8 = 214.576
ROUND 431 A#30 and B#8 = 107.324
ROUND 432 A#31 and B#8 = 132.148
ROUND 433 A#32 and B#8 = 131.885
ROUND 434 A#33 and B#8 = 160.26
ROUND 435 A#34 and B#8 = 135.242
ROUND 436 A#35 and B#8 = 91.351
ROUND 437 A#36 and B#8 = 123.498
ROUND 438 A#37 and B#8 = 132.068
ROUND 439 A#38 and B#8 = 130.242
ROUND 440 A#39 and B#8 = 131.701
ROUND 441 A#40 and B#8 = 133.227
ROUND 442 A#41 and B#8 = 131.725
ROUND 443 A#42 and B#8 = 136.556
ROUND 444 A#43 and B#8 = 128.696
ROUND 445 A#44 and B#8 = 135.03
ROUND 446 A#45 and B#8 = 128.77
ROUND 447 A#46 and B#8 = 135.798
ROUND 448 A#47 and B#8 = 136.379
ROUND 449 A#48 and B#8 = 130.458
ROUND 450 A#49 and B#8 = 134.041
ROUND 451 A#0 and B#9 = 149.233
ROUND 452 A#1 and B#9 = 139.107
ROUND 453 A#2 and B#9 = 136.892
ROUND 454 A#3 and B#9 = 137.426
ROUND 455 A#4 and B#9 = 125.787
ROUND 456 A#5 and B#9 = 137.487
ROUND 457 A#6 and B#9 = 137.267
ROUND 458 A#7 and B#9 = 125.725
ROUND 459 A#8 and B#9 = 125.707
ROUND 460 A#9 and B#9 = 149.211
ROUND 461 A#10 and B#9 = 127.767
ROUND 462 A#11 and B#9 = 131.232
ROUND 463 A#12 and B#9 = 137.083
ROUND 464 A#13 and B#9 = 114.119
ROUND 465 A#14 and B#9 = 126.067
ROUND 466 A#15 and B#9 = 71.4333
ROUND 467 A#16 and B#9 = 138.181
ROUND 468 A#17 and B#9 = 135.589
ROUND 469 A#18 and B#9 = 138.901
ROUND 470 A#19 and B#9 = 126.305
ROUND 471 A#20 and B#9 = 157.784
ROUND 472 A#21 and B#9 = 129.579
ROUND 473 A#22 and B#9 = 126.058
ROUND 474 A#23 and B#9 = 126.268
ROUND 475 A#24 and B#9 = 130.57
ROUND 476 A#25 and B#9 = 74.3684
ROUND 477 A#26 and B#9 = 124.99
ROUND 478 A#27 and B#9 = 137.495
ROUND 479 A#28 and B#9 = 137.111
ROUND 480 A#29 and B#9 = 215.533
ROUND 481 A#30 and B#9 = 138.095
ROUND 482 A#31 and B#9 = 126.293
ROUND 483 A#32 and B#9 = 136.967
ROUND 484 A#33 and B#9 = 123.115
ROUND 485 A#34 and B#9 = 136.793
ROUND 486 A#35 and B#9 = 92.0097
ROUND 487 A#36 and B#9 = 135.243
ROUND 488 A#37 and B#9 = 126.383
ROUND 489 A#38 and B#9 = 132.816
ROUND 490 A#39 and B#9 = 124.942
ROUND 491 A#40 and B#9 = 132.537
ROUND 492 A#41 and B#9 = 125.021
ROUND 493 A#42 and B#9 = 138.035
ROUND 494 A#43 and B#9 = 144.509
ROUND 495 A#44 and B#9 = 135.898
ROUND 496 A#45 and B#9 = 133.152
ROUND 497 A#46 and B#9 = 135.735
ROUND 498 A#47 and B#9 = 137.529
ROUND 499 A#48 and B#9 = 133.418
ROUND 500 A#49 and B#9 = 135.244
ROUND 501 A#0 and B#10 = 105.131
ROUND 502 A#1 and B#10 = 98.7613
ROUND 503 A#2 and B#10 = 259.357
ROUND 504 A#3 and B#10 = 128.496
ROUND 505 A#4 and B#10 = 262.206
ROUND 506 A#5 and B#10 = 261.279
ROUND 507 A#6 and B#10 = 254.417
ROUND 508 A#7 and B#10 = 262.173
ROUND 509 A#8 and B#10 = 282.711
ROUND 510 A#9 and B#10 = 105.021
ROUND 511 A#10 and B#10 = 262.238
ROUND 512 A#11 and B#10 = 80.6616
ROUND 513 A#12 and B#10 = 109.643
ROUND 514 A#13 and B#10 = 90.5924
ROUND 515 A#14 and B#10 = 261.499
ROUND 516 A#15 and B#10 = 320.629
ROUND 517 A#16 and B#10 = 133.477
ROUND 518 A#17 and B#10 = 100.16
ROUND 519 A#18 and B#10 = 118.763
ROUND 520 A#19 and B#10 = 62.8039
ROUND 521 A#20 and B#10 = 96.9854
ROUND 522 A#21 and B#10 = 80.1152
ROUND 523 A#22 and B#10 = 261.503
ROUND 524 A#23 and B#10 = 89.6839
ROUND 525 A#24 and B#10 = 249.234
ROUND 526 A#25 and B#10 = 108.803
ROUND 527 A#26 and B#10 = 79.2043
ROUND 528 A#27 and B#10 = 265.246
ROUND 529 A#28 and B#10 = 32.4225
ROUND 530 A#29 and B#10 = 79.3341
ROUND 531 A#30 and B#10 = 142.168
ROUND 532 A#31 and B#10 = 89.3765
ROUND 533 A#32 and B#10 = 132.606
ROUND 534 A#33 and B#10 = 265.949
ROUND 535 A#34 and B#10 = 148.054
ROUND 536 A#35 and B#10 = 97.5744
ROUND 537 A#36 and B#10 = 131.832
ROUND 538 A#37 and B#10 = 88.1361
ROUND 539 A#38 and B#10 = 104.306
ROUND 540 A#39 and B#10 = 100.413
ROUND 541 A#40 and B#10 = 68.1211
ROUND 542 A#41 and B#10 = 100.129
ROUND 543 A#42 and B#10 = 126.311
ROUND 544 A#43 and B#10 = 133.127
ROUND 545 A#44 and B#10 = 268.955
ROUND 546 A#45 and B#10 = 100.207
ROUND 547 A#46 and B#10 = 121.31
ROUND 548 A#47 and B#10 = 252.244
ROUND 549 A#48 and B#10 = 87.5189
ROUND 550 A#49 and B#10 = 262.076
ROUND 551 A#0 and B#11 = 284.581
ROUND 552 A#1 and B#11 = 136.517
ROUND 553 A#2 and B#11 = 261.384
ROUND 554 A#3 and B#11 = 137.442
ROUND 555 A#4 and B#11 = 260.552
ROUND 556 A#5 and B#11 = 138.326
ROUND 557 A#6 and B#11 = 345.429
ROUND 558 A#7 and B#11 = 260.504
ROUND 559 A#8 and B#11 = 283.288
ROUND 560 A#9 and B#11 = 284.629
ROUND 561 A#10 and B#11 = 176.822
ROUND 562 A#11 and B#11 = 125.753
ROUND 563 A#12 and B#11 = 148.249
ROUND 564 A#13 and B#11 = 292.592
ROUND 565 A#14 and B#11 = 259.324
ROUND 566 A#15 and B#11 = 322.303
ROUND 567 A#16 and B#11 = 170.321
ROUND 568 A#17 and B#11 = 252.971
ROUND 569 A#18 and B#11 = 93.8527
ROUND 570 A#19 and B#11 = 133.253
ROUND 571 A#20 and B#11 = 126.12
ROUND 572 A#21 and B#11 = 237.958
ROUND 573 A#22 and B#11 = 259.359
ROUND 574 A#23 and B#11 = 28.0069
ROUND 575 A#24 and B#11 = 108.461
ROUND 576 A#25 and B#11 = 340.555
ROUND 577 A#26 and B#11 = 128.036
ROUND 578 A#27 and B#11 = 100.395
ROUND 579 A#28 and B#11 = 298.126
ROUND 580 A#29 and B#11 = 150.214
ROUND 581 A#30 and B#11 = 121.227
ROUND 582 A#31 and B#11 = 27.0288
ROUND 583 A#32 and B#11 = 105.207
ROUND 584 A#33 and B#11 = 129.509
ROUND 585 A#34 and B#11 = 256.518
ROUND 586 A#35 and B#11 = 102.792
ROUND 587 A#36 and B#11 = 98.3758
ROUND 588 A#37 and B#11 = 27.8241
ROUND 589 A#38 and B#11 = 139.289
ROUND 590 A#39 and B#11 = 124.266
ROUND 591 A#40 and B#11 = 99.9822
ROUND 592 A#41 and B#11 = 123.601
ROUND 593 A#42 and B#11 = 137.097
ROUND 594 A#43 and B#11 = 176.958
ROUND 595 A#44 and B#11 = 30.5401
ROUND 596 A#45 and B#11 = 251.187
ROUND 597 A#46 and B#11 = 136.367
ROUND 598 A#47 and B#11 = 88.7844
ROUND 599 A#48 and B#11 = 99.3201
ROUND 600 A#49 and B#11 = 141.698
ROUND 601 A#0 and B#12 = 305.99
ROUND 602 A#1 and B#12 = 89.7364
ROUND 603 A#2 and B#12 = 98.3332
ROUND 604 A#3 and B#12 = 39.7529
ROUND 605 A#4 and B#12 = 5.80268
ROUND 606 A#5 and B#12 = 91.1666
ROUND 607 A#6 and B#12 = 244.154
ROUND 608 A#7 and B#12 = 5.75232
ROUND 609 A#8 and B#12 = 97.2899
ROUND 610 A#9 and B#12 = 305.359
ROUND 611 A#10 and B#12 = 5.7378
ROUND 612 A#11 and B#12 = 127.875
ROUND 613 A#12 and B#12 = 121.356
ROUND 614 A#13 and B#12 = 133.688
ROUND 615 A#14 and B#12 = 130.123
ROUND 616 A#15 and B#12 = 329.04
ROUND 617 A#16 and B#12 = 133.28
ROUND 618 A#17 and B#12 = 8.50124
ROUND 619 A#18 and B#12 = 95.953
ROUND 620 A#19 and B#12 = 47.6538
ROUND 621 A#20 and B#12 = 128.835
ROUND 622 A#21 and B#12 = 99.1761
ROUND 623 A#22 and B#12 = 130.373
ROUND 624 A#23 and B#12 = 98.3217
ROUND 625 A#24 and B#12 = 335.548
ROUND 626 A#25 and B#12 = 338.131
ROUND 627 A#26 and B#12 = 100.864
ROUND 628 A#27 and B#12 = 89.883
ROUND 629 A#28 and B#12 = 106.159
ROUND 630 A#29 and B#12 = 36.1085
ROUND 631 A#30 and B#12 = 125.87
ROUND 632 A#31 and B#12 = 99.9574
ROUND 633 A#32 and B#12 = 139.067
ROUND 634 A#33 and B#12 = 90.0415
ROUND 635 A#34 and B#12 = 132.518
ROUND 636 A#35 and B#12 = 173.981
ROUND 637 A#36 and B#12 = 124.155
ROUND 638 A#37 and B#12 = 40.7317
ROUND 639 A#38 and B#12 = 123.707
ROUND 640 A#39 and B#12 = 59.5551
ROUND 641 A#40 and B#12 = 90.611
ROUND 642 A#41 and B#12 = 55.6357
ROUND 643 A#42 and B#12 = 43.0162
ROUND 644 A#43 and B#12 = 130.951
ROUND 645 A#44 and B#12 = 130.944
ROUND 646 A#45 and B#12 = 108.438
ROUND 647 A#46 and B#12 = 131.781
ROUND 648 A#47 and B#12 = 167.498
ROUND 649 A#48 and B#12 = 89.6366
ROUND 650 A#49 and B#12 = 239.042
ROUND 651 A#0 and B#13 = 122.511
ROUND 652 A#1 and B#13 = 136.728
ROUND 653 A#2 and B#13 = 121.384
ROUND 654 A#3 and B#13 = 139.2
ROUND 655 A#4 and B#13 = 135.532
ROUND 656 A#5 and B#13 = 139.808
ROUND 657 A#6 and B#13 = 131.038
ROUND 658 A#7 and B#13 = 117.51
ROUND 659 A#8 and B#13 = 196.228
ROUND 660 A#9 and B#13 = 122.696
ROUND 661 A#10 and B#13 = 117.345
ROUND 662 A#11 and B#13 = 139.512
ROUND 663 A#12 and B#13 = 139.353
ROUND 664 A#13 and B#13 = 131.813
ROUND 665 A#14 and B#13 = 133.957
ROUND 666 A#15 and B#13 = 93.5555
ROUND 667 A#16 and B#13 = 162.325
ROUND 668 A#17 and B#13 = 130.289
ROUND 669 A#18 and B#13 = 136.905
ROUND 670 A#19 and B#13 = 133.287
ROUND 671 A#20 and B#13 = 85.9168
ROUND 672 A#21 and B#13 = 120.866
ROUND 673 A#22 and B#13 = 134.003
ROUND 674 A#23 and B#13 = 170.702
ROUND 675 A#24 and B#13 = 33.2267
ROUND 676 A#25 and B#13 = 63.7557
ROUND 677 A#26 and B#13 = 120.858
ROUND 678 A#27 and B#13 = 127.764
ROUND 679 A#28 and B#13 = 260.351
ROUND 680 A#29 and B#13 = 125.857
ROUND 681 A#30 and B#13 = 157.425
ROUND 682 A#31 and B#13 = 170.903
ROUND 683 A#32 and B#13 = 119.683
ROUND 684 A#33 and B#13 = 146.282
ROUND 685 A#34 and B#13 = 130.138
ROUND 686 A#35 and B#13 = 144.588
ROUND 687 A#36 and B#13 = 131.35
ROUND 688 A#37 and B#13 = 170.445
ROUND 689 A#38 and B#13 = 133.655
ROUND 690 A#39 and B#13 = 170.885
ROUND 691 A#40 and B#13 = 332.685
ROUND 692 A#41 and B#13 = 171.169
ROUND 693 A#42 and B#13 = 137.942
ROUND 694 A#43 and B#13 = 136.496
ROUND 695 A#44 and B#13 = 104.285
ROUND 696 A#45 and B#13 = 261.734
ROUND 697 A#46 and B#13 = 113.364
ROUND 698 A#47 and B#13 = 131.898
ROUND 699 A#48 and B#13 = 133.615
ROUND 700 A#49 and B#13 = 131.465
ROUND 701 A#0 and B#14 = 100.174
ROUND 702 A#1 and B#14 = 98.6293
ROUND 703 A#2 and B#14 = 261.125
ROUND 704 A#3 and B#14 = 127.879
ROUND 705 A#4 and B#14 = 262.19
ROUND 706 A#5 and B#14 = 261.208
ROUND 707 A#6 and B#14 = 249.833
ROUND 708 A#7 and B#14 = 262.16
ROUND 709 A#8 and B#14 = 259.682
ROUND 710 A#9 and B#14 = 100.037
ROUND 711 A#10 and B#14 = 262.211
ROUND 712 A#11 and B#14 = 75.5351
ROUND 713 A#12 and B#14 = 113.279
ROUND 714 A#13 and B#14 = 80.2401
ROUND 715 A#14 and B#14 = 261.258
ROUND 716 A#15 and B#14 = 321.657
ROUND 717 A#16 and B#14 = 124.5
ROUND 718 A#17 and B#14 = 252.184
ROUND 719 A#18 and B#14 = 100.6
ROUND 720 A#19 and B#14 = 58.9528
ROUND 721 A#20 and B#14 = 272.536
ROUND 722 A#21 and B#14 = 73.6675
ROUND 723 A#22 and B#14 = 261.242
ROUND 724 A#23 and B#14 = 85.8411
ROUND 725 A#24 and B#14 = 120.921
ROUND 726 A#25 and B#14 = 106.196
ROUND 727 A#26 and B#14 = 73.8394
ROUND 728 A#27 and B#14 = 109.084
ROUND 729 A#28 and B#14 = 30.0848
ROUND 730 A#29 and B#14 = 76.1455
ROUND 731 A#30 and B#14 = 138.772
ROUND 732 A#31 and B#14 = 85.4833
ROUND 733 A#32 and B#14 = 97.7157
ROUND 734 A#33 and B#14 = 257.537
ROUND 735 A#34 and B#14 = 108.124
ROUND 736 A#35 and B#14 = 97.7795
ROUND 737 A#36 and B#14 = 127.879
ROUND 738 A#37 and B#14 = 84.6298
ROUND 739 A#38 and B#14 = 112.462
ROUND 740 A#39 and B#14 = 61.4054
ROUND 741 A#40 and B#14 = 65.104
ROUND 742 A#41 and B#14 = 60.2743
ROUND 743 A#42 and B#14 = 21.5829
ROUND 744 A#43 and B#14 = 134.767
ROUND 745 A#44 and B#14 = 322.51
ROUND 746 A#45 and B#14 = 108.203
ROUND 747 A#46 and B#14 = 121.273
ROUND 748 A#47 and B#14 = 107.708
ROUND 749 A#48 and B#14 = 82.4036
ROUND 750 A#49 and B#14 = 114.118
ROUND 751 A#0 and B#15 = 277.522
ROUND 752 A#1 and B#15 = 149.927
ROUND 753 A#2 and B#15 = 269.059
ROUND 754 A#3 and B#15 = 181.579
ROUND 755 A#4 and B#15 = 209.139
ROUND 756 A#5 and B#15 = 210.63
ROUND 757 A#6 and B#15 = 129.446
ROUND 758 A#7 and B#15 = 202.827
ROUND 759 A#8 and B#15 = 260.009
ROUND 760 A#9 and B#15 = 277.248
ROUND 761 A#10 and B#15 = 197.32
ROUND 762 A#11 and B#15 = 126.246
ROUND 763 A#12 and B#15 = 169.179
ROUND 764 A#13 and B#15 = 287.848
ROUND 765 A#14 and B#15 = 199.449
ROUND 766 A#15 and B#15 = 206.553
ROUND 767 A#16 and B#15 = 224.906
ROUND 768 A#17 and B#15 = 294.556
ROUND 769 A#18 and B#15 = 147.858
ROUND 770 A#19 and B#15 = 167.333
ROUND 771 A#20 and B#15 = 204.089
ROUND 772 A#21 and B#15 = 191.184
ROUND 773 A#22 and B#15 = 205.05
ROUND 774 A#23 and B#15 = 137.569
ROUND 775 A#24 and B#15 = 290.262
ROUND 776 A#25 and B#15 = 133.478
ROUND 777 A#26 and B#15 = 191.139
ROUND 778 A#27 and B#15 = 192.332
ROUND 779 A#28 and B#15 = 158.148
ROUND 780 A#29 and B#15 = 141.449
ROUND 781 A#30 and B#15 = 209.047
ROUND 782 A#31 and B#15 = 137.556
ROUND 783 A#32 and B#15 = 204.219
ROUND 784 A#33 and B#15 = 192.031
ROUND 785 A#34 and B#15 = 180.391
ROUND 786 A#35 and B#15 = 233.571
ROUND 787 A#36 and B#15 = 201.682
ROUND 788 A#37 and B#15 = 137.578
ROUND 789 A#38 and B#15 = 173.295
ROUND 790 A#39 and B#15 = 337.662
ROUND 791 A#40 and B#15 = 163.171
ROUND 792 A#41 and B#15 = 187.96
ROUND 793 A#42 and B#15 = 179.438
ROUND 794 A#43 and B#15 = 212.831
ROUND 795 A#44 and B#15 = 137.915
ROUND 796 A#45 and B#15 = 333.774
ROUND 797 A#46 and B#15 = 210.61
ROUND 798 A#47 and B#15 = 164.501
ROUND 799 A#48 and B#15 = 127.698
ROUND 800 A#49 and B#15 = 169.432
ROUND 801 A#0 and B#16 = 327.604
ROUND 802 A#1 and B#16 = -26.1745
ROUND 803 A#2 and B#16 = 97.0691
ROUND 804 A#3 and B#16 = 110.188
ROUND 805 A#4 and B#16 = 128.294
ROUND 806 A#5 and B#16 = 130.778
ROUND 807 A#6 and B#16 = 333.048
ROUND 808 A#7 and B#16 = 128.267
ROUND 809 A#8 and B#16 = 321.523
ROUND 810 A#9 and B#16 = 327.093
ROUND 811 A#10 and B#16 = 128.321
ROUND 812 A#11 and B#16 = 94.3993
ROUND 813 A#12 and B#16 = 115.638
ROUND 814 A#13 and B#16 = 133.926
ROUND 815 A#14 and B#16 = 101.457
ROUND 816 A#15 and B#16 = 199.446
ROUND 817 A#16 and B#16 = 208.092
ROUND 818 A#17 and B#16 = 134.572
ROUND 819 A#18 and B#16 = 80.2488
ROUND 820 A#19 and B#16 = 170.203
ROUND 821 A#20 and B#16 = 126.644
ROUND 822 A#21 and B#16 = 95.1161
ROUND 823 A#22 and B#16 = 257.185
ROUND 824 A#23 and B#16 = 159.049
ROUND 825 A#24 and B#16 = 327.597
ROUND 826 A#25 and B#16 = 263.276
ROUND 827 A#26 and B#16 = 90.2516
ROUND 828 A#27 and B#16 = 324.214
ROUND 829 A#28 and B#16 = 339.363
ROUND 830 A#29 and B#16 = 338.712
ROUND 831 A#30 and B#16 = 123.389
ROUND 832 A#31 and B#16 = 159.02
ROUND 833 A#32 and B#16 = 132.678
ROUND 834 A#33 and B#16 = 116.287
ROUND 835 A#34 and B#16 = 135.299
ROUND 836 A#35 and B#16 = 117.261
ROUND 837 A#36 and B#16 = 134.04
ROUND 838 A#37 and B#16 = 197.446
ROUND 839 A#38 and B#16 = 112.687
ROUND 840 A#39 and B#16 = 337.972
ROUND 841 A#40 and B#16 = 11.773
ROUND 842 A#41 and B#16 = 337.837
ROUND 843 A#42 and B#16 = 111.923
ROUND 844 A#43 and B#16 = 135.991
ROUND 845 A#44 and B#16 = 126.601
ROUND 846 A#45 and B#16 = 174.902
ROUND 847 A#46 and B#16 = 126.176
ROUND 848 A#47 and B#16 = 330.914
ROUND 849 A#48 and B#16 = 95.803
ROUND 850 A#49 and B#16 = 324.525
ROUND 851 A#0 and B#17 = 130.249
ROUND 852 A#1 and B#17 = 89.9852
ROUND 853 A#2 and B#17 = 98.4165
ROUND 854 A#3 and B#17 = 149.747
ROUND 855 A#4 and B#17 = 138.493
ROUND 856 A#5 and B#17 = 136.234
ROUND 857 A#6 and B#17 = 244.441
ROUND 858 A#7 and B#17 = 131.878
ROUND 859 A#8 and B#17 = 98.7513
ROUND 860 A#9 and B#17 = 130.379
ROUND 861 A#10 and B#17 = 127.704
ROUND 862 A#11 and B#17 = 126.398
ROUND 863 A#12 and B#17 = 126.064
ROUND 864 A#13 and B#17 = 126.789
ROUND 865 A#14 and B#17 = 129.292
ROUND 866 A#15 and B#17 = 121.205
ROUND 867 A#16 and B#17 = 132.373
ROUND 868 A#17 and B#17 = 340.157
ROUND 869 A#18 and B#17 = 97.8479
ROUND 870 A#19 and B#17 = 105.5
ROUND 871 A#20 and B#17 = 132.314
ROUND 872 A#21 and B#17 = 100.36
ROUND 873 A#22 and B#17 = 129.343
ROUND 874 A#23 and B#17 = 100.765
ROUND 875 A#24 and B#17 = 238.045
ROUND 876 A#25 and B#17 = 317.535
ROUND 877 A#26 and B#17 = 101.84
ROUND 878 A#27 and B#17 = 91.0296
ROUND 879 A#28 and B#17 = 104.978
ROUND 880 A#29 and B#17 = 37.8654
ROUND 881 A#30 and B#17 = 131.897
ROUND 882 A#31 and B#17 = 102.505
ROUND 883 A#32 and B#17 = 98.3803
ROUND 884 A#33 and B#17 = 241.62
ROUND 885 A#34 and B#17 = 243.759
ROUND 886 A#35 and B#17 = 150.896
ROUND 887 A#36 and B#17 = 127.32
ROUND 888 A#37 and B#17 = 97.747
ROUND 889 A#38 and B#17 = 129.149
ROUND 890 A#39 and B#17 = 271.993
ROUND 891 A#40 and B#17 = 48.8773
ROUND 892 A#41 and B#17 = 302.965
ROUND 893 A#42 and B#17 = 148.874
ROUND 894 A#43 and B#17 = 134.858
ROUND 895 A#44 and B#17 = 136.041
ROUND 896 A#45 and B#17 = 336.734
ROUND 897 A#46 and B#17 = 134.922
ROUND 898 A#47 and B#17 = 168.994
ROUND 899 A#48 and B#17 = 133.593
ROUND 900 A#49 and B#17 = 241.275
ROUND 901 A#0 and B#18 = 128.775
ROUND 902 A#1 and B#18 = 136.694
ROUND 903 A#2 and B#18 = 131.05
ROUND 904 A#3 and B#18 = 173.123
ROUND 905 A#4 and B#18 = 131.066
ROUND 906 A#5 and B#18 = 130.986
ROUND 907 A#6 and B#18 = 105.225
ROUND 908 A#7 and B#18 = 131.074
ROUND 909 A#8 and B#18 = 111.317
ROUND 910 A#9 and B#18 = 128.821
ROUND 911 A#10 and B#18 = 131.103
ROUND 912 A#11 and B#18 = 120.707
ROUND 913 A#12 and B#18 = 83.9722
ROUND 914 A#13 and B#18 = 71.505
ROUND 915 A#14 and B#18 = 133.371
ROUND 916 A#15 and B#18 = 116.409
ROUND 917 A#16 and B#18 = 132.339
ROUND 918 A#17 and B#18 = 129.409
ROUND 919 A#18 and B#18 = 244.894
ROUND 920 A#19 and B#18 = 73.8416
ROUND 921 A#20 and B#18 = 146.042
ROUND 922 A#21 and B#18 = 123.105
ROUND 923 A#22 and B#18 = 133.382
ROUND 924 A#23 and B#18 = 126.831
ROUND 925 A#24 and B#18 = 105.907
ROUND 926 A#25 and B#18 = 207.668
ROUND 927 A#26 and B#18 = 121.845
ROUND 928 A#27 and B#18 = 106.844
ROUND 929 A#28 and B#18 = 129.43
ROUND 930 A#29 and B#18 = 167.859
ROUND 931 A#30 and B#18 = 131.897
ROUND 932 A#31 and B#18 = 307.23
ROUND 933 A#32 and B#18 = 131.712
ROUND 934 A#33 and B#18 = 124.478
ROUND 935 A#34 and B#18 = 188.757
ROUND 936 A#35 and B#18 = 88.8028
ROUND 937 A#36 and B#18 = 132.135
ROUND 938 A#37 and B#18 = 126.851
ROUND 939 A#38 and B#18 = 98.1423
ROUND 940 A#39 and B#18 = 72.8674
ROUND 941 A#40 and B#18 = 133.389
ROUND 942 A#41 and B#18 = 75.4737
ROUND 943 A#42 and B#18 = 172.565
ROUND 944 A#43 and B#18 = 133.392
ROUND 945 A#44 and B#18 = 135.351
ROUND 946 A#45 and B#18 = 129.333
ROUND 947 A#46 and B#18 = 134.318
ROUND 948 A#47 and B#18 = 103.565
ROUND 949 A#48 and B#18 = 140.771
ROUND 950 A#49 and B#18 = 106.253
ROUND 951 A#0 and B#19 = 164.745
ROUND 952 A#1 and B#19 = 112.035
ROUND 953 A#2 and B#19 = 291.538
ROUND 954 A#3 and B#19 = 187.509
ROUND 955 A#4 and B#19 = 298.45
ROUND 956 A#5 and B#19 = 294.536
ROUND 957 A#6 and B#19 = 134.886
ROUND 958 A#7 and B#19 = 298.271
ROUND 959 A#8 and B#19 = 131.434
ROUND 960 A#9 and B#19 = 165.353
ROUND 961 A#10 and B#19 = 298.504
ROUND 962 A#11 and B#19 = 200.194
ROUND 963 A#12 and B#19 = 300.874
ROUND 964 A#13 and B#19 = 184.401
ROUND 965 A#14 and B#19 = 158.028
ROUND 966 A#15 and B#19 = 165.821
ROUND 967 A#16 and B#19 = 325.129
ROUND 968 A#17 and B#19 = 252.095
ROUND 969 A#18 and B#19 = 169.576
ROUND 970 A#19 and B#19 = 160.431
ROUND 971 A#20 and B#19 = 160.39
ROUND 972 A#21 and B#19 = 130.93
ROUND 973 A#22 and B#19 = 297.296
ROUND 974 A#23 and B#19 = 153.046
ROUND 975 A#24 and B#19 = 154.817
ROUND 976 A#25 and B#19 = 125.585
ROUND 977 A#26 and B#19 = 101.963
ROUND 978 A#27 and B#19 = 131.059
ROUND 979 A#28 and B#19 = 208.696
ROUND 980 A#29 and B#19 = 136.854
ROUND 981 A#30 and B#19 = 168.899
ROUND 982 A#31 and B#19 = 152.47
ROUND 983 A#32 and B#19 = 294.898
ROUND 984 A#33 and B#19 = 156.778
ROUND 985 A#34 and B#19 = 303.906
ROUND 986 A#35 and B#19 = 157.851
ROUND 987 A#36 and B#19 = 152.2
ROUND 988 A#37 and B#19 = 151.632
ROUND 989 A#38 and B#19 = 131.437
ROUND 990 A#39 and B#19 = 116.89
ROUND 991 A#40 and B#19 = 200.194
ROUND 992 A#41 and B#19 = 168.392
ROUND 993 A#42 and B#19 = 188.783
ROUND 994 A#43 and B#19 = 133.788
ROUND 995 A#44 and B#19 = 163.125
ROUND 996 A#45 and B#19 = 171.412
ROUND 997 A#46 and B#19 = 173.464
ROUND 998 A#47 and B#19 = 133.827
ROUND 999 A#48 and B#19 = 201.36
ROUND 1000 A#49 and B#19 = 128.686
ROUND 1001 A#0 and B#20 = 112.714
ROUND 1002 A#1 and B#20 = 98.7119
ROUND 1003 A#2 and B#20 = 259.099
ROUND 1004 A#3 and B#20 = 125.923
ROUND 1005 A#4 and B#20 = 262.179
ROUND 1006 A#5 and B#20 = 261.248
ROUND 1007 A#6 and B#20 = 259.25
ROUND 1008 A#7 and B#20 = 262.165
ROUND 1009 A#8 and B#20 = 112.738
ROUND 1010 A#9 and B#20 = 112.736
ROUND 1011 A#10 and B#20 = 262.252
ROUND 1012 A#11 and B#20 = 80.6848
ROUND 1013 A#12 and B#20 = 116.165
ROUND 1014 A#13 and B#20 = 88.2186
ROUND 1015 A#14 and B#20 = 261.51
ROUND 1016 A#15 and B#20 = 320.784
ROUND 1017 A#16 and B#20 = 133.435
ROUND 1018 A#17 and B#20 = 102.35
ROUND 1019 A#18 and B#20 = 117.754
ROUND 1020 A#19 and B#20 = 60.9759
ROUND 1021 A#20 and B#20 = 99.157
ROUND 1022 A#21 and B#20 = 79.6506
ROUND 1023 A#22 and B#20 = 261.436
ROUND 1024 A#23 and B#20 = 87.382
ROUND 1025 A#24 and B#20 = 241.588
ROUND 1026 A#25 and B#20 = 107.83
ROUND 1027 A#26 and B#20 = 78.6707
ROUND 1028 A#27 and B#20 = 261.433
ROUND 1029 A#28 and B#20 = 257.69
ROUND 1030 A#29 and B#20 = 77.3588
ROUND 1031 A#30 and B#20 = 137.042
ROUND 1032 A#31 and B#20 = 87.0333
ROUND 1033 A#32 and B#20 = 131.008
ROUND 1034 A#33 and B#20 = 261.909
ROUND 1035 A#34 and B#20 = 145.535
ROUND 1036 A#35 and B#20 = 82.4104
ROUND 1037 A#36 and B#20 = 131.823
ROUND 1038 A#37 and B#20 = 85.8493
ROUND 1039 A#38 and B#20 = 103.572
ROUND 1040 A#39 and B#20 = 102.031
ROUND 1041 A#40 and B#20 = 67.21
ROUND 1042 A#41 and B#20 = 102.101
ROUND 1043 A#42 and B#20 = 129.717
ROUND 1044 A#43 and B#20 = 135.92
ROUND 1045 A#44 and B#20 = 319.298
ROUND 1046 A#45 and B#20 = 216.262
ROUND 1047 A#46 and B#20 = 120.167
ROUND 1048 A#47 and B#20 = 254.472
ROUND 1049 A#48 and B#20 = 86.0149
ROUND 1050 A#49 and B#20 = 253.343
ROUND 1051 A#0 and B#21 = 277.056
ROUND 1052 A#1 and B#21 = 135.687
ROUND 1053 A#2 and B#21 = 122.495
ROUND 1054 A#3 and B#21 = 138.534
ROUND 1055 A#4 and B#21 = 131.857
ROUND 1056 A#5 and B#21 = 122.129
ROUND 1057 A#6 and B#21 = 132.218
ROUND 1058 A#7 and B#21 = 122.314
ROUND 1059 A#8 and B#21 = 131.184
ROUND 1060 A#9 and B#21 = 276.755
ROUND 1061 A#10 and B#21 = 122.359
ROUND 1062 A#11 and B#21 = 132.524
ROUND 1063 A#12 and B#21 = 137.239
ROUND 1064 A#13 and B#21 = 107.673
ROUND 1065 A#14 and B#21 = 131.189
ROUND 1066 A#15 and B#21 = 327.637
ROUND 1067 A#16 and B#21 = 327.568
ROUND 1068 A#17 and B#21 = 122.85
ROUND 1069 A#18 and B#21 = 133.119
ROUND 1070 A#19 and B#21 = 136.952
ROUND 1071 A#20 and B#21 = 125.579
ROUND 1072 A#21 and B#21 = 133.011
ROUND 1073 A#22 and B#21 = 131.189
ROUND 1074 A#23 and B#21 = 158.528
ROUND 1075 A#24 and B#21 = 353.597
ROUND 1076 A#25 and B#21 = 244.07
ROUND 1077 A#26 and B#21 = 132.607
ROUND 1078 A#27 and B#21 = 135.857
ROUND 1079 A#28 and B#21 = 135.626
ROUND 1080 A#29 and B#21 = 166.634
ROUND 1081 A#30 and B#21 = 121.989
ROUND 1082 A#31 and B#21 = 129.869
ROUND 1083 A#32 and B#21 = 132.713
ROUND 1084 A#33 and B#21 = 340.27
ROUND 1085 A#34 and B#21 = 131.938
ROUND 1086 A#35 and B#21 = 240.892
ROUND 1087 A#36 and B#21 = 130.125
ROUND 1088 A#37 and B#21 = 158.962
ROUND 1089 A#38 and B#21 = 132.856
ROUND 1090 A#39 and B#21 = 163.551
ROUND 1091 A#40 and B#21 = 130.889
ROUND 1092 A#41 and B#21 = 167.256
ROUND 1093 A#42 and B#21 = 137.352
ROUND 1094 A#43 and B#21 = 82.2333
ROUND 1095 A#44 and B#21 = 320.271
ROUND 1096 A#45 and B#21 = 131.113
ROUND 1097 A#46 and B#21 = 105.285
ROUND 1098 A#47 and B#21 = 112.005
ROUND 1099 A#48 and B#21 = 133.334
ROUND 1100 A#49 and B#21 = 113.224
ROUND 1101 A#0 and B#22 = 127.679
ROUND 1102 A#1 and B#22 = -48.4361
ROUND 1103 A#2 and B#22 = 95.4418
ROUND 1104 A#3 and B#22 = 76.2819
ROUND 1105 A#4 and B#22 = 179.893
ROUND 1106 A#5 and B#22 = 154.821
ROUND 1107 A#6 and B#22 = 337.721
ROUND 1108 A#7 and B#22 = 180.807
ROUND 1109 A#8 and B#22 = 342.702
ROUND 1110 A#9 and B#22 = 127.714
ROUND 1111 A#10 and B#22 = 181.531
ROUND 1112 A#11 and B#22 = 135.598
ROUND 1113 A#12 and B#22 = 89.7021
ROUND 1114 A#13 and B#22 = 129.486
ROUND 1115 A#14 and B#22 = 148.106
ROUND 1116 A#15 and B#22 = 195.873
ROUND 1117 A#16 and B#22 = 169.979
ROUND 1118 A#17 and B#22 = 174.484
ROUND 1119 A#18 and B#22 = 33.7367
ROUND 1120 A#19 and B#22 = 129.596
ROUND 1121 A#20 and B#22 = 125.462
ROUND 1122 A#21 and B#22 = 138.97
ROUND 1123 A#22 and B#22 = 147.104
ROUND 1124 A#23 and B#22 = 112.09
ROUND 1125 A#24 and B#22 = 362.335
ROUND 1126 A#25 and B#22 = 341.448
ROUND 1127 A#26 and B#22 = 135.547
ROUND 1128 A#27 and B#22 = 354.34
ROUND 1129 A#28 and B#22 = 130.306
ROUND 1130 A#29 and B#22 = 171.789
ROUND 1131 A#30 and B#22 = 121.238
ROUND 1132 A#31 and B#22 = 122.817
ROUND 1133 A#32 and B#22 = 135.52
ROUND 1134 A#33 and B#22 = 131.896
ROUND 1135 A#34 and B#22 = 135.665
ROUND 1136 A#35 and B#22 = 132.939
ROUND 1137 A#36 and B#22 = 137.451
ROUND 1138 A#37 and B#22 = 112.044
ROUND 1139 A#38 and B#22 = 136.135
ROUND 1140 A#39 and B#22 = 125.572
ROUND 1141 A#40 and B#22 = 209.549
ROUND 1142 A#41 and B#22 = 121.725
ROUND 1143 A#42 and B#22 = 81.7063
ROUND 1144 A#43 and B#22 = 172.668
ROUND 1145 A#44 and B#22 = 125.546
ROUND 1146 A#45 and B#22 = 115.092
ROUND 1147 A#46 and B#22 = 125.813
ROUND 1148 A#47 and B#22 = 362.541
ROUND 1149 A#48 and B#22 = 136.053
ROUND 1150 A#49 and B#22 = 359.947
ROUND 1151 A#0 and B#23 = 349.855
ROUND 1152 A#1 and B#23 = 138.633
ROUND 1153 A#2 and B#23 = 338.452
ROUND 1154 A#3 and B#23 = 174.687
ROUND 1155 A#4 and B#23 = 175.269
ROUND 1156 A#5 and B#23 = 205.42
ROUND 1157 A#6 and B#23 = 79.5741
ROUND 1158 A#7 and B#23 = 175.174
ROUND 1159 A#8 and B#23 = 212.157
ROUND 1160 A#9 and B#23 = 349.639
ROUND 1161 A#10 and B#23 = 174.674
ROUND 1162 A#11 and B#23 = 189.134
ROUND 1163 A#12 and B#23 = 239.834
ROUND 1164 A#13 and B#23 = 34.0076
ROUND 1165 A#14 and B#23 = 259.697
ROUND 1166 A#15 and B#23 = 125.654
ROUND 1167 A#16 and B#23 = 150.938
ROUND 1168 A#17 and B#23 = 28.2021
ROUND 1169 A#18 and B#23 = 185.486
ROUND 1170 A#19 and B#23 = 127.963
ROUND 1171 A#20 and B#23 = 126.249
ROUND 1172 A#21 and B#23 = 282.644
ROUND 1173 A#22 and B#23 = 259.767
ROUND 1174 A#23 and B#23 = 33.4583
ROUND 1175 A#24 and B#23 = 140.014
ROUND 1176 A#25 and B#23 = 329.91
ROUND 1177 A#26 and B#23 = 283.052
ROUND 1178 A#27 and B#23 = 169.68
ROUND 1179 A#28 and B#23 = 33.5586
ROUND 1180 A#29 and B#23 = 165.873
ROUND 1181 A#30 and B#23 = 121.101
ROUND 1182 A#31 and B#23 = 32.7829
ROUND 1183 A#32 and B#23 = 282.314
ROUND 1184 A#33 and B#23 = 132.603
ROUND 1185 A#34 and B#23 = 346.605
ROUND 1186 A#35 and B#23 = 98.2326
ROUND 1187 A#36 and B#23 = 96.5983
ROUND 1188 A#37 and B#23 = 339.853
ROUND 1189 A#38 and B#23 = 33.4624
ROUND 1190 A#39 and B#23 = 126.798
ROUND 1191 A#40 and B#23 = 175.009
ROUND 1192 A#41 and B#23 = 120.843
ROUND 1193 A#42 and B#23 = 175.129
ROUND 1194 A#43 and B#23 = 156.714
ROUND 1195 A#44 and B#23 = 125.728
ROUND 1196 A#45 and B#23 = 115.589
ROUND 1197 A#46 and B#23 = 126.297
ROUND 1198 A#47 and B#23 = 150.776
ROUND 1199 A#48 and B#23 = 109.344
ROUND 1200 A#49 and B#23 = 154.389
ROUND 1201 A#0 and B#24 = 284.499
ROUND 1202 A#1 and B#24 = 134.896
ROUND 1203 A#2 and B#24 = 261.238
ROUND 1204 A#3 and B#24 = 138.449
ROUND 1205 A#4 and B#24 = 174.103
ROUND 1206 A#5 and B#24 = 165.747
ROUND 1207 A#6 and B#24 = 345.859
ROUND 1208 A#7 and B#24 = 174.997
ROUND 1209 A#8 and B#24 = 357.972
ROUND 1210 A#9 and B#24 = 284.27
ROUND 1211 A#10 and B#24 = 175.788
ROUND 1212 A#11 and B#24 = 133.193
ROUND 1213 A#12 and B#24 = 144.742
ROUND 1214 A#13 and B#24 = 292.159
ROUND 1215 A#14 and B#24 = 259.247
ROUND 1216 A#15 and B#24 = 322.429
ROUND 1217 A#16 and B#24 = 173.522
ROUND 1218 A#17 and B#24 = 252.028
ROUND 1219 A#18 and B#24 = 93.5272
ROUND 1220 A#19 and B#24 = 136.72
ROUND 1221 A#20 and B#24 = 125.845
ROUND 1222 A#21 and B#24 = 133.734
ROUND 1223 A#22 and B#24 = 259.264
ROUND 1224 A#23 and B#24 = 24.88
ROUND 1225 A#24 and B#24 = 103.843
ROUND 1226 A#25 and B#24 = 340.735
ROUND 1227 A#26 and B#24 = 133.126
ROUND 1228 A#27 and B#24 = 98.2242
ROUND 1229 A#28 and B#24 = 298.05
ROUND 1230 A#29 and B#24 = 153.585
ROUND 1231 A#30 and B#24 = 121.283
ROUND 1232 A#31 and B#24 = 25.2456
ROUND 1233 A#32 and B#24 = 125.089
ROUND 1234 A#33 and B#24 = 129.559
ROUND 1235 A#34 and B#24 = 134.321
ROUND 1236 A#35 and B#24 = 101.459
ROUND 1237 A#36 and B#24 = 98.2449
ROUND 1238 A#37 and B#24 = 24.7763
ROUND 1239 A#38 and B#24 = 133.442
ROUND 1240 A#39 and B#24 = 173.253
ROUND 1241 A#40 and B#24 = 99.4437
ROUND 1242 A#41 and B#24 = 126.848
ROUND 1243 A#42 and B#24 = 132.042
ROUND 1244 A#43 and B#24 = 176.326
ROUND 1245 A#44 and B#24 = 87.4199
ROUND 1246 A#45 and B#24 = 166.552
ROUND 1247 A#46 and B#24 = 126.169
ROUND 1248 A#47 and B#24 = 352.851
ROUND 1249 A#48 and B#24 = 99.7374
ROUND 1250 A#49 and B#24 = 95.2968
ROUND 1251 A#0 and B#25 = 284.178
ROUND 1252 A#1 and B#25 = 134.937
ROUND 1253 A#2 and B#25 = 261.746
ROUND 1254 A#3 and B#25 = 132.262
ROUND 1255 A#4 and B#25 = 174.49
ROUND 1256 A#5 and B#25 = 165.657
ROUND 1257 A#6 and B#25 = 345.967
ROUND 1258 A#7 and B#25 = 175.285
ROUND 1259 A#8 and B#25 = 358.095
ROUND 1260 A#9 and B#25 = 284.472
ROUND 1261 A#10 and B#25 = 176.051
ROUND 1262 A#11 and B#25 = 133.202
ROUND 1263 A#12 and B#25 = 145.038
ROUND 1264 A#13 and B#25 = 292.287
ROUND 1265 A#14 and B#25 = 259.268
ROUND 1266 A#15 and B#25 = 322.336
ROUND 1267 A#16 and B#25 = 173.379
ROUND 1268 A#17 and B#25 = 251.683
ROUND 1269 A#18 and B#25 = 93.5178
ROUND 1270 A#19 and B#25 = 136.275
ROUND 1271 A#20 and B#25 = 125.855
ROUND 1272 A#21 and B#25 = 133.735
ROUND 1273 A#22 and B#25 = 259.278
ROUND 1274 A#23 and B#25 = 24.8651
ROUND 1275 A#24 and B#25 = 117.597
ROUND 1276 A#25 and B#25 = 340.824
ROUND 1277 A#26 and B#25 = 133.124
ROUND 1278 A#27 and B#25 = 98.4809
ROUND 1279 A#28 and B#25 = 298.056
ROUND 1280 A#29 and B#25 = 153.11
ROUND 1281 A#30 and B#25 = 121.207
ROUND 1282 A#31 and B#25 = 25.2241
ROUND 1283 A#32 and B#25 = 125.069
ROUND 1284 A#33 and B#25 = 129.363
ROUND 1285 A#34 and B#25 = 134.392
ROUND 1286 A#35 and B#25 = 102.642
ROUND 1287 A#36 and B#25 = 98.3354
ROUND 1288 A#37 and B#25 = 24.7576
ROUND 1289 A#38 and B#25 = 133.439
ROUND 1290 A#39 and B#25 = 173.516
ROUND 1291 A#40 and B#25 = 99.0359
ROUND 1292 A#41 and B#25 = 126.653
ROUND 1293 A#42 and B#25 = 132.342
ROUND 1294 A#43 and B#25 = 176.219
ROUND 1295 A#44 and B#25 = 86.6112
ROUND 1296 A#45 and B#25 = 166.793
ROUND 1297 A#46 and B#25 = 126.247
ROUND 1298 A#47 and B#25 = 352.904
ROUND 1299 A#48 and B#25 = 99.1998
ROUND 1300 A#49 and B#25 = 95.5936
ROUND 1301 A#0 and B#26 = 97.5152
ROUND 1302 A#1 and B#26 = 99.1715
ROUND 1303 A#2 and B#26 = 256.574
ROUND 1304 A#3 and B#26 = 37.9681
ROUND 1305 A#4 and B#26 = 211.961
ROUND 1306 A#5 and B#26 = 100.819
ROUND 1307 A#6 and B#26 = 247.104
ROUND 1308 A#7 and B#26 = 211.71
ROUND 1309 A#8 and B#26 = 245.441
ROUND 1310 A#9 and B#26 = 97.6471
ROUND 1311 A#10 and B#26 = 211.386
ROUND 1312 A#11 and B#26 = 133.266
ROUND 1313 A#12 and B#26 = 106.674
ROUND 1314 A#13 and B#26 = 91.6355
ROUND 1315 A#14 and B#26 = 210.316
ROUND 1316 A#15 and B#26 = 319.663
ROUND 1317 A#16 and B#26 = 353.593
ROUND 1318 A#17 and B#26 = 271.466
ROUND 1319 A#18 and B#26 = 96.5555
ROUND 1320 A#19 and B#26 = 58.7108
ROUND 1321 A#20 and B#26 = 96.3218
ROUND 1322 A#21 and B#26 = 133.267
ROUND 1323 A#22 and B#26 = 210.733
ROUND 1324 A#23 and B#26 = 75.1359
ROUND 1325 A#24 and B#26 = 328.199
ROUND 1326 A#25 and B#26 = 82.3091
ROUND 1327 A#26 and B#26 = 71.4101
ROUND 1328 A#27 and B#26 = 108.695
ROUND 1329 A#28 and B#26 = 127.882
ROUND 1330 A#29 and B#26 = 84.8532
ROUND 1331 A#30 and B#26 = 120.366
ROUND 1332 A#31 and B#26 = 76.6967
ROUND 1333 A#32 and B#26 = 126.897
ROUND 1334 A#33 and B#26 = 249.211
ROUND 1335 A#34 and B#26 = 108.067
ROUND 1336 A#35 and B#26 = 76.7864
ROUND 1337 A#36 and B#26 = 107.384
ROUND 1338 A#37 and B#26 = 73.7966
ROUND 1339 A#38 and B#26 = 84.5668
ROUND 1340 A#39 and B#26 = 64.4729
ROUND 1341 A#40 and B#26 = 133.09
ROUND 1342 A#41 and B#26 = 62.2899
ROUND 1343 A#42 and B#26 = 41.2509
ROUND 1344 A#43 and B#26 = 93.6873
ROUND 1345 A#44 and B#26 = 334.818
ROUND 1346 A#45 and B#26 = 108.328
ROUND 1347 A#46 and B#26 = 137.375
ROUND 1348 A#47 and B#26 = 76.6224
ROUND 1349 A#48 and B#26 = 74.0957
ROUND 1350 A#49 and B#26 = 244.111
ROUND 1351 A#0 and B#27 = 182.652
ROUND 1352 A#1 and B#27 = 138.766
ROUND 1353 A#2 and B#27 = 282.606
ROUND 1354 A#3 and B#27 = 216.826
ROUND 1355 A#4 and B#27 = 294.607
ROUND 1356 A#5 and B#27 = 298.219
ROUND 1357 A#6 and B#27 = 128.529
ROUND 1358 A#7 and B#27 = 294.367
ROUND 1359 A#8 and B#27 = 137.49
ROUND 1360 A#9 and B#27 = 183.118
ROUND 1361 A#10 and B#27 = 294.465
ROUND 1362 A#11 and B#27 = 134.94
ROUND 1363 A#12 and B#27 = 187.559
ROUND 1364 A#13 and B#27 = 206.248
ROUND 1365 A#14 and B#27 = 292.928
ROUND 1366 A#15 and B#27 = 192.688
ROUND 1367 A#16 and B#27 = 329.797
ROUND 1368 A#17 and B#27 = 259.193
ROUND 1369 A#18 and B#27 = 292.964
ROUND 1370 A#19 and B#27 = 161.418
ROUND 1371 A#20 and B#27 = 221.287
ROUND 1372 A#21 and B#27 = 161.739
ROUND 1373 A#22 and B#27 = 292.96
ROUND 1374 A#23 and B#27 = 160.028
ROUND 1375 A#24 and B#27 = 143.411
ROUND 1376 A#25 and B#27 = 124.859
ROUND 1377 A#26 and B#27 = 155.308
ROUND 1378 A#27 and B#27 = 129.327
ROUND 1379 A#28 and B#27 = 178.054
ROUND 1380 A#29 and B#27 = 233.54
ROUND 1381 A#30 and B#27 = 178.072
ROUND 1382 A#31 and B#27 = 163.721
ROUND 1383 A#32 and B#27 = 320.647
ROUND 1384 A#33 and B#27 = 129.223
ROUND 1385 A#34 and B#27 = 337.788
ROUND 1386 A#35 and B#27 = 173.81
ROUND 1387 A#36 and B#27 = 288.71
ROUND 1388 A#37 and B#27 = 159.055
ROUND 1389 A#38 and B#27 = 238.705
ROUND 1390 A#39 and B#27 = 170.319
ROUND 1391 A#40 and B#27 = 175.626
ROUND 1392 A#41 and B#27 = 168.619
ROUND 1393 A#42 and B#27 = 217.042
ROUND 1394 A#43 and B#27 = 336.33
ROUND 1395 A#44 and B#27 = 136.161
ROUND 1396 A#45 and B#27 = 182.179
ROUND 1397 A#46 and B#27 = 135.013
ROUND 1398 A#47 and B#27 = 131.413
ROUND 1399 A#48 and B#27 = 165.103
ROUND 1400 A#49 and B#27 = 125.759
ROUND 1401 A#0 and B#28 = 133.47
ROUND 1402 A#1 and B#28 = 135.325
ROUND 1403 A#2 and B#28 = 128.79
ROUND 1404 A#3 and B#28 = 136.728
ROUND 1405 A#4 and B#28 = 122.325
ROUND 1406 A#5 and B#28 = 131.058
ROUND 1407 A#6 and B#28 = 136.955
ROUND 1408 A#7 and B#28 = 124.389
ROUND 1409 A#8 and B#28 = 129.921
ROUND 1410 A#9 and B#28 = 133.516
ROUND 1411 A#10 and B#28 = 129.524
ROUND 1412 A#11 and B#28 = 50.4076
ROUND 1413 A#12 and B#28 = 136.438
ROUND 1414 A#13 and B#28 = 119.487
ROUND 1415 A#14 and B#28 = 129.851
ROUND 1416 A#15 and B#28 = 70.5549
ROUND 1417 A#16 and B#28 = 144.445
ROUND 1418 A#17 and B#28 = 139.712
ROUND 1419 A#18 and B#28 = 135.119
ROUND 1420 A#19 and B#28 = 135.42
ROUND 1421 A#20 and B#28 = 138.815
ROUND 1422 A#21 and B#28 = 138.525
ROUND 1423 A#22 and B#28 = 129.859
ROUND 1424 A#23 and B#28 = 133.42
ROUND 1425 A#24 and B#28 = 268.212
ROUND 1426 A#25 and B#28 = 10.9085
ROUND 1427 A#26 and B#28 = 135.232
ROUND 1428 A#27 and B#28 = 135.996
ROUND 1429 A#28 and B#28 = 128.946
ROUND 1430 A#29 and B#28 = 101.102
ROUND 1431 A#30 and B#28 = 136.667
ROUND 1432 A#31 and B#28 = 133.405
ROUND 1433 A#32 and B#28 = 131.001
ROUND 1434 A#33 and B#28 = 153.617
ROUND 1435 A#34 and B#28 = 135.598
ROUND 1436 A#35 and B#28 = 118.276
ROUND 1437 A#36 and B#28 = 137.965
ROUND 1438 A#37 and B#28 = 133.424
ROUND 1439 A#38 and B#28 = 135.875
ROUND 1440 A#39 and B#28 = 135.505
ROUND 1441 A#40 and B#28 = 133.057
ROUND 1442 A#41 and B#28 = 135.462
ROUND 1443 A#42 and B#28 = 137.188
ROUND 1444 A#43 and B#28 = 127.026
ROUND 1445 A#44 and B#28 = 141.213
ROUND 1446 A#45 and B#28 = 131.639
ROUND 1447 A#46 and B#28 = 134.335
ROUND 1448 A#47 and B#28 = 136.927
ROUND 1449 A#48 and B#28 = 135.736
ROUND 1450 A#49 and B#28 = 134.021
ROUND 1451 A#0 and B#29 = 127.132
ROUND 1452 A#1 and B#29 = 139.772
ROUND 1453 A#2 and B#29 = 129.915
ROUND 1454 A#3 and B#29 = 136.165
ROUND 1455 A#4 and B#29 = 121.053
ROUND 1456 A#5 and B#29 = 133.868
ROUND 1457 A#6 and B#29 = 136.302
ROUND 1458 A#7 and B#29 = 121.027
ROUND 1459 A#8 and B#29 = 130.299
ROUND 1460 A#9 and B#29 = 127.35
ROUND 1461 A#10 and B#29 = 126.562
ROUND 1462 A#11 and B#29 = 80.558
ROUND 1463 A#12 and B#29 = 135.94
ROUND 1464 A#13 and B#29 = 103.152
ROUND 1465 A#14 and B#29 = 130.342
ROUND 1466 A#15 and B#29 = 65.5956
ROUND 1467 A#16 and B#29 = 125.786
ROUND 1468 A#17 and B#29 = 129.908
ROUND 1469 A#18 and B#29 = 135.716
ROUND 1470 A#19 and B#29 = 132.398
ROUND 1471 A#20 and B#29 = 151.598
ROUND 1472 A#21 and B#29 = 128.656
ROUND 1473 A#22 and B#29 = 132.449
ROUND 1474 A#23 and B#29 = 132.596
ROUND 1475 A#24 and B#29 = 133.652
ROUND 1476 A#25 and B#29 = 51.5378
ROUND 1477 A#26 and B#29 = 131.374
ROUND 1478 A#27 and B#29 = 135.61
ROUND 1479 A#28 and B#29 = 130.344
ROUND 1480 A#29 and B#29 = 214.386
ROUND 1481 A#30 and B#29 = 126.263
ROUND 1482 A#31 and B#29 = 132.614
ROUND 1483 A#32 and B#29 = 132.417
ROUND 1484 A#33 and B#29 = 160.238
ROUND 1485 A#34 and B#29 = 135.247
ROUND 1486 A#35 and B#29 = 91.1073
ROUND 1487 A#36 and B#29 = 123.421
ROUND 1488 A#37 and B#29 = 132.571
ROUND 1489 A#38 and B#29 = 130.184
ROUND 1490 A#39 and B#29 = 131.586
ROUND 1491 A#40 and B#29 = 133.306
ROUND 1492 A#41 and B#29 = 131.6
ROUND 1493 A#42 and B#29 = 136.492
ROUND 1494 A#43 and B#29 = 129.063
ROUND 1495 A#44 and B#29 = 135.058
ROUND 1496 A#45 and B#29 = 128.702
ROUND 1497 A#46 and B#29 = 136.116
ROUND 1498 A#47 and B#29 = 136.34
ROUND 1499 A#48 and B#29 = 130.132
ROUND 1500 A#49 and B#29 = 134.117
ROUND 1501 A#0 and B#30 = 305.328
ROUND 1502 A#1 and B#30 = 89.9022
ROUND 1503 A#2 and B#30 = 98.2755
ROUND 1504 A#3 and B#30 = 146.989
ROUND 1505 A#4 and B#30 = 138.997
ROUND 1506 A#5 and B#30 = 136.034
ROUND 1507 A#6 and B#30 = 242.122
ROUND 1508 A#7 and B#30 = 127.557
ROUND 1509 A#8 and B#30 = 98.0531
ROUND 1510 A#9 and B#30 = 305.149
ROUND 1511 A#10 and B#30 = 131.866
ROUND 1512 A#11 and B#30 = 127.901
ROUND 1513 A#12 and B#30 = 122.98
ROUND 1514 A#13 and B#30 = 126.757
ROUND 1515 A#14 and B#30 = 129.277
ROUND 1516 A#15 and B#30 = 96.8415
ROUND 1517 A#16 and B#30 = 132.333
ROUND 1518 A#17 and B#30 = 340.974
ROUND 1519 A#18 and B#30 = 223.01
ROUND 1520 A#19 and B#30 = 50.3825
ROUND 1521 A#20 and B#30 = 132.427
ROUND 1522 A#21 and B#30 = 94.7981
ROUND 1523 A#22 and B#30 = 129.29
ROUND 1524 A#23 and B#30 = 98.1456
ROUND 1525 A#24 and B#30 = 335.963
ROUND 1526 A#25 and B#30 = 315.821
ROUND 1527 A#26 and B#30 = 101.469
ROUND 1528 A#27 and B#30 = 89.6498
ROUND 1529 A#28 and B#30 = 105.521
ROUND 1530 A#29 and B#30 = 37.069
ROUND 1531 A#30 and B#30 = 131.858
ROUND 1532 A#31 and B#30 = 99.6694
ROUND 1533 A#32 and B#30 = 98.0529
ROUND 1534 A#33 and B#30 = 237.587
ROUND 1535 A#34 and B#30 = 240.378
ROUND 1536 A#35 and B#30 = 150.963
ROUND 1537 A#36 and B#30 = 127.337
ROUND 1538 A#37 and B#30 = 43.6813
ROUND 1539 A#38 and B#30 = 123.719
ROUND 1540 A#39 and B#30 = 299.787
ROUND 1541 A#40 and B#30 = 48.7541
ROUND 1542 A#41 and B#30 = 300.717
ROUND 1543 A#42 and B#30 = 146.372
ROUND 1544 A#43 and B#30 = 134.93
ROUND 1545 A#44 and B#30 = 136.089
ROUND 1546 A#45 and B#30 = 338.146
ROUND 1547 A#46 and B#30 = 134.992
ROUND 1548 A#47 and B#30 = 167.329
ROUND 1549 A#48 and B#30 = 134.107
ROUND 1550 A#49 and B#30 = 237.7
ROUND 1551 A#0 and B#31 = 349.812
ROUND 1552 A#1 and B#31 = 139.803
ROUND 1553 A#2 and B#31 = 338.738
ROUND 1554 A#3 and B#31 = 282.194
ROUND 1555 A#4 and B#31 = 266.389
ROUND 1556 A#5 and B#31 = 207.794
ROUND 1557 A#6 and B#31 = 344.791
ROUND 1558 A#7 and B#31 = 266.378
ROUND 1559 A#8 and B#31 = 211.415
ROUND 1560 A#9 and B#31 = 349.529
ROUND 1561 A#10 and B#31 = 267.394
ROUND 1562 A#11 and B#31 = 192.178
ROUND 1563 A#12 and B#31 = 252.284
ROUND 1564 A#13 and B#31 = 25.288
ROUND 1565 A#14 and B#31 = 217.831
ROUND 1566 A#15 and B#31 = 125.662
ROUND 1567 A#16 and B#31 = 153.292
ROUND 1568 A#17 and B#31 = 345.253
ROUND 1569 A#18 and B#31 = 189.238
ROUND 1570 A#19 and B#31 = 130.564
ROUND 1571 A#20 and B#31 = 126.164
ROUND 1572 A#21 and B#31 = 0.150874
ROUND 1573 A#22 and B#31 = 215.209
ROUND 1574 A#23 and B#31 = 27.1321
ROUND 1575 A#24 and B#31 = 138.68
ROUND 1576 A#25 and B#31 = 330.145
ROUND 1577 A#26 and B#31 = 0.142094
ROUND 1578 A#27 and B#31 = 171.152
ROUND 1579 A#28 and B#31 = 145.952
ROUND 1580 A#29 and B#31 = 170.883
ROUND 1581 A#30 and B#31 = 121.413
ROUND 1582 A#31 and B#31 = 25.7776
ROUND 1583 A#32 and B#31 = 0.130563
ROUND 1584 A#33 and B#31 = 127.521
ROUND 1585 A#34 and B#31 = 277.843
ROUND 1586 A#35 and B#31 = 132.968
ROUND 1587 A#36 and B#31 = 353.356
ROUND 1588 A#37 and B#31 = 26.9989
ROUND 1589 A#38 and B#31 = 282.569
ROUND 1590 A#39 and B#31 = 132.022
ROUND 1591 A#40 and B#31 = 179.267
ROUND 1592 A#41 and B#31 = 124.833
ROUND 1593 A#42 and B#31 = 280.84
ROUND 1594 A#43 and B#31 = 157.029
ROUND 1595 A#44 and B#31 = 125.721
ROUND 1596 A#45 and B#31 = 120.14
ROUND 1597 A#46 and B#31 = 126.195
ROUND 1598 A#47 and B#31 = 241.96
ROUND 1599 A#48 and B#31 = 99.1321
ROUND 1600 A#49 and B#31 = 156.041
ROUND 1601 A#0 and B#32 = 305.28
ROUND 1602 A#1 and B#32 = 89.7935
ROUND 1603 A#2 and B#32 = 98.2837
ROUND 1604 A#3 and B#32 = 145.799
ROUND 1605 A#4 and B#32 = 138.789
ROUND 1606 A#5 and B#32 = 136.054
ROUND 1607 A#6 and B#32 = 243.441
ROUND 1608 A#7 and B#32 = 131.738
ROUND 1609 A#8 and B#32 = 97.3658
ROUND 1610 A#9 and B#32 = 305.198
ROUND 1611 A#10 and B#32 = 127.57
ROUND 1612 A#11 and B#32 = 126.699
ROUND 1613 A#12 and B#32 = 122.265
ROUND 1614 A#13 and B#32 = 126.775
ROUND 1615 A#14 and B#32 = 129.265
ROUND 1616 A#15 and B#32 = 98.8756
ROUND 1617 A#16 and B#32 = 132.311
ROUND 1618 A#17 and B#32 = 341.377
ROUND 1619 A#18 and B#32 = 96.3952
ROUND 1620 A#19 and B#32 = 99.5035
ROUND 1621 A#20 and B#32 = 132.488
ROUND 1622 A#21 and B#32 = 95.8817
ROUND 1623 A#22 and B#32 = 129.271
ROUND 1624 A#23 and B#32 = 98.4274
ROUND 1625 A#24 and B#32 = -8.76708
ROUND 1626 A#25 and B#32 = 316.043
ROUND 1627 A#26 and B#32 = 101.183
ROUND 1628 A#27 and B#32 = 89.7077
ROUND 1629 A#28 and B#32 = 105.956
ROUND 1630 A#29 and B#32 = 38.2862
ROUND 1631 A#30 and B#32 = 131.83
ROUND 1632 A#31 and B#32 = 99.9442
ROUND 1633 A#32 and B#32 = 98.2074
ROUND 1634 A#33 and B#32 = 239.429
ROUND 1635 A#34 and B#32 = 241.935
ROUND 1636 A#35 and B#32 = 151.688
ROUND 1637 A#36 and B#32 = 127.354
ROUND 1638 A#37 and B#32 = 45.1732
ROUND 1639 A#38 and B#32 = 124.346
ROUND 1640 A#39 and B#32 = 60.592
ROUND 1641 A#40 and B#32 = 48.5841
ROUND 1642 A#41 and B#32 = 300.739
ROUND 1643 A#42 and B#32 = 145.432
ROUND 1644 A#43 and B#32 = 135.012
ROUND 1645 A#44 and B#32 = 136.077
ROUND 1646 A#45 and B#32 = 338.252
ROUND 1647 A#46 and B#32 = 134.991
ROUND 1648 A#47 and B#32 = 167.581
ROUND 1649 A#48 and B#32 = 134.944
ROUND 1650 A#49 and B#32 = 238.719
ROUND 1651 A#0 and B#33 = 349.887
ROUND 1652 A#1 and B#33 = 138.026
ROUND 1653 A#2 and B#33 = 338.441
ROUND 1654 A#3 and B#33 = 174.568
ROUND 1655 A#4 and B#33 = 175.18
ROUND 1656 A#5 and B#33 = 204.818
ROUND 1657 A#6 and B#33 = 119.889
ROUND 1658 A#7 and B#33 = 175.095
ROUND 1659 A#8 and B#33 = 212.711
ROUND 1660 A#9 and B#33 = 349.597
ROUND 1661 A#10 and B#33 = 174.906
ROUND 1662 A#11 and B#33 = 188.955
ROUND 1663 A#12 and B#33 = 239.742
ROUND 1664 A#13 and B#33 = 33.9658
ROUND 1665 A#14 and B#33 = 133.339
ROUND 1666 A#15 and B#33 = 125.644
ROUND 1667 A#16 and B#33 = 150.673
ROUND 1668 A#17 and B#33 = 287.403
ROUND 1669 A#18 and B#33 = 185.1
ROUND 1670 A#19 and B#33 = 127.592
ROUND 1671 A#20 and B#33 = 126.273
ROUND 1672 A#21 and B#33 = 282.608
ROUND 1673 A#22 and B#33 = 133.354
ROUND 1674 A#23 and B#33 = 194.807
ROUND 1675 A#24 and B#33 = 140.144
ROUND 1676 A#25 and B#33 = 179.501
ROUND 1677 A#26 and B#33 = 283.03
ROUND 1678 A#27 and B#33 = 169.55
ROUND 1679 A#28 and B#33 = 34.0029
ROUND 1680 A#29 and B#33 = 165.109
ROUND 1681 A#30 and B#33 = 121.002
ROUND 1682 A#31 and B#33 = 33.007
ROUND 1683 A#32 and B#33 = 0.983854
ROUND 1684 A#33 and B#33 = 132.757
ROUND 1685 A#34 and B#33 = 346.622
ROUND 1686 A#35 and B#33 = 102.912
ROUND 1687 A#36 and B#33 = 117.724
ROUND 1688 A#37 and B#33 = 195.525
ROUND 1689 A#38 and B#33 = 33.9885
ROUND 1690 A#39 and B#33 = 126.338
ROUND 1691 A#40 and B#33 = 174.494
ROUND 1692 A#41 and B#33 = 120.616
ROUND 1693 A#42 and B#33 = 175.073
ROUND 1694 A#43 and B#33 = 156.195
ROUND 1695 A#44 and B#33 = 125.757
ROUND 1696 A#45 and B#33 = 115.765
ROUND 1697 A#46 and B#33 = 126.389
ROUND 1698 A#47 and B#33 = 150.764
ROUND 1699 A#48 and B#33 = 111.987
ROUND 1700 A#49 and B#33 = 154.52
ROUND 1701 A#0 and B#34 = 97.6555
ROUND 1702 A#1 and B#34 = 94.301
ROUND 1703 A#2 and B#34 = 333.842
ROUND 1704 A#3 and B#34 = 23.9526
ROUND 1705 A#4 and B#34 = 334.44
ROUND 1706 A#5 and B#34 = 344.956
ROUND 1707 A#6 and B#34 = 245.567
ROUND 1708 A#7 and B#34 = 236.158
ROUND 1709 A#8 and B#34 = 258.43
ROUND 1710 A#9 and B#34 = 97.748
ROUND 1711 A#10 and B#34 = 235.735
ROUND 1712 A#11 and B#34 = 77.4731
ROUND 1713 A#12 and B#34 = 96.3651
ROUND 1714 A#13 and B#34 = 82.4941
ROUND 1715 A#14 and B#34 = 129.277
ROUND 1716 A#15 and B#34 = 130.029
ROUND 1717 A#16 and B#34 = 93.6253
ROUND 1718 A#17 and B#34 = 334.179
ROUND 1719 A#18 and B#34 = 102.533
ROUND 1720 A#19 and B#34 = 59.0886
ROUND 1721 A#20 and B#34 = 103.677
ROUND 1722 A#21 and B#34 = 80.6952
ROUND 1723 A#22 and B#34 = 98.7266
ROUND 1724 A#23 and B#34 = 86.8627
ROUND 1725 A#24 and B#34 = 241.426
ROUND 1726 A#25 and B#34 = 94.7354
ROUND 1727 A#26 and B#34 = 75.3528
ROUND 1728 A#27 and B#34 = 180.077
ROUND 1729 A#28 and B#34 = 107.375
ROUND 1730 A#29 and B#34 = 98.4002
ROUND 1731 A#30 and B#34 = 119.555
ROUND 1732 A#31 and B#34 = 86.3961
ROUND 1733 A#32 and B#34 = 87.8439
ROUND 1734 A#33 and B#34 = 252.866
ROUND 1735 A#34 and B#34 = 134.414
ROUND 1736 A#35 and B#34 = 125.157
ROUND 1737 A#36 and B#34 = 105.098
ROUND 1738 A#37 and B#34 = 85.374
ROUND 1739 A#38 and B#34 = 97.7444
ROUND 1740 A#39 and B#34 = 100.567
ROUND 1741 A#40 and B#34 = 64.8057
ROUND 1742 A#41 and B#34 = 100.91
ROUND 1743 A#42 and B#34 = 26.9278
ROUND 1744 A#43 and B#34 = 101.09
ROUND 1745 A#44 and B#34 = 137.185
ROUND 1746 A#45 and B#34 = 107.253
ROUND 1747 A#46 and B#34 = 132.251
ROUND 1748 A#47 and B#34 = 179.657
ROUND 1749 A#48 and B#34 = 82.8224
ROUND 1750 A#49 and B#34 = 180.337
ROUND 1751 A#0 and B#35 = 298.696
ROUND 1752 A#1 and B#35 = 112.58
ROUND 1753 A#2 and B#35 = 282.975
ROUND 1754 A#3 and B#35 = 135.074
ROUND 1755 A#4 and B#35 = 295.083
ROUND 1756 A#5 and B#35 = 292.528
ROUND 1757 A#6 and B#35 = 135.151
ROUND 1758 A#7 and B#35 = 294.893
ROUND 1759 A#8 and B#35 = 131.512
ROUND 1760 A#9 and B#35 = 298.353
ROUND 1761 A#10 and B#35 = 295.057
ROUND 1762 A#11 and B#35 = 115.429
ROUND 1763 A#12 and B#35 = 332.414
ROUND 1764 A#13 and B#35 = 203.878
ROUND 1765 A#14 and B#35 = 293.301
ROUND 1766 A#15 and B#35 = 154.972
ROUND 1767 A#16 and B#35 = 328.403
ROUND 1768 A#17 and B#35 = 254.756
ROUND 1769 A#18 and B#35 = 232.611
ROUND 1770 A#19 and B#35 = 157.932
ROUND 1771 A#20 and B#35 = 133.986
ROUND 1772 A#21 and B#35 = 325.623
ROUND 1773 A#22 and B#35 = 293.265
ROUND 1774 A#23 and B#35 = 297.545
ROUND 1775 A#24 and B#35 = 155.049
ROUND 1776 A#25 and B#35 = 124.618
ROUND 1777 A#26 and B#35 = 320.125
ROUND 1778 A#27 and B#35 = 131.259
ROUND 1779 A#28 and B#35 = 232.471
ROUND 1780 A#29 and B#35 = 140.45
ROUND 1781 A#30 and B#35 = 147.312
ROUND 1782 A#31 and B#35 = 303.514
ROUND 1783 A#32 and B#35 = 317.108
ROUND 1784 A#33 and B#35 = 131.206
ROUND 1785 A#34 and B#35 = 336.866
ROUND 1786 A#35 and B#35 = 160.543
ROUND 1787 A#36 and B#35 = 153.122
ROUND 1788 A#37 and B#35 = 303.929
ROUND 1789 A#38 and B#35 = 326.902
ROUND 1790 A#39 and B#35 = 309.355
ROUND 1791 A#40 and B#35 = 192.239
ROUND 1792 A#41 and B#35 = 165.266
ROUND 1793 A#42 and B#35 = 135.574
ROUND 1794 A#43 and B#35 = 134.009
ROUND 1795 A#44 and B#35 = 152.282
ROUND 1796 A#45 and B#35 = 310.033
ROUND 1797 A#46 and B#35 = 162.433
ROUND 1798 A#47 and B#35 = 134.045
ROUND 1799 A#48 and B#35 = 194.872
ROUND 1800 A#49 and B#35 = 128.789
ROUND 1801 A#0 and B#36 = 171.146
ROUND 1802 A#1 and B#36 = 116.385
ROUND 1803 A#2 and B#36 = 129.116
ROUND 1804 A#3 and B#36 = 139.101
ROUND 1805 A#4 and B#36 = 117.246
ROUND 1806 A#5 and B#36 = 152.254
ROUND 1807 A#6 and B#36 = 112.172
ROUND 1808 A#7 and B#36 = 117.176
ROUND 1809 A#8 and B#36 = 140.07
ROUND 1810 A#9 and B#36 = 171.104
ROUND 1811 A#10 and B#36 = 122.145
ROUND 1812 A#11 and B#36 = 126.006
ROUND 1813 A#12 and B#36 = 115.195
ROUND 1814 A#13 and B#36 = 123.728
ROUND 1815 A#14 and B#36 = 130.822
ROUND 1816 A#15 and B#36 = 139.033
ROUND 1817 A#16 and B#36 = 147.877
ROUND 1818 A#17 and B#36 = 130.224
ROUND 1819 A#18 and B#36 = 136.235
ROUND 1820 A#19 and B#36 = 133.226
ROUND 1821 A#20 and B#36 = 136.695
ROUND 1822 A#21 and B#36 = 134.021
ROUND 1823 A#22 and B#36 = 130.863
ROUND 1824 A#23 and B#36 = 135.189
ROUND 1825 A#24 and B#36 = 163.839
ROUND 1826 A#25 and B#36 = 75.744
ROUND 1827 A#26 and B#36 = 133.366
ROUND 1828 A#27 and B#36 = 122.303
ROUND 1829 A#28 and B#36 = 123.565
ROUND 1830 A#29 and B#36 = 125.242
ROUND 1831 A#30 and B#36 = 154.588
ROUND 1832 A#31 and B#36 = 135.27
ROUND 1833 A#32 and B#36 = 133.215
ROUND 1834 A#33 and B#36 = 242.401
ROUND 1835 A#34 and B#36 = 121.368
ROUND 1836 A#35 and B#36 = 138.616
ROUND 1837 A#36 and B#36 = -82.2348
ROUND 1838 A#37 and B#36 = 169.475
ROUND 1839 A#38 and B#36 = 133.731
ROUND 1840 A#39 and B#36 = 171.033
ROUND 1841 A#40 and B#36 = 130.851
ROUND 1842 A#41 and B#36 = 171.359
ROUND 1843 A#42 and B#36 = 137.897
ROUND 1844 A#43 and B#36 = -94.5552
ROUND 1845 A#44 and B#36 = 139.377
ROUND 1846 A#45 and B#36 = 135.62
ROUND 1847 A#46 and B#36 = 134.843
ROUND 1848 A#47 and B#36 = 150.93
ROUND 1849 A#48 and B#36 = 133.711
ROUND 1850 A#49 and B#36 = 154.234
ROUND 1851 A#0 and B#37 = 100.074
ROUND 1852 A#1 and B#37 = 98.7344
ROUND 1853 A#2 and B#37 = 259.323
ROUND 1854 A#3 and B#37 = 130.062
ROUND 1855 A#4 and B#37 = 262.19
ROUND 1856 A#5 and B#37 = 261.264
ROUND 1857 A#6 and B#37 = 249.056
ROUND 1858 A#7 and B#37 = 262.176
ROUND 1859 A#8 and B#37 = 282.162
ROUND 1860 A#9 and B#37 = 99.933
ROUND 1861 A#10 and B#37 = 262.247
ROUND 1862 A#11 and B#37 = 78.8057
ROUND 1863 A#12 and B#37 = 114.437
ROUND 1864 A#13 and B#37 = 89.7874
ROUND 1865 A#14 and B#37 = 261.485
ROUND 1866 A#15 and B#37 = 320.935
ROUND 1867 A#16 and B#37 = 133.669
ROUND 1868 A#17 and B#37 = 252.954
ROUND 1869 A#18 and B#37 = 118.149
ROUND 1870 A#19 and B#37 = 62.8349
ROUND 1871 A#20 and B#37 = 130.672
ROUND 1872 A#21 and B#37 = 78.7808
ROUND 1873 A#22 and B#37 = 261.48
ROUND 1874 A#23 and B#37 = 90.6358
ROUND 1875 A#24 and B#37 = 248.49
ROUND 1876 A#25 and B#37 = 110.786
ROUND 1877 A#26 and B#37 = 78.2779
ROUND 1878 A#27 and B#37 = 108.994
ROUND 1879 A#28 and B#37 = 32.1511
ROUND 1880 A#29 and B#37 = 79.9947
ROUND 1881 A#30 and B#37 = 138.313
ROUND 1882 A#31 and B#37 = 90.44
ROUND 1883 A#32 and B#37 = 97.396
ROUND 1884 A#33 and B#37 = 257.249
ROUND 1885 A#34 and B#37 = 108.199
ROUND 1886 A#35 and B#37 = 97.6026
ROUND 1887 A#36 and B#37 = 131.922
ROUND 1888 A#37 and B#37 = 89.1383
ROUND 1889 A#38 and B#37 = 104.016
ROUND 1890 A#39 and B#37 = 101.699
ROUND 1891 A#40 and B#37 = 67.456
ROUND 1892 A#41 and B#37 = 67.1598
ROUND 1893 A#42 and B#37 = 126.268
ROUND 1894 A#43 and B#37 = 133.388
ROUND 1895 A#44 and B#37 = 273.013
ROUND 1896 A#45 and B#37 = 127.641
ROUND 1897 A#46 and B#37 = 121.178
ROUND 1898 A#47 and B#37 = 258.828
ROUND 1899 A#48 and B#37 = 86.8539
ROUND 1900 A#49 and B#37 = 258.082
ROUND 1901 A#0 and B#38 = 306.519
ROUND 1902 A#1 and B#38 = 89.9332
ROUND 1903 A#2 and B#38 = 98.1827
ROUND 1904 A#3 and B#38 = 147.136
ROUND 1905 A#4 and B#38 = 138.893
ROUND 1906 A#5 and B#38 = 136.063
ROUND 1907 A#6 and B#38 = 241.732
ROUND 1908 A#7 and B#38 = 127.613
ROUND 1909 A#8 and B#38 = 97.986
ROUND 1910 A#9 and B#38 = 305.565
ROUND 1911 A#10 and B#38 = 131.826
ROUND 1912 A#11 and B#38 = 127.701
ROUND 1913 A#12 and B#38 = 123.082
ROUND 1914 A#13 and B#38 = 126.765
ROUND 1915 A#14 and B#38 = 129.274
ROUND 1916 A#15 and B#38 = 121.197
ROUND 1917 A#16 and B#38 = 132.324
ROUND 1918 A#17 and B#38 = 340.897
ROUND 1919 A#18 and B#38 = 223.352
ROUND 1920 A#19 and B#38 = 99.4871
ROUND 1921 A#20 and B#38 = 132.397
ROUND 1922 A#21 and B#38 = 94.66
ROUND 1923 A#22 and B#38 = 129.278
ROUND 1924 A#23 and B#38 = 98.0311
ROUND 1925 A#24 and B#38 = 336.055
ROUND 1926 A#25 and B#38 = 316.521
ROUND 1927 A#26 and B#38 = 101.492
ROUND 1928 A#27 and B#38 = 89.7753
ROUND 1929 A#28 and B#38 = 105.426
ROUND 1930 A#29 and B#38 = 37.1132
ROUND 1931 A#30 and B#38 = 131.833
ROUND 1932 A#31 and B#38 = 99.5729
ROUND 1933 A#32 and B#38 = 97.9953
ROUND 1934 A#33 and B#38 = 237.66
ROUND 1935 A#34 and B#38 = 240.457
ROUND 1936 A#35 and B#38 = 151.092
ROUND 1937 A#36 and B#38 = 127.341
ROUND 1938 A#37 and B#38 = 94.9719
ROUND 1939 A#38 and B#38 = 123.828
ROUND 1940 A#39 and B#38 = 300.621
ROUND 1941 A#40 and B#38 = 49.1365
ROUND 1942 A#41 and B#38 = 301.635
ROUND 1943 A#42 and B#38 = 146.514
ROUND 1944 A#43 and B#38 = 135.007
ROUND 1945 A#44 and B#38 = 136.08
ROUND 1946 A#45 and B#38 = 338.155
ROUND 1947 A#46 and B#38 = 134.928
ROUND 1948 A#47 and B#38 = 167.101
ROUND 1949 A#48 and B#38 = 88.7507
ROUND 1950 A#49 and B#38 = 236.949
ROUND 1951 A#0 and B#39 = 284.261
ROUND 1952 A#1 and B#39 = 134.72
ROUND 1953 A#2 and B#39 = 261.458
ROUND 1954 A#3 and B#39 = 137.576
ROUND 1955 A#4 and B#39 = 173.41
ROUND 1956 A#5 and B#39 = 164.966
ROUND 1957 A#6 and B#39 = 345.652
ROUND 1958 A#7 and B#39 = 174.174
ROUND 1959 A#8 and B#39 = 259.02
ROUND 1960 A#9 and B#39 = 284.342
ROUND 1961 A#10 and B#39 = 174.966
ROUND 1962 A#11 and B#39 = 124.656
ROUND 1963 A#12 and B#39 = 137.151
ROUND 1964 A#13 and B#39 = 287.813
ROUND 1965 A#14 and B#39 = 259.402
ROUND 1966 A#15 and B#39 = 202.052
ROUND 1967 A#16 and B#39 = 170.498
ROUND 1968 A#17 and B#39 = 252.269
ROUND 1969 A#18 and B#39 = 96.6857
ROUND 1970 A#19 and B#39 = 291.091
ROUND 1971 A#20 and B#39 = 125.936
ROUND 1972 A#21 and B#39 = 223.815
ROUND 1973 A#22 and B#39 = 259.425
ROUND 1974 A#23 and B#39 = 28.0115
ROUND 1975 A#24 and B#39 = 138.929
ROUND 1976 A#25 and B#39 = 198.107
ROUND 1977 A#26 and B#39 = 124.726
ROUND 1978 A#27 and B#39 = 144.96
ROUND 1979 A#28 and B#39 = 297.368
ROUND 1980 A#29 and B#39 = 151.414
ROUND 1981 A#30 and B#39 = 121.161
ROUND 1982 A#31 and B#39 = 27.7603
ROUND 1983 A#32 and B#39 = 136.848
ROUND 1984 A#33 and B#39 = 130.434
ROUND 1985 A#34 and B#39 = 257.003
ROUND 1986 A#35 and B#39 = 97.9335
ROUND 1987 A#36 and B#39 = 97.2179
ROUND 1988 A#37 and B#39 = 27.8097
ROUND 1989 A#38 and B#39 = 293.217
ROUND 1990 A#39 and B#39 = 294.646
ROUND 1991 A#40 and B#39 = 107.945
ROUND 1992 A#41 and B#39 = 293.646
ROUND 1993 A#42 and B#39 = 138.085
ROUND 1994 A#43 and B#39 = 124.839
ROUND 1995 A#44 and B#39 = 239.491
ROUND 1996 A#45 and B#39 = 251.549
ROUND 1997 A#46 and B#39 = 96.2621
ROUND 1998 A#47 and B#39 = 139.871
ROUND 1999 A#48 and B#39 = 31.9462
ROUND 2000 A#49 and B#39 = 142.966
ROUND 2001 A#0 and B#40 = 299.696
ROUND 2002 A#1 and B#40 = 111.23
ROUND 2003 A#2 and B#40 = 281.928
ROUND 2004 A#3 and B#40 = 135.099
ROUND 2005 A#4 and B#40 = 294.583
ROUND 2006 A#5 and B#40 = 292.232
ROUND 2007 A#6 and B#40 = 135.168
ROUND 2008 A#7 and B#40 = 294.376
ROUND 2009 A#8 and B#40 = 131.536
ROUND 2010 A#9 and B#40 = 299.378
ROUND 2011 A#10 and B#40 = 294.528
ROUND 2012 A#11 and B#40 = 114.653
ROUND 2013 A#12 and B#40 = 332.255
ROUND 2014 A#13 and B#40 = 203.034
ROUND 2015 A#14 and B#40 = 292.96
ROUND 2016 A#15 and B#40 = 153.995
ROUND 2017 A#16 and B#40 = 328.819
ROUND 2018 A#17 and B#40 = 253.526
ROUND 2019 A#18 and B#40 = 232.771
ROUND 2020 A#19 and B#40 = 156.371
ROUND 2021 A#20 and B#40 = 134.004
ROUND 2022 A#21 and B#40 = 326.816
ROUND 2023 A#22 and B#40 = 292.877
ROUND 2024 A#23 and B#40 = 297.328
ROUND 2025 A#24 and B#40 = 155.541
ROUND 2026 A#25 and B#40 = 124.568
ROUND 2027 A#26 and B#40 = 320.821
ROUND 2028 A#27 and B#40 = 131.342
ROUND 2029 A#28 and B#40 = 233.361
ROUND 2030 A#29 and B#40 = 139.604
ROUND 2031 A#30 and B#40 = 147.383
ROUND 2032 A#31 and B#40 = 295.79
ROUND 2033 A#32 and B#40 = 318.285
ROUND 2034 A#33 and B#40 = 131.286
ROUND 2035 A#34 and B#40 = 336.973
ROUND 2036 A#35 and B#40 = 160.219
ROUND 2037 A#36 and B#40 = 152.658
ROUND 2038 A#37 and B#40 = 303.891
ROUND 2039 A#38 and B#40 = 327.719
ROUND 2040 A#39 and B#40 = 308.915
ROUND 2041 A#40 and B#40 = 191.132
ROUND 2042 A#41 and B#40 = 163.762
ROUND 2043 A#42 and B#40 = 135.571
ROUND 2044 A#43 and B#40 = 134.101
ROUND 2045 A#44 and B#40 = 150.524
ROUND 2046 A#45 and B#40 = 227.389
ROUND 2047 A#46 and B#40 = 161.265
ROUND 2048 A#47 and B#40 = 134.122
ROUND 2049 A#48 and B#40 = 193.491
ROUND 2050 A#49 and B#40 = 128.839
ROUND 2051 A#0 and B#41 = 283.491
ROUND 2052 A#1 and B#41 = -49.0557
ROUND 2053 A#2 and B#41 = 123.279
ROUND 2054 A#3 and B#41 = 136.957
ROUND 2055 A#4 and B#41 = 176.46
ROUND 2056 A#5 and B#41 = 162.701
ROUND 2057 A#6 and B#41 = 338.421
ROUND 2058 A#7 and B#41 = 177.218
ROUND 2059 A#8 and B#41 = 152.274
ROUND 2060 A#9 and B#41 = 283.322
ROUND 2061 A#10 and B#41 = 177.933
ROUND 2062 A#11 and B#41 = 135.365
ROUND 2063 A#12 and B#41 = 102.1
ROUND 2064 A#13 and B#41 = 130.433
ROUND 2065 A#14 and B#41 = 147.577
ROUND 2066 A#15 and B#41 = 197.87
ROUND 2067 A#16 and B#41 = 171.54
ROUND 2068 A#17 and B#41 = 172.965
ROUND 2069 A#18 and B#41 = 76.1314
ROUND 2070 A#19 and B#41 = 134.36
ROUND 2071 A#20 and B#41 = 125.659
ROUND 2072 A#21 and B#41 = 77.6516
ROUND 2073 A#22 and B#41 = 146.733
ROUND 2074 A#23 and B#41 = 163.151
ROUND 2075 A#24 and B#41 = 324.987
ROUND 2076 A#25 and B#41 = 266.666
ROUND 2077 A#26 and B#41 = 77.7947
ROUND 2078 A#27 and B#41 = 321.244
ROUND 2079 A#28 and B#41 = 158.562
ROUND 2080 A#29 and B#41 = 165.327
ROUND 2081 A#30 and B#41 = 121.049
ROUND 2082 A#31 and B#41 = 163.083
ROUND 2083 A#32 and B#41 = 135.619
ROUND 2084 A#33 and B#41 = 125.012
ROUND 2085 A#34 and B#41 = 125.171
ROUND 2086 A#35 and B#41 = 78.2855
ROUND 2087 A#36 and B#41 = 137.271
ROUND 2088 A#37 and B#41 = 166.878
ROUND 2089 A#38 and B#41 = 88.9083
ROUND 2090 A#39 and B#41 = 136.614
ROUND 2091 A#40 and B#41 = 96.8188
ROUND 2092 A#41 and B#41 = 126.158
ROUND 2093 A#42 and B#41 = 93.1736
ROUND 2094 A#43 and B#41 = 171.375
ROUND 2095 A#44 and B#41 = 125.621
ROUND 2096 A#45 and B#41 = 118.069
ROUND 2097 A#46 and B#41 = 125.975
ROUND 2098 A#47 and B#41 = 336.331
ROUND 2099 A#48 and B#41 = 96.8557
ROUND 2100 A#49 and B#41 = 361.875
ROUND 2101 A#0 and B#42 = 284.465
ROUND 2102 A#1 and B#42 = 134.385
ROUND 2103 A#2 and B#42 = 261.414
ROUND 2104 A#3 and B#42 = 296.659
ROUND 2105 A#4 and B#42 = 174.531
ROUND 2106 A#5 and B#42 = 165.813
ROUND 2107 A#6 and B#42 = 346.185
ROUND 2108 A#7 and B#42 = 175.344
ROUND 2109 A#8 and B#42 = 215.192
ROUND 2110 A#9 and B#42 = 284.52
ROUND 2111 A#10 and B#42 = 176.139
ROUND 2112 A#11 and B#42 = 125.116
ROUND 2113 A#12 and B#42 = 137.584
ROUND 2114 A#13 and B#42 = 288.74
ROUND 2115 A#14 and B#42 = 259.393
ROUND 2116 A#15 and B#42 = 316.37
ROUND 2117 A#16 and B#42 = 172.331
ROUND 2118 A#17 and B#42 = 253.176
ROUND 2119 A#18 and B#42 = 93.0661
ROUND 2120 A#19 and B#42 = 290.962
ROUND 2121 A#20 and B#42 = 125.937
ROUND 2122 A#21 and B#42 = 107.599
ROUND 2123 A#22 and B#42 = 259.407
ROUND 2124 A#23 and B#42 = 27.3073
ROUND 2125 A#24 and B#42 = 118.451
ROUND 2126 A#25 and B#42 = 201.427
ROUND 2127 A#26 and B#42 = 128.315
ROUND 2128 A#27 and B#42 = 145.033
ROUND 2129 A#28 and B#42 = 297.192
ROUND 2130 A#29 and B#42 = 152.781
ROUND 2131 A#30 and B#42 = 121.039
ROUND 2132 A#31 and B#42 = 26.1514
ROUND 2133 A#32 and B#42 = 137.794
ROUND 2134 A#33 and B#42 = 130.118
ROUND 2135 A#34 and B#42 = 257.096
ROUND 2136 A#35 and B#42 = 99.0304
ROUND 2137 A#36 and B#42 = 98.2477
ROUND 2138 A#37 and B#42 = 27.1218
ROUND 2139 A#38 and B#42 = 293.076
ROUND 2140 A#39 and B#42 = 294.495
ROUND 2141 A#40 and B#42 = 99.8139
ROUND 2142 A#41 and B#42 = 293.503
ROUND 2143 A#42 and B#42 = 138.44
ROUND 2144 A#43 and B#42 = 177.242
ROUND 2145 A#44 and B#42 = 317.606
ROUND 2146 A#45 and B#42 = 251.608
ROUND 2147 A#46 and B#42 = 126.285
ROUND 2148 A#47 and B#42 = 139.63
ROUND 2149 A#48 and B#42 = 99.0983
ROUND 2150 A#49 and B#42 = 142.359
ROUND 2151 A#0 and B#43 = 283.904
ROUND 2152 A#1 and B#43 = 155.792
ROUND 2153 A#2 and B#43 = 337.166
ROUND 2154 A#3 and B#43 = 259.292
ROUND 2155 A#4 and B#43 = 261.026
ROUND 2156 A#5 and B#43 = 164.492
ROUND 2157 A#6 and B#43 = 244.213
ROUND 2158 A#7 and B#43 = 261.04
ROUND 2159 A#8 and B#43 = 201.969
ROUND 2160 A#9 and B#43 = 283.669
ROUND 2161 A#10 and B#43 = 261.097
ROUND 2162 A#11 and B#43 = 120.379
ROUND 2163 A#12 and B#43 = 249.544
ROUND 2164 A#13 and B#43 = 52.5893
ROUND 2165 A#14 and B#43 = 259.662
ROUND 2166 A#15 and B#43 = 95.3488
ROUND 2167 A#16 and B#43 = 169.149
ROUND 2168 A#17 and B#43 = 344.97
ROUND 2169 A#18 and B#43 = 183.098
ROUND 2170 A#19 and B#43 = 134.02
ROUND 2171 A#20 and B#43 = 125.963
ROUND 2172 A#21 and B#43 = 0.164902
ROUND 2173 A#22 and B#43 = 259.757
ROUND 2174 A#23 and B#43 = 27.3172
ROUND 2175 A#24 and B#43 = 140.875
ROUND 2176 A#25 and B#43 = 331.731
ROUND 2177 A#26 and B#43 = 0.16422
ROUND 2178 A#27 and B#43 = 175.342
ROUND 2179 A#28 and B#43 = 338.897
ROUND 2180 A#29 and B#43 = 164.776
ROUND 2181 A#30 and B#43 = 121.35
ROUND 2182 A#31 and B#43 = 26.0832
ROUND 2183 A#32 and B#43 = 335.601
ROUND 2184 A#33 and B#43 = 132.102
ROUND 2185 A#34 and B#43 = 363.408
ROUND 2186 A#35 and B#43 = 99.8423
ROUND 2187 A#36 and B#43 = 98.3877
ROUND 2188 A#37 and B#43 = 27.1051
ROUND 2189 A#38 and B#43 = 272.256
ROUND 2190 A#39 and B#43 = 129.516
ROUND 2191 A#40 and B#43 = 175.036
ROUND 2192 A#41 and B#43 = 124.636
ROUND 2193 A#42 and B#43 = 259.074
ROUND 2194 A#43 and B#43 = 124.38
ROUND 2195 A#44 and B#43 = 125.774
ROUND 2196 A#45 and B#43 = 117.475
ROUND 2197 A#46 and B#43 = 126.195
ROUND 2198 A#47 and B#43 = 152.201
ROUND 2199 A#48 and B#43 = 99.9029
ROUND 2200 A#49 and B#43 = 92.2386
ROUND 2201 A#0 and B#44 = 104.633
ROUND 2202 A#1 and B#44 = 94.4964
ROUND 2203 A#2 and B#44 = 333.502
ROUND 2204 A#3 and B#44 = 130.859
ROUND 2205 A#4 and B#44 = 261.607
ROUND 2206 A#5 and B#44 = 344.577
ROUND 2207 A#6 and B#44 = 107.259
ROUND 2208 A#7 and B#44 = 261.653
ROUND 2209 A#8 and B#44 = 103.287
ROUND 2210 A#9 and B#44 = 104.399
ROUND 2211 A#10 and B#44 = 261.622
ROUND 2212 A#11 and B#44 = 81.7717
ROUND 2213 A#12 and B#44 = 118.166
ROUND 2214 A#13 and B#44 = 89.8624
ROUND 2215 A#14 and B#44 = 261.986
ROUND 2216 A#15 and B#44 = 131.434
ROUND 2217 A#16 and B#44 = 5.57707
ROUND 2218 A#17 and B#44 = 338.585
ROUND 2219 A#18 and B#44 = 104.434
ROUND 2220 A#19 and B#44 = 61.1985
ROUND 2221 A#20 and B#44 = 102.264
ROUND 2222 A#21 and B#44 = 83.7908
ROUND 2223 A#22 and B#44 = 262.097
ROUND 2224 A#23 and B#44 = 90.9894
ROUND 2225 A#24 and B#44 = 177.816
ROUND 2226 A#25 and B#44 = 96.8339
ROUND 2227 A#26 and B#44 = 78.4144
ROUND 2228 A#27 and B#44 = 101.854
ROUND 2229 A#28 and B#44 = 97.0742
ROUND 2230 A#29 and B#44 = 101.415
ROUND 2231 A#30 and B#44 = 120.487
ROUND 2232 A#31 and B#44 = 90.86
ROUND 2233 A#32 and B#44 = 90.1774
ROUND 2234 A#33 and B#44 = 180.537
ROUND 2235 A#34 and B#44 = 145.987
ROUND 2236 A#35 and B#44 = 125.331
ROUND 2237 A#36 and B#44 = 107.2
ROUND 2238 A#37 and B#44 = 89.5929
ROUND 2239 A#38 and B#44 = 102.771
ROUND 2240 A#39 and B#44 = 66.3667
ROUND 2241 A#40 and B#44 = 66.6327
ROUND 2242 A#41 and B#44 = 65.2714
ROUND 2243 A#42 and B#44 = 129.114
ROUND 2244 A#43 and B#44 = 102.375
ROUND 2245 A#44 and B#44 = 107.156
ROUND 2246 A#45 and B#44 = 124.599
ROUND 2247 A#46 and B#44 = 98.6592
ROUND 2248 A#47 and B#44 = 255.62
ROUND 2249 A#48 and B#44 = 87.2736
ROUND 2250 A#49 and B#44 = 184.771
ROUND 2251 A#0 and B#45 = 95.6697
ROUND 2252 A#1 and B#45 = 94.3978
ROUND 2253 A#2 and B#45 = 334.691
ROUND 2254 A#3 and B#45 = 33.0599
ROUND 2255 A#4 and B#45 = 242.673
ROUND 2256 A#5 and B#45 = 110.958
ROUND 2257 A#6 and B#45 = 240.449
ROUND 2258 A#7 and B#45 = 237.289
ROUND 2259 A#8 and B#45 = 97.8725
ROUND 2260 A#9 and B#45 = 95.7385
ROUND 2261 A#10 and B#45 = 234.904
ROUND 2262 A#11 and B#45 = 80.7829
ROUND 2263 A#12 and B#45 = 97.0428
ROUND 2264 A#13 and B#45 = 89.4562
ROUND 2265 A#14 and B#45 = 129.298
ROUND 2266 A#15 and B#45 = 252.425
ROUND 2267 A#16 and B#45 = 102.082
ROUND 2268 A#17 and B#45 = 127.996
ROUND 2269 A#18 and B#45 = 98.1973
ROUND 2270 A#19 and B#45 = 65.1422
ROUND 2271 A#20 and B#45 = 121.422
ROUND 2272 A#21 and B#45 = 82.6635
ROUND 2273 A#22 and B#45 = 129.316
ROUND 2274 A#23 and B#45 = 94.5172
ROUND 2275 A#24 and B#45 = 236.655
ROUND 2276 A#25 and B#45 = 95.4015
ROUND 2277 A#26 and B#45 = 77.5239
ROUND 2278 A#27 and B#45 = 184.919
ROUND 2279 A#28 and B#45 = 115.11
ROUND 2280 A#29 and B#45 = 104.515
ROUND 2281 A#30 and B#45 = 119.464
ROUND 2282 A#31 and B#45 = 94.2335
ROUND 2283 A#32 and B#45 = 90.6619
ROUND 2284 A#33 and B#45 = 247.484
ROUND 2285 A#34 and B#45 = 136.53
ROUND 2286 A#35 and B#45 = 125.358
ROUND 2287 A#36 and B#45 = 98.5655
ROUND 2288 A#37 and B#45 = 92.7311
ROUND 2289 A#38 and B#45 = 101.954
ROUND 2290 A#39 and B#45 = 105.986
ROUND 2291 A#40 and B#45 = 68.3454
ROUND 2292 A#41 and B#45 = 105.876
ROUND 2293 A#42 and B#45 = 35.8185
ROUND 2294 A#43 and B#45 = 95.7443
ROUND 2295 A#44 and B#45 = 136.023
ROUND 2296 A#45 and B#45 = 107.041
ROUND 2297 A#46 and B#45 = 100.592
ROUND 2298 A#47 and B#45 = 244.891
ROUND 2299 A#48 and B#45 = 88.8469
ROUND 2300 A#49 and B#45 = 245.151
ROUND 2301 A#0 and B#46 = 129.386
ROUND 2302 A#1 and B#46 = 90.0461
ROUND 2303 A#2 and B#46 = 10.2967
ROUND 2304 A#3 and B#46 = 166.87
ROUND 2305 A#4 and B#46 = 131.195
ROUND 2306 A#5 and B#46 = 131.095
ROUND 2307 A#6 and B#46 = 25.9462
ROUND 2308 A#7 and B#46 = 131.199
ROUND 2309 A#8 and B#46 = 108.541
ROUND 2310 A#9 and B#46 = 129.538
ROUND 2311 A#10 and B#46 = 131.241
ROUND 2312 A#11 and B#46 = 120.131
ROUND 2313 A#12 and B#46 = 146.138
ROUND 2314 A#13 and B#46 = 140.51
ROUND 2315 A#14 and B#46 = 94.0342
ROUND 2316 A#15 and B#46 = 329.99
ROUND 2317 A#16 and B#46 = 132.437
ROUND 2318 A#17 and B#46 = 131.757
ROUND 2319 A#18 and B#46 = 248.466
ROUND 2320 A#19 and B#46 = 46.8062
ROUND 2321 A#20 and B#46 = 131.464
ROUND 2322 A#21 and B#46 = 120.816
ROUND 2323 A#22 and B#46 = 101.745
ROUND 2324 A#23 and B#46 = 221.673
ROUND 2325 A#24 and B#46 = 122.279
ROUND 2326 A#25 and B#46 = 338.585
ROUND 2327 A#26 and B#46 = 124.307
ROUND 2328 A#27 and B#46 = 249.421
ROUND 2329 A#28 and B#46 = 28.1523
ROUND 2330 A#29 and B#46 = 33.1106
ROUND 2331 A#30 and B#46 = 132.001
ROUND 2332 A#31 and B#46 = 221.096
ROUND 2333 A#32 and B#46 = 138.757
ROUND 2334 A#33 and B#46 = 249.813
ROUND 2335 A#34 and B#46 = 132.062
ROUND 2336 A#35 and B#46 = 99.9466
ROUND 2337 A#36 and B#46 = 132.099
ROUND 2338 A#37 and B#46 = 222.051
ROUND 2339 A#38 and B#46 = 148.547
ROUND 2340 A#39 and B#46 = 96.2761
ROUND 2341 A#40 and B#46 = 47.5153
ROUND 2342 A#41 and B#46 = 96.3951
ROUND 2343 A#42 and B#46 = 164.069
ROUND 2344 A#43 and B#46 = 133.968
ROUND 2345 A#44 and B#46 = 135.728
ROUND 2346 A#45 and B#46 = 140.215
ROUND 2347 A#46 and B#46 = 134.677
ROUND 2348 A#47 and B#46 = 171.713
ROUND 2349 A#48 and B#46 = 131.128
ROUND 2350 A#49 and B#46 = 253.841
ROUND 2351 A#0 and B#47 = 112.721
ROUND 2352 A#1 and B#47 = 28.1194
ROUND 2353 A#2 and B#47 = 265.218
ROUND 2354 A#3 and B#47 = 79.1299
ROUND 2355 A#4 and B#47 = 262.149
ROUND 2356 A#5 and B#47 = 261.392
ROUND 2357 A#6 and B#47 = 259.571
ROUND 2358 A#7 and B#47 = 262.111
ROUND 2359 A#8 and B#47 = 252.108
ROUND 2360 A#9 and B#47 = 112.75
ROUND 2361 A#10 and B#47 = 262.134
ROUND 2362 A#11 and B#47 = 133.016
ROUND 2363 A#12 and B#47 = 113.916
ROUND 2364 A#13 and B#47 = 87.9313
ROUND 2365 A#14 and B#47 = 261.331
ROUND 2366 A#15 and B#47 = 319.598
ROUND 2367 A#16 and B#47 = 107.741
ROUND 2368 A#17 and B#47 = 102.55
ROUND 2369 A#18 and B#47 = 276.418
ROUND 2370 A#19 and B#47 = 60.6601
ROUND 2371 A#20 and B#47 = 98.6196
ROUND 2372 A#21 and B#47 = 79.5586
ROUND 2373 A#22 and B#47 = 261.318
ROUND 2374 A#23 and B#47 = 88.5781
ROUND 2375 A#24 and B#47 = 241.082
ROUND 2376 A#25 and B#47 = 102.225
ROUND 2377 A#26 and B#47 = 78.5062
ROUND 2378 A#27 and B#47 = 187.196
ROUND 2379 A#28 and B#47 = 28.3476
ROUND 2380 A#29 and B#47 = 79.318
ROUND 2381 A#30 and B#47 = 136.55
ROUND 2382 A#31 and B#47 = 87.9868
ROUND 2383 A#32 and B#47 = 102.011
ROUND 2384 A#33 and B#47 = 262.972
ROUND 2385 A#34 and B#47 = 108.703
ROUND 2386 A#35 and B#47 = 78.8543
ROUND 2387 A#36 and B#47 = 132.023
ROUND 2388 A#37 and B#47 = 87.0401
ROUND 2389 A#38 and B#47 = 102.383
ROUND 2390 A#39 and B#47 = 67.9067
ROUND 2391 A#40 and B#47 = 66.5484
ROUND 2392 A#41 and B#47 = 66.9166
ROUND 2393 A#42 and B#47 = 127.519
ROUND 2394 A#43 and B#47 = 135.026
ROUND 2395 A#44 and B#47 = 122.762
ROUND 2396 A#45 and B#47 = 107.241
ROUND 2397 A#46 and B#47 = 120.356
ROUND 2398 A#47 and B#47 = 254.294
ROUND 2399 A#48 and B#47 = 85.9892
ROUND 2400 A#49 and B#47 = 253.903
ROUND 2401 A#0 and B#48 = 112.719
ROUND 2402 A#1 and B#48 = 94.4034
ROUND 2403 A#2 and B#48 = 333.093
ROUND 2404 A#3 and B#48 = 125.235
ROUND 2405 A#4 and B#48 = 261.544
ROUND 2406 A#5 and B#48 = 343.717
ROUND 2407 A#6 and B#48 = 169.69
ROUND 2408 A#7 and B#48 = 261.594
ROUND 2409 A#8 and B#48 = 183.115
ROUND 2410 A#9 and B#48 = 112.738
ROUND 2411 A#10 and B#48 = 261.585
ROUND 2412 A#11 and B#48 = 83.3162
ROUND 2413 A#12 and B#48 = 115.543
ROUND 2414 A#13 and B#48 = 88.3873
ROUND 2415 A#14 and B#48 = 261.596
ROUND 2416 A#15 and B#48 = 270.301
ROUND 2417 A#16 and B#48 = 216.704
ROUND 2418 A#17 and B#48 = 98.5876
ROUND 2419 A#18 and B#48 = 121.338
ROUND 2420 A#19 and B#48 = 59.8799
ROUND 2421 A#20 and B#48 = 98.966
ROUND 2422 A#21 and B#48 = 85.7686
ROUND 2423 A#22 and B#48 = 261.915
ROUND 2424 A#23 and B#48 = 88.6988
ROUND 2425 A#24 and B#48 = 178.91
ROUND 2426 A#25 and B#48 = 95.198
ROUND 2427 A#26 and B#48 = 80.0376
ROUND 2428 A#27 and B#48 = 186.188
ROUND 2429 A#28 and B#48 = 102.493
ROUND 2430 A#29 and B#48 = 100.051
ROUND 2431 A#30 and B#48 = 120.783
ROUND 2432 A#31 and B#48 = 88.411
ROUND 2433 A#32 and B#48 = 91.374
ROUND 2434 A#33 and B#48 = 259.799
ROUND 2435 A#34 and B#48 = 152.935
ROUND 2436 A#35 and B#48 = 125.326
ROUND 2437 A#36 and B#48 = 107.667
ROUND 2438 A#37 and B#48 = 87.2182
ROUND 2439 A#38 and B#48 = 103.108
ROUND 2440 A#39 and B#48 = 66.5989
ROUND 2441 A#40 and B#48 = 66.711
ROUND 2442 A#41 and B#48 = 65.7017
ROUND 2443 A#42 and B#48 = 129.228
ROUND 2444 A#43 and B#48 = 101.017
ROUND 2445 A#44 and B#48 = 101.528
ROUND 2446 A#45 and B#48 = 115.097
ROUND 2447 A#46 and B#48 = 99.3909
ROUND 2448 A#47 and B#48 = 252.832
ROUND 2449 A#48 and B#48 = 86.41
ROUND 2450 A#49 and B#48 = 251.497
ROUND 2451 A#0 and B#49 = 137.334
ROUND 2452 A#1 and B#49 = 152.03
ROUND 2453 A#2 and B#49 = 281.22
ROUND 2454 A#3 and B#49 = 117.679
ROUND 2455 A#4 and B#49 = 129.51
ROUND 2456 A#5 and B#49 = 123.882
ROUND 2457 A#6 and B#49 = 94.2564
ROUND 2458 A#7 and B#49 = 129.886
ROUND 2459 A#8 and B#49 = 275.725
ROUND 2460 A#9 and B#49 = 137.297
ROUND 2461 A#10 and B#49 = 130.237
ROUND 2462 A#11 and B#49 = 248.905
ROUND 2463 A#12 and B#49 = 106.207
ROUND 2464 A#13 and B#49 = 344.83
ROUND 2465 A#14 and B#49 = 272.965
ROUND 2466 A#15 and B#49 = 251.271
ROUND 2467 A#16 and B#49 = 309.105
ROUND 2468 A#17 and B#49 = 190.245
ROUND 2469 A#18 and B#49 = 244.508
ROUND 2470 A#19 and B#49 = 309.908
ROUND 2471 A#20 and B#49 = 248.114
ROUND 2472 A#21 and B#49 = 242.372
ROUND 2473 A#22 and B#49 = 273.62
ROUND 2474 A#23 and B#49 = 289.707
ROUND 2475 A#24 and B#49 = 110.342
ROUND 2476 A#25 and B#49 = 135.823
ROUND 2477 A#26 and B#49 = 246.156
ROUND 2478 A#27 and B#49 = 100.084
ROUND 2479 A#28 and B#49 = 155.803
ROUND 2480 A#29 and B#49 = 100.27
ROUND 2481 A#30 and B#49 = 207.236
ROUND 2482 A#31 and B#49 = 289.75
ROUND 2483 A#32 and B#49 = 306.089
ROUND 2484 A#33 and B#49 = 281.364
ROUND 2485 A#34 and B#49 = 112.977
ROUND 2486 A#35 and B#49 = 201.287
ROUND 2487 A#36 and B#49 = 109.552
ROUND 2488 A#37 and B#49 = 289.643
ROUND 2489 A#38 and B#49 = 9.61204
ROUND 2490 A#39 and B#49 = 174.812
ROUND 2491 A#40 and B#49 = 297.957
ROUND 2492 A#41 and B#49 = 344.489
ROUND 2493 A#42 and B#49 = 114.475
ROUND 2494 A#43 and B#49 = 108.398
ROUND 2495 A#44 and B#49 = 251.422
ROUND 2496 A#45 and B#49 = 175.834
ROUND 2497 A#46 and B#49 = 308.798
ROUND 2498 A#47 and B#49 = 106.138
ROUND 2499 A#48 and B#49 = 126.509
ROUND 2500 A#49 and B#49 = 108.013

The best overlap is between conformer A#34 and B#43, which, after PCA followed by Steepest Descent, produces a volume overlap of 363.408
Tanimoto (Hodgkin) similarity index: 0.438278

Saving those best conformers to file...
WRITING MOLECULE TO FILE '../ALL_PAIRS_BQ123_AS_REFERENCE/ROKS3/BQ123-ZD1611a.mol2' (WILL OVERWRITE EXISTING FILE IF ANY)...
WRITING MOLECULE TO FILE '../ALL_PAIRS_BQ123_AS_REFERENCE/ROKS3/BQ123-ZD1611a.mol2'...
