Finished importing molecules
WARNING: LAPACK DSYEV() RETURNED NON-ZERO ERROR CODE 2
WARNING: LAPACK DSYEV() RETURNED NON-ZERO ERROR CODE 2
WARNING: LAPACK DSYEV() RETURNED NON-ZERO ERROR CODE 2
WARNING: LAPACK DSYEV() RETURNED NON-ZERO ERROR CODE 2
WARNING: LAPACK DSYEV() RETURNED NON-ZERO ERROR CODE 2
WARNING: LAPACK DSYEV() RETURNED NON-ZERO ERROR CODE 2
WARNING: LAPACK DSYEV() RETURNED NON-ZERO ERROR CODE 2
WARNING: LAPACK DSYEV() RETURNED NON-ZERO ERROR CODE 2
WARNING: LAPACK DSYEV() RETURNED NON-ZERO ERROR CODE 2
WARNING: LAPACK DSYEV() RETURNED NON-ZERO ERROR CODE 2
WARNING: LAPACK DSYEV() RETURNED NON-ZERO ERROR CODE 2
WARNING: LAPACK DSYEV() RETURNED NON-ZERO ERROR CODE 2
WARNING: LAPACK DSYEV() RETURNED NON-ZERO ERROR CODE 2
WARNING: LAPACK DSYEV() RETURNED NON-ZERO ERROR CODE 2
WARNING: LAPACK DSYEV() RETURNED NON-ZERO ERROR CODE 3
WARNING: LAPACK DSYEV() RETURNED NON-ZERO ERROR CODE 3
WARNING: LAPACK DSYEV() RETURNED NON-ZERO ERROR CODE 2
WARNING: LAPACK DSYEV() RETURNED NON-ZERO ERROR CODE 3
WARNING: LAPACK DSYEV() RETURNED NON-ZERO ERROR CODE 2
WARNING: LAPACK DSYEV() RETURNED NON-ZERO ERROR CODE 2
WARNING: LAPACK DSYEV() RETURNED NON-ZERO ERROR CODE 2
WARNING: LAPACK DSYEV() RETURNED NON-ZERO ERROR CODE 2
WARNING: LAPACK DSYEV() RETURNED NON-ZERO ERROR CODE 2
WARNING: LAPACK DSYEV() RETURNED NON-ZERO ERROR CODE 2
WARNING: LAPACK DSYEV() RETURNED NON-ZERO ERROR CODE 3
WARNING: LAPACK DSYEV() RETURNED NON-ZERO ERROR CODE 2
WARNING: LAPACK DSYEV() RETURNED NON-ZERO ERROR CODE 2
WARNING: LAPACK DSYEV() RETURNED NON-ZERO ERROR CODE 2
WARNING: LAPACK DSYEV() RETURNED NON-ZERO ERROR CODE 2
WARNING: LAPACK DSYEV() RETURNED NON-ZERO ERROR CODE 2
WARNING: LAPACK DSYEV() RETURNED NON-ZERO ERROR CODE 2
WARNING: LAPACK DSYEV() RETURNED NON-ZERO ERROR CODE 2
WARNING: LAPACK DSYEV() RETURNED NON-ZERO ERROR CODE 2
WARNING: LAPACK DSYEV() RETURNED NON-ZERO ERROR CODE 2
WARNING: LAPACK DSYEV() RETURNED NON-ZERO ERROR CODE 2
WARNING: LAPACK DSYEV() RETURNED NON-ZERO ERROR CODE 2
WARNING: LAPACK DSYEV() RETURNED NON-ZERO ERROR CODE 2
WARNING: LAPACK DSYEV() RETURNED NON-ZERO ERROR CODE 2
WARNING: LAPACK DSYEV() RETURNED NON-ZERO ERROR CODE 2
WARNING: LAPACK DSYEV() RETURNED NON-ZERO ERROR CODE 2
WARNING: LAPACK DSYEV() RETURNED NON-ZERO ERROR CODE 2
WARNING: LAPACK DSYEV() RETURNED NON-ZERO ERROR CODE 2
WARNING: LAPACK DSYEV() RETURNED NON-ZERO ERROR CODE 3
WARNING: LAPACK DSYEV() RETURNED NON-ZERO ERROR CODE 2
WARNING: LAPACK DSYEV() RETURNED NON-ZERO ERROR CODE 2
WARNING: LAPACK DSYEV() RETURNED NON-ZERO ERROR CODE 2
WARNING: LAPACK DSYEV() RETURNED NON-ZERO ERROR CODE 2
WARNING: LAPACK DSYEV() RETURNED NON-ZERO ERROR CODE 2
WARNING: LAPACK DSYEV() RETURNED NON-ZERO ERROR CODE 2
WARNING: LAPACK DSYEV() RETURNED NON-ZERO ERROR CODE 2
WARNING: LAPACK DSYEV() RETURNED NON-ZERO ERROR CODE 2
WARNING: LAPACK DSYEV() RETURNED NON-ZERO ERROR CODE 3
WARNING: LAPACK DSYEV() RETURNED NON-ZERO ERROR CODE 3
WARNING: LAPACK DSYEV() RETURNED NON-ZERO ERROR CODE 2
WARNING: LAPACK DSYEV() RETURNED NON-ZERO ERROR CODE 3
WARNING: LAPACK DSYEV() RETURNED NON-ZERO ERROR CODE 2
WARNING: LAPACK DSYEV() RETURNED NON-ZERO ERROR CODE 2
WARNING: LAPACK DSYEV() RETURNED NON-ZERO ERROR CODE 3
WARNING: LAPACK DSYEV() RETURNED NON-ZERO ERROR CODE 3
WARNING: LAPACK DSYEV() RETURNED NON-ZERO ERROR CODE 3
WARNING: LAPACK DSYEV() RETURNED NON-ZERO ERROR CODE 2
WARNING: LAPACK DSYEV() RETURNED NON-ZERO ERROR CODE 3
WARNING: LAPACK DSYEV() RETURNED NON-ZERO ERROR CODE 2
WARNING: LAPACK DSYEV() RETURNED NON-ZERO ERROR CODE 3
WARNING: LAPACK DSYEV() RETURNED NON-ZERO ERROR CODE 2
WARNING: LAPACK DSYEV() RETURNED NON-ZERO ERROR CODE 2
WARNING: LAPACK DSYEV() RETURNED NON-ZERO ERROR CODE 3
WARNING: LAPACK DSYEV() RETURNED NON-ZERO ERROR CODE 2
WARNING: LAPACK DSYEV() RETURNED NON-ZERO ERROR CODE 2
WARNING: LAPACK DSYEV() RETURNED NON-ZERO ERROR CODE 2
WARNING: LAPACK DSYEV() RETURNED NON-ZERO ERROR CODE 2
WARNING: LAPACK DSYEV() RETURNED NON-ZERO ERROR CODE 3
WARNING: LAPACK DSYEV() RETURNED NON-ZERO ERROR CODE 3
WARNING: LAPACK DSYEV() RETURNED NON-ZERO ERROR CODE 3
WARNING: LAPACK DSYEV() RETURNED NON-ZERO ERROR CODE 3
WARNING: LAPACK DSYEV() RETURNED NON-ZERO ERROR CODE 3
WARNING: LAPACK DSYEV() RETURNED NON-ZERO ERROR CODE 2
WARNING: LAPACK DSYEV() RETURNED NON-ZERO ERROR CODE 2
WARNING: LAPACK DSYEV() RETURNED NON-ZERO ERROR CODE 3
WARNING: LAPACK DSYEV() RETURNED NON-ZERO ERROR CODE 3
WARNING: LAPACK DSYEV() RETURNED NON-ZERO ERROR CODE 2
WARNING: LAPACK DSYEV() RETURNED NON-ZERO ERROR CODE 3
WARNING: LAPACK DSYEV() RETURNED NON-ZERO ERROR CODE 2
WARNING: LAPACK DSYEV() RETURNED NON-ZERO ERROR CODE 3
WARNING: LAPACK DSYEV() RETURNED NON-ZERO ERROR CODE 2
WARNING: LAPACK DSYEV() RETURNED NON-ZERO ERROR CODE 3
WARNING: LAPACK DSYEV() RETURNED NON-ZERO ERROR CODE 3
WARNING: LAPACK DSYEV() RETURNED NON-ZERO ERROR CODE 2
WARNING: LAPACK DSYEV() RETURNED NON-ZERO ERROR CODE 2
WARNING: LAPACK DSYEV() RETURNED NON-ZERO ERROR CODE 3
WARNING: LAPACK DSYEV() RETURNED NON-ZERO ERROR CODE 3
WARNING: LAPACK DSYEV() RETURNED NON-ZERO ERROR CODE 3
WARNING: LAPACK DSYEV() RETURNED NON-ZERO ERROR CODE 3
WARNING: LAPACK DSYEV() RETURNED NON-ZERO ERROR CODE 3
WARNING: LAPACK DSYEV() RETURNED NON-ZERO ERROR CODE 2
WARNING: LAPACK DSYEV() RETURNED NON-ZERO ERROR CODE 2
WARNING: LAPACK DSYEV() RETURNED NON-ZERO ERROR CODE 2
WARNING: LAPACK DSYEV() RETURNED NON-ZERO ERROR CODE 2
WARNING: LAPACK DSYEV() RETURNED NON-ZERO ERROR CODE 2
WARNING: LAPACK DSYEV() RETURNED NON-ZERO ERROR CODE 3
Finished setting up data; running search...
ROUND 1 A#0 and B#0 = 688.429
ROUND 2 A#1 and B#0 = 660.902
ROUND 3 A#2 and B#0 = 649.441
ROUND 4 A#3 and B#0 = 662.691
ROUND 5 A#4 and B#0 = 661.531
ROUND 6 A#5 and B#0 = 675.346
ROUND 7 A#6 and B#0 = 709.601
ROUND 8 A#7 and B#0 = 617.678
ROUND 9 A#8 and B#0 = 675.009
ROUND 10 A#9 and B#0 = 738.677
ROUND 11 A#10 and B#0 = 671.688
ROUND 12 A#11 and B#0 = 713.92
ROUND 13 A#12 and B#0 = 675.134
ROUND 14 A#13 and B#0 = 734.993
ROUND 15 A#14 and B#0 = 752.883
ROUND 16 A#15 and B#0 = 752.67
ROUND 17 A#16 and B#0 = 722.639
ROUND 18 A#17 and B#0 = 670.929
ROUND 19 A#18 and B#0 = 640.636
ROUND 20 A#19 and B#0 = 596.262
ROUND 21 A#20 and B#0 = 559.225
ROUND 22 A#21 and B#0 = 637.112
ROUND 23 A#22 and B#0 = 649.731
ROUND 24 A#23 and B#0 = 708.553
ROUND 25 A#24 and B#0 = 605.448
ROUND 26 A#25 and B#0 = 698.544
ROUND 27 A#26 and B#0 = 672.872
ROUND 28 A#27 and B#0 = 629.482
ROUND 29 A#28 and B#0 = 710.394
ROUND 30 A#29 and B#0 = 734.281
ROUND 31 A#30 and B#0 = 650.308
ROUND 32 A#31 and B#0 = 577.296
ROUND 33 A#32 and B#0 = 713.232
ROUND 34 A#33 and B#0 = 693.922
ROUND 35 A#34 and B#0 = 675.65
ROUND 36 A#35 and B#0 = 739.655
ROUND 37 A#36 and B#0 = 680.267
ROUND 38 A#37 and B#0 = 685.36
ROUND 39 A#38 and B#0 = 674.389
ROUND 40 A#39 and B#0 = 787.641
ROUND 41 A#40 and B#0 = 676.51
ROUND 42 A#41 and B#0 = 686.246
ROUND 43 A#42 and B#0 = 591.292
ROUND 44 A#43 and B#0 = 639.117
ROUND 45 A#44 and B#0 = 613.221
ROUND 46 A#45 and B#0 = 688.228
ROUND 47 A#46 and B#0 = 673.002
ROUND 48 A#47 and B#0 = 640.382
ROUND 49 A#48 and B#0 = 601.044
ROUND 50 A#49 and B#0 = 676.259
ROUND 51 A#0 and B#1 = 732.32
ROUND 52 A#1 and B#1 = 727.894
ROUND 53 A#2 and B#1 = 782.649
ROUND 54 A#3 and B#1 = 736.535
ROUND 55 A#4 and B#1 = 715.859
ROUND 56 A#5 and B#1 = 677.201
ROUND 57 A#6 and B#1 = 696.779
ROUND 58 A#7 and B#1 = 636.74
ROUND 59 A#8 and B#1 = 738.535
ROUND 60 A#9 and B#1 = 801.207
ROUND 61 A#10 and B#1 = 674.098
ROUND 62 A#11 and B#1 = 691.551
ROUND 63 A#12 and B#1 = 655.22
ROUND 64 A#13 and B#1 = 793.117
ROUND 65 A#14 and B#1 = 608.223
ROUND 66 A#15 and B#1 = 613.285
ROUND 67 A#16 and B#1 = 781.133
ROUND 68 A#17 and B#1 = 746.021
ROUND 69 A#18 and B#1 = 708.611
ROUND 70 A#19 and B#1 = 693.276
ROUND 71 A#20 and B#1 = 721.771
ROUND 72 A#21 and B#1 = 775.566
ROUND 73 A#22 and B#1 = 750.22
ROUND 74 A#23 and B#1 = 787.992
ROUND 75 A#24 and B#1 = 605.478
ROUND 76 A#25 and B#1 = 789.415
ROUND 77 A#26 and B#1 = 680.667
ROUND 78 A#27 and B#1 = 782.813
ROUND 79 A#28 and B#1 = 715.781
ROUND 80 A#29 and B#1 = 794.775
ROUND 81 A#30 and B#1 = 699.611
ROUND 82 A#31 and B#1 = 539.303
ROUND 83 A#32 and B#1 = 717.133
ROUND 84 A#33 and B#1 = 753.734
ROUND 85 A#34 and B#1 = 677.857
ROUND 86 A#35 and B#1 = 801.428
ROUND 87 A#36 and B#1 = 666.92
ROUND 88 A#37 and B#1 = 646.126
ROUND 89 A#38 and B#1 = 679.16
ROUND 90 A#39 and B#1 = 693.56
ROUND 91 A#40 and B#1 = 678.901
ROUND 92 A#41 and B#1 = 737.77
ROUND 93 A#42 and B#1 = 612.093
ROUND 94 A#43 and B#1 = 756.708
ROUND 95 A#44 and B#1 = 746.589
ROUND 96 A#45 and B#1 = 732.435
ROUND 97 A#46 and B#1 = 678.084
ROUND 98 A#47 and B#1 = 736.36
ROUND 99 A#48 and B#1 = 689.44
ROUND 100 A#49 and B#1 = 685.794
ROUND 101 A#0 and B#2 = 730.102
ROUND 102 A#1 and B#2 = 727.941
ROUND 103 A#2 and B#2 = 786.169
ROUND 104 A#3 and B#2 = 752.118
ROUND 105 A#4 and B#2 = 715.065
ROUND 106 A#5 and B#2 = 667.729
ROUND 107 A#6 and B#2 = 624.55
ROUND 108 A#7 and B#2 = 637.692
ROUND 109 A#8 and B#2 = 738.734
ROUND 110 A#9 and B#2 = 800.075
ROUND 111 A#10 and B#2 = 665.118
ROUND 112 A#11 and B#2 = 689.261
ROUND 113 A#12 and B#2 = 680.106
ROUND 114 A#13 and B#2 = 791.482
ROUND 115 A#14 and B#2 = 612.679
ROUND 116 A#15 and B#2 = 662.755
ROUND 117 A#16 and B#2 = 781.005
ROUND 118 A#17 and B#2 = 746.885
ROUND 119 A#18 and B#2 = 644.55
ROUND 120 A#19 and B#2 = 695.595
ROUND 121 A#20 and B#2 = 724.208
ROUND 122 A#21 and B#2 = 779.36
ROUND 123 A#22 and B#2 = 751.756
ROUND 124 A#23 and B#2 = 786.877
ROUND 125 A#24 and B#2 = 630.096
ROUND 126 A#25 and B#2 = 789.544
ROUND 127 A#26 and B#2 = 672.96
ROUND 128 A#27 and B#2 = 784.411
ROUND 129 A#28 and B#2 = 709.682
ROUND 130 A#29 and B#2 = 793.103
ROUND 131 A#30 and B#2 = 702.441
ROUND 132 A#31 and B#2 = 636.293
ROUND 133 A#32 and B#2 = 712.254
ROUND 134 A#33 and B#2 = 753.429
ROUND 135 A#34 and B#2 = 667.862
ROUND 136 A#35 and B#2 = 799.66
ROUND 137 A#36 and B#2 = 670.104
ROUND 138 A#37 and B#2 = 741.067
ROUND 139 A#38 and B#2 = 669.468
ROUND 140 A#39 and B#2 = 732.017
ROUND 141 A#40 and B#2 = 668.412
ROUND 142 A#41 and B#2 = 739.015
ROUND 143 A#42 and B#2 = 630.06
ROUND 144 A#43 and B#2 = 758.885
ROUND 145 A#44 and B#2 = 749.776
ROUND 146 A#45 and B#2 = 730.159
ROUND 147 A#46 and B#2 = 668.86
ROUND 148 A#47 and B#2 = 737.604
ROUND 149 A#48 and B#2 = 692.507
ROUND 150 A#49 and B#2 = 688.125
ROUND 151 A#0 and B#3 = 706.853
ROUND 152 A#1 and B#3 = 629.455
ROUND 153 A#2 and B#3 = 673.411
ROUND 154 A#3 and B#3 = 746.457
ROUND 155 A#4 and B#3 = 631.859
ROUND 156 A#5 and B#3 = 808.237
ROUND 157 A#6 and B#3 = 620.445
ROUND 158 A#7 and B#3 = 582.684
ROUND 159 A#8 and B#3 = 668.22
ROUND 160 A#9 and B#3 = 781.173
ROUND 161 A#10 and B#3 = 779.125
ROUND 162 A#11 and B#3 = 633.85
ROUND 163 A#12 and B#3 = 783.738
ROUND 164 A#13 and B#3 = 758.791
ROUND 165 A#14 and B#3 = 790.722
ROUND 166 A#15 and B#3 = 788.125
ROUND 167 A#16 and B#3 = 727.905
ROUND 168 A#17 and B#3 = 742.445
ROUND 169 A#18 and B#3 = 787.664
ROUND 170 A#19 and B#3 = 655.586
ROUND 171 A#20 and B#3 = 633.646
ROUND 172 A#21 and B#3 = 657.188
ROUND 173 A#22 and B#3 = 675.158
ROUND 174 A#23 and B#3 = 762.627
ROUND 175 A#24 and B#3 = 774.548
ROUND 176 A#25 and B#3 = 770.586
ROUND 177 A#26 and B#3 = 795.696
ROUND 178 A#27 and B#3 = 744.662
ROUND 179 A#28 and B#3 = 776.364
ROUND 180 A#29 and B#3 = 758.854
ROUND 181 A#30 and B#3 = 658.078
ROUND 182 A#31 and B#3 = 603.69
ROUND 183 A#32 and B#3 = 802.979
ROUND 184 A#33 and B#3 = 672.455
ROUND 185 A#34 and B#3 = 809.703
ROUND 186 A#35 and B#3 = 764.89
ROUND 187 A#36 and B#3 = 608.338
ROUND 188 A#37 and B#3 = 690.815
ROUND 189 A#38 and B#3 = 812.419
ROUND 190 A#39 and B#3 = 742.902
ROUND 191 A#40 and B#3 = 808.137
ROUND 192 A#41 and B#3 = 696.88
ROUND 193 A#42 and B#3 = 533.712
ROUND 194 A#43 and B#3 = 660.598
ROUND 195 A#44 and B#3 = 642.467
ROUND 196 A#45 and B#3 = 704.33
ROUND 197 A#46 and B#3 = 813.134
ROUND 198 A#47 and B#3 = 647.226
ROUND 199 A#48 and B#3 = 654.934
ROUND 200 A#49 and B#3 = 652.355
ROUND 201 A#0 and B#4 = 700.037
ROUND 202 A#1 and B#4 = 690.004
ROUND 203 A#2 and B#4 = 749.126
ROUND 204 A#3 and B#4 = 764.03
ROUND 205 A#4 and B#4 = 701.772
ROUND 206 A#5 and B#4 = 702.362
ROUND 207 A#6 and B#4 = 706.566
ROUND 208 A#7 and B#4 = 645.815
ROUND 209 A#8 and B#4 = 671.879
ROUND 210 A#9 and B#4 = 806.608
ROUND 211 A#10 and B#4 = 707.09
ROUND 212 A#11 and B#4 = 694.162
ROUND 213 A#12 and B#4 = 694.091
ROUND 214 A#13 and B#4 = 767.662
ROUND 215 A#14 and B#4 = 637.814
ROUND 216 A#15 and B#4 = 640.134
ROUND 217 A#16 and B#4 = 771.023
ROUND 218 A#17 and B#4 = 736.861
ROUND 219 A#18 and B#4 = 713.004
ROUND 220 A#19 and B#4 = 638.699
ROUND 221 A#20 and B#4 = 713.252
ROUND 222 A#21 and B#4 = 746.805
ROUND 223 A#22 and B#4 = 718.852
ROUND 224 A#23 and B#4 = 760.672
ROUND 225 A#24 and B#4 = 618.142
ROUND 226 A#25 and B#4 = 736.359
ROUND 227 A#26 and B#4 = 706.965
ROUND 228 A#27 and B#4 = 772.61
ROUND 229 A#28 and B#4 = 716.961
ROUND 230 A#29 and B#4 = 767.189
ROUND 231 A#30 and B#4 = 662.57
ROUND 232 A#31 and B#4 = 640.784
ROUND 233 A#32 and B#4 = 713.899
ROUND 234 A#33 and B#4 = 694.101
ROUND 235 A#34 and B#4 = 704.53
ROUND 236 A#35 and B#4 = 772.38
ROUND 237 A#36 and B#4 = 610.546
ROUND 238 A#37 and B#4 = 733.313
ROUND 239 A#38 and B#4 = 708.129
ROUND 240 A#39 and B#4 = 704.931
ROUND 241 A#40 and B#4 = 706.427
ROUND 242 A#41 and B#4 = 720.139
ROUND 243 A#42 and B#4 = 615.391
ROUND 244 A#43 and B#4 = 753.429
ROUND 245 A#44 and B#4 = 726.34
ROUND 246 A#45 and B#4 = 707.346
ROUND 247 A#46 and B#4 = 704.346
ROUND 248 A#47 and B#4 = 693.162
ROUND 249 A#48 and B#4 = 637.638
ROUND 250 A#49 and B#4 = 636.427
ROUND 251 A#0 and B#5 = 638.823
ROUND 252 A#1 and B#5 = 627.641
ROUND 253 A#2 and B#5 = 667.551
ROUND 254 A#3 and B#5 = 693.025
ROUND 255 A#4 and B#5 = 629.738
ROUND 256 A#5 and B#5 = 784.306
ROUND 257 A#6 and B#5 = 618.478
ROUND 258 A#7 and B#5 = 581.516
ROUND 259 A#8 and B#5 = 665.833
ROUND 260 A#9 and B#5 = 762.49
ROUND 261 A#10 and B#5 = 749.817
ROUND 262 A#11 and B#5 = 633.391
ROUND 263 A#12 and B#5 = 765.578
ROUND 264 A#13 and B#5 = 767.685
ROUND 265 A#14 and B#5 = 768.897
ROUND 266 A#15 and B#5 = 765.54
ROUND 267 A#16 and B#5 = 757.171
ROUND 268 A#17 and B#5 = 741.344
ROUND 269 A#18 and B#5 = 756.968
ROUND 270 A#19 and B#5 = 692.632
ROUND 271 A#20 and B#5 = 666.451
ROUND 272 A#21 and B#5 = 650.887
ROUND 273 A#22 and B#5 = 670.05
ROUND 274 A#23 and B#5 = 748.634
ROUND 275 A#24 and B#5 = 556.688
ROUND 276 A#25 and B#5 = 768.229
ROUND 277 A#26 and B#5 = 766.05
ROUND 278 A#27 and B#5 = 778.951
ROUND 279 A#28 and B#5 = 701.522
ROUND 280 A#29 and B#5 = 768.24
ROUND 281 A#30 and B#5 = 663.636
ROUND 282 A#31 and B#5 = 606.472
ROUND 283 A#32 and B#5 = 702.567
ROUND 284 A#33 and B#5 = 670.355
ROUND 285 A#34 and B#5 = 786.098
ROUND 286 A#35 and B#5 = 775.671
ROUND 287 A#36 and B#5 = 608.594
ROUND 288 A#37 and B#5 = 639.766
ROUND 289 A#38 and B#5 = 788.392
ROUND 290 A#39 and B#5 = 793.041
ROUND 291 A#40 and B#5 = 784.74
ROUND 292 A#41 and B#5 = 640.383
ROUND 293 A#42 and B#5 = 535.31
ROUND 294 A#43 and B#5 = 654.705
ROUND 295 A#44 and B#5 = 636.818
ROUND 296 A#45 and B#5 = 638.176
ROUND 297 A#46 and B#5 = 788.835
ROUND 298 A#47 and B#5 = 643.06
ROUND 299 A#48 and B#5 = 693.998
ROUND 300 A#49 and B#5 = 699.782
ROUND 301 A#0 and B#6 = 762.818
ROUND 302 A#1 and B#6 = 682.842
ROUND 303 A#2 and B#6 = 748.751
ROUND 304 A#3 and B#6 = 739.559
ROUND 305 A#4 and B#6 = 700.456
ROUND 306 A#5 and B#6 = 706.911
ROUND 307 A#6 and B#6 = 749.293
ROUND 308 A#7 and B#6 = 687.144
ROUND 309 A#8 and B#6 = 723.351
ROUND 310 A#9 and B#6 = 729.984
ROUND 311 A#10 and B#6 = 707.613
ROUND 312 A#11 and B#6 = 757.132
ROUND 313 A#12 and B#6 = 672.884
ROUND 314 A#13 and B#6 = 686.531
ROUND 315 A#14 and B#6 = 676.794
ROUND 316 A#15 and B#6 = 678.148
ROUND 317 A#16 and B#6 = 676.184
ROUND 318 A#17 and B#6 = 628.571
ROUND 319 A#18 and B#6 = 627.795
ROUND 320 A#19 and B#6 = 723.296
ROUND 321 A#20 and B#6 = 739.976
ROUND 322 A#21 and B#6 = 747.528
ROUND 323 A#22 and B#6 = 728.817
ROUND 324 A#23 and B#6 = 686.678
ROUND 325 A#24 and B#6 = 639.644
ROUND 326 A#25 and B#6 = 691
ROUND 327 A#26 and B#6 = 725.083
ROUND 328 A#27 and B#6 = 667.948
ROUND 329 A#28 and B#6 = 719.553
ROUND 330 A#29 and B#6 = 685.423
ROUND 331 A#30 and B#6 = 735.157
ROUND 332 A#31 and B#6 = 657.051
ROUND 333 A#32 and B#6 = 678.339
ROUND 334 A#33 and B#6 = 727.194
ROUND 335 A#34 and B#6 = 708.586
ROUND 336 A#35 and B#6 = 685.097
ROUND 337 A#36 and B#6 = 696.356
ROUND 338 A#37 and B#6 = 731.535
ROUND 339 A#38 and B#6 = 710.925
ROUND 340 A#39 and B#6 = 694.685
ROUND 341 A#40 and B#6 = 707.578
ROUND 342 A#41 and B#6 = 725.088
ROUND 343 A#42 and B#6 = 650.848
ROUND 344 A#43 and B#6 = 746.721
ROUND 345 A#44 and B#6 = 727.712
ROUND 346 A#45 and B#6 = 770.402
ROUND 347 A#46 and B#6 = 708.764
ROUND 348 A#47 and B#6 = 716.033
ROUND 349 A#48 and B#6 = 719.786
ROUND 350 A#49 and B#6 = 719.109
ROUND 351 A#0 and B#7 = 734.044
ROUND 352 A#1 and B#7 = 726.968
ROUND 353 A#2 and B#7 = 783.458
ROUND 354 A#3 and B#7 = 737.676
ROUND 355 A#4 and B#7 = 714.544
ROUND 356 A#5 and B#7 = 678.23
ROUND 357 A#6 and B#7 = 695.429
ROUND 358 A#7 and B#7 = 639.563
ROUND 359 A#8 and B#7 = 738.274
ROUND 360 A#9 and B#7 = 802.497
ROUND 361 A#10 and B#7 = 675.294
ROUND 362 A#11 and B#7 = 688.821
ROUND 363 A#12 and B#7 = 656.468
ROUND 364 A#13 and B#7 = 795.303
ROUND 365 A#14 and B#7 = 606.794
ROUND 366 A#15 and B#7 = 646.952
ROUND 367 A#16 and B#7 = 784.104
ROUND 368 A#17 and B#7 = 746.268
ROUND 369 A#18 and B#7 = 709.973
ROUND 370 A#19 and B#7 = 693.492
ROUND 371 A#20 and B#7 = 722.312
ROUND 372 A#21 and B#7 = 776.985
ROUND 373 A#22 and B#7 = 748.557
ROUND 374 A#23 and B#7 = 791.791
ROUND 375 A#24 and B#7 = 606.169
ROUND 376 A#25 and B#7 = 788.43
ROUND 377 A#26 and B#7 = 681.918
ROUND 378 A#27 and B#7 = 785.061
ROUND 379 A#28 and B#7 = 716.513
ROUND 380 A#29 and B#7 = 796.903
ROUND 381 A#30 and B#7 = 701.643
ROUND 382 A#31 and B#7 = 540.938
ROUND 383 A#32 and B#7 = 718.112
ROUND 384 A#33 and B#7 = 752.571
ROUND 385 A#34 and B#7 = 679.043
ROUND 386 A#35 and B#7 = 803.404
ROUND 387 A#36 and B#7 = 670.841
ROUND 388 A#37 and B#7 = 647.731
ROUND 389 A#38 and B#7 = 680.308
ROUND 390 A#39 and B#7 = 694.567
ROUND 391 A#40 and B#7 = 680.145
ROUND 392 A#41 and B#7 = 740.6
ROUND 393 A#42 and B#7 = 638.915
ROUND 394 A#43 and B#7 = 757.568
ROUND 395 A#44 and B#7 = 749.194
ROUND 396 A#45 and B#7 = 734.251
ROUND 397 A#46 and B#7 = 679.261
ROUND 398 A#47 and B#7 = 734.033
ROUND 399 A#48 and B#7 = 690.091
ROUND 400 A#49 and B#7 = 686.279
ROUND 401 A#0 and B#8 = 675.972
ROUND 402 A#1 and B#8 = 704.674
ROUND 403 A#2 and B#8 = 703.482
ROUND 404 A#3 and B#8 = 787.554
ROUND 405 A#4 and B#8 = 706.298
ROUND 406 A#5 and B#8 = 703.816
ROUND 407 A#6 and B#8 = 728.758
ROUND 408 A#7 and B#8 = 617.396
ROUND 409 A#8 and B#8 = 688.357
ROUND 410 A#9 and B#8 = 716.457
ROUND 411 A#10 and B#8 = 693.558
ROUND 412 A#11 and B#8 = 713.205
ROUND 413 A#12 and B#8 = 696.969
ROUND 414 A#13 and B#8 = 621.489
ROUND 415 A#14 and B#8 = 673.335
ROUND 416 A#15 and B#8 = 672.372
ROUND 417 A#16 and B#8 = 622.755
ROUND 418 A#17 and B#8 = 637.024
ROUND 419 A#18 and B#8 = 737.641
ROUND 420 A#19 and B#8 = 658.938
ROUND 421 A#20 and B#8 = 679.645
ROUND 422 A#21 and B#8 = 700.844
ROUND 423 A#22 and B#8 = 696.692
ROUND 424 A#23 and B#8 = 633.739
ROUND 425 A#24 and B#8 = 670.355
ROUND 426 A#25 and B#8 = 622.95
ROUND 427 A#26 and B#8 = 703.632
ROUND 428 A#27 and B#8 = 649.72
ROUND 429 A#28 and B#8 = 731.908
ROUND 430 A#29 and B#8 = 620.862
ROUND 431 A#30 and B#8 = 657.407
ROUND 432 A#31 and B#8 = 602.274
ROUND 433 A#32 and B#8 = 740.286
ROUND 434 A#33 and B#8 = 642.403
ROUND 435 A#34 and B#8 = 703.157
ROUND 436 A#35 and B#8 = 623.942
ROUND 437 A#36 and B#8 = 705.371
ROUND 438 A#37 and B#8 = 562.39
ROUND 439 A#38 and B#8 = 700.868
ROUND 440 A#39 and B#8 = 735.621
ROUND 441 A#40 and B#8 = 707.15
ROUND 442 A#41 and B#8 = 556.892
ROUND 443 A#42 and B#8 = 632.137
ROUND 444 A#43 and B#8 = 611.193
ROUND 445 A#44 and B#8 = 686.608
ROUND 446 A#45 and B#8 = 701.474
ROUND 447 A#46 and B#8 = 700.301
ROUND 448 A#47 and B#8 = 676.636
ROUND 449 A#48 and B#8 = 654.558
ROUND 450 A#49 and B#8 = 651.058
ROUND 451 A#0 and B#9 = 687.024
ROUND 452 A#1 and B#9 = 724.323
ROUND 453 A#2 and B#9 = 698.809
ROUND 454 A#3 and B#9 = 792.743
ROUND 455 A#4 and B#9 = 725.986
ROUND 456 A#5 and B#9 = 696.102
ROUND 457 A#6 and B#9 = 744.808
ROUND 458 A#7 and B#9 = 619.229
ROUND 459 A#8 and B#9 = 657.922
ROUND 460 A#9 and B#9 = 733.039
ROUND 461 A#10 and B#9 = 684.797
ROUND 462 A#11 and B#9 = 732.869
ROUND 463 A#12 and B#9 = 693.608
ROUND 464 A#13 and B#9 = 628.017
ROUND 465 A#14 and B#9 = 661.051
ROUND 466 A#15 and B#9 = 659.723
ROUND 467 A#16 and B#9 = 629.861
ROUND 468 A#17 and B#9 = 652.788
ROUND 469 A#18 and B#9 = 751.129
ROUND 470 A#19 and B#9 = 650.814
ROUND 471 A#20 and B#9 = 672.196
ROUND 472 A#21 and B#9 = 696.375
ROUND 473 A#22 and B#9 = 697.191
ROUND 474 A#23 and B#9 = 647.214
ROUND 475 A#24 and B#9 = 678.64
ROUND 476 A#25 and B#9 = 643.174
ROUND 477 A#26 and B#9 = 696.232
ROUND 478 A#27 and B#9 = 644.815
ROUND 479 A#28 and B#9 = 736.265
ROUND 480 A#29 and B#9 = 627.595
ROUND 481 A#30 and B#9 = 644.644
ROUND 482 A#31 and B#9 = 605.155
ROUND 483 A#32 and B#9 = 741.615
ROUND 484 A#33 and B#9 = 647.959
ROUND 485 A#34 and B#9 = 695.847
ROUND 486 A#35 and B#9 = 631.108
ROUND 487 A#36 and B#9 = 699.221
ROUND 488 A#37 and B#9 = 565.033
ROUND 489 A#38 and B#9 = 693.273
ROUND 490 A#39 and B#9 = 742.294
ROUND 491 A#40 and B#9 = 699.932
ROUND 492 A#41 and B#9 = 558.069
ROUND 493 A#42 and B#9 = 633.286
ROUND 494 A#43 and B#9 = 609.334
ROUND 495 A#44 and B#9 = 684.551
ROUND 496 A#45 and B#9 = 671.642
ROUND 497 A#46 and B#9 = 692.508
ROUND 498 A#47 and B#9 = 677.142
ROUND 499 A#48 and B#9 = 648.775
ROUND 500 A#49 and B#9 = 653.763
ROUND 501 A#0 and B#10 = 706.178
ROUND 502 A#1 and B#10 = 627.818
ROUND 503 A#2 and B#10 = 670.341
ROUND 504 A#3 and B#10 = 747.986
ROUND 505 A#4 and B#10 = 630.327
ROUND 506 A#5 and B#10 = 812.376
ROUND 507 A#6 and B#10 = 620.134
ROUND 508 A#7 and B#10 = 582.453
ROUND 509 A#8 and B#10 = 669.378
ROUND 510 A#9 and B#10 = 784.958
ROUND 511 A#10 and B#10 = 783.003
ROUND 512 A#11 and B#10 = 635.284
ROUND 513 A#12 and B#10 = 790
ROUND 514 A#13 and B#10 = 762.698
ROUND 515 A#14 and B#10 = 792.153
ROUND 516 A#15 and B#10 = 789.484
ROUND 517 A#16 and B#10 = 731.564
ROUND 518 A#17 and B#10 = 743.877
ROUND 519 A#18 and B#10 = 787.647
ROUND 520 A#19 and B#10 = 655.952
ROUND 521 A#20 and B#10 = 633.146
ROUND 522 A#21 and B#10 = 654.059
ROUND 523 A#22 and B#10 = 674.807
ROUND 524 A#23 and B#10 = 766.648
ROUND 525 A#24 and B#10 = 570.17
ROUND 526 A#25 and B#10 = 769.547
ROUND 527 A#26 and B#10 = 799.292
ROUND 528 A#27 and B#10 = 748.208
ROUND 529 A#28 and B#10 = 777.328
ROUND 530 A#29 and B#10 = 762.757
ROUND 531 A#30 and B#10 = 658.298
ROUND 532 A#31 and B#10 = 604.444
ROUND 533 A#32 and B#10 = 804.139
ROUND 534 A#33 and B#10 = 673.151
ROUND 535 A#34 and B#10 = 813.606
ROUND 536 A#35 and B#10 = 768.921
ROUND 537 A#36 and B#10 = 609.119
ROUND 538 A#37 and B#10 = 690.048
ROUND 539 A#38 and B#10 = 816.503
ROUND 540 A#39 and B#10 = 747.199
ROUND 541 A#40 and B#10 = 812.229
ROUND 542 A#41 and B#10 = 695.989
ROUND 543 A#42 and B#10 = 535.173
ROUND 544 A#43 and B#10 = 657.539
ROUND 545 A#44 and B#10 = 639.536
ROUND 546 A#45 and B#10 = 703.668
ROUND 547 A#46 and B#10 = 817.37
ROUND 548 A#47 and B#10 = 647.22
ROUND 549 A#48 and B#10 = 655.06
ROUND 550 A#49 and B#10 = 652.456
ROUND 551 A#0 and B#11 = 730.79
ROUND 552 A#1 and B#11 = 728.432
ROUND 553 A#2 and B#11 = 785.534
ROUND 554 A#3 and B#11 = 752.414
ROUND 555 A#4 and B#11 = 715.024
ROUND 556 A#5 and B#11 = 663.654
ROUND 557 A#6 and B#11 = 621.013
ROUND 558 A#7 and B#11 = 637.388
ROUND 559 A#8 and B#11 = 737.873
ROUND 560 A#9 and B#11 = 800.965
ROUND 561 A#10 and B#11 = 661.074
ROUND 562 A#11 and B#11 = 689.162
ROUND 563 A#12 and B#11 = 679.803
ROUND 564 A#13 and B#11 = 791.695
ROUND 565 A#14 and B#11 = 612.478
ROUND 566 A#15 and B#11 = 662
ROUND 567 A#16 and B#11 = 780.57
ROUND 568 A#17 and B#11 = 745.334
ROUND 569 A#18 and B#11 = 706.447
ROUND 570 A#19 and B#11 = 694.159
ROUND 571 A#20 and B#11 = 724.233
ROUND 572 A#21 and B#11 = 778.871
ROUND 573 A#22 and B#11 = 751.277
ROUND 574 A#23 and B#11 = 787.926
ROUND 575 A#24 and B#11 = 628.108
ROUND 576 A#25 and B#11 = 788.916
ROUND 577 A#26 and B#11 = 668.805
ROUND 578 A#27 and B#11 = 783.696
ROUND 579 A#28 and B#11 = 707.899
ROUND 580 A#29 and B#11 = 793.346
ROUND 581 A#30 and B#11 = 701.37
ROUND 582 A#31 and B#11 = 634.885
ROUND 583 A#32 and B#11 = 710.253
ROUND 584 A#33 and B#11 = 753.019
ROUND 585 A#34 and B#11 = 663.664
ROUND 586 A#35 and B#11 = 800.007
ROUND 587 A#36 and B#11 = 669.992
ROUND 588 A#37 and B#11 = 738.94
ROUND 589 A#38 and B#11 = 665.203
ROUND 590 A#39 and B#11 = 731.059
ROUND 591 A#40 and B#11 = 664.349
ROUND 592 A#41 and B#11 = 736.933
ROUND 593 A#42 and B#11 = 627.841
ROUND 594 A#43 and B#11 = 758.065
ROUND 595 A#44 and B#11 = 749.471
ROUND 596 A#45 and B#11 = 730.749
ROUND 597 A#46 and B#11 = 664.592
ROUND 598 A#47 and B#11 = 736.903
ROUND 599 A#48 and B#11 = 691.117
ROUND 600 A#49 and B#11 = 686.615
ROUND 601 A#0 and B#12 = 658.257
ROUND 602 A#1 and B#12 = 658.866
ROUND 603 A#2 and B#12 = 649.364
ROUND 604 A#3 and B#12 = 738.925
ROUND 605 A#4 and B#12 = 663.954
ROUND 606 A#5 and B#12 = 732.291
ROUND 607 A#6 and B#12 = 599.445
ROUND 608 A#7 and B#12 = 547.38
ROUND 609 A#8 and B#12 = 636.771
ROUND 610 A#9 and B#12 = 765.203
ROUND 611 A#10 and B#12 = 702.903
ROUND 612 A#11 and B#12 = 645.816
ROUND 613 A#12 and B#12 = 703.454
ROUND 614 A#13 and B#12 = 727.366
ROUND 615 A#14 and B#12 = 726.027
ROUND 616 A#15 and B#12 = 720.8
ROUND 617 A#16 and B#12 = 715.85
ROUND 618 A#17 and B#12 = 686.308
ROUND 619 A#18 and B#12 = 740.06
ROUND 620 A#19 and B#12 = 601.951
ROUND 621 A#20 and B#12 = 604.288
ROUND 622 A#21 and B#12 = 642.013
ROUND 623 A#22 and B#12 = 653.244
ROUND 624 A#23 and B#12 = 708.74
ROUND 625 A#24 and B#12 = 567.409
ROUND 626 A#25 and B#12 = 769.199
ROUND 627 A#26 and B#12 = 706.098
ROUND 628 A#27 and B#12 = 712.779
ROUND 629 A#28 and B#12 = 703.732
ROUND 630 A#29 and B#12 = 727.85
ROUND 631 A#30 and B#12 = 603.891
ROUND 632 A#31 and B#12 = 558.721
ROUND 633 A#32 and B#12 = 694.773
ROUND 634 A#33 and B#12 = 679.206
ROUND 635 A#34 and B#12 = 730.452
ROUND 636 A#35 and B#12 = 733.477
ROUND 637 A#36 and B#12 = 635.827
ROUND 638 A#37 and B#12 = 621.12
ROUND 639 A#38 and B#12 = 730.753
ROUND 640 A#39 and B#12 = 752.6
ROUND 641 A#40 and B#12 = 730.868
ROUND 642 A#41 and B#12 = 625.366
ROUND 643 A#42 and B#12 = 557.542
ROUND 644 A#43 and B#12 = 645.84
ROUND 645 A#44 and B#12 = 658.262
ROUND 646 A#45 and B#12 = 647.771
ROUND 647 A#46 and B#12 = 732.619
ROUND 648 A#47 and B#12 = 626.381
ROUND 649 A#48 and B#12 = 606.236
ROUND 650 A#49 and B#12 = 603.341
ROUND 651 A#0 and B#13 = 685.924
ROUND 652 A#1 and B#13 = 569.313
ROUND 653 A#2 and B#13 = 684.523
ROUND 654 A#3 and B#13 = 708.791
ROUND 655 A#4 and B#13 = 572.698
ROUND 656 A#5 and B#13 = 679.152
ROUND 657 A#6 and B#13 = 700.826
ROUND 658 A#7 and B#13 = 631.695
ROUND 659 A#8 and B#13 = 645.608
ROUND 660 A#9 and B#13 = 723.24
ROUND 661 A#10 and B#13 = 652.917
ROUND 662 A#11 and B#13 = 731.19
ROUND 663 A#12 and B#13 = 631.634
ROUND 664 A#13 and B#13 = 610.222
ROUND 665 A#14 and B#13 = 697.044
ROUND 666 A#15 and B#13 = 698.428
ROUND 667 A#16 and B#13 = 569.125
ROUND 668 A#17 and B#13 = 524.324
ROUND 669 A#18 and B#13 = 695.975
ROUND 670 A#19 and B#13 = 692.39
ROUND 671 A#20 and B#13 = 679.097
ROUND 672 A#21 and B#13 = 665.857
ROUND 673 A#22 and B#13 = 657.759
ROUND 674 A#23 and B#13 = 559.92
ROUND 675 A#24 and B#13 = 672.794
ROUND 676 A#25 and B#13 = 584.632
ROUND 677 A#26 and B#13 = 677.73
ROUND 678 A#27 and B#13 = 610.592
ROUND 679 A#28 and B#13 = 680.843
ROUND 680 A#29 and B#13 = 608.348
ROUND 681 A#30 and B#13 = 669.926
ROUND 682 A#31 and B#13 = 600.408
ROUND 683 A#32 and B#13 = 673.883
ROUND 684 A#33 and B#13 = 665.793
ROUND 685 A#34 and B#13 = 677.441
ROUND 686 A#35 and B#13 = 605.154
ROUND 687 A#36 and B#13 = 681.518
ROUND 688 A#37 and B#13 = 569.601
ROUND 689 A#38 and B#13 = 669.428
ROUND 690 A#39 and B#13 = 764.925
ROUND 691 A#40 and B#13 = 677.182
ROUND 692 A#41 and B#13 = 565.17
ROUND 693 A#42 and B#13 = 546.844
ROUND 694 A#43 and B#13 = 679.606
ROUND 695 A#44 and B#13 = 632.354
ROUND 696 A#45 and B#13 = 684.269
ROUND 697 A#46 and B#13 = 672.766
ROUND 698 A#47 and B#13 = 649.425
ROUND 699 A#48 and B#13 = 674.024
ROUND 700 A#49 and B#13 = 681.917
ROUND 701 A#0 and B#14 = 707.975
ROUND 702 A#1 and B#14 = 625.141
ROUND 703 A#2 and B#14 = 670.922
ROUND 704 A#3 and B#14 = 731.022
ROUND 705 A#4 and B#14 = 627.284
ROUND 706 A#5 and B#14 = 814.598
ROUND 707 A#6 and B#14 = 615.778
ROUND 708 A#7 and B#14 = 580.737
ROUND 709 A#8 and B#14 = 667.769
ROUND 710 A#9 and B#14 = 772.634
ROUND 711 A#10 and B#14 = 782.325
ROUND 712 A#11 and B#14 = 630.99
ROUND 713 A#12 and B#14 = 792.084
ROUND 714 A#13 and B#14 = 759.279
ROUND 715 A#14 and B#14 = 788.741
ROUND 716 A#15 and B#14 = 786.306
ROUND 717 A#16 and B#14 = 727.91
ROUND 718 A#17 and B#14 = 750.402
ROUND 719 A#18 and B#14 = 791.354
ROUND 720 A#19 and B#14 = 655.927
ROUND 721 A#20 and B#14 = 636.808
ROUND 722 A#21 and B#14 = 657.35
ROUND 723 A#22 and B#14 = 676.714
ROUND 724 A#23 and B#14 = 764.432
ROUND 725 A#24 and B#14 = 776.798
ROUND 726 A#25 and B#14 = 780.697
ROUND 727 A#26 and B#14 = 799.071
ROUND 728 A#27 and B#14 = 746.889
ROUND 729 A#28 and B#14 = 775.595
ROUND 730 A#29 and B#14 = 759.357
ROUND 731 A#30 and B#14 = 658.561
ROUND 732 A#31 and B#14 = 598.022
ROUND 733 A#32 and B#14 = 806.682
ROUND 734 A#33 and B#14 = 667.626
ROUND 735 A#34 and B#14 = 815.619
ROUND 736 A#35 and B#14 = 765.096
ROUND 737 A#36 and B#14 = 612.6
ROUND 738 A#37 and B#14 = 694.928
ROUND 739 A#38 and B#14 = 818.559
ROUND 740 A#39 and B#14 = 735.124
ROUND 741 A#40 and B#14 = 814.018
ROUND 742 A#41 and B#14 = 700.437
ROUND 743 A#42 and B#14 = 767.494
ROUND 744 A#43 and B#14 = 659.352
ROUND 745 A#44 and B#14 = 638.906
ROUND 746 A#45 and B#14 = 705.361
ROUND 747 A#46 and B#14 = 819.672
ROUND 748 A#47 and B#14 = 601.003
ROUND 749 A#48 and B#14 = 655.321
ROUND 750 A#49 and B#14 = 652.541
ROUND 751 A#0 and B#15 = 760.974
ROUND 752 A#1 and B#15 = 676.108
ROUND 753 A#2 and B#15 = 746.784
ROUND 754 A#3 and B#15 = 741.247
ROUND 755 A#4 and B#15 = 695.774
ROUND 756 A#5 and B#15 = 705.685
ROUND 757 A#6 and B#15 = 746.083
ROUND 758 A#7 and B#15 = 684.709
ROUND 759 A#8 and B#15 = 721.886
ROUND 760 A#9 and B#15 = 733.928
ROUND 761 A#10 and B#15 = 706.38
ROUND 762 A#11 and B#15 = 756.31
ROUND 763 A#12 and B#15 = 673.225
ROUND 764 A#13 and B#15 = 684.856
ROUND 765 A#14 and B#15 = 675.039
ROUND 766 A#15 and B#15 = 676.253
ROUND 767 A#16 and B#15 = 675.83
ROUND 768 A#17 and B#15 = 628.619
ROUND 769 A#18 and B#15 = 628.357
ROUND 770 A#19 and B#15 = 721.355
ROUND 771 A#20 and B#15 = 738.562
ROUND 772 A#21 and B#15 = 745.592
ROUND 773 A#22 and B#15 = 727.446
ROUND 774 A#23 and B#15 = 684.757
ROUND 775 A#24 and B#15 = 641.242
ROUND 776 A#25 and B#15 = 691.33
ROUND 777 A#26 and B#15 = 722.631
ROUND 778 A#27 and B#15 = 667.238
ROUND 779 A#28 and B#15 = 719.867
ROUND 780 A#29 and B#15 = 683.842
ROUND 781 A#30 and B#15 = 733.699
ROUND 782 A#31 and B#15 = 662.755
ROUND 783 A#32 and B#15 = 679.556
ROUND 784 A#33 and B#15 = 725.701
ROUND 785 A#34 and B#15 = 707.531
ROUND 786 A#35 and B#15 = 684.015
ROUND 787 A#36 and B#15 = 690.723
ROUND 788 A#37 and B#15 = 727.99
ROUND 789 A#38 and B#15 = 709.823
ROUND 790 A#39 and B#15 = 696.141
ROUND 791 A#40 and B#15 = 706.29
ROUND 792 A#41 and B#15 = 721.59
ROUND 793 A#42 and B#15 = 654.993
ROUND 794 A#43 and B#15 = 745.155
ROUND 795 A#44 and B#15 = 726.192
ROUND 796 A#45 and B#15 = 768.34
ROUND 797 A#46 and B#15 = 707.736
ROUND 798 A#47 and B#15 = 713.843
ROUND 799 A#48 and B#15 = 717.683
ROUND 800 A#49 and B#15 = 717.222
ROUND 801 A#0 and B#16 = 720.767
ROUND 802 A#1 and B#16 = 743.462
ROUND 803 A#2 and B#16 = 797.319
ROUND 804 A#3 and B#16 = 773.937
ROUND 805 A#4 and B#16 = 751.139
ROUND 806 A#5 and B#16 = 697.278
ROUND 807 A#6 and B#16 = 724.636
ROUND 808 A#7 and B#16 = 678.798
ROUND 809 A#8 and B#16 = 725.644
ROUND 810 A#9 and B#16 = 830.216
ROUND 811 A#10 and B#16 = 696.783
ROUND 812 A#11 and B#16 = 713.789
ROUND 813 A#12 and B#16 = 689.158
ROUND 814 A#13 and B#16 = 709.753
ROUND 815 A#14 and B#16 = 632.783
ROUND 816 A#15 and B#16 = 636.008
ROUND 817 A#16 and B#16 = 717.244
ROUND 818 A#17 and B#16 = 771.165
ROUND 819 A#18 and B#16 = 723.057
ROUND 820 A#19 and B#16 = 700.216
ROUND 821 A#20 and B#16 = 708.512
ROUND 822 A#21 and B#16 = 796.166
ROUND 823 A#22 and B#16 = 776.361
ROUND 824 A#23 and B#16 = 763.998
ROUND 825 A#24 and B#16 = 610.026
ROUND 826 A#25 and B#16 = 732.119
ROUND 827 A#26 and B#16 = 701.603
ROUND 828 A#27 and B#16 = 779.313
ROUND 829 A#28 and B#16 = 753.998
ROUND 830 A#29 and B#16 = 709.842
ROUND 831 A#30 and B#16 = 718.007
ROUND 832 A#31 and B#16 = 639.648
ROUND 833 A#32 and B#16 = 751.254
ROUND 834 A#33 and B#16 = 737.413
ROUND 835 A#34 and B#16 = 698.627
ROUND 836 A#35 and B#16 = 714.064
ROUND 837 A#36 and B#16 = 668.127
ROUND 838 A#37 and B#16 = 753.788
ROUND 839 A#38 and B#16 = 699.738
ROUND 840 A#39 and B#16 = 752.661
ROUND 841 A#40 and B#16 = 700.609
ROUND 842 A#41 and B#16 = 746.712
ROUND 843 A#42 and B#16 = 613.387
ROUND 844 A#43 and B#16 = 784.308
ROUND 845 A#44 and B#16 = 775.749
ROUND 846 A#45 and B#16 = 726.353
ROUND 847 A#46 and B#16 = 696.875
ROUND 848 A#47 and B#16 = 754.232
ROUND 849 A#48 and B#16 = 695.319
ROUND 850 A#49 and B#16 = 693.79
ROUND 851 A#0 and B#17 = 641.131
ROUND 852 A#1 and B#17 = 654.491
ROUND 853 A#2 and B#17 = 641.789
ROUND 854 A#3 and B#17 = 743.541
ROUND 855 A#4 and B#17 = 659.039
ROUND 856 A#5 and B#17 = 638.489
ROUND 857 A#6 and B#17 = 730.019
ROUND 858 A#7 and B#17 = 577.884
ROUND 859 A#8 and B#17 = 640.676
ROUND 860 A#9 and B#17 = 762.376
ROUND 861 A#10 and B#17 = 636.587
ROUND 862 A#11 and B#17 = 647.956
ROUND 863 A#12 and B#17 = 642.79
ROUND 864 A#13 and B#17 = 714.391
ROUND 865 A#14 and B#17 = 725.322
ROUND 866 A#15 and B#17 = 719.942
ROUND 867 A#16 and B#17 = 702.741
ROUND 868 A#17 and B#17 = 671.488
ROUND 869 A#18 and B#17 = 738.713
ROUND 870 A#19 and B#17 = 597.409
ROUND 871 A#20 and B#17 = 594.28
ROUND 872 A#21 and B#17 = 634.42
ROUND 873 A#22 and B#17 = 645.112
ROUND 874 A#23 and B#17 = 710.443
ROUND 875 A#24 and B#17 = 592.493
ROUND 876 A#25 and B#17 = 763.003
ROUND 877 A#26 and B#17 = 706.326
ROUND 878 A#27 and B#17 = 721.612
ROUND 879 A#28 and B#17 = 706.341
ROUND 880 A#29 and B#17 = 714.07
ROUND 881 A#30 and B#17 = 587.416
ROUND 882 A#31 and B#17 = 563.954
ROUND 883 A#32 and B#17 = 698.181
ROUND 884 A#33 and B#17 = 685.043
ROUND 885 A#34 and B#17 = 639.059
ROUND 886 A#35 and B#17 = 718.836
ROUND 887 A#36 and B#17 = 629.881
ROUND 888 A#37 and B#17 = 627.347
ROUND 889 A#38 and B#17 = 640.753
ROUND 890 A#39 and B#17 = 780.535
ROUND 891 A#40 and B#17 = 638.886
ROUND 892 A#41 and B#17 = 631.311
ROUND 893 A#42 and B#17 = 576.561
ROUND 894 A#43 and B#17 = 637.457
ROUND 895 A#44 and B#17 = 651.507
ROUND 896 A#45 and B#17 = 632.114
ROUND 897 A#46 and B#17 = 640.963
ROUND 898 A#47 and B#17 = 617.076
ROUND 899 A#48 and B#17 = 601.173
ROUND 900 A#49 and B#17 = 598.95
ROUND 901 A#0 and B#18 = 672.623
ROUND 902 A#1 and B#18 = 681.732
ROUND 903 A#2 and B#18 = 643.841
ROUND 904 A#3 and B#18 = 662.713
ROUND 905 A#4 and B#18 = 647.452
ROUND 906 A#5 and B#18 = 668.736
ROUND 907 A#6 and B#18 = 723.503
ROUND 908 A#7 and B#18 = 607.73
ROUND 909 A#8 and B#18 = 652.413
ROUND 910 A#9 and B#18 = 763.889
ROUND 911 A#10 and B#18 = 665.991
ROUND 912 A#11 and B#18 = 717.816
ROUND 913 A#12 and B#18 = 699.117
ROUND 914 A#13 and B#18 = 716.544
ROUND 915 A#14 and B#18 = 764.798
ROUND 916 A#15 and B#18 = 764.864
ROUND 917 A#16 and B#18 = 709.853
ROUND 918 A#17 and B#18 = 660.779
ROUND 919 A#18 and B#18 = 647.047
ROUND 920 A#19 and B#18 = 660.544
ROUND 921 A#20 and B#18 = 639.875
ROUND 922 A#21 and B#18 = 637.442
ROUND 923 A#22 and B#18 = 636.949
ROUND 924 A#23 and B#18 = 717.04
ROUND 925 A#24 and B#18 = 610.631
ROUND 926 A#25 and B#18 = 665.182
ROUND 927 A#26 and B#18 = 738.613
ROUND 928 A#27 and B#18 = 623.461
ROUND 929 A#28 and B#18 = 693.429
ROUND 930 A#29 and B#18 = 715.494
ROUND 931 A#30 and B#18 = 682.449
ROUND 932 A#31 and B#18 = 589.726
ROUND 933 A#32 and B#18 = 709.256
ROUND 934 A#33 and B#18 = 677.816
ROUND 935 A#34 and B#18 = 668.336
ROUND 936 A#35 and B#18 = 720.169
ROUND 937 A#36 and B#18 = 665.442
ROUND 938 A#37 and B#18 = 666.068
ROUND 939 A#38 and B#18 = 667.413
ROUND 940 A#39 and B#18 = 637.672
ROUND 941 A#40 and B#18 = 669.264
ROUND 942 A#41 and B#18 = 667.696
ROUND 943 A#42 and B#18 = 593.407
ROUND 944 A#43 and B#18 = 640.711
ROUND 945 A#44 and B#18 = 604.55
ROUND 946 A#45 and B#18 = 672.003
ROUND 947 A#46 and B#18 = 666.253
ROUND 948 A#47 and B#18 = 626.982
ROUND 949 A#48 and B#18 = 645.746
ROUND 950 A#49 and B#18 = 659.408
ROUND 951 A#0 and B#19 = 672.887
ROUND 952 A#1 and B#19 = 682.122
ROUND 953 A#2 and B#19 = 723.129
ROUND 954 A#3 and B#19 = 728.563
ROUND 955 A#4 and B#19 = 700.445
ROUND 956 A#5 and B#19 = 684.643
ROUND 957 A#6 and B#19 = 745.289
ROUND 958 A#7 and B#19 = 697.033
ROUND 959 A#8 and B#19 = 697.011
ROUND 960 A#9 and B#19 = 728.614
ROUND 961 A#10 and B#19 = 685.518
ROUND 962 A#11 and B#19 = 730.884
ROUND 963 A#12 and B#19 = 658.154
ROUND 964 A#13 and B#19 = 672.602
ROUND 965 A#14 and B#19 = 683.56
ROUND 966 A#15 and B#19 = 678.556
ROUND 967 A#16 and B#19 = 665.993
ROUND 968 A#17 and B#19 = 603.166
ROUND 969 A#18 and B#19 = 639.083
ROUND 970 A#19 and B#19 = 680.675
ROUND 971 A#20 and B#19 = 739.009
ROUND 972 A#21 and B#19 = 721.705
ROUND 973 A#22 and B#19 = 705.134
ROUND 974 A#23 and B#19 = 669.515
ROUND 975 A#24 and B#19 = 663.854
ROUND 976 A#25 and B#19 = 696.606
ROUND 977 A#26 and B#19 = 700.133
ROUND 978 A#27 and B#19 = 679.177
ROUND 979 A#28 and B#19 = 703.125
ROUND 980 A#29 and B#19 = 671.354
ROUND 981 A#30 and B#19 = 712.23
ROUND 982 A#31 and B#19 = 663.003
ROUND 983 A#32 and B#19 = 662.229
ROUND 984 A#33 and B#19 = 700.929
ROUND 985 A#34 and B#19 = 685.542
ROUND 986 A#35 and B#19 = 671.332
ROUND 987 A#36 and B#19 = 698.57
ROUND 988 A#37 and B#19 = 665.043
ROUND 989 A#38 and B#19 = 687.999
ROUND 990 A#39 and B#19 = 682.825
ROUND 991 A#40 and B#19 = 684.407
ROUND 992 A#41 and B#19 = 661.569
ROUND 993 A#42 and B#19 = 672.206
ROUND 994 A#43 and B#19 = 722.314
ROUND 995 A#44 and B#19 = 705.14
ROUND 996 A#45 and B#19 = 677.844
ROUND 997 A#46 and B#19 = 685.856
ROUND 998 A#47 and B#19 = 691.902
ROUND 999 A#48 and B#19 = 671.135
ROUND 1000 A#49 and B#19 = 683.096
ROUND 1001 A#0 and B#20 = 706.984
ROUND 1002 A#1 and B#20 = 628.233
ROUND 1003 A#2 and B#20 = 671.297
ROUND 1004 A#3 and B#20 = 751.063
ROUND 1005 A#4 and B#20 = 630.72
ROUND 1006 A#5 and B#20 = 815.073
ROUND 1007 A#6 and B#20 = 620.883
ROUND 1008 A#7 and B#20 = 582.861
ROUND 1009 A#8 and B#20 = 669.688
ROUND 1010 A#9 and B#20 = 789.692
ROUND 1011 A#10 and B#20 = 785.401
ROUND 1012 A#11 and B#20 = 636.162
ROUND 1013 A#12 and B#20 = 793.978
ROUND 1014 A#13 and B#20 = 764.581
ROUND 1015 A#14 and B#20 = 790.298
ROUND 1016 A#15 and B#20 = 787.908
ROUND 1017 A#16 and B#20 = 733.92
ROUND 1018 A#17 and B#20 = 744.693
ROUND 1019 A#18 and B#20 = 786.924
ROUND 1020 A#19 and B#20 = 656.077
ROUND 1021 A#20 and B#20 = 633.575
ROUND 1022 A#21 and B#20 = 655.006
ROUND 1023 A#22 and B#20 = 675.2
ROUND 1024 A#23 and B#20 = 768.428
ROUND 1025 A#24 and B#20 = 570.248
ROUND 1026 A#25 and B#20 = 769.565
ROUND 1027 A#26 and B#20 = 801.359
ROUND 1028 A#27 and B#20 = 750.018
ROUND 1029 A#28 and B#20 = 780.088
ROUND 1030 A#29 and B#20 = 764.634
ROUND 1031 A#30 and B#20 = 658.444
ROUND 1032 A#31 and B#20 = 603.989
ROUND 1033 A#32 and B#20 = 806.989
ROUND 1034 A#33 and B#20 = 673.744
ROUND 1035 A#34 and B#20 = 816.606
ROUND 1036 A#35 and B#20 = 770.802
ROUND 1037 A#36 and B#20 = 609.449
ROUND 1038 A#37 and B#20 = 690.713
ROUND 1039 A#38 and B#20 = 819.384
ROUND 1040 A#39 and B#20 = 749.283
ROUND 1041 A#40 and B#20 = 814.955
ROUND 1042 A#41 and B#20 = 696.708
ROUND 1043 A#42 and B#20 = 535.22
ROUND 1044 A#43 and B#20 = 658.505
ROUND 1045 A#44 and B#20 = 640.231
ROUND 1046 A#45 and B#20 = 704.369
ROUND 1047 A#46 and B#20 = 820.016
ROUND 1048 A#47 and B#20 = 647.77
ROUND 1049 A#48 and B#20 = 655.236
ROUND 1050 A#49 and B#20 = 652.586
ROUND 1051 A#0 and B#21 = 669.811
ROUND 1052 A#1 and B#21 = 624.374
ROUND 1053 A#2 and B#21 = 780.459
ROUND 1054 A#3 and B#21 = 685.448
ROUND 1055 A#4 and B#21 = 624.846
ROUND 1056 A#5 and B#21 = 642.3
ROUND 1057 A#6 and B#21 = 676.684
ROUND 1058 A#7 and B#21 = 670.397
ROUND 1059 A#8 and B#21 = 718.826
ROUND 1060 A#9 and B#21 = 647.675
ROUND 1061 A#10 and B#21 = 638.752
ROUND 1062 A#11 and B#21 = 657.265
ROUND 1063 A#12 and B#21 = 616.115
ROUND 1064 A#13 and B#21 = 715.509
ROUND 1065 A#14 and B#21 = 672.979
ROUND 1066 A#15 and B#21 = 673.698
ROUND 1067 A#16 and B#21 = 691.18
ROUND 1068 A#17 and B#21 = 680.466
ROUND 1069 A#18 and B#21 = 701.767
ROUND 1070 A#19 and B#21 = 671.508
ROUND 1071 A#20 and B#21 = 573.096
ROUND 1072 A#21 and B#21 = 771.079
ROUND 1073 A#22 and B#21 = 580.151
ROUND 1074 A#23 and B#21 = 710.536
ROUND 1075 A#24 and B#21 = 654.551
ROUND 1076 A#25 and B#21 = 760.147
ROUND 1077 A#26 and B#21 = 649.547
ROUND 1078 A#27 and B#21 = 638.188
ROUND 1079 A#28 and B#21 = 694.18
ROUND 1080 A#29 and B#21 = 716.366
ROUND 1081 A#30 and B#21 = 683.784
ROUND 1082 A#31 and B#21 = 633.449
ROUND 1083 A#32 and B#21 = 691.07
ROUND 1084 A#33 and B#21 = 735.08
ROUND 1085 A#34 and B#21 = 643.013
ROUND 1086 A#35 and B#21 = 718.496
ROUND 1087 A#36 and B#21 = 634.99
ROUND 1088 A#37 and B#21 = 712.372
ROUND 1089 A#38 and B#21 = 642.876
ROUND 1090 A#39 and B#21 = 691.975
ROUND 1091 A#40 and B#21 = 644.385
ROUND 1092 A#41 and B#21 = 718.032
ROUND 1093 A#42 and B#21 = 666.023
ROUND 1094 A#43 and B#21 = 758.44
ROUND 1095 A#44 and B#21 = 735.62
ROUND 1096 A#45 and B#21 = 663.784
ROUND 1097 A#46 and B#21 = 642.578
ROUND 1098 A#47 and B#21 = 734.43
ROUND 1099 A#48 and B#21 = 670.062
ROUND 1100 A#49 and B#21 = 669.322
ROUND 1101 A#0 and B#22 = 730.575
ROUND 1102 A#1 and B#22 = 686.157
ROUND 1103 A#2 and B#22 = 746.557
ROUND 1104 A#3 and B#22 = 704.909
ROUND 1105 A#4 and B#22 = 689.895
ROUND 1106 A#5 and B#22 = 706.652
ROUND 1107 A#6 and B#22 = 686.945
ROUND 1108 A#7 and B#22 = 626.101
ROUND 1109 A#8 and B#22 = 680.587
ROUND 1110 A#9 and B#22 = 815.003
ROUND 1111 A#10 and B#22 = 710.315
ROUND 1112 A#11 and B#22 = 681.89
ROUND 1113 A#12 and B#22 = 698.47
ROUND 1114 A#13 and B#22 = 765.781
ROUND 1115 A#14 and B#22 = 629.204
ROUND 1116 A#15 and B#22 = 632.714
ROUND 1117 A#16 and B#22 = 767.078
ROUND 1118 A#17 and B#22 = 752.28
ROUND 1119 A#18 and B#22 = 749.487
ROUND 1120 A#19 and B#22 = 717.687
ROUND 1121 A#20 and B#22 = 700.417
ROUND 1122 A#21 and B#22 = 744.606
ROUND 1123 A#22 and B#22 = 721.855
ROUND 1124 A#23 and B#22 = 757.125
ROUND 1125 A#24 and B#22 = 613.096
ROUND 1126 A#25 and B#22 = 770.433
ROUND 1127 A#26 and B#22 = 713.474
ROUND 1128 A#27 and B#22 = 677.785
ROUND 1129 A#28 and B#22 = 726.922
ROUND 1130 A#29 and B#22 = 766.146
ROUND 1131 A#30 and B#22 = 669.326
ROUND 1132 A#31 and B#22 = 647.514
ROUND 1133 A#32 and B#22 = 723.716
ROUND 1134 A#33 and B#22 = 700.072
ROUND 1135 A#34 and B#22 = 708.764
ROUND 1136 A#35 and B#22 = 773.054
ROUND 1137 A#36 and B#22 = 686.708
ROUND 1138 A#37 and B#22 = 717.181
ROUND 1139 A#38 and B#22 = 712.62
ROUND 1140 A#39 and B#22 = 704.969
ROUND 1141 A#40 and B#22 = 710.019
ROUND 1142 A#41 and B#22 = 717.194
ROUND 1143 A#42 and B#22 = 610.504
ROUND 1144 A#43 and B#22 = 752.594
ROUND 1145 A#44 and B#22 = 728.939
ROUND 1146 A#45 and B#22 = 729.275
ROUND 1147 A#46 and B#22 = 709.946
ROUND 1148 A#47 and B#22 = 689.679
ROUND 1149 A#48 and B#22 = 683.796
ROUND 1150 A#49 and B#22 = 625.784
ROUND 1151 A#0 and B#23 = 702.956
ROUND 1152 A#1 and B#23 = 696.935
ROUND 1153 A#2 and B#23 = 739.594
ROUND 1154 A#3 and B#23 = 693.166
ROUND 1155 A#4 and B#23 = 708.367
ROUND 1156 A#5 and B#23 = 702.593
ROUND 1157 A#6 and B#23 = 670.605
ROUND 1158 A#7 and B#23 = 649.03
ROUND 1159 A#8 and B#23 = 687.392
ROUND 1160 A#9 and B#23 = 805.772
ROUND 1161 A#10 and B#23 = 706.639
ROUND 1162 A#11 and B#23 = 640.919
ROUND 1163 A#12 and B#23 = 656.73
ROUND 1164 A#13 and B#23 = 803.32
ROUND 1165 A#14 and B#23 = 605.634
ROUND 1166 A#15 and B#23 = 611.855
ROUND 1167 A#16 and B#23 = 806.682
ROUND 1168 A#17 and B#23 = 739.926
ROUND 1169 A#18 and B#23 = 676.843
ROUND 1170 A#19 and B#23 = 652.242
ROUND 1171 A#20 and B#23 = 711.13
ROUND 1172 A#21 and B#23 = 738.071
ROUND 1173 A#22 and B#23 = 723.776
ROUND 1174 A#23 and B#23 = 801.234
ROUND 1175 A#24 and B#23 = 607.468
ROUND 1176 A#25 and B#23 = 754.529
ROUND 1177 A#26 and B#23 = 662.644
ROUND 1178 A#27 and B#23 = 786.744
ROUND 1179 A#28 and B#23 = 713.697
ROUND 1180 A#29 and B#23 = 803.229
ROUND 1181 A#30 and B#23 = 675.605
ROUND 1182 A#31 and B#23 = 638.201
ROUND 1183 A#32 and B#23 = 713.805
ROUND 1184 A#33 and B#23 = 709.639
ROUND 1185 A#34 and B#23 = 704.652
ROUND 1186 A#35 and B#23 = 808.875
ROUND 1187 A#36 and B#23 = 652.788
ROUND 1188 A#37 and B#23 = 743.945
ROUND 1189 A#38 and B#23 = 707.847
ROUND 1190 A#39 and B#23 = 716.7
ROUND 1191 A#40 and B#23 = 706.344
ROUND 1192 A#41 and B#23 = 730.338
ROUND 1193 A#42 and B#23 = 609.261
ROUND 1194 A#43 and B#23 = 741.538
ROUND 1195 A#44 and B#23 = 737.044
ROUND 1196 A#45 and B#23 = 710.728
ROUND 1197 A#46 and B#23 = 704.48
ROUND 1198 A#47 and B#23 = 696.993
ROUND 1199 A#48 and B#23 = 649.791
ROUND 1200 A#49 and B#23 = 645.067
ROUND 1201 A#0 and B#24 = 732.107
ROUND 1202 A#1 and B#24 = 733.052
ROUND 1203 A#2 and B#24 = 791.438
ROUND 1204 A#3 and B#24 = 756.054
ROUND 1205 A#4 and B#24 = 718.499
ROUND 1206 A#5 and B#24 = 680.044
ROUND 1207 A#6 and B#24 = 684.613
ROUND 1208 A#7 and B#24 = 639.453
ROUND 1209 A#8 and B#24 = 743.033
ROUND 1210 A#9 and B#24 = 801.973
ROUND 1211 A#10 and B#24 = 676.52
ROUND 1212 A#11 and B#24 = 693.109
ROUND 1213 A#12 and B#24 = 681.598
ROUND 1214 A#13 and B#24 = 791.245
ROUND 1215 A#14 and B#24 = 614.871
ROUND 1216 A#15 and B#24 = 619.868
ROUND 1217 A#16 and B#24 = 780.764
ROUND 1218 A#17 and B#24 = 740.824
ROUND 1219 A#18 and B#24 = 706.22
ROUND 1220 A#19 and B#24 = 698.939
ROUND 1221 A#20 and B#24 = 728.209
ROUND 1222 A#21 and B#24 = 785.071
ROUND 1223 A#22 and B#24 = 754.44
ROUND 1224 A#23 and B#24 = 787.218
ROUND 1225 A#24 and B#24 = 638.775
ROUND 1226 A#25 and B#24 = 788.721
ROUND 1227 A#26 and B#24 = 684.098
ROUND 1228 A#27 and B#24 = 784.845
ROUND 1229 A#28 and B#24 = 718.024
ROUND 1230 A#29 and B#24 = 792.883
ROUND 1231 A#30 and B#24 = 704.121
ROUND 1232 A#31 and B#24 = 637.724
ROUND 1233 A#32 and B#24 = 720.141
ROUND 1234 A#33 and B#24 = 756.271
ROUND 1235 A#34 and B#24 = 680.514
ROUND 1236 A#35 and B#24 = 799.275
ROUND 1237 A#36 and B#24 = 674.464
ROUND 1238 A#37 and B#24 = 740.813
ROUND 1239 A#38 and B#24 = 681.801
ROUND 1240 A#39 and B#24 = 732.559
ROUND 1241 A#40 and B#24 = 681.315
ROUND 1242 A#41 and B#24 = 739.167
ROUND 1243 A#42 and B#24 = 638.918
ROUND 1244 A#43 and B#24 = 761.144
ROUND 1245 A#44 and B#24 = 751.682
ROUND 1246 A#45 and B#24 = 732.107
ROUND 1247 A#46 and B#24 = 681.083
ROUND 1248 A#47 and B#24 = 741.527
ROUND 1249 A#48 and B#24 = 695.523
ROUND 1250 A#49 and B#24 = 691.538
ROUND 1251 A#0 and B#25 = 732.422
ROUND 1252 A#1 and B#25 = 733.63
ROUND 1253 A#2 and B#25 = 791.502
ROUND 1254 A#3 and B#25 = 755.706
ROUND 1255 A#4 and B#25 = 719.178
ROUND 1256 A#5 and B#25 = 680.15
ROUND 1257 A#6 and B#25 = 684.563
ROUND 1258 A#7 and B#25 = 639.434
ROUND 1259 A#8 and B#25 = 743.432
ROUND 1260 A#9 and B#25 = 801.532
ROUND 1261 A#10 and B#25 = 676.812
ROUND 1262 A#11 and B#25 = 694.103
ROUND 1263 A#12 and B#25 = 681.508
ROUND 1264 A#13 and B#25 = 790.906
ROUND 1265 A#14 and B#25 = 615.562
ROUND 1266 A#15 and B#25 = 620.373
ROUND 1267 A#16 and B#25 = 780.289
ROUND 1268 A#17 and B#25 = 741.231
ROUND 1269 A#18 and B#25 = 705.936
ROUND 1270 A#19 and B#25 = 699.233
ROUND 1271 A#20 and B#25 = 728.187
ROUND 1272 A#21 and B#25 = 785.042
ROUND 1273 A#22 and B#25 = 754.907
ROUND 1274 A#23 and B#25 = 786.396
ROUND 1275 A#24 and B#25 = 639.027
ROUND 1276 A#25 and B#25 = 788.849
ROUND 1277 A#26 and B#25 = 684.351
ROUND 1278 A#27 and B#25 = 784.585
ROUND 1279 A#28 and B#25 = 717.879
ROUND 1280 A#29 and B#25 = 792.546
ROUND 1281 A#30 and B#25 = 704.208
ROUND 1282 A#31 and B#25 = 637.869
ROUND 1283 A#32 and B#25 = 719.92
ROUND 1284 A#33 and B#25 = 756.67
ROUND 1285 A#34 and B#25 = 680.676
ROUND 1286 A#35 and B#25 = 798.933
ROUND 1287 A#36 and B#25 = 673.856
ROUND 1288 A#37 and B#25 = 741.286
ROUND 1289 A#38 and B#25 = 681.965
ROUND 1290 A#39 and B#25 = 733.02
ROUND 1291 A#40 and B#25 = 681.501
ROUND 1292 A#41 and B#25 = 739.34
ROUND 1293 A#42 and B#25 = 639.204
ROUND 1294 A#43 and B#25 = 761.485
ROUND 1295 A#44 and B#25 = 751.194
ROUND 1296 A#45 and B#25 = 732.529
ROUND 1297 A#46 and B#25 = 681.301
ROUND 1298 A#47 and B#25 = 742.069
ROUND 1299 A#48 and B#25 = 695.618
ROUND 1300 A#49 and B#25 = 691.845
ROUND 1301 A#0 and B#26 = 662.939
ROUND 1302 A#1 and B#26 = 645.295
ROUND 1303 A#2 and B#26 = 678.058
ROUND 1304 A#3 and B#26 = 719.995
ROUND 1305 A#4 and B#26 = 645.281
ROUND 1306 A#5 and B#26 = 743.497
ROUND 1307 A#6 and B#26 = 639.731
ROUND 1308 A#7 and B#26 = 607.89
ROUND 1309 A#8 and B#26 = 707.388
ROUND 1310 A#9 and B#26 = 726.671
ROUND 1311 A#10 and B#26 = 748.069
ROUND 1312 A#11 and B#26 = 638.68
ROUND 1313 A#12 and B#26 = 733.124
ROUND 1314 A#13 and B#26 = 774.857
ROUND 1315 A#14 and B#26 = 756.32
ROUND 1316 A#15 and B#26 = 750.63
ROUND 1317 A#16 and B#26 = 783.369
ROUND 1318 A#17 and B#26 = 785.169
ROUND 1319 A#18 and B#26 = 742.696
ROUND 1320 A#19 and B#26 = 659.32
ROUND 1321 A#20 and B#26 = 642.58
ROUND 1322 A#21 and B#26 = 677.247
ROUND 1323 A#22 and B#26 = 687.887
ROUND 1324 A#23 and B#26 = 760.077
ROUND 1325 A#24 and B#26 = 621.091
ROUND 1326 A#25 and B#26 = 811.28
ROUND 1327 A#26 and B#26 = 750.764
ROUND 1328 A#27 and B#26 = 750.655
ROUND 1329 A#28 and B#26 = 733.669
ROUND 1330 A#29 and B#26 = 774.98
ROUND 1331 A#30 and B#26 = 648.297
ROUND 1332 A#31 and B#26 = 580.707
ROUND 1333 A#32 and B#26 = 732.518
ROUND 1334 A#33 and B#26 = 699.253
ROUND 1335 A#34 and B#26 = 744.01
ROUND 1336 A#35 and B#26 = 781.29
ROUND 1337 A#36 and B#26 = 629.311
ROUND 1338 A#37 and B#26 = 708.155
ROUND 1339 A#38 and B#26 = 746.828
ROUND 1340 A#39 and B#26 = 715.05
ROUND 1341 A#40 and B#26 = 741.511
ROUND 1342 A#41 and B#26 = 677.737
ROUND 1343 A#42 and B#26 = 587.832
ROUND 1344 A#43 and B#26 = 681.84
ROUND 1345 A#44 and B#26 = 671.443
ROUND 1346 A#45 and B#26 = 663.032
ROUND 1347 A#46 and B#26 = 748.927
ROUND 1348 A#47 and B#26 = 679.686
ROUND 1349 A#48 and B#26 = 668.591
ROUND 1350 A#49 and B#26 = 654.51
ROUND 1351 A#0 and B#27 = 761.512
ROUND 1352 A#1 and B#27 = 673.495
ROUND 1353 A#2 and B#27 = 747.303
ROUND 1354 A#3 and B#27 = 741.181
ROUND 1355 A#4 and B#27 = 693.159
ROUND 1356 A#5 and B#27 = 706.213
ROUND 1357 A#6 and B#27 = 744.506
ROUND 1358 A#7 and B#27 = 684.308
ROUND 1359 A#8 and B#27 = 722.236
ROUND 1360 A#9 and B#27 = 735.475
ROUND 1361 A#10 and B#27 = 706.757
ROUND 1362 A#11 and B#27 = 756.549
ROUND 1363 A#12 and B#27 = 674.175
ROUND 1364 A#13 and B#27 = 684.573
ROUND 1365 A#14 and B#27 = 676.552
ROUND 1366 A#15 and B#27 = 677.534
ROUND 1367 A#16 and B#27 = 675.475
ROUND 1368 A#17 and B#27 = 629.004
ROUND 1369 A#18 and B#27 = 628.95
ROUND 1370 A#19 and B#27 = 721.632
ROUND 1371 A#20 and B#27 = 738.356
ROUND 1372 A#21 and B#27 = 746.1
ROUND 1373 A#22 and B#27 = 727.893
ROUND 1374 A#23 and B#27 = 683.621
ROUND 1375 A#24 and B#27 = 643.71
ROUND 1376 A#25 and B#27 = 691.828
ROUND 1377 A#26 and B#27 = 723.452
ROUND 1378 A#27 and B#27 = 667.257
ROUND 1379 A#28 and B#27 = 720.352
ROUND 1380 A#29 and B#27 = 683.633
ROUND 1381 A#30 and B#27 = 734.522
ROUND 1382 A#31 and B#27 = 665.159
ROUND 1383 A#32 and B#27 = 679.886
ROUND 1384 A#33 and B#27 = 725.895
ROUND 1385 A#34 and B#27 = 708.066
ROUND 1386 A#35 and B#27 = 683.706
ROUND 1387 A#36 and B#27 = 688.508
ROUND 1388 A#37 and B#27 = 727.957
ROUND 1389 A#38 and B#27 = 710.303
ROUND 1390 A#39 and B#27 = 696.524
ROUND 1391 A#40 and B#27 = 706.626
ROUND 1392 A#41 and B#27 = 721.81
ROUND 1393 A#42 and B#27 = 657.37
ROUND 1394 A#43 and B#27 = 745.969
ROUND 1395 A#44 and B#27 = 726.526
ROUND 1396 A#45 and B#27 = 768.722
ROUND 1397 A#46 and B#27 = 708.409
ROUND 1398 A#47 and B#27 = 714.655
ROUND 1399 A#48 and B#27 = 718.227
ROUND 1400 A#49 and B#27 = 717.776
ROUND 1401 A#0 and B#28 = 672.329
ROUND 1402 A#1 and B#28 = 576.401
ROUND 1403 A#2 and B#28 = 574.624
ROUND 1404 A#3 and B#28 = 749.187
ROUND 1405 A#4 and B#28 = 620.851
ROUND 1406 A#5 and B#28 = 674.023
ROUND 1407 A#6 and B#28 = 637.451
ROUND 1408 A#7 and B#28 = 560.158
ROUND 1409 A#8 and B#28 = 568.242
ROUND 1410 A#9 and B#28 = 732.632
ROUND 1411 A#10 and B#28 = 665.465
ROUND 1412 A#11 and B#28 = 621.323
ROUND 1413 A#12 and B#28 = 677.958
ROUND 1414 A#13 and B#28 = 659.683
ROUND 1415 A#14 and B#28 = 673.399
ROUND 1416 A#15 and B#28 = 672.056
ROUND 1417 A#16 and B#28 = 626.766
ROUND 1418 A#17 and B#28 = 645.299
ROUND 1419 A#18 and B#28 = 713.969
ROUND 1420 A#19 and B#28 = 618.661
ROUND 1421 A#20 and B#28 = 662.42
ROUND 1422 A#21 and B#28 = 621.53
ROUND 1423 A#22 and B#28 = 621.399
ROUND 1424 A#23 and B#28 = 610.803
ROUND 1425 A#24 and B#28 = 642.308
ROUND 1426 A#25 and B#28 = 598.639
ROUND 1427 A#26 and B#28 = 677.422
ROUND 1428 A#27 and B#28 = 641.792
ROUND 1429 A#28 and B#28 = 720.006
ROUND 1430 A#29 and B#28 = 659.75
ROUND 1431 A#30 and B#28 = 590.006
ROUND 1432 A#31 and B#28 = 546.002
ROUND 1433 A#32 and B#28 = 720.147
ROUND 1434 A#33 and B#28 = 586.49
ROUND 1435 A#34 and B#28 = 672.709
ROUND 1436 A#35 and B#28 = 656.674
ROUND 1437 A#36 and B#28 = 557.588
ROUND 1438 A#37 and B#28 = 654.243
ROUND 1439 A#38 and B#28 = 667.26
ROUND 1440 A#39 and B#28 = 773.446
ROUND 1441 A#40 and B#28 = 675.297
ROUND 1442 A#41 and B#28 = 651.645
ROUND 1443 A#42 and B#28 = 615.798
ROUND 1444 A#43 and B#28 = 698.85
ROUND 1445 A#44 and B#28 = 643.915
ROUND 1446 A#45 and B#28 = 672.909
ROUND 1447 A#46 and B#28 = 668.15
ROUND 1448 A#47 and B#28 = 545.331
ROUND 1449 A#48 and B#28 = 579.74
ROUND 1450 A#49 and B#28 = 620.593
ROUND 1451 A#0 and B#29 = 673.944
ROUND 1452 A#1 and B#29 = 706.445
ROUND 1453 A#2 and B#29 = 702.084
ROUND 1454 A#3 and B#29 = 791.494
ROUND 1455 A#4 and B#29 = 708.22
ROUND 1456 A#5 and B#29 = 700.47
ROUND 1457 A#6 and B#29 = 728.33
ROUND 1458 A#7 and B#29 = 629.766
ROUND 1459 A#8 and B#29 = 688.098
ROUND 1460 A#9 and B#29 = 721.623
ROUND 1461 A#10 and B#29 = 691.322
ROUND 1462 A#11 and B#29 = 714.16
ROUND 1463 A#12 and B#29 = 693.934
ROUND 1464 A#13 and B#29 = 622.729
ROUND 1465 A#14 and B#29 = 674.51
ROUND 1466 A#15 and B#29 = 673.31
ROUND 1467 A#16 and B#29 = 623.994
ROUND 1468 A#17 and B#29 = 635.815
ROUND 1469 A#18 and B#29 = 740.013
ROUND 1470 A#19 and B#29 = 656.667
ROUND 1471 A#20 and B#29 = 676.589
ROUND 1472 A#21 and B#29 = 699.338
ROUND 1473 A#22 and B#29 = 695.543
ROUND 1474 A#23 and B#29 = 635.177
ROUND 1475 A#24 and B#29 = 670.994
ROUND 1476 A#25 and B#29 = 646.982
ROUND 1477 A#26 and B#29 = 703.721
ROUND 1478 A#27 and B#29 = 650.544
ROUND 1479 A#28 and B#29 = 735.628
ROUND 1480 A#29 and B#29 = 622.125
ROUND 1481 A#30 and B#29 = 654.284
ROUND 1482 A#31 and B#29 = 604.242
ROUND 1483 A#32 and B#29 = 741.08
ROUND 1484 A#33 and B#29 = 642.577
ROUND 1485 A#34 and B#29 = 700.13
ROUND 1486 A#35 and B#29 = 625.168
ROUND 1487 A#36 and B#29 = 704.121
ROUND 1488 A#37 and B#29 = 560.506
ROUND 1489 A#38 and B#29 = 697.725
ROUND 1490 A#39 and B#29 = 736.133
ROUND 1491 A#40 and B#29 = 703.998
ROUND 1492 A#41 and B#29 = 555.005
ROUND 1493 A#42 and B#29 = 635.303
ROUND 1494 A#43 and B#29 = 611.727
ROUND 1495 A#44 and B#29 = 684.459
ROUND 1496 A#45 and B#29 = 701.075
ROUND 1497 A#46 and B#29 = 697.138
ROUND 1498 A#47 and B#29 = 674.624
ROUND 1499 A#48 and B#29 = 652.213
ROUND 1500 A#49 and B#29 = 650.434
ROUND 1501 A#0 and B#30 = 642.031
ROUND 1502 A#1 and B#30 = 655.588
ROUND 1503 A#2 and B#30 = 644.864
ROUND 1504 A#3 and B#30 = 742.589
ROUND 1505 A#4 and B#30 = 660.235
ROUND 1506 A#5 and B#30 = 639.179
ROUND 1507 A#6 and B#30 = 734.124
ROUND 1508 A#7 and B#30 = 578.127
ROUND 1509 A#8 and B#30 = 640.623
ROUND 1510 A#9 and B#30 = 761.875
ROUND 1511 A#10 and B#30 = 637.388
ROUND 1512 A#11 and B#30 = 644.12
ROUND 1513 A#12 and B#30 = 642.701
ROUND 1514 A#13 and B#30 = 714.333
ROUND 1515 A#14 and B#30 = 727.303
ROUND 1516 A#15 and B#30 = 722.087
ROUND 1517 A#16 and B#30 = 702.726
ROUND 1518 A#17 and B#30 = 670.87
ROUND 1519 A#18 and B#30 = 737.104
ROUND 1520 A#19 and B#30 = 595.886
ROUND 1521 A#20 and B#30 = 598.223
ROUND 1522 A#21 and B#30 = 637.717
ROUND 1523 A#22 and B#30 = 646.67
ROUND 1524 A#23 and B#30 = 709.685
ROUND 1525 A#24 and B#30 = 590.799
ROUND 1526 A#25 and B#30 = 761.309
ROUND 1527 A#26 and B#30 = 706.642
ROUND 1528 A#27 and B#30 = 721.622
ROUND 1529 A#28 and B#30 = 705.905
ROUND 1530 A#29 and B#30 = 714.033
ROUND 1531 A#30 and B#30 = 582.479
ROUND 1532 A#31 and B#30 = 562.901
ROUND 1533 A#32 and B#30 = 697.791
ROUND 1534 A#33 and B#30 = 683.889
ROUND 1535 A#34 and B#30 = 639.785
ROUND 1536 A#35 and B#30 = 718.925
ROUND 1537 A#36 and B#30 = 629.058
ROUND 1538 A#37 and B#30 = 628.353
ROUND 1539 A#38 and B#30 = 641.63
ROUND 1540 A#39 and B#30 = 781.119
ROUND 1541 A#40 and B#30 = 639.727
ROUND 1542 A#41 and B#30 = 632.316
ROUND 1543 A#42 and B#30 = 575.157
ROUND 1544 A#43 and B#30 = 641.185
ROUND 1545 A#44 and B#30 = 654.824
ROUND 1546 A#45 and B#30 = 633.095
ROUND 1547 A#46 and B#30 = 641.667
ROUND 1548 A#47 and B#30 = 618.328
ROUND 1549 A#48 and B#30 = 600.724
ROUND 1550 A#49 and B#30 = 597.109
ROUND 1551 A#0 and B#31 = 698.255
ROUND 1552 A#1 and B#31 = 696.264
ROUND 1553 A#2 and B#31 = 738.287
ROUND 1554 A#3 and B#31 = 706.874
ROUND 1555 A#4 and B#31 = 707.283
ROUND 1556 A#5 and B#31 = 654.556
ROUND 1557 A#6 and B#31 = 669.771
ROUND 1558 A#7 and B#31 = 644.89
ROUND 1559 A#8 and B#31 = 682.705
ROUND 1560 A#9 and B#31 = 801.903
ROUND 1561 A#10 and B#31 = 663.743
ROUND 1562 A#11 and B#31 = 636.409
ROUND 1563 A#12 and B#31 = 658.33
ROUND 1564 A#13 and B#31 = 799.669
ROUND 1565 A#14 and B#31 = 610.469
ROUND 1566 A#15 and B#31 = 617.093
ROUND 1567 A#16 and B#31 = 803.117
ROUND 1568 A#17 and B#31 = 738.733
ROUND 1569 A#18 and B#31 = 672.56
ROUND 1570 A#19 and B#31 = 649.109
ROUND 1571 A#20 and B#31 = 711.55
ROUND 1572 A#21 and B#31 = 736.872
ROUND 1573 A#22 and B#31 = 723.921
ROUND 1574 A#23 and B#31 = 796.99
ROUND 1575 A#24 and B#31 = 611.326
ROUND 1576 A#25 and B#31 = 752.536
ROUND 1577 A#26 and B#31 = 664.44
ROUND 1578 A#27 and B#31 = 782.991
ROUND 1579 A#28 and B#31 = 713.455
ROUND 1580 A#29 and B#31 = 799.561
ROUND 1581 A#30 and B#31 = 673.791
ROUND 1582 A#31 and B#31 = 637.153
ROUND 1583 A#32 and B#31 = 715.259
ROUND 1584 A#33 and B#31 = 706.168
ROUND 1585 A#34 and B#31 = 657.306
ROUND 1586 A#35 and B#31 = 804.844
ROUND 1587 A#36 and B#31 = 649.048
ROUND 1588 A#37 and B#31 = 737.622
ROUND 1589 A#38 and B#31 = 664.251
ROUND 1590 A#39 and B#31 = 711.494
ROUND 1591 A#40 and B#31 = 659.308
ROUND 1592 A#41 and B#31 = 723.939
ROUND 1593 A#42 and B#31 = 620.281
ROUND 1594 A#43 and B#31 = 740.306
ROUND 1595 A#44 and B#31 = 735.809
ROUND 1596 A#45 and B#31 = 706.012
ROUND 1597 A#46 and B#31 = 658.891
ROUND 1598 A#47 and B#31 = 697.754
ROUND 1599 A#48 and B#31 = 646.948
ROUND 1600 A#49 and B#31 = 641.439
ROUND 1601 A#0 and B#32 = 641.35
ROUND 1602 A#1 and B#32 = 655.916
ROUND 1603 A#2 and B#32 = 645.16
ROUND 1604 A#3 and B#32 = 742.841
ROUND 1605 A#4 and B#32 = 660.54
ROUND 1606 A#5 and B#32 = 639.173
ROUND 1607 A#6 and B#32 = 735.47
ROUND 1608 A#7 and B#32 = 577.598
ROUND 1609 A#8 and B#32 = 640.295
ROUND 1610 A#9 and B#32 = 762.804
ROUND 1611 A#10 and B#32 = 637.285
ROUND 1612 A#11 and B#32 = 644.463
ROUND 1613 A#12 and B#32 = 643.298
ROUND 1614 A#13 and B#32 = 715.23
ROUND 1615 A#14 and B#32 = 727.273
ROUND 1616 A#15 and B#32 = 722.085
ROUND 1617 A#16 and B#32 = 703.104
ROUND 1618 A#17 and B#32 = 672.142
ROUND 1619 A#18 and B#32 = 738.523
ROUND 1620 A#19 and B#32 = 596.455
ROUND 1621 A#20 and B#32 = 598.692
ROUND 1622 A#21 and B#32 = 638.077
ROUND 1623 A#22 and B#32 = 646.788
ROUND 1624 A#23 and B#32 = 710.787
ROUND 1625 A#24 and B#32 = 590.986
ROUND 1626 A#25 and B#32 = 763.39
ROUND 1627 A#26 and B#32 = 706.491
ROUND 1628 A#27 and B#32 = 721.813
ROUND 1629 A#28 and B#32 = 706.815
ROUND 1630 A#29 and B#32 = 715
ROUND 1631 A#30 and B#32 = 689.572
ROUND 1632 A#31 and B#32 = 563.126
ROUND 1633 A#32 and B#32 = 698.608
ROUND 1634 A#33 and B#32 = 683.647
ROUND 1635 A#34 and B#32 = 639.912
ROUND 1636 A#35 and B#32 = 719.797
ROUND 1637 A#36 and B#32 = 630.242
ROUND 1638 A#37 and B#32 = 628.063
ROUND 1639 A#38 and B#32 = 641.628
ROUND 1640 A#39 and B#32 = 781.266
ROUND 1641 A#40 and B#32 = 639.71
ROUND 1642 A#41 and B#32 = 632.026
ROUND 1643 A#42 and B#32 = 574.911
ROUND 1644 A#43 and B#32 = 641.503
ROUND 1645 A#44 and B#32 = 654.839
ROUND 1646 A#45 and B#32 = 632.394
ROUND 1647 A#46 and B#32 = 641.641
ROUND 1648 A#47 and B#32 = 618.421
ROUND 1649 A#48 and B#32 = 601.01
ROUND 1650 A#49 and B#32 = 597.669
ROUND 1651 A#0 and B#33 = 705.919
ROUND 1652 A#1 and B#33 = 700.044
ROUND 1653 A#2 and B#33 = 742.096
ROUND 1654 A#3 and B#33 = 693.166
ROUND 1655 A#4 and B#33 = 711.539
ROUND 1656 A#5 and B#33 = 702.381
ROUND 1657 A#6 and B#33 = 673.276
ROUND 1658 A#7 and B#33 = 649.033
ROUND 1659 A#8 and B#33 = 691.781
ROUND 1660 A#9 and B#33 = 805.702
ROUND 1661 A#10 and B#33 = 661.68
ROUND 1662 A#11 and B#33 = 645.614
ROUND 1663 A#12 and B#33 = 656.774
ROUND 1664 A#13 and B#33 = 806.186
ROUND 1665 A#14 and B#33 = 606.024
ROUND 1666 A#15 and B#33 = 612.252
ROUND 1667 A#16 and B#33 = 809.62
ROUND 1668 A#17 and B#33 = 739.617
ROUND 1669 A#18 and B#33 = 677.421
ROUND 1670 A#19 and B#33 = 654.965
ROUND 1671 A#20 and B#33 = 713.137
ROUND 1672 A#21 and B#33 = 740.497
ROUND 1673 A#22 and B#33 = 725.992
ROUND 1674 A#23 and B#33 = 802.29
ROUND 1675 A#24 and B#33 = 607.701
ROUND 1676 A#25 and B#33 = 754.698
ROUND 1677 A#26 and B#33 = 662.743
ROUND 1678 A#27 and B#33 = 787.659
ROUND 1679 A#28 and B#33 = 713.502
ROUND 1680 A#29 and B#33 = 806.085
ROUND 1681 A#30 and B#33 = 676.675
ROUND 1682 A#31 and B#33 = 580.025
ROUND 1683 A#32 and B#33 = 711.437
ROUND 1684 A#33 and B#33 = 714.233
ROUND 1685 A#34 and B#33 = 704.487
ROUND 1686 A#35 and B#33 = 811.599
ROUND 1687 A#36 and B#33 = 653.111
ROUND 1688 A#37 and B#33 = 747.642
ROUND 1689 A#38 and B#33 = 707.576
ROUND 1690 A#39 and B#33 = 721.458
ROUND 1691 A#40 and B#33 = 706.065
ROUND 1692 A#41 and B#33 = 733.79
ROUND 1693 A#42 and B#33 = 609.916
ROUND 1694 A#43 and B#33 = 743.839
ROUND 1695 A#44 and B#33 = 736.329
ROUND 1696 A#45 and B#33 = 714.012
ROUND 1697 A#46 and B#33 = 657.247
ROUND 1698 A#47 and B#33 = 699.649
ROUND 1699 A#48 and B#33 = 651.738
ROUND 1700 A#49 and B#33 = 647.686
ROUND 1701 A#0 and B#34 = 701.994
ROUND 1702 A#1 and B#34 = 644.178
ROUND 1703 A#2 and B#34 = 692.7
ROUND 1704 A#3 and B#34 = 728.35
ROUND 1705 A#4 and B#34 = 648.605
ROUND 1706 A#5 and B#34 = 754.876
ROUND 1707 A#6 and B#34 = 646.589
ROUND 1708 A#7 and B#34 = 656.843
ROUND 1709 A#8 and B#34 = 705.279
ROUND 1710 A#9 and B#34 = 767.213
ROUND 1711 A#10 and B#34 = 761.118
ROUND 1712 A#11 and B#34 = 661.659
ROUND 1713 A#12 and B#34 = 747.427
ROUND 1714 A#13 and B#34 = 721.108
ROUND 1715 A#14 and B#34 = 760.538
ROUND 1716 A#15 and B#34 = 760.16
ROUND 1717 A#16 and B#34 = 726.24
ROUND 1718 A#17 and B#34 = 775.909
ROUND 1719 A#18 and B#34 = 620.016
ROUND 1720 A#19 and B#34 = 658.146
ROUND 1721 A#20 and B#34 = 677.898
ROUND 1722 A#21 and B#34 = 695.198
ROUND 1723 A#22 and B#34 = 713.201
ROUND 1724 A#23 and B#34 = 763.523
ROUND 1725 A#24 and B#34 = 600.483
ROUND 1726 A#25 and B#34 = 772.227
ROUND 1727 A#26 and B#34 = 766.102
ROUND 1728 A#27 and B#34 = 745.355
ROUND 1729 A#28 and B#34 = 758.75
ROUND 1730 A#29 and B#34 = 720.372
ROUND 1731 A#30 and B#34 = 638.034
ROUND 1732 A#31 and B#34 = 629.059
ROUND 1733 A#32 and B#34 = 716.163
ROUND 1734 A#33 and B#34 = 693.597
ROUND 1735 A#34 and B#34 = 756.785
ROUND 1736 A#35 and B#34 = 781.453
ROUND 1737 A#36 and B#34 = 638.091
ROUND 1738 A#37 and B#34 = 709.718
ROUND 1739 A#38 and B#34 = 761.108
ROUND 1740 A#39 and B#34 = 737.976
ROUND 1741 A#40 and B#34 = 755.984
ROUND 1742 A#41 and B#34 = 707.926
ROUND 1743 A#42 and B#34 = 580.998
ROUND 1744 A#43 and B#34 = 686.159
ROUND 1745 A#44 and B#34 = 688.129
ROUND 1746 A#45 and B#34 = 702.652
ROUND 1747 A#46 and B#34 = 760.206
ROUND 1748 A#47 and B#34 = 682.475
ROUND 1749 A#48 and B#34 = 668.36
ROUND 1750 A#49 and B#34 = 650.341
ROUND 1751 A#0 and B#35 = 706.238
ROUND 1752 A#1 and B#35 = 668.757
ROUND 1753 A#2 and B#35 = 648.122
ROUND 1754 A#3 and B#35 = 695.618
ROUND 1755 A#4 and B#35 = 665.875
ROUND 1756 A#5 and B#35 = 704.655
ROUND 1757 A#6 and B#35 = 655.354
ROUND 1758 A#7 and B#35 = 625.04
ROUND 1759 A#8 and B#35 = 701.679
ROUND 1760 A#9 and B#35 = 843.948
ROUND 1761 A#10 and B#35 = 719.772
ROUND 1762 A#11 and B#35 = 716.26
ROUND 1763 A#12 and B#35 = 713.716
ROUND 1764 A#13 and B#35 = 751.247
ROUND 1765 A#14 and B#35 = 728.106
ROUND 1766 A#15 and B#35 = 726.766
ROUND 1767 A#16 and B#35 = 779.245
ROUND 1768 A#17 and B#35 = 846.09
ROUND 1769 A#18 and B#35 = 744.256
ROUND 1770 A#19 and B#35 = 688.191
ROUND 1771 A#20 and B#35 = 653.534
ROUND 1772 A#21 and B#35 = 659.638
ROUND 1773 A#22 and B#35 = 699.602
ROUND 1774 A#23 and B#35 = 702.364
ROUND 1775 A#24 and B#35 = 632.034
ROUND 1776 A#25 and B#35 = 696.396
ROUND 1777 A#26 and B#35 = 714.19
ROUND 1778 A#27 and B#35 = 740.491
ROUND 1779 A#28 and B#35 = 778.583
ROUND 1780 A#29 and B#35 = 749.963
ROUND 1781 A#30 and B#35 = 664.883
ROUND 1782 A#31 and B#35 = 616.036
ROUND 1783 A#32 and B#35 = 776.381
ROUND 1784 A#33 and B#35 = 712.307
ROUND 1785 A#34 and B#35 = 710.255
ROUND 1786 A#35 and B#35 = 756.762
ROUND 1787 A#36 and B#35 = 603.563
ROUND 1788 A#37 and B#35 = 708.229
ROUND 1789 A#38 and B#35 = 714.734
ROUND 1790 A#39 and B#35 = 761.255
ROUND 1791 A#40 and B#35 = 709.607
ROUND 1792 A#41 and B#35 = 702.761
ROUND 1793 A#42 and B#35 = 632.726
ROUND 1794 A#43 and B#35 = 660.566
ROUND 1795 A#44 and B#35 = 676.703
ROUND 1796 A#45 and B#35 = 709.409
ROUND 1797 A#46 and B#35 = 712.42
ROUND 1798 A#47 and B#35 = 696.427
ROUND 1799 A#48 and B#35 = 672.273
ROUND 1800 A#49 and B#35 = 669.656
ROUND 1801 A#0 and B#36 = 684.102
ROUND 1802 A#1 and B#36 = 568.291
ROUND 1803 A#2 and B#36 = 584.976
ROUND 1804 A#3 and B#36 = 708.701
ROUND 1805 A#4 and B#36 = 572.674
ROUND 1806 A#5 and B#36 = 686.74
ROUND 1807 A#6 and B#36 = 618.717
ROUND 1808 A#7 and B#36 = 634.261
ROUND 1809 A#8 and B#36 = 589.962
ROUND 1810 A#9 and B#36 = 709.875
ROUND 1811 A#10 and B#36 = 675.793
ROUND 1812 A#11 and B#36 = 621.09
ROUND 1813 A#12 and B#36 = 689.199
ROUND 1814 A#13 and B#36 = 634.671
ROUND 1815 A#14 and B#36 = 656.118
ROUND 1816 A#15 and B#36 = 658.068
ROUND 1817 A#16 and B#36 = 606.357
ROUND 1818 A#17 and B#36 = 511.042
ROUND 1819 A#18 and B#36 = 693.651
ROUND 1820 A#19 and B#36 = 594.944
ROUND 1821 A#20 and B#36 = 654.679
ROUND 1822 A#21 and B#36 = 572.996
ROUND 1823 A#22 and B#36 = 652.222
ROUND 1824 A#23 and B#36 = 634.881
ROUND 1825 A#24 and B#36 = 509.547
ROUND 1826 A#25 and B#36 = 597.453
ROUND 1827 A#26 and B#36 = 685.945
ROUND 1828 A#27 and B#36 = 630.846
ROUND 1829 A#28 and B#36 = 720.681
ROUND 1830 A#29 and B#36 = 634.048
ROUND 1831 A#30 and B#36 = 660.292
ROUND 1832 A#31 and B#36 = 546.645
ROUND 1833 A#32 and B#36 = 725.32
ROUND 1834 A#33 and B#36 = 584.187
ROUND 1835 A#34 and B#36 = 685.33
ROUND 1836 A#35 and B#36 = 629.406
ROUND 1837 A#36 and B#36 = 545.807
ROUND 1838 A#37 and B#36 = 653.015
ROUND 1839 A#38 and B#36 = 677.106
ROUND 1840 A#39 and B#36 = 759.674
ROUND 1841 A#40 and B#36 = 684.907
ROUND 1842 A#41 and B#36 = 653.815
ROUND 1843 A#42 and B#36 = 626.773
ROUND 1844 A#43 and B#36 = 679.587
ROUND 1845 A#44 and B#36 = 629.188
ROUND 1846 A#45 and B#36 = 681.926
ROUND 1847 A#46 and B#36 = 680.448
ROUND 1848 A#47 and B#36 = 645.108
ROUND 1849 A#48 and B#36 = 589.598
ROUND 1850 A#49 and B#36 = 620.679
ROUND 1851 A#0 and B#37 = 706.433
ROUND 1852 A#1 and B#37 = 629.236
ROUND 1853 A#2 and B#37 = 673.284
ROUND 1854 A#3 and B#37 = 743.613
ROUND 1855 A#4 and B#37 = 631.51
ROUND 1856 A#5 and B#37 = 806.646
ROUND 1857 A#6 and B#37 = 620.034
ROUND 1858 A#7 and B#37 = 582.346
ROUND 1859 A#8 and B#37 = 667.844
ROUND 1860 A#9 and B#37 = 777.145
ROUND 1861 A#10 and B#37 = 777.63
ROUND 1862 A#11 and B#37 = 633.443
ROUND 1863 A#12 and B#37 = 781.463
ROUND 1864 A#13 and B#37 = 758.415
ROUND 1865 A#14 and B#37 = 792.315
ROUND 1866 A#15 and B#37 = 789.825
ROUND 1867 A#16 and B#37 = 727.082
ROUND 1868 A#17 and B#37 = 742.748
ROUND 1869 A#18 and B#37 = 787.822
ROUND 1870 A#19 and B#37 = 655.41
ROUND 1871 A#20 and B#37 = 633.887
ROUND 1872 A#21 and B#37 = 657.089
ROUND 1873 A#22 and B#37 = 674.979
ROUND 1874 A#23 and B#37 = 762.247
ROUND 1875 A#24 and B#37 = 776.895
ROUND 1876 A#25 and B#37 = 770.899
ROUND 1877 A#26 and B#37 = 794.18
ROUND 1878 A#27 and B#37 = 744.465
ROUND 1879 A#28 and B#37 = 773.89
ROUND 1880 A#29 and B#37 = 758.452
ROUND 1881 A#30 and B#37 = 657.849
ROUND 1882 A#31 and B#37 = 604.935
ROUND 1883 A#32 and B#37 = 800.74
ROUND 1884 A#33 and B#37 = 672.144
ROUND 1885 A#34 and B#37 = 807.965
ROUND 1886 A#35 and B#37 = 764.478
ROUND 1887 A#36 and B#37 = 608.313
ROUND 1888 A#37 and B#37 = 690.982
ROUND 1889 A#38 and B#37 = 810.816
ROUND 1890 A#39 and B#37 = 741.761
ROUND 1891 A#40 and B#37 = 806.535
ROUND 1892 A#41 and B#37 = 696.958
ROUND 1893 A#42 and B#37 = 533.311
ROUND 1894 A#43 and B#37 = 660.425
ROUND 1895 A#44 and B#37 = 642.346
ROUND 1896 A#45 and B#37 = 704.03
ROUND 1897 A#46 and B#37 = 811.58
ROUND 1898 A#47 and B#37 = 647.191
ROUND 1899 A#48 and B#37 = 654.815
ROUND 1900 A#49 and B#37 = 652.237
ROUND 1901 A#0 and B#38 = 641.762
ROUND 1902 A#1 and B#38 = 656.327
ROUND 1903 A#2 and B#38 = 645.132
ROUND 1904 A#3 and B#38 = 742.856
ROUND 1905 A#4 and B#38 = 661.01
ROUND 1906 A#5 and B#38 = 639.086
ROUND 1907 A#6 and B#38 = 733.939
ROUND 1908 A#7 and B#38 = 578.111
ROUND 1909 A#8 and B#38 = 640.953
ROUND 1910 A#9 and B#38 = 762
ROUND 1911 A#10 and B#38 = 637.259
ROUND 1912 A#11 and B#38 = 644.297
ROUND 1913 A#12 and B#38 = 642.789
ROUND 1914 A#13 and B#38 = 714.247
ROUND 1915 A#14 and B#38 = 726.709
ROUND 1916 A#15 and B#38 = 721.556
ROUND 1917 A#16 and B#38 = 702.689
ROUND 1918 A#17 and B#38 = 670.846
ROUND 1919 A#18 and B#38 = 737.18
ROUND 1920 A#19 and B#38 = 596.518
ROUND 1921 A#20 and B#38 = 598.585
ROUND 1922 A#21 and B#38 = 637.969
ROUND 1923 A#22 and B#38 = 647.215
ROUND 1924 A#23 and B#38 = 709.431
ROUND 1925 A#24 and B#38 = 591.535
ROUND 1926 A#25 and B#38 = 761.31
ROUND 1927 A#26 and B#38 = 706.301
ROUND 1928 A#27 and B#38 = 721.389
ROUND 1929 A#28 and B#38 = 705.994
ROUND 1930 A#29 and B#38 = 713.952
ROUND 1931 A#30 and B#38 = 590.672
ROUND 1932 A#31 and B#38 = 563.52
ROUND 1933 A#32 and B#38 = 697.869
ROUND 1934 A#33 and B#38 = 684.274
ROUND 1935 A#34 and B#38 = 639.756
ROUND 1936 A#35 and B#38 = 718.811
ROUND 1937 A#36 and B#38 = 630.001
ROUND 1938 A#37 and B#38 = 628.047
ROUND 1939 A#38 and B#38 = 641.535
ROUND 1940 A#39 and B#38 = 780.792
ROUND 1941 A#40 and B#38 = 639.6
ROUND 1942 A#41 and B#38 = 632.021
ROUND 1943 A#42 and B#38 = 575.814
ROUND 1944 A#43 and B#38 = 641.402
ROUND 1945 A#44 and B#38 = 655.033
ROUND 1946 A#45 and B#38 = 632.797
ROUND 1947 A#46 and B#38 = 641.624
ROUND 1948 A#47 and B#38 = 618.83
ROUND 1949 A#48 and B#38 = 601.168
ROUND 1950 A#49 and B#38 = 597.697
ROUND 1951 A#0 and B#39 = 733.69
ROUND 1952 A#1 and B#39 = 731.047
ROUND 1953 A#2 and B#39 = 799.457
ROUND 1954 A#3 and B#39 = 765.118
ROUND 1955 A#4 and B#39 = 730.735
ROUND 1956 A#5 and B#39 = 684.587
ROUND 1957 A#6 and B#39 = 696.909
ROUND 1958 A#7 and B#39 = 661.614
ROUND 1959 A#8 and B#39 = 753.318
ROUND 1960 A#9 and B#39 = 809.265
ROUND 1961 A#10 and B#39 = 662.449
ROUND 1962 A#11 and B#39 = 693.144
ROUND 1963 A#12 and B#39 = 688.943
ROUND 1964 A#13 and B#39 = 791.216
ROUND 1965 A#14 and B#39 = 614.162
ROUND 1966 A#15 and B#39 = 645.71
ROUND 1967 A#16 and B#39 = 780.926
ROUND 1968 A#17 and B#39 = 735.347
ROUND 1969 A#18 and B#39 = 722.003
ROUND 1970 A#19 and B#39 = 701.1
ROUND 1971 A#20 and B#39 = 720.415
ROUND 1972 A#21 and B#39 = 796.486
ROUND 1973 A#22 and B#39 = 773.722
ROUND 1974 A#23 and B#39 = 785.332
ROUND 1975 A#24 and B#39 = 629.468
ROUND 1976 A#25 and B#39 = 792.786
ROUND 1977 A#26 and B#39 = 670.43
ROUND 1978 A#27 and B#39 = 784.263
ROUND 1979 A#28 and B#39 = 719.836
ROUND 1980 A#29 and B#39 = 792.876
ROUND 1981 A#30 and B#39 = 714.159
ROUND 1982 A#31 and B#39 = 637.627
ROUND 1983 A#32 and B#39 = 719.691
ROUND 1984 A#33 and B#39 = 768.531
ROUND 1985 A#34 and B#39 = 687.007
ROUND 1986 A#35 and B#39 = 799.181
ROUND 1987 A#36 and B#39 = 668.747
ROUND 1988 A#37 and B#39 = 750.074
ROUND 1989 A#38 and B#39 = 689.018
ROUND 1990 A#39 and B#39 = 686.382
ROUND 1991 A#40 and B#39 = 686.094
ROUND 1992 A#41 and B#39 = 747.949
ROUND 1993 A#42 and B#39 = 626.503
ROUND 1994 A#43 and B#39 = 775.694
ROUND 1995 A#44 and B#39 = 770.855
ROUND 1996 A#45 and B#39 = 733.995
ROUND 1997 A#46 and B#39 = 688.456
ROUND 1998 A#47 and B#39 = 752.71
ROUND 1999 A#48 and B#39 = 700.435
ROUND 2000 A#49 and B#39 = 694.448
ROUND 2001 A#0 and B#40 = 706.785
ROUND 2002 A#1 and B#40 = 668.832
ROUND 2003 A#2 and B#40 = 648.839
ROUND 2004 A#3 and B#40 = 696.637
ROUND 2005 A#4 and B#40 = 665.812
ROUND 2006 A#5 and B#40 = 704.013
ROUND 2007 A#6 and B#40 = 656.34
ROUND 2008 A#7 and B#40 = 627.138
ROUND 2009 A#8 and B#40 = 702.306
ROUND 2010 A#9 and B#40 = 844.272
ROUND 2011 A#10 and B#40 = 719.878
ROUND 2012 A#11 and B#40 = 717.534
ROUND 2013 A#12 and B#40 = 715.277
ROUND 2014 A#13 and B#40 = 750.493
ROUND 2015 A#14 and B#40 = 728.491
ROUND 2016 A#15 and B#40 = 727.098
ROUND 2017 A#16 and B#40 = 778.901
ROUND 2018 A#17 and B#40 = 845.163
ROUND 2019 A#18 and B#40 = 744.252
ROUND 2020 A#19 and B#40 = 689.809
ROUND 2021 A#20 and B#40 = 655.767
ROUND 2022 A#21 and B#40 = 662.255
ROUND 2023 A#22 and B#40 = 701.735
ROUND 2024 A#23 and B#40 = 701.613
ROUND 2025 A#24 and B#40 = 633.803
ROUND 2026 A#25 and B#40 = 693.603
ROUND 2027 A#26 and B#40 = 714.003
ROUND 2028 A#27 and B#40 = 740.385
ROUND 2029 A#28 and B#40 = 778.903
ROUND 2030 A#29 and B#40 = 749.217
ROUND 2031 A#30 and B#40 = 666.486
ROUND 2032 A#31 and B#40 = 614.942
ROUND 2033 A#32 and B#40 = 776.64
ROUND 2034 A#33 and B#40 = 712.562
ROUND 2035 A#34 and B#40 = 709.693
ROUND 2036 A#35 and B#40 = 755.958
ROUND 2037 A#36 and B#40 = 603.602
ROUND 2038 A#37 and B#40 = 709.013
ROUND 2039 A#38 and B#40 = 713.951
ROUND 2040 A#39 and B#40 = 761.906
ROUND 2041 A#40 and B#40 = 708.99
ROUND 2042 A#41 and B#40 = 702.914
ROUND 2043 A#42 and B#40 = 634.343
ROUND 2044 A#43 and B#40 = 660.965
ROUND 2045 A#44 and B#40 = 678.744
ROUND 2046 A#45 and B#40 = 710.032
ROUND 2047 A#46 and B#40 = 711.779
ROUND 2048 A#47 and B#40 = 698.495
ROUND 2049 A#48 and B#40 = 673.776
ROUND 2050 A#49 and B#40 = 671.21
ROUND 2051 A#0 and B#41 = 740.079
ROUND 2052 A#1 and B#41 = 690.459
ROUND 2053 A#2 and B#41 = 765.219
ROUND 2054 A#3 and B#41 = 730.902
ROUND 2055 A#4 and B#41 = 701.836
ROUND 2056 A#5 and B#41 = 709.54
ROUND 2057 A#6 and B#41 = 696.411
ROUND 2058 A#7 and B#41 = 645.346
ROUND 2059 A#8 and B#41 = 691.166
ROUND 2060 A#9 and B#41 = 818.437
ROUND 2061 A#10 and B#41 = 713.915
ROUND 2062 A#11 and B#41 = 689.612
ROUND 2063 A#12 and B#41 = 699.744
ROUND 2064 A#13 and B#41 = 770.942
ROUND 2065 A#14 and B#41 = 651.294
ROUND 2066 A#15 and B#41 = 655.424
ROUND 2067 A#16 and B#41 = 771.482
ROUND 2068 A#17 and B#41 = 747.151
ROUND 2069 A#18 and B#41 = 752.188
ROUND 2070 A#19 and B#41 = 653.903
ROUND 2071 A#20 and B#41 = 697.636
ROUND 2072 A#21 and B#41 = 764.048
ROUND 2073 A#22 and B#41 = 739.934
ROUND 2074 A#23 and B#41 = 760.608
ROUND 2075 A#24 and B#41 = 632.695
ROUND 2076 A#25 and B#41 = 775.946
ROUND 2077 A#26 and B#41 = 716.86
ROUND 2078 A#27 and B#41 = 784.347
ROUND 2079 A#28 and B#41 = 727.223
ROUND 2080 A#29 and B#41 = 771.347
ROUND 2081 A#30 and B#41 = 679.927
ROUND 2082 A#31 and B#41 = 643.999
ROUND 2083 A#32 and B#41 = 723.86
ROUND 2084 A#33 and B#41 = 713.503
ROUND 2085 A#34 and B#41 = 712.287
ROUND 2086 A#35 and B#41 = 778.059
ROUND 2087 A#36 and B#41 = 609.323
ROUND 2088 A#37 and B#41 = 726.408
ROUND 2089 A#38 and B#41 = 716.096
ROUND 2090 A#39 and B#41 = 720.804
ROUND 2091 A#40 and B#41 = 713.335
ROUND 2092 A#41 and B#41 = 726.574
ROUND 2093 A#42 and B#41 = 626.968
ROUND 2094 A#43 and B#41 = 769.927
ROUND 2095 A#44 and B#41 = 744.543
ROUND 2096 A#45 and B#41 = 738.669
ROUND 2097 A#46 and B#41 = 713.248
ROUND 2098 A#47 and B#41 = 717.591
ROUND 2099 A#48 and B#41 = 656.856
ROUND 2100 A#49 and B#41 = 655.84
ROUND 2101 A#0 and B#42 = 730.465
ROUND 2102 A#1 and B#42 = 729.76
ROUND 2103 A#2 and B#42 = 799.789
ROUND 2104 A#3 and B#42 = 766.171
ROUND 2105 A#4 and B#42 = 729.479
ROUND 2106 A#5 and B#42 = 684.969
ROUND 2107 A#6 and B#42 = 695.382
ROUND 2108 A#7 and B#42 = 659.544
ROUND 2109 A#8 and B#42 = 751.517
ROUND 2110 A#9 and B#42 = 807.466
ROUND 2111 A#10 and B#42 = 662.525
ROUND 2112 A#11 and B#42 = 692.876
ROUND 2113 A#12 and B#42 = 689.404
ROUND 2114 A#13 and B#42 = 787.373
ROUND 2115 A#14 and B#42 = 616.478
ROUND 2116 A#15 and B#42 = 644.674
ROUND 2117 A#16 and B#42 = 777.282
ROUND 2118 A#17 and B#42 = 735.499
ROUND 2119 A#18 and B#42 = 722.169
ROUND 2120 A#19 and B#42 = 699.954
ROUND 2121 A#20 and B#42 = 719.627
ROUND 2122 A#21 and B#42 = 796.63
ROUND 2123 A#22 and B#42 = 774.6
ROUND 2124 A#23 and B#42 = 781.271
ROUND 2125 A#24 and B#42 = 630.387
ROUND 2126 A#25 and B#42 = 793.03
ROUND 2127 A#26 and B#42 = 670.466
ROUND 2128 A#27 and B#42 = 782.457
ROUND 2129 A#28 and B#42 = 719.856
ROUND 2130 A#29 and B#42 = 789.065
ROUND 2131 A#30 and B#42 = 713.192
ROUND 2132 A#31 and B#42 = 638.892
ROUND 2133 A#32 and B#42 = 719.563
ROUND 2134 A#33 and B#42 = 767.153
ROUND 2135 A#34 and B#42 = 687.369
ROUND 2136 A#35 and B#42 = 795.455
ROUND 2137 A#36 and B#42 = 665.748
ROUND 2138 A#37 and B#42 = 746.531
ROUND 2139 A#38 and B#42 = 689.379
ROUND 2140 A#39 and B#42 = 724.282
ROUND 2141 A#40 and B#42 = 686.344
ROUND 2142 A#41 and B#42 = 744.6
ROUND 2143 A#42 and B#42 = 627.698
ROUND 2144 A#43 and B#42 = 775.684
ROUND 2145 A#44 and B#42 = 770.079
ROUND 2146 A#45 and B#42 = 730.772
ROUND 2147 A#46 and B#42 = 688.935
ROUND 2148 A#47 and B#42 = 753.454
ROUND 2149 A#48 and B#42 = 699.802
ROUND 2150 A#49 and B#42 = 693.477
ROUND 2151 A#0 and B#43 = 726.658
ROUND 2152 A#1 and B#43 = 683.884
ROUND 2153 A#2 and B#43 = 758.882
ROUND 2154 A#3 and B#43 = 723.803
ROUND 2155 A#4 and B#43 = 699.283
ROUND 2156 A#5 and B#43 = 703.784
ROUND 2157 A#6 and B#43 = 701.91
ROUND 2158 A#7 and B#43 = 637.61
ROUND 2159 A#8 and B#43 = 706.484
ROUND 2160 A#9 and B#43 = 817.338
ROUND 2161 A#10 and B#43 = 708.693
ROUND 2162 A#11 and B#43 = 645.991
ROUND 2163 A#12 and B#43 = 670.332
ROUND 2164 A#13 and B#43 = 809.774
ROUND 2165 A#14 and B#43 = 617.007
ROUND 2166 A#15 and B#43 = 622.011
ROUND 2167 A#16 and B#43 = 810.852
ROUND 2168 A#17 and B#43 = 750.018
ROUND 2169 A#18 and B#43 = 689.016
ROUND 2170 A#19 and B#43 = 663.906
ROUND 2171 A#20 and B#43 = 716.612
ROUND 2172 A#21 and B#43 = 757.748
ROUND 2173 A#22 and B#43 = 742.99
ROUND 2174 A#23 and B#43 = 799.564
ROUND 2175 A#24 and B#43 = 609.788
ROUND 2176 A#25 and B#43 = 799.146
ROUND 2177 A#26 and B#43 = 675.16
ROUND 2178 A#27 and B#43 = 799.523
ROUND 2179 A#28 and B#43 = 723.876
ROUND 2180 A#29 and B#43 = 810.395
ROUND 2181 A#30 and B#43 = 688.137
ROUND 2182 A#31 and B#43 = 676.245
ROUND 2183 A#32 and B#43 = 718.479
ROUND 2184 A#33 and B#43 = 731.676
ROUND 2185 A#34 and B#43 = 705.865
ROUND 2186 A#35 and B#43 = 817.471
ROUND 2187 A#36 and B#43 = 633.522
ROUND 2188 A#37 and B#43 = 759.272
ROUND 2189 A#38 and B#43 = 709.59
ROUND 2190 A#39 and B#43 = 735.778
ROUND 2191 A#40 and B#43 = 705.44
ROUND 2192 A#41 and B#43 = 750.711
ROUND 2193 A#42 and B#43 = 687.236
ROUND 2194 A#43 and B#43 = 761.493
ROUND 2195 A#44 and B#43 = 751.811
ROUND 2196 A#45 and B#43 = 729.741
ROUND 2197 A#46 and B#43 = 707.805
ROUND 2198 A#47 and B#43 = 716.14
ROUND 2199 A#48 and B#43 = 664.67
ROUND 2200 A#49 and B#43 = 659.206
ROUND 2201 A#0 and B#44 = 699.149
ROUND 2202 A#1 and B#44 = 641.204
ROUND 2203 A#2 and B#44 = 703.935
ROUND 2204 A#3 and B#44 = 745.851
ROUND 2205 A#4 and B#44 = 645.408
ROUND 2206 A#5 and B#44 = 776.002
ROUND 2207 A#6 and B#44 = 646.258
ROUND 2208 A#7 and B#44 = 581.925
ROUND 2209 A#8 and B#44 = 718.86
ROUND 2210 A#9 and B#44 = 784.809
ROUND 2211 A#10 and B#44 = 784.555
ROUND 2212 A#11 and B#44 = 664.676
ROUND 2213 A#12 and B#44 = 762.21
ROUND 2214 A#13 and B#44 = 721.528
ROUND 2215 A#14 and B#44 = 779.842
ROUND 2216 A#15 and B#44 = 779.618
ROUND 2217 A#16 and B#44 = 727.162
ROUND 2218 A#17 and B#44 = 765.272
ROUND 2219 A#18 and B#44 = 750.503
ROUND 2220 A#19 and B#44 = 668.432
ROUND 2221 A#20 and B#44 = 694.399
ROUND 2222 A#21 and B#44 = 703.319
ROUND 2223 A#22 and B#44 = 722.938
ROUND 2224 A#23 and B#44 = 728.33
ROUND 2225 A#24 and B#44 = 635.792
ROUND 2226 A#25 and B#44 = 768.346
ROUND 2227 A#26 and B#44 = 788.895
ROUND 2228 A#27 and B#44 = 725.246
ROUND 2229 A#28 and B#44 = 775.461
ROUND 2230 A#29 and B#44 = 720.843
ROUND 2231 A#30 and B#44 = 654.115
ROUND 2232 A#31 and B#44 = 616.68
ROUND 2233 A#32 and B#44 = 760.901
ROUND 2234 A#33 and B#44 = 691.94
ROUND 2235 A#34 and B#44 = 777.919
ROUND 2236 A#35 and B#44 = 726.114
ROUND 2237 A#36 and B#44 = 651.114
ROUND 2238 A#37 and B#44 = 706.677
ROUND 2239 A#38 and B#44 = 782.945
ROUND 2240 A#39 and B#44 = 740.133
ROUND 2241 A#40 and B#44 = 776.839
ROUND 2242 A#41 and B#44 = 706.311
ROUND 2243 A#42 and B#44 = 597.995
ROUND 2244 A#43 and B#44 = 695.723
ROUND 2245 A#44 and B#44 = 695.401
ROUND 2246 A#45 and B#44 = 698.575
ROUND 2247 A#46 and B#44 = 782.31
ROUND 2248 A#47 and B#44 = 692.653
ROUND 2249 A#48 and B#44 = 677.504
ROUND 2250 A#49 and B#44 = 648.413
ROUND 2251 A#0 and B#45 = 664.395
ROUND 2252 A#1 and B#45 = 642.689
ROUND 2253 A#2 and B#45 = 704.761
ROUND 2254 A#3 and B#45 = 726.712
ROUND 2255 A#4 and B#45 = 646.925
ROUND 2256 A#5 and B#45 = 755.24
ROUND 2257 A#6 and B#45 = 647.502
ROUND 2258 A#7 and B#45 = 623.983
ROUND 2259 A#8 and B#45 = 721.664
ROUND 2260 A#9 and B#45 = 768.189
ROUND 2261 A#10 and B#45 = 761.553
ROUND 2262 A#11 and B#45 = 624.905
ROUND 2263 A#12 and B#45 = 676.386
ROUND 2264 A#13 and B#45 = 765.385
ROUND 2265 A#14 and B#45 = 760.2
ROUND 2266 A#15 and B#45 = 759.24
ROUND 2267 A#16 and B#45 = 773.622
ROUND 2268 A#17 and B#45 = 770.45
ROUND 2269 A#18 and B#45 = 723.367
ROUND 2270 A#19 and B#45 = 698.278
ROUND 2271 A#20 and B#45 = 696.062
ROUND 2272 A#21 and B#45 = 704.269
ROUND 2273 A#22 and B#45 = 721.302
ROUND 2274 A#23 and B#45 = 749.626
ROUND 2275 A#24 and B#45 = 624.614
ROUND 2276 A#25 and B#45 = 768.99
ROUND 2277 A#26 and B#45 = 766.585
ROUND 2278 A#27 and B#45 = 765.782
ROUND 2279 A#28 and B#45 = 714.812
ROUND 2280 A#29 and B#45 = 764.737
ROUND 2281 A#30 and B#45 = 665.121
ROUND 2282 A#31 and B#45 = 622.088
ROUND 2283 A#32 and B#45 = 715.794
ROUND 2284 A#33 and B#45 = 696.094
ROUND 2285 A#34 and B#45 = 757.039
ROUND 2286 A#35 and B#45 = 771.795
ROUND 2287 A#36 and B#45 = 652.724
ROUND 2288 A#37 and B#45 = 684.263
ROUND 2289 A#38 and B#45 = 761.633
ROUND 2290 A#39 and B#45 = 736.369
ROUND 2291 A#40 and B#45 = 755.918
ROUND 2292 A#41 and B#45 = 675.441
ROUND 2293 A#42 and B#45 = 599.621
ROUND 2294 A#43 and B#45 = 696.131
ROUND 2295 A#44 and B#45 = 694.666
ROUND 2296 A#45 and B#45 = 667.77
ROUND 2297 A#46 and B#45 = 760.841
ROUND 2298 A#47 and B#45 = 693.761
ROUND 2299 A#48 and B#45 = 696.364
ROUND 2300 A#49 and B#45 = 705.528
ROUND 2301 A#0 and B#46 = 636.322
ROUND 2302 A#1 and B#46 = 606.187
ROUND 2303 A#2 and B#46 = 611.763
ROUND 2304 A#3 and B#46 = 775.681
ROUND 2305 A#4 and B#46 = 611.009
ROUND 2306 A#5 and B#46 = 746.211
ROUND 2307 A#6 and B#46 = 617.322
ROUND 2308 A#7 and B#46 = 577.706
ROUND 2309 A#8 and B#46 = 627.491
ROUND 2310 A#9 and B#46 = 709.218
ROUND 2311 A#10 and B#46 = 725.143
ROUND 2312 A#11 and B#46 = 661.294
ROUND 2313 A#12 and B#46 = 709.525
ROUND 2314 A#13 and B#46 = 701.708
ROUND 2315 A#14 and B#46 = 745.29
ROUND 2316 A#15 and B#46 = 739.894
ROUND 2317 A#16 and B#46 = 699.827
ROUND 2318 A#17 and B#46 = 666.842
ROUND 2319 A#18 and B#46 = 757.822
ROUND 2320 A#19 and B#46 = 568.383
ROUND 2321 A#20 and B#46 = 574.757
ROUND 2322 A#21 and B#46 = 603.781
ROUND 2323 A#22 and B#46 = 611.579
ROUND 2324 A#23 and B#46 = 709.204
ROUND 2325 A#24 and B#46 = 599.582
ROUND 2326 A#25 and B#46 = 760.033
ROUND 2327 A#26 and B#46 = 730.113
ROUND 2328 A#27 and B#46 = 719.761
ROUND 2329 A#28 and B#46 = 700.862
ROUND 2330 A#29 and B#46 = 701.906
ROUND 2331 A#30 and B#46 = 554.094
ROUND 2332 A#31 and B#46 = 563.855
ROUND 2333 A#32 and B#46 = 725.818
ROUND 2334 A#33 and B#46 = 639.372
ROUND 2335 A#34 and B#46 = 744.161
ROUND 2336 A#35 and B#46 = 713.425
ROUND 2337 A#36 and B#46 = 596.93
ROUND 2338 A#37 and B#46 = 622.658
ROUND 2339 A#38 and B#46 = 745.034
ROUND 2340 A#39 and B#46 = 776.44
ROUND 2341 A#40 and B#46 = 745.229
ROUND 2342 A#41 and B#46 = 632.327
ROUND 2343 A#42 and B#46 = 578.585
ROUND 2344 A#43 and B#46 = 602.614
ROUND 2345 A#44 and B#46 = 625.472
ROUND 2346 A#45 and B#46 = 627.377
ROUND 2347 A#46 and B#46 = 746.588
ROUND 2348 A#47 and B#46 = 589.218
ROUND 2349 A#48 and B#46 = 573.961
ROUND 2350 A#49 and B#46 = 571.502
ROUND 2351 A#0 and B#47 = 690.806
ROUND 2352 A#1 and B#47 = 626.678
ROUND 2353 A#2 and B#47 = 664.243
ROUND 2354 A#3 and B#47 = 745.272
ROUND 2355 A#4 and B#47 = 630.586
ROUND 2356 A#5 and B#47 = 814.197
ROUND 2357 A#6 and B#47 = 645
ROUND 2358 A#7 and B#47 = 590.739
ROUND 2359 A#8 and B#47 = 673.298
ROUND 2360 A#9 and B#47 = 790.192
ROUND 2361 A#10 and B#47 = 813.637
ROUND 2362 A#11 and B#47 = 652.66
ROUND 2363 A#12 and B#47 = 793.913
ROUND 2364 A#13 and B#47 = 757.203
ROUND 2365 A#14 and B#47 = 791.628
ROUND 2366 A#15 and B#47 = 790.977
ROUND 2367 A#16 and B#47 = 757.962
ROUND 2368 A#17 and B#47 = 754.545
ROUND 2369 A#18 and B#47 = 784.694
ROUND 2370 A#19 and B#47 = 660.551
ROUND 2371 A#20 and B#47 = 643.277
ROUND 2372 A#21 and B#47 = 698.397
ROUND 2373 A#22 and B#47 = 679.852
ROUND 2374 A#23 and B#47 = 764.136
ROUND 2375 A#24 and B#47 = 589.323
ROUND 2376 A#25 and B#47 = 741.407
ROUND 2377 A#26 and B#47 = 801.063
ROUND 2378 A#27 and B#47 = 769.156
ROUND 2379 A#28 and B#47 = 777.114
ROUND 2380 A#29 and B#47 = 757.594
ROUND 2381 A#30 and B#47 = 662.778
ROUND 2382 A#31 and B#47 = 606.637
ROUND 2383 A#32 and B#47 = 794.476
ROUND 2384 A#33 and B#47 = 673.132
ROUND 2385 A#34 and B#47 = 814.066
ROUND 2386 A#35 and B#47 = 763.012
ROUND 2387 A#36 and B#47 = 618.515
ROUND 2388 A#37 and B#47 = 700.078
ROUND 2389 A#38 and B#47 = 819.191
ROUND 2390 A#39 and B#47 = 750.147
ROUND 2391 A#40 and B#47 = 813.079
ROUND 2392 A#41 and B#47 = 703.672
ROUND 2393 A#42 and B#47 = 563.629
ROUND 2394 A#43 and B#47 = 655.972
ROUND 2395 A#44 and B#47 = 621.485
ROUND 2396 A#45 and B#47 = 690.59
ROUND 2397 A#46 and B#47 = 819.783
ROUND 2398 A#47 and B#47 = 652.891
ROUND 2399 A#48 and B#47 = 658.869
ROUND 2400 A#49 and B#47 = 655.766
ROUND 2401 A#0 and B#48 = 699.411
ROUND 2402 A#1 and B#48 = 640.984
ROUND 2403 A#2 and B#48 = 703.733
ROUND 2404 A#3 and B#48 = 748.712
ROUND 2405 A#4 and B#48 = 645.289
ROUND 2406 A#5 and B#48 = 781.139
ROUND 2407 A#6 and B#48 = 647.533
ROUND 2408 A#7 and B#48 = 593.578
ROUND 2409 A#8 and B#48 = 719.444
ROUND 2410 A#9 and B#48 = 792.667
ROUND 2411 A#10 and B#48 = 789.693
ROUND 2412 A#11 and B#48 = 664.324
ROUND 2413 A#12 and B#48 = 769.295
ROUND 2414 A#13 and B#48 = 726.375
ROUND 2415 A#14 and B#48 = 780.082
ROUND 2416 A#15 and B#48 = 779.906
ROUND 2417 A#16 and B#48 = 732.128
ROUND 2418 A#17 and B#48 = 767.865
ROUND 2419 A#18 and B#48 = 750.564
ROUND 2420 A#19 and B#48 = 668.329
ROUND 2421 A#20 and B#48 = 694.124
ROUND 2422 A#21 and B#48 = 702.919
ROUND 2423 A#22 and B#48 = 722.828
ROUND 2424 A#23 and B#48 = 733.044
ROUND 2425 A#24 and B#48 = 636.509
ROUND 2426 A#25 and B#48 = 768.419
ROUND 2427 A#26 and B#48 = 793.781
ROUND 2428 A#27 and B#48 = 730.11
ROUND 2429 A#28 and B#48 = 779.336
ROUND 2430 A#29 and B#48 = 725.459
ROUND 2431 A#30 and B#48 = 655.678
ROUND 2432 A#31 and B#48 = 614.753
ROUND 2433 A#32 and B#48 = 764.873
ROUND 2434 A#33 and B#48 = 692.29
ROUND 2435 A#34 and B#48 = 782.717
ROUND 2436 A#35 and B#48 = 731
ROUND 2437 A#36 and B#48 = 651.02
ROUND 2438 A#37 and B#48 = 707.627
ROUND 2439 A#38 and B#48 = 787.791
ROUND 2440 A#39 and B#48 = 746.01
ROUND 2441 A#40 and B#48 = 781.859
ROUND 2442 A#41 and B#48 = 707.053
ROUND 2443 A#42 and B#48 = 599.374
ROUND 2444 A#43 and B#48 = 695.641
ROUND 2445 A#44 and B#48 = 695.31
ROUND 2446 A#45 and B#48 = 698.963
ROUND 2447 A#46 and B#48 = 787.006
ROUND 2448 A#47 and B#48 = 692.952
ROUND 2449 A#48 and B#48 = 651.944
ROUND 2450 A#49 and B#48 = 649.581
ROUND 2451 A#0 and B#49 = 666.027
ROUND 2452 A#1 and B#49 = 696.379
ROUND 2453 A#2 and B#49 = 735.631
ROUND 2454 A#3 and B#49 = 688.694
ROUND 2455 A#4 and B#49 = 693.694
ROUND 2456 A#5 and B#49 = 605.646
ROUND 2457 A#6 and B#49 = 702.935
ROUND 2458 A#7 and B#49 = 777.383
ROUND 2459 A#8 and B#49 = 697.642
ROUND 2460 A#9 and B#49 = 691.592
ROUND 2461 A#10 and B#49 = 615.541
ROUND 2462 A#11 and B#49 = 732.07
ROUND 2463 A#12 and B#49 = 607.954
ROUND 2464 A#13 and B#49 = 614.132
ROUND 2465 A#14 and B#49 = 665.412
ROUND 2466 A#15 and B#49 = 663.512
ROUND 2467 A#16 and B#49 = 630.483
ROUND 2468 A#17 and B#49 = 733.537
ROUND 2469 A#18 and B#49 = 672.372
ROUND 2470 A#19 and B#49 = 691.836
ROUND 2471 A#20 and B#49 = 636.375
ROUND 2472 A#21 and B#49 = 736.414
ROUND 2473 A#22 and B#49 = 639.768
ROUND 2474 A#23 and B#49 = 607.472
ROUND 2475 A#24 and B#49 = 638.896
ROUND 2476 A#25 and B#49 = 659.973
ROUND 2477 A#26 and B#49 = 609.328
ROUND 2478 A#27 and B#49 = 627.223
ROUND 2479 A#28 and B#49 = 650.343
ROUND 2480 A#29 and B#49 = 615.371
ROUND 2481 A#30 and B#49 = 641.016
ROUND 2482 A#31 and B#49 = 614.51
ROUND 2483 A#32 and B#49 = 631.598
ROUND 2484 A#33 and B#49 = 701.174
ROUND 2485 A#34 and B#49 = 607.881
ROUND 2486 A#35 and B#49 = 616.906
ROUND 2487 A#36 and B#49 = 769.305
ROUND 2488 A#37 and B#49 = 613.049
ROUND 2489 A#38 and B#49 = 606.805
ROUND 2490 A#39 and B#49 = 607.022
ROUND 2491 A#40 and B#49 = 606.448
ROUND 2492 A#41 and B#49 = 611.54
ROUND 2493 A#42 and B#49 = 626.059
ROUND 2494 A#43 and B#49 = 695.465
ROUND 2495 A#44 and B#49 = 693.806
ROUND 2496 A#45 and B#49 = 666.309
ROUND 2497 A#46 and B#49 = 607.881
ROUND 2498 A#47 and B#49 = 690.81
ROUND 2499 A#48 and B#49 = 686.36
ROUND 2500 A#49 and B#49 = 685.963

The best overlap is between conformer A#17 and B#35, which, after PCA followed by Steepest Descent, produces a volume overlap of 846.09
Tanimoto (Hodgkin) similarity index: 0.584593

Saving those best conformers to file...
WRITING MOLECULE TO FILE '../ALL_PAIRS_BQ123_AS_REFERENCE/ROKS2/BQ123-A216546.mol2' (WILL OVERWRITE EXISTING FILE IF ANY)...
WRITING MOLECULE TO FILE '../ALL_PAIRS_BQ123_AS_REFERENCE/ROKS2/BQ123-A216546.mol2'...
