Finished importing molecules
WARNING: LAPACK DSYEV() RETURNED NON-ZERO ERROR CODE 2
WARNING: LAPACK DSYEV() RETURNED NON-ZERO ERROR CODE 2
WARNING: LAPACK DSYEV() RETURNED NON-ZERO ERROR CODE 3
WARNING: LAPACK DSYEV() RETURNED NON-ZERO ERROR CODE 3
WARNING: LAPACK DSYEV() RETURNED NON-ZERO ERROR CODE 2
WARNING: LAPACK DSYEV() RETURNED NON-ZERO ERROR CODE 3
WARNING: LAPACK DSYEV() RETURNED NON-ZERO ERROR CODE 3
WARNING: LAPACK DSYEV() RETURNED NON-ZERO ERROR CODE 2
WARNING: LAPACK DSYEV() RETURNED NON-ZERO ERROR CODE 3
WARNING: LAPACK DSYEV() RETURNED NON-ZERO ERROR CODE 2
WARNING: LAPACK DSYEV() RETURNED NON-ZERO ERROR CODE 3
WARNING: LAPACK DSYEV() RETURNED NON-ZERO ERROR CODE 2
WARNING: LAPACK DSYEV() RETURNED NON-ZERO ERROR CODE 2
WARNING: LAPACK DSYEV() RETURNED NON-ZERO ERROR CODE 2
WARNING: LAPACK DSYEV() RETURNED NON-ZERO ERROR CODE 3
WARNING: LAPACK DSYEV() RETURNED NON-ZERO ERROR CODE 2
WARNING: LAPACK DSYEV() RETURNED NON-ZERO ERROR CODE 3
WARNING: LAPACK DSYEV() RETURNED NON-ZERO ERROR CODE 3
WARNING: LAPACK DSYEV() RETURNED NON-ZERO ERROR CODE 2
WARNING: LAPACK DSYEV() RETURNED NON-ZERO ERROR CODE 2
WARNING: LAPACK DSYEV() RETURNED NON-ZERO ERROR CODE 2
WARNING: LAPACK DSYEV() RETURNED NON-ZERO ERROR CODE 2
WARNING: LAPACK DSYEV() RETURNED NON-ZERO ERROR CODE 2
WARNING: LAPACK DSYEV() RETURNED NON-ZERO ERROR CODE 3
WARNING: LAPACK DSYEV() RETURNED NON-ZERO ERROR CODE 3
WARNING: LAPACK DSYEV() RETURNED NON-ZERO ERROR CODE 3
WARNING: LAPACK DSYEV() RETURNED NON-ZERO ERROR CODE 2
WARNING: LAPACK DSYEV() RETURNED NON-ZERO ERROR CODE 3
WARNING: LAPACK DSYEV() RETURNED NON-ZERO ERROR CODE 2
WARNING: LAPACK DSYEV() RETURNED NON-ZERO ERROR CODE 2
WARNING: LAPACK DSYEV() RETURNED NON-ZERO ERROR CODE 3
WARNING: LAPACK DSYEV() RETURNED NON-ZERO ERROR CODE 2
WARNING: LAPACK DSYEV() RETURNED NON-ZERO ERROR CODE 3
WARNING: LAPACK DSYEV() RETURNED NON-ZERO ERROR CODE 2
WARNING: LAPACK DSYEV() RETURNED NON-ZERO ERROR CODE 2
WARNING: LAPACK DSYEV() RETURNED NON-ZERO ERROR CODE 3
WARNING: LAPACK DSYEV() RETURNED NON-ZERO ERROR CODE 2
WARNING: LAPACK DSYEV() RETURNED NON-ZERO ERROR CODE 2
WARNING: LAPACK DSYEV() RETURNED NON-ZERO ERROR CODE 3
WARNING: LAPACK DSYEV() RETURNED NON-ZERO ERROR CODE 3
WARNING: LAPACK DSYEV() RETURNED NON-ZERO ERROR CODE 2
WARNING: LAPACK DSYEV() RETURNED NON-ZERO ERROR CODE 2
WARNING: LAPACK DSYEV() RETURNED NON-ZERO ERROR CODE 2
WARNING: LAPACK DSYEV() RETURNED NON-ZERO ERROR CODE 2
WARNING: LAPACK DSYEV() RETURNED NON-ZERO ERROR CODE 2
WARNING: LAPACK DSYEV() RETURNED NON-ZERO ERROR CODE 2
WARNING: LAPACK DSYEV() RETURNED NON-ZERO ERROR CODE 2
WARNING: LAPACK DSYEV() RETURNED NON-ZERO ERROR CODE 2
WARNING: LAPACK DSYEV() RETURNED NON-ZERO ERROR CODE 2
WARNING: LAPACK DSYEV() RETURNED NON-ZERO ERROR CODE 3
WARNING: LAPACK DSYEV() RETURNED NON-ZERO ERROR CODE 2
WARNING: LAPACK DSYEV() RETURNED NON-ZERO ERROR CODE 3
WARNING: LAPACK DSYEV() RETURNED NON-ZERO ERROR CODE 3
WARNING: LAPACK DSYEV() RETURNED NON-ZERO ERROR CODE 2
WARNING: LAPACK DSYEV() RETURNED NON-ZERO ERROR CODE 3
WARNING: LAPACK DSYEV() RETURNED NON-ZERO ERROR CODE 2
WARNING: LAPACK DSYEV() RETURNED NON-ZERO ERROR CODE 2
WARNING: LAPACK DSYEV() RETURNED NON-ZERO ERROR CODE 3
WARNING: LAPACK DSYEV() RETURNED NON-ZERO ERROR CODE 3
WARNING: LAPACK DSYEV() RETURNED NON-ZERO ERROR CODE 3
WARNING: LAPACK DSYEV() RETURNED NON-ZERO ERROR CODE 2
WARNING: LAPACK DSYEV() RETURNED NON-ZERO ERROR CODE 3
WARNING: LAPACK DSYEV() RETURNED NON-ZERO ERROR CODE 2
WARNING: LAPACK DSYEV() RETURNED NON-ZERO ERROR CODE 3
WARNING: LAPACK DSYEV() RETURNED NON-ZERO ERROR CODE 2
WARNING: LAPACK DSYEV() RETURNED NON-ZERO ERROR CODE 2
WARNING: LAPACK DSYEV() RETURNED NON-ZERO ERROR CODE 3
WARNING: LAPACK DSYEV() RETURNED NON-ZERO ERROR CODE 2
WARNING: LAPACK DSYEV() RETURNED NON-ZERO ERROR CODE 2
WARNING: LAPACK DSYEV() RETURNED NON-ZERO ERROR CODE 2
WARNING: LAPACK DSYEV() RETURNED NON-ZERO ERROR CODE 2
WARNING: LAPACK DSYEV() RETURNED NON-ZERO ERROR CODE 3
WARNING: LAPACK DSYEV() RETURNED NON-ZERO ERROR CODE 3
WARNING: LAPACK DSYEV() RETURNED NON-ZERO ERROR CODE 3
WARNING: LAPACK DSYEV() RETURNED NON-ZERO ERROR CODE 3
WARNING: LAPACK DSYEV() RETURNED NON-ZERO ERROR CODE 3
WARNING: LAPACK DSYEV() RETURNED NON-ZERO ERROR CODE 2
WARNING: LAPACK DSYEV() RETURNED NON-ZERO ERROR CODE 2
WARNING: LAPACK DSYEV() RETURNED NON-ZERO ERROR CODE 3
WARNING: LAPACK DSYEV() RETURNED NON-ZERO ERROR CODE 3
WARNING: LAPACK DSYEV() RETURNED NON-ZERO ERROR CODE 2
WARNING: LAPACK DSYEV() RETURNED NON-ZERO ERROR CODE 3
WARNING: LAPACK DSYEV() RETURNED NON-ZERO ERROR CODE 2
WARNING: LAPACK DSYEV() RETURNED NON-ZERO ERROR CODE 3
WARNING: LAPACK DSYEV() RETURNED NON-ZERO ERROR CODE 2
WARNING: LAPACK DSYEV() RETURNED NON-ZERO ERROR CODE 3
WARNING: LAPACK DSYEV() RETURNED NON-ZERO ERROR CODE 3
WARNING: LAPACK DSYEV() RETURNED NON-ZERO ERROR CODE 2
WARNING: LAPACK DSYEV() RETURNED NON-ZERO ERROR CODE 2
WARNING: LAPACK DSYEV() RETURNED NON-ZERO ERROR CODE 3
WARNING: LAPACK DSYEV() RETURNED NON-ZERO ERROR CODE 3
WARNING: LAPACK DSYEV() RETURNED NON-ZERO ERROR CODE 3
WARNING: LAPACK DSYEV() RETURNED NON-ZERO ERROR CODE 3
WARNING: LAPACK DSYEV() RETURNED NON-ZERO ERROR CODE 3
WARNING: LAPACK DSYEV() RETURNED NON-ZERO ERROR CODE 2
WARNING: LAPACK DSYEV() RETURNED NON-ZERO ERROR CODE 2
WARNING: LAPACK DSYEV() RETURNED NON-ZERO ERROR CODE 2
WARNING: LAPACK DSYEV() RETURNED NON-ZERO ERROR CODE 2
WARNING: LAPACK DSYEV() RETURNED NON-ZERO ERROR CODE 2
WARNING: LAPACK DSYEV() RETURNED NON-ZERO ERROR CODE 3
Finished setting up data; running search...
ROUND 1 A#0 and B#0 = 506.77
ROUND 2 A#1 and B#0 = 434.028
ROUND 3 A#2 and B#0 = 524.244
ROUND 4 A#3 and B#0 = 560.06
ROUND 5 A#4 and B#0 = 467.99
ROUND 6 A#5 and B#0 = 570.541
ROUND 7 A#6 and B#0 = 578.075
ROUND 8 A#7 and B#0 = 599.341
ROUND 9 A#8 and B#0 = 603.108
ROUND 10 A#9 and B#0 = 467.051
ROUND 11 A#10 and B#0 = 561.466
ROUND 12 A#11 and B#0 = 551.394
ROUND 13 A#12 and B#0 = 462.534
ROUND 14 A#13 and B#0 = 485.695
ROUND 15 A#14 and B#0 = 527.722
ROUND 16 A#15 and B#0 = 511.681
ROUND 17 A#16 and B#0 = 504.159
ROUND 18 A#17 and B#0 = 526.658
ROUND 19 A#18 and B#0 = 546.927
ROUND 20 A#19 and B#0 = 518.48
ROUND 21 A#20 and B#0 = 497.639
ROUND 22 A#21 and B#0 = 472.776
ROUND 23 A#22 and B#0 = 546.9
ROUND 24 A#23 and B#0 = 605.706
ROUND 25 A#24 and B#0 = 516.181
ROUND 26 A#25 and B#0 = 543.311
ROUND 27 A#26 and B#0 = 533.948
ROUND 28 A#27 and B#0 = 482.25
ROUND 29 A#28 and B#0 = 575.074
ROUND 30 A#29 and B#0 = 581.222
ROUND 31 A#30 and B#0 = 519.75
ROUND 32 A#31 and B#0 = 506.841
ROUND 33 A#32 and B#0 = 577.77
ROUND 34 A#33 and B#0 = 551.869
ROUND 35 A#34 and B#0 = 538.957
ROUND 36 A#35 and B#0 = 550.484
ROUND 37 A#36 and B#0 = 485.339
ROUND 38 A#37 and B#0 = 535.491
ROUND 39 A#38 and B#0 = 526.978
ROUND 40 A#39 and B#0 = 528.188
ROUND 41 A#40 and B#0 = 508.981
ROUND 42 A#41 and B#0 = 506.934
ROUND 43 A#42 and B#0 = 519.356
ROUND 44 A#43 and B#0 = 495.685
ROUND 45 A#44 and B#0 = 502.676
ROUND 46 A#45 and B#0 = 497.541
ROUND 47 A#46 and B#0 = 500.876
ROUND 48 A#47 and B#0 = 500.326
ROUND 49 A#48 and B#0 = 504.424
ROUND 50 A#49 and B#0 = 545.25
ROUND 51 A#0 and B#1 = 531.063
ROUND 52 A#1 and B#1 = 476.109
ROUND 53 A#2 and B#1 = 481.603
ROUND 54 A#3 and B#1 = 455.38
ROUND 55 A#4 and B#1 = 640.29
ROUND 56 A#5 and B#1 = 569.306
ROUND 57 A#6 and B#1 = 610.942
ROUND 58 A#7 and B#1 = 606.998
ROUND 59 A#8 and B#1 = 613.768
ROUND 60 A#9 and B#1 = 634.521
ROUND 61 A#10 and B#1 = 454.179
ROUND 62 A#11 and B#1 = 536.778
ROUND 63 A#12 and B#1 = 569.518
ROUND 64 A#13 and B#1 = 570.414
ROUND 65 A#14 and B#1 = 480.754
ROUND 66 A#15 and B#1 = 494.051
ROUND 67 A#16 and B#1 = 513.615
ROUND 68 A#17 and B#1 = 481.544
ROUND 69 A#18 and B#1 = 494.684
ROUND 70 A#19 and B#1 = 500.734
ROUND 71 A#20 and B#1 = 504.008
ROUND 72 A#21 and B#1 = 439.028
ROUND 73 A#22 and B#1 = 494.499
ROUND 74 A#23 and B#1 = 614.075
ROUND 75 A#24 and B#1 = 510.184
ROUND 76 A#25 and B#1 = 532.213
ROUND 77 A#26 and B#1 = 503.727
ROUND 78 A#27 and B#1 = 527.411
ROUND 79 A#28 and B#1 = 581.811
ROUND 80 A#29 and B#1 = 548.355
ROUND 81 A#30 and B#1 = 517.97
ROUND 82 A#31 and B#1 = 534.615
ROUND 83 A#32 and B#1 = 519.455
ROUND 84 A#33 and B#1 = 586.396
ROUND 85 A#34 and B#1 = 564.924
ROUND 86 A#35 and B#1 = 518.96
ROUND 87 A#36 and B#1 = 525.648
ROUND 88 A#37 and B#1 = 575.53
ROUND 89 A#38 and B#1 = 545.538
ROUND 90 A#39 and B#1 = 544.152
ROUND 91 A#40 and B#1 = 516.295
ROUND 92 A#41 and B#1 = 518.291
ROUND 93 A#42 and B#1 = 496.955
ROUND 94 A#43 and B#1 = 513.958
ROUND 95 A#44 and B#1 = 478.164
ROUND 96 A#45 and B#1 = 519.297
ROUND 97 A#46 and B#1 = 475.911
ROUND 98 A#47 and B#1 = 525.435
ROUND 99 A#48 and B#1 = 516.257
ROUND 100 A#49 and B#1 = 588.932
ROUND 101 A#0 and B#2 = 532.634
ROUND 102 A#1 and B#2 = 476.135
ROUND 103 A#2 and B#2 = 481.781
ROUND 104 A#3 and B#2 = 563.111
ROUND 105 A#4 and B#2 = 635.237
ROUND 106 A#5 and B#2 = 571.049
ROUND 107 A#6 and B#2 = 605.497
ROUND 108 A#7 and B#2 = 599.98
ROUND 109 A#8 and B#2 = 614.097
ROUND 110 A#9 and B#2 = 625.719
ROUND 111 A#10 and B#2 = 563.488
ROUND 112 A#11 and B#2 = 535.601
ROUND 113 A#12 and B#2 = 569.207
ROUND 114 A#13 and B#2 = 567.911
ROUND 115 A#14 and B#2 = 504.626
ROUND 116 A#15 and B#2 = 492.842
ROUND 117 A#16 and B#2 = 551.257
ROUND 118 A#17 and B#2 = 503.666
ROUND 119 A#18 and B#2 = 497.593
ROUND 120 A#19 and B#2 = 501.813
ROUND 121 A#20 and B#2 = 506.382
ROUND 122 A#21 and B#2 = 438.858
ROUND 123 A#22 and B#2 = 497.416
ROUND 124 A#23 and B#2 = 614.421
ROUND 125 A#24 and B#2 = 511.962
ROUND 126 A#25 and B#2 = 543.266
ROUND 127 A#26 and B#2 = 505.29
ROUND 128 A#27 and B#2 = 523.662
ROUND 129 A#28 and B#2 = 586.845
ROUND 130 A#29 and B#2 = 545.992
ROUND 131 A#30 and B#2 = 518.298
ROUND 132 A#31 and B#2 = 539.144
ROUND 133 A#32 and B#2 = 520.307
ROUND 134 A#33 and B#2 = 587.291
ROUND 135 A#34 and B#2 = 567.597
ROUND 136 A#35 and B#2 = 521.488
ROUND 137 A#36 and B#2 = 524.579
ROUND 138 A#37 and B#2 = 578.487
ROUND 139 A#38 and B#2 = 545.658
ROUND 140 A#39 and B#2 = 542.471
ROUND 141 A#40 and B#2 = 517.288
ROUND 142 A#41 and B#2 = 518.962
ROUND 143 A#42 and B#2 = 507.039
ROUND 144 A#43 and B#2 = 512.834
ROUND 145 A#44 and B#2 = 476.962
ROUND 146 A#45 and B#2 = 517.784
ROUND 147 A#46 and B#2 = 476.857
ROUND 148 A#47 and B#2 = 524.337
ROUND 149 A#48 and B#2 = 517.478
ROUND 150 A#49 and B#2 = 584.188
ROUND 151 A#0 and B#3 = 551.584
ROUND 152 A#1 and B#3 = 411.72
ROUND 153 A#2 and B#3 = 418.057
ROUND 154 A#3 and B#3 = 447.026
ROUND 155 A#4 and B#3 = 599.33
ROUND 156 A#5 and B#3 = 449.94
ROUND 157 A#6 and B#3 = 525.128
ROUND 158 A#7 and B#3 = 599.5
ROUND 159 A#8 and B#3 = 535.234
ROUND 160 A#9 and B#3 = 599.599
ROUND 161 A#10 and B#3 = 470.141
ROUND 162 A#11 and B#3 = 515.882
ROUND 163 A#12 and B#3 = 567.505
ROUND 164 A#13 and B#3 = 514.331
ROUND 165 A#14 and B#3 = 502.917
ROUND 166 A#15 and B#3 = 458.363
ROUND 167 A#16 and B#3 = 496.794
ROUND 168 A#17 and B#3 = 503.478
ROUND 169 A#18 and B#3 = 599.182
ROUND 170 A#19 and B#3 = 573.665
ROUND 171 A#20 and B#3 = 554.38
ROUND 172 A#21 and B#3 = 561.684
ROUND 173 A#22 and B#3 = 599.589
ROUND 174 A#23 and B#3 = 536.719
ROUND 175 A#24 and B#3 = 512.55
ROUND 176 A#25 and B#3 = 551.111
ROUND 177 A#26 and B#3 = 477.511
ROUND 178 A#27 and B#3 = 458.409
ROUND 179 A#28 and B#3 = 553.174
ROUND 180 A#29 and B#3 = 640.716
ROUND 181 A#30 and B#3 = 561.76
ROUND 182 A#31 and B#3 = 561.232
ROUND 183 A#32 and B#3 = 503.459
ROUND 184 A#33 and B#3 = 553.219
ROUND 185 A#34 and B#3 = 592.048
ROUND 186 A#35 and B#3 = 499.375
ROUND 187 A#36 and B#3 = 502.704
ROUND 188 A#37 and B#3 = 593.406
ROUND 189 A#38 and B#3 = 530.266
ROUND 190 A#39 and B#3 = 544.286
ROUND 191 A#40 and B#3 = 573.887
ROUND 192 A#41 and B#3 = 574.561
ROUND 193 A#42 and B#3 = 601.119
ROUND 194 A#43 and B#3 = 553.328
ROUND 195 A#44 and B#3 = 436.975
ROUND 196 A#45 and B#3 = 550.742
ROUND 197 A#46 and B#3 = 437.715
ROUND 198 A#47 and B#3 = 546.961
ROUND 199 A#48 and B#3 = 552.548
ROUND 200 A#49 and B#3 = 556.691
ROUND 201 A#0 and B#4 = 567.091
ROUND 202 A#1 and B#4 = 550.662
ROUND 203 A#2 and B#4 = 480.843
ROUND 204 A#3 and B#4 = 496.581
ROUND 205 A#4 and B#4 = 588.332
ROUND 206 A#5 and B#4 = 496.505
ROUND 207 A#6 and B#4 = 584.996
ROUND 208 A#7 and B#4 = 559.332
ROUND 209 A#8 and B#4 = 580.906
ROUND 210 A#9 and B#4 = 588.392
ROUND 211 A#10 and B#4 = 496.708
ROUND 212 A#11 and B#4 = 598.615
ROUND 213 A#12 and B#4 = 586.65
ROUND 214 A#13 and B#4 = 585.602
ROUND 215 A#14 and B#4 = 491.611
ROUND 216 A#15 and B#4 = 519.68
ROUND 217 A#16 and B#4 = 498
ROUND 218 A#17 and B#4 = 490.644
ROUND 219 A#18 and B#4 = 469.893
ROUND 220 A#19 and B#4 = 509.585
ROUND 221 A#20 and B#4 = 518.904
ROUND 222 A#21 and B#4 = 457.443
ROUND 223 A#22 and B#4 = 546.565
ROUND 224 A#23 and B#4 = 580.794
ROUND 225 A#24 and B#4 = 504.981
ROUND 226 A#25 and B#4 = 533.718
ROUND 227 A#26 and B#4 = 514.222
ROUND 228 A#27 and B#4 = 497.468
ROUND 229 A#28 and B#4 = 556.234
ROUND 230 A#29 and B#4 = 641.215
ROUND 231 A#30 and B#4 = 500.177
ROUND 232 A#31 and B#4 = 567.8
ROUND 233 A#32 and B#4 = 552.958
ROUND 234 A#33 and B#4 = 563.697
ROUND 235 A#34 and B#4 = 578.859
ROUND 236 A#35 and B#4 = 520.039
ROUND 237 A#36 and B#4 = 558.354
ROUND 238 A#37 and B#4 = 559.209
ROUND 239 A#38 and B#4 = 531.27
ROUND 240 A#39 and B#4 = 530.058
ROUND 241 A#40 and B#4 = 537.181
ROUND 242 A#41 and B#4 = 528.932
ROUND 243 A#42 and B#4 = 517.333
ROUND 244 A#43 and B#4 = 552.626
ROUND 245 A#44 and B#4 = 486.894
ROUND 246 A#45 and B#4 = 559.13
ROUND 247 A#46 and B#4 = 495.136
ROUND 248 A#47 and B#4 = 563.569
ROUND 249 A#48 and B#4 = 541.432
ROUND 250 A#49 and B#4 = 568.399
ROUND 251 A#0 and B#5 = 519.297
ROUND 252 A#1 and B#5 = 537.046
ROUND 253 A#2 and B#5 = 509.437
ROUND 254 A#3 and B#5 = 506.698
ROUND 255 A#4 and B#5 = 506.062
ROUND 256 A#5 and B#5 = 457.03
ROUND 257 A#6 and B#5 = 526.457
ROUND 258 A#7 and B#5 = 481.566
ROUND 259 A#8 and B#5 = 517.35
ROUND 260 A#9 and B#5 = 505.266
ROUND 261 A#10 and B#5 = 501.74
ROUND 262 A#11 and B#5 = 516.003
ROUND 263 A#12 and B#5 = 507.766
ROUND 264 A#13 and B#5 = 514.604
ROUND 265 A#14 and B#5 = 514.89
ROUND 266 A#15 and B#5 = 552.993
ROUND 267 A#16 and B#5 = 469.033
ROUND 268 A#17 and B#5 = 516.221
ROUND 269 A#18 and B#5 = 585.998
ROUND 270 A#19 and B#5 = 560.233
ROUND 271 A#20 and B#5 = 541.454
ROUND 272 A#21 and B#5 = 518.796
ROUND 273 A#22 and B#5 = 586.32
ROUND 274 A#23 and B#5 = 515.267
ROUND 275 A#24 and B#5 = 510.265
ROUND 276 A#25 and B#5 = 489.48
ROUND 277 A#26 and B#5 = 547.83
ROUND 278 A#27 and B#5 = 483.583
ROUND 279 A#28 and B#5 = 555.298
ROUND 280 A#29 and B#5 = 622.806
ROUND 281 A#30 and B#5 = 563.272
ROUND 282 A#31 and B#5 = 523.642
ROUND 283 A#32 and B#5 = 520.64
ROUND 284 A#33 and B#5 = 559.027
ROUND 285 A#34 and B#5 = 578.762
ROUND 286 A#35 and B#5 = 498.005
ROUND 287 A#36 and B#5 = 553.513
ROUND 288 A#37 and B#5 = 572.146
ROUND 289 A#38 and B#5 = 499.861
ROUND 290 A#39 and B#5 = 500.306
ROUND 291 A#40 and B#5 = 523.669
ROUND 292 A#41 and B#5 = 564.368
ROUND 293 A#42 and B#5 = 588.14
ROUND 294 A#43 and B#5 = 499.923
ROUND 295 A#44 and B#5 = 570.097
ROUND 296 A#45 and B#5 = 504.237
ROUND 297 A#46 and B#5 = 570.228
ROUND 298 A#47 and B#5 = 505.738
ROUND 299 A#48 and B#5 = 533.496
ROUND 300 A#49 and B#5 = 548.071
ROUND 301 A#0 and B#6 = 648.151
ROUND 302 A#1 and B#6 = 448.163
ROUND 303 A#2 and B#6 = 502.988
ROUND 304 A#3 and B#6 = 546.008
ROUND 305 A#4 and B#6 = 605.643
ROUND 306 A#5 and B#6 = 544.703
ROUND 307 A#6 and B#6 = 576.327
ROUND 308 A#7 and B#6 = 609.87
ROUND 309 A#8 and B#6 = 578.83
ROUND 310 A#9 and B#6 = 605.521
ROUND 311 A#10 and B#6 = 547.981
ROUND 312 A#11 and B#6 = 497.594
ROUND 313 A#12 and B#6 = 582.742
ROUND 314 A#13 and B#6 = 495.93
ROUND 315 A#14 and B#6 = 464.341
ROUND 316 A#15 and B#6 = 631.414
ROUND 317 A#16 and B#6 = 624.418
ROUND 318 A#17 and B#6 = 468.64
ROUND 319 A#18 and B#6 = 606.401
ROUND 320 A#19 and B#6 = 476.277
ROUND 321 A#20 and B#6 = 479.029
ROUND 322 A#21 and B#6 = 493.6
ROUND 323 A#22 and B#6 = 606.541
ROUND 324 A#23 and B#6 = 576.097
ROUND 325 A#24 and B#6 = 475.385
ROUND 326 A#25 and B#6 = 583.669
ROUND 327 A#26 and B#6 = 658.417
ROUND 328 A#27 and B#6 = 520.253
ROUND 329 A#28 and B#6 = 552.664
ROUND 330 A#29 and B#6 = 625.161
ROUND 331 A#30 and B#6 = 522.968
ROUND 332 A#31 and B#6 = 618.47
ROUND 333 A#32 and B#6 = 551.252
ROUND 334 A#33 and B#6 = 539.455
ROUND 335 A#34 and B#6 = 448.931
ROUND 336 A#35 and B#6 = 589.431
ROUND 337 A#36 and B#6 = 653.605
ROUND 338 A#37 and B#6 = 541.914
ROUND 339 A#38 and B#6 = 639.727
ROUND 340 A#39 and B#6 = 640.287
ROUND 341 A#40 and B#6 = 649.41
ROUND 342 A#41 and B#6 = 654.087
ROUND 343 A#42 and B#6 = 651.232
ROUND 344 A#43 and B#6 = 631.59
ROUND 345 A#44 and B#6 = 628.847
ROUND 346 A#45 and B#6 = 631.916
ROUND 347 A#46 and B#6 = 634.101
ROUND 348 A#47 and B#6 = 635.159
ROUND 349 A#48 and B#6 = 656.824
ROUND 350 A#49 and B#6 = 656.696
ROUND 351 A#0 and B#7 = 529.621
ROUND 352 A#1 and B#7 = 473.936
ROUND 353 A#2 and B#7 = 479.661
ROUND 354 A#3 and B#7 = 455.541
ROUND 355 A#4 and B#7 = 637.325
ROUND 356 A#5 and B#7 = 453.056
ROUND 357 A#6 and B#7 = 602.618
ROUND 358 A#7 and B#7 = 597.562
ROUND 359 A#8 and B#7 = 605.674
ROUND 360 A#9 and B#7 = 629.181
ROUND 361 A#10 and B#7 = 454.63
ROUND 362 A#11 and B#7 = 545.841
ROUND 363 A#12 and B#7 = 566.988
ROUND 364 A#13 and B#7 = 572.437
ROUND 365 A#14 and B#7 = 491.732
ROUND 366 A#15 and B#7 = 491.782
ROUND 367 A#16 and B#7 = 504.111
ROUND 368 A#17 and B#7 = 490.682
ROUND 369 A#18 and B#7 = 495.29
ROUND 370 A#19 and B#7 = 498.895
ROUND 371 A#20 and B#7 = 487.982
ROUND 372 A#21 and B#7 = 438.679
ROUND 373 A#22 and B#7 = 495.099
ROUND 374 A#23 and B#7 = 606.266
ROUND 375 A#24 and B#7 = 510.918
ROUND 376 A#25 and B#7 = 536.086
ROUND 377 A#26 and B#7 = 504.069
ROUND 378 A#27 and B#7 = 517.93
ROUND 379 A#28 and B#7 = 584.722
ROUND 380 A#29 and B#7 = 545.994
ROUND 381 A#30 and B#7 = 509.413
ROUND 382 A#31 and B#7 = 531.026
ROUND 383 A#32 and B#7 = 522.339
ROUND 384 A#33 and B#7 = 585.141
ROUND 385 A#34 and B#7 = 563.897
ROUND 386 A#35 and B#7 = 520.731
ROUND 387 A#36 and B#7 = 523.455
ROUND 388 A#37 and B#7 = 573.948
ROUND 389 A#38 and B#7 = 535.522
ROUND 390 A#39 and B#7 = 533.702
ROUND 391 A#40 and B#7 = 516.194
ROUND 392 A#41 and B#7 = 517.701
ROUND 393 A#42 and B#7 = 497.195
ROUND 394 A#43 and B#7 = 514.394
ROUND 395 A#44 and B#7 = 478.549
ROUND 396 A#45 and B#7 = 519.524
ROUND 397 A#46 and B#7 = 476.075
ROUND 398 A#47 and B#7 = 525.707
ROUND 399 A#48 and B#7 = 498.874
ROUND 400 A#49 and B#7 = 578.37
ROUND 401 A#0 and B#8 = 482.199
ROUND 402 A#1 and B#8 = 493.303
ROUND 403 A#2 and B#8 = 487.683
ROUND 404 A#3 and B#8 = 490.806
ROUND 405 A#4 and B#8 = 534.234
ROUND 406 A#5 and B#8 = 552.018
ROUND 407 A#6 and B#8 = 517.95
ROUND 408 A#7 and B#8 = 578.023
ROUND 409 A#8 and B#8 = 505.461
ROUND 410 A#9 and B#8 = 537.051
ROUND 411 A#10 and B#8 = 548.493
ROUND 412 A#11 and B#8 = 524.39
ROUND 413 A#12 and B#8 = 544.201
ROUND 414 A#13 and B#8 = 553.451
ROUND 415 A#14 and B#8 = 505.99
ROUND 416 A#15 and B#8 = 524.982
ROUND 417 A#16 and B#8 = 571.992
ROUND 418 A#17 and B#8 = 506.262
ROUND 419 A#18 and B#8 = 502.913
ROUND 420 A#19 and B#8 = 499.181
ROUND 421 A#20 and B#8 = 497.753
ROUND 422 A#21 and B#8 = 489.104
ROUND 423 A#22 and B#8 = 502.93
ROUND 424 A#23 and B#8 = 507.708
ROUND 425 A#24 and B#8 = 486.61
ROUND 426 A#25 and B#8 = 509.44
ROUND 427 A#26 and B#8 = 500.112
ROUND 428 A#27 and B#8 = 535.908
ROUND 429 A#28 and B#8 = 475.462
ROUND 430 A#29 and B#8 = 549.924
ROUND 431 A#30 and B#8 = 484.146
ROUND 432 A#31 and B#8 = 497.394
ROUND 433 A#32 and B#8 = 444.339
ROUND 434 A#33 and B#8 = 511.459
ROUND 435 A#34 and B#8 = 481.409
ROUND 436 A#35 and B#8 = 549.016
ROUND 437 A#36 and B#8 = 510.674
ROUND 438 A#37 and B#8 = 531.759
ROUND 439 A#38 and B#8 = 533.407
ROUND 440 A#39 and B#8 = 535.01
ROUND 441 A#40 and B#8 = 498.525
ROUND 442 A#41 and B#8 = 497.836
ROUND 443 A#42 and B#8 = 493.631
ROUND 444 A#43 and B#8 = 469.658
ROUND 445 A#44 and B#8 = 533.333
ROUND 446 A#45 and B#8 = 469.592
ROUND 447 A#46 and B#8 = 532.791
ROUND 448 A#47 and B#8 = 469.039
ROUND 449 A#48 and B#8 = 497.195
ROUND 450 A#49 and B#8 = 542.593
ROUND 451 A#0 and B#9 = 483.74
ROUND 452 A#1 and B#9 = 493.485
ROUND 453 A#2 and B#9 = 486.936
ROUND 454 A#3 and B#9 = 552.518
ROUND 455 A#4 and B#9 = 531.474
ROUND 456 A#5 and B#9 = 551.52
ROUND 457 A#6 and B#9 = 515.392
ROUND 458 A#7 and B#9 = 585.326
ROUND 459 A#8 and B#9 = 505.246
ROUND 460 A#9 and B#9 = 535.169
ROUND 461 A#10 and B#9 = 547.905
ROUND 462 A#11 and B#9 = 528.877
ROUND 463 A#12 and B#9 = 546.678
ROUND 464 A#13 and B#9 = 559.758
ROUND 465 A#14 and B#9 = 508.882
ROUND 466 A#15 and B#9 = 525.834
ROUND 467 A#16 and B#9 = 574.055
ROUND 468 A#17 and B#9 = 509.321
ROUND 469 A#18 and B#9 = 425.335
ROUND 470 A#19 and B#9 = 499.47
ROUND 471 A#20 and B#9 = 498.042
ROUND 472 A#21 and B#9 = 488.206
ROUND 473 A#22 and B#9 = 425.699
ROUND 474 A#23 and B#9 = 507.631
ROUND 475 A#24 and B#9 = 487.938
ROUND 476 A#25 and B#9 = 511.859
ROUND 477 A#26 and B#9 = 493.347
ROUND 478 A#27 and B#9 = 538.215
ROUND 479 A#28 and B#9 = 479.417
ROUND 480 A#29 and B#9 = 558.085
ROUND 481 A#30 and B#9 = 477.732
ROUND 482 A#31 and B#9 = 497.774
ROUND 483 A#32 and B#9 = 505.887
ROUND 484 A#33 and B#9 = 517.35
ROUND 485 A#34 and B#9 = 481.262
ROUND 486 A#35 and B#9 = 552.027
ROUND 487 A#36 and B#9 = 510.017
ROUND 488 A#37 and B#9 = 534.101
ROUND 489 A#38 and B#9 = 468.92
ROUND 490 A#39 and B#9 = 468.729
ROUND 491 A#40 and B#9 = 502.091
ROUND 492 A#41 and B#9 = 501.585
ROUND 493 A#42 and B#9 = 498.513
ROUND 494 A#43 and B#9 = 469.349
ROUND 495 A#44 and B#9 = 535.178
ROUND 496 A#45 and B#9 = 469.283
ROUND 497 A#46 and B#9 = 532.776
ROUND 498 A#47 and B#9 = 467.902
ROUND 499 A#48 and B#9 = 497.225
ROUND 500 A#49 and B#9 = 547.593
ROUND 501 A#0 and B#10 = 416.385
ROUND 502 A#1 and B#10 = 411.405
ROUND 503 A#2 and B#10 = 417.552
ROUND 504 A#3 and B#10 = 446.701
ROUND 505 A#4 and B#10 = 596.089
ROUND 506 A#5 and B#10 = 449.318
ROUND 507 A#6 and B#10 = 526.401
ROUND 508 A#7 and B#10 = 592.529
ROUND 509 A#8 and B#10 = 535.519
ROUND 510 A#9 and B#10 = 601.679
ROUND 511 A#10 and B#10 = 447.348
ROUND 512 A#11 and B#10 = 516.556
ROUND 513 A#12 and B#10 = 508.831
ROUND 514 A#13 and B#10 = 514.949
ROUND 515 A#14 and B#10 = 502.68
ROUND 516 A#15 and B#10 = 457.203
ROUND 517 A#16 and B#10 = 506.891
ROUND 518 A#17 and B#10 = 503.861
ROUND 519 A#18 and B#10 = 590.686
ROUND 520 A#19 and B#10 = 567.063
ROUND 521 A#20 and B#10 = 549.749
ROUND 522 A#21 and B#10 = 561.401
ROUND 523 A#22 and B#10 = 591.146
ROUND 524 A#23 and B#10 = 536.332
ROUND 525 A#24 and B#10 = 507.569
ROUND 526 A#25 and B#10 = 549.591
ROUND 527 A#26 and B#10 = 476.653
ROUND 528 A#27 and B#10 = 456.439
ROUND 529 A#28 and B#10 = 552.3
ROUND 530 A#29 and B#10 = 635.006
ROUND 531 A#30 and B#10 = 556.917
ROUND 532 A#31 and B#10 = 552.928
ROUND 533 A#32 and B#10 = 482.882
ROUND 534 A#33 and B#10 = 576.537
ROUND 535 A#34 and B#10 = 591.994
ROUND 536 A#35 and B#10 = 498.41
ROUND 537 A#36 and B#10 = 502.489
ROUND 538 A#37 and B#10 = 584.549
ROUND 539 A#38 and B#10 = 524.366
ROUND 540 A#39 and B#10 = 539.318
ROUND 541 A#40 and B#10 = 565.991
ROUND 542 A#41 and B#10 = 567.719
ROUND 543 A#42 and B#10 = 593.332
ROUND 544 A#43 and B#10 = 553.119
ROUND 545 A#44 and B#10 = 435.582
ROUND 546 A#45 and B#10 = 551.3
ROUND 547 A#46 and B#10 = 436.293
ROUND 548 A#47 and B#10 = 546.545
ROUND 549 A#48 and B#10 = 551.722
ROUND 550 A#49 and B#10 = 550.21
ROUND 551 A#0 and B#11 = 532.126
ROUND 552 A#1 and B#11 = 477.108
ROUND 553 A#2 and B#11 = 542.374
ROUND 554 A#3 and B#11 = 564.078
ROUND 555 A#4 and B#11 = 635.81
ROUND 556 A#5 and B#11 = 571.285
ROUND 557 A#6 and B#11 = 606.306
ROUND 558 A#7 and B#11 = 601.235
ROUND 559 A#8 and B#11 = 614.766
ROUND 560 A#9 and B#11 = 626.727
ROUND 561 A#10 and B#11 = 563.955
ROUND 562 A#11 and B#11 = 537.221
ROUND 563 A#12 and B#11 = 570.822
ROUND 564 A#13 and B#11 = 569.707
ROUND 565 A#14 and B#11 = 503.207
ROUND 566 A#15 and B#11 = 493.874
ROUND 567 A#16 and B#11 = 551.292
ROUND 568 A#17 and B#11 = 502.24
ROUND 569 A#18 and B#11 = 497.95
ROUND 570 A#19 and B#11 = 502.59
ROUND 571 A#20 and B#11 = 507.035
ROUND 572 A#21 and B#11 = 439.363
ROUND 573 A#22 and B#11 = 497.78
ROUND 574 A#23 and B#11 = 615.14
ROUND 575 A#24 and B#11 = 510.412
ROUND 576 A#25 and B#11 = 543.123
ROUND 577 A#26 and B#11 = 505.872
ROUND 578 A#27 and B#11 = 524.434
ROUND 579 A#28 and B#11 = 586.802
ROUND 580 A#29 and B#11 = 547.594
ROUND 581 A#30 and B#11 = 519.508
ROUND 582 A#31 and B#11 = 540.425
ROUND 583 A#32 and B#11 = 520.579
ROUND 584 A#33 and B#11 = 590.017
ROUND 585 A#34 and B#11 = 567.9
ROUND 586 A#35 and B#11 = 521.793
ROUND 587 A#36 and B#11 = 525.883
ROUND 588 A#37 and B#11 = 581.461
ROUND 589 A#38 and B#11 = 547.527
ROUND 590 A#39 and B#11 = 544.369
ROUND 591 A#40 and B#11 = 517.028
ROUND 592 A#41 and B#11 = 519.071
ROUND 593 A#42 and B#11 = 506.587
ROUND 594 A#43 and B#11 = 513.525
ROUND 595 A#44 and B#11 = 476.983
ROUND 596 A#45 and B#11 = 518.443
ROUND 597 A#46 and B#11 = 476.936
ROUND 598 A#47 and B#11 = 524.968
ROUND 599 A#48 and B#11 = 516.887
ROUND 600 A#49 and B#11 = 585.908
ROUND 601 A#0 and B#12 = 545.472
ROUND 602 A#1 and B#12 = 520.138
ROUND 603 A#2 and B#12 = 405.572
ROUND 604 A#3 and B#12 = 499.569
ROUND 605 A#4 and B#12 = 540.159
ROUND 606 A#5 and B#12 = 517.262
ROUND 607 A#6 and B#12 = 468.768
ROUND 608 A#7 and B#12 = 579.331
ROUND 609 A#8 and B#12 = 502.787
ROUND 610 A#9 and B#12 = 540.196
ROUND 611 A#10 and B#12 = 496.687
ROUND 612 A#11 and B#12 = 562.041
ROUND 613 A#12 and B#12 = 569.626
ROUND 614 A#13 and B#12 = 559.489
ROUND 615 A#14 and B#12 = 546.291
ROUND 616 A#15 and B#12 = 595.247
ROUND 617 A#16 and B#12 = 525.977
ROUND 618 A#17 and B#12 = 546.908
ROUND 619 A#18 and B#12 = 555.936
ROUND 620 A#19 and B#12 = 545.783
ROUND 621 A#20 and B#12 = 544.22
ROUND 622 A#21 and B#12 = 500.446
ROUND 623 A#22 and B#12 = 556.166
ROUND 624 A#23 and B#12 = 501.027
ROUND 625 A#24 and B#12 = 539.277
ROUND 626 A#25 and B#12 = 511.364
ROUND 627 A#26 and B#12 = 574.072
ROUND 628 A#27 and B#12 = 491.263
ROUND 629 A#28 and B#12 = 586.772
ROUND 630 A#29 and B#12 = 605.566
ROUND 631 A#30 and B#12 = 507.626
ROUND 632 A#31 and B#12 = 547.93
ROUND 633 A#32 and B#12 = 523.731
ROUND 634 A#33 and B#12 = 585.188
ROUND 635 A#34 and B#12 = 524.175
ROUND 636 A#35 and B#12 = 532.855
ROUND 637 A#36 and B#12 = 560.727
ROUND 638 A#37 and B#12 = 555.83
ROUND 639 A#38 and B#12 = 478.112
ROUND 640 A#39 and B#12 = 480.261
ROUND 641 A#40 and B#12 = 560.456
ROUND 642 A#41 and B#12 = 559.573
ROUND 643 A#42 and B#12 = 569.728
ROUND 644 A#43 and B#12 = 512.678
ROUND 645 A#44 and B#12 = 589.47
ROUND 646 A#45 and B#12 = 513.584
ROUND 647 A#46 and B#12 = 588.656
ROUND 648 A#47 and B#12 = 513.675
ROUND 649 A#48 and B#12 = 543.924
ROUND 650 A#49 and B#12 = 485.889
ROUND 651 A#0 and B#13 = 536.588
ROUND 652 A#1 and B#13 = 536.104
ROUND 653 A#2 and B#13 = 580.358
ROUND 654 A#3 and B#13 = 544.617
ROUND 655 A#4 and B#13 = 554.051
ROUND 656 A#5 and B#13 = 546.772
ROUND 657 A#6 and B#13 = 527.512
ROUND 658 A#7 and B#13 = 510.417
ROUND 659 A#8 and B#13 = 507.837
ROUND 660 A#9 and B#13 = 550.718
ROUND 661 A#10 and B#13 = 544.687
ROUND 662 A#11 and B#13 = 564.053
ROUND 663 A#12 and B#13 = 565.665
ROUND 664 A#13 and B#13 = 564.738
ROUND 665 A#14 and B#13 = 519.107
ROUND 666 A#15 and B#13 = 476.905
ROUND 667 A#16 and B#13 = 485.069
ROUND 668 A#17 and B#13 = 519.092
ROUND 669 A#18 and B#13 = 498.161
ROUND 670 A#19 and B#13 = 526.45
ROUND 671 A#20 and B#13 = 531.078
ROUND 672 A#21 and B#13 = 531.177
ROUND 673 A#22 and B#13 = 498.227
ROUND 674 A#23 and B#13 = 508.174
ROUND 675 A#24 and B#13 = 517.368
ROUND 676 A#25 and B#13 = 490.217
ROUND 677 A#26 and B#13 = 516.497
ROUND 678 A#27 and B#13 = 511.43
ROUND 679 A#28 and B#13 = 554.667
ROUND 680 A#29 and B#13 = 549.143
ROUND 681 A#30 and B#13 = 500.486
ROUND 682 A#31 and B#13 = 534.42
ROUND 683 A#32 and B#13 = 557.683
ROUND 684 A#33 and B#13 = 510.169
ROUND 685 A#34 and B#13 = 498.288
ROUND 686 A#35 and B#13 = 534.579
ROUND 687 A#36 and B#13 = 514.821
ROUND 688 A#37 and B#13 = 546.874
ROUND 689 A#38 and B#13 = 533.227
ROUND 690 A#39 and B#13 = 536.434
ROUND 691 A#40 and B#13 = 512.098
ROUND 692 A#41 and B#13 = 508.139
ROUND 693 A#42 and B#13 = 502.838
ROUND 694 A#43 and B#13 = 542.68
ROUND 695 A#44 and B#13 = 530.597
ROUND 696 A#45 and B#13 = 544.719
ROUND 697 A#46 and B#13 = 470.298
ROUND 698 A#47 and B#13 = 545.529
ROUND 699 A#48 and B#13 = 529.736
ROUND 700 A#49 and B#13 = 542.95
ROUND 701 A#0 and B#14 = 420.933
ROUND 702 A#1 and B#14 = 416.551
ROUND 703 A#2 and B#14 = 445.81
ROUND 704 A#3 and B#14 = 472.812
ROUND 705 A#4 and B#14 = 593.633
ROUND 706 A#5 and B#14 = 481.406
ROUND 707 A#6 and B#14 = 529.385
ROUND 708 A#7 and B#14 = 592
ROUND 709 A#8 and B#14 = 529.131
ROUND 710 A#9 and B#14 = 591.984
ROUND 711 A#10 and B#14 = 472.185
ROUND 712 A#11 and B#14 = 519.991
ROUND 713 A#12 and B#14 = 519.296
ROUND 714 A#13 and B#14 = 514.155
ROUND 715 A#14 and B#14 = 497.69
ROUND 716 A#15 and B#14 = 450.252
ROUND 717 A#16 and B#14 = 496.008
ROUND 718 A#17 and B#14 = 498.256
ROUND 719 A#18 and B#14 = 589.153
ROUND 720 A#19 and B#14 = 569.631
ROUND 721 A#20 and B#14 = 552.696
ROUND 722 A#21 and B#14 = 504.116
ROUND 723 A#22 and B#14 = 589.445
ROUND 724 A#23 and B#14 = 530.476
ROUND 725 A#24 and B#14 = 510.498
ROUND 726 A#25 and B#14 = 573.601
ROUND 727 A#26 and B#14 = 480.971
ROUND 728 A#27 and B#14 = 564.263
ROUND 729 A#28 and B#14 = 552.371
ROUND 730 A#29 and B#14 = 633.99
ROUND 731 A#30 and B#14 = 562.821
ROUND 732 A#31 and B#14 = 398.662
ROUND 733 A#32 and B#14 = 517.652
ROUND 734 A#33 and B#14 = 551.271
ROUND 735 A#34 and B#14 = 597.381
ROUND 736 A#35 and B#14 = 501.154
ROUND 737 A#36 and B#14 = 493.274
ROUND 738 A#37 and B#14 = 573.47
ROUND 739 A#38 and B#14 = 542.899
ROUND 740 A#39 and B#14 = 551.674
ROUND 741 A#40 and B#14 = 571.702
ROUND 742 A#41 and B#14 = 572.753
ROUND 743 A#42 and B#14 = 592.274
ROUND 744 A#43 and B#14 = 553.355
ROUND 745 A#44 and B#14 = 437.537
ROUND 746 A#45 and B#14 = 551.329
ROUND 747 A#46 and B#14 = 437.729
ROUND 748 A#47 and B#14 = 456.325
ROUND 749 A#48 and B#14 = 480.546
ROUND 750 A#49 and B#14 = 559.444
ROUND 751 A#0 and B#15 = 650.805
ROUND 752 A#1 and B#15 = 445.725
ROUND 753 A#2 and B#15 = 504.513
ROUND 754 A#3 and B#15 = 547.395
ROUND 755 A#4 and B#15 = 606.338
ROUND 756 A#5 and B#15 = 546.23
ROUND 757 A#6 and B#15 = 579.303
ROUND 758 A#7 and B#15 = 611.474
ROUND 759 A#8 and B#15 = 581.54
ROUND 760 A#9 and B#15 = 606.308
ROUND 761 A#10 and B#15 = 549.402
ROUND 762 A#11 and B#15 = 500.21
ROUND 763 A#12 and B#15 = 583.453
ROUND 764 A#13 and B#15 = 498.533
ROUND 765 A#14 and B#15 = 461.392
ROUND 766 A#15 and B#15 = 635.19
ROUND 767 A#16 and B#15 = 626.336
ROUND 768 A#17 and B#15 = 465.864
ROUND 769 A#18 and B#15 = 610.129
ROUND 770 A#19 and B#15 = 610.801
ROUND 771 A#20 and B#15 = 481.405
ROUND 772 A#21 and B#15 = 492.682
ROUND 773 A#22 and B#15 = 610.298
ROUND 774 A#23 and B#15 = 578.849
ROUND 775 A#24 and B#15 = 539.016
ROUND 776 A#25 and B#15 = 531.675
ROUND 777 A#26 and B#15 = 663.646
ROUND 778 A#27 and B#15 = 520.714
ROUND 779 A#28 and B#15 = 553.657
ROUND 780 A#29 and B#15 = 624.917
ROUND 781 A#30 and B#15 = 523.042
ROUND 782 A#31 and B#15 = 623.216
ROUND 783 A#32 and B#15 = 552.613
ROUND 784 A#33 and B#15 = 541.229
ROUND 785 A#34 and B#15 = 450.937
ROUND 786 A#35 and B#15 = 595.788
ROUND 787 A#36 and B#15 = 660.465
ROUND 788 A#37 and B#15 = 543.234
ROUND 789 A#38 and B#15 = 645.903
ROUND 790 A#39 and B#15 = 646.371
ROUND 791 A#40 and B#15 = 652.785
ROUND 792 A#41 and B#15 = 654.619
ROUND 793 A#42 and B#15 = 654.999
ROUND 794 A#43 and B#15 = 633.1
ROUND 795 A#44 and B#15 = 631.063
ROUND 796 A#45 and B#15 = 633.005
ROUND 797 A#46 and B#15 = 635.845
ROUND 798 A#47 and B#15 = 636.655
ROUND 799 A#48 and B#15 = 657.117
ROUND 800 A#49 and B#15 = 663.395
ROUND 801 A#0 and B#16 = 554.281
ROUND 802 A#1 and B#16 = 489.437
ROUND 803 A#2 and B#16 = 421.647
ROUND 804 A#3 and B#16 = 508.638
ROUND 805 A#4 and B#16 = 582.551
ROUND 806 A#5 and B#16 = 507.107
ROUND 807 A#6 and B#16 = 537.707
ROUND 808 A#7 and B#16 = 561.172
ROUND 809 A#8 and B#16 = 530.49
ROUND 810 A#9 and B#16 = 583.392
ROUND 811 A#10 and B#16 = 506.143
ROUND 812 A#11 and B#16 = 606.494
ROUND 813 A#12 and B#16 = 591.59
ROUND 814 A#13 and B#16 = 590.948
ROUND 815 A#14 and B#16 = 503.364
ROUND 816 A#15 and B#16 = 522.458
ROUND 817 A#16 and B#16 = 500.622
ROUND 818 A#17 and B#16 = 503.941
ROUND 819 A#18 and B#16 = 548.744
ROUND 820 A#19 and B#16 = 511.048
ROUND 821 A#20 and B#16 = 530.927
ROUND 822 A#21 and B#16 = 460.511
ROUND 823 A#22 and B#16 = 549.101
ROUND 824 A#23 and B#16 = 578.526
ROUND 825 A#24 and B#16 = 495.259
ROUND 826 A#25 and B#16 = 527.809
ROUND 827 A#26 and B#16 = 517.232
ROUND 828 A#27 and B#16 = 498.105
ROUND 829 A#28 and B#16 = 574.204
ROUND 830 A#29 and B#16 = 632.923
ROUND 831 A#30 and B#16 = 500.392
ROUND 832 A#31 and B#16 = 548.962
ROUND 833 A#32 and B#16 = 545.688
ROUND 834 A#33 and B#16 = 578.681
ROUND 835 A#34 and B#16 = 576.145
ROUND 836 A#35 and B#16 = 513.876
ROUND 837 A#36 and B#16 = 542.955
ROUND 838 A#37 and B#16 = 564.467
ROUND 839 A#38 and B#16 = 531.817
ROUND 840 A#39 and B#16 = 531.843
ROUND 841 A#40 and B#16 = 537.97
ROUND 842 A#41 and B#16 = 544.533
ROUND 843 A#42 and B#16 = 520.571
ROUND 844 A#43 and B#16 = 537.058
ROUND 845 A#44 and B#16 = 502.524
ROUND 846 A#45 and B#16 = 542.918
ROUND 847 A#46 and B#16 = 512.083
ROUND 848 A#47 and B#16 = 545.732
ROUND 849 A#48 and B#16 = 540.996
ROUND 850 A#49 and B#16 = 568.762
ROUND 851 A#0 and B#17 = 530.771
ROUND 852 A#1 and B#17 = 514.35
ROUND 853 A#2 and B#17 = 406.579
ROUND 854 A#3 and B#17 = 498.647
ROUND 855 A#4 and B#17 = 540.938
ROUND 856 A#5 and B#17 = 511.83
ROUND 857 A#6 and B#17 = 469.343
ROUND 858 A#7 and B#17 = 524.363
ROUND 859 A#8 and B#17 = 469.482
ROUND 860 A#9 and B#17 = 540.904
ROUND 861 A#10 and B#17 = 481.65
ROUND 862 A#11 and B#17 = 560.077
ROUND 863 A#12 and B#17 = 568.848
ROUND 864 A#13 and B#17 = 557.649
ROUND 865 A#14 and B#17 = 536.838
ROUND 866 A#15 and B#17 = 591.573
ROUND 867 A#16 and B#17 = 527.045
ROUND 868 A#17 and B#17 = 537.06
ROUND 869 A#18 and B#17 = 554.452
ROUND 870 A#19 and B#17 = 531.091
ROUND 871 A#20 and B#17 = 531.708
ROUND 872 A#21 and B#17 = 533.86
ROUND 873 A#22 and B#17 = 554.85
ROUND 874 A#23 and B#17 = 468.578
ROUND 875 A#24 and B#17 = 493.943
ROUND 876 A#25 and B#17 = 514.51
ROUND 877 A#26 and B#17 = 573.956
ROUND 878 A#27 and B#17 = 494.868
ROUND 879 A#28 and B#17 = 587.979
ROUND 880 A#29 and B#17 = 607.342
ROUND 881 A#30 and B#17 = 510.609
ROUND 882 A#31 and B#17 = 535.372
ROUND 883 A#32 and B#17 = 510.585
ROUND 884 A#33 and B#17 = 586.626
ROUND 885 A#34 and B#17 = 514.854
ROUND 886 A#35 and B#17 = 526.102
ROUND 887 A#36 and B#17 = 561.669
ROUND 888 A#37 and B#17 = 557.226
ROUND 889 A#38 and B#17 = 481.183
ROUND 890 A#39 and B#17 = 483.204
ROUND 891 A#40 and B#17 = 554.145
ROUND 892 A#41 and B#17 = 553.973
ROUND 893 A#42 and B#17 = 567.323
ROUND 894 A#43 and B#17 = 511.78
ROUND 895 A#44 and B#17 = 586.516
ROUND 896 A#45 and B#17 = 515.24
ROUND 897 A#46 and B#17 = 585.714
ROUND 898 A#47 and B#17 = 516.47
ROUND 899 A#48 and B#17 = 531.504
ROUND 900 A#49 and B#17 = 488.149
ROUND 901 A#0 and B#18 = 525.121
ROUND 902 A#1 and B#18 = 439.361
ROUND 903 A#2 and B#18 = 516.038
ROUND 904 A#3 and B#18 = 539.864
ROUND 905 A#4 and B#18 = 570.38
ROUND 906 A#5 and B#18 = 505.328
ROUND 907 A#6 and B#18 = 559.573
ROUND 908 A#7 and B#18 = 468.213
ROUND 909 A#8 and B#18 = 586.669
ROUND 910 A#9 and B#18 = 568.8
ROUND 911 A#10 and B#18 = 496.589
ROUND 912 A#11 and B#18 = 471.203
ROUND 913 A#12 and B#18 = 472.183
ROUND 914 A#13 and B#18 = 472.206
ROUND 915 A#14 and B#18 = 522.367
ROUND 916 A#15 and B#18 = 513.351
ROUND 917 A#16 and B#18 = 542.723
ROUND 918 A#17 and B#18 = 522.579
ROUND 919 A#18 and B#18 = 560.502
ROUND 920 A#19 and B#18 = 514.106
ROUND 921 A#20 and B#18 = 525.519
ROUND 922 A#21 and B#18 = 498.999
ROUND 923 A#22 and B#18 = 560.368
ROUND 924 A#23 and B#18 = 589.018
ROUND 925 A#24 and B#18 = 509.677
ROUND 926 A#25 and B#18 = 551.805
ROUND 927 A#26 and B#18 = 468.455
ROUND 928 A#27 and B#18 = 513.875
ROUND 929 A#28 and B#18 = 580.91
ROUND 930 A#29 and B#18 = 586.9
ROUND 931 A#30 and B#18 = 554.685
ROUND 932 A#31 and B#18 = 529.61
ROUND 933 A#32 and B#18 = 510.778
ROUND 934 A#33 and B#18 = 530.105
ROUND 935 A#34 and B#18 = 542.34
ROUND 936 A#35 and B#18 = 500.405
ROUND 937 A#36 and B#18 = 471.623
ROUND 938 A#37 and B#18 = 524.121
ROUND 939 A#38 and B#18 = 554.978
ROUND 940 A#39 and B#18 = 556.903
ROUND 941 A#40 and B#18 = 549.328
ROUND 942 A#41 and B#18 = 550.345
ROUND 943 A#42 and B#18 = 560.958
ROUND 944 A#43 and B#18 = 483.509
ROUND 945 A#44 and B#18 = 565.184
ROUND 946 A#45 and B#18 = 521.132
ROUND 947 A#46 and B#18 = 564.203
ROUND 948 A#47 and B#18 = 529.645
ROUND 949 A#48 and B#18 = 523.433
ROUND 950 A#49 and B#18 = 569.54
ROUND 951 A#0 and B#19 = 617.523
ROUND 952 A#1 and B#19 = 438.366
ROUND 953 A#2 and B#19 = 495.519
ROUND 954 A#3 and B#19 = 526.735
ROUND 955 A#4 and B#19 = 587.209
ROUND 956 A#5 and B#19 = 524.119
ROUND 957 A#6 and B#19 = 550.004
ROUND 958 A#7 and B#19 = 587.68
ROUND 959 A#8 and B#19 = 551.154
ROUND 960 A#9 and B#19 = 589.276
ROUND 961 A#10 and B#19 = 524.503
ROUND 962 A#11 and B#19 = 475.473
ROUND 963 A#12 and B#19 = 566.636
ROUND 964 A#13 and B#19 = 474.101
ROUND 965 A#14 and B#19 = 528.127
ROUND 966 A#15 and B#19 = 613.621
ROUND 967 A#16 and B#19 = 614.523
ROUND 968 A#17 and B#19 = 527.035
ROUND 969 A#18 and B#19 = 594.168
ROUND 970 A#19 and B#19 = 586.078
ROUND 971 A#20 and B#19 = 585.032
ROUND 972 A#21 and B#19 = 552.985
ROUND 973 A#22 and B#19 = 594.316
ROUND 974 A#23 and B#19 = 547.989
ROUND 975 A#24 and B#19 = 525.996
ROUND 976 A#25 and B#19 = 573.61
ROUND 977 A#26 and B#19 = 634.216
ROUND 978 A#27 and B#19 = 512.253
ROUND 979 A#28 and B#19 = 473.294
ROUND 980 A#29 and B#19 = 606.729
ROUND 981 A#30 and B#19 = 517.164
ROUND 982 A#31 and B#19 = 582.474
ROUND 983 A#32 and B#19 = 537.303
ROUND 984 A#33 and B#19 = 446.107
ROUND 985 A#34 and B#19 = 542.034
ROUND 986 A#35 and B#19 = 572.664
ROUND 987 A#36 and B#19 = 632.72
ROUND 988 A#37 and B#19 = 517.405
ROUND 989 A#38 and B#19 = 626.559
ROUND 990 A#39 and B#19 = 627.167
ROUND 991 A#40 and B#19 = 627.591
ROUND 992 A#41 and B#19 = 628.415
ROUND 993 A#42 and B#19 = 632.976
ROUND 994 A#43 and B#19 = 620.94
ROUND 995 A#44 and B#19 = 618.131
ROUND 996 A#45 and B#19 = 616.413
ROUND 997 A#46 and B#19 = 621.989
ROUND 998 A#47 and B#19 = 616.556
ROUND 999 A#48 and B#19 = 624.619
ROUND 1000 A#49 and B#19 = 643.288
ROUND 1001 A#0 and B#20 = 416.803
ROUND 1002 A#1 and B#20 = 411.666
ROUND 1003 A#2 and B#20 = 417.317
ROUND 1004 A#3 and B#20 = 446.625
ROUND 1005 A#4 and B#20 = 599.087
ROUND 1006 A#5 and B#20 = 449.11
ROUND 1007 A#6 and B#20 = 528.458
ROUND 1008 A#7 and B#20 = 589.165
ROUND 1009 A#8 and B#20 = 536.933
ROUND 1010 A#9 and B#20 = 600.136
ROUND 1011 A#10 and B#20 = 447.248
ROUND 1012 A#11 and B#20 = 516.914
ROUND 1013 A#12 and B#20 = 509.444
ROUND 1014 A#13 and B#20 = 515.324
ROUND 1015 A#14 and B#20 = 502.256
ROUND 1016 A#15 and B#20 = 457.263
ROUND 1017 A#16 and B#20 = 499.372
ROUND 1018 A#17 and B#20 = 503.548
ROUND 1019 A#18 and B#20 = 594.595
ROUND 1020 A#19 and B#20 = 572.608
ROUND 1021 A#20 and B#20 = 555.964
ROUND 1022 A#21 and B#20 = 560.003
ROUND 1023 A#22 and B#20 = 595.149
ROUND 1024 A#23 and B#20 = 537.857
ROUND 1025 A#24 and B#20 = 510.644
ROUND 1026 A#25 and B#20 = 550.999
ROUND 1027 A#26 and B#20 = 476.676
ROUND 1028 A#27 and B#20 = 455.978
ROUND 1029 A#28 and B#20 = 551.929
ROUND 1030 A#29 and B#20 = 642.226
ROUND 1031 A#30 and B#20 = 558.05
ROUND 1032 A#31 and B#20 = 557.625
ROUND 1033 A#32 and B#20 = 482.756
ROUND 1034 A#33 and B#20 = 577.297
ROUND 1035 A#34 and B#20 = 589.749
ROUND 1036 A#35 and B#20 = 499.852
ROUND 1037 A#36 and B#20 = 502.761
ROUND 1038 A#37 and B#20 = 585.713
ROUND 1039 A#38 and B#20 = 524.668
ROUND 1040 A#39 and B#20 = 541.064
ROUND 1041 A#40 and B#20 = 568.426
ROUND 1042 A#41 and B#20 = 569.4
ROUND 1043 A#42 and B#20 = 597.365
ROUND 1044 A#43 and B#20 = 551.386
ROUND 1045 A#44 and B#20 = 435.674
ROUND 1046 A#45 and B#20 = 549.481
ROUND 1047 A#46 and B#20 = 436.404
ROUND 1048 A#47 and B#20 = 544.581
ROUND 1049 A#48 and B#20 = 551.493
ROUND 1050 A#49 and B#20 = 550.224
ROUND 1051 A#0 and B#21 = 541.439
ROUND 1052 A#1 and B#21 = 548.684
ROUND 1053 A#2 and B#21 = 581.157
ROUND 1054 A#3 and B#21 = 553.089
ROUND 1055 A#4 and B#21 = 589.938
ROUND 1056 A#5 and B#21 = 556.873
ROUND 1057 A#6 and B#21 = 556.695
ROUND 1058 A#7 and B#21 = 539.105
ROUND 1059 A#8 and B#21 = 571.194
ROUND 1060 A#9 and B#21 = 586.804
ROUND 1061 A#10 and B#21 = 546.424
ROUND 1062 A#11 and B#21 = 548.574
ROUND 1063 A#12 and B#21 = 573.711
ROUND 1064 A#13 and B#21 = 579.983
ROUND 1065 A#14 and B#21 = 521.284
ROUND 1066 A#15 and B#21 = 498.36
ROUND 1067 A#16 and B#21 = 518.591
ROUND 1068 A#17 and B#21 = 520.67
ROUND 1069 A#18 and B#21 = 495.814
ROUND 1070 A#19 and B#21 = 491.771
ROUND 1071 A#20 and B#21 = 473.506
ROUND 1072 A#21 and B#21 = 444.729
ROUND 1073 A#22 and B#21 = 495.339
ROUND 1074 A#23 and B#21 = 570.225
ROUND 1075 A#24 and B#21 = 524.719
ROUND 1076 A#25 and B#21 = 525.371
ROUND 1077 A#26 and B#21 = 501.799
ROUND 1078 A#27 and B#21 = 546.077
ROUND 1079 A#28 and B#21 = 599.765
ROUND 1080 A#29 and B#21 = 556.389
ROUND 1081 A#30 and B#21 = 545.409
ROUND 1082 A#31 and B#21 = 522.149
ROUND 1083 A#32 and B#21 = 524.236
ROUND 1084 A#33 and B#21 = 554.077
ROUND 1085 A#34 and B#21 = 465.511
ROUND 1086 A#35 and B#21 = 535.106
ROUND 1087 A#36 and B#21 = 506.962
ROUND 1088 A#37 and B#21 = 530.905
ROUND 1089 A#38 and B#21 = 542.469
ROUND 1090 A#39 and B#21 = 544.113
ROUND 1091 A#40 and B#21 = 513.766
ROUND 1092 A#41 and B#21 = 514.365
ROUND 1093 A#42 and B#21 = 529.931
ROUND 1094 A#43 and B#21 = 508.357
ROUND 1095 A#44 and B#21 = 497.524
ROUND 1096 A#45 and B#21 = 509.854
ROUND 1097 A#46 and B#21 = 495.179
ROUND 1098 A#47 and B#21 = 512.709
ROUND 1099 A#48 and B#21 = 505.633
ROUND 1100 A#49 and B#21 = 527.391
ROUND 1101 A#0 and B#22 = 590.063
ROUND 1102 A#1 and B#22 = 564.765
ROUND 1103 A#2 and B#22 = 476.16
ROUND 1104 A#3 and B#22 = 495.076
ROUND 1105 A#4 and B#22 = 595.92
ROUND 1106 A#5 and B#22 = 494.425
ROUND 1107 A#6 and B#22 = 565.509
ROUND 1108 A#7 and B#22 = 560.415
ROUND 1109 A#8 and B#22 = 569.459
ROUND 1110 A#9 and B#22 = 592.705
ROUND 1111 A#10 and B#22 = 459.992
ROUND 1112 A#11 and B#22 = 535.504
ROUND 1113 A#12 and B#22 = 565.635
ROUND 1114 A#13 and B#22 = 515.732
ROUND 1115 A#14 and B#22 = 501.968
ROUND 1116 A#15 and B#22 = 521.023
ROUND 1117 A#16 and B#22 = 496.906
ROUND 1118 A#17 and B#22 = 501.079
ROUND 1119 A#18 and B#22 = 501.591
ROUND 1120 A#19 and B#22 = 513.851
ROUND 1121 A#20 and B#22 = 500.904
ROUND 1122 A#21 and B#22 = 442.638
ROUND 1123 A#22 and B#22 = 501.352
ROUND 1124 A#23 and B#22 = 568.411
ROUND 1125 A#24 and B#22 = 521.744
ROUND 1126 A#25 and B#22 = 516.073
ROUND 1127 A#26 and B#22 = 530.66
ROUND 1128 A#27 and B#22 = 506.744
ROUND 1129 A#28 and B#22 = 562.317
ROUND 1130 A#29 and B#22 = 528.601
ROUND 1131 A#30 and B#22 = 501.662
ROUND 1132 A#31 and B#22 = 577.424
ROUND 1133 A#32 and B#22 = 560.285
ROUND 1134 A#33 and B#22 = 541.814
ROUND 1135 A#34 and B#22 = 570.721
ROUND 1136 A#35 and B#22 = 545.614
ROUND 1137 A#36 and B#22 = 561.196
ROUND 1138 A#37 and B#22 = 531.078
ROUND 1139 A#38 and B#22 = 529.159
ROUND 1140 A#39 and B#22 = 528.493
ROUND 1141 A#40 and B#22 = 554.271
ROUND 1142 A#41 and B#22 = 554.503
ROUND 1143 A#42 and B#22 = 524.776
ROUND 1144 A#43 and B#22 = 550.157
ROUND 1145 A#44 and B#22 = 489.812
ROUND 1146 A#45 and B#22 = 557.393
ROUND 1147 A#46 and B#22 = 490.02
ROUND 1148 A#47 and B#22 = 560.712
ROUND 1149 A#48 and B#22 = 549.037
ROUND 1150 A#49 and B#22 = 572.25
ROUND 1151 A#0 and B#23 = 547.889
ROUND 1152 A#1 and B#23 = 517.27
ROUND 1153 A#2 and B#23 = 481.678
ROUND 1154 A#3 and B#23 = 465.009
ROUND 1155 A#4 and B#23 = 618.455
ROUND 1156 A#5 and B#23 = 466.242
ROUND 1157 A#6 and B#23 = 597.582
ROUND 1158 A#7 and B#23 = 572.204
ROUND 1159 A#8 and B#23 = 593.686
ROUND 1160 A#9 and B#23 = 611.771
ROUND 1161 A#10 and B#23 = 465.244
ROUND 1162 A#11 and B#23 = 590.198
ROUND 1163 A#12 and B#23 = 590.713
ROUND 1164 A#13 and B#23 = 551.781
ROUND 1165 A#14 and B#23 = 473.64
ROUND 1166 A#15 and B#23 = 509.367
ROUND 1167 A#16 and B#23 = 497.697
ROUND 1168 A#17 and B#23 = 474.095
ROUND 1169 A#18 and B#23 = 510.967
ROUND 1170 A#19 and B#23 = 506.955
ROUND 1171 A#20 and B#23 = 477.952
ROUND 1172 A#21 and B#23 = 440.28
ROUND 1173 A#22 and B#23 = 511.117
ROUND 1174 A#23 and B#23 = 594.333
ROUND 1175 A#24 and B#23 = 500.997
ROUND 1176 A#25 and B#23 = 541.687
ROUND 1177 A#26 and B#23 = 509.586
ROUND 1178 A#27 and B#23 = 501.403
ROUND 1179 A#28 and B#23 = 602.344
ROUND 1180 A#29 and B#23 = 635.221
ROUND 1181 A#30 and B#23 = 499.965
ROUND 1182 A#31 and B#23 = 541.932
ROUND 1183 A#32 and B#23 = 590.354
ROUND 1184 A#33 and B#23 = 607.967
ROUND 1185 A#34 and B#23 = 578.724
ROUND 1186 A#35 and B#23 = 588.874
ROUND 1187 A#36 and B#23 = 552.819
ROUND 1188 A#37 and B#23 = 613.366
ROUND 1189 A#38 and B#23 = 532.27
ROUND 1190 A#39 and B#23 = 530.078
ROUND 1191 A#40 and B#23 = 519.035
ROUND 1192 A#41 and B#23 = 526.798
ROUND 1193 A#42 and B#23 = 508.639
ROUND 1194 A#43 and B#23 = 535.72
ROUND 1195 A#44 and B#23 = 506.37
ROUND 1196 A#45 and B#23 = 542.708
ROUND 1197 A#46 and B#23 = 479.927
ROUND 1198 A#47 and B#23 = 546.113
ROUND 1199 A#48 and B#23 = 520.234
ROUND 1200 A#49 and B#23 = 574.423
ROUND 1201 A#0 and B#24 = 532.75
ROUND 1202 A#1 and B#24 = 478.035
ROUND 1203 A#2 and B#24 = 546.024
ROUND 1204 A#3 and B#24 = 566.68
ROUND 1205 A#4 and B#24 = 631.238
ROUND 1206 A#5 and B#24 = 574.601
ROUND 1207 A#6 and B#24 = 596.174
ROUND 1208 A#7 and B#24 = 583.035
ROUND 1209 A#8 and B#24 = 607.834
ROUND 1210 A#9 and B#24 = 620.708
ROUND 1211 A#10 and B#24 = 566.294
ROUND 1212 A#11 and B#24 = 539.046
ROUND 1213 A#12 and B#24 = 570.055
ROUND 1214 A#13 and B#24 = 571.298
ROUND 1215 A#14 and B#24 = 496.07
ROUND 1216 A#15 and B#24 = 492.857
ROUND 1217 A#16 and B#24 = 545.739
ROUND 1218 A#17 and B#24 = 495.626
ROUND 1219 A#18 and B#24 = 501.459
ROUND 1220 A#19 and B#24 = 506.572
ROUND 1221 A#20 and B#24 = 500.048
ROUND 1222 A#21 and B#24 = 440.594
ROUND 1223 A#22 and B#24 = 501.267
ROUND 1224 A#23 and B#24 = 608.053
ROUND 1225 A#24 and B#24 = 510.025
ROUND 1226 A#25 and B#24 = 525.615
ROUND 1227 A#26 and B#24 = 524.341
ROUND 1228 A#27 and B#24 = 505.686
ROUND 1229 A#28 and B#24 = 587.653
ROUND 1230 A#29 and B#24 = 537.098
ROUND 1231 A#30 and B#24 = 503.683
ROUND 1232 A#31 and B#24 = 501.288
ROUND 1233 A#32 and B#24 = 517.793
ROUND 1234 A#33 and B#24 = 564.091
ROUND 1235 A#34 and B#24 = 559.882
ROUND 1236 A#35 and B#24 = 521.103
ROUND 1237 A#36 and B#24 = 527.261
ROUND 1238 A#37 and B#24 = 559.979
ROUND 1239 A#38 and B#24 = 524.391
ROUND 1240 A#39 and B#24 = 530.209
ROUND 1241 A#40 and B#24 = 516.857
ROUND 1242 A#41 and B#24 = 517.246
ROUND 1243 A#42 and B#24 = 507.454
ROUND 1244 A#43 and B#24 = 510.118
ROUND 1245 A#44 and B#24 = 477.529
ROUND 1246 A#45 and B#24 = 515.56
ROUND 1247 A#46 and B#24 = 477.318
ROUND 1248 A#47 and B#24 = 522.174
ROUND 1249 A#48 and B#24 = 518.479
ROUND 1250 A#49 and B#24 = 562.644
ROUND 1251 A#0 and B#25 = 533.006
ROUND 1252 A#1 and B#25 = 478.447
ROUND 1253 A#2 and B#25 = 546.27
ROUND 1254 A#3 and B#25 = 567.197
ROUND 1255 A#4 and B#25 = 632.195
ROUND 1256 A#5 and B#25 = 574.718
ROUND 1257 A#6 and B#25 = 597.723
ROUND 1258 A#7 and B#25 = 584.998
ROUND 1259 A#8 and B#25 = 609.531
ROUND 1260 A#9 and B#25 = 622.14
ROUND 1261 A#10 and B#25 = 566.621
ROUND 1262 A#11 and B#25 = 538.146
ROUND 1263 A#12 and B#25 = 569.757
ROUND 1264 A#13 and B#25 = 571.193
ROUND 1265 A#14 and B#25 = 500.309
ROUND 1266 A#15 and B#25 = 493.007
ROUND 1267 A#16 and B#25 = 545.932
ROUND 1268 A#17 and B#25 = 495.26
ROUND 1269 A#18 and B#25 = 501.234
ROUND 1270 A#19 and B#25 = 506.86
ROUND 1271 A#20 and B#25 = 499.999
ROUND 1272 A#21 and B#25 = 440.777
ROUND 1273 A#22 and B#25 = 501.036
ROUND 1274 A#23 and B#25 = 609.742
ROUND 1275 A#24 and B#25 = 510.201
ROUND 1276 A#25 and B#25 = 525.239
ROUND 1277 A#26 and B#25 = 524.19
ROUND 1278 A#27 and B#25 = 505.472
ROUND 1279 A#28 and B#25 = 586.834
ROUND 1280 A#29 and B#25 = 538.085
ROUND 1281 A#30 and B#25 = 503.583
ROUND 1282 A#31 and B#25 = 501.252
ROUND 1283 A#32 and B#25 = 517.517
ROUND 1284 A#33 and B#25 = 562.829
ROUND 1285 A#34 and B#25 = 560.078
ROUND 1286 A#35 and B#25 = 520.994
ROUND 1287 A#36 and B#25 = 511.438
ROUND 1288 A#37 and B#25 = 560.456
ROUND 1289 A#38 and B#25 = 525.82
ROUND 1290 A#39 and B#25 = 530.057
ROUND 1291 A#40 and B#25 = 516.915
ROUND 1292 A#41 and B#25 = 517.338
ROUND 1293 A#42 and B#25 = 507.422
ROUND 1294 A#43 and B#25 = 510.25
ROUND 1295 A#44 and B#25 = 477.5
ROUND 1296 A#45 and B#25 = 515.734
ROUND 1297 A#46 and B#25 = 477.308
ROUND 1298 A#47 and B#25 = 522.361
ROUND 1299 A#48 and B#25 = 518.979
ROUND 1300 A#49 and B#25 = 563.987
ROUND 1301 A#0 and B#26 = 554.703
ROUND 1302 A#1 and B#26 = 508.726
ROUND 1303 A#2 and B#26 = 491.617
ROUND 1304 A#3 and B#26 = 495.084
ROUND 1305 A#4 and B#26 = 600.206
ROUND 1306 A#5 and B#26 = 499.262
ROUND 1307 A#6 and B#26 = 548.942
ROUND 1308 A#7 and B#26 = 595.192
ROUND 1309 A#8 and B#26 = 543.076
ROUND 1310 A#9 and B#26 = 600.621
ROUND 1311 A#10 and B#26 = 499.148
ROUND 1312 A#11 and B#26 = 497.774
ROUND 1313 A#12 and B#26 = 563.18
ROUND 1314 A#13 and B#26 = 499.112
ROUND 1315 A#14 and B#26 = 559.072
ROUND 1316 A#15 and B#26 = 483.092
ROUND 1317 A#16 and B#26 = 511.623
ROUND 1318 A#17 and B#26 = 559.494
ROUND 1319 A#18 and B#26 = 573.211
ROUND 1320 A#19 and B#26 = 557.859
ROUND 1321 A#20 and B#26 = 553.019
ROUND 1322 A#21 and B#26 = 532.203
ROUND 1323 A#22 and B#26 = 573.131
ROUND 1324 A#23 and B#26 = 543.708
ROUND 1325 A#24 and B#26 = 535.759
ROUND 1326 A#25 and B#26 = 548.544
ROUND 1327 A#26 and B#26 = 514.499
ROUND 1328 A#27 and B#26 = 547.053
ROUND 1329 A#28 and B#26 = 561.092
ROUND 1330 A#29 and B#26 = 634.556
ROUND 1331 A#30 and B#26 = 561.662
ROUND 1332 A#31 and B#26 = 558.372
ROUND 1333 A#32 and B#26 = 555.631
ROUND 1334 A#33 and B#26 = 564.403
ROUND 1335 A#34 and B#26 = 573.709
ROUND 1336 A#35 and B#26 = 563.668
ROUND 1337 A#36 and B#26 = 532.864
ROUND 1338 A#37 and B#26 = 544.539
ROUND 1339 A#38 and B#26 = 534.439
ROUND 1340 A#39 and B#26 = 528.362
ROUND 1341 A#40 and B#26 = 561.182
ROUND 1342 A#41 and B#26 = 560.137
ROUND 1343 A#42 and B#26 = 577.447
ROUND 1344 A#43 and B#26 = 518.109
ROUND 1345 A#44 and B#26 = 577.574
ROUND 1346 A#45 and B#26 = 518.04
ROUND 1347 A#46 and B#26 = 576.479
ROUND 1348 A#47 and B#26 = 520.259
ROUND 1349 A#48 and B#26 = 559.681
ROUND 1350 A#49 and B#26 = 530.13
ROUND 1351 A#0 and B#27 = 653.725
ROUND 1352 A#1 and B#27 = 446.836
ROUND 1353 A#2 and B#27 = 505.38
ROUND 1354 A#3 and B#27 = 548.252
ROUND 1355 A#4 and B#27 = 607.562
ROUND 1356 A#5 and B#27 = 547.334
ROUND 1357 A#6 and B#27 = 580.524
ROUND 1358 A#7 and B#27 = 613.395
ROUND 1359 A#8 and B#27 = 582.828
ROUND 1360 A#9 and B#27 = 607.641
ROUND 1361 A#10 and B#27 = 550.411
ROUND 1362 A#11 and B#27 = 501.456
ROUND 1363 A#12 and B#27 = 584.514
ROUND 1364 A#13 and B#27 = 499.735
ROUND 1365 A#14 and B#27 = 461.813
ROUND 1366 A#15 and B#27 = 637.304
ROUND 1367 A#16 and B#27 = 627.586
ROUND 1368 A#17 and B#27 = 466.324
ROUND 1369 A#18 and B#27 = 612.389
ROUND 1370 A#19 and B#27 = 613.778
ROUND 1371 A#20 and B#27 = 482.261
ROUND 1372 A#21 and B#27 = 493.261
ROUND 1373 A#22 and B#27 = 612.55
ROUND 1374 A#23 and B#27 = 580.123
ROUND 1375 A#24 and B#27 = 541.064
ROUND 1376 A#25 and B#27 = 590.571
ROUND 1377 A#26 and B#27 = 665.959
ROUND 1378 A#27 and B#27 = 521.478
ROUND 1379 A#28 and B#27 = 553.779
ROUND 1380 A#29 and B#27 = 626.344
ROUND 1381 A#30 and B#27 = 523.387
ROUND 1382 A#31 and B#27 = 626.594
ROUND 1383 A#32 and B#27 = 553.094
ROUND 1384 A#33 and B#27 = 542.709
ROUND 1385 A#34 and B#27 = 451.815
ROUND 1386 A#35 and B#27 = 599.345
ROUND 1387 A#36 and B#27 = 663.778
ROUND 1388 A#37 and B#27 = 543.806
ROUND 1389 A#38 and B#27 = 649.065
ROUND 1390 A#39 and B#27 = 649.517
ROUND 1391 A#40 and B#27 = 655.174
ROUND 1392 A#41 and B#27 = 656.655
ROUND 1393 A#42 and B#27 = 656.902
ROUND 1394 A#43 and B#27 = 635.097
ROUND 1395 A#44 and B#27 = 631.78
ROUND 1396 A#45 and B#27 = 634.841
ROUND 1397 A#46 and B#27 = 636.458
ROUND 1398 A#47 and B#27 = 638.712
ROUND 1399 A#48 and B#27 = 659.431
ROUND 1400 A#49 and B#27 = 666.594
ROUND 1401 A#0 and B#28 = 505.772
ROUND 1402 A#1 and B#28 = 502.65
ROUND 1403 A#2 and B#28 = 537.831
ROUND 1404 A#3 and B#28 = 491.528
ROUND 1405 A#4 and B#28 = 530.586
ROUND 1406 A#5 and B#28 = 523.259
ROUND 1407 A#6 and B#28 = 524.806
ROUND 1408 A#7 and B#28 = 520.698
ROUND 1409 A#8 and B#28 = 504.904
ROUND 1410 A#9 and B#28 = 529.203
ROUND 1411 A#10 and B#28 = 500.071
ROUND 1412 A#11 and B#28 = 552.307
ROUND 1413 A#12 and B#28 = 552.306
ROUND 1414 A#13 and B#28 = 553.379
ROUND 1415 A#14 and B#28 = 526.424
ROUND 1416 A#15 and B#28 = 475.741
ROUND 1417 A#16 and B#28 = 492.681
ROUND 1418 A#17 and B#28 = 529.356
ROUND 1419 A#18 and B#28 = 468.757
ROUND 1420 A#19 and B#28 = 494.109
ROUND 1421 A#20 and B#28 = 511.2
ROUND 1422 A#21 and B#28 = 516.661
ROUND 1423 A#22 and B#28 = 469.428
ROUND 1424 A#23 and B#28 = 504.628
ROUND 1425 A#24 and B#28 = 509.596
ROUND 1426 A#25 and B#28 = 480.433
ROUND 1427 A#26 and B#28 = 481.871
ROUND 1428 A#27 and B#28 = 499.388
ROUND 1429 A#28 and B#28 = 550.652
ROUND 1430 A#29 and B#28 = 519.113
ROUND 1431 A#30 and B#28 = 469.366
ROUND 1432 A#31 and B#28 = 522.467
ROUND 1433 A#32 and B#28 = 511.019
ROUND 1434 A#33 and B#28 = 489.957
ROUND 1435 A#34 and B#28 = 510.567
ROUND 1436 A#35 and B#28 = 533.532
ROUND 1437 A#36 and B#28 = 493.953
ROUND 1438 A#37 and B#28 = 518.174
ROUND 1439 A#38 and B#28 = 487.882
ROUND 1440 A#39 and B#28 = 507.786
ROUND 1441 A#40 and B#28 = 488.793
ROUND 1442 A#41 and B#28 = 488.954
ROUND 1443 A#42 and B#28 = 476.608
ROUND 1444 A#43 and B#28 = 519.276
ROUND 1445 A#44 and B#28 = 484.536
ROUND 1446 A#45 and B#28 = 519.111
ROUND 1447 A#46 and B#28 = 485.511
ROUND 1448 A#47 and B#28 = 521.608
ROUND 1449 A#48 and B#28 = 500.992
ROUND 1450 A#49 and B#28 = 495.628
ROUND 1451 A#0 and B#29 = 481.494
ROUND 1452 A#1 and B#29 = 492.624
ROUND 1453 A#2 and B#29 = 484.752
ROUND 1454 A#3 and B#29 = 491.339
ROUND 1455 A#4 and B#29 = 533.029
ROUND 1456 A#5 and B#29 = 551.099
ROUND 1457 A#6 and B#29 = 518.207
ROUND 1458 A#7 and B#29 = 589.748
ROUND 1459 A#8 and B#29 = 506.161
ROUND 1460 A#9 and B#29 = 536.078
ROUND 1461 A#10 and B#29 = 548.155
ROUND 1462 A#11 and B#29 = 524.703
ROUND 1463 A#12 and B#29 = 543.428
ROUND 1464 A#13 and B#29 = 556.806
ROUND 1465 A#14 and B#29 = 511.059
ROUND 1466 A#15 and B#29 = 525.729
ROUND 1467 A#16 and B#29 = 577.195
ROUND 1468 A#17 and B#29 = 511.581
ROUND 1469 A#18 and B#29 = 425.612
ROUND 1470 A#19 and B#29 = 498.753
ROUND 1471 A#20 and B#29 = 497.106
ROUND 1472 A#21 and B#29 = 488.859
ROUND 1473 A#22 and B#29 = 425.91
ROUND 1474 A#23 and B#29 = 508.391
ROUND 1475 A#24 and B#29 = 488.884
ROUND 1476 A#25 and B#29 = 514.381
ROUND 1477 A#26 and B#29 = 500.385
ROUND 1478 A#27 and B#29 = 561.661
ROUND 1479 A#28 and B#29 = 547.839
ROUND 1480 A#29 and B#29 = 551.161
ROUND 1481 A#30 and B#29 = 485.547
ROUND 1482 A#31 and B#29 = 500.297
ROUND 1483 A#32 and B#29 = 447.114
ROUND 1484 A#33 and B#29 = 520.784
ROUND 1485 A#34 and B#29 = 481.101
ROUND 1486 A#35 and B#29 = 550.148
ROUND 1487 A#36 and B#29 = 509.587
ROUND 1488 A#37 and B#29 = 531.676
ROUND 1489 A#38 and B#29 = 538.342
ROUND 1490 A#39 and B#29 = 541.984
ROUND 1491 A#40 and B#29 = 506.009
ROUND 1492 A#41 and B#29 = 505.75
ROUND 1493 A#42 and B#29 = 500.91
ROUND 1494 A#43 and B#29 = 470.252
ROUND 1495 A#44 and B#29 = 538.153
ROUND 1496 A#45 and B#29 = 470.061
ROUND 1497 A#46 and B#29 = 535.984
ROUND 1498 A#47 and B#29 = 468.522
ROUND 1499 A#48 and B#29 = 496.257
ROUND 1500 A#49 and B#29 = 551.998
ROUND 1501 A#0 and B#30 = 533.665
ROUND 1502 A#1 and B#30 = 519.506
ROUND 1503 A#2 and B#30 = 404.13
ROUND 1504 A#3 and B#30 = 497.858
ROUND 1505 A#4 and B#30 = 539.586
ROUND 1506 A#5 and B#30 = 514.979
ROUND 1507 A#6 and B#30 = 464.992
ROUND 1508 A#7 and B#30 = 525.033
ROUND 1509 A#8 and B#30 = 457.774
ROUND 1510 A#9 and B#30 = 540.043
ROUND 1511 A#10 and B#30 = 483.47
ROUND 1512 A#11 and B#30 = 557.874
ROUND 1513 A#12 and B#30 = 567.718
ROUND 1514 A#13 and B#30 = 555.437
ROUND 1515 A#14 and B#30 = 541.039
ROUND 1516 A#15 and B#30 = 594.685
ROUND 1517 A#16 and B#30 = 525.955
ROUND 1518 A#17 and B#30 = 541.344
ROUND 1519 A#18 and B#30 = 559.766
ROUND 1520 A#19 and B#30 = 535.021
ROUND 1521 A#20 and B#30 = 536.389
ROUND 1522 A#21 and B#30 = 539.244
ROUND 1523 A#22 and B#30 = 560.141
ROUND 1524 A#23 and B#30 = 495.064
ROUND 1525 A#24 and B#30 = 532.719
ROUND 1526 A#25 and B#30 = 510.239
ROUND 1527 A#26 and B#30 = 575.9
ROUND 1528 A#27 and B#30 = 492.145
ROUND 1529 A#28 and B#30 = 589.708
ROUND 1530 A#29 and B#30 = 607.829
ROUND 1531 A#30 and B#30 = 507.934
ROUND 1532 A#31 and B#30 = 538.648
ROUND 1533 A#32 and B#30 = 515.114
ROUND 1534 A#33 and B#30 = 587.399
ROUND 1535 A#34 and B#30 = 514.802
ROUND 1536 A#35 and B#30 = 530.779
ROUND 1537 A#36 and B#30 = 564.539
ROUND 1538 A#37 and B#30 = 557.038
ROUND 1539 A#38 and B#30 = 478.753
ROUND 1540 A#39 and B#30 = 481.019
ROUND 1541 A#40 and B#30 = 557.837
ROUND 1542 A#41 and B#30 = 557.374
ROUND 1543 A#42 and B#30 = 570.799
ROUND 1544 A#43 and B#30 = 513.563
ROUND 1545 A#44 and B#30 = 590.245
ROUND 1546 A#45 and B#30 = 516.419
ROUND 1547 A#46 and B#30 = 589.55
ROUND 1548 A#47 and B#30 = 517.799
ROUND 1549 A#48 and B#30 = 533.746
ROUND 1550 A#49 and B#30 = 486.507
ROUND 1551 A#0 and B#31 = 550.506
ROUND 1552 A#1 and B#31 = 555.475
ROUND 1553 A#2 and B#31 = 526.812
ROUND 1554 A#3 and B#31 = 502.647
ROUND 1555 A#4 and B#31 = 618.688
ROUND 1556 A#5 and B#31 = 502.458
ROUND 1557 A#6 and B#31 = 598.174
ROUND 1558 A#7 and B#31 = 575.601
ROUND 1559 A#8 and B#31 = 600.959
ROUND 1560 A#9 and B#31 = 610.143
ROUND 1561 A#10 and B#31 = 504.166
ROUND 1562 A#11 and B#31 = 596.021
ROUND 1563 A#12 and B#31 = 586.318
ROUND 1564 A#13 and B#31 = 589.614
ROUND 1565 A#14 and B#31 = 495.283
ROUND 1566 A#15 and B#31 = 508.238
ROUND 1567 A#16 and B#31 = 506.178
ROUND 1568 A#17 and B#31 = 494.244
ROUND 1569 A#18 and B#31 = 510.036
ROUND 1570 A#19 and B#31 = 507.132
ROUND 1571 A#20 and B#31 = 518.34
ROUND 1572 A#21 and B#31 = 439.824
ROUND 1573 A#22 and B#31 = 510.203
ROUND 1574 A#23 and B#31 = 601.533
ROUND 1575 A#24 and B#31 = 496.842
ROUND 1576 A#25 and B#31 = 547.635
ROUND 1577 A#26 and B#31 = 509.615
ROUND 1578 A#27 and B#31 = 507.275
ROUND 1579 A#28 and B#31 = 609.113
ROUND 1580 A#29 and B#31 = 537.639
ROUND 1581 A#30 and B#31 = 510.323
ROUND 1582 A#31 and B#31 = 540.641
ROUND 1583 A#32 and B#31 = 473.169
ROUND 1584 A#33 and B#31 = 615.386
ROUND 1585 A#34 and B#31 = 582.853
ROUND 1586 A#35 and B#31 = 587.833
ROUND 1587 A#36 and B#31 = 550.468
ROUND 1588 A#37 and B#31 = 624.017
ROUND 1589 A#38 and B#31 = 545.178
ROUND 1590 A#39 and B#31 = 541.44
ROUND 1591 A#40 and B#31 = 521.12
ROUND 1592 A#41 and B#31 = 529.282
ROUND 1593 A#42 and B#31 = 510.895
ROUND 1594 A#43 and B#31 = 531.127
ROUND 1595 A#44 and B#31 = 503.547
ROUND 1596 A#45 and B#31 = 537.232
ROUND 1597 A#46 and B#31 = 483.322
ROUND 1598 A#47 and B#31 = 540.634
ROUND 1599 A#48 and B#31 = 525.105
ROUND 1600 A#49 and B#31 = 579.478
ROUND 1601 A#0 and B#32 = 536.045
ROUND 1602 A#1 and B#32 = 519.53
ROUND 1603 A#2 and B#32 = 403.759
ROUND 1604 A#3 and B#32 = 498.968
ROUND 1605 A#4 and B#32 = 539.995
ROUND 1606 A#5 and B#32 = 515.206
ROUND 1607 A#6 and B#32 = 464.105
ROUND 1608 A#7 and B#32 = 525.927
ROUND 1609 A#8 and B#32 = 496.513
ROUND 1610 A#9 and B#32 = 539.71
ROUND 1611 A#10 and B#32 = 483.394
ROUND 1612 A#11 and B#32 = 558.031
ROUND 1613 A#12 and B#32 = 567.919
ROUND 1614 A#13 and B#32 = 555.594
ROUND 1615 A#14 and B#32 = 541.051
ROUND 1616 A#15 and B#32 = 598.566
ROUND 1617 A#16 and B#32 = 526.219
ROUND 1618 A#17 and B#32 = 541.466
ROUND 1619 A#18 and B#32 = 560.84
ROUND 1620 A#19 and B#32 = 536.277
ROUND 1621 A#20 and B#32 = 537.249
ROUND 1622 A#21 and B#32 = 540.026
ROUND 1623 A#22 and B#32 = 561.229
ROUND 1624 A#23 and B#32 = 495.119
ROUND 1625 A#24 and B#32 = 532.796
ROUND 1626 A#25 and B#32 = 509.707
ROUND 1627 A#26 and B#32 = 578.533
ROUND 1628 A#27 and B#32 = 491.821
ROUND 1629 A#28 and B#32 = 589.221
ROUND 1630 A#29 and B#32 = 608.625
ROUND 1631 A#30 and B#32 = 507.718
ROUND 1632 A#31 and B#32 = 540.46
ROUND 1633 A#32 and B#32 = 514.907
ROUND 1634 A#33 and B#32 = 587.276
ROUND 1635 A#34 and B#32 = 514.982
ROUND 1636 A#35 and B#32 = 530.016
ROUND 1637 A#36 and B#32 = 567.864
ROUND 1638 A#37 and B#32 = 557.421
ROUND 1639 A#38 and B#32 = 478.575
ROUND 1640 A#39 and B#32 = 480.924
ROUND 1641 A#40 and B#32 = 560.354
ROUND 1642 A#41 and B#32 = 559.577
ROUND 1643 A#42 and B#32 = 573.888
ROUND 1644 A#43 and B#32 = 514.624
ROUND 1645 A#44 and B#32 = 593.458
ROUND 1646 A#45 and B#32 = 516.77
ROUND 1647 A#46 and B#32 = 592.668
ROUND 1648 A#47 and B#32 = 518.136
ROUND 1649 A#48 and B#32 = 535.739
ROUND 1650 A#49 and B#32 = 486.35
ROUND 1651 A#0 and B#33 = 548.926
ROUND 1652 A#1 and B#33 = 548.872
ROUND 1653 A#2 and B#33 = 481.708
ROUND 1654 A#3 and B#33 = 465.198
ROUND 1655 A#4 and B#33 = 621.814
ROUND 1656 A#5 and B#33 = 466.43
ROUND 1657 A#6 and B#33 = 601.471
ROUND 1658 A#7 and B#33 = 581.628
ROUND 1659 A#8 and B#33 = 598.825
ROUND 1660 A#9 and B#33 = 618.48
ROUND 1661 A#10 and B#33 = 465.509
ROUND 1662 A#11 and B#33 = 596.304
ROUND 1663 A#12 and B#33 = 595.419
ROUND 1664 A#13 and B#33 = 549.901
ROUND 1665 A#14 and B#33 = 470.777
ROUND 1666 A#15 and B#33 = 511.398
ROUND 1667 A#16 and B#33 = 505.503
ROUND 1668 A#17 and B#33 = 471.337
ROUND 1669 A#18 and B#33 = 510.763
ROUND 1670 A#19 and B#33 = 508.098
ROUND 1671 A#20 and B#33 = 518.494
ROUND 1672 A#21 and B#33 = 442.354
ROUND 1673 A#22 and B#33 = 510.89
ROUND 1674 A#23 and B#33 = 599.648
ROUND 1675 A#24 and B#33 = 500.122
ROUND 1676 A#25 and B#33 = 537.233
ROUND 1677 A#26 and B#33 = 510.506
ROUND 1678 A#27 and B#33 = 505.341
ROUND 1679 A#28 and B#33 = 598.93
ROUND 1680 A#29 and B#33 = 635.151
ROUND 1681 A#30 and B#33 = 505.215
ROUND 1682 A#31 and B#33 = 544.912
ROUND 1683 A#32 and B#33 = 590.091
ROUND 1684 A#33 and B#33 = 610.471
ROUND 1685 A#34 and B#33 = 578.347
ROUND 1686 A#35 and B#33 = 588.953
ROUND 1687 A#36 and B#33 = 553.925
ROUND 1688 A#37 and B#33 = 614.584
ROUND 1689 A#38 and B#33 = 537.123
ROUND 1690 A#39 and B#33 = 535.994
ROUND 1691 A#40 and B#33 = 518.942
ROUND 1692 A#41 and B#33 = 526.326
ROUND 1693 A#42 and B#33 = 509.55
ROUND 1694 A#43 and B#33 = 535.421
ROUND 1695 A#44 and B#33 = 505.988
ROUND 1696 A#45 and B#33 = 542.42
ROUND 1697 A#46 and B#33 = 481.551
ROUND 1698 A#47 and B#33 = 545.922
ROUND 1699 A#48 and B#33 = 523.019
ROUND 1700 A#49 and B#33 = 579.862
ROUND 1701 A#0 and B#34 = 537.985
ROUND 1702 A#1 and B#34 = 540.586
ROUND 1703 A#2 and B#34 = 451.438
ROUND 1704 A#3 and B#34 = 459.951
ROUND 1705 A#4 and B#34 = 579.166
ROUND 1706 A#5 and B#34 = 453.197
ROUND 1707 A#6 and B#34 = 504.92
ROUND 1708 A#7 and B#34 = 574.266
ROUND 1709 A#8 and B#34 = 501.272
ROUND 1710 A#9 and B#34 = 581.694
ROUND 1711 A#10 and B#34 = 463.521
ROUND 1712 A#11 and B#34 = 510.989
ROUND 1713 A#12 and B#34 = 505.087
ROUND 1714 A#13 and B#34 = 513.665
ROUND 1715 A#14 and B#34 = 554.137
ROUND 1716 A#15 and B#34 = 465.146
ROUND 1717 A#16 and B#34 = 519.24
ROUND 1718 A#17 and B#34 = 554.703
ROUND 1719 A#18 and B#34 = 571.239
ROUND 1720 A#19 and B#34 = 566.149
ROUND 1721 A#20 and B#34 = 551.192
ROUND 1722 A#21 and B#34 = 523.075
ROUND 1723 A#22 and B#34 = 571.399
ROUND 1724 A#23 and B#34 = 502.211
ROUND 1725 A#24 and B#34 = 551.004
ROUND 1726 A#25 and B#34 = 557.269
ROUND 1727 A#26 and B#34 = 485.394
ROUND 1728 A#27 and B#34 = 538.28
ROUND 1729 A#28 and B#34 = 558.191
ROUND 1730 A#29 and B#34 = 616.413
ROUND 1731 A#30 and B#34 = 570.316
ROUND 1732 A#31 and B#34 = 535.342
ROUND 1733 A#32 and B#34 = 547.679
ROUND 1734 A#33 and B#34 = 572.564
ROUND 1735 A#34 and B#34 = 588.274
ROUND 1736 A#35 and B#34 = 549.687
ROUND 1737 A#36 and B#34 = 521.054
ROUND 1738 A#37 and B#34 = 576.699
ROUND 1739 A#38 and B#34 = 543.404
ROUND 1740 A#39 and B#34 = 557.227
ROUND 1741 A#40 and B#34 = 534.714
ROUND 1742 A#41 and B#34 = 531.647
ROUND 1743 A#42 and B#34 = 549.769
ROUND 1744 A#43 and B#34 = 542.349
ROUND 1745 A#44 and B#34 = 535.646
ROUND 1746 A#45 and B#34 = 541.066
ROUND 1747 A#46 and B#34 = 534.205
ROUND 1748 A#47 and B#34 = 539.803
ROUND 1749 A#48 and B#34 = 472.239
ROUND 1750 A#49 and B#34 = 551.655
ROUND 1751 A#0 and B#35 = 561.229
ROUND 1752 A#1 and B#35 = 426.746
ROUND 1753 A#2 and B#35 = 428.078
ROUND 1754 A#3 and B#35 = 431.969
ROUND 1755 A#4 and B#35 = 582.792
ROUND 1756 A#5 and B#35 = 442.882
ROUND 1757 A#6 and B#35 = 607.404
ROUND 1758 A#7 and B#35 = 575.861
ROUND 1759 A#8 and B#35 = 599.685
ROUND 1760 A#9 and B#35 = 583.764
ROUND 1761 A#10 and B#35 = 429.833
ROUND 1762 A#11 and B#35 = 531.344
ROUND 1763 A#12 and B#35 = 570.738
ROUND 1764 A#13 and B#35 = 526.64
ROUND 1765 A#14 and B#35 = 476.223
ROUND 1766 A#15 and B#35 = 535.207
ROUND 1767 A#16 and B#35 = 593.947
ROUND 1768 A#17 and B#35 = 477.097
ROUND 1769 A#18 and B#35 = 606.411
ROUND 1770 A#19 and B#35 = 614.803
ROUND 1771 A#20 and B#35 = 596.143
ROUND 1772 A#21 and B#35 = 481.777
ROUND 1773 A#22 and B#35 = 606.309
ROUND 1774 A#23 and B#35 = 599.944
ROUND 1775 A#24 and B#35 = 476.279
ROUND 1776 A#25 and B#35 = 474.205
ROUND 1777 A#26 and B#35 = 595.922
ROUND 1778 A#27 and B#35 = 466.645
ROUND 1779 A#28 and B#35 = 575.203
ROUND 1780 A#29 and B#35 = 633.639
ROUND 1781 A#30 and B#35 = 480.493
ROUND 1782 A#31 and B#35 = 600.813
ROUND 1783 A#32 and B#35 = 477.743
ROUND 1784 A#33 and B#35 = 572.701
ROUND 1785 A#34 and B#35 = 451.437
ROUND 1786 A#35 and B#35 = 475.422
ROUND 1787 A#36 and B#35 = 566.319
ROUND 1788 A#37 and B#35 = 547.695
ROUND 1789 A#38 and B#35 = 491.113
ROUND 1790 A#39 and B#35 = 493.342
ROUND 1791 A#40 and B#35 = 546.672
ROUND 1792 A#41 and B#35 = 561.092
ROUND 1793 A#42 and B#35 = 602.593
ROUND 1794 A#43 and B#35 = 537.456
ROUND 1795 A#44 and B#35 = 515.032
ROUND 1796 A#45 and B#35 = 540.322
ROUND 1797 A#46 and B#35 = 515.759
ROUND 1798 A#47 and B#35 = 538.985
ROUND 1799 A#48 and B#35 = 603.211
ROUND 1800 A#49 and B#35 = 604.882
ROUND 1801 A#0 and B#36 = 541.863
ROUND 1802 A#1 and B#36 = 521.744
ROUND 1803 A#2 and B#36 = 572.226
ROUND 1804 A#3 and B#36 = 537.145
ROUND 1805 A#4 and B#36 = 559.161
ROUND 1806 A#5 and B#36 = 538.582
ROUND 1807 A#6 and B#36 = 540.533
ROUND 1808 A#7 and B#36 = 550.126
ROUND 1809 A#8 and B#36 = 544.775
ROUND 1810 A#9 and B#36 = 556.251
ROUND 1811 A#10 and B#36 = 538.104
ROUND 1812 A#11 and B#36 = 569.307
ROUND 1813 A#12 and B#36 = 568.754
ROUND 1814 A#13 and B#36 = 581.528
ROUND 1815 A#14 and B#36 = 521.171
ROUND 1816 A#15 and B#36 = 488.895
ROUND 1817 A#16 and B#36 = 492.823
ROUND 1818 A#17 and B#36 = 521.158
ROUND 1819 A#18 and B#36 = 482.471
ROUND 1820 A#19 and B#36 = 470.272
ROUND 1821 A#20 and B#36 = 529.817
ROUND 1822 A#21 and B#36 = 521.966
ROUND 1823 A#22 and B#36 = 482.755
ROUND 1824 A#23 and B#36 = 544.122
ROUND 1825 A#24 and B#36 = 521.198
ROUND 1826 A#25 and B#36 = 491.022
ROUND 1827 A#26 and B#36 = 460.535
ROUND 1828 A#27 and B#36 = 516.193
ROUND 1829 A#28 and B#36 = 537.161
ROUND 1830 A#29 and B#36 = 542.064
ROUND 1831 A#30 and B#36 = 504.264
ROUND 1832 A#31 and B#36 = 504.882
ROUND 1833 A#32 and B#36 = 557.847
ROUND 1834 A#33 and B#36 = 493.812
ROUND 1835 A#34 and B#36 = 477.186
ROUND 1836 A#35 and B#36 = 497.402
ROUND 1837 A#36 and B#36 = 500.49
ROUND 1838 A#37 and B#36 = 521.462
ROUND 1839 A#38 and B#36 = 536.926
ROUND 1840 A#39 and B#36 = 540.017
ROUND 1841 A#40 and B#36 = 508.705
ROUND 1842 A#41 and B#36 = 504.865
ROUND 1843 A#42 and B#36 = 463.52
ROUND 1844 A#43 and B#36 = 492.434
ROUND 1845 A#44 and B#36 = 493.496
ROUND 1846 A#45 and B#36 = 491.131
ROUND 1847 A#46 and B#36 = 497.887
ROUND 1848 A#47 and B#36 = 493.553
ROUND 1849 A#48 and B#36 = 499.197
ROUND 1850 A#49 and B#36 = 546.628
ROUND 1851 A#0 and B#37 = 417.155
ROUND 1852 A#1 and B#37 = 412.007
ROUND 1853 A#2 and B#37 = 418.886
ROUND 1854 A#3 and B#37 = 471.145
ROUND 1855 A#4 and B#37 = 596.126
ROUND 1856 A#5 and B#37 = 450.899
ROUND 1857 A#6 and B#37 = 524.013
ROUND 1858 A#7 and B#37 = 600.138
ROUND 1859 A#8 and B#37 = 534.029
ROUND 1860 A#9 and B#37 = 598.215
ROUND 1861 A#10 and B#37 = 470.848
ROUND 1862 A#11 and B#37 = 515.848
ROUND 1863 A#12 and B#37 = 601.17
ROUND 1864 A#13 and B#37 = 514.295
ROUND 1865 A#14 and B#37 = 502.651
ROUND 1866 A#15 and B#37 = 459.563
ROUND 1867 A#16 and B#37 = 495.598
ROUND 1868 A#17 and B#37 = 503.199
ROUND 1869 A#18 and B#37 = 596.788
ROUND 1870 A#19 and B#37 = 570.575
ROUND 1871 A#20 and B#37 = 551.532
ROUND 1872 A#21 and B#37 = 561.918
ROUND 1873 A#22 and B#37 = 597.178
ROUND 1874 A#23 and B#37 = 535.189
ROUND 1875 A#24 and B#37 = 511.096
ROUND 1876 A#25 and B#37 = 549.455
ROUND 1877 A#26 and B#37 = 478.751
ROUND 1878 A#27 and B#37 = 459.037
ROUND 1879 A#28 and B#37 = 553.891
ROUND 1880 A#29 and B#37 = 636.694
ROUND 1881 A#30 and B#37 = 561.457
ROUND 1882 A#31 and B#37 = 558.667
ROUND 1883 A#32 and B#37 = 505.313
ROUND 1884 A#33 and B#37 = 554.356
ROUND 1885 A#34 and B#37 = 593.722
ROUND 1886 A#35 and B#37 = 500.417
ROUND 1887 A#36 and B#37 = 503.903
ROUND 1888 A#37 and B#37 = 592.813
ROUND 1889 A#38 and B#37 = 531.028
ROUND 1890 A#39 and B#37 = 543.82
ROUND 1891 A#40 and B#37 = 572.94
ROUND 1892 A#41 and B#37 = 574.045
ROUND 1893 A#42 and B#37 = 599.22
ROUND 1894 A#43 and B#37 = 554.655
ROUND 1895 A#44 and B#37 = 437.885
ROUND 1896 A#45 and B#37 = 552.319
ROUND 1897 A#46 and B#37 = 438.678
ROUND 1898 A#47 and B#37 = 548.182
ROUND 1899 A#48 and B#37 = 552.409
ROUND 1900 A#49 and B#37 = 556.462
ROUND 1901 A#0 and B#38 = 533.244
ROUND 1902 A#1 and B#38 = 519.633
ROUND 1903 A#2 and B#38 = 404.611
ROUND 1904 A#3 and B#38 = 497.396
ROUND 1905 A#4 and B#38 = 539.947
ROUND 1906 A#5 and B#38 = 514.621
ROUND 1907 A#6 and B#38 = 465.131
ROUND 1908 A#7 and B#38 = 524.901
ROUND 1909 A#8 and B#38 = 465.287
ROUND 1910 A#9 and B#38 = 540.468
ROUND 1911 A#10 and B#38 = 482.919
ROUND 1912 A#11 and B#38 = 558.44
ROUND 1913 A#12 and B#38 = 568.147
ROUND 1914 A#13 and B#38 = 556.046
ROUND 1915 A#14 and B#38 = 540.633
ROUND 1916 A#15 and B#38 = 594.544
ROUND 1917 A#16 and B#38 = 525.823
ROUND 1918 A#17 and B#38 = 540.938
ROUND 1919 A#18 and B#38 = 559.149
ROUND 1920 A#19 and B#38 = 534.502
ROUND 1921 A#20 and B#38 = 535.882
ROUND 1922 A#21 and B#38 = 539.017
ROUND 1923 A#22 and B#38 = 559.583
ROUND 1924 A#23 and B#38 = 495.021
ROUND 1925 A#24 and B#38 = 532.5
ROUND 1926 A#25 and B#38 = 510.663
ROUND 1927 A#26 and B#38 = 575.259
ROUND 1928 A#27 and B#38 = 492.117
ROUND 1929 A#28 and B#38 = 589.558
ROUND 1930 A#29 and B#38 = 607.358
ROUND 1931 A#30 and B#38 = 508.029
ROUND 1932 A#31 and B#38 = 538.227
ROUND 1933 A#32 and B#38 = 514.673
ROUND 1934 A#33 and B#38 = 587.229
ROUND 1935 A#34 and B#38 = 514.746
ROUND 1936 A#35 and B#38 = 530.289
ROUND 1937 A#36 and B#38 = 564.105
ROUND 1938 A#37 and B#38 = 557.289
ROUND 1939 A#38 and B#38 = 478.761
ROUND 1940 A#39 and B#38 = 480.99
ROUND 1941 A#40 and B#38 = 557.45
ROUND 1942 A#41 and B#38 = 556.983
ROUND 1943 A#42 and B#38 = 570.39
ROUND 1944 A#43 and B#38 = 513.054
ROUND 1945 A#44 and B#38 = 590.026
ROUND 1946 A#45 and B#38 = 516.167
ROUND 1947 A#46 and B#38 = 589.358
ROUND 1948 A#47 and B#38 = 517.489
ROUND 1949 A#48 and B#38 = 533.414
ROUND 1950 A#49 and B#38 = 486.489
ROUND 1951 A#0 and B#39 = 544.539
ROUND 1952 A#1 and B#39 = 459.713
ROUND 1953 A#2 and B#39 = 493.434
ROUND 1954 A#3 and B#39 = 451.28
ROUND 1955 A#4 and B#39 = 635.576
ROUND 1956 A#5 and B#39 = 451.081
ROUND 1957 A#6 and B#39 = 601.488
ROUND 1958 A#7 and B#39 = 596.818
ROUND 1959 A#8 and B#39 = 608.671
ROUND 1960 A#9 and B#39 = 626.557
ROUND 1961 A#10 and B#39 = 450.469
ROUND 1962 A#11 and B#39 = 576.421
ROUND 1963 A#12 and B#39 = 567.482
ROUND 1964 A#13 and B#39 = 553.714
ROUND 1965 A#14 and B#39 = 503.967
ROUND 1966 A#15 and B#39 = 502.896
ROUND 1967 A#16 and B#39 = 505.807
ROUND 1968 A#17 and B#39 = 503.09
ROUND 1969 A#18 and B#39 = 506.866
ROUND 1970 A#19 and B#39 = 508.494
ROUND 1971 A#20 and B#39 = 490.618
ROUND 1972 A#21 and B#39 = 481.247
ROUND 1973 A#22 and B#39 = 506.518
ROUND 1974 A#23 and B#39 = 609.194
ROUND 1975 A#24 and B#39 = 509.668
ROUND 1976 A#25 and B#39 = 544.543
ROUND 1977 A#26 and B#39 = 528.716
ROUND 1978 A#27 and B#39 = 519.506
ROUND 1979 A#28 and B#39 = 593.482
ROUND 1980 A#29 and B#39 = 546.802
ROUND 1981 A#30 and B#39 = 519.696
ROUND 1982 A#31 and B#39 = 527.316
ROUND 1983 A#32 and B#39 = 522.441
ROUND 1984 A#33 and B#39 = 593.74
ROUND 1985 A#34 and B#39 = 567.128
ROUND 1986 A#35 and B#39 = 522.411
ROUND 1987 A#36 and B#39 = 531.644
ROUND 1988 A#37 and B#39 = 584.304
ROUND 1989 A#38 and B#39 = 545.948
ROUND 1990 A#39 and B#39 = 543.551
ROUND 1991 A#40 and B#39 = 551.696
ROUND 1992 A#41 and B#39 = 554.147
ROUND 1993 A#42 and B#39 = 516.967
ROUND 1994 A#43 and B#39 = 517.464
ROUND 1995 A#44 and B#39 = 484.935
ROUND 1996 A#45 and B#39 = 524.112
ROUND 1997 A#46 and B#39 = 486.018
ROUND 1998 A#47 and B#39 = 529.011
ROUND 1999 A#48 and B#39 = 524.741
ROUND 2000 A#49 and B#39 = 583.335
ROUND 2001 A#0 and B#40 = 562.208
ROUND 2002 A#1 and B#40 = 427.469
ROUND 2003 A#2 and B#40 = 429.365
ROUND 2004 A#3 and B#40 = 433.116
ROUND 2005 A#4 and B#40 = 583.732
ROUND 2006 A#5 and B#40 = 443.121
ROUND 2007 A#6 and B#40 = 608.852
ROUND 2008 A#7 and B#40 = 576.71
ROUND 2009 A#8 and B#40 = 600.78
ROUND 2010 A#9 and B#40 = 584.663
ROUND 2011 A#10 and B#40 = 430.976
ROUND 2012 A#11 and B#40 = 532.184
ROUND 2013 A#12 and B#40 = 571.518
ROUND 2014 A#13 and B#40 = 527.556
ROUND 2015 A#14 and B#40 = 477.272
ROUND 2016 A#15 and B#40 = 536.763
ROUND 2017 A#16 and B#40 = 593.736
ROUND 2018 A#17 and B#40 = 478.271
ROUND 2019 A#18 and B#40 = 609.603
ROUND 2020 A#19 and B#40 = 618.54
ROUND 2021 A#20 and B#40 = 600.141
ROUND 2022 A#21 and B#40 = 482.964
ROUND 2023 A#22 and B#40 = 609.534
ROUND 2024 A#23 and B#40 = 601.024
ROUND 2025 A#24 and B#40 = 477.679
ROUND 2026 A#25 and B#40 = 474.676
ROUND 2027 A#26 and B#40 = 599.236
ROUND 2028 A#27 and B#40 = 467.752
ROUND 2029 A#28 and B#40 = 575.681
ROUND 2030 A#29 and B#40 = 638.094
ROUND 2031 A#30 and B#40 = 481.454
ROUND 2032 A#31 and B#40 = 605.181
ROUND 2033 A#32 and B#40 = 479.096
ROUND 2034 A#33 and B#40 = 572.23
ROUND 2035 A#34 and B#40 = 452.652
ROUND 2036 A#35 and B#40 = 476.187
ROUND 2037 A#36 and B#40 = 594.046
ROUND 2038 A#37 and B#40 = 547.912
ROUND 2039 A#38 and B#40 = 492.468
ROUND 2040 A#39 and B#40 = 494.738
ROUND 2041 A#40 and B#40 = 546.32
ROUND 2042 A#41 and B#40 = 561.901
ROUND 2043 A#42 and B#40 = 605.899
ROUND 2044 A#43 and B#40 = 538.383
ROUND 2045 A#44 and B#40 = 515.94
ROUND 2046 A#45 and B#40 = 541.224
ROUND 2047 A#46 and B#40 = 516.749
ROUND 2048 A#47 and B#40 = 539.958
ROUND 2049 A#48 and B#40 = 607.453
ROUND 2050 A#49 and B#40 = 605.692
ROUND 2051 A#0 and B#41 = 573.545
ROUND 2052 A#1 and B#41 = 564.603
ROUND 2053 A#2 and B#41 = 477.268
ROUND 2054 A#3 and B#41 = 495.651
ROUND 2055 A#4 and B#41 = 607.575
ROUND 2056 A#5 and B#41 = 495.278
ROUND 2057 A#6 and B#41 = 588.866
ROUND 2058 A#7 and B#41 = 582.736
ROUND 2059 A#8 and B#41 = 589.677
ROUND 2060 A#9 and B#41 = 607.719
ROUND 2061 A#10 and B#41 = 495.635
ROUND 2062 A#11 and B#41 = 591.764
ROUND 2063 A#12 and B#41 = 578.369
ROUND 2064 A#13 and B#41 = 530.206
ROUND 2065 A#14 and B#41 = 501.2
ROUND 2066 A#15 and B#41 = 529.916
ROUND 2067 A#16 and B#41 = 492.914
ROUND 2068 A#17 and B#41 = 501.202
ROUND 2069 A#18 and B#41 = 499.695
ROUND 2070 A#19 and B#41 = 507.604
ROUND 2071 A#20 and B#41 = 530.374
ROUND 2072 A#21 and B#41 = 448.694
ROUND 2073 A#22 and B#41 = 499.599
ROUND 2074 A#23 and B#41 = 589.39
ROUND 2075 A#24 and B#41 = 514.332
ROUND 2076 A#25 and B#41 = 527.913
ROUND 2077 A#26 and B#41 = 528.322
ROUND 2078 A#27 and B#41 = 501.592
ROUND 2079 A#28 and B#41 = 548.47
ROUND 2080 A#29 and B#41 = 556.032
ROUND 2081 A#30 and B#41 = 498.376
ROUND 2082 A#31 and B#41 = 579.032
ROUND 2083 A#32 and B#41 = 554.795
ROUND 2084 A#33 and B#41 = 553.727
ROUND 2085 A#34 and B#41 = 571.511
ROUND 2086 A#35 and B#41 = 589.488
ROUND 2087 A#36 and B#41 = 568.433
ROUND 2088 A#37 and B#41 = 483.173
ROUND 2089 A#38 and B#41 = 526.469
ROUND 2090 A#39 and B#41 = 526.433
ROUND 2091 A#40 and B#41 = 549.886
ROUND 2092 A#41 and B#41 = 549.98
ROUND 2093 A#42 and B#41 = 532.03
ROUND 2094 A#43 and B#41 = 552.309
ROUND 2095 A#44 and B#41 = 494.624
ROUND 2096 A#45 and B#41 = 560.109
ROUND 2097 A#46 and B#41 = 495.133
ROUND 2098 A#47 and B#41 = 563.054
ROUND 2099 A#48 and B#41 = 553.173
ROUND 2100 A#49 and B#41 = 569.846
ROUND 2101 A#0 and B#42 = 545.799
ROUND 2102 A#1 and B#42 = 461.286
ROUND 2103 A#2 and B#42 = 494.163
ROUND 2104 A#3 and B#42 = 450.496
ROUND 2105 A#4 and B#42 = 634.934
ROUND 2106 A#5 and B#42 = 450.138
ROUND 2107 A#6 and B#42 = 605.779
ROUND 2108 A#7 and B#42 = 598.694
ROUND 2109 A#8 and B#42 = 612.532
ROUND 2110 A#9 and B#42 = 625.904
ROUND 2111 A#10 and B#42 = 449.459
ROUND 2112 A#11 and B#42 = 578.49
ROUND 2113 A#12 and B#42 = 562.118
ROUND 2114 A#13 and B#42 = 549.758
ROUND 2115 A#14 and B#42 = 504.279
ROUND 2116 A#15 and B#42 = 503.13
ROUND 2117 A#16 and B#42 = 508.158
ROUND 2118 A#17 and B#42 = 503.41
ROUND 2119 A#18 and B#42 = 507.163
ROUND 2120 A#19 and B#42 = 509.24
ROUND 2121 A#20 and B#42 = 518.956
ROUND 2122 A#21 and B#42 = 482.876
ROUND 2123 A#22 and B#42 = 506.825
ROUND 2124 A#23 and B#42 = 612.885
ROUND 2125 A#24 and B#42 = 508.817
ROUND 2126 A#25 and B#42 = 544.945
ROUND 2127 A#26 and B#42 = 528.946
ROUND 2128 A#27 and B#42 = 523.454
ROUND 2129 A#28 and B#42 = 598.446
ROUND 2130 A#29 and B#42 = 546.298
ROUND 2131 A#30 and B#42 = 522.314
ROUND 2132 A#31 and B#42 = 526.323
ROUND 2133 A#32 and B#42 = 520.561
ROUND 2134 A#33 and B#42 = 594.035
ROUND 2135 A#34 and B#42 = 542.078
ROUND 2136 A#35 and B#42 = 521.924
ROUND 2137 A#36 and B#42 = 532.075
ROUND 2138 A#37 and B#42 = 585.477
ROUND 2139 A#38 and B#42 = 550.987
ROUND 2140 A#39 and B#42 = 547.846
ROUND 2141 A#40 and B#42 = 555.025
ROUND 2142 A#41 and B#42 = 557.468
ROUND 2143 A#42 and B#42 = 517.772
ROUND 2144 A#43 and B#42 = 514.53
ROUND 2145 A#44 and B#42 = 484.92
ROUND 2146 A#45 and B#42 = 523.082
ROUND 2147 A#46 and B#42 = 486.343
ROUND 2148 A#47 and B#42 = 528.697
ROUND 2149 A#48 and B#42 = 526.648
ROUND 2150 A#49 and B#42 = 585.794
ROUND 2151 A#0 and B#43 = 561.755
ROUND 2152 A#1 and B#43 = 489.948
ROUND 2153 A#2 and B#43 = 485.289
ROUND 2154 A#3 and B#43 = 501.853
ROUND 2155 A#4 and B#43 = 640.341
ROUND 2156 A#5 and B#43 = 501.407
ROUND 2157 A#6 and B#43 = 606.459
ROUND 2158 A#7 and B#43 = 600.451
ROUND 2159 A#8 and B#43 = 613.069
ROUND 2160 A#9 and B#43 = 631.147
ROUND 2161 A#10 and B#43 = 503.112
ROUND 2162 A#11 and B#43 = 583.478
ROUND 2163 A#12 and B#43 = 573.277
ROUND 2164 A#13 and B#43 = 552.067
ROUND 2165 A#14 and B#43 = 507.653
ROUND 2166 A#15 and B#43 = 522.711
ROUND 2167 A#16 and B#43 = 508.788
ROUND 2168 A#17 and B#43 = 507.12
ROUND 2169 A#18 and B#43 = 494.602
ROUND 2170 A#19 and B#43 = 494.633
ROUND 2171 A#20 and B#43 = 509.123
ROUND 2172 A#21 and B#43 = 436.024
ROUND 2173 A#22 and B#43 = 494.56
ROUND 2174 A#23 and B#43 = 613.544
ROUND 2175 A#24 and B#43 = 512.024
ROUND 2176 A#25 and B#43 = 548.004
ROUND 2177 A#26 and B#43 = 526.32
ROUND 2178 A#27 and B#43 = 522.916
ROUND 2179 A#28 and B#43 = 576.75
ROUND 2180 A#29 and B#43 = 547.567
ROUND 2181 A#30 and B#43 = 522.471
ROUND 2182 A#31 and B#43 = 499.86
ROUND 2183 A#32 and B#43 = 571.238
ROUND 2184 A#33 and B#43 = 600.088
ROUND 2185 A#34 and B#43 = 575.263
ROUND 2186 A#35 and B#43 = 583.65
ROUND 2187 A#36 and B#43 = 560.071
ROUND 2188 A#37 and B#43 = 591.83
ROUND 2189 A#38 and B#43 = 550.991
ROUND 2190 A#39 and B#43 = 547.811
ROUND 2191 A#40 and B#43 = 539.539
ROUND 2192 A#41 and B#43 = 540.048
ROUND 2193 A#42 and B#43 = 526.684
ROUND 2194 A#43 and B#43 = 528.172
ROUND 2195 A#44 and B#43 = 490.624
ROUND 2196 A#45 and B#43 = 535.806
ROUND 2197 A#46 and B#43 = 490.486
ROUND 2198 A#47 and B#43 = 538.308
ROUND 2199 A#48 and B#43 = 535.962
ROUND 2200 A#49 and B#43 = 586.134
ROUND 2201 A#0 and B#44 = 556.234
ROUND 2202 A#1 and B#44 = 557.247
ROUND 2203 A#2 and B#44 = 461.458
ROUND 2204 A#3 and B#44 = 462.528
ROUND 2205 A#4 and B#44 = 598.309
ROUND 2206 A#5 and B#44 = 462.348
ROUND 2207 A#6 and B#44 = 535.762
ROUND 2208 A#7 and B#44 = 607.407
ROUND 2209 A#8 and B#44 = 547.231
ROUND 2210 A#9 and B#44 = 599.981
ROUND 2211 A#10 and B#44 = 463.726
ROUND 2212 A#11 and B#44 = 500.776
ROUND 2213 A#12 and B#44 = 598.159
ROUND 2214 A#13 and B#44 = 499.593
ROUND 2215 A#14 and B#44 = 520.182
ROUND 2216 A#15 and B#44 = 496.46
ROUND 2217 A#16 and B#44 = 549.364
ROUND 2218 A#17 and B#44 = 520.883
ROUND 2219 A#18 and B#44 = 603.269
ROUND 2220 A#19 and B#44 = 578.931
ROUND 2221 A#20 and B#44 = 561.593
ROUND 2222 A#21 and B#44 = 561.032
ROUND 2223 A#22 and B#44 = 603.598
ROUND 2224 A#23 and B#44 = 548.829
ROUND 2225 A#24 and B#44 = 527.884
ROUND 2226 A#25 and B#44 = 565.256
ROUND 2227 A#26 and B#44 = 547.814
ROUND 2228 A#27 and B#44 = 555.291
ROUND 2229 A#28 and B#44 = 574.643
ROUND 2230 A#29 and B#44 = 650.908
ROUND 2231 A#30 and B#44 = 564.848
ROUND 2232 A#31 and B#44 = 567.71
ROUND 2233 A#32 and B#44 = 534.344
ROUND 2234 A#33 and B#44 = 590.594
ROUND 2235 A#34 and B#44 = 592.605
ROUND 2236 A#35 and B#44 = 538.418
ROUND 2237 A#36 and B#44 = 512.013
ROUND 2238 A#37 and B#44 = 593.655
ROUND 2239 A#38 and B#44 = 528.377
ROUND 2240 A#39 and B#44 = 544.906
ROUND 2241 A#40 and B#44 = 577.747
ROUND 2242 A#41 and B#44 = 578.523
ROUND 2243 A#42 and B#44 = 605.026
ROUND 2244 A#43 and B#44 = 553.027
ROUND 2245 A#44 and B#44 = 526.348
ROUND 2246 A#45 and B#44 = 550.382
ROUND 2247 A#46 and B#44 = 591.856
ROUND 2248 A#47 and B#44 = 547.619
ROUND 2249 A#48 and B#44 = 554.237
ROUND 2250 A#49 and B#44 = 555.746
ROUND 2251 A#0 and B#45 = 522.338
ROUND 2252 A#1 and B#45 = 540.341
ROUND 2253 A#2 and B#45 = 449.891
ROUND 2254 A#3 and B#45 = 459.824
ROUND 2255 A#4 and B#45 = 582.279
ROUND 2256 A#5 and B#45 = 460.819
ROUND 2257 A#6 and B#45 = 498.96
ROUND 2258 A#7 and B#45 = 589.651
ROUND 2259 A#8 and B#45 = 507.613
ROUND 2260 A#9 and B#45 = 586.51
ROUND 2261 A#10 and B#45 = 463.758
ROUND 2262 A#11 and B#45 = 500.158
ROUND 2263 A#12 and B#45 = 495.66
ROUND 2264 A#13 and B#45 = 499.059
ROUND 2265 A#14 and B#45 = 546.365
ROUND 2266 A#15 and B#45 = 557.605
ROUND 2267 A#16 and B#45 = 524.209
ROUND 2268 A#17 and B#45 = 546.324
ROUND 2269 A#18 and B#45 = 588.034
ROUND 2270 A#19 and B#45 = 563.327
ROUND 2271 A#20 and B#45 = 545.925
ROUND 2272 A#21 and B#45 = 517.06
ROUND 2273 A#22 and B#45 = 588.324
ROUND 2274 A#23 and B#45 = 508.244
ROUND 2275 A#24 and B#45 = 511.234
ROUND 2276 A#25 and B#45 = 552.88
ROUND 2277 A#26 and B#45 = 548.483
ROUND 2278 A#27 and B#45 = 540.912
ROUND 2279 A#28 and B#45 = 557.754
ROUND 2280 A#29 and B#45 = 628.791
ROUND 2281 A#30 and B#45 = 562.188
ROUND 2282 A#31 and B#45 = 528.513
ROUND 2283 A#32 and B#45 = 542.584
ROUND 2284 A#33 and B#45 = 572.756
ROUND 2285 A#34 and B#45 = 580.108
ROUND 2286 A#35 and B#45 = 548.117
ROUND 2287 A#36 and B#45 = 517.801
ROUND 2288 A#37 and B#45 = 574.473
ROUND 2289 A#38 and B#45 = 563.303
ROUND 2290 A#39 and B#45 = 544.169
ROUND 2291 A#40 and B#45 = 527.964
ROUND 2292 A#41 and B#45 = 565.965
ROUND 2293 A#42 and B#45 = 590.056
ROUND 2294 A#43 and B#45 = 513.354
ROUND 2295 A#44 and B#45 = 576.383
ROUND 2296 A#45 and B#45 = 521.429
ROUND 2297 A#46 and B#45 = 576.524
ROUND 2298 A#47 and B#45 = 522.232
ROUND 2299 A#48 and B#45 = 554.532
ROUND 2300 A#49 and B#45 = 554.306
ROUND 2301 A#0 and B#46 = 520.507
ROUND 2302 A#1 and B#46 = 544.405
ROUND 2303 A#2 and B#46 = 534.161
ROUND 2304 A#3 and B#46 = 489.641
ROUND 2305 A#4 and B#46 = 564.66
ROUND 2306 A#5 and B#46 = 502.791
ROUND 2307 A#6 and B#46 = 491.467
ROUND 2308 A#7 and B#46 = 605.862
ROUND 2309 A#8 and B#46 = 514.634
ROUND 2310 A#9 and B#46 = 561.567
ROUND 2311 A#10 and B#46 = 482.019
ROUND 2312 A#11 and B#46 = 416.676
ROUND 2313 A#12 and B#46 = 599.247
ROUND 2314 A#13 and B#46 = 572.991
ROUND 2315 A#14 and B#46 = 528.994
ROUND 2316 A#15 and B#46 = 454.977
ROUND 2317 A#16 and B#46 = 551.642
ROUND 2318 A#17 and B#46 = 527.561
ROUND 2319 A#18 and B#46 = 562.309
ROUND 2320 A#19 and B#46 = 526.19
ROUND 2321 A#20 and B#46 = 522.48
ROUND 2322 A#21 and B#46 = 463.535
ROUND 2323 A#22 and B#46 = 562.31
ROUND 2324 A#23 and B#46 = 516.887
ROUND 2325 A#24 and B#46 = 540.998
ROUND 2326 A#25 and B#46 = 537.13
ROUND 2327 A#26 and B#46 = 557.538
ROUND 2328 A#27 and B#46 = 521.241
ROUND 2329 A#28 and B#46 = 587.852
ROUND 2330 A#29 and B#46 = 605.025
ROUND 2331 A#30 and B#46 = 534.713
ROUND 2332 A#31 and B#46 = 509.153
ROUND 2333 A#32 and B#46 = 459.621
ROUND 2334 A#33 and B#46 = 584.399
ROUND 2335 A#34 and B#46 = 537.318
ROUND 2336 A#35 and B#46 = 499.2
ROUND 2337 A#36 and B#46 = 560.029
ROUND 2338 A#37 and B#46 = 555.533
ROUND 2339 A#38 and B#46 = 509.265
ROUND 2340 A#39 and B#46 = 510.921
ROUND 2341 A#40 and B#46 = 553.004
ROUND 2342 A#41 and B#46 = 555.337
ROUND 2343 A#42 and B#46 = 563.323
ROUND 2344 A#43 and B#46 = 494.117
ROUND 2345 A#44 and B#46 = 596.106
ROUND 2346 A#45 and B#46 = 498.914
ROUND 2347 A#46 and B#46 = 599.021
ROUND 2348 A#47 and B#46 = 500.451
ROUND 2349 A#48 and B#46 = 497.849
ROUND 2350 A#49 and B#46 = 515.699
ROUND 2351 A#0 and B#47 = 468.613
ROUND 2352 A#1 and B#47 = 455.576
ROUND 2353 A#2 and B#47 = 420.972
ROUND 2354 A#3 and B#47 = 452.171
ROUND 2355 A#4 and B#47 = 587.552
ROUND 2356 A#5 and B#47 = 438.432
ROUND 2357 A#6 and B#47 = 532.761
ROUND 2358 A#7 and B#47 = 592.396
ROUND 2359 A#8 and B#47 = 543.966
ROUND 2360 A#9 and B#47 = 593.227
ROUND 2361 A#10 and B#47 = 436.723
ROUND 2362 A#11 and B#47 = 496.423
ROUND 2363 A#12 and B#47 = 596.952
ROUND 2364 A#13 and B#47 = 495.325
ROUND 2365 A#14 and B#47 = 506.517
ROUND 2366 A#15 and B#47 = 451.772
ROUND 2367 A#16 and B#47 = 513.24
ROUND 2368 A#17 and B#47 = 507.266
ROUND 2369 A#18 and B#47 = 594.916
ROUND 2370 A#19 and B#47 = 574.346
ROUND 2371 A#20 and B#47 = 559.744
ROUND 2372 A#21 and B#47 = 559.901
ROUND 2373 A#22 and B#47 = 595.391
ROUND 2374 A#23 and B#47 = 544.528
ROUND 2375 A#24 and B#47 = 512.332
ROUND 2376 A#25 and B#47 = 516.935
ROUND 2377 A#26 and B#47 = 547.741
ROUND 2378 A#27 and B#47 = 497
ROUND 2379 A#28 and B#47 = 560.277
ROUND 2380 A#29 and B#47 = 644.799
ROUND 2381 A#30 and B#47 = 559.324
ROUND 2382 A#31 and B#47 = 560.919
ROUND 2383 A#32 and B#47 = 479.998
ROUND 2384 A#33 and B#47 = 578.804
ROUND 2385 A#34 and B#47 = 588.201
ROUND 2386 A#35 and B#47 = 500.033
ROUND 2387 A#36 and B#47 = 496.543
ROUND 2388 A#37 and B#47 = 585.056
ROUND 2389 A#38 and B#47 = 519.723
ROUND 2390 A#39 and B#47 = 541.37
ROUND 2391 A#40 and B#47 = 569.654
ROUND 2392 A#41 and B#47 = 570.755
ROUND 2393 A#42 and B#47 = 598.024
ROUND 2394 A#43 and B#47 = 548.859
ROUND 2395 A#44 and B#47 = 447.543
ROUND 2396 A#45 and B#47 = 501.627
ROUND 2397 A#46 and B#47 = 447.828
ROUND 2398 A#47 and B#47 = 542.229
ROUND 2399 A#48 and B#47 = 554.424
ROUND 2400 A#49 and B#47 = 550.077
ROUND 2401 A#0 and B#48 = 554.085
ROUND 2402 A#1 and B#48 = 552.405
ROUND 2403 A#2 and B#48 = 456.652
ROUND 2404 A#3 and B#48 = 456.939
ROUND 2405 A#4 and B#48 = 598.562
ROUND 2406 A#5 and B#48 = 456.675
ROUND 2407 A#6 and B#48 = 538.762
ROUND 2408 A#7 and B#48 = 597.416
ROUND 2409 A#8 and B#48 = 548.411
ROUND 2410 A#9 and B#48 = 599.787
ROUND 2411 A#10 and B#48 = 458.643
ROUND 2412 A#11 and B#48 = 501.565
ROUND 2413 A#12 and B#48 = 598.138
ROUND 2414 A#13 and B#48 = 500.419
ROUND 2415 A#14 and B#48 = 519.649
ROUND 2416 A#15 and B#48 = 495.835
ROUND 2417 A#16 and B#48 = 550.792
ROUND 2418 A#17 and B#48 = 520.98
ROUND 2419 A#18 and B#48 = 598.127
ROUND 2420 A#19 and B#48 = 576.16
ROUND 2421 A#20 and B#48 = 561.539
ROUND 2422 A#21 and B#48 = 560.207
ROUND 2423 A#22 and B#48 = 598.628
ROUND 2424 A#23 and B#48 = 549.235
ROUND 2425 A#24 and B#48 = 524.771
ROUND 2426 A#25 and B#48 = 585.984
ROUND 2427 A#26 and B#48 = 546.237
ROUND 2428 A#27 and B#48 = 503.325
ROUND 2429 A#28 and B#48 = 563.324
ROUND 2430 A#29 and B#48 = 649.392
ROUND 2431 A#30 and B#48 = 559.821
ROUND 2432 A#31 and B#48 = 563.113
ROUND 2433 A#32 and B#48 = 533.265
ROUND 2434 A#33 and B#48 = 579.754
ROUND 2435 A#34 and B#48 = 591.459
ROUND 2436 A#35 and B#48 = 535.774
ROUND 2437 A#36 and B#48 = 511.67
ROUND 2438 A#37 and B#48 = 585.228
ROUND 2439 A#38 and B#48 = 519.875
ROUND 2440 A#39 and B#48 = 541.164
ROUND 2441 A#40 and B#48 = 573.251
ROUND 2442 A#41 and B#48 = 574.543
ROUND 2443 A#42 and B#48 = 601.251
ROUND 2444 A#43 and B#48 = 552.475
ROUND 2445 A#44 and B#48 = 525.972
ROUND 2446 A#45 and B#48 = 550.493
ROUND 2447 A#46 and B#48 = 588.878
ROUND 2448 A#47 and B#48 = 546.71
ROUND 2449 A#48 and B#48 = 553.089
ROUND 2450 A#49 and B#48 = 550.035
ROUND 2451 A#0 and B#49 = 473.769
ROUND 2452 A#1 and B#49 = 450.038
ROUND 2453 A#2 and B#49 = 459.264
ROUND 2454 A#3 and B#49 = 391.888
ROUND 2455 A#4 and B#49 = 488.753
ROUND 2456 A#5 and B#49 = 380.328
ROUND 2457 A#6 and B#49 = 477.02
ROUND 2458 A#7 and B#49 = 472.884
ROUND 2459 A#8 and B#49 = 479.194
ROUND 2460 A#9 and B#49 = 485.177
ROUND 2461 A#10 and B#49 = 382.876
ROUND 2462 A#11 and B#49 = 496.09
ROUND 2463 A#12 and B#49 = 465.494
ROUND 2464 A#13 and B#49 = 489.852
ROUND 2465 A#14 and B#49 = 479.659
ROUND 2466 A#15 and B#49 = 410.286
ROUND 2467 A#16 and B#49 = 532.591
ROUND 2468 A#17 and B#49 = 478.151
ROUND 2469 A#18 and B#49 = 574.913
ROUND 2470 A#19 and B#49 = 552.6
ROUND 2471 A#20 and B#49 = 559.725
ROUND 2472 A#21 and B#49 = 475.433
ROUND 2473 A#22 and B#49 = 574.652
ROUND 2474 A#23 and B#49 = 477.379
ROUND 2475 A#24 and B#49 = 476.919
ROUND 2476 A#25 and B#49 = 518.246
ROUND 2477 A#26 and B#49 = 582.615
ROUND 2478 A#27 and B#49 = 466.357
ROUND 2479 A#28 and B#49 = 465.125
ROUND 2480 A#29 and B#49 = 503.463
ROUND 2481 A#30 and B#49 = 471.582
ROUND 2482 A#31 and B#49 = 561.669
ROUND 2483 A#32 and B#49 = 500.209
ROUND 2484 A#33 and B#49 = 480.63
ROUND 2485 A#34 and B#49 = 494.454
ROUND 2486 A#35 and B#49 = 475.19
ROUND 2487 A#36 and B#49 = 418.122
ROUND 2488 A#37 and B#49 = 477.443
ROUND 2489 A#38 and B#49 = 460.719
ROUND 2490 A#39 and B#49 = 460.424
ROUND 2491 A#40 and B#49 = 585.41
ROUND 2492 A#41 and B#49 = 585.661
ROUND 2493 A#42 and B#49 = 565.319
ROUND 2494 A#43 and B#49 = 555.03
ROUND 2495 A#44 and B#49 = 601.18
ROUND 2496 A#45 and B#49 = 593.784
ROUND 2497 A#46 and B#49 = 601.795
ROUND 2498 A#47 and B#49 = 589.264
ROUND 2499 A#48 and B#49 = 454.959
ROUND 2500 A#49 and B#49 = 540.565

The best overlap is between conformer A#49 and B#27, which, after PCA followed by Steepest Descent, produces a volume overlap of 666.594
Tanimoto (Hodgkin) similarity index: 0.484482

Saving those best conformers to file...
WRITING MOLECULE TO FILE '../ALL_PAIRS_BQ123_AS_REFERENCE/ROKS2/BQ123-SB209670.mol2' (WILL OVERWRITE EXISTING FILE IF ANY)...
WRITING MOLECULE TO FILE '../ALL_PAIRS_BQ123_AS_REFERENCE/ROKS2/BQ123-SB209670.mol2'...
