Finished importing molecules
WARNING: LAPACK DSYEV() RETURNED NON-ZERO ERROR CODE 3
WARNING: LAPACK DSYEV() RETURNED NON-ZERO ERROR CODE 2
WARNING: LAPACK DSYEV() RETURNED NON-ZERO ERROR CODE 3
WARNING: LAPACK DSYEV() RETURNED NON-ZERO ERROR CODE 3
WARNING: LAPACK DSYEV() RETURNED NON-ZERO ERROR CODE 3
WARNING: LAPACK DSYEV() RETURNED NON-ZERO ERROR CODE 3
WARNING: LAPACK DSYEV() RETURNED NON-ZERO ERROR CODE 3
WARNING: LAPACK DSYEV() RETURNED NON-ZERO ERROR CODE 3
WARNING: LAPACK DSYEV() RETURNED NON-ZERO ERROR CODE 3
WARNING: LAPACK DSYEV() RETURNED NON-ZERO ERROR CODE 3
WARNING: LAPACK DSYEV() RETURNED NON-ZERO ERROR CODE 3
WARNING: LAPACK DSYEV() RETURNED NON-ZERO ERROR CODE 3
WARNING: LAPACK DSYEV() RETURNED NON-ZERO ERROR CODE 3
WARNING: LAPACK DSYEV() RETURNED NON-ZERO ERROR CODE 2
WARNING: LAPACK DSYEV() RETURNED NON-ZERO ERROR CODE 2
WARNING: LAPACK DSYEV() RETURNED NON-ZERO ERROR CODE 2
WARNING: LAPACK DSYEV() RETURNED NON-ZERO ERROR CODE 2
WARNING: LAPACK DSYEV() RETURNED NON-ZERO ERROR CODE 3
WARNING: LAPACK DSYEV() RETURNED NON-ZERO ERROR CODE 2
WARNING: LAPACK DSYEV() RETURNED NON-ZERO ERROR CODE 2
WARNING: LAPACK DSYEV() RETURNED NON-ZERO ERROR CODE 2
WARNING: LAPACK DSYEV() RETURNED NON-ZERO ERROR CODE 2
WARNING: LAPACK DSYEV() RETURNED NON-ZERO ERROR CODE 2
WARNING: LAPACK DSYEV() RETURNED NON-ZERO ERROR CODE 3
WARNING: LAPACK DSYEV() RETURNED NON-ZERO ERROR CODE 3
WARNING: LAPACK DSYEV() RETURNED NON-ZERO ERROR CODE 2
WARNING: LAPACK DSYEV() RETURNED NON-ZERO ERROR CODE 3
WARNING: LAPACK DSYEV() RETURNED NON-ZERO ERROR CODE 3
WARNING: LAPACK DSYEV() RETURNED NON-ZERO ERROR CODE 3
WARNING: LAPACK DSYEV() RETURNED NON-ZERO ERROR CODE 3
WARNING: LAPACK DSYEV() RETURNED NON-ZERO ERROR CODE 3
WARNING: LAPACK DSYEV() RETURNED NON-ZERO ERROR CODE 3
WARNING: LAPACK DSYEV() RETURNED NON-ZERO ERROR CODE 3
WARNING: LAPACK DSYEV() RETURNED NON-ZERO ERROR CODE 3
WARNING: LAPACK DSYEV() RETURNED NON-ZERO ERROR CODE 2
WARNING: LAPACK DSYEV() RETURNED NON-ZERO ERROR CODE 2
WARNING: LAPACK DSYEV() RETURNED NON-ZERO ERROR CODE 2
WARNING: LAPACK DSYEV() RETURNED NON-ZERO ERROR CODE 2
WARNING: LAPACK DSYEV() RETURNED NON-ZERO ERROR CODE 2
WARNING: LAPACK DSYEV() RETURNED NON-ZERO ERROR CODE 2
WARNING: LAPACK DSYEV() RETURNED NON-ZERO ERROR CODE 2
WARNING: LAPACK DSYEV() RETURNED NON-ZERO ERROR CODE 2
WARNING: LAPACK DSYEV() RETURNED NON-ZERO ERROR CODE 3
WARNING: LAPACK DSYEV() RETURNED NON-ZERO ERROR CODE 3
WARNING: LAPACK DSYEV() RETURNED NON-ZERO ERROR CODE 3
WARNING: LAPACK DSYEV() RETURNED NON-ZERO ERROR CODE 2
WARNING: LAPACK DSYEV() RETURNED NON-ZERO ERROR CODE 2
WARNING: LAPACK DSYEV() RETURNED NON-ZERO ERROR CODE 3
WARNING: LAPACK DSYEV() RETURNED NON-ZERO ERROR CODE 2
WARNING: LAPACK DSYEV() RETURNED NON-ZERO ERROR CODE 3
WARNING: LAPACK DSYEV() RETURNED NON-ZERO ERROR CODE 2
WARNING: LAPACK DSYEV() RETURNED NON-ZERO ERROR CODE 3
WARNING: LAPACK DSYEV() RETURNED NON-ZERO ERROR CODE 3
WARNING: LAPACK DSYEV() RETURNED NON-ZERO ERROR CODE 2
WARNING: LAPACK DSYEV() RETURNED NON-ZERO ERROR CODE 3
WARNING: LAPACK DSYEV() RETURNED NON-ZERO ERROR CODE 2
WARNING: LAPACK DSYEV() RETURNED NON-ZERO ERROR CODE 2
WARNING: LAPACK DSYEV() RETURNED NON-ZERO ERROR CODE 3
WARNING: LAPACK DSYEV() RETURNED NON-ZERO ERROR CODE 3
WARNING: LAPACK DSYEV() RETURNED NON-ZERO ERROR CODE 3
WARNING: LAPACK DSYEV() RETURNED NON-ZERO ERROR CODE 2
WARNING: LAPACK DSYEV() RETURNED NON-ZERO ERROR CODE 3
WARNING: LAPACK DSYEV() RETURNED NON-ZERO ERROR CODE 2
WARNING: LAPACK DSYEV() RETURNED NON-ZERO ERROR CODE 3
WARNING: LAPACK DSYEV() RETURNED NON-ZERO ERROR CODE 2
WARNING: LAPACK DSYEV() RETURNED NON-ZERO ERROR CODE 2
WARNING: LAPACK DSYEV() RETURNED NON-ZERO ERROR CODE 3
WARNING: LAPACK DSYEV() RETURNED NON-ZERO ERROR CODE 2
WARNING: LAPACK DSYEV() RETURNED NON-ZERO ERROR CODE 2
WARNING: LAPACK DSYEV() RETURNED NON-ZERO ERROR CODE 2
WARNING: LAPACK DSYEV() RETURNED NON-ZERO ERROR CODE 2
WARNING: LAPACK DSYEV() RETURNED NON-ZERO ERROR CODE 3
WARNING: LAPACK DSYEV() RETURNED NON-ZERO ERROR CODE 3
WARNING: LAPACK DSYEV() RETURNED NON-ZERO ERROR CODE 3
WARNING: LAPACK DSYEV() RETURNED NON-ZERO ERROR CODE 3
WARNING: LAPACK DSYEV() RETURNED NON-ZERO ERROR CODE 3
WARNING: LAPACK DSYEV() RETURNED NON-ZERO ERROR CODE 2
WARNING: LAPACK DSYEV() RETURNED NON-ZERO ERROR CODE 2
WARNING: LAPACK DSYEV() RETURNED NON-ZERO ERROR CODE 3
WARNING: LAPACK DSYEV() RETURNED NON-ZERO ERROR CODE 3
WARNING: LAPACK DSYEV() RETURNED NON-ZERO ERROR CODE 2
WARNING: LAPACK DSYEV() RETURNED NON-ZERO ERROR CODE 3
WARNING: LAPACK DSYEV() RETURNED NON-ZERO ERROR CODE 2
WARNING: LAPACK DSYEV() RETURNED NON-ZERO ERROR CODE 3
WARNING: LAPACK DSYEV() RETURNED NON-ZERO ERROR CODE 2
WARNING: LAPACK DSYEV() RETURNED NON-ZERO ERROR CODE 3
WARNING: LAPACK DSYEV() RETURNED NON-ZERO ERROR CODE 3
WARNING: LAPACK DSYEV() RETURNED NON-ZERO ERROR CODE 2
WARNING: LAPACK DSYEV() RETURNED NON-ZERO ERROR CODE 2
WARNING: LAPACK DSYEV() RETURNED NON-ZERO ERROR CODE 3
WARNING: LAPACK DSYEV() RETURNED NON-ZERO ERROR CODE 3
WARNING: LAPACK DSYEV() RETURNED NON-ZERO ERROR CODE 3
WARNING: LAPACK DSYEV() RETURNED NON-ZERO ERROR CODE 3
WARNING: LAPACK DSYEV() RETURNED NON-ZERO ERROR CODE 3
WARNING: LAPACK DSYEV() RETURNED NON-ZERO ERROR CODE 2
WARNING: LAPACK DSYEV() RETURNED NON-ZERO ERROR CODE 2
WARNING: LAPACK DSYEV() RETURNED NON-ZERO ERROR CODE 2
WARNING: LAPACK DSYEV() RETURNED NON-ZERO ERROR CODE 2
WARNING: LAPACK DSYEV() RETURNED NON-ZERO ERROR CODE 2
WARNING: LAPACK DSYEV() RETURNED NON-ZERO ERROR CODE 3
Finished setting up data; running search...
ROUND 1 A#0 and B#0 = 275.647
ROUND 2 A#1 and B#0 = 422.734
ROUND 3 A#2 and B#0 = 464.604
ROUND 4 A#3 and B#0 = 382.959
ROUND 5 A#4 and B#0 = 479.746
ROUND 6 A#5 and B#0 = 286.229
ROUND 7 A#6 and B#0 = 319.967
ROUND 8 A#7 and B#0 = 328.286
ROUND 9 A#8 and B#0 = 267.892
ROUND 10 A#9 and B#0 = 417.686
ROUND 11 A#10 and B#0 = 294.844
ROUND 12 A#11 and B#0 = 317.986
ROUND 13 A#12 and B#0 = 270.104
ROUND 14 A#13 and B#0 = 475.514
ROUND 15 A#14 and B#0 = 461.011
ROUND 16 A#15 and B#0 = 399.697
ROUND 17 A#16 and B#0 = 473.148
ROUND 18 A#17 and B#0 = 446.183
ROUND 19 A#18 and B#0 = 309.888
ROUND 20 A#19 and B#0 = 290.116
ROUND 21 A#20 and B#0 = 277.187
ROUND 22 A#21 and B#0 = 272.312
ROUND 23 A#22 and B#0 = 272.014
ROUND 24 A#23 and B#0 = 467.412
ROUND 25 A#24 and B#0 = 478.025
ROUND 26 A#25 and B#0 = 248.298
ROUND 27 A#26 and B#0 = 388.777
ROUND 28 A#27 and B#0 = 454.436
ROUND 29 A#28 and B#0 = 343.573
ROUND 30 A#29 and B#0 = 485.819
ROUND 31 A#30 and B#0 = 459.152
ROUND 32 A#31 and B#0 = 447.137
ROUND 33 A#32 and B#0 = 296.378
ROUND 34 A#33 and B#0 = 453.208
ROUND 35 A#34 and B#0 = 338.784
ROUND 36 A#35 and B#0 = 337.021
ROUND 37 A#36 and B#0 = 234.363
ROUND 38 A#37 and B#0 = 361.531
ROUND 39 A#38 and B#0 = 317.632
ROUND 40 A#39 and B#0 = 322.662
ROUND 41 A#40 and B#0 = 325.794
ROUND 42 A#41 and B#0 = 356.081
ROUND 43 A#42 and B#0 = 308.842
ROUND 44 A#43 and B#0 = 334.638
ROUND 45 A#44 and B#0 = 387.198
ROUND 46 A#45 and B#0 = 311.246
ROUND 47 A#46 and B#0 = 342.523
ROUND 48 A#47 and B#0 = 285.261
ROUND 49 A#48 and B#0 = 416.796
ROUND 50 A#49 and B#0 = 398.244
ROUND 51 A#0 and B#1 = 305.127
ROUND 52 A#1 and B#1 = 407.947
ROUND 53 A#2 and B#1 = 321.107
ROUND 54 A#3 and B#1 = 325.566
ROUND 55 A#4 and B#1 = 315.671
ROUND 56 A#5 and B#1 = 297.336
ROUND 57 A#6 and B#1 = 338.884
ROUND 58 A#7 and B#1 = 326.023
ROUND 59 A#8 and B#1 = 380.884
ROUND 60 A#9 and B#1 = 405.089
ROUND 61 A#10 and B#1 = 314.135
ROUND 62 A#11 and B#1 = 315.829
ROUND 63 A#12 and B#1 = 356.715
ROUND 64 A#13 and B#1 = 334.118
ROUND 65 A#14 and B#1 = 313.854
ROUND 66 A#15 and B#1 = 407.443
ROUND 67 A#16 and B#1 = 319.624
ROUND 68 A#17 and B#1 = 486.178
ROUND 69 A#18 and B#1 = 322.423
ROUND 70 A#19 and B#1 = 311.169
ROUND 71 A#20 and B#1 = 303.354
ROUND 72 A#21 and B#1 = 299.816
ROUND 73 A#22 and B#1 = 308.019
ROUND 74 A#23 and B#1 = 384.486
ROUND 75 A#24 and B#1 = 389.494
ROUND 76 A#25 and B#1 = 314.348
ROUND 77 A#26 and B#1 = 253.126
ROUND 78 A#27 and B#1 = 399.982
ROUND 79 A#28 and B#1 = 386.671
ROUND 80 A#29 and B#1 = 420.321
ROUND 81 A#30 and B#1 = 370.896
ROUND 82 A#31 and B#1 = 369.929
ROUND 83 A#32 and B#1 = 285.395
ROUND 84 A#33 and B#1 = 247.701
ROUND 85 A#34 and B#1 = 272.299
ROUND 86 A#35 and B#1 = 323.322
ROUND 87 A#36 and B#1 = 345.294
ROUND 88 A#37 and B#1 = 367.763
ROUND 89 A#38 and B#1 = 329.349
ROUND 90 A#39 and B#1 = 315.814
ROUND 91 A#40 and B#1 = 321.279
ROUND 92 A#41 and B#1 = 358.841
ROUND 93 A#42 and B#1 = 287.86
ROUND 94 A#43 and B#1 = 309.731
ROUND 95 A#44 and B#1 = 407.165
ROUND 96 A#45 and B#1 = 335.108
ROUND 97 A#46 and B#1 = 446.602
ROUND 98 A#47 and B#1 = 337.772
ROUND 99 A#48 and B#1 = 484.17
ROUND 100 A#49 and B#1 = 372.311
ROUND 101 A#0 and B#2 = 447.643
ROUND 102 A#1 and B#2 = 409.979
ROUND 103 A#2 and B#2 = 321.421
ROUND 104 A#3 and B#2 = 324.968
ROUND 105 A#4 and B#2 = 316.822
ROUND 106 A#5 and B#2 = 266.516
ROUND 107 A#6 and B#2 = 338.384
ROUND 108 A#7 and B#2 = 323.245
ROUND 109 A#8 and B#2 = 380.125
ROUND 110 A#9 and B#2 = 404.338
ROUND 111 A#10 and B#2 = 313.408
ROUND 112 A#11 and B#2 = 317.106
ROUND 113 A#12 and B#2 = 357.441
ROUND 114 A#13 and B#2 = 336.074
ROUND 115 A#14 and B#2 = 315.066
ROUND 116 A#15 and B#2 = 408.777
ROUND 117 A#16 and B#2 = 319.176
ROUND 118 A#17 and B#2 = 484.992
ROUND 119 A#18 and B#2 = 322.342
ROUND 120 A#19 and B#2 = 310.847
ROUND 121 A#20 and B#2 = 304.082
ROUND 122 A#21 and B#2 = 301.337
ROUND 123 A#22 and B#2 = 309.101
ROUND 124 A#23 and B#2 = 384.124
ROUND 125 A#24 and B#2 = 389.656
ROUND 126 A#25 and B#2 = 310.27
ROUND 127 A#26 and B#2 = 252.6
ROUND 128 A#27 and B#2 = 397.773
ROUND 129 A#28 and B#2 = 388.696
ROUND 130 A#29 and B#2 = 421.394
ROUND 131 A#30 and B#2 = 371.593
ROUND 132 A#31 and B#2 = 370.624
ROUND 133 A#32 and B#2 = 353.192
ROUND 134 A#33 and B#2 = 246.704
ROUND 135 A#34 and B#2 = 447.361
ROUND 136 A#35 and B#2 = 448.128
ROUND 137 A#36 and B#2 = 341.569
ROUND 138 A#37 and B#2 = 362.679
ROUND 139 A#38 and B#2 = 328.679
ROUND 140 A#39 and B#2 = 315.285
ROUND 141 A#40 and B#2 = 321.977
ROUND 142 A#41 and B#2 = 354.501
ROUND 143 A#42 and B#2 = 287.104
ROUND 144 A#43 and B#2 = 309.581
ROUND 145 A#44 and B#2 = 406.81
ROUND 146 A#45 and B#2 = 437.689
ROUND 147 A#46 and B#2 = 447.845
ROUND 148 A#47 and B#2 = 338.5
ROUND 149 A#48 and B#2 = 483.79
ROUND 150 A#49 and B#2 = 434.766
ROUND 151 A#0 and B#3 = 297.459
ROUND 152 A#1 and B#3 = 371.441
ROUND 153 A#2 and B#3 = 317.143
ROUND 154 A#3 and B#3 = 335.046
ROUND 155 A#4 and B#3 = 311.326
ROUND 156 A#5 and B#3 = 495.767
ROUND 157 A#6 and B#3 = 346.453
ROUND 158 A#7 and B#3 = 340.097
ROUND 159 A#8 and B#3 = 323.707
ROUND 160 A#9 and B#3 = 404.478
ROUND 161 A#10 and B#3 = 305.45
ROUND 162 A#11 and B#3 = 294.6
ROUND 163 A#12 and B#3 = 323.794
ROUND 164 A#13 and B#3 = 327.949
ROUND 165 A#14 and B#3 = 319.609
ROUND 166 A#15 and B#3 = 435.362
ROUND 167 A#16 and B#3 = 384.616
ROUND 168 A#17 and B#3 = 495.489
ROUND 169 A#18 and B#3 = 290.377
ROUND 170 A#19 and B#3 = 308.563
ROUND 171 A#20 and B#3 = 292.166
ROUND 172 A#21 and B#3 = 316.954
ROUND 173 A#22 and B#3 = 296.235
ROUND 174 A#23 and B#3 = 401.235
ROUND 175 A#24 and B#3 = 448.613
ROUND 176 A#25 and B#3 = 249.566
ROUND 177 A#26 and B#3 = 307.971
ROUND 178 A#27 and B#3 = 400.364
ROUND 179 A#28 and B#3 = 384.884
ROUND 180 A#29 and B#3 = 410.779
ROUND 181 A#30 and B#3 = 379.023
ROUND 182 A#31 and B#3 = 375.282
ROUND 183 A#32 and B#3 = 383.922
ROUND 184 A#33 and B#3 = 263.504
ROUND 185 A#34 and B#3 = 270.538
ROUND 186 A#35 and B#3 = 270.665
ROUND 187 A#36 and B#3 = 365.587
ROUND 188 A#37 and B#3 = 358.513
ROUND 189 A#38 and B#3 = 335.746
ROUND 190 A#39 and B#3 = 323.424
ROUND 191 A#40 and B#3 = 317.172
ROUND 192 A#41 and B#3 = 345.581
ROUND 193 A#42 and B#3 = 308.143
ROUND 194 A#43 and B#3 = 334.797
ROUND 195 A#44 and B#3 = 410.621
ROUND 196 A#45 and B#3 = 413.929
ROUND 197 A#46 and B#3 = 426.504
ROUND 198 A#47 and B#3 = 331.714
ROUND 199 A#48 and B#3 = 486.435
ROUND 200 A#49 and B#3 = 438.654
ROUND 201 A#0 and B#4 = 282.103
ROUND 202 A#1 and B#4 = 374.36
ROUND 203 A#2 and B#4 = 385.885
ROUND 204 A#3 and B#4 = 386.192
ROUND 205 A#4 and B#4 = 413.922
ROUND 206 A#5 and B#4 = 324.023
ROUND 207 A#6 and B#4 = 337.53
ROUND 208 A#7 and B#4 = 332.308
ROUND 209 A#8 and B#4 = 460.344
ROUND 210 A#9 and B#4 = 425.09
ROUND 211 A#10 and B#4 = 304.397
ROUND 212 A#11 and B#4 = 316.661
ROUND 213 A#12 and B#4 = 338.459
ROUND 214 A#13 and B#4 = 413.009
ROUND 215 A#14 and B#4 = 402.975
ROUND 216 A#15 and B#4 = 408.54
ROUND 217 A#16 and B#4 = 408.482
ROUND 218 A#17 and B#4 = 485.323
ROUND 219 A#18 and B#4 = 314.734
ROUND 220 A#19 and B#4 = 310.117
ROUND 221 A#20 and B#4 = 296.249
ROUND 222 A#21 and B#4 = 282.249
ROUND 223 A#22 and B#4 = 316.655
ROUND 224 A#23 and B#4 = 403.506
ROUND 225 A#24 and B#4 = 401.868
ROUND 226 A#25 and B#4 = 325.101
ROUND 227 A#26 and B#4 = 394.87
ROUND 228 A#27 and B#4 = 297.422
ROUND 229 A#28 and B#4 = 389.276
ROUND 230 A#29 and B#4 = 426.695
ROUND 231 A#30 and B#4 = 387.569
ROUND 232 A#31 and B#4 = 346.225
ROUND 233 A#32 and B#4 = 255.457
ROUND 234 A#33 and B#4 = 501.836
ROUND 235 A#34 and B#4 = 328.305
ROUND 236 A#35 and B#4 = 328.053
ROUND 237 A#36 and B#4 = 349.504
ROUND 238 A#37 and B#4 = 351.516
ROUND 239 A#38 and B#4 = 361.68
ROUND 240 A#39 and B#4 = 333.782
ROUND 241 A#40 and B#4 = 282.782
ROUND 242 A#41 and B#4 = 350.29
ROUND 243 A#42 and B#4 = 273.316
ROUND 244 A#43 and B#4 = 317.661
ROUND 245 A#44 and B#4 = 424.068
ROUND 246 A#45 and B#4 = 333.085
ROUND 247 A#46 and B#4 = 399.439
ROUND 248 A#47 and B#4 = 364.466
ROUND 249 A#48 and B#4 = 489.971
ROUND 250 A#49 and B#4 = 418.555
ROUND 251 A#0 and B#5 = 334.783
ROUND 252 A#1 and B#5 = 366.164
ROUND 253 A#2 and B#5 = 316.603
ROUND 254 A#3 and B#5 = 367.268
ROUND 255 A#4 and B#5 = 417.359
ROUND 256 A#5 and B#5 = 297.075
ROUND 257 A#6 and B#5 = 345.547
ROUND 258 A#7 and B#5 = 339.834
ROUND 259 A#8 and B#5 = 257.15
ROUND 260 A#9 and B#5 = 401.741
ROUND 261 A#10 and B#5 = 309.185
ROUND 262 A#11 and B#5 = 320.322
ROUND 263 A#12 and B#5 = 340.305
ROUND 264 A#13 and B#5 = 432.898
ROUND 265 A#14 and B#5 = 357.758
ROUND 266 A#15 and B#5 = 433.562
ROUND 267 A#16 and B#5 = 367.865
ROUND 268 A#17 and B#5 = 373.728
ROUND 269 A#18 and B#5 = 288.619
ROUND 270 A#19 and B#5 = 269.508
ROUND 271 A#20 and B#5 = 293.445
ROUND 272 A#21 and B#5 = 289.635
ROUND 273 A#22 and B#5 = 295.202
ROUND 274 A#23 and B#5 = 401.81
ROUND 275 A#24 and B#5 = 409.509
ROUND 276 A#25 and B#5 = 259.759
ROUND 277 A#26 and B#5 = 256.428
ROUND 278 A#27 and B#5 = 386.082
ROUND 279 A#28 and B#5 = 349.227
ROUND 280 A#29 and B#5 = 413.462
ROUND 281 A#30 and B#5 = 359.023
ROUND 282 A#31 and B#5 = 360.983
ROUND 283 A#32 and B#5 = 287.079
ROUND 284 A#33 and B#5 = 482.136
ROUND 285 A#34 and B#5 = 305.177
ROUND 286 A#35 and B#5 = 271.44
ROUND 287 A#36 and B#5 = 395.596
ROUND 288 A#37 and B#5 = 350.404
ROUND 289 A#38 and B#5 = 307.385
ROUND 290 A#39 and B#5 = 321.968
ROUND 291 A#40 and B#5 = 316.108
ROUND 292 A#41 and B#5 = 351.038
ROUND 293 A#42 and B#5 = 301.924
ROUND 294 A#43 and B#5 = 335.617
ROUND 295 A#44 and B#5 = 404.659
ROUND 296 A#45 and B#5 = 296.954
ROUND 297 A#46 and B#5 = 330.626
ROUND 298 A#47 and B#5 = 388.908
ROUND 299 A#48 and B#5 = 484.601
ROUND 300 A#49 and B#5 = 443.476
ROUND 301 A#0 and B#6 = 366.493
ROUND 302 A#1 and B#6 = 335.767
ROUND 303 A#2 and B#6 = 386.915
ROUND 304 A#3 and B#6 = 348.896
ROUND 305 A#4 and B#6 = 405.642
ROUND 306 A#5 and B#6 = 367.323
ROUND 307 A#6 and B#6 = 303.768
ROUND 308 A#7 and B#6 = 458.101
ROUND 309 A#8 and B#6 = 319.596
ROUND 310 A#9 and B#6 = 378.851
ROUND 311 A#10 and B#6 = 411.075
ROUND 312 A#11 and B#6 = 428.446
ROUND 313 A#12 and B#6 = 320.081
ROUND 314 A#13 and B#6 = 420.043
ROUND 315 A#14 and B#6 = 386.47
ROUND 316 A#15 and B#6 = 474.114
ROUND 317 A#16 and B#6 = 358.132
ROUND 318 A#17 and B#6 = 333.494
ROUND 319 A#18 and B#6 = 424.576
ROUND 320 A#19 and B#6 = 433.131
ROUND 321 A#20 and B#6 = 321.063
ROUND 322 A#21 and B#6 = 433.456
ROUND 323 A#22 and B#6 = 433.59
ROUND 324 A#23 and B#6 = 411.279
ROUND 325 A#24 and B#6 = 406.029
ROUND 326 A#25 and B#6 = 311.815
ROUND 327 A#26 and B#6 = 337.479
ROUND 328 A#27 and B#6 = 466.752
ROUND 329 A#28 and B#6 = 348.532
ROUND 330 A#29 and B#6 = 430.04
ROUND 331 A#30 and B#6 = 331.859
ROUND 332 A#31 and B#6 = 330.577
ROUND 333 A#32 and B#6 = 338.894
ROUND 334 A#33 and B#6 = 305.926
ROUND 335 A#34 and B#6 = 312.3
ROUND 336 A#35 and B#6 = 312.973
ROUND 337 A#36 and B#6 = 285.874
ROUND 338 A#37 and B#6 = 292.938
ROUND 339 A#38 and B#6 = 345.671
ROUND 340 A#39 and B#6 = 343.104
ROUND 341 A#40 and B#6 = 346.451
ROUND 342 A#41 and B#6 = 308.854
ROUND 343 A#42 and B#6 = 360.193
ROUND 344 A#43 and B#6 = 384.392
ROUND 345 A#44 and B#6 = 382.622
ROUND 346 A#45 and B#6 = 368.163
ROUND 347 A#46 and B#6 = 448.794
ROUND 348 A#47 and B#6 = 352.227
ROUND 349 A#48 and B#6 = 393.241
ROUND 350 A#49 and B#6 = 438.368
ROUND 351 A#0 and B#7 = 302.955
ROUND 352 A#1 and B#7 = 408.628
ROUND 353 A#2 and B#7 = 320.005
ROUND 354 A#3 and B#7 = 324.098
ROUND 355 A#4 and B#7 = 314.541
ROUND 356 A#5 and B#7 = 297.781
ROUND 357 A#6 and B#7 = 338.281
ROUND 358 A#7 and B#7 = 325.687
ROUND 359 A#8 and B#7 = 275.998
ROUND 360 A#9 and B#7 = 405.106
ROUND 361 A#10 and B#7 = 314.858
ROUND 362 A#11 and B#7 = 315.807
ROUND 363 A#12 and B#7 = 356.765
ROUND 364 A#13 and B#7 = 333.393
ROUND 365 A#14 and B#7 = 312.783
ROUND 366 A#15 and B#7 = 407.396
ROUND 367 A#16 and B#7 = 318.996
ROUND 368 A#17 and B#7 = 298.129
ROUND 369 A#18 and B#7 = 325.854
ROUND 370 A#19 and B#7 = 311.329
ROUND 371 A#20 and B#7 = 303.492
ROUND 372 A#21 and B#7 = 300.121
ROUND 373 A#22 and B#7 = 308.41
ROUND 374 A#23 and B#7 = 383.203
ROUND 375 A#24 and B#7 = 388.767
ROUND 376 A#25 and B#7 = 314.016
ROUND 377 A#26 and B#7 = 252.625
ROUND 378 A#27 and B#7 = 377.985
ROUND 379 A#28 and B#7 = 387.214
ROUND 380 A#29 and B#7 = 365.828
ROUND 381 A#30 and B#7 = 370.597
ROUND 382 A#31 and B#7 = 369.701
ROUND 383 A#32 and B#7 = 392.169
ROUND 384 A#33 and B#7 = 247.017
ROUND 385 A#34 and B#7 = 271.631
ROUND 386 A#35 and B#7 = 323.005
ROUND 387 A#36 and B#7 = 345.536
ROUND 388 A#37 and B#7 = 368.241
ROUND 389 A#38 and B#7 = 328.631
ROUND 390 A#39 and B#7 = 315.467
ROUND 391 A#40 and B#7 = 321.19
ROUND 392 A#41 and B#7 = 359.202
ROUND 393 A#42 and B#7 = 311.103
ROUND 394 A#43 and B#7 = 308.698
ROUND 395 A#44 and B#7 = 407.218
ROUND 396 A#45 and B#7 = 334.847
ROUND 397 A#46 and B#7 = 448.346
ROUND 398 A#47 and B#7 = 336.933
ROUND 399 A#48 and B#7 = 484.159
ROUND 400 A#49 and B#7 = 372.354
ROUND 401 A#0 and B#8 = 298.266
ROUND 402 A#1 and B#8 = 418.027
ROUND 403 A#2 and B#8 = 330.652
ROUND 404 A#3 and B#8 = 317.482
ROUND 405 A#4 and B#8 = 469.883
ROUND 406 A#5 and B#8 = 299.183
ROUND 407 A#6 and B#8 = 287.5
ROUND 408 A#7 and B#8 = 286.179
ROUND 409 A#8 and B#8 = 285.661
ROUND 410 A#9 and B#8 = 385.724
ROUND 411 A#10 and B#8 = 324.654
ROUND 412 A#11 and B#8 = 331.499
ROUND 413 A#12 and B#8 = 308.405
ROUND 414 A#13 and B#8 = 459.724
ROUND 415 A#14 and B#8 = 433.201
ROUND 416 A#15 and B#8 = 435.771
ROUND 417 A#16 and B#8 = 443.313
ROUND 418 A#17 and B#8 = 318.174
ROUND 419 A#18 and B#8 = 326.015
ROUND 420 A#19 and B#8 = 331.014
ROUND 421 A#20 and B#8 = 283.848
ROUND 422 A#21 and B#8 = 286.162
ROUND 423 A#22 and B#8 = 291.05
ROUND 424 A#23 and B#8 = 445.611
ROUND 425 A#24 and B#8 = 455.442
ROUND 426 A#25 and B#8 = 250.965
ROUND 427 A#26 and B#8 = 352.142
ROUND 428 A#27 and B#8 = 350.949
ROUND 429 A#28 and B#8 = 268.378
ROUND 430 A#29 and B#8 = 455.441
ROUND 431 A#30 and B#8 = 302.513
ROUND 432 A#31 and B#8 = 299.391
ROUND 433 A#32 and B#8 = 299.53
ROUND 434 A#33 and B#8 = 362.155
ROUND 435 A#34 and B#8 = 302.743
ROUND 436 A#35 and B#8 = 271.292
ROUND 437 A#36 and B#8 = 393.824
ROUND 438 A#37 and B#8 = 243.843
ROUND 439 A#38 and B#8 = 322.647
ROUND 440 A#39 and B#8 = 324.573
ROUND 441 A#40 and B#8 = 342.734
ROUND 442 A#41 and B#8 = 237.695
ROUND 443 A#42 and B#8 = 299.157
ROUND 444 A#43 and B#8 = 306.559
ROUND 445 A#44 and B#8 = 382.508
ROUND 446 A#45 and B#8 = 261.984
ROUND 447 A#46 and B#8 = 404.037
ROUND 448 A#47 and B#8 = 367.55
ROUND 449 A#48 and B#8 = 402.206
ROUND 450 A#49 and B#8 = 372.572
ROUND 451 A#0 and B#9 = 299.809
ROUND 452 A#1 and B#9 = 415.496
ROUND 453 A#2 and B#9 = 309.46
ROUND 454 A#3 and B#9 = 300.769
ROUND 455 A#4 and B#9 = 467.421
ROUND 456 A#5 and B#9 = 292.746
ROUND 457 A#6 and B#9 = 285.715
ROUND 458 A#7 and B#9 = 286.201
ROUND 459 A#8 and B#9 = 286.582
ROUND 460 A#9 and B#9 = 386.582
ROUND 461 A#10 and B#9 = 326.973
ROUND 462 A#11 and B#9 = 332.988
ROUND 463 A#12 and B#9 = 309.053
ROUND 464 A#13 and B#9 = 460.409
ROUND 465 A#14 and B#9 = 431.589
ROUND 466 A#15 and B#9 = 435.955
ROUND 467 A#16 and B#9 = 448.538
ROUND 468 A#17 and B#9 = 319.123
ROUND 469 A#18 and B#9 = 326.705
ROUND 470 A#19 and B#9 = 327.836
ROUND 471 A#20 and B#9 = 278.822
ROUND 472 A#21 and B#9 = 281.203
ROUND 473 A#22 and B#9 = 284.51
ROUND 474 A#23 and B#9 = 446.449
ROUND 475 A#24 and B#9 = 455.015
ROUND 476 A#25 and B#9 = 249.208
ROUND 477 A#26 and B#9 = 355.27
ROUND 478 A#27 and B#9 = 360.358
ROUND 479 A#28 and B#9 = 270.58
ROUND 480 A#29 and B#9 = 460.069
ROUND 481 A#30 and B#9 = 300.606
ROUND 482 A#31 and B#9 = 297.303
ROUND 483 A#32 and B#9 = 299.876
ROUND 484 A#33 and B#9 = 362.248
ROUND 485 A#34 and B#9 = 304.877
ROUND 486 A#35 and B#9 = 303.053
ROUND 487 A#36 and B#9 = 394.223
ROUND 488 A#37 and B#9 = 248.428
ROUND 489 A#38 and B#9 = 322.432
ROUND 490 A#39 and B#9 = 325.108
ROUND 491 A#40 and B#9 = 341.427
ROUND 492 A#41 and B#9 = 241.87
ROUND 493 A#42 and B#9 = 300.68
ROUND 494 A#43 and B#9 = 270.732
ROUND 495 A#44 and B#9 = 411.088
ROUND 496 A#45 and B#9 = 290.048
ROUND 497 A#46 and B#9 = 403.097
ROUND 498 A#47 and B#9 = 367.007
ROUND 499 A#48 and B#9 = 401.244
ROUND 500 A#49 and B#9 = 372.733
ROUND 501 A#0 and B#10 = 296.552
ROUND 502 A#1 and B#10 = 372.197
ROUND 503 A#2 and B#10 = 317.712
ROUND 504 A#3 and B#10 = 335.615
ROUND 505 A#4 and B#10 = 311.809
ROUND 506 A#5 and B#10 = 498.559
ROUND 507 A#6 and B#10 = 345.7
ROUND 508 A#7 and B#10 = 339.258
ROUND 509 A#8 and B#10 = 356.966
ROUND 510 A#9 and B#10 = 402.801
ROUND 511 A#10 and B#10 = 305.898
ROUND 512 A#11 and B#10 = 320.006
ROUND 513 A#12 and B#10 = 323.845
ROUND 514 A#13 and B#10 = 328.219
ROUND 515 A#14 and B#10 = 319.553
ROUND 516 A#15 and B#10 = 435.084
ROUND 517 A#16 and B#10 = 383.568
ROUND 518 A#17 and B#10 = 493.626
ROUND 519 A#18 and B#10 = 289.312
ROUND 520 A#19 and B#10 = 308.945
ROUND 521 A#20 and B#10 = 326.509
ROUND 522 A#21 and B#10 = 319.51
ROUND 523 A#22 and B#10 = 310.933
ROUND 524 A#23 and B#10 = 402.399
ROUND 525 A#24 and B#10 = 449.625
ROUND 526 A#25 and B#10 = 249.286
ROUND 527 A#26 and B#10 = 307.535
ROUND 528 A#27 and B#10 = 399.859
ROUND 529 A#28 and B#10 = 385.18
ROUND 530 A#29 and B#10 = 412.602
ROUND 531 A#30 and B#10 = 382.401
ROUND 532 A#31 and B#10 = 375.966
ROUND 533 A#32 and B#10 = 382.229
ROUND 534 A#33 and B#10 = 263.391
ROUND 535 A#34 and B#10 = 269.59
ROUND 536 A#35 and B#10 = 269.95
ROUND 537 A#36 and B#10 = 365.991
ROUND 538 A#37 and B#10 = 358.019
ROUND 539 A#38 and B#10 = 336.494
ROUND 540 A#39 and B#10 = 323.23
ROUND 541 A#40 and B#10 = 316.397
ROUND 542 A#41 and B#10 = 344.687
ROUND 543 A#42 and B#10 = 306.435
ROUND 544 A#43 and B#10 = 333.593
ROUND 545 A#44 and B#10 = 410.561
ROUND 546 A#45 and B#10 = 413.574
ROUND 547 A#46 and B#10 = 426.521
ROUND 548 A#47 and B#10 = 331.839
ROUND 549 A#48 and B#10 = 486.134
ROUND 550 A#49 and B#10 = 330.748
ROUND 551 A#0 and B#11 = 447.115
ROUND 552 A#1 and B#11 = 409.608
ROUND 553 A#2 and B#11 = 321.175
ROUND 554 A#3 and B#11 = 325.457
ROUND 555 A#4 and B#11 = 316.582
ROUND 556 A#5 and B#11 = 264.856
ROUND 557 A#6 and B#11 = 338.291
ROUND 558 A#7 and B#11 = 323.861
ROUND 559 A#8 and B#11 = 380.442
ROUND 560 A#9 and B#11 = 403.967
ROUND 561 A#10 and B#11 = 313.36
ROUND 562 A#11 and B#11 = 316.795
ROUND 563 A#12 and B#11 = 357.028
ROUND 564 A#13 and B#11 = 335.712
ROUND 565 A#14 and B#11 = 314.469
ROUND 566 A#15 and B#11 = 407.432
ROUND 567 A#16 and B#11 = 318.445
ROUND 568 A#17 and B#11 = 484.743
ROUND 569 A#18 and B#11 = 321.613
ROUND 570 A#19 and B#11 = 310.291
ROUND 571 A#20 and B#11 = 303.893
ROUND 572 A#21 and B#11 = 300.72
ROUND 573 A#22 and B#11 = 308.481
ROUND 574 A#23 and B#11 = 385.157
ROUND 575 A#24 and B#11 = 390.751
ROUND 576 A#25 and B#11 = 311.135
ROUND 577 A#26 and B#11 = 252.47
ROUND 578 A#27 and B#11 = 397.892
ROUND 579 A#28 and B#11 = 388.238
ROUND 580 A#29 and B#11 = 421.334
ROUND 581 A#30 and B#11 = 371.833
ROUND 582 A#31 and B#11 = 370.547
ROUND 583 A#32 and B#11 = 353.834
ROUND 584 A#33 and B#11 = 246.409
ROUND 585 A#34 and B#11 = 446.904
ROUND 586 A#35 and B#11 = 447.782
ROUND 587 A#36 and B#11 = 341.963
ROUND 588 A#37 and B#11 = 362.214
ROUND 589 A#38 and B#11 = 328.797
ROUND 590 A#39 and B#11 = 316.486
ROUND 591 A#40 and B#11 = 321.839
ROUND 592 A#41 and B#11 = 353.777
ROUND 593 A#42 and B#11 = 286.734
ROUND 594 A#43 and B#11 = 309.26
ROUND 595 A#44 and B#11 = 406.647
ROUND 596 A#45 and B#11 = 437.701
ROUND 597 A#46 and B#11 = 447.134
ROUND 598 A#47 and B#11 = 338.827
ROUND 599 A#48 and B#11 = 483.893
ROUND 600 A#49 and B#11 = 435.324
ROUND 601 A#0 and B#12 = 311.793
ROUND 602 A#1 and B#12 = 264.661
ROUND 603 A#2 and B#12 = 312.132
ROUND 604 A#3 and B#12 = 364.665
ROUND 605 A#4 and B#12 = 312.819
ROUND 606 A#5 and B#12 = 299.881
ROUND 607 A#6 and B#12 = 365.54
ROUND 608 A#7 and B#12 = 350.186
ROUND 609 A#8 and B#12 = 348.497
ROUND 610 A#9 and B#12 = 388.732
ROUND 611 A#10 and B#12 = 322.38
ROUND 612 A#11 and B#12 = 287.128
ROUND 613 A#12 and B#12 = 347.683
ROUND 614 A#13 and B#12 = 322.994
ROUND 615 A#14 and B#12 = 458.908
ROUND 616 A#15 and B#12 = 400.007
ROUND 617 A#16 and B#12 = 348.117
ROUND 618 A#17 and B#12 = 484.059
ROUND 619 A#18 and B#12 = 343.845
ROUND 620 A#19 and B#12 = 334.641
ROUND 621 A#20 and B#12 = 301.02
ROUND 622 A#21 and B#12 = 308.038
ROUND 623 A#22 and B#12 = 313.054
ROUND 624 A#23 and B#12 = 395.93
ROUND 625 A#24 and B#12 = 393.015
ROUND 626 A#25 and B#12 = 373.645
ROUND 627 A#26 and B#12 = 382.166
ROUND 628 A#27 and B#12 = 251.164
ROUND 629 A#28 and B#12 = 352.875
ROUND 630 A#29 and B#12 = 324.405
ROUND 631 A#30 and B#12 = 310.564
ROUND 632 A#31 and B#12 = 308.96
ROUND 633 A#32 and B#12 = 283.99
ROUND 634 A#33 and B#12 = 391.589
ROUND 635 A#34 and B#12 = 342.469
ROUND 636 A#35 and B#12 = 343.214
ROUND 637 A#36 and B#12 = 366.115
ROUND 638 A#37 and B#12 = 382.601
ROUND 639 A#38 and B#12 = 347.71
ROUND 640 A#39 and B#12 = 301.318
ROUND 641 A#40 and B#12 = 307.495
ROUND 642 A#41 and B#12 = 381.479
ROUND 643 A#42 and B#12 = 335.283
ROUND 644 A#43 and B#12 = 336.483
ROUND 645 A#44 and B#12 = 401.148
ROUND 646 A#45 and B#12 = 276.045
ROUND 647 A#46 and B#12 = 321.299
ROUND 648 A#47 and B#12 = 371.11
ROUND 649 A#48 and B#12 = 426.196
ROUND 650 A#49 and B#12 = 378.967
ROUND 651 A#0 and B#13 = 304.611
ROUND 652 A#1 and B#13 = 356.761
ROUND 653 A#2 and B#13 = 482.59
ROUND 654 A#3 and B#13 = 468.618
ROUND 655 A#4 and B#13 = 472.054
ROUND 656 A#5 and B#13 = 234.883
ROUND 657 A#6 and B#13 = 316.698
ROUND 658 A#7 and B#13 = 309.844
ROUND 659 A#8 and B#13 = 336.28
ROUND 660 A#9 and B#13 = 401.326
ROUND 661 A#10 and B#13 = 355.851
ROUND 662 A#11 and B#13 = 334.963
ROUND 663 A#12 and B#13 = 322.332
ROUND 664 A#13 and B#13 = 463.054
ROUND 665 A#14 and B#13 = 455.484
ROUND 666 A#15 and B#13 = 442.434
ROUND 667 A#16 and B#13 = 433.622
ROUND 668 A#17 and B#13 = 492.903
ROUND 669 A#18 and B#13 = 333.819
ROUND 670 A#19 and B#13 = 313.62
ROUND 671 A#20 and B#13 = 273.468
ROUND 672 A#21 and B#13 = 269.497
ROUND 673 A#22 and B#13 = 254.765
ROUND 674 A#23 and B#13 = 428.933
ROUND 675 A#24 and B#13 = 469.486
ROUND 676 A#25 and B#13 = 381.516
ROUND 677 A#26 and B#13 = 460.993
ROUND 678 A#27 and B#13 = 451.882
ROUND 679 A#28 and B#13 = 359.388
ROUND 680 A#29 and B#13 = 450.362
ROUND 681 A#30 and B#13 = 319.253
ROUND 682 A#31 and B#13 = 314.439
ROUND 683 A#32 and B#13 = 301.118
ROUND 684 A#33 and B#13 = 397.157
ROUND 685 A#34 and B#13 = 339.498
ROUND 686 A#35 and B#13 = 339.483
ROUND 687 A#36 and B#13 = 400.662
ROUND 688 A#37 and B#13 = 404.902
ROUND 689 A#38 and B#13 = 328.663
ROUND 690 A#39 and B#13 = 296.086
ROUND 691 A#40 and B#13 = 273.662
ROUND 692 A#41 and B#13 = 404.116
ROUND 693 A#42 and B#13 = 310.354
ROUND 694 A#43 and B#13 = 329.434
ROUND 695 A#44 and B#13 = 381.049
ROUND 696 A#45 and B#13 = 330.956
ROUND 697 A#46 and B#13 = 322.43
ROUND 698 A#47 and B#13 = 392.467
ROUND 699 A#48 and B#13 = 385.177
ROUND 700 A#49 and B#13 = 386.831
ROUND 701 A#0 and B#14 = 330.278
ROUND 702 A#1 and B#14 = 409.958
ROUND 703 A#2 and B#14 = 310.962
ROUND 704 A#3 and B#14 = 329.207
ROUND 705 A#4 and B#14 = 306.59
ROUND 706 A#5 and B#14 = 496.798
ROUND 707 A#6 and B#14 = 345.114
ROUND 708 A#7 and B#14 = 339.459
ROUND 709 A#8 and B#14 = 284.458
ROUND 710 A#9 and B#14 = 401.131
ROUND 711 A#10 and B#14 = 305.2
ROUND 712 A#11 and B#14 = 294.548
ROUND 713 A#12 and B#14 = 330.692
ROUND 714 A#13 and B#14 = 327.79
ROUND 715 A#14 and B#14 = 314.969
ROUND 716 A#15 and B#14 = 436.261
ROUND 717 A#16 and B#14 = 366.819
ROUND 718 A#17 and B#14 = 493.932
ROUND 719 A#18 and B#14 = 286.716
ROUND 720 A#19 and B#14 = 308.834
ROUND 721 A#20 and B#14 = 294.252
ROUND 722 A#21 and B#14 = 290.173
ROUND 723 A#22 and B#14 = 294.74
ROUND 724 A#23 and B#14 = 378.7
ROUND 725 A#24 and B#14 = 447.004
ROUND 726 A#25 and B#14 = 246.834
ROUND 727 A#26 and B#14 = 310.196
ROUND 728 A#27 and B#14 = 401.023
ROUND 729 A#28 and B#14 = 386.543
ROUND 730 A#29 and B#14 = 411.916
ROUND 731 A#30 and B#14 = 379.968
ROUND 732 A#31 and B#14 = 374.136
ROUND 733 A#32 and B#14 = 383.471
ROUND 734 A#33 and B#14 = 272.396
ROUND 735 A#34 and B#14 = 280.36
ROUND 736 A#35 and B#14 = 280.461
ROUND 737 A#36 and B#14 = 353.812
ROUND 738 A#37 and B#14 = 351.363
ROUND 739 A#38 and B#14 = 331.302
ROUND 740 A#39 and B#14 = 323.956
ROUND 741 A#40 and B#14 = 319.6
ROUND 742 A#41 and B#14 = 338.298
ROUND 743 A#42 and B#14 = 304.432
ROUND 744 A#43 and B#14 = 333.887
ROUND 745 A#44 and B#14 = 409.915
ROUND 746 A#45 and B#14 = 414.965
ROUND 747 A#46 and B#14 = 426.866
ROUND 748 A#47 and B#14 = 328.811
ROUND 749 A#48 and B#14 = 486.009
ROUND 750 A#49 and B#14 = 407.335
ROUND 751 A#0 and B#15 = 366.63
ROUND 752 A#1 and B#15 = 336.837
ROUND 753 A#2 and B#15 = 388.996
ROUND 754 A#3 and B#15 = 358.935
ROUND 755 A#4 and B#15 = 409.553
ROUND 756 A#5 and B#15 = 369.462
ROUND 757 A#6 and B#15 = 304.831
ROUND 758 A#7 and B#15 = 458.057
ROUND 759 A#8 and B#15 = 485.908
ROUND 760 A#9 and B#15 = 412.551
ROUND 761 A#10 and B#15 = 409.474
ROUND 762 A#11 and B#15 = 428.746
ROUND 763 A#12 and B#15 = 316.415
ROUND 764 A#13 and B#15 = 364.733
ROUND 765 A#14 and B#15 = 386.432
ROUND 766 A#15 and B#15 = 473.882
ROUND 767 A#16 and B#15 = 359.291
ROUND 768 A#17 and B#15 = 333.325
ROUND 769 A#18 and B#15 = 424.555
ROUND 770 A#19 and B#15 = 432.26
ROUND 771 A#20 and B#15 = 319.599
ROUND 772 A#21 and B#15 = 433.056
ROUND 773 A#22 and B#15 = 433.583
ROUND 774 A#23 and B#15 = 414.048
ROUND 775 A#24 and B#15 = 408.508
ROUND 776 A#25 and B#15 = 313.052
ROUND 777 A#26 and B#15 = 338.664
ROUND 778 A#27 and B#15 = 465.334
ROUND 779 A#28 and B#15 = 344.635
ROUND 780 A#29 and B#15 = 427.695
ROUND 781 A#30 and B#15 = 332.616
ROUND 782 A#31 and B#15 = 331.224
ROUND 783 A#32 and B#15 = 338.493
ROUND 784 A#33 and B#15 = 306.995
ROUND 785 A#34 and B#15 = 310.755
ROUND 786 A#35 and B#15 = 312.465
ROUND 787 A#36 and B#15 = 286.17
ROUND 788 A#37 and B#15 = 293.918
ROUND 789 A#38 and B#15 = 346.78
ROUND 790 A#39 and B#15 = 345.334
ROUND 791 A#40 and B#15 = 348.99
ROUND 792 A#41 and B#15 = 310.196
ROUND 793 A#42 and B#15 = 366.762
ROUND 794 A#43 and B#15 = 390.98
ROUND 795 A#44 and B#15 = 382.918
ROUND 796 A#45 and B#15 = 394.731
ROUND 797 A#46 and B#15 = 448.56
ROUND 798 A#47 and B#15 = 353.09
ROUND 799 A#48 and B#15 = 395.805
ROUND 800 A#49 and B#15 = 439.804
ROUND 801 A#0 and B#16 = 279.225
ROUND 802 A#1 and B#16 = 367.702
ROUND 803 A#2 and B#16 = 387.587
ROUND 804 A#3 and B#16 = 393.797
ROUND 805 A#4 and B#16 = 415.419
ROUND 806 A#5 and B#16 = 300.008
ROUND 807 A#6 and B#16 = 325.122
ROUND 808 A#7 and B#16 = 328.235
ROUND 809 A#8 and B#16 = 414.161
ROUND 810 A#9 and B#16 = 385.958
ROUND 811 A#10 and B#16 = 298.234
ROUND 812 A#11 and B#16 = 319.698
ROUND 813 A#12 and B#16 = 330.206
ROUND 814 A#13 and B#16 = 424.99
ROUND 815 A#14 and B#16 = 407.968
ROUND 816 A#15 and B#16 = 392.655
ROUND 817 A#16 and B#16 = 412.482
ROUND 818 A#17 and B#16 = 422.121
ROUND 819 A#18 and B#16 = 294.659
ROUND 820 A#19 and B#16 = 293.963
ROUND 821 A#20 and B#16 = 294.669
ROUND 822 A#21 and B#16 = 288.885
ROUND 823 A#22 and B#16 = 281.606
ROUND 824 A#23 and B#16 = 409.353
ROUND 825 A#24 and B#16 = 405.926
ROUND 826 A#25 and B#16 = 339.708
ROUND 827 A#26 and B#16 = 409.578
ROUND 828 A#27 and B#16 = 396.527
ROUND 829 A#28 and B#16 = 390.312
ROUND 830 A#29 and B#16 = 430.154
ROUND 831 A#30 and B#16 = 396.268
ROUND 832 A#31 and B#16 = 391.749
ROUND 833 A#32 and B#16 = 317.181
ROUND 834 A#33 and B#16 = 467.818
ROUND 835 A#34 and B#16 = 288.434
ROUND 836 A#35 and B#16 = 317.604
ROUND 837 A#36 and B#16 = 360.868
ROUND 838 A#37 and B#16 = 365.534
ROUND 839 A#38 and B#16 = 358.639
ROUND 840 A#39 and B#16 = 303.385
ROUND 841 A#40 and B#16 = 281.523
ROUND 842 A#41 and B#16 = 361.296
ROUND 843 A#42 and B#16 = 272.962
ROUND 844 A#43 and B#16 = 310.16
ROUND 845 A#44 and B#16 = 438.904
ROUND 846 A#45 and B#16 = 321.043
ROUND 847 A#46 and B#16 = 403.243
ROUND 848 A#47 and B#16 = 369.056
ROUND 849 A#48 and B#16 = 492.053
ROUND 850 A#49 and B#16 = 360.037
ROUND 851 A#0 and B#17 = 294.929
ROUND 852 A#1 and B#17 = 356.651
ROUND 853 A#2 and B#17 = 459.274
ROUND 854 A#3 and B#17 = 460.913
ROUND 855 A#4 and B#17 = 410.7
ROUND 856 A#5 and B#17 = 299.875
ROUND 857 A#6 and B#17 = 368.569
ROUND 858 A#7 and B#17 = 349.7
ROUND 859 A#8 and B#17 = 347.393
ROUND 860 A#9 and B#17 = 199.814
ROUND 861 A#10 and B#17 = 324.642
ROUND 862 A#11 and B#17 = 284.485
ROUND 863 A#12 and B#17 = 347.012
ROUND 864 A#13 and B#17 = 328.503
ROUND 865 A#14 and B#17 = 459.373
ROUND 866 A#15 and B#17 = 395.819
ROUND 867 A#16 and B#17 = 439.412
ROUND 868 A#17 and B#17 = 349.738
ROUND 869 A#18 and B#17 = 342.793
ROUND 870 A#19 and B#17 = 333.796
ROUND 871 A#20 and B#17 = 300.332
ROUND 872 A#21 and B#17 = 308.281
ROUND 873 A#22 and B#17 = 312.565
ROUND 874 A#23 and B#17 = 392.651
ROUND 875 A#24 and B#17 = 388.992
ROUND 876 A#25 and B#17 = 371.83
ROUND 877 A#26 and B#17 = 380.804
ROUND 878 A#27 and B#17 = 395.175
ROUND 879 A#28 and B#17 = 350.606
ROUND 880 A#29 and B#17 = 321.712
ROUND 881 A#30 and B#17 = 295.478
ROUND 882 A#31 and B#17 = 284.195
ROUND 883 A#32 and B#17 = 322.632
ROUND 884 A#33 and B#17 = 391.511
ROUND 885 A#34 and B#17 = 347.11
ROUND 886 A#35 and B#17 = 347.634
ROUND 887 A#36 and B#17 = 365.992
ROUND 888 A#37 and B#17 = 386.965
ROUND 889 A#38 and B#17 = 342.293
ROUND 890 A#39 and B#17 = 304.906
ROUND 891 A#40 and B#17 = 310.067
ROUND 892 A#41 and B#17 = 378.256
ROUND 893 A#42 and B#17 = 337.179
ROUND 894 A#43 and B#17 = 338.51
ROUND 895 A#44 and B#17 = 399.99
ROUND 896 A#45 and B#17 = 273.802
ROUND 897 A#46 and B#17 = 319.776
ROUND 898 A#47 and B#17 = 368.892
ROUND 899 A#48 and B#17 = 460.906
ROUND 900 A#49 and B#17 = 379.989
ROUND 901 A#0 and B#18 = 281.111
ROUND 902 A#1 and B#18 = 302.648
ROUND 903 A#2 and B#18 = 463.065
ROUND 904 A#3 and B#18 = 467.705
ROUND 905 A#4 and B#18 = 481.562
ROUND 906 A#5 and B#18 = 290.52
ROUND 907 A#6 and B#18 = 335.6
ROUND 908 A#7 and B#18 = 342.026
ROUND 909 A#8 and B#18 = 252.036
ROUND 910 A#9 and B#18 = 201.266
ROUND 911 A#10 and B#18 = 304.606
ROUND 912 A#11 and B#18 = 353.199
ROUND 913 A#12 and B#18 = 320.118
ROUND 914 A#13 and B#18 = 476.486
ROUND 915 A#14 and B#18 = 457.993
ROUND 916 A#15 and B#18 = 405.653
ROUND 917 A#16 and B#18 = 461.731
ROUND 918 A#17 and B#18 = 328.83
ROUND 919 A#18 and B#18 = 308.839
ROUND 920 A#19 and B#18 = 293.354
ROUND 921 A#20 and B#18 = 275.725
ROUND 922 A#21 and B#18 = 271.856
ROUND 923 A#22 and B#18 = 272.419
ROUND 924 A#23 and B#18 = 474.032
ROUND 925 A#24 and B#18 = 483.638
ROUND 926 A#25 and B#18 = 243.502
ROUND 927 A#26 and B#18 = 385.841
ROUND 928 A#27 and B#18 = 463.396
ROUND 929 A#28 and B#18 = 286.302
ROUND 930 A#29 and B#18 = 492.42
ROUND 931 A#30 and B#18 = 343.95
ROUND 932 A#31 and B#18 = 343.773
ROUND 933 A#32 and B#18 = 296.301
ROUND 934 A#33 and B#18 = 456.107
ROUND 935 A#34 and B#18 = 338.005
ROUND 936 A#35 and B#18 = 335.301
ROUND 937 A#36 and B#18 = 349.793
ROUND 938 A#37 and B#18 = 358.602
ROUND 939 A#38 and B#18 = 320.27
ROUND 940 A#39 and B#18 = 318.326
ROUND 941 A#40 and B#18 = 318.818
ROUND 942 A#41 and B#18 = 346.266
ROUND 943 A#42 and B#18 = 316.485
ROUND 944 A#43 and B#18 = 341.134
ROUND 945 A#44 and B#18 = 382.333
ROUND 946 A#45 and B#18 = 310.929
ROUND 947 A#46 and B#18 = 338.879
ROUND 948 A#47 and B#18 = 291.501
ROUND 949 A#48 and B#18 = 425.312
ROUND 950 A#49 and B#18 = 386.554
ROUND 951 A#0 and B#19 = 325.087
ROUND 952 A#1 and B#19 = 316.553
ROUND 953 A#2 and B#19 = 361.301
ROUND 954 A#3 and B#19 = 366.449
ROUND 955 A#4 and B#19 = 425.132
ROUND 956 A#5 and B#19 = 373.576
ROUND 957 A#6 and B#19 = 490.175
ROUND 958 A#7 and B#19 = 313.058
ROUND 959 A#8 and B#19 = 417.377
ROUND 960 A#9 and B#19 = 423.56
ROUND 961 A#10 and B#19 = 432.765
ROUND 962 A#11 and B#19 = 267.707
ROUND 963 A#12 and B#19 = 454.972
ROUND 964 A#13 and B#19 = 398.245
ROUND 965 A#14 and B#19 = 383.6
ROUND 966 A#15 and B#19 = 374.742
ROUND 967 A#16 and B#19 = 370.28
ROUND 968 A#17 and B#19 = 294.215
ROUND 969 A#18 and B#19 = 454.74
ROUND 970 A#19 and B#19 = 458.872
ROUND 971 A#20 and B#19 = 413.044
ROUND 972 A#21 and B#19 = 457.154
ROUND 973 A#22 and B#19 = 459.595
ROUND 974 A#23 and B#19 = 386.797
ROUND 975 A#24 and B#19 = 382.542
ROUND 976 A#25 and B#19 = 299.67
ROUND 977 A#26 and B#19 = 310.195
ROUND 978 A#27 and B#19 = 484.742
ROUND 979 A#28 and B#19 = 358.28
ROUND 980 A#29 and B#19 = 409.738
ROUND 981 A#30 and B#19 = 341.921
ROUND 982 A#31 and B#19 = 340.804
ROUND 983 A#32 and B#19 = 352.643
ROUND 984 A#33 and B#19 = 305.839
ROUND 985 A#34 and B#19 = 358.907
ROUND 986 A#35 and B#19 = 361.067
ROUND 987 A#36 and B#19 = 328.18
ROUND 988 A#37 and B#19 = 291.89
ROUND 989 A#38 and B#19 = 350.251
ROUND 990 A#39 and B#19 = 356.049
ROUND 991 A#40 and B#19 = 358.221
ROUND 992 A#41 and B#19 = 306.24
ROUND 993 A#42 and B#19 = 352.345
ROUND 994 A#43 and B#19 = 369.224
ROUND 995 A#44 and B#19 = 378.082
ROUND 996 A#45 and B#19 = 396.161
ROUND 997 A#46 and B#19 = 347.286
ROUND 998 A#47 and B#19 = 361.429
ROUND 999 A#48 and B#19 = 462.734
ROUND 1000 A#49 and B#19 = 431.026
ROUND 1001 A#0 and B#20 = 296.758
ROUND 1002 A#1 and B#20 = 372.922
ROUND 1003 A#2 and B#20 = 318.383
ROUND 1004 A#3 and B#20 = 336.315
ROUND 1005 A#4 and B#20 = 312.293
ROUND 1006 A#5 and B#20 = 496.747
ROUND 1007 A#6 and B#20 = 345.064
ROUND 1008 A#7 and B#20 = 338.667
ROUND 1009 A#8 and B#20 = 357.998
ROUND 1010 A#9 and B#20 = 402.527
ROUND 1011 A#10 and B#20 = 306.708
ROUND 1012 A#11 and B#20 = 309.871
ROUND 1013 A#12 and B#20 = 324.701
ROUND 1014 A#13 and B#20 = 328.333
ROUND 1015 A#14 and B#20 = 320.12
ROUND 1016 A#15 and B#20 = 435.277
ROUND 1017 A#16 and B#20 = 383.856
ROUND 1018 A#17 and B#20 = 493.493
ROUND 1019 A#18 and B#20 = 272.878
ROUND 1020 A#19 and B#20 = 319.773
ROUND 1021 A#20 and B#20 = 321.696
ROUND 1022 A#21 and B#20 = 313.758
ROUND 1023 A#22 and B#20 = 310.041
ROUND 1024 A#23 and B#20 = 402.065
ROUND 1025 A#24 and B#20 = 449.887
ROUND 1026 A#25 and B#20 = 249.122
ROUND 1027 A#26 and B#20 = 307.623
ROUND 1028 A#27 and B#20 = 399.59
ROUND 1029 A#28 and B#20 = 384.964
ROUND 1030 A#29 and B#20 = 413.094
ROUND 1031 A#30 and B#20 = 382.114
ROUND 1032 A#31 and B#20 = 377.948
ROUND 1033 A#32 and B#20 = 383.975
ROUND 1034 A#33 and B#20 = 263.503
ROUND 1035 A#34 and B#20 = 269.558
ROUND 1036 A#35 and B#20 = 270.097
ROUND 1037 A#36 and B#20 = 366.559
ROUND 1038 A#37 and B#20 = 358.714
ROUND 1039 A#38 and B#20 = 336.682
ROUND 1040 A#39 and B#20 = 323.115
ROUND 1041 A#40 and B#20 = 316.188
ROUND 1042 A#41 and B#20 = 345.31
ROUND 1043 A#42 and B#20 = 306.24
ROUND 1044 A#43 and B#20 = 333.163
ROUND 1045 A#44 and B#20 = 410.533
ROUND 1046 A#45 and B#20 = 413.292
ROUND 1047 A#46 and B#20 = 426.721
ROUND 1048 A#47 and B#20 = 332.47
ROUND 1049 A#48 and B#20 = 485.921
ROUND 1050 A#49 and B#20 = 438.542
ROUND 1051 A#0 and B#21 = 277.905
ROUND 1052 A#1 and B#21 = 484.076
ROUND 1053 A#2 and B#21 = 485.451
ROUND 1054 A#3 and B#21 = 441.291
ROUND 1055 A#4 and B#21 = 403.133
ROUND 1056 A#5 and B#21 = 293.949
ROUND 1057 A#6 and B#21 = 326.34
ROUND 1058 A#7 and B#21 = 325.833
ROUND 1059 A#8 and B#21 = 463.422
ROUND 1060 A#9 and B#21 = 403.817
ROUND 1061 A#10 and B#21 = 301.412
ROUND 1062 A#11 and B#21 = 289.543
ROUND 1063 A#12 and B#21 = 309.071
ROUND 1064 A#13 and B#21 = 449.085
ROUND 1065 A#14 and B#21 = 387.306
ROUND 1066 A#15 and B#21 = 402.524
ROUND 1067 A#16 and B#21 = 482.522
ROUND 1068 A#17 and B#21 = 480.733
ROUND 1069 A#18 and B#21 = 329.107
ROUND 1070 A#19 and B#21 = 308.401
ROUND 1071 A#20 and B#21 = 311.248
ROUND 1072 A#21 and B#21 = 319.876
ROUND 1073 A#22 and B#21 = 327.015
ROUND 1074 A#23 and B#21 = 437.926
ROUND 1075 A#24 and B#21 = 435.808
ROUND 1076 A#25 and B#21 = 264.884
ROUND 1077 A#26 and B#21 = 379.476
ROUND 1078 A#27 and B#21 = 469.223
ROUND 1079 A#28 and B#21 = 378.407
ROUND 1080 A#29 and B#21 = 495.418
ROUND 1081 A#30 and B#21 = 437.223
ROUND 1082 A#31 and B#21 = 426.234
ROUND 1083 A#32 and B#21 = 305.597
ROUND 1084 A#33 and B#21 = 400.714
ROUND 1085 A#34 and B#21 = 304.943
ROUND 1086 A#35 and B#21 = 304.472
ROUND 1087 A#36 and B#21 = 306.339
ROUND 1088 A#37 and B#21 = 325.417
ROUND 1089 A#38 and B#21 = 335.114
ROUND 1090 A#39 and B#21 = 274.442
ROUND 1091 A#40 and B#21 = 273.09
ROUND 1092 A#41 and B#21 = 316.773
ROUND 1093 A#42 and B#21 = 300.865
ROUND 1094 A#43 and B#21 = 296.594
ROUND 1095 A#44 and B#21 = 398.811
ROUND 1096 A#45 and B#21 = 335.911
ROUND 1097 A#46 and B#21 = 321.612
ROUND 1098 A#47 and B#21 = 272.808
ROUND 1099 A#48 and B#21 = 427.824
ROUND 1100 A#49 and B#21 = 384.641
ROUND 1101 A#0 and B#22 = 303.756
ROUND 1102 A#1 and B#22 = 339.692
ROUND 1103 A#2 and B#22 = 378.752
ROUND 1104 A#3 and B#22 = 378.846
ROUND 1105 A#4 and B#22 = 432.622
ROUND 1106 A#5 and B#22 = 286.967
ROUND 1107 A#6 and B#22 = 344.452
ROUND 1108 A#7 and B#22 = 328.282
ROUND 1109 A#8 and B#22 = 356.111
ROUND 1110 A#9 and B#22 = 428.068
ROUND 1111 A#10 and B#22 = 304.996
ROUND 1112 A#11 and B#22 = 322.082
ROUND 1113 A#12 and B#22 = 322.35
ROUND 1114 A#13 and B#22 = 400.773
ROUND 1115 A#14 and B#22 = 387.811
ROUND 1116 A#15 and B#22 = 434.246
ROUND 1117 A#16 and B#22 = 397.925
ROUND 1118 A#17 and B#22 = 483.592
ROUND 1119 A#18 and B#22 = 310.635
ROUND 1120 A#19 and B#22 = 297.466
ROUND 1121 A#20 and B#22 = 314.118
ROUND 1122 A#21 and B#22 = 298.152
ROUND 1123 A#22 and B#22 = 308.172
ROUND 1124 A#23 and B#22 = 387.43
ROUND 1125 A#24 and B#22 = 394.415
ROUND 1126 A#25 and B#22 = 326.697
ROUND 1127 A#26 and B#22 = 387.752
ROUND 1128 A#27 and B#22 = 384.518
ROUND 1129 A#28 and B#22 = 372.46
ROUND 1130 A#29 and B#22 = 361.043
ROUND 1131 A#30 and B#22 = 500.505
ROUND 1132 A#31 and B#22 = 339.865
ROUND 1133 A#32 and B#22 = 245.371
ROUND 1134 A#33 and B#22 = 262.796
ROUND 1135 A#34 and B#22 = 325.312
ROUND 1136 A#35 and B#22 = 322.281
ROUND 1137 A#36 and B#22 = 344.798
ROUND 1138 A#37 and B#22 = 371.956
ROUND 1139 A#38 and B#22 = 331.492
ROUND 1140 A#39 and B#22 = 321.132
ROUND 1141 A#40 and B#22 = 272.43
ROUND 1142 A#41 and B#22 = 365.893
ROUND 1143 A#42 and B#22 = 313.5
ROUND 1144 A#43 and B#22 = 321.22
ROUND 1145 A#44 and B#22 = 423.328
ROUND 1146 A#45 and B#22 = 334.618
ROUND 1147 A#46 and B#22 = 323.125
ROUND 1148 A#47 and B#22 = 339.094
ROUND 1149 A#48 and B#22 = 480.677
ROUND 1150 A#49 and B#22 = 452.733
ROUND 1151 A#0 and B#23 = 264.049
ROUND 1152 A#1 and B#23 = 406.908
ROUND 1153 A#2 and B#23 = 333.73
ROUND 1154 A#3 and B#23 = 348.453
ROUND 1155 A#4 and B#23 = 327.1
ROUND 1156 A#5 and B#23 = 300.756
ROUND 1157 A#6 and B#23 = 335.366
ROUND 1158 A#7 and B#23 = 332.899
ROUND 1159 A#8 and B#23 = 459.073
ROUND 1160 A#9 and B#23 = 423.941
ROUND 1161 A#10 and B#23 = 298.194
ROUND 1162 A#11 and B#23 = 315.148
ROUND 1163 A#12 and B#23 = 336.162
ROUND 1164 A#13 and B#23 = 423.902
ROUND 1165 A#14 and B#23 = 318.59
ROUND 1166 A#15 and B#23 = 448.393
ROUND 1167 A#16 and B#23 = 324.775
ROUND 1168 A#17 and B#23 = 487.093
ROUND 1169 A#18 and B#23 = 321.124
ROUND 1170 A#19 and B#23 = 313.457
ROUND 1171 A#20 and B#23 = 294.699
ROUND 1172 A#21 and B#23 = 294.914
ROUND 1173 A#22 and B#23 = 298.247
ROUND 1174 A#23 and B#23 = 397.79
ROUND 1175 A#24 and B#23 = 402.452
ROUND 1176 A#25 and B#23 = 328.453
ROUND 1177 A#26 and B#23 = 394.705
ROUND 1178 A#27 and B#23 = 297.651
ROUND 1179 A#28 and B#23 = 386.675
ROUND 1180 A#29 and B#23 = 421.737
ROUND 1181 A#30 and B#23 = 385.823
ROUND 1182 A#31 and B#23 = 382.953
ROUND 1183 A#32 and B#23 = 296.391
ROUND 1184 A#33 and B#23 = 281.012
ROUND 1185 A#34 and B#23 = 286.949
ROUND 1186 A#35 and B#23 = 321.103
ROUND 1187 A#36 and B#23 = 357.53
ROUND 1188 A#37 and B#23 = 366.015
ROUND 1189 A#38 and B#23 = 358.281
ROUND 1190 A#39 and B#23 = 333.173
ROUND 1191 A#40 and B#23 = 297.865
ROUND 1192 A#41 and B#23 = 356.628
ROUND 1193 A#42 and B#23 = 276.804
ROUND 1194 A#43 and B#23 = 318.684
ROUND 1195 A#44 and B#23 = 427.426
ROUND 1196 A#45 and B#23 = 335.244
ROUND 1197 A#46 and B#23 = 363.605
ROUND 1198 A#47 and B#23 = 338.849
ROUND 1199 A#48 and B#23 = 489.95
ROUND 1200 A#49 and B#23 = 423.728
ROUND 1201 A#0 and B#24 = 315.269
ROUND 1202 A#1 and B#24 = 411.199
ROUND 1203 A#2 and B#24 = 322.876
ROUND 1204 A#3 and B#24 = 326.295
ROUND 1205 A#4 and B#24 = 317.928
ROUND 1206 A#5 and B#24 = 268.456
ROUND 1207 A#6 and B#24 = 337.999
ROUND 1208 A#7 and B#24 = 322.159
ROUND 1209 A#8 and B#24 = 280.963
ROUND 1210 A#9 and B#24 = 402.82
ROUND 1211 A#10 and B#24 = 312.844
ROUND 1212 A#11 and B#24 = 318.425
ROUND 1213 A#12 and B#24 = 356.709
ROUND 1214 A#13 and B#24 = 338.78
ROUND 1215 A#14 and B#24 = 313.054
ROUND 1216 A#15 and B#24 = 449.819
ROUND 1217 A#16 and B#24 = 319.217
ROUND 1218 A#17 and B#24 = 484.292
ROUND 1219 A#18 and B#24 = 320.946
ROUND 1220 A#19 and B#24 = 309.472
ROUND 1221 A#20 and B#24 = 303.449
ROUND 1222 A#21 and B#24 = 301.387
ROUND 1223 A#22 and B#24 = 321.129
ROUND 1224 A#23 and B#24 = 386.314
ROUND 1225 A#24 and B#24 = 392.336
ROUND 1226 A#25 and B#24 = 306.167
ROUND 1227 A#26 and B#24 = 202.38
ROUND 1228 A#27 and B#24 = 377.029
ROUND 1229 A#28 and B#24 = 390.259
ROUND 1230 A#29 and B#24 = 422.585
ROUND 1231 A#30 and B#24 = 371.626
ROUND 1232 A#31 and B#24 = 369.759
ROUND 1233 A#32 and B#24 = 355.167
ROUND 1234 A#33 and B#24 = 266.863
ROUND 1235 A#34 and B#24 = 447.63
ROUND 1236 A#35 and B#24 = 448.48
ROUND 1237 A#36 and B#24 = 338.528
ROUND 1238 A#37 and B#24 = 354.527
ROUND 1239 A#38 and B#24 = 342.536
ROUND 1240 A#39 and B#24 = 316.708
ROUND 1241 A#40 and B#24 = 322.942
ROUND 1242 A#41 and B#24 = 347.506
ROUND 1243 A#42 and B#24 = 287.247
ROUND 1244 A#43 and B#24 = 307.743
ROUND 1245 A#44 and B#24 = 405.335
ROUND 1246 A#45 and B#24 = 437.756
ROUND 1247 A#46 and B#24 = 453.681
ROUND 1248 A#47 and B#24 = 335.958
ROUND 1249 A#48 and B#24 = 214.648
ROUND 1250 A#49 and B#24 = 433.872
ROUND 1251 A#0 and B#25 = 316.146
ROUND 1252 A#1 and B#25 = 410.885
ROUND 1253 A#2 and B#25 = 323.279
ROUND 1254 A#3 and B#25 = 326.81
ROUND 1255 A#4 and B#25 = 318.188
ROUND 1256 A#5 and B#25 = 268.373
ROUND 1257 A#6 and B#25 = 338.113
ROUND 1258 A#7 and B#25 = 322.57
ROUND 1259 A#8 and B#25 = 379.417
ROUND 1260 A#9 and B#25 = 402.884
ROUND 1261 A#10 and B#25 = 312.602
ROUND 1262 A#11 and B#25 = 318.165
ROUND 1263 A#12 and B#25 = 356.578
ROUND 1264 A#13 and B#25 = 339.059
ROUND 1265 A#14 and B#25 = 313.2
ROUND 1266 A#15 and B#25 = 449.838
ROUND 1267 A#16 and B#25 = 319.596
ROUND 1268 A#17 and B#25 = 484.396
ROUND 1269 A#18 and B#25 = 321.006
ROUND 1270 A#19 and B#25 = 309.589
ROUND 1271 A#20 and B#25 = 303.49
ROUND 1272 A#21 and B#25 = 301.607
ROUND 1273 A#22 and B#25 = 321.134
ROUND 1274 A#23 and B#25 = 386.187
ROUND 1275 A#24 and B#25 = 392.247
ROUND 1276 A#25 and B#25 = 306.637
ROUND 1277 A#26 and B#25 = 202.36
ROUND 1278 A#27 and B#25 = 397.932
ROUND 1279 A#28 and B#25 = 390.22
ROUND 1280 A#29 and B#25 = 422.525
ROUND 1281 A#30 and B#25 = 371.503
ROUND 1282 A#31 and B#25 = 369.538
ROUND 1283 A#32 and B#25 = 354.977
ROUND 1284 A#33 and B#25 = 266.986
ROUND 1285 A#34 and B#25 = 447.704
ROUND 1286 A#35 and B#25 = 448.512
ROUND 1287 A#36 and B#25 = 338.875
ROUND 1288 A#37 and B#25 = 354.86
ROUND 1289 A#38 and B#25 = 343.107
ROUND 1290 A#39 and B#25 = 316.652
ROUND 1291 A#40 and B#25 = 322.79
ROUND 1292 A#41 and B#25 = 347.854
ROUND 1293 A#42 and B#25 = 287.329
ROUND 1294 A#43 and B#25 = 308.08
ROUND 1295 A#44 and B#25 = 405.36
ROUND 1296 A#45 and B#25 = 438.072
ROUND 1297 A#46 and B#25 = 451.641
ROUND 1298 A#47 and B#25 = 336.337
ROUND 1299 A#48 and B#25 = 483.619
ROUND 1300 A#49 and B#25 = 435.836
ROUND 1301 A#0 and B#26 = 309.562
ROUND 1302 A#1 and B#26 = 270.98
ROUND 1303 A#2 and B#26 = 365.807
ROUND 1304 A#3 and B#26 = 371.314
ROUND 1305 A#4 and B#26 = 303.707
ROUND 1306 A#5 and B#26 = 303.112
ROUND 1307 A#6 and B#26 = 358.745
ROUND 1308 A#7 and B#26 = 352.007
ROUND 1309 A#8 and B#26 = 397.579
ROUND 1310 A#9 and B#26 = 424.172
ROUND 1311 A#10 and B#26 = 308.013
ROUND 1312 A#11 and B#26 = 292.095
ROUND 1313 A#12 and B#26 = 337.282
ROUND 1314 A#13 and B#26 = 368.97
ROUND 1315 A#14 and B#26 = 352.43
ROUND 1316 A#15 and B#26 = 448.092
ROUND 1317 A#16 and B#26 = 359.078
ROUND 1318 A#17 and B#26 = 489.579
ROUND 1319 A#18 and B#26 = 316.35
ROUND 1320 A#19 and B#26 = 300.043
ROUND 1321 A#20 and B#26 = 296.093
ROUND 1322 A#21 and B#26 = 296.689
ROUND 1323 A#22 and B#26 = 305.456
ROUND 1324 A#23 and B#26 = 408.584
ROUND 1325 A#24 and B#26 = 416.211
ROUND 1326 A#25 and B#26 = 274.895
ROUND 1327 A#26 and B#26 = 288.614
ROUND 1328 A#27 and B#26 = 448.425
ROUND 1329 A#28 and B#26 = 393.309
ROUND 1330 A#29 and B#26 = 357.11
ROUND 1331 A#30 and B#26 = 368.861
ROUND 1332 A#31 and B#26 = 370.171
ROUND 1333 A#32 and B#26 = 382.48
ROUND 1334 A#33 and B#26 = 356.143
ROUND 1335 A#34 and B#26 = 326.372
ROUND 1336 A#35 and B#26 = 327.477
ROUND 1337 A#36 and B#26 = 314.288
ROUND 1338 A#37 and B#26 = 362.494
ROUND 1339 A#38 and B#26 = 272.907
ROUND 1340 A#39 and B#26 = 311.459
ROUND 1341 A#40 and B#26 = 309.327
ROUND 1342 A#41 and B#26 = 383.718
ROUND 1343 A#42 and B#26 = 318.737
ROUND 1344 A#43 and B#26 = 346.162
ROUND 1345 A#44 and B#26 = 398.37
ROUND 1346 A#45 and B#26 = 304.049
ROUND 1347 A#46 and B#26 = 343.144
ROUND 1348 A#47 and B#26 = 385.944
ROUND 1349 A#48 and B#26 = 473.505
ROUND 1350 A#49 and B#26 = 401.901
ROUND 1351 A#0 and B#27 = 367.632
ROUND 1352 A#1 and B#27 = 337.148
ROUND 1353 A#2 and B#27 = 389.573
ROUND 1354 A#3 and B#27 = 360.719
ROUND 1355 A#4 and B#27 = 408.862
ROUND 1356 A#5 and B#27 = 370.336
ROUND 1357 A#6 and B#27 = 305.564
ROUND 1358 A#7 and B#27 = 458.912
ROUND 1359 A#8 and B#27 = 486.371
ROUND 1360 A#9 and B#27 = 411.804
ROUND 1361 A#10 and B#27 = 407.873
ROUND 1362 A#11 and B#27 = 429.097
ROUND 1363 A#12 and B#27 = 316.304
ROUND 1364 A#13 and B#27 = 365.034
ROUND 1365 A#14 and B#27 = 386.946
ROUND 1366 A#15 and B#27 = 473.816
ROUND 1367 A#16 and B#27 = 359.672
ROUND 1368 A#17 and B#27 = 313.203
ROUND 1369 A#18 and B#27 = 423.879
ROUND 1370 A#19 and B#27 = 431.444
ROUND 1371 A#20 and B#27 = 319.881
ROUND 1372 A#21 and B#27 = 432.404
ROUND 1373 A#22 and B#27 = 432.876
ROUND 1374 A#23 and B#27 = 415.793
ROUND 1375 A#24 and B#27 = 410.109
ROUND 1376 A#25 and B#27 = 313.667
ROUND 1377 A#26 and B#27 = 338.956
ROUND 1378 A#27 and B#27 = 465.011
ROUND 1379 A#28 and B#27 = 346.017
ROUND 1380 A#29 and B#27 = 427.607
ROUND 1381 A#30 and B#27 = 331.725
ROUND 1382 A#31 and B#27 = 330.316
ROUND 1383 A#32 and B#27 = 338.621
ROUND 1384 A#33 and B#27 = 307.297
ROUND 1385 A#34 and B#27 = 310.973
ROUND 1386 A#35 and B#27 = 312.633
ROUND 1387 A#36 and B#27 = 286.596
ROUND 1388 A#37 and B#27 = 294.936
ROUND 1389 A#38 and B#27 = 346.978
ROUND 1390 A#39 and B#27 = 345.574
ROUND 1391 A#40 and B#27 = 349.386
ROUND 1392 A#41 and B#27 = 311.05
ROUND 1393 A#42 and B#27 = 369.244
ROUND 1394 A#43 and B#27 = 393.044
ROUND 1395 A#44 and B#27 = 418.812
ROUND 1396 A#45 and B#27 = 371.496
ROUND 1397 A#46 and B#27 = 448.426
ROUND 1398 A#47 and B#27 = 354.055
ROUND 1399 A#48 and B#27 = 396.91
ROUND 1400 A#49 and B#27 = 440.752
ROUND 1401 A#0 and B#28 = 294.762
ROUND 1402 A#1 and B#28 = 452.153
ROUND 1403 A#2 and B#28 = 338.748
ROUND 1404 A#3 and B#28 = 486.236
ROUND 1405 A#4 and B#28 = 464.425
ROUND 1406 A#5 and B#28 = 278.434
ROUND 1407 A#6 and B#28 = 320.341
ROUND 1408 A#7 and B#28 = 321.07
ROUND 1409 A#8 and B#28 = 298.603
ROUND 1410 A#9 and B#28 = 397.342
ROUND 1411 A#10 and B#28 = 360.568
ROUND 1412 A#11 and B#28 = 358.098
ROUND 1413 A#12 and B#28 = 325.382
ROUND 1414 A#13 and B#28 = 459.179
ROUND 1415 A#14 and B#28 = 458.089
ROUND 1416 A#15 and B#28 = 461.652
ROUND 1417 A#16 and B#28 = 438.161
ROUND 1418 A#17 and B#28 = 407.041
ROUND 1419 A#18 and B#28 = 345.1
ROUND 1420 A#19 and B#28 = 354.478
ROUND 1421 A#20 and B#28 = 283.376
ROUND 1422 A#21 and B#28 = 367.172
ROUND 1423 A#22 and B#28 = 362.958
ROUND 1424 A#23 and B#28 = 421.78
ROUND 1425 A#24 and B#28 = 459.623
ROUND 1426 A#25 and B#28 = 290.681
ROUND 1427 A#26 and B#28 = 361.915
ROUND 1428 A#27 and B#28 = 463.026
ROUND 1429 A#28 and B#28 = 441.256
ROUND 1430 A#29 and B#28 = 423.91
ROUND 1431 A#30 and B#28 = 303.043
ROUND 1432 A#31 and B#28 = 301.764
ROUND 1433 A#32 and B#28 = 326.08
ROUND 1434 A#33 and B#28 = 428.408
ROUND 1435 A#34 and B#28 = 259.422
ROUND 1436 A#35 and B#28 = 259.168
ROUND 1437 A#36 and B#28 = 397.462
ROUND 1438 A#37 and B#28 = 404.714
ROUND 1439 A#38 and B#28 = 357.471
ROUND 1440 A#39 and B#28 = 318.646
ROUND 1441 A#40 and B#28 = 308.572
ROUND 1442 A#41 and B#28 = 403.567
ROUND 1443 A#42 and B#28 = 310.431
ROUND 1444 A#43 and B#28 = 285.703
ROUND 1445 A#44 and B#28 = 381.64
ROUND 1446 A#45 and B#28 = 319.279
ROUND 1447 A#46 and B#28 = 257.281
ROUND 1448 A#47 and B#28 = 383.354
ROUND 1449 A#48 and B#28 = 420.836
ROUND 1450 A#49 and B#28 = 378.332
ROUND 1451 A#0 and B#29 = 299.23
ROUND 1452 A#1 and B#29 = 420.705
ROUND 1453 A#2 and B#29 = 324.875
ROUND 1454 A#3 and B#29 = 299.085
ROUND 1455 A#4 and B#29 = 470.684
ROUND 1456 A#5 and B#29 = 298.252
ROUND 1457 A#6 and B#29 = 286.555
ROUND 1458 A#7 and B#29 = 285.828
ROUND 1459 A#8 and B#29 = 285.458
ROUND 1460 A#9 and B#29 = 385.865
ROUND 1461 A#10 and B#29 = 327.128
ROUND 1462 A#11 and B#29 = 332.447
ROUND 1463 A#12 and B#29 = 308.6
ROUND 1464 A#13 and B#29 = 460.759
ROUND 1465 A#14 and B#29 = 431.781
ROUND 1466 A#15 and B#29 = 435.122
ROUND 1467 A#16 and B#29 = 443.832
ROUND 1468 A#17 and B#29 = 318.652
ROUND 1469 A#18 and B#29 = 325.639
ROUND 1470 A#19 and B#29 = 331.513
ROUND 1471 A#20 and B#29 = 282.609
ROUND 1472 A#21 and B#29 = 284.656
ROUND 1473 A#22 and B#29 = 287.773
ROUND 1474 A#23 and B#29 = 445.345
ROUND 1475 A#24 and B#29 = 454.621
ROUND 1476 A#25 and B#29 = 250.482
ROUND 1477 A#26 and B#29 = 352.974
ROUND 1478 A#27 and B#29 = 352.435
ROUND 1479 A#28 and B#29 = 412.401
ROUND 1480 A#29 and B#29 = 456.642
ROUND 1481 A#30 and B#29 = 302.379
ROUND 1482 A#31 and B#29 = 299.369
ROUND 1483 A#32 and B#29 = 299.619
ROUND 1484 A#33 and B#29 = 362.161
ROUND 1485 A#34 and B#29 = 302.38
ROUND 1486 A#35 and B#29 = 302.884
ROUND 1487 A#36 and B#29 = 394.509
ROUND 1488 A#37 and B#29 = 244.225
ROUND 1489 A#38 and B#29 = 322.574
ROUND 1490 A#39 and B#29 = 323.832
ROUND 1491 A#40 and B#29 = 341.8
ROUND 1492 A#41 and B#29 = 238.126
ROUND 1493 A#42 and B#29 = 299.935
ROUND 1494 A#43 and B#29 = 269.859
ROUND 1495 A#44 and B#29 = 382.364
ROUND 1496 A#45 and B#29 = 290.777
ROUND 1497 A#46 and B#29 = 403.819
ROUND 1498 A#47 and B#29 = 367.561
ROUND 1499 A#48 and B#29 = 400.557
ROUND 1500 A#49 and B#29 = 374.217
ROUND 1501 A#0 and B#30 = 296.162
ROUND 1502 A#1 and B#30 = 356.662
ROUND 1503 A#2 and B#30 = 460.554
ROUND 1504 A#3 and B#30 = 462.417
ROUND 1505 A#4 and B#30 = 411.368
ROUND 1506 A#5 and B#30 = 299.587
ROUND 1507 A#6 and B#30 = 369.77
ROUND 1508 A#7 and B#30 = 350.593
ROUND 1509 A#8 and B#30 = 348.672
ROUND 1510 A#9 and B#30 = 199.215
ROUND 1511 A#10 and B#30 = 324.01
ROUND 1512 A#11 and B#30 = 284.977
ROUND 1513 A#12 and B#30 = 348.946
ROUND 1514 A#13 and B#30 = 327.355
ROUND 1515 A#14 and B#30 = 458.75
ROUND 1516 A#15 and B#30 = 396.318
ROUND 1517 A#16 and B#30 = 436.801
ROUND 1518 A#17 and B#30 = 348.115
ROUND 1519 A#18 and B#30 = 342.475
ROUND 1520 A#19 and B#30 = 333.67
ROUND 1521 A#20 and B#30 = 301.238
ROUND 1522 A#21 and B#30 = 309.358
ROUND 1523 A#22 and B#30 = 312.282
ROUND 1524 A#23 and B#30 = 395.15
ROUND 1525 A#24 and B#30 = 390.55
ROUND 1526 A#25 and B#30 = 374.302
ROUND 1527 A#26 and B#30 = 382.724
ROUND 1528 A#27 and B#30 = 395.312
ROUND 1529 A#28 and B#30 = 351.418
ROUND 1530 A#29 and B#30 = 320.799
ROUND 1531 A#30 and B#30 = 295.6
ROUND 1532 A#31 and B#30 = 290.642
ROUND 1533 A#32 and B#30 = 321.431
ROUND 1534 A#33 and B#30 = 390.723
ROUND 1535 A#34 and B#30 = 346.928
ROUND 1536 A#35 and B#30 = 347.371
ROUND 1537 A#36 and B#30 = 365.175
ROUND 1538 A#37 and B#30 = 389.284
ROUND 1539 A#38 and B#30 = 347.36
ROUND 1540 A#39 and B#30 = 305.192
ROUND 1541 A#40 and B#30 = 310.728
ROUND 1542 A#41 and B#30 = 381.265
ROUND 1543 A#42 and B#30 = 337.046
ROUND 1544 A#43 and B#30 = 339.236
ROUND 1545 A#44 and B#30 = 395.212
ROUND 1546 A#45 and B#30 = 274.859
ROUND 1547 A#46 and B#30 = 321.052
ROUND 1548 A#47 and B#30 = 370.595
ROUND 1549 A#48 and B#30 = 460.36
ROUND 1550 A#49 and B#30 = 380.928
ROUND 1551 A#0 and B#31 = 268.975
ROUND 1552 A#1 and B#31 = 409.172
ROUND 1553 A#2 and B#31 = 374.387
ROUND 1554 A#3 and B#31 = 353.507
ROUND 1555 A#4 and B#31 = 333.244
ROUND 1556 A#5 and B#31 = 300.776
ROUND 1557 A#6 and B#31 = 332.971
ROUND 1558 A#7 and B#31 = 330.779
ROUND 1559 A#8 and B#31 = 447.154
ROUND 1560 A#9 and B#31 = 427.062
ROUND 1561 A#10 and B#31 = 301.833
ROUND 1562 A#11 and B#31 = 317.956
ROUND 1563 A#12 and B#31 = 337.42
ROUND 1564 A#13 and B#31 = 421.897
ROUND 1565 A#14 and B#31 = 317.389
ROUND 1566 A#15 and B#31 = 447.972
ROUND 1567 A#16 and B#31 = 325.104
ROUND 1568 A#17 and B#31 = 485.271
ROUND 1569 A#18 and B#31 = 313.663
ROUND 1570 A#19 and B#31 = 314.441
ROUND 1571 A#20 and B#31 = 292.732
ROUND 1572 A#21 and B#31 = 297.656
ROUND 1573 A#22 and B#31 = 298.585
ROUND 1574 A#23 and B#31 = 398.878
ROUND 1575 A#24 and B#31 = 403.685
ROUND 1576 A#25 and B#31 = 325.398
ROUND 1577 A#26 and B#31 = 439.792
ROUND 1578 A#27 and B#31 = 298.548
ROUND 1579 A#28 and B#31 = 388.947
ROUND 1580 A#29 and B#31 = 424.801
ROUND 1581 A#30 and B#31 = 390.17
ROUND 1582 A#31 and B#31 = 386.864
ROUND 1583 A#32 and B#31 = 292.831
ROUND 1584 A#33 and B#31 = 280.469
ROUND 1585 A#34 and B#31 = 318.817
ROUND 1586 A#35 and B#31 = 318.986
ROUND 1587 A#36 and B#31 = 353.418
ROUND 1588 A#37 and B#31 = 351.241
ROUND 1589 A#38 and B#31 = 360.311
ROUND 1590 A#39 and B#31 = 335.96
ROUND 1591 A#40 and B#31 = 301.036
ROUND 1592 A#41 and B#31 = 352.022
ROUND 1593 A#42 and B#31 = 275.958
ROUND 1594 A#43 and B#31 = 315.062
ROUND 1595 A#44 and B#31 = 424.497
ROUND 1596 A#45 and B#31 = 333.155
ROUND 1597 A#46 and B#31 = 366.216
ROUND 1598 A#47 and B#31 = 337.265
ROUND 1599 A#48 and B#31 = 491.325
ROUND 1600 A#49 and B#31 = 427.428
ROUND 1601 A#0 and B#32 = 308.989
ROUND 1602 A#1 and B#32 = 356.88
ROUND 1603 A#2 and B#32 = 461.281
ROUND 1604 A#3 and B#32 = 463.025
ROUND 1605 A#4 and B#32 = 412.239
ROUND 1606 A#5 and B#32 = 300.511
ROUND 1607 A#6 and B#32 = 369.01
ROUND 1608 A#7 and B#32 = 350.915
ROUND 1609 A#8 and B#32 = 348.552
ROUND 1610 A#9 and B#32 = 198.986
ROUND 1611 A#10 and B#32 = 324.002
ROUND 1612 A#11 and B#32 = 285.296
ROUND 1613 A#12 and B#32 = 347.997
ROUND 1614 A#13 and B#32 = 326.804
ROUND 1615 A#14 and B#32 = 458.605
ROUND 1616 A#15 and B#32 = 396.944
ROUND 1617 A#16 and B#32 = 437.922
ROUND 1618 A#17 and B#32 = 349.57
ROUND 1619 A#18 and B#32 = 342.337
ROUND 1620 A#19 and B#32 = 333.363
ROUND 1621 A#20 and B#32 = 301.119
ROUND 1622 A#21 and B#32 = 309.046
ROUND 1623 A#22 and B#32 = 313.656
ROUND 1624 A#23 and B#32 = 392.408
ROUND 1625 A#24 and B#32 = 389.798
ROUND 1626 A#25 and B#32 = 374.13
ROUND 1627 A#26 and B#32 = 385.24
ROUND 1628 A#27 and B#32 = 394.991
ROUND 1629 A#28 and B#32 = 351.551
ROUND 1630 A#29 and B#32 = 321.235
ROUND 1631 A#30 and B#32 = 308.978
ROUND 1632 A#31 and B#32 = 291.527
ROUND 1633 A#32 and B#32 = 321.373
ROUND 1634 A#33 and B#32 = 391.138
ROUND 1635 A#34 and B#32 = 347.307
ROUND 1636 A#35 and B#32 = 347.742
ROUND 1637 A#36 and B#32 = 365.302
ROUND 1638 A#37 and B#32 = 381.881
ROUND 1639 A#38 and B#32 = 346.866
ROUND 1640 A#39 and B#32 = 305.339
ROUND 1641 A#40 and B#32 = 310.552
ROUND 1642 A#41 and B#32 = 389.052
ROUND 1643 A#42 and B#32 = 338.082
ROUND 1644 A#43 and B#32 = 339.839
ROUND 1645 A#44 and B#32 = 400.793
ROUND 1646 A#45 and B#32 = 276.449
ROUND 1647 A#46 and B#32 = 321.104
ROUND 1648 A#47 and B#32 = 370.754
ROUND 1649 A#48 and B#32 = 461.009
ROUND 1650 A#49 and B#32 = 381.785
ROUND 1651 A#0 and B#33 = 262.945
ROUND 1652 A#1 and B#33 = 406.667
ROUND 1653 A#2 and B#33 = 333.993
ROUND 1654 A#3 and B#33 = 348.615
ROUND 1655 A#4 and B#33 = 326.91
ROUND 1656 A#5 and B#33 = 300.245
ROUND 1657 A#6 and B#33 = 335.543
ROUND 1658 A#7 and B#33 = 332.863
ROUND 1659 A#8 and B#33 = 458.504
ROUND 1660 A#9 and B#33 = 424.094
ROUND 1661 A#10 and B#33 = 298.061
ROUND 1662 A#11 and B#33 = 315.133
ROUND 1663 A#12 and B#33 = 335.033
ROUND 1664 A#13 and B#33 = 422.859
ROUND 1665 A#14 and B#33 = 318.33
ROUND 1666 A#15 and B#33 = 448.52
ROUND 1667 A#16 and B#33 = 325.128
ROUND 1668 A#17 and B#33 = 487.56
ROUND 1669 A#18 and B#33 = 320.522
ROUND 1670 A#19 and B#33 = 315.918
ROUND 1671 A#20 and B#33 = 294.436
ROUND 1672 A#21 and B#33 = 294.63
ROUND 1673 A#22 and B#33 = 298.611
ROUND 1674 A#23 and B#33 = 397.517
ROUND 1675 A#24 and B#33 = 402.222
ROUND 1676 A#25 and B#33 = 327.661
ROUND 1677 A#26 and B#33 = 394.555
ROUND 1678 A#27 and B#33 = 297.711
ROUND 1679 A#28 and B#33 = 386.417
ROUND 1680 A#29 and B#33 = 421.512
ROUND 1681 A#30 and B#33 = 385.763
ROUND 1682 A#31 and B#33 = 382.906
ROUND 1683 A#32 and B#33 = 296.178
ROUND 1684 A#33 and B#33 = 281.517
ROUND 1685 A#34 and B#33 = 287.094
ROUND 1686 A#35 and B#33 = 321.092
ROUND 1687 A#36 and B#33 = 357.906
ROUND 1688 A#37 and B#33 = 366.241
ROUND 1689 A#38 and B#33 = 357.926
ROUND 1690 A#39 and B#33 = 333.045
ROUND 1691 A#40 and B#33 = 305.032
ROUND 1692 A#41 and B#33 = 356.97
ROUND 1693 A#42 and B#33 = 276.554
ROUND 1694 A#43 and B#33 = 318.668
ROUND 1695 A#44 and B#33 = 427.499
ROUND 1696 A#45 and B#33 = 334.895
ROUND 1697 A#46 and B#33 = 363.846
ROUND 1698 A#47 and B#33 = 338.028
ROUND 1699 A#48 and B#33 = 490.204
ROUND 1700 A#49 and B#33 = 423.283
ROUND 1701 A#0 and B#34 = 333.617
ROUND 1702 A#1 and B#34 = 380.549
ROUND 1703 A#2 and B#34 = 364.39
ROUND 1704 A#3 and B#34 = 364.149
ROUND 1705 A#4 and B#34 = 423.989
ROUND 1706 A#5 and B#34 = 313.99
ROUND 1707 A#6 and B#34 = 345.984
ROUND 1708 A#7 and B#34 = 340.606
ROUND 1709 A#8 and B#34 = 375.404
ROUND 1710 A#9 and B#34 = 419.789
ROUND 1711 A#10 and B#34 = 305.364
ROUND 1712 A#11 and B#34 = 292.902
ROUND 1713 A#12 and B#34 = 338.283
ROUND 1714 A#13 and B#34 = 429.956
ROUND 1715 A#14 and B#34 = 361.416
ROUND 1716 A#15 and B#34 = 442.677
ROUND 1717 A#16 and B#34 = 375.341
ROUND 1718 A#17 and B#34 = 491.57
ROUND 1719 A#18 and B#34 = 302.136
ROUND 1720 A#19 and B#34 = 325.207
ROUND 1721 A#20 and B#34 = 294.109
ROUND 1722 A#21 and B#34 = 290.631
ROUND 1723 A#22 and B#34 = 294.329
ROUND 1724 A#23 and B#34 = 398.057
ROUND 1725 A#24 and B#34 = 405.553
ROUND 1726 A#25 and B#34 = 272.785
ROUND 1727 A#26 and B#34 = 389.989
ROUND 1728 A#27 and B#34 = 394.758
ROUND 1729 A#28 and B#34 = 363.416
ROUND 1730 A#29 and B#34 = 413.201
ROUND 1731 A#30 and B#34 = 378.523
ROUND 1732 A#31 and B#34 = 379.637
ROUND 1733 A#32 and B#34 = 279.364
ROUND 1734 A#33 and B#34 = 289.47
ROUND 1735 A#34 and B#34 = 288.419
ROUND 1736 A#35 and B#34 = 288.879
ROUND 1737 A#36 and B#34 = 294.579
ROUND 1738 A#37 and B#34 = 351.195
ROUND 1739 A#38 and B#34 = 293.875
ROUND 1740 A#39 and B#34 = 322.141
ROUND 1741 A#40 and B#34 = 316.802
ROUND 1742 A#41 and B#34 = 340.888
ROUND 1743 A#42 and B#34 = 301.282
ROUND 1744 A#43 and B#34 = 335.143
ROUND 1745 A#44 and B#34 = 403.038
ROUND 1746 A#45 and B#34 = 293.649
ROUND 1747 A#46 and B#34 = 334.393
ROUND 1748 A#47 and B#34 = 337.778
ROUND 1749 A#48 and B#34 = 486.229
ROUND 1750 A#49 and B#34 = 419.567
ROUND 1751 A#0 and B#35 = 306.641
ROUND 1752 A#1 and B#35 = 407.612
ROUND 1753 A#2 and B#35 = 295.768
ROUND 1754 A#3 and B#35 = 311.384
ROUND 1755 A#4 and B#35 = 301.842
ROUND 1756 A#5 and B#35 = 360.834
ROUND 1757 A#6 and B#35 = 348.464
ROUND 1758 A#7 and B#35 = 305.194
ROUND 1759 A#8 and B#35 = 367.795
ROUND 1760 A#9 and B#35 = 314.969
ROUND 1761 A#10 and B#35 = 317.698
ROUND 1762 A#11 and B#35 = 299.198
ROUND 1763 A#12 and B#35 = 382.813
ROUND 1764 A#13 and B#35 = 295.267
ROUND 1765 A#14 and B#35 = 317.739
ROUND 1766 A#15 and B#35 = 415.871
ROUND 1767 A#16 and B#35 = 299.811
ROUND 1768 A#17 and B#35 = 401.445
ROUND 1769 A#18 and B#35 = 359.15
ROUND 1770 A#19 and B#35 = 356.931
ROUND 1771 A#20 and B#35 = 362.727
ROUND 1772 A#21 and B#35 = 334.129
ROUND 1773 A#22 and B#35 = 283.219
ROUND 1774 A#23 and B#35 = 450.236
ROUND 1775 A#24 and B#35 = 460.641
ROUND 1776 A#25 and B#35 = 339.595
ROUND 1777 A#26 and B#35 = 392.364
ROUND 1778 A#27 and B#35 = 408.065
ROUND 1779 A#28 and B#35 = 387.367
ROUND 1780 A#29 and B#35 = 470.889
ROUND 1781 A#30 and B#35 = 402.708
ROUND 1782 A#31 and B#35 = 401.963
ROUND 1783 A#32 and B#35 = 393.499
ROUND 1784 A#33 and B#35 = 309.185
ROUND 1785 A#34 and B#35 = 382.2
ROUND 1786 A#35 and B#35 = 381.484
ROUND 1787 A#36 and B#35 = 334.717
ROUND 1788 A#37 and B#35 = 343.669
ROUND 1789 A#38 and B#35 = 353.191
ROUND 1790 A#39 and B#35 = 285.531
ROUND 1791 A#40 and B#35 = 287.577
ROUND 1792 A#41 and B#35 = 342.27
ROUND 1793 A#42 and B#35 = 319.407
ROUND 1794 A#43 and B#35 = 358.382
ROUND 1795 A#44 and B#35 = 399.764
ROUND 1796 A#45 and B#35 = 444.685
ROUND 1797 A#46 and B#35 = 426.654
ROUND 1798 A#47 and B#35 = 341.907
ROUND 1799 A#48 and B#35 = 426.494
ROUND 1800 A#49 and B#35 = 297.453
ROUND 1801 A#0 and B#36 = 303.855
ROUND 1802 A#1 and B#36 = 462.026
ROUND 1803 A#2 and B#36 = 331.854
ROUND 1804 A#3 and B#36 = 481.702
ROUND 1805 A#4 and B#36 = 466.494
ROUND 1806 A#5 and B#36 = 234.622
ROUND 1807 A#6 and B#36 = 313.776
ROUND 1808 A#7 and B#36 = 305.8
ROUND 1809 A#8 and B#36 = 328.189
ROUND 1810 A#9 and B#36 = 401.305
ROUND 1811 A#10 and B#36 = 319.23
ROUND 1812 A#11 and B#36 = 342.488
ROUND 1813 A#12 and B#36 = 312.427
ROUND 1814 A#13 and B#36 = 460.704
ROUND 1815 A#14 and B#36 = 392.787
ROUND 1816 A#15 and B#36 = 454.429
ROUND 1817 A#16 and B#36 = 439.068
ROUND 1818 A#17 and B#36 = 482.865
ROUND 1819 A#18 and B#36 = 341.169
ROUND 1820 A#19 and B#36 = 362.868
ROUND 1821 A#20 and B#36 = 275.699
ROUND 1822 A#21 and B#36 = 349.802
ROUND 1823 A#22 and B#36 = 353.517
ROUND 1824 A#23 and B#36 = 431.585
ROUND 1825 A#24 and B#36 = 425.998
ROUND 1826 A#25 and B#36 = 277.583
ROUND 1827 A#26 and B#36 = 349.316
ROUND 1828 A#27 and B#36 = 447.322
ROUND 1829 A#28 and B#36 = 448.07
ROUND 1830 A#29 and B#36 = 440.683
ROUND 1831 A#30 and B#36 = 325.039
ROUND 1832 A#31 and B#36 = 320.041
ROUND 1833 A#32 and B#36 = 301.137
ROUND 1834 A#33 and B#36 = 428.309
ROUND 1835 A#34 and B#36 = 259.15
ROUND 1836 A#35 and B#36 = 256.836
ROUND 1837 A#36 and B#36 = 402.22
ROUND 1838 A#37 and B#36 = 406.749
ROUND 1839 A#38 and B#36 = 330.024
ROUND 1840 A#39 and B#36 = 340.942
ROUND 1841 A#40 and B#36 = 270.247
ROUND 1842 A#41 and B#36 = 406.391
ROUND 1843 A#42 and B#36 = 314.779
ROUND 1844 A#43 and B#36 = 311.064
ROUND 1845 A#44 and B#36 = 410.476
ROUND 1846 A#45 and B#36 = 332.181
ROUND 1847 A#46 and B#36 = 260.293
ROUND 1848 A#47 and B#36 = 360.626
ROUND 1849 A#48 and B#36 = 386.186
ROUND 1850 A#49 and B#36 = 487.512
ROUND 1851 A#0 and B#37 = 298.5
ROUND 1852 A#1 and B#37 = 371.122
ROUND 1853 A#2 and B#37 = 316.619
ROUND 1854 A#3 and B#37 = 334.527
ROUND 1855 A#4 and B#37 = 310.924
ROUND 1856 A#5 and B#37 = 496.151
ROUND 1857 A#6 and B#37 = 346.825
ROUND 1858 A#7 and B#37 = 340.982
ROUND 1859 A#8 and B#37 = 299.108
ROUND 1860 A#9 and B#37 = 403.854
ROUND 1861 A#10 and B#37 = 305.547
ROUND 1862 A#11 and B#37 = 294.622
ROUND 1863 A#12 and B#37 = 323.962
ROUND 1864 A#13 and B#37 = 327.995
ROUND 1865 A#14 and B#37 = 319.137
ROUND 1866 A#15 and B#37 = 435.234
ROUND 1867 A#16 and B#37 = 365.713
ROUND 1868 A#17 and B#37 = 495.619
ROUND 1869 A#18 and B#37 = 290.299
ROUND 1870 A#19 and B#37 = 307.829
ROUND 1871 A#20 and B#37 = 292.078
ROUND 1872 A#21 and B#37 = 316.949
ROUND 1873 A#22 and B#37 = 295.919
ROUND 1874 A#23 and B#37 = 401.192
ROUND 1875 A#24 and B#37 = 448.265
ROUND 1876 A#25 and B#37 = 249.762
ROUND 1877 A#26 and B#37 = 308.396
ROUND 1878 A#27 and B#37 = 400.499
ROUND 1879 A#28 and B#37 = 385.154
ROUND 1880 A#29 and B#37 = 411.122
ROUND 1881 A#30 and B#37 = 378.203
ROUND 1882 A#31 and B#37 = 373.852
ROUND 1883 A#32 and B#37 = 383.364
ROUND 1884 A#33 and B#37 = 263.699
ROUND 1885 A#34 and B#37 = 270.725
ROUND 1886 A#35 and B#37 = 271.195
ROUND 1887 A#36 and B#37 = 364.306
ROUND 1888 A#37 and B#37 = 357.628
ROUND 1889 A#38 and B#37 = 335.575
ROUND 1890 A#39 and B#37 = 323.628
ROUND 1891 A#40 and B#37 = 317.392
ROUND 1892 A#41 and B#37 = 344.696
ROUND 1893 A#42 and B#37 = 308.413
ROUND 1894 A#43 and B#37 = 335.075
ROUND 1895 A#44 and B#37 = 410.782
ROUND 1896 A#45 and B#37 = 413.984
ROUND 1897 A#46 and B#37 = 426.573
ROUND 1898 A#47 and B#37 = 331.284
ROUND 1899 A#48 and B#37 = 486.715
ROUND 1900 A#49 and B#37 = 438.812
ROUND 1901 A#0 and B#38 = 295.86
ROUND 1902 A#1 and B#38 = 356.667
ROUND 1903 A#2 and B#38 = 460.454
ROUND 1904 A#3 and B#38 = 462.262
ROUND 1905 A#4 and B#38 = 412.562
ROUND 1906 A#5 and B#38 = 299.44
ROUND 1907 A#6 and B#38 = 369.087
ROUND 1908 A#7 and B#38 = 349.879
ROUND 1909 A#8 and B#38 = 348.289
ROUND 1910 A#9 and B#38 = 199.204
ROUND 1911 A#10 and B#38 = 324.214
ROUND 1912 A#11 and B#38 = 285.02
ROUND 1913 A#12 and B#38 = 348.679
ROUND 1914 A#13 and B#38 = 327.543
ROUND 1915 A#14 and B#38 = 458.894
ROUND 1916 A#15 and B#38 = 396.303
ROUND 1917 A#16 and B#38 = 436.682
ROUND 1918 A#17 and B#38 = 347.875
ROUND 1919 A#18 and B#38 = 342.424
ROUND 1920 A#19 and B#38 = 333.684
ROUND 1921 A#20 and B#38 = 301.114
ROUND 1922 A#21 and B#38 = 309.272
ROUND 1923 A#22 and B#38 = 312.282
ROUND 1924 A#23 and B#38 = 393.843
ROUND 1925 A#24 and B#38 = 390.157
ROUND 1926 A#25 and B#38 = 373.097
ROUND 1927 A#26 and B#38 = 382.705
ROUND 1928 A#27 and B#38 = 395.44
ROUND 1929 A#28 and B#38 = 351.408
ROUND 1930 A#29 and B#38 = 320.954
ROUND 1931 A#30 and B#38 = 297.045
ROUND 1932 A#31 and B#38 = 291.207
ROUND 1933 A#32 and B#38 = 321.748
ROUND 1934 A#33 and B#38 = 385.508
ROUND 1935 A#34 and B#38 = 346.821
ROUND 1936 A#35 and B#38 = 347.297
ROUND 1937 A#36 and B#38 = 365.502
ROUND 1938 A#37 and B#38 = 389.158
ROUND 1939 A#38 and B#38 = 347.247
ROUND 1940 A#39 and B#38 = 305.049
ROUND 1941 A#40 and B#38 = 310.48
ROUND 1942 A#41 and B#38 = 381.06
ROUND 1943 A#42 and B#38 = 337.112
ROUND 1944 A#43 and B#38 = 338.95
ROUND 1945 A#44 and B#38 = 400.007
ROUND 1946 A#45 and B#38 = 274.834
ROUND 1947 A#46 and B#38 = 320.831
ROUND 1948 A#47 and B#38 = 370.429
ROUND 1949 A#48 and B#38 = 460.037
ROUND 1950 A#49 and B#38 = 379.694
ROUND 1951 A#0 and B#39 = 447.705
ROUND 1952 A#1 and B#39 = 409.103
ROUND 1953 A#2 and B#39 = 321.831
ROUND 1954 A#3 and B#39 = 325.802
ROUND 1955 A#4 and B#39 = 316.367
ROUND 1956 A#5 and B#39 = 485.19
ROUND 1957 A#6 and B#39 = 339.982
ROUND 1958 A#7 and B#39 = 325.112
ROUND 1959 A#8 and B#39 = 390.231
ROUND 1960 A#9 and B#39 = 407.14
ROUND 1961 A#10 and B#39 = 317.991
ROUND 1962 A#11 and B#39 = 318.492
ROUND 1963 A#12 and B#39 = 356.844
ROUND 1964 A#13 and B#39 = 337.389
ROUND 1965 A#14 and B#39 = 311.501
ROUND 1966 A#15 and B#39 = 407.2
ROUND 1967 A#16 and B#39 = 319.764
ROUND 1968 A#17 and B#39 = 485.216
ROUND 1969 A#18 and B#39 = 323.657
ROUND 1970 A#19 and B#39 = 310.437
ROUND 1971 A#20 and B#39 = 302.788
ROUND 1972 A#21 and B#39 = 300.373
ROUND 1973 A#22 and B#39 = 317.325
ROUND 1974 A#23 and B#39 = 385.98
ROUND 1975 A#24 and B#39 = 391.269
ROUND 1976 A#25 and B#39 = 307.446
ROUND 1977 A#26 and B#39 = 252.78
ROUND 1978 A#27 and B#39 = 461.12
ROUND 1979 A#28 and B#39 = 387.585
ROUND 1980 A#29 and B#39 = 420.623
ROUND 1981 A#30 and B#39 = 369.66
ROUND 1982 A#31 and B#39 = 367.241
ROUND 1983 A#32 and B#39 = 352.194
ROUND 1984 A#33 and B#39 = 243.836
ROUND 1985 A#34 and B#39 = 446.201
ROUND 1986 A#35 and B#39 = 447.116
ROUND 1987 A#36 and B#39 = 338.243
ROUND 1988 A#37 and B#39 = 357.329
ROUND 1989 A#38 and B#39 = 328.009
ROUND 1990 A#39 and B#39 = 316.204
ROUND 1991 A#40 and B#39 = 289.404
ROUND 1992 A#41 and B#39 = 349.385
ROUND 1993 A#42 and B#39 = 289.375
ROUND 1994 A#43 and B#39 = 308.682
ROUND 1995 A#44 and B#39 = 406.072
ROUND 1996 A#45 and B#39 = 436.604
ROUND 1997 A#46 and B#39 = 447.669
ROUND 1998 A#47 and B#39 = 337.714
ROUND 1999 A#48 and B#39 = 482.989
ROUND 2000 A#49 and B#39 = 393.852
ROUND 2001 A#0 and B#40 = 307.507
ROUND 2002 A#1 and B#40 = 408.726
ROUND 2003 A#2 and B#40 = 296.161
ROUND 2004 A#3 and B#40 = 312.446
ROUND 2005 A#4 and B#40 = 302.098
ROUND 2006 A#5 and B#40 = 359.639
ROUND 2007 A#6 and B#40 = 348.306
ROUND 2008 A#7 and B#40 = 305.047
ROUND 2009 A#8 and B#40 = 367.857
ROUND 2010 A#9 and B#40 = 314.996
ROUND 2011 A#10 and B#40 = 318.25
ROUND 2012 A#11 and B#40 = 299.983
ROUND 2013 A#12 and B#40 = 383.204
ROUND 2014 A#13 and B#40 = 295.215
ROUND 2015 A#14 and B#40 = 318.689
ROUND 2016 A#15 and B#40 = 416.384
ROUND 2017 A#16 and B#40 = 299.159
ROUND 2018 A#17 and B#40 = 401.142
ROUND 2019 A#18 and B#40 = 360.372
ROUND 2020 A#19 and B#40 = 357.956
ROUND 2021 A#20 and B#40 = 363.952
ROUND 2022 A#21 and B#40 = 334.242
ROUND 2023 A#22 and B#40 = 283.152
ROUND 2024 A#23 and B#40 = 450.314
ROUND 2025 A#24 and B#40 = 460.877
ROUND 2026 A#25 and B#40 = 339.878
ROUND 2027 A#26 and B#40 = 393.044
ROUND 2028 A#27 and B#40 = 408.366
ROUND 2029 A#28 and B#40 = 388.815
ROUND 2030 A#29 and B#40 = 470.667
ROUND 2031 A#30 and B#40 = 404.55
ROUND 2032 A#31 and B#40 = 403.566
ROUND 2033 A#32 and B#40 = 395.421
ROUND 2034 A#33 and B#40 = 310.203
ROUND 2035 A#34 and B#40 = 381.2
ROUND 2036 A#35 and B#40 = 380.639
ROUND 2037 A#36 and B#40 = 334.748
ROUND 2038 A#37 and B#40 = 343.105
ROUND 2039 A#38 and B#40 = 352.349
ROUND 2040 A#39 and B#40 = 284.979
ROUND 2041 A#40 and B#40 = 287.647
ROUND 2042 A#41 and B#40 = 341.734
ROUND 2043 A#42 and B#40 = 319.459
ROUND 2044 A#43 and B#40 = 358.78
ROUND 2045 A#44 and B#40 = 400.535
ROUND 2046 A#45 and B#40 = 444.682
ROUND 2047 A#46 and B#40 = 427.08
ROUND 2048 A#47 and B#40 = 343.403
ROUND 2049 A#48 and B#40 = 426.945
ROUND 2050 A#49 and B#40 = 296.877
ROUND 2051 A#0 and B#41 = 302.38
ROUND 2052 A#1 and B#41 = 334.109
ROUND 2053 A#2 and B#41 = 383.9
ROUND 2054 A#3 and B#41 = 387.46
ROUND 2055 A#4 and B#41 = 411.764
ROUND 2056 A#5 and B#41 = 313.027
ROUND 2057 A#6 and B#41 = 341.656
ROUND 2058 A#7 and B#41 = 340.492
ROUND 2059 A#8 and B#41 = 354.522
ROUND 2060 A#9 and B#41 = 425.612
ROUND 2061 A#10 and B#41 = 296.972
ROUND 2062 A#11 and B#41 = 315.553
ROUND 2063 A#12 and B#41 = 420.18
ROUND 2064 A#13 and B#41 = 407.51
ROUND 2065 A#14 and B#41 = 391.136
ROUND 2066 A#15 and B#41 = 436.498
ROUND 2067 A#16 and B#41 = 403.439
ROUND 2068 A#17 and B#41 = 483.356
ROUND 2069 A#18 and B#41 = 311.673
ROUND 2070 A#19 and B#41 = 298.364
ROUND 2071 A#20 and B#41 = 313.52
ROUND 2072 A#21 and B#41 = 299.021
ROUND 2073 A#22 and B#41 = 317.026
ROUND 2074 A#23 and B#41 = 383.256
ROUND 2075 A#24 and B#41 = 390.273
ROUND 2076 A#25 and B#41 = 322.066
ROUND 2077 A#26 and B#41 = 385.822
ROUND 2078 A#27 and B#41 = 432.172
ROUND 2079 A#28 and B#41 = 391.561
ROUND 2080 A#29 and B#41 = 362.415
ROUND 2081 A#30 and B#41 = 372.593
ROUND 2082 A#31 and B#41 = 337.355
ROUND 2083 A#32 and B#41 = 289.689
ROUND 2084 A#33 and B#41 = 417.952
ROUND 2085 A#34 and B#41 = 327.036
ROUND 2086 A#35 and B#41 = 325.715
ROUND 2087 A#36 and B#41 = 337.149
ROUND 2088 A#37 and B#41 = 362.73
ROUND 2089 A#38 and B#41 = 346.304
ROUND 2090 A#39 and B#41 = 316.333
ROUND 2091 A#40 and B#41 = 277.686
ROUND 2092 A#41 and B#41 = 359.339
ROUND 2093 A#42 and B#41 = 297.851
ROUND 2094 A#43 and B#41 = 319.557
ROUND 2095 A#44 and B#41 = 427.192
ROUND 2096 A#45 and B#41 = 336.262
ROUND 2097 A#46 and B#41 = 322.654
ROUND 2098 A#47 and B#41 = 342.469
ROUND 2099 A#48 and B#41 = 481.36
ROUND 2100 A#49 and B#41 = 396.308
ROUND 2101 A#0 and B#42 = 448.406
ROUND 2102 A#1 and B#42 = 409.746
ROUND 2103 A#2 and B#42 = 323.623
ROUND 2104 A#3 and B#42 = 327.266
ROUND 2105 A#4 and B#42 = 318.126
ROUND 2106 A#5 and B#42 = 486.619
ROUND 2107 A#6 and B#42 = 340.494
ROUND 2108 A#7 and B#42 = 325.243
ROUND 2109 A#8 and B#42 = 379.661
ROUND 2110 A#9 and B#42 = 407.202
ROUND 2111 A#10 and B#42 = 317.52
ROUND 2112 A#11 and B#42 = 318.877
ROUND 2113 A#12 and B#42 = 357.609
ROUND 2114 A#13 and B#42 = 339.079
ROUND 2115 A#14 and B#42 = 312.66
ROUND 2116 A#15 and B#42 = 449.081
ROUND 2117 A#16 and B#42 = 320.297
ROUND 2118 A#17 and B#42 = 484.721
ROUND 2119 A#18 and B#42 = 321.258
ROUND 2120 A#19 and B#42 = 310.409
ROUND 2121 A#20 and B#42 = 302.923
ROUND 2122 A#21 and B#42 = 300.722
ROUND 2123 A#22 and B#42 = 319.347
ROUND 2124 A#23 and B#42 = 387.402
ROUND 2125 A#24 and B#42 = 392.45
ROUND 2126 A#25 and B#42 = 306.354
ROUND 2127 A#26 and B#42 = 252.901
ROUND 2128 A#27 and B#42 = 461.792
ROUND 2129 A#28 and B#42 = 388.213
ROUND 2130 A#29 and B#42 = 420.454
ROUND 2131 A#30 and B#42 = 369.821
ROUND 2132 A#31 and B#42 = 367.461
ROUND 2133 A#32 and B#42 = 352.89
ROUND 2134 A#33 and B#42 = 267.453
ROUND 2135 A#34 and B#42 = 446.645
ROUND 2136 A#35 and B#42 = 447.533
ROUND 2137 A#36 and B#42 = 336.792
ROUND 2138 A#37 and B#42 = 355.028
ROUND 2139 A#38 and B#42 = 343.14
ROUND 2140 A#39 and B#42 = 316.259
ROUND 2141 A#40 and B#42 = 290.229
ROUND 2142 A#41 and B#42 = 347.608
ROUND 2143 A#42 and B#42 = 289.529
ROUND 2144 A#43 and B#42 = 309.503
ROUND 2145 A#44 and B#42 = 406.472
ROUND 2146 A#45 and B#42 = 437.168
ROUND 2147 A#46 and B#42 = 453.992
ROUND 2148 A#47 and B#42 = 337.825
ROUND 2149 A#48 and B#42 = 213.849
ROUND 2150 A#49 and B#42 = 394.775
ROUND 2151 A#0 and B#43 = 302.245
ROUND 2152 A#1 and B#43 = 410.995
ROUND 2153 A#2 and B#43 = 376.891
ROUND 2154 A#3 and B#43 = 328.382
ROUND 2155 A#4 and B#43 = 319.535
ROUND 2156 A#5 and B#43 = 264.851
ROUND 2157 A#6 and B#43 = 339.849
ROUND 2158 A#7 and B#43 = 324.644
ROUND 2159 A#8 and B#43 = 355.846
ROUND 2160 A#9 and B#43 = 425.745
ROUND 2161 A#10 and B#43 = 297.519
ROUND 2162 A#11 and B#43 = 313.748
ROUND 2163 A#12 and B#43 = 409.429
ROUND 2164 A#13 and B#43 = 338.71
ROUND 2165 A#14 and B#43 = 289.727
ROUND 2166 A#15 and B#43 = 438.398
ROUND 2167 A#16 and B#43 = 320.837
ROUND 2168 A#17 and B#43 = 484.889
ROUND 2169 A#18 and B#43 = 320.492
ROUND 2170 A#19 and B#43 = 310.289
ROUND 2171 A#20 and B#43 = 303.083
ROUND 2172 A#21 and B#43 = 300.282
ROUND 2173 A#22 and B#43 = 317.135
ROUND 2174 A#23 and B#43 = 387.449
ROUND 2175 A#24 and B#43 = 393.42
ROUND 2176 A#25 and B#43 = 321.975
ROUND 2177 A#26 and B#43 = 374.386
ROUND 2178 A#27 and B#43 = 462.174
ROUND 2179 A#28 and B#43 = 389.479
ROUND 2180 A#29 and B#43 = 368.109
ROUND 2181 A#30 and B#43 = 372.106
ROUND 2182 A#31 and B#43 = 371.17
ROUND 2183 A#32 and B#43 = 354.505
ROUND 2184 A#33 and B#43 = 395.849
ROUND 2185 A#34 and B#43 = 271.897
ROUND 2186 A#35 and B#43 = 318.194
ROUND 2187 A#36 and B#43 = 341.741
ROUND 2188 A#37 and B#43 = 361.337
ROUND 2189 A#38 and B#43 = 343.255
ROUND 2190 A#39 and B#43 = 317.51
ROUND 2191 A#40 and B#43 = 290.112
ROUND 2192 A#41 and B#43 = 358.193
ROUND 2193 A#42 and B#43 = 297.399
ROUND 2194 A#43 and B#43 = 317.958
ROUND 2195 A#44 and B#43 = 424.071
ROUND 2196 A#45 and B#43 = 331.931
ROUND 2197 A#46 and B#43 = 455.651
ROUND 2198 A#47 and B#43 = 343.224
ROUND 2199 A#48 and B#43 = 482.427
ROUND 2200 A#49 and B#43 = 397.702
ROUND 2201 A#0 and B#44 = 293.452
ROUND 2202 A#1 and B#44 = 382.403
ROUND 2203 A#2 and B#44 = 315.932
ROUND 2204 A#3 and B#44 = 333.131
ROUND 2205 A#4 and B#44 = 311.077
ROUND 2206 A#5 and B#44 = 313.8
ROUND 2207 A#6 and B#44 = 347.099
ROUND 2208 A#7 and B#44 = 341.107
ROUND 2209 A#8 and B#44 = 419.327
ROUND 2210 A#9 and B#44 = 420.01
ROUND 2211 A#10 and B#44 = 303.559
ROUND 2212 A#11 and B#44 = 293.856
ROUND 2213 A#12 and B#44 = 427.421
ROUND 2214 A#13 and B#44 = 431.654
ROUND 2215 A#14 and B#44 = 346.872
ROUND 2216 A#15 and B#44 = 440.594
ROUND 2217 A#16 and B#44 = 392.866
ROUND 2218 A#17 and B#44 = 496.104
ROUND 2219 A#18 and B#44 = 289.894
ROUND 2220 A#19 and B#44 = 317.95
ROUND 2221 A#20 and B#44 = 292.289
ROUND 2222 A#21 and B#44 = 316.469
ROUND 2223 A#22 and B#44 = 293.228
ROUND 2224 A#23 and B#44 = 400.146
ROUND 2225 A#24 and B#44 = 452.517
ROUND 2226 A#25 and B#44 = 269.278
ROUND 2227 A#26 and B#44 = 390.07
ROUND 2228 A#27 and B#44 = 399.699
ROUND 2229 A#28 and B#44 = 384.945
ROUND 2230 A#29 and B#44 = 410.738
ROUND 2231 A#30 and B#44 = 387.252
ROUND 2232 A#31 and B#44 = 387.807
ROUND 2233 A#32 and B#44 = 392.352
ROUND 2234 A#33 and B#44 = 288.908
ROUND 2235 A#34 and B#44 = 270.02
ROUND 2236 A#35 and B#44 = 270.026
ROUND 2237 A#36 and B#44 = 375.201
ROUND 2238 A#37 and B#44 = 361.012
ROUND 2239 A#38 and B#44 = 279.279
ROUND 2240 A#39 and B#44 = 322.892
ROUND 2241 A#40 and B#44 = 315.937
ROUND 2242 A#41 and B#44 = 349.649
ROUND 2243 A#42 and B#44 = 308.003
ROUND 2244 A#43 and B#44 = 336.611
ROUND 2245 A#44 and B#44 = 403.077
ROUND 2246 A#45 and B#44 = 413.463
ROUND 2247 A#46 and B#44 = 428.506
ROUND 2248 A#47 and B#44 = 337.816
ROUND 2249 A#48 and B#44 = 486.803
ROUND 2250 A#49 and B#44 = 421.215
ROUND 2251 A#0 and B#45 = 301.341
ROUND 2252 A#1 and B#45 = 379.356
ROUND 2253 A#2 and B#45 = 371.084
ROUND 2254 A#3 and B#45 = 371.088
ROUND 2255 A#4 and B#45 = 428.581
ROUND 2256 A#5 and B#45 = 315.065
ROUND 2257 A#6 and B#45 = 346.373
ROUND 2258 A#7 and B#45 = 340.154
ROUND 2259 A#8 and B#45 = 424.759
ROUND 2260 A#9 and B#45 = 419.737
ROUND 2261 A#10 and B#45 = 304.368
ROUND 2262 A#11 and B#45 = 291.894
ROUND 2263 A#12 and B#45 = 303.35
ROUND 2264 A#13 and B#45 = 386.235
ROUND 2265 A#14 and B#45 = 361.828
ROUND 2266 A#15 and B#45 = 440.695
ROUND 2267 A#16 and B#45 = 375.304
ROUND 2268 A#17 and B#45 = 493.548
ROUND 2269 A#18 and B#45 = 292.506
ROUND 2270 A#19 and B#45 = 272.486
ROUND 2271 A#20 and B#45 = 293.31
ROUND 2272 A#21 and B#45 = 289.812
ROUND 2273 A#22 and B#45 = 294.586
ROUND 2274 A#23 and B#45 = 401.437
ROUND 2275 A#24 and B#45 = 409.178
ROUND 2276 A#25 and B#45 = 279.762
ROUND 2277 A#26 and B#45 = 298.268
ROUND 2278 A#27 and B#45 = 380.01
ROUND 2279 A#28 and B#45 = 363.453
ROUND 2280 A#29 and B#45 = 414.113
ROUND 2281 A#30 and B#45 = 376.351
ROUND 2282 A#31 and B#45 = 377.572
ROUND 2283 A#32 and B#45 = 288.075
ROUND 2284 A#33 and B#45 = 507.692
ROUND 2285 A#34 and B#45 = 286.84
ROUND 2286 A#35 and B#45 = 270.695
ROUND 2287 A#36 and B#45 = 300.471
ROUND 2288 A#37 and B#45 = 352.964
ROUND 2289 A#38 and B#45 = 307.498
ROUND 2290 A#39 and B#45 = 321.736
ROUND 2291 A#40 and B#45 = 315.737
ROUND 2292 A#41 and B#45 = 342.352
ROUND 2293 A#42 and B#45 = 303.12
ROUND 2294 A#43 and B#45 = 337.539
ROUND 2295 A#44 and B#45 = 403.318
ROUND 2296 A#45 and B#45 = 294.701
ROUND 2297 A#46 and B#45 = 335.209
ROUND 2298 A#47 and B#45 = 406.299
ROUND 2299 A#48 and B#45 = 485.886
ROUND 2300 A#49 and B#45 = 419.286
ROUND 2301 A#0 and B#46 = 327.294
ROUND 2302 A#1 and B#46 = 336.19
ROUND 2303 A#2 and B#46 = 316.784
ROUND 2304 A#3 and B#46 = 300.499
ROUND 2305 A#4 and B#46 = 316.492
ROUND 2306 A#5 and B#46 = 296.159
ROUND 2307 A#6 and B#46 = 367.437
ROUND 2308 A#7 and B#46 = 347.831
ROUND 2309 A#8 and B#46 = 344.319
ROUND 2310 A#9 and B#46 = 388.715
ROUND 2311 A#10 and B#46 = 296.71
ROUND 2312 A#11 and B#46 = 292.091
ROUND 2313 A#12 and B#46 = 350.537
ROUND 2314 A#13 and B#46 = 333.038
ROUND 2315 A#14 and B#46 = 461.346
ROUND 2316 A#15 and B#46 = 397.533
ROUND 2317 A#16 and B#46 = 315.008
ROUND 2318 A#17 and B#46 = 486.082
ROUND 2319 A#18 and B#46 = 344.885
ROUND 2320 A#19 and B#46 = 335.963
ROUND 2321 A#20 and B#46 = 302.863
ROUND 2322 A#21 and B#46 = 311.981
ROUND 2323 A#22 and B#46 = 316.359
ROUND 2324 A#23 and B#46 = 392.329
ROUND 2325 A#24 and B#46 = 390.588
ROUND 2326 A#25 and B#46 = 365.804
ROUND 2327 A#26 and B#46 = 378.462
ROUND 2328 A#27 and B#46 = 472.507
ROUND 2329 A#28 and B#46 = 383.597
ROUND 2330 A#29 and B#46 = 333.825
ROUND 2331 A#30 and B#46 = 305.694
ROUND 2332 A#31 and B#46 = 302.627
ROUND 2333 A#32 and B#46 = 250.105
ROUND 2334 A#33 and B#46 = 392.807
ROUND 2335 A#34 and B#46 = 288.919
ROUND 2336 A#35 and B#46 = 351.742
ROUND 2337 A#36 and B#46 = 367.123
ROUND 2338 A#37 and B#46 = 324.846
ROUND 2339 A#38 and B#46 = 294.061
ROUND 2340 A#39 and B#46 = 310.103
ROUND 2341 A#40 and B#46 = 315.51
ROUND 2342 A#41 and B#46 = 315.941
ROUND 2343 A#42 and B#46 = 337.072
ROUND 2344 A#43 and B#46 = 338.661
ROUND 2345 A#44 and B#46 = 401.373
ROUND 2346 A#45 and B#46 = 265.732
ROUND 2347 A#46 and B#46 = 320.456
ROUND 2348 A#47 and B#46 = 298.757
ROUND 2349 A#48 and B#46 = 426.339
ROUND 2350 A#49 and B#46 = 435.433
ROUND 2351 A#0 and B#47 = 296.575
ROUND 2352 A#1 and B#47 = 371.725
ROUND 2353 A#2 and B#47 = 316.633
ROUND 2354 A#3 and B#47 = 335.325
ROUND 2355 A#4 and B#47 = 311.036
ROUND 2356 A#5 and B#47 = 496.478
ROUND 2357 A#6 and B#47 = 330.897
ROUND 2358 A#7 and B#47 = 339.403
ROUND 2359 A#8 and B#47 = 316.634
ROUND 2360 A#9 and B#47 = 402.608
ROUND 2361 A#10 and B#47 = 304.922
ROUND 2362 A#11 and B#47 = 310.853
ROUND 2363 A#12 and B#47 = 325.551
ROUND 2364 A#13 and B#47 = 328.174
ROUND 2365 A#14 and B#47 = 321.781
ROUND 2366 A#15 and B#47 = 436.009
ROUND 2367 A#16 and B#47 = 384.164
ROUND 2368 A#17 and B#47 = 491.699
ROUND 2369 A#18 and B#47 = 288.059
ROUND 2370 A#19 and B#47 = 309.871
ROUND 2371 A#20 and B#47 = 321.321
ROUND 2372 A#21 and B#47 = 313.471
ROUND 2373 A#22 and B#47 = 309.798
ROUND 2374 A#23 and B#47 = 400.599
ROUND 2375 A#24 and B#47 = 448.9
ROUND 2376 A#25 and B#47 = 249.561
ROUND 2377 A#26 and B#47 = 298.536
ROUND 2378 A#27 and B#47 = 393.365
ROUND 2379 A#28 and B#47 = 382.451
ROUND 2380 A#29 and B#47 = 411.018
ROUND 2381 A#30 and B#47 = 380.947
ROUND 2382 A#31 and B#47 = 376.571
ROUND 2383 A#32 and B#47 = 383.796
ROUND 2384 A#33 and B#47 = 276.747
ROUND 2385 A#34 and B#47 = 270.499
ROUND 2386 A#35 and B#47 = 270.648
ROUND 2387 A#36 and B#47 = 367.589
ROUND 2388 A#37 and B#47 = 374.301
ROUND 2389 A#38 and B#47 = 336.289
ROUND 2390 A#39 and B#47 = 323.491
ROUND 2391 A#40 and B#47 = 314.629
ROUND 2392 A#41 and B#47 = 360.892
ROUND 2393 A#42 and B#47 = 306.014
ROUND 2394 A#43 and B#47 = 335.377
ROUND 2395 A#44 and B#47 = 386.28
ROUND 2396 A#45 and B#47 = 383.076
ROUND 2397 A#46 and B#47 = 426.994
ROUND 2398 A#47 and B#47 = 332.753
ROUND 2399 A#48 and B#47 = 486.863
ROUND 2400 A#49 and B#47 = 344.473
ROUND 2401 A#0 and B#48 = 300.186
ROUND 2402 A#1 and B#48 = 384.073
ROUND 2403 A#2 and B#48 = 317.73
ROUND 2404 A#3 and B#48 = 335.3
ROUND 2405 A#4 and B#48 = 312.172
ROUND 2406 A#5 and B#48 = 312.468
ROUND 2407 A#6 and B#48 = 345.847
ROUND 2408 A#7 and B#48 = 339.926
ROUND 2409 A#8 and B#48 = 377.545
ROUND 2410 A#9 and B#48 = 419.088
ROUND 2411 A#10 and B#48 = 304.959
ROUND 2412 A#11 and B#48 = 310.134
ROUND 2413 A#12 and B#48 = 352.754
ROUND 2414 A#13 and B#48 = 431.682
ROUND 2415 A#14 and B#48 = 346.972
ROUND 2416 A#15 and B#48 = 440.265
ROUND 2417 A#16 and B#48 = 392.022
ROUND 2418 A#17 and B#48 = 493.704
ROUND 2419 A#18 and B#48 = 288.979
ROUND 2420 A#19 and B#48 = 319.088
ROUND 2421 A#20 and B#48 = 321.408
ROUND 2422 A#21 and B#48 = 313.098
ROUND 2423 A#22 and B#48 = 310.843
ROUND 2424 A#23 and B#48 = 401.674
ROUND 2425 A#24 and B#48 = 453.582
ROUND 2426 A#25 and B#48 = 268.497
ROUND 2427 A#26 and B#48 = 391.347
ROUND 2428 A#27 and B#48 = 399.154
ROUND 2429 A#28 and B#48 = 384.896
ROUND 2430 A#29 and B#48 = 411.814
ROUND 2431 A#30 and B#48 = 388.515
ROUND 2432 A#31 and B#48 = 388.833
ROUND 2433 A#32 and B#48 = 289.086
ROUND 2434 A#33 and B#48 = 288.959
ROUND 2435 A#34 and B#48 = 269.844
ROUND 2436 A#35 and B#48 = 270.148
ROUND 2437 A#36 and B#48 = 377.264
ROUND 2438 A#37 and B#48 = 362.037
ROUND 2439 A#38 and B#48 = 336.334
ROUND 2440 A#39 and B#48 = 322.708
ROUND 2441 A#40 and B#48 = 315
ROUND 2442 A#41 and B#48 = 350.46
ROUND 2443 A#42 and B#48 = 309.116
ROUND 2444 A#43 and B#48 = 334.914
ROUND 2445 A#44 and B#48 = 402.453
ROUND 2446 A#45 and B#48 = 343.776
ROUND 2447 A#46 and B#48 = 428.127
ROUND 2448 A#47 and B#48 = 338.73
ROUND 2449 A#48 and B#48 = 487.244
ROUND 2450 A#49 and B#48 = 386.945
ROUND 2451 A#0 and B#49 = 315.41
ROUND 2452 A#1 and B#49 = 473.172
ROUND 2453 A#2 and B#49 = 336.116
ROUND 2454 A#3 and B#49 = 323.153
ROUND 2455 A#4 and B#49 = 334.174
ROUND 2456 A#5 and B#49 = 446.861
ROUND 2457 A#6 and B#49 = 345.792
ROUND 2458 A#7 and B#49 = 309.794
ROUND 2459 A#8 and B#49 = 474.412
ROUND 2460 A#9 and B#49 = 420.732
ROUND 2461 A#10 and B#49 = 319.861
ROUND 2462 A#11 and B#49 = 277.51
ROUND 2463 A#12 and B#49 = 305.042
ROUND 2464 A#13 and B#49 = 348.424
ROUND 2465 A#14 and B#49 = 426.436
ROUND 2466 A#15 and B#49 = 361.075
ROUND 2467 A#16 and B#49 = 463.858
ROUND 2468 A#17 and B#49 = 458.088
ROUND 2469 A#18 and B#49 = 486.497
ROUND 2470 A#19 and B#49 = 488.25
ROUND 2471 A#20 and B#49 = 489.432
ROUND 2472 A#21 and B#49 = 489.032
ROUND 2473 A#22 and B#49 = 488.79
ROUND 2474 A#23 and B#49 = 347.817
ROUND 2475 A#24 and B#49 = 358.55
ROUND 2476 A#25 and B#49 = 388.904
ROUND 2477 A#26 and B#49 = 425.088
ROUND 2478 A#27 and B#49 = 366.985
ROUND 2479 A#28 and B#49 = 481.134
ROUND 2480 A#29 and B#49 = 371.613
ROUND 2481 A#30 and B#49 = 499.766
ROUND 2482 A#31 and B#49 = 497.441
ROUND 2483 A#32 and B#49 = 484.034
ROUND 2484 A#33 and B#49 = 356.202
ROUND 2485 A#34 and B#49 = 304.193
ROUND 2486 A#35 and B#49 = 293.513
ROUND 2487 A#36 and B#49 = 449.839
ROUND 2488 A#37 and B#49 = 299.607
ROUND 2489 A#38 and B#49 = 315.232
ROUND 2490 A#39 and B#49 = 436.09
ROUND 2491 A#40 and B#49 = 435.729
ROUND 2492 A#41 and B#49 = 301.629
ROUND 2493 A#42 and B#49 = 286.615
ROUND 2494 A#43 and B#49 = 348.347
ROUND 2495 A#44 and B#49 = 378.377
ROUND 2496 A#45 and B#49 = 411.421
ROUND 2497 A#46 and B#49 = 310.648
ROUND 2498 A#47 and B#49 = 359.08
ROUND 2499 A#48 and B#49 = 376.729
ROUND 2500 A#49 and B#49 = 220.82

The best overlap is between conformer A#33 and B#45, which, after PCA followed by Steepest Descent, produces a volume overlap of 507.692
Tanimoto (Hodgkin) similarity index: 0.439856

Saving those best conformers to file...
WRITING MOLECULE TO FILE '../ALL_PAIRS_BQ123_AS_REFERENCE/ROKS2/BQ123-ACT132577.mol2' (WILL OVERWRITE EXISTING FILE IF ANY)...
WRITING MOLECULE TO FILE '../ALL_PAIRS_BQ123_AS_REFERENCE/ROKS2/BQ123-ACT132577.mol2'...
