Finished importing molecules
WARNING: LAPACK DSYEV() RETURNED NON-ZERO ERROR CODE 2
WARNING: LAPACK DSYEV() RETURNED NON-ZERO ERROR CODE 3
WARNING: LAPACK DSYEV() RETURNED NON-ZERO ERROR CODE 2
WARNING: LAPACK DSYEV() RETURNED NON-ZERO ERROR CODE 3
WARNING: LAPACK DSYEV() RETURNED NON-ZERO ERROR CODE 2
WARNING: LAPACK DSYEV() RETURNED NON-ZERO ERROR CODE 2
WARNING: LAPACK DSYEV() RETURNED NON-ZERO ERROR CODE 2
WARNING: LAPACK DSYEV() RETURNED NON-ZERO ERROR CODE 2
WARNING: LAPACK DSYEV() RETURNED NON-ZERO ERROR CODE 3
WARNING: LAPACK DSYEV() RETURNED NON-ZERO ERROR CODE 2
WARNING: LAPACK DSYEV() RETURNED NON-ZERO ERROR CODE 2
WARNING: LAPACK DSYEV() RETURNED NON-ZERO ERROR CODE 3
WARNING: LAPACK DSYEV() RETURNED NON-ZERO ERROR CODE 3
WARNING: LAPACK DSYEV() RETURNED NON-ZERO ERROR CODE 3
WARNING: LAPACK DSYEV() RETURNED NON-ZERO ERROR CODE 3
WARNING: LAPACK DSYEV() RETURNED NON-ZERO ERROR CODE 3
WARNING: LAPACK DSYEV() RETURNED NON-ZERO ERROR CODE 3
WARNING: LAPACK DSYEV() RETURNED NON-ZERO ERROR CODE 2
WARNING: LAPACK DSYEV() RETURNED NON-ZERO ERROR CODE 2
WARNING: LAPACK DSYEV() RETURNED NON-ZERO ERROR CODE 3
WARNING: LAPACK DSYEV() RETURNED NON-ZERO ERROR CODE 3
WARNING: LAPACK DSYEV() RETURNED NON-ZERO ERROR CODE 2
WARNING: LAPACK DSYEV() RETURNED NON-ZERO ERROR CODE 2
WARNING: LAPACK DSYEV() RETURNED NON-ZERO ERROR CODE 3
WARNING: LAPACK DSYEV() RETURNED NON-ZERO ERROR CODE 3
WARNING: LAPACK DSYEV() RETURNED NON-ZERO ERROR CODE 3
WARNING: LAPACK DSYEV() RETURNED NON-ZERO ERROR CODE 3
WARNING: LAPACK DSYEV() RETURNED NON-ZERO ERROR CODE 3
WARNING: LAPACK DSYEV() RETURNED NON-ZERO ERROR CODE 2
WARNING: LAPACK DSYEV() RETURNED NON-ZERO ERROR CODE 2
WARNING: LAPACK DSYEV() RETURNED NON-ZERO ERROR CODE 3
WARNING: LAPACK DSYEV() RETURNED NON-ZERO ERROR CODE 3
WARNING: LAPACK DSYEV() RETURNED NON-ZERO ERROR CODE 2
WARNING: LAPACK DSYEV() RETURNED NON-ZERO ERROR CODE 3
WARNING: LAPACK DSYEV() RETURNED NON-ZERO ERROR CODE 2
WARNING: LAPACK DSYEV() RETURNED NON-ZERO ERROR CODE 3
WARNING: LAPACK DSYEV() RETURNED NON-ZERO ERROR CODE 2
WARNING: LAPACK DSYEV() RETURNED NON-ZERO ERROR CODE 3
WARNING: LAPACK DSYEV() RETURNED NON-ZERO ERROR CODE 3
WARNING: LAPACK DSYEV() RETURNED NON-ZERO ERROR CODE 3
WARNING: LAPACK DSYEV() RETURNED NON-ZERO ERROR CODE 2
WARNING: LAPACK DSYEV() RETURNED NON-ZERO ERROR CODE 2
WARNING: LAPACK DSYEV() RETURNED NON-ZERO ERROR CODE 3
WARNING: LAPACK DSYEV() RETURNED NON-ZERO ERROR CODE 3
WARNING: LAPACK DSYEV() RETURNED NON-ZERO ERROR CODE 3
WARNING: LAPACK DSYEV() RETURNED NON-ZERO ERROR CODE 3
WARNING: LAPACK DSYEV() RETURNED NON-ZERO ERROR CODE 3
WARNING: LAPACK DSYEV() RETURNED NON-ZERO ERROR CODE 3
WARNING: LAPACK DSYEV() RETURNED NON-ZERO ERROR CODE 3
WARNING: LAPACK DSYEV() RETURNED NON-ZERO ERROR CODE 3
WARNING: LAPACK DSYEV() RETURNED NON-ZERO ERROR CODE 2
WARNING: LAPACK DSYEV() RETURNED NON-ZERO ERROR CODE 3
WARNING: LAPACK DSYEV() RETURNED NON-ZERO ERROR CODE 3
WARNING: LAPACK DSYEV() RETURNED NON-ZERO ERROR CODE 2
WARNING: LAPACK DSYEV() RETURNED NON-ZERO ERROR CODE 3
WARNING: LAPACK DSYEV() RETURNED NON-ZERO ERROR CODE 2
WARNING: LAPACK DSYEV() RETURNED NON-ZERO ERROR CODE 2
WARNING: LAPACK DSYEV() RETURNED NON-ZERO ERROR CODE 3
WARNING: LAPACK DSYEV() RETURNED NON-ZERO ERROR CODE 3
WARNING: LAPACK DSYEV() RETURNED NON-ZERO ERROR CODE 3
WARNING: LAPACK DSYEV() RETURNED NON-ZERO ERROR CODE 2
WARNING: LAPACK DSYEV() RETURNED NON-ZERO ERROR CODE 3
WARNING: LAPACK DSYEV() RETURNED NON-ZERO ERROR CODE 2
WARNING: LAPACK DSYEV() RETURNED NON-ZERO ERROR CODE 3
WARNING: LAPACK DSYEV() RETURNED NON-ZERO ERROR CODE 2
WARNING: LAPACK DSYEV() RETURNED NON-ZERO ERROR CODE 2
WARNING: LAPACK DSYEV() RETURNED NON-ZERO ERROR CODE 3
WARNING: LAPACK DSYEV() RETURNED NON-ZERO ERROR CODE 2
WARNING: LAPACK DSYEV() RETURNED NON-ZERO ERROR CODE 2
WARNING: LAPACK DSYEV() RETURNED NON-ZERO ERROR CODE 2
WARNING: LAPACK DSYEV() RETURNED NON-ZERO ERROR CODE 2
WARNING: LAPACK DSYEV() RETURNED NON-ZERO ERROR CODE 3
WARNING: LAPACK DSYEV() RETURNED NON-ZERO ERROR CODE 3
WARNING: LAPACK DSYEV() RETURNED NON-ZERO ERROR CODE 3
WARNING: LAPACK DSYEV() RETURNED NON-ZERO ERROR CODE 3
WARNING: LAPACK DSYEV() RETURNED NON-ZERO ERROR CODE 3
WARNING: LAPACK DSYEV() RETURNED NON-ZERO ERROR CODE 2
WARNING: LAPACK DSYEV() RETURNED NON-ZERO ERROR CODE 2
WARNING: LAPACK DSYEV() RETURNED NON-ZERO ERROR CODE 3
WARNING: LAPACK DSYEV() RETURNED NON-ZERO ERROR CODE 3
WARNING: LAPACK DSYEV() RETURNED NON-ZERO ERROR CODE 2
WARNING: LAPACK DSYEV() RETURNED NON-ZERO ERROR CODE 3
WARNING: LAPACK DSYEV() RETURNED NON-ZERO ERROR CODE 2
WARNING: LAPACK DSYEV() RETURNED NON-ZERO ERROR CODE 3
WARNING: LAPACK DSYEV() RETURNED NON-ZERO ERROR CODE 2
WARNING: LAPACK DSYEV() RETURNED NON-ZERO ERROR CODE 3
WARNING: LAPACK DSYEV() RETURNED NON-ZERO ERROR CODE 3
WARNING: LAPACK DSYEV() RETURNED NON-ZERO ERROR CODE 2
WARNING: LAPACK DSYEV() RETURNED NON-ZERO ERROR CODE 2
WARNING: LAPACK DSYEV() RETURNED NON-ZERO ERROR CODE 3
WARNING: LAPACK DSYEV() RETURNED NON-ZERO ERROR CODE 3
WARNING: LAPACK DSYEV() RETURNED NON-ZERO ERROR CODE 3
WARNING: LAPACK DSYEV() RETURNED NON-ZERO ERROR CODE 3
WARNING: LAPACK DSYEV() RETURNED NON-ZERO ERROR CODE 3
WARNING: LAPACK DSYEV() RETURNED NON-ZERO ERROR CODE 2
WARNING: LAPACK DSYEV() RETURNED NON-ZERO ERROR CODE 2
WARNING: LAPACK DSYEV() RETURNED NON-ZERO ERROR CODE 2
WARNING: LAPACK DSYEV() RETURNED NON-ZERO ERROR CODE 2
WARNING: LAPACK DSYEV() RETURNED NON-ZERO ERROR CODE 2
WARNING: LAPACK DSYEV() RETURNED NON-ZERO ERROR CODE 3
Finished setting up data; running search...
ROUND 1 A#0 and B#0 = 439.473
ROUND 2 A#1 and B#0 = 366.789
ROUND 3 A#2 and B#0 = 433.183
ROUND 4 A#3 and B#0 = 443.709
ROUND 5 A#4 and B#0 = 438.827
ROUND 6 A#5 and B#0 = 448.286
ROUND 7 A#6 and B#0 = 448.366
ROUND 8 A#7 and B#0 = 432.318
ROUND 9 A#8 and B#0 = 423.58
ROUND 10 A#9 and B#0 = 441.464
ROUND 11 A#10 and B#0 = 437.204
ROUND 12 A#11 and B#0 = 453.439
ROUND 13 A#12 and B#0 = 458.907
ROUND 14 A#13 and B#0 = 442.372
ROUND 15 A#14 and B#0 = 418.99
ROUND 16 A#15 and B#0 = 459.868
ROUND 17 A#16 and B#0 = 442.085
ROUND 18 A#17 and B#0 = 444.121
ROUND 19 A#18 and B#0 = 447.362
ROUND 20 A#19 and B#0 = 422.115
ROUND 21 A#20 and B#0 = 444.187
ROUND 22 A#21 and B#0 = 450
ROUND 23 A#22 and B#0 = 453.225
ROUND 24 A#23 and B#0 = 450.621
ROUND 25 A#24 and B#0 = 455.965
ROUND 26 A#25 and B#0 = 460.218
ROUND 27 A#26 and B#0 = 424.78
ROUND 28 A#27 and B#0 = 449.867
ROUND 29 A#28 and B#0 = 450.581
ROUND 30 A#29 and B#0 = 443.771
ROUND 31 A#30 and B#0 = 419.637
ROUND 32 A#31 and B#0 = 460.965
ROUND 33 A#32 and B#0 = 416.105
ROUND 34 A#33 and B#0 = 453.203
ROUND 35 A#34 and B#0 = 415.543
ROUND 36 A#35 and B#0 = 461.331
ROUND 37 A#36 and B#0 = 419.055
ROUND 38 A#37 and B#0 = 421.713
ROUND 39 A#38 and B#0 = 452.115
ROUND 40 A#39 and B#0 = 456.937
ROUND 41 A#40 and B#0 = 417.094
ROUND 42 A#41 and B#0 = 416.661
ROUND 43 A#42 and B#0 = 465.943
ROUND 44 A#43 and B#0 = 424.751
ROUND 45 A#44 and B#0 = 466.979
ROUND 46 A#45 and B#0 = 468.959
ROUND 47 A#46 and B#0 = 470.28
ROUND 48 A#47 and B#0 = 466.394
ROUND 49 A#48 and B#0 = 468.582
ROUND 50 A#49 and B#0 = 471.188
ROUND 51 A#0 and B#1 = 373.798
ROUND 52 A#1 and B#1 = 427.385
ROUND 53 A#2 and B#1 = 424.921
ROUND 54 A#3 and B#1 = 369.253
ROUND 55 A#4 and B#1 = 462.077
ROUND 56 A#5 and B#1 = 379.975
ROUND 57 A#6 and B#1 = 476.336
ROUND 58 A#7 and B#1 = 405.752
ROUND 59 A#8 and B#1 = 497.846
ROUND 60 A#9 and B#1 = 462.484
ROUND 61 A#10 and B#1 = 461.846
ROUND 62 A#11 and B#1 = 366.098
ROUND 63 A#12 and B#1 = 362.429
ROUND 64 A#13 and B#1 = 369.175
ROUND 65 A#14 and B#1 = 497.166
ROUND 66 A#15 and B#1 = 495.091
ROUND 67 A#16 and B#1 = 369.709
ROUND 68 A#17 and B#1 = 408.293
ROUND 69 A#18 and B#1 = 354.697
ROUND 70 A#19 and B#1 = 496.992
ROUND 71 A#20 and B#1 = 369.211
ROUND 72 A#21 and B#1 = 409.282
ROUND 73 A#22 and B#1 = 352.659
ROUND 74 A#23 and B#1 = 360.606
ROUND 75 A#24 and B#1 = 360.678
ROUND 76 A#25 and B#1 = 362.272
ROUND 77 A#26 and B#1 = 497.761
ROUND 78 A#27 and B#1 = 366.279
ROUND 79 A#28 and B#1 = 353.64
ROUND 80 A#29 and B#1 = 406.4
ROUND 81 A#30 and B#1 = 497.921
ROUND 82 A#31 and B#1 = 491.561
ROUND 83 A#32 and B#1 = 509.205
ROUND 84 A#33 and B#1 = 366.063
ROUND 85 A#34 and B#1 = 321.791
ROUND 86 A#35 and B#1 = 492.115
ROUND 87 A#36 and B#1 = 505.279
ROUND 88 A#37 and B#1 = 497.932
ROUND 89 A#38 and B#1 = 366.147
ROUND 90 A#39 and B#1 = 491.931
ROUND 91 A#40 and B#1 = 321.87
ROUND 92 A#41 and B#1 = 507.919
ROUND 93 A#42 and B#1 = 501.706
ROUND 94 A#43 and B#1 = 494.856
ROUND 95 A#44 and B#1 = 501.648
ROUND 96 A#45 and B#1 = 495.663
ROUND 97 A#46 and B#1 = 497.664
ROUND 98 A#47 and B#1 = 497.341
ROUND 99 A#48 and B#1 = 498.389
ROUND 100 A#49 and B#1 = 501.637
ROUND 101 A#0 and B#2 = 307.412
ROUND 102 A#1 and B#2 = 429.634
ROUND 103 A#2 and B#2 = 426.033
ROUND 104 A#3 and B#2 = 374.832
ROUND 105 A#4 and B#2 = 461.518
ROUND 106 A#5 and B#2 = 307.469
ROUND 107 A#6 and B#2 = 453.612
ROUND 108 A#7 and B#2 = 364.574
ROUND 109 A#8 and B#2 = 497.065
ROUND 110 A#9 and B#2 = 461.918
ROUND 111 A#10 and B#2 = 461.265
ROUND 112 A#11 and B#2 = 377.452
ROUND 113 A#12 and B#2 = 376.709
ROUND 114 A#13 and B#2 = 373.372
ROUND 115 A#14 and B#2 = 496.15
ROUND 116 A#15 and B#2 = 353.886
ROUND 117 A#16 and B#2 = 376.24
ROUND 118 A#17 and B#2 = 407.753
ROUND 119 A#18 and B#2 = 360.615
ROUND 120 A#19 and B#2 = 495.991
ROUND 121 A#20 and B#2 = 374.818
ROUND 122 A#21 and B#2 = 358.563
ROUND 123 A#22 and B#2 = 358.379
ROUND 124 A#23 and B#2 = 374.199
ROUND 125 A#24 and B#2 = 375.177
ROUND 126 A#25 and B#2 = 377.463
ROUND 127 A#26 and B#2 = 496.519
ROUND 128 A#27 and B#2 = 375.107
ROUND 129 A#28 and B#2 = 359.481
ROUND 130 A#29 and B#2 = 360.922
ROUND 131 A#30 and B#2 = 496.813
ROUND 132 A#31 and B#2 = 348.787
ROUND 133 A#32 and B#2 = 310.757
ROUND 134 A#33 and B#2 = 377.679
ROUND 135 A#34 and B#2 = 320.465
ROUND 136 A#35 and B#2 = 358.154
ROUND 137 A#36 and B#2 = 310.931
ROUND 138 A#37 and B#2 = 496.844
ROUND 139 A#38 and B#2 = 376.728
ROUND 140 A#39 and B#2 = 353.865
ROUND 141 A#40 and B#2 = 320.356
ROUND 142 A#41 and B#2 = 310.863
ROUND 143 A#42 and B#2 = 350.126
ROUND 144 A#43 and B#2 = 498.845
ROUND 145 A#44 and B#2 = 348.589
ROUND 146 A#45 and B#2 = 499.436
ROUND 147 A#46 and B#2 = 350.634
ROUND 148 A#47 and B#2 = 501.279
ROUND 149 A#48 and B#2 = 502.125
ROUND 150 A#49 and B#2 = 505.295
ROUND 151 A#0 and B#3 = 347.011
ROUND 152 A#1 and B#3 = 480.499
ROUND 153 A#2 and B#3 = 367.859
ROUND 154 A#3 and B#3 = 381.279
ROUND 155 A#4 and B#3 = 457.614
ROUND 156 A#5 and B#3 = 482.458
ROUND 157 A#6 and B#3 = 481.901
ROUND 158 A#7 and B#3 = 384.814
ROUND 159 A#8 and B#3 = 297.885
ROUND 160 A#9 and B#3 = 456.948
ROUND 161 A#10 and B#3 = 458.172
ROUND 162 A#11 and B#3 = 381.447
ROUND 163 A#12 and B#3 = 381.227
ROUND 164 A#13 and B#3 = 380.492
ROUND 165 A#14 and B#3 = 296.035
ROUND 166 A#15 and B#3 = 498.53
ROUND 167 A#16 and B#3 = 382.645
ROUND 168 A#17 and B#3 = 381.965
ROUND 169 A#18 and B#3 = 388.064
ROUND 170 A#19 and B#3 = 297.093
ROUND 171 A#20 and B#3 = 381.272
ROUND 172 A#21 and B#3 = 385.113
ROUND 173 A#22 and B#3 = 384.49
ROUND 174 A#23 and B#3 = 502.215
ROUND 175 A#24 and B#3 = 296.673
ROUND 176 A#25 and B#3 = 381.954
ROUND 177 A#26 and B#3 = 298.158
ROUND 178 A#27 and B#3 = 380.039
ROUND 179 A#28 and B#3 = 386.369
ROUND 180 A#29 and B#3 = 385.386
ROUND 181 A#30 and B#3 = 296.635
ROUND 182 A#31 and B#3 = 494.339
ROUND 183 A#32 and B#3 = 488.683
ROUND 184 A#33 and B#3 = 381.721
ROUND 185 A#34 and B#3 = 262.911
ROUND 186 A#35 and B#3 = 491.318
ROUND 187 A#36 and B#3 = 483.873
ROUND 188 A#37 and B#3 = 297.425
ROUND 189 A#38 and B#3 = 381.014
ROUND 190 A#39 and B#3 = 494.571
ROUND 191 A#40 and B#3 = 256.646
ROUND 192 A#41 and B#3 = 486.956
ROUND 193 A#42 and B#3 = 502.486
ROUND 194 A#43 and B#3 = 495.421
ROUND 195 A#44 and B#3 = 503.351
ROUND 196 A#45 and B#3 = 495.877
ROUND 197 A#46 and B#3 = 498.175
ROUND 198 A#47 and B#3 = 498.837
ROUND 199 A#48 and B#3 = 499.098
ROUND 200 A#49 and B#3 = 503.271
ROUND 201 A#0 and B#4 = 425.428
ROUND 202 A#1 and B#4 = 471.178
ROUND 203 A#2 and B#4 = 434.433
ROUND 204 A#3 and B#4 = 507.935
ROUND 205 A#4 and B#4 = 449.011
ROUND 206 A#5 and B#4 = 425.687
ROUND 207 A#6 and B#4 = 425.618
ROUND 208 A#7 and B#4 = 418.38
ROUND 209 A#8 and B#4 = 510.278
ROUND 210 A#9 and B#4 = 448.671
ROUND 211 A#10 and B#4 = 469.241
ROUND 212 A#11 and B#4 = 510.516
ROUND 213 A#12 and B#4 = 491.213
ROUND 214 A#13 and B#4 = 506.648
ROUND 215 A#14 and B#4 = 506.303
ROUND 216 A#15 and B#4 = 474.051
ROUND 217 A#16 and B#4 = 504.791
ROUND 218 A#17 and B#4 = 434.003
ROUND 219 A#18 and B#4 = 421.742
ROUND 220 A#19 and B#4 = 508.347
ROUND 221 A#20 and B#4 = 508.654
ROUND 222 A#21 and B#4 = 423.077
ROUND 223 A#22 and B#4 = 423.85
ROUND 224 A#23 and B#4 = 476.989
ROUND 225 A#24 and B#4 = 484.976
ROUND 226 A#25 and B#4 = 492.898
ROUND 227 A#26 and B#4 = 510.867
ROUND 228 A#27 and B#4 = 507.73
ROUND 229 A#28 and B#4 = 422.831
ROUND 230 A#29 and B#4 = 425.122
ROUND 231 A#30 and B#4 = 508.333
ROUND 232 A#31 and B#4 = 469.554
ROUND 233 A#32 and B#4 = 439.99
ROUND 234 A#33 and B#4 = 510.672
ROUND 235 A#34 and B#4 = 438.588
ROUND 236 A#35 and B#4 = 471.049
ROUND 237 A#36 and B#4 = 437.11
ROUND 238 A#37 and B#4 = 509.394
ROUND 239 A#38 and B#4 = 509.218
ROUND 240 A#39 and B#4 = 470.618
ROUND 241 A#40 and B#4 = 438.434
ROUND 242 A#41 and B#4 = 438.627
ROUND 243 A#42 and B#4 = 481.492
ROUND 244 A#43 and B#4 = 474.323
ROUND 245 A#44 and B#4 = 481.444
ROUND 246 A#45 and B#4 = 475.457
ROUND 247 A#46 and B#4 = 477.388
ROUND 248 A#47 and B#4 = 476.579
ROUND 249 A#48 and B#4 = 477.915
ROUND 250 A#49 and B#4 = 481.473
ROUND 251 A#0 and B#5 = 440.832
ROUND 252 A#1 and B#5 = 480.604
ROUND 253 A#2 and B#5 = 407.383
ROUND 254 A#3 and B#5 = 506.755
ROUND 255 A#4 and B#5 = 378.902
ROUND 256 A#5 and B#5 = 422.989
ROUND 257 A#6 and B#5 = 422.9
ROUND 258 A#7 and B#5 = 404.309
ROUND 259 A#8 and B#5 = 443.645
ROUND 260 A#9 and B#5 = 380.114
ROUND 261 A#10 and B#5 = 377.095
ROUND 262 A#11 and B#5 = 512.747
ROUND 263 A#12 and B#5 = 513.031
ROUND 264 A#13 and B#5 = 504.305
ROUND 265 A#14 and B#5 = 504.459
ROUND 266 A#15 and B#5 = 495.481
ROUND 267 A#16 and B#5 = 505.552
ROUND 268 A#17 and B#5 = 407.818
ROUND 269 A#18 and B#5 = 389.747
ROUND 270 A#19 and B#5 = 440.96
ROUND 271 A#20 and B#5 = 507.303
ROUND 272 A#21 and B#5 = 410.06
ROUND 273 A#22 and B#5 = 392.944
ROUND 274 A#23 and B#5 = 504.648
ROUND 275 A#24 and B#5 = 435.585
ROUND 276 A#25 and B#5 = 514.993
ROUND 277 A#26 and B#5 = 444.903
ROUND 278 A#27 and B#5 = 508.552
ROUND 279 A#28 and B#5 = 391.586
ROUND 280 A#29 and B#5 = 404.959
ROUND 281 A#30 and B#5 = 509.636
ROUND 282 A#31 and B#5 = 491.302
ROUND 283 A#32 and B#5 = 497.313
ROUND 284 A#33 and B#5 = 513.365
ROUND 285 A#34 and B#5 = 497.258
ROUND 286 A#35 and B#5 = 488.452
ROUND 287 A#36 and B#5 = 492.613
ROUND 288 A#37 and B#5 = 441.552
ROUND 289 A#38 and B#5 = 511.218
ROUND 290 A#39 and B#5 = 491.487
ROUND 291 A#40 and B#5 = 495.707
ROUND 292 A#41 and B#5 = 495.568
ROUND 293 A#42 and B#5 = 499.731
ROUND 294 A#43 and B#5 = 493.498
ROUND 295 A#44 and B#5 = 500.665
ROUND 296 A#45 and B#5 = 493.008
ROUND 297 A#46 and B#5 = 495.453
ROUND 298 A#47 and B#5 = 495.915
ROUND 299 A#48 and B#5 = 496.302
ROUND 300 A#49 and B#5 = 500.771
ROUND 301 A#0 and B#6 = 261.083
ROUND 302 A#1 and B#6 = 356.486
ROUND 303 A#2 and B#6 = 414.232
ROUND 304 A#3 and B#6 = 389.788
ROUND 305 A#4 and B#6 = 397.66
ROUND 306 A#5 and B#6 = 262.908
ROUND 307 A#6 and B#6 = 262.733
ROUND 308 A#7 and B#6 = 380.252
ROUND 309 A#8 and B#6 = 391.609
ROUND 310 A#9 and B#6 = 404.428
ROUND 311 A#10 and B#6 = 394.639
ROUND 312 A#11 and B#6 = 390.845
ROUND 313 A#12 and B#6 = 395.048
ROUND 314 A#13 and B#6 = 391.44
ROUND 315 A#14 and B#6 = 388.82
ROUND 316 A#15 and B#6 = 413.678
ROUND 317 A#16 and B#6 = 388.329
ROUND 318 A#17 and B#6 = 390.535
ROUND 319 A#18 and B#6 = 382.551
ROUND 320 A#19 and B#6 = 388.508
ROUND 321 A#20 and B#6 = 389.648
ROUND 322 A#21 and B#6 = 383.165
ROUND 323 A#22 and B#6 = 382.042
ROUND 324 A#23 and B#6 = 396.495
ROUND 325 A#24 and B#6 = 395.377
ROUND 326 A#25 and B#6 = 392.399
ROUND 327 A#26 and B#6 = 391.344
ROUND 328 A#27 and B#6 = 395.053
ROUND 329 A#28 and B#6 = 382.306
ROUND 330 A#29 and B#6 = 383.821
ROUND 331 A#30 and B#6 = 391.374
ROUND 332 A#31 and B#6 = 423.956
ROUND 333 A#32 and B#6 = 318.144
ROUND 334 A#33 and B#6 = 390.373
ROUND 335 A#34 and B#6 = 429.286
ROUND 336 A#35 and B#6 = 425.104
ROUND 337 A#36 and B#6 = 316.202
ROUND 338 A#37 and B#6 = 391.302
ROUND 339 A#38 and B#6 = 392.768
ROUND 340 A#39 and B#6 = 414.341
ROUND 341 A#40 and B#6 = 309.398
ROUND 342 A#41 and B#6 = 317.585
ROUND 343 A#42 and B#6 = 407.418
ROUND 344 A#43 and B#6 = 424.625
ROUND 345 A#44 and B#6 = 408.289
ROUND 346 A#45 and B#6 = 421.082
ROUND 347 A#46 and B#6 = 417.992
ROUND 348 A#47 and B#6 = 422.82
ROUND 349 A#48 and B#6 = 417.464
ROUND 350 A#49 and B#6 = 412.938
ROUND 351 A#0 and B#7 = 374.685
ROUND 352 A#1 and B#7 = 427.78
ROUND 353 A#2 and B#7 = 424.153
ROUND 354 A#3 and B#7 = 370.484
ROUND 355 A#4 and B#7 = 462.209
ROUND 356 A#5 and B#7 = 443.039
ROUND 357 A#6 and B#7 = 478.119
ROUND 358 A#7 and B#7 = 406.616
ROUND 359 A#8 and B#7 = 498.079
ROUND 360 A#9 and B#7 = 462.589
ROUND 361 A#10 and B#7 = 461.879
ROUND 362 A#11 and B#7 = 367.318
ROUND 363 A#12 and B#7 = 363.532
ROUND 364 A#13 and B#7 = 370.393
ROUND 365 A#14 and B#7 = 496.489
ROUND 366 A#15 and B#7 = 356.233
ROUND 367 A#16 and B#7 = 370.946
ROUND 368 A#17 and B#7 = 408.571
ROUND 369 A#18 and B#7 = 356.406
ROUND 370 A#19 and B#7 = 496.477
ROUND 371 A#20 and B#7 = 370.441
ROUND 372 A#21 and B#7 = 409.84
ROUND 373 A#22 and B#7 = 354.369
ROUND 374 A#23 and B#7 = 361.551
ROUND 375 A#24 and B#7 = 361.675
ROUND 376 A#25 and B#7 = 363.372
ROUND 377 A#26 and B#7 = 367.174
ROUND 378 A#27 and B#7 = 367.476
ROUND 379 A#28 and B#7 = 355.345
ROUND 380 A#29 and B#7 = 406.966
ROUND 381 A#30 and B#7 = 497.398
ROUND 382 A#31 and B#7 = 351.585
ROUND 383 A#32 and B#7 = 509.522
ROUND 384 A#33 and B#7 = 367.267
ROUND 385 A#34 and B#7 = 315.718
ROUND 386 A#35 and B#7 = 493.371
ROUND 387 A#36 and B#7 = 307.86
ROUND 388 A#37 and B#7 = 497.831
ROUND 389 A#38 and B#7 = 367.355
ROUND 390 A#39 and B#7 = 493.11
ROUND 391 A#40 and B#7 = 315.02
ROUND 392 A#41 and B#7 = 508.295
ROUND 393 A#42 and B#7 = 352.608
ROUND 394 A#43 and B#7 = 496.041
ROUND 395 A#44 and B#7 = 502.734
ROUND 396 A#45 and B#7 = 496.877
ROUND 397 A#46 and B#7 = 498.82
ROUND 398 A#47 and B#7 = 498.455
ROUND 399 A#48 and B#7 = 499.502
ROUND 400 A#49 and B#7 = 502.648
ROUND 401 A#0 and B#8 = 478.25
ROUND 402 A#1 and B#8 = 478.874
ROUND 403 A#2 and B#8 = 462.862
ROUND 404 A#3 and B#8 = 458.808
ROUND 405 A#4 and B#8 = 460.395
ROUND 406 A#5 and B#8 = 481.292
ROUND 407 A#6 and B#8 = 481.859
ROUND 408 A#7 and B#8 = 487.656
ROUND 409 A#8 and B#8 = 447.746
ROUND 410 A#9 and B#8 = 460.355
ROUND 411 A#10 and B#8 = 446.173
ROUND 412 A#11 and B#8 = 453.238
ROUND 413 A#12 and B#8 = 449.749
ROUND 414 A#13 and B#8 = 460.155
ROUND 415 A#14 and B#8 = 458.143
ROUND 416 A#15 and B#8 = 444.219
ROUND 417 A#16 and B#8 = 462.416
ROUND 418 A#17 and B#8 = 495.407
ROUND 419 A#18 and B#8 = 489.134
ROUND 420 A#19 and B#8 = 454.482
ROUND 421 A#20 and B#8 = 457.877
ROUND 422 A#21 and B#8 = 488.326
ROUND 423 A#22 and B#8 = 484.946
ROUND 424 A#23 and B#8 = 460.945
ROUND 425 A#24 and B#8 = 448.69
ROUND 426 A#25 and B#8 = 447.287
ROUND 427 A#26 and B#8 = 446.749
ROUND 428 A#27 and B#8 = 456.613
ROUND 429 A#28 and B#8 = 487.265
ROUND 430 A#29 and B#8 = 491.536
ROUND 431 A#30 and B#8 = 453.156
ROUND 432 A#31 and B#8 = 442.252
ROUND 433 A#32 and B#8 = 456.948
ROUND 434 A#33 and B#8 = 453.026
ROUND 435 A#34 and B#8 = 457.122
ROUND 436 A#35 and B#8 = 456.167
ROUND 437 A#36 and B#8 = 461.621
ROUND 438 A#37 and B#8 = 450.376
ROUND 439 A#38 and B#8 = 455.239
ROUND 440 A#39 and B#8 = 447.848
ROUND 441 A#40 and B#8 = 459.355
ROUND 442 A#41 and B#8 = 458.968
ROUND 443 A#42 and B#8 = 439.554
ROUND 444 A#43 and B#8 = 443.495
ROUND 445 A#44 and B#8 = 435.901
ROUND 446 A#45 and B#8 = 454.283
ROUND 447 A#46 and B#8 = 441.516
ROUND 448 A#47 and B#8 = 444.249
ROUND 449 A#48 and B#8 = 429.735
ROUND 450 A#49 and B#8 = 436.981
ROUND 451 A#0 and B#9 = 481.785
ROUND 452 A#1 and B#9 = 480.061
ROUND 453 A#2 and B#9 = 461.319
ROUND 454 A#3 and B#9 = 461.688
ROUND 455 A#4 and B#9 = 453.084
ROUND 456 A#5 and B#9 = 484.533
ROUND 457 A#6 and B#9 = 484.945
ROUND 458 A#7 and B#9 = 491.766
ROUND 459 A#8 and B#9 = 434.71
ROUND 460 A#9 and B#9 = 450.799
ROUND 461 A#10 and B#9 = 453.156
ROUND 462 A#11 and B#9 = 434.563
ROUND 463 A#12 and B#9 = 448.207
ROUND 464 A#13 and B#9 = 462.966
ROUND 465 A#14 and B#9 = 461.488
ROUND 466 A#15 and B#9 = 472.323
ROUND 467 A#16 and B#9 = 430.637
ROUND 468 A#17 and B#9 = 498.576
ROUND 469 A#18 and B#9 = 494.197
ROUND 470 A#19 and B#9 = 457.72
ROUND 471 A#20 and B#9 = 460.783
ROUND 472 A#21 and B#9 = 493.578
ROUND 473 A#22 and B#9 = 489.858
ROUND 474 A#23 and B#9 = 453.244
ROUND 475 A#24 and B#9 = 451.209
ROUND 476 A#25 and B#9 = 446.314
ROUND 477 A#26 and B#9 = 434.292
ROUND 478 A#27 and B#9 = 458.251
ROUND 479 A#28 and B#9 = 492.327
ROUND 480 A#29 and B#9 = 496.324
ROUND 481 A#30 and B#9 = 433.531
ROUND 482 A#31 and B#9 = 478.674
ROUND 483 A#32 and B#9 = 457.698
ROUND 484 A#33 and B#9 = 434.086
ROUND 485 A#34 and B#9 = 457.987
ROUND 486 A#35 and B#9 = 482.455
ROUND 487 A#36 and B#9 = 462.194
ROUND 488 A#37 and B#9 = 433.53
ROUND 489 A#38 and B#9 = 435.891
ROUND 490 A#39 and B#9 = 470.723
ROUND 491 A#40 and B#9 = 460.178
ROUND 492 A#41 and B#9 = 459.03
ROUND 493 A#42 and B#9 = 478.216
ROUND 494 A#43 and B#9 = 443.198
ROUND 495 A#44 and B#9 = 480.914
ROUND 496 A#45 and B#9 = 489.434
ROUND 497 A#46 and B#9 = 489.408
ROUND 498 A#47 and B#9 = 444.101
ROUND 499 A#48 and B#9 = 485.715
ROUND 500 A#49 and B#9 = 486.27
ROUND 501 A#0 and B#10 = 489.146
ROUND 502 A#1 and B#10 = 480.834
ROUND 503 A#2 and B#10 = 471.66
ROUND 504 A#3 and B#10 = 378.857
ROUND 505 A#4 and B#10 = 458.804
ROUND 506 A#5 and B#10 = 484.173
ROUND 507 A#6 and B#10 = 483.482
ROUND 508 A#7 and B#10 = 384.124
ROUND 509 A#8 and B#10 = 297.225
ROUND 510 A#9 and B#10 = 458.114
ROUND 511 A#10 and B#10 = 459.397
ROUND 512 A#11 and B#10 = 379.382
ROUND 513 A#12 and B#10 = 379.468
ROUND 514 A#13 and B#10 = 378.011
ROUND 515 A#14 and B#10 = 295.387
ROUND 516 A#15 and B#10 = 500.898
ROUND 517 A#16 and B#10 = 290.605
ROUND 518 A#17 and B#10 = 381.003
ROUND 519 A#18 and B#10 = 387.034
ROUND 520 A#19 and B#10 = 296.44
ROUND 521 A#20 and B#10 = 378.844
ROUND 522 A#21 and B#10 = 384.192
ROUND 523 A#22 and B#10 = 383.631
ROUND 524 A#23 and B#10 = 378.905
ROUND 525 A#24 and B#10 = 295.948
ROUND 526 A#25 and B#10 = 380.22
ROUND 527 A#26 and B#10 = 297.511
ROUND 528 A#27 and B#10 = 377.902
ROUND 529 A#28 and B#10 = 385.414
ROUND 530 A#29 and B#10 = 384.579
ROUND 531 A#30 and B#10 = 295.955
ROUND 532 A#31 and B#10 = 496.834
ROUND 533 A#32 and B#10 = 489.473
ROUND 534 A#33 and B#10 = 379.666
ROUND 535 A#34 and B#10 = 262.489
ROUND 536 A#35 and B#10 = 493.929
ROUND 537 A#36 and B#10 = 484.832
ROUND 538 A#37 and B#10 = 296.755
ROUND 539 A#38 and B#10 = 378.935
ROUND 540 A#39 and B#10 = 496.956
ROUND 541 A#40 and B#10 = 255.489
ROUND 542 A#41 and B#10 = 487.807
ROUND 543 A#42 and B#10 = 504.78
ROUND 544 A#43 and B#10 = 499.243
ROUND 545 A#44 and B#10 = 505.854
ROUND 546 A#45 and B#10 = 498.633
ROUND 547 A#46 and B#10 = 501.128
ROUND 548 A#47 and B#10 = 501.654
ROUND 549 A#48 and B#10 = 501.655
ROUND 550 A#49 and B#10 = 506.047
ROUND 551 A#0 and B#11 = 307.229
ROUND 552 A#1 and B#11 = 470.951
ROUND 553 A#2 and B#11 = 426.088
ROUND 554 A#3 and B#11 = 373.56
ROUND 555 A#4 and B#11 = 461.549
ROUND 556 A#5 and B#11 = 307.242
ROUND 557 A#6 and B#11 = 453.403
ROUND 558 A#7 and B#11 = 363.32
ROUND 559 A#8 and B#11 = 497.457
ROUND 560 A#9 and B#11 = 461.926
ROUND 561 A#10 and B#11 = 461.336
ROUND 562 A#11 and B#11 = 376.423
ROUND 563 A#12 and B#11 = 375.532
ROUND 564 A#13 and B#11 = 369.553
ROUND 565 A#14 and B#11 = 496.918
ROUND 566 A#15 and B#11 = 353.255
ROUND 567 A#16 and B#11 = 374.685
ROUND 568 A#17 and B#11 = 408.164
ROUND 569 A#18 and B#11 = 359.373
ROUND 570 A#19 and B#11 = 496.685
ROUND 571 A#20 and B#11 = 373.586
ROUND 572 A#21 and B#11 = 357.37
ROUND 573 A#22 and B#11 = 357.199
ROUND 574 A#23 and B#11 = 372.874
ROUND 575 A#24 and B#11 = 373.854
ROUND 576 A#25 and B#11 = 376.272
ROUND 577 A#26 and B#11 = 497.51
ROUND 578 A#27 and B#11 = 374.143
ROUND 579 A#28 and B#11 = 358.269
ROUND 580 A#29 and B#11 = 359.729
ROUND 581 A#30 and B#11 = 497.572
ROUND 582 A#31 and B#11 = 348.16
ROUND 583 A#32 and B#11 = 310.45
ROUND 584 A#33 and B#11 = 376.637
ROUND 585 A#34 and B#11 = 320.406
ROUND 586 A#35 and B#11 = 357.326
ROUND 587 A#36 and B#11 = 310.65
ROUND 588 A#37 and B#11 = 497.629
ROUND 589 A#38 and B#11 = 375.725
ROUND 590 A#39 and B#11 = 353.205
ROUND 591 A#40 and B#11 = 320.294
ROUND 592 A#41 and B#11 = 310.561
ROUND 593 A#42 and B#11 = 349.526
ROUND 594 A#43 and B#11 = 498.333
ROUND 595 A#44 and B#11 = 347.961
ROUND 596 A#45 and B#11 = 498.939
ROUND 597 A#46 and B#11 = 363.223
ROUND 598 A#47 and B#11 = 501.045
ROUND 599 A#48 and B#11 = 502.069
ROUND 600 A#49 and B#11 = 505.025
ROUND 601 A#0 and B#12 = 429.194
ROUND 602 A#1 and B#12 = 444.015
ROUND 603 A#2 and B#12 = 442.96
ROUND 604 A#3 and B#12 = 431.341
ROUND 605 A#4 and B#12 = 453.827
ROUND 606 A#5 and B#12 = 435.367
ROUND 607 A#6 and B#12 = 435.229
ROUND 608 A#7 and B#12 = 468.803
ROUND 609 A#8 and B#12 = 436.267
ROUND 610 A#9 and B#12 = 453.957
ROUND 611 A#10 and B#12 = 452.497
ROUND 612 A#11 and B#12 = 436.363
ROUND 613 A#12 and B#12 = 440.327
ROUND 614 A#13 and B#12 = 431.063
ROUND 615 A#14 and B#12 = 487.98
ROUND 616 A#15 and B#12 = 445.285
ROUND 617 A#16 and B#12 = 431.568
ROUND 618 A#17 and B#12 = 469.47
ROUND 619 A#18 and B#12 = 472.245
ROUND 620 A#19 and B#12 = 485.934
ROUND 621 A#20 and B#12 = 431.329
ROUND 622 A#21 and B#12 = 473.859
ROUND 623 A#22 and B#12 = 473.81
ROUND 624 A#23 and B#12 = 397.707
ROUND 625 A#24 and B#12 = 388.688
ROUND 626 A#25 and B#12 = 442.199
ROUND 627 A#26 and B#12 = 436.31
ROUND 628 A#27 and B#12 = 434.815
ROUND 629 A#28 and B#12 = 473.249
ROUND 630 A#29 and B#12 = 470.468
ROUND 631 A#30 and B#12 = 482.925
ROUND 632 A#31 and B#12 = 446.124
ROUND 633 A#32 and B#12 = 406.6
ROUND 634 A#33 and B#12 = 436.392
ROUND 635 A#34 and B#12 = 409.129
ROUND 636 A#35 and B#12 = 447.644
ROUND 637 A#36 and B#12 = 411.815
ROUND 638 A#37 and B#12 = 481.48
ROUND 639 A#38 and B#12 = 435.85
ROUND 640 A#39 and B#12 = 446.701
ROUND 641 A#40 and B#12 = 409.643
ROUND 642 A#41 and B#12 = 408.77
ROUND 643 A#42 and B#12 = 448.608
ROUND 644 A#43 and B#12 = 447.417
ROUND 645 A#44 and B#12 = 448.653
ROUND 646 A#45 and B#12 = 448.161
ROUND 647 A#46 and B#12 = 449.859
ROUND 648 A#47 and B#12 = 446.891
ROUND 649 A#48 and B#12 = 448.935
ROUND 650 A#49 and B#12 = 450.764
ROUND 651 A#0 and B#13 = 477.053
ROUND 652 A#1 and B#13 = 422.742
ROUND 653 A#2 and B#13 = 455.89
ROUND 654 A#3 and B#13 = 429.664
ROUND 655 A#4 and B#13 = 462.986
ROUND 656 A#5 and B#13 = 478.274
ROUND 657 A#6 and B#13 = 477.645
ROUND 658 A#7 and B#13 = 361.311
ROUND 659 A#8 and B#13 = 430.758
ROUND 660 A#9 and B#13 = 462.919
ROUND 661 A#10 and B#13 = 462.801
ROUND 662 A#11 and B#13 = 431.568
ROUND 663 A#12 and B#13 = 422.652
ROUND 664 A#13 and B#13 = 427.193
ROUND 665 A#14 and B#13 = 429.132
ROUND 666 A#15 and B#13 = 426.37
ROUND 667 A#16 and B#13 = 428.357
ROUND 668 A#17 and B#13 = 463.985
ROUND 669 A#18 and B#13 = 389.269
ROUND 670 A#19 and B#13 = 430.766
ROUND 671 A#20 and B#13 = 430.215
ROUND 672 A#21 and B#13 = 470.372
ROUND 673 A#22 and B#13 = 388.54
ROUND 674 A#23 and B#13 = 426.117
ROUND 675 A#24 and B#13 = 425.872
ROUND 676 A#25 and B#13 = 424.97
ROUND 677 A#26 and B#13 = 431.11
ROUND 678 A#27 and B#13 = 426.723
ROUND 679 A#28 and B#13 = 389.029
ROUND 680 A#29 and B#13 = 468.214
ROUND 681 A#30 and B#13 = 429.745
ROUND 682 A#31 and B#13 = 436.375
ROUND 683 A#32 and B#13 = 423.41
ROUND 684 A#33 and B#13 = 431.908
ROUND 685 A#34 and B#13 = 431.013
ROUND 686 A#35 and B#13 = 419.732
ROUND 687 A#36 and B#13 = 480.528
ROUND 688 A#37 and B#13 = 430.354
ROUND 689 A#38 and B#13 = 429.508
ROUND 690 A#39 and B#13 = 425.872
ROUND 691 A#40 and B#13 = 432.45
ROUND 692 A#41 and B#13 = 431.448
ROUND 693 A#42 and B#13 = 445.451
ROUND 694 A#43 and B#13 = 447.92
ROUND 695 A#44 and B#13 = 447.568
ROUND 696 A#45 and B#13 = 447.792
ROUND 697 A#46 and B#13 = 451.742
ROUND 698 A#47 and B#13 = 445.303
ROUND 699 A#48 and B#13 = 447.543
ROUND 700 A#49 and B#13 = 454.222
ROUND 701 A#0 and B#14 = 487.532
ROUND 702 A#1 and B#14 = 483.619
ROUND 703 A#2 and B#14 = 415.269
ROUND 704 A#3 and B#14 = 381.091
ROUND 705 A#4 and B#14 = 458.803
ROUND 706 A#5 and B#14 = 482.464
ROUND 707 A#6 and B#14 = 481.943
ROUND 708 A#7 and B#14 = 381.264
ROUND 709 A#8 and B#14 = 379.998
ROUND 710 A#9 and B#14 = 458.123
ROUND 711 A#10 and B#14 = 459.972
ROUND 712 A#11 and B#14 = 379.88
ROUND 713 A#12 and B#14 = 378.883
ROUND 714 A#13 and B#14 = 380.485
ROUND 715 A#14 and B#14 = 382.016
ROUND 716 A#15 and B#14 = 357.247
ROUND 717 A#16 and B#14 = 382.452
ROUND 718 A#17 and B#14 = 376.821
ROUND 719 A#18 and B#14 = 383.579
ROUND 720 A#19 and B#14 = 381.8
ROUND 721 A#20 and B#14 = 381.058
ROUND 722 A#21 and B#14 = 380.569
ROUND 723 A#22 and B#14 = 379.898
ROUND 724 A#23 and B#14 = 378.049
ROUND 725 A#24 and B#14 = 378.524
ROUND 726 A#25 and B#14 = 379.55
ROUND 727 A#26 and B#14 = 380.004
ROUND 728 A#27 and B#14 = 378.827
ROUND 729 A#28 and B#14 = 381.807
ROUND 730 A#29 and B#14 = 380.987
ROUND 731 A#30 and B#14 = 379.877
ROUND 732 A#31 and B#14 = 358.162
ROUND 733 A#32 and B#14 = 488.565
ROUND 734 A#33 and B#14 = 380.191
ROUND 735 A#34 and B#14 = 321.185
ROUND 736 A#35 and B#14 = 502.152
ROUND 737 A#36 and B#14 = 484.259
ROUND 738 A#37 and B#14 = 379.861
ROUND 739 A#38 and B#14 = 379.57
ROUND 740 A#39 and B#14 = 356.198
ROUND 741 A#40 and B#14 = 319.631
ROUND 742 A#41 and B#14 = 486.934
ROUND 743 A#42 and B#14 = 360.262
ROUND 744 A#43 and B#14 = 507.111
ROUND 745 A#44 and B#14 = 360.623
ROUND 746 A#45 and B#14 = 506.301
ROUND 747 A#46 and B#14 = 509.055
ROUND 748 A#47 and B#14 = 509.671
ROUND 749 A#48 and B#14 = 509.433
ROUND 750 A#49 and B#14 = 513.609
ROUND 751 A#0 and B#15 = 261.136
ROUND 752 A#1 and B#15 = 357.822
ROUND 753 A#2 and B#15 = 417.141
ROUND 754 A#3 and B#15 = 389.331
ROUND 755 A#4 and B#15 = 399.608
ROUND 756 A#5 and B#15 = 262.809
ROUND 757 A#6 and B#15 = 262.804
ROUND 758 A#7 and B#15 = 382.672
ROUND 759 A#8 and B#15 = 391.398
ROUND 760 A#9 and B#15 = 405.53
ROUND 761 A#10 and B#15 = 398.718
ROUND 762 A#11 and B#15 = 390.656
ROUND 763 A#12 and B#15 = 394.893
ROUND 764 A#13 and B#15 = 390.894
ROUND 765 A#14 and B#15 = 388.482
ROUND 766 A#15 and B#15 = 413.762
ROUND 767 A#16 and B#15 = 387.929
ROUND 768 A#17 and B#15 = 390.515
ROUND 769 A#18 and B#15 = 384.375
ROUND 770 A#19 and B#15 = 388.133
ROUND 771 A#20 and B#15 = 389.199
ROUND 772 A#21 and B#15 = 384.711
ROUND 773 A#22 and B#15 = 383.694
ROUND 774 A#23 and B#15 = 396.077
ROUND 775 A#24 and B#15 = 394.963
ROUND 776 A#25 and B#15 = 392.171
ROUND 777 A#26 and B#15 = 391.104
ROUND 778 A#27 and B#15 = 394.935
ROUND 779 A#28 and B#15 = 384.049
ROUND 780 A#29 and B#15 = 385.572
ROUND 781 A#30 and B#15 = 391.214
ROUND 782 A#31 and B#15 = 426.681
ROUND 783 A#32 and B#15 = 320.345
ROUND 784 A#33 and B#15 = 390.132
ROUND 785 A#34 and B#15 = 311.497
ROUND 786 A#35 and B#15 = 427.937
ROUND 787 A#36 and B#15 = 318.472
ROUND 788 A#37 and B#15 = 391.088
ROUND 789 A#38 and B#15 = 392.638
ROUND 790 A#39 and B#15 = 414.405
ROUND 791 A#40 and B#15 = 311.462
ROUND 792 A#41 and B#15 = 319.817
ROUND 793 A#42 and B#15 = 407.942
ROUND 794 A#43 and B#15 = 427.698
ROUND 795 A#44 and B#15 = 416.04
ROUND 796 A#45 and B#15 = 424.054
ROUND 797 A#46 and B#15 = 421.126
ROUND 798 A#47 and B#15 = 425.844
ROUND 799 A#48 and B#15 = 420.627
ROUND 800 A#49 and B#15 = 416.093
ROUND 801 A#0 and B#16 = 417.589
ROUND 802 A#1 and B#16 = 470.405
ROUND 803 A#2 and B#16 = 432.293
ROUND 804 A#3 and B#16 = 506.986
ROUND 805 A#4 and B#16 = 393.957
ROUND 806 A#5 and B#16 = 417.042
ROUND 807 A#6 and B#16 = 416.561
ROUND 808 A#7 and B#16 = 416.292
ROUND 809 A#8 and B#16 = 493.867
ROUND 810 A#9 and B#16 = 394.01
ROUND 811 A#10 and B#16 = 392.466
ROUND 812 A#11 and B#16 = 493.294
ROUND 813 A#12 and B#16 = 496.696
ROUND 814 A#13 and B#16 = 506.29
ROUND 815 A#14 and B#16 = 506.113
ROUND 816 A#15 and B#16 = 480.427
ROUND 817 A#16 and B#16 = 504.798
ROUND 818 A#17 and B#16 = 484.542
ROUND 819 A#18 and B#16 = 478.684
ROUND 820 A#19 and B#16 = 507.758
ROUND 821 A#20 and B#16 = 507.697
ROUND 822 A#21 and B#16 = 477.891
ROUND 823 A#22 and B#16 = 421.693
ROUND 824 A#23 and B#16 = 485.117
ROUND 825 A#24 and B#16 = 491.962
ROUND 826 A#25 and B#16 = 497.857
ROUND 827 A#26 and B#16 = 494.514
ROUND 828 A#27 and B#16 = 491.656
ROUND 829 A#28 and B#16 = 476.597
ROUND 830 A#29 and B#16 = 483.146
ROUND 831 A#30 and B#16 = 489.609
ROUND 832 A#31 and B#16 = 476.694
ROUND 833 A#32 and B#16 = 432.59
ROUND 834 A#33 and B#16 = 493.373
ROUND 835 A#34 and B#16 = 406.654
ROUND 836 A#35 and B#16 = 478.026
ROUND 837 A#36 and B#16 = 404.988
ROUND 838 A#37 and B#16 = 491.801
ROUND 839 A#38 and B#16 = 492.431
ROUND 840 A#39 and B#16 = 477.296
ROUND 841 A#40 and B#16 = 406.47
ROUND 842 A#41 and B#16 = 406.593
ROUND 843 A#42 and B#16 = 486.275
ROUND 844 A#43 and B#16 = 478.374
ROUND 845 A#44 and B#16 = 485.756
ROUND 846 A#45 and B#16 = 480.545
ROUND 847 A#46 and B#16 = 481.217
ROUND 848 A#47 and B#16 = 481.184
ROUND 849 A#48 and B#16 = 482.806
ROUND 850 A#49 and B#16 = 484.705
ROUND 851 A#0 and B#17 = 428.893
ROUND 852 A#1 and B#17 = 440.158
ROUND 853 A#2 and B#17 = 444.267
ROUND 854 A#3 and B#17 = 430.055
ROUND 855 A#4 and B#17 = 454.975
ROUND 856 A#5 and B#17 = 435.61
ROUND 857 A#6 and B#17 = 435.758
ROUND 858 A#7 and B#17 = 465.826
ROUND 859 A#8 and B#17 = 434.224
ROUND 860 A#9 and B#17 = 454.975
ROUND 861 A#10 and B#17 = 453.537
ROUND 862 A#11 and B#17 = 434.278
ROUND 863 A#12 and B#17 = 437.795
ROUND 864 A#13 and B#17 = 430.089
ROUND 865 A#14 and B#17 = 430.248
ROUND 866 A#15 and B#17 = 444.879
ROUND 867 A#16 and B#17 = 430.511
ROUND 868 A#17 and B#17 = 467.047
ROUND 869 A#18 and B#17 = 469.294
ROUND 870 A#19 and B#17 = 429.673
ROUND 871 A#20 and B#17 = 429.951
ROUND 872 A#21 and B#17 = 470.916
ROUND 873 A#22 and B#17 = 470.666
ROUND 874 A#23 and B#17 = 440.188
ROUND 875 A#24 and B#17 = 438.43
ROUND 876 A#25 and B#17 = 439.147
ROUND 877 A#26 and B#17 = 434.153
ROUND 878 A#27 and B#17 = 433.405
ROUND 879 A#28 and B#17 = 470.21
ROUND 880 A#29 and B#17 = 467.725
ROUND 881 A#30 and B#17 = 433.939
ROUND 882 A#31 and B#17 = 445.625
ROUND 883 A#32 and B#17 = 407.254
ROUND 884 A#33 and B#17 = 434.185
ROUND 885 A#34 and B#17 = 409.851
ROUND 886 A#35 and B#17 = 446.982
ROUND 887 A#36 and B#17 = 412.786
ROUND 888 A#37 and B#17 = 433.754
ROUND 889 A#38 and B#17 = 434.073
ROUND 890 A#39 and B#17 = 446.492
ROUND 891 A#40 and B#17 = 408.589
ROUND 892 A#41 and B#17 = 409.589
ROUND 893 A#42 and B#17 = 447.525
ROUND 894 A#43 and B#17 = 445.258
ROUND 895 A#44 and B#17 = 447.363
ROUND 896 A#45 and B#17 = 446.303
ROUND 897 A#46 and B#17 = 447.593
ROUND 898 A#47 and B#17 = 445.438
ROUND 899 A#48 and B#17 = 447.478
ROUND 900 A#49 and B#17 = 448.774
ROUND 901 A#0 and B#18 = 432.278
ROUND 902 A#1 and B#18 = 360.387
ROUND 903 A#2 and B#18 = 430.679
ROUND 904 A#3 and B#18 = 446.246
ROUND 905 A#4 and B#18 = 435.042
ROUND 906 A#5 and B#18 = 440.452
ROUND 907 A#6 and B#18 = 440.433
ROUND 908 A#7 and B#18 = 419.428
ROUND 909 A#8 and B#18 = 451.233
ROUND 910 A#9 and B#18 = 438.447
ROUND 911 A#10 and B#18 = 433.487
ROUND 912 A#11 and B#18 = 451.605
ROUND 913 A#12 and B#18 = 456.804
ROUND 914 A#13 and B#18 = 446.643
ROUND 915 A#14 and B#18 = 446.508
ROUND 916 A#15 and B#18 = 458.24
ROUND 917 A#16 and B#18 = 444.646
ROUND 918 A#17 and B#18 = 407.519
ROUND 919 A#18 and B#18 = 502.315
ROUND 920 A#19 and B#18 = 411.216
ROUND 921 A#20 and B#18 = 446.385
ROUND 922 A#21 and B#18 = 443.481
ROUND 923 A#22 and B#18 = 446.878
ROUND 924 A#23 and B#18 = 446.699
ROUND 925 A#24 and B#18 = 452.633
ROUND 926 A#25 and B#18 = 458.572
ROUND 927 A#26 and B#18 = 451.71
ROUND 928 A#27 and B#18 = 448.253
ROUND 929 A#28 and B#18 = 501.539
ROUND 930 A#29 and B#18 = 436.97
ROUND 931 A#30 and B#18 = 448.978
ROUND 932 A#31 and B#18 = 458.249
ROUND 933 A#32 and B#18 = 416.821
ROUND 934 A#33 and B#18 = 451.54
ROUND 935 A#34 and B#18 = 416.032
ROUND 936 A#35 and B#18 = 457.859
ROUND 937 A#36 and B#18 = 417.554
ROUND 938 A#37 and B#18 = 450.211
ROUND 939 A#38 and B#18 = 450.003
ROUND 940 A#39 and B#18 = 455.011
ROUND 941 A#40 and B#18 = 416.853
ROUND 942 A#41 and B#18 = 416.655
ROUND 943 A#42 and B#18 = 464.068
ROUND 944 A#43 and B#18 = 464.582
ROUND 945 A#44 and B#18 = 465.167
ROUND 946 A#45 and B#18 = 465.644
ROUND 947 A#46 and B#18 = 467.551
ROUND 948 A#47 and B#18 = 463.555
ROUND 949 A#48 and B#18 = 465.802
ROUND 950 A#49 and B#18 = 468.994
ROUND 951 A#0 and B#19 = 438.5
ROUND 952 A#1 and B#19 = 432.039
ROUND 953 A#2 and B#19 = 385.048
ROUND 954 A#3 and B#19 = 391.753
ROUND 955 A#4 and B#19 = 381.512
ROUND 956 A#5 and B#19 = 443.603
ROUND 957 A#6 and B#19 = 444.13
ROUND 958 A#7 and B#19 = 383.691
ROUND 959 A#8 and B#19 = 391.844
ROUND 960 A#9 and B#19 = 387.505
ROUND 961 A#10 and B#19 = 380.907
ROUND 962 A#11 and B#19 = 391.242
ROUND 963 A#12 and B#19 = 394.021
ROUND 964 A#13 and B#19 = 393.41
ROUND 965 A#14 and B#19 = 391.202
ROUND 966 A#15 and B#19 = 406.019
ROUND 967 A#16 and B#19 = 390.431
ROUND 968 A#17 and B#19 = 401.946
ROUND 969 A#18 and B#19 = 386.833
ROUND 970 A#19 and B#19 = 390.823
ROUND 971 A#20 and B#19 = 391.652
ROUND 972 A#21 and B#19 = 388.652
ROUND 973 A#22 and B#19 = 387.795
ROUND 974 A#23 and B#19 = 397.273
ROUND 975 A#24 and B#19 = 459.102
ROUND 976 A#25 and B#19 = 392.056
ROUND 977 A#26 and B#19 = 391.726
ROUND 978 A#27 and B#19 = 394.67
ROUND 979 A#28 and B#19 = 387.253
ROUND 980 A#29 and B#19 = 388.069
ROUND 981 A#30 and B#19 = 391.805
ROUND 982 A#31 and B#19 = 405.421
ROUND 983 A#32 and B#19 = 423.483
ROUND 984 A#33 and B#19 = 390.912
ROUND 985 A#34 and B#19 = 422.363
ROUND 986 A#35 and B#19 = 400.585
ROUND 987 A#36 and B#19 = 423.168
ROUND 988 A#37 and B#19 = 391.797
ROUND 989 A#38 and B#19 = 392.701
ROUND 990 A#39 and B#19 = 407.033
ROUND 991 A#40 and B#19 = 422.754
ROUND 992 A#41 and B#19 = 422.995
ROUND 993 A#42 and B#19 = 397.39
ROUND 994 A#43 and B#19 = 401.492
ROUND 995 A#44 and B#19 = 397.15
ROUND 996 A#45 and B#19 = 460.295
ROUND 997 A#46 and B#19 = 395.896
ROUND 998 A#47 and B#19 = 398.702
ROUND 999 A#48 and B#19 = 395.106
ROUND 1000 A#49 and B#19 = 392.777
ROUND 1001 A#0 and B#20 = 490.309
ROUND 1002 A#1 and B#20 = 481.286
ROUND 1003 A#2 and B#20 = 472.039
ROUND 1004 A#3 and B#20 = 290.523
ROUND 1005 A#4 and B#20 = 459.156
ROUND 1006 A#5 and B#20 = 485.381
ROUND 1007 A#6 and B#20 = 484.504
ROUND 1008 A#7 and B#20 = 385.062
ROUND 1009 A#8 and B#20 = 297.446
ROUND 1010 A#9 and B#20 = 458.422
ROUND 1011 A#10 and B#20 = 459.746
ROUND 1012 A#11 and B#20 = 379.338
ROUND 1013 A#12 and B#20 = 379.539
ROUND 1014 A#13 and B#20 = 289.683
ROUND 1015 A#14 and B#20 = 295.441
ROUND 1016 A#15 and B#20 = 501.187
ROUND 1017 A#16 and B#20 = 290.371
ROUND 1018 A#17 and B#20 = 381.151
ROUND 1019 A#18 and B#20 = 387.621
ROUND 1020 A#19 and B#20 = 296.568
ROUND 1021 A#20 and B#20 = 290.941
ROUND 1022 A#21 and B#20 = 384.764
ROUND 1023 A#22 and B#20 = 384.243
ROUND 1024 A#23 and B#20 = 378.498
ROUND 1025 A#24 and B#20 = 296.145
ROUND 1026 A#25 and B#20 = 380.269
ROUND 1027 A#26 and B#20 = 297.745
ROUND 1028 A#27 and B#20 = 377.791
ROUND 1029 A#28 and B#20 = 386.017
ROUND 1030 A#29 and B#20 = 385.131
ROUND 1031 A#30 and B#20 = 296.023
ROUND 1032 A#31 and B#20 = 497.379
ROUND 1033 A#32 and B#20 = 489.729
ROUND 1034 A#33 and B#20 = 292.385
ROUND 1035 A#34 and B#20 = 315.91
ROUND 1036 A#35 and B#20 = 494.34
ROUND 1037 A#36 and B#20 = 485.032
ROUND 1038 A#37 and B#20 = 296.871
ROUND 1039 A#38 and B#20 = 378.876
ROUND 1040 A#39 and B#20 = 497.215
ROUND 1041 A#40 and B#20 = 255.503
ROUND 1042 A#41 and B#20 = 487.969
ROUND 1043 A#42 and B#20 = 505.269
ROUND 1044 A#43 and B#20 = 498.26
ROUND 1045 A#44 and B#20 = 506.048
ROUND 1046 A#45 and B#20 = 498.75
ROUND 1047 A#46 and B#20 = 501.375
ROUND 1048 A#47 and B#20 = 502.041
ROUND 1049 A#48 and B#20 = 502.155
ROUND 1050 A#49 and B#20 = 506.085
ROUND 1051 A#0 and B#21 = 416.708
ROUND 1052 A#1 and B#21 = 430.103
ROUND 1053 A#2 and B#21 = 425.34
ROUND 1054 A#3 and B#21 = 388.281
ROUND 1055 A#4 and B#21 = 440.013
ROUND 1056 A#5 and B#21 = 423.533
ROUND 1057 A#6 and B#21 = 423.566
ROUND 1058 A#7 and B#21 = 470.946
ROUND 1059 A#8 and B#21 = 475.835
ROUND 1060 A#9 and B#21 = 440.393
ROUND 1061 A#10 and B#21 = 438.97
ROUND 1062 A#11 and B#21 = 476.135
ROUND 1063 A#12 and B#21 = 476.038
ROUND 1064 A#13 and B#21 = 388.341
ROUND 1065 A#14 and B#21 = 386.622
ROUND 1066 A#15 and B#21 = 411.718
ROUND 1067 A#16 and B#21 = 387.589
ROUND 1068 A#17 and B#21 = 429.417
ROUND 1069 A#18 and B#21 = 473.229
ROUND 1070 A#19 and B#21 = 386.754
ROUND 1071 A#20 and B#21 = 388.28
ROUND 1072 A#21 and B#21 = 475.689
ROUND 1073 A#22 and B#21 = 476.927
ROUND 1074 A#23 and B#21 = 472.348
ROUND 1075 A#24 and B#21 = 475.788
ROUND 1076 A#25 and B#21 = 477.82
ROUND 1077 A#26 and B#21 = 475.758
ROUND 1078 A#27 and B#21 = 395.378
ROUND 1079 A#28 and B#21 = 475.144
ROUND 1080 A#29 and B#21 = 433.405
ROUND 1081 A#30 and B#21 = 392.979
ROUND 1082 A#31 and B#21 = 415.591
ROUND 1083 A#32 and B#21 = 387.201
ROUND 1084 A#33 and B#21 = 476.749
ROUND 1085 A#34 and B#21 = 388.057
ROUND 1086 A#35 and B#21 = 479.488
ROUND 1087 A#36 and B#21 = 395.849
ROUND 1088 A#37 and B#21 = 394.125
ROUND 1089 A#38 and B#21 = 395.8
ROUND 1090 A#39 and B#21 = 410.27
ROUND 1091 A#40 and B#21 = 390.882
ROUND 1092 A#41 and B#21 = 390.121
ROUND 1093 A#42 and B#21 = 481.823
ROUND 1094 A#43 and B#21 = 494.901
ROUND 1095 A#44 and B#21 = 484.705
ROUND 1096 A#45 and B#21 = 428.385
ROUND 1097 A#46 and B#21 = 494.752
ROUND 1098 A#47 and B#21 = 489.683
ROUND 1099 A#48 and B#21 = 488.246
ROUND 1100 A#49 and B#21 = 492.77
ROUND 1101 A#0 and B#22 = 366.89
ROUND 1102 A#1 and B#22 = 422.362
ROUND 1103 A#2 and B#22 = 419.325
ROUND 1104 A#3 and B#22 = 489.039
ROUND 1105 A#4 and B#22 = 416.817
ROUND 1106 A#5 and B#22 = 442.94
ROUND 1107 A#6 and B#22 = 442.96
ROUND 1108 A#7 and B#22 = 408.122
ROUND 1109 A#8 and B#22 = 493.219
ROUND 1110 A#9 and B#22 = 416.64
ROUND 1111 A#10 and B#22 = 418.736
ROUND 1112 A#11 and B#22 = 493.148
ROUND 1113 A#12 and B#22 = 496.258
ROUND 1114 A#13 and B#22 = 489.264
ROUND 1115 A#14 and B#22 = 488.297
ROUND 1116 A#15 and B#22 = 492.531
ROUND 1117 A#16 and B#22 = 487.538
ROUND 1118 A#17 and B#22 = 413.977
ROUND 1119 A#18 and B#22 = 413.851
ROUND 1120 A#19 and B#22 = 488.905
ROUND 1121 A#20 and B#22 = 489.576
ROUND 1122 A#21 and B#22 = 416.385
ROUND 1123 A#22 and B#22 = 418.65
ROUND 1124 A#23 and B#22 = 453.85
ROUND 1125 A#24 and B#22 = 459.296
ROUND 1126 A#25 and B#22 = 497.75
ROUND 1127 A#26 and B#22 = 493.657
ROUND 1128 A#27 and B#22 = 490.939
ROUND 1129 A#28 and B#22 = 416.62
ROUND 1130 A#29 and B#22 = 411.677
ROUND 1131 A#30 and B#22 = 490.506
ROUND 1132 A#31 and B#22 = 448.801
ROUND 1133 A#32 and B#22 = 452.51
ROUND 1134 A#33 and B#22 = 492.839
ROUND 1135 A#34 and B#22 = 450.703
ROUND 1136 A#35 and B#22 = 451.872
ROUND 1137 A#36 and B#22 = 424.64
ROUND 1138 A#37 and B#22 = 491.548
ROUND 1139 A#38 and B#22 = 492.004
ROUND 1140 A#39 and B#22 = 489.15
ROUND 1141 A#40 and B#22 = 450.594
ROUND 1142 A#41 and B#22 = 450.998
ROUND 1143 A#42 and B#22 = 500.034
ROUND 1144 A#43 and B#22 = 464.007
ROUND 1145 A#44 and B#22 = 500.03
ROUND 1146 A#45 and B#22 = 462.917
ROUND 1147 A#46 and B#22 = 466.551
ROUND 1148 A#47 and B#22 = 461.214
ROUND 1149 A#48 and B#22 = 461.571
ROUND 1150 A#49 and B#22 = 467.848
ROUND 1151 A#0 and B#23 = 447.392
ROUND 1152 A#1 and B#23 = 478.795
ROUND 1153 A#2 and B#23 = 404.167
ROUND 1154 A#3 and B#23 = 512.509
ROUND 1155 A#4 and B#23 = 428.016
ROUND 1156 A#5 and B#23 = 364.07
ROUND 1157 A#6 and B#23 = 472.6
ROUND 1158 A#7 and B#23 = 418.747
ROUND 1159 A#8 and B#23 = 515.362
ROUND 1160 A#9 and B#23 = 427.425
ROUND 1161 A#10 and B#23 = 429.99
ROUND 1162 A#11 and B#23 = 515.414
ROUND 1163 A#12 and B#23 = 514.056
ROUND 1164 A#13 and B#23 = 511.381
ROUND 1165 A#14 and B#23 = 511.046
ROUND 1166 A#15 and B#23 = 468.69
ROUND 1167 A#16 and B#23 = 510.326
ROUND 1168 A#17 and B#23 = 470.731
ROUND 1169 A#18 and B#23 = 422.665
ROUND 1170 A#19 and B#23 = 512.95
ROUND 1171 A#20 and B#23 = 513.093
ROUND 1172 A#21 and B#23 = 424.147
ROUND 1173 A#22 and B#23 = 424.786
ROUND 1174 A#23 and B#23 = 469.777
ROUND 1175 A#24 and B#23 = 477.987
ROUND 1176 A#25 and B#23 = 515.503
ROUND 1177 A#26 and B#23 = 515.638
ROUND 1178 A#27 and B#23 = 512.912
ROUND 1179 A#28 and B#23 = 423.757
ROUND 1180 A#29 and B#23 = 425.942
ROUND 1181 A#30 and B#23 = 513.438
ROUND 1182 A#31 and B#23 = 464.704
ROUND 1183 A#32 and B#23 = 506.221
ROUND 1184 A#33 and B#23 = 515.477
ROUND 1185 A#34 and B#23 = 439.54
ROUND 1186 A#35 and B#23 = 467.377
ROUND 1187 A#36 and B#23 = 501.07
ROUND 1188 A#37 and B#23 = 514.374
ROUND 1189 A#38 and B#23 = 514.258
ROUND 1190 A#39 and B#23 = 465.301
ROUND 1191 A#40 and B#23 = 275.074
ROUND 1192 A#41 and B#23 = 504.511
ROUND 1193 A#42 and B#23 = 477.307
ROUND 1194 A#43 and B#23 = 470.824
ROUND 1195 A#44 and B#23 = 477.241
ROUND 1196 A#45 and B#23 = 472.164
ROUND 1197 A#46 and B#23 = 473.817
ROUND 1198 A#47 and B#23 = 472.716
ROUND 1199 A#48 and B#23 = 474.249
ROUND 1200 A#49 and B#23 = 477.681
ROUND 1201 A#0 and B#24 = 308.394
ROUND 1202 A#1 and B#24 = 471.964
ROUND 1203 A#2 and B#24 = 429.493
ROUND 1204 A#3 and B#24 = 374.282
ROUND 1205 A#4 and B#24 = 460.712
ROUND 1206 A#5 and B#24 = 308.227
ROUND 1207 A#6 and B#24 = 453.239
ROUND 1208 A#7 and B#24 = 406.035
ROUND 1209 A#8 and B#24 = 496.595
ROUND 1210 A#9 and B#24 = 461.181
ROUND 1211 A#10 and B#24 = 460.448
ROUND 1212 A#11 and B#24 = 375.199
ROUND 1213 A#12 and B#24 = 373.885
ROUND 1214 A#13 and B#24 = 373.025
ROUND 1215 A#14 and B#24 = 494.907
ROUND 1216 A#15 and B#24 = 351.633
ROUND 1217 A#16 and B#24 = 375.635
ROUND 1218 A#17 and B#24 = 407.684
ROUND 1219 A#18 and B#24 = 362.445
ROUND 1220 A#19 and B#24 = 494.572
ROUND 1221 A#20 and B#24 = 374.239
ROUND 1222 A#21 and B#24 = 408.946
ROUND 1223 A#22 and B#24 = 360.292
ROUND 1224 A#23 and B#24 = 370.828
ROUND 1225 A#24 and B#24 = 497.173
ROUND 1226 A#25 and B#24 = 374.623
ROUND 1227 A#26 and B#24 = 496.575
ROUND 1228 A#27 and B#24 = 372.903
ROUND 1229 A#28 and B#24 = 361.374
ROUND 1230 A#29 and B#24 = 406.261
ROUND 1231 A#30 and B#24 = 494.11
ROUND 1232 A#31 and B#24 = 499.845
ROUND 1233 A#32 and B#24 = 509.558
ROUND 1234 A#33 and B#24 = 375.434
ROUND 1235 A#34 and B#24 = 321.261
ROUND 1236 A#35 and B#24 = 501.323
ROUND 1237 A#36 and B#24 = 310.944
ROUND 1238 A#37 and B#24 = 495.072
ROUND 1239 A#38 and B#24 = 374.482
ROUND 1240 A#39 and B#24 = 500.176
ROUND 1241 A#40 and B#24 = 321.194
ROUND 1242 A#41 and B#24 = 508.358
ROUND 1243 A#42 and B#24 = 510.863
ROUND 1244 A#43 and B#24 = 503.626
ROUND 1245 A#44 and B#24 = 510.958
ROUND 1246 A#45 and B#24 = 504.038
ROUND 1247 A#46 and B#24 = 505.769
ROUND 1248 A#47 and B#24 = 506.656
ROUND 1249 A#48 and B#24 = 507.366
ROUND 1250 A#49 and B#24 = 510.215
ROUND 1251 A#0 and B#25 = 309.188
ROUND 1252 A#1 and B#25 = 471.995
ROUND 1253 A#2 and B#25 = 429.643
ROUND 1254 A#3 and B#25 = 374.631
ROUND 1255 A#4 and B#25 = 460.933
ROUND 1256 A#5 and B#25 = 309.079
ROUND 1257 A#6 and B#25 = 453.365
ROUND 1258 A#7 and B#25 = 406.166
ROUND 1259 A#8 and B#25 = 496.536
ROUND 1260 A#9 and B#25 = 461.36
ROUND 1261 A#10 and B#25 = 460.464
ROUND 1262 A#11 and B#25 = 375.589
ROUND 1263 A#12 and B#25 = 374.324
ROUND 1264 A#13 and B#25 = 373.382
ROUND 1265 A#14 and B#25 = 494.938
ROUND 1266 A#15 and B#25 = 351.832
ROUND 1267 A#16 and B#25 = 375.98
ROUND 1268 A#17 and B#25 = 407.873
ROUND 1269 A#18 and B#25 = 362.439
ROUND 1270 A#19 and B#25 = 494.496
ROUND 1271 A#20 and B#25 = 374.584
ROUND 1272 A#21 and B#25 = 409.122
ROUND 1273 A#22 and B#25 = 360.298
ROUND 1274 A#23 and B#25 = 371.262
ROUND 1275 A#24 and B#25 = 497.134
ROUND 1276 A#25 and B#25 = 375.049
ROUND 1277 A#26 and B#25 = 496.503
ROUND 1278 A#27 and B#25 = 373.301
ROUND 1279 A#28 and B#25 = 361.371
ROUND 1280 A#29 and B#25 = 406.433
ROUND 1281 A#30 and B#25 = 494.298
ROUND 1282 A#31 and B#25 = 499.75
ROUND 1283 A#32 and B#25 = 509.579
ROUND 1284 A#33 and B#25 = 375.819
ROUND 1285 A#34 and B#25 = 322.19
ROUND 1286 A#35 and B#25 = 501.23
ROUND 1287 A#36 and B#25 = 312.296
ROUND 1288 A#37 and B#25 = 495.098
ROUND 1289 A#38 and B#25 = 374.874
ROUND 1290 A#39 and B#25 = 500.068
ROUND 1291 A#40 and B#25 = 322.151
ROUND 1292 A#41 and B#25 = 508.375
ROUND 1293 A#42 and B#25 = 510.677
ROUND 1294 A#43 and B#25 = 503.579
ROUND 1295 A#44 and B#25 = 511.001
ROUND 1296 A#45 and B#25 = 504.036
ROUND 1297 A#46 and B#25 = 505.891
ROUND 1298 A#47 and B#25 = 506.55
ROUND 1299 A#48 and B#25 = 507.264
ROUND 1300 A#49 and B#25 = 510.193
ROUND 1301 A#0 and B#26 = 428.124
ROUND 1302 A#1 and B#26 = 447.48
ROUND 1303 A#2 and B#26 = 393.752
ROUND 1304 A#3 and B#26 = 491.909
ROUND 1305 A#4 and B#26 = 405.063
ROUND 1306 A#5 and B#26 = 419.715
ROUND 1307 A#6 and B#26 = 418.758
ROUND 1308 A#7 and B#26 = 422.108
ROUND 1309 A#8 and B#26 = 502.175
ROUND 1310 A#9 and B#26 = 462.988
ROUND 1311 A#10 and B#26 = 470.836
ROUND 1312 A#11 and B#26 = 502.659
ROUND 1313 A#12 and B#26 = 428.871
ROUND 1314 A#13 and B#26 = 490.511
ROUND 1315 A#14 and B#26 = 487.948
ROUND 1316 A#15 and B#26 = 418.157
ROUND 1317 A#16 and B#26 = 489.479
ROUND 1318 A#17 and B#26 = 403.979
ROUND 1319 A#18 and B#26 = 417.525
ROUND 1320 A#19 and B#26 = 489.234
ROUND 1321 A#20 and B#26 = 490.992
ROUND 1322 A#21 and B#26 = 415.502
ROUND 1323 A#22 and B#26 = 420.384
ROUND 1324 A#23 and B#26 = 414.679
ROUND 1325 A#24 and B#26 = 507.369
ROUND 1326 A#25 and B#26 = 511.414
ROUND 1327 A#26 and B#26 = 502.31
ROUND 1328 A#27 and B#26 = 425.178
ROUND 1329 A#28 and B#26 = 419.269
ROUND 1330 A#29 and B#26 = 413.787
ROUND 1331 A#30 and B#26 = 497.324
ROUND 1332 A#31 and B#26 = 417.161
ROUND 1333 A#32 and B#26 = 405.67
ROUND 1334 A#33 and B#26 = 502.895
ROUND 1335 A#34 and B#26 = 406.321
ROUND 1336 A#35 and B#26 = 415.846
ROUND 1337 A#36 and B#26 = 411.473
ROUND 1338 A#37 and B#26 = 499.507
ROUND 1339 A#38 and B#26 = 502.32
ROUND 1340 A#39 and B#26 = 416.975
ROUND 1341 A#40 and B#26 = 407.866
ROUND 1342 A#41 and B#26 = 419.093
ROUND 1343 A#42 and B#26 = 493.234
ROUND 1344 A#43 and B#26 = 419.454
ROUND 1345 A#44 and B#26 = 496.015
ROUND 1346 A#45 and B#26 = 418.457
ROUND 1347 A#46 and B#26 = 502.872
ROUND 1348 A#47 and B#26 = 497.513
ROUND 1349 A#48 and B#26 = 496.955
ROUND 1350 A#49 and B#26 = 503.404
ROUND 1351 A#0 and B#27 = 261.529
ROUND 1352 A#1 and B#27 = 450.266
ROUND 1353 A#2 and B#27 = 418.238
ROUND 1354 A#3 and B#27 = 389.261
ROUND 1355 A#4 and B#27 = 401.187
ROUND 1356 A#5 and B#27 = 263.183
ROUND 1357 A#6 and B#27 = 263.183
ROUND 1358 A#7 and B#27 = 383.964
ROUND 1359 A#8 and B#27 = 391.682
ROUND 1360 A#9 and B#27 = 406.864
ROUND 1361 A#10 and B#27 = 400.274
ROUND 1362 A#11 and B#27 = 390.94
ROUND 1363 A#12 and B#27 = 395.133
ROUND 1364 A#13 and B#27 = 390.824
ROUND 1365 A#14 and B#27 = 388.391
ROUND 1366 A#15 and B#27 = 413.539
ROUND 1367 A#16 and B#27 = 387.887
ROUND 1368 A#17 and B#27 = 388.048
ROUND 1369 A#18 and B#27 = 385.312
ROUND 1370 A#19 and B#27 = 388.04
ROUND 1371 A#20 and B#27 = 389.075
ROUND 1372 A#21 and B#27 = 385.434
ROUND 1373 A#22 and B#27 = 384.482
ROUND 1374 A#23 and B#27 = 396.075
ROUND 1375 A#24 and B#27 = 395.06
ROUND 1376 A#25 and B#27 = 392.458
ROUND 1377 A#26 and B#27 = 391.391
ROUND 1378 A#27 and B#27 = 395.177
ROUND 1379 A#28 and B#27 = 384.917
ROUND 1380 A#29 and B#27 = 386.385
ROUND 1381 A#30 and B#27 = 391.478
ROUND 1382 A#31 and B#27 = 428.5
ROUND 1383 A#32 and B#27 = 321.559
ROUND 1384 A#33 and B#27 = 390.434
ROUND 1385 A#34 and B#27 = 432.244
ROUND 1386 A#35 and B#27 = 429.966
ROUND 1387 A#36 and B#27 = 319.658
ROUND 1388 A#37 and B#27 = 391.353
ROUND 1389 A#38 and B#27 = 392.916
ROUND 1390 A#39 and B#27 = 414.11
ROUND 1391 A#40 and B#27 = 312.688
ROUND 1392 A#41 and B#27 = 321.014
ROUND 1393 A#42 and B#27 = 408.204
ROUND 1394 A#43 and B#27 = 429.73
ROUND 1395 A#44 and B#27 = 417.776
ROUND 1396 A#45 and B#27 = 426.23
ROUND 1397 A#46 and B#27 = 423.143
ROUND 1398 A#47 and B#27 = 427.924
ROUND 1399 A#48 and B#27 = 422.604
ROUND 1400 A#49 and B#27 = 418.035
ROUND 1401 A#0 and B#28 = 396.392
ROUND 1402 A#1 and B#28 = 482.936
ROUND 1403 A#2 and B#28 = 458.305
ROUND 1404 A#3 and B#28 = 433.256
ROUND 1405 A#4 and B#28 = 447.732
ROUND 1406 A#5 and B#28 = 450.761
ROUND 1407 A#6 and B#28 = 400.61
ROUND 1408 A#7 and B#28 = 395.694
ROUND 1409 A#8 and B#28 = 441.117
ROUND 1410 A#9 and B#28 = 447.201
ROUND 1411 A#10 and B#28 = 449.234
ROUND 1412 A#11 and B#28 = 441.503
ROUND 1413 A#12 and B#28 = 445.524
ROUND 1414 A#13 and B#28 = 431.51
ROUND 1415 A#14 and B#28 = 426.141
ROUND 1416 A#15 and B#28 = 476.868
ROUND 1417 A#16 and B#28 = 432.942
ROUND 1418 A#17 and B#28 = 396.388
ROUND 1419 A#18 and B#28 = 374.185
ROUND 1420 A#19 and B#28 = 425.909
ROUND 1421 A#20 and B#28 = 433.771
ROUND 1422 A#21 and B#28 = 351.412
ROUND 1423 A#22 and B#28 = 369.264
ROUND 1424 A#23 and B#28 = 434.601
ROUND 1425 A#24 and B#28 = 442.183
ROUND 1426 A#25 and B#28 = 446.423
ROUND 1427 A#26 and B#28 = 441.175
ROUND 1428 A#27 and B#28 = 438.502
ROUND 1429 A#28 and B#28 = 371.876
ROUND 1430 A#29 and B#28 = 395.56
ROUND 1431 A#30 and B#28 = 422.872
ROUND 1432 A#31 and B#28 = 476.842
ROUND 1433 A#32 and B#28 = 450.291
ROUND 1434 A#33 and B#28 = 441.597
ROUND 1435 A#34 and B#28 = 406.887
ROUND 1436 A#35 and B#28 = 464.15
ROUND 1437 A#36 and B#28 = 411.01
ROUND 1438 A#37 and B#28 = 439.208
ROUND 1439 A#38 and B#28 = 440.539
ROUND 1440 A#39 and B#28 = 479.738
ROUND 1441 A#40 and B#28 = 405.391
ROUND 1442 A#41 and B#28 = 412.711
ROUND 1443 A#42 and B#28 = 461.183
ROUND 1444 A#43 and B#28 = 460.081
ROUND 1445 A#44 and B#28 = 463.992
ROUND 1446 A#45 and B#28 = 456.62
ROUND 1447 A#46 and B#28 = 471.993
ROUND 1448 A#47 and B#28 = 464.145
ROUND 1449 A#48 and B#28 = 456.877
ROUND 1450 A#49 and B#28 = 471.617
ROUND 1451 A#0 and B#29 = 479.03
ROUND 1452 A#1 and B#29 = 478.888
ROUND 1453 A#2 and B#29 = 463.884
ROUND 1454 A#3 and B#29 = 459.202
ROUND 1455 A#4 and B#29 = 448.38
ROUND 1456 A#5 and B#29 = 482.049
ROUND 1457 A#6 and B#29 = 482.531
ROUND 1458 A#7 and B#29 = 487.629
ROUND 1459 A#8 and B#29 = 447.71
ROUND 1460 A#9 and B#29 = 461.295
ROUND 1461 A#10 and B#29 = 448.163
ROUND 1462 A#11 and B#29 = 453.645
ROUND 1463 A#12 and B#29 = 449.953
ROUND 1464 A#13 and B#29 = 460.45
ROUND 1465 A#14 and B#29 = 458.535
ROUND 1466 A#15 and B#29 = 443.449
ROUND 1467 A#16 and B#29 = 462.834
ROUND 1468 A#17 and B#29 = 494.797
ROUND 1469 A#18 and B#29 = 489.177
ROUND 1470 A#19 and B#29 = 454.822
ROUND 1471 A#20 and B#29 = 458.282
ROUND 1472 A#21 and B#29 = 488.359
ROUND 1473 A#22 and B#29 = 484.923
ROUND 1474 A#23 and B#29 = 460.5
ROUND 1475 A#24 and B#29 = 448.889
ROUND 1476 A#25 and B#29 = 447.59
ROUND 1477 A#26 and B#29 = 446.739
ROUND 1478 A#27 and B#29 = 456.739
ROUND 1479 A#28 and B#29 = 487.353
ROUND 1480 A#29 and B#29 = 491.505
ROUND 1481 A#30 and B#29 = 453.291
ROUND 1482 A#31 and B#29 = 443.527
ROUND 1483 A#32 and B#29 = 457.965
ROUND 1484 A#33 and B#29 = 453.437
ROUND 1485 A#34 and B#29 = 457.953
ROUND 1486 A#35 and B#29 = 455.83
ROUND 1487 A#36 and B#29 = 462.545
ROUND 1488 A#37 and B#29 = 450.441
ROUND 1489 A#38 and B#29 = 455.516
ROUND 1490 A#39 and B#29 = 447.666
ROUND 1491 A#40 and B#29 = 460.359
ROUND 1492 A#41 and B#29 = 459.47
ROUND 1493 A#42 and B#29 = 439.984
ROUND 1494 A#43 and B#29 = 443.622
ROUND 1495 A#44 and B#29 = 438.653
ROUND 1496 A#45 and B#29 = 447.013
ROUND 1497 A#46 and B#29 = 441.858
ROUND 1498 A#47 and B#29 = 444.126
ROUND 1499 A#48 and B#29 = 444.27
ROUND 1500 A#49 and B#29 = 434.573
ROUND 1501 A#0 and B#30 = 428.176
ROUND 1502 A#1 and B#30 = 441.485
ROUND 1503 A#2 and B#30 = 442.417
ROUND 1504 A#3 and B#30 = 430.625
ROUND 1505 A#4 and B#30 = 453.321
ROUND 1506 A#5 and B#30 = 434.914
ROUND 1507 A#6 and B#30 = 434.838
ROUND 1508 A#7 and B#30 = 465.625
ROUND 1509 A#8 and B#30 = 435.135
ROUND 1510 A#9 and B#30 = 453.625
ROUND 1511 A#10 and B#30 = 452.281
ROUND 1512 A#11 and B#30 = 435.204
ROUND 1513 A#12 and B#30 = 438.873
ROUND 1514 A#13 and B#30 = 430.528
ROUND 1515 A#14 and B#30 = 430.634
ROUND 1516 A#15 and B#30 = 444.951
ROUND 1517 A#16 and B#30 = 430.868
ROUND 1518 A#17 and B#30 = 466.604
ROUND 1519 A#18 and B#30 = 469.239
ROUND 1520 A#19 and B#30 = 430.242
ROUND 1521 A#20 and B#30 = 430.543
ROUND 1522 A#21 and B#30 = 470.834
ROUND 1523 A#22 and B#30 = 470.782
ROUND 1524 A#23 and B#30 = 440.399
ROUND 1525 A#24 and B#30 = 439.081
ROUND 1526 A#25 and B#30 = 451.124
ROUND 1527 A#26 and B#30 = 435.112
ROUND 1528 A#27 and B#30 = 434.013
ROUND 1529 A#28 and B#30 = 470.283
ROUND 1530 A#29 and B#30 = 467.297
ROUND 1531 A#30 and B#30 = 434.559
ROUND 1532 A#31 and B#30 = 445.534
ROUND 1533 A#32 and B#30 = 406.498
ROUND 1534 A#33 and B#30 = 435.171
ROUND 1535 A#34 and B#30 = 409.033
ROUND 1536 A#35 and B#30 = 446.832
ROUND 1537 A#36 and B#30 = 411.474
ROUND 1538 A#37 and B#30 = 434.495
ROUND 1539 A#38 and B#30 = 434.831
ROUND 1540 A#39 and B#30 = 446.381
ROUND 1541 A#40 and B#30 = 407.354
ROUND 1542 A#41 and B#30 = 404.224
ROUND 1543 A#42 and B#30 = 447.891
ROUND 1544 A#43 and B#30 = 445.745
ROUND 1545 A#44 and B#30 = 447.786
ROUND 1546 A#45 and B#30 = 446.604
ROUND 1547 A#46 and B#30 = 448.109
ROUND 1548 A#47 and B#30 = 445.782
ROUND 1549 A#48 and B#30 = 447.77
ROUND 1550 A#49 and B#30 = 449.399
ROUND 1551 A#0 and B#31 = 480.16
ROUND 1552 A#1 and B#31 = 480.224
ROUND 1553 A#2 and B#31 = 402.663
ROUND 1554 A#3 and B#31 = 398.654
ROUND 1555 A#4 and B#31 = 446.601
ROUND 1556 A#5 and B#31 = 472.608
ROUND 1557 A#6 and B#31 = 472.175
ROUND 1558 A#7 and B#31 = 419.668
ROUND 1559 A#8 and B#31 = 519.966
ROUND 1560 A#9 and B#31 = 446.261
ROUND 1561 A#10 and B#31 = 447.257
ROUND 1562 A#11 and B#31 = 396.251
ROUND 1563 A#12 and B#31 = 398.856
ROUND 1564 A#13 and B#31 = 400.973
ROUND 1565 A#14 and B#31 = 515.975
ROUND 1566 A#15 and B#31 = 473.729
ROUND 1567 A#16 and B#31 = 515.219
ROUND 1568 A#17 and B#31 = 436.77
ROUND 1569 A#18 and B#31 = 377.927
ROUND 1570 A#19 and B#31 = 517.705
ROUND 1571 A#20 and B#31 = 398.013
ROUND 1572 A#21 and B#31 = 425.632
ROUND 1573 A#22 and B#31 = 377.616
ROUND 1574 A#23 and B#31 = 506.475
ROUND 1575 A#24 and B#31 = 512.556
ROUND 1576 A#25 and B#31 = 395.143
ROUND 1577 A#26 and B#31 = 520.344
ROUND 1578 A#27 and B#31 = 401.546
ROUND 1579 A#28 and B#31 = 377.525
ROUND 1580 A#29 and B#31 = 427.112
ROUND 1581 A#30 and B#31 = 518.267
ROUND 1582 A#31 and B#31 = 468.556
ROUND 1583 A#32 and B#31 = 505.303
ROUND 1584 A#33 and B#31 = 395.788
ROUND 1585 A#34 and B#31 = 439.789
ROUND 1586 A#35 and B#31 = 470.081
ROUND 1587 A#36 and B#31 = 500.323
ROUND 1588 A#37 and B#31 = 519.325
ROUND 1589 A#38 and B#31 = 398.924
ROUND 1590 A#39 and B#31 = 470.38
ROUND 1591 A#40 and B#31 = 327.469
ROUND 1592 A#41 and B#31 = 503.667
ROUND 1593 A#42 and B#31 = 481.84
ROUND 1594 A#43 and B#31 = 473.339
ROUND 1595 A#44 and B#31 = 481.508
ROUND 1596 A#45 and B#31 = 474.2
ROUND 1597 A#46 and B#31 = 476.047
ROUND 1598 A#47 and B#31 = 475.963
ROUND 1599 A#48 and B#31 = 477.048
ROUND 1600 A#49 and B#31 = 480.51
ROUND 1601 A#0 and B#32 = 427.766
ROUND 1602 A#1 and B#32 = 406.047
ROUND 1603 A#2 and B#32 = 442.899
ROUND 1604 A#3 and B#32 = 430.652
ROUND 1605 A#4 and B#32 = 453.748
ROUND 1606 A#5 and B#32 = 434.558
ROUND 1607 A#6 and B#32 = 434.49
ROUND 1608 A#7 and B#32 = 465.891
ROUND 1609 A#8 and B#32 = 435.179
ROUND 1610 A#9 and B#32 = 453.596
ROUND 1611 A#10 and B#32 = 452.642
ROUND 1612 A#11 and B#32 = 435.241
ROUND 1613 A#12 and B#32 = 438.927
ROUND 1614 A#13 and B#32 = 430.56
ROUND 1615 A#14 and B#32 = 430.659
ROUND 1616 A#15 and B#32 = 445.222
ROUND 1617 A#16 and B#32 = 430.895
ROUND 1618 A#17 and B#32 = 467.134
ROUND 1619 A#18 and B#32 = 469.442
ROUND 1620 A#19 and B#32 = 430.272
ROUND 1621 A#20 and B#32 = 430.599
ROUND 1622 A#21 and B#32 = 471.178
ROUND 1623 A#22 and B#32 = 471.038
ROUND 1624 A#23 and B#32 = 440.725
ROUND 1625 A#24 and B#32 = 439.3
ROUND 1626 A#25 and B#32 = 440.613
ROUND 1627 A#26 and B#32 = 435.155
ROUND 1628 A#27 and B#32 = 434.095
ROUND 1629 A#28 and B#32 = 470.515
ROUND 1630 A#29 and B#32 = 467.753
ROUND 1631 A#30 and B#32 = 434.577
ROUND 1632 A#31 and B#32 = 445.835
ROUND 1633 A#32 and B#32 = 406.298
ROUND 1634 A#33 and B#32 = 435.208
ROUND 1635 A#34 and B#32 = 409.103
ROUND 1636 A#35 and B#32 = 447.144
ROUND 1637 A#36 and B#32 = 411.58
ROUND 1638 A#37 and B#32 = 434.542
ROUND 1639 A#38 and B#32 = 434.898
ROUND 1640 A#39 and B#32 = 446.674
ROUND 1641 A#40 and B#32 = 407.374
ROUND 1642 A#41 and B#32 = 404.325
ROUND 1643 A#42 and B#32 = 448.036
ROUND 1644 A#43 and B#32 = 445.808
ROUND 1645 A#44 and B#32 = 447.957
ROUND 1646 A#45 and B#32 = 446.712
ROUND 1647 A#46 and B#32 = 448.147
ROUND 1648 A#47 and B#32 = 445.976
ROUND 1649 A#48 and B#32 = 447.93
ROUND 1650 A#49 and B#32 = 449.443
ROUND 1651 A#0 and B#33 = 446.688
ROUND 1652 A#1 and B#33 = 479.087
ROUND 1653 A#2 and B#33 = 405.434
ROUND 1654 A#3 and B#33 = 512.293
ROUND 1655 A#4 and B#33 = 428.193
ROUND 1656 A#5 and B#33 = 364.037
ROUND 1657 A#6 and B#33 = 472.84
ROUND 1658 A#7 and B#33 = 419.105
ROUND 1659 A#8 and B#33 = 514.893
ROUND 1660 A#9 and B#33 = 427.609
ROUND 1661 A#10 and B#33 = 430.219
ROUND 1662 A#11 and B#33 = 515.014
ROUND 1663 A#12 and B#33 = 513.776
ROUND 1664 A#13 and B#33 = 510.973
ROUND 1665 A#14 and B#33 = 510.901
ROUND 1666 A#15 and B#33 = 468.965
ROUND 1667 A#16 and B#33 = 509.972
ROUND 1668 A#17 and B#33 = 470.957
ROUND 1669 A#18 and B#33 = 423.006
ROUND 1670 A#19 and B#33 = 512.457
ROUND 1671 A#20 and B#33 = 512.656
ROUND 1672 A#21 and B#33 = 424.48
ROUND 1673 A#22 and B#33 = 425.157
ROUND 1674 A#23 and B#33 = 470.138
ROUND 1675 A#24 and B#33 = 478.359
ROUND 1676 A#25 and B#33 = 515.068
ROUND 1677 A#26 and B#33 = 515.292
ROUND 1678 A#27 and B#33 = 512.514
ROUND 1679 A#28 and B#33 = 424.126
ROUND 1680 A#29 and B#33 = 426.262
ROUND 1681 A#30 and B#33 = 513.103
ROUND 1682 A#31 and B#33 = 464.972
ROUND 1683 A#32 and B#33 = 505.947
ROUND 1684 A#33 and B#33 = 515.095
ROUND 1685 A#34 and B#33 = 440.372
ROUND 1686 A#35 and B#33 = 467.743
ROUND 1687 A#36 and B#33 = 500.836
ROUND 1688 A#37 and B#33 = 514
ROUND 1689 A#38 and B#33 = 513.982
ROUND 1690 A#39 and B#33 = 465.581
ROUND 1691 A#40 and B#33 = 334.66
ROUND 1692 A#41 and B#33 = 504.251
ROUND 1693 A#42 and B#33 = 477.601
ROUND 1694 A#43 and B#33 = 471.129
ROUND 1695 A#44 and B#33 = 477.592
ROUND 1696 A#45 and B#33 = 472.442
ROUND 1697 A#46 and B#33 = 474.125
ROUND 1698 A#47 and B#33 = 473.011
ROUND 1699 A#48 and B#33 = 474.536
ROUND 1700 A#49 and B#33 = 477.943
ROUND 1701 A#0 and B#34 = 442.174
ROUND 1702 A#1 and B#34 = 482.956
ROUND 1703 A#2 and B#34 = 417.857
ROUND 1704 A#3 and B#34 = 514.456
ROUND 1705 A#4 and B#34 = 345.054
ROUND 1706 A#5 and B#34 = 441.476
ROUND 1707 A#6 and B#34 = 439.727
ROUND 1708 A#7 and B#34 = 395.035
ROUND 1709 A#8 and B#34 = 520.258
ROUND 1710 A#9 and B#34 = 345.105
ROUND 1711 A#10 and B#34 = 345.204
ROUND 1712 A#11 and B#34 = 520.694
ROUND 1713 A#12 and B#34 = 521.52
ROUND 1714 A#13 and B#34 = 512.046
ROUND 1715 A#14 and B#34 = 512.296
ROUND 1716 A#15 and B#34 = 502.924
ROUND 1717 A#16 and B#34 = 513.31
ROUND 1718 A#17 and B#34 = 405.705
ROUND 1719 A#18 and B#34 = 397.689
ROUND 1720 A#19 and B#34 = 514.65
ROUND 1721 A#20 and B#34 = 514.976
ROUND 1722 A#21 and B#34 = 399.085
ROUND 1723 A#22 and B#34 = 399.598
ROUND 1724 A#23 and B#34 = 514.084
ROUND 1725 A#24 and B#34 = 519.273
ROUND 1726 A#25 and B#34 = 523.399
ROUND 1727 A#26 and B#34 = 520.423
ROUND 1728 A#27 and B#34 = 516.633
ROUND 1729 A#28 and B#34 = 398.792
ROUND 1730 A#29 and B#34 = 400.247
ROUND 1731 A#30 and B#34 = 517.722
ROUND 1732 A#31 and B#34 = 498.936
ROUND 1733 A#32 and B#34 = 392.001
ROUND 1734 A#33 and B#34 = 521.248
ROUND 1735 A#34 and B#34 = 392.383
ROUND 1736 A#35 and B#34 = 495.452
ROUND 1737 A#36 and B#34 = 399.283
ROUND 1738 A#37 and B#34 = 518.996
ROUND 1739 A#38 and B#34 = 519.206
ROUND 1740 A#39 and B#34 = 499.052
ROUND 1741 A#40 and B#34 = 394.931
ROUND 1742 A#41 and B#34 = 394.636
ROUND 1743 A#42 and B#34 = 506.237
ROUND 1744 A#43 and B#34 = 500.589
ROUND 1745 A#44 and B#34 = 507.239
ROUND 1746 A#45 and B#34 = 500.113
ROUND 1747 A#46 and B#34 = 502.616
ROUND 1748 A#47 and B#34 = 502.847
ROUND 1749 A#48 and B#34 = 503.147
ROUND 1750 A#49 and B#34 = 507.452
ROUND 1751 A#0 and B#35 = 358.799
ROUND 1752 A#1 and B#35 = 438.684
ROUND 1753 A#2 and B#35 = 389.075
ROUND 1754 A#3 and B#35 = 472.967
ROUND 1755 A#4 and B#35 = 468.906
ROUND 1756 A#5 and B#35 = 358.149
ROUND 1757 A#6 and B#35 = 357.995
ROUND 1758 A#7 and B#35 = 379.18
ROUND 1759 A#8 and B#35 = 475.504
ROUND 1760 A#9 and B#35 = 393.782
ROUND 1761 A#10 and B#35 = 469.195
ROUND 1762 A#11 and B#35 = 475.67
ROUND 1763 A#12 and B#35 = 474.495
ROUND 1764 A#13 and B#35 = 471.816
ROUND 1765 A#14 and B#35 = 471.28
ROUND 1766 A#15 and B#35 = 453.59
ROUND 1767 A#16 and B#35 = 470.742
ROUND 1768 A#17 and B#35 = 390.198
ROUND 1769 A#18 and B#35 = 383.288
ROUND 1770 A#19 and B#35 = 472.686
ROUND 1771 A#20 and B#35 = 473.385
ROUND 1772 A#21 and B#35 = 383.841
ROUND 1773 A#22 and B#35 = 381.562
ROUND 1774 A#23 and B#35 = 462.378
ROUND 1775 A#24 and B#35 = 466.969
ROUND 1776 A#25 and B#35 = 476.957
ROUND 1777 A#26 and B#35 = 476.071
ROUND 1778 A#27 and B#35 = 473.152
ROUND 1779 A#28 and B#35 = 382.364
ROUND 1780 A#29 and B#35 = 384.748
ROUND 1781 A#30 and B#35 = 472.641
ROUND 1782 A#31 and B#35 = 446.033
ROUND 1783 A#32 and B#35 = 477.429
ROUND 1784 A#33 and B#35 = 475.881
ROUND 1785 A#34 and B#35 = 326.325
ROUND 1786 A#35 and B#35 = 443.263
ROUND 1787 A#36 and B#35 = 334.798
ROUND 1788 A#37 and B#35 = 473.734
ROUND 1789 A#38 and B#35 = 474.486
ROUND 1790 A#39 and B#35 = 452.204
ROUND 1791 A#40 and B#35 = 325.971
ROUND 1792 A#41 and B#35 = 334.893
ROUND 1793 A#42 and B#35 = 456.334
ROUND 1794 A#43 and B#35 = 442.306
ROUND 1795 A#44 and B#35 = 455.872
ROUND 1796 A#45 and B#35 = 441.988
ROUND 1797 A#46 and B#35 = 446.311
ROUND 1798 A#47 and B#35 = 447.551
ROUND 1799 A#48 and B#35 = 448.393
ROUND 1800 A#49 and B#35 = 454.758
ROUND 1801 A#0 and B#36 = 474.207
ROUND 1802 A#1 and B#36 = 491.494
ROUND 1803 A#2 and B#36 = 462.558
ROUND 1804 A#3 and B#36 = 429.295
ROUND 1805 A#4 and B#36 = 424.047
ROUND 1806 A#5 and B#36 = 475.424
ROUND 1807 A#6 and B#36 = 474.846
ROUND 1808 A#7 and B#36 = 371.476
ROUND 1809 A#8 and B#36 = 431.431
ROUND 1810 A#9 and B#36 = 423.744
ROUND 1811 A#10 and B#36 = 425.202
ROUND 1812 A#11 and B#36 = 432.03
ROUND 1813 A#12 and B#36 = 428.684
ROUND 1814 A#13 and B#36 = 426.821
ROUND 1815 A#14 and B#36 = 428.43
ROUND 1816 A#15 and B#36 = 417.772
ROUND 1817 A#16 and B#36 = 427.713
ROUND 1818 A#17 and B#36 = 372.048
ROUND 1819 A#18 and B#36 = 370.817
ROUND 1820 A#19 and B#36 = 430.266
ROUND 1821 A#20 and B#36 = 429.882
ROUND 1822 A#21 and B#36 = 369.327
ROUND 1823 A#22 and B#36 = 365.05
ROUND 1824 A#23 and B#36 = 430.723
ROUND 1825 A#24 and B#36 = 430.607
ROUND 1826 A#25 and B#36 = 430.568
ROUND 1827 A#26 and B#36 = 431.751
ROUND 1828 A#27 and B#36 = 427.31
ROUND 1829 A#28 and B#36 = 367.719
ROUND 1830 A#29 and B#36 = 372.047
ROUND 1831 A#30 and B#36 = 430.005
ROUND 1832 A#31 and B#36 = 416.677
ROUND 1833 A#32 and B#36 = 443.897
ROUND 1834 A#33 and B#36 = 432.404
ROUND 1835 A#34 and B#36 = 429.514
ROUND 1836 A#35 and B#36 = 417.828
ROUND 1837 A#36 and B#36 = 438.596
ROUND 1838 A#37 and B#36 = 430.597
ROUND 1839 A#38 and B#36 = 430.037
ROUND 1840 A#39 and B#36 = 416.3
ROUND 1841 A#40 and B#36 = 430.408
ROUND 1842 A#41 and B#36 = 441.643
ROUND 1843 A#42 and B#36 = 418.475
ROUND 1844 A#43 and B#36 = 420.687
ROUND 1845 A#44 and B#36 = 419.781
ROUND 1846 A#45 and B#36 = 420.937
ROUND 1847 A#46 and B#36 = 461.702
ROUND 1848 A#47 and B#36 = 418.112
ROUND 1849 A#48 and B#36 = 418.98
ROUND 1850 A#49 and B#36 = 465.049
ROUND 1851 A#0 and B#37 = 346.987
ROUND 1852 A#1 and B#37 = 481.225
ROUND 1853 A#2 and B#37 = 369.392
ROUND 1854 A#3 and B#37 = 381.658
ROUND 1855 A#4 and B#37 = 457.756
ROUND 1856 A#5 and B#37 = 482.031
ROUND 1857 A#6 and B#37 = 481.46
ROUND 1858 A#7 and B#37 = 383.753
ROUND 1859 A#8 and B#37 = 297.765
ROUND 1860 A#9 and B#37 = 457.098
ROUND 1861 A#10 and B#37 = 458.318
ROUND 1862 A#11 and B#37 = 381.615
ROUND 1863 A#12 and B#37 = 381.284
ROUND 1864 A#13 and B#37 = 380.919
ROUND 1865 A#14 and B#37 = 295.989
ROUND 1866 A#15 and B#37 = 499.333
ROUND 1867 A#16 and B#37 = 383.098
ROUND 1868 A#17 and B#37 = 381.506
ROUND 1869 A#18 and B#37 = 387.265
ROUND 1870 A#19 and B#37 = 297.019
ROUND 1871 A#20 and B#37 = 381.632
ROUND 1872 A#21 and B#37 = 384.338
ROUND 1873 A#22 and B#37 = 383.66
ROUND 1874 A#23 and B#37 = 380.798
ROUND 1875 A#24 and B#37 = 296.601
ROUND 1876 A#25 and B#37 = 382.005
ROUND 1877 A#26 and B#37 = 298.03
ROUND 1878 A#27 and B#37 = 380.269
ROUND 1879 A#28 and B#37 = 385.551
ROUND 1880 A#29 and B#37 = 384.601
ROUND 1881 A#30 and B#37 = 296.568
ROUND 1882 A#31 and B#37 = 495.285
ROUND 1883 A#32 and B#37 = 488.763
ROUND 1884 A#33 and B#37 = 381.885
ROUND 1885 A#34 and B#37 = 258.05
ROUND 1886 A#35 and B#37 = 492.292
ROUND 1887 A#36 and B#37 = 483.727
ROUND 1888 A#37 and B#37 = 297.347
ROUND 1889 A#38 and B#37 = 381.196
ROUND 1890 A#39 and B#37 = 495.503
ROUND 1891 A#40 and B#37 = 256.823
ROUND 1892 A#41 and B#37 = 486.971
ROUND 1893 A#42 and B#37 = 503.328
ROUND 1894 A#43 and B#37 = 496.785
ROUND 1895 A#44 and B#37 = 504.169
ROUND 1896 A#45 and B#37 = 496.951
ROUND 1897 A#46 and B#37 = 499.315
ROUND 1898 A#47 and B#37 = 499.788
ROUND 1899 A#48 and B#37 = 500.029
ROUND 1900 A#49 and B#37 = 504.212
ROUND 1901 A#0 and B#38 = 428.628
ROUND 1902 A#1 and B#38 = 441.032
ROUND 1903 A#2 and B#38 = 443.083
ROUND 1904 A#3 and B#38 = 430.374
ROUND 1905 A#4 and B#38 = 453.923
ROUND 1906 A#5 and B#38 = 435.22
ROUND 1907 A#6 and B#38 = 435.305
ROUND 1908 A#7 and B#38 = 465.808
ROUND 1909 A#8 and B#38 = 434.728
ROUND 1910 A#9 and B#38 = 454.132
ROUND 1911 A#10 and B#38 = 452.836
ROUND 1912 A#11 and B#38 = 434.79
ROUND 1913 A#12 and B#38 = 438.383
ROUND 1914 A#13 and B#38 = 430.329
ROUND 1915 A#14 and B#38 = 430.475
ROUND 1916 A#15 and B#38 = 444.84
ROUND 1917 A#16 and B#38 = 430.695
ROUND 1918 A#17 and B#38 = 466.758
ROUND 1919 A#18 and B#38 = 469.368
ROUND 1920 A#19 and B#38 = 430.005
ROUND 1921 A#20 and B#38 = 430.3
ROUND 1922 A#21 and B#38 = 470.971
ROUND 1923 A#22 and B#38 = 470.82
ROUND 1924 A#23 and B#38 = 440.223
ROUND 1925 A#24 and B#38 = 438.742
ROUND 1926 A#25 and B#38 = 440.053
ROUND 1927 A#26 and B#38 = 434.688
ROUND 1928 A#27 and B#38 = 433.724
ROUND 1929 A#28 and B#38 = 470.271
ROUND 1930 A#29 and B#38 = 467.576
ROUND 1931 A#30 and B#38 = 434.267
ROUND 1932 A#31 and B#38 = 445.451
ROUND 1933 A#32 and B#38 = 406.977
ROUND 1934 A#33 and B#38 = 434.737
ROUND 1935 A#34 and B#38 = 409.425
ROUND 1936 A#35 and B#38 = 446.775
ROUND 1937 A#36 and B#38 = 412.036
ROUND 1938 A#37 and B#38 = 434.158
ROUND 1939 A#38 and B#38 = 434.482
ROUND 1940 A#39 and B#38 = 446.34
ROUND 1941 A#40 and B#38 = 407.74
ROUND 1942 A#41 and B#38 = 405.101
ROUND 1943 A#42 and B#38 = 447.661
ROUND 1944 A#43 and B#38 = 445.602
ROUND 1945 A#44 and B#38 = 447.57
ROUND 1946 A#45 and B#38 = 446.454
ROUND 1947 A#46 and B#38 = 447.944
ROUND 1948 A#47 and B#38 = 445.575
ROUND 1949 A#48 and B#38 = 447.579
ROUND 1950 A#49 and B#38 = 449.158
ROUND 1951 A#0 and B#39 = 312.868
ROUND 1952 A#1 and B#39 = 469.67
ROUND 1953 A#2 and B#39 = 424.98
ROUND 1954 A#3 and B#39 = 368.323
ROUND 1955 A#4 and B#39 = 461.744
ROUND 1956 A#5 and B#39 = 311.677
ROUND 1957 A#6 and B#39 = 453.362
ROUND 1958 A#7 and B#39 = 361.338
ROUND 1959 A#8 and B#39 = 362.889
ROUND 1960 A#9 and B#39 = 462.142
ROUND 1961 A#10 and B#39 = 461.517
ROUND 1962 A#11 and B#39 = 371.261
ROUND 1963 A#12 and B#39 = 358.909
ROUND 1964 A#13 and B#39 = 366.447
ROUND 1965 A#14 and B#39 = 495.685
ROUND 1966 A#15 and B#39 = 357.794
ROUND 1967 A#16 and B#39 = 369.494
ROUND 1968 A#17 and B#39 = 411.464
ROUND 1969 A#18 and B#39 = 357.641
ROUND 1970 A#19 and B#39 = 495.711
ROUND 1971 A#20 and B#39 = 368.346
ROUND 1972 A#21 and B#39 = 355.602
ROUND 1973 A#22 and B#39 = 355.476
ROUND 1974 A#23 and B#39 = 356.627
ROUND 1975 A#24 and B#39 = 356.979
ROUND 1976 A#25 and B#39 = 371.115
ROUND 1977 A#26 and B#39 = 362.884
ROUND 1978 A#27 and B#39 = 368.934
ROUND 1979 A#28 and B#39 = 356.549
ROUND 1980 A#29 and B#39 = 358.202
ROUND 1981 A#30 and B#39 = 496.449
ROUND 1982 A#31 and B#39 = 495.865
ROUND 1983 A#32 and B#39 = 312.474
ROUND 1984 A#33 and B#39 = 371.456
ROUND 1985 A#34 and B#39 = 319.338
ROUND 1986 A#35 and B#39 = 496.992
ROUND 1987 A#36 and B#39 = 311.784
ROUND 1988 A#37 and B#39 = 363.508
ROUND 1989 A#38 and B#39 = 370.534
ROUND 1990 A#39 and B#39 = 496.391
ROUND 1991 A#40 and B#39 = 318.79
ROUND 1992 A#41 and B#39 = 312.14
ROUND 1993 A#42 and B#39 = 506.887
ROUND 1994 A#43 and B#39 = 499.37
ROUND 1995 A#44 and B#39 = 506.981
ROUND 1996 A#45 and B#39 = 500.095
ROUND 1997 A#46 and B#39 = 367.154
ROUND 1998 A#47 and B#39 = 502.271
ROUND 1999 A#48 and B#39 = 503.141
ROUND 2000 A#49 and B#39 = 506.443
ROUND 2001 A#0 and B#40 = 359.814
ROUND 2002 A#1 and B#40 = 439.745
ROUND 2003 A#2 and B#40 = 389.433
ROUND 2004 A#3 and B#40 = 473.902
ROUND 2005 A#4 and B#40 = 462.262
ROUND 2006 A#5 and B#40 = 358.819
ROUND 2007 A#6 and B#40 = 358.593
ROUND 2008 A#7 and B#40 = 380.106
ROUND 2009 A#8 and B#40 = 476.667
ROUND 2010 A#9 and B#40 = 393.874
ROUND 2011 A#10 and B#40 = 468.638
ROUND 2012 A#11 and B#40 = 476.841
ROUND 2013 A#12 and B#40 = 475.827
ROUND 2014 A#13 and B#40 = 472.711
ROUND 2015 A#14 and B#40 = 472.135
ROUND 2016 A#15 and B#40 = 454.277
ROUND 2017 A#16 and B#40 = 471.644
ROUND 2018 A#17 and B#40 = 391.264
ROUND 2019 A#18 and B#40 = 384.187
ROUND 2020 A#19 and B#40 = 473.632
ROUND 2021 A#20 and B#40 = 474.324
ROUND 2022 A#21 and B#40 = 384.748
ROUND 2023 A#22 and B#40 = 382.447
ROUND 2024 A#23 and B#40 = 463.668
ROUND 2025 A#24 and B#40 = 468.362
ROUND 2026 A#25 and B#40 = 478.332
ROUND 2027 A#26 and B#40 = 477.282
ROUND 2028 A#27 and B#40 = 474.211
ROUND 2029 A#28 and B#40 = 383.255
ROUND 2030 A#29 and B#40 = 385.736
ROUND 2031 A#30 and B#40 = 473.737
ROUND 2032 A#31 and B#40 = 446.786
ROUND 2033 A#32 and B#40 = 478.165
ROUND 2034 A#33 and B#40 = 477.097
ROUND 2035 A#34 and B#40 = 327.355
ROUND 2036 A#35 and B#40 = 444.06
ROUND 2037 A#36 and B#40 = 335.634
ROUND 2038 A#37 and B#40 = 474.886
ROUND 2039 A#38 and B#40 = 475.656
ROUND 2040 A#39 and B#40 = 452.854
ROUND 2041 A#40 and B#40 = 327.081
ROUND 2042 A#41 and B#40 = 335.989
ROUND 2043 A#42 and B#40 = 457.567
ROUND 2044 A#43 and B#40 = 443.689
ROUND 2045 A#44 and B#40 = 457.179
ROUND 2046 A#45 and B#40 = 443.386
ROUND 2047 A#46 and B#40 = 447.714
ROUND 2048 A#47 and B#40 = 448.901
ROUND 2049 A#48 and B#40 = 449.741
ROUND 2050 A#49 and B#40 = 456.208
ROUND 2051 A#0 and B#41 = 442.599
ROUND 2052 A#1 and B#41 = 430.678
ROUND 2053 A#2 and B#41 = 443.547
ROUND 2054 A#3 and B#41 = 488.185
ROUND 2055 A#4 and B#41 = 452.142
ROUND 2056 A#5 and B#41 = 441.463
ROUND 2057 A#6 and B#41 = 441.667
ROUND 2058 A#7 and B#41 = 407.362
ROUND 2059 A#8 and B#41 = 495.775
ROUND 2060 A#9 and B#41 = 417.555
ROUND 2061 A#10 and B#41 = 420.663
ROUND 2062 A#11 and B#41 = 495.51
ROUND 2063 A#12 and B#41 = 499.399
ROUND 2064 A#13 and B#41 = 488.054
ROUND 2065 A#14 and B#41 = 486.392
ROUND 2066 A#15 and B#41 = 498.543
ROUND 2067 A#16 and B#41 = 485.151
ROUND 2068 A#17 and B#41 = 409.472
ROUND 2069 A#18 and B#41 = 410.054
ROUND 2070 A#19 and B#41 = 487.92
ROUND 2071 A#20 and B#41 = 488.954
ROUND 2072 A#21 and B#41 = 410.311
ROUND 2073 A#22 and B#41 = 414.692
ROUND 2074 A#23 and B#41 = 462.157
ROUND 2075 A#24 and B#41 = 466.541
ROUND 2076 A#25 and B#41 = 500.432
ROUND 2077 A#26 and B#41 = 496.335
ROUND 2078 A#27 and B#41 = 493.882
ROUND 2079 A#28 and B#41 = 412.79
ROUND 2080 A#29 and B#41 = 407.944
ROUND 2081 A#30 and B#41 = 492.679
ROUND 2082 A#31 and B#41 = 494.468
ROUND 2083 A#32 and B#41 = 455.46
ROUND 2084 A#33 and B#41 = 495.31
ROUND 2085 A#34 and B#41 = 453.748
ROUND 2086 A#35 and B#41 = 495.258
ROUND 2087 A#36 and B#41 = 451.948
ROUND 2088 A#37 and B#41 = 494.094
ROUND 2089 A#38 and B#41 = 494.819
ROUND 2090 A#39 and B#41 = 495.538
ROUND 2091 A#40 and B#41 = 453.33
ROUND 2092 A#41 and B#41 = 453.791
ROUND 2093 A#42 and B#41 = 506.105
ROUND 2094 A#43 and B#41 = 467.735
ROUND 2095 A#44 and B#41 = 506.189
ROUND 2096 A#45 and B#41 = 498.077
ROUND 2097 A#46 and B#41 = 470.353
ROUND 2098 A#47 and B#41 = 500.883
ROUND 2099 A#48 and B#41 = 501.948
ROUND 2100 A#49 and B#41 = 504.95
ROUND 2101 A#0 and B#42 = 311.31
ROUND 2102 A#1 and B#42 = 470.919
ROUND 2103 A#2 and B#42 = 425.893
ROUND 2104 A#3 and B#42 = 497.179
ROUND 2105 A#4 and B#42 = 461.449
ROUND 2106 A#5 and B#42 = 311.655
ROUND 2107 A#6 and B#42 = 453.85
ROUND 2108 A#7 and B#42 = 362.081
ROUND 2109 A#8 and B#42 = 370.681
ROUND 2110 A#9 and B#42 = 461.854
ROUND 2111 A#10 and B#42 = 461.245
ROUND 2112 A#11 and B#42 = 371.252
ROUND 2113 A#12 and B#42 = 370.375
ROUND 2114 A#13 and B#42 = 497.793
ROUND 2115 A#14 and B#42 = 496.426
ROUND 2116 A#15 and B#42 = 500.749
ROUND 2117 A#16 and B#42 = 496.19
ROUND 2118 A#17 and B#42 = 411.627
ROUND 2119 A#18 and B#42 = 358.425
ROUND 2120 A#19 and B#42 = 495.928
ROUND 2121 A#20 and B#42 = 497.188
ROUND 2122 A#21 and B#42 = 356.366
ROUND 2123 A#22 and B#42 = 356.263
ROUND 2124 A#23 and B#42 = 367.869
ROUND 2125 A#24 and B#42 = 368.713
ROUND 2126 A#25 and B#42 = 371.129
ROUND 2127 A#26 and B#42 = 370.501
ROUND 2128 A#27 and B#42 = 363.183
ROUND 2129 A#28 and B#42 = 357.34
ROUND 2130 A#29 and B#42 = 358.937
ROUND 2131 A#30 and B#42 = 496.584
ROUND 2132 A#31 and B#42 = 345.755
ROUND 2133 A#32 and B#42 = 313.65
ROUND 2134 A#33 and B#42 = 371.429
ROUND 2135 A#34 and B#42 = 321.777
ROUND 2136 A#35 and B#42 = 498.194
ROUND 2137 A#36 and B#42 = 313.631
ROUND 2138 A#37 and B#42 = 496.146
ROUND 2139 A#38 and B#42 = 370.497
ROUND 2140 A#39 and B#42 = 350.637
ROUND 2141 A#40 and B#42 = 321.765
ROUND 2142 A#41 and B#42 = 313.598
ROUND 2143 A#42 and B#42 = 508.047
ROUND 2144 A#43 and B#42 = 500.707
ROUND 2145 A#44 and B#42 = 508.278
ROUND 2146 A#45 and B#42 = 501.257
ROUND 2147 A#46 and B#42 = 503.228
ROUND 2148 A#47 and B#42 = 503.64
ROUND 2149 A#48 and B#42 = 504.471
ROUND 2150 A#49 and B#42 = 340.024
ROUND 2151 A#0 and B#43 = 442.842
ROUND 2152 A#1 and B#43 = 470.487
ROUND 2153 A#2 and B#43 = 425.148
ROUND 2154 A#3 and B#43 = 499.127
ROUND 2155 A#4 and B#43 = 463.408
ROUND 2156 A#5 and B#43 = 325.173
ROUND 2157 A#6 and B#43 = 478.226
ROUND 2158 A#7 and B#43 = 409.331
ROUND 2159 A#8 and B#43 = 499.35
ROUND 2160 A#9 and B#43 = 463.673
ROUND 2161 A#10 and B#43 = 463.267
ROUND 2162 A#11 and B#43 = 385.99
ROUND 2163 A#12 and B#43 = 385.031
ROUND 2164 A#13 and B#43 = 499.885
ROUND 2165 A#14 and B#43 = 498.404
ROUND 2166 A#15 and B#43 = 500.979
ROUND 2167 A#16 and B#43 = 498.415
ROUND 2168 A#17 and B#43 = 412.432
ROUND 2169 A#18 and B#43 = 378.952
ROUND 2170 A#19 and B#43 = 498.152
ROUND 2171 A#20 and B#43 = 499.121
ROUND 2172 A#21 and B#43 = 412.724
ROUND 2173 A#22 and B#43 = 376.293
ROUND 2174 A#23 and B#43 = 492.708
ROUND 2175 A#24 and B#43 = 498.822
ROUND 2176 A#25 and B#43 = 385.856
ROUND 2177 A#26 and B#43 = 499.709
ROUND 2178 A#27 and B#43 = 500.502
ROUND 2179 A#28 and B#43 = 377.642
ROUND 2180 A#29 and B#43 = 410.26
ROUND 2181 A#30 and B#43 = 498.253
ROUND 2182 A#31 and B#43 = 497.079
ROUND 2183 A#32 and B#43 = 511.258
ROUND 2184 A#33 and B#43 = 386.293
ROUND 2185 A#34 and B#43 = 336.941
ROUND 2186 A#35 and B#43 = 498.133
ROUND 2187 A#36 and B#43 = 507.266
ROUND 2188 A#37 and B#43 = 498.651
ROUND 2189 A#38 and B#43 = 499.988
ROUND 2190 A#39 and B#43 = 497.83
ROUND 2191 A#40 and B#43 = 336.733
ROUND 2192 A#41 and B#43 = 509.889
ROUND 2193 A#42 and B#43 = 508.352
ROUND 2194 A#43 and B#43 = 500.235
ROUND 2195 A#44 and B#43 = 508.193
ROUND 2196 A#45 and B#43 = 500.913
ROUND 2197 A#46 and B#43 = 502.865
ROUND 2198 A#47 and B#43 = 503.268
ROUND 2199 A#48 and B#43 = 504.337
ROUND 2200 A#49 and B#43 = 507.185
ROUND 2201 A#0 and B#44 = 425.902
ROUND 2202 A#1 and B#44 = 481.398
ROUND 2203 A#2 and B#44 = 366.48
ROUND 2204 A#3 and B#44 = 391.681
ROUND 2205 A#4 and B#44 = 343.905
ROUND 2206 A#5 and B#44 = 481.891
ROUND 2207 A#6 and B#44 = 481.292
ROUND 2208 A#7 and B#44 = 390.657
ROUND 2209 A#8 and B#44 = 391.218
ROUND 2210 A#9 and B#44 = 344.043
ROUND 2211 A#10 and B#44 = 344.146
ROUND 2212 A#11 and B#44 = 391.075
ROUND 2213 A#12 and B#44 = 390.441
ROUND 2214 A#13 and B#44 = 390.69
ROUND 2215 A#14 and B#44 = 502.484
ROUND 2216 A#15 and B#44 = 500.051
ROUND 2217 A#16 and B#44 = 392.388
ROUND 2218 A#17 and B#44 = 394.434
ROUND 2219 A#18 and B#44 = 403.351
ROUND 2220 A#19 and B#44 = 505.136
ROUND 2221 A#20 and B#44 = 391.755
ROUND 2222 A#21 and B#44 = 399.999
ROUND 2223 A#22 and B#44 = 399.17
ROUND 2224 A#23 and B#44 = 503.66
ROUND 2225 A#24 and B#44 = 509.591
ROUND 2226 A#25 and B#44 = 390.931
ROUND 2227 A#26 and B#44 = 391.242
ROUND 2228 A#27 and B#44 = 389.915
ROUND 2229 A#28 and B#44 = 401.326
ROUND 2230 A#29 and B#44 = 400.056
ROUND 2231 A#30 and B#44 = 508.384
ROUND 2232 A#31 and B#44 = 495.799
ROUND 2233 A#32 and B#44 = 489.702
ROUND 2234 A#33 and B#44 = 391.431
ROUND 2235 A#34 and B#44 = 286.769
ROUND 2236 A#35 and B#44 = 492.335
ROUND 2237 A#36 and B#44 = 484.831
ROUND 2238 A#37 and B#44 = 509.86
ROUND 2239 A#38 and B#44 = 390.744
ROUND 2240 A#39 and B#44 = 495.969
ROUND 2241 A#40 and B#44 = 329.243
ROUND 2242 A#41 and B#44 = 487.871
ROUND 2243 A#42 and B#44 = 503.757
ROUND 2244 A#43 and B#44 = 497.149
ROUND 2245 A#44 and B#44 = 504.734
ROUND 2246 A#45 and B#44 = 497.262
ROUND 2247 A#46 and B#44 = 499.759
ROUND 2248 A#47 and B#44 = 500.306
ROUND 2249 A#48 and B#44 = 500.37
ROUND 2250 A#49 and B#44 = 504.947
ROUND 2251 A#0 and B#45 = 440.949
ROUND 2252 A#1 and B#45 = 481.287
ROUND 2253 A#2 and B#45 = 407.498
ROUND 2254 A#3 and B#45 = 507.867
ROUND 2255 A#4 and B#45 = 382.028
ROUND 2256 A#5 and B#45 = 440.305
ROUND 2257 A#6 and B#45 = 438.396
ROUND 2258 A#7 and B#45 = 390.545
ROUND 2259 A#8 and B#45 = 514.037
ROUND 2260 A#9 and B#45 = 382.937
ROUND 2261 A#10 and B#45 = 347.447
ROUND 2262 A#11 and B#45 = 514.505
ROUND 2263 A#12 and B#45 = 515.39
ROUND 2264 A#13 and B#45 = 505.396
ROUND 2265 A#14 and B#45 = 505.481
ROUND 2266 A#15 and B#45 = 498.184
ROUND 2267 A#16 and B#45 = 506.591
ROUND 2268 A#17 and B#45 = 400.546
ROUND 2269 A#18 and B#45 = 393.567
ROUND 2270 A#19 and B#45 = 508.003
ROUND 2271 A#20 and B#45 = 508.428
ROUND 2272 A#21 and B#45 = 394.924
ROUND 2273 A#22 and B#45 = 396.108
ROUND 2274 A#23 and B#45 = 507.175
ROUND 2275 A#24 and B#45 = 512.691
ROUND 2276 A#25 and B#45 = 517.37
ROUND 2277 A#26 and B#45 = 514.294
ROUND 2278 A#27 and B#45 = 510.281
ROUND 2279 A#28 and B#45 = 395
ROUND 2280 A#29 and B#45 = 395.578
ROUND 2281 A#30 and B#45 = 511.2
ROUND 2282 A#31 and B#45 = 494.231
ROUND 2283 A#32 and B#45 = 498.877
ROUND 2284 A#33 and B#45 = 515.083
ROUND 2285 A#34 and B#45 = 498.828
ROUND 2286 A#35 and B#45 = 491.242
ROUND 2287 A#36 and B#45 = 397.475
ROUND 2288 A#37 and B#45 = 512.646
ROUND 2289 A#38 and B#45 = 512.925
ROUND 2290 A#39 and B#45 = 494.04
ROUND 2291 A#40 and B#45 = 497.333
ROUND 2292 A#41 and B#45 = 497.156
ROUND 2293 A#42 and B#45 = 502.177
ROUND 2294 A#43 and B#45 = 496.911
ROUND 2295 A#44 and B#45 = 503.307
ROUND 2296 A#45 and B#45 = 496.468
ROUND 2297 A#46 and B#45 = 499.174
ROUND 2298 A#47 and B#45 = 499.059
ROUND 2299 A#48 and B#45 = 499.453
ROUND 2300 A#49 and B#45 = 503.959
ROUND 2301 A#0 and B#46 = 429.397
ROUND 2302 A#1 and B#46 = 481.121
ROUND 2303 A#2 and B#46 = 445.844
ROUND 2304 A#3 and B#46 = 481.78
ROUND 2305 A#4 and B#46 = 475.664
ROUND 2306 A#5 and B#46 = 436.693
ROUND 2307 A#6 and B#46 = 436.942
ROUND 2308 A#7 and B#46 = 452.005
ROUND 2309 A#8 and B#46 = 475.18
ROUND 2310 A#9 and B#46 = 475.842
ROUND 2311 A#10 and B#46 = 475.388
ROUND 2312 A#11 and B#46 = 475.019
ROUND 2313 A#12 and B#46 = 470.865
ROUND 2314 A#13 and B#46 = 482.446
ROUND 2315 A#14 and B#46 = 483.919
ROUND 2316 A#15 and B#46 = 453.586
ROUND 2317 A#16 and B#46 = 486.235
ROUND 2318 A#17 and B#46 = 454.807
ROUND 2319 A#18 and B#46 = 452.198
ROUND 2320 A#19 and B#46 = 481.612
ROUND 2321 A#20 and B#46 = 480.882
ROUND 2322 A#21 and B#46 = 449.96
ROUND 2323 A#22 and B#46 = 445.202
ROUND 2324 A#23 and B#46 = 482.347
ROUND 2325 A#24 and B#46 = 477.27
ROUND 2326 A#25 and B#46 = 468.286
ROUND 2327 A#26 and B#46 = 474.084
ROUND 2328 A#27 and B#46 = 477.674
ROUND 2329 A#28 and B#46 = 448.76
ROUND 2330 A#29 and B#46 = 453.608
ROUND 2331 A#30 and B#46 = 479.18
ROUND 2332 A#31 and B#46 = 449.293
ROUND 2333 A#32 and B#46 = 478.061
ROUND 2334 A#33 and B#46 = 474.949
ROUND 2335 A#34 and B#46 = 477.541
ROUND 2336 A#35 and B#46 = 449.479
ROUND 2337 A#36 and B#46 = 410.757
ROUND 2338 A#37 and B#46 = 476.974
ROUND 2339 A#38 and B#46 = 477.092
ROUND 2340 A#39 and B#46 = 450.147
ROUND 2341 A#40 and B#46 = 476.625
ROUND 2342 A#41 and B#46 = 409.809
ROUND 2343 A#42 and B#46 = 457.659
ROUND 2344 A#43 and B#46 = 462.128
ROUND 2345 A#44 and B#46 = 458.32
ROUND 2346 A#45 and B#46 = 457.806
ROUND 2347 A#46 and B#46 = 462.194
ROUND 2348 A#47 and B#46 = 454.113
ROUND 2349 A#48 and B#46 = 452.773
ROUND 2350 A#49 and B#46 = 459.361
ROUND 2351 A#0 and B#47 = 354.991
ROUND 2352 A#1 and B#47 = 481.223
ROUND 2353 A#2 and B#47 = 468.954
ROUND 2354 A#3 and B#47 = 377.208
ROUND 2355 A#4 and B#47 = 340.072
ROUND 2356 A#5 and B#47 = 353.729
ROUND 2357 A#6 and B#47 = 353.71
ROUND 2358 A#7 and B#47 = 336.727
ROUND 2359 A#8 and B#47 = 293.163
ROUND 2360 A#9 and B#47 = 340.055
ROUND 2361 A#10 and B#47 = 340.367
ROUND 2362 A#11 and B#47 = 378.522
ROUND 2363 A#12 and B#47 = 379.288
ROUND 2364 A#13 and B#47 = 376.285
ROUND 2365 A#14 and B#47 = 291.903
ROUND 2366 A#15 and B#47 = 501.814
ROUND 2367 A#16 and B#47 = 296.265
ROUND 2368 A#17 and B#47 = 378.017
ROUND 2369 A#18 and B#47 = 383.388
ROUND 2370 A#19 and B#47 = 291.216
ROUND 2371 A#20 and B#47 = 377.261
ROUND 2372 A#21 and B#47 = 380.912
ROUND 2373 A#22 and B#47 = 380.375
ROUND 2374 A#23 and B#47 = 377.87
ROUND 2375 A#24 and B#47 = 295.85
ROUND 2376 A#25 and B#47 = 380.024
ROUND 2377 A#26 and B#47 = 292.955
ROUND 2378 A#27 and B#47 = 376.984
ROUND 2379 A#28 and B#47 = 381.938
ROUND 2380 A#29 and B#47 = 381.416
ROUND 2381 A#30 and B#47 = 293.986
ROUND 2382 A#31 and B#47 = 497.325
ROUND 2383 A#32 and B#47 = 489.905
ROUND 2384 A#33 and B#47 = 378.817
ROUND 2385 A#34 and B#47 = 316.075
ROUND 2386 A#35 and B#47 = 493.524
ROUND 2387 A#36 and B#47 = 485.047
ROUND 2388 A#37 and B#47 = 293.428
ROUND 2389 A#38 and B#47 = 378.062
ROUND 2390 A#39 and B#47 = 497.71
ROUND 2391 A#40 and B#47 = 316.403
ROUND 2392 A#41 and B#47 = 488.075
ROUND 2393 A#42 and B#47 = 505.295
ROUND 2394 A#43 and B#47 = 499.059
ROUND 2395 A#44 and B#47 = 506.272
ROUND 2396 A#45 and B#47 = 497.188
ROUND 2397 A#46 and B#47 = 499.705
ROUND 2398 A#47 and B#47 = 501.667
ROUND 2399 A#48 and B#47 = 501.42
ROUND 2400 A#49 and B#47 = 506.037
ROUND 2401 A#0 and B#48 = 347.877
ROUND 2402 A#1 and B#48 = 481.818
ROUND 2403 A#2 and B#48 = 408.402
ROUND 2404 A#3 and B#48 = 389.968
ROUND 2405 A#4 and B#48 = 343.494
ROUND 2406 A#5 and B#48 = 484.04
ROUND 2407 A#6 and B#48 = 483.451
ROUND 2408 A#7 and B#48 = 412.266
ROUND 2409 A#8 and B#48 = 389.22
ROUND 2410 A#9 and B#48 = 343.596
ROUND 2411 A#10 and B#48 = 343.77
ROUND 2412 A#11 and B#48 = 389.28
ROUND 2413 A#12 and B#48 = 388.514
ROUND 2414 A#13 and B#48 = 388.964
ROUND 2415 A#14 and B#48 = 502.43
ROUND 2416 A#15 and B#48 = 501.908
ROUND 2417 A#16 and B#48 = 390.452
ROUND 2418 A#17 and B#48 = 392.749
ROUND 2419 A#18 and B#48 = 401.944
ROUND 2420 A#19 and B#48 = 505.06
ROUND 2421 A#20 and B#48 = 390.049
ROUND 2422 A#21 and B#48 = 398.697
ROUND 2423 A#22 and B#48 = 397.969
ROUND 2424 A#23 and B#48 = 503.334
ROUND 2425 A#24 and B#48 = 509.126
ROUND 2426 A#25 and B#48 = 389.046
ROUND 2427 A#26 and B#48 = 389.263
ROUND 2428 A#27 and B#48 = 387.892
ROUND 2429 A#28 and B#48 = 400.013
ROUND 2430 A#29 and B#48 = 398.807
ROUND 2431 A#30 and B#48 = 508.166
ROUND 2432 A#31 and B#48 = 497.629
ROUND 2433 A#32 and B#48 = 490.534
ROUND 2434 A#33 and B#48 = 389.653
ROUND 2435 A#34 and B#48 = 287.434
ROUND 2436 A#35 and B#48 = 494.242
ROUND 2437 A#36 and B#48 = 485.814
ROUND 2438 A#37 and B#48 = 509.715
ROUND 2439 A#38 and B#48 = 388.887
ROUND 2440 A#39 and B#48 = 497.812
ROUND 2441 A#40 and B#48 = 284.859
ROUND 2442 A#41 and B#48 = 488.73
ROUND 2443 A#42 and B#48 = 505.608
ROUND 2444 A#43 and B#48 = 498.795
ROUND 2445 A#44 and B#48 = 506.704
ROUND 2446 A#45 and B#48 = 498.496
ROUND 2447 A#46 and B#48 = 501.167
ROUND 2448 A#47 and B#48 = 502.004
ROUND 2449 A#48 and B#48 = 502.095
ROUND 2450 A#49 and B#48 = 506.571
ROUND 2451 A#0 and B#49 = 446.926
ROUND 2452 A#1 and B#49 = 402.008
ROUND 2453 A#2 and B#49 = 366.647
ROUND 2454 A#3 and B#49 = 394.859
ROUND 2455 A#4 and B#49 = 367.15
ROUND 2456 A#5 and B#49 = 427.762
ROUND 2457 A#6 and B#49 = 450.859
ROUND 2458 A#7 and B#49 = 409.97
ROUND 2459 A#8 and B#49 = 396.317
ROUND 2460 A#9 and B#49 = 366.535
ROUND 2461 A#10 and B#49 = 368.396
ROUND 2462 A#11 and B#49 = 396.736
ROUND 2463 A#12 and B#49 = 395.869
ROUND 2464 A#13 and B#49 = 394.571
ROUND 2465 A#14 and B#49 = 395.16
ROUND 2466 A#15 and B#49 = 397.752
ROUND 2467 A#16 and B#49 = 394.173
ROUND 2468 A#17 and B#49 = 424.619
ROUND 2469 A#18 and B#49 = 411.069
ROUND 2470 A#19 and B#49 = 395.375
ROUND 2471 A#20 and B#49 = 395.075
ROUND 2472 A#21 and B#49 = 415.804
ROUND 2473 A#22 and B#49 = 415.874
ROUND 2474 A#23 and B#49 = 391.007
ROUND 2475 A#24 and B#49 = 391.799
ROUND 2476 A#25 and B#49 = 396.957
ROUND 2477 A#26 and B#49 = 396.593
ROUND 2478 A#27 and B#49 = 395.568
ROUND 2479 A#28 and B#49 = 413.322
ROUND 2480 A#29 and B#49 = 414.256
ROUND 2481 A#30 and B#49 = 396.049
ROUND 2482 A#31 and B#49 = 396.478
ROUND 2483 A#32 and B#49 = 363.373
ROUND 2484 A#33 and B#49 = 396.593
ROUND 2485 A#34 and B#49 = 360.682
ROUND 2486 A#35 and B#49 = 392.714
ROUND 2487 A#36 and B#49 = 360.819
ROUND 2488 A#37 and B#49 = 396.121
ROUND 2489 A#38 and B#49 = 396.029
ROUND 2490 A#39 and B#49 = 397.798
ROUND 2491 A#40 and B#49 = 361.141
ROUND 2492 A#41 and B#49 = 362.091
ROUND 2493 A#42 and B#49 = 393.833
ROUND 2494 A#43 and B#49 = 393.537
ROUND 2495 A#44 and B#49 = 393.646
ROUND 2496 A#45 and B#49 = 392.511
ROUND 2497 A#46 and B#49 = 393.836
ROUND 2498 A#47 and B#49 = 393.485
ROUND 2499 A#48 and B#49 = 392.242
ROUND 2500 A#49 and B#49 = 393.996

The best overlap is between conformer A#25 and B#34, which, after PCA followed by Steepest Descent, produces a volume overlap of 523.399
Tanimoto (Hodgkin) similarity index: 0.439103

Saving those best conformers to file...
WRITING MOLECULE TO FILE '../ALL_PAIRS_BQ123_AS_REFERENCE/ROKS2/BQ123-Zibotentan.mol2' (WILL OVERWRITE EXISTING FILE IF ANY)...
WRITING MOLECULE TO FILE '../ALL_PAIRS_BQ123_AS_REFERENCE/ROKS2/BQ123-Zibotentan.mol2'...
