Finished importing molecules
WARNING: LAPACK DSYEV() RETURNED NON-ZERO ERROR CODE 2
WARNING: LAPACK DSYEV() RETURNED NON-ZERO ERROR CODE 2
WARNING: LAPACK DSYEV() RETURNED NON-ZERO ERROR CODE 2
WARNING: LAPACK DSYEV() RETURNED NON-ZERO ERROR CODE 2
WARNING: LAPACK DSYEV() RETURNED NON-ZERO ERROR CODE 2
WARNING: LAPACK DSYEV() RETURNED NON-ZERO ERROR CODE 2
WARNING: LAPACK DSYEV() RETURNED NON-ZERO ERROR CODE 3
WARNING: LAPACK DSYEV() RETURNED NON-ZERO ERROR CODE 3
WARNING: LAPACK DSYEV() RETURNED NON-ZERO ERROR CODE 2
WARNING: LAPACK DSYEV() RETURNED NON-ZERO ERROR CODE 2
WARNING: LAPACK DSYEV() RETURNED NON-ZERO ERROR CODE 2
WARNING: LAPACK DSYEV() RETURNED NON-ZERO ERROR CODE 2
WARNING: LAPACK DSYEV() RETURNED NON-ZERO ERROR CODE 2
WARNING: LAPACK DSYEV() RETURNED NON-ZERO ERROR CODE 3
WARNING: LAPACK DSYEV() RETURNED NON-ZERO ERROR CODE 3
WARNING: LAPACK DSYEV() RETURNED NON-ZERO ERROR CODE 3
WARNING: LAPACK DSYEV() RETURNED NON-ZERO ERROR CODE 3
WARNING: LAPACK DSYEV() RETURNED NON-ZERO ERROR CODE 2
WARNING: LAPACK DSYEV() RETURNED NON-ZERO ERROR CODE 2
WARNING: LAPACK DSYEV() RETURNED NON-ZERO ERROR CODE 2
WARNING: LAPACK DSYEV() RETURNED NON-ZERO ERROR CODE 3
WARNING: LAPACK DSYEV() RETURNED NON-ZERO ERROR CODE 2
WARNING: LAPACK DSYEV() RETURNED NON-ZERO ERROR CODE 3
WARNING: LAPACK DSYEV() RETURNED NON-ZERO ERROR CODE 2
WARNING: LAPACK DSYEV() RETURNED NON-ZERO ERROR CODE 2
WARNING: LAPACK DSYEV() RETURNED NON-ZERO ERROR CODE 2
WARNING: LAPACK DSYEV() RETURNED NON-ZERO ERROR CODE 2
WARNING: LAPACK DSYEV() RETURNED NON-ZERO ERROR CODE 2
WARNING: LAPACK DSYEV() RETURNED NON-ZERO ERROR CODE 3
WARNING: LAPACK DSYEV() RETURNED NON-ZERO ERROR CODE 3
WARNING: LAPACK DSYEV() RETURNED NON-ZERO ERROR CODE 3
WARNING: LAPACK DSYEV() RETURNED NON-ZERO ERROR CODE 2
WARNING: LAPACK DSYEV() RETURNED NON-ZERO ERROR CODE 2
WARNING: LAPACK DSYEV() RETURNED NON-ZERO ERROR CODE 2
WARNING: LAPACK DSYEV() RETURNED NON-ZERO ERROR CODE 2
WARNING: LAPACK DSYEV() RETURNED NON-ZERO ERROR CODE 2
WARNING: LAPACK DSYEV() RETURNED NON-ZERO ERROR CODE 2
WARNING: LAPACK DSYEV() RETURNED NON-ZERO ERROR CODE 2
WARNING: LAPACK DSYEV() RETURNED NON-ZERO ERROR CODE 2
WARNING: LAPACK DSYEV() RETURNED NON-ZERO ERROR CODE 3
WARNING: LAPACK DSYEV() RETURNED NON-ZERO ERROR CODE 3
WARNING: LAPACK DSYEV() RETURNED NON-ZERO ERROR CODE 2
WARNING: LAPACK DSYEV() RETURNED NON-ZERO ERROR CODE 3
WARNING: LAPACK DSYEV() RETURNED NON-ZERO ERROR CODE 2
WARNING: LAPACK DSYEV() RETURNED NON-ZERO ERROR CODE 2
WARNING: LAPACK DSYEV() RETURNED NON-ZERO ERROR CODE 3
WARNING: LAPACK DSYEV() RETURNED NON-ZERO ERROR CODE 2
WARNING: LAPACK DSYEV() RETURNED NON-ZERO ERROR CODE 2
WARNING: LAPACK DSYEV() RETURNED NON-ZERO ERROR CODE 2
WARNING: LAPACK DSYEV() RETURNED NON-ZERO ERROR CODE 2
WARNING: LAPACK DSYEV() RETURNED NON-ZERO ERROR CODE 2
WARNING: LAPACK DSYEV() RETURNED NON-ZERO ERROR CODE 3
WARNING: LAPACK DSYEV() RETURNED NON-ZERO ERROR CODE 3
WARNING: LAPACK DSYEV() RETURNED NON-ZERO ERROR CODE 2
WARNING: LAPACK DSYEV() RETURNED NON-ZERO ERROR CODE 3
WARNING: LAPACK DSYEV() RETURNED NON-ZERO ERROR CODE 2
WARNING: LAPACK DSYEV() RETURNED NON-ZERO ERROR CODE 2
WARNING: LAPACK DSYEV() RETURNED NON-ZERO ERROR CODE 3
WARNING: LAPACK DSYEV() RETURNED NON-ZERO ERROR CODE 3
WARNING: LAPACK DSYEV() RETURNED NON-ZERO ERROR CODE 3
WARNING: LAPACK DSYEV() RETURNED NON-ZERO ERROR CODE 2
WARNING: LAPACK DSYEV() RETURNED NON-ZERO ERROR CODE 3
WARNING: LAPACK DSYEV() RETURNED NON-ZERO ERROR CODE 2
WARNING: LAPACK DSYEV() RETURNED NON-ZERO ERROR CODE 3
WARNING: LAPACK DSYEV() RETURNED NON-ZERO ERROR CODE 2
WARNING: LAPACK DSYEV() RETURNED NON-ZERO ERROR CODE 2
WARNING: LAPACK DSYEV() RETURNED NON-ZERO ERROR CODE 3
WARNING: LAPACK DSYEV() RETURNED NON-ZERO ERROR CODE 2
WARNING: LAPACK DSYEV() RETURNED NON-ZERO ERROR CODE 2
WARNING: LAPACK DSYEV() RETURNED NON-ZERO ERROR CODE 2
WARNING: LAPACK DSYEV() RETURNED NON-ZERO ERROR CODE 2
WARNING: LAPACK DSYEV() RETURNED NON-ZERO ERROR CODE 3
WARNING: LAPACK DSYEV() RETURNED NON-ZERO ERROR CODE 3
WARNING: LAPACK DSYEV() RETURNED NON-ZERO ERROR CODE 3
WARNING: LAPACK DSYEV() RETURNED NON-ZERO ERROR CODE 3
WARNING: LAPACK DSYEV() RETURNED NON-ZERO ERROR CODE 3
WARNING: LAPACK DSYEV() RETURNED NON-ZERO ERROR CODE 2
WARNING: LAPACK DSYEV() RETURNED NON-ZERO ERROR CODE 2
WARNING: LAPACK DSYEV() RETURNED NON-ZERO ERROR CODE 3
WARNING: LAPACK DSYEV() RETURNED NON-ZERO ERROR CODE 3
WARNING: LAPACK DSYEV() RETURNED NON-ZERO ERROR CODE 2
WARNING: LAPACK DSYEV() RETURNED NON-ZERO ERROR CODE 3
WARNING: LAPACK DSYEV() RETURNED NON-ZERO ERROR CODE 2
WARNING: LAPACK DSYEV() RETURNED NON-ZERO ERROR CODE 3
WARNING: LAPACK DSYEV() RETURNED NON-ZERO ERROR CODE 2
WARNING: LAPACK DSYEV() RETURNED NON-ZERO ERROR CODE 3
WARNING: LAPACK DSYEV() RETURNED NON-ZERO ERROR CODE 3
WARNING: LAPACK DSYEV() RETURNED NON-ZERO ERROR CODE 2
WARNING: LAPACK DSYEV() RETURNED NON-ZERO ERROR CODE 2
WARNING: LAPACK DSYEV() RETURNED NON-ZERO ERROR CODE 3
WARNING: LAPACK DSYEV() RETURNED NON-ZERO ERROR CODE 3
WARNING: LAPACK DSYEV() RETURNED NON-ZERO ERROR CODE 3
WARNING: LAPACK DSYEV() RETURNED NON-ZERO ERROR CODE 3
WARNING: LAPACK DSYEV() RETURNED NON-ZERO ERROR CODE 3
WARNING: LAPACK DSYEV() RETURNED NON-ZERO ERROR CODE 2
WARNING: LAPACK DSYEV() RETURNED NON-ZERO ERROR CODE 2
WARNING: LAPACK DSYEV() RETURNED NON-ZERO ERROR CODE 2
WARNING: LAPACK DSYEV() RETURNED NON-ZERO ERROR CODE 2
WARNING: LAPACK DSYEV() RETURNED NON-ZERO ERROR CODE 2
WARNING: LAPACK DSYEV() RETURNED NON-ZERO ERROR CODE 3
Finished setting up data; running search...
ROUND 1 A#0 and B#0 = 411.126
ROUND 2 A#1 and B#0 = 411.879
ROUND 3 A#2 and B#0 = 377.349
ROUND 4 A#3 and B#0 = 440.683
ROUND 5 A#4 and B#0 = 386.17
ROUND 6 A#5 and B#0 = 456.637
ROUND 7 A#6 and B#0 = 429.221
ROUND 8 A#7 and B#0 = 412.688
ROUND 9 A#8 and B#0 = 364.285
ROUND 10 A#9 and B#0 = 365.385
ROUND 11 A#10 and B#0 = 439.985
ROUND 12 A#11 and B#0 = 460.903
ROUND 13 A#12 and B#0 = 422.195
ROUND 14 A#13 and B#0 = 422.513
ROUND 15 A#14 and B#0 = 405.732
ROUND 16 A#15 and B#0 = 429.484
ROUND 17 A#16 and B#0 = 393.2
ROUND 18 A#17 and B#0 = 471.813
ROUND 19 A#18 and B#0 = 438.39
ROUND 20 A#19 and B#0 = 352.102
ROUND 21 A#20 and B#0 = 375.792
ROUND 22 A#21 and B#0 = 351.215
ROUND 23 A#22 and B#0 = 359.494
ROUND 24 A#23 and B#0 = 352.976
ROUND 25 A#24 and B#0 = 349.872
ROUND 26 A#25 and B#0 = 418.784
ROUND 27 A#26 and B#0 = 438.189
ROUND 28 A#27 and B#0 = 402.593
ROUND 29 A#28 and B#0 = 387.757
ROUND 30 A#29 and B#0 = 417.438
ROUND 31 A#30 and B#0 = 412.144
ROUND 32 A#31 and B#0 = 407.256
ROUND 33 A#32 and B#0 = 393.92
ROUND 34 A#33 and B#0 = 394.328
ROUND 35 A#34 and B#0 = 445.187
ROUND 36 A#35 and B#0 = 435.862
ROUND 37 A#36 and B#0 = 373.126
ROUND 38 A#37 and B#0 = 434.217
ROUND 39 A#38 and B#0 = 352.681
ROUND 40 A#39 and B#0 = 400.335
ROUND 41 A#40 and B#0 = 397.3
ROUND 42 A#41 and B#0 = 407.091
ROUND 43 A#42 and B#0 = 423.493
ROUND 44 A#43 and B#0 = 377.581
ROUND 45 A#44 and B#0 = 440.2
ROUND 46 A#45 and B#0 = 418.557
ROUND 47 A#46 and B#0 = 417.026
ROUND 48 A#47 and B#0 = 434.881
ROUND 49 A#48 and B#0 = 438.06
ROUND 50 A#49 and B#0 = 450.815
ROUND 51 A#0 and B#1 = 351.554
ROUND 52 A#1 and B#1 = 436.993
ROUND 53 A#2 and B#1 = 370.901
ROUND 54 A#3 and B#1 = 454.01
ROUND 55 A#4 and B#1 = 441.83
ROUND 56 A#5 and B#1 = 435.833
ROUND 57 A#6 and B#1 = 385.4
ROUND 58 A#7 and B#1 = 406.084
ROUND 59 A#8 and B#1 = 409.27
ROUND 60 A#9 and B#1 = 407.524
ROUND 61 A#10 and B#1 = 447.174
ROUND 62 A#11 and B#1 = 388.007
ROUND 63 A#12 and B#1 = 393.08
ROUND 64 A#13 and B#1 = 401.066
ROUND 65 A#14 and B#1 = 351.006
ROUND 66 A#15 and B#1 = 416.972
ROUND 67 A#16 and B#1 = 348.902
ROUND 68 A#17 and B#1 = 420.869
ROUND 69 A#18 and B#1 = 338.839
ROUND 70 A#19 and B#1 = 368.608
ROUND 71 A#20 and B#1 = 448.364
ROUND 72 A#21 and B#1 = 368.95
ROUND 73 A#22 and B#1 = 345.779
ROUND 74 A#23 and B#1 = 366.063
ROUND 75 A#24 and B#1 = 365.243
ROUND 76 A#25 and B#1 = 445.222
ROUND 77 A#26 and B#1 = 347.4
ROUND 78 A#27 and B#1 = 366.838
ROUND 79 A#28 and B#1 = 379.107
ROUND 80 A#29 and B#1 = 387.658
ROUND 81 A#30 and B#1 = 378.223
ROUND 82 A#31 and B#1 = 413.289
ROUND 83 A#32 and B#1 = 418.011
ROUND 84 A#33 and B#1 = 404.029
ROUND 85 A#34 and B#1 = 429.722
ROUND 86 A#35 and B#1 = 432.619
ROUND 87 A#36 and B#1 = 363.279
ROUND 88 A#37 and B#1 = 358.089
ROUND 89 A#38 and B#1 = 371.358
ROUND 90 A#39 and B#1 = 381.171
ROUND 91 A#40 and B#1 = 363.971
ROUND 92 A#41 and B#1 = 435.868
ROUND 93 A#42 and B#1 = 418.705
ROUND 94 A#43 and B#1 = 349.133
ROUND 95 A#44 and B#1 = 425.492
ROUND 96 A#45 and B#1 = 436.939
ROUND 97 A#46 and B#1 = 387.773
ROUND 98 A#47 and B#1 = 409.341
ROUND 99 A#48 and B#1 = 408.496
ROUND 100 A#49 and B#1 = 348.888
ROUND 101 A#0 and B#2 = 437.665
ROUND 102 A#1 and B#2 = 371.099
ROUND 103 A#2 and B#2 = 448.831
ROUND 104 A#3 and B#2 = 454.688
ROUND 105 A#4 and B#2 = 350.917
ROUND 106 A#5 and B#2 = 434.26
ROUND 107 A#6 and B#2 = 385.775
ROUND 108 A#7 and B#2 = 408.074
ROUND 109 A#8 and B#2 = 392.678
ROUND 110 A#9 and B#2 = 391.498
ROUND 111 A#10 and B#2 = 447.644
ROUND 112 A#11 and B#2 = 390.118
ROUND 113 A#12 and B#2 = 404.197
ROUND 114 A#13 and B#2 = 401.649
ROUND 115 A#14 and B#2 = 354.495
ROUND 116 A#15 and B#2 = 414.789
ROUND 117 A#16 and B#2 = 349.316
ROUND 118 A#17 and B#2 = 421.393
ROUND 119 A#18 and B#2 = 345.135
ROUND 120 A#19 and B#2 = 371.088
ROUND 121 A#20 and B#2 = 445.68
ROUND 122 A#21 and B#2 = 372.755
ROUND 123 A#22 and B#2 = 349.46
ROUND 124 A#23 and B#2 = 367.856
ROUND 125 A#24 and B#2 = 368.365
ROUND 126 A#25 and B#2 = 416.59
ROUND 127 A#26 and B#2 = 348.882
ROUND 128 A#27 and B#2 = 365.029
ROUND 129 A#28 and B#2 = 389.725
ROUND 130 A#29 and B#2 = 388.742
ROUND 131 A#30 and B#2 = 329.325
ROUND 132 A#31 and B#2 = 413.946
ROUND 133 A#32 and B#2 = 419.147
ROUND 134 A#33 and B#2 = 405.549
ROUND 135 A#34 and B#2 = 431.7
ROUND 136 A#35 and B#2 = 433.176
ROUND 137 A#36 and B#2 = 370.29
ROUND 138 A#37 and B#2 = 358.385
ROUND 139 A#38 and B#2 = 375.815
ROUND 140 A#39 and B#2 = 382.07
ROUND 141 A#40 and B#2 = 366.441
ROUND 142 A#41 and B#2 = 434.266
ROUND 143 A#42 and B#2 = 417.96
ROUND 144 A#43 and B#2 = 348.826
ROUND 145 A#44 and B#2 = 425.74
ROUND 146 A#45 and B#2 = 438.189
ROUND 147 A#46 and B#2 = 386.2
ROUND 148 A#47 and B#2 = 411.162
ROUND 149 A#48 and B#2 = 410.779
ROUND 150 A#49 and B#2 = 350.011
ROUND 151 A#0 and B#3 = 395.629
ROUND 152 A#1 and B#3 = 396.951
ROUND 153 A#2 and B#3 = 381.41
ROUND 154 A#3 and B#3 = 451.55
ROUND 155 A#4 and B#3 = 379.449
ROUND 156 A#5 and B#3 = 419.714
ROUND 157 A#6 and B#3 = 364.92
ROUND 158 A#7 and B#3 = 405.689
ROUND 159 A#8 and B#3 = 390.458
ROUND 160 A#9 and B#3 = 391.792
ROUND 161 A#10 and B#3 = 444.009
ROUND 162 A#11 and B#3 = 437.887
ROUND 163 A#12 and B#3 = 413.77
ROUND 164 A#13 and B#3 = 390.476
ROUND 165 A#14 and B#3 = 347.228
ROUND 166 A#15 and B#3 = 404.842
ROUND 167 A#16 and B#3 = 343.36
ROUND 168 A#17 and B#3 = 402.879
ROUND 169 A#18 and B#3 = 409.866
ROUND 170 A#19 and B#3 = 373.236
ROUND 171 A#20 and B#3 = 432.644
ROUND 172 A#21 and B#3 = 375.796
ROUND 173 A#22 and B#3 = 351.761
ROUND 174 A#23 and B#3 = 370.731
ROUND 175 A#24 and B#3 = 372.073
ROUND 176 A#25 and B#3 = 436.882
ROUND 177 A#26 and B#3 = 418.326
ROUND 178 A#27 and B#3 = 352.484
ROUND 179 A#28 and B#3 = 404.03
ROUND 180 A#29 and B#3 = 362.471
ROUND 181 A#30 and B#3 = 391.693
ROUND 182 A#31 and B#3 = 412.904
ROUND 183 A#32 and B#3 = 387.682
ROUND 184 A#33 and B#3 = 371.482
ROUND 185 A#34 and B#3 = 423.374
ROUND 186 A#35 and B#3 = 356.663
ROUND 187 A#36 and B#3 = 380.624
ROUND 188 A#37 and B#3 = 386.837
ROUND 189 A#38 and B#3 = 386.883
ROUND 190 A#39 and B#3 = 410.031
ROUND 191 A#40 and B#3 = 393.06
ROUND 192 A#41 and B#3 = 391.359
ROUND 193 A#42 and B#3 = 425.046
ROUND 194 A#43 and B#3 = 360.328
ROUND 195 A#44 and B#3 = 420.527
ROUND 196 A#45 and B#3 = 415.874
ROUND 197 A#46 and B#3 = 401.216
ROUND 198 A#47 and B#3 = 357.005
ROUND 199 A#48 and B#3 = 355.488
ROUND 200 A#49 and B#3 = 382.517
ROUND 201 A#0 and B#4 = 447.606
ROUND 202 A#1 and B#4 = 448.557
ROUND 203 A#2 and B#4 = 424.844
ROUND 204 A#3 and B#4 = 448.266
ROUND 205 A#4 and B#4 = 437.474
ROUND 206 A#5 and B#4 = 443.259
ROUND 207 A#6 and B#4 = 406.635
ROUND 208 A#7 and B#4 = 380.353
ROUND 209 A#8 and B#4 = 370.958
ROUND 210 A#9 and B#4 = 380.594
ROUND 211 A#10 and B#4 = 451.926
ROUND 212 A#11 and B#4 = 416.388
ROUND 213 A#12 and B#4 = 409.121
ROUND 214 A#13 and B#4 = 407.363
ROUND 215 A#14 and B#4 = 356.941
ROUND 216 A#15 and B#4 = 393.65
ROUND 217 A#16 and B#4 = 341.082
ROUND 218 A#17 and B#4 = 459.934
ROUND 219 A#18 and B#4 = 383.547
ROUND 220 A#19 and B#4 = 359.182
ROUND 221 A#20 and B#4 = 419.201
ROUND 222 A#21 and B#4 = 359.941
ROUND 223 A#22 and B#4 = 372.529
ROUND 224 A#23 and B#4 = 395.273
ROUND 225 A#24 and B#4 = 386.762
ROUND 226 A#25 and B#4 = 407.91
ROUND 227 A#26 and B#4 = 388.005
ROUND 228 A#27 and B#4 = 360.92
ROUND 229 A#28 and B#4 = 353.565
ROUND 230 A#29 and B#4 = 393.195
ROUND 231 A#30 and B#4 = 383.507
ROUND 232 A#31 and B#4 = 412.108
ROUND 233 A#32 and B#4 = 366.411
ROUND 234 A#33 and B#4 = 360.916
ROUND 235 A#34 and B#4 = 425.963
ROUND 236 A#35 and B#4 = 369.036
ROUND 237 A#36 and B#4 = 391.36
ROUND 238 A#37 and B#4 = 446.884
ROUND 239 A#38 and B#4 = 377.262
ROUND 240 A#39 and B#4 = 409.803
ROUND 241 A#40 and B#4 = 388.51
ROUND 242 A#41 and B#4 = 428.203
ROUND 243 A#42 and B#4 = 455.625
ROUND 244 A#43 and B#4 = 402.232
ROUND 245 A#44 and B#4 = 426.29
ROUND 246 A#45 and B#4 = 444.975
ROUND 247 A#46 and B#4 = 412.022
ROUND 248 A#47 and B#4 = 407.184
ROUND 249 A#48 and B#4 = 405.434
ROUND 250 A#49 and B#4 = 378.938
ROUND 251 A#0 and B#5 = 394.552
ROUND 252 A#1 and B#5 = 396.076
ROUND 253 A#2 and B#5 = 380.603
ROUND 254 A#3 and B#5 = 435.995
ROUND 255 A#4 and B#5 = 390.194
ROUND 256 A#5 and B#5 = 448.901
ROUND 257 A#6 and B#5 = 389.55
ROUND 258 A#7 and B#5 = 405.457
ROUND 259 A#8 and B#5 = 336.98
ROUND 260 A#9 and B#5 = 335.944
ROUND 261 A#10 and B#5 = 435.154
ROUND 262 A#11 and B#5 = 433.977
ROUND 263 A#12 and B#5 = 413.615
ROUND 264 A#13 and B#5 = 384.009
ROUND 265 A#14 and B#5 = 411.137
ROUND 266 A#15 and B#5 = 400.212
ROUND 267 A#16 and B#5 = 335.277
ROUND 268 A#17 and B#5 = 462.79
ROUND 269 A#18 and B#5 = 429.172
ROUND 270 A#19 and B#5 = 364.183
ROUND 271 A#20 and B#5 = 383.521
ROUND 272 A#21 and B#5 = 363.572
ROUND 273 A#22 and B#5 = 351.494
ROUND 274 A#23 and B#5 = 362.368
ROUND 275 A#24 and B#5 = 359.538
ROUND 276 A#25 and B#5 = 433.29
ROUND 277 A#26 and B#5 = 428.157
ROUND 278 A#27 and B#5 = 440.627
ROUND 279 A#28 and B#5 = 409.826
ROUND 280 A#29 and B#5 = 341.886
ROUND 281 A#30 and B#5 = 372.554
ROUND 282 A#31 and B#5 = 412.914
ROUND 283 A#32 and B#5 = 382.066
ROUND 284 A#33 and B#5 = 384.406
ROUND 285 A#34 and B#5 = 450.513
ROUND 286 A#35 and B#5 = 422.346
ROUND 287 A#36 and B#5 = 379.622
ROUND 288 A#37 and B#5 = 422.418
ROUND 289 A#38 and B#5 = 382.721
ROUND 290 A#39 and B#5 = 410.827
ROUND 291 A#40 and B#5 = 395.312
ROUND 292 A#41 and B#5 = 397.766
ROUND 293 A#42 and B#5 = 424.588
ROUND 294 A#43 and B#5 = 390.479
ROUND 295 A#44 and B#5 = 418.825
ROUND 296 A#45 and B#5 = 415.451
ROUND 297 A#46 and B#5 = 410.615
ROUND 298 A#47 and B#5 = 364.182
ROUND 299 A#48 and B#5 = 458.782
ROUND 300 A#49 and B#5 = 428.632
ROUND 301 A#0 and B#6 = 417.197
ROUND 302 A#1 and B#6 = 423.541
ROUND 303 A#2 and B#6 = 418.936
ROUND 304 A#3 and B#6 = 431.844
ROUND 305 A#4 and B#6 = 399.622
ROUND 306 A#5 and B#6 = 487.917
ROUND 307 A#6 and B#6 = 439.515
ROUND 308 A#7 and B#6 = 412.662
ROUND 309 A#8 and B#6 = 444.762
ROUND 310 A#9 and B#6 = 445.315
ROUND 311 A#10 and B#6 = 469.498
ROUND 312 A#11 and B#6 = 445.229
ROUND 313 A#12 and B#6 = 342.726
ROUND 314 A#13 and B#6 = 418.56
ROUND 315 A#14 and B#6 = 479.385
ROUND 316 A#15 and B#6 = 420.714
ROUND 317 A#16 and B#6 = 476.419
ROUND 318 A#17 and B#6 = 477.426
ROUND 319 A#18 and B#6 = 464.804
ROUND 320 A#19 and B#6 = 437.659
ROUND 321 A#20 and B#6 = 438.502
ROUND 322 A#21 and B#6 = 433.721
ROUND 323 A#22 and B#6 = 471.676
ROUND 324 A#23 and B#6 = 435.378
ROUND 325 A#24 and B#6 = 439.929
ROUND 326 A#25 and B#6 = 455.063
ROUND 327 A#26 and B#6 = 472.742
ROUND 328 A#27 and B#6 = 398.937
ROUND 329 A#28 and B#6 = 375.411
ROUND 330 A#29 and B#6 = 460.398
ROUND 331 A#30 and B#6 = 458.734
ROUND 332 A#31 and B#6 = 393.69
ROUND 333 A#32 and B#6 = 456.385
ROUND 334 A#33 and B#6 = 440.118
ROUND 335 A#34 and B#6 = 490.994
ROUND 336 A#35 and B#6 = 438.414
ROUND 337 A#36 and B#6 = 468.27
ROUND 338 A#37 and B#6 = 468.573
ROUND 339 A#38 and B#6 = 426.744
ROUND 340 A#39 and B#6 = 417.568
ROUND 341 A#40 and B#6 = 417.385
ROUND 342 A#41 and B#6 = 476.049
ROUND 343 A#42 and B#6 = 424.852
ROUND 344 A#43 and B#6 = 403.918
ROUND 345 A#44 and B#6 = 423.999
ROUND 346 A#45 and B#6 = 432.196
ROUND 347 A#46 and B#6 = 326.609
ROUND 348 A#47 and B#6 = 428.342
ROUND 349 A#48 and B#6 = 394.442
ROUND 350 A#49 and B#6 = 471.184
ROUND 351 A#0 and B#7 = 435.769
ROUND 352 A#1 and B#7 = 436.022
ROUND 353 A#2 and B#7 = 373.657
ROUND 354 A#3 and B#7 = 453.904
ROUND 355 A#4 and B#7 = 441.914
ROUND 356 A#5 and B#7 = 428.253
ROUND 357 A#6 and B#7 = 384.516
ROUND 358 A#7 and B#7 = 406.58
ROUND 359 A#8 and B#7 = 360.313
ROUND 360 A#9 and B#7 = 361.254
ROUND 361 A#10 and B#7 = 447.419
ROUND 362 A#11 and B#7 = 386.668
ROUND 363 A#12 and B#7 = 392.837
ROUND 364 A#13 and B#7 = 401.949
ROUND 365 A#14 and B#7 = 351.565
ROUND 366 A#15 and B#7 = 426.91
ROUND 367 A#16 and B#7 = 349.608
ROUND 368 A#17 and B#7 = 419.705
ROUND 369 A#18 and B#7 = 381.189
ROUND 370 A#19 and B#7 = 364.284
ROUND 371 A#20 and B#7 = 450.04
ROUND 372 A#21 and B#7 = 366.172
ROUND 373 A#22 and B#7 = 347.807
ROUND 374 A#23 and B#7 = 361.786
ROUND 375 A#24 and B#7 = 364.908
ROUND 376 A#25 and B#7 = 446.921
ROUND 377 A#26 and B#7 = 346.676
ROUND 378 A#27 and B#7 = 367.209
ROUND 379 A#28 and B#7 = 378.632
ROUND 380 A#29 and B#7 = 383.127
ROUND 381 A#30 and B#7 = 378.443
ROUND 382 A#31 and B#7 = 411.928
ROUND 383 A#32 and B#7 = 414.268
ROUND 384 A#33 and B#7 = 400.284
ROUND 385 A#34 and B#7 = 428.571
ROUND 386 A#35 and B#7 = 432.432
ROUND 387 A#36 and B#7 = 363.329
ROUND 388 A#37 and B#7 = 376.726
ROUND 389 A#38 and B#7 = 369.666
ROUND 390 A#39 and B#7 = 382.334
ROUND 391 A#40 and B#7 = 365.781
ROUND 392 A#41 and B#7 = 435.396
ROUND 393 A#42 and B#7 = 419.957
ROUND 394 A#43 and B#7 = 349.985
ROUND 395 A#44 and B#7 = 424.875
ROUND 396 A#45 and B#7 = 435.992
ROUND 397 A#46 and B#7 = 384.632
ROUND 398 A#47 and B#7 = 405.904
ROUND 399 A#48 and B#7 = 405.936
ROUND 400 A#49 and B#7 = 348.702
ROUND 401 A#0 and B#8 = 452.272
ROUND 402 A#1 and B#8 = 450.939
ROUND 403 A#2 and B#8 = 460.858
ROUND 404 A#3 and B#8 = 381.486
ROUND 405 A#4 and B#8 = 398.354
ROUND 406 A#5 and B#8 = 403.2
ROUND 407 A#6 and B#8 = 393.379
ROUND 408 A#7 and B#8 = 437.917
ROUND 409 A#8 and B#8 = 438.213
ROUND 410 A#9 and B#8 = 437.601
ROUND 411 A#10 and B#8 = 384.709
ROUND 412 A#11 and B#8 = 440.045
ROUND 413 A#12 and B#8 = 420.569
ROUND 414 A#13 and B#8 = 448.049
ROUND 415 A#14 and B#8 = 480.136
ROUND 416 A#15 and B#8 = 436.43
ROUND 417 A#16 and B#8 = 450.343
ROUND 418 A#17 and B#8 = 388.886
ROUND 419 A#18 and B#8 = 359.749
ROUND 420 A#19 and B#8 = 468.352
ROUND 421 A#20 and B#8 = 367.913
ROUND 422 A#21 and B#8 = 466.606
ROUND 423 A#22 and B#8 = 478.4
ROUND 424 A#23 and B#8 = 490.341
ROUND 425 A#24 and B#8 = 498.588
ROUND 426 A#25 and B#8 = 367.98
ROUND 427 A#26 and B#8 = 364.655
ROUND 428 A#27 and B#8 = 450.703
ROUND 429 A#28 and B#8 = 369.169
ROUND 430 A#29 and B#8 = 460.68
ROUND 431 A#30 and B#8 = 467.894
ROUND 432 A#31 and B#8 = 422.839
ROUND 433 A#32 and B#8 = 419.256
ROUND 434 A#33 and B#8 = 422.672
ROUND 435 A#34 and B#8 = 393.349
ROUND 436 A#35 and B#8 = 407.612
ROUND 437 A#36 and B#8 = 502.288
ROUND 438 A#37 and B#8 = 368.668
ROUND 439 A#38 and B#8 = 497.37
ROUND 440 A#39 and B#8 = 457.01
ROUND 441 A#40 and B#8 = 460.734
ROUND 442 A#41 and B#8 = 431.845
ROUND 443 A#42 and B#8 = 422.116
ROUND 444 A#43 and B#8 = 393.197
ROUND 445 A#44 and B#8 = 394.042
ROUND 446 A#45 and B#8 = 396.666
ROUND 447 A#46 and B#8 = 408.356
ROUND 448 A#47 and B#8 = 394.814
ROUND 449 A#48 and B#8 = 395.848
ROUND 450 A#49 and B#8 = 374.873
ROUND 451 A#0 and B#9 = 457.481
ROUND 452 A#1 and B#9 = 456.08
ROUND 453 A#2 and B#9 = 460.524
ROUND 454 A#3 and B#9 = 403.599
ROUND 455 A#4 and B#9 = 396.662
ROUND 456 A#5 and B#9 = 404.325
ROUND 457 A#6 and B#9 = 390.862
ROUND 458 A#7 and B#9 = 442.361
ROUND 459 A#8 and B#9 = 437.668
ROUND 460 A#9 and B#9 = 436.914
ROUND 461 A#10 and B#9 = 404.642
ROUND 462 A#11 and B#9 = 439.579
ROUND 463 A#12 and B#9 = 427.346
ROUND 464 A#13 and B#9 = 447.336
ROUND 465 A#14 and B#9 = 478.687
ROUND 466 A#15 and B#9 = 382.861
ROUND 467 A#16 and B#9 = 452.409
ROUND 468 A#17 and B#9 = 389.372
ROUND 469 A#18 and B#9 = 362.599
ROUND 470 A#19 and B#9 = 467.92
ROUND 471 A#20 and B#9 = 366.319
ROUND 472 A#21 and B#9 = 466.237
ROUND 473 A#22 and B#9 = 476.741
ROUND 474 A#23 and B#9 = 490.09
ROUND 475 A#24 and B#9 = 498.476
ROUND 476 A#25 and B#9 = 371.53
ROUND 477 A#26 and B#9 = 367.447
ROUND 478 A#27 and B#9 = 451.306
ROUND 479 A#28 and B#9 = 377.01
ROUND 480 A#29 and B#9 = 461.647
ROUND 481 A#30 and B#9 = 470.609
ROUND 482 A#31 and B#9 = 416.745
ROUND 483 A#32 and B#9 = 367.967
ROUND 484 A#33 and B#9 = 358.036
ROUND 485 A#34 and B#9 = 392.967
ROUND 486 A#35 and B#9 = 408.883
ROUND 487 A#36 and B#9 = 503.523
ROUND 488 A#37 and B#9 = 376.391
ROUND 489 A#38 and B#9 = 498.447
ROUND 490 A#39 and B#9 = 454.773
ROUND 491 A#40 and B#9 = 463.495
ROUND 492 A#41 and B#9 = 435.806
ROUND 493 A#42 and B#9 = 419.996
ROUND 494 A#43 and B#9 = 394.887
ROUND 495 A#44 and B#9 = 396.629
ROUND 496 A#45 and B#9 = 400.299
ROUND 497 A#46 and B#9 = 435.93
ROUND 498 A#47 and B#9 = 406.3
ROUND 499 A#48 and B#9 = 404.435
ROUND 500 A#49 and B#9 = 377.408
ROUND 501 A#0 and B#10 = 395.455
ROUND 502 A#1 and B#10 = 397.098
ROUND 503 A#2 and B#10 = 382.866
ROUND 504 A#3 and B#10 = 450.106
ROUND 505 A#4 and B#10 = 378.657
ROUND 506 A#5 and B#10 = 418.881
ROUND 507 A#6 and B#10 = 364.917
ROUND 508 A#7 and B#10 = 406.058
ROUND 509 A#8 and B#10 = 390.512
ROUND 510 A#9 and B#10 = 391.677
ROUND 511 A#10 and B#10 = 442.196
ROUND 512 A#11 and B#10 = 436.75
ROUND 513 A#12 and B#10 = 414.391
ROUND 514 A#13 and B#10 = 390.407
ROUND 515 A#14 and B#10 = 348.224
ROUND 516 A#15 and B#10 = 405.223
ROUND 517 A#16 and B#10 = 353.881
ROUND 518 A#17 and B#10 = 402.114
ROUND 519 A#18 and B#10 = 414.075
ROUND 520 A#19 and B#10 = 372.381
ROUND 521 A#20 and B#10 = 431.742
ROUND 522 A#21 and B#10 = 375.289
ROUND 523 A#22 and B#10 = 353.173
ROUND 524 A#23 and B#10 = 369.868
ROUND 525 A#24 and B#10 = 372.523
ROUND 526 A#25 and B#10 = 436.372
ROUND 527 A#26 and B#10 = 422.559
ROUND 528 A#27 and B#10 = 352.207
ROUND 529 A#28 and B#10 = 401.516
ROUND 530 A#29 and B#10 = 360.152
ROUND 531 A#30 and B#10 = 390.926
ROUND 532 A#31 and B#10 = 413.654
ROUND 533 A#32 and B#10 = 386.132
ROUND 534 A#33 and B#10 = 369.947
ROUND 535 A#34 and B#10 = 422.734
ROUND 536 A#35 and B#10 = 356.609
ROUND 537 A#36 and B#10 = 379.94
ROUND 538 A#37 and B#10 = 385.829
ROUND 539 A#38 and B#10 = 384.926
ROUND 540 A#39 and B#10 = 410.543
ROUND 541 A#40 and B#10 = 393.241
ROUND 542 A#41 and B#10 = 391.977
ROUND 543 A#42 and B#10 = 425.691
ROUND 544 A#43 and B#10 = 360.422
ROUND 545 A#44 and B#10 = 421.136
ROUND 546 A#45 and B#10 = 416.612
ROUND 547 A#46 and B#10 = 371.608
ROUND 548 A#47 and B#10 = 355.205
ROUND 549 A#48 and B#10 = 353.606
ROUND 550 A#49 and B#10 = 381.937
ROUND 551 A#0 and B#11 = 437.772
ROUND 552 A#1 and B#11 = 369.89
ROUND 553 A#2 and B#11 = 449.273
ROUND 554 A#3 and B#11 = 454.439
ROUND 555 A#4 and B#11 = 442.549
ROUND 556 A#5 and B#11 = 433.094
ROUND 557 A#6 and B#11 = 386.57
ROUND 558 A#7 and B#11 = 406.761
ROUND 559 A#8 and B#11 = 392.844
ROUND 560 A#9 and B#11 = 391.693
ROUND 561 A#10 and B#11 = 447.211
ROUND 562 A#11 and B#11 = 390.358
ROUND 563 A#12 and B#11 = 392.475
ROUND 564 A#13 and B#11 = 402.228
ROUND 565 A#14 and B#11 = 353.499
ROUND 566 A#15 and B#11 = 415.637
ROUND 567 A#16 and B#11 = 348.67
ROUND 568 A#17 and B#11 = 421.28
ROUND 569 A#18 and B#11 = 344.059
ROUND 570 A#19 and B#11 = 370.148
ROUND 571 A#20 and B#11 = 447.937
ROUND 572 A#21 and B#11 = 371.759
ROUND 573 A#22 and B#11 = 348.545
ROUND 574 A#23 and B#11 = 366.728
ROUND 575 A#24 and B#11 = 366.965
ROUND 576 A#25 and B#11 = 416.334
ROUND 577 A#26 and B#11 = 349.644
ROUND 578 A#27 and B#11 = 366.253
ROUND 579 A#28 and B#11 = 389.662
ROUND 580 A#29 and B#11 = 388.468
ROUND 581 A#30 and B#11 = 350.456
ROUND 582 A#31 and B#11 = 414.474
ROUND 583 A#32 and B#11 = 419.387
ROUND 584 A#33 and B#11 = 405.486
ROUND 585 A#34 and B#11 = 431.873
ROUND 586 A#35 and B#11 = 432.125
ROUND 587 A#36 and B#11 = 368.207
ROUND 588 A#37 and B#11 = 357.255
ROUND 589 A#38 and B#11 = 374.567
ROUND 590 A#39 and B#11 = 380.341
ROUND 591 A#40 and B#11 = 367.154
ROUND 592 A#41 and B#11 = 435.265
ROUND 593 A#42 and B#11 = 418.076
ROUND 594 A#43 and B#11 = 349.128
ROUND 595 A#44 and B#11 = 426.136
ROUND 596 A#45 and B#11 = 438.858
ROUND 597 A#46 and B#11 = 386.64
ROUND 598 A#47 and B#11 = 411.133
ROUND 599 A#48 and B#11 = 410.85
ROUND 600 A#49 and B#11 = 348.203
ROUND 601 A#0 and B#12 = 456.501
ROUND 602 A#1 and B#12 = 458.048
ROUND 603 A#2 and B#12 = 409.689
ROUND 604 A#3 and B#12 = 401.736
ROUND 605 A#4 and B#12 = 425.583
ROUND 606 A#5 and B#12 = 414.164
ROUND 607 A#6 and B#12 = 394.524
ROUND 608 A#7 and B#12 = 452.14
ROUND 609 A#8 and B#12 = 454.924
ROUND 610 A#9 and B#12 = 453.665
ROUND 611 A#10 and B#12 = 400.763
ROUND 612 A#11 and B#12 = 369.384
ROUND 613 A#12 and B#12 = 438.404
ROUND 614 A#13 and B#12 = 395.224
ROUND 615 A#14 and B#12 = 467.461
ROUND 616 A#15 and B#12 = 401.214
ROUND 617 A#16 and B#12 = 444.518
ROUND 618 A#17 and B#12 = 404.133
ROUND 619 A#18 and B#12 = 391.357
ROUND 620 A#19 and B#12 = 411.34
ROUND 621 A#20 and B#12 = 380.388
ROUND 622 A#21 and B#12 = 413.528
ROUND 623 A#22 and B#12 = 454.05
ROUND 624 A#23 and B#12 = 419.874
ROUND 625 A#24 and B#12 = 432.843
ROUND 626 A#25 and B#12 = 348.268
ROUND 627 A#26 and B#12 = 390.647
ROUND 628 A#27 and B#12 = 401.553
ROUND 629 A#28 and B#12 = 436.085
ROUND 630 A#29 and B#12 = 410.857
ROUND 631 A#30 and B#12 = 468.904
ROUND 632 A#31 and B#12 = 438.264
ROUND 633 A#32 and B#12 = 412.288
ROUND 634 A#33 and B#12 = 411.873
ROUND 635 A#34 and B#12 = 407.562
ROUND 636 A#35 and B#12 = 475.237
ROUND 637 A#36 and B#12 = 392.073
ROUND 638 A#37 and B#12 = 390.292
ROUND 639 A#38 and B#12 = 401.602
ROUND 640 A#39 and B#12 = 408.371
ROUND 641 A#40 and B#12 = 433.695
ROUND 642 A#41 and B#12 = 430.503
ROUND 643 A#42 and B#12 = 444.129
ROUND 644 A#43 and B#12 = 379.035
ROUND 645 A#44 and B#12 = 427.985
ROUND 646 A#45 and B#12 = 430.064
ROUND 647 A#46 and B#12 = 422.912
ROUND 648 A#47 and B#12 = 438.846
ROUND 649 A#48 and B#12 = 438.151
ROUND 650 A#49 and B#12 = 389.495
ROUND 651 A#0 and B#13 = 426.134
ROUND 652 A#1 and B#13 = 423.785
ROUND 653 A#2 and B#13 = 422.183
ROUND 654 A#3 and B#13 = 433.329
ROUND 655 A#4 and B#13 = 368.501
ROUND 656 A#5 and B#13 = 470.559
ROUND 657 A#6 and B#13 = 454.209
ROUND 658 A#7 and B#13 = 401.32
ROUND 659 A#8 and B#13 = 381.511
ROUND 660 A#9 and B#13 = 379.381
ROUND 661 A#10 and B#13 = 439.907
ROUND 662 A#11 and B#13 = 416.377
ROUND 663 A#12 and B#13 = 453.172
ROUND 664 A#13 and B#13 = 423.27
ROUND 665 A#14 and B#13 = 391.293
ROUND 666 A#15 and B#13 = 430.663
ROUND 667 A#16 and B#13 = 391.495
ROUND 668 A#17 and B#13 = 450.124
ROUND 669 A#18 and B#13 = 402.037
ROUND 670 A#19 and B#13 = 448.389
ROUND 671 A#20 and B#13 = 408.508
ROUND 672 A#21 and B#13 = 447.072
ROUND 673 A#22 and B#13 = 458.448
ROUND 674 A#23 and B#13 = 458.019
ROUND 675 A#24 and B#13 = 458.021
ROUND 676 A#25 and B#13 = 433.97
ROUND 677 A#26 and B#13 = 396.81
ROUND 678 A#27 and B#13 = 473.671
ROUND 679 A#28 and B#13 = 402.68
ROUND 680 A#29 and B#13 = 388.523
ROUND 681 A#30 and B#13 = 392.244
ROUND 682 A#31 and B#13 = 460.028
ROUND 683 A#32 and B#13 = 376.881
ROUND 684 A#33 and B#13 = 377.45
ROUND 685 A#34 and B#13 = 395.256
ROUND 686 A#35 and B#13 = 393.213
ROUND 687 A#36 and B#13 = 455.837
ROUND 688 A#37 and B#13 = 397.176
ROUND 689 A#38 and B#13 = 459.085
ROUND 690 A#39 and B#13 = 425.53
ROUND 691 A#40 and B#13 = 428.949
ROUND 692 A#41 and B#13 = 386.396
ROUND 693 A#42 and B#13 = 485.049
ROUND 694 A#43 and B#13 = 413.634
ROUND 695 A#44 and B#13 = 454.55
ROUND 696 A#45 and B#13 = 464.841
ROUND 697 A#46 and B#13 = 409.668
ROUND 698 A#47 and B#13 = 386.224
ROUND 699 A#48 and B#13 = 424.338
ROUND 700 A#49 and B#13 = 402.464
ROUND 701 A#0 and B#14 = 401.626
ROUND 702 A#1 and B#14 = 401.375
ROUND 703 A#2 and B#14 = 374.595
ROUND 704 A#3 and B#14 = 450.806
ROUND 705 A#4 and B#14 = 361.087
ROUND 706 A#5 and B#14 = 424.701
ROUND 707 A#6 and B#14 = 363.821
ROUND 708 A#7 and B#14 = 416.278
ROUND 709 A#8 and B#14 = 394.437
ROUND 710 A#9 and B#14 = 395.992
ROUND 711 A#10 and B#14 = 443.127
ROUND 712 A#11 and B#14 = 437.518
ROUND 713 A#12 and B#14 = 412.941
ROUND 714 A#13 and B#14 = 395.146
ROUND 715 A#14 and B#14 = 460.789
ROUND 716 A#15 and B#14 = 414.419
ROUND 717 A#16 and B#14 = 363.179
ROUND 718 A#17 and B#14 = 404.044
ROUND 719 A#18 and B#14 = 409.171
ROUND 720 A#19 and B#14 = 371.344
ROUND 721 A#20 and B#14 = 437.916
ROUND 722 A#21 and B#14 = 373.936
ROUND 723 A#22 and B#14 = 363.53
ROUND 724 A#23 and B#14 = 368.706
ROUND 725 A#24 and B#14 = 368.799
ROUND 726 A#25 and B#14 = 440.503
ROUND 727 A#26 and B#14 = 416.937
ROUND 728 A#27 and B#14 = 363.75
ROUND 729 A#28 and B#14 = 405.6
ROUND 730 A#29 and B#14 = 372.363
ROUND 731 A#30 and B#14 = 394.188
ROUND 732 A#31 and B#14 = 411.506
ROUND 733 A#32 and B#14 = 393.354
ROUND 734 A#33 and B#14 = 378.465
ROUND 735 A#34 and B#14 = 427.607
ROUND 736 A#35 and B#14 = 399.018
ROUND 737 A#36 and B#14 = 378.232
ROUND 738 A#37 and B#14 = 387.646
ROUND 739 A#38 and B#14 = 385.686
ROUND 740 A#39 and B#14 = 408.263
ROUND 741 A#40 and B#14 = 394.069
ROUND 742 A#41 and B#14 = 396.738
ROUND 743 A#42 and B#14 = 423.045
ROUND 744 A#43 and B#14 = 359.832
ROUND 745 A#44 and B#14 = 416.809
ROUND 746 A#45 and B#14 = 414.995
ROUND 747 A#46 and B#14 = 367.94
ROUND 748 A#47 and B#14 = 358.459
ROUND 749 A#48 and B#14 = 358.373
ROUND 750 A#49 and B#14 = 384.191
ROUND 751 A#0 and B#15 = 417.535
ROUND 752 A#1 and B#15 = 423.819
ROUND 753 A#2 and B#15 = 420.071
ROUND 754 A#3 and B#15 = 466.569
ROUND 755 A#4 and B#15 = 399.83
ROUND 756 A#5 and B#15 = 485.07
ROUND 757 A#6 and B#15 = 439.993
ROUND 758 A#7 and B#15 = 415.641
ROUND 759 A#8 and B#15 = 445.962
ROUND 760 A#9 and B#15 = 446.564
ROUND 761 A#10 and B#15 = 475.538
ROUND 762 A#11 and B#15 = 446.383
ROUND 763 A#12 and B#15 = 399.029
ROUND 764 A#13 and B#15 = 421.001
ROUND 765 A#14 and B#15 = 479.407
ROUND 766 A#15 and B#15 = 422.209
ROUND 767 A#16 and B#15 = 476.69
ROUND 768 A#17 and B#15 = 435.953
ROUND 769 A#18 and B#15 = 448.223
ROUND 770 A#19 and B#15 = 437.478
ROUND 771 A#20 and B#15 = 439.907
ROUND 772 A#21 and B#15 = 431.117
ROUND 773 A#22 and B#15 = 471.6
ROUND 774 A#23 and B#15 = 435.301
ROUND 775 A#24 and B#15 = 436.521
ROUND 776 A#25 and B#15 = 456.013
ROUND 777 A#26 and B#15 = 469.93
ROUND 778 A#27 and B#15 = 399.375
ROUND 779 A#28 and B#15 = 376.779
ROUND 780 A#29 and B#15 = 460.626
ROUND 781 A#30 and B#15 = 463.157
ROUND 782 A#31 and B#15 = 335.307
ROUND 783 A#32 and B#15 = 455.457
ROUND 784 A#33 and B#15 = 438.068
ROUND 785 A#34 and B#15 = 490.714
ROUND 786 A#35 and B#15 = 438.534
ROUND 787 A#36 and B#15 = 466.793
ROUND 788 A#37 and B#15 = 465.431
ROUND 789 A#38 and B#15 = 426.051
ROUND 790 A#39 and B#15 = 418.687
ROUND 791 A#40 and B#15 = 422.542
ROUND 792 A#41 and B#15 = 476.497
ROUND 793 A#42 and B#15 = 420.167
ROUND 794 A#43 and B#15 = 403.455
ROUND 795 A#44 and B#15 = 425.246
ROUND 796 A#45 and B#15 = 432.935
ROUND 797 A#46 and B#15 = 327.168
ROUND 798 A#47 and B#15 = 429.137
ROUND 799 A#48 and B#15 = 394.083
ROUND 800 A#49 and B#15 = 467.498
ROUND 801 A#0 and B#16 = 440.441
ROUND 802 A#1 and B#16 = 441.233
ROUND 803 A#2 and B#16 = 430.619
ROUND 804 A#3 and B#16 = 450.157
ROUND 805 A#4 and B#16 = 340.333
ROUND 806 A#5 and B#16 = 405.534
ROUND 807 A#6 and B#16 = 411.218
ROUND 808 A#7 and B#16 = 393.525
ROUND 809 A#8 and B#16 = 378.653
ROUND 810 A#9 and B#16 = 377.005
ROUND 811 A#10 and B#16 = 444.414
ROUND 812 A#11 and B#16 = 400.124
ROUND 813 A#12 and B#16 = 413.851
ROUND 814 A#13 and B#16 = 427.01
ROUND 815 A#14 and B#16 = 359.472
ROUND 816 A#15 and B#16 = 412.394
ROUND 817 A#16 and B#16 = 366.929
ROUND 818 A#17 and B#16 = 468.278
ROUND 819 A#18 and B#16 = 410.971
ROUND 820 A#19 and B#16 = 371.882
ROUND 821 A#20 and B#16 = 447.38
ROUND 822 A#21 and B#16 = 371.959
ROUND 823 A#22 and B#16 = 372.939
ROUND 824 A#23 and B#16 = 395.32
ROUND 825 A#24 and B#16 = 397.126
ROUND 826 A#25 and B#16 = 422.139
ROUND 827 A#26 and B#16 = 409.441
ROUND 828 A#27 and B#16 = 394.049
ROUND 829 A#28 and B#16 = 341.254
ROUND 830 A#29 and B#16 = 405.492
ROUND 831 A#30 and B#16 = 381.36
ROUND 832 A#31 and B#16 = 416.537
ROUND 833 A#32 and B#16 = 391.715
ROUND 834 A#33 and B#16 = 393.179
ROUND 835 A#34 and B#16 = 425.455
ROUND 836 A#35 and B#16 = 360.281
ROUND 837 A#36 and B#16 = 401.292
ROUND 838 A#37 and B#16 = 405.412
ROUND 839 A#38 and B#16 = 394.244
ROUND 840 A#39 and B#16 = 408.004
ROUND 841 A#40 and B#16 = 387.164
ROUND 842 A#41 and B#16 = 423.183
ROUND 843 A#42 and B#16 = 444.731
ROUND 844 A#43 and B#16 = 410.262
ROUND 845 A#44 and B#16 = 425.632
ROUND 846 A#45 and B#16 = 444.755
ROUND 847 A#46 and B#16 = 404.845
ROUND 848 A#47 and B#16 = 411.71
ROUND 849 A#48 and B#16 = 408.88
ROUND 850 A#49 and B#16 = 432.374
ROUND 851 A#0 and B#17 = 455.177
ROUND 852 A#1 and B#17 = 456.647
ROUND 853 A#2 and B#17 = 412.182
ROUND 854 A#3 and B#17 = 393.732
ROUND 855 A#4 and B#17 = 424.553
ROUND 856 A#5 and B#17 = 406.229
ROUND 857 A#6 and B#17 = 391.19
ROUND 858 A#7 and B#17 = 449.472
ROUND 859 A#8 and B#17 = 455.007
ROUND 860 A#9 and B#17 = 453.679
ROUND 861 A#10 and B#17 = 393.059
ROUND 862 A#11 and B#17 = 379.391
ROUND 863 A#12 and B#17 = 437.07
ROUND 864 A#13 and B#17 = 390.348
ROUND 865 A#14 and B#17 = 464.985
ROUND 866 A#15 and B#17 = 395.935
ROUND 867 A#16 and B#17 = 442.882
ROUND 868 A#17 and B#17 = 398.162
ROUND 869 A#18 and B#17 = 388.088
ROUND 870 A#19 and B#17 = 413.749
ROUND 871 A#20 and B#17 = 381.549
ROUND 872 A#21 and B#17 = 415.993
ROUND 873 A#22 and B#17 = 451.598
ROUND 874 A#23 and B#17 = 422.435
ROUND 875 A#24 and B#17 = 435.82
ROUND 876 A#25 and B#17 = 394.828
ROUND 877 A#26 and B#17 = 385.465
ROUND 878 A#27 and B#17 = 396.419
ROUND 879 A#28 and B#17 = 433.052
ROUND 880 A#29 and B#17 = 408.289
ROUND 881 A#30 and B#17 = 435.9
ROUND 882 A#31 and B#17 = 438.18
ROUND 883 A#32 and B#17 = 407.829
ROUND 884 A#33 and B#17 = 407.316
ROUND 885 A#34 and B#17 = 397.754
ROUND 886 A#35 and B#17 = 475.966
ROUND 887 A#36 and B#17 = 390.168
ROUND 888 A#37 and B#17 = 385.405
ROUND 889 A#38 and B#17 = 400.164
ROUND 890 A#39 and B#17 = 409.198
ROUND 891 A#40 and B#17 = 431.406
ROUND 892 A#41 and B#17 = 429.156
ROUND 893 A#42 and B#17 = 441.37
ROUND 894 A#43 and B#17 = 377.17
ROUND 895 A#44 and B#17 = 425.782
ROUND 896 A#45 and B#17 = 428.425
ROUND 897 A#46 and B#17 = 420.952
ROUND 898 A#47 and B#17 = 437.935
ROUND 899 A#48 and B#17 = 391.775
ROUND 900 A#49 and B#17 = 383.374
ROUND 901 A#0 and B#18 = 386.925
ROUND 902 A#1 and B#18 = 387.04
ROUND 903 A#2 and B#18 = 371.907
ROUND 904 A#3 and B#18 = 431.136
ROUND 905 A#4 and B#18 = 378.008
ROUND 906 A#5 and B#18 = 439.694
ROUND 907 A#6 and B#18 = 433.032
ROUND 908 A#7 and B#18 = 401.399
ROUND 909 A#8 and B#18 = 364.845
ROUND 910 A#9 and B#18 = 365.989
ROUND 911 A#10 and B#18 = 432.651
ROUND 912 A#11 and B#18 = 461.709
ROUND 913 A#12 and B#18 = 453.541
ROUND 914 A#13 and B#18 = 453.705
ROUND 915 A#14 and B#18 = 359.45
ROUND 916 A#15 and B#18 = 460.095
ROUND 917 A#16 and B#18 = 364.156
ROUND 918 A#17 and B#18 = 465.702
ROUND 919 A#18 and B#18 = 430.526
ROUND 920 A#19 and B#18 = 341.679
ROUND 921 A#20 and B#18 = 376.269
ROUND 922 A#21 and B#18 = 341.895
ROUND 923 A#22 and B#18 = 357.677
ROUND 924 A#23 and B#18 = 340.06
ROUND 925 A#24 and B#18 = 340.55
ROUND 926 A#25 and B#18 = 431.697
ROUND 927 A#26 and B#18 = 427.259
ROUND 928 A#27 and B#18 = 414.493
ROUND 929 A#28 and B#18 = 376.281
ROUND 930 A#29 and B#18 = 360.949
ROUND 931 A#30 and B#18 = 368.239
ROUND 932 A#31 and B#18 = 449.206
ROUND 933 A#32 and B#18 = 384.375
ROUND 934 A#33 and B#18 = 383.493
ROUND 935 A#34 and B#18 = 429.96
ROUND 936 A#35 and B#18 = 349.168
ROUND 937 A#36 and B#18 = 368.213
ROUND 938 A#37 and B#18 = 422.121
ROUND 939 A#38 and B#18 = 352.673
ROUND 940 A#39 and B#18 = 388.331
ROUND 941 A#40 and B#18 = 413.083
ROUND 942 A#41 and B#18 = 388.235
ROUND 943 A#42 and B#18 = 410.134
ROUND 944 A#43 and B#18 = 380.555
ROUND 945 A#44 and B#18 = 462.653
ROUND 946 A#45 and B#18 = 420.049
ROUND 947 A#46 and B#18 = 405.912
ROUND 948 A#47 and B#18 = 363.376
ROUND 949 A#48 and B#18 = 368.95
ROUND 950 A#49 and B#18 = 440.108
ROUND 951 A#0 and B#19 = 392.016
ROUND 952 A#1 and B#19 = 394.157
ROUND 953 A#2 and B#19 = 404.113
ROUND 954 A#3 and B#19 = 440.495
ROUND 955 A#4 and B#19 = 392.733
ROUND 956 A#5 and B#19 = 483.835
ROUND 957 A#6 and B#19 = 368.405
ROUND 958 A#7 and B#19 = 412.91
ROUND 959 A#8 and B#19 = 403.565
ROUND 960 A#9 and B#19 = 420.488
ROUND 961 A#10 and B#19 = 451.022
ROUND 962 A#11 and B#19 = 406.006
ROUND 963 A#12 and B#19 = 443.681
ROUND 964 A#13 and B#19 = 444.347
ROUND 965 A#14 and B#19 = 475.265
ROUND 966 A#15 and B#19 = 433.917
ROUND 967 A#16 and B#19 = 371.511
ROUND 968 A#17 and B#19 = 409.699
ROUND 969 A#18 and B#19 = 325.865
ROUND 970 A#19 and B#19 = 412.09
ROUND 971 A#20 and B#19 = 374.07
ROUND 972 A#21 and B#19 = 418.057
ROUND 973 A#22 and B#19 = 432.262
ROUND 974 A#23 and B#19 = 425.376
ROUND 975 A#24 and B#19 = 425.232
ROUND 976 A#25 and B#19 = 408.012
ROUND 977 A#26 and B#19 = 321.457
ROUND 978 A#27 and B#19 = 397.928
ROUND 979 A#28 and B#19 = 339.19
ROUND 980 A#29 and B#19 = 372.941
ROUND 981 A#30 and B#19 = 454.35
ROUND 982 A#31 and B#19 = 460.839
ROUND 983 A#32 and B#19 = 449.478
ROUND 984 A#33 and B#19 = 439.095
ROUND 985 A#34 and B#19 = 480.511
ROUND 986 A#35 and B#19 = 375.377
ROUND 987 A#36 and B#19 = 387.56
ROUND 988 A#37 and B#19 = 321.36
ROUND 989 A#38 and B#19 = 395.549
ROUND 990 A#39 and B#19 = 400.608
ROUND 991 A#40 and B#19 = 402.259
ROUND 992 A#41 and B#19 = 456.947
ROUND 993 A#42 and B#19 = 451.331
ROUND 994 A#43 and B#19 = 397.287
ROUND 995 A#44 and B#19 = 393.822
ROUND 996 A#45 and B#19 = 403.021
ROUND 997 A#46 and B#19 = 447.34
ROUND 998 A#47 and B#19 = 390.173
ROUND 999 A#48 and B#19 = 394.092
ROUND 1000 A#49 and B#19 = 469.138
ROUND 1001 A#0 and B#20 = 395.663
ROUND 1002 A#1 and B#20 = 397.441
ROUND 1003 A#2 and B#20 = 382.193
ROUND 1004 A#3 and B#20 = 452.701
ROUND 1005 A#4 and B#20 = 379.309
ROUND 1006 A#5 and B#20 = 418.491
ROUND 1007 A#6 and B#20 = 365.358
ROUND 1008 A#7 and B#20 = 406.428
ROUND 1009 A#8 and B#20 = 391.256
ROUND 1010 A#9 and B#20 = 392.398
ROUND 1011 A#10 and B#20 = 444.885
ROUND 1012 A#11 and B#20 = 435.759
ROUND 1013 A#12 and B#20 = 414.847
ROUND 1014 A#13 and B#20 = 390.155
ROUND 1015 A#14 and B#20 = 347.214
ROUND 1016 A#15 and B#20 = 405.071
ROUND 1017 A#16 and B#20 = 343.307
ROUND 1018 A#17 and B#20 = 404.698
ROUND 1019 A#18 and B#20 = 412.514
ROUND 1020 A#19 and B#20 = 371.482
ROUND 1021 A#20 and B#20 = 431.761
ROUND 1022 A#21 and B#20 = 374.344
ROUND 1023 A#22 and B#20 = 352.183
ROUND 1024 A#23 and B#20 = 368.9
ROUND 1025 A#24 and B#20 = 371.779
ROUND 1026 A#25 and B#20 = 435.784
ROUND 1027 A#26 and B#20 = 421.298
ROUND 1028 A#27 and B#20 = 352.114
ROUND 1029 A#28 and B#20 = 401.37
ROUND 1030 A#29 and B#20 = 361.871
ROUND 1031 A#30 and B#20 = 390.902
ROUND 1032 A#31 and B#20 = 414.152
ROUND 1033 A#32 and B#20 = 386.292
ROUND 1034 A#33 and B#20 = 370.216
ROUND 1035 A#34 and B#20 = 422.348
ROUND 1036 A#35 and B#20 = 356.837
ROUND 1037 A#36 and B#20 = 379.953
ROUND 1038 A#37 and B#20 = 388.058
ROUND 1039 A#38 and B#20 = 385.972
ROUND 1040 A#39 and B#20 = 410.724
ROUND 1041 A#40 and B#20 = 393.462
ROUND 1042 A#41 and B#20 = 391.538
ROUND 1043 A#42 and B#20 = 425.843
ROUND 1044 A#43 and B#20 = 360.509
ROUND 1045 A#44 and B#20 = 421.596
ROUND 1046 A#45 and B#20 = 417.138
ROUND 1047 A#46 and B#20 = 372.311
ROUND 1048 A#47 and B#20 = 355.195
ROUND 1049 A#48 and B#20 = 353.733
ROUND 1050 A#49 and B#20 = 384.991
ROUND 1051 A#0 and B#21 = 401.902
ROUND 1052 A#1 and B#21 = 400.882
ROUND 1053 A#2 and B#21 = 357.462
ROUND 1054 A#3 and B#21 = 428.809
ROUND 1055 A#4 and B#21 = 452.722
ROUND 1056 A#5 and B#21 = 421.796
ROUND 1057 A#6 and B#21 = 388.634
ROUND 1058 A#7 and B#21 = 427.071
ROUND 1059 A#8 and B#21 = 440.817
ROUND 1060 A#9 and B#21 = 439.572
ROUND 1061 A#10 and B#21 = 432.218
ROUND 1062 A#11 and B#21 = 391.226
ROUND 1063 A#12 and B#21 = 373.676
ROUND 1064 A#13 and B#21 = 417.818
ROUND 1065 A#14 and B#21 = 470.278
ROUND 1066 A#15 and B#21 = 430.11
ROUND 1067 A#16 and B#21 = 379.424
ROUND 1068 A#17 and B#21 = 407.955
ROUND 1069 A#18 and B#21 = 409.167
ROUND 1070 A#19 and B#21 = 381.619
ROUND 1071 A#20 and B#21 = 379.993
ROUND 1072 A#21 and B#21 = 382.723
ROUND 1073 A#22 and B#21 = 409.775
ROUND 1074 A#23 and B#21 = 394.248
ROUND 1075 A#24 and B#21 = 399.608
ROUND 1076 A#25 and B#21 = 425.597
ROUND 1077 A#26 and B#21 = 394.645
ROUND 1078 A#27 and B#21 = 380.486
ROUND 1079 A#28 and B#21 = 410.851
ROUND 1080 A#29 and B#21 = 427.862
ROUND 1081 A#30 and B#21 = 427.982
ROUND 1082 A#31 and B#21 = 383.5
ROUND 1083 A#32 and B#21 = 381.567
ROUND 1084 A#33 and B#21 = 372.444
ROUND 1085 A#34 and B#21 = 431.607
ROUND 1086 A#35 and B#21 = 464.21
ROUND 1087 A#36 and B#21 = 371.308
ROUND 1088 A#37 and B#21 = 393.787
ROUND 1089 A#38 and B#21 = 368.309
ROUND 1090 A#39 and B#21 = 409.021
ROUND 1091 A#40 and B#21 = 400.363
ROUND 1092 A#41 and B#21 = 408.117
ROUND 1093 A#42 and B#21 = 396.08
ROUND 1094 A#43 and B#21 = 371.473
ROUND 1095 A#44 and B#21 = 437.356
ROUND 1096 A#45 and B#21 = 414.799
ROUND 1097 A#46 and B#21 = 467.669
ROUND 1098 A#47 and B#21 = 405.891
ROUND 1099 A#48 and B#21 = 409.812
ROUND 1100 A#49 and B#21 = 387.267
ROUND 1101 A#0 and B#22 = 447.99
ROUND 1102 A#1 and B#22 = 448.762
ROUND 1103 A#2 and B#22 = 332.607
ROUND 1104 A#3 and B#22 = 471.536
ROUND 1105 A#4 and B#22 = 380.511
ROUND 1106 A#5 and B#22 = 432.163
ROUND 1107 A#6 and B#22 = 387.376
ROUND 1108 A#7 and B#22 = 426.443
ROUND 1109 A#8 and B#22 = 401.945
ROUND 1110 A#9 and B#22 = 400.816
ROUND 1111 A#10 and B#22 = 461.678
ROUND 1112 A#11 and B#22 = 410.23
ROUND 1113 A#12 and B#22 = 393.789
ROUND 1114 A#13 and B#22 = 434.19
ROUND 1115 A#14 and B#22 = 361.625
ROUND 1116 A#15 and B#22 = 455.421
ROUND 1117 A#16 and B#22 = 356.822
ROUND 1118 A#17 and B#22 = 455.315
ROUND 1119 A#18 and B#22 = 431.948
ROUND 1120 A#19 and B#22 = 333.337
ROUND 1121 A#20 and B#22 = 420.944
ROUND 1122 A#21 and B#22 = 334.841
ROUND 1123 A#22 and B#22 = 356.868
ROUND 1124 A#23 and B#22 = 333.831
ROUND 1125 A#24 and B#22 = 333.875
ROUND 1126 A#25 and B#22 = 404.677
ROUND 1127 A#26 and B#22 = 417.893
ROUND 1128 A#27 and B#22 = 352.654
ROUND 1129 A#28 and B#22 = 339.287
ROUND 1130 A#29 and B#22 = 381.909
ROUND 1131 A#30 and B#22 = 395.692
ROUND 1132 A#31 and B#22 = 415.384
ROUND 1133 A#32 and B#22 = 357.964
ROUND 1134 A#33 and B#22 = 388.04
ROUND 1135 A#34 and B#22 = 420.691
ROUND 1136 A#35 and B#22 = 440.998
ROUND 1137 A#36 and B#22 = 364.071
ROUND 1138 A#37 and B#22 = 417.422
ROUND 1139 A#38 and B#22 = 372.982
ROUND 1140 A#39 and B#22 = 386.656
ROUND 1141 A#40 and B#22 = 413.132
ROUND 1142 A#41 and B#22 = 416.293
ROUND 1143 A#42 and B#22 = 443.351
ROUND 1144 A#43 and B#22 = 379.408
ROUND 1145 A#44 and B#22 = 423.884
ROUND 1146 A#45 and B#22 = 437.218
ROUND 1147 A#46 and B#22 = 416.986
ROUND 1148 A#47 and B#22 = 399.825
ROUND 1149 A#48 and B#22 = 398.621
ROUND 1150 A#49 and B#22 = 418.978
ROUND 1151 A#0 and B#23 = 370.43
ROUND 1152 A#1 and B#23 = 372.883
ROUND 1153 A#2 and B#23 = 357.658
ROUND 1154 A#3 and B#23 = 444.859
ROUND 1155 A#4 and B#23 = 427.55
ROUND 1156 A#5 and B#23 = 415.997
ROUND 1157 A#6 and B#23 = 402.007
ROUND 1158 A#7 and B#23 = 382.255
ROUND 1159 A#8 and B#23 = 391.061
ROUND 1160 A#9 and B#23 = 388.8
ROUND 1161 A#10 and B#23 = 447.868
ROUND 1162 A#11 and B#23 = 418.633
ROUND 1163 A#12 and B#23 = 405.371
ROUND 1164 A#13 and B#23 = 414.524
ROUND 1165 A#14 and B#23 = 384.995
ROUND 1166 A#15 and B#23 = 433.413
ROUND 1167 A#16 and B#23 = 345.868
ROUND 1168 A#17 and B#23 = 458.474
ROUND 1169 A#18 and B#23 = 378.037
ROUND 1170 A#19 and B#23 = 362.746
ROUND 1171 A#20 and B#23 = 421.408
ROUND 1172 A#21 and B#23 = 364.733
ROUND 1173 A#22 and B#23 = 372.159
ROUND 1174 A#23 and B#23 = 374.256
ROUND 1175 A#24 and B#23 = 375.184
ROUND 1176 A#25 and B#23 = 408.46
ROUND 1177 A#26 and B#23 = 380.65
ROUND 1178 A#27 and B#23 = 375.261
ROUND 1179 A#28 and B#23 = 437.002
ROUND 1180 A#29 and B#23 = 402.47
ROUND 1181 A#30 and B#23 = 365.777
ROUND 1182 A#31 and B#23 = 410.386
ROUND 1183 A#32 and B#23 = 422.877
ROUND 1184 A#33 and B#23 = 400.878
ROUND 1185 A#34 and B#23 = 432.524
ROUND 1186 A#35 and B#23 = 377.358
ROUND 1187 A#36 and B#23 = 375.918
ROUND 1188 A#37 and B#23 = 393.363
ROUND 1189 A#38 and B#23 = 379.143
ROUND 1190 A#39 and B#23 = 398.141
ROUND 1191 A#40 and B#23 = 387.495
ROUND 1192 A#41 and B#23 = 421.124
ROUND 1193 A#42 and B#23 = 449.823
ROUND 1194 A#43 and B#23 = 345.558
ROUND 1195 A#44 and B#23 = 425.46
ROUND 1196 A#45 and B#23 = 441.666
ROUND 1197 A#46 and B#23 = 382.544
ROUND 1198 A#47 and B#23 = 413.317
ROUND 1199 A#48 and B#23 = 411.076
ROUND 1200 A#49 and B#23 = 390.21
ROUND 1201 A#0 and B#24 = 438.29
ROUND 1202 A#1 and B#24 = 372.792
ROUND 1203 A#2 and B#24 = 368.43
ROUND 1204 A#3 and B#24 = 454.579
ROUND 1205 A#4 and B#24 = 444.417
ROUND 1206 A#5 and B#24 = 430.399
ROUND 1207 A#6 and B#24 = 386.631
ROUND 1208 A#7 and B#24 = 410.455
ROUND 1209 A#8 and B#24 = 392.555
ROUND 1210 A#9 and B#24 = 391.292
ROUND 1211 A#10 and B#24 = 446.888
ROUND 1212 A#11 and B#24 = 389.411
ROUND 1213 A#12 and B#24 = 405.468
ROUND 1214 A#13 and B#24 = 409.344
ROUND 1215 A#14 and B#24 = 351.323
ROUND 1216 A#15 and B#24 = 422.826
ROUND 1217 A#16 and B#24 = 342.281
ROUND 1218 A#17 and B#24 = 419.894
ROUND 1219 A#18 and B#24 = 346.855
ROUND 1220 A#19 and B#24 = 368.5
ROUND 1221 A#20 and B#24 = 449.821
ROUND 1222 A#21 and B#24 = 370.222
ROUND 1223 A#22 and B#24 = 348.454
ROUND 1224 A#23 and B#24 = 364.908
ROUND 1225 A#24 and B#24 = 365.663
ROUND 1226 A#25 and B#24 = 414.739
ROUND 1227 A#26 and B#24 = 349.224
ROUND 1228 A#27 and B#24 = 376.416
ROUND 1229 A#28 and B#24 = 394.116
ROUND 1230 A#29 and B#24 = 375.425
ROUND 1231 A#30 and B#24 = 385.566
ROUND 1232 A#31 and B#24 = 417.893
ROUND 1233 A#32 and B#24 = 422.889
ROUND 1234 A#33 and B#24 = 409.547
ROUND 1235 A#34 and B#24 = 433.935
ROUND 1236 A#35 and B#24 = 433.068
ROUND 1237 A#36 and B#24 = 364.987
ROUND 1238 A#37 and B#24 = 355.739
ROUND 1239 A#38 and B#24 = 372.24
ROUND 1240 A#39 and B#24 = 377.043
ROUND 1241 A#40 and B#24 = 412.865
ROUND 1242 A#41 and B#24 = 435.771
ROUND 1243 A#42 and B#24 = 418.075
ROUND 1244 A#43 and B#24 = 346.83
ROUND 1245 A#44 and B#24 = 425.683
ROUND 1246 A#45 and B#24 = 439.23
ROUND 1247 A#46 and B#24 = 388.563
ROUND 1248 A#47 and B#24 = 413.313
ROUND 1249 A#48 and B#24 = 413.738
ROUND 1250 A#49 and B#24 = 345.606
ROUND 1251 A#0 and B#25 = 438.659
ROUND 1252 A#1 and B#25 = 372.988
ROUND 1253 A#2 and B#25 = 368.007
ROUND 1254 A#3 and B#25 = 454.716
ROUND 1255 A#4 and B#25 = 444.188
ROUND 1256 A#5 and B#25 = 431.413
ROUND 1257 A#6 and B#25 = 386.661
ROUND 1258 A#7 and B#25 = 410.372
ROUND 1259 A#8 and B#25 = 392.77
ROUND 1260 A#9 and B#25 = 391.482
ROUND 1261 A#10 and B#25 = 446.931
ROUND 1262 A#11 and B#25 = 389.211
ROUND 1263 A#12 and B#25 = 405.532
ROUND 1264 A#13 and B#25 = 409.381
ROUND 1265 A#14 and B#25 = 351.42
ROUND 1266 A#15 and B#25 = 422.831
ROUND 1267 A#16 and B#25 = 342.469
ROUND 1268 A#17 and B#25 = 420.239
ROUND 1269 A#18 and B#25 = 347.178
ROUND 1270 A#19 and B#25 = 368.372
ROUND 1271 A#20 and B#25 = 450.122
ROUND 1272 A#21 and B#25 = 369.987
ROUND 1273 A#22 and B#25 = 348.997
ROUND 1274 A#23 and B#25 = 364.724
ROUND 1275 A#24 and B#25 = 365.383
ROUND 1276 A#25 and B#25 = 414.901
ROUND 1277 A#26 and B#25 = 349.637
ROUND 1278 A#27 and B#25 = 376.225
ROUND 1279 A#28 and B#25 = 393.939
ROUND 1280 A#29 and B#25 = 376.222
ROUND 1281 A#30 and B#25 = 385.321
ROUND 1282 A#31 and B#25 = 417.961
ROUND 1283 A#32 and B#25 = 423.695
ROUND 1284 A#33 and B#25 = 410.357
ROUND 1285 A#34 and B#25 = 434.203
ROUND 1286 A#35 and B#25 = 433.069
ROUND 1287 A#36 and B#25 = 365.127
ROUND 1288 A#37 and B#25 = 356.046
ROUND 1289 A#38 and B#25 = 372.596
ROUND 1290 A#39 and B#25 = 375.828
ROUND 1291 A#40 and B#25 = 413.175
ROUND 1292 A#41 and B#25 = 435.754
ROUND 1293 A#42 and B#25 = 417.887
ROUND 1294 A#43 and B#25 = 346.805
ROUND 1295 A#44 and B#25 = 425.617
ROUND 1296 A#45 and B#25 = 439.24
ROUND 1297 A#46 and B#25 = 389.269
ROUND 1298 A#47 and B#25 = 413.229
ROUND 1299 A#48 and B#25 = 413.712
ROUND 1300 A#49 and B#25 = 345.872
ROUND 1301 A#0 and B#26 = 409.809
ROUND 1302 A#1 and B#26 = 413.175
ROUND 1303 A#2 and B#26 = 379.405
ROUND 1304 A#3 and B#26 = 418.049
ROUND 1305 A#4 and B#26 = 396.611
ROUND 1306 A#5 and B#26 = 459.436
ROUND 1307 A#6 and B#26 = 366.889
ROUND 1308 A#7 and B#26 = 404.349
ROUND 1309 A#8 and B#26 = 415.048
ROUND 1310 A#9 and B#26 = 414.184
ROUND 1311 A#10 and B#26 = 465.811
ROUND 1312 A#11 and B#26 = 419.323
ROUND 1313 A#12 and B#26 = 414.256
ROUND 1314 A#13 and B#26 = 366.984
ROUND 1315 A#14 and B#26 = 375.084
ROUND 1316 A#15 and B#26 = 380.917
ROUND 1317 A#16 and B#26 = 386.944
ROUND 1318 A#17 and B#26 = 440.364
ROUND 1319 A#18 and B#26 = 438.083
ROUND 1320 A#19 and B#26 = 367.798
ROUND 1321 A#20 and B#26 = 349.051
ROUND 1322 A#21 and B#26 = 368.765
ROUND 1323 A#22 and B#26 = 369.102
ROUND 1324 A#23 and B#26 = 375.353
ROUND 1325 A#24 and B#26 = 380.065
ROUND 1326 A#25 and B#26 = 424.554
ROUND 1327 A#26 and B#26 = 436.201
ROUND 1328 A#27 and B#26 = 378.063
ROUND 1329 A#28 and B#26 = 415.61
ROUND 1330 A#29 and B#26 = 375.383
ROUND 1331 A#30 and B#26 = 446.95
ROUND 1332 A#31 and B#26 = 408.311
ROUND 1333 A#32 and B#26 = 380.78
ROUND 1334 A#33 and B#26 = 389.594
ROUND 1335 A#34 and B#26 = 453.985
ROUND 1336 A#35 and B#26 = 365.467
ROUND 1337 A#36 and B#26 = 403.151
ROUND 1338 A#37 and B#26 = 432.67
ROUND 1339 A#38 and B#26 = 408.653
ROUND 1340 A#39 and B#26 = 415.175
ROUND 1341 A#40 and B#26 = 411.273
ROUND 1342 A#41 and B#26 = 431.936
ROUND 1343 A#42 and B#26 = 452.912
ROUND 1344 A#43 and B#26 = 358.821
ROUND 1345 A#44 and B#26 = 408.741
ROUND 1346 A#45 and B#26 = 403.772
ROUND 1347 A#46 and B#26 = 454.256
ROUND 1348 A#47 and B#26 = 456.34
ROUND 1349 A#48 and B#26 = 390.34
ROUND 1350 A#49 and B#26 = 431.288
ROUND 1351 A#0 and B#27 = 417.565
ROUND 1352 A#1 and B#27 = 423.848
ROUND 1353 A#2 and B#27 = 419.6
ROUND 1354 A#3 and B#27 = 432.024
ROUND 1355 A#4 and B#27 = 400.564
ROUND 1356 A#5 and B#27 = 483.989
ROUND 1357 A#6 and B#27 = 441.834
ROUND 1358 A#7 and B#27 = 417.191
ROUND 1359 A#8 and B#27 = 447.609
ROUND 1360 A#9 and B#27 = 448.189
ROUND 1361 A#10 and B#27 = 476.514
ROUND 1362 A#11 and B#27 = 448.354
ROUND 1363 A#12 and B#27 = 399.109
ROUND 1364 A#13 and B#27 = 421.609
ROUND 1365 A#14 and B#27 = 480.161
ROUND 1366 A#15 and B#27 = 422.611
ROUND 1367 A#16 and B#27 = 477.219
ROUND 1368 A#17 and B#27 = 437.687
ROUND 1369 A#18 and B#27 = 449.452
ROUND 1370 A#19 and B#27 = 438.732
ROUND 1371 A#20 and B#27 = 442.035
ROUND 1372 A#21 and B#27 = 430.342
ROUND 1373 A#22 and B#27 = 471.88
ROUND 1374 A#23 and B#27 = 434.558
ROUND 1375 A#24 and B#27 = 436.379
ROUND 1376 A#25 and B#27 = 458.21
ROUND 1377 A#26 and B#27 = 468.776
ROUND 1378 A#27 and B#27 = 399.179
ROUND 1379 A#28 and B#27 = 377.857
ROUND 1380 A#29 and B#27 = 461.74
ROUND 1381 A#30 and B#27 = 463.989
ROUND 1382 A#31 and B#27 = 335.655
ROUND 1383 A#32 and B#27 = 455.793
ROUND 1384 A#33 and B#27 = 437.715
ROUND 1385 A#34 and B#27 = 490.664
ROUND 1386 A#35 and B#27 = 440.124
ROUND 1387 A#36 and B#27 = 468.04
ROUND 1388 A#37 and B#27 = 464.234
ROUND 1389 A#38 and B#27 = 427.239
ROUND 1390 A#39 and B#27 = 418.622
ROUND 1391 A#40 and B#27 = 424.189
ROUND 1392 A#41 and B#27 = 477.067
ROUND 1393 A#42 and B#27 = 373.835
ROUND 1394 A#43 and B#27 = 404.216
ROUND 1395 A#44 and B#27 = 427.51
ROUND 1396 A#45 and B#27 = 435.074
ROUND 1397 A#46 and B#27 = 326.925
ROUND 1398 A#47 and B#27 = 430.791
ROUND 1399 A#48 and B#27 = 429.714
ROUND 1400 A#49 and B#27 = 465.945
ROUND 1401 A#0 and B#28 = 443.806
ROUND 1402 A#1 and B#28 = 441.952
ROUND 1403 A#2 and B#28 = 423.257
ROUND 1404 A#3 and B#28 = 451.287
ROUND 1405 A#4 and B#28 = 374.601
ROUND 1406 A#5 and B#28 = 453.873
ROUND 1407 A#6 and B#28 = 389.517
ROUND 1408 A#7 and B#28 = 436.522
ROUND 1409 A#8 and B#28 = 426.321
ROUND 1410 A#9 and B#28 = 428.404
ROUND 1411 A#10 and B#28 = 450.323
ROUND 1412 A#11 and B#28 = 451.603
ROUND 1413 A#12 and B#28 = 445.516
ROUND 1414 A#13 and B#28 = 430.389
ROUND 1415 A#14 and B#28 = 462.161
ROUND 1416 A#15 and B#28 = 423.584
ROUND 1417 A#16 and B#28 = 467.37
ROUND 1418 A#17 and B#28 = 389.334
ROUND 1419 A#18 and B#28 = 454.928
ROUND 1420 A#19 and B#28 = 427.919
ROUND 1421 A#20 and B#28 = 394.347
ROUND 1422 A#21 and B#28 = 427.901
ROUND 1423 A#22 and B#28 = 467.55
ROUND 1424 A#23 and B#28 = 481.47
ROUND 1425 A#24 and B#28 = 482.889
ROUND 1426 A#25 and B#28 = 456.813
ROUND 1427 A#26 and B#28 = 459.227
ROUND 1428 A#27 and B#28 = 415.266
ROUND 1429 A#28 and B#28 = 376.175
ROUND 1430 A#29 and B#28 = 415.271
ROUND 1431 A#30 and B#28 = 422.202
ROUND 1432 A#31 and B#28 = 447.535
ROUND 1433 A#32 and B#28 = 358.387
ROUND 1434 A#33 and B#28 = 362.264
ROUND 1435 A#34 and B#28 = 404.483
ROUND 1436 A#35 and B#28 = 406.561
ROUND 1437 A#36 and B#28 = 485.038
ROUND 1438 A#37 and B#28 = 457.106
ROUND 1439 A#38 and B#28 = 483.938
ROUND 1440 A#39 and B#28 = 405.488
ROUND 1441 A#40 and B#28 = 423.911
ROUND 1442 A#41 and B#28 = 375.859
ROUND 1443 A#42 and B#28 = 461.063
ROUND 1444 A#43 and B#28 = 398.188
ROUND 1445 A#44 and B#28 = 396.396
ROUND 1446 A#45 and B#28 = 403.523
ROUND 1447 A#46 and B#28 = 428.873
ROUND 1448 A#47 and B#28 = 452.089
ROUND 1449 A#48 and B#28 = 454.062
ROUND 1450 A#49 and B#28 = 472.704
ROUND 1451 A#0 and B#29 = 453.7
ROUND 1452 A#1 and B#29 = 452.476
ROUND 1453 A#2 and B#29 = 458.36
ROUND 1454 A#3 and B#29 = 384.503
ROUND 1455 A#4 and B#29 = 400.727
ROUND 1456 A#5 and B#29 = 403.457
ROUND 1457 A#6 and B#29 = 390.184
ROUND 1458 A#7 and B#29 = 440.198
ROUND 1459 A#8 and B#29 = 441.19
ROUND 1460 A#9 and B#29 = 440.422
ROUND 1461 A#10 and B#29 = 387.975
ROUND 1462 A#11 and B#29 = 380.137
ROUND 1463 A#12 and B#29 = 421.706
ROUND 1464 A#13 and B#29 = 448.345
ROUND 1465 A#14 and B#29 = 475.81
ROUND 1466 A#15 and B#29 = 410.708
ROUND 1467 A#16 and B#29 = 451.192
ROUND 1468 A#17 and B#29 = 389.45
ROUND 1469 A#18 and B#29 = 360.531
ROUND 1470 A#19 and B#29 = 465.881
ROUND 1471 A#20 and B#29 = 367.354
ROUND 1472 A#21 and B#29 = 464.29
ROUND 1473 A#22 and B#29 = 474.321
ROUND 1474 A#23 and B#29 = 488.373
ROUND 1475 A#24 and B#29 = 497.474
ROUND 1476 A#25 and B#29 = 368.349
ROUND 1477 A#26 and B#29 = 364.913
ROUND 1478 A#27 and B#29 = 450.615
ROUND 1479 A#28 and B#29 = 371.99
ROUND 1480 A#29 and B#29 = 461.933
ROUND 1481 A#30 and B#29 = 470.021
ROUND 1482 A#31 and B#29 = 424.273
ROUND 1483 A#32 and B#29 = 418.343
ROUND 1484 A#33 and B#29 = 422.128
ROUND 1485 A#34 and B#29 = 392.591
ROUND 1486 A#35 and B#29 = 410
ROUND 1487 A#36 and B#29 = 503.872
ROUND 1488 A#37 and B#29 = 369.59
ROUND 1489 A#38 and B#29 = 499.235
ROUND 1490 A#39 and B#29 = 459.335
ROUND 1491 A#40 and B#29 = 462.978
ROUND 1492 A#41 and B#29 = 437.406
ROUND 1493 A#42 and B#29 = 423.808
ROUND 1494 A#43 and B#29 = 391.887
ROUND 1495 A#44 and B#29 = 394.223
ROUND 1496 A#45 and B#29 = 397.425
ROUND 1497 A#46 and B#29 = 436.988
ROUND 1498 A#47 and B#29 = 394.325
ROUND 1499 A#48 and B#29 = 395.367
ROUND 1500 A#49 and B#29 = 375.228
ROUND 1501 A#0 and B#30 = 408.747
ROUND 1502 A#1 and B#30 = 457.71
ROUND 1503 A#2 and B#30 = 407.356
ROUND 1504 A#3 and B#30 = 400.149
ROUND 1505 A#4 and B#30 = 424.18
ROUND 1506 A#5 and B#30 = 408.16
ROUND 1507 A#6 and B#30 = 394.024
ROUND 1508 A#7 and B#30 = 449.387
ROUND 1509 A#8 and B#30 = 454.758
ROUND 1510 A#9 and B#30 = 453.37
ROUND 1511 A#10 and B#30 = 399.246
ROUND 1512 A#11 and B#30 = 377.842
ROUND 1513 A#12 and B#30 = 435.559
ROUND 1514 A#13 and B#30 = 390.499
ROUND 1515 A#14 and B#30 = 465.04
ROUND 1516 A#15 and B#30 = 397.162
ROUND 1517 A#16 and B#30 = 441.608
ROUND 1518 A#17 and B#30 = 403.458
ROUND 1519 A#18 and B#30 = 388.848
ROUND 1520 A#19 and B#30 = 408.751
ROUND 1521 A#20 and B#30 = 381.799
ROUND 1522 A#21 and B#30 = 410.923
ROUND 1523 A#22 and B#30 = 450.449
ROUND 1524 A#23 and B#30 = 417.352
ROUND 1525 A#24 and B#30 = 430.768
ROUND 1526 A#25 and B#30 = 395.182
ROUND 1527 A#26 and B#30 = 386.368
ROUND 1528 A#27 and B#30 = 402.168
ROUND 1529 A#28 and B#30 = 432.098
ROUND 1530 A#29 and B#30 = 408.737
ROUND 1531 A#30 and B#30 = 437.437
ROUND 1532 A#31 and B#30 = 436.795
ROUND 1533 A#32 and B#30 = 413.13
ROUND 1534 A#33 and B#30 = 412.372
ROUND 1535 A#34 and B#30 = 399.537
ROUND 1536 A#35 and B#30 = 475.412
ROUND 1537 A#36 and B#30 = 387.787
ROUND 1538 A#37 and B#30 = 386.225
ROUND 1539 A#38 and B#30 = 397.007
ROUND 1540 A#39 and B#30 = 409.357
ROUND 1541 A#40 and B#30 = 430.707
ROUND 1542 A#41 and B#30 = 430.493
ROUND 1543 A#42 and B#30 = 440.993
ROUND 1544 A#43 and B#30 = 377.612
ROUND 1545 A#44 and B#30 = 426.421
ROUND 1546 A#45 and B#30 = 428.414
ROUND 1547 A#46 and B#30 = 422.718
ROUND 1548 A#47 and B#30 = 438.083
ROUND 1549 A#48 and B#30 = 438.886
ROUND 1550 A#49 and B#30 = 384.969
ROUND 1551 A#0 and B#31 = 369.125
ROUND 1552 A#1 and B#31 = 371.884
ROUND 1553 A#2 and B#31 = 421.918
ROUND 1554 A#3 and B#31 = 445.571
ROUND 1555 A#4 and B#31 = 433.175
ROUND 1556 A#5 and B#31 = 415.575
ROUND 1557 A#6 and B#31 = 408.347
ROUND 1558 A#7 and B#31 = 383.363
ROUND 1559 A#8 and B#31 = 392.645
ROUND 1560 A#9 and B#31 = 390.714
ROUND 1561 A#10 and B#31 = 447.828
ROUND 1562 A#11 and B#31 = 419.568
ROUND 1563 A#12 and B#31 = 410.382
ROUND 1564 A#13 and B#31 = 414.39
ROUND 1565 A#14 and B#31 = 389.739
ROUND 1566 A#15 and B#31 = 393.987
ROUND 1567 A#16 and B#31 = 345.606
ROUND 1568 A#17 and B#31 = 462.382
ROUND 1569 A#18 and B#31 = 403.261
ROUND 1570 A#19 and B#31 = 367.149
ROUND 1571 A#20 and B#31 = 425.798
ROUND 1572 A#21 and B#31 = 368.714
ROUND 1573 A#22 and B#31 = 379.661
ROUND 1574 A#23 and B#31 = 361.771
ROUND 1575 A#24 and B#31 = 378.452
ROUND 1576 A#25 and B#31 = 411.098
ROUND 1577 A#26 and B#31 = 412.993
ROUND 1578 A#27 and B#31 = 377.848
ROUND 1579 A#28 and B#31 = 444.359
ROUND 1580 A#29 and B#31 = 408.227
ROUND 1581 A#30 and B#31 = 410.736
ROUND 1582 A#31 and B#31 = 412.754
ROUND 1583 A#32 and B#31 = 428.332
ROUND 1584 A#33 and B#31 = 406.331
ROUND 1585 A#34 and B#31 = 434.591
ROUND 1586 A#35 and B#31 = 380.011
ROUND 1587 A#36 and B#31 = 386.718
ROUND 1588 A#37 and B#31 = 419.6
ROUND 1589 A#38 and B#31 = 377.42
ROUND 1590 A#39 and B#31 = 399.854
ROUND 1591 A#40 and B#31 = 393.048
ROUND 1592 A#41 and B#31 = 428.031
ROUND 1593 A#42 and B#31 = 455.885
ROUND 1594 A#43 and B#31 = 393.288
ROUND 1595 A#44 and B#31 = 428.345
ROUND 1596 A#45 and B#31 = 447.416
ROUND 1597 A#46 and B#31 = 388.482
ROUND 1598 A#47 and B#31 = 417.505
ROUND 1599 A#48 and B#31 = 414.561
ROUND 1600 A#49 and B#31 = 392.954
ROUND 1601 A#0 and B#32 = 457.241
ROUND 1602 A#1 and B#32 = 458.869
ROUND 1603 A#2 and B#32 = 408.742
ROUND 1604 A#3 and B#32 = 400.046
ROUND 1605 A#4 and B#32 = 424.364
ROUND 1606 A#5 and B#32 = 409.068
ROUND 1607 A#6 and B#32 = 393.726
ROUND 1608 A#7 and B#32 = 450.08
ROUND 1609 A#8 and B#32 = 454.606
ROUND 1610 A#9 and B#32 = 453.301
ROUND 1611 A#10 and B#32 = 399.084
ROUND 1612 A#11 and B#32 = 378.651
ROUND 1613 A#12 and B#32 = 436.176
ROUND 1614 A#13 and B#32 = 390.676
ROUND 1615 A#14 and B#32 = 464.822
ROUND 1616 A#15 and B#32 = 396.927
ROUND 1617 A#16 and B#32 = 441.629
ROUND 1618 A#17 and B#32 = 403.262
ROUND 1619 A#18 and B#32 = 388.044
ROUND 1620 A#19 and B#32 = 410.251
ROUND 1621 A#20 and B#32 = 381.373
ROUND 1622 A#21 and B#32 = 412.424
ROUND 1623 A#22 and B#32 = 450.677
ROUND 1624 A#23 and B#32 = 418.38
ROUND 1625 A#24 and B#32 = 431.857
ROUND 1626 A#25 and B#32 = 395.379
ROUND 1627 A#26 and B#32 = 386.207
ROUND 1628 A#27 and B#32 = 402.445
ROUND 1629 A#28 and B#32 = 431.301
ROUND 1630 A#29 and B#32 = 408.595
ROUND 1631 A#30 and B#32 = 437.804
ROUND 1632 A#31 and B#32 = 437.419
ROUND 1633 A#32 and B#32 = 412.767
ROUND 1634 A#33 and B#32 = 412.017
ROUND 1635 A#34 and B#32 = 401.172
ROUND 1636 A#35 and B#32 = 475.431
ROUND 1637 A#36 and B#32 = 387.96
ROUND 1638 A#37 and B#32 = 386.338
ROUND 1639 A#38 and B#32 = 397.842
ROUND 1640 A#39 and B#32 = 409.327
ROUND 1641 A#40 and B#32 = 431.08
ROUND 1642 A#41 and B#32 = 429.592
ROUND 1643 A#42 and B#32 = 440.986
ROUND 1644 A#43 and B#32 = 377.246
ROUND 1645 A#44 and B#32 = 426.259
ROUND 1646 A#45 and B#32 = 428.285
ROUND 1647 A#46 and B#32 = 421.447
ROUND 1648 A#47 and B#32 = 438.668
ROUND 1649 A#48 and B#32 = 439.138
ROUND 1650 A#49 and B#32 = 385.193
ROUND 1651 A#0 and B#33 = 370.754
ROUND 1652 A#1 and B#33 = 373.12
ROUND 1653 A#2 and B#33 = 417.261
ROUND 1654 A#3 and B#33 = 444.9
ROUND 1655 A#4 and B#33 = 426.648
ROUND 1656 A#5 and B#33 = 421.36
ROUND 1657 A#6 and B#33 = 401.934
ROUND 1658 A#7 and B#33 = 382.279
ROUND 1659 A#8 and B#33 = 392.91
ROUND 1660 A#9 and B#33 = 390.417
ROUND 1661 A#10 and B#33 = 447.886
ROUND 1662 A#11 and B#33 = 418.796
ROUND 1663 A#12 and B#33 = 405.735
ROUND 1664 A#13 and B#33 = 415.675
ROUND 1665 A#14 and B#33 = 385.817
ROUND 1666 A#15 and B#33 = 434.072
ROUND 1667 A#16 and B#33 = 346.447
ROUND 1668 A#17 and B#33 = 458.686
ROUND 1669 A#18 and B#33 = 378.391
ROUND 1670 A#19 and B#33 = 361.588
ROUND 1671 A#20 and B#33 = 422.277
ROUND 1672 A#21 and B#33 = 363.662
ROUND 1673 A#22 and B#33 = 373.449
ROUND 1674 A#23 and B#33 = 374.744
ROUND 1675 A#24 and B#33 = 375.714
ROUND 1676 A#25 and B#33 = 408.231
ROUND 1677 A#26 and B#33 = 381.014
ROUND 1678 A#27 and B#33 = 375.884
ROUND 1679 A#28 and B#33 = 436.699
ROUND 1680 A#29 and B#33 = 405.12
ROUND 1681 A#30 and B#33 = 368.03
ROUND 1682 A#31 and B#33 = 410.922
ROUND 1683 A#32 and B#33 = 423.721
ROUND 1684 A#33 and B#33 = 401.629
ROUND 1685 A#34 and B#33 = 432.53
ROUND 1686 A#35 and B#33 = 374.489
ROUND 1687 A#36 and B#33 = 378.218
ROUND 1688 A#37 and B#33 = 393.25
ROUND 1689 A#38 and B#33 = 381.047
ROUND 1690 A#39 and B#33 = 398.184
ROUND 1691 A#40 and B#33 = 386.45
ROUND 1692 A#41 and B#33 = 421.077
ROUND 1693 A#42 and B#33 = 449.44
ROUND 1694 A#43 and B#33 = 345.873
ROUND 1695 A#44 and B#33 = 425.159
ROUND 1696 A#45 and B#33 = 441.317
ROUND 1697 A#46 and B#33 = 384.047
ROUND 1698 A#47 and B#33 = 419.825
ROUND 1699 A#48 and B#33 = 417.956
ROUND 1700 A#49 and B#33 = 390.204
ROUND 1701 A#0 and B#34 = 409.02
ROUND 1702 A#1 and B#34 = 409.523
ROUND 1703 A#2 and B#34 = 360.834
ROUND 1704 A#3 and B#34 = 433.956
ROUND 1705 A#4 and B#34 = 381.724
ROUND 1706 A#5 and B#34 = 423.696
ROUND 1707 A#6 and B#34 = 378.503
ROUND 1708 A#7 and B#34 = 382.536
ROUND 1709 A#8 and B#34 = 373.929
ROUND 1710 A#9 and B#34 = 371.167
ROUND 1711 A#10 and B#34 = 456.754
ROUND 1712 A#11 and B#34 = 413.988
ROUND 1713 A#12 and B#34 = 415.717
ROUND 1714 A#13 and B#34 = 366.829
ROUND 1715 A#14 and B#34 = 374.93
ROUND 1716 A#15 and B#34 = 399.102
ROUND 1717 A#16 and B#34 = 359.879
ROUND 1718 A#17 and B#34 = 455.072
ROUND 1719 A#18 and B#34 = 425.923
ROUND 1720 A#19 and B#34 = 360.944
ROUND 1721 A#20 and B#34 = 367.832
ROUND 1722 A#21 and B#34 = 364.339
ROUND 1723 A#22 and B#34 = 369.166
ROUND 1724 A#23 and B#34 = 361.056
ROUND 1725 A#24 and B#34 = 366.787
ROUND 1726 A#25 and B#34 = 428.169
ROUND 1727 A#26 and B#34 = 426.583
ROUND 1728 A#27 and B#34 = 368.368
ROUND 1729 A#28 and B#34 = 400.186
ROUND 1730 A#29 and B#34 = 373.021
ROUND 1731 A#30 and B#34 = 410.333
ROUND 1732 A#31 and B#34 = 413.753
ROUND 1733 A#32 and B#34 = 400.703
ROUND 1734 A#33 and B#34 = 398.428
ROUND 1735 A#34 and B#34 = 426.579
ROUND 1736 A#35 and B#34 = 382.179
ROUND 1737 A#36 and B#34 = 386.476
ROUND 1738 A#37 and B#34 = 443.847
ROUND 1739 A#38 and B#34 = 395.132
ROUND 1740 A#39 and B#34 = 406.977
ROUND 1741 A#40 and B#34 = 389.242
ROUND 1742 A#41 and B#34 = 432.573
ROUND 1743 A#42 and B#34 = 452.417
ROUND 1744 A#43 and B#34 = 381.129
ROUND 1745 A#44 and B#34 = 416.174
ROUND 1746 A#45 and B#34 = 415.358
ROUND 1747 A#46 and B#34 = 452.8
ROUND 1748 A#47 and B#34 = 366.751
ROUND 1749 A#48 and B#34 = 366.239
ROUND 1750 A#49 and B#34 = 410.695
ROUND 1751 A#0 and B#35 = 365.848
ROUND 1752 A#1 and B#35 = 365.18
ROUND 1753 A#2 and B#35 = 395.02
ROUND 1754 A#3 and B#35 = 479.789
ROUND 1755 A#4 and B#35 = 386.871
ROUND 1756 A#5 and B#35 = 418.588
ROUND 1757 A#6 and B#35 = 437.078
ROUND 1758 A#7 and B#35 = 435.043
ROUND 1759 A#8 and B#35 = 429.332
ROUND 1760 A#9 and B#35 = 428.174
ROUND 1761 A#10 and B#35 = 478.693
ROUND 1762 A#11 and B#35 = 450.574
ROUND 1763 A#12 and B#35 = 441.502
ROUND 1764 A#13 and B#35 = 421.084
ROUND 1765 A#14 and B#35 = 489.241
ROUND 1766 A#15 and B#35 = 440.214
ROUND 1767 A#16 and B#35 = 421.626
ROUND 1768 A#17 and B#35 = 469.093
ROUND 1769 A#18 and B#35 = 362.56
ROUND 1770 A#19 and B#35 = 398.417
ROUND 1771 A#20 and B#35 = 461.697
ROUND 1772 A#21 and B#35 = 397.016
ROUND 1773 A#22 and B#35 = 415.94
ROUND 1774 A#23 and B#35 = 398.189
ROUND 1775 A#24 and B#35 = 399.471
ROUND 1776 A#25 and B#35 = 457.981
ROUND 1777 A#26 and B#35 = 361.235
ROUND 1778 A#27 and B#35 = 393.183
ROUND 1779 A#28 and B#35 = 465.952
ROUND 1780 A#29 and B#35 = 385.846
ROUND 1781 A#30 and B#35 = 429.79
ROUND 1782 A#31 and B#35 = 426.809
ROUND 1783 A#32 and B#35 = 434.884
ROUND 1784 A#33 and B#35 = 373.999
ROUND 1785 A#34 and B#35 = 473.45
ROUND 1786 A#35 and B#35 = 368.39
ROUND 1787 A#36 and B#35 = 382.048
ROUND 1788 A#37 and B#35 = 368.494
ROUND 1789 A#38 and B#35 = 391.575
ROUND 1790 A#39 and B#35 = 431.823
ROUND 1791 A#40 and B#35 = 431.325
ROUND 1792 A#41 and B#35 = 443.629
ROUND 1793 A#42 and B#35 = 470.709
ROUND 1794 A#43 and B#35 = 390.085
ROUND 1795 A#44 and B#35 = 448.447
ROUND 1796 A#45 and B#35 = 458.381
ROUND 1797 A#46 and B#35 = 353.926
ROUND 1798 A#47 and B#35 = 414.436
ROUND 1799 A#48 and B#35 = 408.611
ROUND 1800 A#49 and B#35 = 366.174
ROUND 1801 A#0 and B#36 = 424.592
ROUND 1802 A#1 and B#36 = 423.178
ROUND 1803 A#2 and B#36 = 406.851
ROUND 1804 A#3 and B#36 = 448.379
ROUND 1805 A#4 and B#36 = 444.821
ROUND 1806 A#5 and B#36 = 477.113
ROUND 1807 A#6 and B#36 = 451.437
ROUND 1808 A#7 and B#36 = 394.154
ROUND 1809 A#8 and B#36 = 396.504
ROUND 1810 A#9 and B#36 = 397.672
ROUND 1811 A#10 and B#36 = 451.158
ROUND 1812 A#11 and B#36 = 413.515
ROUND 1813 A#12 and B#36 = 465.248
ROUND 1814 A#13 and B#36 = 421.737
ROUND 1815 A#14 and B#36 = 391.816
ROUND 1816 A#15 and B#36 = 429.307
ROUND 1817 A#16 and B#36 = 397.737
ROUND 1818 A#17 and B#36 = 404.529
ROUND 1819 A#18 and B#36 = 399.063
ROUND 1820 A#19 and B#36 = 406.911
ROUND 1821 A#20 and B#36 = 416.106
ROUND 1822 A#21 and B#36 = 405.705
ROUND 1823 A#22 and B#36 = 396.374
ROUND 1824 A#23 and B#36 = 404.385
ROUND 1825 A#24 and B#36 = 409.885
ROUND 1826 A#25 and B#36 = 459.633
ROUND 1827 A#26 and B#36 = 394.281
ROUND 1828 A#27 and B#36 = 426.872
ROUND 1829 A#28 and B#36 = 405.269
ROUND 1830 A#29 and B#36 = 381.222
ROUND 1831 A#30 and B#36 = 393.282
ROUND 1832 A#31 and B#36 = 470.316
ROUND 1833 A#32 and B#36 = 378.186
ROUND 1834 A#33 and B#36 = 378.217
ROUND 1835 A#34 and B#36 = 396.673
ROUND 1836 A#35 and B#36 = 374.702
ROUND 1837 A#36 and B#36 = 392.873
ROUND 1838 A#37 and B#36 = 394.479
ROUND 1839 A#38 and B#36 = 398.955
ROUND 1840 A#39 and B#36 = 423.535
ROUND 1841 A#40 and B#36 = 419.875
ROUND 1842 A#41 and B#36 = 392.319
ROUND 1843 A#42 and B#36 = 482.294
ROUND 1844 A#43 and B#36 = 420.114
ROUND 1845 A#44 and B#36 = 394.966
ROUND 1846 A#45 and B#36 = 402.823
ROUND 1847 A#46 and B#36 = 411.581
ROUND 1848 A#47 and B#36 = 448.433
ROUND 1849 A#48 and B#36 = 451.449
ROUND 1850 A#49 and B#36 = 413.144
ROUND 1851 A#0 and B#37 = 395.492
ROUND 1852 A#1 and B#37 = 396.613
ROUND 1853 A#2 and B#37 = 381.334
ROUND 1854 A#3 and B#37 = 450.869
ROUND 1855 A#4 and B#37 = 379.269
ROUND 1856 A#5 and B#37 = 420.339
ROUND 1857 A#6 and B#37 = 364.889
ROUND 1858 A#7 and B#37 = 405.669
ROUND 1859 A#8 and B#37 = 391.098
ROUND 1860 A#9 and B#37 = 392.555
ROUND 1861 A#10 and B#37 = 443.323
ROUND 1862 A#11 and B#37 = 438.097
ROUND 1863 A#12 and B#37 = 413.492
ROUND 1864 A#13 and B#37 = 391.491
ROUND 1865 A#14 and B#37 = 347.817
ROUND 1866 A#15 and B#37 = 405.813
ROUND 1867 A#16 and B#37 = 353.364
ROUND 1868 A#17 and B#37 = 402.145
ROUND 1869 A#18 and B#37 = 410.367
ROUND 1870 A#19 and B#37 = 373.527
ROUND 1871 A#20 and B#37 = 433.039
ROUND 1872 A#21 and B#37 = 375.922
ROUND 1873 A#22 and B#37 = 352.161
ROUND 1874 A#23 and B#37 = 371.072
ROUND 1875 A#24 and B#37 = 372.2
ROUND 1876 A#25 and B#37 = 437.531
ROUND 1877 A#26 and B#37 = 418.449
ROUND 1878 A#27 and B#37 = 344.018
ROUND 1879 A#28 and B#37 = 404.649
ROUND 1880 A#29 and B#37 = 360.826
ROUND 1881 A#30 and B#37 = 391.678
ROUND 1882 A#31 and B#37 = 412.593
ROUND 1883 A#32 and B#37 = 388.449
ROUND 1884 A#33 and B#37 = 372.233
ROUND 1885 A#34 and B#37 = 424.021
ROUND 1886 A#35 and B#37 = 395.564
ROUND 1887 A#36 and B#37 = 380.173
ROUND 1888 A#37 and B#37 = 385.755
ROUND 1889 A#38 and B#37 = 386.02
ROUND 1890 A#39 and B#37 = 410.213
ROUND 1891 A#40 and B#37 = 393.122
ROUND 1892 A#41 and B#37 = 392.278
ROUND 1893 A#42 and B#37 = 425.124
ROUND 1894 A#43 and B#37 = 360.051
ROUND 1895 A#44 and B#37 = 420.697
ROUND 1896 A#45 and B#37 = 416.203
ROUND 1897 A#46 and B#37 = 401.832
ROUND 1898 A#47 and B#37 = 357.759
ROUND 1899 A#48 and B#37 = 356.2
ROUND 1900 A#49 and B#37 = 381.669
ROUND 1901 A#0 and B#38 = 409.268
ROUND 1902 A#1 and B#38 = 458.177
ROUND 1903 A#2 and B#38 = 408.252
ROUND 1904 A#3 and B#38 = 399.864
ROUND 1905 A#4 and B#38 = 424.528
ROUND 1906 A#5 and B#38 = 407.754
ROUND 1907 A#6 and B#38 = 393.804
ROUND 1908 A#7 and B#38 = 449.949
ROUND 1909 A#8 and B#38 = 455.141
ROUND 1910 A#9 and B#38 = 453.809
ROUND 1911 A#10 and B#38 = 399.024
ROUND 1912 A#11 and B#38 = 378.354
ROUND 1913 A#12 and B#38 = 436.037
ROUND 1914 A#13 and B#38 = 390.715
ROUND 1915 A#14 and B#38 = 465.082
ROUND 1916 A#15 and B#38 = 397.026
ROUND 1917 A#16 and B#38 = 441.975
ROUND 1918 A#17 and B#38 = 403.12
ROUND 1919 A#18 and B#38 = 388.724
ROUND 1920 A#19 and B#38 = 409.686
ROUND 1921 A#20 and B#38 = 381.85
ROUND 1922 A#21 and B#38 = 411.885
ROUND 1923 A#22 and B#38 = 450.809
ROUND 1924 A#23 and B#38 = 418.206
ROUND 1925 A#24 and B#38 = 431.703
ROUND 1926 A#25 and B#38 = 395.003
ROUND 1927 A#26 and B#38 = 386.233
ROUND 1928 A#27 and B#38 = 401.835
ROUND 1929 A#28 and B#38 = 432.209
ROUND 1930 A#29 and B#38 = 408.95
ROUND 1931 A#30 and B#38 = 437.6
ROUND 1932 A#31 and B#38 = 437.346
ROUND 1933 A#32 and B#38 = 412.665
ROUND 1934 A#33 and B#38 = 411.986
ROUND 1935 A#34 and B#38 = 399.203
ROUND 1936 A#35 and B#38 = 475.623
ROUND 1937 A#36 and B#38 = 388.524
ROUND 1938 A#37 and B#38 = 386.085
ROUND 1939 A#38 and B#38 = 397.873
ROUND 1940 A#39 and B#38 = 409.622
ROUND 1941 A#40 and B#38 = 431.509
ROUND 1942 A#41 and B#38 = 430.386
ROUND 1943 A#42 and B#38 = 441.292
ROUND 1944 A#43 and B#38 = 377.452
ROUND 1945 A#44 and B#38 = 426.722
ROUND 1946 A#45 and B#38 = 428.725
ROUND 1947 A#46 and B#38 = 422.518
ROUND 1948 A#47 and B#38 = 438.493
ROUND 1949 A#48 and B#38 = 439.331
ROUND 1950 A#49 and B#38 = 384.676
ROUND 1951 A#0 and B#39 = 377.415
ROUND 1952 A#1 and B#39 = 377.867
ROUND 1953 A#2 and B#39 = 451.117
ROUND 1954 A#3 and B#39 = 458.199
ROUND 1955 A#4 and B#39 = 444.203
ROUND 1956 A#5 and B#39 = 426.641
ROUND 1957 A#6 and B#39 = 385.994
ROUND 1958 A#7 and B#39 = 409.314
ROUND 1959 A#8 and B#39 = 391.91
ROUND 1960 A#9 and B#39 = 390.742
ROUND 1961 A#10 and B#39 = 450.64
ROUND 1962 A#11 and B#39 = 397.152
ROUND 1963 A#12 and B#39 = 389.254
ROUND 1964 A#13 and B#39 = 412.561
ROUND 1965 A#14 and B#39 = 348.354
ROUND 1966 A#15 and B#39 = 422.453
ROUND 1967 A#16 and B#39 = 347.749
ROUND 1968 A#17 and B#39 = 416.51
ROUND 1969 A#18 and B#39 = 379.326
ROUND 1970 A#19 and B#39 = 369.281
ROUND 1971 A#20 and B#39 = 453.069
ROUND 1972 A#21 and B#39 = 371.067
ROUND 1973 A#22 and B#39 = 344.229
ROUND 1974 A#23 and B#39 = 366.419
ROUND 1975 A#24 and B#39 = 366.368
ROUND 1976 A#25 and B#39 = 416.457
ROUND 1977 A#26 and B#39 = 387.306
ROUND 1978 A#27 and B#39 = 374.673
ROUND 1979 A#28 and B#39 = 362.891
ROUND 1980 A#29 and B#39 = 384.549
ROUND 1981 A#30 and B#39 = 417.082
ROUND 1982 A#31 and B#39 = 414.584
ROUND 1983 A#32 and B#39 = 418.953
ROUND 1984 A#33 and B#39 = 405.912
ROUND 1985 A#34 and B#39 = 429.633
ROUND 1986 A#35 and B#39 = 444.568
ROUND 1987 A#36 and B#39 = 370.936
ROUND 1988 A#37 and B#39 = 354.651
ROUND 1989 A#38 and B#39 = 378.425
ROUND 1990 A#39 and B#39 = 395.34
ROUND 1991 A#40 and B#39 = 381.825
ROUND 1992 A#41 and B#39 = 420.628
ROUND 1993 A#42 and B#39 = 419.866
ROUND 1994 A#43 and B#39 = 348.588
ROUND 1995 A#44 and B#39 = 423.745
ROUND 1996 A#45 and B#39 = 437.532
ROUND 1997 A#46 and B#39 = 382.239
ROUND 1998 A#47 and B#39 = 407.098
ROUND 1999 A#48 and B#39 = 407.224
ROUND 2000 A#49 and B#39 = 342.029
ROUND 2001 A#0 and B#40 = 365.565
ROUND 2002 A#1 and B#40 = 364.715
ROUND 2003 A#2 and B#40 = 394.855
ROUND 2004 A#3 and B#40 = 480.366
ROUND 2005 A#4 and B#40 = 386.491
ROUND 2006 A#5 and B#40 = 419.766
ROUND 2007 A#6 and B#40 = 438.102
ROUND 2008 A#7 and B#40 = 434.933
ROUND 2009 A#8 and B#40 = 431.259
ROUND 2010 A#9 and B#40 = 429.623
ROUND 2011 A#10 and B#40 = 478.576
ROUND 2012 A#11 and B#40 = 450.895
ROUND 2013 A#12 and B#40 = 441.441
ROUND 2014 A#13 and B#40 = 422.235
ROUND 2015 A#14 and B#40 = 489.348
ROUND 2016 A#15 and B#40 = 441.887
ROUND 2017 A#16 and B#40 = 420.754
ROUND 2018 A#17 and B#40 = 471.257
ROUND 2019 A#18 and B#40 = 363.352
ROUND 2020 A#19 and B#40 = 398.539
ROUND 2021 A#20 and B#40 = 461.872
ROUND 2022 A#21 and B#40 = 397.009
ROUND 2023 A#22 and B#40 = 417.536
ROUND 2024 A#23 and B#40 = 398.073
ROUND 2025 A#24 and B#40 = 399.351
ROUND 2026 A#25 and B#40 = 458.601
ROUND 2027 A#26 and B#40 = 361.455
ROUND 2028 A#27 and B#40 = 394.565
ROUND 2029 A#28 and B#40 = 466.38
ROUND 2030 A#29 and B#40 = 416.195
ROUND 2031 A#30 and B#40 = 429.108
ROUND 2032 A#31 and B#40 = 428.368
ROUND 2033 A#32 and B#40 = 436.473
ROUND 2034 A#33 and B#40 = 374.694
ROUND 2035 A#34 and B#40 = 474.215
ROUND 2036 A#35 and B#40 = 369.021
ROUND 2037 A#36 and B#40 = 381.964
ROUND 2038 A#37 and B#40 = 368.666
ROUND 2039 A#38 and B#40 = 391.225
ROUND 2040 A#39 and B#40 = 432.533
ROUND 2041 A#40 and B#40 = 430.855
ROUND 2042 A#41 and B#40 = 443.745
ROUND 2043 A#42 and B#40 = 470.576
ROUND 2044 A#43 and B#40 = 390.602
ROUND 2045 A#44 and B#40 = 449.834
ROUND 2046 A#45 and B#40 = 457.531
ROUND 2047 A#46 and B#40 = 353.707
ROUND 2048 A#47 and B#40 = 414.712
ROUND 2049 A#48 and B#40 = 409.151
ROUND 2050 A#49 and B#40 = 366.15
ROUND 2051 A#0 and B#41 = 445.851
ROUND 2052 A#1 and B#41 = 420.139
ROUND 2053 A#2 and B#41 = 344.047
ROUND 2054 A#3 and B#41 = 455.062
ROUND 2055 A#4 and B#41 = 454.492
ROUND 2056 A#5 and B#41 = 444.967
ROUND 2057 A#6 and B#41 = 389.902
ROUND 2058 A#7 and B#41 = 429.081
ROUND 2059 A#8 and B#41 = 410.122
ROUND 2060 A#9 and B#41 = 408.054
ROUND 2061 A#10 and B#41 = 459.811
ROUND 2062 A#11 and B#41 = 410.772
ROUND 2063 A#12 and B#41 = 400.308
ROUND 2064 A#13 and B#41 = 409.144
ROUND 2065 A#14 and B#41 = 366.908
ROUND 2066 A#15 and B#41 = 415.522
ROUND 2067 A#16 and B#41 = 366.815
ROUND 2068 A#17 and B#41 = 441.654
ROUND 2069 A#18 and B#41 = 432.237
ROUND 2070 A#19 and B#41 = 344.162
ROUND 2071 A#20 and B#41 = 436.281
ROUND 2072 A#21 and B#41 = 345.511
ROUND 2073 A#22 and B#41 = 352.668
ROUND 2074 A#23 and B#41 = 344.709
ROUND 2075 A#24 and B#41 = 376.54
ROUND 2076 A#25 and B#41 = 392.685
ROUND 2077 A#26 and B#41 = 432.206
ROUND 2078 A#27 and B#41 = 349.56
ROUND 2079 A#28 and B#41 = 368.189
ROUND 2080 A#29 and B#41 = 382.98
ROUND 2081 A#30 and B#41 = 369.521
ROUND 2082 A#31 and B#41 = 408.783
ROUND 2083 A#32 and B#41 = 364.972
ROUND 2084 A#33 and B#41 = 361.536
ROUND 2085 A#34 and B#41 = 436.647
ROUND 2086 A#35 and B#41 = 443.694
ROUND 2087 A#36 and B#41 = 389.517
ROUND 2088 A#37 and B#41 = 445.997
ROUND 2089 A#38 and B#41 = 369.901
ROUND 2090 A#39 and B#41 = 393.397
ROUND 2091 A#40 and B#41 = 410.692
ROUND 2092 A#41 and B#41 = 429.96
ROUND 2093 A#42 and B#41 = 451.074
ROUND 2094 A#43 and B#41 = 392.46
ROUND 2095 A#44 and B#41 = 424.405
ROUND 2096 A#45 and B#41 = 439.857
ROUND 2097 A#46 and B#41 = 428.202
ROUND 2098 A#47 and B#41 = 399.879
ROUND 2099 A#48 and B#41 = 400.151
ROUND 2100 A#49 and B#41 = 393.822
ROUND 2101 A#0 and B#42 = 377.396
ROUND 2102 A#1 and B#42 = 377.861
ROUND 2103 A#2 and B#42 = 450.792
ROUND 2104 A#3 and B#42 = 458.849
ROUND 2105 A#4 and B#42 = 445.581
ROUND 2106 A#5 and B#42 = 430.081
ROUND 2107 A#6 and B#42 = 386.273
ROUND 2108 A#7 and B#42 = 392.612
ROUND 2109 A#8 and B#42 = 391.46
ROUND 2110 A#9 and B#42 = 390.096
ROUND 2111 A#10 and B#42 = 450.818
ROUND 2112 A#11 and B#42 = 390.229
ROUND 2113 A#12 and B#42 = 403.776
ROUND 2114 A#13 and B#42 = 415.391
ROUND 2115 A#14 and B#42 = 351.433
ROUND 2116 A#15 and B#42 = 425.27
ROUND 2117 A#16 and B#42 = 347.518
ROUND 2118 A#17 and B#42 = 417.35
ROUND 2119 A#18 and B#42 = 381.26
ROUND 2120 A#19 and B#42 = 368.464
ROUND 2121 A#20 and B#42 = 460.404
ROUND 2122 A#21 and B#42 = 369.994
ROUND 2123 A#22 and B#42 = 343.504
ROUND 2124 A#23 and B#42 = 365.405
ROUND 2125 A#24 and B#42 = 364.751
ROUND 2126 A#25 and B#42 = 416.972
ROUND 2127 A#26 and B#42 = 389.034
ROUND 2128 A#27 and B#42 = 375.536
ROUND 2129 A#28 and B#42 = 363.625
ROUND 2130 A#29 and B#42 = 385.861
ROUND 2131 A#30 and B#42 = 417.988
ROUND 2132 A#31 and B#42 = 415.213
ROUND 2133 A#32 and B#42 = 422.008
ROUND 2134 A#33 and B#42 = 409.289
ROUND 2135 A#34 and B#42 = 432.14
ROUND 2136 A#35 and B#42 = 445.197
ROUND 2137 A#36 and B#42 = 372.738
ROUND 2138 A#37 and B#42 = 355.788
ROUND 2139 A#38 and B#42 = 380.336
ROUND 2140 A#39 and B#42 = 395.131
ROUND 2141 A#40 and B#42 = 370.593
ROUND 2142 A#41 and B#42 = 420.648
ROUND 2143 A#42 and B#42 = 418.417
ROUND 2144 A#43 and B#42 = 347.476
ROUND 2145 A#44 and B#42 = 423.997
ROUND 2146 A#45 and B#42 = 438.282
ROUND 2147 A#46 and B#42 = 384.342
ROUND 2148 A#47 and B#42 = 410.886
ROUND 2149 A#48 and B#42 = 410.892
ROUND 2150 A#49 and B#42 = 342.768
ROUND 2151 A#0 and B#43 = 418.849
ROUND 2152 A#1 and B#43 = 415.484
ROUND 2153 A#2 and B#43 = 355.793
ROUND 2154 A#3 and B#43 = 451.898
ROUND 2155 A#4 and B#43 = 447.994
ROUND 2156 A#5 and B#43 = 429.83
ROUND 2157 A#6 and B#43 = 388.001
ROUND 2158 A#7 and B#43 = 428.477
ROUND 2159 A#8 and B#43 = 411.145
ROUND 2160 A#9 and B#43 = 409.299
ROUND 2161 A#10 and B#43 = 456.058
ROUND 2162 A#11 and B#43 = 420.847
ROUND 2163 A#12 and B#43 = 404.055
ROUND 2164 A#13 and B#43 = 400.834
ROUND 2165 A#14 and B#43 = 369.277
ROUND 2166 A#15 and B#43 = 429.728
ROUND 2167 A#16 and B#43 = 368.392
ROUND 2168 A#17 and B#43 = 439.038
ROUND 2169 A#18 and B#43 = 398.904
ROUND 2170 A#19 and B#43 = 364.919
ROUND 2171 A#20 and B#43 = 444.094
ROUND 2172 A#21 and B#43 = 367.053
ROUND 2173 A#22 and B#43 = 369.378
ROUND 2174 A#23 and B#43 = 362.518
ROUND 2175 A#24 and B#43 = 366.153
ROUND 2176 A#25 and B#43 = 392.166
ROUND 2177 A#26 and B#43 = 403.761
ROUND 2178 A#27 and B#43 = 362.056
ROUND 2179 A#28 and B#43 = 419.213
ROUND 2180 A#29 and B#43 = 398.815
ROUND 2181 A#30 and B#43 = 350.638
ROUND 2182 A#31 and B#43 = 414.424
ROUND 2183 A#32 and B#43 = 406.928
ROUND 2184 A#33 and B#43 = 388.264
ROUND 2185 A#34 and B#43 = 432.771
ROUND 2186 A#35 and B#43 = 443.764
ROUND 2187 A#36 and B#43 = 387.572
ROUND 2188 A#37 and B#43 = 389.021
ROUND 2189 A#38 and B#43 = 384.221
ROUND 2190 A#39 and B#43 = 397.152
ROUND 2191 A#40 and B#43 = 387.694
ROUND 2192 A#41 and B#43 = 430.191
ROUND 2193 A#42 and B#43 = 449.475
ROUND 2194 A#43 and B#43 = 349.204
ROUND 2195 A#44 and B#43 = 424.086
ROUND 2196 A#45 and B#43 = 439.18
ROUND 2197 A#46 and B#43 = 374.656
ROUND 2198 A#47 and B#43 = 410.84
ROUND 2199 A#48 and B#43 = 410.562
ROUND 2200 A#49 and B#43 = 380.84
ROUND 2201 A#0 and B#44 = 405.617
ROUND 2202 A#1 and B#44 = 406.556
ROUND 2203 A#2 and B#44 = 364.329
ROUND 2204 A#3 and B#44 = 450.801
ROUND 2205 A#4 and B#44 = 379.63
ROUND 2206 A#5 and B#44 = 418.554
ROUND 2207 A#6 and B#44 = 364.261
ROUND 2208 A#7 and B#44 = 405.405
ROUND 2209 A#8 and B#44 = 384.516
ROUND 2210 A#9 and B#44 = 384.873
ROUND 2211 A#10 and B#44 = 454.579
ROUND 2212 A#11 and B#44 = 442.02
ROUND 2213 A#12 and B#44 = 413.087
ROUND 2214 A#13 and B#44 = 361.467
ROUND 2215 A#14 and B#44 = 375.131
ROUND 2216 A#15 and B#44 = 400.124
ROUND 2217 A#16 and B#44 = 355.283
ROUND 2218 A#17 and B#44 = 432.203
ROUND 2219 A#18 and B#44 = 421.811
ROUND 2220 A#19 and B#44 = 367.188
ROUND 2221 A#20 and B#44 = 417.868
ROUND 2222 A#21 and B#44 = 368.563
ROUND 2223 A#22 and B#44 = 358.54
ROUND 2224 A#23 and B#44 = 371.424
ROUND 2225 A#24 and B#44 = 380.021
ROUND 2226 A#25 and B#44 = 435.999
ROUND 2227 A#26 and B#44 = 431.565
ROUND 2228 A#27 and B#44 = 370.841
ROUND 2229 A#28 and B#44 = 396.497
ROUND 2230 A#29 and B#44 = 371.58
ROUND 2231 A#30 and B#44 = 405.815
ROUND 2232 A#31 and B#44 = 412.528
ROUND 2233 A#32 and B#44 = 382.668
ROUND 2234 A#33 and B#44 = 378.028
ROUND 2235 A#34 and B#44 = 422.708
ROUND 2236 A#35 and B#44 = 353.581
ROUND 2237 A#36 and B#44 = 388.57
ROUND 2238 A#37 and B#44 = 411.732
ROUND 2239 A#38 and B#44 = 396.606
ROUND 2240 A#39 and B#44 = 397.58
ROUND 2241 A#40 and B#44 = 383.575
ROUND 2242 A#41 and B#44 = 420.241
ROUND 2243 A#42 and B#44 = 447.975
ROUND 2244 A#43 and B#44 = 360.054
ROUND 2245 A#44 and B#44 = 418.838
ROUND 2246 A#45 and B#44 = 416.288
ROUND 2247 A#46 and B#44 = 437.571
ROUND 2248 A#47 and B#44 = 356.582
ROUND 2249 A#48 and B#44 = 355.136
ROUND 2250 A#49 and B#44 = 409.336
ROUND 2251 A#0 and B#45 = 404.363
ROUND 2252 A#1 and B#45 = 405.303
ROUND 2253 A#2 and B#45 = 359.092
ROUND 2254 A#3 and B#45 = 433.639
ROUND 2255 A#4 and B#45 = 378.54
ROUND 2256 A#5 and B#45 = 464.707
ROUND 2257 A#6 and B#45 = 380.43
ROUND 2258 A#7 and B#45 = 412.92
ROUND 2259 A#8 and B#45 = 375.406
ROUND 2260 A#9 and B#45 = 373.626
ROUND 2261 A#10 and B#45 = 432.255
ROUND 2262 A#11 and B#45 = 413.296
ROUND 2263 A#12 and B#45 = 412.83
ROUND 2264 A#13 and B#45 = 359.062
ROUND 2265 A#14 and B#45 = 368.326
ROUND 2266 A#15 and B#45 = 410.137
ROUND 2267 A#16 and B#45 = 364.421
ROUND 2268 A#17 and B#45 = 462.318
ROUND 2269 A#18 and B#45 = 447.046
ROUND 2270 A#19 and B#45 = 359.297
ROUND 2271 A#20 and B#45 = 367.595
ROUND 2272 A#21 and B#45 = 362.888
ROUND 2273 A#22 and B#45 = 365.88
ROUND 2274 A#23 and B#45 = 359.074
ROUND 2275 A#24 and B#45 = 365.329
ROUND 2276 A#25 and B#45 = 435.725
ROUND 2277 A#26 and B#45 = 445.397
ROUND 2278 A#27 and B#45 = 437.799
ROUND 2279 A#28 and B#45 = 399.587
ROUND 2280 A#29 and B#45 = 352.106
ROUND 2281 A#30 and B#45 = 410.636
ROUND 2282 A#31 and B#45 = 411.672
ROUND 2283 A#32 and B#45 = 353.547
ROUND 2284 A#33 and B#45 = 355.239
ROUND 2285 A#34 and B#45 = 469.851
ROUND 2286 A#35 and B#45 = 338.638
ROUND 2287 A#36 and B#45 = 386.24
ROUND 2288 A#37 and B#45 = 439.187
ROUND 2289 A#38 and B#45 = 393.685
ROUND 2290 A#39 and B#45 = 399.567
ROUND 2291 A#40 and B#45 = 386.664
ROUND 2292 A#41 and B#45 = 431.182
ROUND 2293 A#42 and B#45 = 450.226
ROUND 2294 A#43 and B#45 = 380.727
ROUND 2295 A#44 and B#45 = 417.118
ROUND 2296 A#45 and B#45 = 415.297
ROUND 2297 A#46 and B#45 = 445.807
ROUND 2298 A#47 and B#45 = 469.44
ROUND 2299 A#48 and B#45 = 465.238
ROUND 2300 A#49 and B#45 = 440.366
ROUND 2301 A#0 and B#46 = 452.543
ROUND 2302 A#1 and B#46 = 453.462
ROUND 2303 A#2 and B#46 = 426.546
ROUND 2304 A#3 and B#46 = 374.415
ROUND 2305 A#4 and B#46 = 430.939
ROUND 2306 A#5 and B#46 = 384.27
ROUND 2307 A#6 and B#46 = 383.897
ROUND 2308 A#7 and B#46 = 449.475
ROUND 2309 A#8 and B#46 = 444.328
ROUND 2310 A#9 and B#46 = 443.31
ROUND 2311 A#10 and B#46 = 432.343
ROUND 2312 A#11 and B#46 = 460.206
ROUND 2313 A#12 and B#46 = 404.07
ROUND 2314 A#13 and B#46 = 389.792
ROUND 2315 A#14 and B#46 = 464.531
ROUND 2316 A#15 and B#46 = 393.516
ROUND 2317 A#16 and B#46 = 450.01
ROUND 2318 A#17 and B#46 = 441.05
ROUND 2319 A#18 and B#46 = 376.029
ROUND 2320 A#19 and B#46 = 428.604
ROUND 2321 A#20 and B#46 = 381.565
ROUND 2322 A#21 and B#46 = 430.751
ROUND 2323 A#22 and B#46 = 450.448
ROUND 2324 A#23 and B#46 = 435.159
ROUND 2325 A#24 and B#46 = 448.802
ROUND 2326 A#25 and B#46 = 355.235
ROUND 2327 A#26 and B#46 = 371.701
ROUND 2328 A#27 and B#46 = 433.518
ROUND 2329 A#28 and B#46 = 422.487
ROUND 2330 A#29 and B#46 = 457.891
ROUND 2331 A#30 and B#46 = 457.214
ROUND 2332 A#31 and B#46 = 406.222
ROUND 2333 A#32 and B#46 = 386.372
ROUND 2334 A#33 and B#46 = 394.232
ROUND 2335 A#34 and B#46 = 381.286
ROUND 2336 A#35 and B#46 = 357.958
ROUND 2337 A#36 and B#46 = 402.746
ROUND 2338 A#37 and B#46 = 370.57
ROUND 2339 A#38 and B#46 = 407.341
ROUND 2340 A#39 and B#46 = 409.836
ROUND 2341 A#40 and B#46 = 432.495
ROUND 2342 A#41 and B#46 = 427.482
ROUND 2343 A#42 and B#46 = 437.395
ROUND 2344 A#43 and B#46 = 388.344
ROUND 2345 A#44 and B#46 = 427.642
ROUND 2346 A#45 and B#46 = 423.258
ROUND 2347 A#46 and B#46 = 420.78
ROUND 2348 A#47 and B#46 = 441.813
ROUND 2349 A#48 and B#46 = 442.453
ROUND 2350 A#49 and B#46 = 361.841
ROUND 2351 A#0 and B#47 = 410.293
ROUND 2352 A#1 and B#47 = 411.802
ROUND 2353 A#2 and B#47 = 390.308
ROUND 2354 A#3 and B#47 = 457.551
ROUND 2355 A#4 and B#47 = 386.615
ROUND 2356 A#5 and B#47 = 414.476
ROUND 2357 A#6 and B#47 = 365.303
ROUND 2358 A#7 and B#47 = 406.772
ROUND 2359 A#8 and B#47 = 409.383
ROUND 2360 A#9 and B#47 = 389.813
ROUND 2361 A#10 and B#47 = 447.004
ROUND 2362 A#11 and B#47 = 440.604
ROUND 2363 A#12 and B#47 = 415.734
ROUND 2364 A#13 and B#47 = 385.693
ROUND 2365 A#14 and B#47 = 346.634
ROUND 2366 A#15 and B#47 = 402.068
ROUND 2367 A#16 and B#47 = 371.141
ROUND 2368 A#17 and B#47 = 414.42
ROUND 2369 A#18 and B#47 = 420.812
ROUND 2370 A#19 and B#47 = 379.93
ROUND 2371 A#20 and B#47 = 431.01
ROUND 2372 A#21 and B#47 = 380.563
ROUND 2373 A#22 and B#47 = 355.548
ROUND 2374 A#23 and B#47 = 373.218
ROUND 2375 A#24 and B#47 = 371.136
ROUND 2376 A#25 and B#47 = 442.612
ROUND 2377 A#26 and B#47 = 428.933
ROUND 2378 A#27 and B#47 = 353.19
ROUND 2379 A#28 and B#47 = 395.363
ROUND 2380 A#29 and B#47 = 361.635
ROUND 2381 A#30 and B#47 = 393.008
ROUND 2382 A#31 and B#47 = 415.554
ROUND 2383 A#32 and B#47 = 404.308
ROUND 2384 A#33 and B#47 = 368.163
ROUND 2385 A#34 and B#47 = 419.203
ROUND 2386 A#35 and B#47 = 355.975
ROUND 2387 A#36 and B#47 = 382.82
ROUND 2388 A#37 and B#47 = 395.6
ROUND 2389 A#38 and B#47 = 383.399
ROUND 2390 A#39 and B#47 = 403.882
ROUND 2391 A#40 and B#47 = 381.299
ROUND 2392 A#41 and B#47 = 393.286
ROUND 2393 A#42 and B#47 = 425.526
ROUND 2394 A#43 and B#47 = 360.796
ROUND 2395 A#44 and B#47 = 421.707
ROUND 2396 A#45 and B#47 = 418.243
ROUND 2397 A#46 and B#47 = 373.849
ROUND 2398 A#47 and B#47 = 353.61
ROUND 2399 A#48 and B#47 = 352.08
ROUND 2400 A#49 and B#47 = 397.076
ROUND 2401 A#0 and B#48 = 406.489
ROUND 2402 A#1 and B#48 = 407.537
ROUND 2403 A#2 and B#48 = 365.265
ROUND 2404 A#3 and B#48 = 451.011
ROUND 2405 A#4 and B#48 = 379.931
ROUND 2406 A#5 and B#48 = 417.012
ROUND 2407 A#6 and B#48 = 365.211
ROUND 2408 A#7 and B#48 = 407.223
ROUND 2409 A#8 and B#48 = 386.51
ROUND 2410 A#9 and B#48 = 385.846
ROUND 2411 A#10 and B#48 = 454.366
ROUND 2412 A#11 and B#48 = 440.964
ROUND 2413 A#12 and B#48 = 414.833
ROUND 2414 A#13 and B#48 = 382.444
ROUND 2415 A#14 and B#48 = 368.14
ROUND 2416 A#15 and B#48 = 401.81
ROUND 2417 A#16 and B#48 = 361.473
ROUND 2418 A#17 and B#48 = 432.588
ROUND 2419 A#18 and B#48 = 420.725
ROUND 2420 A#19 and B#48 = 368.105
ROUND 2421 A#20 and B#48 = 417.137
ROUND 2422 A#21 and B#48 = 369.533
ROUND 2423 A#22 and B#48 = 352.837
ROUND 2424 A#23 and B#48 = 370.752
ROUND 2425 A#24 and B#48 = 379.651
ROUND 2426 A#25 and B#48 = 436.066
ROUND 2427 A#26 and B#48 = 434.847
ROUND 2428 A#27 and B#48 = 359.468
ROUND 2429 A#28 and B#48 = 393.495
ROUND 2430 A#29 and B#48 = 369.19
ROUND 2431 A#30 and B#48 = 405.021
ROUND 2432 A#31 and B#48 = 414.538
ROUND 2433 A#32 and B#48 = 384.593
ROUND 2434 A#33 and B#48 = 379.116
ROUND 2435 A#34 and B#48 = 421.399
ROUND 2436 A#35 and B#48 = 354.202
ROUND 2437 A#36 and B#48 = 386.673
ROUND 2438 A#37 and B#48 = 412.872
ROUND 2439 A#38 and B#48 = 392.992
ROUND 2440 A#39 and B#48 = 398.1
ROUND 2441 A#40 and B#48 = 384.145
ROUND 2442 A#41 and B#48 = 419.839
ROUND 2443 A#42 and B#48 = 448.512
ROUND 2444 A#43 and B#48 = 360.532
ROUND 2445 A#44 and B#48 = 420.088
ROUND 2446 A#45 and B#48 = 417.621
ROUND 2447 A#46 and B#48 = 437.863
ROUND 2448 A#47 and B#48 = 355.193
ROUND 2449 A#48 and B#48 = 354.447
ROUND 2450 A#49 and B#48 = 409.906
ROUND 2451 A#0 and B#49 = 384.606
ROUND 2452 A#1 and B#49 = 405.027
ROUND 2453 A#2 and B#49 = 422.18
ROUND 2454 A#3 and B#49 = 378.192
ROUND 2455 A#4 and B#49 = 433.736
ROUND 2456 A#5 and B#49 = 392.772
ROUND 2457 A#6 and B#49 = 389.555
ROUND 2458 A#7 and B#49 = 400.01
ROUND 2459 A#8 and B#49 = 428.444
ROUND 2460 A#9 and B#49 = 428.632
ROUND 2461 A#10 and B#49 = 410.9
ROUND 2462 A#11 and B#49 = 439.119
ROUND 2463 A#12 and B#49 = 380.324
ROUND 2464 A#13 and B#49 = 402.58
ROUND 2465 A#14 and B#49 = 439.636
ROUND 2466 A#15 and B#49 = 378.036
ROUND 2467 A#16 and B#49 = 445.463
ROUND 2468 A#17 and B#49 = 410.748
ROUND 2469 A#18 and B#49 = 361.754
ROUND 2470 A#19 and B#49 = 406.563
ROUND 2471 A#20 and B#49 = 426.915
ROUND 2472 A#21 and B#49 = 408.669
ROUND 2473 A#22 and B#49 = 446.48
ROUND 2474 A#23 and B#49 = 398.447
ROUND 2475 A#24 and B#49 = 409.062
ROUND 2476 A#25 and B#49 = 438.276
ROUND 2477 A#26 and B#49 = 365.231
ROUND 2478 A#27 and B#49 = 387.586
ROUND 2479 A#28 and B#49 = 379.845
ROUND 2480 A#29 and B#49 = 418.595
ROUND 2481 A#30 and B#49 = 389.083
ROUND 2482 A#31 and B#49 = 444.113
ROUND 2483 A#32 and B#49 = 471.923
ROUND 2484 A#33 and B#49 = 470.668
ROUND 2485 A#34 and B#49 = 385.263
ROUND 2486 A#35 and B#49 = 455.686
ROUND 2487 A#36 and B#49 = 392.531
ROUND 2488 A#37 and B#49 = 374.113
ROUND 2489 A#38 and B#49 = 403.716
ROUND 2490 A#39 and B#49 = 382.203
ROUND 2491 A#40 and B#49 = 379.857
ROUND 2492 A#41 and B#49 = 332.945
ROUND 2493 A#42 and B#49 = 367.804
ROUND 2494 A#43 and B#49 = 405.958
ROUND 2495 A#44 and B#49 = 410.513
ROUND 2496 A#45 and B#49 = 406.435
ROUND 2497 A#46 and B#49 = 374.831
ROUND 2498 A#47 and B#49 = 453.96
ROUND 2499 A#48 and B#49 = 449.579
ROUND 2500 A#49 and B#49 = 397.957

The best overlap is between conformer A#36 and B#29, which, after PCA followed by Steepest Descent, produces a volume overlap of 503.872
Tanimoto (Hodgkin) similarity index: 0.40159

Saving those best conformers to file...
WRITING MOLECULE TO FILE '../ALL_PAIRS_BQ123_AS_REFERENCE/ROKS2/BQ123-Avosentan.mol2' (WILL OVERWRITE EXISTING FILE IF ANY)...
WRITING MOLECULE TO FILE '../ALL_PAIRS_BQ123_AS_REFERENCE/ROKS2/BQ123-Avosentan.mol2'...
