Finished importing molecules
WARNING: LAPACK DSYEV() RETURNED NON-ZERO ERROR CODE 2
WARNING: LAPACK DSYEV() RETURNED NON-ZERO ERROR CODE 3
WARNING: LAPACK DSYEV() RETURNED NON-ZERO ERROR CODE 3
WARNING: LAPACK DSYEV() RETURNED NON-ZERO ERROR CODE 3
WARNING: LAPACK DSYEV() RETURNED NON-ZERO ERROR CODE 2
WARNING: LAPACK DSYEV() RETURNED NON-ZERO ERROR CODE 2
WARNING: LAPACK DSYEV() RETURNED NON-ZERO ERROR CODE 2
WARNING: LAPACK DSYEV() RETURNED NON-ZERO ERROR CODE 2
WARNING: LAPACK DSYEV() RETURNED NON-ZERO ERROR CODE 2
WARNING: LAPACK DSYEV() RETURNED NON-ZERO ERROR CODE 3
WARNING: LAPACK DSYEV() RETURNED NON-ZERO ERROR CODE 2
WARNING: LAPACK DSYEV() RETURNED NON-ZERO ERROR CODE 2
WARNING: LAPACK DSYEV() RETURNED NON-ZERO ERROR CODE 3
WARNING: LAPACK DSYEV() RETURNED NON-ZERO ERROR CODE 2
WARNING: LAPACK DSYEV() RETURNED NON-ZERO ERROR CODE 3
WARNING: LAPACK DSYEV() RETURNED NON-ZERO ERROR CODE 3
WARNING: LAPACK DSYEV() RETURNED NON-ZERO ERROR CODE 2
WARNING: LAPACK DSYEV() RETURNED NON-ZERO ERROR CODE 2
WARNING: LAPACK DSYEV() RETURNED NON-ZERO ERROR CODE 2
WARNING: LAPACK DSYEV() RETURNED NON-ZERO ERROR CODE 2
WARNING: LAPACK DSYEV() RETURNED NON-ZERO ERROR CODE 2
WARNING: LAPACK DSYEV() RETURNED NON-ZERO ERROR CODE 2
WARNING: LAPACK DSYEV() RETURNED NON-ZERO ERROR CODE 2
WARNING: LAPACK DSYEV() RETURNED NON-ZERO ERROR CODE 2
WARNING: LAPACK DSYEV() RETURNED NON-ZERO ERROR CODE 2
WARNING: LAPACK DSYEV() RETURNED NON-ZERO ERROR CODE 2
WARNING: LAPACK DSYEV() RETURNED NON-ZERO ERROR CODE 2
WARNING: LAPACK DSYEV() RETURNED NON-ZERO ERROR CODE 2
WARNING: LAPACK DSYEV() RETURNED NON-ZERO ERROR CODE 2
WARNING: LAPACK DSYEV() RETURNED NON-ZERO ERROR CODE 2
WARNING: LAPACK DSYEV() RETURNED NON-ZERO ERROR CODE 2
WARNING: LAPACK DSYEV() RETURNED NON-ZERO ERROR CODE 2
WARNING: LAPACK DSYEV() RETURNED NON-ZERO ERROR CODE 2
WARNING: LAPACK DSYEV() RETURNED NON-ZERO ERROR CODE 3
WARNING: LAPACK DSYEV() RETURNED NON-ZERO ERROR CODE 3
WARNING: LAPACK DSYEV() RETURNED NON-ZERO ERROR CODE 2
WARNING: LAPACK DSYEV() RETURNED NON-ZERO ERROR CODE 3
WARNING: LAPACK DSYEV() RETURNED NON-ZERO ERROR CODE 3
WARNING: LAPACK DSYEV() RETURNED NON-ZERO ERROR CODE 2
WARNING: LAPACK DSYEV() RETURNED NON-ZERO ERROR CODE 2
WARNING: LAPACK DSYEV() RETURNED NON-ZERO ERROR CODE 3
WARNING: LAPACK DSYEV() RETURNED NON-ZERO ERROR CODE 3
WARNING: LAPACK DSYEV() RETURNED NON-ZERO ERROR CODE 3
WARNING: LAPACK DSYEV() RETURNED NON-ZERO ERROR CODE 3
WARNING: LAPACK DSYEV() RETURNED NON-ZERO ERROR CODE 3
WARNING: LAPACK DSYEV() RETURNED NON-ZERO ERROR CODE 3
WARNING: LAPACK DSYEV() RETURNED NON-ZERO ERROR CODE 2
WARNING: LAPACK DSYEV() RETURNED NON-ZERO ERROR CODE 3
WARNING: LAPACK DSYEV() RETURNED NON-ZERO ERROR CODE 2
WARNING: LAPACK DSYEV() RETURNED NON-ZERO ERROR CODE 3
WARNING: LAPACK DSYEV() RETURNED NON-ZERO ERROR CODE 2
WARNING: LAPACK DSYEV() RETURNED NON-ZERO ERROR CODE 3
WARNING: LAPACK DSYEV() RETURNED NON-ZERO ERROR CODE 3
WARNING: LAPACK DSYEV() RETURNED NON-ZERO ERROR CODE 2
WARNING: LAPACK DSYEV() RETURNED NON-ZERO ERROR CODE 3
WARNING: LAPACK DSYEV() RETURNED NON-ZERO ERROR CODE 2
WARNING: LAPACK DSYEV() RETURNED NON-ZERO ERROR CODE 2
WARNING: LAPACK DSYEV() RETURNED NON-ZERO ERROR CODE 3
WARNING: LAPACK DSYEV() RETURNED NON-ZERO ERROR CODE 3
WARNING: LAPACK DSYEV() RETURNED NON-ZERO ERROR CODE 3
WARNING: LAPACK DSYEV() RETURNED NON-ZERO ERROR CODE 2
WARNING: LAPACK DSYEV() RETURNED NON-ZERO ERROR CODE 3
WARNING: LAPACK DSYEV() RETURNED NON-ZERO ERROR CODE 2
WARNING: LAPACK DSYEV() RETURNED NON-ZERO ERROR CODE 3
WARNING: LAPACK DSYEV() RETURNED NON-ZERO ERROR CODE 2
WARNING: LAPACK DSYEV() RETURNED NON-ZERO ERROR CODE 2
WARNING: LAPACK DSYEV() RETURNED NON-ZERO ERROR CODE 3
WARNING: LAPACK DSYEV() RETURNED NON-ZERO ERROR CODE 2
WARNING: LAPACK DSYEV() RETURNED NON-ZERO ERROR CODE 2
WARNING: LAPACK DSYEV() RETURNED NON-ZERO ERROR CODE 2
WARNING: LAPACK DSYEV() RETURNED NON-ZERO ERROR CODE 2
WARNING: LAPACK DSYEV() RETURNED NON-ZERO ERROR CODE 3
WARNING: LAPACK DSYEV() RETURNED NON-ZERO ERROR CODE 3
WARNING: LAPACK DSYEV() RETURNED NON-ZERO ERROR CODE 3
WARNING: LAPACK DSYEV() RETURNED NON-ZERO ERROR CODE 3
WARNING: LAPACK DSYEV() RETURNED NON-ZERO ERROR CODE 3
WARNING: LAPACK DSYEV() RETURNED NON-ZERO ERROR CODE 2
WARNING: LAPACK DSYEV() RETURNED NON-ZERO ERROR CODE 2
WARNING: LAPACK DSYEV() RETURNED NON-ZERO ERROR CODE 3
WARNING: LAPACK DSYEV() RETURNED NON-ZERO ERROR CODE 3
WARNING: LAPACK DSYEV() RETURNED NON-ZERO ERROR CODE 2
WARNING: LAPACK DSYEV() RETURNED NON-ZERO ERROR CODE 3
WARNING: LAPACK DSYEV() RETURNED NON-ZERO ERROR CODE 2
WARNING: LAPACK DSYEV() RETURNED NON-ZERO ERROR CODE 3
WARNING: LAPACK DSYEV() RETURNED NON-ZERO ERROR CODE 2
WARNING: LAPACK DSYEV() RETURNED NON-ZERO ERROR CODE 3
WARNING: LAPACK DSYEV() RETURNED NON-ZERO ERROR CODE 3
WARNING: LAPACK DSYEV() RETURNED NON-ZERO ERROR CODE 2
WARNING: LAPACK DSYEV() RETURNED NON-ZERO ERROR CODE 2
WARNING: LAPACK DSYEV() RETURNED NON-ZERO ERROR CODE 3
WARNING: LAPACK DSYEV() RETURNED NON-ZERO ERROR CODE 3
WARNING: LAPACK DSYEV() RETURNED NON-ZERO ERROR CODE 3
WARNING: LAPACK DSYEV() RETURNED NON-ZERO ERROR CODE 3
WARNING: LAPACK DSYEV() RETURNED NON-ZERO ERROR CODE 3
WARNING: LAPACK DSYEV() RETURNED NON-ZERO ERROR CODE 2
WARNING: LAPACK DSYEV() RETURNED NON-ZERO ERROR CODE 2
WARNING: LAPACK DSYEV() RETURNED NON-ZERO ERROR CODE 2
WARNING: LAPACK DSYEV() RETURNED NON-ZERO ERROR CODE 2
WARNING: LAPACK DSYEV() RETURNED NON-ZERO ERROR CODE 2
WARNING: LAPACK DSYEV() RETURNED NON-ZERO ERROR CODE 3
Finished setting up data; running search...
ROUND 1 A#0 and B#0 = 469.874
ROUND 2 A#1 and B#0 = 579.397
ROUND 3 A#2 and B#0 = 460.792
ROUND 4 A#3 and B#0 = 479.661
ROUND 5 A#4 and B#0 = 561.439
ROUND 6 A#5 and B#0 = 606.748
ROUND 7 A#6 and B#0 = 548.488
ROUND 8 A#7 and B#0 = 534.497
ROUND 9 A#8 and B#0 = 516.841
ROUND 10 A#9 and B#0 = 521.728
ROUND 11 A#10 and B#0 = 517.748
ROUND 12 A#11 and B#0 = 528.182
ROUND 13 A#12 and B#0 = 515.3
ROUND 14 A#13 and B#0 = 537.572
ROUND 15 A#14 and B#0 = 523.228
ROUND 16 A#15 and B#0 = 494.606
ROUND 17 A#16 and B#0 = 572.935
ROUND 18 A#17 and B#0 = 537.774
ROUND 19 A#18 and B#0 = 566.884
ROUND 20 A#19 and B#0 = 510.254
ROUND 21 A#20 and B#0 = 543.129
ROUND 22 A#21 and B#0 = 565.645
ROUND 23 A#22 and B#0 = 529.414
ROUND 24 A#23 and B#0 = 490.666
ROUND 25 A#24 and B#0 = 548.276
ROUND 26 A#25 and B#0 = 535.883
ROUND 27 A#26 and B#0 = 508.184
ROUND 28 A#27 and B#0 = 531.523
ROUND 29 A#28 and B#0 = 543.406
ROUND 30 A#29 and B#0 = 540.813
ROUND 31 A#30 and B#0 = 559.382
ROUND 32 A#31 and B#0 = 587.86
ROUND 33 A#32 and B#0 = 556.448
ROUND 34 A#33 and B#0 = 613.293
ROUND 35 A#34 and B#0 = 565.265
ROUND 36 A#35 and B#0 = 552.896
ROUND 37 A#36 and B#0 = 605.297
ROUND 38 A#37 and B#0 = 544.935
ROUND 39 A#38 and B#0 = 561.329
ROUND 40 A#39 and B#0 = 540.729
ROUND 41 A#40 and B#0 = 536.256
ROUND 42 A#41 and B#0 = 527.157
ROUND 43 A#42 and B#0 = 468.388
ROUND 44 A#43 and B#0 = 468.157
ROUND 45 A#44 and B#0 = 660.348
ROUND 46 A#45 and B#0 = 506.898
ROUND 47 A#46 and B#0 = 540.102
ROUND 48 A#47 and B#0 = 546.169
ROUND 49 A#48 and B#0 = 585.764
ROUND 50 A#49 and B#0 = 585.687
ROUND 51 A#0 and B#1 = 477.091
ROUND 52 A#1 and B#1 = 558.185
ROUND 53 A#2 and B#1 = 636.655
ROUND 54 A#3 and B#1 = 564.322
ROUND 55 A#4 and B#1 = 597.661
ROUND 56 A#5 and B#1 = 579.951
ROUND 57 A#6 and B#1 = 549.612
ROUND 58 A#7 and B#1 = 579.44
ROUND 59 A#8 and B#1 = 540.679
ROUND 60 A#9 and B#1 = 556.344
ROUND 61 A#10 and B#1 = 540.272
ROUND 62 A#11 and B#1 = 501.811
ROUND 63 A#12 and B#1 = 514.623
ROUND 64 A#13 and B#1 = 579.207
ROUND 65 A#14 and B#1 = 568.515
ROUND 66 A#15 and B#1 = 522.974
ROUND 67 A#16 and B#1 = 542.991
ROUND 68 A#17 and B#1 = 578.958
ROUND 69 A#18 and B#1 = 504.256
ROUND 70 A#19 and B#1 = 458.228
ROUND 71 A#20 and B#1 = 579.824
ROUND 72 A#21 and B#1 = 552.393
ROUND 73 A#22 and B#1 = 568.023
ROUND 74 A#23 and B#1 = 534.518
ROUND 75 A#24 and B#1 = 522.675
ROUND 76 A#25 and B#1 = 574.001
ROUND 77 A#26 and B#1 = 553.587
ROUND 78 A#27 and B#1 = 571.465
ROUND 79 A#28 and B#1 = 599.043
ROUND 80 A#29 and B#1 = 559.947
ROUND 81 A#30 and B#1 = 563.538
ROUND 82 A#31 and B#1 = 560.173
ROUND 83 A#32 and B#1 = 557.2
ROUND 84 A#33 and B#1 = 583.525
ROUND 85 A#34 and B#1 = 540.181
ROUND 86 A#35 and B#1 = 611.795
ROUND 87 A#36 and B#1 = 568.744
ROUND 88 A#37 and B#1 = 586.656
ROUND 89 A#38 and B#1 = 564.504
ROUND 90 A#39 and B#1 = 610.912
ROUND 91 A#40 and B#1 = 518.778
ROUND 92 A#41 and B#1 = 534.061
ROUND 93 A#42 and B#1 = 498.926
ROUND 94 A#43 and B#1 = 497.398
ROUND 95 A#44 and B#1 = 633.78
ROUND 96 A#45 and B#1 = 563.622
ROUND 97 A#46 and B#1 = 539.031
ROUND 98 A#47 and B#1 = 512.633
ROUND 99 A#48 and B#1 = 503.788
ROUND 100 A#49 and B#1 = 535.741
ROUND 101 A#0 and B#2 = 483.939
ROUND 102 A#1 and B#2 = 558.829
ROUND 103 A#2 and B#2 = 633.661
ROUND 104 A#3 and B#2 = 563.539
ROUND 105 A#4 and B#2 = 605.516
ROUND 106 A#5 and B#2 = 581.648
ROUND 107 A#6 and B#2 = 545.382
ROUND 108 A#7 and B#2 = 582.895
ROUND 109 A#8 and B#2 = 550.445
ROUND 110 A#9 and B#2 = 557.9
ROUND 111 A#10 and B#2 = 550.052
ROUND 112 A#11 and B#2 = 511.31
ROUND 113 A#12 and B#2 = 521.794
ROUND 114 A#13 and B#2 = 582.345
ROUND 115 A#14 and B#2 = 569.432
ROUND 116 A#15 and B#2 = 528.155
ROUND 117 A#16 and B#2 = 550.355
ROUND 118 A#17 and B#2 = 582.01
ROUND 119 A#18 and B#2 = 520.455
ROUND 120 A#19 and B#2 = 455.224
ROUND 121 A#20 and B#2 = 579.46
ROUND 122 A#21 and B#2 = 560.334
ROUND 123 A#22 and B#2 = 578.709
ROUND 124 A#23 and B#2 = 536.231
ROUND 125 A#24 and B#2 = 533.55
ROUND 126 A#25 and B#2 = 577.417
ROUND 127 A#26 and B#2 = 560.967
ROUND 128 A#27 and B#2 = 582.094
ROUND 129 A#28 and B#2 = 605.26
ROUND 130 A#29 and B#2 = 563.997
ROUND 131 A#30 and B#2 = 576.823
ROUND 132 A#31 and B#2 = 660.896
ROUND 133 A#32 and B#2 = 556.435
ROUND 134 A#33 and B#2 = 582.334
ROUND 135 A#34 and B#2 = 528.686
ROUND 136 A#35 and B#2 = 618.736
ROUND 137 A#36 and B#2 = 568.509
ROUND 138 A#37 and B#2 = 587.709
ROUND 139 A#38 and B#2 = 560.833
ROUND 140 A#39 and B#2 = 615.154
ROUND 141 A#40 and B#2 = 528.371
ROUND 142 A#41 and B#2 = 531.224
ROUND 143 A#42 and B#2 = 522.95
ROUND 144 A#43 and B#2 = 522.02
ROUND 145 A#44 and B#2 = 621.428
ROUND 146 A#45 and B#2 = 564.487
ROUND 147 A#46 and B#2 = 543.089
ROUND 148 A#47 and B#2 = 514.795
ROUND 149 A#48 and B#2 = 499.736
ROUND 150 A#49 and B#2 = 537.227
ROUND 151 A#0 and B#3 = 505.956
ROUND 152 A#1 and B#3 = 480.61
ROUND 153 A#2 and B#3 = 499.916
ROUND 154 A#3 and B#3 = 575.931
ROUND 155 A#4 and B#3 = 572.198
ROUND 156 A#5 and B#3 = 519.942
ROUND 157 A#6 and B#3 = 534.38
ROUND 158 A#7 and B#3 = 509.748
ROUND 159 A#8 and B#3 = 563.58
ROUND 160 A#9 and B#3 = 519.159
ROUND 161 A#10 and B#3 = 562.325
ROUND 162 A#11 and B#3 = 511.66
ROUND 163 A#12 and B#3 = 575.887
ROUND 164 A#13 and B#3 = 508.18
ROUND 165 A#14 and B#3 = 526.621
ROUND 166 A#15 and B#3 = 494.384
ROUND 167 A#16 and B#3 = 533.54
ROUND 168 A#17 and B#3 = 508.819
ROUND 169 A#18 and B#3 = 559.829
ROUND 170 A#19 and B#3 = 491.112
ROUND 171 A#20 and B#3 = 519.887
ROUND 172 A#21 and B#3 = 522.86
ROUND 173 A#22 and B#3 = 488.378
ROUND 174 A#23 and B#3 = 428.743
ROUND 175 A#24 and B#3 = 511.596
ROUND 176 A#25 and B#3 = 507.307
ROUND 177 A#26 and B#3 = 547.598
ROUND 178 A#27 and B#3 = 494.435
ROUND 179 A#28 and B#3 = 500.315
ROUND 180 A#29 and B#3 = 536.535
ROUND 181 A#30 and B#3 = 563.856
ROUND 182 A#31 and B#3 = 558.43
ROUND 183 A#32 and B#3 = 531.254
ROUND 184 A#33 and B#3 = 461.149
ROUND 185 A#34 and B#3 = 457.703
ROUND 186 A#35 and B#3 = 546.303
ROUND 187 A#36 and B#3 = 567.415
ROUND 188 A#37 and B#3 = 565.56
ROUND 189 A#38 and B#3 = 473.28
ROUND 190 A#39 and B#3 = 547.183
ROUND 191 A#40 and B#3 = 555.616
ROUND 192 A#41 and B#3 = 521.132
ROUND 193 A#42 and B#3 = 566.025
ROUND 194 A#43 and B#3 = 563.613
ROUND 195 A#44 and B#3 = 589.088
ROUND 196 A#45 and B#3 = 515.421
ROUND 197 A#46 and B#3 = 524.395
ROUND 198 A#47 and B#3 = 540.936
ROUND 199 A#48 and B#3 = 504.773
ROUND 200 A#49 and B#3 = 595.575
ROUND 201 A#0 and B#4 = 559.545
ROUND 202 A#1 and B#4 = 630.331
ROUND 203 A#2 and B#4 = 666.861
ROUND 204 A#3 and B#4 = 465.836
ROUND 205 A#4 and B#4 = 579.327
ROUND 206 A#5 and B#4 = 571.832
ROUND 207 A#6 and B#4 = 585.826
ROUND 208 A#7 and B#4 = 625.282
ROUND 209 A#8 and B#4 = 596.914
ROUND 210 A#9 and B#4 = 493.926
ROUND 211 A#10 and B#4 = 596.774
ROUND 212 A#11 and B#4 = 626.571
ROUND 213 A#12 and B#4 = 485.529
ROUND 214 A#13 and B#4 = 622.127
ROUND 215 A#14 and B#4 = 564.197
ROUND 216 A#15 and B#4 = 589.457
ROUND 217 A#16 and B#4 = 569.134
ROUND 218 A#17 and B#4 = 622.515
ROUND 219 A#18 and B#4 = 526.301
ROUND 220 A#19 and B#4 = 583.135
ROUND 221 A#20 and B#4 = 621.692
ROUND 222 A#21 and B#4 = 597.051
ROUND 223 A#22 and B#4 = 619.485
ROUND 224 A#23 and B#4 = 526.522
ROUND 225 A#24 and B#4 = 595.912
ROUND 226 A#25 and B#4 = 627.734
ROUND 227 A#26 and B#4 = 565.533
ROUND 228 A#27 and B#4 = 615.028
ROUND 229 A#28 and B#4 = 608.358
ROUND 230 A#29 and B#4 = 569.472
ROUND 231 A#30 and B#4 = 568.756
ROUND 232 A#31 and B#4 = 636.93
ROUND 233 A#32 and B#4 = 662.293
ROUND 234 A#33 and B#4 = 587.558
ROUND 235 A#34 and B#4 = 588.743
ROUND 236 A#35 and B#4 = 631.224
ROUND 237 A#36 and B#4 = 576.265
ROUND 238 A#37 and B#4 = 563.479
ROUND 239 A#38 and B#4 = 600.516
ROUND 240 A#39 and B#4 = 628.427
ROUND 241 A#40 and B#4 = 581.28
ROUND 242 A#41 and B#4 = 662.772
ROUND 243 A#42 and B#4 = 594.064
ROUND 244 A#43 and B#4 = 594.483
ROUND 245 A#44 and B#4 = 573.688
ROUND 246 A#45 and B#4 = 544.043
ROUND 247 A#46 and B#4 = 587.239
ROUND 248 A#47 and B#4 = 499.026
ROUND 249 A#48 and B#4 = 538.454
ROUND 250 A#49 and B#4 = 574.053
ROUND 251 A#0 and B#5 = 470.871
ROUND 252 A#1 and B#5 = 619.654
ROUND 253 A#2 and B#5 = 507.851
ROUND 254 A#3 and B#5 = 573.73
ROUND 255 A#4 and B#5 = 551.205
ROUND 256 A#5 and B#5 = 579.229
ROUND 257 A#6 and B#5 = 516.495
ROUND 258 A#7 and B#5 = 466.527
ROUND 259 A#8 and B#5 = 564.355
ROUND 260 A#9 and B#5 = 520.484
ROUND 261 A#10 and B#5 = 562.745
ROUND 262 A#11 and B#5 = 488.549
ROUND 263 A#12 and B#5 = 502.391
ROUND 264 A#13 and B#5 = 464.722
ROUND 265 A#14 and B#5 = 554.658
ROUND 266 A#15 and B#5 = 526.356
ROUND 267 A#16 and B#5 = 528.181
ROUND 268 A#17 and B#5 = 465.446
ROUND 269 A#18 and B#5 = 563.597
ROUND 270 A#19 and B#5 = 491.228
ROUND 271 A#20 and B#5 = 483.162
ROUND 272 A#21 and B#5 = 512.336
ROUND 273 A#22 and B#5 = 457.696
ROUND 274 A#23 and B#5 = 481.04
ROUND 275 A#24 and B#5 = 515.745
ROUND 276 A#25 and B#5 = 464.029
ROUND 277 A#26 and B#5 = 509.421
ROUND 278 A#27 and B#5 = 462.639
ROUND 279 A#28 and B#5 = 506.119
ROUND 280 A#29 and B#5 = 496.573
ROUND 281 A#30 and B#5 = 546.785
ROUND 282 A#31 and B#5 = 569.844
ROUND 283 A#32 and B#5 = 548.654
ROUND 284 A#33 and B#5 = 530.296
ROUND 285 A#34 and B#5 = 562.691
ROUND 286 A#35 and B#5 = 504.502
ROUND 287 A#36 and B#5 = 570.946
ROUND 288 A#37 and B#5 = 553.518
ROUND 289 A#38 and B#5 = 563.894
ROUND 290 A#39 and B#5 = 510.407
ROUND 291 A#40 and B#5 = 544.755
ROUND 292 A#41 and B#5 = 554.374
ROUND 293 A#42 and B#5 = 571.923
ROUND 294 A#43 and B#5 = 569.901
ROUND 295 A#44 and B#5 = 641.561
ROUND 296 A#45 and B#5 = 539.777
ROUND 297 A#46 and B#5 = 495.87
ROUND 298 A#47 and B#5 = 542.464
ROUND 299 A#48 and B#5 = 430.693
ROUND 300 A#49 and B#5 = 596.353
ROUND 301 A#0 and B#6 = 498.621
ROUND 302 A#1 and B#6 = 516.484
ROUND 303 A#2 and B#6 = 630.76
ROUND 304 A#3 and B#6 = 488.107
ROUND 305 A#4 and B#6 = 515.492
ROUND 306 A#5 and B#6 = 608.931
ROUND 307 A#6 and B#6 = 509.357
ROUND 308 A#7 and B#6 = 548.335
ROUND 309 A#8 and B#6 = 464.962
ROUND 310 A#9 and B#6 = 534.236
ROUND 311 A#10 and B#6 = 463.752
ROUND 312 A#11 and B#6 = 669.766
ROUND 313 A#12 and B#6 = 596.388
ROUND 314 A#13 and B#6 = 663.539
ROUND 315 A#14 and B#6 = 621.576
ROUND 316 A#15 and B#6 = 595.878
ROUND 317 A#16 and B#6 = 488.544
ROUND 318 A#17 and B#6 = 665.202
ROUND 319 A#18 and B#6 = 524.153
ROUND 320 A#19 and B#6 = 526.32
ROUND 321 A#20 and B#6 = 547.785
ROUND 322 A#21 and B#6 = 468.264
ROUND 323 A#22 and B#6 = 597.923
ROUND 324 A#23 and B#6 = 568.934
ROUND 325 A#24 and B#6 = 499.112
ROUND 326 A#25 and B#6 = 664.27
ROUND 327 A#26 and B#6 = 537.679
ROUND 328 A#27 and B#6 = 601.567
ROUND 329 A#28 and B#6 = 461.96
ROUND 330 A#29 and B#6 = 490.679
ROUND 331 A#30 and B#6 = 518.251
ROUND 332 A#31 and B#6 = 683.676
ROUND 333 A#32 and B#6 = 607.974
ROUND 334 A#33 and B#6 = 487.265
ROUND 335 A#34 and B#6 = 583.507
ROUND 336 A#35 and B#6 = 488.775
ROUND 337 A#36 and B#6 = 578.302
ROUND 338 A#37 and B#6 = 524.638
ROUND 339 A#38 and B#6 = 516.798
ROUND 340 A#39 and B#6 = 497.909
ROUND 341 A#40 and B#6 = 534.38
ROUND 342 A#41 and B#6 = 585.717
ROUND 343 A#42 and B#6 = 547.793
ROUND 344 A#43 and B#6 = 545.866
ROUND 345 A#44 and B#6 = 646.58
ROUND 346 A#45 and B#6 = 547.889
ROUND 347 A#46 and B#6 = 585.505
ROUND 348 A#47 and B#6 = 492.87
ROUND 349 A#48 and B#6 = 559.213
ROUND 350 A#49 and B#6 = 595.477
ROUND 351 A#0 and B#7 = 477.071
ROUND 352 A#1 and B#7 = 554.853
ROUND 353 A#2 and B#7 = 476.22
ROUND 354 A#3 and B#7 = 563.598
ROUND 355 A#4 and B#7 = 607.587
ROUND 356 A#5 and B#7 = 584.535
ROUND 357 A#6 and B#7 = 550
ROUND 358 A#7 and B#7 = 581.837
ROUND 359 A#8 and B#7 = 537.703
ROUND 360 A#9 and B#7 = 558.577
ROUND 361 A#10 and B#7 = 537.221
ROUND 362 A#11 and B#7 = 501.873
ROUND 363 A#12 and B#7 = 519.032
ROUND 364 A#13 and B#7 = 578.612
ROUND 365 A#14 and B#7 = 569.34
ROUND 366 A#15 and B#7 = 526.398
ROUND 367 A#16 and B#7 = 554.89
ROUND 368 A#17 and B#7 = 577.877
ROUND 369 A#18 and B#7 = 499.879
ROUND 370 A#19 and B#7 = 457.572
ROUND 371 A#20 and B#7 = 583.63
ROUND 372 A#21 and B#7 = 560.239
ROUND 373 A#22 and B#7 = 575.365
ROUND 374 A#23 and B#7 = 538.473
ROUND 375 A#24 and B#7 = 523.686
ROUND 376 A#25 and B#7 = 575.6
ROUND 377 A#26 and B#7 = 551.371
ROUND 378 A#27 and B#7 = 578.233
ROUND 379 A#28 and B#7 = 594.674
ROUND 380 A#29 and B#7 = 579.966
ROUND 381 A#30 and B#7 = 563.649
ROUND 382 A#31 and B#7 = 558.069
ROUND 383 A#32 and B#7 = 560.703
ROUND 384 A#33 and B#7 = 449.856
ROUND 385 A#34 and B#7 = 541.471
ROUND 386 A#35 and B#7 = 618.764
ROUND 387 A#36 and B#7 = 574.145
ROUND 388 A#37 and B#7 = 586.647
ROUND 389 A#38 and B#7 = 570.16
ROUND 390 A#39 and B#7 = 606.269
ROUND 391 A#40 and B#7 = 517.388
ROUND 392 A#41 and B#7 = 535.504
ROUND 393 A#42 and B#7 = 499.746
ROUND 394 A#43 and B#7 = 498.266
ROUND 395 A#44 and B#7 = 632.196
ROUND 396 A#45 and B#7 = 563.78
ROUND 397 A#46 and B#7 = 533.001
ROUND 398 A#47 and B#7 = 510.582
ROUND 399 A#48 and B#7 = 507.232
ROUND 400 A#49 and B#7 = 536.376
ROUND 401 A#0 and B#8 = 634.754
ROUND 402 A#1 and B#8 = 547.811
ROUND 403 A#2 and B#8 = 578.614
ROUND 404 A#3 and B#8 = 532.105
ROUND 405 A#4 and B#8 = 481.684
ROUND 406 A#5 and B#8 = 601.022
ROUND 407 A#6 and B#8 = 642.655
ROUND 408 A#7 and B#8 = 598.044
ROUND 409 A#8 and B#8 = 624.058
ROUND 410 A#9 and B#8 = 453.424
ROUND 411 A#10 and B#8 = 520.714
ROUND 412 A#11 and B#8 = 543.743
ROUND 413 A#12 and B#8 = 560.444
ROUND 414 A#13 and B#8 = 556.037
ROUND 415 A#14 and B#8 = 461.731
ROUND 416 A#15 and B#8 = 652.428
ROUND 417 A#16 and B#8 = 549.769
ROUND 418 A#17 and B#8 = 555.142
ROUND 419 A#18 and B#8 = 538.966
ROUND 420 A#19 and B#8 = 592.597
ROUND 421 A#20 and B#8 = 589.384
ROUND 422 A#21 and B#8 = 554.966
ROUND 423 A#22 and B#8 = 602.186
ROUND 424 A#23 and B#8 = 552.728
ROUND 425 A#24 and B#8 = 519.89
ROUND 426 A#25 and B#8 = 600.564
ROUND 427 A#26 and B#8 = 581.312
ROUND 428 A#27 and B#8 = 598.082
ROUND 429 A#28 and B#8 = 556.796
ROUND 430 A#29 and B#8 = 582.968
ROUND 431 A#30 and B#8 = 588.451
ROUND 432 A#31 and B#8 = 508.84
ROUND 433 A#32 and B#8 = 577.336
ROUND 434 A#33 and B#8 = 589.107
ROUND 435 A#34 and B#8 = 572.192
ROUND 436 A#35 and B#8 = 534.033
ROUND 437 A#36 and B#8 = 540.221
ROUND 438 A#37 and B#8 = 495.558
ROUND 439 A#38 and B#8 = 577.137
ROUND 440 A#39 and B#8 = 545.396
ROUND 441 A#40 and B#8 = 498.793
ROUND 442 A#41 and B#8 = 573.434
ROUND 443 A#42 and B#8 = 469.36
ROUND 444 A#43 and B#8 = 468.837
ROUND 445 A#44 and B#8 = 602.313
ROUND 446 A#45 and B#8 = 449.259
ROUND 447 A#46 and B#8 = 548.607
ROUND 448 A#47 and B#8 = 464.847
ROUND 449 A#48 and B#8 = 538.956
ROUND 450 A#49 and B#8 = 591.27
ROUND 451 A#0 and B#9 = 626.071
ROUND 452 A#1 and B#9 = 550.27
ROUND 453 A#2 and B#9 = 581.177
ROUND 454 A#3 and B#9 = 528.356
ROUND 455 A#4 and B#9 = 488.366
ROUND 456 A#5 and B#9 = 582.61
ROUND 457 A#6 and B#9 = 643.879
ROUND 458 A#7 and B#9 = 601.968
ROUND 459 A#8 and B#9 = 518.951
ROUND 460 A#9 and B#9 = 457.869
ROUND 461 A#10 and B#9 = 518.423
ROUND 462 A#11 and B#9 = 542.402
ROUND 463 A#12 and B#9 = 544.977
ROUND 464 A#13 and B#9 = 554.964
ROUND 465 A#14 and B#9 = 461.862
ROUND 466 A#15 and B#9 = 652.193
ROUND 467 A#16 and B#9 = 553.825
ROUND 468 A#17 and B#9 = 554.109
ROUND 469 A#18 and B#9 = 536.462
ROUND 470 A#19 and B#9 = 600.285
ROUND 471 A#20 and B#9 = 544.301
ROUND 472 A#21 and B#9 = 556.483
ROUND 473 A#22 and B#9 = 603.633
ROUND 474 A#23 and B#9 = 555.941
ROUND 475 A#24 and B#9 = 491.721
ROUND 476 A#25 and B#9 = 552.119
ROUND 477 A#26 and B#9 = 593.989
ROUND 478 A#27 and B#9 = 604.328
ROUND 479 A#28 and B#9 = 510.592
ROUND 480 A#29 and B#9 = 581.957
ROUND 481 A#30 and B#9 = 592.233
ROUND 482 A#31 and B#9 = 524.031
ROUND 483 A#32 and B#9 = 565.762
ROUND 484 A#33 and B#9 = 577.482
ROUND 485 A#34 and B#9 = 535.789
ROUND 486 A#35 and B#9 = 531.855
ROUND 487 A#36 and B#9 = 510.212
ROUND 488 A#37 and B#9 = 492.837
ROUND 489 A#38 and B#9 = 531.525
ROUND 490 A#39 and B#9 = 543.453
ROUND 491 A#40 and B#9 = 484.126
ROUND 492 A#41 and B#9 = 474.346
ROUND 493 A#42 and B#9 = 468.358
ROUND 494 A#43 and B#9 = 467.635
ROUND 495 A#44 and B#9 = 575.03
ROUND 496 A#45 and B#9 = 451.001
ROUND 497 A#46 and B#9 = 548.028
ROUND 498 A#47 and B#9 = 501.693
ROUND 499 A#48 and B#9 = 538.111
ROUND 500 A#49 and B#9 = 586.2
ROUND 501 A#0 and B#10 = 499.59
ROUND 502 A#1 and B#10 = 478.912
ROUND 503 A#2 and B#10 = 503.023
ROUND 504 A#3 and B#10 = 576.471
ROUND 505 A#4 and B#10 = 567.745
ROUND 506 A#5 and B#10 = 518.962
ROUND 507 A#6 and B#10 = 535.291
ROUND 508 A#7 and B#10 = 506.046
ROUND 509 A#8 and B#10 = 565.259
ROUND 510 A#9 and B#10 = 517.811
ROUND 511 A#10 and B#10 = 564.035
ROUND 512 A#11 and B#10 = 508.063
ROUND 513 A#12 and B#10 = 576.543
ROUND 514 A#13 and B#10 = 504.791
ROUND 515 A#14 and B#10 = 523.515
ROUND 516 A#15 and B#10 = 493.896
ROUND 517 A#16 and B#10 = 533.292
ROUND 518 A#17 and B#10 = 505.262
ROUND 519 A#18 and B#10 = 560.006
ROUND 520 A#19 and B#10 = 490.686
ROUND 521 A#20 and B#10 = 527.753
ROUND 522 A#21 and B#10 = 517.224
ROUND 523 A#22 and B#10 = 490.037
ROUND 524 A#23 and B#10 = 430.091
ROUND 525 A#24 and B#10 = 501.993
ROUND 526 A#25 and B#10 = 503.791
ROUND 527 A#26 and B#10 = 547.73
ROUND 528 A#27 and B#10 = 495.712
ROUND 529 A#28 and B#10 = 501.556
ROUND 530 A#29 and B#10 = 532.23
ROUND 531 A#30 and B#10 = 564.066
ROUND 532 A#31 and B#10 = 557.105
ROUND 533 A#32 and B#10 = 536.993
ROUND 534 A#33 and B#10 = 461.226
ROUND 535 A#34 and B#10 = 458.981
ROUND 536 A#35 and B#10 = 542.714
ROUND 537 A#36 and B#10 = 566.491
ROUND 538 A#37 and B#10 = 565.78
ROUND 539 A#38 and B#10 = 472.628
ROUND 540 A#39 and B#10 = 547.562
ROUND 541 A#40 and B#10 = 552.856
ROUND 542 A#41 and B#10 = 522.901
ROUND 543 A#42 and B#10 = 554.823
ROUND 544 A#43 and B#10 = 553.371
ROUND 545 A#44 and B#10 = 586.003
ROUND 546 A#45 and B#10 = 513.382
ROUND 547 A#46 and B#10 = 523.732
ROUND 548 A#47 and B#10 = 536.93
ROUND 549 A#48 and B#10 = 507.871
ROUND 550 A#49 and B#10 = 595.933
ROUND 551 A#0 and B#11 = 484.558
ROUND 552 A#1 and B#11 = 557.659
ROUND 553 A#2 and B#11 = 636.321
ROUND 554 A#3 and B#11 = 563.38
ROUND 555 A#4 and B#11 = 608.142
ROUND 556 A#5 and B#11 = 582.435
ROUND 557 A#6 and B#11 = 546.606
ROUND 558 A#7 and B#11 = 583.171
ROUND 559 A#8 and B#11 = 551.765
ROUND 560 A#9 and B#11 = 557.473
ROUND 561 A#10 and B#11 = 551.355
ROUND 562 A#11 and B#11 = 514.368
ROUND 563 A#12 and B#11 = 520.943
ROUND 564 A#13 and B#11 = 582.659
ROUND 565 A#14 and B#11 = 568.132
ROUND 566 A#15 and B#11 = 527.506
ROUND 567 A#16 and B#11 = 550.829
ROUND 568 A#17 and B#11 = 582.377
ROUND 569 A#18 and B#11 = 520.589
ROUND 570 A#19 and B#11 = 456.547
ROUND 571 A#20 and B#11 = 579.804
ROUND 572 A#21 and B#11 = 560.01
ROUND 573 A#22 and B#11 = 577.226
ROUND 574 A#23 and B#11 = 536.529
ROUND 575 A#24 and B#11 = 534.566
ROUND 576 A#25 and B#11 = 578.059
ROUND 577 A#26 and B#11 = 561.57
ROUND 578 A#27 and B#11 = 580.512
ROUND 579 A#28 and B#11 = 606.095
ROUND 580 A#29 and B#11 = 565.744
ROUND 581 A#30 and B#11 = 576.921
ROUND 582 A#31 and B#11 = 661.819
ROUND 583 A#32 and B#11 = 556.882
ROUND 584 A#33 and B#11 = 582.511
ROUND 585 A#34 and B#11 = 528.092
ROUND 586 A#35 and B#11 = 620.466
ROUND 587 A#36 and B#11 = 570.224
ROUND 588 A#37 and B#11 = 589.167
ROUND 589 A#38 and B#11 = 564.197
ROUND 590 A#39 and B#11 = 617.304
ROUND 591 A#40 and B#11 = 529.538
ROUND 592 A#41 and B#11 = 531.931
ROUND 593 A#42 and B#11 = 523.689
ROUND 594 A#43 and B#11 = 522.644
ROUND 595 A#44 and B#11 = 620.121
ROUND 596 A#45 and B#11 = 564.29
ROUND 597 A#46 and B#11 = 544.799
ROUND 598 A#47 and B#11 = 515.935
ROUND 599 A#48 and B#11 = 500.171
ROUND 600 A#49 and B#11 = 536.452
ROUND 601 A#0 and B#12 = 542.608
ROUND 602 A#1 and B#12 = 541.628
ROUND 603 A#2 and B#12 = 618.746
ROUND 604 A#3 and B#12 = 581.384
ROUND 605 A#4 and B#12 = 521.838
ROUND 606 A#5 and B#12 = 575.38
ROUND 607 A#6 and B#12 = 564.204
ROUND 608 A#7 and B#12 = 502.58
ROUND 609 A#8 and B#12 = 545.826
ROUND 610 A#9 and B#12 = 479.098
ROUND 611 A#10 and B#12 = 509.639
ROUND 612 A#11 and B#12 = 508.58
ROUND 613 A#12 and B#12 = 538.344
ROUND 614 A#13 and B#12 = 501.988
ROUND 615 A#14 and B#12 = 468.203
ROUND 616 A#15 and B#12 = 525.398
ROUND 617 A#16 and B#12 = 586.333
ROUND 618 A#17 and B#12 = 502.249
ROUND 619 A#18 and B#12 = 555.996
ROUND 620 A#19 and B#12 = 537.54
ROUND 621 A#20 and B#12 = 546.255
ROUND 622 A#21 and B#12 = 526.864
ROUND 623 A#22 and B#12 = 503.426
ROUND 624 A#23 and B#12 = 538.886
ROUND 625 A#24 and B#12 = 572.189
ROUND 626 A#25 and B#12 = 504.035
ROUND 627 A#26 and B#12 = 596.211
ROUND 628 A#27 and B#12 = 505.769
ROUND 629 A#28 and B#12 = 572.756
ROUND 630 A#29 and B#12 = 499.858
ROUND 631 A#30 and B#12 = 547.776
ROUND 632 A#31 and B#12 = 544.886
ROUND 633 A#32 and B#12 = 544.31
ROUND 634 A#33 and B#12 = 548.293
ROUND 635 A#34 and B#12 = 471.054
ROUND 636 A#35 and B#12 = 501.894
ROUND 637 A#36 and B#12 = 574.986
ROUND 638 A#37 and B#12 = 600.572
ROUND 639 A#38 and B#12 = 520.318
ROUND 640 A#39 and B#12 = 503.602
ROUND 641 A#40 and B#12 = 528.123
ROUND 642 A#41 and B#12 = 579.83
ROUND 643 A#42 and B#12 = 526.851
ROUND 644 A#43 and B#12 = 527.482
ROUND 645 A#44 and B#12 = 613.43
ROUND 646 A#45 and B#12 = 547.651
ROUND 647 A#46 and B#12 = 537.433
ROUND 648 A#47 and B#12 = 558.763
ROUND 649 A#48 and B#12 = 435.424
ROUND 650 A#49 and B#12 = 612.111
ROUND 651 A#0 and B#13 = 599.106
ROUND 652 A#1 and B#13 = 534.618
ROUND 653 A#2 and B#13 = 596.692
ROUND 654 A#3 and B#13 = 489.929
ROUND 655 A#4 and B#13 = 542.972
ROUND 656 A#5 and B#13 = 599.073
ROUND 657 A#6 and B#13 = 608.264
ROUND 658 A#7 and B#13 = 516.389
ROUND 659 A#8 and B#13 = 584.476
ROUND 660 A#9 and B#13 = 474.596
ROUND 661 A#10 and B#13 = 584.235
ROUND 662 A#11 and B#13 = 541.883
ROUND 663 A#12 and B#13 = 534.095
ROUND 664 A#13 and B#13 = 516.608
ROUND 665 A#14 and B#13 = 494.287
ROUND 666 A#15 and B#13 = 524.841
ROUND 667 A#16 and B#13 = 589.093
ROUND 668 A#17 and B#13 = 517.063
ROUND 669 A#18 and B#13 = 498.422
ROUND 670 A#19 and B#13 = 617.928
ROUND 671 A#20 and B#13 = 568.614
ROUND 672 A#21 and B#13 = 575.536
ROUND 673 A#22 and B#13 = 539.324
ROUND 674 A#23 and B#13 = 537.727
ROUND 675 A#24 and B#13 = 592.695
ROUND 676 A#25 and B#13 = 513.946
ROUND 677 A#26 and B#13 = 534.913
ROUND 678 A#27 and B#13 = 542.504
ROUND 679 A#28 and B#13 = 513.076
ROUND 680 A#29 and B#13 = 560.254
ROUND 681 A#30 and B#13 = 488.332
ROUND 682 A#31 and B#13 = 506.749
ROUND 683 A#32 and B#13 = 663.691
ROUND 684 A#33 and B#13 = 566.236
ROUND 685 A#34 and B#13 = 636.544
ROUND 686 A#35 and B#13 = 566.553
ROUND 687 A#36 and B#13 = 591.681
ROUND 688 A#37 and B#13 = 534.541
ROUND 689 A#38 and B#13 = 561.734
ROUND 690 A#39 and B#13 = 570.672
ROUND 691 A#40 and B#13 = 589.771
ROUND 692 A#41 and B#13 = 551.072
ROUND 693 A#42 and B#13 = 541.238
ROUND 694 A#43 and B#13 = 540.82
ROUND 695 A#44 and B#13 = 600.578
ROUND 696 A#45 and B#13 = 524.992
ROUND 697 A#46 and B#13 = 553.467
ROUND 698 A#47 and B#13 = 537.462
ROUND 699 A#48 and B#13 = 531.747
ROUND 700 A#49 and B#13 = 546.349
ROUND 701 A#0 and B#14 = 507.883
ROUND 702 A#1 and B#14 = 476.201
ROUND 703 A#2 and B#14 = 507.565
ROUND 704 A#3 and B#14 = 575.025
ROUND 705 A#4 and B#14 = 562.792
ROUND 706 A#5 and B#14 = 525.759
ROUND 707 A#6 and B#14 = 510.196
ROUND 708 A#7 and B#14 = 513.837
ROUND 709 A#8 and B#14 = 566.114
ROUND 710 A#9 and B#14 = 509.837
ROUND 711 A#10 and B#14 = 565.175
ROUND 712 A#11 and B#14 = 515.704
ROUND 713 A#12 and B#14 = 577.88
ROUND 714 A#13 and B#14 = 512.47
ROUND 715 A#14 and B#14 = 528.812
ROUND 716 A#15 and B#14 = 493.038
ROUND 717 A#16 and B#14 = 527.959
ROUND 718 A#17 and B#14 = 512.809
ROUND 719 A#18 and B#14 = 575.445
ROUND 720 A#19 and B#14 = 466.685
ROUND 721 A#20 and B#14 = 519.491
ROUND 722 A#21 and B#14 = 514.521
ROUND 723 A#22 and B#14 = 499.51
ROUND 724 A#23 and B#14 = 425.785
ROUND 725 A#24 and B#14 = 513.505
ROUND 726 A#25 and B#14 = 511.239
ROUND 727 A#26 and B#14 = 539.332
ROUND 728 A#27 and B#14 = 504.783
ROUND 729 A#28 and B#14 = 507.163
ROUND 730 A#29 and B#14 = 543.661
ROUND 731 A#30 and B#14 = 568.456
ROUND 732 A#31 and B#14 = 557.826
ROUND 733 A#32 and B#14 = 537.273
ROUND 734 A#33 and B#14 = 452.656
ROUND 735 A#34 and B#14 = 504.833
ROUND 736 A#35 and B#14 = 554.881
ROUND 737 A#36 and B#14 = 548.006
ROUND 738 A#37 and B#14 = 569.161
ROUND 739 A#38 and B#14 = 571.54
ROUND 740 A#39 and B#14 = 557.024
ROUND 741 A#40 and B#14 = 537.912
ROUND 742 A#41 and B#14 = 516.185
ROUND 743 A#42 and B#14 = 558.455
ROUND 744 A#43 and B#14 = 556.546
ROUND 745 A#44 and B#14 = 591.589
ROUND 746 A#45 and B#14 = 512.514
ROUND 747 A#46 and B#14 = 518.201
ROUND 748 A#47 and B#14 = 532.418
ROUND 749 A#48 and B#14 = 505.384
ROUND 750 A#49 and B#14 = 597.586
ROUND 751 A#0 and B#15 = 535.538
ROUND 752 A#1 and B#15 = 516.842
ROUND 753 A#2 and B#15 = 634.369
ROUND 754 A#3 and B#15 = 491.144
ROUND 755 A#4 and B#15 = 516.629
ROUND 756 A#5 and B#15 = 611.931
ROUND 757 A#6 and B#15 = 509.807
ROUND 758 A#7 and B#15 = 548.996
ROUND 759 A#8 and B#15 = 465.92
ROUND 760 A#9 and B#15 = 531.841
ROUND 761 A#10 and B#15 = 464.881
ROUND 762 A#11 and B#15 = 666.766
ROUND 763 A#12 and B#15 = 598.378
ROUND 764 A#13 and B#15 = 662.492
ROUND 765 A#14 and B#15 = 623.124
ROUND 766 A#15 and B#15 = 599.429
ROUND 767 A#16 and B#15 = 492.754
ROUND 768 A#17 and B#15 = 663.977
ROUND 769 A#18 and B#15 = 525.227
ROUND 770 A#19 and B#15 = 527.487
ROUND 771 A#20 and B#15 = 547.779
ROUND 772 A#21 and B#15 = 471.342
ROUND 773 A#22 and B#15 = 596.143
ROUND 774 A#23 and B#15 = 569.274
ROUND 775 A#24 and B#15 = 503.446
ROUND 776 A#25 and B#15 = 663.036
ROUND 777 A#26 and B#15 = 539.51
ROUND 778 A#27 and B#15 = 599.799
ROUND 779 A#28 and B#15 = 458.768
ROUND 780 A#29 and B#15 = 493.595
ROUND 781 A#30 and B#15 = 522.549
ROUND 782 A#31 and B#15 = 695.17
ROUND 783 A#32 and B#15 = 611.679
ROUND 784 A#33 and B#15 = 488.49
ROUND 785 A#34 and B#15 = 583.587
ROUND 786 A#35 and B#15 = 492.778
ROUND 787 A#36 and B#15 = 581.204
ROUND 788 A#37 and B#15 = 550.194
ROUND 789 A#38 and B#15 = 520.626
ROUND 790 A#39 and B#15 = 659.031
ROUND 791 A#40 and B#15 = 535.85
ROUND 792 A#41 and B#15 = 584.898
ROUND 793 A#42 and B#15 = 555.746
ROUND 794 A#43 and B#15 = 554.037
ROUND 795 A#44 and B#15 = 552.538
ROUND 796 A#45 and B#15 = 552.174
ROUND 797 A#46 and B#15 = 587.733
ROUND 798 A#47 and B#15 = 494.154
ROUND 799 A#48 and B#15 = 558.251
ROUND 800 A#49 and B#15 = 593.141
ROUND 801 A#0 and B#16 = 554.931
ROUND 802 A#1 and B#16 = 628.658
ROUND 803 A#2 and B#16 = 620.268
ROUND 804 A#3 and B#16 = 453.872
ROUND 805 A#4 and B#16 = 510.764
ROUND 806 A#5 and B#16 = 564.73
ROUND 807 A#6 and B#16 = 579.227
ROUND 808 A#7 and B#16 = 610.711
ROUND 809 A#8 and B#16 = 594.264
ROUND 810 A#9 and B#16 = 562.807
ROUND 811 A#10 and B#16 = 593.663
ROUND 812 A#11 and B#16 = 610.879
ROUND 813 A#12 and B#16 = 479.96
ROUND 814 A#13 and B#16 = 608.353
ROUND 815 A#14 and B#16 = 593.26
ROUND 816 A#15 and B#16 = 580.174
ROUND 817 A#16 and B#16 = 574.282
ROUND 818 A#17 and B#16 = 608.36
ROUND 819 A#18 and B#16 = 502.291
ROUND 820 A#19 and B#16 = 545.326
ROUND 821 A#20 and B#16 = 589.793
ROUND 822 A#21 and B#16 = 593.102
ROUND 823 A#22 and B#16 = 578.574
ROUND 824 A#23 and B#16 = 509.773
ROUND 825 A#24 and B#16 = 578.862
ROUND 826 A#25 and B#16 = 605.327
ROUND 827 A#26 and B#16 = 538.723
ROUND 828 A#27 and B#16 = 594.062
ROUND 829 A#28 and B#16 = 587.352
ROUND 830 A#29 and B#16 = 562.437
ROUND 831 A#30 and B#16 = 541.731
ROUND 832 A#31 and B#16 = 583.879
ROUND 833 A#32 and B#16 = 535.739
ROUND 834 A#33 and B#16 = 584.696
ROUND 835 A#34 and B#16 = 627.498
ROUND 836 A#35 and B#16 = 636.196
ROUND 837 A#36 and B#16 = 563.236
ROUND 838 A#37 and B#16 = 567.918
ROUND 839 A#38 and B#16 = 538.156
ROUND 840 A#39 and B#16 = 635.271
ROUND 841 A#40 and B#16 = 510.476
ROUND 842 A#41 and B#16 = 631.527
ROUND 843 A#42 and B#16 = 593.717
ROUND 844 A#43 and B#16 = 593.443
ROUND 845 A#44 and B#16 = 585.854
ROUND 846 A#45 and B#16 = 571.668
ROUND 847 A#46 and B#16 = 545.123
ROUND 848 A#47 and B#16 = 584.789
ROUND 849 A#48 and B#16 = 460.597
ROUND 850 A#49 and B#16 = 578.303
ROUND 851 A#0 and B#17 = 544.676
ROUND 852 A#1 and B#17 = 551.485
ROUND 853 A#2 and B#17 = 616.772
ROUND 854 A#3 and B#17 = 598.526
ROUND 855 A#4 and B#17 = 520.632
ROUND 856 A#5 and B#17 = 575.409
ROUND 857 A#6 and B#17 = 558.474
ROUND 858 A#7 and B#17 = 523.902
ROUND 859 A#8 and B#17 = 541.209
ROUND 860 A#9 and B#17 = 470.577
ROUND 861 A#10 and B#17 = 542.64
ROUND 862 A#11 and B#17 = 523.693
ROUND 863 A#12 and B#17 = 642.879
ROUND 864 A#13 and B#17 = 524.689
ROUND 865 A#14 and B#17 = 441.686
ROUND 866 A#15 and B#17 = 505.505
ROUND 867 A#16 and B#17 = 587.332
ROUND 868 A#17 and B#17 = 526.281
ROUND 869 A#18 and B#17 = 547.1
ROUND 870 A#19 and B#17 = 543.168
ROUND 871 A#20 and B#17 = 547.159
ROUND 872 A#21 and B#17 = 509.59
ROUND 873 A#22 and B#17 = 498.093
ROUND 874 A#23 and B#17 = 533.888
ROUND 875 A#24 and B#17 = 564.304
ROUND 876 A#25 and B#17 = 527.473
ROUND 877 A#26 and B#17 = 598.934
ROUND 878 A#27 and B#17 = 561.718
ROUND 879 A#28 and B#17 = 570.586
ROUND 880 A#29 and B#17 = 485.134
ROUND 881 A#30 and B#17 = 541.24
ROUND 882 A#31 and B#17 = 552.498
ROUND 883 A#32 and B#17 = 544.643
ROUND 884 A#33 and B#17 = 569.043
ROUND 885 A#34 and B#17 = 471.635
ROUND 886 A#35 and B#17 = 483.407
ROUND 887 A#36 and B#17 = 570.19
ROUND 888 A#37 and B#17 = 597.461
ROUND 889 A#38 and B#17 = 537.727
ROUND 890 A#39 and B#17 = 485.277
ROUND 891 A#40 and B#17 = 527.218
ROUND 892 A#41 and B#17 = 582.685
ROUND 893 A#42 and B#17 = 528.17
ROUND 894 A#43 and B#17 = 529.057
ROUND 895 A#44 and B#17 = 603.387
ROUND 896 A#45 and B#17 = 475.321
ROUND 897 A#46 and B#17 = 537.778
ROUND 898 A#47 and B#17 = 555.376
ROUND 899 A#48 and B#17 = 423.78
ROUND 900 A#49 and B#17 = 608.944
ROUND 901 A#0 and B#18 = 481.828
ROUND 902 A#1 and B#18 = 573.363
ROUND 903 A#2 and B#18 = 469.273
ROUND 904 A#3 and B#18 = 456.563
ROUND 905 A#4 and B#18 = 540.351
ROUND 906 A#5 and B#18 = 524.006
ROUND 907 A#6 and B#18 = 554.686
ROUND 908 A#7 and B#18 = 542.856
ROUND 909 A#8 and B#18 = 531.395
ROUND 910 A#9 and B#18 = 591.056
ROUND 911 A#10 and B#18 = 532.972
ROUND 912 A#11 and B#18 = 527.122
ROUND 913 A#12 and B#18 = 519.649
ROUND 914 A#13 and B#18 = 546.732
ROUND 915 A#14 and B#18 = 522.669
ROUND 916 A#15 and B#18 = 483.973
ROUND 917 A#16 and B#18 = 563.906
ROUND 918 A#17 and B#18 = 546.411
ROUND 919 A#18 and B#18 = 484.171
ROUND 920 A#19 and B#18 = 516.8
ROUND 921 A#20 and B#18 = 544.289
ROUND 922 A#21 and B#18 = 556.062
ROUND 923 A#22 and B#18 = 543.393
ROUND 924 A#23 and B#18 = 493.752
ROUND 925 A#24 and B#18 = 553.504
ROUND 926 A#25 and B#18 = 544.032
ROUND 927 A#26 and B#18 = 490.535
ROUND 928 A#27 and B#18 = 545.815
ROUND 929 A#28 and B#18 = 546.934
ROUND 930 A#29 and B#18 = 540.697
ROUND 931 A#30 and B#18 = 562.202
ROUND 932 A#31 and B#18 = 587.766
ROUND 933 A#32 and B#18 = 539.395
ROUND 934 A#33 and B#18 = 610.949
ROUND 935 A#34 and B#18 = 575.3
ROUND 936 A#35 and B#18 = 551.317
ROUND 937 A#36 and B#18 = 599.459
ROUND 938 A#37 and B#18 = 532.1
ROUND 939 A#38 and B#18 = 546.745
ROUND 940 A#39 and B#18 = 543.808
ROUND 941 A#40 and B#18 = 511.533
ROUND 942 A#41 and B#18 = 525.987
ROUND 943 A#42 and B#18 = 451.565
ROUND 944 A#43 and B#18 = 451.206
ROUND 945 A#44 and B#18 = 650.991
ROUND 946 A#45 and B#18 = 511.603
ROUND 947 A#46 and B#18 = 531.479
ROUND 948 A#47 and B#18 = 464.627
ROUND 949 A#48 and B#18 = 452.24
ROUND 950 A#49 and B#18 = 573.435
ROUND 951 A#0 and B#19 = 543.937
ROUND 952 A#1 and B#19 = 510.614
ROUND 953 A#2 and B#19 = 541.917
ROUND 954 A#3 and B#19 = 478.911
ROUND 955 A#4 and B#19 = 485.691
ROUND 956 A#5 and B#19 = 543.212
ROUND 957 A#6 and B#19 = 651.704
ROUND 958 A#7 and B#19 = 661.366
ROUND 959 A#8 and B#19 = 635.71
ROUND 960 A#9 and B#19 = 544.248
ROUND 961 A#10 and B#19 = 635.746
ROUND 962 A#11 and B#19 = 666.583
ROUND 963 A#12 and B#19 = 555.555
ROUND 964 A#13 and B#19 = 658.789
ROUND 965 A#14 and B#19 = 633.02
ROUND 966 A#15 and B#19 = 584.201
ROUND 967 A#16 and B#19 = 495.828
ROUND 968 A#17 and B#19 = 660.44
ROUND 969 A#18 and B#19 = 489.619
ROUND 970 A#19 and B#19 = 525.938
ROUND 971 A#20 and B#19 = 671.354
ROUND 972 A#21 and B#19 = 625.24
ROUND 973 A#22 and B#19 = 592.968
ROUND 974 A#23 and B#19 = 576.566
ROUND 975 A#24 and B#19 = 646.821
ROUND 976 A#25 and B#19 = 659.112
ROUND 977 A#26 and B#19 = 593.719
ROUND 978 A#27 and B#19 = 597.228
ROUND 979 A#28 and B#19 = 626.427
ROUND 980 A#29 and B#19 = 651.444
ROUND 981 A#30 and B#19 = 501.188
ROUND 982 A#31 and B#19 = 578.548
ROUND 983 A#32 and B#19 = 589.333
ROUND 984 A#33 and B#19 = 544.102
ROUND 985 A#34 and B#19 = 581.802
ROUND 986 A#35 and B#19 = 617.886
ROUND 987 A#36 and B#19 = 561.872
ROUND 988 A#37 and B#19 = 538.757
ROUND 989 A#38 and B#19 = 486.226
ROUND 990 A#39 and B#19 = 637.995
ROUND 991 A#40 and B#19 = 564.874
ROUND 992 A#41 and B#19 = 559.838
ROUND 993 A#42 and B#19 = 567.448
ROUND 994 A#43 and B#19 = 565.149
ROUND 995 A#44 and B#19 = 654.682
ROUND 996 A#45 and B#19 = 581.165
ROUND 997 A#46 and B#19 = 558.911
ROUND 998 A#47 and B#19 = 539.114
ROUND 999 A#48 and B#19 = 573.144
ROUND 1000 A#49 and B#19 = 599.685
ROUND 1001 A#0 and B#20 = 498.747
ROUND 1002 A#1 and B#20 = 478.76
ROUND 1003 A#2 and B#20 = 503.403
ROUND 1004 A#3 and B#20 = 568.634
ROUND 1005 A#4 and B#20 = 569.062
ROUND 1006 A#5 and B#20 = 518.624
ROUND 1007 A#6 and B#20 = 537.393
ROUND 1008 A#7 and B#20 = 506.249
ROUND 1009 A#8 and B#20 = 564.64
ROUND 1010 A#9 and B#20 = 517.86
ROUND 1011 A#10 and B#20 = 563.487
ROUND 1012 A#11 and B#20 = 507.151
ROUND 1013 A#12 and B#20 = 575.726
ROUND 1014 A#13 and B#20 = 505.044
ROUND 1015 A#14 and B#20 = 523.859
ROUND 1016 A#15 and B#20 = 494.233
ROUND 1017 A#16 and B#20 = 533.306
ROUND 1018 A#17 and B#20 = 505.47
ROUND 1019 A#18 and B#20 = 562.794
ROUND 1020 A#19 and B#20 = 491.147
ROUND 1021 A#20 and B#20 = 526.282
ROUND 1022 A#21 and B#20 = 516.948
ROUND 1023 A#22 and B#20 = 487.363
ROUND 1024 A#23 and B#20 = 430.125
ROUND 1025 A#24 and B#20 = 501.559
ROUND 1026 A#25 and B#20 = 503.938
ROUND 1027 A#26 and B#20 = 547.648
ROUND 1028 A#27 and B#20 = 492.867
ROUND 1029 A#28 and B#20 = 502.793
ROUND 1030 A#29 and B#20 = 532.76
ROUND 1031 A#30 and B#20 = 567.033
ROUND 1032 A#31 and B#20 = 558.403
ROUND 1033 A#32 and B#20 = 537.321
ROUND 1034 A#33 and B#20 = 455.294
ROUND 1035 A#34 and B#20 = 459.261
ROUND 1036 A#35 and B#20 = 541.217
ROUND 1037 A#36 and B#20 = 566.019
ROUND 1038 A#37 and B#20 = 565.731
ROUND 1039 A#38 and B#20 = 472.795
ROUND 1040 A#39 and B#20 = 547.797
ROUND 1041 A#40 and B#20 = 553.634
ROUND 1042 A#41 and B#20 = 523.433
ROUND 1043 A#42 and B#20 = 550.185
ROUND 1044 A#43 and B#20 = 549.966
ROUND 1045 A#44 and B#20 = 587.303
ROUND 1046 A#45 and B#20 = 512.466
ROUND 1047 A#46 and B#20 = 524.218
ROUND 1048 A#47 and B#20 = 535.404
ROUND 1049 A#48 and B#20 = 518.016
ROUND 1050 A#49 and B#20 = 595.754
ROUND 1051 A#0 and B#21 = 518.01
ROUND 1052 A#1 and B#21 = 550.117
ROUND 1053 A#2 and B#21 = 605.23
ROUND 1054 A#3 and B#21 = 518.12
ROUND 1055 A#4 and B#21 = 608.373
ROUND 1056 A#5 and B#21 = 584.432
ROUND 1057 A#6 and B#21 = 594.918
ROUND 1058 A#7 and B#21 = 523.448
ROUND 1059 A#8 and B#21 = 515.407
ROUND 1060 A#9 and B#21 = 537.347
ROUND 1061 A#10 and B#21 = 513.878
ROUND 1062 A#11 and B#21 = 550.265
ROUND 1063 A#12 and B#21 = 560.8
ROUND 1064 A#13 and B#21 = 537.049
ROUND 1065 A#14 and B#21 = 464.217
ROUND 1066 A#15 and B#21 = 505.019
ROUND 1067 A#16 and B#21 = 528.222
ROUND 1068 A#17 and B#21 = 540.131
ROUND 1069 A#18 and B#21 = 501.502
ROUND 1070 A#19 and B#21 = 557.009
ROUND 1071 A#20 and B#21 = 537.482
ROUND 1072 A#21 and B#21 = 551.665
ROUND 1073 A#22 and B#21 = 567.141
ROUND 1074 A#23 and B#21 = 585.746
ROUND 1075 A#24 and B#21 = 592.011
ROUND 1076 A#25 and B#21 = 539.638
ROUND 1077 A#26 and B#21 = 578.076
ROUND 1078 A#27 and B#21 = 567.551
ROUND 1079 A#28 and B#21 = 551.34
ROUND 1080 A#29 and B#21 = 487.096
ROUND 1081 A#30 and B#21 = 540.948
ROUND 1082 A#31 and B#21 = 620.851
ROUND 1083 A#32 and B#21 = 566.018
ROUND 1084 A#33 and B#21 = 611.807
ROUND 1085 A#34 and B#21 = 536.537
ROUND 1086 A#35 and B#21 = 517.133
ROUND 1087 A#36 and B#21 = 610.118
ROUND 1088 A#37 and B#21 = 585.869
ROUND 1089 A#38 and B#21 = 548.396
ROUND 1090 A#39 and B#21 = 505.245
ROUND 1091 A#40 and B#21 = 498.805
ROUND 1092 A#41 and B#21 = 507.066
ROUND 1093 A#42 and B#21 = 498.994
ROUND 1094 A#43 and B#21 = 497.386
ROUND 1095 A#44 and B#21 = 645.261
ROUND 1096 A#45 and B#21 = 510.22
ROUND 1097 A#46 and B#21 = 549.667
ROUND 1098 A#47 and B#21 = 490.902
ROUND 1099 A#48 and B#21 = 464.882
ROUND 1100 A#49 and B#21 = 499.79
ROUND 1101 A#0 and B#22 = 528.684
ROUND 1102 A#1 and B#22 = 620.842
ROUND 1103 A#2 and B#22 = 510.226
ROUND 1104 A#3 and B#22 = 484.136
ROUND 1105 A#4 and B#22 = 547.626
ROUND 1106 A#5 and B#22 = 580.12
ROUND 1107 A#6 and B#22 = 567.314
ROUND 1108 A#7 and B#22 = 620.276
ROUND 1109 A#8 and B#22 = 570.28
ROUND 1110 A#9 and B#22 = 515.261
ROUND 1111 A#10 and B#22 = 568.998
ROUND 1112 A#11 and B#22 = 626.059
ROUND 1113 A#12 and B#22 = 573.591
ROUND 1114 A#13 and B#22 = 618.373
ROUND 1115 A#14 and B#22 = 584.654
ROUND 1116 A#15 and B#22 = 594.96
ROUND 1117 A#16 and B#22 = 532.45
ROUND 1118 A#17 and B#22 = 618.374
ROUND 1119 A#18 and B#22 = 497.381
ROUND 1120 A#19 and B#22 = 595.362
ROUND 1121 A#20 and B#22 = 607.95
ROUND 1122 A#21 and B#22 = 588.88
ROUND 1123 A#22 and B#22 = 569.627
ROUND 1124 A#23 and B#22 = 547.144
ROUND 1125 A#24 and B#22 = 578.034
ROUND 1126 A#25 and B#22 = 623.267
ROUND 1127 A#26 and B#22 = 567.746
ROUND 1128 A#27 and B#22 = 630.934
ROUND 1129 A#28 and B#22 = 616.427
ROUND 1130 A#29 and B#22 = 547.818
ROUND 1131 A#30 and B#22 = 574.927
ROUND 1132 A#31 and B#22 = 631.461
ROUND 1133 A#32 and B#22 = 520.385
ROUND 1134 A#33 and B#22 = 584.494
ROUND 1135 A#34 and B#22 = 597.579
ROUND 1136 A#35 and B#22 = 636.814
ROUND 1137 A#36 and B#22 = 561.108
ROUND 1138 A#37 and B#22 = 578.909
ROUND 1139 A#38 and B#22 = 587.683
ROUND 1140 A#39 and B#22 = 564.538
ROUND 1141 A#40 and B#22 = 488.163
ROUND 1142 A#41 and B#22 = 656.222
ROUND 1143 A#42 and B#22 = 427.126
ROUND 1144 A#43 and B#22 = 425.85
ROUND 1145 A#44 and B#22 = 578.049
ROUND 1146 A#45 and B#22 = 550.702
ROUND 1147 A#46 and B#22 = 578.955
ROUND 1148 A#47 and B#22 = 468.22
ROUND 1149 A#48 and B#22 = 427.388
ROUND 1150 A#49 and B#22 = 561.855
ROUND 1151 A#0 and B#23 = 521.023
ROUND 1152 A#1 and B#23 = 608.614
ROUND 1153 A#2 and B#23 = 570.87
ROUND 1154 A#3 and B#23 = 536.124
ROUND 1155 A#4 and B#23 = 609.296
ROUND 1156 A#5 and B#23 = 542.492
ROUND 1157 A#6 and B#23 = 585.75
ROUND 1158 A#7 and B#23 = 633.845
ROUND 1159 A#8 and B#23 = 565.18
ROUND 1160 A#9 and B#23 = 496.405
ROUND 1161 A#10 and B#23 = 564.299
ROUND 1162 A#11 and B#23 = 641.591
ROUND 1163 A#12 and B#23 = 583.496
ROUND 1164 A#13 and B#23 = 631.397
ROUND 1165 A#14 and B#23 = 570.339
ROUND 1166 A#15 and B#23 = 553.736
ROUND 1167 A#16 and B#23 = 591.053
ROUND 1168 A#17 and B#23 = 631.189
ROUND 1169 A#18 and B#23 = 532.846
ROUND 1170 A#19 and B#23 = 535.858
ROUND 1171 A#20 and B#23 = 637.131
ROUND 1172 A#21 and B#23 = 611.672
ROUND 1173 A#22 and B#23 = 617.529
ROUND 1174 A#23 and B#23 = 606.798
ROUND 1175 A#24 and B#23 = 607.196
ROUND 1176 A#25 and B#23 = 634.632
ROUND 1177 A#26 and B#23 = 594.731
ROUND 1178 A#27 and B#23 = 620.091
ROUND 1179 A#28 and B#23 = 619.919
ROUND 1180 A#29 and B#23 = 533.62
ROUND 1181 A#30 and B#23 = 587.409
ROUND 1182 A#31 and B#23 = 632.481
ROUND 1183 A#32 and B#23 = 495.719
ROUND 1184 A#33 and B#23 = 570.935
ROUND 1185 A#34 and B#23 = 580.879
ROUND 1186 A#35 and B#23 = 641.591
ROUND 1187 A#36 and B#23 = 545.533
ROUND 1188 A#37 and B#23 = 570.784
ROUND 1189 A#38 and B#23 = 599.475
ROUND 1190 A#39 and B#23 = 637.18
ROUND 1191 A#40 and B#23 = 557.21
ROUND 1192 A#41 and B#23 = 550.652
ROUND 1193 A#42 and B#23 = 435.602
ROUND 1194 A#43 and B#23 = 433.539
ROUND 1195 A#44 and B#23 = 659.127
ROUND 1196 A#45 and B#23 = 552.4
ROUND 1197 A#46 and B#23 = 559.462
ROUND 1198 A#47 and B#23 = 566.823
ROUND 1199 A#48 and B#23 = 446.833
ROUND 1200 A#49 and B#23 = 586.607
ROUND 1201 A#0 and B#24 = 484.009
ROUND 1202 A#1 and B#24 = 558.328
ROUND 1203 A#2 and B#24 = 511.734
ROUND 1204 A#3 and B#24 = 565.581
ROUND 1205 A#4 and B#24 = 603.002
ROUND 1206 A#5 and B#24 = 581.375
ROUND 1207 A#6 and B#24 = 554.21
ROUND 1208 A#7 and B#24 = 589.894
ROUND 1209 A#8 and B#24 = 553.063
ROUND 1210 A#9 and B#24 = 557.516
ROUND 1211 A#10 and B#24 = 553.479
ROUND 1212 A#11 and B#24 = 594.371
ROUND 1213 A#12 and B#24 = 520.981
ROUND 1214 A#13 and B#24 = 588.326
ROUND 1215 A#14 and B#24 = 566.511
ROUND 1216 A#15 and B#24 = 530.519
ROUND 1217 A#16 and B#24 = 550.243
ROUND 1218 A#17 and B#24 = 587.376
ROUND 1219 A#18 and B#24 = 514.93
ROUND 1220 A#19 and B#24 = 460.16
ROUND 1221 A#20 and B#24 = 586.778
ROUND 1222 A#21 and B#24 = 559.023
ROUND 1223 A#22 and B#24 = 585.024
ROUND 1224 A#23 and B#24 = 474.863
ROUND 1225 A#24 and B#24 = 533.985
ROUND 1226 A#25 and B#24 = 581.478
ROUND 1227 A#26 and B#24 = 556.404
ROUND 1228 A#27 and B#24 = 588.381
ROUND 1229 A#28 and B#24 = 589.8
ROUND 1230 A#29 and B#24 = 581.291
ROUND 1231 A#30 and B#24 = 566.362
ROUND 1232 A#31 and B#24 = 564.607
ROUND 1233 A#32 and B#24 = 558.473
ROUND 1234 A#33 and B#24 = 581.706
ROUND 1235 A#34 and B#24 = 540.601
ROUND 1236 A#35 and B#24 = 605.07
ROUND 1237 A#36 and B#24 = 573.763
ROUND 1238 A#37 and B#24 = 592.988
ROUND 1239 A#38 and B#24 = 565.742
ROUND 1240 A#39 and B#24 = 611.742
ROUND 1241 A#40 and B#24 = 529.412
ROUND 1242 A#41 and B#24 = 519.532
ROUND 1243 A#42 and B#24 = 516.202
ROUND 1244 A#43 and B#24 = 514.846
ROUND 1245 A#44 and B#24 = 625.704
ROUND 1246 A#45 and B#24 = 563.783
ROUND 1247 A#46 and B#24 = 500.096
ROUND 1248 A#47 and B#24 = 505.744
ROUND 1249 A#48 and B#24 = 500
ROUND 1250 A#49 and B#24 = 537.529
ROUND 1251 A#0 and B#25 = 483.71
ROUND 1252 A#1 and B#25 = 559.215
ROUND 1253 A#2 and B#25 = 511.765
ROUND 1254 A#3 and B#25 = 565.303
ROUND 1255 A#4 and B#25 = 601.504
ROUND 1256 A#5 and B#25 = 579.979
ROUND 1257 A#6 and B#25 = 554.141
ROUND 1258 A#7 and B#25 = 589.948
ROUND 1259 A#8 and B#25 = 553.311
ROUND 1260 A#9 and B#25 = 557.278
ROUND 1261 A#10 and B#25 = 553.722
ROUND 1262 A#11 and B#25 = 593.526
ROUND 1263 A#12 and B#25 = 520.205
ROUND 1264 A#13 and B#25 = 588.686
ROUND 1265 A#14 and B#25 = 567.027
ROUND 1266 A#15 and B#25 = 530.331
ROUND 1267 A#16 and B#25 = 549.134
ROUND 1268 A#17 and B#25 = 587.774
ROUND 1269 A#18 and B#25 = 515.642
ROUND 1270 A#19 and B#25 = 459.443
ROUND 1271 A#20 and B#25 = 586.429
ROUND 1272 A#21 and B#25 = 558.219
ROUND 1273 A#22 and B#25 = 584.351
ROUND 1274 A#23 and B#25 = 474.886
ROUND 1275 A#24 and B#25 = 533.381
ROUND 1276 A#25 and B#25 = 581.822
ROUND 1277 A#26 and B#25 = 556.889
ROUND 1278 A#27 and B#25 = 587.908
ROUND 1279 A#28 and B#25 = 590.899
ROUND 1280 A#29 and B#25 = 580.961
ROUND 1281 A#30 and B#25 = 566.5
ROUND 1282 A#31 and B#25 = 564.967
ROUND 1283 A#32 and B#25 = 557.515
ROUND 1284 A#33 and B#25 = 581.196
ROUND 1285 A#34 and B#25 = 540.427
ROUND 1286 A#35 and B#25 = 604.915
ROUND 1287 A#36 and B#25 = 573.765
ROUND 1288 A#37 and B#25 = 593.026
ROUND 1289 A#38 and B#25 = 562.83
ROUND 1290 A#39 and B#25 = 612.378
ROUND 1291 A#40 and B#25 = 529.538
ROUND 1292 A#41 and B#25 = 518.807
ROUND 1293 A#42 and B#25 = 516.662
ROUND 1294 A#43 and B#25 = 515.384
ROUND 1295 A#44 and B#25 = 626.429
ROUND 1296 A#45 and B#25 = 563.997
ROUND 1297 A#46 and B#25 = 499.476
ROUND 1298 A#47 and B#25 = 506.102
ROUND 1299 A#48 and B#25 = 500.453
ROUND 1300 A#49 and B#25 = 537.56
ROUND 1301 A#0 and B#26 = 475.551
ROUND 1302 A#1 and B#26 = 511.177
ROUND 1303 A#2 and B#26 = 530.76
ROUND 1304 A#3 and B#26 = 601.615
ROUND 1305 A#4 and B#26 = 549.313
ROUND 1306 A#5 and B#26 = 585.942
ROUND 1307 A#6 and B#26 = 534.568
ROUND 1308 A#7 and B#26 = 509.249
ROUND 1309 A#8 and B#26 = 567.171
ROUND 1310 A#9 and B#26 = 499.618
ROUND 1311 A#10 and B#26 = 566.076
ROUND 1312 A#11 and B#26 = 495.459
ROUND 1313 A#12 and B#26 = 511.304
ROUND 1314 A#13 and B#26 = 509.302
ROUND 1315 A#14 and B#26 = 517.354
ROUND 1316 A#15 and B#26 = 557.161
ROUND 1317 A#16 and B#26 = 523.309
ROUND 1318 A#17 and B#26 = 508.383
ROUND 1319 A#18 and B#26 = 581.68
ROUND 1320 A#19 and B#26 = 553.444
ROUND 1321 A#20 and B#26 = 526.682
ROUND 1322 A#21 and B#26 = 555.566
ROUND 1323 A#22 and B#26 = 501.516
ROUND 1324 A#23 and B#26 = 502.214
ROUND 1325 A#24 and B#26 = 509.715
ROUND 1326 A#25 and B#26 = 509.082
ROUND 1327 A#26 and B#26 = 568.607
ROUND 1328 A#27 and B#26 = 503.647
ROUND 1329 A#28 and B#26 = 529.453
ROUND 1330 A#29 and B#26 = 532.922
ROUND 1331 A#30 and B#26 = 573.33
ROUND 1332 A#31 and B#26 = 613.205
ROUND 1333 A#32 and B#26 = 537.688
ROUND 1334 A#33 and B#26 = 538.718
ROUND 1335 A#34 and B#26 = 489.369
ROUND 1336 A#35 and B#26 = 536.14
ROUND 1337 A#36 and B#26 = 556.285
ROUND 1338 A#37 and B#26 = 536.992
ROUND 1339 A#38 and B#26 = 548.016
ROUND 1340 A#39 and B#26 = 536.672
ROUND 1341 A#40 and B#26 = 527.954
ROUND 1342 A#41 and B#26 = 545.077
ROUND 1343 A#42 and B#26 = 570.398
ROUND 1344 A#43 and B#26 = 570.651
ROUND 1345 A#44 and B#26 = 629.187
ROUND 1346 A#45 and B#26 = 531.728
ROUND 1347 A#46 and B#26 = 527.784
ROUND 1348 A#47 and B#26 = 552.682
ROUND 1349 A#48 and B#26 = 517.488
ROUND 1350 A#49 and B#26 = 575.134
ROUND 1351 A#0 and B#27 = 537.409
ROUND 1352 A#1 and B#27 = 517.563
ROUND 1353 A#2 and B#27 = 636.604
ROUND 1354 A#3 and B#27 = 493.065
ROUND 1355 A#4 and B#27 = 516.5
ROUND 1356 A#5 and B#27 = 613.271
ROUND 1357 A#6 and B#27 = 509.509
ROUND 1358 A#7 and B#27 = 548.89
ROUND 1359 A#8 and B#27 = 466.716
ROUND 1360 A#9 and B#27 = 532.036
ROUND 1361 A#10 and B#27 = 465.741
ROUND 1362 A#11 and B#27 = 665.483
ROUND 1363 A#12 and B#27 = 598.779
ROUND 1364 A#13 and B#27 = 661.49
ROUND 1365 A#14 and B#27 = 622.363
ROUND 1366 A#15 and B#27 = 601.279
ROUND 1367 A#16 and B#27 = 493.497
ROUND 1368 A#17 and B#27 = 662.972
ROUND 1369 A#18 and B#27 = 526.274
ROUND 1370 A#19 and B#27 = 526.242
ROUND 1371 A#20 and B#27 = 547.324
ROUND 1372 A#21 and B#27 = 472.839
ROUND 1373 A#22 and B#27 = 595.296
ROUND 1374 A#23 and B#27 = 569.055
ROUND 1375 A#24 and B#27 = 504.402
ROUND 1376 A#25 and B#27 = 662.099
ROUND 1377 A#26 and B#27 = 540.551
ROUND 1378 A#27 and B#27 = 598.975
ROUND 1379 A#28 and B#27 = 458.753
ROUND 1380 A#29 and B#27 = 494.611
ROUND 1381 A#30 and B#27 = 523.615
ROUND 1382 A#31 and B#27 = 589.672
ROUND 1383 A#32 and B#27 = 613.473
ROUND 1384 A#33 and B#27 = 489.159
ROUND 1385 A#34 and B#27 = 583.794
ROUND 1386 A#35 and B#27 = 493.657
ROUND 1387 A#36 and B#27 = 583.271
ROUND 1388 A#37 and B#27 = 551.858
ROUND 1389 A#38 and B#27 = 522.644
ROUND 1390 A#39 and B#27 = 660.958
ROUND 1391 A#40 and B#27 = 537.394
ROUND 1392 A#41 and B#27 = 585.877
ROUND 1393 A#42 and B#27 = 558.449
ROUND 1394 A#43 and B#27 = 556.718
ROUND 1395 A#44 and B#27 = 553.624
ROUND 1396 A#45 and B#27 = 553.39
ROUND 1397 A#46 and B#27 = 588.021
ROUND 1398 A#47 and B#27 = 494.77
ROUND 1399 A#48 and B#27 = 559.777
ROUND 1400 A#49 and B#27 = 592.389
ROUND 1401 A#0 and B#28 = 602.145
ROUND 1402 A#1 and B#28 = 522.377
ROUND 1403 A#2 and B#28 = 546.857
ROUND 1404 A#3 and B#28 = 555.586
ROUND 1405 A#4 and B#28 = 558.71
ROUND 1406 A#5 and B#28 = 611.698
ROUND 1407 A#6 and B#28 = 624.007
ROUND 1408 A#7 and B#28 = 572.488
ROUND 1409 A#8 and B#28 = 514.739
ROUND 1410 A#9 and B#28 = 505.788
ROUND 1411 A#10 and B#28 = 517.067
ROUND 1412 A#11 and B#28 = 537.222
ROUND 1413 A#12 and B#28 = 566.796
ROUND 1414 A#13 and B#28 = 574.177
ROUND 1415 A#14 and B#28 = 443.51
ROUND 1416 A#15 and B#28 = 548.92
ROUND 1417 A#16 and B#28 = 581.813
ROUND 1418 A#17 and B#28 = 574.534
ROUND 1419 A#18 and B#28 = 510.166
ROUND 1420 A#19 and B#28 = 593.6
ROUND 1421 A#20 and B#28 = 580.513
ROUND 1422 A#21 and B#28 = 584.12
ROUND 1423 A#22 and B#28 = 555.011
ROUND 1424 A#23 and B#28 = 544
ROUND 1425 A#24 and B#28 = 602.697
ROUND 1426 A#25 and B#28 = 574.176
ROUND 1427 A#26 and B#28 = 563.409
ROUND 1428 A#27 and B#28 = 567.642
ROUND 1429 A#28 and B#28 = 527.732
ROUND 1430 A#29 and B#28 = 552.344
ROUND 1431 A#30 and B#28 = 537.992
ROUND 1432 A#31 and B#28 = 522.671
ROUND 1433 A#32 and B#28 = 672.285
ROUND 1434 A#33 and B#28 = 534.214
ROUND 1435 A#34 and B#28 = 601.945
ROUND 1436 A#35 and B#28 = 549.697
ROUND 1437 A#36 and B#28 = 564.476
ROUND 1438 A#37 and B#28 = 556.979
ROUND 1439 A#38 and B#28 = 555.25
ROUND 1440 A#39 and B#28 = 545.837
ROUND 1441 A#40 and B#28 = 561.13
ROUND 1442 A#41 and B#28 = 566.493
ROUND 1443 A#42 and B#28 = 552.058
ROUND 1444 A#43 and B#28 = 551.192
ROUND 1445 A#44 and B#28 = 591.314
ROUND 1446 A#45 and B#28 = 554.917
ROUND 1447 A#46 and B#28 = 522.005
ROUND 1448 A#47 and B#28 = 538.732
ROUND 1449 A#48 and B#28 = 550.373
ROUND 1450 A#49 and B#28 = 533.806
ROUND 1451 A#0 and B#29 = 634.693
ROUND 1452 A#1 and B#29 = 548.822
ROUND 1453 A#2 and B#29 = 579.108
ROUND 1454 A#3 and B#29 = 537.14
ROUND 1455 A#4 and B#29 = 481.663
ROUND 1456 A#5 and B#29 = 601.214
ROUND 1457 A#6 and B#29 = 640.606
ROUND 1458 A#7 and B#29 = 598.822
ROUND 1459 A#8 and B#29 = 522.644
ROUND 1460 A#9 and B#29 = 447.797
ROUND 1461 A#10 and B#29 = 522.178
ROUND 1462 A#11 and B#29 = 544.872
ROUND 1463 A#12 and B#29 = 559.673
ROUND 1464 A#13 and B#29 = 557.995
ROUND 1465 A#14 and B#29 = 465.114
ROUND 1466 A#15 and B#29 = 650.976
ROUND 1467 A#16 and B#29 = 552.916
ROUND 1468 A#17 and B#29 = 600.316
ROUND 1469 A#18 and B#29 = 543.773
ROUND 1470 A#19 and B#29 = 593.245
ROUND 1471 A#20 and B#29 = 589.811
ROUND 1472 A#21 and B#29 = 557.523
ROUND 1473 A#22 and B#29 = 605.679
ROUND 1474 A#23 and B#29 = 552.879
ROUND 1475 A#24 and B#29 = 523.374
ROUND 1476 A#25 and B#29 = 601.409
ROUND 1477 A#26 and B#29 = 585.92
ROUND 1478 A#27 and B#29 = 599.289
ROUND 1479 A#28 and B#29 = 557.398
ROUND 1480 A#29 and B#29 = 582.863
ROUND 1481 A#30 and B#29 = 592.919
ROUND 1482 A#31 and B#29 = 509.445
ROUND 1483 A#32 and B#29 = 576.718
ROUND 1484 A#33 and B#29 = 587.664
ROUND 1485 A#34 and B#29 = 507.557
ROUND 1486 A#35 and B#29 = 533.905
ROUND 1487 A#36 and B#29 = 539.488
ROUND 1488 A#37 and B#29 = 500.182
ROUND 1489 A#38 and B#29 = 584.658
ROUND 1490 A#39 and B#29 = 543.638
ROUND 1491 A#40 and B#29 = 499.297
ROUND 1492 A#41 and B#29 = 573.184
ROUND 1493 A#42 and B#29 = 471.378
ROUND 1494 A#43 and B#29 = 470.696
ROUND 1495 A#44 and B#29 = 599.021
ROUND 1496 A#45 and B#29 = 449.646
ROUND 1497 A#46 and B#29 = 550.253
ROUND 1498 A#47 and B#29 = 467.393
ROUND 1499 A#48 and B#29 = 539.478
ROUND 1500 A#49 and B#29 = 595.089
ROUND 1501 A#0 and B#30 = 543.299
ROUND 1502 A#1 and B#30 = 552.177
ROUND 1503 A#2 and B#30 = 616.482
ROUND 1504 A#3 and B#30 = 601.39
ROUND 1505 A#4 and B#30 = 516.899
ROUND 1506 A#5 and B#30 = 575.748
ROUND 1507 A#6 and B#30 = 559.705
ROUND 1508 A#7 and B#30 = 525.284
ROUND 1509 A#8 and B#30 = 541.802
ROUND 1510 A#9 and B#30 = 474.366
ROUND 1511 A#10 and B#30 = 542.986
ROUND 1512 A#11 and B#30 = 523.822
ROUND 1513 A#12 and B#30 = 643.538
ROUND 1514 A#13 and B#30 = 525.83
ROUND 1515 A#14 and B#30 = 496.562
ROUND 1516 A#15 and B#30 = 506.479
ROUND 1517 A#16 and B#30 = 588.046
ROUND 1518 A#17 and B#30 = 527.225
ROUND 1519 A#18 and B#30 = 533.86
ROUND 1520 A#19 and B#30 = 538.557
ROUND 1521 A#20 and B#30 = 547.559
ROUND 1522 A#21 and B#30 = 507.776
ROUND 1523 A#22 and B#30 = 566.575
ROUND 1524 A#23 and B#30 = 535.556
ROUND 1525 A#24 and B#30 = 565.074
ROUND 1526 A#25 and B#30 = 528.867
ROUND 1527 A#26 and B#30 = 599.82
ROUND 1528 A#27 and B#30 = 498.401
ROUND 1529 A#28 and B#30 = 572.223
ROUND 1530 A#29 and B#30 = 483.413
ROUND 1531 A#30 and B#30 = 540.897
ROUND 1532 A#31 and B#30 = 554.312
ROUND 1533 A#32 and B#30 = 544.21
ROUND 1534 A#33 and B#30 = 567.454
ROUND 1535 A#34 and B#30 = 453.38
ROUND 1536 A#35 and B#30 = 482.318
ROUND 1537 A#36 and B#30 = 572.59
ROUND 1538 A#37 and B#30 = 596.792
ROUND 1539 A#38 and B#30 = 534.725
ROUND 1540 A#39 and B#30 = 485.232
ROUND 1541 A#40 and B#30 = 528.767
ROUND 1542 A#41 and B#30 = 581.158
ROUND 1543 A#42 and B#30 = 527.612
ROUND 1544 A#43 and B#30 = 528.443
ROUND 1545 A#44 and B#30 = 622.87
ROUND 1546 A#45 and B#30 = 476.494
ROUND 1547 A#46 and B#30 = 539.861
ROUND 1548 A#47 and B#30 = 558.409
ROUND 1549 A#48 and B#30 = 424.052
ROUND 1550 A#49 and B#30 = 610.558
ROUND 1551 A#0 and B#31 = 544.747
ROUND 1552 A#1 and B#31 = 609.82
ROUND 1553 A#2 and B#31 = 661.59
ROUND 1554 A#3 and B#31 = 548.579
ROUND 1555 A#4 and B#31 = 629.292
ROUND 1556 A#5 and B#31 = 540.957
ROUND 1557 A#6 and B#31 = 587.307
ROUND 1558 A#7 and B#31 = 639.471
ROUND 1559 A#8 and B#31 = 582.675
ROUND 1560 A#9 and B#31 = 493.395
ROUND 1561 A#10 and B#31 = 581.811
ROUND 1562 A#11 and B#31 = 602.134
ROUND 1563 A#12 and B#31 = 514.548
ROUND 1564 A#13 and B#31 = 638.88
ROUND 1565 A#14 and B#31 = 564.406
ROUND 1566 A#15 and B#31 = 565.128
ROUND 1567 A#16 and B#31 = 596.82
ROUND 1568 A#17 and B#31 = 639.102
ROUND 1569 A#18 and B#31 = 552.082
ROUND 1570 A#19 and B#31 = 556.56
ROUND 1571 A#20 and B#31 = 638.144
ROUND 1572 A#21 and B#31 = 620.161
ROUND 1573 A#22 and B#31 = 621.44
ROUND 1574 A#23 and B#31 = 604.871
ROUND 1575 A#24 and B#31 = 604.416
ROUND 1576 A#25 and B#31 = 637.517
ROUND 1577 A#26 and B#31 = 574.334
ROUND 1578 A#27 and B#31 = 624.956
ROUND 1579 A#28 and B#31 = 623.2
ROUND 1580 A#29 and B#31 = 521.57
ROUND 1581 A#30 and B#31 = 597.801
ROUND 1582 A#31 and B#31 = 643.204
ROUND 1583 A#32 and B#31 = 495.898
ROUND 1584 A#33 and B#31 = 575.551
ROUND 1585 A#34 and B#31 = 566.518
ROUND 1586 A#35 and B#31 = 649.932
ROUND 1587 A#36 and B#31 = 567.745
ROUND 1588 A#37 and B#31 = 609.943
ROUND 1589 A#38 and B#31 = 601.345
ROUND 1590 A#39 and B#31 = 652.048
ROUND 1591 A#40 and B#31 = 591.031
ROUND 1592 A#41 and B#31 = 549.325
ROUND 1593 A#42 and B#31 = 590.962
ROUND 1594 A#43 and B#31 = 591.151
ROUND 1595 A#44 and B#31 = 643.688
ROUND 1596 A#45 and B#31 = 558.83
ROUND 1597 A#46 and B#31 = 579.149
ROUND 1598 A#47 and B#31 = 569.991
ROUND 1599 A#48 and B#31 = 449.456
ROUND 1600 A#49 and B#31 = 584.98
ROUND 1601 A#0 and B#32 = 544.219
ROUND 1602 A#1 and B#32 = 551.799
ROUND 1603 A#2 and B#32 = 617.763
ROUND 1604 A#3 and B#32 = 600.349
ROUND 1605 A#4 and B#32 = 516.569
ROUND 1606 A#5 and B#32 = 574.458
ROUND 1607 A#6 and B#32 = 560.354
ROUND 1608 A#7 and B#32 = 525.93
ROUND 1609 A#8 and B#32 = 542.912
ROUND 1610 A#9 and B#32 = 473.671
ROUND 1611 A#10 and B#32 = 544.495
ROUND 1612 A#11 and B#32 = 497.973
ROUND 1613 A#12 and B#32 = 643.058
ROUND 1614 A#13 and B#32 = 526.494
ROUND 1615 A#14 and B#32 = 496.907
ROUND 1616 A#15 and B#32 = 505.611
ROUND 1617 A#16 and B#32 = 587.696
ROUND 1618 A#17 and B#32 = 527.874
ROUND 1619 A#18 and B#32 = 535.691
ROUND 1620 A#19 and B#32 = 538.725
ROUND 1621 A#20 and B#32 = 547.58
ROUND 1622 A#21 and B#32 = 507.563
ROUND 1623 A#22 and B#32 = 497.12
ROUND 1624 A#23 and B#32 = 534.409
ROUND 1625 A#24 and B#32 = 566.61
ROUND 1626 A#25 and B#32 = 529.683
ROUND 1627 A#26 and B#32 = 598.811
ROUND 1628 A#27 and B#32 = 497.634
ROUND 1629 A#28 and B#32 = 572.458
ROUND 1630 A#29 and B#32 = 483.297
ROUND 1631 A#30 and B#32 = 540.44
ROUND 1632 A#31 and B#32 = 551.777
ROUND 1633 A#32 and B#32 = 544.992
ROUND 1634 A#33 and B#32 = 569.104
ROUND 1635 A#34 and B#32 = 471.033
ROUND 1636 A#35 and B#32 = 481.491
ROUND 1637 A#36 and B#32 = 572.77
ROUND 1638 A#37 and B#32 = 598.23
ROUND 1639 A#38 and B#32 = 534.29
ROUND 1640 A#39 and B#32 = 484.46
ROUND 1641 A#40 and B#32 = 529.764
ROUND 1642 A#41 and B#32 = 582.834
ROUND 1643 A#42 and B#32 = 526.782
ROUND 1644 A#43 and B#32 = 527.544
ROUND 1645 A#44 and B#32 = 622.211
ROUND 1646 A#45 and B#32 = 475.913
ROUND 1647 A#46 and B#32 = 538.265
ROUND 1648 A#47 and B#32 = 560.19
ROUND 1649 A#48 and B#32 = 425.421
ROUND 1650 A#49 and B#32 = 609.514
ROUND 1651 A#0 and B#33 = 521.491
ROUND 1652 A#1 and B#33 = 610.482
ROUND 1653 A#2 and B#33 = 578.212
ROUND 1654 A#3 and B#33 = 536.731
ROUND 1655 A#4 and B#33 = 605.823
ROUND 1656 A#5 and B#33 = 544.505
ROUND 1657 A#6 and B#33 = 585.429
ROUND 1658 A#7 and B#33 = 628.036
ROUND 1659 A#8 and B#33 = 565.91
ROUND 1660 A#9 and B#33 = 495.161
ROUND 1661 A#10 and B#33 = 564.942
ROUND 1662 A#11 and B#33 = 593.451
ROUND 1663 A#12 and B#33 = 584.01
ROUND 1664 A#13 and B#33 = 628.26
ROUND 1665 A#14 and B#33 = 569.994
ROUND 1666 A#15 and B#33 = 552.628
ROUND 1667 A#16 and B#33 = 583.85
ROUND 1668 A#17 and B#33 = 628.348
ROUND 1669 A#18 and B#33 = 534.874
ROUND 1670 A#19 and B#33 = 538.804
ROUND 1671 A#20 and B#33 = 628.916
ROUND 1672 A#21 and B#33 = 603.367
ROUND 1673 A#22 and B#33 = 611.573
ROUND 1674 A#23 and B#33 = 603.542
ROUND 1675 A#24 and B#33 = 583.602
ROUND 1676 A#25 and B#33 = 626.817
ROUND 1677 A#26 and B#33 = 597.641
ROUND 1678 A#27 and B#33 = 615.079
ROUND 1679 A#28 and B#33 = 609.336
ROUND 1680 A#29 and B#33 = 615.168
ROUND 1681 A#30 and B#33 = 583.836
ROUND 1682 A#31 and B#33 = 632.93
ROUND 1683 A#32 and B#33 = 493.502
ROUND 1684 A#33 and B#33 = 571.235
ROUND 1685 A#34 and B#33 = 580.884
ROUND 1686 A#35 and B#33 = 633.887
ROUND 1687 A#36 and B#33 = 549.654
ROUND 1688 A#37 and B#33 = 611.06
ROUND 1689 A#38 and B#33 = 567.089
ROUND 1690 A#39 and B#33 = 640.981
ROUND 1691 A#40 and B#33 = 559.498
ROUND 1692 A#41 and B#33 = 545.919
ROUND 1693 A#42 and B#33 = 590.923
ROUND 1694 A#43 and B#33 = 591.177
ROUND 1695 A#44 and B#33 = 661.759
ROUND 1696 A#45 and B#33 = 553.081
ROUND 1697 A#46 and B#33 = 560.049
ROUND 1698 A#47 and B#33 = 567.836
ROUND 1699 A#48 and B#33 = 446.906
ROUND 1700 A#49 and B#33 = 587.801
ROUND 1701 A#0 and B#34 = 499.965
ROUND 1702 A#1 and B#34 = 537.295
ROUND 1703 A#2 and B#34 = 539.409
ROUND 1704 A#3 and B#34 = 580.268
ROUND 1705 A#4 and B#34 = 570.25
ROUND 1706 A#5 and B#34 = 590.803
ROUND 1707 A#6 and B#34 = 520.144
ROUND 1708 A#7 and B#34 = 543.646
ROUND 1709 A#8 and B#34 = 579.221
ROUND 1710 A#9 and B#34 = 496.472
ROUND 1711 A#10 and B#34 = 577.677
ROUND 1712 A#11 and B#34 = 527.456
ROUND 1713 A#12 and B#34 = 506.735
ROUND 1714 A#13 and B#34 = 543.482
ROUND 1715 A#14 and B#34 = 576.182
ROUND 1716 A#15 and B#34 = 628.336
ROUND 1717 A#16 and B#34 = 577.411
ROUND 1718 A#17 and B#34 = 542.565
ROUND 1719 A#18 and B#34 = 571.861
ROUND 1720 A#19 and B#34 = 570.887
ROUND 1721 A#20 and B#34 = 558.68
ROUND 1722 A#21 and B#34 = 587.659
ROUND 1723 A#22 and B#34 = 534.627
ROUND 1724 A#23 and B#34 = 455.36
ROUND 1725 A#24 and B#34 = 513.35
ROUND 1726 A#25 and B#34 = 542.258
ROUND 1727 A#26 and B#34 = 573.496
ROUND 1728 A#27 and B#34 = 535.908
ROUND 1729 A#28 and B#34 = 512.245
ROUND 1730 A#29 and B#34 = 569.657
ROUND 1731 A#30 and B#34 = 569.99
ROUND 1732 A#31 and B#34 = 627.79
ROUND 1733 A#32 and B#34 = 531.638
ROUND 1734 A#33 and B#34 = 513.995
ROUND 1735 A#34 and B#34 = 526.896
ROUND 1736 A#35 and B#34 = 566.141
ROUND 1737 A#36 and B#34 = 601.057
ROUND 1738 A#37 and B#34 = 558.982
ROUND 1739 A#38 and B#34 = 576.054
ROUND 1740 A#39 and B#34 = 561.063
ROUND 1741 A#40 and B#34 = 544.718
ROUND 1742 A#41 and B#34 = 628.225
ROUND 1743 A#42 and B#34 = 561.782
ROUND 1744 A#43 and B#34 = 559.256
ROUND 1745 A#44 and B#34 = 648.892
ROUND 1746 A#45 and B#34 = 549.902
ROUND 1747 A#46 and B#34 = 516.657
ROUND 1748 A#47 and B#34 = 529.955
ROUND 1749 A#48 and B#34 = 479.607
ROUND 1750 A#49 and B#34 = 548.982
ROUND 1751 A#0 and B#35 = 640.152
ROUND 1752 A#1 and B#35 = 611.957
ROUND 1753 A#2 and B#35 = 544.819
ROUND 1754 A#3 and B#35 = 522.026
ROUND 1755 A#4 and B#35 = 561.47
ROUND 1756 A#5 and B#35 = 587.419
ROUND 1757 A#6 and B#35 = 565.472
ROUND 1758 A#7 and B#35 = 529.426
ROUND 1759 A#8 and B#35 = 559.721
ROUND 1760 A#9 and B#35 = 553.479
ROUND 1761 A#10 and B#35 = 559.496
ROUND 1762 A#11 and B#35 = 559.675
ROUND 1763 A#12 and B#35 = 531.535
ROUND 1764 A#13 and B#35 = 527.273
ROUND 1765 A#14 and B#35 = 488.198
ROUND 1766 A#15 and B#35 = 605.287
ROUND 1767 A#16 and B#35 = 528.983
ROUND 1768 A#17 and B#35 = 528.112
ROUND 1769 A#18 and B#35 = 557.72
ROUND 1770 A#19 and B#35 = 524.374
ROUND 1771 A#20 and B#35 = 532.372
ROUND 1772 A#21 and B#35 = 533.764
ROUND 1773 A#22 and B#35 = 510.585
ROUND 1774 A#23 and B#35 = 525.715
ROUND 1775 A#24 and B#35 = 528.811
ROUND 1776 A#25 and B#35 = 527.583
ROUND 1777 A#26 and B#35 = 582.962
ROUND 1778 A#27 and B#35 = 514.921
ROUND 1779 A#28 and B#35 = 564.37
ROUND 1780 A#29 and B#35 = 515.3
ROUND 1781 A#30 and B#35 = 587.699
ROUND 1782 A#31 and B#35 = 625.928
ROUND 1783 A#32 and B#35 = 593.742
ROUND 1784 A#33 and B#35 = 579.887
ROUND 1785 A#34 and B#35 = 554.339
ROUND 1786 A#35 and B#35 = 553.977
ROUND 1787 A#36 and B#35 = 632.504
ROUND 1788 A#37 and B#35 = 651.545
ROUND 1789 A#38 and B#35 = 539.334
ROUND 1790 A#39 and B#35 = 556.039
ROUND 1791 A#40 and B#35 = 558.657
ROUND 1792 A#41 and B#35 = 594.538
ROUND 1793 A#42 and B#35 = 570.433
ROUND 1794 A#43 and B#35 = 567.361
ROUND 1795 A#44 and B#35 = 563.987
ROUND 1796 A#45 and B#35 = 512.977
ROUND 1797 A#46 and B#35 = 520.978
ROUND 1798 A#47 and B#35 = 541.5
ROUND 1799 A#48 and B#35 = 448.384
ROUND 1800 A#49 and B#35 = 602.235
ROUND 1801 A#0 and B#36 = 595.368
ROUND 1802 A#1 and B#36 = 591.62
ROUND 1803 A#2 and B#36 = 599.016
ROUND 1804 A#3 and B#36 = 481.065
ROUND 1805 A#4 and B#36 = 544.209
ROUND 1806 A#5 and B#36 = 606.974
ROUND 1807 A#6 and B#36 = 607.065
ROUND 1808 A#7 and B#36 = 557.044
ROUND 1809 A#8 and B#36 = 586.261
ROUND 1810 A#9 and B#36 = 458.891
ROUND 1811 A#10 and B#36 = 585.639
ROUND 1812 A#11 and B#36 = 542.75
ROUND 1813 A#12 and B#36 = 526.87
ROUND 1814 A#13 and B#36 = 517.965
ROUND 1815 A#14 and B#36 = 499.373
ROUND 1816 A#15 and B#36 = 537.106
ROUND 1817 A#16 and B#36 = 586.323
ROUND 1818 A#17 and B#36 = 518.26
ROUND 1819 A#18 and B#36 = 433.498
ROUND 1820 A#19 and B#36 = 619.571
ROUND 1821 A#20 and B#36 = 565.781
ROUND 1822 A#21 and B#36 = 572.844
ROUND 1823 A#22 and B#36 = 541.306
ROUND 1824 A#23 and B#36 = 532.419
ROUND 1825 A#24 and B#36 = 587.761
ROUND 1826 A#25 and B#36 = 515.342
ROUND 1827 A#26 and B#36 = 546.528
ROUND 1828 A#27 and B#36 = 543.742
ROUND 1829 A#28 and B#36 = 519.658
ROUND 1830 A#29 and B#36 = 559.027
ROUND 1831 A#30 and B#36 = 522.96
ROUND 1832 A#31 and B#36 = 512.803
ROUND 1833 A#32 and B#36 = 660.363
ROUND 1834 A#33 and B#36 = 583.995
ROUND 1835 A#34 and B#36 = 612.256
ROUND 1836 A#35 and B#36 = 568.817
ROUND 1837 A#36 and B#36 = 591.918
ROUND 1838 A#37 and B#36 = 496.227
ROUND 1839 A#38 and B#36 = 556.932
ROUND 1840 A#39 and B#36 = 571.736
ROUND 1841 A#40 and B#36 = 596.419
ROUND 1842 A#41 and B#36 = 545.74
ROUND 1843 A#42 and B#36 = 524.152
ROUND 1844 A#43 and B#36 = 524.337
ROUND 1845 A#44 and B#36 = 590.248
ROUND 1846 A#45 and B#36 = 527.819
ROUND 1847 A#46 and B#36 = 569.578
ROUND 1848 A#47 and B#36 = 534.943
ROUND 1849 A#48 and B#36 = 522.339
ROUND 1850 A#49 and B#36 = 561.185
ROUND 1851 A#0 and B#37 = 505.902
ROUND 1852 A#1 and B#37 = 479.809
ROUND 1853 A#2 and B#37 = 500.532
ROUND 1854 A#3 and B#37 = 580.398
ROUND 1855 A#4 and B#37 = 571.02
ROUND 1856 A#5 and B#37 = 520.969
ROUND 1857 A#6 and B#37 = 533.721
ROUND 1858 A#7 and B#37 = 509.547
ROUND 1859 A#8 and B#37 = 565.134
ROUND 1860 A#9 and B#37 = 520.223
ROUND 1861 A#10 and B#37 = 563.825
ROUND 1862 A#11 and B#37 = 512.29
ROUND 1863 A#12 and B#37 = 576.134
ROUND 1864 A#13 and B#37 = 508.05
ROUND 1865 A#14 and B#37 = 527.065
ROUND 1866 A#15 and B#37 = 494.298
ROUND 1867 A#16 and B#37 = 533.359
ROUND 1868 A#17 and B#37 = 508.697
ROUND 1869 A#18 and B#37 = 561.142
ROUND 1870 A#19 and B#37 = 491.847
ROUND 1871 A#20 and B#37 = 518.875
ROUND 1872 A#21 and B#37 = 522.019
ROUND 1873 A#22 and B#37 = 490.287
ROUND 1874 A#23 and B#37 = 428.436
ROUND 1875 A#24 and B#37 = 511.41
ROUND 1876 A#25 and B#37 = 507.074
ROUND 1877 A#26 and B#37 = 548.805
ROUND 1878 A#27 and B#37 = 496.324
ROUND 1879 A#28 and B#37 = 504.691
ROUND 1880 A#29 and B#37 = 536.239
ROUND 1881 A#30 and B#37 = 564.483
ROUND 1882 A#31 and B#37 = 556.812
ROUND 1883 A#32 and B#37 = 529.747
ROUND 1884 A#33 and B#37 = 462.027
ROUND 1885 A#34 and B#37 = 502.622
ROUND 1886 A#35 and B#37 = 547.194
ROUND 1887 A#36 and B#37 = 568.142
ROUND 1888 A#37 and B#37 = 565.815
ROUND 1889 A#38 and B#37 = 473.299
ROUND 1890 A#39 and B#37 = 547.142
ROUND 1891 A#40 and B#37 = 554.626
ROUND 1892 A#41 and B#37 = 520.488
ROUND 1893 A#42 and B#37 = 565.906
ROUND 1894 A#43 and B#37 = 563.733
ROUND 1895 A#44 and B#37 = 588.046
ROUND 1896 A#45 and B#37 = 517.829
ROUND 1897 A#46 and B#37 = 525.64
ROUND 1898 A#47 and B#37 = 541.695
ROUND 1899 A#48 and B#37 = 502.608
ROUND 1900 A#49 and B#37 = 595.874
ROUND 1901 A#0 and B#38 = 543.453
ROUND 1902 A#1 and B#38 = 551.589
ROUND 1903 A#2 and B#38 = 616.28
ROUND 1904 A#3 and B#38 = 600.657
ROUND 1905 A#4 and B#38 = 516.889
ROUND 1906 A#5 and B#38 = 575.581
ROUND 1907 A#6 and B#38 = 559.817
ROUND 1908 A#7 and B#38 = 525.506
ROUND 1909 A#8 and B#38 = 541.758
ROUND 1910 A#9 and B#38 = 473.586
ROUND 1911 A#10 and B#38 = 543.006
ROUND 1912 A#11 and B#38 = 524.323
ROUND 1913 A#12 and B#38 = 643.252
ROUND 1914 A#13 and B#38 = 526.033
ROUND 1915 A#14 and B#38 = 447.361
ROUND 1916 A#15 and B#38 = 506.834
ROUND 1917 A#16 and B#38 = 588.303
ROUND 1918 A#17 and B#38 = 527.462
ROUND 1919 A#18 and B#38 = 546.917
ROUND 1920 A#19 and B#38 = 538.579
ROUND 1921 A#20 and B#38 = 547.774
ROUND 1922 A#21 and B#38 = 507.998
ROUND 1923 A#22 and B#38 = 566.651
ROUND 1924 A#23 and B#38 = 535.577
ROUND 1925 A#24 and B#38 = 565.041
ROUND 1926 A#25 and B#38 = 529.08
ROUND 1927 A#26 and B#38 = 599.43
ROUND 1928 A#27 and B#38 = 563.497
ROUND 1929 A#28 and B#38 = 572.05
ROUND 1930 A#29 and B#38 = 483.569
ROUND 1931 A#30 and B#38 = 541.199
ROUND 1932 A#31 and B#38 = 553.946
ROUND 1933 A#32 and B#38 = 544.022
ROUND 1934 A#33 and B#38 = 567.754
ROUND 1935 A#34 and B#38 = 556.228
ROUND 1936 A#35 and B#38 = 482.133
ROUND 1937 A#36 and B#38 = 572.415
ROUND 1938 A#37 and B#38 = 597.248
ROUND 1939 A#38 and B#38 = 534.69
ROUND 1940 A#39 and B#38 = 485.107
ROUND 1941 A#40 and B#38 = 528.628
ROUND 1942 A#41 and B#38 = 581.169
ROUND 1943 A#42 and B#38 = 528.183
ROUND 1944 A#43 and B#38 = 529.014
ROUND 1945 A#44 and B#38 = 622.687
ROUND 1946 A#45 and B#38 = 476.855
ROUND 1947 A#46 and B#38 = 539.384
ROUND 1948 A#47 and B#38 = 558.103
ROUND 1949 A#48 and B#38 = 424.108
ROUND 1950 A#49 and B#38 = 610.247
ROUND 1951 A#0 and B#39 = 470.317
ROUND 1952 A#1 and B#39 = 558.372
ROUND 1953 A#2 and B#39 = 537.47
ROUND 1954 A#3 and B#39 = 562.946
ROUND 1955 A#4 and B#39 = 593.939
ROUND 1956 A#5 and B#39 = 586.739
ROUND 1957 A#6 and B#39 = 533.846
ROUND 1958 A#7 and B#39 = 584.816
ROUND 1959 A#8 and B#39 = 551.293
ROUND 1960 A#9 and B#39 = 576.468
ROUND 1961 A#10 and B#39 = 550.771
ROUND 1962 A#11 and B#39 = 520.659
ROUND 1963 A#12 and B#39 = 522.948
ROUND 1964 A#13 and B#39 = 583.041
ROUND 1965 A#14 and B#39 = 571.496
ROUND 1966 A#15 and B#39 = 528.768
ROUND 1967 A#16 and B#39 = 556.972
ROUND 1968 A#17 and B#39 = 582.891
ROUND 1969 A#18 and B#39 = 630.536
ROUND 1970 A#19 and B#39 = 503.722
ROUND 1971 A#20 and B#39 = 584.267
ROUND 1972 A#21 and B#39 = 564.979
ROUND 1973 A#22 and B#39 = 576.659
ROUND 1974 A#23 and B#39 = 540.016
ROUND 1975 A#24 and B#39 = 539.147
ROUND 1976 A#25 and B#39 = 578.463
ROUND 1977 A#26 and B#39 = 564.101
ROUND 1978 A#27 and B#39 = 579.442
ROUND 1979 A#28 and B#39 = 604.854
ROUND 1980 A#29 and B#39 = 472.099
ROUND 1981 A#30 and B#39 = 574.821
ROUND 1982 A#31 and B#39 = 653.915
ROUND 1983 A#32 and B#39 = 565.243
ROUND 1984 A#33 and B#39 = 590.824
ROUND 1985 A#34 and B#39 = 531.444
ROUND 1986 A#35 and B#39 = 628.975
ROUND 1987 A#36 and B#39 = 558.364
ROUND 1988 A#37 and B#39 = 586.742
ROUND 1989 A#38 and B#39 = 548.785
ROUND 1990 A#39 and B#39 = 618.518
ROUND 1991 A#40 and B#39 = 515.821
ROUND 1992 A#41 and B#39 = 538.129
ROUND 1993 A#42 and B#39 = 505.84
ROUND 1994 A#43 and B#39 = 504.458
ROUND 1995 A#44 and B#39 = 621.213
ROUND 1996 A#45 and B#39 = 546.872
ROUND 1997 A#46 and B#39 = 545.478
ROUND 1998 A#47 and B#39 = 509.968
ROUND 1999 A#48 and B#39 = 484.635
ROUND 2000 A#49 and B#39 = 538.372
ROUND 2001 A#0 and B#40 = 639.255
ROUND 2002 A#1 and B#40 = 559.302
ROUND 2003 A#2 and B#40 = 545.34
ROUND 2004 A#3 and B#40 = 523.4
ROUND 2005 A#4 and B#40 = 561.979
ROUND 2006 A#5 and B#40 = 588.187
ROUND 2007 A#6 and B#40 = 564.422
ROUND 2008 A#7 and B#40 = 528.452
ROUND 2009 A#8 and B#40 = 560.77
ROUND 2010 A#9 and B#40 = 554.459
ROUND 2011 A#10 and B#40 = 560.49
ROUND 2012 A#11 and B#40 = 560.566
ROUND 2013 A#12 and B#40 = 531.779
ROUND 2014 A#13 and B#40 = 526.271
ROUND 2015 A#14 and B#40 = 487.957
ROUND 2016 A#15 and B#40 = 607.041
ROUND 2017 A#16 and B#40 = 528.069
ROUND 2018 A#17 and B#40 = 527.104
ROUND 2019 A#18 and B#40 = 556.449
ROUND 2020 A#19 and B#40 = 524.832
ROUND 2021 A#20 and B#40 = 531.405
ROUND 2022 A#21 and B#40 = 533.161
ROUND 2023 A#22 and B#40 = 510.028
ROUND 2024 A#23 and B#40 = 526.358
ROUND 2025 A#24 and B#40 = 528.062
ROUND 2026 A#25 and B#40 = 526.637
ROUND 2027 A#26 and B#40 = 582.982
ROUND 2028 A#27 and B#40 = 514.284
ROUND 2029 A#28 and B#40 = 563.482
ROUND 2030 A#29 and B#40 = 515.666
ROUND 2031 A#30 and B#40 = 587.495
ROUND 2032 A#31 and B#40 = 625.897
ROUND 2033 A#32 and B#40 = 594.522
ROUND 2034 A#33 and B#40 = 580.034
ROUND 2035 A#34 and B#40 = 555.306
ROUND 2036 A#35 and B#40 = 554.791
ROUND 2037 A#36 and B#40 = 633.92
ROUND 2038 A#37 and B#40 = 608.619
ROUND 2039 A#38 and B#40 = 539.871
ROUND 2040 A#39 and B#40 = 557.016
ROUND 2041 A#40 and B#40 = 560.412
ROUND 2042 A#41 and B#40 = 594.441
ROUND 2043 A#42 and B#40 = 570.261
ROUND 2044 A#43 and B#40 = 567.015
ROUND 2045 A#44 and B#40 = 565.009
ROUND 2046 A#45 and B#40 = 513.073
ROUND 2047 A#46 and B#40 = 521.689
ROUND 2048 A#47 and B#40 = 541.975
ROUND 2049 A#48 and B#40 = 448.136
ROUND 2050 A#49 and B#40 = 601.981
ROUND 2051 A#0 and B#41 = 537.776
ROUND 2052 A#1 and B#41 = 627.658
ROUND 2053 A#2 and B#41 = 507.462
ROUND 2054 A#3 and B#41 = 480.438
ROUND 2055 A#4 and B#41 = 528.911
ROUND 2056 A#5 and B#41 = 584.147
ROUND 2057 A#6 and B#41 = 570.263
ROUND 2058 A#7 and B#41 = 607.261
ROUND 2059 A#8 and B#41 = 552.538
ROUND 2060 A#9 and B#41 = 492.212
ROUND 2061 A#10 and B#41 = 564.374
ROUND 2062 A#11 and B#41 = 607.822
ROUND 2063 A#12 and B#41 = 486.023
ROUND 2064 A#13 and B#41 = 603.93
ROUND 2065 A#14 and B#41 = 557.279
ROUND 2066 A#15 and B#41 = 529.533
ROUND 2067 A#16 and B#41 = 541.343
ROUND 2068 A#17 and B#41 = 604.102
ROUND 2069 A#18 and B#41 = 508.57
ROUND 2070 A#19 and B#41 = 580.002
ROUND 2071 A#20 and B#41 = 599.542
ROUND 2072 A#21 and B#41 = 573.935
ROUND 2073 A#22 and B#41 = 610.113
ROUND 2074 A#23 and B#41 = 559.22
ROUND 2075 A#24 and B#41 = 573.188
ROUND 2076 A#25 and B#41 = 607.328
ROUND 2077 A#26 and B#41 = 572.293
ROUND 2078 A#27 and B#41 = 607.218
ROUND 2079 A#28 and B#41 = 596.878
ROUND 2080 A#29 and B#41 = 541.703
ROUND 2081 A#30 and B#41 = 563.396
ROUND 2082 A#31 and B#41 = 628.76
ROUND 2083 A#32 and B#41 = 507.803
ROUND 2084 A#33 and B#41 = 563.302
ROUND 2085 A#34 and B#41 = 586.002
ROUND 2086 A#35 and B#41 = 615.246
ROUND 2087 A#36 and B#41 = 560.302
ROUND 2088 A#37 and B#41 = 581.071
ROUND 2089 A#38 and B#41 = 564.834
ROUND 2090 A#39 and B#41 = 610.255
ROUND 2091 A#40 and B#41 = 498.214
ROUND 2092 A#41 and B#41 = 669.987
ROUND 2093 A#42 and B#41 = 588.319
ROUND 2094 A#43 and B#41 = 587.955
ROUND 2095 A#44 and B#41 = 577.037
ROUND 2096 A#45 and B#41 = 544.538
ROUND 2097 A#46 and B#41 = 581.091
ROUND 2098 A#47 and B#41 = 583.42
ROUND 2099 A#48 and B#41 = 445.749
ROUND 2100 A#49 and B#41 = 566.672
ROUND 2101 A#0 and B#42 = 469.221
ROUND 2102 A#1 and B#42 = 561.243
ROUND 2103 A#2 and B#42 = 640.624
ROUND 2104 A#3 and B#42 = 565.774
ROUND 2105 A#4 and B#42 = 591.084
ROUND 2106 A#5 and B#42 = 586.324
ROUND 2107 A#6 and B#42 = 535.442
ROUND 2108 A#7 and B#42 = 590.396
ROUND 2109 A#8 and B#42 = 555.004
ROUND 2110 A#9 and B#42 = 574.887
ROUND 2111 A#10 and B#42 = 554.541
ROUND 2112 A#11 and B#42 = 519.15
ROUND 2113 A#12 and B#42 = 522.442
ROUND 2114 A#13 and B#42 = 589.725
ROUND 2115 A#14 and B#42 = 570.473
ROUND 2116 A#15 and B#42 = 526.825
ROUND 2117 A#16 and B#42 = 552.053
ROUND 2118 A#17 and B#42 = 589.581
ROUND 2119 A#18 and B#42 = 631.205
ROUND 2120 A#19 and B#42 = 508.774
ROUND 2121 A#20 and B#42 = 586.691
ROUND 2122 A#21 and B#42 = 563.145
ROUND 2123 A#22 and B#42 = 579.217
ROUND 2124 A#23 and B#42 = 539.337
ROUND 2125 A#24 and B#42 = 541.452
ROUND 2126 A#25 and B#42 = 585.447
ROUND 2127 A#26 and B#42 = 567.183
ROUND 2128 A#27 and B#42 = 582.561
ROUND 2129 A#28 and B#42 = 612.477
ROUND 2130 A#29 and B#42 = 573.37
ROUND 2131 A#30 and B#42 = 578.127
ROUND 2132 A#31 and B#42 = 654.678
ROUND 2133 A#32 and B#42 = 561.897
ROUND 2134 A#33 and B#42 = 517.62
ROUND 2135 A#34 and B#42 = 531.883
ROUND 2136 A#35 and B#42 = 626.718
ROUND 2137 A#36 and B#42 = 556.062
ROUND 2138 A#37 and B#42 = 588.017
ROUND 2139 A#38 and B#42 = 545.683
ROUND 2140 A#39 and B#42 = 624.28
ROUND 2141 A#40 and B#42 = 517.603
ROUND 2142 A#41 and B#42 = 535.808
ROUND 2143 A#42 and B#42 = 514.002
ROUND 2144 A#43 and B#42 = 513.864
ROUND 2145 A#44 and B#42 = 619.336
ROUND 2146 A#45 and B#42 = 547.999
ROUND 2147 A#46 and B#42 = 550.836
ROUND 2148 A#47 and B#42 = 510.856
ROUND 2149 A#48 and B#42 = 478.794
ROUND 2150 A#49 and B#42 = 538.021
ROUND 2151 A#0 and B#43 = 525.326
ROUND 2152 A#1 and B#43 = 611.342
ROUND 2153 A#2 and B#43 = 650.851
ROUND 2154 A#3 and B#43 = 513.941
ROUND 2155 A#4 and B#43 = 606.093
ROUND 2156 A#5 and B#43 = 542.86
ROUND 2157 A#6 and B#43 = 574.663
ROUND 2158 A#7 and B#43 = 625.895
ROUND 2159 A#8 and B#43 = 564.807
ROUND 2160 A#9 and B#43 = 489.958
ROUND 2161 A#10 and B#43 = 564.263
ROUND 2162 A#11 and B#43 = 631.285
ROUND 2163 A#12 and B#43 = 522.244
ROUND 2164 A#13 and B#43 = 625.202
ROUND 2165 A#14 and B#43 = 562.387
ROUND 2166 A#15 and B#43 = 538.267
ROUND 2167 A#16 and B#43 = 570.112
ROUND 2168 A#17 and B#43 = 625.31
ROUND 2169 A#18 and B#43 = 538.05
ROUND 2170 A#19 and B#43 = 537.696
ROUND 2171 A#20 and B#43 = 619.967
ROUND 2172 A#21 and B#43 = 593.413
ROUND 2173 A#22 and B#43 = 612.866
ROUND 2174 A#23 and B#43 = 578.691
ROUND 2175 A#24 and B#43 = 577.532
ROUND 2176 A#25 and B#43 = 621.796
ROUND 2177 A#26 and B#43 = 568.224
ROUND 2178 A#27 and B#43 = 618.524
ROUND 2179 A#28 and B#43 = 620.826
ROUND 2180 A#29 and B#43 = 488.193
ROUND 2181 A#30 and B#43 = 593.308
ROUND 2182 A#31 and B#43 = 632.753
ROUND 2183 A#32 and B#43 = 527.307
ROUND 2184 A#33 and B#43 = 555.449
ROUND 2185 A#34 and B#43 = 560.517
ROUND 2186 A#35 and B#43 = 629.502
ROUND 2187 A#36 and B#43 = 550.583
ROUND 2188 A#37 and B#43 = 567.889
ROUND 2189 A#38 and B#43 = 550.949
ROUND 2190 A#39 and B#43 = 625.193
ROUND 2191 A#40 and B#43 = 545.223
ROUND 2192 A#41 and B#43 = 538.413
ROUND 2193 A#42 and B#43 = 545.274
ROUND 2194 A#43 and B#43 = 544.25
ROUND 2195 A#44 and B#43 = 650.037
ROUND 2196 A#45 and B#43 = 557.27
ROUND 2197 A#46 and B#43 = 552.667
ROUND 2198 A#47 and B#43 = 488.096
ROUND 2199 A#48 and B#43 = 437.816
ROUND 2200 A#49 and B#43 = 581.486
ROUND 2201 A#0 and B#44 = 516.764
ROUND 2202 A#1 and B#44 = 542.686
ROUND 2203 A#2 and B#44 = 513.436
ROUND 2204 A#3 and B#44 = 579.328
ROUND 2205 A#4 and B#44 = 584.865
ROUND 2206 A#5 and B#44 = 479.344
ROUND 2207 A#6 and B#44 = 573.337
ROUND 2208 A#7 and B#44 = 559.557
ROUND 2209 A#8 and B#44 = 567.304
ROUND 2210 A#9 and B#44 = 499.981
ROUND 2211 A#10 and B#44 = 566.088
ROUND 2212 A#11 and B#44 = 546.549
ROUND 2213 A#12 and B#44 = 581.611
ROUND 2214 A#13 and B#44 = 559.958
ROUND 2215 A#14 and B#44 = 520.054
ROUND 2216 A#15 and B#44 = 564.062
ROUND 2217 A#16 and B#44 = 546.349
ROUND 2218 A#17 and B#44 = 558.987
ROUND 2219 A#18 and B#44 = 566.478
ROUND 2220 A#19 and B#44 = 549.902
ROUND 2221 A#20 and B#44 = 557.601
ROUND 2222 A#21 and B#44 = 573.848
ROUND 2223 A#22 and B#44 = 538.684
ROUND 2224 A#23 and B#44 = 501.356
ROUND 2225 A#24 and B#44 = 562.294
ROUND 2226 A#25 and B#44 = 558.995
ROUND 2227 A#26 and B#44 = 554.05
ROUND 2228 A#27 and B#44 = 541.087
ROUND 2229 A#28 and B#44 = 570.752
ROUND 2230 A#29 and B#44 = 583.104
ROUND 2231 A#30 and B#44 = 592.6
ROUND 2232 A#31 and B#44 = 623.328
ROUND 2233 A#32 and B#44 = 520.492
ROUND 2234 A#33 and B#44 = 536.623
ROUND 2235 A#34 and B#44 = 528.296
ROUND 2236 A#35 and B#44 = 584.783
ROUND 2237 A#36 and B#44 = 546.823
ROUND 2238 A#37 and B#44 = 511.84
ROUND 2239 A#38 and B#44 = 594.299
ROUND 2240 A#39 and B#44 = 575.256
ROUND 2241 A#40 and B#44 = 553.804
ROUND 2242 A#41 and B#44 = 525.786
ROUND 2243 A#42 and B#44 = 565.204
ROUND 2244 A#43 and B#44 = 562.397
ROUND 2245 A#44 and B#44 = 643.486
ROUND 2246 A#45 and B#44 = 520.507
ROUND 2247 A#46 and B#44 = 528.764
ROUND 2248 A#47 and B#44 = 539.628
ROUND 2249 A#48 and B#44 = 599.705
ROUND 2250 A#49 and B#44 = 547.125
ROUND 2251 A#0 and B#45 = 484.335
ROUND 2252 A#1 and B#45 = 542.536
ROUND 2253 A#2 and B#45 = 510.129
ROUND 2254 A#3 and B#45 = 579.8
ROUND 2255 A#4 and B#45 = 572.83
ROUND 2256 A#5 and B#45 = 599.347
ROUND 2257 A#6 and B#45 = 521.425
ROUND 2258 A#7 and B#45 = 530.059
ROUND 2259 A#8 and B#45 = 568.89
ROUND 2260 A#9 and B#45 = 501.872
ROUND 2261 A#10 and B#45 = 567.334
ROUND 2262 A#11 and B#45 = 515.735
ROUND 2263 A#12 and B#45 = 504.034
ROUND 2264 A#13 and B#45 = 530.372
ROUND 2265 A#14 and B#45 = 566.143
ROUND 2266 A#15 and B#45 = 526.27
ROUND 2267 A#16 and B#45 = 585.804
ROUND 2268 A#17 and B#45 = 529.734
ROUND 2269 A#18 and B#45 = 570.29
ROUND 2270 A#19 and B#45 = 543.271
ROUND 2271 A#20 and B#45 = 545.146
ROUND 2272 A#21 and B#45 = 576.244
ROUND 2273 A#22 and B#45 = 523.583
ROUND 2274 A#23 and B#45 = 481.549
ROUND 2275 A#24 and B#45 = 493.816
ROUND 2276 A#25 and B#45 = 529.713
ROUND 2277 A#26 and B#45 = 567.449
ROUND 2278 A#27 and B#45 = 524.603
ROUND 2279 A#28 and B#45 = 540.463
ROUND 2280 A#29 and B#45 = 555.102
ROUND 2281 A#30 and B#45 = 577.669
ROUND 2282 A#31 and B#45 = 638.637
ROUND 2283 A#32 and B#45 = 496.518
ROUND 2284 A#33 and B#45 = 548.983
ROUND 2285 A#34 and B#45 = 564.815
ROUND 2286 A#35 and B#45 = 552.023
ROUND 2287 A#36 and B#45 = 596.517
ROUND 2288 A#37 and B#45 = 551.49
ROUND 2289 A#38 and B#45 = 589.537
ROUND 2290 A#39 and B#45 = 547.83
ROUND 2291 A#40 and B#45 = 546.819
ROUND 2292 A#41 and B#45 = 606.179
ROUND 2293 A#42 and B#45 = 566.032
ROUND 2294 A#43 and B#45 = 564.105
ROUND 2295 A#44 and B#45 = 656.248
ROUND 2296 A#45 and B#45 = 545.89
ROUND 2297 A#46 and B#45 = 545.912
ROUND 2298 A#47 and B#45 = 536.546
ROUND 2299 A#48 and B#45 = 483.211
ROUND 2300 A#49 and B#45 = 548.843
ROUND 2301 A#0 and B#46 = 566.35
ROUND 2302 A#1 and B#46 = 544.518
ROUND 2303 A#2 and B#46 = 604.132
ROUND 2304 A#3 and B#46 = 585.168
ROUND 2305 A#4 and B#46 = 534.798
ROUND 2306 A#5 and B#46 = 576.815
ROUND 2307 A#6 and B#46 = 580.748
ROUND 2308 A#7 and B#46 = 522.117
ROUND 2309 A#8 and B#46 = 502.466
ROUND 2310 A#9 and B#46 = 457.349
ROUND 2311 A#10 and B#46 = 501.875
ROUND 2312 A#11 and B#46 = 517.791
ROUND 2313 A#12 and B#46 = 490.039
ROUND 2314 A#13 and B#46 = 519.953
ROUND 2315 A#14 and B#46 = 497.87
ROUND 2316 A#15 and B#46 = 517.615
ROUND 2317 A#16 and B#46 = 591.17
ROUND 2318 A#17 and B#46 = 520.55
ROUND 2319 A#18 and B#46 = 544.806
ROUND 2320 A#19 and B#46 = 538.245
ROUND 2321 A#20 and B#46 = 529.436
ROUND 2322 A#21 and B#46 = 524.453
ROUND 2323 A#22 and B#46 = 506.383
ROUND 2324 A#23 and B#46 = 536.238
ROUND 2325 A#24 and B#46 = 556.554
ROUND 2326 A#25 and B#46 = 520.068
ROUND 2327 A#26 and B#46 = 545.819
ROUND 2328 A#27 and B#46 = 510.953
ROUND 2329 A#28 and B#46 = 538.657
ROUND 2330 A#29 and B#46 = 522.353
ROUND 2331 A#30 and B#46 = 542.652
ROUND 2332 A#31 and B#46 = 556.738
ROUND 2333 A#32 and B#46 = 549.282
ROUND 2334 A#33 and B#46 = 485.472
ROUND 2335 A#34 and B#46 = 470.478
ROUND 2336 A#35 and B#46 = 519.784
ROUND 2337 A#36 and B#46 = 563.975
ROUND 2338 A#37 and B#46 = 593.012
ROUND 2339 A#38 and B#46 = 541.364
ROUND 2340 A#39 and B#46 = 519.973
ROUND 2341 A#40 and B#46 = 516.91
ROUND 2342 A#41 and B#46 = 581.641
ROUND 2343 A#42 and B#46 = 558.593
ROUND 2344 A#43 and B#46 = 556.903
ROUND 2345 A#44 and B#46 = 551.521
ROUND 2346 A#45 and B#46 = 493.241
ROUND 2347 A#46 and B#46 = 538.126
ROUND 2348 A#47 and B#46 = 537.997
ROUND 2349 A#48 and B#46 = 482.183
ROUND 2350 A#49 and B#46 = 609.864
ROUND 2351 A#0 and B#47 = 502.725
ROUND 2352 A#1 and B#47 = 482.723
ROUND 2353 A#2 and B#47 = 497.057
ROUND 2354 A#3 and B#47 = 572.489
ROUND 2355 A#4 and B#47 = 566.598
ROUND 2356 A#5 and B#47 = 512.199
ROUND 2357 A#6 and B#47 = 540.868
ROUND 2358 A#7 and B#47 = 509.535
ROUND 2359 A#8 and B#47 = 565.281
ROUND 2360 A#9 and B#47 = 527.532
ROUND 2361 A#10 and B#47 = 564.116
ROUND 2362 A#11 and B#47 = 508.615
ROUND 2363 A#12 and B#47 = 583.717
ROUND 2364 A#13 and B#47 = 508.666
ROUND 2365 A#14 and B#47 = 526.299
ROUND 2366 A#15 and B#47 = 493.826
ROUND 2367 A#16 and B#47 = 525.949
ROUND 2368 A#17 and B#47 = 509.039
ROUND 2369 A#18 and B#47 = 566.339
ROUND 2370 A#19 and B#47 = 492.266
ROUND 2371 A#20 and B#47 = 531.419
ROUND 2372 A#21 and B#47 = 533.989
ROUND 2373 A#22 and B#47 = 492.241
ROUND 2374 A#23 and B#47 = 449.469
ROUND 2375 A#24 and B#47 = 536.168
ROUND 2376 A#25 and B#47 = 507.724
ROUND 2377 A#26 and B#47 = 550.116
ROUND 2378 A#27 and B#47 = 497.203
ROUND 2379 A#28 and B#47 = 498.421
ROUND 2380 A#29 and B#47 = 535.527
ROUND 2381 A#30 and B#47 = 564.74
ROUND 2382 A#31 and B#47 = 570.528
ROUND 2383 A#32 and B#47 = 529.221
ROUND 2384 A#33 and B#47 = 457.03
ROUND 2385 A#34 and B#47 = 462.465
ROUND 2386 A#35 and B#47 = 541.455
ROUND 2387 A#36 and B#47 = 533.857
ROUND 2388 A#37 and B#47 = 554.341
ROUND 2389 A#38 and B#47 = 468.596
ROUND 2390 A#39 and B#47 = 548.462
ROUND 2391 A#40 and B#47 = 538.539
ROUND 2392 A#41 and B#47 = 500.811
ROUND 2393 A#42 and B#47 = 556.708
ROUND 2394 A#43 and B#47 = 554.864
ROUND 2395 A#44 and B#47 = 592.21
ROUND 2396 A#45 and B#47 = 518.492
ROUND 2397 A#46 and B#47 = 526.909
ROUND 2398 A#47 and B#47 = 530.87
ROUND 2399 A#48 and B#47 = 601.651
ROUND 2400 A#49 and B#47 = 585.555
ROUND 2401 A#0 and B#48 = 511.606
ROUND 2402 A#1 and B#48 = 541.037
ROUND 2403 A#2 and B#48 = 510.229
ROUND 2404 A#3 and B#48 = 573.657
ROUND 2405 A#4 and B#48 = 579.695
ROUND 2406 A#5 and B#48 = 480.945
ROUND 2407 A#6 and B#48 = 572.655
ROUND 2408 A#7 and B#48 = 558.286
ROUND 2409 A#8 and B#48 = 567.717
ROUND 2410 A#9 and B#48 = 499.825
ROUND 2411 A#10 and B#48 = 566.554
ROUND 2412 A#11 and B#48 = 542.946
ROUND 2413 A#12 and B#48 = 581.547
ROUND 2414 A#13 and B#48 = 558.972
ROUND 2415 A#14 and B#48 = 520.699
ROUND 2416 A#15 and B#48 = 562.605
ROUND 2417 A#16 and B#48 = 544.893
ROUND 2418 A#17 and B#48 = 557.699
ROUND 2419 A#18 and B#48 = 567.041
ROUND 2420 A#19 and B#48 = 546.402
ROUND 2421 A#20 and B#48 = 555.302
ROUND 2422 A#21 and B#48 = 548.304
ROUND 2423 A#22 and B#48 = 541.171
ROUND 2424 A#23 and B#48 = 500.541
ROUND 2425 A#24 and B#48 = 562.503
ROUND 2426 A#25 and B#48 = 557.684
ROUND 2427 A#26 and B#48 = 552.009
ROUND 2428 A#27 and B#48 = 543.376
ROUND 2429 A#28 and B#48 = 498.41
ROUND 2430 A#29 and B#48 = 581.904
ROUND 2431 A#30 and B#48 = 592.282
ROUND 2432 A#31 and B#48 = 621.564
ROUND 2433 A#32 and B#48 = 526.699
ROUND 2434 A#33 and B#48 = 533.983
ROUND 2435 A#34 and B#48 = 529.653
ROUND 2436 A#35 and B#48 = 582.14
ROUND 2437 A#36 and B#48 = 545.666
ROUND 2438 A#37 and B#48 = 511.58
ROUND 2439 A#38 and B#48 = 591.093
ROUND 2440 A#39 and B#48 = 574.535
ROUND 2441 A#40 and B#48 = 552.53
ROUND 2442 A#41 and B#48 = 527.747
ROUND 2443 A#42 and B#48 = 563.166
ROUND 2444 A#43 and B#48 = 560.05
ROUND 2445 A#44 and B#48 = 639.619
ROUND 2446 A#45 and B#48 = 517.711
ROUND 2447 A#46 and B#48 = 527.22
ROUND 2448 A#47 and B#48 = 536.613
ROUND 2449 A#48 and B#48 = 601.161
ROUND 2450 A#49 and B#48 = 547.085
ROUND 2451 A#0 and B#49 = 452.154
ROUND 2452 A#1 and B#49 = 616.67
ROUND 2453 A#2 and B#49 = 508.42
ROUND 2454 A#3 and B#49 = 539.529
ROUND 2455 A#4 and B#49 = 682.22
ROUND 2456 A#5 and B#49 = 526.233
ROUND 2457 A#6 and B#49 = 528.765
ROUND 2458 A#7 and B#49 = 516.354
ROUND 2459 A#8 and B#49 = 561.288
ROUND 2460 A#9 and B#49 = 563.485
ROUND 2461 A#10 and B#49 = 561.769
ROUND 2462 A#11 and B#49 = 540.688
ROUND 2463 A#12 and B#49 = 436.196
ROUND 2464 A#13 and B#49 = 517.88
ROUND 2465 A#14 and B#49 = 648.087
ROUND 2466 A#15 and B#49 = 466.968
ROUND 2467 A#16 and B#49 = 558.402
ROUND 2468 A#17 and B#49 = 518.131
ROUND 2469 A#18 and B#49 = 472.302
ROUND 2470 A#19 and B#49 = 553.668
ROUND 2471 A#20 and B#49 = 531.806
ROUND 2472 A#21 and B#49 = 537.873
ROUND 2473 A#22 and B#49 = 525.326
ROUND 2474 A#23 and B#49 = 470.994
ROUND 2475 A#24 and B#49 = 509.479
ROUND 2476 A#25 and B#49 = 518.623
ROUND 2477 A#26 and B#49 = 445.012
ROUND 2478 A#27 and B#49 = 524.718
ROUND 2479 A#28 and B#49 = 508.3
ROUND 2480 A#29 and B#49 = 537.716
ROUND 2481 A#30 and B#49 = 474.44
ROUND 2482 A#31 and B#49 = 566.734
ROUND 2483 A#32 and B#49 = 551.626
ROUND 2484 A#33 and B#49 = 589.806
ROUND 2485 A#34 and B#49 = 574.662
ROUND 2486 A#35 and B#49 = 519.118
ROUND 2487 A#36 and B#49 = 563.261
ROUND 2488 A#37 and B#49 = 581.993
ROUND 2489 A#38 and B#49 = 553.281
ROUND 2490 A#39 and B#49 = 547.63
ROUND 2491 A#40 and B#49 = 604.271
ROUND 2492 A#41 and B#49 = 428.736
ROUND 2493 A#42 and B#49 = 609.729
ROUND 2494 A#43 and B#49 = 612.826
ROUND 2495 A#44 and B#49 = 586.452
ROUND 2496 A#45 and B#49 = 611.957
ROUND 2497 A#46 and B#49 = 457.445
ROUND 2498 A#47 and B#49 = 643.75
ROUND 2499 A#48 and B#49 = 606.868
ROUND 2500 A#49 and B#49 = 591.358

The best overlap is between conformer A#31 and B#15, which, after PCA followed by Steepest Descent, produces a volume overlap of 695.17
Tanimoto (Hodgkin) similarity index: 0.46356

Saving those best conformers to file...
WRITING MOLECULE TO FILE '../ALL_PAIRS_BQ123_AS_REFERENCE/ROKS2/BQ123-234551.mol2' (WILL OVERWRITE EXISTING FILE IF ANY)...
WRITING MOLECULE TO FILE '../ALL_PAIRS_BQ123_AS_REFERENCE/ROKS2/BQ123-234551.mol2'...
